2023-12-27 22:46:31,286 T0052: WARN  #### gw1  
2023-12-27 22:46:31,286 T0052: WARN  support post-session-prolog session pass ''
2023-12-27 22:46:31,289 T0053: WARN  #### gw1  
2023-12-27 22:46:31,289 T0053: WARN  support post-session-prolog session pass ''
2023-12-27 22:46:31,291 T0054: WARN  #### gw1  
2023-12-27 22:46:31,292 T0054: WARN  support post-session-prolog session pass ''
2023-12-27 22:46:31,300 T0055: WARN  #### gw1  
2023-12-27 22:46:31,300 T0055: WARN  support post-session-prolog session pass ''
2023-12-27 22:47:26,945 T0156: INFO  #### gw1  
2023-12-27 22:47:26,946 T0156: INFO  support pre-module-prolog routing/BGP/test_bgp_4node.py  ''
2023-12-27 22:47:26,947 T0157: INFO  #### gw1  
2023-12-27 22:47:26,948 T0157: INFO  support pre-module-prolog routing/BGP/test_bgp_4node.py  ''
2023-12-27 22:47:26,951 T0158: INFO  #### gw1  
2023-12-27 22:47:26,951 T0158: INFO  support pre-module-prolog routing/BGP/test_bgp_4node.py  ''
2023-12-27 22:47:26,954 T0159: INFO  #### gw1  
2023-12-27 22:47:26,955 T0159: INFO  support pre-module-prolog routing/BGP/test_bgp_4node.py  ''
2023-12-27 22:49:03,093 T0204: INFO  #### gw1  routing/BGP/test_bgp_4node.py
2023-12-27 22:49:03,094 T0204: INFO  support post-class-prolog routing/BGP/test_bgp_4node.py Pass ''
2023-12-27 22:49:03,096 T0205: INFO  #### gw1  routing/BGP/test_bgp_4node.py
2023-12-27 22:49:03,096 T0205: INFO  support post-class-prolog routing/BGP/test_bgp_4node.py Pass ''
2023-12-27 22:49:03,098 T0206: INFO  #### gw1  routing/BGP/test_bgp_4node.py
2023-12-27 22:49:03,098 T0206: INFO  support post-class-prolog routing/BGP/test_bgp_4node.py Pass ''
2023-12-27 22:49:03,100 T0207: INFO  #### gw1  routing/BGP/test_bgp_4node.py
2023-12-27 22:49:03,100 T0207: INFO  support post-class-prolog routing/BGP/test_bgp_4node.py Pass ''
2023-12-27 22:49:03,115 T0208: INFO  #### gw1  routing/BGP/test_bgp_4node.py
2023-12-27 22:49:03,115 T0208: INFO  support post-module-prolog routing/BGP/test_bgp_4node.py Pass ''
2023-12-27 22:49:03,117 T0209: INFO  #### gw1  routing/BGP/test_bgp_4node.py
2023-12-27 22:49:03,117 T0209: INFO  support post-module-prolog routing/BGP/test_bgp_4node.py Pass ''
2023-12-27 22:49:03,120 T0210: INFO  #### gw1  routing/BGP/test_bgp_4node.py
2023-12-27 22:49:03,120 T0210: INFO  support post-module-prolog routing/BGP/test_bgp_4node.py Pass ''
2023-12-27 22:49:03,123 T0211: INFO  #### gw1  routing/BGP/test_bgp_4node.py
2023-12-27 22:49:03,124 T0211: INFO  support post-module-prolog routing/BGP/test_bgp_4node.py Pass ''
2023-12-27 22:49:39,185 T0257: INFO  #### gw1  routing/BGP/test_bgp_4node.py
2023-12-27 22:49:39,186 T0257: INFO  support pre-function-prolog TestBGPConfed.test_ipv6_confed_route_distribution  ''
2023-12-27 22:49:39,189 T0258: INFO  #### gw1  routing/BGP/test_bgp_4node.py
2023-12-27 22:49:39,190 T0258: INFO  support pre-function-prolog TestBGPConfed.test_ipv6_confed_route_distribution  ''
2023-12-27 22:49:39,195 T0259: INFO  #### gw1  routing/BGP/test_bgp_4node.py
2023-12-27 22:49:39,195 T0259: INFO  support pre-function-prolog TestBGPConfed.test_ipv6_confed_route_distribution  ''
2023-12-27 22:49:39,198 T0260: INFO  #### gw1  routing/BGP/test_bgp_4node.py
2023-12-27 22:49:39,198 T0260: INFO  support pre-function-prolog TestBGPConfed.test_ipv6_confed_route_distribution  ''
2023-12-27 22:49:54,432 T0261: WARN  #### gw1  routing/BGP/test_bgp_4node.py::TestBGPConfed::test_ipv6_confed_route_distribution
2023-12-27 22:49:54,432 T0261: WARN  support pre-function-epilog TestBGPConfed.test_ipv6_confed_route_distribution Fail 'Fail: Route advertised by DUT1 not found on DUT3'
2023-12-27 22:49:54,434 T0262: WARN  #### gw1  routing/BGP/test_bgp_4node.py::TestBGPConfed::test_ipv6_confed_route_distribution
2023-12-27 22:49:54,434 T0262: WARN  support pre-function-epilog TestBGPConfed.test_ipv6_confed_route_distribution Fail 'Fail: Route advertised by DUT1 not found on DUT3'
2023-12-27 22:49:54,435 T0263: WARN  #### gw1  routing/BGP/test_bgp_4node.py::TestBGPConfed::test_ipv6_confed_route_distribution
2023-12-27 22:49:54,436 T0263: WARN  support pre-function-epilog TestBGPConfed.test_ipv6_confed_route_distribution Fail 'Fail: Route advertised by DUT1 not found on DUT3'
2023-12-27 22:49:54,437 T0264: WARN  #### gw1  routing/BGP/test_bgp_4node.py::TestBGPConfed::test_ipv6_confed_route_distribution
2023-12-27 22:49:54,438 T0264: WARN  support pre-function-epilog TestBGPConfed.test_ipv6_confed_route_distribution Fail 'Fail: Route advertised by DUT1 not found on DUT3'
2023-12-27 22:49:54,874 T0265: WARN  #### gw1  routing/BGP/test_bgp_4node.py::TestBGPConfed::test_ipv6_confed_route_distribution
2023-12-27 22:49:54,875 T0265: WARN  support post-function-epilog TestBGPConfed.test_ipv6_confed_route_distribution ignore 'Fail: Route advertised by DUT1 not found on DUT3'
2023-12-27 22:49:54,876 T0266: WARN  #### gw1  routing/BGP/test_bgp_4node.py::TestBGPConfed::test_ipv6_confed_route_distribution
2023-12-27 22:49:54,876 T0266: WARN  support post-function-epilog TestBGPConfed.test_ipv6_confed_route_distribution ignore 'Fail: Route advertised by DUT1 not found on DUT3'
2023-12-27 22:49:54,878 T0267: WARN  #### gw1  routing/BGP/test_bgp_4node.py::TestBGPConfed::test_ipv6_confed_route_distribution
2023-12-27 22:49:54,878 T0267: WARN  support post-function-epilog TestBGPConfed.test_ipv6_confed_route_distribution ignore 'Fail: Route advertised by DUT1 not found on DUT3'
2023-12-27 22:49:54,880 T0268: WARN  #### gw1  routing/BGP/test_bgp_4node.py::TestBGPConfed::test_ipv6_confed_route_distribution
2023-12-27 22:49:54,880 T0268: WARN  support post-function-epilog TestBGPConfed.test_ipv6_confed_route_distribution ignore 'Fail: Route advertised by DUT1 not found on DUT3'
2023-12-27 22:50:02,461 T0278: INFO  #### gw1  routing/BGP/test_bgp_4node.py
2023-12-27 22:50:02,461 T0278: INFO  support pre-function-prolog TestBGPConfed.test_ipv6_confed_with_rr  ''
2023-12-27 22:50:02,465 T0279: INFO  #### gw1  routing/BGP/test_bgp_4node.py
2023-12-27 22:50:02,466 T0279: INFO  support pre-function-prolog TestBGPConfed.test_ipv6_confed_with_rr  ''
2023-12-27 22:50:02,469 T0280: INFO  #### gw1  routing/BGP/test_bgp_4node.py
2023-12-27 22:50:02,470 T0280: INFO  support pre-function-prolog TestBGPConfed.test_ipv6_confed_with_rr  ''
2023-12-27 22:50:02,471 T0281: INFO  #### gw1  routing/BGP/test_bgp_4node.py
2023-12-27 22:50:02,471 T0281: INFO  support pre-function-prolog TestBGPConfed.test_ipv6_confed_with_rr  ''
2023-12-27 22:50:42,015 T0282: WARN  #### gw1  routing/BGP/test_bgp_4node.py::TestBGPConfed::test_ipv6_confed_with_rr
2023-12-27 22:50:42,015 T0282: WARN  support pre-function-epilog TestBGPConfed.test_ipv6_confed_with_rr Fail 'Fail: DUT4 did not learn the routes advertised by peer DUT2'
2023-12-27 22:50:42,017 T0283: WARN  #### gw1  routing/BGP/test_bgp_4node.py::TestBGPConfed::test_ipv6_confed_with_rr
2023-12-27 22:50:42,018 T0283: WARN  support pre-function-epilog TestBGPConfed.test_ipv6_confed_with_rr Fail 'Fail: DUT4 did not learn the routes advertised by peer DUT2'
2023-12-27 22:50:42,019 T0284: WARN  #### gw1  routing/BGP/test_bgp_4node.py::TestBGPConfed::test_ipv6_confed_with_rr
2023-12-27 22:50:42,020 T0284: WARN  support pre-function-epilog TestBGPConfed.test_ipv6_confed_with_rr Fail 'Fail: DUT4 did not learn the routes advertised by peer DUT2'
2023-12-27 22:50:42,022 T0285: WARN  #### gw1  routing/BGP/test_bgp_4node.py::TestBGPConfed::test_ipv6_confed_with_rr
2023-12-27 22:50:42,023 T0285: WARN  support pre-function-epilog TestBGPConfed.test_ipv6_confed_with_rr Fail 'Fail: DUT4 did not learn the routes advertised by peer DUT2'
2023-12-27 22:50:42,476 T0286: WARN  #### gw1  routing/BGP/test_bgp_4node.py::TestBGPConfed::test_ipv6_confed_with_rr
2023-12-27 22:50:42,477 T0286: WARN  support post-function-epilog TestBGPConfed.test_ipv6_confed_with_rr ignore 'Fail: DUT4 did not learn the routes advertised by peer DUT2'
2023-12-27 22:50:42,478 T0287: WARN  #### gw1  routing/BGP/test_bgp_4node.py::TestBGPConfed::test_ipv6_confed_with_rr
2023-12-27 22:50:42,478 T0287: WARN  support post-function-epilog TestBGPConfed.test_ipv6_confed_with_rr ignore 'Fail: DUT4 did not learn the routes advertised by peer DUT2'
2023-12-27 22:50:42,480 T0288: WARN  #### gw1  routing/BGP/test_bgp_4node.py::TestBGPConfed::test_ipv6_confed_with_rr
2023-12-27 22:50:42,480 T0288: WARN  support post-function-epilog TestBGPConfed.test_ipv6_confed_with_rr ignore 'Fail: DUT4 did not learn the routes advertised by peer DUT2'
2023-12-27 22:50:42,482 T0289: WARN  #### gw1  routing/BGP/test_bgp_4node.py::TestBGPConfed::test_ipv6_confed_with_rr
2023-12-27 22:50:42,483 T0289: WARN  support post-function-epilog TestBGPConfed.test_ipv6_confed_with_rr ignore 'Fail: DUT4 did not learn the routes advertised by peer DUT2'
2023-12-27 22:50:50,161 T0299: INFO  #### gw1  routing/BGP/test_bgp_4node.py
2023-12-27 22:50:50,162 T0299: INFO  support pre-function-prolog TestBGPConfed.test_confed_route_distribution_with_rmap  ''
2023-12-27 22:50:50,165 T0300: INFO  #### gw1  routing/BGP/test_bgp_4node.py
2023-12-27 22:50:50,165 T0300: INFO  support pre-function-prolog TestBGPConfed.test_confed_route_distribution_with_rmap  ''
2023-12-27 22:50:50,168 T0301: INFO  #### gw1  routing/BGP/test_bgp_4node.py
2023-12-27 22:50:50,168 T0301: INFO  support pre-function-prolog TestBGPConfed.test_confed_route_distribution_with_rmap  ''
2023-12-27 22:50:50,170 T0302: INFO  #### gw1  routing/BGP/test_bgp_4node.py
2023-12-27 22:50:50,171 T0302: INFO  support pre-function-prolog TestBGPConfed.test_confed_route_distribution_with_rmap  ''
2023-12-27 22:51:20,955 T0303: INFO  #### gw1  routing/BGP/test_bgp_4node.py::TestBGPConfed::test_confed_route_distribution_with_rmap
2023-12-27 22:51:20,955 T0303: INFO  support pre-function-epilog TestBGPConfed.test_confed_route_distribution_with_rmap Pass 'Test case passed'
2023-12-27 22:51:20,957 T0304: INFO  #### gw1  routing/BGP/test_bgp_4node.py::TestBGPConfed::test_confed_route_distribution_with_rmap
2023-12-27 22:51:20,957 T0304: INFO  support pre-function-epilog TestBGPConfed.test_confed_route_distribution_with_rmap Pass 'Test case passed'
2023-12-27 22:51:20,959 T0305: INFO  #### gw1  routing/BGP/test_bgp_4node.py::TestBGPConfed::test_confed_route_distribution_with_rmap
2023-12-27 22:51:20,959 T0305: INFO  support pre-function-epilog TestBGPConfed.test_confed_route_distribution_with_rmap Pass 'Test case passed'
2023-12-27 22:51:20,961 T0306: INFO  #### gw1  routing/BGP/test_bgp_4node.py::TestBGPConfed::test_confed_route_distribution_with_rmap
2023-12-27 22:51:20,961 T0306: INFO  support pre-function-epilog TestBGPConfed.test_confed_route_distribution_with_rmap Pass 'Test case passed'
2023-12-27 22:51:20,973 T0307: INFO  #### gw1  routing/BGP/test_bgp_4node.py::TestBGPConfed::test_confed_route_distribution_with_rmap
2023-12-27 22:51:20,973 T0307: INFO  support post-function-epilog TestBGPConfed.test_confed_route_distribution_with_rmap Pass 'Test case passed'
2023-12-27 22:51:20,975 T0308: INFO  #### gw1  routing/BGP/test_bgp_4node.py::TestBGPConfed::test_confed_route_distribution_with_rmap
2023-12-27 22:51:20,975 T0308: INFO  support post-function-epilog TestBGPConfed.test_confed_route_distribution_with_rmap Pass 'Test case passed'
2023-12-27 22:51:20,977 T0309: INFO  #### gw1  routing/BGP/test_bgp_4node.py::TestBGPConfed::test_confed_route_distribution_with_rmap
2023-12-27 22:51:20,978 T0309: INFO  support post-function-epilog TestBGPConfed.test_confed_route_distribution_with_rmap Pass 'Test case passed'
2023-12-27 22:51:20,979 T0310: INFO  #### gw1  routing/BGP/test_bgp_4node.py::TestBGPConfed::test_confed_route_distribution_with_rmap
2023-12-27 22:51:20,980 T0310: INFO  support post-function-epilog TestBGPConfed.test_confed_route_distribution_with_rmap Pass 'Test case passed'
2023-12-27 22:51:26,850 T0311: WARN  #### gw1  routing/BGP/test_bgp_4node.py::TestBGPConfed::test_confed_route_distribution_with_rmap
2023-12-27 22:51:26,851 T0311: WARN  support post-class-epilog routing/BGP/test_bgp_4node.py pass ''
2023-12-27 22:51:26,852 T0312: WARN  #### gw1  routing/BGP/test_bgp_4node.py::TestBGPConfed::test_confed_route_distribution_with_rmap
2023-12-27 22:51:26,853 T0312: WARN  support post-class-epilog routing/BGP/test_bgp_4node.py pass ''
2023-12-27 22:51:26,855 T0313: WARN  #### gw1  routing/BGP/test_bgp_4node.py::TestBGPConfed::test_confed_route_distribution_with_rmap
2023-12-27 22:51:26,855 T0313: WARN  support post-class-epilog routing/BGP/test_bgp_4node.py pass ''
2023-12-27 22:51:26,857 T0314: WARN  #### gw1  routing/BGP/test_bgp_4node.py::TestBGPConfed::test_confed_route_distribution_with_rmap
2023-12-27 22:51:26,857 T0314: WARN  support post-class-epilog routing/BGP/test_bgp_4node.py pass ''
2023-12-27 22:51:26,869 T0315: WARN  #### gw1  routing/BGP/test_bgp_4node.py::TestBGPConfed::test_confed_route_distribution_with_rmap
2023-12-27 22:51:26,869 T0315: WARN  support post-class-epilog routing/BGP/test_bgp_4node.py pass ''
2023-12-27 22:51:26,872 T0316: WARN  #### gw1  routing/BGP/test_bgp_4node.py::TestBGPConfed::test_confed_route_distribution_with_rmap
2023-12-27 22:51:26,872 T0316: WARN  support post-class-epilog routing/BGP/test_bgp_4node.py pass ''
2023-12-27 22:51:26,874 T0317: WARN  #### gw1  routing/BGP/test_bgp_4node.py::TestBGPConfed::test_confed_route_distribution_with_rmap
2023-12-27 22:51:26,875 T0317: WARN  support post-class-epilog routing/BGP/test_bgp_4node.py pass ''
2023-12-27 22:51:26,876 T0318: WARN  #### gw1  routing/BGP/test_bgp_4node.py::TestBGPConfed::test_confed_route_distribution_with_rmap
2023-12-27 22:51:26,876 T0318: WARN  support post-class-epilog routing/BGP/test_bgp_4node.py pass ''
2023-12-27 22:51:26,886 T0319: WARN  #### gw1  routing/BGP/test_bgp_4node.py::TestBGPConfed::test_confed_route_distribution_with_rmap
2023-12-27 22:51:26,886 T0319: WARN  support post-class-epilog routing/BGP/test_bgp_4node.py pass ''
2023-12-27 22:51:26,888 T0320: WARN  #### gw1  routing/BGP/test_bgp_4node.py::TestBGPConfed::test_confed_route_distribution_with_rmap
2023-12-27 22:51:26,888 T0320: WARN  support post-class-epilog routing/BGP/test_bgp_4node.py pass ''
2023-12-27 22:51:26,891 T0321: WARN  #### gw1  routing/BGP/test_bgp_4node.py::TestBGPConfed::test_confed_route_distribution_with_rmap
2023-12-27 22:51:26,891 T0321: WARN  support post-class-epilog routing/BGP/test_bgp_4node.py pass ''
2023-12-27 22:51:26,893 T0322: WARN  #### gw1  routing/BGP/test_bgp_4node.py::TestBGPConfed::test_confed_route_distribution_with_rmap
2023-12-27 22:51:26,893 T0322: WARN  support post-class-epilog routing/BGP/test_bgp_4node.py pass ''
2023-12-27 22:51:34,072 T0332: INFO  #### gw1  routing/BGP/test_bgp_4node.py
2023-12-27 22:51:34,073 T0332: INFO  support pre-function-prolog test_ft_bgp_ibgp_RR_Loop  ''
2023-12-27 22:51:34,076 T0333: INFO  #### gw1  routing/BGP/test_bgp_4node.py
2023-12-27 22:51:34,077 T0333: INFO  support pre-function-prolog test_ft_bgp_ibgp_RR_Loop  ''
2023-12-27 22:51:34,081 T0334: INFO  #### gw1  routing/BGP/test_bgp_4node.py
2023-12-27 22:51:34,081 T0334: INFO  support pre-function-prolog test_ft_bgp_ibgp_RR_Loop  ''
2023-12-27 22:51:34,083 T0335: INFO  #### gw1  routing/BGP/test_bgp_4node.py
2023-12-27 22:51:34,083 T0335: INFO  support pre-function-prolog test_ft_bgp_ibgp_RR_Loop  ''
2023-12-27 22:51:34,097 T0336: INFO  #### gw1  routing/BGP/test_bgp_4node.py::test_ft_bgp_ibgp_RR_Loop
2023-12-27 22:51:34,097 T0336: INFO  support post-function-prolog test_ft_bgp_ibgp_RR_Loop Pass ''
2023-12-27 22:51:34,099 T0337: INFO  #### gw1  routing/BGP/test_bgp_4node.py::test_ft_bgp_ibgp_RR_Loop
2023-12-27 22:51:34,100 T0337: INFO  support post-function-prolog test_ft_bgp_ibgp_RR_Loop Pass ''
2023-12-27 22:51:34,101 T0338: INFO  #### gw1  routing/BGP/test_bgp_4node.py::test_ft_bgp_ibgp_RR_Loop
2023-12-27 22:51:34,102 T0338: INFO  support post-function-prolog test_ft_bgp_ibgp_RR_Loop Pass ''
2023-12-27 22:51:34,104 T0339: INFO  #### gw1  routing/BGP/test_bgp_4node.py::test_ft_bgp_ibgp_RR_Loop
2023-12-27 22:51:34,104 T0339: INFO  support post-function-prolog test_ft_bgp_ibgp_RR_Loop Pass ''
2023-12-27 22:52:00,582 T0000: ERROR #### gw1 Exception routing/BGP/test_bgp_4node.py::test_ft_bgp_ibgp_RR_Loop
2023-12-27 22:52:00,582 T0000: ERROR Exception IndexError list index out of range in file /tests/routing/BGP/test_bgp_4node.py at line 690
2023-12-27 22:52:00,582 T0000: ERROR [0] /tests/routing/BGP/test_bgp_4node.py:690 test_ft_bgp_ibgp_RR_Loop if not (net1[0]['next_hop'] == '0.0.0.0'):
2023-12-27 22:52:03,896 T0362: WARN  #### gw1  routing/BGP/test_bgp_4node.py::test_ft_bgp_ibgp_RR_Loop
2023-12-27 22:52:03,896 T0362: WARN  support post-function-epilog test_ft_bgp_ibgp_RR_Loop ScriptError 'Exception IndexError list index out of range in file /tests/routing/BGP/test_bgp_4node.py at line 690'
2023-12-27 22:52:03,899 T0363: WARN  #### gw1  routing/BGP/test_bgp_4node.py::test_ft_bgp_ibgp_RR_Loop
2023-12-27 22:52:03,900 T0363: WARN  support post-function-epilog test_ft_bgp_ibgp_RR_Loop ScriptError 'Exception IndexError list index out of range in file /tests/routing/BGP/test_bgp_4node.py at line 690'
2023-12-27 22:52:03,905 T0364: WARN  #### gw1  routing/BGP/test_bgp_4node.py::test_ft_bgp_ibgp_RR_Loop
2023-12-27 22:52:03,905 T0364: WARN  support post-function-epilog test_ft_bgp_ibgp_RR_Loop ScriptError 'Exception IndexError list index out of range in file /tests/routing/BGP/test_bgp_4node.py at line 690'
2023-12-27 22:52:03,908 T0365: WARN  #### gw1  routing/BGP/test_bgp_4node.py::test_ft_bgp_ibgp_RR_Loop
2023-12-27 22:52:03,908 T0365: WARN  support post-function-epilog test_ft_bgp_ibgp_RR_Loop ScriptError 'Exception IndexError list index out of range in file /tests/routing/BGP/test_bgp_4node.py at line 690'
2023-12-27 22:52:11,024 T0375: INFO  #### gw1  routing/BGP/test_bgp_4node.py
2023-12-27 22:52:11,025 T0375: INFO  support pre-function-prolog test_ft_bgp_ebgp_community_map  ''
2023-12-27 22:52:11,028 T0376: INFO  #### gw1  routing/BGP/test_bgp_4node.py
2023-12-27 22:52:11,029 T0376: INFO  support pre-function-prolog test_ft_bgp_ebgp_community_map  ''
2023-12-27 22:52:11,032 T0377: INFO  #### gw1  routing/BGP/test_bgp_4node.py
2023-12-27 22:52:11,032 T0377: INFO  support pre-function-prolog test_ft_bgp_ebgp_community_map  ''
2023-12-27 22:52:11,034 T0378: INFO  #### gw1  routing/BGP/test_bgp_4node.py
2023-12-27 22:52:11,035 T0378: INFO  support pre-function-prolog test_ft_bgp_ebgp_community_map  ''
2023-12-27 22:52:11,049 T0379: INFO  #### gw1  routing/BGP/test_bgp_4node.py::test_ft_bgp_ebgp_community_map
2023-12-27 22:52:11,049 T0379: INFO  support post-function-prolog test_ft_bgp_ebgp_community_map Pass ''
2023-12-27 22:52:11,051 T0380: INFO  #### gw1  routing/BGP/test_bgp_4node.py::test_ft_bgp_ebgp_community_map
2023-12-27 22:52:11,051 T0380: INFO  support post-function-prolog test_ft_bgp_ebgp_community_map Pass ''
2023-12-27 22:52:11,053 T0381: INFO  #### gw1  routing/BGP/test_bgp_4node.py::test_ft_bgp_ebgp_community_map
2023-12-27 22:52:11,054 T0381: INFO  support post-function-prolog test_ft_bgp_ebgp_community_map Pass ''
2023-12-27 22:52:11,055 T0382: INFO  #### gw1  routing/BGP/test_bgp_4node.py::test_ft_bgp_ebgp_community_map
2023-12-27 22:52:11,055 T0382: INFO  support post-function-prolog test_ft_bgp_ebgp_community_map Pass ''
2023-12-27 22:56:13,295 T0395: INFO  #### gw1  routing/BGP/test_bgp_4node.py::test_ft_bgp_ebgp_community_map
2023-12-27 22:56:13,295 T0395: INFO  support pre-function-epilog test_ft_bgp_ebgp_community_map Pass 'Test case passed'
2023-12-27 22:56:13,297 T0396: INFO  #### gw1  routing/BGP/test_bgp_4node.py::test_ft_bgp_ebgp_community_map
2023-12-27 22:56:13,297 T0396: INFO  support pre-function-epilog test_ft_bgp_ebgp_community_map Pass 'Test case passed'
2023-12-27 22:56:13,299 T0397: INFO  #### gw1  routing/BGP/test_bgp_4node.py::test_ft_bgp_ebgp_community_map
2023-12-27 22:56:13,299 T0397: INFO  support pre-function-epilog test_ft_bgp_ebgp_community_map Pass 'Test case passed'
2023-12-27 22:56:13,301 T0398: INFO  #### gw1  routing/BGP/test_bgp_4node.py::test_ft_bgp_ebgp_community_map
2023-12-27 22:56:13,301 T0398: INFO  support pre-function-epilog test_ft_bgp_ebgp_community_map Pass 'Test case passed'
2023-12-27 22:56:21,998 T0405: INFO  #### gw1  routing/BGP/test_bgp_4node.py::test_ft_bgp_ebgp_community_map
2023-12-27 22:56:21,999 T0405: INFO  support post-function-epilog test_ft_bgp_ebgp_community_map Pass 'Test case passed'
2023-12-27 22:56:22,000 T0406: INFO  #### gw1  routing/BGP/test_bgp_4node.py::test_ft_bgp_ebgp_community_map
2023-12-27 22:56:22,000 T0406: INFO  support post-function-epilog test_ft_bgp_ebgp_community_map Pass 'Test case passed'
2023-12-27 22:56:22,002 T0407: INFO  #### gw1  routing/BGP/test_bgp_4node.py::test_ft_bgp_ebgp_community_map
2023-12-27 22:56:22,002 T0407: INFO  support post-function-epilog test_ft_bgp_ebgp_community_map Pass 'Test case passed'
2023-12-27 22:56:22,004 T0408: INFO  #### gw1  routing/BGP/test_bgp_4node.py::test_ft_bgp_ebgp_community_map
2023-12-27 22:56:22,004 T0408: INFO  support post-function-epilog test_ft_bgp_ebgp_community_map Pass 'Test case passed'
2023-12-27 22:56:22,056 T0409: WARN  #### gw1  routing/BGP/test_bgp_4node.py::test_ft_bgp_ebgp_community_map
2023-12-27 22:56:22,056 T0409: WARN  support pre-module-epilog routing/BGP/test_bgp_4node.py fail ''
2023-12-27 22:56:22,059 T0410: WARN  #### gw1  routing/BGP/test_bgp_4node.py::test_ft_bgp_ebgp_community_map
2023-12-27 22:56:22,059 T0410: WARN  support pre-module-epilog routing/BGP/test_bgp_4node.py fail ''
2023-12-27 22:56:22,062 T0411: WARN  #### gw1  routing/BGP/test_bgp_4node.py::test_ft_bgp_ebgp_community_map
2023-12-27 22:56:22,063 T0411: WARN  support pre-module-epilog routing/BGP/test_bgp_4node.py fail ''
2023-12-27 22:56:22,066 T0412: WARN  #### gw1  routing/BGP/test_bgp_4node.py::test_ft_bgp_ebgp_community_map
2023-12-27 22:56:22,066 T0412: WARN  support pre-module-epilog routing/BGP/test_bgp_4node.py fail ''
2023-12-27 22:56:56,417 T0457: WARN  #### gw1  routing/BGP/test_bgp_4node.py::test_ft_bgp_ebgp_community_map
2023-12-27 22:56:56,417 T0457: WARN  support post-module-epilog routing/BGP/test_bgp_4node.py fail ''
2023-12-27 22:56:56,422 T0458: WARN  #### gw1  routing/BGP/test_bgp_4node.py::test_ft_bgp_ebgp_community_map
2023-12-27 22:56:56,423 T0458: WARN  support post-module-epilog routing/BGP/test_bgp_4node.py fail ''
2023-12-27 22:56:56,429 T0459: WARN  #### gw1  routing/BGP/test_bgp_4node.py::test_ft_bgp_ebgp_community_map
2023-12-27 22:56:56,430 T0459: WARN  support post-module-epilog routing/BGP/test_bgp_4node.py fail ''
2023-12-27 22:56:56,433 T0460: WARN  #### gw1  routing/BGP/test_bgp_4node.py::test_ft_bgp_ebgp_community_map
2023-12-27 22:56:56,433 T0460: WARN  support post-module-epilog routing/BGP/test_bgp_4node.py fail ''
2023-12-27 22:59:05,856 T0550: WARN  #### gw1  batch/test_spytest_infra_1.py::test_spytest_infra_last
2023-12-27 22:59:05,856 T0550: WARN  support session-epilog session pass ''
2023-12-27 22:59:05,857 T0551: WARN  #### gw1  batch/test_spytest_infra_1.py::test_spytest_infra_last
2023-12-27 22:59:05,858 T0551: WARN  support session-epilog session pass ''
2023-12-27 22:59:05,859 T0552: WARN  #### gw1  batch/test_spytest_infra_1.py::test_spytest_infra_last
2023-12-27 22:59:05,860 T0552: WARN  support session-epilog session pass ''
2023-12-27 22:59:05,863 T0553: WARN  #### gw1  batch/test_spytest_infra_1.py::test_spytest_infra_last
2023-12-27 22:59:05,863 T0553: WARN  support session-epilog session pass ''
