2023-12-27 22:42:13.141399 = START
2023-12-27 22:42:14.363624 = device connections start
2023-12-27 22:43:01.578131 = device connections finish
2023-12-27 22:43:01.582692 = session init start
2023-12-27 22:46:31.192500 = report file generation start
2023-12-27 22:46:31.285447 = report file generation end
2023-12-27 22:46:55.131126 = session init end
2023-12-27 22:46:55.137250 = Framework Module Hook Start
2023-12-27 22:46:56.811850 = module test_spytest_infra_1.py init start
2023-12-27 22:47:01.328165 = module test_spytest_infra_1.py init end
2023-12-27 22:47:01.328457 = Framework Module Hook end
2023-12-27 22:47:01.328778 = Framework Function Hook Start
2023-12-27 22:47:05.639531 = function batch/test_spytest_infra_1.py::test_spytest_infra_first init start
2023-12-27 22:47:11.834376 = function batch/test_spytest_infra_1.py::test_spytest_infra_first init end
2023-12-27 22:47:11.835422 = Framework Function Hook end
2023-12-27 22:47:11.838856 = Module Config Time (2023-12-27 22:46:55.137316 - 2023-12-27 22:47:01.328874) Published
2023-12-27 22:47:11.841801 = function batch/test_spytest_infra_1.py::test_spytest_infra_first clean start
2023-12-27 22:47:11.871073 = Test Time (2023-12-27 22:47:05.639806 - 2023-12-27 22:47:11.871066) Published
2023-12-27 22:47:11.876658 = function batch/test_spytest_infra_1.py::test_spytest_infra_first clean end
2023-12-27 22:47:11.876945 = Framework Function Hook Finalize
2023-12-27 22:47:12.052708 = Framework Function Hook Start
2023-12-27 22:47:12.053948 = function batch/test_spytest_infra_1.py::test_spytest_infra_second init start
2023-12-27 22:47:18.139317 = function batch/test_spytest_infra_1.py::test_spytest_infra_second init end
2023-12-27 22:47:18.140507 = Framework Function Hook end
2023-12-27 22:47:18.143475 = function batch/test_spytest_infra_1.py::test_spytest_infra_second clean start
2023-12-27 22:47:18.175800 = Test Time (2023-12-27 22:47:12.054138 - 2023-12-27 22:47:18.175791) Published
2023-12-27 22:47:18.180873 = function batch/test_spytest_infra_1.py::test_spytest_infra_second clean end
2023-12-27 22:47:18.181207 = Framework Function Hook Finalize
2023-12-27 22:47:18.181363 = module test_spytest_infra_1.py clean start
2023-12-27 22:47:20.696461 = report file generation start
2023-12-27 22:47:20.781528 = report file generation end
2023-12-27 22:47:20.786566 = module test_spytest_infra_1.py clean end
2023-12-27 22:47:20.786930 = Framework Module Hook Finalize
2023-12-27 22:47:20.789592 = Framework Module Hook Start
2023-12-27 22:47:22.455715 = module test_bgp_4node.py init start
2023-12-27 22:47:50.792772 = module test_bgp_4node.py init end
2023-12-27 22:47:50.793275 = Framework Module Hook end
2023-12-27 22:47:50.793713 = User Module routing/BGP/test_bgp_4node.py Hook Start
2023-12-27 22:48:14.979886 = User Module routing/BGP/test_bgp_4node.py Hook end
2023-12-27 22:48:14.980120 = User Class routing/BGP/test_bgp_4node.py Hook Start
2023-12-27 22:49:03.111335 = User Class routing/BGP/test_bgp_4node.py Hook end
2023-12-27 22:49:03.112010 = Framework Function Hook Start
2023-12-27 22:49:32.938324 = function routing/BGP/test_bgp_4node.py::TestBGPConfed::test_ipv6_confed_route_distribution init start
2023-12-27 22:49:39.209407 = function routing/BGP/test_bgp_4node.py::TestBGPConfed::test_ipv6_confed_route_distribution init end
2023-12-27 22:49:39.210039 = Framework Function Hook end
2023-12-27 22:49:39.212299 = Module Config Time (2023-12-27 22:47:20.789650 - 2023-12-27 22:49:03.112123) Published
2023-12-27 22:49:54.873804 = function routing/BGP/test_bgp_4node.py::TestBGPConfed::test_ipv6_confed_route_distribution clean start
2023-12-27 22:49:54.938459 = Test Time (2023-12-27 22:49:32.938621 - 2023-12-27 22:49:54.938450) Published
2023-12-27 22:49:54.943516 = function routing/BGP/test_bgp_4node.py::TestBGPConfed::test_ipv6_confed_route_distribution clean end
2023-12-27 22:49:54.943808 = Framework Function Hook Finalize
2023-12-27 22:49:54.944993 = Framework Function Hook Start
2023-12-27 22:49:54.945396 = function routing/BGP/test_bgp_4node.py::TestBGPConfed::test_ipv6_confed_with_rr init start
2023-12-27 22:50:02.483752 = function routing/BGP/test_bgp_4node.py::TestBGPConfed::test_ipv6_confed_with_rr init end
2023-12-27 22:50:02.484270 = Framework Function Hook end
2023-12-27 22:50:42.475724 = function routing/BGP/test_bgp_4node.py::TestBGPConfed::test_ipv6_confed_with_rr clean start
2023-12-27 22:50:42.538573 = Test Time (2023-12-27 22:49:54.945479 - 2023-12-27 22:50:42.538565) Published
2023-12-27 22:50:42.543602 = function routing/BGP/test_bgp_4node.py::TestBGPConfed::test_ipv6_confed_with_rr clean end
2023-12-27 22:50:42.544019 = Framework Function Hook Finalize
2023-12-27 22:50:42.544981 = Framework Function Hook Start
2023-12-27 22:50:42.545418 = function routing/BGP/test_bgp_4node.py::TestBGPConfed::test_confed_route_distribution_with_rmap init start
2023-12-27 22:50:50.184047 = function routing/BGP/test_bgp_4node.py::TestBGPConfed::test_confed_route_distribution_with_rmap init end
2023-12-27 22:50:50.184981 = Framework Function Hook end
2023-12-27 22:51:20.972490 = function routing/BGP/test_bgp_4node.py::TestBGPConfed::test_confed_route_distribution_with_rmap clean start
2023-12-27 22:51:21.027089 = Test Time (2023-12-27 22:50:42.545483 - 2023-12-27 22:51:21.027080) Published
2023-12-27 22:51:21.032098 = function routing/BGP/test_bgp_4node.py::TestBGPConfed::test_confed_route_distribution_with_rmap clean end
2023-12-27 22:51:21.032408 = Framework Function Hook Finalize
2023-12-27 22:51:26.868162 = User Class routing/BGP/test_bgp_4node.py Hook Finalize
2023-12-27 22:51:26.885283 = User Class routing/BGP/test_bgp_4node.py Hook Finalize
2023-12-27 22:51:26.902645 = User Class routing/BGP/test_bgp_4node.py Hook Finalize
2023-12-27 22:51:26.904095 = Framework Function Hook Start
2023-12-27 22:51:26.904764 = function routing/BGP/test_bgp_4node.py::test_ft_bgp_ibgp_RR_Loop init start
2023-12-27 22:51:34.094630 = function routing/BGP/test_bgp_4node.py::test_ft_bgp_ibgp_RR_Loop init end
2023-12-27 22:51:34.095206 = Framework Function Hook end
2023-12-27 22:51:34.095645 = User Function routing/BGP/test_bgp_4node.py::test_ft_bgp_ibgp_RR_Loop Hook Start
2023-12-27 22:51:34.113471 = User Function routing/BGP/test_bgp_4node.py::test_ft_bgp_ibgp_RR_Loop Hook end
2023-12-27 22:52:03.893756 = User Function routing/BGP/test_bgp_4node.py::test_ft_bgp_ibgp_RR_Loop Hook Finalize
2023-12-27 22:52:03.894214 = function routing/BGP/test_bgp_4node.py::test_ft_bgp_ibgp_RR_Loop clean start
2023-12-27 22:52:03.962321 = Test Time (2023-12-27 22:51:26.904881 - 2023-12-27 22:52:03.962314) Published
2023-12-27 22:52:03.967222 = function routing/BGP/test_bgp_4node.py::test_ft_bgp_ibgp_RR_Loop clean end
2023-12-27 22:52:03.967493 = Framework Function Hook Finalize
2023-12-27 22:52:03.968390 = Framework Function Hook Start
2023-12-27 22:52:03.968795 = function routing/BGP/test_bgp_4node.py::test_ft_bgp_ebgp_community_map init start
2023-12-27 22:52:11.046502 = function routing/BGP/test_bgp_4node.py::test_ft_bgp_ebgp_community_map init end
2023-12-27 22:52:11.047047 = Framework Function Hook end
2023-12-27 22:52:11.047465 = User Function routing/BGP/test_bgp_4node.py::test_ft_bgp_ebgp_community_map Hook Start
2023-12-27 22:52:11.064310 = User Function routing/BGP/test_bgp_4node.py::test_ft_bgp_ebgp_community_map Hook end
2023-12-27 22:56:21.997387 = User Function routing/BGP/test_bgp_4node.py::test_ft_bgp_ebgp_community_map Hook Finalize
2023-12-27 22:56:21.997664 = function routing/BGP/test_bgp_4node.py::test_ft_bgp_ebgp_community_map clean start
2023-12-27 22:56:22.049952 = Test Time (2023-12-27 22:52:03.968856 - 2023-12-27 22:56:22.049941) Published
2023-12-27 22:56:22.055245 = function routing/BGP/test_bgp_4node.py::test_ft_bgp_ebgp_community_map clean end
2023-12-27 22:56:22.055615 = Framework Function Hook Finalize
2023-12-27 22:56:56.414627 = User Module routing/BGP/test_bgp_4node.py Hook Finalize
2023-12-27 22:56:56.415156 = module test_bgp_4node.py clean start
2023-12-27 22:57:23.009580 = report file generation start
2023-12-27 22:57:23.106799 = report file generation end
2023-12-27 22:57:23.111984 = module test_bgp_4node.py clean end
2023-12-27 22:57:23.112558 = Framework Module Hook Finalize
2023-12-27 22:57:23.233317 = Framework Module Hook Start
2023-12-27 22:57:24.899866 = module test_spytest_infra_1.py init start
2023-12-27 22:58:52.591064 = module test_spytest_infra_1.py init end
2023-12-27 22:58:52.591359 = Framework Module Hook end
2023-12-27 22:58:52.591692 = Framework Function Hook Start
2023-12-27 22:58:56.893394 = function batch/test_spytest_infra_1.py::test_spytest_infra_last init start
2023-12-27 22:59:03.183459 = function batch/test_spytest_infra_1.py::test_spytest_infra_last init end
2023-12-27 22:59:03.185107 = Framework Function Hook end
2023-12-27 22:59:03.186713 = Module Config Time (2023-12-27 22:57:23.233477 - 2023-12-27 22:58:52.591769) Published
2023-12-27 22:59:03.189217 = function batch/test_spytest_infra_1.py::test_spytest_infra_last clean start
2023-12-27 22:59:03.231730 = Test Time (2023-12-27 22:58:56.893674 - 2023-12-27 22:59:03.231718) Published
2023-12-27 22:59:03.237794 = function batch/test_spytest_infra_1.py::test_spytest_infra_last clean end
2023-12-27 22:59:03.238271 = Framework Function Hook Finalize
2023-12-27 22:59:03.238506 = module test_spytest_infra_1.py clean start
2023-12-27 22:59:05.758670 = report file generation start
2023-12-27 22:59:05.849602 = report file generation end
2023-12-27 22:59:05.854483 = module test_spytest_infra_1.py clean end
2023-12-27 22:59:05.854849 = Framework Module Hook Finalize
2023-12-27 22:59:05.855261 = session clean start
2023-12-27 22:59:05.888265 = report file generation start
2023-12-27 22:59:05.974870 = report file generation end
2023-12-27 22:59:06.667286 = session clean end
