2024-01-01 00:25:07,043 T0000: WARN  #### gw6  
2024-01-01 00:25:07,043 T0000: WARN  support post-session-prolog session pass ''
2024-01-01 00:25:53,835 T0000: INFO  #### gw6  
2024-01-01 00:25:53,835 T0000: INFO  support pre-module-prolog qos/test_qos_save_reboot.py  ''
2024-01-01 00:28:39,434 T0000: INFO  #### gw6  qos/test_qos_save_reboot.py
2024-01-01 00:28:39,434 T0000: INFO  support post-module-prolog qos/test_qos_save_reboot.py Pass ''
2024-01-01 00:29:10,649 T0000: INFO  #### gw6  qos/test_qos_save_reboot.py
2024-01-01 00:29:10,650 T0000: INFO  support pre-function-prolog test_ft_qos_config_mgmt_verifying_config_with_save_reboot  ''
2024-01-01 00:29:10,665 T0000: INFO  #### gw6  qos/test_qos_save_reboot.py::test_ft_qos_config_mgmt_verifying_config_with_save_reboot
2024-01-01 00:29:10,665 T0000: INFO  support post-function-prolog test_ft_qos_config_mgmt_verifying_config_with_save_reboot Pass ''
2024-01-01 00:30:03,711 T0000: WARN  #### gw6 IGNORED ERROR qos/test_qos_save_reboot.py::test_ft_qos_config_mgmt_verifying_config_with_save_reboot
2024-01-01 00:30:03,711 T0000: WARN  Skipped error checking but detected pattern: containing_failed command: sudo -s reboot
2024-01-01 00:32:27,236 T0000: INFO  #### gw6  qos/test_qos_save_reboot.py::test_ft_qos_config_mgmt_verifying_config_with_save_reboot
2024-01-01 00:32:27,236 T0000: INFO  support pre-function-epilog test_ft_qos_config_mgmt_verifying_config_with_save_reboot Pass 'Test case passed'
2024-01-01 00:32:27,242 T0000: INFO  #### gw6  qos/test_qos_save_reboot.py::test_ft_qos_config_mgmt_verifying_config_with_save_reboot
2024-01-01 00:32:27,242 T0000: INFO  support post-function-epilog test_ft_qos_config_mgmt_verifying_config_with_save_reboot Pass 'Test case passed'
2024-01-01 00:32:27,261 T0000: WARN  #### gw6  qos/test_qos_save_reboot.py::test_ft_qos_config_mgmt_verifying_config_with_save_reboot
2024-01-01 00:32:27,261 T0000: WARN  support pre-module-epilog qos/test_qos_save_reboot.py pass ''
2024-01-01 00:32:52,958 T0000: WARN  #### gw6  qos/test_qos_save_reboot.py::test_ft_qos_config_mgmt_verifying_config_with_save_reboot
2024-01-01 00:32:52,958 T0000: WARN  support post-module-epilog qos/test_qos_save_reboot.py pass ''
2024-01-01 00:34:34,414 T0000: WARN  #### gw6  batch/test_spytest_infra_1.py::test_spytest_infra_last
2024-01-01 00:34:34,414 T0000: WARN  support session-epilog session pass ''
