2023-12-27 00:22:29.503296 = START
2023-12-27 00:22:30.655851 = device connections start
2023-12-27 00:23:04.029035 = device connections finish
2023-12-27 00:23:04.033399 = session init start
2023-12-27 00:25:30.275450 = report file generation start
2023-12-27 00:25:30.361425 = report file generation end
2023-12-27 00:25:54.654459 = session init end
2023-12-27 00:25:54.656389 = Framework Module Hook Start
2023-12-27 00:25:55.067854 = module test_spytest_infra_1.py init start
2023-12-27 00:25:59.221166 = module test_spytest_infra_1.py init end
2023-12-27 00:25:59.221948 = Framework Module Hook end
2023-12-27 00:25:59.222791 = Framework Function Hook Start
2023-12-27 00:26:03.511477 = function batch/test_spytest_infra_1.py::test_spytest_infra_first init start
2023-12-27 00:26:08.175283 = function batch/test_spytest_infra_1.py::test_spytest_infra_first init end
2023-12-27 00:26:08.176394 = Framework Function Hook end
2023-12-27 00:26:08.179795 = Module Config Time (2023-12-27 00:25:54.656467 - 2023-12-27 00:25:59.223583) Published
2023-12-27 00:26:08.181805 = function batch/test_spytest_infra_1.py::test_spytest_infra_first clean start
2023-12-27 00:26:08.192639 = Test Time (2023-12-27 00:26:03.511576 - 2023-12-27 00:26:08.192631) Published
2023-12-27 00:26:08.198253 = function batch/test_spytest_infra_1.py::test_spytest_infra_first clean end
2023-12-27 00:26:08.198551 = Framework Function Hook Finalize
2023-12-27 00:26:08.365633 = Framework Function Hook Start
2023-12-27 00:26:08.366766 = function batch/test_spytest_infra_1.py::test_spytest_infra_second init start
2023-12-27 00:26:12.976087 = function batch/test_spytest_infra_1.py::test_spytest_infra_second init end
2023-12-27 00:26:12.977076 = Framework Function Hook end
2023-12-27 00:26:12.980410 = function batch/test_spytest_infra_1.py::test_spytest_infra_second clean start
2023-12-27 00:26:12.992446 = Test Time (2023-12-27 00:26:08.366943 - 2023-12-27 00:26:12.992437) Published
2023-12-27 00:26:12.997425 = function batch/test_spytest_infra_1.py::test_spytest_infra_second clean end
2023-12-27 00:26:12.997716 = Framework Function Hook Finalize
2023-12-27 00:26:12.997865 = module test_spytest_infra_1.py clean start
2023-12-27 00:26:15.456380 = report file generation start
2023-12-27 00:26:15.538946 = report file generation end
2023-12-27 00:26:15.544180 = module test_spytest_infra_1.py clean end
2023-12-27 00:26:15.544845 = Framework Module Hook Finalize
2023-12-27 00:26:15.547731 = Framework Module Hook Start
2023-12-27 00:26:15.959548 = module test_arp.py init start
2023-12-27 00:26:44.291752 = module test_arp.py init end
2023-12-27 00:26:44.292262 = Framework Module Hook end
2023-12-27 00:26:44.292704 = User Module routing/test_arp.py Hook Start
2023-12-27 00:27:05.190373 = User Module routing/test_arp.py Hook end
2023-12-27 00:27:05.191968 = Framework Function Hook Start
2023-12-27 00:27:33.894938 = function routing/test_arp.py::test_ft_arp_dynamic_renew_traffic_test init start
2023-12-27 00:27:38.561314 = function routing/test_arp.py::test_ft_arp_dynamic_renew_traffic_test init end
2023-12-27 00:27:38.561878 = Framework Function Hook end
2023-12-27 00:27:38.562576 = User Function routing/test_arp.py::test_ft_arp_dynamic_renew_traffic_test Hook Start
2023-12-27 00:27:38.565113 = User Function routing/test_arp.py::test_ft_arp_dynamic_renew_traffic_test Hook end
2023-12-27 00:27:38.565280 = User Function routing/test_arp.py::test_ft_arp_dynamic_renew_traffic_test Hook Start
2023-12-27 00:27:38.567625 = User Function routing/test_arp.py::test_ft_arp_dynamic_renew_traffic_test Hook end
2023-12-27 00:27:38.568849 = Module Config Time (2023-12-27 00:26:15.547799 - 2023-12-27 00:27:05.192239) Published
2023-12-27 00:28:32.869247 = User Function routing/test_arp.py::test_ft_arp_dynamic_renew_traffic_test Hook Finalize
2023-12-27 00:28:32.869563 = User Function routing/test_arp.py::test_ft_arp_dynamic_renew_traffic_test Hook Finalize
2023-12-27 00:28:32.869706 = function routing/test_arp.py::test_ft_arp_dynamic_renew_traffic_test clean start
2023-12-27 00:28:32.882837 = Test Time (2023-12-27 00:27:33.895041 - 2023-12-27 00:28:32.882826) Published
2023-12-27 00:28:32.888113 = function routing/test_arp.py::test_ft_arp_dynamic_renew_traffic_test clean end
2023-12-27 00:28:32.888463 = Framework Function Hook Finalize
2023-12-27 00:29:03.518096 = User Module routing/test_arp.py Hook Finalize
2023-12-27 00:29:03.518288 = module test_arp.py clean start
2023-12-27 00:29:30.143863 = report file generation start
2023-12-27 00:29:30.225355 = report file generation end
2023-12-27 00:29:30.230632 = module test_arp.py clean end
2023-12-27 00:29:30.231147 = Framework Module Hook Finalize
2023-12-27 00:29:30.368594 = Framework Module Hook Start
2023-12-27 00:29:30.784462 = module test_spytest_infra_1.py init start
2023-12-27 00:30:50.354700 = module test_spytest_infra_1.py init end
2023-12-27 00:30:50.356070 = Framework Module Hook end
2023-12-27 00:30:50.357866 = Framework Function Hook Start
2023-12-27 00:30:54.647741 = function batch/test_spytest_infra_1.py::test_spytest_infra_last init start
2023-12-27 00:30:59.514585 = function batch/test_spytest_infra_1.py::test_spytest_infra_last init end
2023-12-27 00:30:59.515208 = Framework Function Hook end
2023-12-27 00:30:59.516513 = Module Config Time (2023-12-27 00:29:30.368809 - 2023-12-27 00:30:50.358124) Published
2023-12-27 00:30:59.518029 = function batch/test_spytest_infra_1.py::test_spytest_infra_last clean start
2023-12-27 00:30:59.530572 = Test Time (2023-12-27 00:30:54.647841 - 2023-12-27 00:30:59.530559) Published
2023-12-27 00:30:59.536551 = function batch/test_spytest_infra_1.py::test_spytest_infra_last clean end
2023-12-27 00:30:59.537072 = Framework Function Hook Finalize
2023-12-27 00:30:59.537297 = module test_spytest_infra_1.py clean start
2023-12-27 00:31:01.994791 = report file generation start
2023-12-27 00:31:02.076283 = report file generation end
2023-12-27 00:31:02.081316 = module test_spytest_infra_1.py clean end
2023-12-27 00:31:02.081685 = Framework Module Hook Finalize
2023-12-27 00:31:02.083968 = Framework Module Hook Start
2023-12-27 00:31:02.495024 = module test_ndp.py init start
2023-12-27 00:33:59.897729 = module test_ndp.py init end
2023-12-27 00:33:59.898257 = Framework Module Hook end
2023-12-27 00:33:59.898764 = User Module routing/test_ndp.py Hook Start
2023-12-27 00:35:08.978112 = User Module routing/test_ndp.py Hook end
2023-12-27 00:35:08.978901 = Framework Function Hook Start
2023-12-27 00:35:37.642459 = function routing/test_ndp.py::test_ft_ipv6_neighbor_entry init start
2023-12-27 00:35:42.458239 = function routing/test_ndp.py::test_ft_ipv6_neighbor_entry init end
2023-12-27 00:35:42.459556 = Framework Function Hook end
2023-12-27 00:35:42.461054 = User Function routing/test_ndp.py::test_ft_ipv6_neighbor_entry Hook Start
2023-12-27 00:35:42.463654 = User Function routing/test_ndp.py::test_ft_ipv6_neighbor_entry Hook end
2023-12-27 00:35:42.464814 = Module Config Time (2023-12-27 00:31:02.084028 - 2023-12-27 00:35:08.979152) Published
2023-12-27 00:35:54.638668 = User Function routing/test_ndp.py::test_ft_ipv6_neighbor_entry Hook Finalize
2023-12-27 00:35:54.638829 = function routing/test_ndp.py::test_ft_ipv6_neighbor_entry clean start
2023-12-27 00:35:54.650839 = Test Time (2023-12-27 00:35:37.642567 - 2023-12-27 00:35:54.650830) Published
2023-12-27 00:35:54.656072 = function routing/test_ndp.py::test_ft_ipv6_neighbor_entry clean end
2023-12-27 00:35:54.656394 = Framework Function Hook Finalize
2023-12-27 00:36:25.247944 = User Module routing/test_ndp.py Hook Finalize
2023-12-27 00:36:25.248123 = module test_ndp.py clean start
2023-12-27 00:36:51.947011 = report file generation start
2023-12-27 00:36:52.031257 = report file generation end
2023-12-27 00:36:52.036508 = module test_ndp.py clean end
2023-12-27 00:36:52.037206 = Framework Module Hook Finalize
2023-12-27 00:36:52.121644 = Framework Module Hook Start
2023-12-27 00:36:52.536394 = module test_spytest_infra_1.py init start
2023-12-27 00:38:11.184180 = module test_spytest_infra_1.py init end
2023-12-27 00:38:11.184890 = Framework Module Hook end
2023-12-27 00:38:11.185290 = Framework Function Hook Start
2023-12-27 00:38:15.474895 = function batch/test_spytest_infra_1.py::test_spytest_infra_last init start
2023-12-27 00:38:20.291193 = function batch/test_spytest_infra_1.py::test_spytest_infra_last init end
2023-12-27 00:38:20.292177 = Framework Function Hook end
2023-12-27 00:38:20.293697 = Module Config Time (2023-12-27 00:36:52.121819 - 2023-12-27 00:38:11.185405) Published
2023-12-27 00:38:20.296279 = function batch/test_spytest_infra_1.py::test_spytest_infra_last clean start
2023-12-27 00:38:20.308644 = Test Time (2023-12-27 00:38:15.475000 - 2023-12-27 00:38:20.308636) Published
2023-12-27 00:38:20.313628 = function batch/test_spytest_infra_1.py::test_spytest_infra_last clean end
2023-12-27 00:38:20.313898 = Framework Function Hook Finalize
2023-12-27 00:38:20.314050 = module test_spytest_infra_1.py clean start
2023-12-27 00:38:22.859424 = report file generation start
2023-12-27 00:38:22.939626 = report file generation end
2023-12-27 00:38:22.944601 = module test_spytest_infra_1.py clean end
2023-12-27 00:38:22.944917 = Framework Module Hook Finalize
2023-12-27 00:38:22.945288 = session clean start
2023-12-27 00:38:22.952945 = report file generation start
2023-12-27 00:38:23.033348 = report file generation end
2023-12-27 00:38:23.734065 = session clean end
