2023-12-30 22:47:17,396 T0000: NOTICE Execution Start Time: 2023-12-30 22:47:17.396289
2023-12-30 22:47:17,396 T0000: NOTICE LOGS PATH: /data/work/logs/vm-202111-444289-l3
2023-12-30 22:47:17,887 T0000: NOTICE VERSION: UNKNOWN UNKNOWN UNKNOWN
2023-12-30 22:47:17,887 T0000: NOTICE HOST: sonicmgmt202111 MEM: 376gb 44.9%
2023-12-30 22:47:17,887 T0000: NOTICE ROOT_PATH: /repo
2023-12-30 22:47:17,887 T0000: NOTICE Python: 3.8.10
2023-12-30 22:47:17,887 T0000: NOTICE Topology unknown: D1T1:4,D1D2:6,D1D3:4,D1D4:4,D2T1:4,D2D3:4,D2D4:4,D3T1:4,D3D4:6,D4T1:4
2023-12-30 22:47:17,887 T0000: DEBUG 
SUITE ARGS: --load-image none --max-time module 9000 --max-time function 5400 --max-time session 3600 --logs-level=debug --topology-check=function --env SPYTEST_TESTBED_IGNORE_CONSTRAINTS TG,TGCARD,TGSPEED,CHIP,MODEL --noop --env SPYTEST_RESET_CONSOLES 0 --noop --env SPYTEST_ONREBOOT_RENEW_MGMT_IP 1 --noop --env SPYTEST_RECOVERY_CR_PER_CMD_POST_OP 1 --noop --env SPYTEST_BATCH_POLL_STATUS_TIME 300 --noop --env SPYTEST_BATCH_DEAD_NODE_MAX_TIME 7200 --noop --breakout-mode none --env SPYTEST_SHUTDOWN_FREE_PORTS 1 --env SPYTEST_HOOKS_BREAKOUT_UITYPE click --env SPYTEST_ONREBOOT_RENEW_MGMT_IP 0 --env SPYTEST_VERIFY_CSV_MIN_TOPOLOGY 1 --env SPYTEST_CMD_FAIL_RESULT_SUPPORT 0 --env SPYTEST_ROUTING_CONFIG_MODE split --env SPYTEST_CLEAR_DEVICE_METADATA_BGP_ASN 1 --env SPYTEST_TEXTFSM_USE_BUNDLED_PARSER 1 --feature-group master --ifname-type native --feature-disable bcmcmd --feature-disable warm-reboot --save config-db module --tclist-csv TestBGPConfed.test_confed_route_distribution_with_rmap,TestBGPConfed.test_ipv6_confed_route_distribution,TestBGPConfed.test_ipv6_confed_with_rr,TestBGPIPvxRouteAdvertisementFilter.test_bgp_ebgp4_nbr_authentication,TestBGPIPvxRouteAdvertisementFilter.test_bgp_ebgp4_nbr_update_source,TestBGPIPvxRouteAdvertisementFilter.test_bgp_route_map_with_community,TestBGPIPvxRouteAdvertisementFilter.test_default_originate_ipv4,TestBGPIPvxRouteAdvertisementFilter.test_distribute_list_in_ipv4,TestBGPIPvxRouteAdvertisementFilter.test_distribute_list_in_ipv6,TestBGPIPvxRouteAdvertisementFilter.test_filter_list_in_ipv4,TestBGPIPvxRouteAdvertisementFilter.test_filter_list_in_ipv6,TestBGPIPvxRouteAdvertisementFilter.test_filter_list_out_ipv6,TestBGPIPvxRouteAdvertisementFilter.test_prefix_list_out_ipv4,TestBGPIPvxRouteAdvertisementFilter.test_prefix_list_out_ipv6,TestBGPIPvxRouteAdvertisementFilter.test_route_aggregate_ipv6,TestBGPIPvxRouteAdvertisementFilter.test_route_map_in_ipv4,TestBGPIPvxRouteAdvertisementFilter.test_route_map_in_ipv6,TestBGPIPvxRouteAdvertisementFilter.test_static_blackhole_rt_redistribute_with_routemap_ipv6,TestBGPL3Lag.test_ft_bgp_l3lag_peer_traffic_check,TestBGPRif.test_bgp_route_aggregation_4byteASN,TestBGPRif.test_ft_bgp_clear,TestBGPRif.test_ft_bgp_graceful_restart_and_aware_routers,TestBGPRif.test_ft_bgp_peer_traffic_check,TestBGPRif.test_ft_bgp_rmap,TestBGPRif.test_ft_bgp_v4_dyn_nbr,TestBGPRif.test_ft_bgp_v6_dyn_nbr,TestBGPRif.test_ft_bgp_v6_link_local_bgp,TestBGPRrTraffic.test_ft_bgp6_rr_traffic_check,TestBGPVeLag.test_ft_bgp_clear,TestBGPVeLag.test_ft_bgp_peer_traffic_check,test_VrfFun001_06,test_VrfFun_05_50,test_VrfFun_10_12_14,test_VrfFun_20_24_25_32_33_44_45,test_VrfFun_26_27,test_cli_validation_bgp_router_config,test_cli_validation_ip_address,test_ft_arp_dynamic_renew_traffic_test,test_ft_bgp_ebgp_community_map,test_ft_bgp_ibgp_RR_Loop,test_ft_ip6_static_route_traffic_forward_blackhole,test_ft_ip_static_ip_on_mgmt_intrf,test_ft_ip_static_route_traffic_forward,test_ft_ip_v4_v6_L2_L3_translation,test_ft_ipv6_neighbor_entry,test_ft_l3_performance_enhancements_v4_route_intstall_withdraw,test_ft_nat_docker_restart,test_ft_ping_v4_v6_after_ip_change_pc,test_ft_ping_v4_v6_vlan,test_ft_qos_config_mgmt_verifying_config_with_save_reboot,test_ft_sflow_max_sflow_collector_config,test_ft_sflow_sampling_v6_sFlow_collector,test_ft_system_config_mgmt_verifying_config_with_save_reboot_sflow,test_ft_verify_interfaces_order,test_l2_to_l3_port,test_l3_v4_route_po_1,test_vrf_bgp,test_vrf_reload,test_vrf_route_leak,test_vrf_scale,TestBGPRif.test_ft_bgp_ipv4_no_route_aggregation_for_exact_prefix_match,TestBGPRif.test_ft_bgp_ipv4_route_aggregation_atomic_aggregate_without_as_set,TestBGPRif.test_ft_bgp_ipv6_route_aggregation_with_as_set,TestBGPRif.test_ft_bgp_v4_max_dyn_nbr,TestBGPIPvxRouteAdvertisementFilter.test_redistribute_connected_ipv4,TestBGPIPvxRouteAdvertisementFilter.test_redistribute_static_ipv4,TestBGPIPvxRouteAdvertisementFilter.test_redistribute_connected_ipv6,TestBGPIPvxRouteAdvertisementFilter.test_redistribute_static_ipv6,TestBGPIPvxRouteAdvertisementFilter.test_default_originate_ipv6,test_spytest_infra_first,test_spytest_infra_second,test_spytest_infra_last --noop

2023-12-30 22:47:17,887 T0000: NOTICE ARGS: --logs-level debug --results-prefix=results --get-tech-support none --fetch-core-files none --syslog-check none --save config-db module --topology-check module --logs-path logs/2023-12-30-22-47-11 --continue-on-collection-errors --max-time session 0 --max-time module 0 --max-time function 0 --noop --tryssh=0 --testbed-file testbed.yaml --env SPYTEST_RPS_DEBUG 0 --tclist-bucket 1,2,4 --test-suite community-vs-l3 --email rama.kristipati@broadcom.com --env SPYTEST_SCAPY_DBG_LVL 2 --noop --env SPYTEST_EMAIL_FROM SPyTest-VSNet@broadcom.com --noop --logs-path logs/vm-202111-444289-l3 --env SPYTEST_EMAIL_BODY_PREFIX http://10.193.81.56:8080/sonic_mgmt_202111/work/logs/vm-202111-444289-l3/dashboard.html --email-subject-nargs VSNet-sonic_mgmt_202111-VM-L3-{{bldver}} : {{passrate}}: {{pass_cnt}}/{{executed}} vm-202111-444289-l3 --noop --feature-group 202111
2023-12-30 22:47:21,699 T0000: INFO  TRY-1 system/test_sflow.py 2 1 D1T1:1 D2T1:2 D1D2:1 TGCARD=stc|novus10
2023-12-30 22:47:21,701 T0000: INFO  matched testbed gw2 to execute bucket 2 system/test_sflow.py D1T1:1 D2T1:2 D1D2:1 TGCARD=stc|novus10
2023-12-30 22:47:21,702 T0000: INFO  matched testbed gw3 to execute bucket 2 system/test_sflow.py D1T1:1 D2T1:2 D1D2:1 TGCARD=stc|novus10
2023-12-30 22:47:21,702 T0000: INFO  TRY-1 routing/BGP/test_bgp_4node.py 4 1 D1D2:1 D2D3:1 D2D4:1 D3D4:1 D3D1:1 TGEN=ixia
2023-12-30 22:47:21,703 T0000: INFO  matched testbed gw1 to execute bucket 4 routing/BGP/test_bgp_4node.py D1D2:1 D2D3:1 D2D4:1 D3D4:1 D3D1:1 TGEN=ixia
2023-12-30 22:47:21,704 T0000: INFO  TRY-1 qos/test_qos_save_reboot.py 1 1 D1T1:1 TGEN=ixia
2023-12-30 22:47:21,704 T0000: INFO  matched testbed gw4 to execute bucket 1 qos/test_qos_save_reboot.py D1T1:1 TGEN=ixia
2023-12-30 22:47:21,704 T0000: INFO  matched testbed gw5 to execute bucket 1 qos/test_qos_save_reboot.py D1T1:1 TGEN=ixia
2023-12-30 22:47:21,705 T0000: INFO  matched testbed gw6 to execute bucket 1 qos/test_qos_save_reboot.py D1T1:1 TGEN=ixia
2023-12-30 22:47:21,705 T0000: INFO  matched testbed gw7 to execute bucket 1 qos/test_qos_save_reboot.py D1T1:1 TGEN=ixia
2023-12-30 22:47:21,705 T0000: INFO  TRY-1 routing/BGP/test_bgp_rr_traffic.py 2 1 D1D2:1 D1T1:1 D2T1:1 TGEN=ixia
2023-12-30 22:47:21,706 T0000: INFO  matched testbed gw2 to execute bucket 2 routing/BGP/test_bgp_rr_traffic.py D1D2:1 D1T1:1 D2T1:1 TGEN=ixia
2023-12-30 22:47:21,706 T0000: INFO  matched testbed gw3 to execute bucket 2 routing/BGP/test_bgp_rr_traffic.py D1D2:1 D1T1:1 D2T1:1 TGEN=ixia
2023-12-30 22:47:21,707 T0000: INFO  TRY-1 routing/test_l3_performance.py 1 1 D1T1:2 CHIP_REV=!X2
2023-12-30 22:47:21,707 T0000: INFO  matched testbed gw4 to execute bucket 1 routing/test_l3_performance.py D1T1:2 CHIP_REV=!X2
2023-12-30 22:47:21,707 T0000: INFO  matched testbed gw5 to execute bucket 1 routing/test_l3_performance.py D1T1:2 CHIP_REV=!X2
2023-12-30 22:47:21,708 T0000: INFO  matched testbed gw6 to execute bucket 1 routing/test_l3_performance.py D1T1:2 CHIP_REV=!X2
2023-12-30 22:47:21,708 T0000: INFO  matched testbed gw7 to execute bucket 1 routing/test_l3_performance.py D1T1:2 CHIP_REV=!X2
2023-12-30 22:47:21,708 T0000: INFO  TRY-1 routing/VRF/test_vrf_scale.py 2 1 D1D2:4 D1T1:2 D2T1:2 CHIP_REV=!X2
2023-12-30 22:47:21,709 T0000: INFO  matched testbed gw2 to execute bucket 2 routing/VRF/test_vrf_scale.py D1D2:4 D1T1:2 D2T1:2 CHIP_REV=!X2
2023-12-30 22:47:21,709 T0000: INFO  matched testbed gw3 to execute bucket 2 routing/VRF/test_vrf_scale.py D1D2:4 D1T1:2 D2T1:2 CHIP_REV=!X2
2023-12-30 22:47:21,710 T0000: INFO  TRY-1 sanity/test_sanity_l3.py 2 1 D1D2:1 D1T1:1 D2T1:1
2023-12-30 22:47:21,710 T0000: INFO  matched testbed gw2 to execute bucket 2 sanity/test_sanity_l3.py D1D2:1 D1T1:1 D2T1:1
2023-12-30 22:47:21,711 T0000: INFO  matched testbed gw3 to execute bucket 2 sanity/test_sanity_l3.py D1D2:1 D1T1:1 D2T1:1
2023-12-30 22:47:21,711 T0000: INFO  TRY-1 routing/BGP/test_bgp.py 2 1 D1D2:1 D1T1:1 D2T1:1 TGEN=ixia
2023-12-30 22:47:21,711 T0000: INFO  matched testbed gw2 to execute bucket 2 routing/BGP/test_bgp.py D1D2:1 D1T1:1 D2T1:1 TGEN=ixia
2023-12-30 22:47:21,712 T0000: INFO  matched testbed gw3 to execute bucket 2 routing/BGP/test_bgp.py D1D2:1 D1T1:1 D2T1:1 TGEN=ixia
2023-12-30 22:47:21,712 T0000: INFO  TRY-1 routing/VRF/test_vrf.py 2 1 D1D2:4 D1T1:2 D2T1:2 TGEN=ixia
2023-12-30 22:47:21,713 T0000: INFO  matched testbed gw2 to execute bucket 2 routing/VRF/test_vrf.py D1D2:4 D1T1:2 D2T1:2 TGEN=ixia
2023-12-30 22:47:21,713 T0000: INFO  matched testbed gw3 to execute bucket 2 routing/VRF/test_vrf.py D1D2:4 D1T1:2 D2T1:2 TGEN=ixia
2023-12-30 22:47:21,713 T0000: INFO  TRY-1 system/test_device_mgmt.py 1 1 D1
2023-12-30 22:47:21,714 T0000: INFO  matched testbed gw4 to execute bucket 1 system/test_device_mgmt.py D1
2023-12-30 22:47:21,714 T0000: INFO  matched testbed gw5 to execute bucket 1 system/test_device_mgmt.py D1
2023-12-30 22:47:21,714 T0000: INFO  matched testbed gw6 to execute bucket 1 system/test_device_mgmt.py D1
2023-12-30 22:47:21,715 T0000: INFO  matched testbed gw7 to execute bucket 1 system/test_device_mgmt.py D1
2023-12-30 22:47:21,715 T0000: INFO  TRY-1 routing/test_arp.py 1 1 D1T1:2 TGEN=ixia
2023-12-30 22:47:21,715 T0000: INFO  matched testbed gw4 to execute bucket 1 routing/test_arp.py D1T1:2 TGEN=ixia
2023-12-30 22:47:21,716 T0000: INFO  matched testbed gw5 to execute bucket 1 routing/test_arp.py D1T1:2 TGEN=ixia
2023-12-30 22:47:21,716 T0000: INFO  matched testbed gw6 to execute bucket 1 routing/test_arp.py D1T1:2 TGEN=ixia
2023-12-30 22:47:21,716 T0000: INFO  matched testbed gw7 to execute bucket 1 routing/test_arp.py D1T1:2 TGEN=ixia
2023-12-30 22:47:21,716 T0000: INFO  TRY-1 routing/NAT/test_nat.py 1 1 D1T1:2 CHIP=TD2|TD3|TH2|TH1 MODEL1=ent TGEN=ixia CHIP_REV=NA|X5|X7
2023-12-30 22:47:21,717 T0000: INFO  matched testbed gw4 to execute bucket 1 routing/NAT/test_nat.py D1T1:2 CHIP=TD2|TD3|TH2|TH1 MODEL1=ent TGEN=ixia CHIP_REV=NA|X5|X7
2023-12-30 22:47:21,718 T0000: INFO  matched testbed gw5 to execute bucket 1 routing/NAT/test_nat.py D1T1:2 CHIP=TD2|TD3|TH2|TH1 MODEL1=ent TGEN=ixia CHIP_REV=NA|X5|X7
2023-12-30 22:47:21,718 T0000: INFO  matched testbed gw6 to execute bucket 1 routing/NAT/test_nat.py D1T1:2 CHIP=TD2|TD3|TH2|TH1 MODEL1=ent TGEN=ixia CHIP_REV=NA|X5|X7
2023-12-30 22:47:21,718 T0000: INFO  matched testbed gw7 to execute bucket 1 routing/NAT/test_nat.py D1T1:2 CHIP=TD2|TD3|TH2|TH1 MODEL1=ent TGEN=ixia CHIP_REV=NA|X5|X7
2023-12-30 22:47:21,719 T0000: INFO  TRY-1 routing/test_ndp.py 1 1 D1T1:2 TGEN=ixia
2023-12-30 22:47:21,719 T0000: INFO  matched testbed gw4 to execute bucket 1 routing/test_ndp.py D1T1:2 TGEN=ixia
2023-12-30 22:47:21,719 T0000: INFO  matched testbed gw5 to execute bucket 1 routing/test_ndp.py D1T1:2 TGEN=ixia
2023-12-30 22:47:21,720 T0000: INFO  matched testbed gw6 to execute bucket 1 routing/test_ndp.py D1T1:2 TGEN=ixia
2023-12-30 22:47:21,720 T0000: INFO  matched testbed gw7 to execute bucket 1 routing/test_ndp.py D1T1:2 TGEN=ixia
2023-12-30 22:47:21,720 T0000: INFO  TRY-1 routing/test_ip.py 2 1 D1T1:2 D2T1:2 D1D2:4 CHIP=TD3 TGEN=ixia
2023-12-30 22:47:21,721 T0000: INFO  matched testbed gw2 to execute bucket 2 routing/test_ip.py D1T1:2 D2T1:2 D1D2:4 CHIP=TD3 TGEN=ixia
2023-12-30 22:47:21,721 T0000: INFO  matched testbed gw3 to execute bucket 2 routing/test_ip.py D1T1:2 D2T1:2 D1D2:4 CHIP=TD3 TGEN=ixia
2023-12-30 22:47:21,754 T0000: INFO  Start Monitoring poll_time=300 max_time=7200 DBG=0
2023-12-30 22:47:21,760 T0000: INFO  ============== NODE(gw0) FINISH gw0
2023-12-30 22:47:21,761 T0000: INFO  ============== Completed gw0  
2023-12-30 22:47:21,762 T0000: INFO  [gw1]: ===== Assigned Pre-Tests
2023-12-30 22:55:24,497 T0000: INFO  [gw1]: EXEC: routing/BGP/test_bgp_4node.py::TestBGPConfed::test_ipv6_confed_route_distribution
2023-12-30 22:55:39,711 T0000: INFO  [gw1]: PASSED: routing/BGP/test_bgp_4node.py::TestBGPConfed::test_ipv6_confed_route_distribution
2023-12-30 22:55:47,028 T0000: INFO  [gw1]: EXEC: routing/BGP/test_bgp_4node.py::TestBGPConfed::test_ipv6_confed_with_rr
2023-12-30 22:56:26,519 T0000: INFO  [gw1]: PASSED: routing/BGP/test_bgp_4node.py::TestBGPConfed::test_ipv6_confed_with_rr
2023-12-30 22:56:34,058 T0000: INFO  [gw1]: EXEC: routing/BGP/test_bgp_4node.py::TestBGPConfed::test_confed_route_distribution_with_rmap
2023-12-30 22:57:05,040 T0000: INFO  [gw1]: PASSED: routing/BGP/test_bgp_4node.py::TestBGPConfed::test_confed_route_distribution_with_rmap
2023-12-30 22:57:17,980 T0000: INFO  [gw1]: EXEC: routing/BGP/test_bgp_4node.py::test_ft_bgp_ibgp_RR_Loop
2023-12-30 22:57:44,535 T0000: INFO  [gw1]: PASSED: routing/BGP/test_bgp_4node.py::test_ft_bgp_ibgp_RR_Loop
2023-12-30 22:57:54,985 T0000: INFO  [gw1]: EXEC: routing/BGP/test_bgp_4node.py::test_ft_bgp_ebgp_community_map
2023-12-30 23:01:57,183 T0000: INFO  [gw1]: PASSED: routing/BGP/test_bgp_4node.py::test_ft_bgp_ebgp_community_map
2023-12-30 23:05:04,107 T0000: INFO  ============== NODE(gw1) FINISH gw1
2023-12-30 23:05:04,108 T0000: INFO  ============== Completed gw1  
2023-12-30 23:05:04,124 T0000: INFO  [gw2]: ===== Assigned Pre-Tests
2023-12-30 23:05:04,132 T0000: INFO  [gw3]: ===== Assigned Pre-Tests
2023-12-30 23:12:34,134 T0000: INFO  [gw3]: EXEC: routing/BGP/test_bgp.py::TestBGPRif::test_ft_bgp_v6_link_local_bgp
2023-12-30 23:17:12,628 T0000: INFO  [gw3]: XFAIL: routing/BGP/test_bgp.py::TestBGPRif::test_ft_bgp_v6_link_local_bgp
2023-12-30 23:17:18,901 T0000: INFO  [gw3]: EXEC: routing/BGP/test_bgp.py::TestBGPRif::test_ft_bgp_clear
2023-12-30 23:17:28,254 T0000: INFO  [gw3]: PASSED: routing/BGP/test_bgp.py::TestBGPRif::test_ft_bgp_clear
2023-12-30 23:17:33,940 T0000: INFO  [gw3]: EXEC: routing/BGP/test_bgp.py::TestBGPRif::test_ft_bgp_peer_traffic_check
2023-12-30 23:20:55,470 T0000: INFO  [gw3]: PASSED: routing/BGP/test_bgp.py::TestBGPRif::test_ft_bgp_peer_traffic_check
2023-12-30 23:21:05,107 T0000: INFO  [gw3]: EXEC: routing/BGP/test_bgp.py::TestBGPRif::test_ft_bgp_graceful_restart_and_aware_routers
2023-12-30 23:21:11,412 T0000: INFO  [gw3]: PASSED: routing/BGP/test_bgp.py::TestBGPRif::test_ft_bgp_graceful_restart_and_aware_routers
2023-12-30 23:21:17,548 T0000: INFO  [gw3]: EXEC: routing/BGP/test_bgp.py::TestBGPRif::test_ft_bgp_ipv4_no_route_aggregation_for_exact_prefix_match
2023-12-30 23:22:54,120 T0000: INFO  [gw3]: PASSED: routing/BGP/test_bgp.py::TestBGPRif::test_ft_bgp_ipv4_no_route_aggregation_for_exact_prefix_match
2023-12-30 23:23:00,682 T0000: INFO  [gw3]: EXEC: routing/BGP/test_bgp.py::TestBGPRif::test_ft_bgp_ipv4_route_aggregation_atomic_aggregate_without_as_set
2023-12-30 23:24:35,665 T0000: INFO  [gw3]: XFAIL: routing/BGP/test_bgp.py::TestBGPRif::test_ft_bgp_ipv4_route_aggregation_atomic_aggregate_without_as_set
2023-12-30 23:24:41,340 T0000: INFO  [gw3]: EXEC: routing/BGP/test_bgp.py::TestBGPRif::test_bgp_route_aggregation_4byteASN
2023-12-30 23:25:15,580 T0000: INFO  [gw3]: XFAIL: routing/BGP/test_bgp.py::TestBGPRif::test_bgp_route_aggregation_4byteASN
2023-12-30 23:25:21,376 T0000: INFO  [gw3]: EXEC: routing/BGP/test_bgp.py::TestBGPRif::test_ft_bgp_ipv6_route_aggregation_with_as_set
2023-12-30 23:26:16,996 T0000: INFO  [gw3]: PASSED: routing/BGP/test_bgp.py::TestBGPRif::test_ft_bgp_ipv6_route_aggregation_with_as_set
2023-12-30 23:26:23,421 T0000: INFO  [gw3]: EXEC: routing/BGP/test_bgp.py::TestBGPRif::test_ft_bgp_v4_dyn_nbr
2023-12-30 23:26:49,830 T0000: INFO  [gw3]: PASSED: routing/BGP/test_bgp.py::TestBGPRif::test_ft_bgp_v4_dyn_nbr
2023-12-30 23:26:54,872 T0000: INFO  [gw3]: EXEC: routing/BGP/test_bgp.py::TestBGPRif::test_ft_bgp_v6_dyn_nbr
2023-12-30 23:27:20,920 T0000: INFO  [gw3]: PASSED: routing/BGP/test_bgp.py::TestBGPRif::test_ft_bgp_v6_dyn_nbr
2023-12-30 23:27:26,007 T0000: INFO  [gw3]: EXEC: routing/BGP/test_bgp.py::TestBGPRif::test_ft_bgp_v4_max_dyn_nbr
2023-12-30 23:29:38,610 T0000: INFO  [gw3]: PASSED: routing/BGP/test_bgp.py::TestBGPRif::test_ft_bgp_v4_max_dyn_nbr
2023-12-30 23:29:43,541 T0000: INFO  [gw3]: EXEC: routing/BGP/test_bgp.py::TestBGPRif::test_ft_bgp_rmap
2023-12-30 23:29:57,908 T0000: INFO  [gw3]: PASSED: routing/BGP/test_bgp.py::TestBGPRif::test_ft_bgp_rmap
2023-12-30 23:30:49,631 T0000: INFO  [gw2]: EXEC: routing/VRF/test_vrf_scale.py::test_vrf_scale
2023-12-30 23:31:41,574 T0000: INFO  [gw3]: EXEC: routing/BGP/test_bgp.py::TestBGPIPvxRouteAdvertisementFilter::test_redistribute_connected_ipv4
2023-12-30 23:31:54,371 T0000: INFO  [gw3]: PASSED: routing/BGP/test_bgp.py::TestBGPIPvxRouteAdvertisementFilter::test_redistribute_connected_ipv4
2023-12-30 23:32:00,698 T0000: INFO  [gw3]: EXEC: routing/BGP/test_bgp.py::TestBGPIPvxRouteAdvertisementFilter::test_redistribute_static_ipv4
2023-12-30 23:32:15,139 T0000: INFO  [gw3]: PASSED: routing/BGP/test_bgp.py::TestBGPIPvxRouteAdvertisementFilter::test_redistribute_static_ipv4
2023-12-30 23:32:20,959 T0000: INFO  [gw3]: EXEC: routing/BGP/test_bgp.py::TestBGPIPvxRouteAdvertisementFilter::test_distribute_list_in_ipv4
2023-12-30 23:32:29,934 T0000: INFO  [gw3]: PASSED: routing/BGP/test_bgp.py::TestBGPIPvxRouteAdvertisementFilter::test_distribute_list_in_ipv4
2023-12-30 23:32:36,100 T0000: INFO  [gw3]: EXEC: routing/BGP/test_bgp.py::TestBGPIPvxRouteAdvertisementFilter::test_filter_list_in_ipv4
2023-12-30 23:32:45,001 T0000: INFO  [gw3]: PASSED: routing/BGP/test_bgp.py::TestBGPIPvxRouteAdvertisementFilter::test_filter_list_in_ipv4
2023-12-30 23:32:51,153 T0000: INFO  [gw3]: EXEC: routing/BGP/test_bgp.py::TestBGPIPvxRouteAdvertisementFilter::test_prefix_list_out_ipv4
2023-12-30 23:33:12,202 T0000: INFO  [gw3]: PASSED: routing/BGP/test_bgp.py::TestBGPIPvxRouteAdvertisementFilter::test_prefix_list_out_ipv4
2023-12-30 23:33:18,279 T0000: INFO  [gw3]: EXEC: routing/BGP/test_bgp.py::TestBGPIPvxRouteAdvertisementFilter::test_default_originate_ipv4
2023-12-30 23:33:27,698 T0000: INFO  [gw3]: PASSED: routing/BGP/test_bgp.py::TestBGPIPvxRouteAdvertisementFilter::test_default_originate_ipv4
2023-12-30 23:33:33,878 T0000: INFO  [gw3]: EXEC: routing/BGP/test_bgp.py::TestBGPIPvxRouteAdvertisementFilter::test_route_map_in_ipv4
2023-12-30 23:33:35,127 T0000: INFO  [gw3]: XFAIL: routing/BGP/test_bgp.py::TestBGPIPvxRouteAdvertisementFilter::test_route_map_in_ipv4
2023-12-30 23:33:45,379 T0000: INFO  [gw3]: EXEC: routing/BGP/test_bgp.py::TestBGPIPvxRouteAdvertisementFilter::test_redistribute_connected_ipv6
2023-12-30 23:33:58,395 T0000: INFO  [gw3]: PASSED: routing/BGP/test_bgp.py::TestBGPIPvxRouteAdvertisementFilter::test_redistribute_connected_ipv6
2023-12-30 23:34:04,816 T0000: INFO  [gw3]: EXEC: routing/BGP/test_bgp.py::TestBGPIPvxRouteAdvertisementFilter::test_redistribute_static_ipv6
2023-12-30 23:34:19,329 T0000: INFO  [gw3]: PASSED: routing/BGP/test_bgp.py::TestBGPIPvxRouteAdvertisementFilter::test_redistribute_static_ipv6
2023-12-30 23:34:25,212 T0000: INFO  [gw3]: EXEC: routing/BGP/test_bgp.py::TestBGPIPvxRouteAdvertisementFilter::test_distribute_list_in_ipv6
2023-12-30 23:34:34,126 T0000: INFO  [gw3]: PASSED: routing/BGP/test_bgp.py::TestBGPIPvxRouteAdvertisementFilter::test_distribute_list_in_ipv6
2023-12-30 23:34:40,399 T0000: INFO  [gw3]: EXEC: routing/BGP/test_bgp.py::TestBGPIPvxRouteAdvertisementFilter::test_filter_list_in_ipv6
2023-12-30 23:34:49,380 T0000: INFO  [gw3]: PASSED: routing/BGP/test_bgp.py::TestBGPIPvxRouteAdvertisementFilter::test_filter_list_in_ipv6
2023-12-30 23:34:55,511 T0000: INFO  [gw3]: EXEC: routing/BGP/test_bgp.py::TestBGPIPvxRouteAdvertisementFilter::test_prefix_list_out_ipv6
2023-12-30 23:35:04,897 T0000: INFO  [gw3]: PASSED: routing/BGP/test_bgp.py::TestBGPIPvxRouteAdvertisementFilter::test_prefix_list_out_ipv6
2023-12-30 23:35:11,007 T0000: INFO  [gw3]: EXEC: routing/BGP/test_bgp.py::TestBGPIPvxRouteAdvertisementFilter::test_filter_list_out_ipv6
2023-12-30 23:35:20,429 T0000: INFO  [gw3]: PASSED: routing/BGP/test_bgp.py::TestBGPIPvxRouteAdvertisementFilter::test_filter_list_out_ipv6
2023-12-30 23:35:26,688 T0000: INFO  [gw3]: EXEC: routing/BGP/test_bgp.py::TestBGPIPvxRouteAdvertisementFilter::test_default_originate_ipv6
2023-12-30 23:35:36,076 T0000: INFO  [gw3]: PASSED: routing/BGP/test_bgp.py::TestBGPIPvxRouteAdvertisementFilter::test_default_originate_ipv6
2023-12-30 23:35:46,430 T0000: INFO  [gw3]: EXEC: routing/BGP/test_bgp.py::TestBGPIPvxRouteAdvertisementFilter::test_route_map_in_ipv6
2023-12-30 23:35:51,308 T0000: INFO  [gw3]: XFAIL: routing/BGP/test_bgp.py::TestBGPIPvxRouteAdvertisementFilter::test_route_map_in_ipv6
2023-12-30 23:36:03,264 T0000: INFO  [gw3]: EXEC: routing/BGP/test_bgp.py::TestBGPIPvxRouteAdvertisementFilter::test_bgp_route_map_with_community
2023-12-30 23:36:21,666 T0000: INFO  [gw3]: PASSED: routing/BGP/test_bgp.py::TestBGPIPvxRouteAdvertisementFilter::test_bgp_route_map_with_community
2023-12-30 23:36:27,624 T0000: INFO  [gw3]: EXEC: routing/BGP/test_bgp.py::TestBGPIPvxRouteAdvertisementFilter::test_bgp_ebgp4_nbr_update_source
2023-12-30 23:36:44,490 T0000: INFO  [gw3]: PASSED: routing/BGP/test_bgp.py::TestBGPIPvxRouteAdvertisementFilter::test_bgp_ebgp4_nbr_update_source
2023-12-30 23:37:00,735 T0000: INFO  [gw3]: EXEC: routing/BGP/test_bgp.py::TestBGPIPvxRouteAdvertisementFilter::test_bgp_ebgp4_nbr_authentication
2023-12-30 23:37:11,456 T0000: INFO  [gw2]: XFAIL: routing/VRF/test_vrf_scale.py::test_vrf_scale
2023-12-30 23:37:17,767 T0000: INFO  [gw2]: EXEC: routing/VRF/test_vrf_scale.py::test_vrf_route_leak
2023-12-30 23:38:44,003 T0000: INFO  [gw3]: PASSED: routing/BGP/test_bgp.py::TestBGPIPvxRouteAdvertisementFilter::test_bgp_ebgp4_nbr_authentication
2023-12-30 23:38:50,176 T0000: INFO  [gw3]: EXEC: routing/BGP/test_bgp.py::TestBGPIPvxRouteAdvertisementFilter::test_route_aggregate_ipv6
2023-12-30 23:39:09,626 T0000: INFO  [gw3]: PASSED: routing/BGP/test_bgp.py::TestBGPIPvxRouteAdvertisementFilter::test_route_aggregate_ipv6
2023-12-30 23:39:15,995 T0000: INFO  [gw3]: EXEC: routing/BGP/test_bgp.py::TestBGPIPvxRouteAdvertisementFilter::test_static_blackhole_rt_redistribute_with_routemap_ipv6
2023-12-30 23:39:22,444 T0000: INFO  [gw2]: PASSED: routing/VRF/test_vrf_scale.py::test_vrf_route_leak
2023-12-30 23:39:28,228 T0000: INFO  [gw3]: PASSED: routing/BGP/test_bgp.py::TestBGPIPvxRouteAdvertisementFilter::test_static_blackhole_rt_redistribute_with_routemap_ipv6
2023-12-30 23:39:31,607 T0000: INFO  [gw2]: EXEC: routing/VRF/test_vrf_scale.py::test_vrf_bgp
2023-12-30 23:41:09,261 T0000: INFO  [gw3]: EXEC: routing/BGP/test_bgp.py::TestBGPVeLag::test_ft_bgp_clear
2023-12-30 23:41:16,790 T0000: INFO  [gw3]: PASSED: routing/BGP/test_bgp.py::TestBGPVeLag::test_ft_bgp_clear
2023-12-30 23:41:22,462 T0000: INFO  [gw3]: EXEC: routing/BGP/test_bgp.py::TestBGPVeLag::test_ft_bgp_peer_traffic_check
2023-12-30 23:44:43,828 T0000: INFO  [gw3]: PASSED: routing/BGP/test_bgp.py::TestBGPVeLag::test_ft_bgp_peer_traffic_check
2023-12-30 23:45:58,396 T0000: INFO  [gw3]: EXEC: routing/BGP/test_bgp.py::TestBGPL3Lag::test_ft_bgp_l3lag_peer_traffic_check
2023-12-30 23:49:20,154 T0000: INFO  [gw3]: PASSED: routing/BGP/test_bgp.py::TestBGPL3Lag::test_ft_bgp_l3lag_peer_traffic_check
2023-12-30 23:52:08,996 T0000: INFO  [gw2]: XFAIL: routing/VRF/test_vrf_scale.py::test_vrf_bgp
2023-12-30 23:52:17,046 T0000: INFO  [gw2]: EXEC: routing/VRF/test_vrf_scale.py::test_vrf_reload
2023-12-31 00:01:18,806 T0000: INFO  [gw3]: EXEC: routing/VRF/test_vrf.py::test_VrfFun001_06
2023-12-31 00:01:53,501 T0000: INFO  [gw3]: XFAIL: routing/VRF/test_vrf.py::test_VrfFun001_06
2023-12-31 00:01:55,030 T0000: INFO  [gw2]: XFAIL: routing/VRF/test_vrf_scale.py::test_vrf_reload
2023-12-31 00:01:58,701 T0000: INFO  [gw3]: EXEC: routing/VRF/test_vrf.py::test_VrfFun_26_27
2023-12-31 00:02:21,795 T0000: INFO  [gw3]: PASSED: routing/VRF/test_vrf.py::test_VrfFun_26_27
2023-12-31 00:02:28,244 T0000: INFO  [gw3]: EXEC: routing/VRF/test_vrf.py::test_VrfFun_10_12_14
2023-12-31 00:03:33,723 T0000: INFO  [gw3]: XFAIL: routing/VRF/test_vrf.py::test_VrfFun_10_12_14
2023-12-31 00:04:54,475 T0000: INFO  [gw3]: EXEC: routing/VRF/test_vrf.py::test_VrfFun_20_24_25_32_33_44_45
2023-12-31 00:05:36,245 T0000: INFO  [gw3]: XFAIL: routing/VRF/test_vrf.py::test_VrfFun_20_24_25_32_33_44_45
2023-12-31 00:05:55,075 T0000: INFO  [gw3]: EXEC: routing/VRF/test_vrf.py::test_VrfFun_05_50
2023-12-31 00:09:45,077 T0000: INFO  [gw2]: EXEC: system/test_sflow.py::test_ft_sflow_sampling_v6_sFlow_collector
2023-12-31 00:11:59,259 T0000: INFO  [gw2]: XFAIL: system/test_sflow.py::test_ft_sflow_sampling_v6_sFlow_collector
2023-12-31 00:12:10,339 T0000: INFO  [gw2]: EXEC: system/test_sflow.py::test_ft_sflow_max_sflow_collector_config
2023-12-31 00:12:36,852 T0000: INFO  [gw2]: PASSED: system/test_sflow.py::test_ft_sflow_max_sflow_collector_config
2023-12-31 00:12:42,332 T0000: INFO  [gw2]: EXEC: system/test_sflow.py::test_ft_system_config_mgmt_verifying_config_with_save_reboot_sflow
2023-12-31 00:12:47,873 T0000: INFO  [gw3]: XFAIL: routing/VRF/test_vrf.py::test_VrfFun_05_50
2023-12-31 00:13:57,535 T0000: INFO  [gw2]: PASSED: system/test_sflow.py::test_ft_system_config_mgmt_verifying_config_with_save_reboot_sflow
2023-12-31 00:16:51,070 T0000: INFO  [gw3]: EXEC: routing/test_ip.py::test_l3_v4_route_po_1
2023-12-31 00:19:14,729 T0000: INFO  [gw3]: XFAIL: routing/test_ip.py::test_l3_v4_route_po_1
2023-12-31 00:19:19,841 T0000: INFO  [gw3]: EXEC: routing/test_ip.py::test_ft_ping_v4_v6_vlan
2023-12-31 00:19:23,994 T0000: INFO  [gw3]: XFAIL: routing/test_ip.py::test_ft_ping_v4_v6_vlan
2023-12-31 00:19:29,264 T0000: INFO  [gw3]: EXEC: routing/test_ip.py::test_ft_ping_v4_v6_after_ip_change_pc
2023-12-31 00:19:30,833 T0000: INFO  [gw3]: XFAIL: routing/test_ip.py::test_ft_ping_v4_v6_after_ip_change_pc
2023-12-31 00:19:35,877 T0000: INFO  [gw3]: EXEC: routing/test_ip.py::test_ft_ip6_static_route_traffic_forward_blackhole
2023-12-31 00:20:40,611 T0000: INFO  [gw3]: XFAIL: routing/test_ip.py::test_ft_ip6_static_route_traffic_forward_blackhole
2023-12-31 00:20:45,864 T0000: INFO  [gw3]: EXEC: routing/test_ip.py::test_ft_ip_static_route_traffic_forward
2023-12-31 00:21:36,972 T0000: INFO  [gw3]: PASSED: routing/test_ip.py::test_ft_ip_static_route_traffic_forward
2023-12-31 00:21:41,942 T0000: INFO  [gw3]: EXEC: routing/test_ip.py::test_ft_ip_v4_v6_L2_L3_translation
2023-12-31 00:23:08,786 T0000: INFO  [gw3]: PASSED: routing/test_ip.py::test_ft_ip_v4_v6_L2_L3_translation
2023-12-31 00:23:14,651 T0000: INFO  [gw3]: EXEC: routing/test_ip.py::test_ft_verify_interfaces_order
2023-12-31 00:23:27,170 T0000: INFO  [gw3]: PASSED: routing/test_ip.py::test_ft_verify_interfaces_order
2023-12-31 00:23:47,034 T0000: INFO  [gw2]: EXEC: routing/BGP/test_bgp_rr_traffic.py::TestBGPRrTraffic::test_ft_bgp6_rr_traffic_check
2023-12-31 00:26:16,908 T0000: INFO  [gw2]: PASSED: routing/BGP/test_bgp_rr_traffic.py::TestBGPRrTraffic::test_ft_bgp6_rr_traffic_check
2023-12-31 00:28:00,327 T0000: INFO  [gw3]: EXEC: sanity/test_sanity_l3.py::test_l2_to_l3_port
2023-12-31 00:29:38,650 T0000: INFO  [gw3]: XFAIL: sanity/test_sanity_l3.py::test_l2_to_l3_port
2023-12-31 00:29:53,737 T0000: INFO  ============== NODE(gw2) FINISH gw2
2023-12-31 00:29:53,738 T0000: INFO  ============== Completed gw2  
2023-12-31 00:29:53,792 T0000: INFO  [gw4]: ===== Assigned Pre-Tests
2023-12-31 00:29:53,809 T0000: INFO  [gw6]: ===== Assigned Pre-Tests
2023-12-31 00:33:54,268 T0000: INFO  ============== NODE(gw3) FINISH gw3
2023-12-31 00:33:54,268 T0000: INFO  ============== Completed gw3  
2023-12-31 00:33:54,271 T0000: INFO  [gw5]: ===== Assigned Pre-Tests
2023-12-31 00:33:54,273 T0000: INFO  [gw7]: ===== Assigned Pre-Tests
2023-12-31 00:35:29,057 T0000: INFO  [gw6]: EXEC: routing/NAT/test_nat.py::test_ft_nat_docker_restart
2023-12-31 00:35:30,950 T0000: INFO  [gw4]: EXEC: routing/test_l3_performance.py::test_ft_l3_performance_enhancements_v4_route_intstall_withdraw
2023-12-31 00:36:09,696 T0000: INFO  [gw4]: XFAIL: routing/test_l3_performance.py::test_ft_l3_performance_enhancements_v4_route_intstall_withdraw
2023-12-31 00:36:12,919 T0000: INFO  [gw6]: PASSED: routing/NAT/test_nat.py::test_ft_nat_docker_restart
2023-12-31 00:36:19,640 T0000: INFO  [gw4]: EXEC: routing/test_l3_performance.py::test_cli_validation_ip_address
2023-12-31 00:37:28,149 T0000: INFO  [gw4]: PASSED: routing/test_l3_performance.py::test_cli_validation_ip_address
2023-12-31 00:37:33,001 T0000: INFO  [gw4]: EXEC: routing/test_l3_performance.py::test_cli_validation_bgp_router_config
2023-12-31 00:37:50,301 T0000: INFO  [gw4]: PASSED: routing/test_l3_performance.py::test_cli_validation_bgp_router_config
2023-12-31 00:38:17,957 T0000: INFO  [gw5]: EXEC: system/test_device_mgmt.py::test_ft_ip_static_ip_on_mgmt_intrf
2023-12-31 00:38:35,165 T0000: INFO  [gw5]: PASSED: system/test_device_mgmt.py::test_ft_ip_static_ip_on_mgmt_intrf
2023-12-31 00:40:17,577 T0000: INFO  [gw7]: EXEC: qos/test_qos_save_reboot.py::test_ft_qos_config_mgmt_verifying_config_with_save_reboot
2023-12-31 00:40:18,219 T0000: INFO  ============== NODE(gw5) FINISH gw5
2023-12-31 00:40:18,219 T0000: INFO  ============== Completed gw5  
2023-12-31 00:41:44,716 T0000: INFO  [gw6]: EXEC: routing/test_arp.py::test_ft_arp_dynamic_renew_traffic_test
2023-12-31 00:42:38,231 T0000: INFO  [gw6]: PASSED: routing/test_arp.py::test_ft_arp_dynamic_renew_traffic_test
2023-12-31 00:42:45,842 T0000: INFO  [gw4]: EXEC: routing/test_ndp.py::test_ft_ipv6_neighbor_entry
2023-12-31 00:42:56,779 T0000: INFO  [gw4]: PASSED: routing/test_ndp.py::test_ft_ipv6_neighbor_entry
2023-12-31 00:43:36,500 T0000: INFO  [gw7]: PASSED: qos/test_qos_save_reboot.py::test_ft_qos_config_mgmt_verifying_config_with_save_reboot
2023-12-31 00:45:18,444 T0000: INFO  ============== NODE(gw4) FINISH gw4
2023-12-31 00:45:18,445 T0000: INFO  ============== Completed gw4  
2023-12-31 00:45:39,730 T0000: INFO  ============== NODE(gw6) FINISH gw6
2023-12-31 00:45:39,731 T0000: INFO  ============== Completed gw6  
2023-12-31 00:45:50,514 T0000: INFO  ============== NODE(gw7) FINISH gw7
2023-12-31 00:45:50,516 T0000: INFO  ============== Completed gw7  
2023-12-31 00:45:50,566 T0000: INFO  update free pod devices ['V1', 'V2', 'V3', 'V4']
2023-12-31 00:45:50,567 T0000: INFO  update free pod devices ['unknown:V1', 'unknown:V2', 'unknown:V3', 'unknown:V4']
