2024-01-06 22:41:56,609 T0000: NOTICE Execution Start Time: 2024-01-06 22:41:56.609116
2024-01-06 22:41:56,609 T0000: NOTICE LOGS PATH: /data/work/logs/vm-master-449093-l3
2024-01-06 22:41:57,123 T0000: NOTICE VERSION: UNKNOWN UNKNOWN UNKNOWN
2024-01-06 22:41:57,123 T0000: NOTICE HOST: sonicmgmtmaster MEM: 376gb 51.8%
2024-01-06 22:41:57,123 T0000: NOTICE ROOT_PATH: /repo
2024-01-06 22:41:57,123 T0000: NOTICE Python: 3.8.10
2024-01-06 22:41:57,123 T0000: NOTICE Topology unknown: D1T1:4,D1D2:6,D1D3:4,D1D4:4,D2T1:4,D2D3:4,D2D4:4,D3T1:4,D3D4:6,D4T1:4
2024-01-06 22:41:57,123 T0000: DEBUG 
SUITE ARGS: --load-image none --max-time module 9000 --max-time function 5400 --max-time session 3600 --logs-level=debug --topology-check=function --env SPYTEST_TESTBED_IGNORE_CONSTRAINTS TG,TGCARD,TGSPEED,CHIP,MODEL --noop --env SPYTEST_RESET_CONSOLES 0 --noop --env SPYTEST_ONREBOOT_RENEW_MGMT_IP 1 --noop --env SPYTEST_RECOVERY_CR_PER_CMD_POST_OP 1 --noop --env SPYTEST_BATCH_POLL_STATUS_TIME 300 --noop --env SPYTEST_BATCH_DEAD_NODE_MAX_TIME 7200 --noop --breakout-mode none --env SPYTEST_SHUTDOWN_FREE_PORTS 1 --env SPYTEST_HOOKS_BREAKOUT_UITYPE click --env SPYTEST_ONREBOOT_RENEW_MGMT_IP 0 --env SPYTEST_VERIFY_CSV_MIN_TOPOLOGY 1 --env SPYTEST_CMD_FAIL_RESULT_SUPPORT 0 --env SPYTEST_ROUTING_CONFIG_MODE split --env SPYTEST_CLEAR_DEVICE_METADATA_BGP_ASN 1 --env SPYTEST_TEXTFSM_USE_BUNDLED_PARSER 1 --feature-group master --ifname-type native --feature-disable bcmcmd --feature-disable warm-reboot --save config-db module --tclist-csv TestBGPConfed.test_confed_route_distribution_with_rmap,TestBGPConfed.test_ipv6_confed_route_distribution,TestBGPConfed.test_ipv6_confed_with_rr,TestBGPIPvxRouteAdvertisementFilter.test_bgp_ebgp4_nbr_authentication,TestBGPIPvxRouteAdvertisementFilter.test_bgp_ebgp4_nbr_update_source,TestBGPIPvxRouteAdvertisementFilter.test_bgp_route_map_with_community,TestBGPIPvxRouteAdvertisementFilter.test_default_originate_ipv4,TestBGPIPvxRouteAdvertisementFilter.test_distribute_list_in_ipv4,TestBGPIPvxRouteAdvertisementFilter.test_distribute_list_in_ipv6,TestBGPIPvxRouteAdvertisementFilter.test_filter_list_in_ipv4,TestBGPIPvxRouteAdvertisementFilter.test_filter_list_in_ipv6,TestBGPIPvxRouteAdvertisementFilter.test_filter_list_out_ipv6,TestBGPIPvxRouteAdvertisementFilter.test_prefix_list_out_ipv4,TestBGPIPvxRouteAdvertisementFilter.test_prefix_list_out_ipv6,TestBGPIPvxRouteAdvertisementFilter.test_route_aggregate_ipv6,TestBGPIPvxRouteAdvertisementFilter.test_route_map_in_ipv4,TestBGPIPvxRouteAdvertisementFilter.test_route_map_in_ipv6,TestBGPIPvxRouteAdvertisementFilter.test_static_blackhole_rt_redistribute_with_routemap_ipv6,TestBGPL3Lag.test_ft_bgp_l3lag_peer_traffic_check,TestBGPRif.test_bgp_route_aggregation_4byteASN,TestBGPRif.test_ft_bgp_clear,TestBGPRif.test_ft_bgp_graceful_restart_and_aware_routers,TestBGPRif.test_ft_bgp_peer_traffic_check,TestBGPRif.test_ft_bgp_rmap,TestBGPRif.test_ft_bgp_v4_dyn_nbr,TestBGPRif.test_ft_bgp_v6_dyn_nbr,TestBGPRif.test_ft_bgp_v6_link_local_bgp,TestBGPRrTraffic.test_ft_bgp6_rr_traffic_check,TestBGPVeLag.test_ft_bgp_clear,TestBGPVeLag.test_ft_bgp_peer_traffic_check,test_VrfFun001_06,test_VrfFun_05_50,test_VrfFun_10_12_14,test_VrfFun_20_24_25_32_33_44_45,test_VrfFun_26_27,test_cli_validation_bgp_router_config,test_cli_validation_ip_address,test_ft_arp_dynamic_renew_traffic_test,test_ft_bgp_ebgp_community_map,test_ft_bgp_ibgp_RR_Loop,test_ft_ip6_static_route_traffic_forward_blackhole,test_ft_ip_static_ip_on_mgmt_intrf,test_ft_ip_static_route_traffic_forward,test_ft_ip_v4_v6_L2_L3_translation,test_ft_ipv6_neighbor_entry,test_ft_l3_performance_enhancements_v4_route_intstall_withdraw,test_ft_nat_docker_restart,test_ft_ping_v4_v6_after_ip_change_pc,test_ft_ping_v4_v6_vlan,test_ft_qos_config_mgmt_verifying_config_with_save_reboot,test_ft_sflow_max_sflow_collector_config,test_ft_sflow_sampling_v6_sFlow_collector,test_ft_system_config_mgmt_verifying_config_with_save_reboot_sflow,test_ft_verify_interfaces_order,test_l2_to_l3_port,test_l3_v4_route_po_1,test_vrf_bgp,test_vrf_reload,test_vrf_route_leak,test_vrf_scale,TestBGPRif.test_ft_bgp_ipv4_no_route_aggregation_for_exact_prefix_match,TestBGPRif.test_ft_bgp_ipv4_route_aggregation_atomic_aggregate_without_as_set,TestBGPRif.test_ft_bgp_ipv6_route_aggregation_with_as_set,TestBGPRif.test_ft_bgp_v4_max_dyn_nbr,TestBGPIPvxRouteAdvertisementFilter.test_redistribute_connected_ipv4,TestBGPIPvxRouteAdvertisementFilter.test_redistribute_static_ipv4,TestBGPIPvxRouteAdvertisementFilter.test_redistribute_connected_ipv6,TestBGPIPvxRouteAdvertisementFilter.test_redistribute_static_ipv6,TestBGPIPvxRouteAdvertisementFilter.test_default_originate_ipv6,test_spytest_infra_first,test_spytest_infra_second,test_spytest_infra_last --noop

2024-01-06 22:41:57,123 T0000: NOTICE ARGS: --logs-level debug --results-prefix=results --get-tech-support none --fetch-core-files none --syslog-check none --save config-db module --topology-check module --logs-path logs/2024-01-06-22-41-51 --continue-on-collection-errors --max-time session 0 --max-time module 0 --max-time function 0 --noop --tryssh=0 --testbed-file testbed.yaml --env SPYTEST_RPS_DEBUG 0 --tclist-bucket 1,2,4 --test-suite community-vs-l3 --email rama.kristipati@broadcom.com --env SPYTEST_SCAPY_DBG_LVL 2 --noop --env SPYTEST_EMAIL_FROM SPyTest-VSNet@broadcom.com --noop --logs-path logs/vm-master-449093-l3 --env SPYTEST_EMAIL_BODY_PREFIX http://10.193.81.56:8080/sonic_mgmt_master/work/logs/vm-master-449093-l3/dashboard.html --email-subject-nargs VSNet-sonic_mgmt_master-VM-L3-{{bldver}} : {{passrate}}: {{pass_cnt}}/{{executed}} vm-master-449093-l3 --noop --feature-group master
2024-01-06 22:42:00,789 T0000: INFO  TRY-1 routing/BGP/test_bgp_4node.py 4 1 D1D2:1 D2D3:1 D2D4:1 D3D4:1 D3D1:1 TGEN=ixia
2024-01-06 22:42:00,791 T0000: INFO  matched testbed gw1 to execute bucket 4 routing/BGP/test_bgp_4node.py D1D2:1 D2D3:1 D2D4:1 D3D4:1 D3D1:1 TGEN=ixia
2024-01-06 22:42:00,791 T0000: INFO  TRY-1 routing/NAT/test_nat.py 1 1 D1T1:2 CHIP=TD2|TD3|TH2|TH1 MODEL1=ent TGEN=ixia CHIP_REV=NA|X5|X7
2024-01-06 22:42:00,792 T0000: INFO  matched testbed gw4 to execute bucket 1 routing/NAT/test_nat.py D1T1:2 CHIP=TD2|TD3|TH2|TH1 MODEL1=ent TGEN=ixia CHIP_REV=NA|X5|X7
2024-01-06 22:42:00,793 T0000: INFO  matched testbed gw5 to execute bucket 1 routing/NAT/test_nat.py D1T1:2 CHIP=TD2|TD3|TH2|TH1 MODEL1=ent TGEN=ixia CHIP_REV=NA|X5|X7
2024-01-06 22:42:00,793 T0000: INFO  matched testbed gw6 to execute bucket 1 routing/NAT/test_nat.py D1T1:2 CHIP=TD2|TD3|TH2|TH1 MODEL1=ent TGEN=ixia CHIP_REV=NA|X5|X7
2024-01-06 22:42:00,793 T0000: INFO  matched testbed gw7 to execute bucket 1 routing/NAT/test_nat.py D1T1:2 CHIP=TD2|TD3|TH2|TH1 MODEL1=ent TGEN=ixia CHIP_REV=NA|X5|X7
2024-01-06 22:42:00,794 T0000: INFO  TRY-1 routing/test_ndp.py 1 1 D1T1:2 TGEN=ixia
2024-01-06 22:42:00,794 T0000: INFO  matched testbed gw4 to execute bucket 1 routing/test_ndp.py D1T1:2 TGEN=ixia
2024-01-06 22:42:00,794 T0000: INFO  matched testbed gw5 to execute bucket 1 routing/test_ndp.py D1T1:2 TGEN=ixia
2024-01-06 22:42:00,795 T0000: INFO  matched testbed gw6 to execute bucket 1 routing/test_ndp.py D1T1:2 TGEN=ixia
2024-01-06 22:42:00,795 T0000: INFO  matched testbed gw7 to execute bucket 1 routing/test_ndp.py D1T1:2 TGEN=ixia
2024-01-06 22:42:00,795 T0000: INFO  TRY-1 system/test_device_mgmt.py 1 1 D1
2024-01-06 22:42:00,795 T0000: INFO  matched testbed gw4 to execute bucket 1 system/test_device_mgmt.py D1
2024-01-06 22:42:00,796 T0000: INFO  matched testbed gw5 to execute bucket 1 system/test_device_mgmt.py D1
2024-01-06 22:42:00,796 T0000: INFO  matched testbed gw6 to execute bucket 1 system/test_device_mgmt.py D1
2024-01-06 22:42:00,796 T0000: INFO  matched testbed gw7 to execute bucket 1 system/test_device_mgmt.py D1
2024-01-06 22:42:00,796 T0000: INFO  TRY-1 routing/BGP/test_bgp.py 2 1 D1D2:1 D1T1:1 D2T1:1 TGEN=ixia
2024-01-06 22:42:00,797 T0000: INFO  matched testbed gw2 to execute bucket 2 routing/BGP/test_bgp.py D1D2:1 D1T1:1 D2T1:1 TGEN=ixia
2024-01-06 22:42:00,797 T0000: INFO  matched testbed gw3 to execute bucket 2 routing/BGP/test_bgp.py D1D2:1 D1T1:1 D2T1:1 TGEN=ixia
2024-01-06 22:42:00,798 T0000: INFO  TRY-1 routing/VRF/test_vrf.py 2 1 D1D2:4 D1T1:2 D2T1:2 TGEN=ixia
2024-01-06 22:42:00,798 T0000: INFO  matched testbed gw2 to execute bucket 2 routing/VRF/test_vrf.py D1D2:4 D1T1:2 D2T1:2 TGEN=ixia
2024-01-06 22:42:00,799 T0000: INFO  matched testbed gw3 to execute bucket 2 routing/VRF/test_vrf.py D1D2:4 D1T1:2 D2T1:2 TGEN=ixia
2024-01-06 22:42:00,799 T0000: INFO  TRY-1 routing/VRF/test_vrf_scale.py 2 1 D1D2:4 D1T1:2 D2T1:2 CHIP_REV=!X2
2024-01-06 22:42:00,800 T0000: INFO  matched testbed gw2 to execute bucket 2 routing/VRF/test_vrf_scale.py D1D2:4 D1T1:2 D2T1:2 CHIP_REV=!X2
2024-01-06 22:42:00,800 T0000: INFO  matched testbed gw3 to execute bucket 2 routing/VRF/test_vrf_scale.py D1D2:4 D1T1:2 D2T1:2 CHIP_REV=!X2
2024-01-06 22:42:00,800 T0000: INFO  TRY-1 routing/test_ip.py 2 1 D1T1:2 D2T1:2 D1D2:4 CHIP=TD3 TGEN=ixia
2024-01-06 22:42:00,801 T0000: INFO  matched testbed gw2 to execute bucket 2 routing/test_ip.py D1T1:2 D2T1:2 D1D2:4 CHIP=TD3 TGEN=ixia
2024-01-06 22:42:00,801 T0000: INFO  matched testbed gw3 to execute bucket 2 routing/test_ip.py D1T1:2 D2T1:2 D1D2:4 CHIP=TD3 TGEN=ixia
2024-01-06 22:42:00,802 T0000: INFO  TRY-1 sanity/test_sanity_l3.py 2 1 D1D2:1 D1T1:1 D2T1:1
2024-01-06 22:42:00,802 T0000: INFO  matched testbed gw2 to execute bucket 2 sanity/test_sanity_l3.py D1D2:1 D1T1:1 D2T1:1
2024-01-06 22:42:00,802 T0000: INFO  matched testbed gw3 to execute bucket 2 sanity/test_sanity_l3.py D1D2:1 D1T1:1 D2T1:1
2024-01-06 22:42:00,803 T0000: INFO  TRY-1 system/test_sflow.py 2 1 D1T1:1 D2T1:2 D1D2:1 TGCARD=stc|novus10
2024-01-06 22:42:00,804 T0000: INFO  matched testbed gw2 to execute bucket 2 system/test_sflow.py D1T1:1 D2T1:2 D1D2:1 TGCARD=stc|novus10
2024-01-06 22:42:00,804 T0000: INFO  matched testbed gw3 to execute bucket 2 system/test_sflow.py D1T1:1 D2T1:2 D1D2:1 TGCARD=stc|novus10
2024-01-06 22:42:00,804 T0000: INFO  TRY-1 routing/test_l3_performance.py 1 1 D1T1:2 CHIP_REV=!X2
2024-01-06 22:42:00,805 T0000: INFO  matched testbed gw4 to execute bucket 1 routing/test_l3_performance.py D1T1:2 CHIP_REV=!X2
2024-01-06 22:42:00,805 T0000: INFO  matched testbed gw5 to execute bucket 1 routing/test_l3_performance.py D1T1:2 CHIP_REV=!X2
2024-01-06 22:42:00,805 T0000: INFO  matched testbed gw6 to execute bucket 1 routing/test_l3_performance.py D1T1:2 CHIP_REV=!X2
2024-01-06 22:42:00,806 T0000: INFO  matched testbed gw7 to execute bucket 1 routing/test_l3_performance.py D1T1:2 CHIP_REV=!X2
2024-01-06 22:42:00,806 T0000: INFO  TRY-1 routing/BGP/test_bgp_rr_traffic.py 2 1 D1D2:1 D1T1:1 D2T1:1 TGEN=ixia
2024-01-06 22:42:00,807 T0000: INFO  matched testbed gw2 to execute bucket 2 routing/BGP/test_bgp_rr_traffic.py D1D2:1 D1T1:1 D2T1:1 TGEN=ixia
2024-01-06 22:42:00,807 T0000: INFO  matched testbed gw3 to execute bucket 2 routing/BGP/test_bgp_rr_traffic.py D1D2:1 D1T1:1 D2T1:1 TGEN=ixia
2024-01-06 22:42:00,807 T0000: INFO  TRY-1 qos/test_qos_save_reboot.py 1 1 D1T1:1 TGEN=ixia
2024-01-06 22:42:00,808 T0000: INFO  matched testbed gw4 to execute bucket 1 qos/test_qos_save_reboot.py D1T1:1 TGEN=ixia
2024-01-06 22:42:00,808 T0000: INFO  matched testbed gw5 to execute bucket 1 qos/test_qos_save_reboot.py D1T1:1 TGEN=ixia
2024-01-06 22:42:00,808 T0000: INFO  matched testbed gw6 to execute bucket 1 qos/test_qos_save_reboot.py D1T1:1 TGEN=ixia
2024-01-06 22:42:00,809 T0000: INFO  matched testbed gw7 to execute bucket 1 qos/test_qos_save_reboot.py D1T1:1 TGEN=ixia
2024-01-06 22:42:00,809 T0000: INFO  TRY-1 routing/test_arp.py 1 1 D1T1:2 TGEN=ixia
2024-01-06 22:42:00,809 T0000: INFO  matched testbed gw4 to execute bucket 1 routing/test_arp.py D1T1:2 TGEN=ixia
2024-01-06 22:42:00,809 T0000: INFO  matched testbed gw5 to execute bucket 1 routing/test_arp.py D1T1:2 TGEN=ixia
2024-01-06 22:42:00,810 T0000: INFO  matched testbed gw6 to execute bucket 1 routing/test_arp.py D1T1:2 TGEN=ixia
2024-01-06 22:42:00,810 T0000: INFO  matched testbed gw7 to execute bucket 1 routing/test_arp.py D1T1:2 TGEN=ixia
2024-01-06 22:42:00,855 T0000: INFO  Start Monitoring poll_time=300 max_time=7200 DBG=0
2024-01-06 22:42:00,865 T0000: INFO  ============== NODE(gw0) FINISH gw0
2024-01-06 22:42:00,865 T0000: INFO  ============== Completed gw0  
2024-01-06 22:42:00,866 T0000: INFO  [gw1]: ===== Assigned Pre-Tests
2024-01-06 22:49:53,642 T0000: INFO  [gw1]: EXEC: routing/BGP/test_bgp_4node.py::TestBGPConfed::test_ipv6_confed_route_distribution
2024-01-06 22:50:09,885 T0000: INFO  [gw1]: XFAIL: routing/BGP/test_bgp_4node.py::TestBGPConfed::test_ipv6_confed_route_distribution
2024-01-06 22:50:17,542 T0000: INFO  [gw1]: EXEC: routing/BGP/test_bgp_4node.py::TestBGPConfed::test_ipv6_confed_with_rr
2024-01-06 22:50:57,594 T0000: INFO  [gw1]: XFAIL: routing/BGP/test_bgp_4node.py::TestBGPConfed::test_ipv6_confed_with_rr
2024-01-06 22:51:07,326 T0000: INFO  [gw1]: EXEC: routing/BGP/test_bgp_4node.py::TestBGPConfed::test_confed_route_distribution_with_rmap
2024-01-06 22:51:38,130 T0000: INFO  [gw1]: PASSED: routing/BGP/test_bgp_4node.py::TestBGPConfed::test_confed_route_distribution_with_rmap
2024-01-06 22:51:53,193 T0000: INFO  [gw1]: EXEC: routing/BGP/test_bgp_4node.py::test_ft_bgp_ibgp_RR_Loop
2024-01-06 22:52:20,002 T0000: INFO  [gw1]: FAILED: routing/BGP/test_bgp_4node.py::test_ft_bgp_ibgp_RR_Loop
2024-01-06 22:52:32,193 T0000: INFO  [gw1]: EXEC: routing/BGP/test_bgp_4node.py::test_ft_bgp_ebgp_community_map
2024-01-06 22:56:34,638 T0000: INFO  [gw1]: PASSED: routing/BGP/test_bgp_4node.py::test_ft_bgp_ebgp_community_map
2024-01-06 23:00:05,910 T0000: INFO  ============== NODE(gw1) FINISH gw1
2024-01-06 23:00:05,919 T0000: INFO  ============== Completed gw1  
2024-01-06 23:00:05,946 T0000: INFO  [gw2]: ===== Assigned Pre-Tests
2024-01-06 23:00:05,950 T0000: INFO  [gw3]: ===== Assigned Pre-Tests
2024-01-06 23:08:11,405 T0000: INFO  [gw2]: EXEC: routing/BGP/test_bgp.py::TestBGPRif::test_ft_bgp_v6_link_local_bgp
2024-01-06 23:08:27,035 T0000: INFO  [gw2]: PASSED: routing/BGP/test_bgp.py::TestBGPRif::test_ft_bgp_v6_link_local_bgp
2024-01-06 23:08:33,497 T0000: INFO  [gw2]: EXEC: routing/BGP/test_bgp.py::TestBGPRif::test_ft_bgp_clear
2024-01-06 23:08:42,803 T0000: INFO  [gw2]: PASSED: routing/BGP/test_bgp.py::TestBGPRif::test_ft_bgp_clear
2024-01-06 23:08:48,727 T0000: INFO  [gw2]: EXEC: routing/BGP/test_bgp.py::TestBGPRif::test_ft_bgp_peer_traffic_check
2024-01-06 23:12:10,198 T0000: INFO  [gw2]: PASSED: routing/BGP/test_bgp.py::TestBGPRif::test_ft_bgp_peer_traffic_check
2024-01-06 23:12:20,030 T0000: INFO  [gw2]: EXEC: routing/BGP/test_bgp.py::TestBGPRif::test_ft_bgp_graceful_restart_and_aware_routers
2024-01-06 23:12:26,446 T0000: INFO  [gw2]: PASSED: routing/BGP/test_bgp.py::TestBGPRif::test_ft_bgp_graceful_restart_and_aware_routers
2024-01-06 23:12:32,840 T0000: INFO  [gw2]: EXEC: routing/BGP/test_bgp.py::TestBGPRif::test_ft_bgp_ipv4_no_route_aggregation_for_exact_prefix_match
2024-01-06 23:12:39,654 T0000: INFO  [gw3]: EXEC: routing/VRF/test_vrf.py::test_VrfFun001_06
2024-01-06 23:12:59,725 T0000: INFO  [gw3]: PASSED: routing/VRF/test_vrf.py::test_VrfFun001_06
2024-01-06 23:13:05,707 T0000: INFO  [gw3]: EXEC: routing/VRF/test_vrf.py::test_VrfFun_26_27
2024-01-06 23:13:28,814 T0000: INFO  [gw3]: PASSED: routing/VRF/test_vrf.py::test_VrfFun_26_27
2024-01-06 23:13:35,606 T0000: INFO  [gw3]: EXEC: routing/VRF/test_vrf.py::test_VrfFun_10_12_14
2024-01-06 23:14:04,995 T0000: INFO  [gw3]: PASSED: routing/VRF/test_vrf.py::test_VrfFun_10_12_14
2024-01-06 23:14:10,689 T0000: INFO  [gw2]: XFAIL: routing/BGP/test_bgp.py::TestBGPRif::test_ft_bgp_ipv4_no_route_aggregation_for_exact_prefix_match
2024-01-06 23:14:16,632 T0000: INFO  [gw2]: EXEC: routing/BGP/test_bgp.py::TestBGPRif::test_ft_bgp_ipv4_route_aggregation_atomic_aggregate_without_as_set
2024-01-06 23:15:26,367 T0000: INFO  [gw3]: EXEC: routing/VRF/test_vrf.py::test_VrfFun_20_24_25_32_33_44_45
2024-01-06 23:15:51,648 T0000: INFO  [gw3]: PASSED: routing/VRF/test_vrf.py::test_VrfFun_20_24_25_32_33_44_45
2024-01-06 23:15:57,504 T0000: INFO  [gw2]: XFAIL: routing/BGP/test_bgp.py::TestBGPRif::test_ft_bgp_ipv4_route_aggregation_atomic_aggregate_without_as_set
2024-01-06 23:16:04,217 T0000: INFO  [gw2]: EXEC: routing/BGP/test_bgp.py::TestBGPRif::test_bgp_route_aggregation_4byteASN
2024-01-06 23:16:10,757 T0000: INFO  [gw3]: EXEC: routing/VRF/test_vrf.py::test_VrfFun_05_50
2024-01-06 23:16:38,677 T0000: INFO  [gw2]: XFAIL: routing/BGP/test_bgp.py::TestBGPRif::test_bgp_route_aggregation_4byteASN
2024-01-06 23:16:44,688 T0000: INFO  [gw2]: EXEC: routing/BGP/test_bgp.py::TestBGPRif::test_ft_bgp_ipv6_route_aggregation_with_as_set
2024-01-06 23:17:33,420 T0000: INFO  [gw2]: XFAIL: routing/BGP/test_bgp.py::TestBGPRif::test_ft_bgp_ipv6_route_aggregation_with_as_set
2024-01-06 23:17:40,126 T0000: INFO  [gw2]: EXEC: routing/BGP/test_bgp.py::TestBGPRif::test_ft_bgp_v4_dyn_nbr
2024-01-06 23:18:07,304 T0000: INFO  [gw2]: PASSED: routing/BGP/test_bgp.py::TestBGPRif::test_ft_bgp_v4_dyn_nbr
2024-01-06 23:18:12,671 T0000: INFO  [gw2]: EXEC: routing/BGP/test_bgp.py::TestBGPRif::test_ft_bgp_v6_dyn_nbr
2024-01-06 23:18:39,595 T0000: INFO  [gw2]: PASSED: routing/BGP/test_bgp.py::TestBGPRif::test_ft_bgp_v6_dyn_nbr
2024-01-06 23:18:44,922 T0000: INFO  [gw2]: EXEC: routing/BGP/test_bgp.py::TestBGPRif::test_ft_bgp_v4_max_dyn_nbr
2024-01-06 23:19:27,349 T0000: INFO  [gw3]: PASSED: routing/VRF/test_vrf.py::test_VrfFun_05_50
2024-01-06 23:23:31,366 T0000: INFO  [gw2]: XFAIL: routing/BGP/test_bgp.py::TestBGPRif::test_ft_bgp_v4_max_dyn_nbr
2024-01-06 23:23:36,716 T0000: INFO  [gw2]: EXEC: routing/BGP/test_bgp.py::TestBGPRif::test_ft_bgp_rmap
2024-01-06 23:23:50,995 T0000: INFO  [gw2]: PASSED: routing/BGP/test_bgp.py::TestBGPRif::test_ft_bgp_rmap
2024-01-06 23:25:38,220 T0000: INFO  [gw2]: EXEC: routing/BGP/test_bgp.py::TestBGPIPvxRouteAdvertisementFilter::test_redistribute_connected_ipv4
2024-01-06 23:25:51,637 T0000: INFO  [gw2]: XFAIL: routing/BGP/test_bgp.py::TestBGPIPvxRouteAdvertisementFilter::test_redistribute_connected_ipv4
2024-01-06 23:25:59,273 T0000: INFO  [gw2]: EXEC: routing/BGP/test_bgp.py::TestBGPIPvxRouteAdvertisementFilter::test_redistribute_static_ipv4
2024-01-06 23:26:14,124 T0000: INFO  [gw2]: XFAIL: routing/BGP/test_bgp.py::TestBGPIPvxRouteAdvertisementFilter::test_redistribute_static_ipv4
2024-01-06 23:26:20,496 T0000: INFO  [gw2]: EXEC: routing/BGP/test_bgp.py::TestBGPIPvxRouteAdvertisementFilter::test_distribute_list_in_ipv4
2024-01-06 23:26:29,430 T0000: INFO  [gw2]: PASSED: routing/BGP/test_bgp.py::TestBGPIPvxRouteAdvertisementFilter::test_distribute_list_in_ipv4
2024-01-06 23:26:35,888 T0000: INFO  [gw2]: EXEC: routing/BGP/test_bgp.py::TestBGPIPvxRouteAdvertisementFilter::test_filter_list_in_ipv4
2024-01-06 23:26:44,754 T0000: INFO  [gw2]: PASSED: routing/BGP/test_bgp.py::TestBGPIPvxRouteAdvertisementFilter::test_filter_list_in_ipv4
2024-01-06 23:26:51,430 T0000: INFO  [gw2]: EXEC: routing/BGP/test_bgp.py::TestBGPIPvxRouteAdvertisementFilter::test_prefix_list_out_ipv4
2024-01-06 23:27:12,469 T0000: INFO  [gw2]: PASSED: routing/BGP/test_bgp.py::TestBGPIPvxRouteAdvertisementFilter::test_prefix_list_out_ipv4
2024-01-06 23:27:18,929 T0000: INFO  [gw2]: EXEC: routing/BGP/test_bgp.py::TestBGPIPvxRouteAdvertisementFilter::test_default_originate_ipv4
2024-01-06 23:27:28,785 T0000: INFO  [gw2]: XFAIL: routing/BGP/test_bgp.py::TestBGPIPvxRouteAdvertisementFilter::test_default_originate_ipv4
2024-01-06 23:27:35,338 T0000: INFO  [gw2]: EXEC: routing/BGP/test_bgp.py::TestBGPIPvxRouteAdvertisementFilter::test_route_map_in_ipv4
2024-01-06 23:27:36,479 T0000: INFO  [gw2]: XFAIL: routing/BGP/test_bgp.py::TestBGPIPvxRouteAdvertisementFilter::test_route_map_in_ipv4
2024-01-06 23:27:47,048 T0000: INFO  [gw2]: EXEC: routing/BGP/test_bgp.py::TestBGPIPvxRouteAdvertisementFilter::test_redistribute_connected_ipv6
2024-01-06 23:28:00,521 T0000: INFO  [gw2]: XFAIL: routing/BGP/test_bgp.py::TestBGPIPvxRouteAdvertisementFilter::test_redistribute_connected_ipv6
2024-01-06 23:28:07,291 T0000: INFO  [gw2]: EXEC: routing/BGP/test_bgp.py::TestBGPIPvxRouteAdvertisementFilter::test_redistribute_static_ipv6
2024-01-06 23:28:22,360 T0000: INFO  [gw2]: XFAIL: routing/BGP/test_bgp.py::TestBGPIPvxRouteAdvertisementFilter::test_redistribute_static_ipv6
2024-01-06 23:28:28,580 T0000: INFO  [gw2]: EXEC: routing/BGP/test_bgp.py::TestBGPIPvxRouteAdvertisementFilter::test_distribute_list_in_ipv6
2024-01-06 23:28:37,453 T0000: INFO  [gw2]: PASSED: routing/BGP/test_bgp.py::TestBGPIPvxRouteAdvertisementFilter::test_distribute_list_in_ipv6
2024-01-06 23:28:43,940 T0000: INFO  [gw2]: EXEC: routing/BGP/test_bgp.py::TestBGPIPvxRouteAdvertisementFilter::test_filter_list_in_ipv6
2024-01-06 23:28:52,863 T0000: INFO  [gw2]: PASSED: routing/BGP/test_bgp.py::TestBGPIPvxRouteAdvertisementFilter::test_filter_list_in_ipv6
2024-01-06 23:28:59,879 T0000: INFO  [gw2]: EXEC: routing/BGP/test_bgp.py::TestBGPIPvxRouteAdvertisementFilter::test_prefix_list_out_ipv6
2024-01-06 23:29:09,305 T0000: INFO  [gw2]: PASSED: routing/BGP/test_bgp.py::TestBGPIPvxRouteAdvertisementFilter::test_prefix_list_out_ipv6
2024-01-06 23:29:15,784 T0000: INFO  [gw2]: EXEC: routing/BGP/test_bgp.py::TestBGPIPvxRouteAdvertisementFilter::test_filter_list_out_ipv6
2024-01-06 23:29:25,090 T0000: INFO  [gw2]: PASSED: routing/BGP/test_bgp.py::TestBGPIPvxRouteAdvertisementFilter::test_filter_list_out_ipv6
2024-01-06 23:29:32,774 T0000: INFO  [gw2]: EXEC: routing/BGP/test_bgp.py::TestBGPIPvxRouteAdvertisementFilter::test_default_originate_ipv6
2024-01-06 23:29:42,574 T0000: INFO  [gw2]: XFAIL: routing/BGP/test_bgp.py::TestBGPIPvxRouteAdvertisementFilter::test_default_originate_ipv6
2024-01-06 23:29:53,369 T0000: INFO  [gw2]: EXEC: routing/BGP/test_bgp.py::TestBGPIPvxRouteAdvertisementFilter::test_route_map_in_ipv6
2024-01-06 23:29:58,201 T0000: INFO  [gw2]: XFAIL: routing/BGP/test_bgp.py::TestBGPIPvxRouteAdvertisementFilter::test_route_map_in_ipv6
2024-01-06 23:30:10,509 T0000: INFO  [gw2]: EXEC: routing/BGP/test_bgp.py::TestBGPIPvxRouteAdvertisementFilter::test_bgp_route_map_with_community
2024-01-06 23:30:28,714 T0000: INFO  [gw2]: PASSED: routing/BGP/test_bgp.py::TestBGPIPvxRouteAdvertisementFilter::test_bgp_route_map_with_community
2024-01-06 23:30:35,073 T0000: INFO  [gw2]: EXEC: routing/BGP/test_bgp.py::TestBGPIPvxRouteAdvertisementFilter::test_bgp_ebgp4_nbr_update_source
2024-01-06 23:30:52,353 T0000: INFO  [gw2]: PASSED: routing/BGP/test_bgp.py::TestBGPIPvxRouteAdvertisementFilter::test_bgp_ebgp4_nbr_update_source
2024-01-06 23:31:09,049 T0000: INFO  [gw2]: EXEC: routing/BGP/test_bgp.py::TestBGPIPvxRouteAdvertisementFilter::test_bgp_ebgp4_nbr_authentication
2024-01-06 23:37:23,812 T0000: INFO  [gw2]: PASSED: routing/BGP/test_bgp.py::TestBGPIPvxRouteAdvertisementFilter::test_bgp_ebgp4_nbr_authentication
2024-01-06 23:37:30,361 T0000: INFO  [gw2]: EXEC: routing/BGP/test_bgp.py::TestBGPIPvxRouteAdvertisementFilter::test_route_aggregate_ipv6
2024-01-06 23:37:50,128 T0000: INFO  [gw2]: XFAIL: routing/BGP/test_bgp.py::TestBGPIPvxRouteAdvertisementFilter::test_route_aggregate_ipv6
2024-01-06 23:37:56,931 T0000: INFO  [gw2]: EXEC: routing/BGP/test_bgp.py::TestBGPIPvxRouteAdvertisementFilter::test_static_blackhole_rt_redistribute_with_routemap_ipv6
2024-01-06 23:38:05,197 T0000: INFO  [gw2]: XFAIL: routing/BGP/test_bgp.py::TestBGPIPvxRouteAdvertisementFilter::test_static_blackhole_rt_redistribute_with_routemap_ipv6
2024-01-06 23:39:50,469 T0000: INFO  [gw2]: EXEC: routing/BGP/test_bgp.py::TestBGPVeLag::test_ft_bgp_clear
2024-01-06 23:39:59,726 T0000: INFO  [gw2]: PASSED: routing/BGP/test_bgp.py::TestBGPVeLag::test_ft_bgp_clear
2024-01-06 23:40:05,774 T0000: INFO  [gw2]: EXEC: routing/BGP/test_bgp.py::TestBGPVeLag::test_ft_bgp_peer_traffic_check
2024-01-06 23:43:27,117 T0000: INFO  [gw2]: PASSED: routing/BGP/test_bgp.py::TestBGPVeLag::test_ft_bgp_peer_traffic_check
2024-01-06 23:44:45,353 T0000: INFO  [gw2]: EXEC: routing/BGP/test_bgp.py::TestBGPL3Lag::test_ft_bgp_l3lag_peer_traffic_check
2024-01-06 23:48:06,646 T0000: INFO  [gw2]: PASSED: routing/BGP/test_bgp.py::TestBGPL3Lag::test_ft_bgp_l3lag_peer_traffic_check
2024-01-06 23:52:18,084 T0000: INFO  [gw3]: EXEC: routing/VRF/test_vrf_scale.py::test_vrf_scale
2024-01-06 23:55:25,172 T0000: INFO  [gw2]: EXEC: routing/test_ip.py::test_l3_v4_route_po_1
2024-01-06 23:56:26,010 T0000: INFO  [gw3]: PASSED: routing/VRF/test_vrf_scale.py::test_vrf_scale
2024-01-06 23:56:31,800 T0000: INFO  [gw3]: EXEC: routing/VRF/test_vrf_scale.py::test_vrf_route_leak
2024-01-06 23:57:49,960 T0000: INFO  [gw2]: XFAIL: routing/test_ip.py::test_l3_v4_route_po_1
2024-01-06 23:57:55,611 T0000: INFO  [gw2]: EXEC: routing/test_ip.py::test_ft_ping_v4_v6_vlan
2024-01-06 23:57:57,036 T0000: INFO  [gw2]: PASSED: routing/test_ip.py::test_ft_ping_v4_v6_vlan
2024-01-06 23:58:02,413 T0000: INFO  [gw2]: EXEC: routing/test_ip.py::test_ft_ping_v4_v6_after_ip_change_pc
2024-01-06 23:58:21,124 T0000: INFO  [gw2]: PASSED: routing/test_ip.py::test_ft_ping_v4_v6_after_ip_change_pc
2024-01-06 23:58:26,462 T0000: INFO  [gw2]: EXEC: routing/test_ip.py::test_ft_ip6_static_route_traffic_forward_blackhole
2024-01-06 23:58:32,161 T0000: INFO  [gw3]: PASSED: routing/VRF/test_vrf_scale.py::test_vrf_route_leak
2024-01-06 23:58:38,835 T0000: INFO  [gw3]: EXEC: routing/VRF/test_vrf_scale.py::test_vrf_bgp
2024-01-06 23:59:32,859 T0000: INFO  [gw2]: XFAIL: routing/test_ip.py::test_ft_ip6_static_route_traffic_forward_blackhole
2024-01-06 23:59:38,183 T0000: INFO  [gw2]: EXEC: routing/test_ip.py::test_ft_ip_static_route_traffic_forward
2024-01-07 00:00:29,478 T0000: INFO  [gw2]: PASSED: routing/test_ip.py::test_ft_ip_static_route_traffic_forward
2024-01-07 00:00:34,852 T0000: INFO  [gw2]: EXEC: routing/test_ip.py::test_ft_ip_v4_v6_L2_L3_translation
2024-01-07 00:02:05,668 T0000: INFO  [gw2]: PASSED: routing/test_ip.py::test_ft_ip_v4_v6_L2_L3_translation
2024-01-07 00:02:11,910 T0000: INFO  [gw2]: EXEC: routing/test_ip.py::test_ft_verify_interfaces_order
2024-01-07 00:02:26,324 T0000: INFO  [gw2]: PASSED: routing/test_ip.py::test_ft_verify_interfaces_order
2024-01-07 00:08:15,603 T0000: INFO  [gw3]: PASSED: routing/VRF/test_vrf_scale.py::test_vrf_bgp
2024-01-07 00:08:22,672 T0000: INFO  [gw3]: EXEC: routing/VRF/test_vrf_scale.py::test_vrf_reload
2024-01-07 00:09:41,490 T0000: INFO  [gw2]: EXEC: system/test_sflow.py::test_ft_sflow_sampling_v6_sFlow_collector
2024-01-07 00:11:56,847 T0000: INFO  [gw2]: XFAIL: system/test_sflow.py::test_ft_sflow_sampling_v6_sFlow_collector
2024-01-07 00:12:08,922 T0000: INFO  [gw2]: EXEC: system/test_sflow.py::test_ft_sflow_max_sflow_collector_config
2024-01-07 00:12:38,164 T0000: INFO  [gw2]: PASSED: system/test_sflow.py::test_ft_sflow_max_sflow_collector_config
2024-01-07 00:12:43,660 T0000: INFO  [gw2]: EXEC: system/test_sflow.py::test_ft_system_config_mgmt_verifying_config_with_save_reboot_sflow
2024-01-07 00:12:56,968 T0000: INFO  [gw3]: PASSED: routing/VRF/test_vrf_scale.py::test_vrf_reload
2024-01-07 00:16:11,377 T0000: INFO  [gw2]: XFAIL: system/test_sflow.py::test_ft_system_config_mgmt_verifying_config_with_save_reboot_sflow
2024-01-07 00:25:11,783 T0000: INFO  [gw2]: EXEC: routing/BGP/test_bgp_rr_traffic.py::TestBGPRrTraffic::test_ft_bgp6_rr_traffic_check
2024-01-07 00:27:41,814 T0000: INFO  [gw2]: PASSED: routing/BGP/test_bgp_rr_traffic.py::TestBGPRrTraffic::test_ft_bgp6_rr_traffic_check
2024-01-07 00:31:12,951 T0000: INFO  ============== NODE(gw2) FINISH gw2
2024-01-07 00:31:12,952 T0000: INFO  ============== Completed gw2  
2024-01-07 00:31:13,004 T0000: INFO  [gw5]: ===== Assigned Pre-Tests
2024-01-07 00:31:13,007 T0000: INFO  [gw4]: ===== Assigned Pre-Tests
2024-01-07 00:33:07,003 T0000: INFO  [gw3]: EXEC: sanity/test_sanity_l3.py::test_l2_to_l3_port
2024-01-07 00:33:57,082 T0000: INFO  [gw3]: XFAIL: sanity/test_sanity_l3.py::test_l2_to_l3_port
2024-01-07 00:36:46,646 T0000: INFO  [gw4]: EXEC: routing/NAT/test_nat.py::test_ft_nat_docker_restart
2024-01-07 00:36:59,091 T0000: INFO  ============== NODE(gw3) FINISH gw3
2024-01-07 00:36:59,093 T0000: INFO  ============== Completed gw3  
2024-01-07 00:36:59,096 T0000: INFO  [gw6]: ===== Assigned Pre-Tests
2024-01-07 00:36:59,109 T0000: INFO  [gw7]: ===== Assigned Pre-Tests
2024-01-07 00:37:24,769 T0000: INFO  [gw4]: PASSED: routing/NAT/test_nat.py::test_ft_nat_docker_restart
2024-01-07 00:37:37,220 T0000: INFO  [gw5]: EXEC: routing/test_l3_performance.py::test_ft_l3_performance_enhancements_v4_route_intstall_withdraw
2024-01-07 00:38:16,343 T0000: INFO  [gw5]: XFAIL: routing/test_l3_performance.py::test_ft_l3_performance_enhancements_v4_route_intstall_withdraw
2024-01-07 00:38:26,542 T0000: INFO  [gw5]: EXEC: routing/test_l3_performance.py::test_cli_validation_ip_address
2024-01-07 00:39:46,789 T0000: INFO  [gw5]: PASSED: routing/test_l3_performance.py::test_cli_validation_ip_address
2024-01-07 00:39:51,781 T0000: INFO  [gw5]: EXEC: routing/test_l3_performance.py::test_cli_validation_bgp_router_config
2024-01-07 00:40:09,088 T0000: INFO  [gw5]: PASSED: routing/test_l3_performance.py::test_cli_validation_bgp_router_config
2024-01-07 00:41:40,045 T0000: INFO  [gw6]: EXEC: system/test_device_mgmt.py::test_ft_ip_static_ip_on_mgmt_intrf
2024-01-07 00:41:57,380 T0000: INFO  [gw6]: PASSED: system/test_device_mgmt.py::test_ft_ip_static_ip_on_mgmt_intrf
2024-01-07 00:44:29,159 T0000: INFO  [gw7]: EXEC: qos/test_qos_save_reboot.py::test_ft_qos_config_mgmt_verifying_config_with_save_reboot
2024-01-07 00:44:31,953 T0000: INFO  ============== NODE(gw6) FINISH gw6
2024-01-07 00:44:31,953 T0000: INFO  ============== Completed gw6  
2024-01-07 00:44:41,157 T0000: INFO  [gw4]: EXEC: routing/test_ndp.py::test_ft_ipv6_neighbor_entry
2024-01-07 00:44:53,521 T0000: INFO  [gw4]: PASSED: routing/test_ndp.py::test_ft_ipv6_neighbor_entry
2024-01-07 00:46:33,198 T0000: INFO  [gw5]: EXEC: routing/test_arp.py::test_ft_arp_dynamic_renew_traffic_test
2024-01-07 00:47:27,997 T0000: INFO  [gw5]: PASSED: routing/test_arp.py::test_ft_arp_dynamic_renew_traffic_test
2024-01-07 00:47:38,986 T0000: INFO  ============== NODE(gw4) FINISH gw4
2024-01-07 00:47:38,987 T0000: INFO  ============== Completed gw4  
2024-01-07 00:50:06,857 T0000: INFO  ============== NODE(gw5) FINISH gw5
2024-01-07 00:50:06,857 T0000: INFO  ============== Completed gw5  
2024-01-07 00:52:12,528 T0000: INFO  [gw7]: PASSED: qos/test_qos_save_reboot.py::test_ft_qos_config_mgmt_verifying_config_with_save_reboot
2024-01-07 00:54:50,765 T0000: INFO  ============== NODE(gw7) FINISH gw7
2024-01-07 00:54:50,766 T0000: INFO  ============== Completed gw7  
2024-01-07 00:54:50,819 T0000: INFO  update free pod devices ['V1', 'V2', 'V3', 'V4']
2024-01-07 00:54:50,821 T0000: INFO  update free pod devices ['unknown:V1', 'unknown:V2', 'unknown:V3', 'unknown:V4']
