2024-01-02 00:55:40,954 T0000: NOTICE Execution Start Time: 2024-01-02 00:55:40.953957
2024-01-02 00:55:40,954 T0000: NOTICE LOGS PATH: /data/work/logs/vm-master-445589-l2
2024-01-02 00:55:41,509 T0000: NOTICE VERSION: UNKNOWN UNKNOWN UNKNOWN
2024-01-02 00:55:41,509 T0000: NOTICE HOST: sonicmgmtmaster MEM: 376gb 45.4%
2024-01-02 00:55:41,509 T0000: NOTICE ROOT_PATH: /repo
2024-01-02 00:55:41,509 T0000: NOTICE Python: 3.8.10
2024-01-02 00:55:41,509 T0000: NOTICE Topology unknown: D1T1:4,D1D2:6,D1D3:4,D1D4:4,D2T1:4,D2D3:4,D2D4:4,D3T1:4,D3D4:6,D4T1:4
2024-01-02 00:55:41,509 T0000: DEBUG 
SUITE ARGS: --load-image none --max-time module 9000 --max-time function 5400 --max-time session 3600 --logs-level=debug --topology-check=function --env SPYTEST_TESTBED_IGNORE_CONSTRAINTS TG,TGCARD,TGSPEED,CHIP,MODEL --noop --env SPYTEST_RESET_CONSOLES 0 --noop --env SPYTEST_ONREBOOT_RENEW_MGMT_IP 1 --noop --env SPYTEST_RECOVERY_CR_PER_CMD_POST_OP 1 --noop --env SPYTEST_BATCH_POLL_STATUS_TIME 300 --noop --env SPYTEST_BATCH_DEAD_NODE_MAX_TIME 7200 --noop --breakout-mode none --env SPYTEST_SHUTDOWN_FREE_PORTS 1 --env SPYTEST_HOOKS_BREAKOUT_UITYPE click --env SPYTEST_ONREBOOT_RENEW_MGMT_IP 0 --env SPYTEST_VERIFY_CSV_MIN_TOPOLOGY 1 --env SPYTEST_CMD_FAIL_RESULT_SUPPORT 0 --env SPYTEST_ROUTING_CONFIG_MODE split --env SPYTEST_CLEAR_DEVICE_METADATA_BGP_ASN 1 --env SPYTEST_TEXTFSM_USE_BUNDLED_PARSER 1 --feature-group master --ifname-type native --feature-disable bcmcmd --feature-disable warm-reboot --save config-db module --tclist-csv test_ft_add_unknownvlan_interface,test_ft_lldp_ConfigManAddrEntry,test_ft_lldp_LocManAddrEntry,test_ft_lldp_LocManAddrLen,test_ft_lldp_LocManAddrlfld,test_ft_lldp_docker_restart,test_ft_lldp_lldplocportid,test_ft_lldp_lldplocsysdesc,test_ft_lldp_lldplocsysname,test_ft_lldp_non_default_config,test_ft_lldp_rem_man_addr_table,test_ft_lldp_with_remote_server,test_ft_net_snmp_agent_mib,test_ft_net_snmp_vacm_mib,test_ft_ntp_disable_enable_with_message_log,test_ft_port_fn_verify_shut_noshut,test_ft_portchannel_with_vlan_variations,test_ft_snmp_coldstart_trap,test_ft_snmp_docker_restart,test_ft_snmp_dot1q_dot1db_mib,test_ft_snmp_dot1q_tp_fdb_address,test_ft_snmp_dot1q_tp_fdb_port,test_ft_snmp_dot3_stats_table,test_ft_snmp_ent_physical_table,test_ft_snmp_entity_mib_all,test_ft_snmp_framework_mib,test_ft_snmp_host_resource_mib,test_ft_snmp_icmp_Msgs,test_ft_snmp_if_mib_all,test_ft_snmp_ifx_table,test_ft_snmp_ipAddressRowStatus_ipv6,test_ft_snmp_ipAddressStorageType_ipv6,test_ft_snmp_ip_Address_Table,test_ft_snmp_ip_IfStats_Table,test_ft_snmp_ip_NetToPhysical_Table,test_ft_snmp_ip_System_Stats_Table,test_ft_snmp_ip_forward_table,test_ft_snmp_ipv6_If_Forward_default_HopLimit,test_ft_snmp_ipv6scope_index_table,test_ft_snmp_mib_2,test_ft_snmp_mpd_mib,test_ft_snmp_notification_mib,test_ft_snmp_root_node_walk,test_ft_snmp_snmpv2_mib,test_ft_snmp_sysDescr,test_ft_snmp_sysName,test_ft_snmp_target_mib,test_ft_snmp_tcp_mib,test_ft_snmp_test_syUpTime,test_ft_snmp_ucd_diskio_mib,test_ft_snmp_ucd_la_table,test_ft_snmp_ucd_system_stats,test_ft_snmp_udp_mib,test_ft_snmp_user_based_sm_mib,test_ft_snmp_view_based_acm_mib,test_ft_ssh_add_user_verify,test_ft_ssh_service_disable,test_ft_tacacs_ssh_login_with_tacacs_operations,test_ft_verify_logs_at_the_time_of_ssh_login_success,test_ft_verify_min_links_functionality_by_flapping_all_member_ports_007,test_ft_vlan_delete_with_member,test_ft_vlan_save_config_warm_and_fast_reboot,test_ft_vlan_trunk_tagged,test_ft_watermark_telemetry_interval,test_lldp_verify_counters,test_ntp_exists_config,test_spytest_infra_first,test_spytest_infra_second,test_spytest_infra_last --noop

2024-01-02 00:55:41,509 T0000: NOTICE ARGS: --logs-level debug --results-prefix=results --get-tech-support none --fetch-core-files none --syslog-check none --save config-db module --topology-check module --logs-path logs/2024-01-02-00-55-35 --continue-on-collection-errors --max-time session 0 --max-time module 0 --max-time function 0 --noop --tryssh=0 --testbed-file testbed.yaml --env SPYTEST_RPS_DEBUG 0 --tclist-bucket 1,2,4 --test-suite community-vs-l2 --email rama.kristipati@broadcom.com --env SPYTEST_SCAPY_DBG_LVL 2 --noop --env SPYTEST_EMAIL_FROM SPyTest-VSNet@broadcom.com --noop --logs-path logs/vm-master-445589-l2 --env SPYTEST_EMAIL_BODY_PREFIX http://10.193.81.56:8080/sonic_mgmt_master/work/logs/vm-master-445589-l2/dashboard.html --email-subject-nargs VSNet-sonic_mgmt_master-VM-L2-{{bldver}} : {{passrate}}: {{pass_cnt}}/{{executed}} vm-master-445589-l2 --noop --feature-group master
2024-01-02 00:55:45,372 T0000: INFO  TRY-1 switching/test_vlan.py 2 1 D1D2:4 D1T1:2 D2T1:2 CHIP=TH2|TH1|TD3|TD2|TD4 TGEN=ixia
2024-01-02 00:55:45,375 T0000: INFO  matched testbed gw2 to execute bucket 2 switching/test_vlan.py D1D2:4 D1T1:2 D2T1:2 CHIP=TH2|TH1|TD3|TD2|TD4 TGEN=ixia
2024-01-02 00:55:45,376 T0000: INFO  matched testbed gw3 to execute bucket 2 switching/test_vlan.py D1D2:4 D1T1:2 D2T1:2 CHIP=TH2|TH1|TD3|TD2|TD4 TGEN=ixia
2024-01-02 00:55:45,377 T0000: INFO  TRY-1 switching/test_portchannel.py 2 1 D1D2:5 D1T1:1 D2T1:1 TGEN=ixia
2024-01-02 00:55:45,378 T0000: INFO  matched testbed gw2 to execute bucket 2 switching/test_portchannel.py D1D2:5 D1T1:1 D2T1:1 TGEN=ixia
2024-01-02 00:55:45,379 T0000: INFO  matched testbed gw3 to execute bucket 2 switching/test_portchannel.py D1D2:5 D1T1:1 D2T1:1 TGEN=ixia
2024-01-02 00:55:45,379 T0000: INFO  TRY-1 system/test_lldp.py 2 1 D1D2:2 D1T1:1
2024-01-02 00:55:45,380 T0000: INFO  matched testbed gw2 to execute bucket 2 system/test_lldp.py D1D2:2 D1T1:1
2024-01-02 00:55:45,381 T0000: INFO  matched testbed gw3 to execute bucket 2 system/test_lldp.py D1D2:2 D1T1:1
2024-01-02 00:55:45,381 T0000: INFO  TRY-1 system/test_snmp.py 1 1 D1T1:2 TGEN=ixia
2024-01-02 00:55:45,382 T0000: INFO  matched testbed gw4 to execute bucket 1 system/test_snmp.py D1T1:2 TGEN=ixia
2024-01-02 00:55:45,382 T0000: INFO  matched testbed gw5 to execute bucket 1 system/test_snmp.py D1T1:2 TGEN=ixia
2024-01-02 00:55:45,383 T0000: INFO  matched testbed gw6 to execute bucket 1 system/test_snmp.py D1T1:2 TGEN=ixia
2024-01-02 00:55:45,383 T0000: INFO  matched testbed gw7 to execute bucket 1 system/test_snmp.py D1T1:2 TGEN=ixia
2024-01-02 00:55:45,383 T0000: INFO  TRY-1 system/test_interface.py 2 1 D1D2:2 D1T1:2 TGEN=ixia
2024-01-02 00:55:45,384 T0000: INFO  matched testbed gw2 to execute bucket 2 system/test_interface.py D1D2:2 D1T1:2 TGEN=ixia
2024-01-02 00:55:45,384 T0000: INFO  matched testbed gw3 to execute bucket 2 system/test_interface.py D1D2:2 D1T1:2 TGEN=ixia
2024-01-02 00:55:45,385 T0000: INFO  TRY-1 system/test_snapshot.py 1 1 D1T1:4 TGEN=ixia CHIP=TH1|TH2|TH3|TD3 CHIP_REV=NA|X5|X7 MODEL1=ent
2024-01-02 00:55:45,385 T0000: INFO  matched testbed gw4 to execute bucket 1 system/test_snapshot.py D1T1:4 TGEN=ixia CHIP=TH1|TH2|TH3|TD3 CHIP_REV=NA|X5|X7 MODEL1=ent
2024-01-02 00:55:45,386 T0000: INFO  matched testbed gw5 to execute bucket 1 system/test_snapshot.py D1T1:4 TGEN=ixia CHIP=TH1|TH2|TH3|TD3 CHIP_REV=NA|X5|X7 MODEL1=ent
2024-01-02 00:55:45,386 T0000: INFO  matched testbed gw6 to execute bucket 1 system/test_snapshot.py D1T1:4 TGEN=ixia CHIP=TH1|TH2|TH3|TD3 CHIP_REV=NA|X5|X7 MODEL1=ent
2024-01-02 00:55:45,386 T0000: INFO  matched testbed gw7 to execute bucket 1 system/test_snapshot.py D1T1:4 TGEN=ixia CHIP=TH1|TH2|TH3|TD3 CHIP_REV=NA|X5|X7 MODEL1=ent
2024-01-02 00:55:45,387 T0000: INFO  TRY-1 system/test_ntp.py 1 1 D1
2024-01-02 00:55:45,387 T0000: INFO  matched testbed gw4 to execute bucket 1 system/test_ntp.py D1
2024-01-02 00:55:45,387 T0000: INFO  matched testbed gw5 to execute bucket 1 system/test_ntp.py D1
2024-01-02 00:55:45,388 T0000: INFO  matched testbed gw6 to execute bucket 1 system/test_ntp.py D1
2024-01-02 00:55:45,388 T0000: INFO  matched testbed gw7 to execute bucket 1 system/test_ntp.py D1
2024-01-02 00:55:45,388 T0000: INFO  TRY-1 system/test_ssh.py 2 1 D1D2:2
2024-01-02 00:55:45,389 T0000: INFO  matched testbed gw2 to execute bucket 2 system/test_ssh.py D1D2:2
2024-01-02 00:55:45,389 T0000: INFO  matched testbed gw3 to execute bucket 2 system/test_ssh.py D1D2:2
2024-01-02 00:55:45,389 T0000: INFO  TRY-1 security/test_tacacs.py 1 1 D1
2024-01-02 00:55:45,390 T0000: INFO  matched testbed gw4 to execute bucket 1 security/test_tacacs.py D1
2024-01-02 00:55:45,390 T0000: INFO  matched testbed gw5 to execute bucket 1 security/test_tacacs.py D1
2024-01-02 00:55:45,390 T0000: INFO  matched testbed gw6 to execute bucket 1 security/test_tacacs.py D1
2024-01-02 00:55:45,390 T0000: INFO  matched testbed gw7 to execute bucket 1 security/test_tacacs.py D1
2024-01-02 00:55:45,422 T0000: INFO  Start Monitoring poll_time=300 max_time=7200 DBG=0
2024-01-02 00:55:45,433 T0000: INFO  ============== NODE(gw0) FINISH gw0
2024-01-02 00:55:45,434 T0000: INFO  ============== Completed gw0  
2024-01-02 00:55:45,488 T0000: INFO  ============== NODE(gw1) FINISH gw1
2024-01-02 00:55:45,488 T0000: INFO  ============== Completed gw1  
2024-01-02 00:55:45,489 T0000: INFO  [gw2]: ===== Assigned Pre-Tests
2024-01-02 00:55:45,490 T0000: INFO  [gw3]: ===== Assigned Pre-Tests
2024-01-02 01:01:59,556 T0000: INFO  [gw2]: EXEC: switching/test_vlan.py::test_ft_add_unknownvlan_interface
2024-01-02 01:02:03,413 T0000: INFO  [gw2]: PASSED: switching/test_vlan.py::test_ft_add_unknownvlan_interface
2024-01-02 01:02:08,854 T0000: INFO  [gw2]: EXEC: switching/test_vlan.py::test_ft_vlan_delete_with_member
2024-01-02 01:02:15,616 T0000: INFO  [gw3]: EXEC: switching/test_portchannel.py::test_ft_portchannel_with_vlan_variations
2024-01-02 01:02:17,879 T0000: INFO  [gw2]: PASSED: switching/test_vlan.py::test_ft_vlan_delete_with_member
2024-01-02 01:02:23,028 T0000: INFO  [gw2]: EXEC: switching/test_vlan.py::test_ft_vlan_trunk_tagged
2024-01-02 01:02:44,796 T0000: INFO  [gw3]: PASSED: switching/test_portchannel.py::test_ft_portchannel_with_vlan_variations
2024-01-02 01:02:56,048 T0000: INFO  [gw3]: EXEC: switching/test_portchannel.py::test_ft_verify_min_links_functionality_by_flapping_all_member_ports_007
2024-01-02 01:03:10,237 T0000: INFO  [gw3]: PASSED: switching/test_portchannel.py::test_ft_verify_min_links_functionality_by_flapping_all_member_ports_007
2024-01-02 01:03:44,407 T0000: INFO  [gw2]: PASSED: switching/test_vlan.py::test_ft_vlan_trunk_tagged
2024-01-02 01:03:49,617 T0000: INFO  [gw2]: EXEC: switching/test_vlan.py::test_ft_vlan_save_config_warm_and_fast_reboot
2024-01-02 01:10:16,747 T0000: INFO  [gw3]: XFAIL: system/test_lldp.py::test_ft_lldp_LocManAddrLen
2024-01-02 01:10:17,176 T0000: INFO  [gw3]: XFAIL: system/test_lldp.py::test_ft_lldp_LocManAddrlfld
2024-01-02 01:10:17,583 T0000: INFO  [gw3]: XFAIL: system/test_lldp.py::test_ft_lldp_LocManAddrEntry
2024-01-02 01:10:17,930 T0000: INFO  [gw3]: XFAIL: system/test_lldp.py::test_ft_lldp_ConfigManAddrEntry
2024-01-02 01:10:18,299 T0000: INFO  [gw3]: XFAIL: system/test_lldp.py::test_ft_lldp_lldplocportid
2024-01-02 01:10:18,694 T0000: INFO  [gw3]: XFAIL: system/test_lldp.py::test_ft_lldp_lldplocsysname
2024-01-02 01:10:19,068 T0000: INFO  [gw3]: XFAIL: system/test_lldp.py::test_ft_lldp_lldplocsysdesc
2024-01-02 01:10:19,469 T0000: INFO  [gw3]: XFAIL: system/test_lldp.py::test_ft_lldp_rem_man_addr_table
2024-01-02 01:10:19,868 T0000: INFO  [gw3]: XFAIL: system/test_lldp.py::test_ft_lldp_non_default_config
2024-01-02 01:10:20,264 T0000: INFO  [gw3]: XFAIL: system/test_lldp.py::test_ft_lldp_docker_restart
2024-01-02 01:10:20,602 T0000: INFO  [gw3]: XFAIL: system/test_lldp.py::test_lldp_verify_counters
2024-01-02 01:10:20,972 T0000: INFO  [gw3]: XFAIL: system/test_lldp.py::test_ft_lldp_with_remote_server
2024-01-02 01:16:02,053 T0000: INFO  [gw3]: EXEC: system/test_interface.py::test_ft_port_fn_verify_shut_noshut
2024-01-02 01:16:14,062 T0000: INFO  [gw2]: FAILED: switching/test_vlan.py::test_ft_vlan_save_config_warm_and_fast_reboot
2024-01-02 01:16:55,506 T0000: INFO  [gw3]: XFAIL: system/test_interface.py::test_ft_port_fn_verify_shut_noshut
2024-01-02 01:20:45,054 T0000: INFO  ============== NODE(gw3) FINISH gw3
2024-01-02 01:20:45,063 T0000: INFO  ============== Completed gw3  
2024-01-02 01:20:45,098 T0000: INFO  [gw4]: ===== Assigned Pre-Tests
2024-01-02 01:20:45,101 T0000: INFO  [gw7]: ===== Assigned Pre-Tests
2024-01-02 01:22:28,637 T0000: INFO  [gw2]: EXEC: system/test_ssh.py::test_ft_ssh_service_disable
2024-01-02 01:22:31,439 T0000: INFO  [gw2]: PASSED: system/test_ssh.py::test_ft_ssh_service_disable
2024-01-02 01:22:36,754 T0000: INFO  [gw2]: EXEC: system/test_ssh.py::test_ft_ssh_add_user_verify
2024-01-02 01:25:43,273 T0000: INFO  [gw4]: EXEC: system/test_snapshot.py::test_ft_watermark_telemetry_interval
2024-01-02 01:25:54,040 T0000: INFO  [gw4]: PASSED: system/test_snapshot.py::test_ft_watermark_telemetry_interval
2024-01-02 01:26:40,559 T0000: INFO  [gw7]: EXEC: system/test_snmp.py::test_ft_snmp_sysName
2024-01-02 01:26:41,691 T0000: INFO  [gw7]: XFAIL: system/test_snmp.py::test_ft_snmp_sysName
2024-01-02 01:26:46,446 T0000: INFO  [gw7]: EXEC: system/test_snmp.py::test_ft_snmp_test_syUpTime
2024-01-02 01:26:47,765 T0000: INFO  [gw7]: PASSED: system/test_snmp.py::test_ft_snmp_test_syUpTime
2024-01-02 01:26:52,460 T0000: INFO  [gw7]: EXEC: system/test_snmp.py::test_ft_snmp_sysDescr
2024-01-02 01:26:55,185 T0000: INFO  [gw7]: PASSED: system/test_snmp.py::test_ft_snmp_sysDescr
2024-01-02 01:26:59,885 T0000: INFO  [gw7]: EXEC: system/test_snmp.py::test_ft_snmp_mib_2
2024-01-02 01:27:01,928 T0000: INFO  [gw7]: PASSED: system/test_snmp.py::test_ft_snmp_mib_2
2024-01-02 01:27:06,994 T0000: INFO  [gw7]: EXEC: system/test_snmp.py::test_ft_snmp_if_mib_all
2024-01-02 01:27:07,157 T0000: INFO  [gw7]: PASSED: system/test_snmp.py::test_ft_snmp_if_mib_all
2024-01-02 01:27:11,913 T0000: INFO  [gw7]: EXEC: system/test_snmp.py::test_ft_snmp_entity_mib_all
2024-01-02 01:27:11,967 T0000: INFO  [gw7]: PASSED: system/test_snmp.py::test_ft_snmp_entity_mib_all
2024-01-02 01:27:16,725 T0000: INFO  [gw7]: EXEC: system/test_snmp.py::test_ft_snmp_dot1q_dot1db_mib
2024-01-02 01:27:16,817 T0000: INFO  [gw7]: PASSED: system/test_snmp.py::test_ft_snmp_dot1q_dot1db_mib
2024-01-02 01:27:21,570 T0000: INFO  [gw7]: EXEC: system/test_snmp.py::test_ft_snmp_root_node_walk
2024-01-02 01:27:25,045 T0000: INFO  [gw7]: PASSED: system/test_snmp.py::test_ft_snmp_root_node_walk
2024-01-02 01:27:29,863 T0000: INFO  [gw7]: EXEC: system/test_snmp.py::test_ft_snmp_ipAddressRowStatus_ipv6
2024-01-02 01:27:36,571 T0000: INFO  [gw7]: PASSED: system/test_snmp.py::test_ft_snmp_ipAddressRowStatus_ipv6
2024-01-02 01:27:41,545 T0000: INFO  [gw7]: EXEC: system/test_snmp.py::test_ft_snmp_ipAddressStorageType_ipv6
2024-01-02 01:27:41,582 T0000: INFO  [gw7]: PASSED: system/test_snmp.py::test_ft_snmp_ipAddressStorageType_ipv6
2024-01-02 01:27:46,489 T0000: INFO  [gw7]: EXEC: system/test_snmp.py::test_ft_snmp_ipv6_If_Forward_default_HopLimit
2024-01-02 01:27:46,529 T0000: INFO  [gw7]: PASSED: system/test_snmp.py::test_ft_snmp_ipv6_If_Forward_default_HopLimit
2024-01-02 01:27:51,349 T0000: INFO  [gw7]: EXEC: system/test_snmp.py::test_ft_snmp_ipv6scope_index_table
2024-01-02 01:27:51,404 T0000: INFO  [gw7]: PASSED: system/test_snmp.py::test_ft_snmp_ipv6scope_index_table
2024-01-02 01:27:56,255 T0000: INFO  [gw7]: EXEC: system/test_snmp.py::test_ft_snmp_ip_forward_table
2024-01-02 01:27:58,901 T0000: INFO  [gw7]: PASSED: system/test_snmp.py::test_ft_snmp_ip_forward_table
2024-01-02 01:28:04,684 T0000: INFO  [gw7]: EXEC: system/test_snmp.py::test_ft_snmp_ifx_table
2024-01-02 01:28:04,857 T0000: INFO  [gw7]: PASSED: system/test_snmp.py::test_ft_snmp_ifx_table
2024-01-02 01:28:09,671 T0000: INFO  [gw7]: EXEC: system/test_snmp.py::test_ft_snmp_ip_System_Stats_Table
2024-01-02 01:28:09,727 T0000: INFO  [gw7]: PASSED: system/test_snmp.py::test_ft_snmp_ip_System_Stats_Table
2024-01-02 01:28:14,541 T0000: INFO  [gw7]: EXEC: system/test_snmp.py::test_ft_snmp_ip_IfStats_Table
2024-01-02 01:28:14,900 T0000: INFO  [gw7]: PASSED: system/test_snmp.py::test_ft_snmp_ip_IfStats_Table
2024-01-02 01:28:19,668 T0000: INFO  [gw7]: EXEC: system/test_snmp.py::test_ft_snmp_ip_Address_Table
2024-01-02 01:28:19,724 T0000: INFO  [gw7]: PASSED: system/test_snmp.py::test_ft_snmp_ip_Address_Table
2024-01-02 01:28:24,559 T0000: INFO  [gw7]: EXEC: system/test_snmp.py::test_ft_snmp_ip_NetToPhysical_Table
2024-01-02 01:28:24,602 T0000: INFO  [gw7]: PASSED: system/test_snmp.py::test_ft_snmp_ip_NetToPhysical_Table
2024-01-02 01:28:29,529 T0000: INFO  [gw7]: EXEC: system/test_snmp.py::test_ft_snmp_icmp_Msgs
2024-01-02 01:28:29,585 T0000: INFO  [gw7]: PASSED: system/test_snmp.py::test_ft_snmp_icmp_Msgs
2024-01-02 01:28:34,503 T0000: INFO  [gw7]: EXEC: system/test_snmp.py::test_ft_snmp_tcp_mib
2024-01-02 01:28:36,586 T0000: INFO  [gw7]: PASSED: system/test_snmp.py::test_ft_snmp_tcp_mib
2024-01-02 01:28:41,379 T0000: INFO  [gw7]: EXEC: system/test_snmp.py::test_ft_snmp_udp_mib
2024-01-02 01:28:41,444 T0000: INFO  [gw7]: PASSED: system/test_snmp.py::test_ft_snmp_udp_mib
2024-01-02 01:28:46,234 T0000: INFO  [gw7]: EXEC: system/test_snmp.py::test_ft_snmp_snmpv2_mib
2024-01-02 01:28:46,268 T0000: INFO  [gw7]: PASSED: system/test_snmp.py::test_ft_snmp_snmpv2_mib
2024-01-02 01:28:51,068 T0000: INFO  [gw7]: EXEC: system/test_snmp.py::test_ft_snmp_host_resource_mib
2024-01-02 01:28:51,324 T0000: INFO  [gw7]: PASSED: system/test_snmp.py::test_ft_snmp_host_resource_mib
2024-01-02 01:28:56,131 T0000: INFO  [gw7]: EXEC: system/test_snmp.py::test_ft_snmp_framework_mib
2024-01-02 01:28:56,155 T0000: INFO  [gw7]: PASSED: system/test_snmp.py::test_ft_snmp_framework_mib
2024-01-02 01:29:00,976 T0000: INFO  [gw7]: EXEC: system/test_snmp.py::test_ft_snmp_mpd_mib
2024-01-02 01:29:01,003 T0000: INFO  [gw7]: PASSED: system/test_snmp.py::test_ft_snmp_mpd_mib
2024-01-02 01:29:05,766 T0000: INFO  [gw7]: EXEC: system/test_snmp.py::test_ft_snmp_target_mib
2024-01-02 01:29:05,791 T0000: INFO  [gw7]: PASSED: system/test_snmp.py::test_ft_snmp_target_mib
2024-01-02 01:29:10,751 T0000: INFO  [gw7]: EXEC: system/test_snmp.py::test_ft_snmp_notification_mib
2024-01-02 01:29:10,779 T0000: INFO  [gw7]: PASSED: system/test_snmp.py::test_ft_snmp_notification_mib
2024-01-02 01:29:15,625 T0000: INFO  [gw7]: EXEC: system/test_snmp.py::test_ft_snmp_user_based_sm_mib
2024-01-02 01:29:15,663 T0000: INFO  [gw7]: PASSED: system/test_snmp.py::test_ft_snmp_user_based_sm_mib
2024-01-02 01:29:20,630 T0000: INFO  [gw7]: EXEC: system/test_snmp.py::test_ft_snmp_view_based_acm_mib
2024-01-02 01:29:20,678 T0000: INFO  [gw7]: PASSED: system/test_snmp.py::test_ft_snmp_view_based_acm_mib
2024-01-02 01:29:25,483 T0000: INFO  [gw7]: EXEC: system/test_snmp.py::test_ft_snmp_ent_physical_table
2024-01-02 01:29:25,534 T0000: INFO  [gw7]: PASSED: system/test_snmp.py::test_ft_snmp_ent_physical_table
2024-01-02 01:29:30,840 T0000: INFO  [gw7]: EXEC: system/test_snmp.py::test_ft_snmp_dot3_stats_table
2024-01-02 01:29:30,902 T0000: INFO  [gw7]: PASSED: system/test_snmp.py::test_ft_snmp_dot3_stats_table
2024-01-02 01:29:35,688 T0000: INFO  [gw7]: EXEC: system/test_snmp.py::test_ft_net_snmp_agent_mib
2024-01-02 01:29:36,300 T0000: INFO  [gw7]: PASSED: system/test_snmp.py::test_ft_net_snmp_agent_mib
2024-01-02 01:29:41,011 T0000: INFO  [gw7]: EXEC: system/test_snmp.py::test_ft_net_snmp_vacm_mib
2024-01-02 01:29:41,049 T0000: INFO  [gw7]: PASSED: system/test_snmp.py::test_ft_net_snmp_vacm_mib
2024-01-02 01:29:45,763 T0000: INFO  [gw7]: EXEC: system/test_snmp.py::test_ft_snmp_ucd_diskio_mib
2024-01-02 01:29:45,817 T0000: INFO  [gw7]: PASSED: system/test_snmp.py::test_ft_snmp_ucd_diskio_mib
2024-01-02 01:29:50,707 T0000: INFO  [gw7]: EXEC: system/test_snmp.py::test_ft_snmp_ucd_la_table
2024-01-02 01:29:50,740 T0000: INFO  [gw7]: PASSED: system/test_snmp.py::test_ft_snmp_ucd_la_table
2024-01-02 01:29:55,497 T0000: INFO  [gw7]: EXEC: system/test_snmp.py::test_ft_snmp_ucd_system_stats
2024-01-02 01:29:55,531 T0000: INFO  [gw7]: PASSED: system/test_snmp.py::test_ft_snmp_ucd_system_stats
2024-01-02 01:30:00,316 T0000: INFO  [gw7]: EXEC: system/test_snmp.py::test_ft_snmp_dot1q_tp_fdb_port
2024-01-02 01:30:02,111 T0000: INFO  [gw7]: XFAIL: system/test_snmp.py::test_ft_snmp_dot1q_tp_fdb_port
2024-01-02 01:30:06,921 T0000: INFO  [gw7]: EXEC: system/test_snmp.py::test_ft_snmp_dot1q_tp_fdb_address
2024-01-02 01:30:07,342 T0000: INFO  [gw7]: PASSED: system/test_snmp.py::test_ft_snmp_dot1q_tp_fdb_address
2024-01-02 01:30:12,208 T0000: INFO  [gw7]: EXEC: system/test_snmp.py::test_ft_snmp_coldstart_trap
2024-01-02 01:30:26,497 T0000: INFO  [gw7]: XFAIL: system/test_snmp.py::test_ft_snmp_coldstart_trap
2024-01-02 01:30:31,339 T0000: INFO  [gw7]: EXEC: system/test_snmp.py::test_ft_snmp_docker_restart
2024-01-02 01:30:44,147 T0000: INFO  [gw7]: XFAIL: system/test_snmp.py::test_ft_snmp_docker_restart
2024-01-02 01:31:58,773 T0000: INFO  [gw4]: EXEC: system/test_ntp.py::test_ft_ntp_disable_enable_with_message_log
2024-01-02 01:33:07,558 T0000: INFO  [gw2]: XFAIL: system/test_ssh.py::test_ft_ssh_add_user_verify
2024-01-02 01:33:12,835 T0000: INFO  [gw2]: EXEC: system/test_ssh.py::test_ft_verify_logs_at_the_time_of_ssh_login_success
2024-01-02 01:33:33,023 T0000: INFO  [gw2]: PASSED: system/test_ssh.py::test_ft_verify_logs_at_the_time_of_ssh_login_success
2024-01-02 01:36:51,500 T0000: INFO  ============== NODE(gw2) FINISH gw2
2024-01-02 01:36:51,501 T0000: INFO  ============== Completed gw2  
2024-01-02 01:36:51,625 T0000: INFO  ============== NODE(gw5) FINISH gw5
2024-01-02 01:36:51,633 T0000: INFO  ============== Completed gw5  
2024-01-02 01:36:51,721 T0000: INFO  ============== NODE(gw6) FINISH gw6
2024-01-02 01:36:51,721 T0000: INFO  ============== Completed gw6  
2024-01-02 01:36:52,297 T0000: INFO  [gw4]: FAILED: system/test_ntp.py::test_ft_ntp_disable_enable_with_message_log
2024-01-02 01:36:57,216 T0000: INFO  [gw4]: EXEC: system/test_ntp.py::test_ntp_exists_config
2024-01-02 01:37:05,662 T0000: INFO  [gw4]: PASSED: system/test_ntp.py::test_ntp_exists_config
2024-01-02 01:39:46,213 T0000: INFO  ============== NODE(gw4) FINISH gw4
2024-01-02 01:39:46,216 T0000: INFO  ============== Completed gw4  
2024-01-02 01:39:50,836 T0000: INFO  [gw7]: EXEC: security/test_tacacs.py::test_ft_tacacs_ssh_login_with_tacacs_operations
2024-01-02 01:39:51,974 T0000: INFO  [gw7]: XFAIL: security/test_tacacs.py::test_ft_tacacs_ssh_login_with_tacacs_operations
2024-01-02 01:42:46,324 T0000: INFO  ============== NODE(gw7) FINISH gw7
2024-01-02 01:42:46,325 T0000: INFO  ============== Completed gw7  
2024-01-02 01:42:46,455 T0000: INFO  update free pod devices ['V1', 'V2', 'V3', 'V4']
2024-01-02 01:42:46,455 T0000: INFO  update free pod devices ['unknown:V1', 'unknown:V2', 'unknown:V3', 'unknown:V4']
