2023-12-28 01:02:32,008 T0000: NOTICE Execution Start Time: 2023-12-28 01:02:32.008260
2023-12-28 01:02:32,008 T0000: NOTICE LOGS PATH: /data/work/logs/vm-master-442372-l2
2023-12-28 01:02:32,580 T0000: NOTICE VERSION: UNKNOWN UNKNOWN UNKNOWN
2023-12-28 01:02:32,580 T0000: NOTICE HOST: sonicmgmtmaster MEM: 376gb 39.6%
2023-12-28 01:02:32,580 T0000: NOTICE ROOT_PATH: /repo
2023-12-28 01:02:32,580 T0000: NOTICE Python: 3.8.10
2023-12-28 01:02:32,580 T0000: NOTICE Topology unknown: D1T1:4,D1D2:6,D1D3:4,D1D4:4,D2T1:4,D2D3:4,D2D4:4,D3T1:4,D3D4:6,D4T1:4
2023-12-28 01:02:32,580 T0000: DEBUG 
SUITE ARGS: --load-image none --max-time module 9000 --max-time function 5400 --max-time session 3600 --logs-level=debug --topology-check=function --env SPYTEST_TESTBED_IGNORE_CONSTRAINTS TG,TGCARD,TGSPEED,CHIP,MODEL --noop --env SPYTEST_RESET_CONSOLES 0 --noop --env SPYTEST_ONREBOOT_RENEW_MGMT_IP 1 --noop --env SPYTEST_RECOVERY_CR_PER_CMD_POST_OP 1 --noop --env SPYTEST_BATCH_POLL_STATUS_TIME 300 --noop --env SPYTEST_BATCH_DEAD_NODE_MAX_TIME 7200 --noop --breakout-mode none --env SPYTEST_SHUTDOWN_FREE_PORTS 1 --env SPYTEST_HOOKS_BREAKOUT_UITYPE click --env SPYTEST_ONREBOOT_RENEW_MGMT_IP 0 --env SPYTEST_VERIFY_CSV_MIN_TOPOLOGY 1 --env SPYTEST_CMD_FAIL_RESULT_SUPPORT 0 --env SPYTEST_ROUTING_CONFIG_MODE split --env SPYTEST_CLEAR_DEVICE_METADATA_BGP_ASN 1 --env SPYTEST_TEXTFSM_USE_BUNDLED_PARSER 1 --feature-group master --ifname-type native --feature-disable bcmcmd --feature-disable warm-reboot --save config-db module --tclist-csv test_ft_add_unknownvlan_interface,test_ft_lldp_ConfigManAddrEntry,test_ft_lldp_LocManAddrEntry,test_ft_lldp_LocManAddrLen,test_ft_lldp_LocManAddrlfld,test_ft_lldp_docker_restart,test_ft_lldp_lldplocportid,test_ft_lldp_lldplocsysdesc,test_ft_lldp_lldplocsysname,test_ft_lldp_non_default_config,test_ft_lldp_rem_man_addr_table,test_ft_lldp_with_remote_server,test_ft_net_snmp_agent_mib,test_ft_net_snmp_vacm_mib,test_ft_ntp_disable_enable_with_message_log,test_ft_port_fn_verify_shut_noshut,test_ft_portchannel_with_vlan_variations,test_ft_snmp_coldstart_trap,test_ft_snmp_docker_restart,test_ft_snmp_dot1q_dot1db_mib,test_ft_snmp_dot1q_tp_fdb_address,test_ft_snmp_dot1q_tp_fdb_port,test_ft_snmp_dot3_stats_table,test_ft_snmp_ent_physical_table,test_ft_snmp_entity_mib_all,test_ft_snmp_framework_mib,test_ft_snmp_host_resource_mib,test_ft_snmp_icmp_Msgs,test_ft_snmp_if_mib_all,test_ft_snmp_ifx_table,test_ft_snmp_ipAddressRowStatus_ipv6,test_ft_snmp_ipAddressStorageType_ipv6,test_ft_snmp_ip_Address_Table,test_ft_snmp_ip_IfStats_Table,test_ft_snmp_ip_NetToPhysical_Table,test_ft_snmp_ip_System_Stats_Table,test_ft_snmp_ip_forward_table,test_ft_snmp_ipv6_If_Forward_default_HopLimit,test_ft_snmp_ipv6scope_index_table,test_ft_snmp_mib_2,test_ft_snmp_mpd_mib,test_ft_snmp_notification_mib,test_ft_snmp_root_node_walk,test_ft_snmp_snmpv2_mib,test_ft_snmp_sysDescr,test_ft_snmp_sysName,test_ft_snmp_target_mib,test_ft_snmp_tcp_mib,test_ft_snmp_test_syUpTime,test_ft_snmp_ucd_diskio_mib,test_ft_snmp_ucd_la_table,test_ft_snmp_ucd_system_stats,test_ft_snmp_udp_mib,test_ft_snmp_user_based_sm_mib,test_ft_snmp_view_based_acm_mib,test_ft_ssh_add_user_verify,test_ft_ssh_service_disable,test_ft_tacacs_ssh_login_with_tacacs_operations,test_ft_verify_logs_at_the_time_of_ssh_login_success,test_ft_verify_min_links_functionality_by_flapping_all_member_ports_007,test_ft_vlan_delete_with_member,test_ft_vlan_save_config_warm_and_fast_reboot,test_ft_vlan_trunk_tagged,test_ft_watermark_telemetry_interval,test_lldp_verify_counters,test_ntp_exists_config,test_spytest_infra_first,test_spytest_infra_second,test_spytest_infra_last --noop

2023-12-28 01:02:32,580 T0000: NOTICE ARGS: --logs-level debug --results-prefix=results --get-tech-support none --fetch-core-files none --syslog-check none --save config-db module --topology-check module --logs-path logs/2023-12-28-01-02-25 --continue-on-collection-errors --max-time session 0 --max-time module 0 --max-time function 0 --noop --tryssh=0 --testbed-file testbed.yaml --env SPYTEST_RPS_DEBUG 0 --tclist-bucket 1,2,4 --test-suite community-vs-l2 --email rama.kristipati@broadcom.com --env SPYTEST_SCAPY_DBG_LVL 2 --noop --env SPYTEST_EMAIL_FROM SPyTest-VSNet@broadcom.com --noop --logs-path logs/vm-master-442372-l2 --env SPYTEST_EMAIL_BODY_PREFIX http://10.193.81.56:8080/sonic_mgmt_master/work/logs/vm-master-442372-l2/dashboard.html --email-subject-nargs VSNet-sonic_mgmt_master-VM-L2-{{bldver}} : {{passrate}}: {{pass_cnt}}/{{executed}} vm-master-442372-l2 --noop --feature-group master
2023-12-28 01:02:36,845 T0000: INFO  TRY-1 system/test_lldp.py 2 1 D1D2:2 D1T1:1
2023-12-28 01:02:36,846 T0000: INFO  matched testbed gw2 to execute bucket 2 system/test_lldp.py D1D2:2 D1T1:1
2023-12-28 01:02:36,846 T0000: INFO  matched testbed gw3 to execute bucket 2 system/test_lldp.py D1D2:2 D1T1:1
2023-12-28 01:02:36,847 T0000: INFO  TRY-1 system/test_ntp.py 1 1 D1
2023-12-28 01:02:36,847 T0000: INFO  matched testbed gw4 to execute bucket 1 system/test_ntp.py D1
2023-12-28 01:02:36,847 T0000: INFO  matched testbed gw5 to execute bucket 1 system/test_ntp.py D1
2023-12-28 01:02:36,848 T0000: INFO  matched testbed gw6 to execute bucket 1 system/test_ntp.py D1
2023-12-28 01:02:36,848 T0000: INFO  matched testbed gw7 to execute bucket 1 system/test_ntp.py D1
2023-12-28 01:02:36,848 T0000: INFO  TRY-1 security/test_tacacs.py 1 1 D1
2023-12-28 01:02:36,849 T0000: INFO  matched testbed gw4 to execute bucket 1 security/test_tacacs.py D1
2023-12-28 01:02:36,849 T0000: INFO  matched testbed gw5 to execute bucket 1 security/test_tacacs.py D1
2023-12-28 01:02:36,849 T0000: INFO  matched testbed gw6 to execute bucket 1 security/test_tacacs.py D1
2023-12-28 01:02:36,850 T0000: INFO  matched testbed gw7 to execute bucket 1 security/test_tacacs.py D1
2023-12-28 01:02:36,850 T0000: INFO  TRY-1 system/test_interface.py 2 1 D1D2:2 D1T1:2 TGEN=ixia
2023-12-28 01:02:36,852 T0000: INFO  matched testbed gw2 to execute bucket 2 system/test_interface.py D1D2:2 D1T1:2 TGEN=ixia
2023-12-28 01:02:36,852 T0000: INFO  matched testbed gw3 to execute bucket 2 system/test_interface.py D1D2:2 D1T1:2 TGEN=ixia
2023-12-28 01:02:36,853 T0000: INFO  TRY-1 system/test_snmp.py 1 1 D1T1:2 TGEN=ixia
2023-12-28 01:02:36,853 T0000: INFO  matched testbed gw4 to execute bucket 1 system/test_snmp.py D1T1:2 TGEN=ixia
2023-12-28 01:02:36,853 T0000: INFO  matched testbed gw5 to execute bucket 1 system/test_snmp.py D1T1:2 TGEN=ixia
2023-12-28 01:02:36,854 T0000: INFO  matched testbed gw6 to execute bucket 1 system/test_snmp.py D1T1:2 TGEN=ixia
2023-12-28 01:02:36,854 T0000: INFO  matched testbed gw7 to execute bucket 1 system/test_snmp.py D1T1:2 TGEN=ixia
2023-12-28 01:02:36,854 T0000: INFO  TRY-1 system/test_ssh.py 2 1 D1D2:2
2023-12-28 01:02:36,855 T0000: INFO  matched testbed gw2 to execute bucket 2 system/test_ssh.py D1D2:2
2023-12-28 01:02:36,855 T0000: INFO  matched testbed gw3 to execute bucket 2 system/test_ssh.py D1D2:2
2023-12-28 01:02:36,855 T0000: INFO  TRY-1 switching/test_vlan.py 2 1 D1D2:4 D1T1:2 D2T1:2 CHIP=TH2|TH1|TD3|TD2|TD4 TGEN=ixia
2023-12-28 01:02:36,856 T0000: INFO  matched testbed gw2 to execute bucket 2 switching/test_vlan.py D1D2:4 D1T1:2 D2T1:2 CHIP=TH2|TH1|TD3|TD2|TD4 TGEN=ixia
2023-12-28 01:02:36,857 T0000: INFO  matched testbed gw3 to execute bucket 2 switching/test_vlan.py D1D2:4 D1T1:2 D2T1:2 CHIP=TH2|TH1|TD3|TD2|TD4 TGEN=ixia
2023-12-28 01:02:36,857 T0000: INFO  TRY-1 system/test_snapshot.py 1 1 D1T1:4 TGEN=ixia CHIP=TH1|TH2|TH3|TD3 CHIP_REV=NA|X5|X7 MODEL1=ent
2023-12-28 01:02:36,858 T0000: INFO  matched testbed gw4 to execute bucket 1 system/test_snapshot.py D1T1:4 TGEN=ixia CHIP=TH1|TH2|TH3|TD3 CHIP_REV=NA|X5|X7 MODEL1=ent
2023-12-28 01:02:36,858 T0000: INFO  matched testbed gw5 to execute bucket 1 system/test_snapshot.py D1T1:4 TGEN=ixia CHIP=TH1|TH2|TH3|TD3 CHIP_REV=NA|X5|X7 MODEL1=ent
2023-12-28 01:02:36,859 T0000: INFO  matched testbed gw6 to execute bucket 1 system/test_snapshot.py D1T1:4 TGEN=ixia CHIP=TH1|TH2|TH3|TD3 CHIP_REV=NA|X5|X7 MODEL1=ent
2023-12-28 01:02:36,859 T0000: INFO  matched testbed gw7 to execute bucket 1 system/test_snapshot.py D1T1:4 TGEN=ixia CHIP=TH1|TH2|TH3|TD3 CHIP_REV=NA|X5|X7 MODEL1=ent
2023-12-28 01:02:36,859 T0000: INFO  TRY-1 switching/test_portchannel.py 2 1 D1D2:5 D1T1:1 D2T1:1 TGEN=ixia
2023-12-28 01:02:36,860 T0000: INFO  matched testbed gw2 to execute bucket 2 switching/test_portchannel.py D1D2:5 D1T1:1 D2T1:1 TGEN=ixia
2023-12-28 01:02:36,860 T0000: INFO  matched testbed gw3 to execute bucket 2 switching/test_portchannel.py D1D2:5 D1T1:1 D2T1:1 TGEN=ixia
2023-12-28 01:02:36,893 T0000: INFO  Start Monitoring poll_time=300 max_time=7200 DBG=0
2023-12-28 01:02:36,899 T0000: INFO  ============== NODE(gw0) FINISH gw0
2023-12-28 01:02:36,899 T0000: INFO  ============== Completed gw0  
2023-12-28 01:02:36,961 T0000: INFO  ============== NODE(gw1) FINISH gw1
2023-12-28 01:02:36,961 T0000: INFO  ============== Completed gw1  
2023-12-28 01:02:36,962 T0000: INFO  [gw2]: ===== Assigned Pre-Tests
2023-12-28 01:02:36,963 T0000: INFO  [gw3]: ===== Assigned Pre-Tests
2023-12-28 01:08:52,826 T0000: INFO  [gw3]: EXEC: switching/test_vlan.py::test_ft_add_unknownvlan_interface
2023-12-28 01:08:56,845 T0000: INFO  [gw3]: PASSED: switching/test_vlan.py::test_ft_add_unknownvlan_interface
2023-12-28 01:09:02,259 T0000: INFO  [gw3]: EXEC: switching/test_vlan.py::test_ft_vlan_delete_with_member
2023-12-28 01:09:08,141 T0000: INFO  [gw2]: EXEC: switching/test_portchannel.py::test_ft_portchannel_with_vlan_variations
2023-12-28 01:09:11,450 T0000: INFO  [gw3]: PASSED: switching/test_vlan.py::test_ft_vlan_delete_with_member
2023-12-28 01:09:16,895 T0000: INFO  [gw3]: EXEC: switching/test_vlan.py::test_ft_vlan_trunk_tagged
2023-12-28 01:09:38,210 T0000: INFO  [gw2]: PASSED: switching/test_portchannel.py::test_ft_portchannel_with_vlan_variations
2023-12-28 01:09:49,834 T0000: INFO  [gw2]: EXEC: switching/test_portchannel.py::test_ft_verify_min_links_functionality_by_flapping_all_member_ports_007
2023-12-28 01:10:04,191 T0000: INFO  [gw2]: PASSED: switching/test_portchannel.py::test_ft_verify_min_links_functionality_by_flapping_all_member_ports_007
2023-12-28 01:10:38,425 T0000: INFO  [gw3]: PASSED: switching/test_vlan.py::test_ft_vlan_trunk_tagged
2023-12-28 01:10:43,757 T0000: INFO  [gw3]: EXEC: switching/test_vlan.py::test_ft_vlan_save_config_warm_and_fast_reboot
2023-12-28 01:17:04,626 T0000: INFO  [gw2]: XFAIL: system/test_lldp.py::test_ft_lldp_LocManAddrLen
2023-12-28 01:17:05,039 T0000: INFO  [gw2]: XFAIL: system/test_lldp.py::test_ft_lldp_LocManAddrlfld
2023-12-28 01:17:05,463 T0000: INFO  [gw2]: XFAIL: system/test_lldp.py::test_ft_lldp_LocManAddrEntry
2023-12-28 01:17:05,848 T0000: INFO  [gw2]: XFAIL: system/test_lldp.py::test_ft_lldp_ConfigManAddrEntry
2023-12-28 01:17:06,285 T0000: INFO  [gw2]: XFAIL: system/test_lldp.py::test_ft_lldp_lldplocportid
2023-12-28 01:17:06,627 T0000: INFO  [gw2]: XFAIL: system/test_lldp.py::test_ft_lldp_lldplocsysname
2023-12-28 01:17:07,026 T0000: INFO  [gw2]: XFAIL: system/test_lldp.py::test_ft_lldp_lldplocsysdesc
2023-12-28 01:17:07,441 T0000: INFO  [gw2]: XFAIL: system/test_lldp.py::test_ft_lldp_rem_man_addr_table
2023-12-28 01:17:07,821 T0000: INFO  [gw2]: XFAIL: system/test_lldp.py::test_ft_lldp_non_default_config
2023-12-28 01:17:08,248 T0000: INFO  [gw2]: XFAIL: system/test_lldp.py::test_ft_lldp_docker_restart
2023-12-28 01:17:08,647 T0000: INFO  [gw2]: XFAIL: system/test_lldp.py::test_lldp_verify_counters
2023-12-28 01:17:09,068 T0000: INFO  [gw2]: XFAIL: system/test_lldp.py::test_ft_lldp_with_remote_server
2023-12-28 01:22:43,096 T0000: INFO  [gw3]: FAILED: switching/test_vlan.py::test_ft_vlan_save_config_warm_and_fast_reboot
2023-12-28 01:23:02,647 T0000: INFO  [gw2]: EXEC: system/test_interface.py::test_ft_port_fn_verify_shut_noshut
2023-12-28 01:23:58,464 T0000: INFO  [gw2]: XFAIL: system/test_interface.py::test_ft_port_fn_verify_shut_noshut
2023-12-28 01:27:51,683 T0000: INFO  ============== NODE(gw2) FINISH gw2
2023-12-28 01:27:51,683 T0000: INFO  ============== Completed gw2  
2023-12-28 01:27:51,716 T0000: INFO  [gw4]: ===== Assigned Pre-Tests
2023-12-28 01:27:51,719 T0000: INFO  [gw6]: ===== Assigned Pre-Tests
2023-12-28 01:29:03,341 T0000: INFO  [gw3]: EXEC: system/test_ssh.py::test_ft_ssh_service_disable
2023-12-28 01:29:06,174 T0000: INFO  [gw3]: PASSED: system/test_ssh.py::test_ft_ssh_service_disable
2023-12-28 01:29:11,477 T0000: INFO  [gw3]: EXEC: system/test_ssh.py::test_ft_ssh_add_user_verify
2023-12-28 01:32:25,472 T0000: INFO  [gw6]: EXEC: system/test_ntp.py::test_ft_ntp_disable_enable_with_message_log
2023-12-28 01:32:50,861 T0000: INFO  [gw4]: EXEC: system/test_snapshot.py::test_ft_watermark_telemetry_interval
2023-12-28 01:33:01,645 T0000: INFO  [gw4]: PASSED: system/test_snapshot.py::test_ft_watermark_telemetry_interval
2023-12-28 01:37:18,937 T0000: INFO  [gw6]: FAILED: system/test_ntp.py::test_ft_ntp_disable_enable_with_message_log
2023-12-28 01:37:23,831 T0000: INFO  [gw6]: EXEC: system/test_ntp.py::test_ntp_exists_config
2023-12-28 01:37:32,653 T0000: INFO  [gw6]: PASSED: system/test_ntp.py::test_ntp_exists_config
2023-12-28 01:39:07,121 T0000: INFO  [gw4]: EXEC: security/test_tacacs.py::test_ft_tacacs_ssh_login_with_tacacs_operations
2023-12-28 01:39:08,366 T0000: INFO  [gw4]: XFAIL: security/test_tacacs.py::test_ft_tacacs_ssh_login_with_tacacs_operations
2023-12-28 01:39:37,398 T0000: INFO  [gw3]: XFAIL: system/test_ssh.py::test_ft_ssh_add_user_verify
2023-12-28 01:39:42,900 T0000: INFO  [gw3]: EXEC: system/test_ssh.py::test_ft_verify_logs_at_the_time_of_ssh_login_success
2023-12-28 01:40:03,225 T0000: INFO  [gw3]: PASSED: system/test_ssh.py::test_ft_verify_logs_at_the_time_of_ssh_login_success
2023-12-28 01:41:58,751 T0000: INFO  ============== NODE(gw4) FINISH gw4
2023-12-28 01:41:58,751 T0000: INFO  ============== Completed gw4  
2023-12-28 01:43:22,752 T0000: INFO  ============== NODE(gw3) FINISH gw3
2023-12-28 01:43:22,752 T0000: INFO  ============== Completed gw3  
2023-12-28 01:43:22,863 T0000: INFO  ============== NODE(gw5) FINISH gw5
2023-12-28 01:43:22,871 T0000: INFO  ============== Completed gw5  
2023-12-28 01:43:22,967 T0000: INFO  ============== NODE(gw7) FINISH gw7
2023-12-28 01:43:22,968 T0000: INFO  ============== Completed gw7  
2023-12-28 01:44:43,617 T0000: INFO  [gw6]: EXEC: system/test_snmp.py::test_ft_snmp_sysName
2023-12-28 01:44:44,771 T0000: INFO  [gw6]: XFAIL: system/test_snmp.py::test_ft_snmp_sysName
2023-12-28 01:44:49,543 T0000: INFO  [gw6]: EXEC: system/test_snmp.py::test_ft_snmp_test_syUpTime
2023-12-28 01:44:50,862 T0000: INFO  [gw6]: PASSED: system/test_snmp.py::test_ft_snmp_test_syUpTime
2023-12-28 01:44:55,561 T0000: INFO  [gw6]: EXEC: system/test_snmp.py::test_ft_snmp_sysDescr
2023-12-28 01:44:58,266 T0000: INFO  [gw6]: PASSED: system/test_snmp.py::test_ft_snmp_sysDescr
2023-12-28 01:45:03,025 T0000: INFO  [gw6]: EXEC: system/test_snmp.py::test_ft_snmp_mib_2
2023-12-28 01:45:05,263 T0000: INFO  [gw6]: PASSED: system/test_snmp.py::test_ft_snmp_mib_2
2023-12-28 01:45:10,093 T0000: INFO  [gw6]: EXEC: system/test_snmp.py::test_ft_snmp_if_mib_all
2023-12-28 01:45:10,271 T0000: INFO  [gw6]: PASSED: system/test_snmp.py::test_ft_snmp_if_mib_all
2023-12-28 01:45:14,979 T0000: INFO  [gw6]: EXEC: system/test_snmp.py::test_ft_snmp_entity_mib_all
2023-12-28 01:45:15,029 T0000: INFO  [gw6]: PASSED: system/test_snmp.py::test_ft_snmp_entity_mib_all
2023-12-28 01:45:19,803 T0000: INFO  [gw6]: EXEC: system/test_snmp.py::test_ft_snmp_dot1q_dot1db_mib
2023-12-28 01:45:19,892 T0000: INFO  [gw6]: PASSED: system/test_snmp.py::test_ft_snmp_dot1q_dot1db_mib
2023-12-28 01:45:24,707 T0000: INFO  [gw6]: EXEC: system/test_snmp.py::test_ft_snmp_root_node_walk
2023-12-28 01:45:27,998 T0000: INFO  [gw6]: PASSED: system/test_snmp.py::test_ft_snmp_root_node_walk
2023-12-28 01:45:32,819 T0000: INFO  [gw6]: EXEC: system/test_snmp.py::test_ft_snmp_ipAddressRowStatus_ipv6
2023-12-28 01:45:39,275 T0000: INFO  [gw6]: PASSED: system/test_snmp.py::test_ft_snmp_ipAddressRowStatus_ipv6
2023-12-28 01:45:44,024 T0000: INFO  [gw6]: EXEC: system/test_snmp.py::test_ft_snmp_ipAddressStorageType_ipv6
2023-12-28 01:45:44,059 T0000: INFO  [gw6]: PASSED: system/test_snmp.py::test_ft_snmp_ipAddressStorageType_ipv6
2023-12-28 01:45:48,929 T0000: INFO  [gw6]: EXEC: system/test_snmp.py::test_ft_snmp_ipv6_If_Forward_default_HopLimit
2023-12-28 01:45:48,969 T0000: INFO  [gw6]: PASSED: system/test_snmp.py::test_ft_snmp_ipv6_If_Forward_default_HopLimit
2023-12-28 01:45:53,730 T0000: INFO  [gw6]: EXEC: system/test_snmp.py::test_ft_snmp_ipv6scope_index_table
2023-12-28 01:45:53,787 T0000: INFO  [gw6]: PASSED: system/test_snmp.py::test_ft_snmp_ipv6scope_index_table
2023-12-28 01:45:58,707 T0000: INFO  [gw6]: EXEC: system/test_snmp.py::test_ft_snmp_ip_forward_table
2023-12-28 01:46:01,387 T0000: INFO  [gw6]: PASSED: system/test_snmp.py::test_ft_snmp_ip_forward_table
2023-12-28 01:46:07,058 T0000: INFO  [gw6]: EXEC: system/test_snmp.py::test_ft_snmp_ifx_table
2023-12-28 01:46:07,211 T0000: INFO  [gw6]: PASSED: system/test_snmp.py::test_ft_snmp_ifx_table
2023-12-28 01:46:12,041 T0000: INFO  [gw6]: EXEC: system/test_snmp.py::test_ft_snmp_ip_System_Stats_Table
2023-12-28 01:46:12,093 T0000: INFO  [gw6]: PASSED: system/test_snmp.py::test_ft_snmp_ip_System_Stats_Table
2023-12-28 01:46:17,014 T0000: INFO  [gw6]: EXEC: system/test_snmp.py::test_ft_snmp_ip_IfStats_Table
2023-12-28 01:46:17,339 T0000: INFO  [gw6]: PASSED: system/test_snmp.py::test_ft_snmp_ip_IfStats_Table
2023-12-28 01:46:22,177 T0000: INFO  [gw6]: EXEC: system/test_snmp.py::test_ft_snmp_ip_Address_Table
2023-12-28 01:46:22,232 T0000: INFO  [gw6]: PASSED: system/test_snmp.py::test_ft_snmp_ip_Address_Table
2023-12-28 01:46:27,047 T0000: INFO  [gw6]: EXEC: system/test_snmp.py::test_ft_snmp_ip_NetToPhysical_Table
2023-12-28 01:46:27,087 T0000: INFO  [gw6]: PASSED: system/test_snmp.py::test_ft_snmp_ip_NetToPhysical_Table
2023-12-28 01:46:31,816 T0000: INFO  [gw6]: EXEC: system/test_snmp.py::test_ft_snmp_icmp_Msgs
2023-12-28 01:46:31,871 T0000: INFO  [gw6]: PASSED: system/test_snmp.py::test_ft_snmp_icmp_Msgs
2023-12-28 01:46:36,521 T0000: INFO  [gw6]: EXEC: system/test_snmp.py::test_ft_snmp_tcp_mib
2023-12-28 01:46:38,334 T0000: INFO  [gw6]: PASSED: system/test_snmp.py::test_ft_snmp_tcp_mib
2023-12-28 01:46:43,143 T0000: INFO  [gw6]: EXEC: system/test_snmp.py::test_ft_snmp_udp_mib
2023-12-28 01:46:43,215 T0000: INFO  [gw6]: PASSED: system/test_snmp.py::test_ft_snmp_udp_mib
2023-12-28 01:46:47,975 T0000: INFO  [gw6]: EXEC: system/test_snmp.py::test_ft_snmp_snmpv2_mib
2023-12-28 01:46:48,014 T0000: INFO  [gw6]: PASSED: system/test_snmp.py::test_ft_snmp_snmpv2_mib
2023-12-28 01:46:52,929 T0000: INFO  [gw6]: EXEC: system/test_snmp.py::test_ft_snmp_host_resource_mib
2023-12-28 01:46:53,165 T0000: INFO  [gw6]: PASSED: system/test_snmp.py::test_ft_snmp_host_resource_mib
2023-12-28 01:46:57,967 T0000: INFO  [gw6]: EXEC: system/test_snmp.py::test_ft_snmp_framework_mib
2023-12-28 01:46:57,995 T0000: INFO  [gw6]: PASSED: system/test_snmp.py::test_ft_snmp_framework_mib
2023-12-28 01:47:02,823 T0000: INFO  [gw6]: EXEC: system/test_snmp.py::test_ft_snmp_mpd_mib
2023-12-28 01:47:02,850 T0000: INFO  [gw6]: PASSED: system/test_snmp.py::test_ft_snmp_mpd_mib
2023-12-28 01:47:07,717 T0000: INFO  [gw6]: EXEC: system/test_snmp.py::test_ft_snmp_target_mib
2023-12-28 01:47:07,751 T0000: INFO  [gw6]: PASSED: system/test_snmp.py::test_ft_snmp_target_mib
2023-12-28 01:47:12,505 T0000: INFO  [gw6]: EXEC: system/test_snmp.py::test_ft_snmp_notification_mib
2023-12-28 01:47:12,530 T0000: INFO  [gw6]: PASSED: system/test_snmp.py::test_ft_snmp_notification_mib
2023-12-28 01:47:17,311 T0000: INFO  [gw6]: EXEC: system/test_snmp.py::test_ft_snmp_user_based_sm_mib
2023-12-28 01:47:17,339 T0000: INFO  [gw6]: PASSED: system/test_snmp.py::test_ft_snmp_user_based_sm_mib
2023-12-28 01:47:22,156 T0000: INFO  [gw6]: EXEC: system/test_snmp.py::test_ft_snmp_view_based_acm_mib
2023-12-28 01:47:22,208 T0000: INFO  [gw6]: PASSED: system/test_snmp.py::test_ft_snmp_view_based_acm_mib
2023-12-28 01:47:27,122 T0000: INFO  [gw6]: EXEC: system/test_snmp.py::test_ft_snmp_ent_physical_table
2023-12-28 01:47:27,175 T0000: INFO  [gw6]: PASSED: system/test_snmp.py::test_ft_snmp_ent_physical_table
2023-12-28 01:47:31,969 T0000: INFO  [gw6]: EXEC: system/test_snmp.py::test_ft_snmp_dot3_stats_table
2023-12-28 01:47:32,028 T0000: INFO  [gw6]: PASSED: system/test_snmp.py::test_ft_snmp_dot3_stats_table
2023-12-28 01:47:36,910 T0000: INFO  [gw6]: EXEC: system/test_snmp.py::test_ft_net_snmp_agent_mib
2023-12-28 01:47:37,602 T0000: INFO  [gw6]: PASSED: system/test_snmp.py::test_ft_net_snmp_agent_mib
2023-12-28 01:47:42,385 T0000: INFO  [gw6]: EXEC: system/test_snmp.py::test_ft_net_snmp_vacm_mib
2023-12-28 01:47:42,423 T0000: INFO  [gw6]: PASSED: system/test_snmp.py::test_ft_net_snmp_vacm_mib
2023-12-28 01:47:47,170 T0000: INFO  [gw6]: EXEC: system/test_snmp.py::test_ft_snmp_ucd_diskio_mib
2023-12-28 01:47:47,225 T0000: INFO  [gw6]: PASSED: system/test_snmp.py::test_ft_snmp_ucd_diskio_mib
2023-12-28 01:47:51,932 T0000: INFO  [gw6]: EXEC: system/test_snmp.py::test_ft_snmp_ucd_la_table
2023-12-28 01:47:51,978 T0000: INFO  [gw6]: PASSED: system/test_snmp.py::test_ft_snmp_ucd_la_table
2023-12-28 01:47:56,873 T0000: INFO  [gw6]: EXEC: system/test_snmp.py::test_ft_snmp_ucd_system_stats
2023-12-28 01:47:56,910 T0000: INFO  [gw6]: PASSED: system/test_snmp.py::test_ft_snmp_ucd_system_stats
2023-12-28 01:48:01,734 T0000: INFO  [gw6]: EXEC: system/test_snmp.py::test_ft_snmp_dot1q_tp_fdb_port
2023-12-28 01:48:03,604 T0000: INFO  [gw6]: XFAIL: system/test_snmp.py::test_ft_snmp_dot1q_tp_fdb_port
2023-12-28 01:48:08,331 T0000: INFO  [gw6]: EXEC: system/test_snmp.py::test_ft_snmp_dot1q_tp_fdb_address
2023-12-28 01:48:08,771 T0000: INFO  [gw6]: PASSED: system/test_snmp.py::test_ft_snmp_dot1q_tp_fdb_address
2023-12-28 01:48:13,580 T0000: INFO  [gw6]: EXEC: system/test_snmp.py::test_ft_snmp_coldstart_trap
2023-12-28 01:48:27,843 T0000: INFO  [gw6]: XFAIL: system/test_snmp.py::test_ft_snmp_coldstart_trap
2023-12-28 01:48:32,692 T0000: INFO  [gw6]: EXEC: system/test_snmp.py::test_ft_snmp_docker_restart
2023-12-28 01:48:44,533 T0000: INFO  [gw6]: XFAIL: system/test_snmp.py::test_ft_snmp_docker_restart
2023-12-28 01:53:22,305 T0000: INFO  ============== NODE(gw6) DEAD gw6
2023-12-28 01:53:22,306 T0000: INFO  ============== Completed gw6 Failed to module init one or more devices in topology Failed to module init one or more devices in topology
2023-12-28 01:53:22,307 T0000: INFO  [gw6]: ===== unfinished test cases
2023-12-28 01:53:22,405 T0000: INFO  update free pod devices ['V1', 'V2', 'V3', 'V4']
2023-12-28 01:53:22,405 T0000: INFO  update free pod devices ['unknown:V1', 'unknown:V2', 'unknown:V3', 'unknown:V4']
