2024-01-08 03:18:51.426103 = START
2024-01-08 03:18:52.493150 = device connections start
2024-01-08 03:19:25.688836 = device connections finish
2024-01-08 03:19:25.693552 = session init start
2024-01-08 03:21:37.479794 = report file generation start
2024-01-08 03:21:37.559343 = report file generation end
2024-01-08 03:22:01.026498 = session init end
2024-01-08 03:22:01.028158 = Framework Module Hook Start
2024-01-08 03:22:01.439559 = module test_spytest_infra_1.py init start
2024-01-08 03:22:05.303518 = module test_spytest_infra_1.py init end
2024-01-08 03:22:05.304251 = Framework Module Hook end
2024-01-08 03:22:05.305092 = Framework Function Hook Start
2024-01-08 03:22:08.388108 = function batch/test_spytest_infra_1.py::test_spytest_infra_first init start
2024-01-08 03:22:12.788891 = function batch/test_spytest_infra_1.py::test_spytest_infra_first init end
2024-01-08 03:22:12.789933 = Framework Function Hook end
2024-01-08 03:22:12.793079 = Module Config Time (2024-01-08 03:22:01.028223 - 2024-01-08 03:22:05.305848) Published
2024-01-08 03:22:12.796153 = function batch/test_spytest_infra_1.py::test_spytest_infra_first clean start
2024-01-08 03:22:12.806322 = Test Time (2024-01-08 03:22:08.388202 - 2024-01-08 03:22:12.806315) Published
2024-01-08 03:22:12.811865 = function batch/test_spytest_infra_1.py::test_spytest_infra_first clean end
2024-01-08 03:22:12.812172 = Framework Function Hook Finalize
2024-01-08 03:22:12.937354 = Framework Function Hook Start
2024-01-08 03:22:12.938459 = function batch/test_spytest_infra_1.py::test_spytest_infra_second init start
2024-01-08 03:22:17.256180 = function batch/test_spytest_infra_1.py::test_spytest_infra_second init end
2024-01-08 03:22:17.257278 = Framework Function Hook end
2024-01-08 03:22:17.261527 = function batch/test_spytest_infra_1.py::test_spytest_infra_second clean start
2024-01-08 03:22:17.273489 = Test Time (2024-01-08 03:22:12.938662 - 2024-01-08 03:22:17.273481) Published
2024-01-08 03:22:17.278534 = function batch/test_spytest_infra_1.py::test_spytest_infra_second clean end
2024-01-08 03:22:17.278779 = Framework Function Hook Finalize
2024-01-08 03:22:17.278908 = module test_spytest_infra_1.py clean start
2024-01-08 03:22:19.575309 = report file generation start
2024-01-08 03:22:19.652311 = report file generation end
2024-01-08 03:22:19.657288 = module test_spytest_infra_1.py clean end
2024-01-08 03:22:19.657648 = Framework Module Hook Finalize
2024-01-08 03:22:19.659966 = Framework Module Hook Start
2024-01-08 03:22:20.070106 = module test_ntp.py init start
2024-01-08 03:22:47.375279 = module test_ntp.py init end
2024-01-08 03:22:47.375694 = Framework Module Hook end
2024-01-08 03:22:47.376024 = User Module system/test_ntp.py Hook Start
2024-01-08 03:22:47.376909 = User Module system/test_ntp.py Hook end
2024-01-08 03:22:47.377146 = Framework Function Hook Start
2024-01-08 03:23:14.019472 = function system/test_ntp.py::test_ft_ntp_disable_enable_with_message_log init start
2024-01-08 03:23:18.390728 = function system/test_ntp.py::test_ft_ntp_disable_enable_with_message_log init end
2024-01-08 03:23:18.392064 = Framework Function Hook end
2024-01-08 03:23:18.393374 = User Function system/test_ntp.py::test_ft_ntp_disable_enable_with_message_log Hook Start
2024-01-08 03:23:18.395960 = User Function system/test_ntp.py::test_ft_ntp_disable_enable_with_message_log Hook end
2024-01-08 03:23:18.397079 = Module Config Time (2024-01-08 03:22:19.660024 - 2024-01-08 03:22:47.377222) Published
2024-01-08 03:28:21.282745 = User Function system/test_ntp.py::test_ft_ntp_disable_enable_with_message_log Hook Finalize
2024-01-08 03:28:21.282955 = function system/test_ntp.py::test_ft_ntp_disable_enable_with_message_log clean start
2024-01-08 03:28:21.298675 = Test Time (2024-01-08 03:23:14.019566 - 2024-01-08 03:28:21.298667) Published
2024-01-08 03:28:21.304410 = function system/test_ntp.py::test_ft_ntp_disable_enable_with_message_log clean end
2024-01-08 03:28:21.304718 = Framework Function Hook Finalize
2024-01-08 03:28:21.305987 = Framework Function Hook Start
2024-01-08 03:28:21.306466 = function system/test_ntp.py::test_ntp_exists_config init start
2024-01-08 03:28:25.774478 = function system/test_ntp.py::test_ntp_exists_config init end
2024-01-08 03:28:25.774868 = Framework Function Hook end
2024-01-08 03:28:25.775194 = User Function system/test_ntp.py::test_ntp_exists_config Hook Start
2024-01-08 03:28:25.777975 = User Function system/test_ntp.py::test_ntp_exists_config Hook end
2024-01-08 03:28:31.668772 = User Function system/test_ntp.py::test_ntp_exists_config Hook Finalize
2024-01-08 03:28:31.668917 = function system/test_ntp.py::test_ntp_exists_config clean start
2024-01-08 03:28:31.681228 = Test Time (2024-01-08 03:28:21.306543 - 2024-01-08 03:28:31.681220) Published
2024-01-08 03:28:31.686270 = function system/test_ntp.py::test_ntp_exists_config clean end
2024-01-08 03:28:31.686657 = Framework Function Hook Finalize
2024-01-08 03:28:55.253699 = User Module system/test_ntp.py Hook Finalize
2024-01-08 03:28:55.253889 = module test_ntp.py clean start
2024-01-08 03:29:21.239749 = report file generation start
2024-01-08 03:29:21.322224 = report file generation end
2024-01-08 03:29:21.327366 = module test_ntp.py clean end
2024-01-08 03:29:21.327854 = Framework Module Hook Finalize
2024-01-08 03:29:21.409851 = Framework Module Hook Start
2024-01-08 03:29:21.827789 = module test_spytest_infra_1.py init start
2024-01-08 03:30:22.114052 = module test_spytest_infra_1.py init end
2024-01-08 03:30:22.114817 = Framework Module Hook end
2024-01-08 03:30:22.115635 = Framework Function Hook Start
2024-01-08 03:30:25.193707 = function batch/test_spytest_infra_1.py::test_spytest_infra_last init start
2024-01-08 03:30:29.592574 = function batch/test_spytest_infra_1.py::test_spytest_infra_last init end
2024-01-08 03:30:29.593634 = Framework Function Hook end
2024-01-08 03:30:29.595098 = Module Config Time (2024-01-08 03:29:21.410020 - 2024-01-08 03:30:22.115863) Published
2024-01-08 03:30:29.597597 = function batch/test_spytest_infra_1.py::test_spytest_infra_last clean start
2024-01-08 03:30:29.610345 = Test Time (2024-01-08 03:30:25.193811 - 2024-01-08 03:30:29.610338) Published
2024-01-08 03:30:29.615351 = function batch/test_spytest_infra_1.py::test_spytest_infra_last clean end
2024-01-08 03:30:29.615629 = Framework Function Hook Finalize
2024-01-08 03:30:29.615773 = module test_spytest_infra_1.py clean start
2024-01-08 03:30:32.063339 = report file generation start
2024-01-08 03:30:32.146144 = report file generation end
2024-01-08 03:30:32.151355 = module test_spytest_infra_1.py clean end
2024-01-08 03:30:32.152414 = Framework Module Hook Finalize
2024-01-08 03:30:32.152807 = session clean start
2024-01-08 03:30:32.191563 = report file generation start
2024-01-08 03:30:32.279615 = report file generation end
2024-01-08 03:30:32.989909 = session clean end
