2023-12-26 22:49:34.754498 = START
2023-12-26 22:49:35.897238 = device connections start
2023-12-26 22:50:09.705365 = device connections finish
2023-12-26 22:50:09.709988 = session init start
2023-12-26 22:52:19.756944 = report file generation start
2023-12-26 22:52:19.855211 = report file generation end
2023-12-26 22:52:43.588199 = session init end
2023-12-26 22:52:43.590563 = Framework Module Hook Start
2023-12-26 22:52:44.426923 = module test_spytest_infra_1.py init start
2023-12-26 22:52:48.696689 = module test_spytest_infra_1.py init end
2023-12-26 22:52:48.696992 = Framework Module Hook end
2023-12-26 22:52:48.697309 = Framework Function Hook Start
2023-12-26 22:52:52.963588 = function batch/test_spytest_infra_1.py::test_spytest_infra_first init start
2023-12-26 22:52:58.053408 = function batch/test_spytest_infra_1.py::test_spytest_infra_first init end
2023-12-26 22:52:58.054481 = Framework Function Hook end
2023-12-26 22:52:58.057498 = Module Config Time (2023-12-26 22:52:43.590637 - 2023-12-26 22:52:48.697392) Published
2023-12-26 22:52:58.060076 = function batch/test_spytest_infra_1.py::test_spytest_infra_first clean start
2023-12-26 22:52:58.078653 = Test Time (2023-12-26 22:52:52.963856 - 2023-12-26 22:52:58.078646) Published
2023-12-26 22:52:58.084097 = function batch/test_spytest_infra_1.py::test_spytest_infra_first clean end
2023-12-26 22:52:58.084406 = Framework Function Hook Finalize
2023-12-26 22:52:58.252155 = Framework Function Hook Start
2023-12-26 22:52:58.253370 = function batch/test_spytest_infra_1.py::test_spytest_infra_second init start
2023-12-26 22:53:03.506809 = function batch/test_spytest_infra_1.py::test_spytest_infra_second init end
2023-12-26 22:53:03.507865 = Framework Function Hook end
2023-12-26 22:53:03.511564 = function batch/test_spytest_infra_1.py::test_spytest_infra_second clean start
2023-12-26 22:53:03.528630 = Test Time (2023-12-26 22:52:58.253560 - 2023-12-26 22:53:03.528622) Published
2023-12-26 22:53:03.533697 = function batch/test_spytest_infra_1.py::test_spytest_infra_second clean end
2023-12-26 22:53:03.533984 = Framework Function Hook Finalize
2023-12-26 22:53:03.534143 = module test_spytest_infra_1.py clean start
2023-12-26 22:53:05.979196 = report file generation start
2023-12-26 22:53:06.068694 = report file generation end
2023-12-26 22:53:06.073755 = module test_spytest_infra_1.py clean end
2023-12-26 22:53:06.074122 = Framework Module Hook Finalize
2023-12-26 22:53:06.076514 = Framework Module Hook Start
2023-12-26 22:53:06.903786 = module test_bgp.py init start
2023-12-26 22:53:34.954068 = module test_bgp.py init end
2023-12-26 22:53:34.954803 = Framework Module Hook end
2023-12-26 22:53:34.955372 = User Module routing/BGP/test_bgp.py Hook Start
2023-12-26 22:56:04.377903 = User Module routing/BGP/test_bgp.py Hook end
2023-12-26 22:56:04.378177 = User Class routing/BGP/test_bgp.py Hook Start
2023-12-26 22:56:59.759263 = User Class routing/BGP/test_bgp.py Hook end
2023-12-26 22:56:59.759976 = Framework Function Hook Start
2023-12-26 22:57:28.820088 = function routing/BGP/test_bgp.py::TestBGPRif::test_ft_bgp_v6_link_local_bgp init start
2023-12-26 22:57:34.012348 = function routing/BGP/test_bgp.py::TestBGPRif::test_ft_bgp_v6_link_local_bgp init end
2023-12-26 22:57:34.012850 = Framework Function Hook end
2023-12-26 22:57:34.014637 = Module Config Time (2023-12-26 22:53:06.076575 - 2023-12-26 22:56:59.760077) Published
2023-12-26 22:57:51.491849 = function routing/BGP/test_bgp.py::TestBGPRif::test_ft_bgp_v6_link_local_bgp clean start
2023-12-26 22:57:51.528634 = Test Time (2023-12-26 22:57:28.820237 - 2023-12-26 22:57:51.528620) Published
2023-12-26 22:57:51.534691 = function routing/BGP/test_bgp.py::TestBGPRif::test_ft_bgp_v6_link_local_bgp clean end
2023-12-26 22:57:51.535154 = Framework Function Hook Finalize
2023-12-26 22:57:51.537355 = Framework Function Hook Start
2023-12-26 22:57:51.538004 = function routing/BGP/test_bgp.py::TestBGPRif::test_ft_bgp_clear init start
2023-12-26 22:57:58.027258 = function routing/BGP/test_bgp.py::TestBGPRif::test_ft_bgp_clear init end
2023-12-26 22:57:58.028243 = Framework Function Hook end
2023-12-26 22:58:07.333803 = function routing/BGP/test_bgp.py::TestBGPRif::test_ft_bgp_clear clean start
2023-12-26 22:58:07.364010 = Test Time (2023-12-26 22:57:51.538099 - 2023-12-26 22:58:07.364001) Published
2023-12-26 22:58:07.368985 = function routing/BGP/test_bgp.py::TestBGPRif::test_ft_bgp_clear clean end
2023-12-26 22:58:07.369292 = Framework Function Hook Finalize
2023-12-26 22:58:07.370242 = Framework Function Hook Start
2023-12-26 22:58:07.370602 = function routing/BGP/test_bgp.py::TestBGPRif::test_ft_bgp_peer_traffic_check init start
2023-12-26 22:58:13.319439 = function routing/BGP/test_bgp.py::TestBGPRif::test_ft_bgp_peer_traffic_check init end
2023-12-26 22:58:13.319891 = Framework Function Hook end
2023-12-26 22:58:13.320250 = User Function routing/BGP/test_bgp.py::TestBGPRif::test_ft_bgp_peer_traffic_check Hook Start
2023-12-26 22:58:13.328788 = User Function routing/BGP/test_bgp.py::TestBGPRif::test_ft_bgp_peer_traffic_check Hook end
2023-12-26 23:01:38.044097 = User Function routing/BGP/test_bgp.py::TestBGPRif::test_ft_bgp_peer_traffic_check Hook Finalize
2023-12-26 23:01:38.044411 = function routing/BGP/test_bgp.py::TestBGPRif::test_ft_bgp_peer_traffic_check clean start
2023-12-26 23:01:38.072399 = Test Time (2023-12-26 22:58:07.370661 - 2023-12-26 23:01:38.072388) Published
2023-12-26 23:01:38.078065 = function routing/BGP/test_bgp.py::TestBGPRif::test_ft_bgp_peer_traffic_check clean end
2023-12-26 23:01:38.078505 = Framework Function Hook Finalize
2023-12-26 23:01:38.080143 = Framework Function Hook Start
2023-12-26 23:01:38.080680 = function routing/BGP/test_bgp.py::TestBGPRif::test_ft_bgp_graceful_restart_and_aware_routers init start
2023-12-26 23:01:44.530559 = function routing/BGP/test_bgp.py::TestBGPRif::test_ft_bgp_graceful_restart_and_aware_routers init end
2023-12-26 23:01:44.531147 = Framework Function Hook end
2023-12-26 23:01:50.770382 = function routing/BGP/test_bgp.py::TestBGPRif::test_ft_bgp_graceful_restart_and_aware_routers clean start
2023-12-26 23:01:50.798266 = Test Time (2023-12-26 23:01:38.080747 - 2023-12-26 23:01:50.798255) Published
2023-12-26 23:01:50.803340 = function routing/BGP/test_bgp.py::TestBGPRif::test_ft_bgp_graceful_restart_and_aware_routers clean end
2023-12-26 23:01:50.803749 = Framework Function Hook Finalize
2023-12-26 23:01:50.804973 = Framework Function Hook Start
2023-12-26 23:01:50.805417 = function routing/BGP/test_bgp.py::TestBGPRif::test_ft_bgp_ipv4_no_route_aggregation_for_exact_prefix_match init start
2023-12-26 23:01:57.161020 = function routing/BGP/test_bgp.py::TestBGPRif::test_ft_bgp_ipv4_no_route_aggregation_for_exact_prefix_match init end
2023-12-26 23:01:57.161503 = Framework Function Hook end
2023-12-26 23:03:07.165344 = function routing/BGP/test_bgp.py::TestBGPRif::test_ft_bgp_ipv4_no_route_aggregation_for_exact_prefix_match clean start
2023-12-26 23:03:07.201160 = Test Time (2023-12-26 23:01:50.805492 - 2023-12-26 23:03:07.201150) Published
2023-12-26 23:03:07.206367 = function routing/BGP/test_bgp.py::TestBGPRif::test_ft_bgp_ipv4_no_route_aggregation_for_exact_prefix_match clean end
2023-12-26 23:03:07.206719 = Framework Function Hook Finalize
2023-12-26 23:03:07.207770 = Framework Function Hook Start
2023-12-26 23:03:07.208168 = function routing/BGP/test_bgp.py::TestBGPRif::test_ft_bgp_ipv4_route_aggregation_atomic_aggregate_without_as_set init start
2023-12-26 23:03:13.963954 = function routing/BGP/test_bgp.py::TestBGPRif::test_ft_bgp_ipv4_route_aggregation_atomic_aggregate_without_as_set init end
2023-12-26 23:03:13.964363 = Framework Function Hook end
2023-12-26 23:04:54.267265 = function routing/BGP/test_bgp.py::TestBGPRif::test_ft_bgp_ipv4_route_aggregation_atomic_aggregate_without_as_set clean start
2023-12-26 23:04:54.306820 = Test Time (2023-12-26 23:03:07.208231 - 2023-12-26 23:04:54.306809) Published
2023-12-26 23:04:54.312022 = function routing/BGP/test_bgp.py::TestBGPRif::test_ft_bgp_ipv4_route_aggregation_atomic_aggregate_without_as_set clean end
2023-12-26 23:04:54.312440 = Framework Function Hook Finalize
2023-12-26 23:04:54.313665 = Framework Function Hook Start
2023-12-26 23:04:54.314095 = function routing/BGP/test_bgp.py::TestBGPRif::test_bgp_route_aggregation_4byteASN init start
2023-12-26 23:05:00.948134 = function routing/BGP/test_bgp.py::TestBGPRif::test_bgp_route_aggregation_4byteASN init end
2023-12-26 23:05:00.948705 = Framework Function Hook end
2023-12-26 23:05:35.324840 = function routing/BGP/test_bgp.py::TestBGPRif::test_bgp_route_aggregation_4byteASN clean start
2023-12-26 23:05:35.362848 = Test Time (2023-12-26 23:04:54.314155 - 2023-12-26 23:05:35.362838) Published
2023-12-26 23:05:35.368111 = function routing/BGP/test_bgp.py::TestBGPRif::test_bgp_route_aggregation_4byteASN clean end
2023-12-26 23:05:35.368574 = Framework Function Hook Finalize
2023-12-26 23:05:35.369654 = Framework Function Hook Start
2023-12-26 23:05:35.370120 = function routing/BGP/test_bgp.py::TestBGPRif::test_ft_bgp_ipv6_route_aggregation_with_as_set init start
2023-12-26 23:05:41.211916 = function routing/BGP/test_bgp.py::TestBGPRif::test_ft_bgp_ipv6_route_aggregation_with_as_set init end
2023-12-26 23:05:41.212459 = Framework Function Hook end
2023-12-26 23:06:29.922734 = function routing/BGP/test_bgp.py::TestBGPRif::test_ft_bgp_ipv6_route_aggregation_with_as_set clean start
2023-12-26 23:06:29.958117 = Test Time (2023-12-26 23:05:35.370186 - 2023-12-26 23:06:29.958107) Published
2023-12-26 23:06:29.963280 = function routing/BGP/test_bgp.py::TestBGPRif::test_ft_bgp_ipv6_route_aggregation_with_as_set clean end
2023-12-26 23:06:29.963639 = Framework Function Hook Finalize
2023-12-26 23:06:29.964620 = Framework Function Hook Start
2023-12-26 23:06:29.965012 = function routing/BGP/test_bgp.py::TestBGPRif::test_ft_bgp_v4_dyn_nbr init start
2023-12-26 23:06:36.639744 = function routing/BGP/test_bgp.py::TestBGPRif::test_ft_bgp_v4_dyn_nbr init end
2023-12-26 23:06:36.640169 = Framework Function Hook end
2023-12-26 23:07:03.830993 = function routing/BGP/test_bgp.py::TestBGPRif::test_ft_bgp_v4_dyn_nbr clean start
2023-12-26 23:07:03.861005 = Test Time (2023-12-26 23:06:29.965073 - 2023-12-26 23:07:03.860994) Published
2023-12-26 23:07:03.866381 = function routing/BGP/test_bgp.py::TestBGPRif::test_ft_bgp_v4_dyn_nbr clean end
2023-12-26 23:07:03.866888 = Framework Function Hook Finalize
2023-12-26 23:07:03.867984 = Framework Function Hook Start
2023-12-26 23:07:03.868437 = function routing/BGP/test_bgp.py::TestBGPRif::test_ft_bgp_v6_dyn_nbr init start
2023-12-26 23:07:09.074609 = function routing/BGP/test_bgp.py::TestBGPRif::test_ft_bgp_v6_dyn_nbr init end
2023-12-26 23:07:09.075054 = Framework Function Hook end
2023-12-26 23:07:35.882292 = function routing/BGP/test_bgp.py::TestBGPRif::test_ft_bgp_v6_dyn_nbr clean start
2023-12-26 23:07:35.911498 = Test Time (2023-12-26 23:07:03.868527 - 2023-12-26 23:07:35.911488) Published
2023-12-26 23:07:35.916803 = function routing/BGP/test_bgp.py::TestBGPRif::test_ft_bgp_v6_dyn_nbr clean end
2023-12-26 23:07:35.917135 = Framework Function Hook Finalize
2023-12-26 23:07:35.918357 = Framework Function Hook Start
2023-12-26 23:07:35.918811 = function routing/BGP/test_bgp.py::TestBGPRif::test_ft_bgp_v4_max_dyn_nbr init start
2023-12-26 23:07:41.111545 = function routing/BGP/test_bgp.py::TestBGPRif::test_ft_bgp_v4_max_dyn_nbr init end
2023-12-26 23:07:41.111912 = Framework Function Hook end
2023-12-26 23:09:57.016617 = function routing/BGP/test_bgp.py::TestBGPRif::test_ft_bgp_v4_max_dyn_nbr clean start
2023-12-26 23:09:57.051264 = Test Time (2023-12-26 23:07:35.918877 - 2023-12-26 23:09:57.051254) Published
2023-12-26 23:09:57.056595 = function routing/BGP/test_bgp.py::TestBGPRif::test_ft_bgp_v4_max_dyn_nbr clean end
2023-12-26 23:09:57.057001 = Framework Function Hook Finalize
2023-12-26 23:09:57.058173 = Framework Function Hook Start
2023-12-26 23:09:57.058584 = function routing/BGP/test_bgp.py::TestBGPRif::test_ft_bgp_rmap init start
2023-12-26 23:10:02.291869 = function routing/BGP/test_bgp.py::TestBGPRif::test_ft_bgp_rmap init end
2023-12-26 23:10:02.292504 = Framework Function Hook end
2023-12-26 23:10:16.637534 = function routing/BGP/test_bgp.py::TestBGPRif::test_ft_bgp_rmap clean start
2023-12-26 23:10:16.666031 = Test Time (2023-12-26 23:09:57.058644 - 2023-12-26 23:10:16.666021) Published
2023-12-26 23:10:16.671317 = function routing/BGP/test_bgp.py::TestBGPRif::test_ft_bgp_rmap clean end
2023-12-26 23:10:16.671673 = Framework Function Hook Finalize
2023-12-26 23:10:30.402331 = User Class routing/BGP/test_bgp.py Hook Finalize
2023-12-26 23:10:30.412668 = User Class routing/BGP/test_bgp.py Hook Finalize
2023-12-26 23:10:30.422712 = User Class routing/BGP/test_bgp.py Hook Finalize
2023-12-26 23:10:30.432019 = User Class routing/BGP/test_bgp.py Hook Finalize
2023-12-26 23:10:30.441197 = User Class routing/BGP/test_bgp.py Hook Finalize
2023-12-26 23:10:30.450188 = User Class routing/BGP/test_bgp.py Hook Finalize
2023-12-26 23:10:30.462262 = User Class routing/BGP/test_bgp.py Hook Finalize
2023-12-26 23:10:30.527316 = User Class routing/BGP/test_bgp.py Hook Finalize
2023-12-26 23:10:30.539070 = User Class routing/BGP/test_bgp.py Hook Finalize
2023-12-26 23:10:30.549385 = User Class routing/BGP/test_bgp.py Hook Finalize
2023-12-26 23:10:30.558706 = User Class routing/BGP/test_bgp.py Hook Finalize
2023-12-26 23:10:30.567848 = User Class routing/BGP/test_bgp.py Hook Finalize
2023-12-26 23:10:30.569098 = User Class routing/BGP/test_bgp.py Hook Start
2023-12-26 23:11:23.414642 = User Class routing/BGP/test_bgp.py Hook end
2023-12-26 23:11:23.415081 = User Class routing/BGP/test_bgp.py Hook Start
2023-12-26 23:11:56.962340 = User Class routing/BGP/test_bgp.py Hook end
2023-12-26 23:11:56.962913 = Framework Function Hook Start
2023-12-26 23:11:56.964032 = function routing/BGP/test_bgp.py::TestBGPIPvxRouteAdvertisementFilter::test_redistribute_connected_ipv4 init start
2023-12-26 23:12:03.396636 = function routing/BGP/test_bgp.py::TestBGPIPvxRouteAdvertisementFilter::test_redistribute_connected_ipv4 init end
2023-12-26 23:12:03.397143 = Framework Function Hook end
2023-12-26 23:12:16.799311 = function routing/BGP/test_bgp.py::TestBGPIPvxRouteAdvertisementFilter::test_redistribute_connected_ipv4 clean start
2023-12-26 23:12:16.843566 = Test Time (2023-12-26 23:11:56.964217 - 2023-12-26 23:12:16.843556) Published
2023-12-26 23:12:16.848880 = function routing/BGP/test_bgp.py::TestBGPIPvxRouteAdvertisementFilter::test_redistribute_connected_ipv4 clean end
2023-12-26 23:12:16.849216 = Framework Function Hook Finalize
2023-12-26 23:12:16.850636 = Framework Function Hook Start
2023-12-26 23:12:16.851078 = function routing/BGP/test_bgp.py::TestBGPIPvxRouteAdvertisementFilter::test_redistribute_static_ipv4 init start
2023-12-26 23:12:23.458426 = function routing/BGP/test_bgp.py::TestBGPIPvxRouteAdvertisementFilter::test_redistribute_static_ipv4 init end
2023-12-26 23:12:23.458809 = Framework Function Hook end
2023-12-26 23:12:38.512746 = function routing/BGP/test_bgp.py::TestBGPIPvxRouteAdvertisementFilter::test_redistribute_static_ipv4 clean start
2023-12-26 23:12:38.548908 = Test Time (2023-12-26 23:12:16.851143 - 2023-12-26 23:12:38.548899) Published
2023-12-26 23:12:38.553971 = function routing/BGP/test_bgp.py::TestBGPIPvxRouteAdvertisementFilter::test_redistribute_static_ipv4 clean end
2023-12-26 23:12:38.554283 = Framework Function Hook Finalize
2023-12-26 23:12:38.555214 = Framework Function Hook Start
2023-12-26 23:12:38.555583 = function routing/BGP/test_bgp.py::TestBGPIPvxRouteAdvertisementFilter::test_distribute_list_in_ipv4 init start
2023-12-26 23:12:44.659486 = function routing/BGP/test_bgp.py::TestBGPIPvxRouteAdvertisementFilter::test_distribute_list_in_ipv4 init end
2023-12-26 23:12:44.659916 = Framework Function Hook end
2023-12-26 23:12:53.790228 = function routing/BGP/test_bgp.py::TestBGPIPvxRouteAdvertisementFilter::test_distribute_list_in_ipv4 clean start
2023-12-26 23:12:53.817087 = Test Time (2023-12-26 23:12:38.555642 - 2023-12-26 23:12:53.817078) Published
2023-12-26 23:12:53.822127 = function routing/BGP/test_bgp.py::TestBGPIPvxRouteAdvertisementFilter::test_distribute_list_in_ipv4 clean end
2023-12-26 23:12:53.822463 = Framework Function Hook Finalize
2023-12-26 23:12:53.823410 = Framework Function Hook Start
2023-12-26 23:12:53.823791 = function routing/BGP/test_bgp.py::TestBGPIPvxRouteAdvertisementFilter::test_filter_list_in_ipv4 init start
2023-12-26 23:13:00.185719 = function routing/BGP/test_bgp.py::TestBGPIPvxRouteAdvertisementFilter::test_filter_list_in_ipv4 init end
2023-12-26 23:13:00.186227 = Framework Function Hook end
2023-12-26 23:13:09.122189 = function routing/BGP/test_bgp.py::TestBGPIPvxRouteAdvertisementFilter::test_filter_list_in_ipv4 clean start
2023-12-26 23:13:09.147584 = Test Time (2023-12-26 23:12:53.823851 - 2023-12-26 23:13:09.147576) Published
2023-12-26 23:13:09.152613 = function routing/BGP/test_bgp.py::TestBGPIPvxRouteAdvertisementFilter::test_filter_list_in_ipv4 clean end
2023-12-26 23:13:09.152914 = Framework Function Hook Finalize
2023-12-26 23:13:09.153818 = Framework Function Hook Start
2023-12-26 23:13:09.154178 = function routing/BGP/test_bgp.py::TestBGPIPvxRouteAdvertisementFilter::test_prefix_list_out_ipv4 init start
2023-12-26 23:13:15.543858 = function routing/BGP/test_bgp.py::TestBGPIPvxRouteAdvertisementFilter::test_prefix_list_out_ipv4 init end
2023-12-26 23:13:15.544227 = Framework Function Hook end
2023-12-26 23:13:36.583425 = function routing/BGP/test_bgp.py::TestBGPIPvxRouteAdvertisementFilter::test_prefix_list_out_ipv4 clean start
2023-12-26 23:13:36.609966 = Test Time (2023-12-26 23:13:09.154237 - 2023-12-26 23:13:36.609956) Published
2023-12-26 23:13:36.615018 = function routing/BGP/test_bgp.py::TestBGPIPvxRouteAdvertisementFilter::test_prefix_list_out_ipv4 clean end
2023-12-26 23:13:36.615340 = Framework Function Hook Finalize
2023-12-26 23:13:36.616261 = Framework Function Hook Start
2023-12-26 23:13:36.616663 = function routing/BGP/test_bgp.py::TestBGPIPvxRouteAdvertisementFilter::test_default_originate_ipv4 init start
2023-12-26 23:13:42.951065 = function routing/BGP/test_bgp.py::TestBGPIPvxRouteAdvertisementFilter::test_default_originate_ipv4 init end
2023-12-26 23:13:42.951686 = Framework Function Hook end
2023-12-26 23:13:52.802098 = function routing/BGP/test_bgp.py::TestBGPIPvxRouteAdvertisementFilter::test_default_originate_ipv4 clean start
2023-12-26 23:13:52.834649 = Test Time (2023-12-26 23:13:36.616726 - 2023-12-26 23:13:52.834639) Published
2023-12-26 23:13:52.839726 = function routing/BGP/test_bgp.py::TestBGPIPvxRouteAdvertisementFilter::test_default_originate_ipv4 clean end
2023-12-26 23:13:52.840059 = Framework Function Hook Finalize
2023-12-26 23:13:52.841045 = Framework Function Hook Start
2023-12-26 23:13:52.841441 = function routing/BGP/test_bgp.py::TestBGPIPvxRouteAdvertisementFilter::test_route_map_in_ipv4 init start
2023-12-26 23:13:59.390852 = function routing/BGP/test_bgp.py::TestBGPIPvxRouteAdvertisementFilter::test_route_map_in_ipv4 init end
2023-12-26 23:13:59.391253 = Framework Function Hook end
2023-12-26 23:13:59.391579 = User Function routing/BGP/test_bgp.py::TestBGPIPvxRouteAdvertisementFilter::test_route_map_in_ipv4 Hook Start
2023-12-26 23:13:59.399696 = User Function routing/BGP/test_bgp.py::TestBGPIPvxRouteAdvertisementFilter::test_route_map_in_ipv4 Hook end
2023-12-26 23:14:04.629995 = User Function routing/BGP/test_bgp.py::TestBGPIPvxRouteAdvertisementFilter::test_route_map_in_ipv4 Hook Finalize
2023-12-26 23:14:04.630260 = function routing/BGP/test_bgp.py::TestBGPIPvxRouteAdvertisementFilter::test_route_map_in_ipv4 clean start
2023-12-26 23:14:04.667047 = Test Time (2023-12-26 23:13:52.841501 - 2023-12-26 23:14:04.667037) Published
2023-12-26 23:14:04.672265 = function routing/BGP/test_bgp.py::TestBGPIPvxRouteAdvertisementFilter::test_route_map_in_ipv4 clean end
2023-12-26 23:14:04.672616 = Framework Function Hook Finalize
2023-12-26 23:14:04.674024 = Framework Function Hook Start
2023-12-26 23:14:04.674473 = function routing/BGP/test_bgp.py::TestBGPIPvxRouteAdvertisementFilter::test_redistribute_connected_ipv6 init start
2023-12-26 23:14:10.996746 = function routing/BGP/test_bgp.py::TestBGPIPvxRouteAdvertisementFilter::test_redistribute_connected_ipv6 init end
2023-12-26 23:14:10.997200 = Framework Function Hook end
2023-12-26 23:14:24.384250 = function routing/BGP/test_bgp.py::TestBGPIPvxRouteAdvertisementFilter::test_redistribute_connected_ipv6 clean start
2023-12-26 23:14:24.420413 = Test Time (2023-12-26 23:14:04.674535 - 2023-12-26 23:14:24.420403) Published
2023-12-26 23:14:24.425813 = function routing/BGP/test_bgp.py::TestBGPIPvxRouteAdvertisementFilter::test_redistribute_connected_ipv6 clean end
2023-12-26 23:14:24.426193 = Framework Function Hook Finalize
2023-12-26 23:14:24.427173 = Framework Function Hook Start
2023-12-26 23:14:24.427560 = function routing/BGP/test_bgp.py::TestBGPIPvxRouteAdvertisementFilter::test_redistribute_static_ipv6 init start
2023-12-26 23:14:31.025386 = function routing/BGP/test_bgp.py::TestBGPIPvxRouteAdvertisementFilter::test_redistribute_static_ipv6 init end
2023-12-26 23:14:31.025992 = Framework Function Hook end
2023-12-26 23:14:46.042394 = function routing/BGP/test_bgp.py::TestBGPIPvxRouteAdvertisementFilter::test_redistribute_static_ipv6 clean start
2023-12-26 23:14:46.077893 = Test Time (2023-12-26 23:14:24.427620 - 2023-12-26 23:14:46.077883) Published
2023-12-26 23:14:46.082919 = function routing/BGP/test_bgp.py::TestBGPIPvxRouteAdvertisementFilter::test_redistribute_static_ipv6 clean end
2023-12-26 23:14:46.083280 = Framework Function Hook Finalize
2023-12-26 23:14:46.084229 = Framework Function Hook Start
2023-12-26 23:14:46.084652 = function routing/BGP/test_bgp.py::TestBGPIPvxRouteAdvertisementFilter::test_distribute_list_in_ipv6 init start
2023-12-26 23:14:52.181053 = function routing/BGP/test_bgp.py::TestBGPIPvxRouteAdvertisementFilter::test_distribute_list_in_ipv6 init end
2023-12-26 23:14:52.181660 = Framework Function Hook end
2023-12-26 23:15:01.140934 = function routing/BGP/test_bgp.py::TestBGPIPvxRouteAdvertisementFilter::test_distribute_list_in_ipv6 clean start
2023-12-26 23:15:01.168254 = Test Time (2023-12-26 23:14:46.084716 - 2023-12-26 23:15:01.168244) Published
2023-12-26 23:15:01.173464 = function routing/BGP/test_bgp.py::TestBGPIPvxRouteAdvertisementFilter::test_distribute_list_in_ipv6 clean end
2023-12-26 23:15:01.173874 = Framework Function Hook Finalize
2023-12-26 23:15:01.174826 = Framework Function Hook Start
2023-12-26 23:15:01.175206 = function routing/BGP/test_bgp.py::TestBGPIPvxRouteAdvertisementFilter::test_filter_list_in_ipv6 init start
2023-12-26 23:15:07.488343 = function routing/BGP/test_bgp.py::TestBGPIPvxRouteAdvertisementFilter::test_filter_list_in_ipv6 init end
2023-12-26 23:15:07.488770 = Framework Function Hook end
2023-12-26 23:15:16.418645 = function routing/BGP/test_bgp.py::TestBGPIPvxRouteAdvertisementFilter::test_filter_list_in_ipv6 clean start
2023-12-26 23:15:16.446474 = Test Time (2023-12-26 23:15:01.175266 - 2023-12-26 23:15:16.446464) Published
2023-12-26 23:15:16.451480 = function routing/BGP/test_bgp.py::TestBGPIPvxRouteAdvertisementFilter::test_filter_list_in_ipv6 clean end
2023-12-26 23:15:16.451792 = Framework Function Hook Finalize
2023-12-26 23:15:16.452694 = Framework Function Hook Start
2023-12-26 23:15:16.453061 = function routing/BGP/test_bgp.py::TestBGPIPvxRouteAdvertisementFilter::test_prefix_list_out_ipv6 init start
2023-12-26 23:15:22.860177 = function routing/BGP/test_bgp.py::TestBGPIPvxRouteAdvertisementFilter::test_prefix_list_out_ipv6 init end
2023-12-26 23:15:22.860638 = Framework Function Hook end
2023-12-26 23:15:32.216210 = function routing/BGP/test_bgp.py::TestBGPIPvxRouteAdvertisementFilter::test_prefix_list_out_ipv6 clean start
2023-12-26 23:15:32.252070 = Test Time (2023-12-26 23:15:16.453122 - 2023-12-26 23:15:32.252056) Published
2023-12-26 23:15:32.257513 = function routing/BGP/test_bgp.py::TestBGPIPvxRouteAdvertisementFilter::test_prefix_list_out_ipv6 clean end
2023-12-26 23:15:32.258017 = Framework Function Hook Finalize
2023-12-26 23:15:32.259604 = Framework Function Hook Start
2023-12-26 23:15:32.260163 = function routing/BGP/test_bgp.py::TestBGPIPvxRouteAdvertisementFilter::test_filter_list_out_ipv6 init start
2023-12-26 23:15:38.609912 = function routing/BGP/test_bgp.py::TestBGPIPvxRouteAdvertisementFilter::test_filter_list_out_ipv6 init end
2023-12-26 23:15:38.610454 = Framework Function Hook end
2023-12-26 23:15:47.999566 = function routing/BGP/test_bgp.py::TestBGPIPvxRouteAdvertisementFilter::test_filter_list_out_ipv6 clean start
2023-12-26 23:15:48.031068 = Test Time (2023-12-26 23:15:32.260264 - 2023-12-26 23:15:48.031058) Published
2023-12-26 23:15:48.036640 = function routing/BGP/test_bgp.py::TestBGPIPvxRouteAdvertisementFilter::test_filter_list_out_ipv6 clean end
2023-12-26 23:15:48.037188 = Framework Function Hook Finalize
2023-12-26 23:15:48.038692 = Framework Function Hook Start
2023-12-26 23:15:48.039246 = function routing/BGP/test_bgp.py::TestBGPIPvxRouteAdvertisementFilter::test_default_originate_ipv6 init start
2023-12-26 23:15:54.400895 = function routing/BGP/test_bgp.py::TestBGPIPvxRouteAdvertisementFilter::test_default_originate_ipv6 init end
2023-12-26 23:15:54.401469 = Framework Function Hook end
2023-12-26 23:16:04.237532 = function routing/BGP/test_bgp.py::TestBGPIPvxRouteAdvertisementFilter::test_default_originate_ipv6 clean start
2023-12-26 23:16:04.273377 = Test Time (2023-12-26 23:15:48.039332 - 2023-12-26 23:16:04.273367) Published
2023-12-26 23:16:04.278484 = function routing/BGP/test_bgp.py::TestBGPIPvxRouteAdvertisementFilter::test_default_originate_ipv6 clean end
2023-12-26 23:16:04.278829 = Framework Function Hook Finalize
2023-12-26 23:16:04.279781 = Framework Function Hook Start
2023-12-26 23:16:04.280171 = function routing/BGP/test_bgp.py::TestBGPIPvxRouteAdvertisementFilter::test_route_map_in_ipv6 init start
2023-12-26 23:16:10.632013 = function routing/BGP/test_bgp.py::TestBGPIPvxRouteAdvertisementFilter::test_route_map_in_ipv6 init end
2023-12-26 23:16:10.632449 = Framework Function Hook end
2023-12-26 23:16:10.632790 = User Function routing/BGP/test_bgp.py::TestBGPIPvxRouteAdvertisementFilter::test_route_map_in_ipv6 Hook Start
2023-12-26 23:16:14.707155 = User Function routing/BGP/test_bgp.py::TestBGPIPvxRouteAdvertisementFilter::test_route_map_in_ipv6 Hook end
2023-12-26 23:16:25.374373 = User Function routing/BGP/test_bgp.py::TestBGPIPvxRouteAdvertisementFilter::test_route_map_in_ipv6 Hook Finalize
2023-12-26 23:16:25.374564 = function routing/BGP/test_bgp.py::TestBGPIPvxRouteAdvertisementFilter::test_route_map_in_ipv6 clean start
2023-12-26 23:16:25.411139 = Test Time (2023-12-26 23:16:04.280232 - 2023-12-26 23:16:25.411131) Published
2023-12-26 23:16:25.416483 = function routing/BGP/test_bgp.py::TestBGPIPvxRouteAdvertisementFilter::test_route_map_in_ipv6 clean end
2023-12-26 23:16:25.416907 = Framework Function Hook Finalize
2023-12-26 23:16:25.418309 = Framework Function Hook Start
2023-12-26 23:16:25.418726 = function routing/BGP/test_bgp.py::TestBGPIPvxRouteAdvertisementFilter::test_bgp_route_map_with_community init start
2023-12-26 23:16:31.729702 = function routing/BGP/test_bgp.py::TestBGPIPvxRouteAdvertisementFilter::test_bgp_route_map_with_community init end
2023-12-26 23:16:31.730273 = Framework Function Hook end
2023-12-26 23:16:50.006003 = function routing/BGP/test_bgp.py::TestBGPIPvxRouteAdvertisementFilter::test_bgp_route_map_with_community clean start
2023-12-26 23:16:50.033945 = Test Time (2023-12-26 23:16:25.418789 - 2023-12-26 23:16:50.033929) Published
2023-12-26 23:16:50.039413 = function routing/BGP/test_bgp.py::TestBGPIPvxRouteAdvertisementFilter::test_bgp_route_map_with_community clean end
2023-12-26 23:16:50.039860 = Framework Function Hook Finalize
2023-12-26 23:16:50.041094 = Framework Function Hook Start
2023-12-26 23:16:50.041503 = function routing/BGP/test_bgp.py::TestBGPIPvxRouteAdvertisementFilter::test_bgp_ebgp4_nbr_update_source init start
2023-12-26 23:16:56.140610 = function routing/BGP/test_bgp.py::TestBGPIPvxRouteAdvertisementFilter::test_bgp_ebgp4_nbr_update_source init end
2023-12-26 23:16:56.141018 = Framework Function Hook end
2023-12-26 23:16:56.141368 = User Function routing/BGP/test_bgp.py::TestBGPIPvxRouteAdvertisementFilter::test_bgp_ebgp4_nbr_update_source Hook Start
2023-12-26 23:16:56.150797 = User Function routing/BGP/test_bgp.py::TestBGPIPvxRouteAdvertisementFilter::test_bgp_ebgp4_nbr_update_source Hook end
2023-12-26 23:17:23.014665 = User Function routing/BGP/test_bgp.py::TestBGPIPvxRouteAdvertisementFilter::test_bgp_ebgp4_nbr_update_source Hook Finalize
2023-12-26 23:17:23.014849 = function routing/BGP/test_bgp.py::TestBGPIPvxRouteAdvertisementFilter::test_bgp_ebgp4_nbr_update_source clean start
2023-12-26 23:17:23.088780 = Test Time (2023-12-26 23:16:50.041564 - 2023-12-26 23:17:23.088767) Published
2023-12-26 23:17:23.093912 = function routing/BGP/test_bgp.py::TestBGPIPvxRouteAdvertisementFilter::test_bgp_ebgp4_nbr_update_source clean end
2023-12-26 23:17:23.094264 = Framework Function Hook Finalize
2023-12-26 23:17:23.095218 = Framework Function Hook Start
2023-12-26 23:17:23.095598 = function routing/BGP/test_bgp.py::TestBGPIPvxRouteAdvertisementFilter::test_bgp_ebgp4_nbr_authentication init start
2023-12-26 23:17:29.455137 = function routing/BGP/test_bgp.py::TestBGPIPvxRouteAdvertisementFilter::test_bgp_ebgp4_nbr_authentication init end
2023-12-26 23:17:29.455515 = Framework Function Hook end
2023-12-26 23:23:32.755520 = function routing/BGP/test_bgp.py::TestBGPIPvxRouteAdvertisementFilter::test_bgp_ebgp4_nbr_authentication clean start
2023-12-26 23:23:32.789417 = Test Time (2023-12-26 23:17:23.095657 - 2023-12-26 23:23:32.789408) Published
2023-12-26 23:23:32.794747 = function routing/BGP/test_bgp.py::TestBGPIPvxRouteAdvertisementFilter::test_bgp_ebgp4_nbr_authentication clean end
2023-12-26 23:23:32.795047 = Framework Function Hook Finalize
2023-12-26 23:23:32.796310 = Framework Function Hook Start
2023-12-26 23:23:32.796769 = function routing/BGP/test_bgp.py::TestBGPIPvxRouteAdvertisementFilter::test_route_aggregate_ipv6 init start
2023-12-26 23:23:39.076594 = function routing/BGP/test_bgp.py::TestBGPIPvxRouteAdvertisementFilter::test_route_aggregate_ipv6 init end
2023-12-26 23:23:39.077058 = Framework Function Hook end
2023-12-26 23:23:58.869127 = function routing/BGP/test_bgp.py::TestBGPIPvxRouteAdvertisementFilter::test_route_aggregate_ipv6 clean start
2023-12-26 23:23:58.907872 = Test Time (2023-12-26 23:23:32.796833 - 2023-12-26 23:23:58.907863) Published
2023-12-26 23:23:58.912868 = function routing/BGP/test_bgp.py::TestBGPIPvxRouteAdvertisementFilter::test_route_aggregate_ipv6 clean end
2023-12-26 23:23:58.913180 = Framework Function Hook Finalize
2023-12-26 23:23:58.914113 = Framework Function Hook Start
2023-12-26 23:23:58.914495 = function routing/BGP/test_bgp.py::TestBGPIPvxRouteAdvertisementFilter::test_static_blackhole_rt_redistribute_with_routemap_ipv6 init start
2023-12-26 23:24:05.743972 = function routing/BGP/test_bgp.py::TestBGPIPvxRouteAdvertisementFilter::test_static_blackhole_rt_redistribute_with_routemap_ipv6 init end
2023-12-26 23:24:05.744470 = Framework Function Hook end
2023-12-26 23:24:14.022699 = function routing/BGP/test_bgp.py::TestBGPIPvxRouteAdvertisementFilter::test_static_blackhole_rt_redistribute_with_routemap_ipv6 clean start
2023-12-26 23:24:14.061910 = Test Time (2023-12-26 23:23:58.914558 - 2023-12-26 23:24:14.061901) Published
2023-12-26 23:24:14.067216 = function routing/BGP/test_bgp.py::TestBGPIPvxRouteAdvertisementFilter::test_static_blackhole_rt_redistribute_with_routemap_ipv6 clean end
2023-12-26 23:24:14.067518 = Framework Function Hook Finalize
2023-12-26 23:24:46.058378 = User Class routing/BGP/test_bgp.py Hook Finalize
2023-12-26 23:24:58.798411 = User Class routing/BGP/test_bgp.py Hook Finalize
2023-12-26 23:24:58.808256 = User Class routing/BGP/test_bgp.py Hook Finalize
2023-12-26 23:24:58.816400 = User Class routing/BGP/test_bgp.py Hook Finalize
2023-12-26 23:24:58.825932 = User Class routing/BGP/test_bgp.py Hook Finalize
2023-12-26 23:24:58.835950 = User Class routing/BGP/test_bgp.py Hook Finalize
2023-12-26 23:24:58.843916 = User Class routing/BGP/test_bgp.py Hook Finalize
2023-12-26 23:24:58.853115 = User Class routing/BGP/test_bgp.py Hook Finalize
2023-12-26 23:24:58.863162 = User Class routing/BGP/test_bgp.py Hook Finalize
2023-12-26 23:24:58.871875 = User Class routing/BGP/test_bgp.py Hook Finalize
2023-12-26 23:24:58.881276 = User Class routing/BGP/test_bgp.py Hook Finalize
2023-12-26 23:24:58.890511 = User Class routing/BGP/test_bgp.py Hook Finalize
2023-12-26 23:24:58.899108 = User Class routing/BGP/test_bgp.py Hook Finalize
2023-12-26 23:24:58.907894 = User Class routing/BGP/test_bgp.py Hook Finalize
2023-12-26 23:24:58.915342 = User Class routing/BGP/test_bgp.py Hook Finalize
2023-12-26 23:24:58.923981 = User Class routing/BGP/test_bgp.py Hook Finalize
2023-12-26 23:24:58.932280 = User Class routing/BGP/test_bgp.py Hook Finalize
2023-12-26 23:24:58.940641 = User Class routing/BGP/test_bgp.py Hook Finalize
2023-12-26 23:24:58.950087 = User Class routing/BGP/test_bgp.py Hook Finalize
2023-12-26 23:24:58.959274 = User Class routing/BGP/test_bgp.py Hook Finalize
2023-12-26 23:24:58.970232 = User Class routing/BGP/test_bgp.py Hook Finalize
2023-12-26 23:24:58.979136 = User Class routing/BGP/test_bgp.py Hook Finalize
2023-12-26 23:24:58.988873 = User Class routing/BGP/test_bgp.py Hook Finalize
2023-12-26 23:24:59.001917 = User Class routing/BGP/test_bgp.py Hook Finalize
2023-12-26 23:24:59.011698 = User Class routing/BGP/test_bgp.py Hook Finalize
2023-12-26 23:24:59.020753 = User Class routing/BGP/test_bgp.py Hook Finalize
2023-12-26 23:24:59.084644 = User Class routing/BGP/test_bgp.py Hook Finalize
2023-12-26 23:24:59.092404 = User Class routing/BGP/test_bgp.py Hook Finalize
2023-12-26 23:24:59.101008 = User Class routing/BGP/test_bgp.py Hook Finalize
2023-12-26 23:24:59.109421 = User Class routing/BGP/test_bgp.py Hook Finalize
2023-12-26 23:24:59.118270 = User Class routing/BGP/test_bgp.py Hook Finalize
2023-12-26 23:24:59.126297 = User Class routing/BGP/test_bgp.py Hook Finalize
2023-12-26 23:24:59.136822 = User Class routing/BGP/test_bgp.py Hook Finalize
2023-12-26 23:24:59.146698 = User Class routing/BGP/test_bgp.py Hook Finalize
2023-12-26 23:24:59.156823 = User Class routing/BGP/test_bgp.py Hook Finalize
2023-12-26 23:24:59.165766 = User Class routing/BGP/test_bgp.py Hook Finalize
2023-12-26 23:24:59.175047 = User Class routing/BGP/test_bgp.py Hook Finalize
2023-12-26 23:24:59.183451 = User Class routing/BGP/test_bgp.py Hook Finalize
2023-12-26 23:24:59.194703 = User Class routing/BGP/test_bgp.py Hook Finalize
2023-12-26 23:24:59.203753 = User Class routing/BGP/test_bgp.py Hook Finalize
2023-12-26 23:24:59.205086 = User Class routing/BGP/test_bgp.py Hook Start
2023-12-26 23:25:51.885921 = User Class routing/BGP/test_bgp.py Hook end
2023-12-26 23:25:51.886491 = Framework Function Hook Start
2023-12-26 23:25:51.887037 = function routing/BGP/test_bgp.py::TestBGPVeLag::test_ft_bgp_clear init start
2023-12-26 23:25:58.020384 = function routing/BGP/test_bgp.py::TestBGPVeLag::test_ft_bgp_clear init end
2023-12-26 23:25:58.020786 = Framework Function Hook end
2023-12-26 23:26:07.294812 = function routing/BGP/test_bgp.py::TestBGPVeLag::test_ft_bgp_clear clean start
2023-12-26 23:26:07.320742 = Test Time (2023-12-26 23:25:51.887113 - 2023-12-26 23:26:07.320734) Published
2023-12-26 23:26:07.325810 = function routing/BGP/test_bgp.py::TestBGPVeLag::test_ft_bgp_clear clean end
2023-12-26 23:26:07.326109 = Framework Function Hook Finalize
2023-12-26 23:26:07.327233 = Framework Function Hook Start
2023-12-26 23:26:07.327620 = function routing/BGP/test_bgp.py::TestBGPVeLag::test_ft_bgp_peer_traffic_check init start
2023-12-26 23:26:13.070026 = function routing/BGP/test_bgp.py::TestBGPVeLag::test_ft_bgp_peer_traffic_check init end
2023-12-26 23:26:13.070408 = Framework Function Hook end
2023-12-26 23:26:13.070740 = User Function routing/BGP/test_bgp.py::TestBGPVeLag::test_ft_bgp_peer_traffic_check Hook Start
2023-12-26 23:26:13.078698 = User Function routing/BGP/test_bgp.py::TestBGPVeLag::test_ft_bgp_peer_traffic_check Hook end
2023-12-26 23:29:37.712265 = User Function routing/BGP/test_bgp.py::TestBGPVeLag::test_ft_bgp_peer_traffic_check Hook Finalize
2023-12-26 23:29:37.712510 = function routing/BGP/test_bgp.py::TestBGPVeLag::test_ft_bgp_peer_traffic_check clean start
2023-12-26 23:29:37.739441 = Test Time (2023-12-26 23:26:07.327681 - 2023-12-26 23:29:37.739433) Published
2023-12-26 23:29:37.744625 = function routing/BGP/test_bgp.py::TestBGPVeLag::test_ft_bgp_peer_traffic_check clean end
2023-12-26 23:29:37.744912 = Framework Function Hook Finalize
2023-12-26 23:29:52.518021 = User Class routing/BGP/test_bgp.py Hook Finalize
2023-12-26 23:29:52.527879 = User Class routing/BGP/test_bgp.py Hook Finalize
2023-12-26 23:29:53.055569 = User Class routing/BGP/test_bgp.py Hook Start
2023-12-26 23:30:45.693131 = User Class routing/BGP/test_bgp.py Hook end
2023-12-26 23:30:45.693357 = Framework Function Hook Start
2023-12-26 23:30:45.693701 = function routing/BGP/test_bgp.py::TestBGPL3Lag::test_ft_bgp_l3lag_peer_traffic_check init start
2023-12-26 23:30:51.967439 = function routing/BGP/test_bgp.py::TestBGPL3Lag::test_ft_bgp_l3lag_peer_traffic_check init end
2023-12-26 23:30:51.967769 = Framework Function Hook end
2023-12-26 23:34:13.296206 = function routing/BGP/test_bgp.py::TestBGPL3Lag::test_ft_bgp_l3lag_peer_traffic_check clean start
2023-12-26 23:34:13.329699 = Test Time (2023-12-26 23:30:45.693761 - 2023-12-26 23:34:13.329691) Published
2023-12-26 23:34:13.334886 = function routing/BGP/test_bgp.py::TestBGPL3Lag::test_ft_bgp_l3lag_peer_traffic_check clean end
2023-12-26 23:34:13.335193 = Framework Function Hook Finalize
2023-12-26 23:34:29.048754 = User Class routing/BGP/test_bgp.py Hook Finalize
2023-12-26 23:35:22.417745 = User Module routing/BGP/test_bgp.py Hook Finalize
2023-12-26 23:35:22.417979 = module test_bgp.py clean start
2023-12-26 23:35:48.887495 = report file generation start
2023-12-26 23:35:48.986905 = report file generation end
2023-12-26 23:35:48.991855 = module test_bgp.py clean end
2023-12-26 23:35:48.992357 = Framework Module Hook Finalize
2023-12-26 23:35:49.766482 = Framework Module Hook Start
2023-12-26 23:35:50.596610 = module test_spytest_infra_1.py init start
2023-12-26 23:37:13.541435 = module test_spytest_infra_1.py init end
2023-12-26 23:37:13.542057 = Framework Module Hook end
2023-12-26 23:37:13.542669 = Framework Function Hook Start
2023-12-26 23:37:17.805208 = function batch/test_spytest_infra_1.py::test_spytest_infra_last init start
2023-12-26 23:37:22.918764 = function batch/test_spytest_infra_1.py::test_spytest_infra_last init end
2023-12-26 23:37:22.919845 = Framework Function Hook end
2023-12-26 23:37:22.921399 = Module Config Time (2023-12-26 23:35:49.766598 - 2023-12-26 23:37:13.542853) Published
2023-12-26 23:37:22.924233 = function batch/test_spytest_infra_1.py::test_spytest_infra_last clean start
2023-12-26 23:37:22.940547 = Test Time (2023-12-26 23:37:17.805475 - 2023-12-26 23:37:22.940540) Published
2023-12-26 23:37:22.945598 = function batch/test_spytest_infra_1.py::test_spytest_infra_last clean end
2023-12-26 23:37:22.945905 = Framework Function Hook Finalize
2023-12-26 23:37:22.946051 = module test_spytest_infra_1.py clean start
2023-12-26 23:37:25.367847 = report file generation start
2023-12-26 23:37:25.471231 = report file generation end
2023-12-26 23:37:25.476313 = module test_spytest_infra_1.py clean end
2023-12-26 23:37:25.476826 = Framework Module Hook Finalize
2023-12-26 23:37:25.479083 = Framework Module Hook Start
2023-12-26 23:37:26.307136 = module test_vrf.py init start
2023-12-26 23:40:15.462686 = module test_vrf.py init end
2023-12-26 23:40:15.463297 = Framework Module Hook end
2023-12-26 23:40:15.463797 = User Module routing/VRF/test_vrf.py Hook Start
2023-12-26 23:48:07.344386 = User Module routing/VRF/test_vrf.py Hook end
2023-12-26 23:48:07.347991 = Framework Function Hook Start
2023-12-26 23:48:36.311527 = function routing/VRF/test_vrf.py::test_VrfFun001_06 init start
2023-12-26 23:48:41.546057 = function routing/VRF/test_vrf.py::test_VrfFun001_06 init end
2023-12-26 23:48:41.546621 = Framework Function Hook end
2023-12-26 23:48:41.549570 = Module Config Time (2023-12-26 23:37:25.479142 - 2023-12-26 23:48:07.348294) Published
2023-12-26 23:49:01.779464 = function routing/VRF/test_vrf.py::test_VrfFun001_06 clean start
2023-12-26 23:49:01.808635 = Test Time (2023-12-26 23:48:36.311833 - 2023-12-26 23:49:01.808627) Published
2023-12-26 23:49:01.814288 = function routing/VRF/test_vrf.py::test_VrfFun001_06 clean end
2023-12-26 23:49:01.814591 = Framework Function Hook Finalize
2023-12-26 23:49:01.815999 = Framework Function Hook Start
2023-12-26 23:49:01.816451 = function routing/VRF/test_vrf.py::test_VrfFun_26_27 init start
2023-12-26 23:49:07.741261 = function routing/VRF/test_vrf.py::test_VrfFun_26_27 init end
2023-12-26 23:49:07.741705 = Framework Function Hook end
2023-12-26 23:49:30.972402 = function routing/VRF/test_vrf.py::test_VrfFun_26_27 clean start
2023-12-26 23:49:31.001374 = Test Time (2023-12-26 23:49:01.816516 - 2023-12-26 23:49:31.001364) Published
2023-12-26 23:49:31.006709 = function routing/VRF/test_vrf.py::test_VrfFun_26_27 clean end
2023-12-26 23:49:31.007013 = Framework Function Hook Finalize
2023-12-26 23:49:31.008149 = Framework Function Hook Start
2023-12-26 23:49:31.008601 = function routing/VRF/test_vrf.py::test_VrfFun_10_12_14 init start
2023-12-26 23:49:37.762815 = function routing/VRF/test_vrf.py::test_VrfFun_10_12_14 init end
2023-12-26 23:49:37.763196 = Framework Function Hook end
2023-12-26 23:49:37.763567 = User Function routing/VRF/test_vrf.py::test_VrfFun_10_12_14 Hook Start
2023-12-26 23:49:37.771593 = User Function routing/VRF/test_vrf.py::test_VrfFun_10_12_14 Hook end
2023-12-26 23:51:21.302197 = User Function routing/VRF/test_vrf.py::test_VrfFun_10_12_14 Hook Finalize
2023-12-26 23:51:21.302524 = function routing/VRF/test_vrf.py::test_VrfFun_10_12_14 clean start
2023-12-26 23:51:21.331655 = Test Time (2023-12-26 23:49:31.008676 - 2023-12-26 23:51:21.331647) Published
2023-12-26 23:51:21.336982 = function routing/VRF/test_vrf.py::test_VrfFun_10_12_14 clean end
2023-12-26 23:51:21.337307 = Framework Function Hook Finalize
2023-12-26 23:51:21.339001 = Framework Function Hook Start
2023-12-26 23:51:21.339431 = function routing/VRF/test_vrf.py::test_VrfFun_20_24_25_32_33_44_45 init start
2023-12-26 23:51:27.806146 = function routing/VRF/test_vrf.py::test_VrfFun_20_24_25_32_33_44_45 init end
2023-12-26 23:51:27.806511 = Framework Function Hook end
2023-12-26 23:51:27.806834 = User Function routing/VRF/test_vrf.py::test_VrfFun_20_24_25_32_33_44_45 Hook Start
2023-12-26 23:51:27.814984 = User Function routing/VRF/test_vrf.py::test_VrfFun_20_24_25_32_33_44_45 Hook end
2023-12-26 23:52:05.560859 = User Function routing/VRF/test_vrf.py::test_VrfFun_20_24_25_32_33_44_45 Hook Finalize
2023-12-26 23:52:05.561326 = function routing/VRF/test_vrf.py::test_VrfFun_20_24_25_32_33_44_45 clean start
2023-12-26 23:52:05.591034 = Test Time (2023-12-26 23:51:21.339492 - 2023-12-26 23:52:05.591025) Published
2023-12-26 23:52:05.596165 = function routing/VRF/test_vrf.py::test_VrfFun_20_24_25_32_33_44_45 clean end
2023-12-26 23:52:05.596497 = Framework Function Hook Finalize
2023-12-26 23:52:05.597414 = Framework Function Hook Start
2023-12-26 23:52:05.597794 = function routing/VRF/test_vrf.py::test_VrfFun_05_50 init start
2023-12-26 23:52:12.165913 = function routing/VRF/test_vrf.py::test_VrfFun_05_50 init end
2023-12-26 23:52:12.166400 = Framework Function Hook end
2023-12-26 23:55:16.338377 = function routing/VRF/test_vrf.py::test_VrfFun_05_50 clean start
2023-12-26 23:55:16.367447 = Test Time (2023-12-26 23:52:05.597855 - 2023-12-26 23:55:16.367437) Published
2023-12-26 23:55:16.372854 = function routing/VRF/test_vrf.py::test_VrfFun_05_50 clean end
2023-12-26 23:55:16.373190 = Framework Function Hook Finalize
2023-12-26 23:55:40.901967 = User Function routing/VRF/test_vrf.py::test_VrfFun_20_24_25_32_33_44_45 Hook Finalize
2023-12-26 23:55:40.902813 = User Function routing/VRF/test_vrf.py::test_VrfFun_10_12_14 Hook Finalize
2023-12-26 23:55:40.904378 = User Module routing/VRF/test_vrf.py Hook Finalize
2023-12-26 23:55:40.904761 = module test_vrf.py clean start
2023-12-26 23:56:07.305132 = report file generation start
2023-12-26 23:56:07.410507 = report file generation end
2023-12-26 23:56:07.415742 = module test_vrf.py clean end
2023-12-26 23:56:07.416220 = Framework Module Hook Finalize
2023-12-26 23:56:07.552559 = Framework Module Hook Start
2023-12-26 23:56:08.387507 = module test_spytest_infra_1.py init start
2023-12-26 23:57:27.126390 = module test_spytest_infra_1.py init end
2023-12-26 23:57:27.127154 = Framework Module Hook end
2023-12-26 23:57:27.127983 = Framework Function Hook Start
2023-12-26 23:57:31.397806 = function batch/test_spytest_infra_1.py::test_spytest_infra_last init start
2023-12-26 23:57:36.457321 = function batch/test_spytest_infra_1.py::test_spytest_infra_last init end
2023-12-26 23:57:36.458420 = Framework Function Hook end
2023-12-26 23:57:36.459962 = Module Config Time (2023-12-26 23:56:07.552770 - 2023-12-26 23:57:27.128219) Published
2023-12-26 23:57:36.462630 = function batch/test_spytest_infra_1.py::test_spytest_infra_last clean start
2023-12-26 23:57:36.479907 = Test Time (2023-12-26 23:57:31.398065 - 2023-12-26 23:57:36.479900) Published
2023-12-26 23:57:36.484929 = function batch/test_spytest_infra_1.py::test_spytest_infra_last clean end
2023-12-26 23:57:36.485218 = Framework Function Hook Finalize
2023-12-26 23:57:36.485367 = module test_spytest_infra_1.py clean start
2023-12-26 23:57:38.930607 = report file generation start
2023-12-26 23:57:39.052673 = report file generation end
2023-12-26 23:57:39.057706 = module test_spytest_infra_1.py clean end
2023-12-26 23:57:39.058079 = Framework Module Hook Finalize
2023-12-26 23:57:39.060930 = Framework Module Hook Start
2023-12-26 23:57:39.890838 = module test_sflow.py init start
2023-12-27 00:00:31.961112 = module test_sflow.py init end
2023-12-27 00:00:31.961646 = Framework Module Hook end
2023-12-27 00:00:31.962164 = User Module system/test_sflow.py Hook Start
2023-12-27 00:01:07.616928 = User Module system/test_sflow.py Hook end
2023-12-27 00:01:07.617627 = Framework Function Hook Start
2023-12-27 00:01:36.581779 = function system/test_sflow.py::test_ft_sflow_sampling_v6_sFlow_collector init start
2023-12-27 00:01:41.777566 = function system/test_sflow.py::test_ft_sflow_sampling_v6_sFlow_collector init end
2023-12-27 00:01:41.778012 = Framework Function Hook end
2023-12-27 00:01:41.778531 = User Function system/test_sflow.py::test_ft_sflow_sampling_v6_sFlow_collector Hook Start
2023-12-27 00:01:41.786600 = User Function system/test_sflow.py::test_ft_sflow_sampling_v6_sFlow_collector Hook end
2023-12-27 00:01:41.788147 = Module Config Time (2023-12-26 23:57:39.060992 - 2023-12-27 00:01:07.617719) Published
2023-12-27 00:04:02.615620 = User Function system/test_sflow.py::test_ft_sflow_sampling_v6_sFlow_collector Hook Finalize
2023-12-27 00:04:02.615816 = function system/test_sflow.py::test_ft_sflow_sampling_v6_sFlow_collector clean start
2023-12-27 00:04:02.653198 = Test Time (2023-12-27 00:01:36.582060 - 2023-12-27 00:04:02.653190) Published
2023-12-27 00:04:02.658290 = function system/test_sflow.py::test_ft_sflow_sampling_v6_sFlow_collector clean end
2023-12-27 00:04:02.658594 = Framework Function Hook Finalize
2023-12-27 00:04:02.659524 = Framework Function Hook Start
2023-12-27 00:04:02.659886 = function system/test_sflow.py::test_ft_sflow_max_sflow_collector_config init start
2023-12-27 00:04:07.927729 = function system/test_sflow.py::test_ft_sflow_max_sflow_collector_config init end
2023-12-27 00:04:07.928157 = Framework Function Hook end
2023-12-27 00:04:07.928509 = User Function system/test_sflow.py::test_ft_sflow_max_sflow_collector_config Hook Start
2023-12-27 00:04:07.936371 = User Function system/test_sflow.py::test_ft_sflow_max_sflow_collector_config Hook end
2023-12-27 00:04:36.551253 = User Function system/test_sflow.py::test_ft_sflow_max_sflow_collector_config Hook Finalize
2023-12-27 00:04:36.551461 = function system/test_sflow.py::test_ft_sflow_max_sflow_collector_config clean start
2023-12-27 00:04:36.597379 = Test Time (2023-12-27 00:04:02.659945 - 2023-12-27 00:04:36.597369) Published
2023-12-27 00:04:36.602782 = function system/test_sflow.py::test_ft_sflow_max_sflow_collector_config clean end
2023-12-27 00:04:36.603129 = Framework Function Hook Finalize
2023-12-27 00:04:36.604242 = Framework Function Hook Start
2023-12-27 00:04:36.604701 = function system/test_sflow.py::test_ft_system_config_mgmt_verifying_config_with_save_reboot_sflow init start
2023-12-27 00:04:41.801799 = function system/test_sflow.py::test_ft_system_config_mgmt_verifying_config_with_save_reboot_sflow init end
2023-12-27 00:04:41.802299 = Framework Function Hook end
2023-12-27 00:04:41.802717 = User Function system/test_sflow.py::test_ft_system_config_mgmt_verifying_config_with_save_reboot_sflow Hook Start
2023-12-27 00:04:41.811570 = User Function system/test_sflow.py::test_ft_system_config_mgmt_verifying_config_with_save_reboot_sflow Hook end
2023-12-27 00:10:16.893584 = User Function system/test_sflow.py::test_ft_system_config_mgmt_verifying_config_with_save_reboot_sflow Hook Finalize
2023-12-27 00:10:16.893742 = function system/test_sflow.py::test_ft_system_config_mgmt_verifying_config_with_save_reboot_sflow clean start
2023-12-27 00:10:16.920894 = Test Time (2023-12-27 00:04:36.604766 - 2023-12-27 00:10:16.920885) Published
2023-12-27 00:10:16.925921 = function system/test_sflow.py::test_ft_system_config_mgmt_verifying_config_with_save_reboot_sflow clean end
2023-12-27 00:10:16.926228 = Framework Function Hook Finalize
2023-12-27 00:10:50.608035 = User Module system/test_sflow.py Hook Finalize
2023-12-27 00:10:50.608514 = module test_sflow.py clean start
2023-12-27 00:11:17.051949 = report file generation start
2023-12-27 00:11:17.158715 = report file generation end
2023-12-27 00:11:17.164161 = module test_sflow.py clean end
2023-12-27 00:11:17.165003 = Framework Module Hook Finalize
2023-12-27 00:11:17.897955 = Framework Module Hook Start
2023-12-27 00:11:18.740447 = module test_spytest_infra_1.py init start
2023-12-27 00:12:43.226060 = module test_spytest_infra_1.py init end
2023-12-27 00:12:43.226877 = Framework Module Hook end
2023-12-27 00:12:43.227965 = Framework Function Hook Start
2023-12-27 00:12:47.498485 = function batch/test_spytest_infra_1.py::test_spytest_infra_last init start
2023-12-27 00:12:52.602838 = function batch/test_spytest_infra_1.py::test_spytest_infra_last init end
2023-12-27 00:12:52.603902 = Framework Function Hook end
2023-12-27 00:12:52.606322 = Module Config Time (2023-12-27 00:11:17.898151 - 2023-12-27 00:12:43.228194) Published
2023-12-27 00:12:52.609512 = function batch/test_spytest_infra_1.py::test_spytest_infra_last clean start
2023-12-27 00:12:52.626545 = Test Time (2023-12-27 00:12:47.498784 - 2023-12-27 00:12:52.626539) Published
2023-12-27 00:12:52.631805 = function batch/test_spytest_infra_1.py::test_spytest_infra_last clean end
2023-12-27 00:12:52.632063 = Framework Function Hook Finalize
2023-12-27 00:12:52.632205 = module test_spytest_infra_1.py clean start
2023-12-27 00:12:55.006702 = report file generation start
2023-12-27 00:12:55.135210 = report file generation end
2023-12-27 00:12:55.140209 = module test_spytest_infra_1.py clean end
2023-12-27 00:12:55.140647 = Framework Module Hook Finalize
2023-12-27 00:12:55.143047 = Framework Module Hook Start
2023-12-27 00:12:55.975110 = module test_sanity_l3.py init start
2023-12-27 00:15:38.140815 = module test_sanity_l3.py init end
2023-12-27 00:15:38.142244 = Framework Module Hook end
2023-12-27 00:15:38.143428 = User Module sanity/test_sanity_l3.py Hook Start
2023-12-27 00:16:03.321414 = User Module sanity/test_sanity_l3.py Hook end
2023-12-27 00:16:03.321819 = Framework Function Hook Start
2023-12-27 00:16:31.308242 = function sanity/test_sanity_l3.py::test_l2_to_l3_port init start
2023-12-27 00:16:36.430447 = function sanity/test_sanity_l3.py::test_l2_to_l3_port init end
2023-12-27 00:16:36.430978 = Framework Function Hook end
2023-12-27 00:16:36.431567 = User Function sanity/test_sanity_l3.py::test_l2_to_l3_port Hook Start
2023-12-27 00:16:36.440828 = User Function sanity/test_sanity_l3.py::test_l2_to_l3_port Hook end
2023-12-27 00:16:36.442001 = Module Config Time (2023-12-27 00:12:55.143111 - 2023-12-27 00:16:03.321901) Published
2023-12-27 00:17:25.883966 = User Function sanity/test_sanity_l3.py::test_l2_to_l3_port Hook Finalize
2023-12-27 00:17:25.884160 = function sanity/test_sanity_l3.py::test_l2_to_l3_port clean start
2023-12-27 00:17:25.921927 = Test Time (2023-12-27 00:16:31.308562 - 2023-12-27 00:17:25.921918) Published
2023-12-27 00:17:25.926919 = function sanity/test_sanity_l3.py::test_l2_to_l3_port clean end
2023-12-27 00:17:25.927195 = Framework Function Hook Finalize
2023-12-27 00:18:02.249920 = User Module sanity/test_sanity_l3.py Hook Finalize
2023-12-27 00:18:02.250090 = module test_sanity_l3.py clean start
2023-12-27 00:18:28.434015 = report file generation start
2023-12-27 00:18:28.536834 = report file generation end
2023-12-27 00:18:28.541974 = module test_sanity_l3.py clean end
2023-12-27 00:18:28.542463 = Framework Module Hook Finalize
2023-12-27 00:18:28.627792 = Framework Module Hook Start
2023-12-27 00:18:29.462168 = module test_spytest_infra_1.py init start
2023-12-27 00:19:54.834508 = module test_spytest_infra_1.py init end
2023-12-27 00:19:54.835889 = Framework Module Hook end
2023-12-27 00:19:54.837081 = Framework Function Hook Start
2023-12-27 00:19:59.103245 = function batch/test_spytest_infra_1.py::test_spytest_infra_last init start
2023-12-27 00:20:04.348017 = function batch/test_spytest_infra_1.py::test_spytest_infra_last init end
2023-12-27 00:20:04.349111 = Framework Function Hook end
2023-12-27 00:20:04.351734 = Module Config Time (2023-12-27 00:18:28.627962 - 2023-12-27 00:19:54.837167) Published
2023-12-27 00:20:04.354758 = function batch/test_spytest_infra_1.py::test_spytest_infra_last clean start
2023-12-27 00:20:04.372446 = Test Time (2023-12-27 00:19:59.103525 - 2023-12-27 00:20:04.372434) Published
2023-12-27 00:20:04.377969 = function batch/test_spytest_infra_1.py::test_spytest_infra_last clean end
2023-12-27 00:20:04.378322 = Framework Function Hook Finalize
2023-12-27 00:20:04.378489 = module test_spytest_infra_1.py clean start
2023-12-27 00:20:06.955194 = report file generation start
2023-12-27 00:20:07.062834 = report file generation end
2023-12-27 00:20:07.067959 = module test_spytest_infra_1.py clean end
2023-12-27 00:20:07.068403 = Framework Module Hook Finalize
2023-12-27 00:20:07.068851 = session clean start
2023-12-27 00:20:07.087809 = report file generation start
2023-12-27 00:20:07.187293 = report file generation end
2023-12-27 00:20:07.873144 = session clean end
