2024-01-01 22:55:52.428996 = START
2024-01-01 22:55:53.562469 = device connections start
2024-01-01 22:56:27.317765 = device connections finish
2024-01-01 22:56:27.320835 = session init start
2024-01-01 22:58:16.642456 = report file generation start
2024-01-01 22:58:16.737989 = report file generation end
2024-01-01 22:58:39.995066 = session init end
2024-01-01 22:58:39.997708 = Framework Module Hook Start
2024-01-01 22:58:40.834194 = module test_spytest_infra_1.py init start
2024-01-01 22:58:44.898448 = module test_spytest_infra_1.py init end
2024-01-01 22:58:44.899205 = Framework Module Hook end
2024-01-01 22:58:44.899870 = Framework Function Hook Start
2024-01-01 22:58:47.963547 = function batch/test_spytest_infra_1.py::test_spytest_infra_first init start
2024-01-01 22:58:52.861615 = function batch/test_spytest_infra_1.py::test_spytest_infra_first init end
2024-01-01 22:58:52.866046 = Framework Function Hook end
2024-01-01 22:58:52.871580 = Module Config Time (2024-01-01 22:58:39.997811 - 2024-01-01 22:58:44.900044) Published
2024-01-01 22:58:52.873064 = function batch/test_spytest_infra_1.py::test_spytest_infra_first clean start
2024-01-01 22:58:52.891194 = Test Time (2024-01-01 22:58:47.963846 - 2024-01-01 22:58:52.891186) Published
2024-01-01 22:58:52.897049 = function batch/test_spytest_infra_1.py::test_spytest_infra_first clean end
2024-01-01 22:58:52.897335 = Framework Function Hook Finalize
2024-01-01 22:58:53.054235 = Framework Function Hook Start
2024-01-01 22:58:53.055441 = function batch/test_spytest_infra_1.py::test_spytest_infra_second init start
2024-01-01 22:58:57.963657 = function batch/test_spytest_infra_1.py::test_spytest_infra_second init end
2024-01-01 22:58:57.964703 = Framework Function Hook end
2024-01-01 22:58:57.968495 = function batch/test_spytest_infra_1.py::test_spytest_infra_second clean start
2024-01-01 22:58:57.988525 = Test Time (2024-01-01 22:58:53.055621 - 2024-01-01 22:58:57.988517) Published
2024-01-01 22:58:57.993690 = function batch/test_spytest_infra_1.py::test_spytest_infra_second clean end
2024-01-01 22:58:57.994011 = Framework Function Hook Finalize
2024-01-01 22:58:57.994190 = module test_spytest_infra_1.py clean start
2024-01-01 22:59:00.295127 = report file generation start
2024-01-01 22:59:00.380771 = report file generation end
2024-01-01 22:59:00.385994 = module test_spytest_infra_1.py clean end
2024-01-01 22:59:00.386403 = Framework Module Hook Finalize
2024-01-01 22:59:00.389159 = Framework Module Hook Start
2024-01-01 22:59:01.217245 = module test_bgp.py init start
2024-01-01 22:59:28.439936 = module test_bgp.py init end
2024-01-01 22:59:28.440817 = Framework Module Hook end
2024-01-01 22:59:28.441593 = User Module routing/BGP/test_bgp.py Hook Start
2024-01-01 23:01:55.577333 = User Module routing/BGP/test_bgp.py Hook end
2024-01-01 23:01:55.577849 = User Class routing/BGP/test_bgp.py Hook Start
2024-01-01 23:02:49.224086 = User Class routing/BGP/test_bgp.py Hook end
2024-01-01 23:02:49.224811 = Framework Function Hook Start
2024-01-01 23:03:16.525458 = function routing/BGP/test_bgp.py::TestBGPRif::test_ft_bgp_v6_link_local_bgp init start
2024-01-01 23:03:21.525277 = function routing/BGP/test_bgp.py::TestBGPRif::test_ft_bgp_v6_link_local_bgp init end
2024-01-01 23:03:21.533343 = Framework Function Hook end
2024-01-01 23:03:21.543833 = Module Config Time (2024-01-01 22:59:00.389222 - 2024-01-01 23:02:49.224929) Published
2024-01-01 23:08:00.599156 = function routing/BGP/test_bgp.py::TestBGPRif::test_ft_bgp_v6_link_local_bgp clean start
2024-01-01 23:08:00.635343 = Test Time (2024-01-01 23:03:16.525778 - 2024-01-01 23:08:00.635333) Published
2024-01-01 23:08:00.640474 = function routing/BGP/test_bgp.py::TestBGPRif::test_ft_bgp_v6_link_local_bgp clean end
2024-01-01 23:08:00.640796 = Framework Function Hook Finalize
2024-01-01 23:08:00.642024 = Framework Function Hook Start
2024-01-01 23:08:00.642399 = function routing/BGP/test_bgp.py::TestBGPRif::test_ft_bgp_clear init start
2024-01-01 23:08:06.794641 = function routing/BGP/test_bgp.py::TestBGPRif::test_ft_bgp_clear init end
2024-01-01 23:08:06.795160 = Framework Function Hook end
2024-01-01 23:08:14.357476 = function routing/BGP/test_bgp.py::TestBGPRif::test_ft_bgp_clear clean start
2024-01-01 23:08:14.386889 = Test Time (2024-01-01 23:08:00.642460 - 2024-01-01 23:08:14.386879) Published
2024-01-01 23:08:14.392007 = function routing/BGP/test_bgp.py::TestBGPRif::test_ft_bgp_clear clean end
2024-01-01 23:08:14.392337 = Framework Function Hook Finalize
2024-01-01 23:08:14.393329 = Framework Function Hook Start
2024-01-01 23:08:14.393711 = function routing/BGP/test_bgp.py::TestBGPRif::test_ft_bgp_peer_traffic_check init start
2024-01-01 23:08:20.032611 = function routing/BGP/test_bgp.py::TestBGPRif::test_ft_bgp_peer_traffic_check init end
2024-01-01 23:08:20.033150 = Framework Function Hook end
2024-01-01 23:08:20.033656 = User Function routing/BGP/test_bgp.py::TestBGPRif::test_ft_bgp_peer_traffic_check Hook Start
2024-01-01 23:08:20.043830 = User Function routing/BGP/test_bgp.py::TestBGPRif::test_ft_bgp_peer_traffic_check Hook end
2024-01-01 23:11:45.945940 = User Function routing/BGP/test_bgp.py::TestBGPRif::test_ft_bgp_peer_traffic_check Hook Finalize
2024-01-01 23:11:45.946197 = function routing/BGP/test_bgp.py::TestBGPRif::test_ft_bgp_peer_traffic_check clean start
2024-01-01 23:11:45.974340 = Test Time (2024-01-01 23:08:14.393774 - 2024-01-01 23:11:45.974328) Published
2024-01-01 23:11:45.979762 = function routing/BGP/test_bgp.py::TestBGPRif::test_ft_bgp_peer_traffic_check clean end
2024-01-01 23:11:45.980183 = Framework Function Hook Finalize
2024-01-01 23:11:45.981485 = Framework Function Hook Start
2024-01-01 23:11:45.981927 = function routing/BGP/test_bgp.py::TestBGPRif::test_ft_bgp_graceful_restart_and_aware_routers init start
2024-01-01 23:11:52.064415 = function routing/BGP/test_bgp.py::TestBGPRif::test_ft_bgp_graceful_restart_and_aware_routers init end
2024-01-01 23:11:52.064815 = Framework Function Hook end
2024-01-01 23:11:58.375703 = function routing/BGP/test_bgp.py::TestBGPRif::test_ft_bgp_graceful_restart_and_aware_routers clean start
2024-01-01 23:11:58.408935 = Test Time (2024-01-01 23:11:45.981989 - 2024-01-01 23:11:58.408925) Published
2024-01-01 23:11:58.414332 = function routing/BGP/test_bgp.py::TestBGPRif::test_ft_bgp_graceful_restart_and_aware_routers clean end
2024-01-01 23:11:58.414716 = Framework Function Hook Finalize
2024-01-01 23:11:58.416012 = Framework Function Hook Start
2024-01-01 23:11:58.416465 = function routing/BGP/test_bgp.py::TestBGPRif::test_ft_bgp_ipv4_no_route_aggregation_for_exact_prefix_match init start
2024-01-01 23:12:04.477977 = function routing/BGP/test_bgp.py::TestBGPRif::test_ft_bgp_ipv4_no_route_aggregation_for_exact_prefix_match init end
2024-01-01 23:12:04.478425 = Framework Function Hook end
2024-01-01 23:13:41.164120 = function routing/BGP/test_bgp.py::TestBGPRif::test_ft_bgp_ipv4_no_route_aggregation_for_exact_prefix_match clean start
2024-01-01 23:13:41.192294 = Test Time (2024-01-01 23:11:58.416529 - 2024-01-01 23:13:41.192285) Published
2024-01-01 23:13:41.197383 = function routing/BGP/test_bgp.py::TestBGPRif::test_ft_bgp_ipv4_no_route_aggregation_for_exact_prefix_match clean end
2024-01-01 23:13:41.197713 = Framework Function Hook Finalize
2024-01-01 23:13:41.198722 = Framework Function Hook Start
2024-01-01 23:13:41.199113 = function routing/BGP/test_bgp.py::TestBGPRif::test_ft_bgp_ipv4_route_aggregation_atomic_aggregate_without_as_set init start
2024-01-01 23:13:47.514301 = function routing/BGP/test_bgp.py::TestBGPRif::test_ft_bgp_ipv4_route_aggregation_atomic_aggregate_without_as_set init end
2024-01-01 23:13:47.514792 = Framework Function Hook end
2024-01-01 23:15:23.266142 = function routing/BGP/test_bgp.py::TestBGPRif::test_ft_bgp_ipv4_route_aggregation_atomic_aggregate_without_as_set clean start
2024-01-01 23:15:23.310113 = Test Time (2024-01-01 23:13:41.199176 - 2024-01-01 23:15:23.310103) Published
2024-01-01 23:15:23.315398 = function routing/BGP/test_bgp.py::TestBGPRif::test_ft_bgp_ipv4_route_aggregation_atomic_aggregate_without_as_set clean end
2024-01-01 23:15:23.315752 = Framework Function Hook Finalize
2024-01-01 23:15:23.317135 = Framework Function Hook Start
2024-01-01 23:15:23.317595 = function routing/BGP/test_bgp.py::TestBGPRif::test_bgp_route_aggregation_4byteASN init start
2024-01-01 23:15:28.940156 = function routing/BGP/test_bgp.py::TestBGPRif::test_bgp_route_aggregation_4byteASN init end
2024-01-01 23:15:28.940789 = Framework Function Hook end
2024-01-01 23:16:43.293355 = function routing/BGP/test_bgp.py::TestBGPRif::test_bgp_route_aggregation_4byteASN clean start
2024-01-01 23:16:43.323473 = Test Time (2024-01-01 23:15:23.317658 - 2024-01-01 23:16:43.323464) Published
2024-01-01 23:16:43.328758 = function routing/BGP/test_bgp.py::TestBGPRif::test_bgp_route_aggregation_4byteASN clean end
2024-01-01 23:16:43.329080 = Framework Function Hook Finalize
2024-01-01 23:16:43.330315 = Framework Function Hook Start
2024-01-01 23:16:43.330775 = function routing/BGP/test_bgp.py::TestBGPRif::test_ft_bgp_ipv6_route_aggregation_with_as_set init start
2024-01-01 23:16:49.664827 = function routing/BGP/test_bgp.py::TestBGPRif::test_ft_bgp_ipv6_route_aggregation_with_as_set init end
2024-01-01 23:16:49.665503 = Framework Function Hook end
2024-01-01 23:17:45.369479 = function routing/BGP/test_bgp.py::TestBGPRif::test_ft_bgp_ipv6_route_aggregation_with_as_set clean start
2024-01-01 23:17:45.407859 = Test Time (2024-01-01 23:16:43.330841 - 2024-01-01 23:17:45.407845) Published
2024-01-01 23:17:45.413865 = function routing/BGP/test_bgp.py::TestBGPRif::test_ft_bgp_ipv6_route_aggregation_with_as_set clean end
2024-01-01 23:17:45.414361 = Framework Function Hook Finalize
2024-01-01 23:17:45.416092 = Framework Function Hook Start
2024-01-01 23:17:45.416701 = function routing/BGP/test_bgp.py::TestBGPRif::test_ft_bgp_v4_dyn_nbr init start
2024-01-01 23:17:51.772335 = function routing/BGP/test_bgp.py::TestBGPRif::test_ft_bgp_v4_dyn_nbr init end
2024-01-01 23:17:51.772753 = Framework Function Hook end
2024-01-01 23:18:18.568194 = function routing/BGP/test_bgp.py::TestBGPRif::test_ft_bgp_v4_dyn_nbr clean start
2024-01-01 23:18:18.594249 = Test Time (2024-01-01 23:17:45.416788 - 2024-01-01 23:18:18.594240) Published
2024-01-01 23:18:18.599451 = function routing/BGP/test_bgp.py::TestBGPRif::test_ft_bgp_v4_dyn_nbr clean end
2024-01-01 23:18:18.599788 = Framework Function Hook Finalize
2024-01-01 23:18:18.600714 = Framework Function Hook Start
2024-01-01 23:18:18.601101 = function routing/BGP/test_bgp.py::TestBGPRif::test_ft_bgp_v6_dyn_nbr init start
2024-01-01 23:18:23.538850 = function routing/BGP/test_bgp.py::TestBGPRif::test_ft_bgp_v6_dyn_nbr init end
2024-01-01 23:18:23.539365 = Framework Function Hook end
2024-01-01 23:18:49.712185 = function routing/BGP/test_bgp.py::TestBGPRif::test_ft_bgp_v6_dyn_nbr clean start
2024-01-01 23:18:49.739145 = Test Time (2024-01-01 23:18:18.601163 - 2024-01-01 23:18:49.739134) Published
2024-01-01 23:18:49.744431 = function routing/BGP/test_bgp.py::TestBGPRif::test_ft_bgp_v6_dyn_nbr clean end
2024-01-01 23:18:49.744773 = Framework Function Hook Finalize
2024-01-01 23:18:49.745894 = Framework Function Hook Start
2024-01-01 23:18:49.746331 = function routing/BGP/test_bgp.py::TestBGPRif::test_ft_bgp_v4_max_dyn_nbr init start
2024-01-01 23:18:55.185460 = function routing/BGP/test_bgp.py::TestBGPRif::test_ft_bgp_v4_max_dyn_nbr init end
2024-01-01 23:18:55.185871 = Framework Function Hook end
2024-01-01 23:23:38.313387 = function routing/BGP/test_bgp.py::TestBGPRif::test_ft_bgp_v4_max_dyn_nbr clean start
2024-01-01 23:23:38.351388 = Test Time (2024-01-01 23:18:49.746394 - 2024-01-01 23:23:38.351369) Published
2024-01-01 23:23:38.357119 = function routing/BGP/test_bgp.py::TestBGPRif::test_ft_bgp_v4_max_dyn_nbr clean end
2024-01-01 23:23:38.357529 = Framework Function Hook Finalize
2024-01-01 23:23:38.358551 = Framework Function Hook Start
2024-01-01 23:23:38.358995 = function routing/BGP/test_bgp.py::TestBGPRif::test_ft_bgp_rmap init start
2024-01-01 23:23:43.339330 = function routing/BGP/test_bgp.py::TestBGPRif::test_ft_bgp_rmap init end
2024-01-01 23:23:43.339774 = Framework Function Hook end
2024-01-01 23:23:57.672192 = function routing/BGP/test_bgp.py::TestBGPRif::test_ft_bgp_rmap clean start
2024-01-01 23:23:57.699295 = Test Time (2024-01-01 23:23:38.359062 - 2024-01-01 23:23:57.699283) Published
2024-01-01 23:23:57.704362 = function routing/BGP/test_bgp.py::TestBGPRif::test_ft_bgp_rmap clean end
2024-01-01 23:23:57.704685 = Framework Function Hook Finalize
2024-01-01 23:24:10.415515 = User Class routing/BGP/test_bgp.py Hook Finalize
2024-01-01 23:24:10.424676 = User Class routing/BGP/test_bgp.py Hook Finalize
2024-01-01 23:24:10.433824 = User Class routing/BGP/test_bgp.py Hook Finalize
2024-01-01 23:24:10.441532 = User Class routing/BGP/test_bgp.py Hook Finalize
2024-01-01 23:24:10.450931 = User Class routing/BGP/test_bgp.py Hook Finalize
2024-01-01 23:24:10.464335 = User Class routing/BGP/test_bgp.py Hook Finalize
2024-01-01 23:24:10.477034 = User Class routing/BGP/test_bgp.py Hook Finalize
2024-01-01 23:24:10.485694 = User Class routing/BGP/test_bgp.py Hook Finalize
2024-01-01 23:24:10.494202 = User Class routing/BGP/test_bgp.py Hook Finalize
2024-01-01 23:24:10.501907 = User Class routing/BGP/test_bgp.py Hook Finalize
2024-01-01 23:24:10.509858 = User Class routing/BGP/test_bgp.py Hook Finalize
2024-01-01 23:24:10.519200 = User Class routing/BGP/test_bgp.py Hook Finalize
2024-01-01 23:24:10.520495 = User Class routing/BGP/test_bgp.py Hook Start
2024-01-01 23:25:02.735714 = User Class routing/BGP/test_bgp.py Hook end
2024-01-01 23:25:02.735956 = User Class routing/BGP/test_bgp.py Hook Start
2024-01-01 23:25:36.259289 = User Class routing/BGP/test_bgp.py Hook end
2024-01-01 23:25:36.259586 = Framework Function Hook Start
2024-01-01 23:25:36.260038 = function routing/BGP/test_bgp.py::TestBGPIPvxRouteAdvertisementFilter::test_redistribute_connected_ipv4 init start
2024-01-01 23:25:43.354292 = function routing/BGP/test_bgp.py::TestBGPIPvxRouteAdvertisementFilter::test_redistribute_connected_ipv4 init end
2024-01-01 23:25:43.354777 = Framework Function Hook end
2024-01-01 23:25:56.264908 = function routing/BGP/test_bgp.py::TestBGPIPvxRouteAdvertisementFilter::test_redistribute_connected_ipv4 clean start
2024-01-01 23:25:56.292940 = Test Time (2024-01-01 23:25:36.260112 - 2024-01-01 23:25:56.292931) Published
2024-01-01 23:25:56.298059 = function routing/BGP/test_bgp.py::TestBGPIPvxRouteAdvertisementFilter::test_redistribute_connected_ipv4 clean end
2024-01-01 23:25:56.298367 = Framework Function Hook Finalize
2024-01-01 23:25:56.299368 = Framework Function Hook Start
2024-01-01 23:25:56.299749 = function routing/BGP/test_bgp.py::TestBGPIPvxRouteAdvertisementFilter::test_redistribute_static_ipv4 init start
2024-01-01 23:26:02.722164 = function routing/BGP/test_bgp.py::TestBGPIPvxRouteAdvertisementFilter::test_redistribute_static_ipv4 init end
2024-01-01 23:26:02.722628 = Framework Function Hook end
2024-01-01 23:26:17.208598 = function routing/BGP/test_bgp.py::TestBGPIPvxRouteAdvertisementFilter::test_redistribute_static_ipv4 clean start
2024-01-01 23:26:17.236067 = Test Time (2024-01-01 23:25:56.299812 - 2024-01-01 23:26:17.236056) Published
2024-01-01 23:26:17.241230 = function routing/BGP/test_bgp.py::TestBGPIPvxRouteAdvertisementFilter::test_redistribute_static_ipv4 clean end
2024-01-01 23:26:17.241573 = Framework Function Hook Finalize
2024-01-01 23:26:17.242553 = Framework Function Hook Start
2024-01-01 23:26:17.242943 = function routing/BGP/test_bgp.py::TestBGPIPvxRouteAdvertisementFilter::test_distribute_list_in_ipv4 init start
2024-01-01 23:26:23.322321 = function routing/BGP/test_bgp.py::TestBGPIPvxRouteAdvertisementFilter::test_distribute_list_in_ipv4 init end
2024-01-01 23:26:23.322778 = Framework Function Hook end
2024-01-01 23:26:32.224585 = function routing/BGP/test_bgp.py::TestBGPIPvxRouteAdvertisementFilter::test_distribute_list_in_ipv4 clean start
2024-01-01 23:26:32.251664 = Test Time (2024-01-01 23:26:17.243006 - 2024-01-01 23:26:32.251653) Published
2024-01-01 23:26:32.256839 = function routing/BGP/test_bgp.py::TestBGPIPvxRouteAdvertisementFilter::test_distribute_list_in_ipv4 clean end
2024-01-01 23:26:32.257190 = Framework Function Hook Finalize
2024-01-01 23:26:32.258151 = Framework Function Hook Start
2024-01-01 23:26:32.258554 = function routing/BGP/test_bgp.py::TestBGPIPvxRouteAdvertisementFilter::test_filter_list_in_ipv4 init start
2024-01-01 23:26:38.392834 = function routing/BGP/test_bgp.py::TestBGPIPvxRouteAdvertisementFilter::test_filter_list_in_ipv4 init end
2024-01-01 23:26:38.393274 = Framework Function Hook end
2024-01-01 23:26:47.305669 = function routing/BGP/test_bgp.py::TestBGPIPvxRouteAdvertisementFilter::test_filter_list_in_ipv4 clean start
2024-01-01 23:26:47.333163 = Test Time (2024-01-01 23:26:32.258619 - 2024-01-01 23:26:47.333153) Published
2024-01-01 23:26:47.338177 = function routing/BGP/test_bgp.py::TestBGPIPvxRouteAdvertisementFilter::test_filter_list_in_ipv4 clean end
2024-01-01 23:26:47.338512 = Framework Function Hook Finalize
2024-01-01 23:26:47.339447 = Framework Function Hook Start
2024-01-01 23:26:47.339812 = function routing/BGP/test_bgp.py::TestBGPIPvxRouteAdvertisementFilter::test_prefix_list_out_ipv4 init start
2024-01-01 23:26:53.502138 = function routing/BGP/test_bgp.py::TestBGPIPvxRouteAdvertisementFilter::test_prefix_list_out_ipv4 init end
2024-01-01 23:26:53.502575 = Framework Function Hook end
2024-01-01 23:27:14.814448 = function routing/BGP/test_bgp.py::TestBGPIPvxRouteAdvertisementFilter::test_prefix_list_out_ipv4 clean start
2024-01-01 23:27:14.848534 = Test Time (2024-01-01 23:26:47.339872 - 2024-01-01 23:27:14.848522) Published
2024-01-01 23:27:14.853864 = function routing/BGP/test_bgp.py::TestBGPIPvxRouteAdvertisementFilter::test_prefix_list_out_ipv4 clean end
2024-01-01 23:27:14.854305 = Framework Function Hook Finalize
2024-01-01 23:27:14.855385 = Framework Function Hook Start
2024-01-01 23:27:14.855841 = function routing/BGP/test_bgp.py::TestBGPIPvxRouteAdvertisementFilter::test_default_originate_ipv4 init start
2024-01-01 23:27:21.033817 = function routing/BGP/test_bgp.py::TestBGPIPvxRouteAdvertisementFilter::test_default_originate_ipv4 init end
2024-01-01 23:27:21.034201 = Framework Function Hook end
2024-01-01 23:27:32.029854 = function routing/BGP/test_bgp.py::TestBGPIPvxRouteAdvertisementFilter::test_default_originate_ipv4 clean start
2024-01-01 23:27:32.053937 = Test Time (2024-01-01 23:27:14.855907 - 2024-01-01 23:27:32.053927) Published
2024-01-01 23:27:32.059081 = function routing/BGP/test_bgp.py::TestBGPIPvxRouteAdvertisementFilter::test_default_originate_ipv4 clean end
2024-01-01 23:27:32.059425 = Framework Function Hook Finalize
2024-01-01 23:27:32.060443 = Framework Function Hook Start
2024-01-01 23:27:32.060831 = function routing/BGP/test_bgp.py::TestBGPIPvxRouteAdvertisementFilter::test_route_map_in_ipv4 init start
2024-01-01 23:27:39.096407 = function routing/BGP/test_bgp.py::TestBGPIPvxRouteAdvertisementFilter::test_route_map_in_ipv4 init end
2024-01-01 23:27:39.096782 = Framework Function Hook end
2024-01-01 23:27:39.097099 = User Function routing/BGP/test_bgp.py::TestBGPIPvxRouteAdvertisementFilter::test_route_map_in_ipv4 Hook Start
2024-01-01 23:27:39.106276 = User Function routing/BGP/test_bgp.py::TestBGPIPvxRouteAdvertisementFilter::test_route_map_in_ipv4 Hook end
2024-01-01 23:27:44.315676 = User Function routing/BGP/test_bgp.py::TestBGPIPvxRouteAdvertisementFilter::test_route_map_in_ipv4 Hook Finalize
2024-01-01 23:27:44.315858 = function routing/BGP/test_bgp.py::TestBGPIPvxRouteAdvertisementFilter::test_route_map_in_ipv4 clean start
2024-01-01 23:27:44.353632 = Test Time (2024-01-01 23:27:32.060892 - 2024-01-01 23:27:44.353620) Published
2024-01-01 23:27:44.358749 = function routing/BGP/test_bgp.py::TestBGPIPvxRouteAdvertisementFilter::test_route_map_in_ipv4 clean end
2024-01-01 23:27:44.359104 = Framework Function Hook Finalize
2024-01-01 23:27:44.360068 = Framework Function Hook Start
2024-01-01 23:27:44.360445 = function routing/BGP/test_bgp.py::TestBGPIPvxRouteAdvertisementFilter::test_redistribute_connected_ipv6 init start
2024-01-01 23:27:50.837472 = function routing/BGP/test_bgp.py::TestBGPIPvxRouteAdvertisementFilter::test_redistribute_connected_ipv6 init end
2024-01-01 23:27:50.837973 = Framework Function Hook end
2024-01-01 23:28:05.314991 = function routing/BGP/test_bgp.py::TestBGPIPvxRouteAdvertisementFilter::test_redistribute_connected_ipv6 clean start
2024-01-01 23:28:05.342919 = Test Time (2024-01-01 23:27:44.360508 - 2024-01-01 23:28:05.342909) Published
2024-01-01 23:28:05.348114 = function routing/BGP/test_bgp.py::TestBGPIPvxRouteAdvertisementFilter::test_redistribute_connected_ipv6 clean end
2024-01-01 23:28:05.348461 = Framework Function Hook Finalize
2024-01-01 23:28:05.349650 = Framework Function Hook Start
2024-01-01 23:28:05.350061 = function routing/BGP/test_bgp.py::TestBGPIPvxRouteAdvertisementFilter::test_redistribute_static_ipv6 init start
2024-01-01 23:28:11.727975 = function routing/BGP/test_bgp.py::TestBGPIPvxRouteAdvertisementFilter::test_redistribute_static_ipv6 init end
2024-01-01 23:28:11.728421 = Framework Function Hook end
2024-01-01 23:28:26.441288 = function routing/BGP/test_bgp.py::TestBGPIPvxRouteAdvertisementFilter::test_redistribute_static_ipv6 clean start
2024-01-01 23:28:26.467695 = Test Time (2024-01-01 23:28:05.350125 - 2024-01-01 23:28:26.467686) Published
2024-01-01 23:28:26.472689 = function routing/BGP/test_bgp.py::TestBGPIPvxRouteAdvertisementFilter::test_redistribute_static_ipv6 clean end
2024-01-01 23:28:26.472987 = Framework Function Hook Finalize
2024-01-01 23:28:26.473887 = Framework Function Hook Start
2024-01-01 23:28:26.474261 = function routing/BGP/test_bgp.py::TestBGPIPvxRouteAdvertisementFilter::test_distribute_list_in_ipv6 init start
2024-01-01 23:28:32.368531 = function routing/BGP/test_bgp.py::TestBGPIPvxRouteAdvertisementFilter::test_distribute_list_in_ipv6 init end
2024-01-01 23:28:32.368955 = Framework Function Hook end
2024-01-01 23:28:41.287775 = function routing/BGP/test_bgp.py::TestBGPIPvxRouteAdvertisementFilter::test_distribute_list_in_ipv6 clean start
2024-01-01 23:28:41.315545 = Test Time (2024-01-01 23:28:26.474324 - 2024-01-01 23:28:41.315536) Published
2024-01-01 23:28:41.320497 = function routing/BGP/test_bgp.py::TestBGPIPvxRouteAdvertisementFilter::test_distribute_list_in_ipv6 clean end
2024-01-01 23:28:41.320805 = Framework Function Hook Finalize
2024-01-01 23:28:41.321732 = Framework Function Hook Start
2024-01-01 23:28:41.322121 = function routing/BGP/test_bgp.py::TestBGPIPvxRouteAdvertisementFilter::test_filter_list_in_ipv6 init start
2024-01-01 23:28:47.496937 = function routing/BGP/test_bgp.py::TestBGPIPvxRouteAdvertisementFilter::test_filter_list_in_ipv6 init end
2024-01-01 23:28:47.497622 = Framework Function Hook end
2024-01-01 23:28:56.424356 = function routing/BGP/test_bgp.py::TestBGPIPvxRouteAdvertisementFilter::test_filter_list_in_ipv6 clean start
2024-01-01 23:28:56.449796 = Test Time (2024-01-01 23:28:41.322181 - 2024-01-01 23:28:56.449786) Published
2024-01-01 23:28:56.454858 = function routing/BGP/test_bgp.py::TestBGPIPvxRouteAdvertisementFilter::test_filter_list_in_ipv6 clean end
2024-01-01 23:28:56.455179 = Framework Function Hook Finalize
2024-01-01 23:28:56.456137 = Framework Function Hook Start
2024-01-01 23:28:56.456499 = function routing/BGP/test_bgp.py::TestBGPIPvxRouteAdvertisementFilter::test_prefix_list_out_ipv6 init start
2024-01-01 23:29:02.546373 = function routing/BGP/test_bgp.py::TestBGPIPvxRouteAdvertisementFilter::test_prefix_list_out_ipv6 init end
2024-01-01 23:29:02.547207 = Framework Function Hook end
2024-01-01 23:29:11.999080 = function routing/BGP/test_bgp.py::TestBGPIPvxRouteAdvertisementFilter::test_prefix_list_out_ipv6 clean start
2024-01-01 23:29:12.035693 = Test Time (2024-01-01 23:28:56.456560 - 2024-01-01 23:29:12.035678) Published
2024-01-01 23:29:12.041307 = function routing/BGP/test_bgp.py::TestBGPIPvxRouteAdvertisementFilter::test_prefix_list_out_ipv6 clean end
2024-01-01 23:29:12.041784 = Framework Function Hook Finalize
2024-01-01 23:29:12.043191 = Framework Function Hook Start
2024-01-01 23:29:12.043761 = function routing/BGP/test_bgp.py::TestBGPIPvxRouteAdvertisementFilter::test_filter_list_out_ipv6 init start
2024-01-01 23:29:18.270776 = function routing/BGP/test_bgp.py::TestBGPIPvxRouteAdvertisementFilter::test_filter_list_out_ipv6 init end
2024-01-01 23:29:18.271234 = Framework Function Hook end
2024-01-01 23:29:27.725646 = function routing/BGP/test_bgp.py::TestBGPIPvxRouteAdvertisementFilter::test_filter_list_out_ipv6 clean start
2024-01-01 23:29:27.757328 = Test Time (2024-01-01 23:29:12.043867 - 2024-01-01 23:29:27.757318) Published
2024-01-01 23:29:27.762348 = function routing/BGP/test_bgp.py::TestBGPIPvxRouteAdvertisementFilter::test_filter_list_out_ipv6 clean end
2024-01-01 23:29:27.762713 = Framework Function Hook Finalize
2024-01-01 23:29:27.763682 = Framework Function Hook Start
2024-01-01 23:29:27.764064 = function routing/BGP/test_bgp.py::TestBGPIPvxRouteAdvertisementFilter::test_default_originate_ipv6 init start
2024-01-01 23:29:33.941409 = function routing/BGP/test_bgp.py::TestBGPIPvxRouteAdvertisementFilter::test_default_originate_ipv6 init end
2024-01-01 23:29:33.941836 = Framework Function Hook end
2024-01-01 23:29:43.368318 = function routing/BGP/test_bgp.py::TestBGPIPvxRouteAdvertisementFilter::test_default_originate_ipv6 clean start
2024-01-01 23:29:43.405914 = Test Time (2024-01-01 23:29:27.764136 - 2024-01-01 23:29:43.405899) Published
2024-01-01 23:29:43.411621 = function routing/BGP/test_bgp.py::TestBGPIPvxRouteAdvertisementFilter::test_default_originate_ipv6 clean end
2024-01-01 23:29:43.412103 = Framework Function Hook Finalize
2024-01-01 23:29:43.413624 = Framework Function Hook Start
2024-01-01 23:29:43.414207 = function routing/BGP/test_bgp.py::TestBGPIPvxRouteAdvertisementFilter::test_route_map_in_ipv6 init start
2024-01-01 23:29:49.589203 = function routing/BGP/test_bgp.py::TestBGPIPvxRouteAdvertisementFilter::test_route_map_in_ipv6 init end
2024-01-01 23:29:49.590076 = Framework Function Hook end
2024-01-01 23:29:49.590850 = User Function routing/BGP/test_bgp.py::TestBGPIPvxRouteAdvertisementFilter::test_route_map_in_ipv6 Hook Start
2024-01-01 23:29:53.713926 = User Function routing/BGP/test_bgp.py::TestBGPIPvxRouteAdvertisementFilter::test_route_map_in_ipv6 Hook end
2024-01-01 23:30:04.365600 = User Function routing/BGP/test_bgp.py::TestBGPIPvxRouteAdvertisementFilter::test_route_map_in_ipv6 Hook Finalize
2024-01-01 23:30:04.365790 = function routing/BGP/test_bgp.py::TestBGPIPvxRouteAdvertisementFilter::test_route_map_in_ipv6 clean start
2024-01-01 23:30:04.404316 = Test Time (2024-01-01 23:29:43.414303 - 2024-01-01 23:30:04.404306) Published
2024-01-01 23:30:04.409413 = function routing/BGP/test_bgp.py::TestBGPIPvxRouteAdvertisementFilter::test_route_map_in_ipv6 clean end
2024-01-01 23:30:04.409727 = Framework Function Hook Finalize
2024-01-01 23:30:04.410732 = Framework Function Hook Start
2024-01-01 23:30:04.411138 = function routing/BGP/test_bgp.py::TestBGPIPvxRouteAdvertisementFilter::test_bgp_route_map_with_community init start
2024-01-01 23:30:10.556742 = function routing/BGP/test_bgp.py::TestBGPIPvxRouteAdvertisementFilter::test_bgp_route_map_with_community init end
2024-01-01 23:30:10.557126 = Framework Function Hook end
2024-01-01 23:30:28.916795 = function routing/BGP/test_bgp.py::TestBGPIPvxRouteAdvertisementFilter::test_bgp_route_map_with_community clean start
2024-01-01 23:30:28.950581 = Test Time (2024-01-01 23:30:04.411205 - 2024-01-01 23:30:28.950567) Published
2024-01-01 23:30:28.956410 = function routing/BGP/test_bgp.py::TestBGPIPvxRouteAdvertisementFilter::test_bgp_route_map_with_community clean end
2024-01-01 23:30:28.956877 = Framework Function Hook Finalize
2024-01-01 23:30:28.958280 = Framework Function Hook Start
2024-01-01 23:30:28.958864 = function routing/BGP/test_bgp.py::TestBGPIPvxRouteAdvertisementFilter::test_bgp_ebgp4_nbr_update_source init start
2024-01-01 23:30:34.866570 = function routing/BGP/test_bgp.py::TestBGPIPvxRouteAdvertisementFilter::test_bgp_ebgp4_nbr_update_source init end
2024-01-01 23:30:34.867066 = Framework Function Hook end
2024-01-01 23:30:34.867463 = User Function routing/BGP/test_bgp.py::TestBGPIPvxRouteAdvertisementFilter::test_bgp_ebgp4_nbr_update_source Hook Start
2024-01-01 23:30:34.876611 = User Function routing/BGP/test_bgp.py::TestBGPIPvxRouteAdvertisementFilter::test_bgp_ebgp4_nbr_update_source Hook end
2024-01-01 23:31:01.861985 = User Function routing/BGP/test_bgp.py::TestBGPIPvxRouteAdvertisementFilter::test_bgp_ebgp4_nbr_update_source Hook Finalize
2024-01-01 23:31:01.862165 = function routing/BGP/test_bgp.py::TestBGPIPvxRouteAdvertisementFilter::test_bgp_ebgp4_nbr_update_source clean start
2024-01-01 23:31:01.892796 = Test Time (2024-01-01 23:30:28.958958 - 2024-01-01 23:31:01.892787) Published
2024-01-01 23:31:01.897801 = function routing/BGP/test_bgp.py::TestBGPIPvxRouteAdvertisementFilter::test_bgp_ebgp4_nbr_update_source clean end
2024-01-01 23:31:01.898113 = Framework Function Hook Finalize
2024-01-01 23:31:01.899122 = Framework Function Hook Start
2024-01-01 23:31:01.899506 = function routing/BGP/test_bgp.py::TestBGPIPvxRouteAdvertisementFilter::test_bgp_ebgp4_nbr_authentication init start
2024-01-01 23:31:08.133480 = function routing/BGP/test_bgp.py::TestBGPIPvxRouteAdvertisementFilter::test_bgp_ebgp4_nbr_authentication init end
2024-01-01 23:31:08.134017 = Framework Function Hook end
2024-01-01 23:33:03.455888 = function routing/BGP/test_bgp.py::TestBGPIPvxRouteAdvertisementFilter::test_bgp_ebgp4_nbr_authentication clean start
2024-01-01 23:33:03.485511 = Test Time (2024-01-01 23:31:01.899568 - 2024-01-01 23:33:03.485501) Published
2024-01-01 23:33:03.490829 = function routing/BGP/test_bgp.py::TestBGPIPvxRouteAdvertisementFilter::test_bgp_ebgp4_nbr_authentication clean end
2024-01-01 23:33:03.491155 = Framework Function Hook Finalize
2024-01-01 23:33:03.492459 = Framework Function Hook Start
2024-01-01 23:33:03.492902 = function routing/BGP/test_bgp.py::TestBGPIPvxRouteAdvertisementFilter::test_route_aggregate_ipv6 init start
2024-01-01 23:33:09.715088 = function routing/BGP/test_bgp.py::TestBGPIPvxRouteAdvertisementFilter::test_route_aggregate_ipv6 init end
2024-01-01 23:33:09.715616 = Framework Function Hook end
2024-01-01 23:33:29.195051 = function routing/BGP/test_bgp.py::TestBGPIPvxRouteAdvertisementFilter::test_route_aggregate_ipv6 clean start
2024-01-01 23:33:29.235648 = Test Time (2024-01-01 23:33:03.492966 - 2024-01-01 23:33:29.235636) Published
2024-01-01 23:33:29.240818 = function routing/BGP/test_bgp.py::TestBGPIPvxRouteAdvertisementFilter::test_route_aggregate_ipv6 clean end
2024-01-01 23:33:29.241146 = Framework Function Hook Finalize
2024-01-01 23:33:29.242084 = Framework Function Hook Start
2024-01-01 23:33:29.242488 = function routing/BGP/test_bgp.py::TestBGPIPvxRouteAdvertisementFilter::test_static_blackhole_rt_redistribute_with_routemap_ipv6 init start
2024-01-01 23:33:35.581194 = function routing/BGP/test_bgp.py::TestBGPIPvxRouteAdvertisementFilter::test_static_blackhole_rt_redistribute_with_routemap_ipv6 init end
2024-01-01 23:33:35.581689 = Framework Function Hook end
2024-01-01 23:33:47.841097 = function routing/BGP/test_bgp.py::TestBGPIPvxRouteAdvertisementFilter::test_static_blackhole_rt_redistribute_with_routemap_ipv6 clean start
2024-01-01 23:33:47.868484 = Test Time (2024-01-01 23:33:29.242604 - 2024-01-01 23:33:47.868474) Published
2024-01-01 23:33:47.873599 = function routing/BGP/test_bgp.py::TestBGPIPvxRouteAdvertisementFilter::test_static_blackhole_rt_redistribute_with_routemap_ipv6 clean end
2024-01-01 23:33:47.873925 = Framework Function Hook Finalize
2024-01-01 23:34:19.826830 = User Class routing/BGP/test_bgp.py Hook Finalize
2024-01-01 23:34:31.583268 = User Class routing/BGP/test_bgp.py Hook Finalize
2024-01-01 23:34:31.591133 = User Class routing/BGP/test_bgp.py Hook Finalize
2024-01-01 23:34:31.598447 = User Class routing/BGP/test_bgp.py Hook Finalize
2024-01-01 23:34:31.606532 = User Class routing/BGP/test_bgp.py Hook Finalize
2024-01-01 23:34:31.614682 = User Class routing/BGP/test_bgp.py Hook Finalize
2024-01-01 23:34:31.622256 = User Class routing/BGP/test_bgp.py Hook Finalize
2024-01-01 23:34:31.629886 = User Class routing/BGP/test_bgp.py Hook Finalize
2024-01-01 23:34:31.638080 = User Class routing/BGP/test_bgp.py Hook Finalize
2024-01-01 23:34:31.645777 = User Class routing/BGP/test_bgp.py Hook Finalize
2024-01-01 23:34:31.654622 = User Class routing/BGP/test_bgp.py Hook Finalize
2024-01-01 23:34:31.663829 = User Class routing/BGP/test_bgp.py Hook Finalize
2024-01-01 23:34:31.673716 = User Class routing/BGP/test_bgp.py Hook Finalize
2024-01-01 23:34:31.683114 = User Class routing/BGP/test_bgp.py Hook Finalize
2024-01-01 23:34:31.692241 = User Class routing/BGP/test_bgp.py Hook Finalize
2024-01-01 23:34:31.701753 = User Class routing/BGP/test_bgp.py Hook Finalize
2024-01-01 23:34:31.710931 = User Class routing/BGP/test_bgp.py Hook Finalize
2024-01-01 23:34:31.720578 = User Class routing/BGP/test_bgp.py Hook Finalize
2024-01-01 23:34:31.731241 = User Class routing/BGP/test_bgp.py Hook Finalize
2024-01-01 23:34:31.740933 = User Class routing/BGP/test_bgp.py Hook Finalize
2024-01-01 23:34:31.750098 = User Class routing/BGP/test_bgp.py Hook Finalize
2024-01-01 23:34:31.759195 = User Class routing/BGP/test_bgp.py Hook Finalize
2024-01-01 23:34:31.768017 = User Class routing/BGP/test_bgp.py Hook Finalize
2024-01-01 23:34:31.777179 = User Class routing/BGP/test_bgp.py Hook Finalize
2024-01-01 23:34:31.786635 = User Class routing/BGP/test_bgp.py Hook Finalize
2024-01-01 23:34:31.796914 = User Class routing/BGP/test_bgp.py Hook Finalize
2024-01-01 23:34:31.806424 = User Class routing/BGP/test_bgp.py Hook Finalize
2024-01-01 23:34:31.816181 = User Class routing/BGP/test_bgp.py Hook Finalize
2024-01-01 23:34:31.826396 = User Class routing/BGP/test_bgp.py Hook Finalize
2024-01-01 23:34:31.833993 = User Class routing/BGP/test_bgp.py Hook Finalize
2024-01-01 23:34:31.842921 = User Class routing/BGP/test_bgp.py Hook Finalize
2024-01-01 23:34:31.852345 = User Class routing/BGP/test_bgp.py Hook Finalize
2024-01-01 23:34:31.861049 = User Class routing/BGP/test_bgp.py Hook Finalize
2024-01-01 23:34:31.869266 = User Class routing/BGP/test_bgp.py Hook Finalize
2024-01-01 23:34:31.878002 = User Class routing/BGP/test_bgp.py Hook Finalize
2024-01-01 23:34:31.886939 = User Class routing/BGP/test_bgp.py Hook Finalize
2024-01-01 23:34:31.895509 = User Class routing/BGP/test_bgp.py Hook Finalize
2024-01-01 23:34:31.905500 = User Class routing/BGP/test_bgp.py Hook Finalize
2024-01-01 23:34:31.915479 = User Class routing/BGP/test_bgp.py Hook Finalize
2024-01-01 23:34:31.924087 = User Class routing/BGP/test_bgp.py Hook Finalize
2024-01-01 23:34:31.925275 = User Class routing/BGP/test_bgp.py Hook Start
2024-01-01 23:35:23.362862 = User Class routing/BGP/test_bgp.py Hook end
2024-01-01 23:35:23.363358 = Framework Function Hook Start
2024-01-01 23:35:23.363826 = function routing/BGP/test_bgp.py::TestBGPVeLag::test_ft_bgp_clear init start
2024-01-01 23:35:29.353204 = function routing/BGP/test_bgp.py::TestBGPVeLag::test_ft_bgp_clear init end
2024-01-01 23:35:29.353677 = Framework Function Hook end
2024-01-01 23:35:38.701031 = function routing/BGP/test_bgp.py::TestBGPVeLag::test_ft_bgp_clear clean start
2024-01-01 23:35:38.727120 = Test Time (2024-01-01 23:35:23.363892 - 2024-01-01 23:35:38.727111) Published
2024-01-01 23:35:38.732278 = function routing/BGP/test_bgp.py::TestBGPVeLag::test_ft_bgp_clear clean end
2024-01-01 23:35:38.732581 = Framework Function Hook Finalize
2024-01-01 23:35:38.733600 = Framework Function Hook Start
2024-01-01 23:35:38.733976 = function routing/BGP/test_bgp.py::TestBGPVeLag::test_ft_bgp_peer_traffic_check init start
2024-01-01 23:35:44.412573 = function routing/BGP/test_bgp.py::TestBGPVeLag::test_ft_bgp_peer_traffic_check init end
2024-01-01 23:35:44.412949 = Framework Function Hook end
2024-01-01 23:35:44.413287 = User Function routing/BGP/test_bgp.py::TestBGPVeLag::test_ft_bgp_peer_traffic_check Hook Start
2024-01-01 23:35:44.420994 = User Function routing/BGP/test_bgp.py::TestBGPVeLag::test_ft_bgp_peer_traffic_check Hook end
2024-01-01 23:39:09.431945 = User Function routing/BGP/test_bgp.py::TestBGPVeLag::test_ft_bgp_peer_traffic_check Hook Finalize
2024-01-01 23:39:09.432151 = function routing/BGP/test_bgp.py::TestBGPVeLag::test_ft_bgp_peer_traffic_check clean start
2024-01-01 23:39:09.459268 = Test Time (2024-01-01 23:35:38.734038 - 2024-01-01 23:39:09.459257) Published
2024-01-01 23:39:09.464456 = function routing/BGP/test_bgp.py::TestBGPVeLag::test_ft_bgp_peer_traffic_check clean end
2024-01-01 23:39:09.464832 = Framework Function Hook Finalize
2024-01-01 23:39:23.513115 = User Class routing/BGP/test_bgp.py Hook Finalize
2024-01-01 23:39:23.524078 = User Class routing/BGP/test_bgp.py Hook Finalize
2024-01-01 23:39:24.070905 = User Class routing/BGP/test_bgp.py Hook Start
2024-01-01 23:40:16.876612 = User Class routing/BGP/test_bgp.py Hook end
2024-01-01 23:40:16.876872 = Framework Function Hook Start
2024-01-01 23:40:16.877251 = function routing/BGP/test_bgp.py::TestBGPL3Lag::test_ft_bgp_l3lag_peer_traffic_check init start
2024-01-01 23:40:22.999322 = function routing/BGP/test_bgp.py::TestBGPL3Lag::test_ft_bgp_l3lag_peer_traffic_check init end
2024-01-01 23:40:22.999887 = Framework Function Hook end
2024-01-01 23:43:45.011544 = function routing/BGP/test_bgp.py::TestBGPL3Lag::test_ft_bgp_l3lag_peer_traffic_check clean start
2024-01-01 23:43:45.041318 = Test Time (2024-01-01 23:40:16.877316 - 2024-01-01 23:43:45.041308) Published
2024-01-01 23:43:45.048761 = function routing/BGP/test_bgp.py::TestBGPL3Lag::test_ft_bgp_l3lag_peer_traffic_check clean end
2024-01-01 23:43:45.050055 = Framework Function Hook Finalize
2024-01-01 23:43:59.643362 = User Class routing/BGP/test_bgp.py Hook Finalize
2024-01-01 23:44:52.040047 = User Module routing/BGP/test_bgp.py Hook Finalize
2024-01-01 23:44:52.040534 = module test_bgp.py clean start
2024-01-01 23:45:17.934792 = report file generation start
2024-01-01 23:45:18.037702 = report file generation end
2024-01-01 23:45:18.043282 = module test_bgp.py clean end
2024-01-01 23:45:18.043848 = Framework Module Hook Finalize
2024-01-01 23:45:18.836475 = Framework Module Hook Start
2024-01-01 23:45:19.667738 = module test_spytest_infra_1.py init start
2024-01-01 23:46:21.728485 = module test_spytest_infra_1.py init end
2024-01-01 23:46:21.728983 = Framework Module Hook end
2024-01-01 23:46:21.729536 = Framework Function Hook Start
2024-01-01 23:46:24.803834 = function batch/test_spytest_infra_1.py::test_spytest_infra_last init start
2024-01-01 23:46:29.924775 = function batch/test_spytest_infra_1.py::test_spytest_infra_last init end
2024-01-01 23:46:29.925731 = Framework Function Hook end
2024-01-01 23:46:29.927109 = Module Config Time (2024-01-01 23:45:18.836671 - 2024-01-01 23:46:21.729692) Published
2024-01-01 23:46:29.929386 = function batch/test_spytest_infra_1.py::test_spytest_infra_last clean start
2024-01-01 23:46:29.946195 = Test Time (2024-01-01 23:46:24.804051 - 2024-01-01 23:46:29.946188) Published
2024-01-01 23:46:29.951289 = function batch/test_spytest_infra_1.py::test_spytest_infra_last clean end
2024-01-01 23:46:29.951573 = Framework Function Hook Finalize
2024-01-01 23:46:29.951728 = module test_spytest_infra_1.py clean start
2024-01-01 23:46:32.265230 = report file generation start
2024-01-01 23:46:32.365016 = report file generation end
2024-01-01 23:46:32.369927 = module test_spytest_infra_1.py clean end
2024-01-01 23:46:32.370293 = Framework Module Hook Finalize
2024-01-01 23:46:32.372605 = Framework Module Hook Start
2024-01-01 23:46:33.200903 = module test_sflow.py init start
2024-01-01 23:47:28.025614 = module test_sflow.py init end
2024-01-01 23:47:28.026100 = Framework Module Hook end
2024-01-01 23:47:28.026540 = User Module system/test_sflow.py Hook Start
2024-01-01 23:48:03.599228 = User Module system/test_sflow.py Hook end
2024-01-01 23:48:03.599552 = Framework Function Hook Start
2024-01-01 23:48:30.873978 = function system/test_sflow.py::test_ft_sflow_sampling_v6_sFlow_collector init start
2024-01-01 23:48:35.809801 = function system/test_sflow.py::test_ft_sflow_sampling_v6_sFlow_collector init end
2024-01-01 23:48:35.811087 = Framework Function Hook end
2024-01-01 23:48:35.811898 = User Function system/test_sflow.py::test_ft_sflow_sampling_v6_sFlow_collector Hook Start
2024-01-01 23:48:35.823306 = User Function system/test_sflow.py::test_ft_sflow_sampling_v6_sFlow_collector Hook end
2024-01-01 23:48:35.825006 = Module Config Time (2024-01-01 23:46:32.372664 - 2024-01-01 23:48:03.599637) Published
2024-01-01 23:50:53.910319 = User Function system/test_sflow.py::test_ft_sflow_sampling_v6_sFlow_collector Hook Finalize
2024-01-01 23:50:53.910585 = function system/test_sflow.py::test_ft_sflow_sampling_v6_sFlow_collector clean start
2024-01-01 23:50:53.946884 = Test Time (2024-01-01 23:48:30.874561 - 2024-01-01 23:50:53.946874) Published
2024-01-01 23:50:53.952064 = function system/test_sflow.py::test_ft_sflow_sampling_v6_sFlow_collector clean end
2024-01-01 23:50:53.952395 = Framework Function Hook Finalize
2024-01-01 23:50:53.953356 = Framework Function Hook Start
2024-01-01 23:50:53.953737 = function system/test_sflow.py::test_ft_sflow_max_sflow_collector_config init start
2024-01-01 23:50:58.938622 = function system/test_sflow.py::test_ft_sflow_max_sflow_collector_config init end
2024-01-01 23:50:58.939236 = Framework Function Hook end
2024-01-01 23:50:58.939731 = User Function system/test_sflow.py::test_ft_sflow_max_sflow_collector_config Hook Start
2024-01-01 23:50:58.951438 = User Function system/test_sflow.py::test_ft_sflow_max_sflow_collector_config Hook end
2024-01-01 23:51:25.157017 = User Function system/test_sflow.py::test_ft_sflow_max_sflow_collector_config Hook Finalize
2024-01-01 23:51:25.157199 = function system/test_sflow.py::test_ft_sflow_max_sflow_collector_config clean start
2024-01-01 23:51:25.184985 = Test Time (2024-01-01 23:50:53.953800 - 2024-01-01 23:51:25.184976) Published
2024-01-01 23:51:25.190005 = function system/test_sflow.py::test_ft_sflow_max_sflow_collector_config clean end
2024-01-01 23:51:25.190296 = Framework Function Hook Finalize
2024-01-01 23:51:25.191214 = Framework Function Hook Start
2024-01-01 23:51:25.191610 = function system/test_sflow.py::test_ft_system_config_mgmt_verifying_config_with_save_reboot_sflow init start
2024-01-01 23:51:30.138669 = function system/test_sflow.py::test_ft_system_config_mgmt_verifying_config_with_save_reboot_sflow init end
2024-01-01 23:51:30.139136 = Framework Function Hook end
2024-01-01 23:51:30.139530 = User Function system/test_sflow.py::test_ft_system_config_mgmt_verifying_config_with_save_reboot_sflow Hook Start
2024-01-01 23:51:30.150588 = User Function system/test_sflow.py::test_ft_system_config_mgmt_verifying_config_with_save_reboot_sflow Hook end
2024-01-01 23:52:49.100735 = User Function system/test_sflow.py::test_ft_system_config_mgmt_verifying_config_with_save_reboot_sflow Hook Finalize
2024-01-01 23:52:49.100959 = function system/test_sflow.py::test_ft_system_config_mgmt_verifying_config_with_save_reboot_sflow clean start
2024-01-01 23:52:49.128327 = Test Time (2024-01-01 23:51:25.191683 - 2024-01-01 23:52:49.128318) Published
2024-01-01 23:52:49.133549 = function system/test_sflow.py::test_ft_system_config_mgmt_verifying_config_with_save_reboot_sflow clean end
2024-01-01 23:52:49.133896 = Framework Function Hook Finalize
2024-01-01 23:53:21.145695 = User Module system/test_sflow.py Hook Finalize
2024-01-01 23:53:21.146141 = module test_sflow.py clean start
2024-01-01 23:53:47.107817 = report file generation start
2024-01-01 23:53:47.217481 = report file generation end
2024-01-01 23:53:47.222702 = module test_sflow.py clean end
2024-01-01 23:53:47.223212 = Framework Module Hook Finalize
2024-01-01 23:53:47.978136 = Framework Module Hook Start
2024-01-01 23:53:48.806754 = module test_spytest_infra_1.py init start
2024-01-01 23:56:42.122797 = module test_spytest_infra_1.py init end
2024-01-01 23:56:42.123103 = Framework Module Hook end
2024-01-01 23:56:42.123413 = Framework Function Hook Start
2024-01-01 23:56:45.190124 = function batch/test_spytest_infra_1.py::test_spytest_infra_last init start
2024-01-01 23:56:50.102513 = function batch/test_spytest_infra_1.py::test_spytest_infra_last init end
2024-01-01 23:56:50.103567 = Framework Function Hook end
2024-01-01 23:56:50.104999 = Module Config Time (2024-01-01 23:53:47.978212 - 2024-01-01 23:56:42.123494) Published
2024-01-01 23:56:50.107578 = function batch/test_spytest_infra_1.py::test_spytest_infra_last clean start
2024-01-01 23:56:50.125724 = Test Time (2024-01-01 23:56:45.190276 - 2024-01-01 23:56:50.125717) Published
2024-01-01 23:56:50.130914 = function batch/test_spytest_infra_1.py::test_spytest_infra_last clean end
2024-01-01 23:56:50.131203 = Framework Function Hook Finalize
2024-01-01 23:56:50.131351 = module test_spytest_infra_1.py clean start
2024-01-01 23:56:52.447911 = report file generation start
2024-01-01 23:56:52.548433 = report file generation end
2024-01-01 23:56:52.553478 = module test_spytest_infra_1.py clean end
2024-01-01 23:56:52.553882 = Framework Module Hook Finalize
2024-01-01 23:56:52.555924 = Framework Module Hook Start
2024-01-01 23:56:53.385041 = module test_ip.py init start
2024-01-01 23:57:46.825250 = module test_ip.py init end
2024-01-01 23:57:46.826042 = Framework Module Hook end
2024-01-01 23:57:46.826622 = User Module routing/test_ip.py Hook Start
2024-01-01 23:58:20.819388 = User Module routing/test_ip.py Hook end
2024-01-01 23:58:20.819873 = Framework Function Hook Start
2024-01-01 23:58:48.105854 = function routing/test_ip.py::test_l3_v4_route_po_1 init start
2024-01-01 23:58:53.134340 = function routing/test_ip.py::test_l3_v4_route_po_1 init end
2024-01-01 23:58:53.134825 = Framework Function Hook end
2024-01-01 23:58:53.135348 = User Function routing/test_ip.py::test_l3_v4_route_po_1 Hook Start
2024-01-01 23:58:53.144078 = User Function routing/test_ip.py::test_l3_v4_route_po_1 Hook end
2024-01-01 23:58:53.145255 = Module Config Time (2024-01-01 23:56:52.555984 - 2024-01-01 23:58:20.820013) Published
2024-01-02 00:02:35.943014 = User Function routing/test_ip.py::test_l3_v4_route_po_1 Hook Finalize
2024-01-02 00:02:35.943204 = function routing/test_ip.py::test_l3_v4_route_po_1 clean start
2024-01-02 00:02:35.981617 = Test Time (2024-01-01 23:58:48.106153 - 2024-01-02 00:02:35.981606) Published
2024-01-02 00:02:35.986712 = function routing/test_ip.py::test_l3_v4_route_po_1 clean end
2024-01-02 00:02:35.987034 = Framework Function Hook Finalize
2024-01-02 00:02:35.987954 = Framework Function Hook Start
2024-01-02 00:02:35.988320 = function routing/test_ip.py::test_ft_ping_v4_v6_vlan init start
2024-01-02 00:02:41.025350 = function routing/test_ip.py::test_ft_ping_v4_v6_vlan init end
2024-01-02 00:02:41.025738 = Framework Function Hook end
2024-01-02 00:02:41.026068 = User Function routing/test_ip.py::test_ft_ping_v4_v6_vlan Hook Start
2024-01-02 00:02:41.034968 = User Function routing/test_ip.py::test_ft_ping_v4_v6_vlan Hook end
2024-01-02 00:02:45.167779 = User Function routing/test_ip.py::test_ft_ping_v4_v6_vlan Hook Finalize
2024-01-02 00:02:45.167958 = function routing/test_ip.py::test_ft_ping_v4_v6_vlan clean start
2024-01-02 00:02:45.205910 = Test Time (2024-01-02 00:02:35.988380 - 2024-01-02 00:02:45.205901) Published
2024-01-02 00:02:45.211097 = function routing/test_ip.py::test_ft_ping_v4_v6_vlan clean end
2024-01-02 00:02:45.211437 = Framework Function Hook Finalize
2024-01-02 00:02:45.212351 = Framework Function Hook Start
2024-01-02 00:02:45.212739 = function routing/test_ip.py::test_ft_ping_v4_v6_after_ip_change_pc init start
2024-01-02 00:02:50.273931 = function routing/test_ip.py::test_ft_ping_v4_v6_after_ip_change_pc init end
2024-01-02 00:02:50.274590 = Framework Function Hook end
2024-01-02 00:02:50.275013 = User Function routing/test_ip.py::test_ft_ping_v4_v6_after_ip_change_pc Hook Start
2024-01-02 00:02:50.283697 = User Function routing/test_ip.py::test_ft_ping_v4_v6_after_ip_change_pc Hook end
2024-01-02 00:02:51.772818 = User Function routing/test_ip.py::test_ft_ping_v4_v6_after_ip_change_pc Hook Finalize
2024-01-02 00:02:51.773006 = function routing/test_ip.py::test_ft_ping_v4_v6_after_ip_change_pc clean start
2024-01-02 00:02:51.808434 = Test Time (2024-01-02 00:02:45.212800 - 2024-01-02 00:02:51.808426) Published
2024-01-02 00:02:51.813430 = function routing/test_ip.py::test_ft_ping_v4_v6_after_ip_change_pc clean end
2024-01-02 00:02:51.813739 = Framework Function Hook Finalize
2024-01-02 00:02:51.814636 = Framework Function Hook Start
2024-01-02 00:02:51.815014 = function routing/test_ip.py::test_ft_ip6_static_route_traffic_forward_blackhole init start
2024-01-02 00:02:56.811355 = function routing/test_ip.py::test_ft_ip6_static_route_traffic_forward_blackhole init end
2024-01-02 00:02:56.811812 = Framework Function Hook end
2024-01-02 00:02:56.812185 = User Function routing/test_ip.py::test_ft_ip6_static_route_traffic_forward_blackhole Hook Start
2024-01-02 00:02:56.820886 = User Function routing/test_ip.py::test_ft_ip6_static_route_traffic_forward_blackhole Hook end
2024-01-02 00:04:01.527294 = User Function routing/test_ip.py::test_ft_ip6_static_route_traffic_forward_blackhole Hook Finalize
2024-01-02 00:04:01.527498 = function routing/test_ip.py::test_ft_ip6_static_route_traffic_forward_blackhole clean start
2024-01-02 00:04:01.563181 = Test Time (2024-01-02 00:02:51.815075 - 2024-01-02 00:04:01.563173) Published
2024-01-02 00:04:01.568184 = function routing/test_ip.py::test_ft_ip6_static_route_traffic_forward_blackhole clean end
2024-01-02 00:04:01.568486 = Framework Function Hook Finalize
2024-01-02 00:04:01.569378 = Framework Function Hook Start
2024-01-02 00:04:01.569745 = function routing/test_ip.py::test_ft_ip_static_route_traffic_forward init start
2024-01-02 00:04:06.578557 = function routing/test_ip.py::test_ft_ip_static_route_traffic_forward init end
2024-01-02 00:04:06.579021 = Framework Function Hook end
2024-01-02 00:04:06.579379 = User Function routing/test_ip.py::test_ft_ip_static_route_traffic_forward Hook Start
2024-01-02 00:04:06.588286 = User Function routing/test_ip.py::test_ft_ip_static_route_traffic_forward Hook end
2024-01-02 00:06:04.626883 = User Function routing/test_ip.py::test_ft_ip_static_route_traffic_forward Hook Finalize
2024-01-02 00:06:04.627107 = function routing/test_ip.py::test_ft_ip_static_route_traffic_forward clean start
2024-01-02 00:06:04.712063 = Test Time (2024-01-02 00:04:01.569806 - 2024-01-02 00:06:04.712054) Published
2024-01-02 00:06:04.717014 = function routing/test_ip.py::test_ft_ip_static_route_traffic_forward clean end
2024-01-02 00:06:04.717344 = Framework Function Hook Finalize
2024-01-02 00:06:04.718226 = Framework Function Hook Start
2024-01-02 00:06:04.718610 = function routing/test_ip.py::test_ft_ip_v4_v6_L2_L3_translation init start
2024-01-02 00:06:09.737900 = function routing/test_ip.py::test_ft_ip_v4_v6_L2_L3_translation init end
2024-01-02 00:06:09.738301 = Framework Function Hook end
2024-01-02 00:06:09.738656 = User Function routing/test_ip.py::test_ft_ip_v4_v6_L2_L3_translation Hook Start
2024-01-02 00:06:09.747090 = User Function routing/test_ip.py::test_ft_ip_v4_v6_L2_L3_translation Hook end
2024-01-02 00:07:37.230962 = User Function routing/test_ip.py::test_ft_ip_v4_v6_L2_L3_translation Hook Finalize
2024-01-02 00:07:37.231147 = function routing/test_ip.py::test_ft_ip_v4_v6_L2_L3_translation clean start
2024-01-02 00:07:37.259687 = Test Time (2024-01-02 00:06:04.718674 - 2024-01-02 00:07:37.259679) Published
2024-01-02 00:07:37.264680 = function routing/test_ip.py::test_ft_ip_v4_v6_L2_L3_translation clean end
2024-01-02 00:07:37.264995 = Framework Function Hook Finalize
2024-01-02 00:07:37.265872 = Framework Function Hook Start
2024-01-02 00:07:37.266240 = function routing/test_ip.py::test_ft_verify_interfaces_order init start
2024-01-02 00:07:43.240567 = function routing/test_ip.py::test_ft_verify_interfaces_order init end
2024-01-02 00:07:43.241005 = Framework Function Hook end
2024-01-02 00:07:43.241368 = User Function routing/test_ip.py::test_ft_verify_interfaces_order Hook Start
2024-01-02 00:07:43.249106 = User Function routing/test_ip.py::test_ft_verify_interfaces_order Hook end
2024-01-02 00:07:43.249408 = User Function routing/test_ip.py::test_ft_verify_interfaces_order Hook Start
2024-01-02 00:07:43.260387 = User Function routing/test_ip.py::test_ft_verify_interfaces_order Hook end
2024-01-02 00:08:09.160252 = User Function routing/test_ip.py::test_ft_verify_interfaces_order Hook Finalize
2024-01-02 00:08:09.161549 = User Function routing/test_ip.py::test_ft_verify_interfaces_order Hook Finalize
2024-01-02 00:08:09.161820 = function routing/test_ip.py::test_ft_verify_interfaces_order clean start
2024-01-02 00:08:09.205346 = Test Time (2024-01-02 00:07:37.266300 - 2024-01-02 00:08:09.205330) Published
2024-01-02 00:08:09.211608 = function routing/test_ip.py::test_ft_verify_interfaces_order clean end
2024-01-02 00:08:09.212113 = Framework Function Hook Finalize
2024-01-02 00:08:56.953072 = User Module routing/test_ip.py Hook Finalize
2024-01-02 00:08:56.953542 = module test_ip.py clean start
2024-01-02 00:09:22.660286 = report file generation start
2024-01-02 00:09:22.764789 = report file generation end
2024-01-02 00:09:22.769905 = module test_ip.py clean end
2024-01-02 00:09:22.770428 = Framework Module Hook Finalize
2024-01-02 00:09:22.943842 = Framework Module Hook Start
2024-01-02 00:09:23.784824 = module test_spytest_infra_1.py init start
2024-01-02 00:10:31.328875 = module test_spytest_infra_1.py init end
2024-01-02 00:10:31.329208 = Framework Module Hook end
2024-01-02 00:10:31.329561 = Framework Function Hook Start
2024-01-02 00:10:34.397324 = function batch/test_spytest_infra_1.py::test_spytest_infra_last init start
2024-01-02 00:10:39.300205 = function batch/test_spytest_infra_1.py::test_spytest_infra_last init end
2024-01-02 00:10:39.301296 = Framework Function Hook end
2024-01-02 00:10:39.302799 = Module Config Time (2024-01-02 00:09:22.944056 - 2024-01-02 00:10:31.329650) Published
2024-01-02 00:10:39.305365 = function batch/test_spytest_infra_1.py::test_spytest_infra_last clean start
2024-01-02 00:10:39.322217 = Test Time (2024-01-02 00:10:34.397532 - 2024-01-02 00:10:39.322210) Published
2024-01-02 00:10:39.327172 = function batch/test_spytest_infra_1.py::test_spytest_infra_last clean end
2024-01-02 00:10:39.327465 = Framework Function Hook Finalize
2024-01-02 00:10:39.327612 = module test_spytest_infra_1.py clean start
2024-01-02 00:10:41.698885 = report file generation start
2024-01-02 00:10:41.809369 = report file generation end
2024-01-02 00:10:41.814438 = module test_spytest_infra_1.py clean end
2024-01-02 00:10:41.814888 = Framework Module Hook Finalize
2024-01-02 00:10:41.816980 = Framework Module Hook Start
2024-01-02 00:10:42.646067 = module test_sanity_l3.py init start
2024-01-02 00:11:36.461566 = module test_sanity_l3.py init end
2024-01-02 00:11:36.462136 = Framework Module Hook end
2024-01-02 00:11:36.462602 = User Module sanity/test_sanity_l3.py Hook Start
2024-01-02 00:12:01.202876 = User Module sanity/test_sanity_l3.py Hook end
2024-01-02 00:12:01.203723 = Framework Function Hook Start
2024-01-02 00:12:27.655908 = function sanity/test_sanity_l3.py::test_l2_to_l3_port init start
2024-01-02 00:12:32.705400 = function sanity/test_sanity_l3.py::test_l2_to_l3_port init end
2024-01-02 00:12:32.705902 = Framework Function Hook end
2024-01-02 00:12:32.706440 = User Function sanity/test_sanity_l3.py::test_l2_to_l3_port Hook Start
2024-01-02 00:12:32.714165 = User Function sanity/test_sanity_l3.py::test_l2_to_l3_port Hook end
2024-01-02 00:12:32.715271 = Module Config Time (2024-01-02 00:10:41.817042 - 2024-01-02 00:12:01.203959) Published
2024-01-02 00:14:11.149241 = User Function sanity/test_sanity_l3.py::test_l2_to_l3_port Hook Finalize
2024-01-02 00:14:11.149516 = function sanity/test_sanity_l3.py::test_l2_to_l3_port clean start
2024-01-02 00:14:11.186305 = Test Time (2024-01-02 00:12:27.656214 - 2024-01-02 00:14:11.186296) Published
2024-01-02 00:14:11.191455 = function sanity/test_sanity_l3.py::test_l2_to_l3_port clean end
2024-01-02 00:14:11.191770 = Framework Function Hook Finalize
2024-01-02 00:14:46.829775 = User Module sanity/test_sanity_l3.py Hook Finalize
2024-01-02 00:14:46.829982 = module test_sanity_l3.py clean start
2024-01-02 00:15:12.512851 = report file generation start
2024-01-02 00:15:12.630635 = report file generation end
2024-01-02 00:15:12.636106 = module test_sanity_l3.py clean end
2024-01-02 00:15:12.636670 = Framework Module Hook Finalize
2024-01-02 00:15:12.791474 = Framework Module Hook Start
2024-01-02 00:15:13.621781 = module test_spytest_infra_1.py init start
2024-01-02 00:16:12.997158 = module test_spytest_infra_1.py init end
2024-01-02 00:16:12.997652 = Framework Module Hook end
2024-01-02 00:16:12.998173 = Framework Function Hook Start
2024-01-02 00:16:16.060841 = function batch/test_spytest_infra_1.py::test_spytest_infra_last init start
2024-01-02 00:16:21.136699 = function batch/test_spytest_infra_1.py::test_spytest_infra_last init end
2024-01-02 00:16:21.137752 = Framework Function Hook end
2024-01-02 00:16:21.139240 = Module Config Time (2024-01-02 00:15:12.791577 - 2024-01-02 00:16:12.998310) Published
2024-01-02 00:16:21.141786 = function batch/test_spytest_infra_1.py::test_spytest_infra_last clean start
2024-01-02 00:16:21.158280 = Test Time (2024-01-02 00:16:16.061102 - 2024-01-02 00:16:21.158273) Published
2024-01-02 00:16:21.163463 = function batch/test_spytest_infra_1.py::test_spytest_infra_last clean end
2024-01-02 00:16:21.163747 = Framework Function Hook Finalize
2024-01-02 00:16:21.163894 = module test_spytest_infra_1.py clean start
2024-01-02 00:16:23.488708 = report file generation start
2024-01-02 00:16:23.593019 = report file generation end
2024-01-02 00:16:23.597918 = module test_spytest_infra_1.py clean end
2024-01-02 00:16:23.598281 = Framework Module Hook Finalize
2024-01-02 00:16:23.600292 = Framework Module Hook Start
2024-01-02 00:16:24.438442 = module test_bgp_rr_traffic.py init start
2024-01-02 00:17:17.813703 = module test_bgp_rr_traffic.py init end
2024-01-02 00:17:17.814295 = Framework Module Hook end
2024-01-02 00:17:17.814849 = User Module routing/BGP/test_bgp_rr_traffic.py Hook Start
2024-01-02 00:17:48.591490 = User Module routing/BGP/test_bgp_rr_traffic.py Hook end
2024-01-02 00:17:48.591750 = User Class routing/BGP/test_bgp_rr_traffic.py Hook Start
2024-01-02 00:20:07.216685 = User Class routing/BGP/test_bgp_rr_traffic.py Hook end
2024-01-02 00:20:07.217003 = Framework Function Hook Start
2024-01-02 00:20:34.629745 = function routing/BGP/test_bgp_rr_traffic.py::TestBGPRrTraffic::test_ft_bgp6_rr_traffic_check init start
2024-01-02 00:20:39.700245 = function routing/BGP/test_bgp_rr_traffic.py::TestBGPRrTraffic::test_ft_bgp6_rr_traffic_check init end
2024-01-02 00:20:39.700931 = Framework Function Hook end
2024-01-02 00:20:39.703454 = Module Config Time (2024-01-02 00:16:23.600353 - 2024-01-02 00:20:07.217085) Published
2024-01-02 00:23:09.832782 = function routing/BGP/test_bgp_rr_traffic.py::TestBGPRrTraffic::test_ft_bgp6_rr_traffic_check clean start
2024-01-02 00:23:09.861663 = Test Time (2024-01-02 00:20:34.630250 - 2024-01-02 00:23:09.861654) Published
2024-01-02 00:23:09.867131 = function routing/BGP/test_bgp_rr_traffic.py::TestBGPRrTraffic::test_ft_bgp6_rr_traffic_check clean end
2024-01-02 00:23:09.867476 = Framework Function Hook Finalize
2024-01-02 00:23:40.339494 = User Class routing/BGP/test_bgp_rr_traffic.py Hook Finalize
2024-01-02 00:24:25.848657 = User Module routing/BGP/test_bgp_rr_traffic.py Hook Finalize
2024-01-02 00:24:25.849037 = module test_bgp_rr_traffic.py clean start
2024-01-02 00:24:52.050698 = report file generation start
2024-01-02 00:24:52.156858 = report file generation end
2024-01-02 00:24:52.161987 = module test_bgp_rr_traffic.py clean end
2024-01-02 00:24:52.162496 = Framework Module Hook Finalize
2024-01-02 00:24:52.249689 = Framework Module Hook Start
2024-01-02 00:24:53.082829 = module test_spytest_infra_1.py init start
2024-01-02 00:30:16.104740 = module test_spytest_infra_1.py init end
2024-01-02 00:30:16.105075 = Framework Module Hook end
2024-01-02 00:30:16.105432 = Framework Function Hook Start
2024-01-02 00:30:19.172828 = function batch/test_spytest_infra_1.py::test_spytest_infra_last init start
2024-01-02 00:30:24.198956 = function batch/test_spytest_infra_1.py::test_spytest_infra_last init end
2024-01-02 00:30:24.200104 = Framework Function Hook end
2024-01-02 00:30:24.201590 = Module Config Time (2024-01-02 00:24:52.249831 - 2024-01-02 00:30:16.105522) Published
2024-01-02 00:30:24.204182 = function batch/test_spytest_infra_1.py::test_spytest_infra_last clean start
2024-01-02 00:30:24.222360 = Test Time (2024-01-02 00:30:19.173183 - 2024-01-02 00:30:24.222352) Published
2024-01-02 00:30:24.227521 = function batch/test_spytest_infra_1.py::test_spytest_infra_last clean end
2024-01-02 00:30:24.227866 = Framework Function Hook Finalize
2024-01-02 00:30:24.228045 = module test_spytest_infra_1.py clean start
2024-01-02 00:30:26.543470 = report file generation start
2024-01-02 00:30:26.678966 = report file generation end
2024-01-02 00:30:26.684051 = module test_spytest_infra_1.py clean end
2024-01-02 00:30:26.684458 = Framework Module Hook Finalize
2024-01-02 00:30:26.684862 = session clean start
2024-01-02 00:30:26.702204 = report file generation start
2024-01-02 00:30:26.800579 = report file generation end
2024-01-02 00:30:27.485747 = session clean end
