2024-01-07 00:31:28,136 T0002: [D1-V3] ['export TMOUT=0', 'stty cols 5000', 'uptime']
2024-01-07 00:31:28,805 T0002: [D1-V3] cat /proc/uptime
2024-01-07 00:31:29,474 T0002: [D1-V3] sudo vtysh -c 'show running-config | include hostname'
2024-01-07 00:31:35,655 T0002: [D1-V3] /sbin/ip link set dev eth0 up
2024-01-07 00:31:36,325 T0002: [D1-V3] /sbin/ip route list dev eth0
2024-01-07 00:31:37,003 T0002: [D1-V3] ['export TMOUT=0', 'stty cols 5000', 'uptime']
2024-01-07 00:31:39,150 T0002: [D1-V3] /sbin/ip link set dev eth0 up
2024-01-07 00:31:39,817 T0002: [D1-V3] /sbin/ip route list dev eth0
2024-01-07 00:31:41,165 T0002: [D1-V3] show version
2024-01-07 00:31:43,351 T0002: [D1-V3] /sbin/ip link set dev eth0 up
2024-01-07 00:31:44,019 T0002: [D1-V3] /sbin/ip route list dev eth0
2024-01-07 00:31:46,175 T0002: [D1-V3] /sbin/ip link set dev eth0 up
2024-01-07 00:31:46,845 T0002: [D1-V3] /sbin/ip route list dev eth0
2024-01-07 00:33:08,076 T0000: [D1-V3] sudo show interfaces status
2024-01-07 00:33:10,229 T0000: [D1-V3] config interface startup Ethernet0
2024-01-07 00:33:11,687 T0000: [D1-V3] config interface startup Ethernet4
2024-01-07 00:33:13,243 T0000: [D1-V3] config interface startup Ethernet8
2024-01-07 00:33:14,802 T0000: [D1-V3] config interface startup Ethernet12
2024-01-07 00:33:16,230 T0000: [D1-V3] config interface shutdown Ethernet16
2024-01-07 00:33:17,638 T0000: [D1-V3] config interface shutdown Ethernet20
2024-01-07 00:33:19,046 T0000: [D1-V3] config interface shutdown Ethernet24
2024-01-07 00:33:20,404 T0000: [D1-V3] config interface shutdown Ethernet28
2024-01-07 00:33:21,714 T0000: [D1-V3] config interface shutdown Ethernet32
2024-01-07 00:33:23,018 T0000: [D1-V3] config interface shutdown Ethernet36
2024-01-07 00:33:24,370 T0000: [D1-V3] config interface shutdown Ethernet40
2024-01-07 00:33:25,676 T0000: [D1-V3] config interface shutdown Ethernet44
2024-01-07 00:33:27,034 T0000: [D1-V3] config interface shutdown Ethernet48
2024-01-07 00:33:28,390 T0000: [D1-V3] config interface shutdown Ethernet52
2024-01-07 00:33:29,748 T0000: [D1-V3] config interface shutdown Ethernet56
2024-01-07 00:33:31,158 T0000: [D1-V3] config interface shutdown Ethernet60
2024-01-07 00:33:32,514 T0000: [D1-V3] config interface shutdown Ethernet64
2024-01-07 00:33:33,818 T0000: [D1-V3] config interface shutdown Ethernet68
2024-01-07 00:33:35,125 T0000: [D1-V3] config interface shutdown Ethernet72
2024-01-07 00:33:36,485 T0000: [D1-V3] config interface shutdown Ethernet76
2024-01-07 00:33:37,894 T0000: [D1-V3] config interface shutdown Ethernet80
2024-01-07 00:33:39,201 T0000: [D1-V3] config interface shutdown Ethernet84
2024-01-07 00:33:40,516 T0000: [D1-V3] config interface shutdown Ethernet88
2024-01-07 00:33:41,822 T0000: [D1-V3] config interface shutdown Ethernet92
2024-01-07 00:33:43,179 T0000: [D1-V3] config interface shutdown Ethernet96
2024-01-07 00:33:44,486 T0000: [D1-V3] config interface shutdown Ethernet100
2024-01-07 00:33:45,790 T0000: [D1-V3] config interface shutdown Ethernet104
2024-01-07 00:33:47,094 T0000: [D1-V3] config interface shutdown Ethernet108
2024-01-07 00:33:48,397 T0000: [D1-V3] config interface shutdown Ethernet112
2024-01-07 00:33:49,705 T0000: [D1-V3] config interface shutdown Ethernet116
2024-01-07 00:33:51,061 T0000: [D1-V3] config interface shutdown Ethernet120
2024-01-07 00:33:52,368 T0000: [D1-V3] config interface shutdown Ethernet124
2024-01-07 00:33:59,802 T0000: [D1-V3] show version
2024-01-07 00:34:01,961 T0000: [D1-V3] cat /var/run/redis/sonic-db/database_config.json
2024-01-07 00:34:02,757 T0000: [D1-V3] /sbin/ifconfig eth0
2024-01-07 00:34:03,479 T0000: [D1-V3] ls /etc/sonic/bcmsim.cfg
2024-01-07 00:34:04,208 T0000: [D1-V3] no router bgp
2024-01-07 00:34:06,054 T0000: [D1-V3] config feature state sflow enabled
2024-01-07 00:34:08,346 T0000: [D1-V3] config feature state nat enabled
2024-01-07 00:34:12,817 T0000: [D1-V3] config save /tmp/config-db-V3-post-session-prolog-session.json -y
2024-01-07 00:34:14,528 T0000: [D1-V3] chmod 777 /tmp/config-db-V3-post-session-prolog-session.json
2024-01-07 00:34:16,062 T0000: [D1-V3] /sbin/ip link set dev eth0 up
2024-01-07 00:34:16,770 T0000: [D1-V3] /sbin/ip route list dev eth0
2024-01-07 00:34:25,297 T0000: [D1-V3] sudo vtysh -c 'show running-config' > /tmp/vtysh-runcfg-V3-post-session-prolog-session.txt
2024-01-07 00:34:26,198 T0000: [D1-V3] chmod 777 /tmp/vtysh-runcfg-V3-post-session-prolog-session.txt
2024-01-07 00:34:27,747 T0000: [D1-V3] /sbin/ip link set dev eth0 up
2024-01-07 00:34:28,462 T0000: [D1-V3] /sbin/ip route list dev eth0
2024-01-07 00:34:37,416 T0000: 
================== Framework Module Hook: batch/test_spytest_infra_1.py ==================
2024-01-07 00:34:37,435 T0012: [D1-V3] sudo show interfaces status Ethernet124
2024-01-07 00:34:39,895 T0013: [D1-V3] sudo show interfaces status
2024-01-07 00:34:41,785 T0000: 
================== Framework Module Hook Finish: batch/test_spytest_infra_1.py ==================
2024-01-07 00:34:41,787 T0000: 
================== Framework Function Hook: batch/test_spytest_infra_1.py::test_spytest_infra_first ==================
2024-01-07 00:34:46,089 T0014: [D1-V3] sudo show interfaces status
2024-01-07 00:34:47,953 T0000: [D1-V3] sudo show interfaces status Ethernet124
2024-01-07 00:34:50,857 T0000: 
================== Framework Function Hook Finish: batch/test_spytest_infra_1.py::test_spytest_infra_first ==================
2024-01-07 00:34:50,861 T0000: 
================== Test Execution: batch/test_spytest_infra_1.py::test_spytest_infra_first ==================
2024-01-07 00:34:50,878 T0000: 
================== Framework Function Hook Finalize: batch/test_spytest_infra_1.py::test_spytest_infra_first ==================
2024-01-07 00:34:51,016 T0000: 
================== Framework Function Hook: batch/test_spytest_infra_1.py::test_spytest_infra_second ==================
2024-01-07 00:34:51,032 T0015: [D1-V3] sudo show interfaces status
2024-01-07 00:34:52,929 T0000: [D1-V3] sudo show interfaces status Ethernet124
2024-01-07 00:34:55,874 T0000: 
================== Framework Function Hook Finish: batch/test_spytest_infra_1.py::test_spytest_infra_second ==================
2024-01-07 00:34:55,876 T0000: 
================== Test Execution: batch/test_spytest_infra_1.py::test_spytest_infra_second ==================
2024-01-07 00:34:55,895 T0000: 
================== Framework Function Hook Finalize: batch/test_spytest_infra_1.py::test_spytest_infra_second ==================
2024-01-07 00:34:55,909 T0000: [D1-V3] sudo show interfaces status Ethernet124
2024-01-07 00:34:58,501 T0000: 
================== Framework Module Hook Finalize: batch/test_spytest_infra_1.py Pass: 2/2 ==================
2024-01-07 00:34:58,501 T0000: 
================== Devices used: batch/test_spytest_infra_1.py 1 ['V3'] ==================
2024-01-07 00:34:58,914 T0000: 
================== Framework Module Hook: routing/NAT/test_nat.py ==================
2024-01-07 00:34:58,925 T0016: [D1-V3] sudo show interfaces status Ethernet124
2024-01-07 00:35:01,384 T0017: [D1-V3] sudo show interfaces status
2024-01-07 00:35:03,189 T0000: [D1-V3] config save /tmp/config-db-V3-pre-module-prolog-routing-NAT-test_nat.py.json -y
2024-01-07 00:35:04,950 T0000: [D1-V3] chmod 777 /tmp/config-db-V3-pre-module-prolog-routing-NAT-test_nat.py.json
2024-01-07 00:35:06,481 T0000: [D1-V3] /sbin/ip link set dev eth0 up
2024-01-07 00:35:07,188 T0000: [D1-V3] /sbin/ip route list dev eth0
2024-01-07 00:35:15,731 T0000: [D1-V3] sudo vtysh -c 'show running-config' > /tmp/vtysh-runcfg-V3-pre-module-prolog-routing-NAT-test_nat.py.txt
2024-01-07 00:35:16,638 T0000: [D1-V3] chmod 777 /tmp/vtysh-runcfg-V3-pre-module-prolog-routing-NAT-test_nat.py.txt
2024-01-07 00:35:18,164 T0000: [D1-V3] /sbin/ip link set dev eth0 up
2024-01-07 00:35:18,867 T0000: [D1-V3] /sbin/ip route list dev eth0
2024-01-07 00:35:27,413 T0000: 
================== Framework Module Hook Finish: routing/NAT/test_nat.py ==================
2024-01-07 00:35:27,414 T0000: 
================== Module Hook: routing/NAT/test_nat.py nat_module_config ==================
2024-01-07 00:35:27,417 T0000: [D1-V3] show platform summary
2024-01-07 00:35:28,708 T0026: [D1-V3] config interface ip add Ethernet0 12.12.0.1/16
2024-01-07 00:35:30,031 T0026: [D1-V3] config interface ip add Ethernet4 125.56.90.12/24
2024-01-07 00:35:31,304 T0026: [D1-V3] config interface ip add Ethernet4 125.56.90.13/24
2024-01-07 00:35:32,626 T0026: [D1-V3] config interface ip add Ethernet4 125.56.90.14/24
2024-01-07 00:35:33,896 T0026: [D1-V3] config interface ip add Ethernet4 125.56.90.15/24
2024-01-07 00:35:35,168 T0026: [D1-V3] config interface ip add Ethernet4 125.56.90.23/24
2024-01-07 00:35:36,543 T0026: [D1-V3] config interface ip add Ethernet4 125.56.90.24/24
2024-01-07 00:35:37,915 T0026: [D1-V3] /sbin/ifconfig Ethernet0
2024-01-07 00:35:38,593 T0026: [D1-V3] ip route 129.2.30.0/24 125.56.90.1
2024-01-07 00:35:40,336 T0026: [D1-V3] ip route 88.98.128.0/24 12.12.0.2
2024-01-07 00:35:40,996 T0026: [D1-V3] ip route 99.99.99.0/24 125.56.90.1
2024-01-07 00:35:41,662 T0026: [D1-V3] config nat feature enable
2024-01-07 00:35:43,860 T0026: [D1-V3] config nat add interface Ethernet0 -nat_zone 0
2024-01-07 00:35:45,133 T0026: [D1-V3] config nat add interface Ethernet4 -nat_zone 1
2024-01-07 00:35:46,506 T0026: [D1-V3] config nat add static basic 125.56.90.12 12.12.0.2  -nat_type dnat
2024-01-07 00:35:47,826 T0026: [D1-V3] config nat add static tcp 125.56.90.13 100 12.12.0.3 1002 -nat_type dnat
2024-01-07 00:35:49,247 T0026: [D1-V3] config nat add static udp 12.12.0.4 7781 125.56.90.14 7811 -nat_type snat
2024-01-07 00:35:50,523 T0026: [D1-V3] config nat add static basic 88.98.128.2 11.11.11.2  -nat_type snat
2024-01-07 00:35:51,797 T0026: [D1-V3] config nat add static basic 125.56.90.15 12.12.0.5  -nat_type dnat -twice_nat_id 100
2024-01-07 00:35:53,069 T0026: [D1-V3] config nat add static basic 99.99.99.1 15.15.0.1  -nat_type snat -twice_nat_id 100
2024-01-07 00:35:54,341 T0026: [D1-V3] show nat translations
2024-01-07 00:35:55,692 T0026: [D1-V3] config nat add pool pool_123_nat  125.56.90.23-125.56.90.24 333-334
2024-01-07 00:35:56,963 T0026: [D1-V3] config nat add binding bind_1 pool_123_nat
2024-01-07 00:36:10,109 T0000: 
================== Module Hook Finish: routing/NAT/test_nat.py nat_module_config ==================
2024-01-07 00:36:10,111 T0000: 
================== Framework Function Hook: routing/NAT/test_nat.py::test_ft_nat_docker_restart ==================
2024-01-07 00:36:10,123 T0000: [D1-V3] config save /tmp/config-db-V3-post-module-prolog-routing-NAT-test_nat.py.json -y
2024-01-07 00:36:12,139 T0000: [D1-V3] chmod 777 /tmp/config-db-V3-post-module-prolog-routing-NAT-test_nat.py.json
2024-01-07 00:36:13,669 T0000: [D1-V3] /sbin/ip link set dev eth0 up
2024-01-07 00:36:14,379 T0000: [D1-V3] /sbin/ip route list dev eth0
2024-01-07 00:36:22,960 T0000: [D1-V3] sudo vtysh -c 'show running-config' > /tmp/vtysh-runcfg-V3-post-module-prolog-routing-NAT-test_nat.py.txt
2024-01-07 00:36:23,866 T0000: [D1-V3] chmod 777 /tmp/vtysh-runcfg-V3-post-module-prolog-routing-NAT-test_nat.py.txt
2024-01-07 00:36:25,393 T0000: [D1-V3] /sbin/ip link set dev eth0 up
2024-01-07 00:36:26,103 T0000: [D1-V3] /sbin/ip route list dev eth0
2024-01-07 00:36:38,943 T0035: [D1-V3] sudo show interfaces status
2024-01-07 00:36:40,749 T0000: [D1-V3] sudo show interfaces status Ethernet124
2024-01-07 00:36:43,605 T0000: 
================== Framework Function Hook Finish: routing/NAT/test_nat.py::test_ft_nat_docker_restart ==================
2024-01-07 00:36:43,607 T0000: 
================== Function Hook: routing/NAT/test_nat.py nat_func_hooks ==================
2024-01-07 00:36:43,622 T0000: [D1-V3] sonic-clear counters
2024-01-07 00:36:45,333 T0000: [D1-V3] sonic-clear nat statistics
2024-01-07 00:36:46,644 T0000: 
================== Function Hook Finish: routing/NAT/test_nat.py nat_func_hooks ==================
2024-01-07 00:36:46,645 T0000: 
================== Test Execution: routing/NAT/test_nat.py::test_ft_nat_docker_restart ==================
2024-01-07 00:36:55,694 T0000: [D1-V3] systemctl stop nat
2024-01-07 00:37:10,688 T0000: [D1-V3] systemctl start nat
2024-01-07 00:37:22,017 T0000: [D1-V3] show nat translations
2024-01-07 00:37:23,419 T0000: [D1-V3] show nat translations
2024-01-07 00:37:24,767 T0000: 
================== Function Hook Finalize: routing/NAT/test_nat.py nat_func_hooks ==================
2024-01-07 00:37:24,786 T0000: 
================== Framework Function Hook Finalize: routing/NAT/test_nat.py::test_ft_nat_docker_restart ==================
2024-01-07 00:37:24,793 T0000: [D1-V3] config save /tmp/config-db-V3-pre-module-epilog-routing-NAT-test_nat.py.json -y
2024-01-07 00:37:26,503 T0000: [D1-V3] chmod 777 /tmp/config-db-V3-pre-module-epilog-routing-NAT-test_nat.py.json
2024-01-07 00:37:28,029 T0000: [D1-V3] /sbin/ip link set dev eth0 up
2024-01-07 00:37:28,737 T0000: [D1-V3] /sbin/ip route list dev eth0
2024-01-07 00:37:37,272 T0000: [D1-V3] sudo vtysh -c 'show running-config' > /tmp/vtysh-runcfg-V3-pre-module-epilog-routing-NAT-test_nat.py.txt
2024-01-07 00:37:38,177 T0000: [D1-V3] chmod 777 /tmp/vtysh-runcfg-V3-pre-module-epilog-routing-NAT-test_nat.py.txt
2024-01-07 00:37:39,709 T0000: [D1-V3] /sbin/ip link set dev eth0 up
2024-01-07 00:37:40,418 T0000: [D1-V3] /sbin/ip route list dev eth0
2024-01-07 00:37:49,008 T0000: [D1-V3] config nat remove interface Ethernet0
2024-01-07 00:37:50,314 T0000: [D1-V3] config nat remove interface Ethernet4
2024-01-07 00:37:51,618 T0000: [D1-V3] sudo config nat remove static all;sudo config nat remove bindings;sudo config nat remove pools;
2024-01-07 00:37:54,114 T0000: [D1-V3] config nat feature disable
2024-01-07 00:37:55,670 T0000: [D1-V3] no ip route 129.2.30.0/24 125.56.90.1
2024-01-07 00:37:57,510 T0000: [D1-V3] show ip interface
2024-01-07 00:38:00,291 T0000: [D1-V3] config interface ip remove Ethernet0 12.12.0.1/16
2024-01-07 00:38:01,825 T0000: 
================== Module Hook Finalize: routing/NAT/test_nat.py nat_module_config ==================
2024-01-07 00:38:01,832 T0000: [D1-V3] config save /tmp/config-db-V3-post-module-epilog-routing-NAT-test_nat.py.json -y
2024-01-07 00:38:03,546 T0000: [D1-V3] chmod 777 /tmp/config-db-V3-post-module-epilog-routing-NAT-test_nat.py.json
2024-01-07 00:38:05,070 T0000: [D1-V3] /sbin/ip link set dev eth0 up
2024-01-07 00:38:05,791 T0000: [D1-V3] /sbin/ip route list dev eth0
2024-01-07 00:38:14,319 T0000: [D1-V3] sudo vtysh -c 'show running-config' > /tmp/vtysh-runcfg-V3-post-module-epilog-routing-NAT-test_nat.py.txt
2024-01-07 00:38:15,227 T0000: [D1-V3] chmod 777 /tmp/vtysh-runcfg-V3-post-module-epilog-routing-NAT-test_nat.py.txt
2024-01-07 00:38:16,770 T0000: [D1-V3] /sbin/ip link set dev eth0 up
2024-01-07 00:38:17,479 T0000: [D1-V3] /sbin/ip route list dev eth0
2024-01-07 00:38:26,042 T0000: [D1-V3] sudo show interfaces status Ethernet124
2024-01-07 00:38:28,972 T0000: 
================== Framework Module Hook Finalize: routing/NAT/test_nat.py Pass: 1/1 ==================
2024-01-07 00:38:28,972 T0000: 
================== Devices used: routing/NAT/test_nat.py 1 ['V3'] ==================
2024-01-07 00:38:30,158 T0000: 
================== Framework Module Hook: batch/test_spytest_infra_1.py ==================
2024-01-07 00:38:30,167 T0052: [D1-V3] no router bgp
2024-01-07 00:38:31,971 T0052: [D1-V3] config feature state sflow enabled
2024-01-07 00:38:34,222 T0052: [D1-V3] config feature state nat enabled
2024-01-07 00:39:29,075 T0052: [D1-V3] /sbin/ip link set dev eth0 up
2024-01-07 00:39:29,740 T0052: [D1-V3] /sbin/ip route list dev eth0
2024-01-07 00:39:30,417 T0052: [D1-V3] sudo show interfaces status Ethernet124
2024-01-07 00:39:32,916 T0053: [D1-V3] sudo show interfaces status
2024-01-07 00:39:39,825 T0054: [D1-V3] sudo show interfaces status
2024-01-07 00:39:46,976 T0055: [D1-V3] sudo show interfaces status
2024-01-07 00:39:48,970 T0000: 
================== Framework Module Hook Finish: batch/test_spytest_infra_1.py ==================
2024-01-07 00:39:48,970 T0000: 
================== Framework Function Hook: batch/test_spytest_infra_1.py::test_spytest_infra_last ==================
2024-01-07 00:39:53,265 T0056: [D1-V3] sudo show interfaces status
2024-01-07 00:39:55,064 T0000: [D1-V3] sudo show interfaces status Ethernet124
2024-01-07 00:39:57,958 T0000: 
================== Framework Function Hook Finish: batch/test_spytest_infra_1.py::test_spytest_infra_last ==================
2024-01-07 00:39:57,960 T0000: 
================== Test Execution: batch/test_spytest_infra_1.py::test_spytest_infra_last ==================
2024-01-07 00:39:57,980 T0000: 
================== Framework Function Hook Finalize: batch/test_spytest_infra_1.py::test_spytest_infra_last ==================
2024-01-07 00:39:57,993 T0000: [D1-V3] sudo show interfaces status Ethernet124
2024-01-07 00:40:00,560 T0000: 
================== Framework Module Hook Finalize: batch/test_spytest_infra_1.py Pass: 1/1 ==================
2024-01-07 00:40:00,560 T0000: 
================== Devices used: batch/test_spytest_infra_1.py 1 ['V3'] ==================
2024-01-07 00:40:00,973 T0000: 
================== Framework Module Hook: routing/test_ndp.py ==================
2024-01-07 00:40:00,985 T0057: [D1-V3] no router bgp
2024-01-07 00:40:02,792 T0057: [D1-V3] config feature state sflow enabled
2024-01-07 00:40:04,992 T0057: [D1-V3] config feature state nat enabled
2024-01-07 00:42:13,111 T0057: [D1-V3] /sbin/ip link set dev eth0 up
2024-01-07 00:42:13,780 T0057: [D1-V3] /sbin/ip route list dev eth0
2024-01-07 00:42:14,460 T0057: [D1-V3] sudo show interfaces status Ethernet124
2024-01-07 00:42:16,921 T0058: [D1-V3] sudo show interfaces status
2024-01-07 00:42:23,825 T0059: [D1-V3] sudo show interfaces status
2024-01-07 00:42:30,931 T0060: [D1-V3] sudo show interfaces status
2024-01-07 00:42:32,848 T0000: [D1-V3] config save /tmp/config-db-V3-pre-module-prolog-routing-test_ndp.py.json -y
2024-01-07 00:42:34,562 T0000: [D1-V3] chmod 777 /tmp/config-db-V3-pre-module-prolog-routing-test_ndp.py.json
2024-01-07 00:42:36,088 T0000: [D1-V3] /sbin/ip link set dev eth0 up
2024-01-07 00:42:36,798 T0000: [D1-V3] /sbin/ip route list dev eth0
2024-01-07 00:42:45,340 T0000: [D1-V3] sudo vtysh -c 'show running-config' > /tmp/vtysh-runcfg-V3-pre-module-prolog-routing-test_ndp.py.txt
2024-01-07 00:42:46,243 T0000: [D1-V3] chmod 777 /tmp/vtysh-runcfg-V3-pre-module-prolog-routing-test_ndp.py.txt
2024-01-07 00:42:47,783 T0000: [D1-V3] /sbin/ip link set dev eth0 up
2024-01-07 00:42:48,494 T0000: [D1-V3] /sbin/ip route list dev eth0
2024-01-07 00:42:57,076 T0000: 
================== Framework Module Hook Finish: routing/test_ndp.py ==================
2024-01-07 00:42:57,077 T0000: 
================== Module Hook: routing/test_ndp.py ndp_module_hooks ==================
2024-01-07 00:42:57,093 T0000: [D1-V3] config interface ip add Ethernet0 2001::1/64
2024-01-07 00:42:58,401 T0000: [D1-V3] ['config vlan add 64']
2024-01-07 00:42:59,716 T0000: [D1-V3] config vlan member add 64 Ethernet4
2024-01-07 00:43:01,041 T0000: [D1-V3] config interface ip add Vlan64 3001::1/64
2024-01-07 00:44:07,682 T0000: 
================== Module Hook Finish: routing/test_ndp.py ndp_module_hooks ==================
2024-01-07 00:44:07,685 T0000: 
================== Framework Function Hook: routing/test_ndp.py::test_ft_ipv6_neighbor_entry ==================
2024-01-07 00:44:07,697 T0000: [D1-V3] config save /tmp/config-db-V3-post-module-prolog-routing-test_ndp.py.json -y
2024-01-07 00:44:09,462 T0000: [D1-V3] chmod 777 /tmp/config-db-V3-post-module-prolog-routing-test_ndp.py.json
2024-01-07 00:44:10,993 T0000: [D1-V3] /sbin/ip link set dev eth0 up
2024-01-07 00:44:11,702 T0000: [D1-V3] /sbin/ip route list dev eth0
2024-01-07 00:44:20,342 T0000: [D1-V3] sudo vtysh -c 'show running-config' > /tmp/vtysh-runcfg-V3-post-module-prolog-routing-test_ndp.py.txt
2024-01-07 00:44:21,250 T0000: [D1-V3] chmod 777 /tmp/vtysh-runcfg-V3-post-module-prolog-routing-test_ndp.py.txt
2024-01-07 00:44:22,782 T0000: [D1-V3] /sbin/ip link set dev eth0 up
2024-01-07 00:44:23,489 T0000: [D1-V3] /sbin/ip route list dev eth0
2024-01-07 00:44:36,318 T0077: [D1-V3] sudo show interfaces status
2024-01-07 00:44:38,185 T0000: [D1-V3] sudo show interfaces status Ethernet124
2024-01-07 00:44:41,149 T0000: 
================== Framework Function Hook Finish: routing/test_ndp.py::test_ft_ipv6_neighbor_entry ==================
2024-01-07 00:44:41,151 T0000: 
================== Function Hook: routing/test_ndp.py ndp_func_hooks ==================
2024-01-07 00:44:41,155 T0000: 
================== Function Hook Finish: routing/test_ndp.py ndp_func_hooks ==================
2024-01-07 00:44:41,157 T0000: 
================== Test Execution: routing/test_ndp.py::test_ft_ipv6_neighbor_entry ==================
2024-01-07 00:44:41,158 T0000: [D1-V3] show ndp
2024-01-07 00:44:42,855 T0000: [D1-V3] show ndp | grep 'Total number of entries'
2024-01-07 00:44:44,539 T0000: [D1-V3] sonic-clear ndp
2024-01-07 00:44:48,816 T0000: [D1-V3] show ndp | grep 'Total number of entries'
2024-01-07 00:44:50,486 T0000: [D1-V3] ip -6 neighbor replace 2001::500 lladdr 00:0c:01:01:23:01 dev Ethernet0
2024-01-07 00:44:51,192 T0000: [D1-V3] show ndp | grep 'Total number of entries'
2024-01-07 00:44:52,816 T0000: [D1-V3] ip -6 neighbor del 2001::500 lladdr 00:0c:01:01:23:01 dev Ethernet0
2024-01-07 00:44:53,519 T0000: 
================== Function Hook Finalize: routing/test_ndp.py ndp_func_hooks ==================
2024-01-07 00:44:53,537 T0000: 
================== Framework Function Hook Finalize: routing/test_ndp.py::test_ft_ipv6_neighbor_entry ==================
2024-01-07 00:44:53,545 T0000: [D1-V3] config save /tmp/config-db-V3-pre-module-epilog-routing-test_ndp.py.json -y
2024-01-07 00:44:55,256 T0000: [D1-V3] chmod 777 /tmp/config-db-V3-pre-module-epilog-routing-test_ndp.py.json
2024-01-07 00:44:56,788 T0000: [D1-V3] /sbin/ip link set dev eth0 up
2024-01-07 00:44:57,497 T0000: [D1-V3] /sbin/ip route list dev eth0
2024-01-07 00:45:06,033 T0000: [D1-V3] sudo vtysh -c 'show running-config' > /tmp/vtysh-runcfg-V3-pre-module-epilog-routing-test_ndp.py.txt
2024-01-07 00:45:06,938 T0000: [D1-V3] chmod 777 /tmp/vtysh-runcfg-V3-pre-module-epilog-routing-test_ndp.py.txt
2024-01-07 00:45:08,464 T0000: [D1-V3] /sbin/ip link set dev eth0 up
2024-01-07 00:45:09,174 T0000: [D1-V3] /sbin/ip route list dev eth0
2024-01-07 00:45:17,768 T0000: [D1-V3] show ipv6 interface
2024-01-07 00:45:19,676 T0000: [D1-V3] config interface ip remove Ethernet0 2001::1/64
2024-01-07 00:45:21,399 T0000: [D1-V3] config interface ip remove Vlan64 3001::1/64
2024-01-07 00:45:23,067 T0000: [D1-V3] show vlan config
2024-01-07 00:45:24,390 T0000: [D1-V3] []
2024-01-07 00:45:24,390 T0000: 
================== Module Hook Finalize: routing/test_ndp.py ndp_module_hooks ==================
2024-01-07 00:45:24,398 T0000: [D1-V3] config save /tmp/config-db-V3-post-module-epilog-routing-test_ndp.py.json -y
2024-01-07 00:45:26,110 T0000: [D1-V3] chmod 777 /tmp/config-db-V3-post-module-epilog-routing-test_ndp.py.json
2024-01-07 00:45:27,639 T0000: [D1-V3] /sbin/ip link set dev eth0 up
2024-01-07 00:45:28,349 T0000: [D1-V3] /sbin/ip route list dev eth0
2024-01-07 00:45:36,884 T0000: [D1-V3] sudo vtysh -c 'show running-config' > /tmp/vtysh-runcfg-V3-post-module-epilog-routing-test_ndp.py.txt
2024-01-07 00:45:37,737 T0000: [D1-V3] chmod 777 /tmp/vtysh-runcfg-V3-post-module-epilog-routing-test_ndp.py.txt
2024-01-07 00:45:39,264 T0000: [D1-V3] /sbin/ip link set dev eth0 up
2024-01-07 00:45:39,973 T0000: [D1-V3] /sbin/ip route list dev eth0
2024-01-07 00:45:48,530 T0000: [D1-V3] sudo show interfaces status Ethernet124
2024-01-07 00:45:51,112 T0000: 
================== Framework Module Hook Finalize: routing/test_ndp.py Pass: 1/1 ==================
2024-01-07 00:45:51,112 T0000: 
================== Devices used: routing/test_ndp.py 1 ['V3'] ==================
2024-01-07 00:45:51,611 T0000: 
================== Framework Module Hook: batch/test_spytest_infra_1.py ==================
2024-01-07 00:45:51,626 T0094: [D1-V3] no router bgp
2024-01-07 00:45:53,432 T0094: [D1-V3] config feature state sflow enabled
2024-01-07 00:45:55,630 T0094: [D1-V3] config feature state nat enabled
2024-01-07 00:46:49,239 T0094: [D1-V3] /sbin/ip link set dev eth0 up
2024-01-07 00:46:49,905 T0094: [D1-V3] /sbin/ip route list dev eth0
2024-01-07 00:46:50,585 T0094: [D1-V3] sudo show interfaces status Ethernet124
2024-01-07 00:46:53,091 T0095: [D1-V3] sudo show interfaces status
2024-01-07 00:47:00,034 T0096: [D1-V3] sudo show interfaces status
2024-01-07 00:47:07,075 T0097: [D1-V3] sudo show interfaces status
2024-01-07 00:47:14,268 T0098: [D1-V3] sudo show interfaces status
2024-01-07 00:47:16,051 T0000: 
================== Framework Module Hook Finish: batch/test_spytest_infra_1.py ==================
2024-01-07 00:47:16,052 T0000: 
================== Framework Function Hook: batch/test_spytest_infra_1.py::test_spytest_infra_last ==================
2024-01-07 00:47:20,345 T0099: [D1-V3] sudo show interfaces status
2024-01-07 00:47:22,145 T0000: [D1-V3] sudo show interfaces status Ethernet124
2024-01-07 00:47:25,042 T0000: 
================== Framework Function Hook Finish: batch/test_spytest_infra_1.py::test_spytest_infra_last ==================
2024-01-07 00:47:25,044 T0000: 
================== Test Execution: batch/test_spytest_infra_1.py::test_spytest_infra_last ==================
2024-01-07 00:47:25,063 T0000: 
================== Framework Function Hook Finalize: batch/test_spytest_infra_1.py::test_spytest_infra_last ==================
2024-01-07 00:47:25,077 T0000: [D1-V3] sudo show interfaces status Ethernet124
2024-01-07 00:47:27,650 T0000: 
================== Framework Module Hook Finalize: batch/test_spytest_infra_1.py Pass: 1/1 ==================
2024-01-07 00:47:27,651 T0000: 
================== Devices used: batch/test_spytest_infra_1.py 1 ['V3'] ==================
2024-01-07 00:47:27,741 T0000: [D1-V3] ['stty cols 80']
