2024-01-07 00:34:12,809 T0000: WARN  #### gw4  
2024-01-07 00:34:12,809 T0000: WARN  support post-session-prolog session pass ''
2024-01-07 00:35:03,174 T0000: INFO  #### gw4  
2024-01-07 00:35:03,174 T0000: INFO  support pre-module-prolog routing/NAT/test_nat.py  ''
2024-01-07 00:36:10,111 T0000: INFO  #### gw4  routing/NAT/test_nat.py
2024-01-07 00:36:10,111 T0000: INFO  support post-module-prolog routing/NAT/test_nat.py Pass ''
2024-01-07 00:36:43,593 T0000: INFO  #### gw4  routing/NAT/test_nat.py
2024-01-07 00:36:43,593 T0000: INFO  support pre-function-prolog test_ft_nat_docker_restart  ''
2024-01-07 00:36:46,641 T0000: INFO  #### gw4  routing/NAT/test_nat.py::test_ft_nat_docker_restart
2024-01-07 00:36:46,641 T0000: INFO  support post-function-prolog test_ft_nat_docker_restart Pass ''
2024-01-07 00:37:24,763 T0000: INFO  #### gw4  routing/NAT/test_nat.py::test_ft_nat_docker_restart
2024-01-07 00:37:24,763 T0000: INFO  support pre-function-epilog test_ft_nat_docker_restart Pass 'Test case passed'
2024-01-07 00:37:24,768 T0000: INFO  #### gw4  routing/NAT/test_nat.py::test_ft_nat_docker_restart
2024-01-07 00:37:24,768 T0000: INFO  support post-function-epilog test_ft_nat_docker_restart Pass 'Test case passed'
2024-01-07 00:37:24,786 T0000: WARN  #### gw4  routing/NAT/test_nat.py::test_ft_nat_docker_restart
2024-01-07 00:37:24,786 T0000: WARN  support pre-module-epilog routing/NAT/test_nat.py pass ''
2024-01-07 00:37:54,114 T0000: WARN  #### gw4 IGNORED ERROR routing/NAT/test_nat.py::test_ft_nat_docker_restart
2024-01-07 00:37:54,114 T0000: WARN  Skipped error checking but detected pattern: containing_python_traceback command: sudo config nat remove static all;sudo config nat remove bindings;sudo config nat remove pools;
2024-01-07 00:38:01,817 T0000: ERROR #### gw4 ERROR routing/NAT/test_nat.py::test_ft_nat_docker_restart
2024-01-07 00:38:01,817 T0000: ERROR detected pattern: containing_error executing 'sudo -s config interface ip remove Ethernet0 12.12.0.1/16'
2024-01-07 00:38:01,825 T0000: WARN  #### gw4  routing/NAT/test_nat.py::test_ft_nat_docker_restart
2024-01-07 00:38:01,825 T0000: WARN  support post-module-epilog routing/NAT/test_nat.py pass ''
2024-01-07 00:42:32,830 T0000: INFO  #### gw4  
2024-01-07 00:42:32,830 T0000: INFO  support pre-module-prolog routing/test_ndp.py  ''
2024-01-07 00:44:07,685 T0000: INFO  #### gw4  routing/test_ndp.py
2024-01-07 00:44:07,685 T0000: INFO  support post-module-prolog routing/test_ndp.py Pass ''
2024-01-07 00:44:41,139 T0000: INFO  #### gw4  routing/test_ndp.py
2024-01-07 00:44:41,139 T0000: INFO  support pre-function-prolog test_ft_ipv6_neighbor_entry  ''
2024-01-07 00:44:41,152 T0000: INFO  #### gw4  routing/test_ndp.py::test_ft_ipv6_neighbor_entry
2024-01-07 00:44:41,152 T0000: INFO  support post-function-prolog test_ft_ipv6_neighbor_entry Pass ''
2024-01-07 00:44:53,514 T0000: INFO  #### gw4  routing/test_ndp.py::test_ft_ipv6_neighbor_entry
2024-01-07 00:44:53,514 T0000: INFO  support pre-function-epilog test_ft_ipv6_neighbor_entry Pass 'Test case passed'
2024-01-07 00:44:53,519 T0000: INFO  #### gw4  routing/test_ndp.py::test_ft_ipv6_neighbor_entry
2024-01-07 00:44:53,519 T0000: INFO  support post-function-epilog test_ft_ipv6_neighbor_entry Pass 'Test case passed'
2024-01-07 00:44:53,537 T0000: WARN  #### gw4  routing/test_ndp.py::test_ft_ipv6_neighbor_entry
2024-01-07 00:44:53,537 T0000: WARN  support pre-module-epilog routing/test_ndp.py pass ''
2024-01-07 00:45:24,391 T0000: WARN  #### gw4  routing/test_ndp.py::test_ft_ipv6_neighbor_entry
2024-01-07 00:45:24,391 T0000: WARN  support post-module-epilog routing/test_ndp.py pass ''
2024-01-07 00:47:27,651 T0000: WARN  #### gw4  batch/test_spytest_infra_1.py::test_spytest_infra_last
2024-01-07 00:47:27,651 T0000: WARN  support session-epilog session pass ''
