2023-12-31 22:55:16.838536 = START
2023-12-31 22:55:17.947205 = device connections start
2023-12-31 22:55:51.546616 = device connections finish
2023-12-31 22:55:51.551490 = session init start
2023-12-31 22:57:38.367836 = report file generation start
2023-12-31 22:57:38.459947 = report file generation end
2023-12-31 22:58:01.713494 = session init end
2023-12-31 22:58:01.719435 = Framework Module Hook Start
2023-12-31 22:58:02.557192 = module test_spytest_infra_1.py init start
2023-12-31 22:58:06.581027 = module test_spytest_infra_1.py init end
2023-12-31 22:58:06.581756 = Framework Module Hook end
2023-12-31 22:58:06.582347 = Framework Function Hook Start
2023-12-31 22:58:09.650394 = function batch/test_spytest_infra_1.py::test_spytest_infra_first init start
2023-12-31 22:58:14.509275 = function batch/test_spytest_infra_1.py::test_spytest_infra_first init end
2023-12-31 22:58:14.510406 = Framework Function Hook end
2023-12-31 22:58:14.513597 = Module Config Time (2023-12-31 22:58:01.719632 - 2023-12-31 22:58:06.582454) Published
2023-12-31 22:58:14.516758 = function batch/test_spytest_infra_1.py::test_spytest_infra_first clean start
2023-12-31 22:58:14.533901 = Test Time (2023-12-31 22:58:09.650658 - 2023-12-31 22:58:14.533894) Published
2023-12-31 22:58:14.539597 = function batch/test_spytest_infra_1.py::test_spytest_infra_first clean end
2023-12-31 22:58:14.539869 = Framework Function Hook Finalize
2023-12-31 22:58:14.705282 = Framework Function Hook Start
2023-12-31 22:58:14.706452 = function batch/test_spytest_infra_1.py::test_spytest_infra_second init start
2023-12-31 22:58:19.568238 = function batch/test_spytest_infra_1.py::test_spytest_infra_second init end
2023-12-31 22:58:19.569299 = Framework Function Hook end
2023-12-31 22:58:19.572551 = function batch/test_spytest_infra_1.py::test_spytest_infra_second clean start
2023-12-31 22:58:19.592805 = Test Time (2023-12-31 22:58:14.706649 - 2023-12-31 22:58:19.592795) Published
2023-12-31 22:58:19.598455 = function batch/test_spytest_infra_1.py::test_spytest_infra_second clean end
2023-12-31 22:58:19.598934 = Framework Function Hook Finalize
2023-12-31 22:58:19.599129 = module test_spytest_infra_1.py clean start
2023-12-31 22:58:21.921059 = report file generation start
2023-12-31 22:58:22.012950 = report file generation end
2023-12-31 22:58:22.018227 = module test_spytest_infra_1.py clean end
2023-12-31 22:58:22.018681 = Framework Module Hook Finalize
2023-12-31 22:58:22.021238 = Framework Module Hook Start
2023-12-31 22:58:22.850821 = module test_bgp.py init start
2023-12-31 22:58:50.149635 = module test_bgp.py init end
2023-12-31 22:58:50.150178 = Framework Module Hook end
2023-12-31 22:58:50.150634 = User Module routing/BGP/test_bgp.py Hook Start
2023-12-31 23:01:17.132802 = User Module routing/BGP/test_bgp.py Hook end
2023-12-31 23:01:17.133074 = User Class routing/BGP/test_bgp.py Hook Start
2023-12-31 23:02:10.687824 = User Class routing/BGP/test_bgp.py Hook end
2023-12-31 23:02:10.688428 = Framework Function Hook Start
2023-12-31 23:02:37.935743 = function routing/BGP/test_bgp.py::TestBGPRif::test_ft_bgp_v6_link_local_bgp init start
2023-12-31 23:02:42.792503 = function routing/BGP/test_bgp.py::TestBGPRif::test_ft_bgp_v6_link_local_bgp init end
2023-12-31 23:02:42.793098 = Framework Function Hook end
2023-12-31 23:02:42.795351 = Module Config Time (2023-12-31 22:58:22.021304 - 2023-12-31 23:02:10.688526) Published
2023-12-31 23:07:20.975172 = function routing/BGP/test_bgp.py::TestBGPRif::test_ft_bgp_v6_link_local_bgp clean start
2023-12-31 23:07:21.012687 = Test Time (2023-12-31 23:02:37.936013 - 2023-12-31 23:07:21.012677) Published
2023-12-31 23:07:21.017916 = function routing/BGP/test_bgp.py::TestBGPRif::test_ft_bgp_v6_link_local_bgp clean end
2023-12-31 23:07:21.018238 = Framework Function Hook Finalize
2023-12-31 23:07:21.019405 = Framework Function Hook Start
2023-12-31 23:07:21.019807 = function routing/BGP/test_bgp.py::TestBGPRif::test_ft_bgp_clear init start
2023-12-31 23:07:27.094622 = function routing/BGP/test_bgp.py::TestBGPRif::test_ft_bgp_clear init end
2023-12-31 23:07:27.095139 = Framework Function Hook end
2023-12-31 23:07:34.626895 = function routing/BGP/test_bgp.py::TestBGPRif::test_ft_bgp_clear clean start
2023-12-31 23:07:34.655855 = Test Time (2023-12-31 23:07:21.019870 - 2023-12-31 23:07:34.655846) Published
2023-12-31 23:07:34.660912 = function routing/BGP/test_bgp.py::TestBGPRif::test_ft_bgp_clear clean end
2023-12-31 23:07:34.661234 = Framework Function Hook Finalize
2023-12-31 23:07:34.662232 = Framework Function Hook Start
2023-12-31 23:07:34.662610 = function routing/BGP/test_bgp.py::TestBGPRif::test_ft_bgp_peer_traffic_check init start
2023-12-31 23:07:40.197587 = function routing/BGP/test_bgp.py::TestBGPRif::test_ft_bgp_peer_traffic_check init end
2023-12-31 23:07:40.198067 = Framework Function Hook end
2023-12-31 23:07:40.198472 = User Function routing/BGP/test_bgp.py::TestBGPRif::test_ft_bgp_peer_traffic_check Hook Start
2023-12-31 23:07:40.211588 = User Function routing/BGP/test_bgp.py::TestBGPRif::test_ft_bgp_peer_traffic_check Hook end
2023-12-31 23:11:05.008017 = User Function routing/BGP/test_bgp.py::TestBGPRif::test_ft_bgp_peer_traffic_check Hook Finalize
2023-12-31 23:11:05.008218 = function routing/BGP/test_bgp.py::TestBGPRif::test_ft_bgp_peer_traffic_check clean start
2023-12-31 23:11:05.035720 = Test Time (2023-12-31 23:07:34.662671 - 2023-12-31 23:11:05.035711) Published
2023-12-31 23:11:05.040825 = function routing/BGP/test_bgp.py::TestBGPRif::test_ft_bgp_peer_traffic_check clean end
2023-12-31 23:11:05.041125 = Framework Function Hook Finalize
2023-12-31 23:11:05.042125 = Framework Function Hook Start
2023-12-31 23:11:05.042516 = function routing/BGP/test_bgp.py::TestBGPRif::test_ft_bgp_graceful_restart_and_aware_routers init start
2023-12-31 23:11:11.118784 = function routing/BGP/test_bgp.py::TestBGPRif::test_ft_bgp_graceful_restart_and_aware_routers init end
2023-12-31 23:11:11.119312 = Framework Function Hook end
2023-12-31 23:11:17.404171 = function routing/BGP/test_bgp.py::TestBGPRif::test_ft_bgp_graceful_restart_and_aware_routers clean start
2023-12-31 23:11:17.434981 = Test Time (2023-12-31 23:11:05.042579 - 2023-12-31 23:11:17.434971) Published
2023-12-31 23:11:17.440211 = function routing/BGP/test_bgp.py::TestBGPRif::test_ft_bgp_graceful_restart_and_aware_routers clean end
2023-12-31 23:11:17.440560 = Framework Function Hook Finalize
2023-12-31 23:11:17.441519 = Framework Function Hook Start
2023-12-31 23:11:17.441934 = function routing/BGP/test_bgp.py::TestBGPRif::test_ft_bgp_ipv4_no_route_aggregation_for_exact_prefix_match init start
2023-12-31 23:11:23.604960 = function routing/BGP/test_bgp.py::TestBGPRif::test_ft_bgp_ipv4_no_route_aggregation_for_exact_prefix_match init end
2023-12-31 23:11:23.605375 = Framework Function Hook end
2023-12-31 23:13:00.204290 = function routing/BGP/test_bgp.py::TestBGPRif::test_ft_bgp_ipv4_no_route_aggregation_for_exact_prefix_match clean start
2023-12-31 23:13:00.234519 = Test Time (2023-12-31 23:11:17.441998 - 2023-12-31 23:13:00.234510) Published
2023-12-31 23:13:00.239584 = function routing/BGP/test_bgp.py::TestBGPRif::test_ft_bgp_ipv4_no_route_aggregation_for_exact_prefix_match clean end
2023-12-31 23:13:00.239892 = Framework Function Hook Finalize
2023-12-31 23:13:00.240763 = Framework Function Hook Start
2023-12-31 23:13:00.241122 = function routing/BGP/test_bgp.py::TestBGPRif::test_ft_bgp_ipv4_route_aggregation_atomic_aggregate_without_as_set init start
2023-12-31 23:13:06.528644 = function routing/BGP/test_bgp.py::TestBGPRif::test_ft_bgp_ipv4_route_aggregation_atomic_aggregate_without_as_set init end
2023-12-31 23:13:06.529090 = Framework Function Hook end
2023-12-31 23:14:46.261701 = function routing/BGP/test_bgp.py::TestBGPRif::test_ft_bgp_ipv4_route_aggregation_atomic_aggregate_without_as_set clean start
2023-12-31 23:14:46.289789 = Test Time (2023-12-31 23:13:00.241183 - 2023-12-31 23:14:46.289778) Published
2023-12-31 23:14:46.294956 = function routing/BGP/test_bgp.py::TestBGPRif::test_ft_bgp_ipv4_route_aggregation_atomic_aggregate_without_as_set clean end
2023-12-31 23:14:46.295268 = Framework Function Hook Finalize
2023-12-31 23:14:46.296211 = Framework Function Hook Start
2023-12-31 23:14:46.296582 = function routing/BGP/test_bgp.py::TestBGPRif::test_bgp_route_aggregation_4byteASN init start
2023-12-31 23:14:52.567784 = function routing/BGP/test_bgp.py::TestBGPRif::test_bgp_route_aggregation_4byteASN init end
2023-12-31 23:14:52.568162 = Framework Function Hook end
2023-12-31 23:16:06.907592 = function routing/BGP/test_bgp.py::TestBGPRif::test_bgp_route_aggregation_4byteASN clean start
2023-12-31 23:16:06.935371 = Test Time (2023-12-31 23:14:46.296643 - 2023-12-31 23:16:06.935361) Published
2023-12-31 23:16:06.940423 = function routing/BGP/test_bgp.py::TestBGPRif::test_bgp_route_aggregation_4byteASN clean end
2023-12-31 23:16:06.940728 = Framework Function Hook Finalize
2023-12-31 23:16:06.941691 = Framework Function Hook Start
2023-12-31 23:16:06.942079 = function routing/BGP/test_bgp.py::TestBGPRif::test_ft_bgp_ipv6_route_aggregation_with_as_set init start
2023-12-31 23:16:13.278547 = function routing/BGP/test_bgp.py::TestBGPRif::test_ft_bgp_ipv6_route_aggregation_with_as_set init end
2023-12-31 23:16:13.278999 = Framework Function Hook end
2023-12-31 23:17:08.862145 = function routing/BGP/test_bgp.py::TestBGPRif::test_ft_bgp_ipv6_route_aggregation_with_as_set clean start
2023-12-31 23:17:08.889198 = Test Time (2023-12-31 23:16:06.942142 - 2023-12-31 23:17:08.889190) Published
2023-12-31 23:17:08.894142 = function routing/BGP/test_bgp.py::TestBGPRif::test_ft_bgp_ipv6_route_aggregation_with_as_set clean end
2023-12-31 23:17:08.894479 = Framework Function Hook Finalize
2023-12-31 23:17:08.895386 = Framework Function Hook Start
2023-12-31 23:17:08.895748 = function routing/BGP/test_bgp.py::TestBGPRif::test_ft_bgp_v4_dyn_nbr init start
2023-12-31 23:17:15.425001 = function routing/BGP/test_bgp.py::TestBGPRif::test_ft_bgp_v4_dyn_nbr init end
2023-12-31 23:17:15.425348 = Framework Function Hook end
2023-12-31 23:17:41.855944 = function routing/BGP/test_bgp.py::TestBGPRif::test_ft_bgp_v4_dyn_nbr clean start
2023-12-31 23:17:41.883165 = Test Time (2023-12-31 23:17:08.895808 - 2023-12-31 23:17:41.883157) Published
2023-12-31 23:17:41.888144 = function routing/BGP/test_bgp.py::TestBGPRif::test_ft_bgp_v4_dyn_nbr clean end
2023-12-31 23:17:41.888432 = Framework Function Hook Finalize
2023-12-31 23:17:41.889288 = Framework Function Hook Start
2023-12-31 23:17:41.889646 = function routing/BGP/test_bgp.py::TestBGPRif::test_ft_bgp_v6_dyn_nbr init start
2023-12-31 23:17:46.786073 = function routing/BGP/test_bgp.py::TestBGPRif::test_ft_bgp_v6_dyn_nbr init end
2023-12-31 23:17:46.786467 = Framework Function Hook end
2023-12-31 23:18:12.894819 = function routing/BGP/test_bgp.py::TestBGPRif::test_ft_bgp_v6_dyn_nbr clean start
2023-12-31 23:18:12.923975 = Test Time (2023-12-31 23:17:41.889707 - 2023-12-31 23:18:12.923965) Published
2023-12-31 23:18:12.929176 = function routing/BGP/test_bgp.py::TestBGPRif::test_ft_bgp_v6_dyn_nbr clean end
2023-12-31 23:18:12.929532 = Framework Function Hook Finalize
2023-12-31 23:18:12.930515 = Framework Function Hook Start
2023-12-31 23:18:12.930920 = function routing/BGP/test_bgp.py::TestBGPRif::test_ft_bgp_v4_max_dyn_nbr init start
2023-12-31 23:18:17.845471 = function routing/BGP/test_bgp.py::TestBGPRif::test_ft_bgp_v4_max_dyn_nbr init end
2023-12-31 23:18:17.845935 = Framework Function Hook end
2023-12-31 23:20:30.434763 = function routing/BGP/test_bgp.py::TestBGPRif::test_ft_bgp_v4_max_dyn_nbr clean start
2023-12-31 23:20:30.465649 = Test Time (2023-12-31 23:18:12.930980 - 2023-12-31 23:20:30.465640) Published
2023-12-31 23:20:30.470951 = function routing/BGP/test_bgp.py::TestBGPRif::test_ft_bgp_v4_max_dyn_nbr clean end
2023-12-31 23:20:30.471274 = Framework Function Hook Finalize
2023-12-31 23:20:30.472436 = Framework Function Hook Start
2023-12-31 23:20:30.472853 = function routing/BGP/test_bgp.py::TestBGPRif::test_ft_bgp_rmap init start
2023-12-31 23:20:35.412231 = function routing/BGP/test_bgp.py::TestBGPRif::test_ft_bgp_rmap init end
2023-12-31 23:20:35.412606 = Framework Function Hook end
2023-12-31 23:20:49.791572 = function routing/BGP/test_bgp.py::TestBGPRif::test_ft_bgp_rmap clean start
2023-12-31 23:20:49.820060 = Test Time (2023-12-31 23:20:30.472914 - 2023-12-31 23:20:49.820051) Published
2023-12-31 23:20:49.825191 = function routing/BGP/test_bgp.py::TestBGPRif::test_ft_bgp_rmap clean end
2023-12-31 23:20:49.825556 = Framework Function Hook Finalize
2023-12-31 23:21:02.177912 = User Class routing/BGP/test_bgp.py Hook Finalize
2023-12-31 23:21:02.185912 = User Class routing/BGP/test_bgp.py Hook Finalize
2023-12-31 23:21:02.194730 = User Class routing/BGP/test_bgp.py Hook Finalize
2023-12-31 23:21:02.205364 = User Class routing/BGP/test_bgp.py Hook Finalize
2023-12-31 23:21:02.213376 = User Class routing/BGP/test_bgp.py Hook Finalize
2023-12-31 23:21:02.221969 = User Class routing/BGP/test_bgp.py Hook Finalize
2023-12-31 23:21:02.230172 = User Class routing/BGP/test_bgp.py Hook Finalize
2023-12-31 23:21:02.238898 = User Class routing/BGP/test_bgp.py Hook Finalize
2023-12-31 23:21:02.246625 = User Class routing/BGP/test_bgp.py Hook Finalize
2023-12-31 23:21:02.255067 = User Class routing/BGP/test_bgp.py Hook Finalize
2023-12-31 23:21:02.264375 = User Class routing/BGP/test_bgp.py Hook Finalize
2023-12-31 23:21:02.272154 = User Class routing/BGP/test_bgp.py Hook Finalize
2023-12-31 23:21:02.273253 = User Class routing/BGP/test_bgp.py Hook Start
2023-12-31 23:21:53.603847 = User Class routing/BGP/test_bgp.py Hook end
2023-12-31 23:21:53.604067 = User Class routing/BGP/test_bgp.py Hook Start
2023-12-31 23:22:27.135028 = User Class routing/BGP/test_bgp.py Hook end
2023-12-31 23:22:27.135365 = Framework Function Hook Start
2023-12-31 23:22:27.135937 = function routing/BGP/test_bgp.py::TestBGPIPvxRouteAdvertisementFilter::test_redistribute_connected_ipv4 init start
2023-12-31 23:22:33.292567 = function routing/BGP/test_bgp.py::TestBGPIPvxRouteAdvertisementFilter::test_redistribute_connected_ipv4 init end
2023-12-31 23:22:33.293082 = Framework Function Hook end
2023-12-31 23:22:46.158167 = function routing/BGP/test_bgp.py::TestBGPIPvxRouteAdvertisementFilter::test_redistribute_connected_ipv4 clean start
2023-12-31 23:22:46.187782 = Test Time (2023-12-31 23:22:27.136037 - 2023-12-31 23:22:46.187775) Published
2023-12-31 23:22:46.192915 = function routing/BGP/test_bgp.py::TestBGPIPvxRouteAdvertisementFilter::test_redistribute_connected_ipv4 clean end
2023-12-31 23:22:46.193211 = Framework Function Hook Finalize
2023-12-31 23:22:46.194284 = Framework Function Hook Start
2023-12-31 23:22:46.194676 = function routing/BGP/test_bgp.py::TestBGPIPvxRouteAdvertisementFilter::test_redistribute_static_ipv4 init start
2023-12-31 23:22:52.514553 = function routing/BGP/test_bgp.py::TestBGPIPvxRouteAdvertisementFilter::test_redistribute_static_ipv4 init end
2023-12-31 23:22:52.514978 = Framework Function Hook end
2023-12-31 23:23:06.904466 = function routing/BGP/test_bgp.py::TestBGPIPvxRouteAdvertisementFilter::test_redistribute_static_ipv4 clean start
2023-12-31 23:23:06.931478 = Test Time (2023-12-31 23:22:46.194740 - 2023-12-31 23:23:06.931469) Published
2023-12-31 23:23:06.936540 = function routing/BGP/test_bgp.py::TestBGPIPvxRouteAdvertisementFilter::test_redistribute_static_ipv4 clean end
2023-12-31 23:23:06.936858 = Framework Function Hook Finalize
2023-12-31 23:23:06.937799 = Framework Function Hook Start
2023-12-31 23:23:06.938176 = function routing/BGP/test_bgp.py::TestBGPIPvxRouteAdvertisementFilter::test_distribute_list_in_ipv4 init start
2023-12-31 23:23:12.706681 = function routing/BGP/test_bgp.py::TestBGPIPvxRouteAdvertisementFilter::test_distribute_list_in_ipv4 init end
2023-12-31 23:23:12.707070 = Framework Function Hook end
2023-12-31 23:23:21.785344 = function routing/BGP/test_bgp.py::TestBGPIPvxRouteAdvertisementFilter::test_distribute_list_in_ipv4 clean start
2023-12-31 23:23:21.814918 = Test Time (2023-12-31 23:23:06.938238 - 2023-12-31 23:23:21.814904) Published
2023-12-31 23:23:21.820387 = function routing/BGP/test_bgp.py::TestBGPIPvxRouteAdvertisementFilter::test_distribute_list_in_ipv4 clean end
2023-12-31 23:23:21.820912 = Framework Function Hook Finalize
2023-12-31 23:23:21.822177 = Framework Function Hook Start
2023-12-31 23:23:21.822621 = function routing/BGP/test_bgp.py::TestBGPIPvxRouteAdvertisementFilter::test_filter_list_in_ipv4 init start
2023-12-31 23:23:27.860633 = function routing/BGP/test_bgp.py::TestBGPIPvxRouteAdvertisementFilter::test_filter_list_in_ipv4 init end
2023-12-31 23:23:27.861024 = Framework Function Hook end
2023-12-31 23:23:36.836954 = function routing/BGP/test_bgp.py::TestBGPIPvxRouteAdvertisementFilter::test_filter_list_in_ipv4 clean start
2023-12-31 23:23:36.872147 = Test Time (2023-12-31 23:23:21.822687 - 2023-12-31 23:23:36.872134) Published
2023-12-31 23:23:36.877817 = function routing/BGP/test_bgp.py::TestBGPIPvxRouteAdvertisementFilter::test_filter_list_in_ipv4 clean end
2023-12-31 23:23:36.878311 = Framework Function Hook Finalize
2023-12-31 23:23:36.879801 = Framework Function Hook Start
2023-12-31 23:23:36.880400 = function routing/BGP/test_bgp.py::TestBGPIPvxRouteAdvertisementFilter::test_prefix_list_out_ipv4 init start
2023-12-31 23:23:42.992634 = function routing/BGP/test_bgp.py::TestBGPIPvxRouteAdvertisementFilter::test_prefix_list_out_ipv4 init end
2023-12-31 23:23:42.993198 = Framework Function Hook end
2023-12-31 23:24:04.115609 = function routing/BGP/test_bgp.py::TestBGPIPvxRouteAdvertisementFilter::test_prefix_list_out_ipv4 clean start
2023-12-31 23:24:04.144585 = Test Time (2023-12-31 23:23:36.880487 - 2023-12-31 23:24:04.144575) Published
2023-12-31 23:24:04.149767 = function routing/BGP/test_bgp.py::TestBGPIPvxRouteAdvertisementFilter::test_prefix_list_out_ipv4 clean end
2023-12-31 23:24:04.150186 = Framework Function Hook Finalize
2023-12-31 23:24:04.151217 = Framework Function Hook Start
2023-12-31 23:24:04.151621 = function routing/BGP/test_bgp.py::TestBGPIPvxRouteAdvertisementFilter::test_default_originate_ipv4 init start
2023-12-31 23:24:10.288177 = function routing/BGP/test_bgp.py::TestBGPIPvxRouteAdvertisementFilter::test_default_originate_ipv4 init end
2023-12-31 23:24:10.288569 = Framework Function Hook end
2023-12-31 23:24:19.703896 = function routing/BGP/test_bgp.py::TestBGPIPvxRouteAdvertisementFilter::test_default_originate_ipv4 clean start
2023-12-31 23:24:19.731613 = Test Time (2023-12-31 23:24:04.151683 - 2023-12-31 23:24:19.731602) Published
2023-12-31 23:24:19.736764 = function routing/BGP/test_bgp.py::TestBGPIPvxRouteAdvertisementFilter::test_default_originate_ipv4 clean end
2023-12-31 23:24:19.737196 = Framework Function Hook Finalize
2023-12-31 23:24:19.738526 = Framework Function Hook Start
2023-12-31 23:24:19.738994 = function routing/BGP/test_bgp.py::TestBGPIPvxRouteAdvertisementFilter::test_route_map_in_ipv4 init start
2023-12-31 23:24:25.864873 = function routing/BGP/test_bgp.py::TestBGPIPvxRouteAdvertisementFilter::test_route_map_in_ipv4 init end
2023-12-31 23:24:25.865304 = Framework Function Hook end
2023-12-31 23:24:25.865640 = User Function routing/BGP/test_bgp.py::TestBGPIPvxRouteAdvertisementFilter::test_route_map_in_ipv4 Hook Start
2023-12-31 23:24:25.874223 = User Function routing/BGP/test_bgp.py::TestBGPIPvxRouteAdvertisementFilter::test_route_map_in_ipv4 Hook end
2023-12-31 23:24:31.151033 = User Function routing/BGP/test_bgp.py::TestBGPIPvxRouteAdvertisementFilter::test_route_map_in_ipv4 Hook Finalize
2023-12-31 23:24:31.151215 = function routing/BGP/test_bgp.py::TestBGPIPvxRouteAdvertisementFilter::test_route_map_in_ipv4 clean start
2023-12-31 23:24:31.190461 = Test Time (2023-12-31 23:24:19.739065 - 2023-12-31 23:24:31.190451) Published
2023-12-31 23:24:31.195521 = function routing/BGP/test_bgp.py::TestBGPIPvxRouteAdvertisementFilter::test_route_map_in_ipv4 clean end
2023-12-31 23:24:31.195899 = Framework Function Hook Finalize
2023-12-31 23:24:31.196868 = Framework Function Hook Start
2023-12-31 23:24:31.197293 = function routing/BGP/test_bgp.py::TestBGPIPvxRouteAdvertisementFilter::test_redistribute_connected_ipv6 init start
2023-12-31 23:24:37.274025 = function routing/BGP/test_bgp.py::TestBGPIPvxRouteAdvertisementFilter::test_redistribute_connected_ipv6 init end
2023-12-31 23:24:37.274482 = Framework Function Hook end
2023-12-31 23:24:50.036224 = function routing/BGP/test_bgp.py::TestBGPIPvxRouteAdvertisementFilter::test_redistribute_connected_ipv6 clean start
2023-12-31 23:24:50.062814 = Test Time (2023-12-31 23:24:31.197355 - 2023-12-31 23:24:50.062805) Published
2023-12-31 23:24:50.067824 = function routing/BGP/test_bgp.py::TestBGPIPvxRouteAdvertisementFilter::test_redistribute_connected_ipv6 clean end
2023-12-31 23:24:50.068149 = Framework Function Hook Finalize
2023-12-31 23:24:50.069081 = Framework Function Hook Start
2023-12-31 23:24:50.069455 = function routing/BGP/test_bgp.py::TestBGPIPvxRouteAdvertisementFilter::test_redistribute_static_ipv6 init start
2023-12-31 23:24:56.356134 = function routing/BGP/test_bgp.py::TestBGPIPvxRouteAdvertisementFilter::test_redistribute_static_ipv6 init end
2023-12-31 23:24:56.356495 = Framework Function Hook end
2023-12-31 23:25:10.915933 = function routing/BGP/test_bgp.py::TestBGPIPvxRouteAdvertisementFilter::test_redistribute_static_ipv6 clean start
2023-12-31 23:25:10.945271 = Test Time (2023-12-31 23:24:50.069516 - 2023-12-31 23:25:10.945261) Published
2023-12-31 23:25:10.950452 = function routing/BGP/test_bgp.py::TestBGPIPvxRouteAdvertisementFilter::test_redistribute_static_ipv6 clean end
2023-12-31 23:25:10.950845 = Framework Function Hook Finalize
2023-12-31 23:25:10.951866 = Framework Function Hook Start
2023-12-31 23:25:10.952274 = function routing/BGP/test_bgp.py::TestBGPIPvxRouteAdvertisementFilter::test_distribute_list_in_ipv6 init start
2023-12-31 23:25:16.703565 = function routing/BGP/test_bgp.py::TestBGPIPvxRouteAdvertisementFilter::test_distribute_list_in_ipv6 init end
2023-12-31 23:25:16.704079 = Framework Function Hook end
2023-12-31 23:25:25.680159 = function routing/BGP/test_bgp.py::TestBGPIPvxRouteAdvertisementFilter::test_distribute_list_in_ipv6 clean start
2023-12-31 23:25:25.707656 = Test Time (2023-12-31 23:25:10.952335 - 2023-12-31 23:25:25.707647) Published
2023-12-31 23:25:25.712664 = function routing/BGP/test_bgp.py::TestBGPIPvxRouteAdvertisementFilter::test_distribute_list_in_ipv6 clean end
2023-12-31 23:25:25.712972 = Framework Function Hook Finalize
2023-12-31 23:25:25.713918 = Framework Function Hook Start
2023-12-31 23:25:25.714290 = function routing/BGP/test_bgp.py::TestBGPIPvxRouteAdvertisementFilter::test_filter_list_in_ipv6 init start
2023-12-31 23:25:31.764567 = function routing/BGP/test_bgp.py::TestBGPIPvxRouteAdvertisementFilter::test_filter_list_in_ipv6 init end
2023-12-31 23:25:31.764985 = Framework Function Hook end
2023-12-31 23:25:40.685904 = function routing/BGP/test_bgp.py::TestBGPIPvxRouteAdvertisementFilter::test_filter_list_in_ipv6 clean start
2023-12-31 23:25:40.714778 = Test Time (2023-12-31 23:25:25.714362 - 2023-12-31 23:25:40.714768) Published
2023-12-31 23:25:40.719830 = function routing/BGP/test_bgp.py::TestBGPIPvxRouteAdvertisementFilter::test_filter_list_in_ipv6 clean end
2023-12-31 23:25:40.720192 = Framework Function Hook Finalize
2023-12-31 23:25:40.721144 = Framework Function Hook Start
2023-12-31 23:25:40.721524 = function routing/BGP/test_bgp.py::TestBGPIPvxRouteAdvertisementFilter::test_prefix_list_out_ipv6 init start
2023-12-31 23:25:46.729558 = function routing/BGP/test_bgp.py::TestBGPIPvxRouteAdvertisementFilter::test_prefix_list_out_ipv6 init end
2023-12-31 23:25:46.730059 = Framework Function Hook end
2023-12-31 23:25:56.160621 = function routing/BGP/test_bgp.py::TestBGPIPvxRouteAdvertisementFilter::test_prefix_list_out_ipv6 clean start
2023-12-31 23:25:56.191356 = Test Time (2023-12-31 23:25:40.721585 - 2023-12-31 23:25:56.191343) Published
2023-12-31 23:25:56.196981 = function routing/BGP/test_bgp.py::TestBGPIPvxRouteAdvertisementFilter::test_prefix_list_out_ipv6 clean end
2023-12-31 23:25:56.197421 = Framework Function Hook Finalize
2023-12-31 23:25:56.198876 = Framework Function Hook Start
2023-12-31 23:25:56.199409 = function routing/BGP/test_bgp.py::TestBGPIPvxRouteAdvertisementFilter::test_filter_list_out_ipv6 init start
2023-12-31 23:26:02.252872 = function routing/BGP/test_bgp.py::TestBGPIPvxRouteAdvertisementFilter::test_filter_list_out_ipv6 init end
2023-12-31 23:26:02.253456 = Framework Function Hook end
2023-12-31 23:26:11.698627 = function routing/BGP/test_bgp.py::TestBGPIPvxRouteAdvertisementFilter::test_filter_list_out_ipv6 clean start
2023-12-31 23:26:11.727590 = Test Time (2023-12-31 23:25:56.199502 - 2023-12-31 23:26:11.727582) Published
2023-12-31 23:26:11.732611 = function routing/BGP/test_bgp.py::TestBGPIPvxRouteAdvertisementFilter::test_filter_list_out_ipv6 clean end
2023-12-31 23:26:11.732931 = Framework Function Hook Finalize
2023-12-31 23:26:11.733898 = Framework Function Hook Start
2023-12-31 23:26:11.734316 = function routing/BGP/test_bgp.py::TestBGPIPvxRouteAdvertisementFilter::test_default_originate_ipv6 init start
2023-12-31 23:26:17.814701 = function routing/BGP/test_bgp.py::TestBGPIPvxRouteAdvertisementFilter::test_default_originate_ipv6 init end
2023-12-31 23:26:17.815112 = Framework Function Hook end
2023-12-31 23:26:27.227918 = function routing/BGP/test_bgp.py::TestBGPIPvxRouteAdvertisementFilter::test_default_originate_ipv6 clean start
2023-12-31 23:26:27.255321 = Test Time (2023-12-31 23:26:11.734378 - 2023-12-31 23:26:27.255311) Published
2023-12-31 23:26:27.260481 = function routing/BGP/test_bgp.py::TestBGPIPvxRouteAdvertisementFilter::test_default_originate_ipv6 clean end
2023-12-31 23:26:27.260895 = Framework Function Hook Finalize
2023-12-31 23:26:27.261915 = Framework Function Hook Start
2023-12-31 23:26:27.262335 = function routing/BGP/test_bgp.py::TestBGPIPvxRouteAdvertisementFilter::test_route_map_in_ipv6 init start
2023-12-31 23:26:33.406651 = function routing/BGP/test_bgp.py::TestBGPIPvxRouteAdvertisementFilter::test_route_map_in_ipv6 init end
2023-12-31 23:26:33.407092 = Framework Function Hook end
2023-12-31 23:26:33.407463 = User Function routing/BGP/test_bgp.py::TestBGPIPvxRouteAdvertisementFilter::test_route_map_in_ipv6 Hook Start
2023-12-31 23:26:37.527173 = User Function routing/BGP/test_bgp.py::TestBGPIPvxRouteAdvertisementFilter::test_route_map_in_ipv6 Hook end
2023-12-31 23:26:48.363682 = User Function routing/BGP/test_bgp.py::TestBGPIPvxRouteAdvertisementFilter::test_route_map_in_ipv6 Hook Finalize
2023-12-31 23:26:48.363867 = function routing/BGP/test_bgp.py::TestBGPIPvxRouteAdvertisementFilter::test_route_map_in_ipv6 clean start
2023-12-31 23:26:48.401848 = Test Time (2023-12-31 23:26:27.262398 - 2023-12-31 23:26:48.401838) Published
2023-12-31 23:26:48.406963 = function routing/BGP/test_bgp.py::TestBGPIPvxRouteAdvertisementFilter::test_route_map_in_ipv6 clean end
2023-12-31 23:26:48.407299 = Framework Function Hook Finalize
2023-12-31 23:26:48.408293 = Framework Function Hook Start
2023-12-31 23:26:48.408680 = function routing/BGP/test_bgp.py::TestBGPIPvxRouteAdvertisementFilter::test_bgp_route_map_with_community init start
2023-12-31 23:26:54.480668 = function routing/BGP/test_bgp.py::TestBGPIPvxRouteAdvertisementFilter::test_bgp_route_map_with_community init end
2023-12-31 23:26:54.481096 = Framework Function Hook end
2023-12-31 23:27:12.819938 = function routing/BGP/test_bgp.py::TestBGPIPvxRouteAdvertisementFilter::test_bgp_route_map_with_community clean start
2023-12-31 23:27:12.848709 = Test Time (2023-12-31 23:26:48.408742 - 2023-12-31 23:27:12.848699) Published
2023-12-31 23:27:12.853871 = function routing/BGP/test_bgp.py::TestBGPIPvxRouteAdvertisementFilter::test_bgp_route_map_with_community clean end
2023-12-31 23:27:12.854299 = Framework Function Hook Finalize
2023-12-31 23:27:12.855292 = Framework Function Hook Start
2023-12-31 23:27:12.855685 = function routing/BGP/test_bgp.py::TestBGPIPvxRouteAdvertisementFilter::test_bgp_ebgp4_nbr_update_source init start
2023-12-31 23:27:18.930949 = function routing/BGP/test_bgp.py::TestBGPIPvxRouteAdvertisementFilter::test_bgp_ebgp4_nbr_update_source init end
2023-12-31 23:27:18.931386 = Framework Function Hook end
2023-12-31 23:27:18.931687 = User Function routing/BGP/test_bgp.py::TestBGPIPvxRouteAdvertisementFilter::test_bgp_ebgp4_nbr_update_source Hook Start
2023-12-31 23:27:18.941173 = User Function routing/BGP/test_bgp.py::TestBGPIPvxRouteAdvertisementFilter::test_bgp_ebgp4_nbr_update_source Hook end
2023-12-31 23:27:45.896754 = User Function routing/BGP/test_bgp.py::TestBGPIPvxRouteAdvertisementFilter::test_bgp_ebgp4_nbr_update_source Hook Finalize
2023-12-31 23:27:45.896933 = function routing/BGP/test_bgp.py::TestBGPIPvxRouteAdvertisementFilter::test_bgp_ebgp4_nbr_update_source clean start
2023-12-31 23:27:45.924024 = Test Time (2023-12-31 23:27:12.855748 - 2023-12-31 23:27:45.924015) Published
2023-12-31 23:27:45.929045 = function routing/BGP/test_bgp.py::TestBGPIPvxRouteAdvertisementFilter::test_bgp_ebgp4_nbr_update_source clean end
2023-12-31 23:27:45.929358 = Framework Function Hook Finalize
2023-12-31 23:27:45.930317 = Framework Function Hook Start
2023-12-31 23:27:45.930691 = function routing/BGP/test_bgp.py::TestBGPIPvxRouteAdvertisementFilter::test_bgp_ebgp4_nbr_authentication init start
2023-12-31 23:27:52.041790 = function routing/BGP/test_bgp.py::TestBGPIPvxRouteAdvertisementFilter::test_bgp_ebgp4_nbr_authentication init end
2023-12-31 23:27:52.042221 = Framework Function Hook end
2023-12-31 23:29:42.295452 = function routing/BGP/test_bgp.py::TestBGPIPvxRouteAdvertisementFilter::test_bgp_ebgp4_nbr_authentication clean start
2023-12-31 23:29:42.323155 = Test Time (2023-12-31 23:27:45.930752 - 2023-12-31 23:29:42.323146) Published
2023-12-31 23:29:42.328502 = function routing/BGP/test_bgp.py::TestBGPIPvxRouteAdvertisementFilter::test_bgp_ebgp4_nbr_authentication clean end
2023-12-31 23:29:42.328840 = Framework Function Hook Finalize
2023-12-31 23:29:42.330459 = Framework Function Hook Start
2023-12-31 23:29:42.330927 = function routing/BGP/test_bgp.py::TestBGPIPvxRouteAdvertisementFilter::test_route_aggregate_ipv6 init start
2023-12-31 23:29:48.477515 = function routing/BGP/test_bgp.py::TestBGPIPvxRouteAdvertisementFilter::test_route_aggregate_ipv6 init end
2023-12-31 23:29:48.477992 = Framework Function Hook end
2023-12-31 23:30:07.902726 = function routing/BGP/test_bgp.py::TestBGPIPvxRouteAdvertisementFilter::test_route_aggregate_ipv6 clean start
2023-12-31 23:30:07.930647 = Test Time (2023-12-31 23:29:42.330989 - 2023-12-31 23:30:07.930636) Published
2023-12-31 23:30:07.935853 = function routing/BGP/test_bgp.py::TestBGPIPvxRouteAdvertisementFilter::test_route_aggregate_ipv6 clean end
2023-12-31 23:30:07.936191 = Framework Function Hook Finalize
2023-12-31 23:30:07.937339 = Framework Function Hook Start
2023-12-31 23:30:07.937783 = function routing/BGP/test_bgp.py::TestBGPIPvxRouteAdvertisementFilter::test_static_blackhole_rt_redistribute_with_routemap_ipv6 init start
2023-12-31 23:30:14.294842 = function routing/BGP/test_bgp.py::TestBGPIPvxRouteAdvertisementFilter::test_static_blackhole_rt_redistribute_with_routemap_ipv6 init end
2023-12-31 23:30:14.295317 = Framework Function Hook end
2023-12-31 23:30:26.517456 = function routing/BGP/test_bgp.py::TestBGPIPvxRouteAdvertisementFilter::test_static_blackhole_rt_redistribute_with_routemap_ipv6 clean start
2023-12-31 23:30:26.545694 = Test Time (2023-12-31 23:30:07.937866 - 2023-12-31 23:30:26.545685) Published
2023-12-31 23:30:26.550589 = function routing/BGP/test_bgp.py::TestBGPIPvxRouteAdvertisementFilter::test_static_blackhole_rt_redistribute_with_routemap_ipv6 clean end
2023-12-31 23:30:26.550872 = Framework Function Hook Finalize
2023-12-31 23:30:58.500629 = User Class routing/BGP/test_bgp.py Hook Finalize
2023-12-31 23:31:09.920998 = User Class routing/BGP/test_bgp.py Hook Finalize
2023-12-31 23:31:09.930067 = User Class routing/BGP/test_bgp.py Hook Finalize
2023-12-31 23:31:09.938763 = User Class routing/BGP/test_bgp.py Hook Finalize
2023-12-31 23:31:09.947467 = User Class routing/BGP/test_bgp.py Hook Finalize
2023-12-31 23:31:09.955632 = User Class routing/BGP/test_bgp.py Hook Finalize
2023-12-31 23:31:09.964557 = User Class routing/BGP/test_bgp.py Hook Finalize
2023-12-31 23:31:09.973846 = User Class routing/BGP/test_bgp.py Hook Finalize
2023-12-31 23:31:09.982690 = User Class routing/BGP/test_bgp.py Hook Finalize
2023-12-31 23:31:09.990969 = User Class routing/BGP/test_bgp.py Hook Finalize
2023-12-31 23:31:09.999438 = User Class routing/BGP/test_bgp.py Hook Finalize
2023-12-31 23:31:10.007880 = User Class routing/BGP/test_bgp.py Hook Finalize
2023-12-31 23:31:10.015659 = User Class routing/BGP/test_bgp.py Hook Finalize
2023-12-31 23:31:10.023814 = User Class routing/BGP/test_bgp.py Hook Finalize
2023-12-31 23:31:10.032588 = User Class routing/BGP/test_bgp.py Hook Finalize
2023-12-31 23:31:10.041156 = User Class routing/BGP/test_bgp.py Hook Finalize
2023-12-31 23:31:10.049625 = User Class routing/BGP/test_bgp.py Hook Finalize
2023-12-31 23:31:10.058646 = User Class routing/BGP/test_bgp.py Hook Finalize
2023-12-31 23:31:10.067781 = User Class routing/BGP/test_bgp.py Hook Finalize
2023-12-31 23:31:10.076542 = User Class routing/BGP/test_bgp.py Hook Finalize
2023-12-31 23:31:10.085537 = User Class routing/BGP/test_bgp.py Hook Finalize
2023-12-31 23:31:10.094818 = User Class routing/BGP/test_bgp.py Hook Finalize
2023-12-31 23:31:10.103135 = User Class routing/BGP/test_bgp.py Hook Finalize
2023-12-31 23:31:10.111460 = User Class routing/BGP/test_bgp.py Hook Finalize
2023-12-31 23:31:10.120245 = User Class routing/BGP/test_bgp.py Hook Finalize
2023-12-31 23:31:10.129776 = User Class routing/BGP/test_bgp.py Hook Finalize
2023-12-31 23:31:10.137384 = User Class routing/BGP/test_bgp.py Hook Finalize
2023-12-31 23:31:10.145816 = User Class routing/BGP/test_bgp.py Hook Finalize
2023-12-31 23:31:10.154540 = User Class routing/BGP/test_bgp.py Hook Finalize
2023-12-31 23:31:10.163979 = User Class routing/BGP/test_bgp.py Hook Finalize
2023-12-31 23:31:10.172734 = User Class routing/BGP/test_bgp.py Hook Finalize
2023-12-31 23:31:10.180547 = User Class routing/BGP/test_bgp.py Hook Finalize
2023-12-31 23:31:10.189905 = User Class routing/BGP/test_bgp.py Hook Finalize
2023-12-31 23:31:10.198356 = User Class routing/BGP/test_bgp.py Hook Finalize
2023-12-31 23:31:10.207247 = User Class routing/BGP/test_bgp.py Hook Finalize
2023-12-31 23:31:10.216983 = User Class routing/BGP/test_bgp.py Hook Finalize
2023-12-31 23:31:10.226325 = User Class routing/BGP/test_bgp.py Hook Finalize
2023-12-31 23:31:10.234298 = User Class routing/BGP/test_bgp.py Hook Finalize
2023-12-31 23:31:10.242949 = User Class routing/BGP/test_bgp.py Hook Finalize
2023-12-31 23:31:10.253743 = User Class routing/BGP/test_bgp.py Hook Finalize
2023-12-31 23:31:10.255082 = User Class routing/BGP/test_bgp.py Hook Start
2023-12-31 23:32:01.488032 = User Class routing/BGP/test_bgp.py Hook end
2023-12-31 23:32:01.488357 = Framework Function Hook Start
2023-12-31 23:32:01.488889 = function routing/BGP/test_bgp.py::TestBGPVeLag::test_ft_bgp_clear init start
2023-12-31 23:32:07.316147 = function routing/BGP/test_bgp.py::TestBGPVeLag::test_ft_bgp_clear init end
2023-12-31 23:32:07.316515 = Framework Function Hook end
2023-12-31 23:32:16.638952 = function routing/BGP/test_bgp.py::TestBGPVeLag::test_ft_bgp_clear clean start
2023-12-31 23:32:16.667455 = Test Time (2023-12-31 23:32:01.488987 - 2023-12-31 23:32:16.667445) Published
2023-12-31 23:32:16.672569 = function routing/BGP/test_bgp.py::TestBGPVeLag::test_ft_bgp_clear clean end
2023-12-31 23:32:16.673032 = Framework Function Hook Finalize
2023-12-31 23:32:16.674453 = Framework Function Hook Start
2023-12-31 23:32:16.675015 = function routing/BGP/test_bgp.py::TestBGPVeLag::test_ft_bgp_peer_traffic_check init start
2023-12-31 23:32:22.289268 = function routing/BGP/test_bgp.py::TestBGPVeLag::test_ft_bgp_peer_traffic_check init end
2023-12-31 23:32:22.289674 = Framework Function Hook end
2023-12-31 23:32:22.290014 = User Function routing/BGP/test_bgp.py::TestBGPVeLag::test_ft_bgp_peer_traffic_check Hook Start
2023-12-31 23:32:22.297938 = User Function routing/BGP/test_bgp.py::TestBGPVeLag::test_ft_bgp_peer_traffic_check Hook end
2023-12-31 23:35:47.097409 = User Function routing/BGP/test_bgp.py::TestBGPVeLag::test_ft_bgp_peer_traffic_check Hook Finalize
2023-12-31 23:35:47.097598 = function routing/BGP/test_bgp.py::TestBGPVeLag::test_ft_bgp_peer_traffic_check clean start
2023-12-31 23:35:47.127106 = Test Time (2023-12-31 23:32:16.675108 - 2023-12-31 23:35:47.127097) Published
2023-12-31 23:35:47.132225 = function routing/BGP/test_bgp.py::TestBGPVeLag::test_ft_bgp_peer_traffic_check clean end
2023-12-31 23:35:47.132527 = Framework Function Hook Finalize
2023-12-31 23:36:00.315016 = User Class routing/BGP/test_bgp.py Hook Finalize
2023-12-31 23:36:00.322759 = User Class routing/BGP/test_bgp.py Hook Finalize
2023-12-31 23:36:00.900611 = User Class routing/BGP/test_bgp.py Hook Start
2023-12-31 23:36:52.252811 = User Class routing/BGP/test_bgp.py Hook end
2023-12-31 23:36:52.253157 = Framework Function Hook Start
2023-12-31 23:36:52.253747 = function routing/BGP/test_bgp.py::TestBGPL3Lag::test_ft_bgp_l3lag_peer_traffic_check init start
2023-12-31 23:36:58.110703 = function routing/BGP/test_bgp.py::TestBGPL3Lag::test_ft_bgp_l3lag_peer_traffic_check init end
2023-12-31 23:36:58.111180 = Framework Function Hook end
2023-12-31 23:40:19.463321 = function routing/BGP/test_bgp.py::TestBGPL3Lag::test_ft_bgp_l3lag_peer_traffic_check clean start
2023-12-31 23:40:19.491565 = Test Time (2023-12-31 23:36:52.253857 - 2023-12-31 23:40:19.491555) Published
2023-12-31 23:40:19.496942 = function routing/BGP/test_bgp.py::TestBGPL3Lag::test_ft_bgp_l3lag_peer_traffic_check clean end
2023-12-31 23:40:19.497338 = Framework Function Hook Finalize
2023-12-31 23:40:33.432659 = User Class routing/BGP/test_bgp.py Hook Finalize
2023-12-31 23:41:24.864799 = User Module routing/BGP/test_bgp.py Hook Finalize
2023-12-31 23:41:24.865269 = module test_bgp.py clean start
2023-12-31 23:41:50.545436 = report file generation start
2023-12-31 23:41:50.649991 = report file generation end
2023-12-31 23:41:50.655220 = module test_bgp.py clean end
2023-12-31 23:41:50.655735 = Framework Module Hook Finalize
2023-12-31 23:41:51.421304 = Framework Module Hook Start
2023-12-31 23:41:52.252762 = module test_spytest_infra_1.py init start
2023-12-31 23:42:54.718512 = module test_spytest_infra_1.py init end
2023-12-31 23:42:54.718944 = Framework Module Hook end
2023-12-31 23:42:54.719349 = Framework Function Hook Start
2023-12-31 23:42:57.784253 = function batch/test_spytest_infra_1.py::test_spytest_infra_last init start
2023-12-31 23:43:02.743376 = function batch/test_spytest_infra_1.py::test_spytest_infra_last init end
2023-12-31 23:43:02.744427 = Framework Function Hook end
2023-12-31 23:43:02.745889 = Module Config Time (2023-12-31 23:41:51.421412 - 2023-12-31 23:42:54.719459) Published
2023-12-31 23:43:02.748336 = function batch/test_spytest_infra_1.py::test_spytest_infra_last clean start
2023-12-31 23:43:02.765195 = Test Time (2023-12-31 23:42:57.784522 - 2023-12-31 23:43:02.765188) Published
2023-12-31 23:43:02.770328 = function batch/test_spytest_infra_1.py::test_spytest_infra_last clean end
2023-12-31 23:43:02.770628 = Framework Function Hook Finalize
2023-12-31 23:43:02.770781 = module test_spytest_infra_1.py clean start
2023-12-31 23:43:05.068417 = report file generation start
2023-12-31 23:43:05.165973 = report file generation end
2023-12-31 23:43:05.170953 = module test_spytest_infra_1.py clean end
2023-12-31 23:43:05.171342 = Framework Module Hook Finalize
2023-12-31 23:43:05.173321 = Framework Module Hook Start
2023-12-31 23:43:06.001154 = module test_ip.py init start
2023-12-31 23:43:59.553931 = module test_ip.py init end
2023-12-31 23:43:59.554486 = Framework Module Hook end
2023-12-31 23:43:59.554941 = User Module routing/test_ip.py Hook Start
2023-12-31 23:44:32.757003 = User Module routing/test_ip.py Hook end
2023-12-31 23:44:32.757350 = Framework Function Hook Start
2023-12-31 23:44:59.924264 = function routing/test_ip.py::test_l3_v4_route_po_1 init start
2023-12-31 23:45:04.817579 = function routing/test_ip.py::test_l3_v4_route_po_1 init end
2023-12-31 23:45:04.818087 = Framework Function Hook end
2023-12-31 23:45:04.818655 = User Function routing/test_ip.py::test_l3_v4_route_po_1 Hook Start
2023-12-31 23:45:04.826810 = User Function routing/test_ip.py::test_l3_v4_route_po_1 Hook end
2023-12-31 23:45:04.827821 = Module Config Time (2023-12-31 23:43:05.173378 - 2023-12-31 23:44:32.757441) Published
2023-12-31 23:47:28.661642 = User Function routing/test_ip.py::test_l3_v4_route_po_1 Hook Finalize
2023-12-31 23:47:28.661852 = function routing/test_ip.py::test_l3_v4_route_po_1 clean start
2023-12-31 23:47:28.699373 = Test Time (2023-12-31 23:44:59.924543 - 2023-12-31 23:47:28.699364) Published
2023-12-31 23:47:28.704534 = function routing/test_ip.py::test_l3_v4_route_po_1 clean end
2023-12-31 23:47:28.704845 = Framework Function Hook Finalize
2023-12-31 23:47:28.705791 = Framework Function Hook Start
2023-12-31 23:47:28.706174 = function routing/test_ip.py::test_ft_ping_v4_v6_vlan init start
2023-12-31 23:47:33.616329 = function routing/test_ip.py::test_ft_ping_v4_v6_vlan init end
2023-12-31 23:47:33.616685 = Framework Function Hook end
2023-12-31 23:47:33.616992 = User Function routing/test_ip.py::test_ft_ping_v4_v6_vlan Hook Start
2023-12-31 23:47:33.625436 = User Function routing/test_ip.py::test_ft_ping_v4_v6_vlan Hook end
2023-12-31 23:47:37.757038 = User Function routing/test_ip.py::test_ft_ping_v4_v6_vlan Hook Finalize
2023-12-31 23:47:37.757226 = function routing/test_ip.py::test_ft_ping_v4_v6_vlan clean start
2023-12-31 23:47:37.791222 = Test Time (2023-12-31 23:47:28.706235 - 2023-12-31 23:47:37.791213) Published
2023-12-31 23:47:37.796241 = function routing/test_ip.py::test_ft_ping_v4_v6_vlan clean end
2023-12-31 23:47:37.796524 = Framework Function Hook Finalize
2023-12-31 23:47:37.797369 = Framework Function Hook Start
2023-12-31 23:47:37.797725 = function routing/test_ip.py::test_ft_ping_v4_v6_after_ip_change_pc init start
2023-12-31 23:47:42.720970 = function routing/test_ip.py::test_ft_ping_v4_v6_after_ip_change_pc init end
2023-12-31 23:47:42.721449 = Framework Function Hook end
2023-12-31 23:47:42.721849 = User Function routing/test_ip.py::test_ft_ping_v4_v6_after_ip_change_pc Hook Start
2023-12-31 23:47:42.730669 = User Function routing/test_ip.py::test_ft_ping_v4_v6_after_ip_change_pc Hook end
2023-12-31 23:47:44.272912 = User Function routing/test_ip.py::test_ft_ping_v4_v6_after_ip_change_pc Hook Finalize
2023-12-31 23:47:44.273110 = function routing/test_ip.py::test_ft_ping_v4_v6_after_ip_change_pc clean start
2023-12-31 23:47:44.306725 = Test Time (2023-12-31 23:47:37.797794 - 2023-12-31 23:47:44.306717) Published
2023-12-31 23:47:44.311772 = function routing/test_ip.py::test_ft_ping_v4_v6_after_ip_change_pc clean end
2023-12-31 23:47:44.312069 = Framework Function Hook Finalize
2023-12-31 23:47:44.312916 = Framework Function Hook Start
2023-12-31 23:47:44.313273 = function routing/test_ip.py::test_ft_ip6_static_route_traffic_forward_blackhole init start
2023-12-31 23:47:49.242740 = function routing/test_ip.py::test_ft_ip6_static_route_traffic_forward_blackhole init end
2023-12-31 23:47:49.243198 = Framework Function Hook end
2023-12-31 23:47:49.243571 = User Function routing/test_ip.py::test_ft_ip6_static_route_traffic_forward_blackhole Hook Start
2023-12-31 23:47:49.251860 = User Function routing/test_ip.py::test_ft_ip6_static_route_traffic_forward_blackhole Hook end
2023-12-31 23:48:53.885476 = User Function routing/test_ip.py::test_ft_ip6_static_route_traffic_forward_blackhole Hook Finalize
2023-12-31 23:48:53.885678 = function routing/test_ip.py::test_ft_ip6_static_route_traffic_forward_blackhole clean start
2023-12-31 23:48:53.919713 = Test Time (2023-12-31 23:47:44.313333 - 2023-12-31 23:48:53.919705) Published
2023-12-31 23:48:53.924845 = function routing/test_ip.py::test_ft_ip6_static_route_traffic_forward_blackhole clean end
2023-12-31 23:48:53.925146 = Framework Function Hook Finalize
2023-12-31 23:48:53.926073 = Framework Function Hook Start
2023-12-31 23:48:53.926455 = function routing/test_ip.py::test_ft_ip_static_route_traffic_forward init start
2023-12-31 23:48:58.868890 = function routing/test_ip.py::test_ft_ip_static_route_traffic_forward init end
2023-12-31 23:48:58.869274 = Framework Function Hook end
2023-12-31 23:48:58.869594 = User Function routing/test_ip.py::test_ft_ip_static_route_traffic_forward Hook Start
2023-12-31 23:48:58.877579 = User Function routing/test_ip.py::test_ft_ip_static_route_traffic_forward Hook end
2023-12-31 23:49:49.976532 = User Function routing/test_ip.py::test_ft_ip_static_route_traffic_forward Hook Finalize
2023-12-31 23:49:49.976702 = function routing/test_ip.py::test_ft_ip_static_route_traffic_forward clean start
2023-12-31 23:49:50.003017 = Test Time (2023-12-31 23:48:53.926517 - 2023-12-31 23:49:50.003008) Published
2023-12-31 23:49:50.008067 = function routing/test_ip.py::test_ft_ip_static_route_traffic_forward clean end
2023-12-31 23:49:50.008370 = Framework Function Hook Finalize
2023-12-31 23:49:50.009241 = Framework Function Hook Start
2023-12-31 23:49:50.009607 = function routing/test_ip.py::test_ft_ip_v4_v6_L2_L3_translation init start
2023-12-31 23:49:54.990738 = function routing/test_ip.py::test_ft_ip_v4_v6_L2_L3_translation init end
2023-12-31 23:49:54.991176 = Framework Function Hook end
2023-12-31 23:49:54.991542 = User Function routing/test_ip.py::test_ft_ip_v4_v6_L2_L3_translation Hook Start
2023-12-31 23:49:55.000441 = User Function routing/test_ip.py::test_ft_ip_v4_v6_L2_L3_translation Hook end
2023-12-31 23:51:22.253751 = User Function routing/test_ip.py::test_ft_ip_v4_v6_L2_L3_translation Hook Finalize
2023-12-31 23:51:22.254025 = function routing/test_ip.py::test_ft_ip_v4_v6_L2_L3_translation clean start
2023-12-31 23:51:22.289265 = Test Time (2023-12-31 23:49:50.009668 - 2023-12-31 23:51:22.289253) Published
2023-12-31 23:51:22.295054 = function routing/test_ip.py::test_ft_ip_v4_v6_L2_L3_translation clean end
2023-12-31 23:51:22.295513 = Framework Function Hook Finalize
2023-12-31 23:51:22.297085 = Framework Function Hook Start
2023-12-31 23:51:22.297663 = function routing/test_ip.py::test_ft_verify_interfaces_order init start
2023-12-31 23:51:28.139757 = function routing/test_ip.py::test_ft_verify_interfaces_order init end
2023-12-31 23:51:28.140226 = Framework Function Hook end
2023-12-31 23:51:28.140631 = User Function routing/test_ip.py::test_ft_verify_interfaces_order Hook Start
2023-12-31 23:51:28.150798 = User Function routing/test_ip.py::test_ft_verify_interfaces_order Hook end
2023-12-31 23:51:28.151016 = User Function routing/test_ip.py::test_ft_verify_interfaces_order Hook Start
2023-12-31 23:51:28.160633 = User Function routing/test_ip.py::test_ft_verify_interfaces_order Hook end
2023-12-31 23:51:53.205274 = User Function routing/test_ip.py::test_ft_verify_interfaces_order Hook Finalize
2023-12-31 23:51:53.205581 = User Function routing/test_ip.py::test_ft_verify_interfaces_order Hook Finalize
2023-12-31 23:51:53.205697 = function routing/test_ip.py::test_ft_verify_interfaces_order clean start
2023-12-31 23:51:53.232336 = Test Time (2023-12-31 23:51:22.297747 - 2023-12-31 23:51:53.232328) Published
2023-12-31 23:51:53.237283 = function routing/test_ip.py::test_ft_verify_interfaces_order clean end
2023-12-31 23:51:53.237585 = Framework Function Hook Finalize
2023-12-31 23:52:40.507803 = User Module routing/test_ip.py Hook Finalize
2023-12-31 23:52:40.508294 = module test_ip.py clean start
2023-12-31 23:53:06.214012 = report file generation start
2023-12-31 23:53:06.317779 = report file generation end
2023-12-31 23:53:06.323050 = module test_ip.py clean end
2023-12-31 23:53:06.323562 = Framework Module Hook Finalize
2023-12-31 23:53:06.480700 = Framework Module Hook Start
2023-12-31 23:53:07.317023 = module test_spytest_infra_1.py init start
2023-12-31 23:54:09.823858 = module test_spytest_infra_1.py init end
2023-12-31 23:54:09.824632 = Framework Module Hook end
2023-12-31 23:54:09.825430 = Framework Function Hook Start
2023-12-31 23:54:12.891334 = function batch/test_spytest_infra_1.py::test_spytest_infra_last init start
2023-12-31 23:54:17.763433 = function batch/test_spytest_infra_1.py::test_spytest_infra_last init end
2023-12-31 23:54:17.764508 = Framework Function Hook end
2023-12-31 23:54:17.766004 = Module Config Time (2023-12-31 23:53:06.480871 - 2023-12-31 23:54:09.825661) Published
2023-12-31 23:54:17.768539 = function batch/test_spytest_infra_1.py::test_spytest_infra_last clean start
2023-12-31 23:54:17.785542 = Test Time (2023-12-31 23:54:12.891606 - 2023-12-31 23:54:17.785535) Published
2023-12-31 23:54:17.790618 = function batch/test_spytest_infra_1.py::test_spytest_infra_last clean end
2023-12-31 23:54:17.790915 = Framework Function Hook Finalize
2023-12-31 23:54:17.791068 = module test_spytest_infra_1.py clean start
2023-12-31 23:54:20.117015 = report file generation start
2023-12-31 23:54:20.214790 = report file generation end
2023-12-31 23:54:20.219744 = module test_spytest_infra_1.py clean end
2023-12-31 23:54:20.220121 = Framework Module Hook Finalize
2023-12-31 23:54:20.222543 = Framework Module Hook Start
2023-12-31 23:54:21.051941 = module test_sflow.py init start
2023-12-31 23:55:13.238645 = module test_sflow.py init end
2023-12-31 23:55:13.239208 = Framework Module Hook end
2023-12-31 23:55:13.239683 = User Module system/test_sflow.py Hook Start
2023-12-31 23:55:48.724008 = User Module system/test_sflow.py Hook end
2023-12-31 23:55:48.724828 = Framework Function Hook Start
2023-12-31 23:56:15.953665 = function system/test_sflow.py::test_ft_sflow_sampling_v6_sFlow_collector init start
2023-12-31 23:56:20.802489 = function system/test_sflow.py::test_ft_sflow_sampling_v6_sFlow_collector init end
2023-12-31 23:56:20.802999 = Framework Function Hook end
2023-12-31 23:56:20.803605 = User Function system/test_sflow.py::test_ft_sflow_sampling_v6_sFlow_collector Hook Start
2023-12-31 23:56:20.813198 = User Function system/test_sflow.py::test_ft_sflow_sampling_v6_sFlow_collector Hook end
2023-12-31 23:56:20.814796 = Module Config Time (2023-12-31 23:54:20.222603 - 2023-12-31 23:55:48.724963) Published
2023-12-31 23:58:37.918555 = User Function system/test_sflow.py::test_ft_sflow_sampling_v6_sFlow_collector Hook Finalize
2023-12-31 23:58:37.918736 = function system/test_sflow.py::test_ft_sflow_sampling_v6_sFlow_collector clean start
2023-12-31 23:58:37.957197 = Test Time (2023-12-31 23:56:15.953978 - 2023-12-31 23:58:37.957190) Published
2023-12-31 23:58:37.962270 = function system/test_sflow.py::test_ft_sflow_sampling_v6_sFlow_collector clean end
2023-12-31 23:58:37.962562 = Framework Function Hook Finalize
2023-12-31 23:58:37.963492 = Framework Function Hook Start
2023-12-31 23:58:37.963847 = function system/test_sflow.py::test_ft_sflow_max_sflow_collector_config init start
2023-12-31 23:58:42.814732 = function system/test_sflow.py::test_ft_sflow_max_sflow_collector_config init end
2023-12-31 23:58:42.815185 = Framework Function Hook end
2023-12-31 23:58:42.815567 = User Function system/test_sflow.py::test_ft_sflow_max_sflow_collector_config Hook Start
2023-12-31 23:58:42.823771 = User Function system/test_sflow.py::test_ft_sflow_max_sflow_collector_config Hook end
2023-12-31 23:59:08.988627 = User Function system/test_sflow.py::test_ft_sflow_max_sflow_collector_config Hook Finalize
2023-12-31 23:59:08.988775 = function system/test_sflow.py::test_ft_sflow_max_sflow_collector_config clean start
2023-12-31 23:59:09.017402 = Test Time (2023-12-31 23:58:37.963906 - 2023-12-31 23:59:09.017393) Published
2023-12-31 23:59:09.022440 = function system/test_sflow.py::test_ft_sflow_max_sflow_collector_config clean end
2023-12-31 23:59:09.022787 = Framework Function Hook Finalize
2023-12-31 23:59:09.023813 = Framework Function Hook Start
2023-12-31 23:59:09.024294 = function system/test_sflow.py::test_ft_system_config_mgmt_verifying_config_with_save_reboot_sflow init start
2023-12-31 23:59:13.908651 = function system/test_sflow.py::test_ft_system_config_mgmt_verifying_config_with_save_reboot_sflow init end
2023-12-31 23:59:13.909104 = Framework Function Hook end
2023-12-31 23:59:13.909482 = User Function system/test_sflow.py::test_ft_system_config_mgmt_verifying_config_with_save_reboot_sflow Hook Start
2023-12-31 23:59:13.918629 = User Function system/test_sflow.py::test_ft_system_config_mgmt_verifying_config_with_save_reboot_sflow Hook end
2024-01-01 00:00:30.902513 = User Function system/test_sflow.py::test_ft_system_config_mgmt_verifying_config_with_save_reboot_sflow Hook Finalize
2024-01-01 00:00:30.902686 = function system/test_sflow.py::test_ft_system_config_mgmt_verifying_config_with_save_reboot_sflow clean start
2024-01-01 00:00:30.929441 = Test Time (2023-12-31 23:59:09.024373 - 2024-01-01 00:00:30.929432) Published
2024-01-01 00:00:30.934558 = function system/test_sflow.py::test_ft_system_config_mgmt_verifying_config_with_save_reboot_sflow clean end
2024-01-01 00:00:30.934886 = Framework Function Hook Finalize
2024-01-01 00:01:02.801274 = User Module system/test_sflow.py Hook Finalize
2024-01-01 00:01:02.801717 = module test_sflow.py clean start
2024-01-01 00:01:28.554343 = report file generation start
2024-01-01 00:01:28.665451 = report file generation end
2024-01-01 00:01:28.670824 = module test_sflow.py clean end
2024-01-01 00:01:28.671352 = Framework Module Hook Finalize
2024-01-01 00:01:29.501804 = Framework Module Hook Start
2024-01-01 00:01:30.333174 = module test_spytest_infra_1.py init start
2024-01-01 00:04:24.363450 = module test_spytest_infra_1.py init end
2024-01-01 00:04:24.364184 = Framework Module Hook end
2024-01-01 00:04:24.364933 = Framework Function Hook Start
2024-01-01 00:04:27.434479 = function batch/test_spytest_infra_1.py::test_spytest_infra_last init start
2024-01-01 00:04:32.500706 = function batch/test_spytest_infra_1.py::test_spytest_infra_last init end
2024-01-01 00:04:32.502208 = Framework Function Hook end
2024-01-01 00:04:32.503822 = Module Config Time (2024-01-01 00:01:29.501883 - 2024-01-01 00:04:24.365159) Published
2024-01-01 00:04:32.506256 = function batch/test_spytest_infra_1.py::test_spytest_infra_last clean start
2024-01-01 00:04:32.523699 = Test Time (2024-01-01 00:04:27.434746 - 2024-01-01 00:04:32.523692) Published
2024-01-01 00:04:32.528833 = function batch/test_spytest_infra_1.py::test_spytest_infra_last clean end
2024-01-01 00:04:32.529107 = Framework Function Hook Finalize
2024-01-01 00:04:32.529251 = module test_spytest_infra_1.py clean start
2024-01-01 00:04:34.837041 = report file generation start
2024-01-01 00:04:34.948258 = report file generation end
2024-01-01 00:04:34.953253 = module test_spytest_infra_1.py clean end
2024-01-01 00:04:34.953635 = Framework Module Hook Finalize
2024-01-01 00:04:34.955641 = Framework Module Hook Start
2024-01-01 00:04:35.784280 = module test_bgp_rr_traffic.py init start
2024-01-01 00:06:01.633797 = module test_bgp_rr_traffic.py init end
2024-01-01 00:06:01.634368 = Framework Module Hook end
2024-01-01 00:06:01.634827 = User Module routing/BGP/test_bgp_rr_traffic.py Hook Start
2024-01-01 00:06:31.935331 = User Module routing/BGP/test_bgp_rr_traffic.py Hook end
2024-01-01 00:06:31.935828 = User Class routing/BGP/test_bgp_rr_traffic.py Hook Start
2024-01-01 00:08:50.323628 = User Class routing/BGP/test_bgp_rr_traffic.py Hook end
2024-01-01 00:08:50.325312 = Framework Function Hook Start
2024-01-01 00:09:17.642492 = function routing/BGP/test_bgp_rr_traffic.py::TestBGPRrTraffic::test_ft_bgp6_rr_traffic_check init start
2024-01-01 00:09:22.754032 = function routing/BGP/test_bgp_rr_traffic.py::TestBGPRrTraffic::test_ft_bgp6_rr_traffic_check init end
2024-01-01 00:09:22.754597 = Framework Function Hook end
2024-01-01 00:09:22.756362 = Module Config Time (2024-01-01 00:04:34.955703 - 2024-01-01 00:08:50.325599) Published
2024-01-01 00:11:52.501517 = function routing/BGP/test_bgp_rr_traffic.py::TestBGPRrTraffic::test_ft_bgp6_rr_traffic_check clean start
2024-01-01 00:11:52.530503 = Test Time (2024-01-01 00:09:17.642782 - 2024-01-01 00:11:52.530494) Published
2024-01-01 00:11:52.535844 = function routing/BGP/test_bgp_rr_traffic.py::TestBGPRrTraffic::test_ft_bgp6_rr_traffic_check clean end
2024-01-01 00:11:52.536172 = Framework Function Hook Finalize
2024-01-01 00:12:20.205336 = User Class routing/BGP/test_bgp_rr_traffic.py Hook Finalize
2024-01-01 00:13:03.444930 = User Module routing/BGP/test_bgp_rr_traffic.py Hook Finalize
2024-01-01 00:13:03.445402 = module test_bgp_rr_traffic.py clean start
2024-01-01 00:13:28.970445 = report file generation start
2024-01-01 00:13:29.078775 = report file generation end
2024-01-01 00:13:29.084158 = module test_bgp_rr_traffic.py clean end
2024-01-01 00:13:29.084683 = Framework Module Hook Finalize
2024-01-01 00:13:29.264257 = Framework Module Hook Start
2024-01-01 00:13:30.097747 = module test_spytest_infra_1.py init start
2024-01-01 00:14:33.694416 = module test_spytest_infra_1.py init end
2024-01-01 00:14:33.694921 = Framework Module Hook end
2024-01-01 00:14:33.695292 = Framework Function Hook Start
2024-01-01 00:14:36.770588 = function batch/test_spytest_infra_1.py::test_spytest_infra_last init start
2024-01-01 00:14:41.567086 = function batch/test_spytest_infra_1.py::test_spytest_infra_last init end
2024-01-01 00:14:41.568280 = Framework Function Hook end
2024-01-01 00:14:41.569984 = Module Config Time (2024-01-01 00:13:29.264442 - 2024-01-01 00:14:33.695378) Published
2024-01-01 00:14:41.572586 = function batch/test_spytest_infra_1.py::test_spytest_infra_last clean start
2024-01-01 00:14:41.589746 = Test Time (2024-01-01 00:14:36.770857 - 2024-01-01 00:14:41.589739) Published
2024-01-01 00:14:41.594842 = function batch/test_spytest_infra_1.py::test_spytest_infra_last clean end
2024-01-01 00:14:41.595112 = Framework Function Hook Finalize
2024-01-01 00:14:41.595254 = module test_spytest_infra_1.py clean start
2024-01-01 00:14:43.867886 = report file generation start
2024-01-01 00:14:43.974087 = report file generation end
2024-01-01 00:14:43.979019 = module test_spytest_infra_1.py clean end
2024-01-01 00:14:43.979388 = Framework Module Hook Finalize
2024-01-01 00:14:43.981387 = Framework Module Hook Start
2024-01-01 00:14:44.808875 = module test_sanity_l3.py init start
2024-01-01 00:15:37.027730 = module test_sanity_l3.py init end
2024-01-01 00:15:37.028318 = Framework Module Hook end
2024-01-01 00:15:37.028816 = User Module sanity/test_sanity_l3.py Hook Start
2024-01-01 00:16:01.444456 = User Module sanity/test_sanity_l3.py Hook end
2024-01-01 00:16:01.445272 = Framework Function Hook Start
2024-01-01 00:16:27.712292 = function sanity/test_sanity_l3.py::test_l2_to_l3_port init start
2024-01-01 00:16:32.607186 = function sanity/test_sanity_l3.py::test_l2_to_l3_port init end
2024-01-01 00:16:32.607678 = Framework Function Hook end
2024-01-01 00:16:32.608245 = User Function sanity/test_sanity_l3.py::test_l2_to_l3_port Hook Start
2024-01-01 00:16:32.617673 = User Function sanity/test_sanity_l3.py::test_l2_to_l3_port Hook end
2024-01-01 00:16:32.618840 = Module Config Time (2024-01-01 00:14:43.981447 - 2024-01-01 00:16:01.445516) Published
2024-01-01 00:18:10.797324 = User Function sanity/test_sanity_l3.py::test_l2_to_l3_port Hook Finalize
2024-01-01 00:18:10.797736 = function sanity/test_sanity_l3.py::test_l2_to_l3_port clean start
2024-01-01 00:18:10.840237 = Test Time (2024-01-01 00:16:27.712553 - 2024-01-01 00:18:10.840227) Published
2024-01-01 00:18:10.845565 = function sanity/test_sanity_l3.py::test_l2_to_l3_port clean end
2024-01-01 00:18:10.845892 = Framework Function Hook Finalize
2024-01-01 00:18:46.228644 = User Module sanity/test_sanity_l3.py Hook Finalize
2024-01-01 00:18:46.228809 = module test_sanity_l3.py clean start
2024-01-01 00:19:11.739569 = report file generation start
2024-01-01 00:19:11.877422 = report file generation end
2024-01-01 00:19:11.882773 = module test_sanity_l3.py clean end
2024-01-01 00:19:11.883317 = Framework Module Hook Finalize
2024-01-01 00:19:12.148217 = Framework Module Hook Start
2024-01-01 00:19:12.981494 = module test_spytest_infra_1.py init start
2024-01-01 00:21:55.239422 = module test_spytest_infra_1.py init end
2024-01-01 00:21:55.240221 = Framework Module Hook end
2024-01-01 00:21:55.241042 = Framework Function Hook Start
2024-01-01 00:21:58.309851 = function batch/test_spytest_infra_1.py::test_spytest_infra_last init start
2024-01-01 00:22:03.230441 = function batch/test_spytest_infra_1.py::test_spytest_infra_last init end
2024-01-01 00:22:03.231177 = Framework Function Hook end
2024-01-01 00:22:03.232183 = Module Config Time (2024-01-01 00:19:12.148380 - 2024-01-01 00:21:55.241272) Published
2024-01-01 00:22:03.233600 = function batch/test_spytest_infra_1.py::test_spytest_infra_last clean start
2024-01-01 00:22:03.261578 = Test Time (2024-01-01 00:21:58.310182 - 2024-01-01 00:22:03.261568) Published
2024-01-01 00:22:03.267495 = function batch/test_spytest_infra_1.py::test_spytest_infra_last clean end
2024-01-01 00:22:03.267874 = Framework Function Hook Finalize
2024-01-01 00:22:03.268058 = module test_spytest_infra_1.py clean start
2024-01-01 00:22:05.595575 = report file generation start
2024-01-01 00:22:05.710278 = report file generation end
2024-01-01 00:22:05.715254 = module test_spytest_infra_1.py clean end
2024-01-01 00:22:05.715628 = Framework Module Hook Finalize
2024-01-01 00:22:05.716034 = session clean start
2024-01-01 00:22:05.736172 = report file generation start
2024-01-01 00:22:05.837658 = report file generation end
2024-01-01 00:22:06.519419 = session clean end
