2024-01-06 00:58:35,872 T0006: [D2-V2] ['export TMOUT=0', 'stty cols 5000', 'uptime']
2024-01-06 00:58:35,878 T0005: [D1-V1] ['export TMOUT=0', 'stty cols 5000', 'uptime']
2024-01-06 00:58:36,551 T0006: [D2-V2] cat /proc/uptime
2024-01-06 00:58:36,559 T0005: [D1-V1] cat /proc/uptime
2024-01-06 00:58:37,225 T0006: [D2-V2] sudo vtysh -c 'show running-config | include hostname'
2024-01-06 00:58:37,227 T0005: [D1-V1] sudo vtysh -c 'show running-config | include hostname'
2024-01-06 00:58:40,193 T0005: [D1-V1] /sbin/ip link set dev eth0 up
2024-01-06 00:58:40,866 T0005: [D1-V1] /sbin/ip route list dev eth0
2024-01-06 00:58:45,480 T0006: [D2-V2] sudo vtysh -c 'show running-config | include hostname'
2024-01-06 00:58:49,747 T0006: [D2-V2] /sbin/ip link set dev eth0 up
2024-01-06 00:58:50,418 T0006: [D2-V2] /sbin/ip route list dev eth0
2024-01-06 00:59:08,663 T0005: [D1-V1] /sbin/ip link set dev eth0 up
2024-01-06 00:59:09,331 T0005: [D1-V1] /sbin/ip route list dev eth0
2024-01-06 00:59:10,003 T0005: [D1-V1] ['export TMOUT=0', 'stty cols 5000', 'uptime']
2024-01-06 00:59:12,145 T0005: [D1-V1] /sbin/ip link set dev eth0 up
2024-01-06 00:59:12,809 T0005: [D1-V1] /sbin/ip route list dev eth0
2024-01-06 00:59:14,144 T0005: [D1-V1] show version
2024-01-06 00:59:14,294 T0006: [D2-V2] /sbin/ip link set dev eth0 up
2024-01-06 00:59:14,960 T0006: [D2-V2] /sbin/ip route list dev eth0
2024-01-06 00:59:15,672 T0006: [D2-V2] ['export TMOUT=0', 'stty cols 5000', 'uptime']
2024-01-06 00:59:16,481 T0005: [D1-V1] /sbin/ip link set dev eth0 up
2024-01-06 00:59:17,148 T0005: [D1-V1] /sbin/ip route list dev eth0
2024-01-06 00:59:17,816 T0006: [D2-V2] /sbin/ip link set dev eth0 up
2024-01-06 00:59:18,497 T0006: [D2-V2] /sbin/ip route list dev eth0
2024-01-06 00:59:19,308 T0005: [D1-V1] /sbin/ip link set dev eth0 up
2024-01-06 00:59:19,835 T0006: [D2-V2] show version
2024-01-06 00:59:19,974 T0005: [D1-V1] /sbin/ip route list dev eth0
2024-01-06 00:59:22,054 T0006: [D2-V2] /sbin/ip link set dev eth0 up
2024-01-06 00:59:22,724 T0006: [D2-V2] /sbin/ip route list dev eth0
2024-01-06 00:59:24,868 T0006: [D2-V2] /sbin/ip link set dev eth0 up
2024-01-06 00:59:25,532 T0006: [D2-V2] /sbin/ip route list dev eth0
2024-01-06 01:01:40,848 T0017: [D1-V1] sudo show interfaces status
2024-01-06 01:01:40,853 T0018: [D2-V2] sudo show interfaces status
2024-01-06 01:01:42,792 T0018: [D2-V2] config interface startup Ethernet16
2024-01-06 01:01:43,100 T0017: [D1-V1] config interface startup Ethernet0
2024-01-06 01:01:44,169 T0018: [D2-V2] config interface startup Ethernet20
2024-01-06 01:01:44,469 T0017: [D1-V1] config interface startup Ethernet4
2024-01-06 01:01:45,491 T0018: [D2-V2] config interface startup Ethernet24
2024-01-06 01:01:45,839 T0017: [D1-V1] config interface startup Ethernet8
2024-01-06 01:01:46,965 T0018: [D2-V2] config interface startup Ethernet28
2024-01-06 01:01:47,161 T0017: [D1-V1] config interface startup Ethernet12
2024-01-06 01:01:48,438 T0018: [D2-V2] config interface startup Ethernet32
2024-01-06 01:01:48,482 T0017: [D1-V1] config interface startup Ethernet16
2024-01-06 01:01:49,806 T0017: [D1-V1] config interface startup Ethernet20
2024-01-06 01:01:49,908 T0018: [D2-V2] config interface startup Ethernet36
2024-01-06 01:01:51,132 T0017: [D1-V1] config interface startup Ethernet24
2024-01-06 01:01:51,333 T0018: [D2-V2] config interface startup Ethernet0
2024-01-06 01:01:52,455 T0017: [D1-V1] config interface startup Ethernet28
2024-01-06 01:01:52,758 T0018: [D2-V2] config interface startup Ethernet4
2024-01-06 01:01:53,830 T0017: [D1-V1] config interface startup Ethernet32
2024-01-06 01:01:54,032 T0018: [D2-V2] config interface startup Ethernet8
2024-01-06 01:01:55,204 T0017: [D1-V1] config interface startup Ethernet36
2024-01-06 01:01:55,304 T0018: [D2-V2] config interface startup Ethernet12
2024-01-06 01:01:56,531 T0017: [D1-V1] config interface shutdown Ethernet40
2024-01-06 01:01:56,579 T0018: [D2-V2] config interface shutdown Ethernet40
2024-01-06 01:01:57,853 T0017: [D1-V1] config interface shutdown Ethernet44
2024-01-06 01:01:57,903 T0018: [D2-V2] config interface shutdown Ethernet44
2024-01-06 01:01:59,175 T0017: [D1-V1] config interface shutdown Ethernet48
2024-01-06 01:01:59,226 T0018: [D2-V2] config interface shutdown Ethernet48
2024-01-06 01:02:00,497 T0017: [D1-V1] config interface shutdown Ethernet52
2024-01-06 01:02:00,550 T0018: [D2-V2] config interface shutdown Ethernet52
2024-01-06 01:02:01,763 T0017: [D1-V1] config interface shutdown Ethernet56
2024-01-06 01:02:01,922 T0018: [D2-V2] config interface shutdown Ethernet56
2024-01-06 01:02:03,089 T0017: [D1-V1] config interface shutdown Ethernet60
2024-01-06 01:02:03,194 T0018: [D2-V2] config interface shutdown Ethernet60
2024-01-06 01:02:04,361 T0017: [D1-V1] config interface shutdown Ethernet64
2024-01-06 01:02:04,463 T0018: [D2-V2] config interface shutdown Ethernet64
2024-01-06 01:02:05,632 T0017: [D1-V1] config interface shutdown Ethernet68
2024-01-06 01:02:05,782 T0018: [D2-V2] config interface shutdown Ethernet68
2024-01-06 01:02:07,052 T0018: [D2-V2] config interface shutdown Ethernet72
2024-01-06 01:02:07,758 T0017: [D1-V1] config interface shutdown Ethernet72
2024-01-06 01:02:08,322 T0018: [D2-V2] config interface shutdown Ethernet76
2024-01-06 01:02:09,029 T0017: [D1-V1] config interface shutdown Ethernet76
2024-01-06 01:02:09,594 T0018: [D2-V2] config interface shutdown Ethernet80
2024-01-06 01:02:10,300 T0017: [D1-V1] config interface shutdown Ethernet80
2024-01-06 01:02:10,815 T0018: [D2-V2] config interface shutdown Ethernet84
2024-01-06 01:02:11,573 T0017: [D1-V1] config interface shutdown Ethernet84
2024-01-06 01:02:12,086 T0018: [D2-V2] config interface shutdown Ethernet88
2024-01-06 01:02:12,842 T0017: [D1-V1] config interface shutdown Ethernet88
2024-01-06 01:02:13,358 T0018: [D2-V2] config interface shutdown Ethernet92
2024-01-06 01:02:14,113 T0017: [D1-V1] config interface shutdown Ethernet92
2024-01-06 01:02:14,628 T0018: [D2-V2] config interface shutdown Ethernet96
2024-01-06 01:02:15,386 T0017: [D1-V1] config interface shutdown Ethernet96
2024-01-06 01:02:15,850 T0018: [D2-V2] config interface shutdown Ethernet100
2024-01-06 01:02:16,656 T0017: [D1-V1] config interface shutdown Ethernet100
2024-01-06 01:02:17,071 T0018: [D2-V2] config interface shutdown Ethernet104
2024-01-06 01:02:18,274 T0017: [D1-V1] config interface shutdown Ethernet104
2024-01-06 01:02:18,342 T0018: [D2-V2] config interface shutdown Ethernet108
2024-01-06 01:02:19,544 T0017: [D1-V1] config interface shutdown Ethernet108
2024-01-06 01:02:19,557 T0018: [D2-V2] config interface shutdown Ethernet112
2024-01-06 01:02:20,812 T0017: [D1-V1] config interface shutdown Ethernet112
2024-01-06 01:02:20,824 T0018: [D2-V2] config interface shutdown Ethernet116
2024-01-06 01:02:22,045 T0018: [D2-V2] config interface shutdown Ethernet120
2024-01-06 01:02:22,130 T0017: [D1-V1] config interface shutdown Ethernet116
2024-01-06 01:02:23,313 T0018: [D2-V2] config interface shutdown Ethernet124
2024-01-06 01:02:23,399 T0017: [D1-V1] config interface shutdown Ethernet120
2024-01-06 01:02:24,625 T0017: [D1-V1] config interface shutdown Ethernet124
2024-01-06 01:02:31,899 T0019: [D1-V1] show version
2024-01-06 01:02:31,904 T0020: [D2-V2] show version
2024-01-06 01:02:34,191 T0020: [D2-V2] cat /var/run/redis/sonic-db/database_config.json
2024-01-06 01:02:35,029 T0019: [D1-V1] cat /var/run/redis/sonic-db/database_config.json
2024-01-06 01:02:35,327 T0020: [D2-V2] /sbin/ifconfig eth0
2024-01-06 01:02:35,778 T0019: [D1-V1] /sbin/ifconfig eth0
2024-01-06 01:02:36,006 T0020: [D2-V2] ls /etc/sonic/bcmsim.cfg
2024-01-06 01:02:36,459 T0019: [D1-V1] ls /etc/sonic/bcmsim.cfg
2024-01-06 01:02:37,148 T0021: [D1-V1] no router bgp
2024-01-06 01:02:37,151 T0022: [D2-V2] no router bgp
2024-01-06 01:02:38,975 T0021: [D1-V1] config feature state sflow enabled
2024-01-06 01:02:38,983 T0022: [D2-V2] config feature state sflow enabled
2024-01-06 01:02:41,194 T0022: [D2-V2] config feature state nat enabled
2024-01-06 01:02:41,244 T0021: [D1-V1] config feature state nat enabled
2024-01-06 01:02:46,916 T0025: [D1-V1] config save /tmp/config-db-V1-post-session-prolog-session.json -y
2024-01-06 01:02:46,921 T0026: [D2-V2] config save /tmp/config-db-V2-post-session-prolog-session.json -y
2024-01-06 01:02:49,615 T0026: [D2-V2] chmod 777 /tmp/config-db-V2-post-session-prolog-session.json
2024-01-06 01:02:50,623 T0025: [D1-V1] chmod 777 /tmp/config-db-V1-post-session-prolog-session.json
2024-01-06 01:02:51,089 T0026: [D2-V2] /sbin/ip link set dev eth0 up
2024-01-06 01:02:51,755 T0026: [D2-V2] /sbin/ip route list dev eth0
2024-01-06 01:02:52,098 T0025: [D1-V1] /sbin/ip link set dev eth0 up
2024-01-06 01:02:52,774 T0025: [D1-V1] /sbin/ip route list dev eth0
2024-01-06 01:03:00,255 T0026: [D2-V2] sudo vtysh -c 'show running-config' > /tmp/vtysh-runcfg-V2-post-session-prolog-session.txt
2024-01-06 01:03:01,125 T0026: [D2-V2] chmod 777 /tmp/vtysh-runcfg-V2-post-session-prolog-session.txt
2024-01-06 01:03:01,210 T0025: [D1-V1] sudo vtysh -c 'show running-config' > /tmp/vtysh-runcfg-V1-post-session-prolog-session.txt
2024-01-06 01:03:02,077 T0025: [D1-V1] chmod 777 /tmp/vtysh-runcfg-V1-post-session-prolog-session.txt
2024-01-06 01:03:02,601 T0026: [D2-V2] /sbin/ip link set dev eth0 up
2024-01-06 01:03:03,272 T0026: [D2-V2] /sbin/ip route list dev eth0
2024-01-06 01:03:03,550 T0025: [D1-V1] /sbin/ip link set dev eth0 up
2024-01-06 01:03:04,222 T0025: [D1-V1] /sbin/ip route list dev eth0
2024-01-06 01:03:13,517 T0000: 
================== Framework Module Hook: batch/test_spytest_infra_1.py ==================
2024-01-06 01:03:13,537 T0049: [D1-V1] sudo show interfaces status Ethernet124
2024-01-06 01:03:13,542 T0050: [D2-V2] sudo show interfaces status Ethernet124
2024-01-06 01:03:16,865 T0052: [D1-V1] sudo show interfaces status
2024-01-06 01:03:16,867 T0053: [D2-V2] sudo show interfaces status
2024-01-06 01:03:23,062 T0000: 
================== Framework Module Hook Finish: batch/test_spytest_infra_1.py ==================
2024-01-06 01:03:23,063 T0000: 
================== Framework Function Hook: batch/test_spytest_infra_1.py::test_spytest_infra_first ==================
2024-01-06 01:03:27,367 T0057: [D1-V1] sudo show interfaces status
2024-01-06 01:03:27,370 T0058: [D2-V2] sudo show interfaces status
2024-01-06 01:03:29,196 T0059: [D1-V1] sudo show interfaces status Ethernet124
2024-01-06 01:03:29,202 T0060: [D2-V2] sudo show interfaces status Ethernet124
2024-01-06 01:03:32,516 T0000: 
================== Framework Function Hook Finish: batch/test_spytest_infra_1.py::test_spytest_infra_first ==================
2024-01-06 01:03:32,519 T0000: 
================== Test Execution: batch/test_spytest_infra_1.py::test_spytest_infra_first ==================
2024-01-06 01:03:32,547 T0000: 
================== Framework Function Hook Finalize: batch/test_spytest_infra_1.py::test_spytest_infra_first ==================
2024-01-06 01:03:32,706 T0000: 
================== Framework Function Hook: batch/test_spytest_infra_1.py::test_spytest_infra_second ==================
2024-01-06 01:03:32,731 T0062: [D1-V1] sudo show interfaces status
2024-01-06 01:03:32,733 T0063: [D2-V2] sudo show interfaces status
2024-01-06 01:03:34,610 T0064: [D1-V1] sudo show interfaces status Ethernet124
2024-01-06 01:03:34,613 T0065: [D2-V2] sudo show interfaces status Ethernet124
2024-01-06 01:03:37,913 T0000: 
================== Framework Function Hook Finish: batch/test_spytest_infra_1.py::test_spytest_infra_second ==================
2024-01-06 01:03:37,915 T0000: 
================== Test Execution: batch/test_spytest_infra_1.py::test_spytest_infra_second ==================
2024-01-06 01:03:37,941 T0000: 
================== Framework Function Hook Finalize: batch/test_spytest_infra_1.py::test_spytest_infra_second ==================
2024-01-06 01:03:37,948 T0066: [D1-V1] sudo show interfaces status Ethernet124
2024-01-06 01:03:37,953 T0067: [D2-V2] sudo show interfaces status Ethernet124
2024-01-06 01:03:40,480 T0000: 
================== Framework Module Hook Finalize: batch/test_spytest_infra_1.py Pass: 2/2 ==================
2024-01-06 01:03:40,481 T0000: 
================== Devices used: batch/test_spytest_infra_1.py 2 ['V1', 'V2'] ==================
2024-01-06 01:03:41,312 T0000: 
================== Framework Module Hook: switching/test_portchannel.py ==================
2024-01-06 01:03:41,332 T0074: [D1-V1] sudo show interfaces status Ethernet124
2024-01-06 01:03:41,338 T0075: [D2-V2] sudo show interfaces status Ethernet124
2024-01-06 01:03:43,831 T0077: [D1-V1] sudo show interfaces status
2024-01-06 01:03:43,833 T0078: [D2-V2] sudo show interfaces status
2024-01-06 01:03:45,684 T0079: [D1-V1] config save /tmp/config-db-V1-pre-module-prolog-switching-test_portchannel.py.json -y
2024-01-06 01:03:45,689 T0080: [D2-V2] config save /tmp/config-db-V2-pre-module-prolog-switching-test_portchannel.py.json -y
2024-01-06 01:03:47,373 T0080: [D2-V2] chmod 777 /tmp/config-db-V2-pre-module-prolog-switching-test_portchannel.py.json
2024-01-06 01:03:47,422 T0079: [D1-V1] chmod 777 /tmp/config-db-V1-pre-module-prolog-switching-test_portchannel.py.json
2024-01-06 01:03:48,851 T0080: [D2-V2] /sbin/ip link set dev eth0 up
2024-01-06 01:03:48,897 T0079: [D1-V1] /sbin/ip link set dev eth0 up
2024-01-06 01:03:49,517 T0080: [D2-V2] /sbin/ip route list dev eth0
2024-01-06 01:03:49,566 T0079: [D1-V1] /sbin/ip route list dev eth0
2024-01-06 01:03:58,020 T0079: [D1-V1] sudo vtysh -c 'show running-config' > /tmp/vtysh-runcfg-V1-pre-module-prolog-switching-test_portchannel.py.txt
2024-01-06 01:03:58,510 T0080: [D2-V2] sudo vtysh -c 'show running-config' > /tmp/vtysh-runcfg-V2-pre-module-prolog-switching-test_portchannel.py.txt
2024-01-06 01:03:58,891 T0079: [D1-V1] chmod 777 /tmp/vtysh-runcfg-V1-pre-module-prolog-switching-test_portchannel.py.txt
2024-01-06 01:03:59,378 T0080: [D2-V2] chmod 777 /tmp/vtysh-runcfg-V2-pre-module-prolog-switching-test_portchannel.py.txt
2024-01-06 01:04:00,367 T0079: [D1-V1] /sbin/ip link set dev eth0 up
2024-01-06 01:04:00,856 T0080: [D2-V2] /sbin/ip link set dev eth0 up
2024-01-06 01:04:01,035 T0079: [D1-V1] /sbin/ip route list dev eth0
2024-01-06 01:04:01,524 T0080: [D2-V2] /sbin/ip route list dev eth0
2024-01-06 01:04:11,323 T0000: 
================== Framework Module Hook Finish: switching/test_portchannel.py ==================
2024-01-06 01:04:11,324 T0000: 
================== Module Hook: switching/test_portchannel.py portchannel_module_hooks ==================
2024-01-06 01:04:11,337 T0000: [D1-V1] /sbin/ifconfig Ethernet0
2024-01-06 01:04:12,069 T0098: [D1-V1] config portchannel add PortChannel7  
2024-01-06 01:04:12,074 T0099: [D2-V2] config portchannel add PortChannel7  
2024-01-06 01:04:13,348 T0099: [D2-V2] config portchannel member add PortChannel7 Ethernet16
2024-01-06 01:04:13,400 T0098: [D1-V1] config portchannel member add PortChannel7 Ethernet16
2024-01-06 01:04:14,668 T0099: [D2-V2] config portchannel member add PortChannel7 Ethernet20
2024-01-06 01:04:15,124 T0098: [D1-V1] config portchannel member add PortChannel7 Ethernet20
2024-01-06 01:04:15,937 T0099: [D2-V2] config portchannel member add PortChannel7 Ethernet24
2024-01-06 01:04:17,208 T0099: [D2-V2] config portchannel member add PortChannel7 Ethernet28
2024-01-06 01:04:17,406 T0098: [D1-V1] config portchannel member add PortChannel7 Ethernet24
2024-01-06 01:04:18,724 T0098: [D1-V1] config portchannel member add PortChannel7 Ethernet28
2024-01-06 01:04:20,046 T0100: [D1-V1] ['config vlan add 566']
2024-01-06 01:04:20,048 T0101: [D2-V2] ['config vlan add 566']
2024-01-06 01:04:21,838 T0102: [D1-V1] config vlan member add 566 Ethernet0
2024-01-06 01:04:21,842 T0103: [D2-V2] config vlan member add 566 Ethernet0
2024-01-06 01:04:23,116 T0102: [D1-V1] config vlan member add 566 PortChannel7
2024-01-06 01:04:23,124 T0103: [D2-V2] config vlan member add 566 PortChannel7
2024-01-06 01:04:31,568 T0000: 
================== Module Hook Finish: switching/test_portchannel.py portchannel_module_hooks ==================
2024-01-06 01:04:31,571 T0000: 
================== Framework Function Hook: switching/test_portchannel.py::test_ft_portchannel_with_vlan_variations ==================
2024-01-06 01:04:31,603 T0104: [D1-V1] config save /tmp/config-db-V1-post-module-prolog-switching-test_portchannel.py.json -y
2024-01-06 01:04:31,609 T0105: [D2-V2] config save /tmp/config-db-V2-post-module-prolog-switching-test_portchannel.py.json -y
2024-01-06 01:04:33,292 T0105: [D2-V2] chmod 777 /tmp/config-db-V2-post-module-prolog-switching-test_portchannel.py.json
2024-01-06 01:04:33,393 T0104: [D1-V1] chmod 777 /tmp/config-db-V1-post-module-prolog-switching-test_portchannel.py.json
2024-01-06 01:04:34,769 T0105: [D2-V2] /sbin/ip link set dev eth0 up
2024-01-06 01:04:34,866 T0104: [D1-V1] /sbin/ip link set dev eth0 up
2024-01-06 01:04:35,436 T0105: [D2-V2] /sbin/ip route list dev eth0
2024-01-06 01:04:35,534 T0104: [D1-V1] /sbin/ip route list dev eth0
2024-01-06 01:04:43,961 T0105: [D2-V2] sudo vtysh -c 'show running-config' > /tmp/vtysh-runcfg-V2-post-module-prolog-switching-test_portchannel.py.txt
2024-01-06 01:04:43,998 T0104: [D1-V1] sudo vtysh -c 'show running-config' > /tmp/vtysh-runcfg-V1-post-module-prolog-switching-test_portchannel.py.txt
2024-01-06 01:04:44,782 T0105: [D2-V2] chmod 777 /tmp/vtysh-runcfg-V2-post-module-prolog-switching-test_portchannel.py.txt
2024-01-06 01:04:44,868 T0104: [D1-V1] chmod 777 /tmp/vtysh-runcfg-V1-post-module-prolog-switching-test_portchannel.py.txt
2024-01-06 01:04:46,260 T0105: [D2-V2] /sbin/ip link set dev eth0 up
2024-01-06 01:04:46,343 T0104: [D1-V1] /sbin/ip link set dev eth0 up
2024-01-06 01:04:46,930 T0105: [D2-V2] /sbin/ip route list dev eth0
2024-01-06 01:04:47,008 T0104: [D1-V1] /sbin/ip route list dev eth0
2024-01-06 01:05:00,672 T0125: [D1-V1] sudo show interfaces status
2024-01-06 01:05:00,674 T0126: [D2-V2] sudo show interfaces status
2024-01-06 01:05:02,948 T0127: [D1-V1] sudo show interfaces status Ethernet124
2024-01-06 01:05:02,955 T0128: [D2-V2] sudo show interfaces status Ethernet124
2024-01-06 01:05:06,259 T0000: 
================== Framework Function Hook Finish: switching/test_portchannel.py::test_ft_portchannel_with_vlan_variations ==================
2024-01-06 01:05:06,260 T0000: 
================== Function Hook: switching/test_portchannel.py portchannel_func_hooks ==================
2024-01-06 01:05:08,277 T0131: [D1-V1] config portchannel member del PortChannel7 Ethernet24
2024-01-06 01:05:08,284 T0132: [D2-V2] config portchannel member del PortChannel7 Ethernet24
2024-01-06 01:05:09,601 T0131: [D1-V1] config portchannel member del PortChannel7 Ethernet28
2024-01-06 01:05:09,655 T0132: [D2-V2] config portchannel member del PortChannel7 Ethernet28
2024-01-06 01:05:10,986 T0000: 
================== Function Hook Finish: switching/test_portchannel.py portchannel_func_hooks ==================
2024-01-06 01:05:10,988 T0000: 
================== Test Execution: switching/test_portchannel.py::test_ft_portchannel_with_vlan_variations ==================
2024-01-06 01:05:13,002 T0136: [D2-V2] show interfaces portchannel | grep -w PortChannel7
2024-01-06 01:05:13,005 T0135: [D1-V1] show interfaces portchannel | grep -w PortChannel7
2024-01-06 01:05:14,357 T0137: [D1-V1] config portchannel add PortChannel8  
2024-01-06 01:05:14,362 T0138: [D2-V2] config portchannel add PortChannel8  
2024-01-06 01:05:15,628 T0137: [D1-V1] config portchannel member add PortChannel8 Ethernet24
2024-01-06 01:05:15,686 T0138: [D2-V2] config portchannel member add PortChannel8 Ethernet24
2024-01-06 01:05:16,898 T0137: [D1-V1] config portchannel member add PortChannel8 Ethernet28
2024-01-06 01:05:17,007 T0138: [D2-V2] config portchannel member add PortChannel8 Ethernet28
2024-01-06 01:05:20,843 T0139: [D1-V1] show interfaces portchannel | grep -w PortChannel8
2024-01-06 01:05:20,846 T0140: [D2-V2] show interfaces portchannel | grep -w PortChannel8
2024-01-06 01:05:22,173 T0000: [D1-V1] ['config vlan add 836']
2024-01-06 01:05:23,494 T0000: [D1-V1] config vlan member add 836 PortChannel8
2024-01-06 01:05:24,859 T0000: [D2-V2] ['config vlan add 836']
2024-01-06 01:05:26,182 T0000: [D2-V2] config vlan member add 836 PortChannel8
2024-01-06 01:05:29,551 T0141: [D1-V1] show interfaces portchannel | grep -w PortChannel8
2024-01-06 01:05:29,556 T0142: [D2-V2] show interfaces portchannel | grep -w PortChannel8
2024-01-06 01:05:30,890 T0143: [D1-V1] config vlan member del 836 PortChannel8
2024-01-06 01:05:30,894 T0144: [D2-V2] config vlan member del 836 PortChannel8
2024-01-06 01:05:32,171 T0145: [D1-V1] show vlan config
2024-01-06 01:05:32,174 T0146: [D2-V2] show vlan config
2024-01-06 01:05:33,455 T0145: [D1-V1] ['config vlan del 836']
2024-01-06 01:05:33,503 T0146: [D2-V2] ['config vlan del 836']
2024-01-06 01:05:34,823 T0146: [D2-V2] show vlan config
2024-01-06 01:05:34,829 T0145: [D1-V1] show vlan config
2024-01-06 01:05:36,175 T0147: [D1-V1] config portchannel member del PortChannel8 Ethernet24
2024-01-06 01:05:36,179 T0148: [D2-V2] config portchannel member del PortChannel8 Ethernet24
2024-01-06 01:05:37,505 T0148: [D2-V2] config portchannel member del PortChannel8 Ethernet28
2024-01-06 01:05:37,509 T0147: [D1-V1] config portchannel member del PortChannel8 Ethernet28
2024-01-06 01:05:38,791 T0148: [D2-V2] ['config portchannel del PortChannel8']
2024-01-06 01:05:38,892 T0147: [D1-V1] ['config portchannel del PortChannel8']
2024-01-06 01:05:40,063 T0148: [D2-V2] show interfaces portchannel | grep -w PortChannel8
2024-01-06 01:05:40,165 T0147: [D1-V1] show interfaces portchannel | grep -w PortChannel8
2024-01-06 01:05:41,515 T0151: [D1-V1] config portchannel member add PortChannel7 Ethernet24
2024-01-06 01:05:41,519 T0152: [D2-V2] config portchannel member add PortChannel7 Ethernet24
2024-01-06 01:05:42,791 T0152: [D2-V2] config portchannel member add PortChannel7 Ethernet28
2024-01-06 01:05:42,841 T0151: [D1-V1] config portchannel member add PortChannel7 Ethernet28
2024-01-06 01:05:44,163 T0000: 
================== Function Hook Finalize: switching/test_portchannel.py portchannel_func_hooks ==================
2024-01-06 01:05:44,203 T0000: 
================== Framework Function Hook Finalize: switching/test_portchannel.py::test_ft_portchannel_with_vlan_variations ==================
2024-01-06 01:05:44,205 T0000: 
================== Framework Function Hook: switching/test_portchannel.py::test_ft_verify_min_links_functionality_by_flapping_all_member_ports_007 ==================
2024-01-06 01:05:44,223 T0156: [D1-V1] sudo show interfaces status
2024-01-06 01:05:44,225 T0157: [D2-V2] sudo show interfaces status
2024-01-06 01:05:46,176 T0158: [D1-V1] sudo show interfaces status Ethernet124
2024-01-06 01:05:46,184 T0159: [D2-V2] sudo show interfaces status Ethernet124
2024-01-06 01:05:49,516 T0000: 
================== Framework Function Hook Finish: switching/test_portchannel.py::test_ft_verify_min_links_functionality_by_flapping_all_member_ports_007 ==================
2024-01-06 01:05:49,517 T0000: 
================== Function Hook: switching/test_portchannel.py portchannel_func_hooks ==================
2024-01-06 01:05:51,533 T0162: [D1-V1] show interfaces portchannel
2024-01-06 01:05:51,538 T0163: [D2-V2] show interfaces portchannel
2024-01-06 01:05:52,848 T0000: 
================== Function Hook Finish: switching/test_portchannel.py portchannel_func_hooks ==================
2024-01-06 01:05:52,848 T0000: 
================== Test Execution: switching/test_portchannel.py::test_ft_verify_min_links_functionality_by_flapping_all_member_ports_007 ==================
2024-01-06 01:05:52,852 T0166: [D1-V1] config portchannel add PortChannel7  --min-links 4
2024-01-06 01:05:52,853 T0167: [D2-V2] config portchannel add PortChannel7  --min-links 4
2024-01-06 01:05:54,147 T0168: [D1-V1] show interfaces portchannel
2024-01-06 01:05:54,152 T0169: [D2-V2] show interfaces portchannel
2024-01-06 01:05:55,521 T0000: [D1-V1] config portchannel member del PortChannel7 Ethernet16
2024-01-06 01:05:56,874 T0000: [D1-V1] config portchannel member del PortChannel7 Ethernet20
2024-01-06 01:05:58,227 T0000: [D1-V1] config portchannel member del PortChannel7 Ethernet24
2024-01-06 01:05:59,546 T0000: [D1-V1] config portchannel member del PortChannel7 Ethernet28
2024-01-06 01:06:00,865 T0000: [D1-V1] config portchannel member add PortChannel7 Ethernet16
2024-01-06 01:06:02,231 T0000: [D1-V1] config portchannel member add PortChannel7 Ethernet20
2024-01-06 01:06:03,583 T0000: [D1-V1] config portchannel member add PortChannel7 Ethernet24
2024-01-06 01:06:04,888 T0000: [D1-V1] config portchannel member add PortChannel7 Ethernet28
2024-01-06 01:06:06,304 T0170: [D1-V1] show interfaces portchannel
2024-01-06 01:06:06,308 T0171: [D2-V2] show interfaces portchannel
2024-01-06 01:06:07,624 T0174: [D1-V1] config portchannel add PortChannel7  --min-links True
2024-01-06 01:06:07,628 T0175: [D2-V2] config portchannel add PortChannel7  --min-links True
2024-01-06 01:06:08,905 T0000: 
================== Function Hook Finalize: switching/test_portchannel.py portchannel_func_hooks ==================
2024-01-06 01:06:08,944 T0000: 
================== Framework Function Hook Finalize: switching/test_portchannel.py::test_ft_verify_min_links_functionality_by_flapping_all_member_ports_007 ==================
2024-01-06 01:06:08,949 T0178: [D1-V1] config save /tmp/config-db-V1-pre-module-epilog-switching-test_portchannel.py.json -y
2024-01-06 01:06:08,953 T0179: [D2-V2] config save /tmp/config-db-V2-pre-module-epilog-switching-test_portchannel.py.json -y
2024-01-06 01:06:10,686 T0179: [D2-V2] chmod 777 /tmp/config-db-V2-pre-module-epilog-switching-test_portchannel.py.json
2024-01-06 01:06:10,737 T0178: [D1-V1] chmod 777 /tmp/config-db-V1-pre-module-epilog-switching-test_portchannel.py.json
2024-01-06 01:06:12,161 T0179: [D2-V2] /sbin/ip link set dev eth0 up
2024-01-06 01:06:12,211 T0178: [D1-V1] /sbin/ip link set dev eth0 up
2024-01-06 01:06:12,827 T0179: [D2-V2] /sbin/ip route list dev eth0
2024-01-06 01:06:12,878 T0178: [D1-V1] /sbin/ip route list dev eth0
2024-01-06 01:06:21,267 T0179: [D2-V2] sudo vtysh -c 'show running-config' > /tmp/vtysh-runcfg-V2-pre-module-epilog-switching-test_portchannel.py.txt
2024-01-06 01:06:21,336 T0178: [D1-V1] sudo vtysh -c 'show running-config' > /tmp/vtysh-runcfg-V1-pre-module-epilog-switching-test_portchannel.py.txt
2024-01-06 01:06:22,136 T0179: [D2-V2] chmod 777 /tmp/vtysh-runcfg-V2-pre-module-epilog-switching-test_portchannel.py.txt
2024-01-06 01:06:22,209 T0178: [D1-V1] chmod 777 /tmp/vtysh-runcfg-V1-pre-module-epilog-switching-test_portchannel.py.txt
2024-01-06 01:06:23,610 T0179: [D2-V2] /sbin/ip link set dev eth0 up
2024-01-06 01:06:23,685 T0178: [D1-V1] /sbin/ip link set dev eth0 up
2024-01-06 01:06:24,280 T0179: [D2-V2] /sbin/ip route list dev eth0
2024-01-06 01:06:24,351 T0178: [D1-V1] /sbin/ip route list dev eth0
2024-01-06 01:06:32,790 T0196: [D1-V1] show vlan config
2024-01-06 01:06:32,794 T0197: [D2-V2] show vlan config
2024-01-06 01:06:34,086 T0196: [D1-V1] []
2024-01-06 01:06:34,090 T0197: [D2-V2] []
2024-01-06 01:06:34,097 T0198: [D1-V1] show interfaces portchannel
2024-01-06 01:06:34,103 T0199: [D2-V2] show interfaces portchannel
2024-01-06 01:06:35,405 T0198: [D1-V1] show interfaces portchannel | grep -w PortChannel7
2024-01-06 01:06:35,406 T0199: [D2-V2] show interfaces portchannel | grep -w PortChannel7
2024-01-06 01:06:36,698 T0198: [D1-V1] config portchannel member del PortChannel7 Ethernet28
2024-01-06 01:06:36,701 T0199: [D2-V2] config portchannel member del PortChannel7 Ethernet16
2024-01-06 01:06:37,973 T0198: [D1-V1] config portchannel member del PortChannel7 Ethernet24
2024-01-06 01:06:38,023 T0199: [D2-V2] config portchannel member del PortChannel7 Ethernet28
2024-01-06 01:06:39,293 T0198: [D1-V1] config portchannel member del PortChannel7 Ethernet16
2024-01-06 01:06:39,344 T0199: [D2-V2] config portchannel member del PortChannel7 Ethernet24
2024-01-06 01:06:40,614 T0198: [D1-V1] config portchannel member del PortChannel7 Ethernet20
2024-01-06 01:06:40,621 T0199: [D2-V2] config portchannel member del PortChannel7 Ethernet20
2024-01-06 01:06:41,900 T0199: [D2-V2] ['config portchannel del PortChannel7']
2024-01-06 01:06:42,098 T0198: [D1-V1] ['config portchannel del PortChannel7']
2024-01-06 01:06:43,383 T0000: 
================== Module Hook Finalize: switching/test_portchannel.py portchannel_module_hooks ==================
2024-01-06 01:06:43,392 T0200: [D1-V1] config save /tmp/config-db-V1-post-module-epilog-switching-test_portchannel.py.json -y
2024-01-06 01:06:43,396 T0201: [D2-V2] config save /tmp/config-db-V2-post-module-epilog-switching-test_portchannel.py.json -y
2024-01-06 01:06:45,121 T0200: [D1-V1] chmod 777 /tmp/config-db-V1-post-module-epilog-switching-test_portchannel.py.json
2024-01-06 01:06:45,127 T0201: [D2-V2] chmod 777 /tmp/config-db-V2-post-module-epilog-switching-test_portchannel.py.json
2024-01-06 01:06:46,621 T0201: [D2-V2] /sbin/ip link set dev eth0 up
2024-01-06 01:06:46,621 T0200: [D1-V1] /sbin/ip link set dev eth0 up
2024-01-06 01:06:47,300 T0201: [D2-V2] /sbin/ip route list dev eth0
2024-01-06 01:06:47,308 T0200: [D1-V1] /sbin/ip route list dev eth0
2024-01-06 01:06:55,788 T0200: [D1-V1] sudo vtysh -c 'show running-config' > /tmp/vtysh-runcfg-V1-post-module-epilog-switching-test_portchannel.py.txt
2024-01-06 01:06:55,813 T0201: [D2-V2] sudo vtysh -c 'show running-config' > /tmp/vtysh-runcfg-V2-post-module-epilog-switching-test_portchannel.py.txt
2024-01-06 01:06:56,657 T0200: [D1-V1] chmod 777 /tmp/vtysh-runcfg-V1-post-module-epilog-switching-test_portchannel.py.txt
2024-01-06 01:06:56,681 T0201: [D2-V2] chmod 777 /tmp/vtysh-runcfg-V2-post-module-epilog-switching-test_portchannel.py.txt
2024-01-06 01:06:58,133 T0200: [D1-V1] /sbin/ip link set dev eth0 up
2024-01-06 01:06:58,155 T0201: [D2-V2] /sbin/ip link set dev eth0 up
2024-01-06 01:06:58,804 T0200: [D1-V1] /sbin/ip route list dev eth0
2024-01-06 01:06:58,823 T0201: [D2-V2] /sbin/ip route list dev eth0
2024-01-06 01:07:07,338 T0218: [D1-V1] sudo show interfaces status Ethernet124
2024-01-06 01:07:07,346 T0219: [D2-V2] sudo show interfaces status Ethernet124
2024-01-06 01:07:09,984 T0000: 
================== Framework Module Hook Finalize: switching/test_portchannel.py Pass: 2/2 ==================
2024-01-06 01:07:09,985 T0000: 
================== Devices used: switching/test_portchannel.py 2 ['V1', 'V2'] ==================
2024-01-06 01:07:11,035 T0000: 
================== Framework Module Hook: batch/test_spytest_infra_1.py ==================
2024-01-06 01:07:11,055 T0226: [D1-V1] no router bgp
2024-01-06 01:07:11,061 T0227: [D2-V2] no router bgp
2024-01-06 01:07:12,809 T0226: [D1-V1] config feature state sflow enabled
2024-01-06 01:07:12,870 T0227: [D2-V2] config feature state sflow enabled
2024-01-06 01:07:15,008 T0226: [D1-V1] config feature state nat enabled
2024-01-06 01:07:15,118 T0227: [D2-V2] config feature state nat enabled
2024-01-06 01:08:11,534 T0226: [D1-V1] /sbin/ip link set dev eth0 up
2024-01-06 01:08:12,200 T0226: [D1-V1] /sbin/ip route list dev eth0
2024-01-06 01:08:12,400 T0227: [D2-V2] /sbin/ip link set dev eth0 up
2024-01-06 01:08:12,876 T0226: [D1-V1] sudo show interfaces status Ethernet124
2024-01-06 01:08:13,068 T0227: [D2-V2] /sbin/ip route list dev eth0
2024-01-06 01:08:13,742 T0227: [D2-V2] sudo show interfaces status Ethernet124
2024-01-06 01:08:16,294 T0229: [D1-V1] sudo show interfaces status
2024-01-06 01:08:16,296 T0230: [D2-V2] sudo show interfaces status
2024-01-06 01:08:23,254 T0232: [D1-V1] sudo show interfaces status
2024-01-06 01:08:23,256 T0233: [D2-V2] sudo show interfaces status
2024-01-06 01:08:30,319 T0235: [D1-V1] sudo show interfaces status
2024-01-06 01:08:30,321 T0236: [D2-V2] sudo show interfaces status
2024-01-06 01:08:32,274 T0000: 
================== Framework Module Hook Finish: batch/test_spytest_infra_1.py ==================
2024-01-06 01:08:32,275 T0000: 
================== Framework Function Hook: batch/test_spytest_infra_1.py::test_spytest_infra_last ==================
2024-01-06 01:08:36,564 T0240: [D1-V1] sudo show interfaces status
2024-01-06 01:08:36,566 T0241: [D2-V2] sudo show interfaces status
2024-01-06 01:08:38,458 T0242: [D1-V1] sudo show interfaces status Ethernet124
2024-01-06 01:08:38,466 T0243: [D2-V2] sudo show interfaces status Ethernet124
2024-01-06 01:08:41,721 T0000: 
================== Framework Function Hook Finish: batch/test_spytest_infra_1.py::test_spytest_infra_last ==================
2024-01-06 01:08:41,723 T0000: 
================== Test Execution: batch/test_spytest_infra_1.py::test_spytest_infra_last ==================
2024-01-06 01:08:41,749 T0000: 
================== Framework Function Hook Finalize: batch/test_spytest_infra_1.py::test_spytest_infra_last ==================
2024-01-06 01:08:41,758 T0244: [D1-V1] sudo show interfaces status Ethernet124
2024-01-06 01:08:41,761 T0245: [D2-V2] sudo show interfaces status Ethernet124
2024-01-06 01:08:44,322 T0000: 
================== Framework Module Hook Finalize: batch/test_spytest_infra_1.py Pass: 1/1 ==================
2024-01-06 01:08:44,323 T0000: 
================== Devices used: batch/test_spytest_infra_1.py 2 ['V1', 'V2'] ==================
2024-01-06 01:08:45,153 T0000: 
================== Framework Module Hook: system/test_lldp.py ==================
2024-01-06 01:08:45,175 T0252: [D1-V1] no router bgp
2024-01-06 01:08:45,179 T0253: [D2-V2] no router bgp
2024-01-06 01:08:46,939 T0252: [D1-V1] config feature state sflow enabled
2024-01-06 01:08:46,991 T0253: [D2-V2] config feature state sflow enabled
2024-01-06 01:08:49,136 T0252: [D1-V1] config feature state nat enabled
2024-01-06 01:08:49,189 T0253: [D2-V2] config feature state nat enabled
2024-01-06 01:10:56,103 T0252: [D1-V1] /sbin/ip link set dev eth0 up
2024-01-06 01:10:56,772 T0252: [D1-V1] /sbin/ip route list dev eth0
2024-01-06 01:10:57,362 T0253: [D2-V2] /sbin/ip link set dev eth0 up
2024-01-06 01:10:57,448 T0252: [D1-V1] sudo show interfaces status Ethernet124
2024-01-06 01:10:58,032 T0253: [D2-V2] /sbin/ip route list dev eth0
2024-01-06 01:10:58,715 T0253: [D2-V2] sudo show interfaces status Ethernet124
2024-01-06 01:11:01,277 T0255: [D1-V1] sudo show interfaces status
2024-01-06 01:11:01,279 T0256: [D2-V2] sudo show interfaces status
2024-01-06 01:11:08,246 T0258: [D1-V1] sudo show interfaces status
2024-01-06 01:11:08,248 T0259: [D2-V2] sudo show interfaces status
2024-01-06 01:11:15,467 T0261: [D1-V1] sudo show interfaces status
2024-01-06 01:11:15,469 T0262: [D2-V2] sudo show interfaces status
2024-01-06 01:11:22,479 T0264: [D1-V1] sudo show interfaces status
2024-01-06 01:11:22,481 T0265: [D2-V2] sudo show interfaces status
2024-01-06 01:11:24,405 T0266: [D1-V1] config save /tmp/config-db-V1-pre-module-prolog-system-test_lldp.py.json -y
2024-01-06 01:11:24,411 T0267: [D2-V2] config save /tmp/config-db-V2-pre-module-prolog-system-test_lldp.py.json -y
2024-01-06 01:11:26,092 T0266: [D1-V1] chmod 777 /tmp/config-db-V1-pre-module-prolog-system-test_lldp.py.json
2024-01-06 01:11:26,144 T0267: [D2-V2] chmod 777 /tmp/config-db-V2-pre-module-prolog-system-test_lldp.py.json
2024-01-06 01:11:27,562 T0266: [D1-V1] /sbin/ip link set dev eth0 up
2024-01-06 01:11:27,619 T0267: [D2-V2] /sbin/ip link set dev eth0 up
2024-01-06 01:11:28,228 T0266: [D1-V1] /sbin/ip route list dev eth0
2024-01-06 01:11:28,287 T0267: [D2-V2] /sbin/ip route list dev eth0
2024-01-06 01:11:36,665 T0266: [D1-V1] sudo vtysh -c 'show running-config' > /tmp/vtysh-runcfg-V1-pre-module-prolog-system-test_lldp.py.txt
2024-01-06 01:11:36,773 T0267: [D2-V2] sudo vtysh -c 'show running-config' > /tmp/vtysh-runcfg-V2-pre-module-prolog-system-test_lldp.py.txt
2024-01-06 01:11:37,532 T0266: [D1-V1] chmod 777 /tmp/vtysh-runcfg-V1-pre-module-prolog-system-test_lldp.py.txt
2024-01-06 01:11:37,641 T0267: [D2-V2] chmod 777 /tmp/vtysh-runcfg-V2-pre-module-prolog-system-test_lldp.py.txt
2024-01-06 01:11:39,006 T0266: [D1-V1] /sbin/ip link set dev eth0 up
2024-01-06 01:11:39,115 T0267: [D2-V2] /sbin/ip link set dev eth0 up
2024-01-06 01:11:39,679 T0266: [D1-V1] /sbin/ip route list dev eth0
2024-01-06 01:11:39,783 T0267: [D2-V2] /sbin/ip route list dev eth0
2024-01-06 01:11:48,297 T0000: 
================== Framework Module Hook Finish: system/test_lldp.py ==================
2024-01-06 01:11:48,299 T0000: 
================== Module Hook: system/test_lldp.py lldp_snmp_module_hooks ==================
2024-01-06 01:11:48,320 T0000: [D1-V1] /sbin/ifconfig eth0
2024-01-06 01:11:49,060 T0000: [D2-V2] /sbin/ifconfig eth0
2024-01-06 01:11:49,787 T0000: [D1-V1] sudo show interfaces status
2024-01-06 01:11:51,604 T0000: [D2-V2] sudo show interfaces status
2024-01-06 01:11:53,473 T0000: [D1-V1] show lldp neighbors Ethernet16
2024-01-06 01:11:56,218 T0000: [D1-V1] show lldp neighbors Ethernet16
2024-01-06 01:11:59,061 T0000: [D1-V1] show lldp neighbors Ethernet16
2024-01-06 01:12:01,866 T0000: [D1-V1] show lldp neighbors Ethernet16
2024-01-06 01:12:04,720 T0000: [D1-V1] show lldp neighbors Ethernet16
2024-01-06 01:12:07,570 T0000: [D1-V1] show lldp neighbors Ethernet16
2024-01-06 01:12:10,367 T0000: [D1-V1] show lldp neighbors Ethernet16
2024-01-06 01:12:13,214 T0000: [D1-V1] show lldp neighbors Ethernet16
2024-01-06 01:12:16,050 T0000: [D1-V1] show lldp neighbors Ethernet16
2024-01-06 01:12:18,895 T0000: [D1-V1] show lldp neighbors Ethernet16
2024-01-06 01:12:21,697 T0000: [D1-V1] show lldp neighbors Ethernet16
2024-01-06 01:12:24,542 T0000: [D1-V1] show lldp neighbors Ethernet16
2024-01-06 01:12:27,392 T0000: [D1-V1] show lldp neighbors Ethernet16
2024-01-06 01:12:30,249 T0000: [D1-V1] show lldp neighbors Ethernet16
2024-01-06 01:12:33,093 T0000: [D1-V1] show lldp neighbors Ethernet16
2024-01-06 01:12:35,889 T0000: [D1-V1] show lldp neighbors Ethernet16
2024-01-06 01:12:38,736 T0000: [D1-V1] show lldp neighbors Ethernet16
2024-01-06 01:12:41,528 T0000: [D1-V1] show lldp neighbors Ethernet16
2024-01-06 01:12:44,372 T0000: [D1-V1] show lldp neighbors Ethernet16
2024-01-06 01:12:47,231 T0000: [D1-V1] show lldp neighbors Ethernet16
2024-01-06 01:12:50,080 T0000: [D1-V1] show lldp neighbors Ethernet16
2024-01-06 01:12:52,975 T0000: [D1-V1] show lldp neighbors Ethernet16
2024-01-06 01:12:55,764 T0000: [D1-V1] show lldp neighbors Ethernet16
2024-01-06 01:12:58,665 T0000: [D1-V1] show lldp neighbors Ethernet16
2024-01-06 01:13:01,508 T0000: [D1-V1] show lldp neighbors Ethernet16
2024-01-06 01:13:04,309 T0000: [D1-V1] show lldp neighbors Ethernet16
2024-01-06 01:13:07,106 T0000: [D1-V1] show lldp neighbors Ethernet16
2024-01-06 01:13:09,957 T0000: [D1-V1] show lldp neighbors Ethernet16
2024-01-06 01:13:12,800 T0000: [D1-V1] show lldp neighbors Ethernet16
2024-01-06 01:13:15,698 T0000: [D1-V1] show lldp neighbors Ethernet16
2024-01-06 01:13:18,486 T0000: [D1-V1] show lldp neighbors Ethernet16
2024-01-06 01:13:20,324 T0000: 
================== Module Hook Finish: system/test_lldp.py lldp_snmp_module_hooks ==================
2024-01-06 01:13:24,966 T0000: 
================== Module Hook Finalize: system/test_lldp.py lldp_snmp_module_hooks ==================
2024-01-06 01:13:24,973 T0284: [D1-V1] config save /tmp/config-db-V1-post-module-epilog-system-test_lldp.py.json -y
2024-01-06 01:13:24,978 T0285: [D2-V2] config save /tmp/config-db-V2-post-module-epilog-system-test_lldp.py.json -y
2024-01-06 01:13:26,713 T0285: [D2-V2] chmod 777 /tmp/config-db-V2-post-module-epilog-system-test_lldp.py.json
2024-01-06 01:13:26,722 T0284: [D1-V1] chmod 777 /tmp/config-db-V1-post-module-epilog-system-test_lldp.py.json
2024-01-06 01:13:28,189 T0285: [D2-V2] /sbin/ip link set dev eth0 up
2024-01-06 01:13:28,196 T0284: [D1-V1] /sbin/ip link set dev eth0 up
2024-01-06 01:13:28,859 T0285: [D2-V2] /sbin/ip route list dev eth0
2024-01-06 01:13:28,869 T0284: [D1-V1] /sbin/ip route list dev eth0
2024-01-06 01:13:37,334 T0284: [D1-V1] sudo vtysh -c 'show running-config' > /tmp/vtysh-runcfg-V1-post-module-epilog-system-test_lldp.py.txt
2024-01-06 01:13:37,382 T0285: [D2-V2] sudo vtysh -c 'show running-config' > /tmp/vtysh-runcfg-V2-post-module-epilog-system-test_lldp.py.txt
2024-01-06 01:13:38,204 T0284: [D1-V1] chmod 777 /tmp/vtysh-runcfg-V1-post-module-epilog-system-test_lldp.py.txt
2024-01-06 01:13:38,249 T0285: [D2-V2] chmod 777 /tmp/vtysh-runcfg-V2-post-module-epilog-system-test_lldp.py.txt
2024-01-06 01:13:39,680 T0284: [D1-V1] /sbin/ip link set dev eth0 up
2024-01-06 01:13:39,725 T0285: [D2-V2] /sbin/ip link set dev eth0 up
2024-01-06 01:13:40,349 T0284: [D1-V1] /sbin/ip route list dev eth0
2024-01-06 01:13:40,395 T0285: [D2-V2] /sbin/ip route list dev eth0
2024-01-06 01:13:48,926 T0302: [D1-V1] sudo show interfaces status Ethernet124
2024-01-06 01:13:48,934 T0303: [D2-V2] sudo show interfaces status Ethernet124
2024-01-06 01:13:51,499 T0000: 
================== Framework Module Hook Finalize: system/test_lldp.py Pass: 0/0 ==================
2024-01-06 01:13:51,500 T0000: 
================== Devices used: system/test_lldp.py 2 ['V1', 'V2'] ==================
2024-01-06 01:13:52,517 T0000: 
================== Framework Module Hook: batch/test_spytest_infra_1.py ==================
2024-01-06 01:13:52,536 T0310: [D1-V1] no router bgp
2024-01-06 01:13:52,542 T0311: [D2-V2] no router bgp
2024-01-06 01:13:54,312 T0310: [D1-V1] config feature state sflow enabled
2024-01-06 01:13:54,355 T0311: [D2-V2] config feature state sflow enabled
2024-01-06 01:13:56,510 T0310: [D1-V1] config feature state nat enabled
2024-01-06 01:13:56,552 T0311: [D2-V2] config feature state nat enabled
2024-01-06 01:14:51,324 T0310: [D1-V1] /sbin/ip link set dev eth0 up
2024-01-06 01:14:51,364 T0311: [D2-V2] /sbin/ip link set dev eth0 up
2024-01-06 01:14:51,994 T0310: [D1-V1] /sbin/ip route list dev eth0
2024-01-06 01:14:52,031 T0311: [D2-V2] /sbin/ip route list dev eth0
2024-01-06 01:14:52,672 T0310: [D1-V1] sudo show interfaces status Ethernet124
2024-01-06 01:14:52,701 T0311: [D2-V2] sudo show interfaces status Ethernet124
2024-01-06 01:14:55,278 T0313: [D1-V1] sudo show interfaces status
2024-01-06 01:14:55,280 T0314: [D2-V2] sudo show interfaces status
2024-01-06 01:15:02,249 T0316: [D1-V1] sudo show interfaces status
2024-01-06 01:15:02,251 T0317: [D2-V2] sudo show interfaces status
2024-01-06 01:15:09,456 T0319: [D1-V1] sudo show interfaces status
2024-01-06 01:15:09,458 T0320: [D2-V2] sudo show interfaces status
2024-01-06 01:15:11,400 T0000: 
================== Framework Module Hook Finish: batch/test_spytest_infra_1.py ==================
2024-01-06 01:15:11,401 T0000: 
================== Framework Function Hook: batch/test_spytest_infra_1.py::test_spytest_infra_last ==================
2024-01-06 01:15:15,695 T0324: [D1-V1] sudo show interfaces status
2024-01-06 01:15:15,696 T0325: [D2-V2] sudo show interfaces status
2024-01-06 01:15:17,561 T0326: [D1-V1] sudo show interfaces status Ethernet124
2024-01-06 01:15:17,568 T0327: [D2-V2] sudo show interfaces status Ethernet124
2024-01-06 01:15:20,910 T0000: 
================== Framework Function Hook Finish: batch/test_spytest_infra_1.py::test_spytest_infra_last ==================
2024-01-06 01:15:20,912 T0000: 
================== Test Execution: batch/test_spytest_infra_1.py::test_spytest_infra_last ==================
2024-01-06 01:15:20,941 T0000: 
================== Framework Function Hook Finalize: batch/test_spytest_infra_1.py::test_spytest_infra_last ==================
2024-01-06 01:15:20,947 T0328: [D1-V1] sudo show interfaces status Ethernet124
2024-01-06 01:15:20,955 T0329: [D2-V2] sudo show interfaces status Ethernet124
2024-01-06 01:15:23,494 T0000: 
================== Framework Module Hook Finalize: batch/test_spytest_infra_1.py Pass: 1/1 ==================
2024-01-06 01:15:23,494 T0000: 
================== Devices used: batch/test_spytest_infra_1.py 2 ['V1', 'V2'] ==================
2024-01-06 01:15:24,325 T0000: 
================== Framework Module Hook: system/test_interface.py ==================
2024-01-06 01:15:24,345 T0336: [D1-V1] no router bgp
2024-01-06 01:15:24,352 T0337: [D2-V2] no router bgp
2024-01-06 01:15:26,103 T0336: [D1-V1] config feature state sflow enabled
2024-01-06 01:15:26,161 T0337: [D2-V2] config feature state sflow enabled
2024-01-06 01:15:28,303 T0336: [D1-V1] config feature state nat enabled
2024-01-06 01:15:28,409 T0337: [D2-V2] config feature state nat enabled
2024-01-06 01:17:35,325 T0336: [D1-V1] /sbin/ip link set dev eth0 up
2024-01-06 01:17:35,989 T0336: [D1-V1] /sbin/ip route list dev eth0
2024-01-06 01:17:36,533 T0337: [D2-V2] /sbin/ip link set dev eth0 up
2024-01-06 01:17:36,666 T0336: [D1-V1] sudo show interfaces status Ethernet124
2024-01-06 01:17:37,201 T0337: [D2-V2] /sbin/ip route list dev eth0
2024-01-06 01:17:37,880 T0337: [D2-V2] sudo show interfaces status Ethernet124
2024-01-06 01:17:40,342 T0339: [D1-V1] sudo show interfaces status
2024-01-06 01:17:40,344 T0340: [D2-V2] sudo show interfaces status
2024-01-06 01:17:47,298 T0342: [D1-V1] sudo show interfaces status
2024-01-06 01:17:47,301 T0343: [D2-V2] sudo show interfaces status
2024-01-06 01:17:54,398 T0345: [D1-V1] sudo show interfaces status
2024-01-06 01:17:54,400 T0346: [D2-V2] sudo show interfaces status
2024-01-06 01:17:56,397 T0347: [D1-V1] config save /tmp/config-db-V1-pre-module-prolog-system-test_interface.py.json -y
2024-01-06 01:17:56,403 T0348: [D2-V2] config save /tmp/config-db-V2-pre-module-prolog-system-test_interface.py.json -y
2024-01-06 01:17:58,085 T0347: [D1-V1] chmod 777 /tmp/config-db-V1-pre-module-prolog-system-test_interface.py.json
2024-01-06 01:17:58,135 T0348: [D2-V2] chmod 777 /tmp/config-db-V2-pre-module-prolog-system-test_interface.py.json
2024-01-06 01:17:59,560 T0347: [D1-V1] /sbin/ip link set dev eth0 up
2024-01-06 01:17:59,609 T0348: [D2-V2] /sbin/ip link set dev eth0 up
2024-01-06 01:18:00,227 T0347: [D1-V1] /sbin/ip route list dev eth0
2024-01-06 01:18:00,277 T0348: [D2-V2] /sbin/ip route list dev eth0
2024-01-06 01:18:08,708 T0347: [D1-V1] sudo vtysh -c 'show running-config' > /tmp/vtysh-runcfg-V1-pre-module-prolog-system-test_interface.py.txt
2024-01-06 01:18:08,810 T0348: [D2-V2] sudo vtysh -c 'show running-config' > /tmp/vtysh-runcfg-V2-pre-module-prolog-system-test_interface.py.txt
2024-01-06 01:18:09,581 T0347: [D1-V1] chmod 777 /tmp/vtysh-runcfg-V1-pre-module-prolog-system-test_interface.py.txt
2024-01-06 01:18:09,684 T0348: [D2-V2] chmod 777 /tmp/vtysh-runcfg-V2-pre-module-prolog-system-test_interface.py.txt
2024-01-06 01:18:11,062 T0347: [D1-V1] /sbin/ip link set dev eth0 up
2024-01-06 01:18:11,164 T0348: [D2-V2] /sbin/ip link set dev eth0 up
2024-01-06 01:18:11,735 T0347: [D1-V1] /sbin/ip route list dev eth0
2024-01-06 01:18:11,836 T0348: [D2-V2] /sbin/ip route list dev eth0
2024-01-06 01:18:20,319 T0000: 
================== Framework Module Hook Finish: system/test_interface.py ==================
2024-01-06 01:18:20,319 T0000: 
================== Module Hook: system/test_interface.py interface_module_hooks ==================
2024-01-06 01:18:20,321 T0000: [D1-V1] sudo show interfaces status Ethernet0
2024-01-06 01:18:22,116 T0000: [D1-V1] /sbin/ifconfig Ethernet0
2024-01-06 01:18:22,836 T0000: [D1-V1] show platform summary
2024-01-06 01:18:24,157 T0000: [D1-V1] ['config vlan add 1098']
2024-01-06 01:18:25,469 T0000: [D1-V1] config vlan member add 1098 Ethernet0 -u 
2024-01-06 01:18:26,770 T0000: [D1-V1] config vlan member add 1098 Ethernet4 -u 
2024-01-06 01:18:40,187 T0000: 
================== Module Hook Finish: system/test_interface.py interface_module_hooks ==================
2024-01-06 01:18:40,188 T0000: 
================== Framework Function Hook: system/test_interface.py::test_ft_port_fn_verify_shut_noshut ==================
2024-01-06 01:18:40,194 T0365: [D1-V1] config save /tmp/config-db-V1-post-module-prolog-system-test_interface.py.json -y
2024-01-06 01:18:40,199 T0366: [D2-V2] config save /tmp/config-db-V2-post-module-prolog-system-test_interface.py.json -y
2024-01-06 01:18:41,875 T0365: [D1-V1] chmod 777 /tmp/config-db-V1-post-module-prolog-system-test_interface.py.json
2024-01-06 01:18:41,885 T0366: [D2-V2] chmod 777 /tmp/config-db-V2-post-module-prolog-system-test_interface.py.json
2024-01-06 01:18:43,373 T0365: [D1-V1] /sbin/ip link set dev eth0 up
2024-01-06 01:18:43,373 T0366: [D2-V2] /sbin/ip link set dev eth0 up
2024-01-06 01:18:44,049 T0365: [D1-V1] /sbin/ip route list dev eth0
2024-01-06 01:18:44,058 T0366: [D2-V2] /sbin/ip route list dev eth0
2024-01-06 01:18:52,540 T0365: [D1-V1] sudo vtysh -c 'show running-config' > /tmp/vtysh-runcfg-V1-post-module-prolog-system-test_interface.py.txt
2024-01-06 01:18:52,570 T0366: [D2-V2] sudo vtysh -c 'show running-config' > /tmp/vtysh-runcfg-V2-post-module-prolog-system-test_interface.py.txt
2024-01-06 01:18:53,359 T0365: [D1-V1] chmod 777 /tmp/vtysh-runcfg-V1-post-module-prolog-system-test_interface.py.txt
2024-01-06 01:18:53,440 T0366: [D2-V2] chmod 777 /tmp/vtysh-runcfg-V2-post-module-prolog-system-test_interface.py.txt
2024-01-06 01:18:54,834 T0365: [D1-V1] /sbin/ip link set dev eth0 up
2024-01-06 01:18:54,918 T0366: [D2-V2] /sbin/ip link set dev eth0 up
2024-01-06 01:18:55,501 T0365: [D1-V1] /sbin/ip route list dev eth0
2024-01-06 01:18:55,588 T0366: [D2-V2] /sbin/ip route list dev eth0
2024-01-06 01:19:08,386 T0386: [D1-V1] sudo show interfaces status
2024-01-06 01:19:08,388 T0387: [D2-V2] sudo show interfaces status
2024-01-06 01:19:10,257 T0388: [D1-V1] sudo show interfaces status Ethernet124
2024-01-06 01:19:10,264 T0389: [D2-V2] sudo show interfaces status Ethernet124
2024-01-06 01:19:13,577 T0000: 
================== Framework Function Hook Finish: system/test_interface.py::test_ft_port_fn_verify_shut_noshut ==================
2024-01-06 01:19:13,578 T0000: 
================== Function Hook: system/test_interface.py interface_func_hooks ==================
2024-01-06 01:19:13,587 T0000: 
================== Function Hook Finish: system/test_interface.py interface_func_hooks ==================
2024-01-06 01:19:13,588 T0000: 
================== Test Execution: system/test_interface.py::test_ft_port_fn_verify_shut_noshut ==================
2024-01-06 01:19:13,599 T0000: [D1-V1] config interface ip add Ethernet16 11.11.11.11/24
2024-01-06 01:19:14,960 T0000: [D2-V2] config interface ip add Ethernet16 11.11.11.9/24
2024-01-06 01:19:16,262 T0000: [D1-V1] ping -4 11.11.11.9 -c 3 -W 10 
2024-01-06 01:19:18,992 T0000: [D2-V2] ping -4 11.11.11.11 -c 1 
2024-01-06 01:19:19,759 T0000: [D1-V1] config interface shutdown Ethernet16
2024-01-06 01:19:21,121 T0000: [D1-V1] config interface startup Ethernet16
2024-01-06 01:19:22,535 T0000: [D1-V1] config interface shutdown Ethernet16
2024-01-06 01:19:23,855 T0000: [D1-V1] config interface startup Ethernet16
2024-01-06 01:19:25,168 T0000: [D1-V1] config interface shutdown Ethernet16
2024-01-06 01:19:26,491 T0000: [D1-V1] config interface startup Ethernet16
2024-01-06 01:19:27,804 T0000: [D1-V1] ping -4 11.11.11.9 -c 5 -W 10 
2024-01-06 01:19:32,507 T0000: [D2-V2] ping -4 11.11.11.11 -c 1 
2024-01-06 01:20:04,947 T0000: [D1-V1] sudo show interfaces status Ethernet124
2024-01-06 01:20:06,888 T0000: [D1-V1] config interface ip remove Ethernet16 11.11.11.11/24
2024-01-06 01:20:09,274 T0000: 
================== Function Hook Finalize: system/test_interface.py interface_func_hooks ==================
2024-01-06 01:20:09,317 T0000: 
================== Framework Function Hook Finalize: system/test_interface.py::test_ft_port_fn_verify_shut_noshut ==================
2024-01-06 01:20:09,322 T0398: [D1-V1] config save /tmp/config-db-V1-pre-module-epilog-system-test_interface.py.json -y
2024-01-06 01:20:09,327 T0399: [D2-V2] config save /tmp/config-db-V2-pre-module-epilog-system-test_interface.py.json -y
2024-01-06 01:20:11,061 T0399: [D2-V2] chmod 777 /tmp/config-db-V2-pre-module-epilog-system-test_interface.py.json
2024-01-06 01:20:11,113 T0398: [D1-V1] chmod 777 /tmp/config-db-V1-pre-module-epilog-system-test_interface.py.json
2024-01-06 01:20:12,533 T0399: [D2-V2] /sbin/ip link set dev eth0 up
2024-01-06 01:20:12,581 T0398: [D1-V1] /sbin/ip link set dev eth0 up
2024-01-06 01:20:13,203 T0399: [D2-V2] /sbin/ip route list dev eth0
2024-01-06 01:20:13,256 T0398: [D1-V1] /sbin/ip route list dev eth0
2024-01-06 01:20:21,739 T0398: [D1-V1] sudo vtysh -c 'show running-config' > /tmp/vtysh-runcfg-V1-pre-module-epilog-system-test_interface.py.txt
2024-01-06 01:20:21,745 T0399: [D2-V2] sudo vtysh -c 'show running-config' > /tmp/vtysh-runcfg-V2-pre-module-epilog-system-test_interface.py.txt
2024-01-06 01:20:22,619 T0398: [D1-V1] chmod 777 /tmp/vtysh-runcfg-V1-pre-module-epilog-system-test_interface.py.txt
2024-01-06 01:20:22,625 T0399: [D2-V2] chmod 777 /tmp/vtysh-runcfg-V2-pre-module-epilog-system-test_interface.py.txt
2024-01-06 01:20:24,123 T0398: [D1-V1] /sbin/ip link set dev eth0 up
2024-01-06 01:20:24,123 T0399: [D2-V2] /sbin/ip link set dev eth0 up
2024-01-06 01:20:24,804 T0398: [D1-V1] /sbin/ip route list dev eth0
2024-01-06 01:20:24,814 T0399: [D2-V2] /sbin/ip route list dev eth0
2024-01-06 01:20:33,360 T0416: [D1-V1] show vlan config
2024-01-06 01:20:33,363 T0417: [D2-V2] show vlan config
2024-01-06 01:20:34,646 T0417: [D2-V2] []
2024-01-06 01:20:34,700 T0416: [D1-V1] []
2024-01-06 01:20:38,715 T0000: 
================== Module Hook Finalize: system/test_interface.py interface_module_hooks ==================
2024-01-06 01:20:38,724 T0418: [D1-V1] config save /tmp/config-db-V1-post-module-epilog-system-test_interface.py.json -y
2024-01-06 01:20:38,729 T0419: [D2-V2] config save /tmp/config-db-V2-post-module-epilog-system-test_interface.py.json -y
2024-01-06 01:20:40,565 T0419: [D2-V2] chmod 777 /tmp/config-db-V2-post-module-epilog-system-test_interface.py.json
2024-01-06 01:20:40,764 T0418: [D1-V1] chmod 777 /tmp/config-db-V1-post-module-epilog-system-test_interface.py.json
2024-01-06 01:20:42,037 T0419: [D2-V2] /sbin/ip link set dev eth0 up
2024-01-06 01:20:42,242 T0418: [D1-V1] /sbin/ip link set dev eth0 up
2024-01-06 01:20:42,706 T0419: [D2-V2] /sbin/ip route list dev eth0
2024-01-06 01:20:42,908 T0418: [D1-V1] /sbin/ip route list dev eth0
2024-01-06 01:20:51,229 T0419: [D2-V2] sudo vtysh -c 'show running-config' > /tmp/vtysh-runcfg-V2-post-module-epilog-system-test_interface.py.txt
2024-01-06 01:20:51,322 T0418: [D1-V1] sudo vtysh -c 'show running-config' > /tmp/vtysh-runcfg-V1-post-module-epilog-system-test_interface.py.txt
2024-01-06 01:20:52,095 T0419: [D2-V2] chmod 777 /tmp/vtysh-runcfg-V2-post-module-epilog-system-test_interface.py.txt
2024-01-06 01:20:52,189 T0418: [D1-V1] chmod 777 /tmp/vtysh-runcfg-V1-post-module-epilog-system-test_interface.py.txt
2024-01-06 01:20:53,570 T0419: [D2-V2] /sbin/ip link set dev eth0 up
2024-01-06 01:20:53,664 T0418: [D1-V1] /sbin/ip link set dev eth0 up
2024-01-06 01:20:54,237 T0419: [D2-V2] /sbin/ip route list dev eth0
2024-01-06 01:20:54,333 T0418: [D1-V1] /sbin/ip route list dev eth0
2024-01-06 01:21:02,880 T0437: [D2-V2] sudo show interfaces status Ethernet124
2024-01-06 01:21:02,885 T0436: [D1-V1] sudo show interfaces status Ethernet124
2024-01-06 01:21:05,559 T0000: 
================== Framework Module Hook Finalize: system/test_interface.py Pass: 0/1 ==================
2024-01-06 01:21:05,559 T0000: 
================== Devices used: system/test_interface.py 2 ['V1', 'V2'] ==================
2024-01-06 01:21:06,483 T0000: 
================== Framework Module Hook: batch/test_spytest_infra_1.py ==================
2024-01-06 01:21:06,500 T0444: [D1-V1] no router bgp
2024-01-06 01:21:06,506 T0445: [D2-V2] no router bgp
2024-01-06 01:21:08,313 T0444: [D1-V1] config feature state sflow enabled
2024-01-06 01:21:08,319 T0445: [D2-V2] config feature state sflow enabled
2024-01-06 01:21:10,520 T0445: [D2-V2] config feature state nat enabled
2024-01-06 01:21:10,563 T0444: [D1-V1] config feature state nat enabled
2024-01-06 01:22:07,738 T0445: [D2-V2] /sbin/ip link set dev eth0 up
2024-01-06 01:22:08,404 T0445: [D2-V2] /sbin/ip route list dev eth0
2024-01-06 01:22:09,078 T0445: [D2-V2] sudo show interfaces status Ethernet124
2024-01-06 01:23:05,458 T0444: [D1-V1] /sbin/ip link set dev eth0 up
2024-01-06 01:23:06,128 T0444: [D1-V1] /sbin/ip route list dev eth0
2024-01-06 01:23:06,803 T0444: [D1-V1] sudo show interfaces status Ethernet124
2024-01-06 01:23:09,395 T0447: [D1-V1] sudo show interfaces status
2024-01-06 01:23:09,398 T0448: [D2-V2] sudo show interfaces status
2024-01-06 01:23:16,402 T0450: [D1-V1] sudo show interfaces status
2024-01-06 01:23:16,405 T0451: [D2-V2] sudo show interfaces status
2024-01-06 01:23:23,531 T0453: [D1-V1] sudo show interfaces status
2024-01-06 01:23:23,533 T0454: [D2-V2] sudo show interfaces status
2024-01-06 01:23:25,555 T0000: 
================== Framework Module Hook Finish: batch/test_spytest_infra_1.py ==================
2024-01-06 01:23:25,556 T0000: 
================== Framework Function Hook: batch/test_spytest_infra_1.py::test_spytest_infra_last ==================
2024-01-06 01:23:29,849 T0458: [D1-V1] sudo show interfaces status
2024-01-06 01:23:29,851 T0459: [D2-V2] sudo show interfaces status
2024-01-06 01:23:31,756 T0460: [D1-V1] sudo show interfaces status Ethernet124
2024-01-06 01:23:31,760 T0461: [D2-V2] sudo show interfaces status Ethernet124
2024-01-06 01:23:35,149 T0000: 
================== Framework Function Hook Finish: batch/test_spytest_infra_1.py::test_spytest_infra_last ==================
2024-01-06 01:23:35,151 T0000: 
================== Test Execution: batch/test_spytest_infra_1.py::test_spytest_infra_last ==================
2024-01-06 01:23:35,177 T0000: 
================== Framework Function Hook Finalize: batch/test_spytest_infra_1.py::test_spytest_infra_last ==================
2024-01-06 01:23:35,184 T0462: [D1-V1] sudo show interfaces status Ethernet124
2024-01-06 01:23:35,187 T0463: [D2-V2] sudo show interfaces status Ethernet124
2024-01-06 01:23:37,803 T0000: 
================== Framework Module Hook Finalize: batch/test_spytest_infra_1.py Pass: 1/1 ==================
2024-01-06 01:23:37,803 T0000: 
================== Devices used: batch/test_spytest_infra_1.py 2 ['V2', 'V1'] ==================
2024-01-06 01:23:37,918 T0468: [D1-V1] ['stty cols 80']
2024-01-06 01:23:37,920 T0469: [D2-V2] ['stty cols 80']
