2023-12-31 00:29:32,682 T0002: [D1-V2] ['export TMOUT=0', 'stty cols 5000', 'uptime']
2023-12-31 00:29:33,349 T0002: [D1-V2] cat /proc/uptime
2023-12-31 00:29:34,016 T0002: [D1-V2] sudo vtysh -c 'show running-config | include hostname'
2023-12-31 00:29:40,241 T0002: [D1-V2] /sbin/ip link set dev eth0 up
2023-12-31 00:29:40,903 T0002: [D1-V2] /sbin/ip route list dev eth0
2023-12-31 00:29:41,575 T0002: [D1-V2] ['export TMOUT=0', 'stty cols 5000', 'uptime']
2023-12-31 00:29:43,707 T0002: [D1-V2] /sbin/ip link set dev eth0 up
2023-12-31 00:29:44,373 T0002: [D1-V2] /sbin/ip route list dev eth0
2023-12-31 00:29:45,715 T0002: [D1-V2] show version
2023-12-31 00:29:47,898 T0002: [D1-V2] /sbin/ip link set dev eth0 up
2023-12-31 00:29:48,567 T0002: [D1-V2] /sbin/ip route list dev eth0
2023-12-31 00:29:50,713 T0002: [D1-V2] /sbin/ip link set dev eth0 up
2023-12-31 00:29:51,377 T0002: [D1-V2] /sbin/ip route list dev eth0
2023-12-31 00:31:25,796 T0000: [D1-V2] sudo show interfaces status
2023-12-31 00:31:27,744 T0000: [D1-V2] config interface startup Ethernet0
2023-12-31 00:31:29,057 T0000: [D1-V2] config interface startup Ethernet4
2023-12-31 00:31:30,364 T0000: [D1-V2] config interface startup Ethernet8
2023-12-31 00:31:31,677 T0000: [D1-V2] config interface startup Ethernet12
2023-12-31 00:31:33,005 T0000: [D1-V2] config interface shutdown Ethernet16
2023-12-31 00:31:34,361 T0000: [D1-V2] config interface shutdown Ethernet20
2023-12-31 00:31:35,671 T0000: [D1-V2] config interface shutdown Ethernet24
2023-12-31 00:31:37,080 T0000: [D1-V2] config interface shutdown Ethernet28
2023-12-31 00:31:38,390 T0000: [D1-V2] config interface shutdown Ethernet32
2023-12-31 00:31:39,705 T0000: [D1-V2] config interface shutdown Ethernet36
2023-12-31 00:31:41,012 T0000: [D1-V2] config interface shutdown Ethernet40
2023-12-31 00:31:42,320 T0000: [D1-V2] config interface shutdown Ethernet44
2023-12-31 00:31:43,677 T0000: [D1-V2] config interface shutdown Ethernet48
2023-12-31 00:31:44,989 T0000: [D1-V2] config interface shutdown Ethernet52
2023-12-31 00:31:46,241 T0000: [D1-V2] config interface shutdown Ethernet56
2023-12-31 00:31:47,549 T0000: [D1-V2] config interface shutdown Ethernet60
2023-12-31 00:31:48,854 T0000: [D1-V2] config interface shutdown Ethernet64
2023-12-31 00:31:50,166 T0000: [D1-V2] config interface shutdown Ethernet68
2023-12-31 00:31:51,477 T0000: [D1-V2] config interface shutdown Ethernet72
2023-12-31 00:31:52,735 T0000: [D1-V2] config interface shutdown Ethernet76
2023-12-31 00:31:54,043 T0000: [D1-V2] config interface shutdown Ethernet80
2023-12-31 00:31:55,353 T0000: [D1-V2] config interface shutdown Ethernet84
2023-12-31 00:31:56,664 T0000: [D1-V2] config interface shutdown Ethernet88
2023-12-31 00:31:57,938 T0000: [D1-V2] config interface shutdown Ethernet92
2023-12-31 00:31:59,260 T0000: [D1-V2] config interface shutdown Ethernet96
2023-12-31 00:32:00,529 T0000: [D1-V2] config interface shutdown Ethernet100
2023-12-31 00:32:01,837 T0000: [D1-V2] config interface shutdown Ethernet104
2023-12-31 00:32:03,141 T0000: [D1-V2] config interface shutdown Ethernet108
2023-12-31 00:32:04,393 T0000: [D1-V2] config interface shutdown Ethernet112
2023-12-31 00:32:05,657 T0000: [D1-V2] config interface shutdown Ethernet116
2023-12-31 00:32:06,913 T0000: [D1-V2] config interface shutdown Ethernet120
2023-12-31 00:32:08,220 T0000: [D1-V2] config interface shutdown Ethernet124
2023-12-31 00:32:15,620 T0000: [D1-V2] show version
2023-12-31 00:32:17,749 T0000: [D1-V2] cat /var/run/redis/sonic-db/database_config.json
2023-12-31 00:32:18,483 T0000: [D1-V2] /sbin/ifconfig eth0
2023-12-31 00:32:19,204 T0000: [D1-V2] ls /etc/sonic/bcmsim.cfg
2023-12-31 00:32:19,943 T0000: [D1-V2] no router bgp
2023-12-31 00:32:21,798 T0000: [D1-V2] config feature state sflow enabled
2023-12-31 00:32:24,099 T0000: [D1-V2] config feature state nat enabled
2023-12-31 00:32:28,530 T0000: [D1-V2] config save /tmp/config-db-V2-post-session-prolog-session.json -y
2023-12-31 00:32:30,241 T0000: [D1-V2] chmod 777 /tmp/config-db-V2-post-session-prolog-session.json
2023-12-31 00:32:31,770 T0000: [D1-V2] /sbin/ip link set dev eth0 up
2023-12-31 00:32:32,483 T0000: [D1-V2] /sbin/ip route list dev eth0
2023-12-31 00:32:41,019 T0000: [D1-V2] sudo vtysh -c 'show running-config' > /tmp/vtysh-runcfg-V2-post-session-prolog-session.txt
2023-12-31 00:32:41,933 T0000: [D1-V2] chmod 777 /tmp/vtysh-runcfg-V2-post-session-prolog-session.txt
2023-12-31 00:32:43,474 T0000: [D1-V2] /sbin/ip link set dev eth0 up
2023-12-31 00:32:44,181 T0000: [D1-V2] /sbin/ip route list dev eth0
2023-12-31 00:32:53,158 T0000: 
================== Framework Module Hook: batch/test_spytest_infra_1.py ==================
2023-12-31 00:32:53,171 T0012: [D1-V2] sudo show interfaces status Ethernet124
2023-12-31 00:32:55,686 T0013: [D1-V2] sudo show interfaces status
2023-12-31 00:32:57,578 T0000: 
================== Framework Module Hook Finish: batch/test_spytest_infra_1.py ==================
2023-12-31 00:32:57,580 T0000: 
================== Framework Function Hook: batch/test_spytest_infra_1.py::test_spytest_infra_first ==================
2023-12-31 00:33:01,884 T0014: [D1-V2] sudo show interfaces status
2023-12-31 00:33:03,745 T0000: [D1-V2] sudo show interfaces status Ethernet124
2023-12-31 00:33:06,851 T0000: 
================== Framework Function Hook Finish: batch/test_spytest_infra_1.py::test_spytest_infra_first ==================
2023-12-31 00:33:06,855 T0000: 
================== Test Execution: batch/test_spytest_infra_1.py::test_spytest_infra_first ==================
2023-12-31 00:33:06,873 T0000: 
================== Framework Function Hook Finalize: batch/test_spytest_infra_1.py::test_spytest_infra_first ==================
2023-12-31 00:33:07,077 T0000: 
================== Framework Function Hook: batch/test_spytest_infra_1.py::test_spytest_infra_second ==================
2023-12-31 00:33:07,094 T0015: [D1-V2] sudo show interfaces status
2023-12-31 00:33:08,896 T0000: [D1-V2] sudo show interfaces status Ethernet124
2023-12-31 00:33:11,745 T0000: 
================== Framework Function Hook Finish: batch/test_spytest_infra_1.py::test_spytest_infra_second ==================
2023-12-31 00:33:11,747 T0000: 
================== Test Execution: batch/test_spytest_infra_1.py::test_spytest_infra_second ==================
2023-12-31 00:33:11,766 T0000: 
================== Framework Function Hook Finalize: batch/test_spytest_infra_1.py::test_spytest_infra_second ==================
2023-12-31 00:33:11,780 T0000: [D1-V2] sudo show interfaces status Ethernet124
2023-12-31 00:33:14,308 T0000: 
================== Framework Module Hook Finalize: batch/test_spytest_infra_1.py Pass: 2/2 ==================
2023-12-31 00:33:14,311 T0000: 
================== Devices used: batch/test_spytest_infra_1.py 1 ['V2'] ==================
2023-12-31 00:33:14,731 T0000: 
================== Framework Module Hook: routing/NAT/test_nat.py ==================
2023-12-31 00:33:14,744 T0016: [D1-V2] sudo show interfaces status Ethernet124
2023-12-31 00:33:17,153 T0017: [D1-V2] sudo show interfaces status
2023-12-31 00:33:18,996 T0000: [D1-V2] config save /tmp/config-db-V2-pre-module-prolog-routing-NAT-test_nat.py.json -y
2023-12-31 00:33:20,668 T0000: [D1-V2] chmod 777 /tmp/config-db-V2-pre-module-prolog-routing-NAT-test_nat.py.json
2023-12-31 00:33:22,201 T0000: [D1-V2] /sbin/ip link set dev eth0 up
2023-12-31 00:33:22,912 T0000: [D1-V2] /sbin/ip route list dev eth0
2023-12-31 00:33:31,513 T0000: [D1-V2] sudo vtysh -c 'show running-config' > /tmp/vtysh-runcfg-V2-pre-module-prolog-routing-NAT-test_nat.py.txt
2023-12-31 00:33:32,468 T0000: [D1-V2] chmod 777 /tmp/vtysh-runcfg-V2-pre-module-prolog-routing-NAT-test_nat.py.txt
2023-12-31 00:33:34,000 T0000: [D1-V2] /sbin/ip link set dev eth0 up
2023-12-31 00:33:34,712 T0000: [D1-V2] /sbin/ip route list dev eth0
2023-12-31 00:33:43,318 T0000: 
================== Framework Module Hook Finish: routing/NAT/test_nat.py ==================
2023-12-31 00:33:43,319 T0000: 
================== Module Hook: routing/NAT/test_nat.py nat_module_config ==================
2023-12-31 00:33:43,325 T0000: [D1-V2] show platform summary
2023-12-31 00:33:44,605 T0026: [D1-V2] config interface ip add Ethernet0 12.12.0.1/16
2023-12-31 00:33:45,876 T0026: [D1-V2] config interface ip add Ethernet4 125.56.90.12/24
2023-12-31 00:33:47,145 T0026: [D1-V2] config interface ip add Ethernet4 125.56.90.13/24
2023-12-31 00:33:48,368 T0026: [D1-V2] config interface ip add Ethernet4 125.56.90.14/24
2023-12-31 00:33:49,791 T0026: [D1-V2] config interface ip add Ethernet4 125.56.90.15/24
2023-12-31 00:33:51,013 T0026: [D1-V2] config interface ip add Ethernet4 125.56.90.23/24
2023-12-31 00:33:52,235 T0026: [D1-V2] config interface ip add Ethernet4 125.56.90.24/24
2023-12-31 00:33:53,459 T0026: [D1-V2] /sbin/ifconfig Ethernet0
2023-12-31 00:33:54,139 T0026: [D1-V2] ip route 129.2.30.0/24 125.56.90.1
2023-12-31 00:33:55,935 T0026: [D1-V2] ip route 88.98.128.0/24 12.12.0.2
2023-12-31 00:33:56,601 T0026: [D1-V2] ip route 99.99.99.0/24 125.56.90.1
2023-12-31 00:33:57,317 T0026: [D1-V2] config nat feature enable
2023-12-31 00:33:59,513 T0026: [D1-V2] config nat add interface Ethernet0 -nat_zone 0
2023-12-31 00:34:00,733 T0026: [D1-V2] config nat add interface Ethernet4 -nat_zone 1
2023-12-31 00:34:01,953 T0026: [D1-V2] config nat add static basic 125.56.90.12 12.12.0.2  -nat_type dnat
2023-12-31 00:34:03,224 T0026: [D1-V2] config nat add static tcp 125.56.90.13 100 12.12.0.3 1002 -nat_type dnat
2023-12-31 00:34:04,443 T0026: [D1-V2] config nat add static udp 12.12.0.4 7781 125.56.90.14 7811 -nat_type snat
2023-12-31 00:34:05,660 T0026: [D1-V2] config nat add static basic 88.98.128.2 11.11.11.2  -nat_type snat
2023-12-31 00:34:06,880 T0026: [D1-V2] config nat add static basic 125.56.90.15 12.12.0.5  -nat_type dnat -twice_nat_id 100
2023-12-31 00:34:08,151 T0026: [D1-V2] config nat add static basic 99.99.99.1 15.15.0.1  -nat_type snat -twice_nat_id 100
2023-12-31 00:34:09,372 T0026: [D1-V2] show nat translations
2023-12-31 00:34:10,722 T0026: [D1-V2] config nat add pool pool_123_nat  125.56.90.23-125.56.90.24 333-334
2023-12-31 00:34:11,941 T0026: [D1-V2] config nat add binding bind_1 pool_123_nat
2023-12-31 00:34:22,873 T0000: 
================== Module Hook Finish: routing/NAT/test_nat.py nat_module_config ==================
2023-12-31 00:34:22,875 T0000: 
================== Framework Function Hook: routing/NAT/test_nat.py::test_ft_nat_docker_restart ==================
2023-12-31 00:34:22,889 T0000: [D1-V2] config save /tmp/config-db-V2-post-module-prolog-routing-NAT-test_nat.py.json -y
2023-12-31 00:34:24,557 T0000: [D1-V2] chmod 777 /tmp/config-db-V2-post-module-prolog-routing-NAT-test_nat.py.json
2023-12-31 00:34:26,097 T0000: [D1-V2] /sbin/ip link set dev eth0 up
2023-12-31 00:34:26,805 T0000: [D1-V2] /sbin/ip route list dev eth0
2023-12-31 00:34:35,382 T0000: [D1-V2] sudo vtysh -c 'show running-config' > /tmp/vtysh-runcfg-V2-post-module-prolog-routing-NAT-test_nat.py.txt
2023-12-31 00:34:36,288 T0000: [D1-V2] chmod 777 /tmp/vtysh-runcfg-V2-post-module-prolog-routing-NAT-test_nat.py.txt
2023-12-31 00:34:37,819 T0000: [D1-V2] /sbin/ip link set dev eth0 up
2023-12-31 00:34:38,527 T0000: [D1-V2] /sbin/ip route list dev eth0
2023-12-31 00:34:51,366 T0035: [D1-V2] sudo show interfaces status
2023-12-31 00:34:53,213 T0000: [D1-V2] sudo show interfaces status Ethernet124
2023-12-31 00:34:56,126 T0000: 
================== Framework Function Hook Finish: routing/NAT/test_nat.py::test_ft_nat_docker_restart ==================
2023-12-31 00:34:56,127 T0000: 
================== Function Hook: routing/NAT/test_nat.py nat_func_hooks ==================
2023-12-31 00:34:56,141 T0000: [D1-V2] sonic-clear counters
2023-12-31 00:34:57,855 T0000: [D1-V2] sonic-clear nat statistics
2023-12-31 00:34:59,164 T0000: 
================== Function Hook Finish: routing/NAT/test_nat.py nat_func_hooks ==================
2023-12-31 00:34:59,165 T0000: 
================== Test Execution: routing/NAT/test_nat.py::test_ft_nat_docker_restart ==================
2023-12-31 00:35:08,216 T0000: [D1-V2] systemctl stop nat
2023-12-31 00:35:24,136 T0000: [D1-V2] systemctl start nat
2023-12-31 00:35:35,452 T0000: [D1-V2] show nat translations
2023-12-31 00:35:36,949 T0000: [D1-V2] show nat translations
2023-12-31 00:35:38,444 T0000: 
================== Function Hook Finalize: routing/NAT/test_nat.py nat_func_hooks ==================
2023-12-31 00:35:38,466 T0000: 
================== Framework Function Hook Finalize: routing/NAT/test_nat.py::test_ft_nat_docker_restart ==================
2023-12-31 00:35:38,474 T0000: [D1-V2] config save /tmp/config-db-V2-pre-module-epilog-routing-NAT-test_nat.py.json -y
2023-12-31 00:35:40,186 T0000: [D1-V2] chmod 777 /tmp/config-db-V2-pre-module-epilog-routing-NAT-test_nat.py.json
2023-12-31 00:35:41,720 T0000: [D1-V2] /sbin/ip link set dev eth0 up
2023-12-31 00:35:42,425 T0000: [D1-V2] /sbin/ip route list dev eth0
2023-12-31 00:35:50,984 T0000: [D1-V2] sudo vtysh -c 'show running-config' > /tmp/vtysh-runcfg-V2-pre-module-epilog-routing-NAT-test_nat.py.txt
2023-12-31 00:35:51,937 T0000: [D1-V2] chmod 777 /tmp/vtysh-runcfg-V2-pre-module-epilog-routing-NAT-test_nat.py.txt
2023-12-31 00:35:53,461 T0000: [D1-V2] /sbin/ip link set dev eth0 up
2023-12-31 00:35:54,173 T0000: [D1-V2] /sbin/ip route list dev eth0
2023-12-31 00:36:02,718 T0000: [D1-V2] config nat remove interface Ethernet0
2023-12-31 00:36:04,032 T0000: [D1-V2] config nat remove interface Ethernet4
2023-12-31 00:36:05,344 T0000: [D1-V2] sudo config nat remove static all;sudo config nat remove bindings;sudo config nat remove pools;
2023-12-31 00:36:08,042 T0000: [D1-V2] config nat feature disable
2023-12-31 00:36:09,357 T0000: [D1-V2] no ip route 129.2.30.0/24 125.56.90.1
2023-12-31 00:36:11,249 T0000: [D1-V2] show ip interface
2023-12-31 00:36:14,142 T0000: [D1-V2] config interface ip remove Ethernet0 12.12.0.1/16
2023-12-31 00:36:15,687 T0000: 
================== Module Hook Finalize: routing/NAT/test_nat.py nat_module_config ==================
2023-12-31 00:36:15,695 T0000: [D1-V2] config save /tmp/config-db-V2-post-module-epilog-routing-NAT-test_nat.py.json -y
2023-12-31 00:36:17,459 T0000: [D1-V2] chmod 777 /tmp/config-db-V2-post-module-epilog-routing-NAT-test_nat.py.json
2023-12-31 00:36:18,988 T0000: [D1-V2] /sbin/ip link set dev eth0 up
2023-12-31 00:36:19,692 T0000: [D1-V2] /sbin/ip route list dev eth0
2023-12-31 00:36:28,268 T0000: [D1-V2] sudo vtysh -c 'show running-config' > /tmp/vtysh-runcfg-V2-post-module-epilog-routing-NAT-test_nat.py.txt
2023-12-31 00:36:29,224 T0000: [D1-V2] chmod 777 /tmp/vtysh-runcfg-V2-post-module-epilog-routing-NAT-test_nat.py.txt
2023-12-31 00:36:30,752 T0000: [D1-V2] /sbin/ip link set dev eth0 up
2023-12-31 00:36:31,465 T0000: [D1-V2] /sbin/ip route list dev eth0
2023-12-31 00:36:40,040 T0000: [D1-V2] sudo show interfaces status Ethernet124
2023-12-31 00:36:42,675 T0000: 
================== Framework Module Hook Finalize: routing/NAT/test_nat.py Pass: 1/1 ==================
2023-12-31 00:36:42,676 T0000: 
================== Devices used: routing/NAT/test_nat.py 1 ['V2'] ==================
2023-12-31 00:36:43,835 T0000: 
================== Framework Module Hook: batch/test_spytest_infra_1.py ==================
2023-12-31 00:36:43,849 T0052: [D1-V2] no router bgp
2023-12-31 00:36:45,608 T0052: [D1-V2] config feature state sflow enabled
2023-12-31 00:36:47,754 T0052: [D1-V2] config feature state nat enabled
2023-12-31 00:38:00,586 T0052: [D1-V2] /sbin/ip link set dev eth0 up
2023-12-31 00:38:01,254 T0052: [D1-V2] /sbin/ip route list dev eth0
2023-12-31 00:38:01,935 T0052: [D1-V2] sudo show interfaces status Ethernet124
2023-12-31 00:38:04,344 T0053: [D1-V2] sudo show interfaces status
2023-12-31 00:38:06,143 T0000: 
================== Framework Module Hook Finish: batch/test_spytest_infra_1.py ==================
2023-12-31 00:38:06,145 T0000: 
================== Framework Function Hook: batch/test_spytest_infra_1.py::test_spytest_infra_last ==================
2023-12-31 00:38:10,445 T0054: [D1-V2] sudo show interfaces status
2023-12-31 00:38:12,208 T0000: [D1-V2] sudo show interfaces status Ethernet124
2023-12-31 00:38:15,060 T0000: 
================== Framework Function Hook Finish: batch/test_spytest_infra_1.py::test_spytest_infra_last ==================
2023-12-31 00:38:15,062 T0000: 
================== Test Execution: batch/test_spytest_infra_1.py::test_spytest_infra_last ==================
2023-12-31 00:38:15,080 T0000: 
================== Framework Function Hook Finalize: batch/test_spytest_infra_1.py::test_spytest_infra_last ==================
2023-12-31 00:38:15,095 T0000: [D1-V2] sudo show interfaces status Ethernet124
2023-12-31 00:38:17,624 T0000: 
================== Framework Module Hook Finalize: batch/test_spytest_infra_1.py Pass: 1/1 ==================
2023-12-31 00:38:17,625 T0000: 
================== Devices used: batch/test_spytest_infra_1.py 1 ['V2'] ==================
2023-12-31 00:38:18,036 T0000: 
================== Framework Module Hook: routing/test_ndp.py ==================
2023-12-31 00:38:18,050 T0055: [D1-V2] no router bgp
2023-12-31 00:38:19,806 T0055: [D1-V2] config feature state sflow enabled
2023-12-31 00:38:22,056 T0055: [D1-V2] config feature state nat enabled
2023-12-31 00:40:36,124 T0055: [D1-V2] /sbin/ip link set dev eth0 up
2023-12-31 00:40:36,793 T0055: [D1-V2] /sbin/ip route list dev eth0
2023-12-31 00:40:37,474 T0055: [D1-V2] sudo show interfaces status Ethernet124
2023-12-31 00:40:39,883 T0056: [D1-V2] sudo show interfaces status
2023-12-31 00:40:41,679 T0000: [D1-V2] config save /tmp/config-db-V2-pre-module-prolog-routing-test_ndp.py.json -y
2023-12-31 00:40:43,341 T0000: [D1-V2] chmod 777 /tmp/config-db-V2-pre-module-prolog-routing-test_ndp.py.json
2023-12-31 00:40:44,870 T0000: [D1-V2] /sbin/ip link set dev eth0 up
2023-12-31 00:40:45,585 T0000: [D1-V2] /sbin/ip route list dev eth0
2023-12-31 00:40:54,165 T0000: [D1-V2] sudo vtysh -c 'show running-config' > /tmp/vtysh-runcfg-V2-pre-module-prolog-routing-test_ndp.py.txt
2023-12-31 00:40:55,121 T0000: [D1-V2] chmod 777 /tmp/vtysh-runcfg-V2-pre-module-prolog-routing-test_ndp.py.txt
2023-12-31 00:40:56,648 T0000: [D1-V2] /sbin/ip link set dev eth0 up
2023-12-31 00:40:57,358 T0000: [D1-V2] /sbin/ip route list dev eth0
2023-12-31 00:41:05,943 T0000: 
================== Framework Module Hook Finish: routing/test_ndp.py ==================
2023-12-31 00:41:05,944 T0000: 
================== Module Hook: routing/test_ndp.py ndp_module_hooks ==================
2023-12-31 00:41:05,955 T0000: [D1-V2] config interface ip add Ethernet0 2001::1/64
2023-12-31 00:41:07,264 T0000: [D1-V2] ['config vlan add 64']
2023-12-31 00:41:08,581 T0000: [D1-V2] config vlan member add 64 Ethernet4
2023-12-31 00:41:09,900 T0000: [D1-V2] config interface ip add Vlan64 3001::1/64
2023-12-31 00:42:14,984 T0000: 
================== Module Hook Finish: routing/test_ndp.py ndp_module_hooks ==================
2023-12-31 00:42:14,988 T0000: 
================== Framework Function Hook: routing/test_ndp.py::test_ft_ipv6_neighbor_entry ==================
2023-12-31 00:42:15,005 T0000: [D1-V2] config save /tmp/config-db-V2-post-module-prolog-routing-test_ndp.py.json -y
2023-12-31 00:42:16,717 T0000: [D1-V2] chmod 777 /tmp/config-db-V2-post-module-prolog-routing-test_ndp.py.json
2023-12-31 00:42:18,248 T0000: [D1-V2] /sbin/ip link set dev eth0 up
2023-12-31 00:42:18,965 T0000: [D1-V2] /sbin/ip route list dev eth0
2023-12-31 00:42:27,563 T0000: [D1-V2] sudo vtysh -c 'show running-config' > /tmp/vtysh-runcfg-V2-post-module-prolog-routing-test_ndp.py.txt
2023-12-31 00:42:28,518 T0000: [D1-V2] chmod 777 /tmp/vtysh-runcfg-V2-post-module-prolog-routing-test_ndp.py.txt
2023-12-31 00:42:30,048 T0000: [D1-V2] /sbin/ip link set dev eth0 up
2023-12-31 00:42:30,757 T0000: [D1-V2] /sbin/ip route list dev eth0
2023-12-31 00:42:43,680 T0073: [D1-V2] sudo show interfaces status
2023-12-31 00:42:45,486 T0000: [D1-V2] sudo show interfaces status Ethernet124
2023-12-31 00:42:48,445 T0000: 
================== Framework Function Hook Finish: routing/test_ndp.py::test_ft_ipv6_neighbor_entry ==================
2023-12-31 00:42:48,446 T0000: 
================== Function Hook: routing/test_ndp.py ndp_func_hooks ==================
2023-12-31 00:42:48,449 T0000: 
================== Function Hook Finish: routing/test_ndp.py ndp_func_hooks ==================
2023-12-31 00:42:48,450 T0000: 
================== Test Execution: routing/test_ndp.py::test_ft_ipv6_neighbor_entry ==================
2023-12-31 00:42:48,451 T0000: [D1-V2] show ndp
2023-12-31 00:42:50,104 T0000: [D1-V2] show ndp | grep 'Total number of entries'
2023-12-31 00:42:51,728 T0000: [D1-V2] sonic-clear ndp
2023-12-31 00:42:55,997 T0000: [D1-V2] show ndp | grep 'Total number of entries'
2023-12-31 00:42:57,628 T0000: [D1-V2] ip -6 neighbor replace 2001::500 lladdr 00:0c:01:01:23:01 dev Ethernet0
2023-12-31 00:42:58,331 T0000: [D1-V2] show ndp | grep 'Total number of entries'
2023-12-31 00:42:59,955 T0000: [D1-V2] ip -6 neighbor del 2001::500 lladdr 00:0c:01:01:23:01 dev Ethernet0
2023-12-31 00:43:00,661 T0000: 
================== Function Hook Finalize: routing/test_ndp.py ndp_func_hooks ==================
2023-12-31 00:43:00,679 T0000: 
================== Framework Function Hook Finalize: routing/test_ndp.py::test_ft_ipv6_neighbor_entry ==================
2023-12-31 00:43:00,687 T0000: [D1-V2] config save /tmp/config-db-V2-pre-module-epilog-routing-test_ndp.py.json -y
2023-12-31 00:43:02,405 T0000: [D1-V2] chmod 777 /tmp/config-db-V2-pre-module-epilog-routing-test_ndp.py.json
2023-12-31 00:43:03,935 T0000: [D1-V2] /sbin/ip link set dev eth0 up
2023-12-31 00:43:04,643 T0000: [D1-V2] /sbin/ip route list dev eth0
2023-12-31 00:43:13,230 T0000: [D1-V2] sudo vtysh -c 'show running-config' > /tmp/vtysh-runcfg-V2-pre-module-epilog-routing-test_ndp.py.txt
2023-12-31 00:43:14,184 T0000: [D1-V2] chmod 777 /tmp/vtysh-runcfg-V2-pre-module-epilog-routing-test_ndp.py.txt
2023-12-31 00:43:15,720 T0000: [D1-V2] /sbin/ip link set dev eth0 up
2023-12-31 00:43:16,428 T0000: [D1-V2] /sbin/ip route list dev eth0
2023-12-31 00:43:25,013 T0000: [D1-V2] show ipv6 interface
2023-12-31 00:43:26,881 T0000: [D1-V2] config interface ip remove Ethernet0 2001::1/64
2023-12-31 00:43:28,557 T0000: [D1-V2] config interface ip remove Vlan64 3001::1/64
2023-12-31 00:43:30,216 T0000: [D1-V2] show vlan config
2023-12-31 00:43:31,550 T0000: [D1-V2] []
2023-12-31 00:43:31,550 T0000: 
================== Module Hook Finalize: routing/test_ndp.py ndp_module_hooks ==================
2023-12-31 00:43:31,558 T0000: [D1-V2] config save /tmp/config-db-V2-post-module-epilog-routing-test_ndp.py.json -y
2023-12-31 00:43:33,422 T0000: [D1-V2] chmod 777 /tmp/config-db-V2-post-module-epilog-routing-test_ndp.py.json
2023-12-31 00:43:34,955 T0000: [D1-V2] /sbin/ip link set dev eth0 up
2023-12-31 00:43:35,663 T0000: [D1-V2] /sbin/ip route list dev eth0
2023-12-31 00:43:44,229 T0000: [D1-V2] sudo vtysh -c 'show running-config' > /tmp/vtysh-runcfg-V2-post-module-epilog-routing-test_ndp.py.txt
2023-12-31 00:43:45,182 T0000: [D1-V2] chmod 777 /tmp/vtysh-runcfg-V2-post-module-epilog-routing-test_ndp.py.txt
2023-12-31 00:43:46,709 T0000: [D1-V2] /sbin/ip link set dev eth0 up
2023-12-31 00:43:47,424 T0000: [D1-V2] /sbin/ip route list dev eth0
2023-12-31 00:43:56,041 T0000: [D1-V2] sudo show interfaces status Ethernet124
2023-12-31 00:43:58,640 T0000: 
================== Framework Module Hook Finalize: routing/test_ndp.py Pass: 1/1 ==================
2023-12-31 00:43:58,640 T0000: 
================== Devices used: routing/test_ndp.py 1 ['V2'] ==================
2023-12-31 00:43:59,140 T0000: 
================== Framework Module Hook: batch/test_spytest_infra_1.py ==================
2023-12-31 00:43:59,157 T0090: [D1-V2] no router bgp
2023-12-31 00:44:00,966 T0090: [D1-V2] config feature state sflow enabled
2023-12-31 00:44:03,208 T0090: [D1-V2] config feature state nat enabled
2023-12-31 00:45:14,851 T0090: [D1-V2] /sbin/ip link set dev eth0 up
2023-12-31 00:45:15,521 T0090: [D1-V2] /sbin/ip route list dev eth0
2023-12-31 00:45:16,201 T0090: [D1-V2] sudo show interfaces status Ethernet124
2023-12-31 00:45:18,607 T0091: [D1-V2] sudo show interfaces status
2023-12-31 00:45:20,461 T0000: 
================== Framework Module Hook Finish: batch/test_spytest_infra_1.py ==================
2023-12-31 00:45:20,463 T0000: 
================== Framework Function Hook: batch/test_spytest_infra_1.py::test_spytest_infra_last ==================
2023-12-31 00:45:24,762 T0092: [D1-V2] sudo show interfaces status
2023-12-31 00:45:26,624 T0000: [D1-V2] sudo show interfaces status Ethernet124
2023-12-31 00:45:29,479 T0000: 
================== Framework Function Hook Finish: batch/test_spytest_infra_1.py::test_spytest_infra_last ==================
2023-12-31 00:45:29,481 T0000: 
================== Test Execution: batch/test_spytest_infra_1.py::test_spytest_infra_last ==================
2023-12-31 00:45:29,504 T0000: 
================== Framework Function Hook Finalize: batch/test_spytest_infra_1.py::test_spytest_infra_last ==================
2023-12-31 00:45:29,519 T0000: [D1-V2] sudo show interfaces status Ethernet124
2023-12-31 00:45:32,304 T0000: 
================== Framework Module Hook Finalize: batch/test_spytest_infra_1.py Pass: 1/1 ==================
2023-12-31 00:45:32,304 T0000: 
================== Devices used: batch/test_spytest_infra_1.py 1 ['V2'] ==================
2023-12-31 00:45:32,396 T0000: [D1-V2] ['stty cols 80']
