2023-12-26 00:27:51,818 T0000: WARN  #### gw5  
2023-12-26 00:27:51,818 T0000: WARN  support post-session-prolog session pass ''
2023-12-26 00:28:42,612 T0000: INFO  #### gw5  
2023-12-26 00:28:42,612 T0000: INFO  support pre-module-prolog routing/test_ndp.py  ''
2023-12-26 00:30:16,542 T0000: INFO  #### gw5  routing/test_ndp.py
2023-12-26 00:30:16,542 T0000: INFO  support post-module-prolog routing/test_ndp.py Pass ''
2023-12-26 00:30:49,958 T0000: INFO  #### gw5  routing/test_ndp.py
2023-12-26 00:30:49,958 T0000: INFO  support pre-function-prolog test_ft_ipv6_neighbor_entry  ''
2023-12-26 00:30:49,971 T0000: INFO  #### gw5  routing/test_ndp.py::test_ft_ipv6_neighbor_entry
2023-12-26 00:30:49,971 T0000: INFO  support post-function-prolog test_ft_ipv6_neighbor_entry Pass ''
2023-12-26 00:31:02,233 T0000: INFO  #### gw5  routing/test_ndp.py::test_ft_ipv6_neighbor_entry
2023-12-26 00:31:02,233 T0000: INFO  support pre-function-epilog test_ft_ipv6_neighbor_entry Pass 'Test case passed'
2023-12-26 00:31:02,237 T0000: INFO  #### gw5  routing/test_ndp.py::test_ft_ipv6_neighbor_entry
2023-12-26 00:31:02,237 T0000: INFO  support post-function-epilog test_ft_ipv6_neighbor_entry Pass 'Test case passed'
2023-12-26 00:31:02,258 T0000: WARN  #### gw5  routing/test_ndp.py::test_ft_ipv6_neighbor_entry
2023-12-26 00:31:02,258 T0000: WARN  support pre-module-epilog routing/test_ndp.py pass ''
2023-12-26 00:31:33,058 T0000: WARN  #### gw5  routing/test_ndp.py::test_ft_ipv6_neighbor_entry
2023-12-26 00:31:33,058 T0000: WARN  support post-module-epilog routing/test_ndp.py pass ''
2023-12-26 00:35:56,347 T0000: INFO  #### gw5  
2023-12-26 00:35:56,347 T0000: INFO  support pre-module-prolog system/test_device_mgmt.py  ''
2023-12-26 00:36:20,741 T0000: INFO  #### gw5  system/test_device_mgmt.py
2023-12-26 00:36:20,741 T0000: INFO  support post-module-prolog system/test_device_mgmt.py Pass ''
2023-12-26 00:36:53,937 T0000: INFO  #### gw5  system/test_device_mgmt.py
2023-12-26 00:36:53,937 T0000: INFO  support pre-function-prolog test_ft_ip_static_ip_on_mgmt_intrf  ''
2023-12-26 00:36:53,950 T0000: INFO  #### gw5  system/test_device_mgmt.py::test_ft_ip_static_ip_on_mgmt_intrf
2023-12-26 00:36:53,950 T0000: INFO  support post-function-prolog test_ft_ip_static_ip_on_mgmt_intrf Pass ''
2023-12-26 00:37:11,089 T0000: INFO  #### gw5  system/test_device_mgmt.py::test_ft_ip_static_ip_on_mgmt_intrf
2023-12-26 00:37:11,089 T0000: INFO  support pre-function-epilog test_ft_ip_static_ip_on_mgmt_intrf Pass 'Test case passed'
2023-12-26 00:37:11,092 T0000: INFO  #### gw5  system/test_device_mgmt.py::test_ft_ip_static_ip_on_mgmt_intrf
2023-12-26 00:37:11,092 T0000: INFO  support post-function-epilog test_ft_ip_static_ip_on_mgmt_intrf Pass 'Test case passed'
2023-12-26 00:37:11,110 T0000: WARN  #### gw5  system/test_device_mgmt.py::test_ft_ip_static_ip_on_mgmt_intrf
2023-12-26 00:37:11,110 T0000: WARN  support pre-module-epilog system/test_device_mgmt.py pass ''
2023-12-26 00:37:35,260 T0000: WARN  #### gw5  system/test_device_mgmt.py::test_ft_ip_static_ip_on_mgmt_intrf
2023-12-26 00:37:35,260 T0000: WARN  support post-module-epilog system/test_device_mgmt.py pass ''
2023-12-26 00:39:34,998 T0000: WARN  #### gw5  batch/test_spytest_infra_1.py::test_spytest_infra_last
2023-12-26 00:39:34,998 T0000: WARN  support session-epilog session pass ''
