2023-12-30 01:36:50.672831 = START
2023-12-30 01:36:51.816611 = device connections start
2023-12-30 01:37:25.128730 = device connections finish
2023-12-30 01:37:25.131538 = session init start
2023-12-30 01:39:50.556494 = report file generation start
2023-12-30 01:39:50.647628 = report file generation end
2023-12-30 01:40:14.847030 = session init end
2023-12-30 01:40:14.849281 = Framework Module Hook Start
2023-12-30 01:40:15.264626 = module test_spytest_infra_1.py init start
2023-12-30 01:40:19.481087 = module test_spytest_infra_1.py init end
2023-12-30 01:40:19.481878 = Framework Module Hook end
2023-12-30 01:40:19.482732 = Framework Function Hook Start
2023-12-30 01:40:23.772488 = function batch/test_spytest_infra_1.py::test_spytest_infra_first init start
2023-12-30 01:40:28.458466 = function batch/test_spytest_infra_1.py::test_spytest_infra_first init end
2023-12-30 01:40:28.459467 = Framework Function Hook end
2023-12-30 01:40:28.462720 = Module Config Time (2023-12-30 01:40:14.849390 - 2023-12-30 01:40:19.483498) Published
2023-12-30 01:40:28.465920 = function batch/test_spytest_infra_1.py::test_spytest_infra_first clean start
2023-12-30 01:40:28.476134 = Test Time (2023-12-30 01:40:23.772577 - 2023-12-30 01:40:28.476127) Published
2023-12-30 01:40:28.482994 = function batch/test_spytest_infra_1.py::test_spytest_infra_first clean end
2023-12-30 01:40:28.483282 = Framework Function Hook Finalize
2023-12-30 01:40:28.660173 = Framework Function Hook Start
2023-12-30 01:40:28.661304 = function batch/test_spytest_infra_1.py::test_spytest_infra_second init start
2023-12-30 01:40:33.330488 = function batch/test_spytest_infra_1.py::test_spytest_infra_second init end
2023-12-30 01:40:33.331497 = Framework Function Hook end
2023-12-30 01:40:33.335150 = function batch/test_spytest_infra_1.py::test_spytest_infra_second clean start
2023-12-30 01:40:33.349224 = Test Time (2023-12-30 01:40:28.661493 - 2023-12-30 01:40:33.349217) Published
2023-12-30 01:40:33.355413 = function batch/test_spytest_infra_1.py::test_spytest_infra_second clean end
2023-12-30 01:40:33.355732 = Framework Function Hook Finalize
2023-12-30 01:40:33.355883 = module test_spytest_infra_1.py clean start
2023-12-30 01:40:35.808805 = report file generation start
2023-12-30 01:40:35.895183 = report file generation end
2023-12-30 01:40:35.901769 = module test_spytest_infra_1.py clean end
2023-12-30 01:40:35.902328 = Framework Module Hook Finalize
2023-12-30 01:40:35.905567 = Framework Module Hook Start
2023-12-30 01:40:36.316091 = module test_snmp.py init start
2023-12-30 01:41:04.571140 = module test_snmp.py init end
2023-12-30 01:41:04.571535 = Framework Module Hook end
2023-12-30 01:41:04.571869 = User Module system/test_snmp.py Hook Start
2023-12-30 01:42:22.593423 = User Module system/test_snmp.py Hook end
2023-12-30 01:42:22.594355 = Framework Function Hook Start
2023-12-30 01:42:51.184331 = function system/test_snmp.py::test_ft_snmp_sysName init start
2023-12-30 01:42:56.019784 = function system/test_snmp.py::test_ft_snmp_sysName init end
2023-12-30 01:42:56.021367 = Framework Function Hook end
2023-12-30 01:42:56.022454 = User Function system/test_snmp.py::test_ft_snmp_sysName Hook Start
2023-12-30 01:42:56.025955 = User Function system/test_snmp.py::test_ft_snmp_sysName Hook end
2023-12-30 01:42:56.027579 = Module Config Time (2023-12-30 01:40:35.905632 - 2023-12-30 01:42:22.594478) Published
2023-12-30 01:42:57.188967 = User Function system/test_snmp.py::test_ft_snmp_sysName Hook Finalize
2023-12-30 01:42:57.189167 = function system/test_snmp.py::test_ft_snmp_sysName clean start
2023-12-30 01:42:57.215691 = Test Time (2023-12-30 01:42:51.184458 - 2023-12-30 01:42:57.215682) Published
2023-12-30 01:42:57.222244 = function system/test_snmp.py::test_ft_snmp_sysName clean end
2023-12-30 01:42:57.222538 = Framework Function Hook Finalize
2023-12-30 01:42:57.223481 = Framework Function Hook Start
2023-12-30 01:42:57.223847 = function system/test_snmp.py::test_ft_snmp_test_syUpTime init start
2023-12-30 01:43:02.082906 = function system/test_snmp.py::test_ft_snmp_test_syUpTime init end
2023-12-30 01:43:02.083540 = Framework Function Hook end
2023-12-30 01:43:02.083994 = User Function system/test_snmp.py::test_ft_snmp_test_syUpTime Hook Start
2023-12-30 01:43:02.088366 = User Function system/test_snmp.py::test_ft_snmp_test_syUpTime Hook end
2023-12-30 01:43:03.466864 = User Function system/test_snmp.py::test_ft_snmp_test_syUpTime Hook Finalize
2023-12-30 01:43:03.467048 = function system/test_snmp.py::test_ft_snmp_test_syUpTime clean start
2023-12-30 01:43:03.488763 = Test Time (2023-12-30 01:42:57.223907 - 2023-12-30 01:43:03.488752) Published
2023-12-30 01:43:03.495802 = function system/test_snmp.py::test_ft_snmp_test_syUpTime clean end
2023-12-30 01:43:03.496412 = Framework Function Hook Finalize
2023-12-30 01:43:03.498633 = Framework Function Hook Start
2023-12-30 01:43:03.499136 = function system/test_snmp.py::test_ft_snmp_sysDescr init start
2023-12-30 01:43:08.333168 = function system/test_snmp.py::test_ft_snmp_sysDescr init end
2023-12-30 01:43:08.333919 = Framework Function Hook end
2023-12-30 01:43:08.334553 = User Function system/test_snmp.py::test_ft_snmp_sysDescr Hook Start
2023-12-30 01:43:08.339167 = User Function system/test_snmp.py::test_ft_snmp_sysDescr Hook end
2023-12-30 01:43:11.143241 = User Function system/test_snmp.py::test_ft_snmp_sysDescr Hook Finalize
2023-12-30 01:43:11.143440 = function system/test_snmp.py::test_ft_snmp_sysDescr clean start
2023-12-30 01:43:11.159060 = Test Time (2023-12-30 01:43:03.499196 - 2023-12-30 01:43:11.159052) Published
2023-12-30 01:43:11.167910 = function system/test_snmp.py::test_ft_snmp_sysDescr clean end
2023-12-30 01:43:11.168363 = Framework Function Hook Finalize
2023-12-30 01:43:11.169995 = Framework Function Hook Start
2023-12-30 01:43:11.170430 = function system/test_snmp.py::test_ft_snmp_mib_2 init start
2023-12-30 01:43:16.098789 = function system/test_snmp.py::test_ft_snmp_mib_2 init end
2023-12-30 01:43:16.099163 = Framework Function Hook end
2023-12-30 01:43:16.099481 = User Function system/test_snmp.py::test_ft_snmp_mib_2 Hook Start
2023-12-30 01:43:16.102244 = User Function system/test_snmp.py::test_ft_snmp_mib_2 Hook end
2023-12-30 01:43:18.308439 = User Function system/test_snmp.py::test_ft_snmp_mib_2 Hook Finalize
2023-12-30 01:43:18.308713 = function system/test_snmp.py::test_ft_snmp_mib_2 clean start
2023-12-30 01:43:18.385902 = Test Time (2023-12-30 01:43:11.170494 - 2023-12-30 01:43:18.385894) Published
2023-12-30 01:43:18.392722 = function system/test_snmp.py::test_ft_snmp_mib_2 clean end
2023-12-30 01:43:18.393017 = Framework Function Hook Finalize
2023-12-30 01:43:18.393977 = Framework Function Hook Start
2023-12-30 01:43:18.394360 = function system/test_snmp.py::test_ft_snmp_if_mib_all init start
2023-12-30 01:43:23.180751 = function system/test_snmp.py::test_ft_snmp_if_mib_all init end
2023-12-30 01:43:23.181717 = Framework Function Hook end
2023-12-30 01:43:23.182107 = User Function system/test_snmp.py::test_ft_snmp_if_mib_all Hook Start
2023-12-30 01:43:23.184722 = User Function system/test_snmp.py::test_ft_snmp_if_mib_all Hook end
2023-12-30 01:43:23.371280 = User Function system/test_snmp.py::test_ft_snmp_if_mib_all Hook Finalize
2023-12-30 01:43:23.371551 = function system/test_snmp.py::test_ft_snmp_if_mib_all clean start
2023-12-30 01:43:23.389495 = Test Time (2023-12-30 01:43:18.394422 - 2023-12-30 01:43:23.389487) Published
2023-12-30 01:43:23.396525 = function system/test_snmp.py::test_ft_snmp_if_mib_all clean end
2023-12-30 01:43:23.396834 = Framework Function Hook Finalize
2023-12-30 01:43:23.397964 = Framework Function Hook Start
2023-12-30 01:43:23.398371 = function system/test_snmp.py::test_ft_snmp_entity_mib_all init start
2023-12-30 01:43:28.231831 = function system/test_snmp.py::test_ft_snmp_entity_mib_all init end
2023-12-30 01:43:28.232360 = Framework Function Hook end
2023-12-30 01:43:28.232974 = User Function system/test_snmp.py::test_ft_snmp_entity_mib_all Hook Start
2023-12-30 01:43:28.235902 = User Function system/test_snmp.py::test_ft_snmp_entity_mib_all Hook end
2023-12-30 01:43:28.283130 = User Function system/test_snmp.py::test_ft_snmp_entity_mib_all Hook Finalize
2023-12-30 01:43:28.283344 = function system/test_snmp.py::test_ft_snmp_entity_mib_all clean start
2023-12-30 01:43:28.299901 = Test Time (2023-12-30 01:43:23.398434 - 2023-12-30 01:43:28.299893) Published
2023-12-30 01:43:28.307217 = function system/test_snmp.py::test_ft_snmp_entity_mib_all clean end
2023-12-30 01:43:28.307688 = Framework Function Hook Finalize
2023-12-30 01:43:28.309349 = Framework Function Hook Start
2023-12-30 01:43:28.309894 = function system/test_snmp.py::test_ft_snmp_dot1q_dot1db_mib init start
2023-12-30 01:43:33.150433 = function system/test_snmp.py::test_ft_snmp_dot1q_dot1db_mib init end
2023-12-30 01:43:33.151386 = Framework Function Hook end
2023-12-30 01:43:33.152156 = User Function system/test_snmp.py::test_ft_snmp_dot1q_dot1db_mib Hook Start
2023-12-30 01:43:33.156296 = User Function system/test_snmp.py::test_ft_snmp_dot1q_dot1db_mib Hook end
2023-12-30 01:43:33.258028 = User Function system/test_snmp.py::test_ft_snmp_dot1q_dot1db_mib Hook Finalize
2023-12-30 01:43:33.258366 = function system/test_snmp.py::test_ft_snmp_dot1q_dot1db_mib clean start
2023-12-30 01:43:33.276656 = Test Time (2023-12-30 01:43:28.309963 - 2023-12-30 01:43:33.276647) Published
2023-12-30 01:43:33.283711 = function system/test_snmp.py::test_ft_snmp_dot1q_dot1db_mib clean end
2023-12-30 01:43:33.284059 = Framework Function Hook Finalize
2023-12-30 01:43:33.285157 = Framework Function Hook Start
2023-12-30 01:43:33.285624 = function system/test_snmp.py::test_ft_snmp_root_node_walk init start
2023-12-30 01:43:38.272935 = function system/test_snmp.py::test_ft_snmp_root_node_walk init end
2023-12-30 01:43:38.273975 = Framework Function Hook end
2023-12-30 01:43:38.274312 = User Function system/test_snmp.py::test_ft_snmp_root_node_walk Hook Start
2023-12-30 01:43:38.277114 = User Function system/test_snmp.py::test_ft_snmp_root_node_walk Hook end
2023-12-30 01:43:42.177469 = User Function system/test_snmp.py::test_ft_snmp_root_node_walk Hook Finalize
2023-12-30 01:43:42.177801 = function system/test_snmp.py::test_ft_snmp_root_node_walk clean start
2023-12-30 01:43:42.200192 = Test Time (2023-12-30 01:43:33.285693 - 2023-12-30 01:43:42.200182) Published
2023-12-30 01:43:42.207438 = function system/test_snmp.py::test_ft_snmp_root_node_walk clean end
2023-12-30 01:43:42.207850 = Framework Function Hook Finalize
2023-12-30 01:43:42.209195 = Framework Function Hook Start
2023-12-30 01:43:42.209731 = function system/test_snmp.py::test_ft_snmp_ipAddressRowStatus_ipv6 init start
2023-12-30 01:43:47.244439 = function system/test_snmp.py::test_ft_snmp_ipAddressRowStatus_ipv6 init end
2023-12-30 01:43:47.245287 = Framework Function Hook end
2023-12-30 01:43:47.245946 = User Function system/test_snmp.py::test_ft_snmp_ipAddressRowStatus_ipv6 Hook Start
2023-12-30 01:43:47.248989 = User Function system/test_snmp.py::test_ft_snmp_ipAddressRowStatus_ipv6 Hook end
2023-12-30 01:43:54.086362 = User Function system/test_snmp.py::test_ft_snmp_ipAddressRowStatus_ipv6 Hook Finalize
2023-12-30 01:43:54.086555 = function system/test_snmp.py::test_ft_snmp_ipAddressRowStatus_ipv6 clean start
2023-12-30 01:43:54.097716 = Test Time (2023-12-30 01:43:42.209801 - 2023-12-30 01:43:54.097707) Published
2023-12-30 01:43:54.104609 = function system/test_snmp.py::test_ft_snmp_ipAddressRowStatus_ipv6 clean end
2023-12-30 01:43:54.104938 = Framework Function Hook Finalize
2023-12-30 01:43:54.106174 = Framework Function Hook Start
2023-12-30 01:43:54.106628 = function system/test_snmp.py::test_ft_snmp_ipAddressStorageType_ipv6 init start
2023-12-30 01:43:59.129677 = function system/test_snmp.py::test_ft_snmp_ipAddressStorageType_ipv6 init end
2023-12-30 01:43:59.130638 = Framework Function Hook end
2023-12-30 01:43:59.131730 = User Function system/test_snmp.py::test_ft_snmp_ipAddressStorageType_ipv6 Hook Start
2023-12-30 01:43:59.138929 = User Function system/test_snmp.py::test_ft_snmp_ipAddressStorageType_ipv6 Hook end
2023-12-30 01:43:59.168890 = User Function system/test_snmp.py::test_ft_snmp_ipAddressStorageType_ipv6 Hook Finalize
2023-12-30 01:43:59.169136 = function system/test_snmp.py::test_ft_snmp_ipAddressStorageType_ipv6 clean start
2023-12-30 01:43:59.187151 = Test Time (2023-12-30 01:43:54.106702 - 2023-12-30 01:43:59.187142) Published
2023-12-30 01:43:59.194100 = function system/test_snmp.py::test_ft_snmp_ipAddressStorageType_ipv6 clean end
2023-12-30 01:43:59.194441 = Framework Function Hook Finalize
2023-12-30 01:43:59.195659 = Framework Function Hook Start
2023-12-30 01:43:59.196105 = function system/test_snmp.py::test_ft_snmp_ipv6_If_Forward_default_HopLimit init start
2023-12-30 01:44:04.333078 = function system/test_snmp.py::test_ft_snmp_ipv6_If_Forward_default_HopLimit init end
2023-12-30 01:44:04.333721 = Framework Function Hook end
2023-12-30 01:44:04.334157 = User Function system/test_snmp.py::test_ft_snmp_ipv6_If_Forward_default_HopLimit Hook Start
2023-12-30 01:44:04.339125 = User Function system/test_snmp.py::test_ft_snmp_ipv6_If_Forward_default_HopLimit Hook end
2023-12-30 01:44:04.402377 = User Function system/test_snmp.py::test_ft_snmp_ipv6_If_Forward_default_HopLimit Hook Finalize
2023-12-30 01:44:04.402803 = function system/test_snmp.py::test_ft_snmp_ipv6_If_Forward_default_HopLimit clean start
2023-12-30 01:44:04.431404 = Test Time (2023-12-30 01:43:59.196172 - 2023-12-30 01:44:04.431379) Published
2023-12-30 01:44:04.439354 = function system/test_snmp.py::test_ft_snmp_ipv6_If_Forward_default_HopLimit clean end
2023-12-30 01:44:04.439880 = Framework Function Hook Finalize
2023-12-30 01:44:04.441739 = Framework Function Hook Start
2023-12-30 01:44:04.442419 = function system/test_snmp.py::test_ft_snmp_ipv6scope_index_table init start
2023-12-30 01:44:09.527999 = function system/test_snmp.py::test_ft_snmp_ipv6scope_index_table init end
2023-12-30 01:44:09.528583 = Framework Function Hook end
2023-12-30 01:44:09.529145 = User Function system/test_snmp.py::test_ft_snmp_ipv6scope_index_table Hook Start
2023-12-30 01:44:09.535392 = User Function system/test_snmp.py::test_ft_snmp_ipv6scope_index_table Hook end
2023-12-30 01:44:09.603132 = User Function system/test_snmp.py::test_ft_snmp_ipv6scope_index_table Hook Finalize
2023-12-30 01:44:09.603548 = function system/test_snmp.py::test_ft_snmp_ipv6scope_index_table clean start
2023-12-30 01:44:09.621114 = Test Time (2023-12-30 01:44:04.442489 - 2023-12-30 01:44:09.621104) Published
2023-12-30 01:44:09.628089 = function system/test_snmp.py::test_ft_snmp_ipv6scope_index_table clean end
2023-12-30 01:44:09.628482 = Framework Function Hook Finalize
2023-12-30 01:44:09.629984 = Framework Function Hook Start
2023-12-30 01:44:09.630464 = function system/test_snmp.py::test_ft_snmp_ip_forward_table init start
2023-12-30 01:44:14.686065 = function system/test_snmp.py::test_ft_snmp_ip_forward_table init end
2023-12-30 01:44:14.686546 = Framework Function Hook end
2023-12-30 01:44:14.686934 = User Function system/test_snmp.py::test_ft_snmp_ip_forward_table Hook Start
2023-12-30 01:44:14.689874 = User Function system/test_snmp.py::test_ft_snmp_ip_forward_table Hook end
2023-12-30 01:44:17.386626 = User Function system/test_snmp.py::test_ft_snmp_ip_forward_table Hook Finalize
2023-12-30 01:44:17.386845 = function system/test_snmp.py::test_ft_snmp_ip_forward_table clean start
2023-12-30 01:44:17.404636 = Test Time (2023-12-30 01:44:09.630530 - 2023-12-30 01:44:17.404626) Published
2023-12-30 01:44:17.414860 = function system/test_snmp.py::test_ft_snmp_ip_forward_table clean end
2023-12-30 01:44:17.417930 = Framework Function Hook Finalize
2023-12-30 01:44:17.423373 = Framework Function Hook Start
2023-12-30 01:44:17.424472 = function system/test_snmp.py::test_ft_snmp_ifx_table init start
2023-12-30 01:44:23.231629 = function system/test_snmp.py::test_ft_snmp_ifx_table init end
2023-12-30 01:44:23.231989 = Framework Function Hook end
2023-12-30 01:44:23.232303 = User Function system/test_snmp.py::test_ft_snmp_ifx_table Hook Start
2023-12-30 01:44:23.235089 = User Function system/test_snmp.py::test_ft_snmp_ifx_table Hook end
2023-12-30 01:44:23.429594 = User Function system/test_snmp.py::test_ft_snmp_ifx_table Hook Finalize
2023-12-30 01:44:23.429992 = function system/test_snmp.py::test_ft_snmp_ifx_table clean start
2023-12-30 01:44:23.451409 = Test Time (2023-12-30 01:44:17.424546 - 2023-12-30 01:44:23.451399) Published
2023-12-30 01:44:23.458736 = function system/test_snmp.py::test_ft_snmp_ifx_table clean end
2023-12-30 01:44:23.459094 = Framework Function Hook Finalize
2023-12-30 01:44:23.460438 = Framework Function Hook Start
2023-12-30 01:44:23.460883 = function system/test_snmp.py::test_ft_snmp_ip_System_Stats_Table init start
2023-12-30 01:44:28.296868 = function system/test_snmp.py::test_ft_snmp_ip_System_Stats_Table init end
2023-12-30 01:44:28.298080 = Framework Function Hook end
2023-12-30 01:44:28.298929 = User Function system/test_snmp.py::test_ft_snmp_ip_System_Stats_Table Hook Start
2023-12-30 01:44:28.307034 = User Function system/test_snmp.py::test_ft_snmp_ip_System_Stats_Table Hook end
2023-12-30 01:44:28.362919 = User Function system/test_snmp.py::test_ft_snmp_ip_System_Stats_Table Hook Finalize
2023-12-30 01:44:28.363138 = function system/test_snmp.py::test_ft_snmp_ip_System_Stats_Table clean start
2023-12-30 01:44:28.383884 = Test Time (2023-12-30 01:44:23.460943 - 2023-12-30 01:44:28.383868) Published
2023-12-30 01:44:28.394092 = function system/test_snmp.py::test_ft_snmp_ip_System_Stats_Table clean end
2023-12-30 01:44:28.394699 = Framework Function Hook Finalize
2023-12-30 01:44:28.396462 = Framework Function Hook Start
2023-12-30 01:44:28.397081 = function system/test_snmp.py::test_ft_snmp_ip_IfStats_Table init start
2023-12-30 01:44:33.199969 = function system/test_snmp.py::test_ft_snmp_ip_IfStats_Table init end
2023-12-30 01:44:33.200895 = Framework Function Hook end
2023-12-30 01:44:33.201649 = User Function system/test_snmp.py::test_ft_snmp_ip_IfStats_Table Hook Start
2023-12-30 01:44:33.208582 = User Function system/test_snmp.py::test_ft_snmp_ip_IfStats_Table Hook end
2023-12-30 01:44:33.566177 = User Function system/test_snmp.py::test_ft_snmp_ip_IfStats_Table Hook Finalize
2023-12-30 01:44:33.566383 = function system/test_snmp.py::test_ft_snmp_ip_IfStats_Table clean start
2023-12-30 01:44:33.583645 = Test Time (2023-12-30 01:44:28.397171 - 2023-12-30 01:44:33.583636) Published
2023-12-30 01:44:33.593327 = function system/test_snmp.py::test_ft_snmp_ip_IfStats_Table clean end
2023-12-30 01:44:33.594760 = Framework Function Hook Finalize
2023-12-30 01:44:33.597182 = Framework Function Hook Start
2023-12-30 01:44:33.597884 = function system/test_snmp.py::test_ft_snmp_ip_Address_Table init start
2023-12-30 01:44:38.556329 = function system/test_snmp.py::test_ft_snmp_ip_Address_Table init end
2023-12-30 01:44:38.556858 = Framework Function Hook end
2023-12-30 01:44:38.557334 = User Function system/test_snmp.py::test_ft_snmp_ip_Address_Table Hook Start
2023-12-30 01:44:38.561677 = User Function system/test_snmp.py::test_ft_snmp_ip_Address_Table Hook end
2023-12-30 01:44:38.621680 = User Function system/test_snmp.py::test_ft_snmp_ip_Address_Table Hook Finalize
2023-12-30 01:44:38.621882 = function system/test_snmp.py::test_ft_snmp_ip_Address_Table clean start
2023-12-30 01:44:38.638167 = Test Time (2023-12-30 01:44:33.597954 - 2023-12-30 01:44:38.638158) Published
2023-12-30 01:44:38.645103 = function system/test_snmp.py::test_ft_snmp_ip_Address_Table clean end
2023-12-30 01:44:38.645424 = Framework Function Hook Finalize
2023-12-30 01:44:38.646578 = Framework Function Hook Start
2023-12-30 01:44:38.646990 = function system/test_snmp.py::test_ft_snmp_ip_NetToPhysical_Table init start
2023-12-30 01:44:43.415478 = function system/test_snmp.py::test_ft_snmp_ip_NetToPhysical_Table init end
2023-12-30 01:44:43.415821 = Framework Function Hook end
2023-12-30 01:44:43.416124 = User Function system/test_snmp.py::test_ft_snmp_ip_NetToPhysical_Table Hook Start
2023-12-30 01:44:43.418762 = User Function system/test_snmp.py::test_ft_snmp_ip_NetToPhysical_Table Hook end
2023-12-30 01:44:43.467903 = User Function system/test_snmp.py::test_ft_snmp_ip_NetToPhysical_Table Hook Finalize
2023-12-30 01:44:43.468477 = function system/test_snmp.py::test_ft_snmp_ip_NetToPhysical_Table clean start
2023-12-30 01:44:43.491629 = Test Time (2023-12-30 01:44:38.647050 - 2023-12-30 01:44:43.491617) Published
2023-12-30 01:44:43.498925 = function system/test_snmp.py::test_ft_snmp_ip_NetToPhysical_Table clean end
2023-12-30 01:44:43.499316 = Framework Function Hook Finalize
2023-12-30 01:44:43.500725 = Framework Function Hook Start
2023-12-30 01:44:43.501211 = function system/test_snmp.py::test_ft_snmp_icmp_Msgs init start
2023-12-30 01:44:48.428360 = function system/test_snmp.py::test_ft_snmp_icmp_Msgs init end
2023-12-30 01:44:48.429288 = Framework Function Hook end
2023-12-30 01:44:48.429898 = User Function system/test_snmp.py::test_ft_snmp_icmp_Msgs Hook Start
2023-12-30 01:44:48.432517 = User Function system/test_snmp.py::test_ft_snmp_icmp_Msgs Hook end
2023-12-30 01:44:48.479892 = User Function system/test_snmp.py::test_ft_snmp_icmp_Msgs Hook Finalize
2023-12-30 01:44:48.480085 = function system/test_snmp.py::test_ft_snmp_icmp_Msgs clean start
2023-12-30 01:44:48.496063 = Test Time (2023-12-30 01:44:43.501286 - 2023-12-30 01:44:48.496054) Published
2023-12-30 01:44:48.503024 = function system/test_snmp.py::test_ft_snmp_icmp_Msgs clean end
2023-12-30 01:44:48.503361 = Framework Function Hook Finalize
2023-12-30 01:44:48.504429 = Framework Function Hook Start
2023-12-30 01:44:48.504833 = function system/test_snmp.py::test_ft_snmp_tcp_mib init start
2023-12-30 01:44:53.439972 = function system/test_snmp.py::test_ft_snmp_tcp_mib init end
2023-12-30 01:44:53.440318 = Framework Function Hook end
2023-12-30 01:44:53.440622 = User Function system/test_snmp.py::test_ft_snmp_tcp_mib Hook Start
2023-12-30 01:44:53.443153 = User Function system/test_snmp.py::test_ft_snmp_tcp_mib Hook end
2023-12-30 01:44:55.409397 = User Function system/test_snmp.py::test_ft_snmp_tcp_mib Hook Finalize
2023-12-30 01:44:55.409700 = function system/test_snmp.py::test_ft_snmp_tcp_mib clean start
2023-12-30 01:44:55.430632 = Test Time (2023-12-30 01:44:48.504893 - 2023-12-30 01:44:55.430622) Published
2023-12-30 01:44:55.437705 = function system/test_snmp.py::test_ft_snmp_tcp_mib clean end
2023-12-30 01:44:55.438030 = Framework Function Hook Finalize
2023-12-30 01:44:55.439520 = Framework Function Hook Start
2023-12-30 01:44:55.439998 = function system/test_snmp.py::test_ft_snmp_udp_mib init start
2023-12-30 01:45:00.216579 = function system/test_snmp.py::test_ft_snmp_udp_mib init end
2023-12-30 01:45:00.217550 = Framework Function Hook end
2023-12-30 01:45:00.218106 = User Function system/test_snmp.py::test_ft_snmp_udp_mib Hook Start
2023-12-30 01:45:00.221271 = User Function system/test_snmp.py::test_ft_snmp_udp_mib Hook end
2023-12-30 01:45:00.292978 = User Function system/test_snmp.py::test_ft_snmp_udp_mib Hook Finalize
2023-12-30 01:45:00.293163 = function system/test_snmp.py::test_ft_snmp_udp_mib clean start
2023-12-30 01:45:00.309211 = Test Time (2023-12-30 01:44:55.440060 - 2023-12-30 01:45:00.309203) Published
2023-12-30 01:45:00.316474 = function system/test_snmp.py::test_ft_snmp_udp_mib clean end
2023-12-30 01:45:00.316765 = Framework Function Hook Finalize
2023-12-30 01:45:00.320445 = Framework Function Hook Start
2023-12-30 01:45:00.321740 = function system/test_snmp.py::test_ft_snmp_snmpv2_mib init start
2023-12-30 01:45:05.096906 = function system/test_snmp.py::test_ft_snmp_snmpv2_mib init end
2023-12-30 01:45:05.097317 = Framework Function Hook end
2023-12-30 01:45:05.097672 = User Function system/test_snmp.py::test_ft_snmp_snmpv2_mib Hook Start
2023-12-30 01:45:05.100459 = User Function system/test_snmp.py::test_ft_snmp_snmpv2_mib Hook end
2023-12-30 01:45:05.132820 = User Function system/test_snmp.py::test_ft_snmp_snmpv2_mib Hook Finalize
2023-12-30 01:45:05.133061 = function system/test_snmp.py::test_ft_snmp_snmpv2_mib clean start
2023-12-30 01:45:05.150283 = Test Time (2023-12-30 01:45:00.321816 - 2023-12-30 01:45:05.150275) Published
2023-12-30 01:45:05.157706 = function system/test_snmp.py::test_ft_snmp_snmpv2_mib clean end
2023-12-30 01:45:05.158012 = Framework Function Hook Finalize
2023-12-30 01:45:05.159487 = Framework Function Hook Start
2023-12-30 01:45:05.159903 = function system/test_snmp.py::test_ft_snmp_host_resource_mib init start
2023-12-30 01:45:10.035290 = function system/test_snmp.py::test_ft_snmp_host_resource_mib init end
2023-12-30 01:45:10.035964 = Framework Function Hook end
2023-12-30 01:45:10.036325 = User Function system/test_snmp.py::test_ft_snmp_host_resource_mib Hook Start
2023-12-30 01:45:10.038806 = User Function system/test_snmp.py::test_ft_snmp_host_resource_mib Hook end
2023-12-30 01:45:10.291938 = User Function system/test_snmp.py::test_ft_snmp_host_resource_mib Hook Finalize
2023-12-30 01:45:10.292137 = function system/test_snmp.py::test_ft_snmp_host_resource_mib clean start
2023-12-30 01:45:10.313017 = Test Time (2023-12-30 01:45:05.159963 - 2023-12-30 01:45:10.313007) Published
2023-12-30 01:45:10.320619 = function system/test_snmp.py::test_ft_snmp_host_resource_mib clean end
2023-12-30 01:45:10.320903 = Framework Function Hook Finalize
2023-12-30 01:45:10.322019 = Framework Function Hook Start
2023-12-30 01:45:10.322420 = function system/test_snmp.py::test_ft_snmp_framework_mib init start
2023-12-30 01:45:15.252071 = function system/test_snmp.py::test_ft_snmp_framework_mib init end
2023-12-30 01:45:15.252959 = Framework Function Hook end
2023-12-30 01:45:15.253751 = User Function system/test_snmp.py::test_ft_snmp_framework_mib Hook Start
2023-12-30 01:45:15.256480 = User Function system/test_snmp.py::test_ft_snmp_framework_mib Hook end
2023-12-30 01:45:15.279960 = User Function system/test_snmp.py::test_ft_snmp_framework_mib Hook Finalize
2023-12-30 01:45:15.280220 = function system/test_snmp.py::test_ft_snmp_framework_mib clean start
2023-12-30 01:45:15.297576 = Test Time (2023-12-30 01:45:10.322481 - 2023-12-30 01:45:15.297567) Published
2023-12-30 01:45:15.304622 = function system/test_snmp.py::test_ft_snmp_framework_mib clean end
2023-12-30 01:45:15.305002 = Framework Function Hook Finalize
2023-12-30 01:45:15.306181 = Framework Function Hook Start
2023-12-30 01:45:15.306617 = function system/test_snmp.py::test_ft_snmp_mpd_mib init start
2023-12-30 01:45:20.101829 = function system/test_snmp.py::test_ft_snmp_mpd_mib init end
2023-12-30 01:45:20.102362 = Framework Function Hook end
2023-12-30 01:45:20.102988 = User Function system/test_snmp.py::test_ft_snmp_mpd_mib Hook Start
2023-12-30 01:45:20.105670 = User Function system/test_snmp.py::test_ft_snmp_mpd_mib Hook end
2023-12-30 01:45:20.131176 = User Function system/test_snmp.py::test_ft_snmp_mpd_mib Hook Finalize
2023-12-30 01:45:20.131541 = function system/test_snmp.py::test_ft_snmp_mpd_mib clean start
2023-12-30 01:45:20.147865 = Test Time (2023-12-30 01:45:15.306678 - 2023-12-30 01:45:20.147857) Published
2023-12-30 01:45:20.155388 = function system/test_snmp.py::test_ft_snmp_mpd_mib clean end
2023-12-30 01:45:20.155693 = Framework Function Hook Finalize
2023-12-30 01:45:20.156887 = Framework Function Hook Start
2023-12-30 01:45:20.157378 = function system/test_snmp.py::test_ft_snmp_target_mib init start
2023-12-30 01:45:25.029983 = function system/test_snmp.py::test_ft_snmp_target_mib init end
2023-12-30 01:45:25.030581 = Framework Function Hook end
2023-12-30 01:45:25.031081 = User Function system/test_snmp.py::test_ft_snmp_target_mib Hook Start
2023-12-30 01:45:25.035933 = User Function system/test_snmp.py::test_ft_snmp_target_mib Hook end
2023-12-30 01:45:25.065112 = User Function system/test_snmp.py::test_ft_snmp_target_mib Hook Finalize
2023-12-30 01:45:25.065362 = function system/test_snmp.py::test_ft_snmp_target_mib clean start
2023-12-30 01:45:25.081985 = Test Time (2023-12-30 01:45:20.157464 - 2023-12-30 01:45:25.081975) Published
2023-12-30 01:45:25.088989 = function system/test_snmp.py::test_ft_snmp_target_mib clean end
2023-12-30 01:45:25.089337 = Framework Function Hook Finalize
2023-12-30 01:45:25.090488 = Framework Function Hook Start
2023-12-30 01:45:25.090911 = function system/test_snmp.py::test_ft_snmp_notification_mib init start
2023-12-30 01:45:29.930689 = function system/test_snmp.py::test_ft_snmp_notification_mib init end
2023-12-30 01:45:29.931596 = Framework Function Hook end
2023-12-30 01:45:29.932351 = User Function system/test_snmp.py::test_ft_snmp_notification_mib Hook Start
2023-12-30 01:45:29.936376 = User Function system/test_snmp.py::test_ft_snmp_notification_mib Hook end
2023-12-30 01:45:29.967996 = User Function system/test_snmp.py::test_ft_snmp_notification_mib Hook Finalize
2023-12-30 01:45:29.968195 = function system/test_snmp.py::test_ft_snmp_notification_mib clean start
2023-12-30 01:45:29.983190 = Test Time (2023-12-30 01:45:25.090985 - 2023-12-30 01:45:29.983182) Published
2023-12-30 01:45:29.990125 = function system/test_snmp.py::test_ft_snmp_notification_mib clean end
2023-12-30 01:45:29.990411 = Framework Function Hook Finalize
2023-12-30 01:45:29.991542 = Framework Function Hook Start
2023-12-30 01:45:29.991948 = function system/test_snmp.py::test_ft_snmp_user_based_sm_mib init start
2023-12-30 01:45:34.864566 = function system/test_snmp.py::test_ft_snmp_user_based_sm_mib init end
2023-12-30 01:45:34.864917 = Framework Function Hook end
2023-12-30 01:45:34.865231 = User Function system/test_snmp.py::test_ft_snmp_user_based_sm_mib Hook Start
2023-12-30 01:45:34.867970 = User Function system/test_snmp.py::test_ft_snmp_user_based_sm_mib Hook end
2023-12-30 01:45:34.894843 = User Function system/test_snmp.py::test_ft_snmp_user_based_sm_mib Hook Finalize
2023-12-30 01:45:34.895225 = function system/test_snmp.py::test_ft_snmp_user_based_sm_mib clean start
2023-12-30 01:45:34.914314 = Test Time (2023-12-30 01:45:29.992009 - 2023-12-30 01:45:34.914306) Published
2023-12-30 01:45:34.921128 = function system/test_snmp.py::test_ft_snmp_user_based_sm_mib clean end
2023-12-30 01:45:34.921435 = Framework Function Hook Finalize
2023-12-30 01:45:34.922726 = Framework Function Hook Start
2023-12-30 01:45:34.923138 = function system/test_snmp.py::test_ft_snmp_view_based_acm_mib init start
2023-12-30 01:45:39.801501 = function system/test_snmp.py::test_ft_snmp_view_based_acm_mib init end
2023-12-30 01:45:39.802138 = Framework Function Hook end
2023-12-30 01:45:39.802446 = User Function system/test_snmp.py::test_ft_snmp_view_based_acm_mib Hook Start
2023-12-30 01:45:39.804836 = User Function system/test_snmp.py::test_ft_snmp_view_based_acm_mib Hook end
2023-12-30 01:45:39.856039 = User Function system/test_snmp.py::test_ft_snmp_view_based_acm_mib Hook Finalize
2023-12-30 01:45:39.856568 = function system/test_snmp.py::test_ft_snmp_view_based_acm_mib clean start
2023-12-30 01:45:39.877127 = Test Time (2023-12-30 01:45:34.923203 - 2023-12-30 01:45:39.877117) Published
2023-12-30 01:45:39.883904 = function system/test_snmp.py::test_ft_snmp_view_based_acm_mib clean end
2023-12-30 01:45:39.884184 = Framework Function Hook Finalize
2023-12-30 01:45:39.885206 = Framework Function Hook Start
2023-12-30 01:45:39.887813 = function system/test_snmp.py::test_ft_snmp_ent_physical_table init start
2023-12-30 01:45:44.778704 = function system/test_snmp.py::test_ft_snmp_ent_physical_table init end
2023-12-30 01:45:44.779062 = Framework Function Hook end
2023-12-30 01:45:44.779455 = User Function system/test_snmp.py::test_ft_snmp_ent_physical_table Hook Start
2023-12-30 01:45:44.781997 = User Function system/test_snmp.py::test_ft_snmp_ent_physical_table Hook end
2023-12-30 01:45:44.850836 = User Function system/test_snmp.py::test_ft_snmp_ent_physical_table Hook Finalize
2023-12-30 01:45:44.851085 = function system/test_snmp.py::test_ft_snmp_ent_physical_table clean start
2023-12-30 01:45:44.869767 = Test Time (2023-12-30 01:45:39.888049 - 2023-12-30 01:45:44.869757) Published
2023-12-30 01:45:44.877208 = function system/test_snmp.py::test_ft_snmp_ent_physical_table clean end
2023-12-30 01:45:44.877657 = Framework Function Hook Finalize
2023-12-30 01:45:44.879250 = Framework Function Hook Start
2023-12-30 01:45:44.879837 = function system/test_snmp.py::test_ft_snmp_dot3_stats_table init start
2023-12-30 01:45:49.820619 = function system/test_snmp.py::test_ft_snmp_dot3_stats_table init end
2023-12-30 01:45:49.821004 = Framework Function Hook end
2023-12-30 01:45:49.821331 = User Function system/test_snmp.py::test_ft_snmp_dot3_stats_table Hook Start
2023-12-30 01:45:49.823913 = User Function system/test_snmp.py::test_ft_snmp_dot3_stats_table Hook end
2023-12-30 01:45:49.880153 = User Function system/test_snmp.py::test_ft_snmp_dot3_stats_table Hook Finalize
2023-12-30 01:45:49.880356 = function system/test_snmp.py::test_ft_snmp_dot3_stats_table clean start
2023-12-30 01:45:49.896998 = Test Time (2023-12-30 01:45:44.879919 - 2023-12-30 01:45:49.896970) Published
2023-12-30 01:45:49.909059 = function system/test_snmp.py::test_ft_snmp_dot3_stats_table clean end
2023-12-30 01:45:49.909532 = Framework Function Hook Finalize
2023-12-30 01:45:49.910917 = Framework Function Hook Start
2023-12-30 01:45:49.911346 = function system/test_snmp.py::test_ft_net_snmp_agent_mib init start
2023-12-30 01:45:54.870517 = function system/test_snmp.py::test_ft_net_snmp_agent_mib init end
2023-12-30 01:45:54.870901 = Framework Function Hook end
2023-12-30 01:45:54.871216 = User Function system/test_snmp.py::test_ft_net_snmp_agent_mib Hook Start
2023-12-30 01:45:54.873903 = User Function system/test_snmp.py::test_ft_net_snmp_agent_mib Hook end
2023-12-30 01:45:55.580590 = User Function system/test_snmp.py::test_ft_net_snmp_agent_mib Hook Finalize
2023-12-30 01:45:55.580845 = function system/test_snmp.py::test_ft_net_snmp_agent_mib clean start
2023-12-30 01:45:55.602866 = Test Time (2023-12-30 01:45:49.911407 - 2023-12-30 01:45:55.602858) Published
2023-12-30 01:45:55.610029 = function system/test_snmp.py::test_ft_net_snmp_agent_mib clean end
2023-12-30 01:45:55.610348 = Framework Function Hook Finalize
2023-12-30 01:45:55.611685 = Framework Function Hook Start
2023-12-30 01:45:55.612133 = function system/test_snmp.py::test_ft_net_snmp_vacm_mib init start
2023-12-30 01:46:00.586745 = function system/test_snmp.py::test_ft_net_snmp_vacm_mib init end
2023-12-30 01:46:00.587425 = Framework Function Hook end
2023-12-30 01:46:00.587994 = User Function system/test_snmp.py::test_ft_net_snmp_vacm_mib Hook Start
2023-12-30 01:46:00.593382 = User Function system/test_snmp.py::test_ft_net_snmp_vacm_mib Hook end
2023-12-30 01:46:00.637068 = User Function system/test_snmp.py::test_ft_net_snmp_vacm_mib Hook Finalize
2023-12-30 01:46:00.637359 = function system/test_snmp.py::test_ft_net_snmp_vacm_mib clean start
2023-12-30 01:46:00.658102 = Test Time (2023-12-30 01:45:55.612193 - 2023-12-30 01:46:00.658092) Published
2023-12-30 01:46:00.665479 = function system/test_snmp.py::test_ft_net_snmp_vacm_mib clean end
2023-12-30 01:46:00.665792 = Framework Function Hook Finalize
2023-12-30 01:46:00.667022 = Framework Function Hook Start
2023-12-30 01:46:00.667424 = function system/test_snmp.py::test_ft_snmp_ucd_diskio_mib init start
2023-12-30 01:46:05.402511 = function system/test_snmp.py::test_ft_snmp_ucd_diskio_mib init end
2023-12-30 01:46:05.402883 = Framework Function Hook end
2023-12-30 01:46:05.403265 = User Function system/test_snmp.py::test_ft_snmp_ucd_diskio_mib Hook Start
2023-12-30 01:46:05.405934 = User Function system/test_snmp.py::test_ft_snmp_ucd_diskio_mib Hook end
2023-12-30 01:46:05.459164 = User Function system/test_snmp.py::test_ft_snmp_ucd_diskio_mib Hook Finalize
2023-12-30 01:46:05.459370 = function system/test_snmp.py::test_ft_snmp_ucd_diskio_mib clean start
2023-12-30 01:46:05.476790 = Test Time (2023-12-30 01:46:00.667484 - 2023-12-30 01:46:05.476764) Published
2023-12-30 01:46:05.491915 = function system/test_snmp.py::test_ft_snmp_ucd_diskio_mib clean end
2023-12-30 01:46:05.492301 = Framework Function Hook Finalize
2023-12-30 01:46:05.493564 = Framework Function Hook Start
2023-12-30 01:46:05.493983 = function system/test_snmp.py::test_ft_snmp_ucd_la_table init start
2023-12-30 01:46:10.262611 = function system/test_snmp.py::test_ft_snmp_ucd_la_table init end
2023-12-30 01:46:10.263088 = Framework Function Hook end
2023-12-30 01:46:10.263492 = User Function system/test_snmp.py::test_ft_snmp_ucd_la_table Hook Start
2023-12-30 01:46:10.267198 = User Function system/test_snmp.py::test_ft_snmp_ucd_la_table Hook end
2023-12-30 01:46:10.308730 = User Function system/test_snmp.py::test_ft_snmp_ucd_la_table Hook Finalize
2023-12-30 01:46:10.308960 = function system/test_snmp.py::test_ft_snmp_ucd_la_table clean start
2023-12-30 01:46:10.328112 = Test Time (2023-12-30 01:46:05.494044 - 2023-12-30 01:46:10.328104) Published
2023-12-30 01:46:10.335183 = function system/test_snmp.py::test_ft_snmp_ucd_la_table clean end
2023-12-30 01:46:10.335470 = Framework Function Hook Finalize
2023-12-30 01:46:10.337830 = Framework Function Hook Start
2023-12-30 01:46:10.339075 = function system/test_snmp.py::test_ft_snmp_ucd_system_stats init start
2023-12-30 01:46:15.168175 = function system/test_snmp.py::test_ft_snmp_ucd_system_stats init end
2023-12-30 01:46:15.169149 = Framework Function Hook end
2023-12-30 01:46:15.169983 = User Function system/test_snmp.py::test_ft_snmp_ucd_system_stats Hook Start
2023-12-30 01:46:15.172638 = User Function system/test_snmp.py::test_ft_snmp_ucd_system_stats Hook end
2023-12-30 01:46:15.209684 = User Function system/test_snmp.py::test_ft_snmp_ucd_system_stats Hook Finalize
2023-12-30 01:46:15.209915 = function system/test_snmp.py::test_ft_snmp_ucd_system_stats clean start
2023-12-30 01:46:15.234808 = Test Time (2023-12-30 01:46:10.339259 - 2023-12-30 01:46:15.234798) Published
2023-12-30 01:46:15.243395 = function system/test_snmp.py::test_ft_snmp_ucd_system_stats clean end
2023-12-30 01:46:15.244819 = Framework Function Hook Finalize
2023-12-30 01:46:15.247541 = Framework Function Hook Start
2023-12-30 01:46:15.248171 = function system/test_snmp.py::test_ft_snmp_dot1q_tp_fdb_port init start
2023-12-30 01:46:20.070149 = function system/test_snmp.py::test_ft_snmp_dot1q_tp_fdb_port init end
2023-12-30 01:46:20.071270 = Framework Function Hook end
2023-12-30 01:46:20.072168 = User Function system/test_snmp.py::test_ft_snmp_dot1q_tp_fdb_port Hook Start
2023-12-30 01:46:20.080457 = User Function system/test_snmp.py::test_ft_snmp_dot1q_tp_fdb_port Hook end
2023-12-30 01:46:21.975517 = User Function system/test_snmp.py::test_ft_snmp_dot1q_tp_fdb_port Hook Finalize
2023-12-30 01:46:21.975706 = function system/test_snmp.py::test_ft_snmp_dot1q_tp_fdb_port clean start
2023-12-30 01:46:22.004133 = Test Time (2023-12-30 01:46:15.248232 - 2023-12-30 01:46:22.004124) Published
2023-12-30 01:46:22.010886 = function system/test_snmp.py::test_ft_snmp_dot1q_tp_fdb_port clean end
2023-12-30 01:46:22.011210 = Framework Function Hook Finalize
2023-12-30 01:46:22.012221 = Framework Function Hook Start
2023-12-30 01:46:22.012613 = function system/test_snmp.py::test_ft_snmp_dot1q_tp_fdb_address init start
2023-12-30 01:46:26.984041 = function system/test_snmp.py::test_ft_snmp_dot1q_tp_fdb_address init end
2023-12-30 01:46:26.984414 = Framework Function Hook end
2023-12-30 01:46:26.984723 = User Function system/test_snmp.py::test_ft_snmp_dot1q_tp_fdb_address Hook Start
2023-12-30 01:46:26.987302 = User Function system/test_snmp.py::test_ft_snmp_dot1q_tp_fdb_address Hook end
2023-12-30 01:46:27.410520 = User Function system/test_snmp.py::test_ft_snmp_dot1q_tp_fdb_address Hook Finalize
2023-12-30 01:46:27.410854 = function system/test_snmp.py::test_ft_snmp_dot1q_tp_fdb_address clean start
2023-12-30 01:46:27.440252 = Test Time (2023-12-30 01:46:22.012678 - 2023-12-30 01:46:27.440239) Published
2023-12-30 01:46:27.448028 = function system/test_snmp.py::test_ft_snmp_dot1q_tp_fdb_address clean end
2023-12-30 01:46:27.448349 = Framework Function Hook Finalize
2023-12-30 01:46:27.449802 = Framework Function Hook Start
2023-12-30 01:46:27.450276 = function system/test_snmp.py::test_ft_snmp_coldstart_trap init start
2023-12-30 01:46:32.366426 = function system/test_snmp.py::test_ft_snmp_coldstart_trap init end
2023-12-30 01:46:32.366835 = Framework Function Hook end
2023-12-30 01:46:32.367166 = User Function system/test_snmp.py::test_ft_snmp_coldstart_trap Hook Start
2023-12-30 01:46:32.369943 = User Function system/test_snmp.py::test_ft_snmp_coldstart_trap Hook end
2023-12-30 01:46:46.638986 = User Function system/test_snmp.py::test_ft_snmp_coldstart_trap Hook Finalize
2023-12-30 01:46:46.639179 = function system/test_snmp.py::test_ft_snmp_coldstart_trap clean start
2023-12-30 01:46:46.666726 = Test Time (2023-12-30 01:46:27.450339 - 2023-12-30 01:46:46.666716) Published
2023-12-30 01:46:46.673450 = function system/test_snmp.py::test_ft_snmp_coldstart_trap clean end
2023-12-30 01:46:46.673836 = Framework Function Hook Finalize
2023-12-30 01:46:46.674832 = Framework Function Hook Start
2023-12-30 01:46:46.675215 = function system/test_snmp.py::test_ft_snmp_docker_restart init start
2023-12-30 01:46:51.510597 = function system/test_snmp.py::test_ft_snmp_docker_restart init end
2023-12-30 01:46:51.511532 = Framework Function Hook end
2023-12-30 01:46:51.512303 = User Function system/test_snmp.py::test_ft_snmp_docker_restart Hook Start
2023-12-30 01:46:51.520265 = User Function system/test_snmp.py::test_ft_snmp_docker_restart Hook end
2023-12-30 01:47:06.336992 = User Function system/test_snmp.py::test_ft_snmp_docker_restart Hook Finalize
2023-12-30 01:47:06.337180 = function system/test_snmp.py::test_ft_snmp_docker_restart clean start
2023-12-30 01:47:06.363252 = Test Time (2023-12-30 01:46:46.675273 - 2023-12-30 01:47:06.363244) Published
2023-12-30 01:47:06.369182 = function system/test_snmp.py::test_ft_snmp_docker_restart clean end
2023-12-30 01:47:06.369469 = Framework Function Hook Finalize
2023-12-30 01:48:01.999147 = User Module system/test_snmp.py Hook Finalize
2023-12-30 01:48:01.999864 = module test_snmp.py clean start
2023-12-30 01:48:28.977106 = report file generation start
2023-12-30 01:48:29.070675 = report file generation end
2023-12-30 01:48:29.076848 = module test_snmp.py clean end
2023-12-30 01:48:29.077550 = Framework Module Hook Finalize
2023-12-30 01:48:29.167796 = Framework Module Hook Start
2023-12-30 01:48:29.584067 = module test_spytest_infra_1.py init start
