2023-12-27 00:25:41,199 T0000: WARN  #### gw5  
2023-12-27 00:25:41,199 T0000: WARN  support post-session-prolog session pass ''
2023-12-27 00:26:27,965 T0000: INFO  #### gw5  
2023-12-27 00:26:27,965 T0000: INFO  support pre-module-prolog system/test_device_mgmt.py  ''
2023-12-27 00:26:51,672 T0000: INFO  #### gw5  system/test_device_mgmt.py
2023-12-27 00:26:51,672 T0000: INFO  support post-module-prolog system/test_device_mgmt.py Pass ''
2023-12-27 00:27:22,705 T0000: INFO  #### gw5  system/test_device_mgmt.py
2023-12-27 00:27:22,705 T0000: INFO  support pre-function-prolog test_ft_ip_static_ip_on_mgmt_intrf  ''
2023-12-27 00:27:22,717 T0000: INFO  #### gw5  system/test_device_mgmt.py::test_ft_ip_static_ip_on_mgmt_intrf
2023-12-27 00:27:22,717 T0000: INFO  support post-function-prolog test_ft_ip_static_ip_on_mgmt_intrf Pass ''
2023-12-27 00:27:39,883 T0000: INFO  #### gw5  system/test_device_mgmt.py::test_ft_ip_static_ip_on_mgmt_intrf
2023-12-27 00:27:39,883 T0000: INFO  support pre-function-epilog test_ft_ip_static_ip_on_mgmt_intrf Pass 'Test case passed'
2023-12-27 00:27:39,888 T0000: INFO  #### gw5  system/test_device_mgmt.py::test_ft_ip_static_ip_on_mgmt_intrf
2023-12-27 00:27:39,888 T0000: INFO  support post-function-epilog test_ft_ip_static_ip_on_mgmt_intrf Pass 'Test case passed'
2023-12-27 00:27:39,906 T0000: WARN  #### gw5  system/test_device_mgmt.py::test_ft_ip_static_ip_on_mgmt_intrf
2023-12-27 00:27:39,907 T0000: WARN  support pre-module-epilog system/test_device_mgmt.py pass ''
2023-12-27 00:28:03,655 T0000: WARN  #### gw5  system/test_device_mgmt.py::test_ft_ip_static_ip_on_mgmt_intrf
2023-12-27 00:28:03,655 T0000: WARN  support post-module-epilog system/test_device_mgmt.py pass ''
2023-12-27 00:29:39,480 T0000: INFO  #### gw5  
2023-12-27 00:29:39,481 T0000: INFO  support pre-module-prolog qos/test_qos_save_reboot.py  ''
2023-12-27 00:32:26,626 T0000: INFO  #### gw5  qos/test_qos_save_reboot.py
2023-12-27 00:32:26,626 T0000: INFO  support post-module-prolog qos/test_qos_save_reboot.py Pass ''
2023-12-27 00:32:57,740 T0000: INFO  #### gw5  qos/test_qos_save_reboot.py
2023-12-27 00:32:57,740 T0000: INFO  support pre-function-prolog test_ft_qos_config_mgmt_verifying_config_with_save_reboot  ''
2023-12-27 00:32:57,754 T0000: INFO  #### gw5  qos/test_qos_save_reboot.py::test_ft_qos_config_mgmt_verifying_config_with_save_reboot
2023-12-27 00:32:57,754 T0000: INFO  support post-function-prolog test_ft_qos_config_mgmt_verifying_config_with_save_reboot Pass ''
2023-12-27 00:33:48,815 T0000: WARN  #### gw5 IGNORED ERROR qos/test_qos_save_reboot.py::test_ft_qos_config_mgmt_verifying_config_with_save_reboot
2023-12-27 00:33:48,815 T0000: WARN  Skipped error checking but detected pattern: containing_failed command: sudo -s reboot
2023-12-27 00:36:12,427 T0000: INFO  #### gw5  qos/test_qos_save_reboot.py::test_ft_qos_config_mgmt_verifying_config_with_save_reboot
2023-12-27 00:36:12,427 T0000: INFO  support pre-function-epilog test_ft_qos_config_mgmt_verifying_config_with_save_reboot Pass 'Test case passed'
2023-12-27 00:36:12,432 T0000: INFO  #### gw5  qos/test_qos_save_reboot.py::test_ft_qos_config_mgmt_verifying_config_with_save_reboot
2023-12-27 00:36:12,432 T0000: INFO  support post-function-epilog test_ft_qos_config_mgmt_verifying_config_with_save_reboot Pass 'Test case passed'
2023-12-27 00:36:12,452 T0000: WARN  #### gw5  qos/test_qos_save_reboot.py::test_ft_qos_config_mgmt_verifying_config_with_save_reboot
2023-12-27 00:36:12,452 T0000: WARN  support pre-module-epilog qos/test_qos_save_reboot.py pass ''
2023-12-27 00:36:38,154 T0000: WARN  #### gw5  qos/test_qos_save_reboot.py::test_ft_qos_config_mgmt_verifying_config_with_save_reboot
2023-12-27 00:36:38,155 T0000: WARN  support post-module-epilog qos/test_qos_save_reboot.py pass ''
2023-12-27 00:38:13,338 T0000: WARN  #### gw5  batch/test_spytest_infra_1.py::test_spytest_infra_last
2023-12-27 00:38:13,338 T0000: WARN  support session-epilog session pass ''
