2023-12-31 00:55:47,655 T0005: INFO  Connecting to device (V1): sonic_ssh: 172.18.0.2:22 ..
2023-12-31 00:55:47,655 T0005: INFO  TRY Authentication: 172.18.0.2:22 admin YourPaSsWoRd
2023-12-31 00:55:52,841 T0005: DEBUG Connected ...
2023-12-31 00:55:53,679 T0005: INFO  Prompt at the connection start: 'admin@V1:~$' 
2023-12-31 00:55:54,092 T0005: INFO  FCMD: export TMOUT=0;stty cols 5000;uptime
2023-12-31 00:55:54,358 T0005: INFO   00:55:54 up 23 days,  1:59,  1 user,  load average: 12.31, 27.44, 17.79
2023-12-31 00:55:54,359 T0005: INFO  admin@V1:~$ 
2023-12-31 00:55:54,765 T0005: INFO  FCMD: cat /proc/uptime
2023-12-31 00:55:55,025 T0005: INFO  1994353.28 157236866.68
2023-12-31 00:55:55,025 T0005: INFO  admin@V1:~$ 
2023-12-31 00:55:55,027 T0005: INFO  UPTIME: 1994353.28
2023-12-31 00:55:55,438 T0005: INFO  FCMD: sudo vtysh -c 'show running-config | include hostname'
2023-12-31 00:55:56,048 T0005: INFO  Error response from daemon: No such container: bgp
2023-12-31 00:55:56,049 T0005: INFO  admin@V1:~$ 
2023-12-31 00:55:56,053 T0005: WARN  Skipped error checking in session init but detected pattern: containing_no_response_from_container command: sudo vtysh -c 'show running-config | include hostname'
2023-12-31 00:55:56,056 T0005: WARN  Failed to read hostname from vtysh retry again in 5 sec
2023-12-31 00:56:01,483 T0005: INFO  FCMD: sudo vtysh -c 'show running-config | include hostname'
2023-12-31 00:56:02,095 T0005: INFO  Error response from daemon: No such container: bgp
2023-12-31 00:56:02,095 T0005: INFO  admin@V1:~$ 
2023-12-31 00:56:02,099 T0005: WARN  Skipped error checking in session init but detected pattern: containing_no_response_from_container command: sudo vtysh -c 'show running-config | include hostname'
2023-12-31 00:56:02,101 T0005: WARN  Failed to read hostname from vtysh retry again in 5 sec
2023-12-31 00:56:07,525 T0005: INFO  FCMD: sudo vtysh -c 'show running-config | include hostname'
2023-12-31 00:56:08,136 T0005: INFO  Error response from daemon: No such container: bgp
2023-12-31 00:56:08,136 T0005: INFO  admin@V1:~$ 
2023-12-31 00:56:08,139 T0005: WARN  Skipped error checking in session init but detected pattern: containing_no_response_from_container command: sudo vtysh -c 'show running-config | include hostname'
2023-12-31 00:56:08,140 T0005: WARN  Failed to read hostname from vtysh retry again in 5 sec
2023-12-31 00:56:13,552 T0005: INFO  FCMD: sudo vtysh -c 'show running-config | include hostname'
2023-12-31 00:56:14,162 T0005: INFO  Error response from daemon: No such container: bgp
2023-12-31 00:56:14,163 T0005: INFO  admin@V1:~$ 
2023-12-31 00:56:14,167 T0005: WARN  Skipped error checking in session init but detected pattern: containing_no_response_from_container command: sudo vtysh -c 'show running-config | include hostname'
2023-12-31 00:56:14,169 T0005: WARN  Failed to read hostname from vtysh retry again in 5 sec
2023-12-31 00:56:19,584 T0005: INFO  FCMD: sudo vtysh -c 'show running-config | include hostname'
2023-12-31 00:56:20,250 T0005: INFO  Error response from daemon: No such container: bgp
2023-12-31 00:56:20,251 T0005: INFO  admin@V1:~$ 
2023-12-31 00:56:20,256 T0005: WARN  Skipped error checking in session init but detected pattern: containing_no_response_from_container command: sudo vtysh -c 'show running-config | include hostname'
2023-12-31 00:56:20,261 T0005: WARN  Failed to read hostname from vtysh retry again in 5 sec
2023-12-31 00:56:25,678 T0005: INFO  FCMD: sudo vtysh -c 'show running-config | include hostname'
2023-12-31 00:56:26,344 T0005: INFO  Error response from daemon: No such container: bgp
2023-12-31 00:56:26,345 T0005: INFO  admin@V1:~$ 
2023-12-31 00:56:26,348 T0005: WARN  Skipped error checking in session init but detected pattern: containing_no_response_from_container command: sudo vtysh -c 'show running-config | include hostname'
2023-12-31 00:56:26,349 T0005: WARN  Failed to read hostname from vtysh retry again in 5 sec
2023-12-31 00:56:31,762 T0005: INFO  FCMD: sudo vtysh -c 'show running-config | include hostname'
2023-12-31 00:56:32,372 T0005: INFO  Error response from daemon: No such container: bgp
2023-12-31 00:56:32,373 T0005: INFO  admin@V1:~$ 
2023-12-31 00:56:32,375 T0005: WARN  Skipped error checking in session init but detected pattern: containing_no_response_from_container command: sudo vtysh -c 'show running-config | include hostname'
2023-12-31 00:56:32,376 T0005: WARN  Failed to read hostname from vtysh retry again in 5 sec
2023-12-31 00:56:37,786 T0005: INFO  FCMD: sudo vtysh -c 'show running-config | include hostname'
2023-12-31 00:56:38,396 T0005: INFO  Error response from daemon: No such container: bgp
2023-12-31 00:56:38,397 T0005: INFO  admin@V1:~$ 
2023-12-31 00:56:38,399 T0005: WARN  Skipped error checking in session init but detected pattern: containing_no_response_from_container command: sudo vtysh -c 'show running-config | include hostname'
2023-12-31 00:56:38,401 T0005: WARN  Failed to read hostname from vtysh retry again in 5 sec
2023-12-31 00:56:43,815 T0005: INFO  FCMD: sudo vtysh -c 'show running-config | include hostname'
2023-12-31 00:56:44,478 T0005: INFO  Error response from daemon: No such container: bgp
2023-12-31 00:56:44,478 T0005: INFO  admin@V1:~$ 
2023-12-31 00:56:44,480 T0005: WARN  Skipped error checking in session init but detected pattern: containing_no_response_from_container command: sudo vtysh -c 'show running-config | include hostname'
2023-12-31 00:56:44,482 T0005: WARN  Failed to read hostname from vtysh retry again in 5 sec
2023-12-31 00:56:49,897 T0005: INFO  FCMD: sudo vtysh -c 'show running-config | include hostname'
2023-12-31 00:56:50,511 T0005: INFO  Error response from daemon: No such container: bgp
2023-12-31 00:56:50,511 T0005: INFO  admin@V1:~$ 
2023-12-31 00:56:50,514 T0005: WARN  Skipped error checking in session init but detected pattern: containing_no_response_from_container command: sudo vtysh -c 'show running-config | include hostname'
2023-12-31 00:56:50,516 T0005: WARN  Failed to read hostname from vtysh retry again in 5 sec
2023-12-31 00:56:55,929 T0005: INFO  FCMD: sudo vtysh -c 'show running-config | include hostname'
2023-12-31 00:56:56,539 T0005: INFO  Error response from daemon: No such container: bgp
2023-12-31 00:56:56,540 T0005: INFO  admin@V1:~$ 
2023-12-31 00:56:56,542 T0005: WARN  Skipped error checking in session init but detected pattern: containing_no_response_from_container command: sudo vtysh -c 'show running-config | include hostname'
2023-12-31 00:56:56,544 T0005: WARN  Failed to read hostname from vtysh retry again in 5 sec
2023-12-31 00:57:01,960 T0005: INFO  FCMD: sudo vtysh -c 'show running-config | include hostname'
2023-12-31 00:57:02,571 T0005: INFO  Error response from daemon: No such container: bgp
2023-12-31 00:57:02,571 T0005: INFO  admin@V1:~$ 
2023-12-31 00:57:02,573 T0005: WARN  Skipped error checking in session init but detected pattern: containing_no_response_from_container command: sudo vtysh -c 'show running-config | include hostname'
2023-12-31 00:57:02,575 T0005: WARN  Failed to read hostname from vtysh retry again in 5 sec
2023-12-31 00:57:07,986 T0005: INFO  FCMD: sudo vtysh -c 'show running-config | include hostname'
2023-12-31 00:57:08,648 T0005: INFO  Error response from daemon: No such container: bgp
2023-12-31 00:57:08,648 T0005: INFO  admin@V1:~$ 
2023-12-31 00:57:08,652 T0005: WARN  Skipped error checking in session init but detected pattern: containing_no_response_from_container command: sudo vtysh -c 'show running-config | include hostname'
2023-12-31 00:57:08,655 T0005: WARN  Failed to read hostname from vtysh retry again in 5 sec
2023-12-31 00:57:14,066 T0005: INFO  FCMD: sudo vtysh -c 'show running-config | include hostname'
2023-12-31 00:57:14,725 T0005: INFO  Error response from daemon: No such container: bgp
2023-12-31 00:57:14,725 T0005: INFO  admin@V1:~$ 
2023-12-31 00:57:14,727 T0005: WARN  Skipped error checking in session init but detected pattern: containing_no_response_from_container command: sudo vtysh -c 'show running-config | include hostname'
2023-12-31 00:57:14,728 T0005: WARN  Failed to read hostname from vtysh retry again in 5 sec
2023-12-31 00:57:20,139 T0005: INFO  FCMD: sudo vtysh -c 'show running-config | include hostname'
2023-12-31 00:57:20,750 T0005: INFO  Error response from daemon: No such container: bgp
2023-12-31 00:57:20,751 T0005: INFO  admin@V1:~$ 
2023-12-31 00:57:20,753 T0005: WARN  Skipped error checking in session init but detected pattern: containing_no_response_from_container command: sudo vtysh -c 'show running-config | include hostname'
2023-12-31 00:57:20,755 T0005: WARN  Failed to read hostname from vtysh retry again in 5 sec
2023-12-31 00:57:26,168 T0005: INFO  FCMD: sudo vtysh -c 'show running-config | include hostname'
2023-12-31 00:57:26,778 T0005: INFO  Error response from daemon: No such container: bgp
2023-12-31 00:57:26,778 T0005: INFO  admin@V1:~$ 
2023-12-31 00:57:26,781 T0005: WARN  Skipped error checking in session init but detected pattern: containing_no_response_from_container command: sudo vtysh -c 'show running-config | include hostname'
2023-12-31 00:57:26,783 T0005: WARN  Failed to read hostname from vtysh retry again in 5 sec
2023-12-31 00:57:32,196 T0005: INFO  FCMD: sudo vtysh -c 'show running-config | include hostname'
2023-12-31 00:57:32,856 T0005: INFO  Error response from daemon: No such container: bgp
2023-12-31 00:57:32,856 T0005: INFO  admin@V1:~$ 
2023-12-31 00:57:32,859 T0005: WARN  Skipped error checking in session init but detected pattern: containing_no_response_from_container command: sudo vtysh -c 'show running-config | include hostname'
2023-12-31 00:57:32,861 T0005: WARN  Failed to read hostname from vtysh retry again in 5 sec
2023-12-31 00:57:38,270 T0005: INFO  FCMD: sudo vtysh -c 'show running-config | include hostname'
2023-12-31 00:57:38,930 T0005: INFO  Error response from daemon: No such container: bgp
2023-12-31 00:57:38,931 T0005: INFO  admin@V1:~$ 
2023-12-31 00:57:38,933 T0005: WARN  Skipped error checking in session init but detected pattern: containing_no_response_from_container command: sudo vtysh -c 'show running-config | include hostname'
2023-12-31 00:57:38,935 T0005: WARN  Failed to read hostname from vtysh retry again in 5 sec
2023-12-31 00:57:44,346 T0005: INFO  FCMD: sudo vtysh -c 'show running-config | include hostname'
2023-12-31 00:57:45,007 T0005: INFO  Error response from daemon: No such container: bgp
2023-12-31 00:57:45,008 T0005: INFO  admin@V1:~$ 
2023-12-31 00:57:45,011 T0005: WARN  Skipped error checking in session init but detected pattern: containing_no_response_from_container command: sudo vtysh -c 'show running-config | include hostname'
2023-12-31 00:57:45,014 T0005: WARN  Failed to read hostname from vtysh retry again in 5 sec
2023-12-31 00:57:50,427 T0005: INFO  FCMD: sudo vtysh -c 'show running-config | include hostname'
2023-12-31 00:57:51,039 T0005: INFO  Error response from daemon: No such container: bgp
2023-12-31 00:57:51,039 T0005: INFO  admin@V1:~$ 
2023-12-31 00:57:51,043 T0005: WARN  Skipped error checking in session init but detected pattern: containing_no_response_from_container command: sudo vtysh -c 'show running-config | include hostname'
2023-12-31 00:57:51,045 T0005: WARN  Failed to read hostname from vtysh retry again in 5 sec
2023-12-31 00:57:56,051 T0005: ERROR Failed to read hostname from vtysh - assuming sonic
2023-12-31 00:57:56,052 T0005: INFO  Base Prompt: sonic
2023-12-31 00:57:56,053 T0005: DEBUG Wait for system ready Ref: 866
2023-12-31 00:57:56,458 T0005: INFO  FCMD: sudo md5sum /etc/spytest/remote/spytest-helper.py
2023-12-31 00:57:56,715 T0005: INFO  4522abaafb8e29890a8377a810228525  /etc/spytest/remote/spytest-helper.py
2023-12-31 00:57:56,715 T0005: INFO  admin@V1:~$ 
2023-12-31 00:57:56,717 T0005: WARN  Execute 'sudo python /etc/spytest/remote/spytest-helper.py --wait-for-ports 300' with timeout 600 sec -- TRY 1
2023-12-31 00:57:56,717 T0005: INFO  SCMD: sudo python /etc/spytest/remote/spytest-helper.py --wait-for-ports 300  
2023-12-31 00:58:00,549 T0005: WARN  Skipped error checking in session init but detected pattern: containing_python_traceback command: sudo python /etc/spytest/remote/spytest-helper.py --wait-for-ports 300  
2023-12-31 00:58:00,550 T0005: INFO  
2023-12-31 00:58:00,550 T0005: INFO  Remote CMD: 'show platform summary'
2023-12-31 00:58:00,551 T0005: INFO  Error: Failed to execute 'show platform summary' (out: '') (err: 'Traceback (most recent call last):
2023-12-31 00:58:00,551 T0005: INFO    File "/usr/local/bin/show", line 5, in <module>
2023-12-31 00:58:00,551 T0005: INFO      from show.main import cli
2023-12-31 00:58:00,551 T0005: INFO    File "/usr/local/lib/python3.11/dist-packages/show/main.py", line 307, in <module>
2023-12-31 00:58:00,552 T0005: INFO      if is_gearbox_configured():
2023-12-31 00:58:00,552 T0005: INFO         ^^^^^^^^^^^^^^^^^^^^^^^
2023-12-31 00:58:00,552 T0005: INFO    File "/usr/local/lib/python3.11/dist-packages/show/main.py", line 248, in is_gearbox_configured
2023-12-31 00:58:00,552 T0005: INFO      app_db.connect(app_db.APPL_DB)
2023-12-31 00:58:00,552 T0005: INFO    File "/usr/lib/python3/dist-packages/swsscommon/swsscommon.py", line 1821, in connect
2023-12-31 00:58:00,552 T0005: INFO      return _swsscommon.SonicV2Connector_Native_connect(self, db_name, retry_on)
2023-12-31 00:58:00,552 T0005: INFO             ^^^^^^^^^^^^^^^^^^^^^^^^^^^^^^^^^^^^^^^^^^^^^^^^^^^^^^^^^^^^^^^^^^^^
2023-12-31 00:58:00,552 T0005: INFO  RuntimeError: Unable to connect to redis: Cannot assign requested address')
2023-12-31 00:58:00,552 T0005: INFO  
2023-12-31 00:58:00,553 T0005: INFO  Remote CMD: 'cat /usr/share/sonic/device/None/None/port_config.ini | tail -1'
2023-12-31 00:58:00,553 T0005: INFO  Remote CMD: 'sudo show interfaces status '
2023-12-31 00:58:00,553 T0005: INFO  Error: Failed to execute 'sudo show interfaces status ' (out: '') (err: 'Traceback (most recent call last):
2023-12-31 00:58:00,553 T0005: INFO    File "/usr/local/bin/show", line 5, in <module>
2023-12-31 00:58:00,553 T0005: INFO      from show.main import cli
2023-12-31 00:58:00,553 T0005: INFO    File "/usr/local/lib/python3.11/dist-packages/show/main.py", line 307, in <module>
2023-12-31 00:58:00,553 T0005: INFO      if is_gearbox_configured():
2023-12-31 00:58:00,553 T0005: INFO         ^^^^^^^^^^^^^^^^^^^^^^^
2023-12-31 00:58:00,553 T0005: INFO    File "/usr/local/lib/python3.11/dist-packages/show/main.py", line 248, in is_gearbox_configured
2023-12-31 00:58:00,553 T0005: INFO      app_db.connect(app_db.APPL_DB)
2023-12-31 00:58:00,553 T0005: INFO    File "/usr/lib/python3/dist-packages/swsscommon/swsscommon.py", line 1821, in connect
2023-12-31 00:58:00,553 T0005: INFO      return _swsscommon.SonicV2Connector_Native_connect(self, db_name, retry_on)
2023-12-31 00:58:00,553 T0005: INFO             ^^^^^^^^^^^^^^^^^^^^^^^^^^^^^^^^^^^^^^^^^^^^^^^^^^^^^^^^^^^^^^^^^^^^
2023-12-31 00:58:00,553 T0005: INFO  RuntimeError: Unable to connect to redis: Cannot assign requested address')
2023-12-31 00:58:00,554 T0005: INFO  
2023-12-31 00:58:00,554 T0005: INFO  admin@V1:~$ 
2023-12-31 00:58:00,554 T0005: ERROR Failed to execute the command sudo python /etc/spytest/remote/spytest-helper.py --wait-for-ports 300  
2023-12-31 00:58:00,556 T0004: ERROR Failed to connect to device
