2024-01-06 03:21:54,605 T0000: WARN  #### gw4
2024-01-06 03:21:54,605 T0000: WARN  support post-session-prolog session pass ''
2024-01-06 03:22:37,101 T0000: WARN  #### gw4  batch/test_spytest_infra_1.py::test_spytest_infra_second
2024-01-06 03:22:37,101 T0000: WARN  support session-epilog session pass ''
2024-01-06 03:11:55,453 T0000: WARN  #### gw5
2024-01-06 03:11:55,453 T0000: WARN  support post-session-prolog session pass ''
2024-01-06 03:12:42,325 T0000: INFO  #### gw5
2024-01-06 03:12:42,325 T0000: INFO  support pre-module-prolog system/test_snapshot.py  ''
2024-01-06 03:13:30,292 T0000: INFO  #### gw5  system/test_snapshot.py
2024-01-06 03:13:30,292 T0000: INFO  support post-module-prolog system/test_snapshot.py Pass ''
2024-01-06 03:14:01,312 T0000: INFO  #### gw5  system/test_snapshot.py
2024-01-06 03:14:01,312 T0000: INFO  support pre-function-prolog test_ft_watermark_telemetry_interval  ''
2024-01-06 03:14:01,323 T0000: INFO  #### gw5  system/test_snapshot.py::test_ft_watermark_telemetry_interval
2024-01-06 03:14:01,323 T0000: INFO  support post-function-prolog test_ft_watermark_telemetry_interval Pass ''
2024-01-06 03:14:11,312 T0000: WARN  #### gw5  system/test_snapshot.py::test_ft_watermark_telemetry_interval
2024-01-06 03:14:11,312 T0000: WARN  support testcase ft_sf_snapshot_tam_Error_Logs Fail 'Error logs are getting generated on the device'
2024-01-06 03:14:11,327 T0000: INFO  #### gw5  system/test_snapshot.py::test_ft_watermark_telemetry_interval
2024-01-06 03:14:11,327 T0000: INFO  support pre-function-epilog test_ft_watermark_telemetry_interval Pass 'verification of configured telemetry interval and reset to default interval is successful'
2024-01-06 03:14:11,330 T0000: INFO  #### gw5  system/test_snapshot.py::test_ft_watermark_telemetry_interval
2024-01-06 03:14:11,330 T0000: INFO  support post-function-epilog test_ft_watermark_telemetry_interval Pass 'verification of configured telemetry interval and reset to default interval is successful'
2024-01-06 03:14:11,347 T0000: WARN  #### gw5  system/test_snapshot.py::test_ft_watermark_telemetry_interval
2024-01-06 03:14:11,347 T0000: WARN  support pre-module-epilog system/test_snapshot.py pass ''
2024-01-06 03:14:42,401 T0000: WARN  #### gw5  system/test_snapshot.py::test_ft_watermark_telemetry_interval
2024-01-06 03:14:42,401 T0000: WARN  support post-module-epilog system/test_snapshot.py pass ''
2024-01-06 03:16:47,286 T0000: INFO  #### gw5
2024-01-06 03:16:47,286 T0000: INFO  support pre-module-prolog system/test_snmp.py  ''
2024-01-06 03:18:27,098 T0000: INFO  #### gw5  system/test_snmp.py
2024-01-06 03:18:27,098 T0000: INFO  support post-module-prolog system/test_snmp.py Pass ''
2024-01-06 03:18:58,349 T0000: INFO  #### gw5  system/test_snmp.py
2024-01-06 03:18:58,349 T0000: INFO  support pre-function-prolog test_ft_snmp_sysName  ''
2024-01-06 03:18:58,367 T0000: INFO  #### gw5  system/test_snmp.py::test_ft_snmp_sysName
2024-01-06 03:18:58,367 T0000: INFO  support post-function-prolog test_ft_snmp_sysName Pass ''
2024-01-06 03:18:59,094 T0000: WARN  #### gw5  system/test_snmp.py::test_ft_snmp_sysName
2024-01-06 03:18:59,095 T0000: WARN  support pre-function-epilog test_ft_snmp_sysName Fail 'sysname output is not in sync between system and snmp'
2024-01-06 03:18:59,505 T0000: WARN  #### gw5  system/test_snmp.py::test_ft_snmp_sysName
2024-01-06 03:18:59,505 T0000: WARN  support post-function-epilog test_ft_snmp_sysName ignore 'sysname output is not in sync between system and snmp'
2024-01-06 03:19:04,050 T0000: INFO  #### gw5  system/test_snmp.py
2024-01-06 03:19:04,050 T0000: INFO  support pre-function-prolog test_ft_snmp_test_syUpTime  ''
2024-01-06 03:19:04,062 T0000: INFO  #### gw5  system/test_snmp.py::test_ft_snmp_test_syUpTime
2024-01-06 03:19:04,062 T0000: INFO  support post-function-prolog test_ft_snmp_test_syUpTime Pass ''
2024-01-06 03:19:05,229 T0000: INFO  #### gw5  system/test_snmp.py::test_ft_snmp_test_syUpTime
2024-01-06 03:19:05,229 T0000: INFO  support pre-function-epilog test_ft_snmp_test_syUpTime Pass 'Test case passed'
2024-01-06 03:19:05,233 T0000: INFO  #### gw5  system/test_snmp.py::test_ft_snmp_test_syUpTime
2024-01-06 03:19:05,233 T0000: INFO  support post-function-epilog test_ft_snmp_test_syUpTime Pass 'Test case passed'
2024-01-06 03:19:09,654 T0000: INFO  #### gw5  system/test_snmp.py
2024-01-06 03:19:09,655 T0000: INFO  support pre-function-prolog test_ft_snmp_sysDescr  ''
2024-01-06 03:19:09,668 T0000: INFO  #### gw5  system/test_snmp.py::test_ft_snmp_sysDescr
2024-01-06 03:19:09,668 T0000: INFO  support post-function-prolog test_ft_snmp_sysDescr Pass ''
2024-01-06 03:19:12,850 T0000: INFO  #### gw5  system/test_snmp.py::test_ft_snmp_sysDescr
2024-01-06 03:19:12,850 T0000: INFO  support pre-function-epilog test_ft_snmp_sysDescr Pass 'Test case passed'
2024-01-06 03:19:12,863 T0000: INFO  #### gw5  system/test_snmp.py::test_ft_snmp_sysDescr
2024-01-06 03:19:12,863 T0000: INFO  support post-function-epilog test_ft_snmp_sysDescr Pass 'Test case passed'
2024-01-06 03:19:17,333 T0000: INFO  #### gw5  system/test_snmp.py
2024-01-06 03:19:17,333 T0000: INFO  support pre-function-prolog test_ft_snmp_mib_2  ''
2024-01-06 03:19:17,345 T0000: INFO  #### gw5  system/test_snmp.py::test_ft_snmp_mib_2
2024-01-06 03:19:17,345 T0000: INFO  support post-function-prolog test_ft_snmp_mib_2 Pass ''
2024-01-06 03:19:23,950 T0000: INFO  #### gw5  system/test_snmp.py::test_ft_snmp_mib_2
2024-01-06 03:19:23,950 T0000: INFO  support pre-function-epilog test_ft_snmp_mib_2 Pass 'Test case passed'
2024-01-06 03:19:23,958 T0000: INFO  #### gw5  system/test_snmp.py::test_ft_snmp_mib_2
2024-01-06 03:19:23,958 T0000: INFO  support post-function-epilog test_ft_snmp_mib_2 Pass 'Test case passed'
2024-01-06 03:19:28,718 T0000: INFO  #### gw5  system/test_snmp.py
2024-01-06 03:19:28,718 T0000: INFO  support pre-function-prolog test_ft_snmp_if_mib_all  ''
2024-01-06 03:19:28,730 T0000: INFO  #### gw5  system/test_snmp.py::test_ft_snmp_if_mib_all
2024-01-06 03:19:28,730 T0000: INFO  support post-function-prolog test_ft_snmp_if_mib_all Pass ''
2024-01-06 03:19:28,893 T0000: INFO  #### gw5  system/test_snmp.py::test_ft_snmp_if_mib_all
2024-01-06 03:19:28,893 T0000: INFO  support pre-function-epilog test_ft_snmp_if_mib_all Pass 'Test case passed'
2024-01-06 03:19:28,899 T0000: INFO  #### gw5  system/test_snmp.py::test_ft_snmp_if_mib_all
2024-01-06 03:19:28,899 T0000: INFO  support post-function-epilog test_ft_snmp_if_mib_all Pass 'Test case passed'
2024-01-06 03:19:33,326 T0000: INFO  #### gw5  system/test_snmp.py
2024-01-06 03:19:33,326 T0000: INFO  support pre-function-prolog test_ft_snmp_entity_mib_all  ''
2024-01-06 03:19:33,338 T0000: INFO  #### gw5  system/test_snmp.py::test_ft_snmp_entity_mib_all
2024-01-06 03:19:33,338 T0000: INFO  support post-function-prolog test_ft_snmp_entity_mib_all Pass ''
2024-01-06 03:19:33,388 T0000: INFO  #### gw5  system/test_snmp.py::test_ft_snmp_entity_mib_all
2024-01-06 03:19:33,388 T0000: INFO  support pre-function-epilog test_ft_snmp_entity_mib_all Pass 'Test case passed'
2024-01-06 03:19:33,392 T0000: INFO  #### gw5  system/test_snmp.py::test_ft_snmp_entity_mib_all
2024-01-06 03:19:33,392 T0000: INFO  support post-function-epilog test_ft_snmp_entity_mib_all Pass 'Test case passed'
2024-01-06 03:19:37,839 T0000: INFO  #### gw5  system/test_snmp.py
2024-01-06 03:19:37,839 T0000: INFO  support pre-function-prolog test_ft_snmp_dot1q_dot1db_mib  ''
2024-01-06 03:19:37,853 T0000: INFO  #### gw5  system/test_snmp.py::test_ft_snmp_dot1q_dot1db_mib
2024-01-06 03:19:37,853 T0000: INFO  support post-function-prolog test_ft_snmp_dot1q_dot1db_mib Pass ''
2024-01-06 03:19:37,945 T0000: INFO  #### gw5  system/test_snmp.py::test_ft_snmp_dot1q_dot1db_mib
2024-01-06 03:19:37,945 T0000: INFO  support pre-function-epilog test_ft_snmp_dot1q_dot1db_mib Pass 'Test case passed'
2024-01-06 03:19:37,951 T0000: INFO  #### gw5  system/test_snmp.py::test_ft_snmp_dot1q_dot1db_mib
2024-01-06 03:19:37,952 T0000: INFO  support post-function-epilog test_ft_snmp_dot1q_dot1db_mib Pass 'Test case passed'
2024-01-06 03:19:42,374 T0000: INFO  #### gw5  system/test_snmp.py
2024-01-06 03:19:42,375 T0000: INFO  support pre-function-prolog test_ft_snmp_root_node_walk  ''
2024-01-06 03:19:42,386 T0000: INFO  #### gw5  system/test_snmp.py::test_ft_snmp_root_node_walk
2024-01-06 03:19:42,386 T0000: INFO  support post-function-prolog test_ft_snmp_root_node_walk Pass ''
2024-01-06 03:19:54,836 T0000: INFO  #### gw5  system/test_snmp.py::test_ft_snmp_root_node_walk
2024-01-06 03:19:54,836 T0000: INFO  support pre-function-epilog test_ft_snmp_root_node_walk Pass 'Test case passed'
2024-01-06 03:19:54,843 T0000: INFO  #### gw5  system/test_snmp.py::test_ft_snmp_root_node_walk
2024-01-06 03:19:54,844 T0000: INFO  support post-function-epilog test_ft_snmp_root_node_walk Pass 'Test case passed'
2024-01-06 03:19:59,338 T0000: INFO  #### gw5  system/test_snmp.py
2024-01-06 03:19:59,338 T0000: INFO  support pre-function-prolog test_ft_snmp_ipAddressRowStatus_ipv6  ''
2024-01-06 03:19:59,350 T0000: INFO  #### gw5  system/test_snmp.py::test_ft_snmp_ipAddressRowStatus_ipv6
2024-01-06 03:19:59,350 T0000: INFO  support post-function-prolog test_ft_snmp_ipAddressRowStatus_ipv6 Pass ''
2024-01-06 03:20:05,275 T0000: INFO  #### gw5  system/test_snmp.py::test_ft_snmp_ipAddressRowStatus_ipv6
2024-01-06 03:20:05,275 T0000: INFO  support pre-function-epilog test_ft_snmp_ipAddressRowStatus_ipv6 Pass 'Test case passed'
2024-01-06 03:20:05,280 T0000: INFO  #### gw5  system/test_snmp.py::test_ft_snmp_ipAddressRowStatus_ipv6
2024-01-06 03:20:05,280 T0000: INFO  support post-function-epilog test_ft_snmp_ipAddressRowStatus_ipv6 Pass 'Test case passed'
2024-01-06 03:20:09,733 T0000: INFO  #### gw5  system/test_snmp.py
2024-01-06 03:20:09,733 T0000: INFO  support pre-function-prolog test_ft_snmp_ipAddressStorageType_ipv6  ''
2024-01-06 03:20:09,750 T0000: INFO  #### gw5  system/test_snmp.py::test_ft_snmp_ipAddressStorageType_ipv6
2024-01-06 03:20:09,750 T0000: INFO  support post-function-prolog test_ft_snmp_ipAddressStorageType_ipv6 Pass ''
2024-01-06 03:20:09,785 T0000: INFO  #### gw5  system/test_snmp.py::test_ft_snmp_ipAddressStorageType_ipv6
2024-01-06 03:20:09,785 T0000: INFO  support pre-function-epilog test_ft_snmp_ipAddressStorageType_ipv6 Pass 'Test case passed'
2024-01-06 03:20:09,795 T0000: INFO  #### gw5  system/test_snmp.py::test_ft_snmp_ipAddressStorageType_ipv6
2024-01-06 03:20:09,795 T0000: INFO  support post-function-epilog test_ft_snmp_ipAddressStorageType_ipv6 Pass 'Test case passed'
2024-01-06 03:20:14,639 T0000: INFO  #### gw5  system/test_snmp.py
2024-01-06 03:20:14,639 T0000: INFO  support pre-function-prolog test_ft_snmp_ipv6_If_Forward_default_HopLimit  ''
2024-01-06 03:20:14,652 T0000: INFO  #### gw5  system/test_snmp.py::test_ft_snmp_ipv6_If_Forward_default_HopLimit
2024-01-06 03:20:14,652 T0000: INFO  support post-function-prolog test_ft_snmp_ipv6_If_Forward_default_HopLimit Pass ''
2024-01-06 03:20:14,690 T0000: INFO  #### gw5  system/test_snmp.py::test_ft_snmp_ipv6_If_Forward_default_HopLimit
2024-01-06 03:20:14,690 T0000: INFO  support pre-function-epilog test_ft_snmp_ipv6_If_Forward_default_HopLimit Pass 'Test case passed'
2024-01-06 03:20:14,699 T0000: INFO  #### gw5  system/test_snmp.py::test_ft_snmp_ipv6_If_Forward_default_HopLimit
2024-01-06 03:20:14,699 T0000: INFO  support post-function-epilog test_ft_snmp_ipv6_If_Forward_default_HopLimit Pass 'Test case passed'
2024-01-06 03:20:19,188 T0000: INFO  #### gw5  system/test_snmp.py
2024-01-06 03:20:19,189 T0000: INFO  support pre-function-prolog test_ft_snmp_ipv6scope_index_table  ''
2024-01-06 03:20:19,201 T0000: INFO  #### gw5  system/test_snmp.py::test_ft_snmp_ipv6scope_index_table
2024-01-06 03:20:19,201 T0000: INFO  support post-function-prolog test_ft_snmp_ipv6scope_index_table Pass ''
2024-01-06 03:20:19,264 T0000: INFO  #### gw5  system/test_snmp.py::test_ft_snmp_ipv6scope_index_table
2024-01-06 03:20:19,264 T0000: INFO  support pre-function-epilog test_ft_snmp_ipv6scope_index_table Pass 'Test case passed'
2024-01-06 03:20:19,269 T0000: INFO  #### gw5  system/test_snmp.py::test_ft_snmp_ipv6scope_index_table
2024-01-06 03:20:19,269 T0000: INFO  support post-function-epilog test_ft_snmp_ipv6scope_index_table Pass 'Test case passed'
2024-01-06 03:20:23,769 T0000: INFO  #### gw5  system/test_snmp.py
2024-01-06 03:20:23,769 T0000: INFO  support pre-function-prolog test_ft_snmp_ip_forward_table  ''
2024-01-06 03:20:23,784 T0000: INFO  #### gw5  system/test_snmp.py::test_ft_snmp_ip_forward_table
2024-01-06 03:20:23,784 T0000: INFO  support post-function-prolog test_ft_snmp_ip_forward_table Pass ''
2024-01-06 03:20:26,468 T0000: INFO  #### gw5  system/test_snmp.py::test_ft_snmp_ip_forward_table
2024-01-06 03:20:26,468 T0000: INFO  support pre-function-epilog test_ft_snmp_ip_forward_table Pass 'Test case passed'
2024-01-06 03:20:26,472 T0000: INFO  #### gw5  system/test_snmp.py::test_ft_snmp_ip_forward_table
2024-01-06 03:20:26,472 T0000: INFO  support post-function-epilog test_ft_snmp_ip_forward_table Pass 'Test case passed'
2024-01-06 03:20:32,044 T0000: INFO  #### gw5  system/test_snmp.py
2024-01-06 03:20:32,044 T0000: INFO  support pre-function-prolog test_ft_snmp_ifx_table  ''
2024-01-06 03:20:32,058 T0000: INFO  #### gw5  system/test_snmp.py::test_ft_snmp_ifx_table
2024-01-06 03:20:32,058 T0000: INFO  support post-function-prolog test_ft_snmp_ifx_table Pass ''
2024-01-06 03:20:32,218 T0000: INFO  #### gw5  system/test_snmp.py::test_ft_snmp_ifx_table
2024-01-06 03:20:32,218 T0000: INFO  support pre-function-epilog test_ft_snmp_ifx_table Pass 'Test case passed'
2024-01-06 03:20:32,224 T0000: INFO  #### gw5  system/test_snmp.py::test_ft_snmp_ifx_table
2024-01-06 03:20:32,225 T0000: INFO  support post-function-epilog test_ft_snmp_ifx_table Pass 'Test case passed'
2024-01-06 03:20:36,711 T0000: INFO  #### gw5  system/test_snmp.py
2024-01-06 03:20:36,712 T0000: INFO  support pre-function-prolog test_ft_snmp_ip_System_Stats_Table  ''
2024-01-06 03:20:36,723 T0000: INFO  #### gw5  system/test_snmp.py::test_ft_snmp_ip_System_Stats_Table
2024-01-06 03:20:36,723 T0000: INFO  support post-function-prolog test_ft_snmp_ip_System_Stats_Table Pass ''
2024-01-06 03:20:36,772 T0000: INFO  #### gw5  system/test_snmp.py::test_ft_snmp_ip_System_Stats_Table
2024-01-06 03:20:36,772 T0000: INFO  support pre-function-epilog test_ft_snmp_ip_System_Stats_Table Pass 'Test case passed'
2024-01-06 03:20:36,779 T0000: INFO  #### gw5  system/test_snmp.py::test_ft_snmp_ip_System_Stats_Table
2024-01-06 03:20:36,779 T0000: INFO  support post-function-epilog test_ft_snmp_ip_System_Stats_Table Pass 'Test case passed'
2024-01-06 03:20:41,456 T0000: INFO  #### gw5  system/test_snmp.py
2024-01-06 03:20:41,456 T0000: INFO  support pre-function-prolog test_ft_snmp_ip_IfStats_Table  ''
2024-01-06 03:20:41,470 T0000: INFO  #### gw5  system/test_snmp.py::test_ft_snmp_ip_IfStats_Table
2024-01-06 03:20:41,470 T0000: INFO  support post-function-prolog test_ft_snmp_ip_IfStats_Table Pass ''
2024-01-06 03:20:41,807 T0000: INFO  #### gw5  system/test_snmp.py::test_ft_snmp_ip_IfStats_Table
2024-01-06 03:20:41,807 T0000: INFO  support pre-function-epilog test_ft_snmp_ip_IfStats_Table Pass 'Test case passed'
2024-01-06 03:20:41,812 T0000: INFO  #### gw5  system/test_snmp.py::test_ft_snmp_ip_IfStats_Table
2024-01-06 03:20:41,812 T0000: INFO  support post-function-epilog test_ft_snmp_ip_IfStats_Table Pass 'Test case passed'
2024-01-06 03:20:46,489 T0000: INFO  #### gw5  system/test_snmp.py
2024-01-06 03:20:46,489 T0000: INFO  support pre-function-prolog test_ft_snmp_ip_Address_Table  ''
2024-01-06 03:20:46,503 T0000: INFO  #### gw5  system/test_snmp.py::test_ft_snmp_ip_Address_Table
2024-01-06 03:20:46,503 T0000: INFO  support post-function-prolog test_ft_snmp_ip_Address_Table Pass ''
2024-01-06 03:20:46,553 T0000: INFO  #### gw5  system/test_snmp.py::test_ft_snmp_ip_Address_Table
2024-01-06 03:20:46,553 T0000: INFO  support pre-function-epilog test_ft_snmp_ip_Address_Table Pass 'Test case passed'
2024-01-06 03:20:46,557 T0000: INFO  #### gw5  system/test_snmp.py::test_ft_snmp_ip_Address_Table
2024-01-06 03:20:46,557 T0000: INFO  support post-function-epilog test_ft_snmp_ip_Address_Table Pass 'Test case passed'
2024-01-06 03:20:50,992 T0000: INFO  #### gw5  system/test_snmp.py
2024-01-06 03:20:50,992 T0000: INFO  support pre-function-prolog test_ft_snmp_ip_NetToPhysical_Table  ''
2024-01-06 03:20:51,003 T0000: INFO  #### gw5  system/test_snmp.py::test_ft_snmp_ip_NetToPhysical_Table
2024-01-06 03:20:51,003 T0000: INFO  support post-function-prolog test_ft_snmp_ip_NetToPhysical_Table Pass ''
2024-01-06 03:20:51,039 T0000: INFO  #### gw5  system/test_snmp.py::test_ft_snmp_ip_NetToPhysical_Table
2024-01-06 03:20:51,039 T0000: INFO  support pre-function-epilog test_ft_snmp_ip_NetToPhysical_Table Pass 'Test case passed'
2024-01-06 03:20:51,046 T0000: INFO  #### gw5  system/test_snmp.py::test_ft_snmp_ip_NetToPhysical_Table
2024-01-06 03:20:51,046 T0000: INFO  support post-function-epilog test_ft_snmp_ip_NetToPhysical_Table Pass 'Test case passed'
2024-01-06 03:20:55,487 T0000: INFO  #### gw5  system/test_snmp.py
2024-01-06 03:20:55,487 T0000: INFO  support pre-function-prolog test_ft_snmp_icmp_Msgs  ''
2024-01-06 03:20:55,500 T0000: INFO  #### gw5  system/test_snmp.py::test_ft_snmp_icmp_Msgs
2024-01-06 03:20:55,500 T0000: INFO  support post-function-prolog test_ft_snmp_icmp_Msgs Pass ''
2024-01-06 03:20:55,542 T0000: INFO  #### gw5  system/test_snmp.py::test_ft_snmp_icmp_Msgs
2024-01-06 03:20:55,542 T0000: INFO  support pre-function-epilog test_ft_snmp_icmp_Msgs Pass 'Test case passed'
2024-01-06 03:20:55,548 T0000: INFO  #### gw5  system/test_snmp.py::test_ft_snmp_icmp_Msgs
2024-01-06 03:20:55,548 T0000: INFO  support post-function-epilog test_ft_snmp_icmp_Msgs Pass 'Test case passed'
2024-01-06 03:21:00,045 T0000: INFO  #### gw5  system/test_snmp.py
2024-01-06 03:21:00,045 T0000: INFO  support pre-function-prolog test_ft_snmp_tcp_mib  ''
2024-01-06 03:21:00,056 T0000: INFO  #### gw5  system/test_snmp.py::test_ft_snmp_tcp_mib
2024-01-06 03:21:00,056 T0000: INFO  support post-function-prolog test_ft_snmp_tcp_mib Pass ''
2024-01-06 03:21:16,480 T0000: INFO  #### gw5  system/test_snmp.py::test_ft_snmp_tcp_mib
2024-01-06 03:21:16,480 T0000: INFO  support pre-function-epilog test_ft_snmp_tcp_mib Pass 'Test case passed'
2024-01-06 03:21:16,490 T0000: INFO  #### gw5  system/test_snmp.py::test_ft_snmp_tcp_mib
2024-01-06 03:21:16,490 T0000: INFO  support post-function-epilog test_ft_snmp_tcp_mib Pass 'Test case passed'
2024-01-06 03:21:21,043 T0000: INFO  #### gw5  system/test_snmp.py
2024-01-06 03:21:21,043 T0000: INFO  support pre-function-prolog test_ft_snmp_udp_mib  ''
2024-01-06 03:21:21,056 T0000: INFO  #### gw5  system/test_snmp.py::test_ft_snmp_udp_mib
2024-01-06 03:21:21,056 T0000: INFO  support post-function-prolog test_ft_snmp_udp_mib Pass ''
2024-01-06 03:21:21,103 T0000: INFO  #### gw5  system/test_snmp.py::test_ft_snmp_udp_mib
2024-01-06 03:21:21,103 T0000: INFO  support pre-function-epilog test_ft_snmp_udp_mib Pass 'Test case passed'
2024-01-06 03:21:21,107 T0000: INFO  #### gw5  system/test_snmp.py::test_ft_snmp_udp_mib
2024-01-06 03:21:21,107 T0000: INFO  support post-function-epilog test_ft_snmp_udp_mib Pass 'Test case passed'
2024-01-06 03:21:25,533 T0000: INFO  #### gw5  system/test_snmp.py
2024-01-06 03:21:25,533 T0000: INFO  support pre-function-prolog test_ft_snmp_snmpv2_mib  ''
2024-01-06 03:21:25,546 T0000: INFO  #### gw5  system/test_snmp.py::test_ft_snmp_snmpv2_mib
2024-01-06 03:21:25,546 T0000: INFO  support post-function-prolog test_ft_snmp_snmpv2_mib Pass ''
2024-01-06 03:21:25,580 T0000: INFO  #### gw5  system/test_snmp.py::test_ft_snmp_snmpv2_mib
2024-01-06 03:21:25,580 T0000: INFO  support pre-function-epilog test_ft_snmp_snmpv2_mib Pass 'Test case passed'
2024-01-06 03:21:25,586 T0000: INFO  #### gw5  system/test_snmp.py::test_ft_snmp_snmpv2_mib
2024-01-06 03:21:25,586 T0000: INFO  support post-function-epilog test_ft_snmp_snmpv2_mib Pass 'Test case passed'
2024-01-06 03:21:30,064 T0000: INFO  #### gw5  system/test_snmp.py
2024-01-06 03:21:30,064 T0000: INFO  support pre-function-prolog test_ft_snmp_host_resource_mib  ''
2024-01-06 03:21:30,077 T0000: INFO  #### gw5  system/test_snmp.py::test_ft_snmp_host_resource_mib
2024-01-06 03:21:30,077 T0000: INFO  support post-function-prolog test_ft_snmp_host_resource_mib Pass ''
2024-01-06 03:21:30,285 T0000: INFO  #### gw5  system/test_snmp.py::test_ft_snmp_host_resource_mib
2024-01-06 03:21:30,285 T0000: INFO  support pre-function-epilog test_ft_snmp_host_resource_mib Pass 'Test case passed'
2024-01-06 03:21:30,290 T0000: INFO  #### gw5  system/test_snmp.py::test_ft_snmp_host_resource_mib
2024-01-06 03:21:30,290 T0000: INFO  support post-function-epilog test_ft_snmp_host_resource_mib Pass 'Test case passed'
2024-01-06 03:21:34,759 T0000: INFO  #### gw5  system/test_snmp.py
2024-01-06 03:21:34,760 T0000: INFO  support pre-function-prolog test_ft_snmp_framework_mib  ''
2024-01-06 03:21:34,776 T0000: INFO  #### gw5  system/test_snmp.py::test_ft_snmp_framework_mib
2024-01-06 03:21:34,776 T0000: INFO  support post-function-prolog test_ft_snmp_framework_mib Pass ''
2024-01-06 03:21:34,800 T0000: INFO  #### gw5  system/test_snmp.py::test_ft_snmp_framework_mib
2024-01-06 03:21:34,800 T0000: INFO  support pre-function-epilog test_ft_snmp_framework_mib Pass 'Test case passed'
2024-01-06 03:21:34,808 T0000: INFO  #### gw5  system/test_snmp.py::test_ft_snmp_framework_mib
2024-01-06 03:21:34,808 T0000: INFO  support post-function-epilog test_ft_snmp_framework_mib Pass 'Test case passed'
2024-01-06 03:21:39,261 T0000: INFO  #### gw5  system/test_snmp.py
2024-01-06 03:21:39,261 T0000: INFO  support pre-function-prolog test_ft_snmp_mpd_mib  ''
2024-01-06 03:21:39,274 T0000: INFO  #### gw5  system/test_snmp.py::test_ft_snmp_mpd_mib
2024-01-06 03:21:39,274 T0000: INFO  support post-function-prolog test_ft_snmp_mpd_mib Pass ''
2024-01-06 03:21:39,297 T0000: INFO  #### gw5  system/test_snmp.py::test_ft_snmp_mpd_mib
2024-01-06 03:21:39,297 T0000: INFO  support pre-function-epilog test_ft_snmp_mpd_mib Pass 'Test case passed'
2024-01-06 03:21:39,302 T0000: INFO  #### gw5  system/test_snmp.py::test_ft_snmp_mpd_mib
2024-01-06 03:21:39,302 T0000: INFO  support post-function-epilog test_ft_snmp_mpd_mib Pass 'Test case passed'
2024-01-06 03:21:43,872 T0000: INFO  #### gw5  system/test_snmp.py
2024-01-06 03:21:43,872 T0000: INFO  support pre-function-prolog test_ft_snmp_target_mib  ''
2024-01-06 03:21:43,884 T0000: INFO  #### gw5  system/test_snmp.py::test_ft_snmp_target_mib
2024-01-06 03:21:43,884 T0000: INFO  support post-function-prolog test_ft_snmp_target_mib Pass ''
2024-01-06 03:21:43,912 T0000: INFO  #### gw5  system/test_snmp.py::test_ft_snmp_target_mib
2024-01-06 03:21:43,912 T0000: INFO  support pre-function-epilog test_ft_snmp_target_mib Pass 'Test case passed'
2024-01-06 03:21:43,920 T0000: INFO  #### gw5  system/test_snmp.py::test_ft_snmp_target_mib
2024-01-06 03:21:43,920 T0000: INFO  support post-function-epilog test_ft_snmp_target_mib Pass 'Test case passed'
2024-01-06 03:21:48,395 T0000: INFO  #### gw5  system/test_snmp.py
2024-01-06 03:21:48,395 T0000: INFO  support pre-function-prolog test_ft_snmp_notification_mib  ''
2024-01-06 03:21:48,405 T0000: INFO  #### gw5  system/test_snmp.py::test_ft_snmp_notification_mib
2024-01-06 03:21:48,405 T0000: INFO  support post-function-prolog test_ft_snmp_notification_mib Pass ''
2024-01-06 03:21:48,429 T0000: INFO  #### gw5  system/test_snmp.py::test_ft_snmp_notification_mib
2024-01-06 03:21:48,429 T0000: INFO  support pre-function-epilog test_ft_snmp_notification_mib Pass 'Test case passed'
2024-01-06 03:21:48,435 T0000: INFO  #### gw5  system/test_snmp.py::test_ft_snmp_notification_mib
2024-01-06 03:21:48,435 T0000: INFO  support post-function-epilog test_ft_snmp_notification_mib Pass 'Test case passed'
2024-01-06 03:21:52,994 T0000: INFO  #### gw5  system/test_snmp.py
2024-01-06 03:21:52,994 T0000: INFO  support pre-function-prolog test_ft_snmp_user_based_sm_mib  ''
2024-01-06 03:21:53,009 T0000: INFO  #### gw5  system/test_snmp.py::test_ft_snmp_user_based_sm_mib
2024-01-06 03:21:53,009 T0000: INFO  support post-function-prolog test_ft_snmp_user_based_sm_mib Pass ''
2024-01-06 03:21:53,034 T0000: INFO  #### gw5  system/test_snmp.py::test_ft_snmp_user_based_sm_mib
2024-01-06 03:21:53,034 T0000: INFO  support pre-function-epilog test_ft_snmp_user_based_sm_mib Pass 'Test case passed'
2024-01-06 03:21:53,043 T0000: INFO  #### gw5  system/test_snmp.py::test_ft_snmp_user_based_sm_mib
2024-01-06 03:21:53,043 T0000: INFO  support post-function-epilog test_ft_snmp_user_based_sm_mib Pass 'Test case passed'
2024-01-06 03:21:57,479 T0000: INFO  #### gw5  system/test_snmp.py
2024-01-06 03:21:57,479 T0000: INFO  support pre-function-prolog test_ft_snmp_view_based_acm_mib  ''
2024-01-06 03:21:57,491 T0000: INFO  #### gw5  system/test_snmp.py::test_ft_snmp_view_based_acm_mib
2024-01-06 03:21:57,491 T0000: INFO  support post-function-prolog test_ft_snmp_view_based_acm_mib Pass ''
2024-01-06 03:21:57,542 T0000: INFO  #### gw5  system/test_snmp.py::test_ft_snmp_view_based_acm_mib
2024-01-06 03:21:57,542 T0000: INFO  support pre-function-epilog test_ft_snmp_view_based_acm_mib Pass 'Test case passed'
2024-01-06 03:21:57,546 T0000: INFO  #### gw5  system/test_snmp.py::test_ft_snmp_view_based_acm_mib
2024-01-06 03:21:57,546 T0000: INFO  support post-function-epilog test_ft_snmp_view_based_acm_mib Pass 'Test case passed'
2024-01-06 03:22:01,974 T0000: INFO  #### gw5  system/test_snmp.py
2024-01-06 03:22:01,975 T0000: INFO  support pre-function-prolog test_ft_snmp_ent_physical_table  ''
2024-01-06 03:22:01,987 T0000: INFO  #### gw5  system/test_snmp.py::test_ft_snmp_ent_physical_table
2024-01-06 03:22:01,987 T0000: INFO  support post-function-prolog test_ft_snmp_ent_physical_table Pass ''
2024-01-06 03:22:02,046 T0000: INFO  #### gw5  system/test_snmp.py::test_ft_snmp_ent_physical_table
2024-01-06 03:22:02,046 T0000: INFO  support pre-function-epilog test_ft_snmp_ent_physical_table Pass 'Test case passed'
2024-01-06 03:22:02,051 T0000: INFO  #### gw5  system/test_snmp.py::test_ft_snmp_ent_physical_table
2024-01-06 03:22:02,051 T0000: INFO  support post-function-epilog test_ft_snmp_ent_physical_table Pass 'Test case passed'
2024-01-06 03:22:06,593 T0000: INFO  #### gw5  system/test_snmp.py
2024-01-06 03:22:06,593 T0000: INFO  support pre-function-prolog test_ft_snmp_dot3_stats_table  ''
2024-01-06 03:22:06,609 T0000: INFO  #### gw5  system/test_snmp.py::test_ft_snmp_dot3_stats_table
2024-01-06 03:22:06,609 T0000: INFO  support post-function-prolog test_ft_snmp_dot3_stats_table Pass ''
2024-01-06 03:22:06,668 T0000: INFO  #### gw5  system/test_snmp.py::test_ft_snmp_dot3_stats_table
2024-01-06 03:22:06,668 T0000: INFO  support pre-function-epilog test_ft_snmp_dot3_stats_table Pass 'Test case passed'
2024-01-06 03:22:06,672 T0000: INFO  #### gw5  system/test_snmp.py::test_ft_snmp_dot3_stats_table
2024-01-06 03:22:06,672 T0000: INFO  support post-function-epilog test_ft_snmp_dot3_stats_table Pass 'Test case passed'
2024-01-06 03:22:11,191 T0000: INFO  #### gw5  system/test_snmp.py
2024-01-06 03:22:11,192 T0000: INFO  support pre-function-prolog test_ft_net_snmp_agent_mib  ''
2024-01-06 03:22:11,204 T0000: INFO  #### gw5  system/test_snmp.py::test_ft_net_snmp_agent_mib
2024-01-06 03:22:11,204 T0000: INFO  support post-function-prolog test_ft_net_snmp_agent_mib Pass ''
2024-01-06 03:22:12,047 T0000: INFO  #### gw5  system/test_snmp.py::test_ft_net_snmp_agent_mib
2024-01-06 03:22:12,047 T0000: INFO  support pre-function-epilog test_ft_net_snmp_agent_mib Pass 'Test case passed'
2024-01-06 03:22:12,051 T0000: INFO  #### gw5  system/test_snmp.py::test_ft_net_snmp_agent_mib
2024-01-06 03:22:12,051 T0000: INFO  support post-function-epilog test_ft_net_snmp_agent_mib Pass 'Test case passed'
2024-01-06 03:22:16,475 T0000: INFO  #### gw5  system/test_snmp.py
2024-01-06 03:22:16,475 T0000: INFO  support pre-function-prolog test_ft_net_snmp_vacm_mib  ''
2024-01-06 03:22:16,488 T0000: INFO  #### gw5  system/test_snmp.py::test_ft_net_snmp_vacm_mib
2024-01-06 03:22:16,488 T0000: INFO  support post-function-prolog test_ft_net_snmp_vacm_mib Pass ''
2024-01-06 03:22:16,529 T0000: INFO  #### gw5  system/test_snmp.py::test_ft_net_snmp_vacm_mib
2024-01-06 03:22:16,530 T0000: INFO  support pre-function-epilog test_ft_net_snmp_vacm_mib Pass 'Test case passed'
2024-01-06 03:22:16,535 T0000: INFO  #### gw5  system/test_snmp.py::test_ft_net_snmp_vacm_mib
2024-01-06 03:22:16,535 T0000: INFO  support post-function-epilog test_ft_net_snmp_vacm_mib Pass 'Test case passed'
2024-01-06 03:22:20,947 T0000: INFO  #### gw5  system/test_snmp.py
2024-01-06 03:22:20,947 T0000: INFO  support pre-function-prolog test_ft_snmp_ucd_diskio_mib  ''
2024-01-06 03:22:20,960 T0000: INFO  #### gw5  system/test_snmp.py::test_ft_snmp_ucd_diskio_mib
2024-01-06 03:22:20,960 T0000: INFO  support post-function-prolog test_ft_snmp_ucd_diskio_mib Pass ''
2024-01-06 03:22:21,011 T0000: INFO  #### gw5  system/test_snmp.py::test_ft_snmp_ucd_diskio_mib
2024-01-06 03:22:21,011 T0000: INFO  support pre-function-epilog test_ft_snmp_ucd_diskio_mib Pass 'Test case passed'
2024-01-06 03:22:21,015 T0000: INFO  #### gw5  system/test_snmp.py::test_ft_snmp_ucd_diskio_mib
2024-01-06 03:22:21,015 T0000: INFO  support post-function-epilog test_ft_snmp_ucd_diskio_mib Pass 'Test case passed'
2024-01-06 03:22:25,485 T0000: INFO  #### gw5  system/test_snmp.py
2024-01-06 03:22:25,485 T0000: INFO  support pre-function-prolog test_ft_snmp_ucd_la_table  ''
2024-01-06 03:22:25,497 T0000: INFO  #### gw5  system/test_snmp.py::test_ft_snmp_ucd_la_table
2024-01-06 03:22:25,497 T0000: INFO  support post-function-prolog test_ft_snmp_ucd_la_table Pass ''
2024-01-06 03:22:25,532 T0000: INFO  #### gw5  system/test_snmp.py::test_ft_snmp_ucd_la_table
2024-01-06 03:22:25,532 T0000: INFO  support pre-function-epilog test_ft_snmp_ucd_la_table Pass 'Test case passed'
2024-01-06 03:22:25,538 T0000: INFO  #### gw5  system/test_snmp.py::test_ft_snmp_ucd_la_table
2024-01-06 03:22:25,538 T0000: INFO  support post-function-epilog test_ft_snmp_ucd_la_table Pass 'Test case passed'
2024-01-06 03:22:30,124 T0000: INFO  #### gw5  system/test_snmp.py
2024-01-06 03:22:30,125 T0000: INFO  support pre-function-prolog test_ft_snmp_ucd_system_stats  ''
2024-01-06 03:22:30,136 T0000: INFO  #### gw5  system/test_snmp.py::test_ft_snmp_ucd_system_stats
2024-01-06 03:22:30,136 T0000: INFO  support post-function-prolog test_ft_snmp_ucd_system_stats Pass ''
2024-01-06 03:22:30,162 T0000: INFO  #### gw5  system/test_snmp.py::test_ft_snmp_ucd_system_stats
2024-01-06 03:22:30,162 T0000: INFO  support pre-function-epilog test_ft_snmp_ucd_system_stats Pass 'Test case passed'
2024-01-06 03:22:30,170 T0000: INFO  #### gw5  system/test_snmp.py::test_ft_snmp_ucd_system_stats
2024-01-06 03:22:30,170 T0000: INFO  support post-function-epilog test_ft_snmp_ucd_system_stats Pass 'Test case passed'
2024-01-06 03:22:34,602 T0000: INFO  #### gw5  system/test_snmp.py
2024-01-06 03:22:34,602 T0000: INFO  support pre-function-prolog test_ft_snmp_dot1q_tp_fdb_port  ''
2024-01-06 03:22:34,616 T0000: INFO  #### gw5  system/test_snmp.py::test_ft_snmp_dot1q_tp_fdb_port
2024-01-06 03:22:34,616 T0000: INFO  support post-function-prolog test_ft_snmp_dot1q_tp_fdb_port Pass ''
2024-01-06 03:22:35,888 T0000: WARN  #### gw5  system/test_snmp.py::test_ft_snmp_dot1q_tp_fdb_port
2024-01-06 03:22:35,888 T0000: WARN  support pre-function-epilog test_ft_snmp_dot1q_tp_fdb_port Fail 'SNMP output is not found after walk of dot1qTpFdbPort OID'
2024-01-06 03:22:36,358 T0000: WARN  #### gw5  system/test_snmp.py::test_ft_snmp_dot1q_tp_fdb_port
2024-01-06 03:22:36,358 T0000: WARN  support post-function-epilog test_ft_snmp_dot1q_tp_fdb_port ignore 'SNMP output is not found after walk of dot1qTpFdbPort OID'
2024-01-06 03:22:40,894 T0000: INFO  #### gw5  system/test_snmp.py
2024-01-06 03:22:40,894 T0000: INFO  support pre-function-prolog test_ft_snmp_dot1q_tp_fdb_address  ''
2024-01-06 03:22:40,905 T0000: INFO  #### gw5  system/test_snmp.py::test_ft_snmp_dot1q_tp_fdb_address
2024-01-06 03:22:40,905 T0000: INFO  support post-function-prolog test_ft_snmp_dot1q_tp_fdb_address Pass ''
2024-01-06 03:22:41,298 T0000: INFO  #### gw5  system/test_snmp.py::test_ft_snmp_dot1q_tp_fdb_address
2024-01-06 03:22:41,298 T0000: INFO  support pre-function-epilog test_ft_snmp_dot1q_tp_fdb_address Pass 'Test case passed'
2024-01-06 03:22:41,306 T0000: INFO  #### gw5  system/test_snmp.py::test_ft_snmp_dot1q_tp_fdb_address
2024-01-06 03:22:41,306 T0000: INFO  support post-function-epilog test_ft_snmp_dot1q_tp_fdb_address Pass 'Test case passed'
2024-01-06 03:22:45,781 T0000: INFO  #### gw5  system/test_snmp.py
2024-01-06 03:22:45,781 T0000: INFO  support pre-function-prolog test_ft_snmp_coldstart_trap  ''
2024-01-06 03:22:45,795 T0000: INFO  #### gw5  system/test_snmp.py::test_ft_snmp_coldstart_trap
2024-01-06 03:22:45,795 T0000: INFO  support post-function-prolog test_ft_snmp_coldstart_trap Pass ''
2024-01-06 03:22:59,566 T0000: WARN  #### gw5  system/test_snmp.py::test_ft_snmp_coldstart_trap
2024-01-06 03:22:59,566 T0000: WARN  support pre-function-epilog test_ft_snmp_coldstart_trap EnvFail 'Test case Failed Couldn't get the snmptrapd process details from snmp trap server. Please check the snmp trap server process in the server.'
2024-01-06 03:23:00,112 T0000: WARN  #### gw5  system/test_snmp.py::test_ft_snmp_coldstart_trap
2024-01-06 03:23:00,112 T0000: WARN  support post-function-epilog test_ft_snmp_coldstart_trap ignore 'Test case Failed Couldn't get the snmptrapd process details from snmp trap server. Please check the snmp trap server process in the server.'
2024-01-06 03:23:04,512 T0000: INFO  #### gw5  system/test_snmp.py
2024-01-06 03:23:04,512 T0000: INFO  support pre-function-prolog test_ft_snmp_docker_restart  ''
2024-01-06 03:23:04,525 T0000: INFO  #### gw5  system/test_snmp.py::test_ft_snmp_docker_restart
2024-01-06 03:23:04,525 T0000: INFO  support post-function-prolog test_ft_snmp_docker_restart Pass ''
2024-01-06 03:23:15,579 T0000: WARN  #### gw5  system/test_snmp.py::test_ft_snmp_docker_restart
2024-01-06 03:23:15,579 T0000: WARN  support pre-function-epilog test_ft_snmp_docker_restart Fail 'SNMP service is not up'
2024-01-06 03:23:15,977 T0000: WARN  #### gw5  system/test_snmp.py::test_ft_snmp_docker_restart
2024-01-06 03:23:15,977 T0000: WARN  support post-function-epilog test_ft_snmp_docker_restart ignore 'SNMP service is not up'
2024-01-06 03:23:16,012 T0000: WARN  #### gw5  system/test_snmp.py::test_ft_snmp_docker_restart
2024-01-06 03:23:16,012 T0000: WARN  support pre-module-epilog system/test_snmp.py fail ''
2024-01-06 03:23:59,331 T0000: WARN  #### gw5  system/test_snmp.py::test_ft_snmp_docker_restart
2024-01-06 03:23:59,331 T0000: WARN  support post-module-epilog system/test_snmp.py fail ''
2024-01-06 03:25:38,256 T0000: WARN  #### gw5  batch/test_spytest_infra_1.py::test_spytest_infra_last
2024-01-06 03:25:38,256 T0000: WARN  support session-epilog session pass ''
2024-01-06 03:21:42,169 T0000: WARN  #### gw7
2024-01-06 03:21:42,169 T0000: WARN  support post-session-prolog session pass ''
2024-01-06 03:22:24,305 T0000: WARN  #### gw7  batch/test_spytest_infra_1.py::test_spytest_infra_second
2024-01-06 03:22:24,305 T0000: WARN  support session-epilog session pass ''
2024-01-06 03:12:01,833 T0000: WARN  #### gw6
2024-01-06 03:12:01,833 T0000: WARN  support post-session-prolog session pass ''
2024-01-06 03:12:48,521 T0000: INFO  #### gw6
2024-01-06 03:12:48,521 T0000: INFO  support pre-module-prolog system/test_ntp.py  ''
2024-01-06 03:13:12,057 T0000: INFO  #### gw6  system/test_ntp.py
2024-01-06 03:13:12,057 T0000: INFO  support post-module-prolog system/test_ntp.py Pass ''
2024-01-06 03:13:43,307 T0000: INFO  #### gw6  system/test_ntp.py
2024-01-06 03:13:43,307 T0000: INFO  support pre-function-prolog test_ft_ntp_disable_enable_with_message_log  ''
2024-01-06 03:13:43,321 T0000: INFO  #### gw6  system/test_ntp.py::test_ft_ntp_disable_enable_with_message_log
2024-01-06 03:13:43,321 T0000: INFO  support post-function-prolog test_ft_ntp_disable_enable_with_message_log Pass ''
2024-01-06 03:18:45,579 T0000: INFO  #### gw6  system/test_ntp.py::test_ft_ntp_disable_enable_with_message_log
2024-01-06 03:18:45,580 T0000: INFO  support pre-function-epilog test_ft_ntp_disable_enable_with_message_log Pass 'Test case passed'
2024-01-06 03:18:45,585 T0000: INFO  #### gw6  system/test_ntp.py::test_ft_ntp_disable_enable_with_message_log
2024-01-06 03:18:45,585 T0000: INFO  support post-function-epilog test_ft_ntp_disable_enable_with_message_log Pass 'Test case passed'
2024-01-06 03:18:50,067 T0000: INFO  #### gw6  system/test_ntp.py
2024-01-06 03:18:50,067 T0000: INFO  support pre-function-prolog test_ntp_exists_config  ''
2024-01-06 03:18:50,082 T0000: INFO  #### gw6  system/test_ntp.py::test_ntp_exists_config
2024-01-06 03:18:50,082 T0000: INFO  support post-function-prolog test_ntp_exists_config Pass ''
2024-01-06 03:18:55,876 T0000: INFO  #### gw6  system/test_ntp.py::test_ntp_exists_config
2024-01-06 03:18:55,876 T0000: INFO  support pre-function-epilog test_ntp_exists_config Pass 'Test case passed'
2024-01-06 03:18:55,879 T0000: INFO  #### gw6  system/test_ntp.py::test_ntp_exists_config
2024-01-06 03:18:55,879 T0000: INFO  support post-function-epilog test_ntp_exists_config Pass 'Test case passed'
2024-01-06 03:18:55,897 T0000: WARN  #### gw6  system/test_ntp.py::test_ntp_exists_config
2024-01-06 03:18:55,897 T0000: WARN  support pre-module-epilog system/test_ntp.py pass ''
2024-01-06 03:19:19,507 T0000: WARN  #### gw6  system/test_ntp.py::test_ntp_exists_config
2024-01-06 03:19:19,507 T0000: WARN  support post-module-epilog system/test_ntp.py pass ''
2024-01-06 03:21:31,590 T0000: INFO  #### gw6
2024-01-06 03:21:31,590 T0000: INFO  support pre-module-prolog security/test_tacacs.py  ''
2024-01-06 03:21:59,150 T0000: INFO  #### gw6  security/test_tacacs.py
2024-01-06 03:21:59,150 T0000: INFO  support post-module-prolog security/test_tacacs.py Pass ''
2024-01-06 03:22:30,197 T0000: INFO  #### gw6  security/test_tacacs.py
2024-01-06 03:22:30,198 T0000: INFO  support pre-function-prolog test_ft_tacacs_ssh_login_with_tacacs_operations  ''
2024-01-06 03:22:30,210 T0000: INFO  #### gw6  security/test_tacacs.py::test_ft_tacacs_ssh_login_with_tacacs_operations
2024-01-06 03:22:30,210 T0000: INFO  support post-function-prolog test_ft_tacacs_ssh_login_with_tacacs_operations Pass ''
2024-01-06 03:22:30,911 T0000: WARN  #### gw6  security/test_tacacs.py::test_ft_tacacs_ssh_login_with_tacacs_operations
2024-01-06 03:22:30,911 T0000: WARN  support pre-function-epilog test_ft_tacacs_ssh_login_with_tacacs_operations Fail 'PAM file is not created'
2024-01-06 03:22:31,276 T0000: WARN  #### gw6  security/test_tacacs.py::test_ft_tacacs_ssh_login_with_tacacs_operations
2024-01-06 03:22:31,276 T0000: WARN  support post-function-epilog test_ft_tacacs_ssh_login_with_tacacs_operations ignore 'PAM file is not created'
2024-01-06 03:22:31,308 T0000: WARN  #### gw6  security/test_tacacs.py::test_ft_tacacs_ssh_login_with_tacacs_operations
2024-01-06 03:22:31,308 T0000: WARN  support pre-module-epilog security/test_tacacs.py fail ''
2024-01-06 03:23:10,343 T0000: WARN  #### gw6  security/test_tacacs.py::test_ft_tacacs_ssh_login_with_tacacs_operations
2024-01-06 03:23:10,343 T0000: WARN  support post-module-epilog security/test_tacacs.py fail ''
2024-01-06 03:24:49,183 T0000: WARN  #### gw6  batch/test_spytest_infra_1.py::test_spytest_infra_last
2024-01-06 03:24:49,183 T0000: WARN  support session-epilog session pass ''
2024-01-06 02:52:02,386 T0025: WARN  #### gw2
2024-01-06 02:52:02,386 T0025: WARN  support post-session-prolog session pass ''
2024-01-06 02:52:02,388 T0026: WARN  #### gw2
2024-01-06 02:52:02,388 T0026: WARN  support post-session-prolog session pass ''
2024-01-06 02:52:50,553 T0079: INFO  #### gw2
2024-01-06 02:52:50,554 T0079: INFO  support pre-module-prolog switching/test_vlan.py  ''
2024-01-06 02:52:50,556 T0080: INFO  #### gw2
2024-01-06 02:52:50,556 T0080: INFO  support pre-module-prolog switching/test_vlan.py  ''
2024-01-06 02:53:24,174 T0098: INFO  #### gw2  switching/test_vlan.py
2024-01-06 02:53:24,174 T0098: INFO  support post-module-prolog switching/test_vlan.py Pass ''
2024-01-06 02:53:24,176 T0099: INFO  #### gw2  switching/test_vlan.py
2024-01-06 02:53:24,176 T0099: INFO  support post-module-prolog switching/test_vlan.py Pass ''
2024-01-06 02:53:55,831 T0123: INFO  #### gw2  switching/test_vlan.py
2024-01-06 02:53:55,832 T0123: INFO  support pre-function-prolog test_ft_add_unknownvlan_interface  ''
2024-01-06 02:53:55,835 T0124: INFO  #### gw2  switching/test_vlan.py
2024-01-06 02:53:55,836 T0124: INFO  support pre-function-prolog test_ft_add_unknownvlan_interface  ''
2024-01-06 02:53:55,847 T0125: INFO  #### gw2  switching/test_vlan.py::test_ft_add_unknownvlan_interface
2024-01-06 02:53:55,847 T0125: INFO  support post-function-prolog test_ft_add_unknownvlan_interface Pass ''
2024-01-06 02:53:55,849 T0126: INFO  #### gw2  switching/test_vlan.py::test_ft_add_unknownvlan_interface
2024-01-06 02:53:55,850 T0126: INFO  support post-function-prolog test_ft_add_unknownvlan_interface Pass ''
2024-01-06 02:53:56,927 T0000: WARN  #### gw2 IGNORED ERROR switching/test_vlan.py::test_ft_add_unknownvlan_interface
2024-01-06 02:53:56,927 T0000: WARN  Skipped error checking but detected pattern: containing_error command: sudo -s config vlan member add 1608 Ethernet48 -u
2024-01-06 02:53:59,040 T0127: INFO  #### gw2  switching/test_vlan.py::test_ft_add_unknownvlan_interface
2024-01-06 02:53:59,040 T0127: INFO  support pre-function-epilog test_ft_add_unknownvlan_interface Pass 'Test case passed'
2024-01-06 02:53:59,041 T0128: INFO  #### gw2  switching/test_vlan.py::test_ft_add_unknownvlan_interface
2024-01-06 02:53:59,041 T0128: INFO  support pre-function-epilog test_ft_add_unknownvlan_interface Pass 'Test case passed'
2024-01-06 02:53:59,050 T0129: INFO  #### gw2  switching/test_vlan.py::test_ft_add_unknownvlan_interface
2024-01-06 02:53:59,050 T0129: INFO  support post-function-epilog test_ft_add_unknownvlan_interface Pass 'Test case passed'
2024-01-06 02:53:59,052 T0130: INFO  #### gw2  switching/test_vlan.py::test_ft_add_unknownvlan_interface
2024-01-06 02:53:59,052 T0130: INFO  support post-function-epilog test_ft_add_unknownvlan_interface Pass 'Test case passed'
2024-01-06 02:54:03,992 T0136: INFO  #### gw2  switching/test_vlan.py
2024-01-06 02:54:03,993 T0136: INFO  support pre-function-prolog test_ft_vlan_delete_with_member  ''
2024-01-06 02:54:03,997 T0137: INFO  #### gw2  switching/test_vlan.py
2024-01-06 02:54:03,997 T0137: INFO  support pre-function-prolog test_ft_vlan_delete_with_member  ''
2024-01-06 02:54:04,009 T0138: INFO  #### gw2  switching/test_vlan.py::test_ft_vlan_delete_with_member
2024-01-06 02:54:04,009 T0138: INFO  support post-function-prolog test_ft_vlan_delete_with_member Pass ''
2024-01-06 02:54:04,011 T0139: INFO  #### gw2  switching/test_vlan.py::test_ft_vlan_delete_with_member
2024-01-06 02:54:04,011 T0139: INFO  support post-function-prolog test_ft_vlan_delete_with_member Pass ''
2024-01-06 02:54:07,199 T0000: WARN  #### gw2 IGNORED ERROR switching/test_vlan.py::test_ft_vlan_delete_with_member
2024-01-06 02:54:07,199 T0000: WARN  Skipped error checking but detected pattern: containing_error command: sudo -s config vlan del 1608
2024-01-06 02:54:11,607 T0140: INFO  #### gw2  switching/test_vlan.py::test_ft_vlan_delete_with_member
2024-01-06 02:54:11,607 T0140: INFO  support pre-function-epilog test_ft_vlan_delete_with_member Pass 'Test case passed'
2024-01-06 02:54:11,609 T0141: INFO  #### gw2  switching/test_vlan.py::test_ft_vlan_delete_with_member
2024-01-06 02:54:11,609 T0141: INFO  support pre-function-epilog test_ft_vlan_delete_with_member Pass 'Test case passed'
2024-01-06 02:54:11,617 T0142: INFO  #### gw2  switching/test_vlan.py::test_ft_vlan_delete_with_member
2024-01-06 02:54:11,617 T0142: INFO  support post-function-epilog test_ft_vlan_delete_with_member Pass 'Test case passed'
2024-01-06 02:54:11,619 T0143: INFO  #### gw2  switching/test_vlan.py::test_ft_vlan_delete_with_member
2024-01-06 02:54:11,619 T0143: INFO  support post-function-epilog test_ft_vlan_delete_with_member Pass 'Test case passed'
2024-01-06 02:54:16,499 T0149: INFO  #### gw2  switching/test_vlan.py
2024-01-06 02:54:16,500 T0149: INFO  support pre-function-prolog test_ft_vlan_trunk_tagged  ''
2024-01-06 02:54:16,504 T0150: INFO  #### gw2  switching/test_vlan.py
2024-01-06 02:54:16,505 T0150: INFO  support pre-function-prolog test_ft_vlan_trunk_tagged  ''
2024-01-06 02:54:16,514 T0151: INFO  #### gw2  switching/test_vlan.py::test_ft_vlan_trunk_tagged
2024-01-06 02:54:16,515 T0151: INFO  support post-function-prolog test_ft_vlan_trunk_tagged Pass ''
2024-01-06 02:54:16,516 T0152: INFO  #### gw2  switching/test_vlan.py::test_ft_vlan_trunk_tagged
2024-01-06 02:54:16,517 T0152: INFO  support post-function-prolog test_ft_vlan_trunk_tagged Pass ''
2024-01-06 02:55:37,479 T0153: INFO  #### gw2  switching/test_vlan.py::test_ft_vlan_trunk_tagged
2024-01-06 02:55:37,479 T0153: INFO  support pre-function-epilog test_ft_vlan_trunk_tagged Pass 'Test case passed'
2024-01-06 02:55:37,483 T0154: INFO  #### gw2  switching/test_vlan.py::test_ft_vlan_trunk_tagged
2024-01-06 02:55:37,483 T0154: INFO  support pre-function-epilog test_ft_vlan_trunk_tagged Pass 'Test case passed'
2024-01-06 02:55:37,491 T0155: INFO  #### gw2  switching/test_vlan.py::test_ft_vlan_trunk_tagged
2024-01-06 02:55:37,491 T0155: INFO  support post-function-epilog test_ft_vlan_trunk_tagged Pass 'Test case passed'
2024-01-06 02:55:37,493 T0156: INFO  #### gw2  switching/test_vlan.py::test_ft_vlan_trunk_tagged
2024-01-06 02:55:37,493 T0156: INFO  support post-function-epilog test_ft_vlan_trunk_tagged Pass 'Test case passed'
2024-01-06 02:55:42,363 T0162: INFO  #### gw2  switching/test_vlan.py
2024-01-06 02:55:42,363 T0162: INFO  support pre-function-prolog test_ft_vlan_save_config_warm_and_fast_reboot  ''
2024-01-06 02:55:42,367 T0163: INFO  #### gw2  switching/test_vlan.py
2024-01-06 02:55:42,367 T0163: INFO  support pre-function-prolog test_ft_vlan_save_config_warm_and_fast_reboot  ''
2024-01-06 02:55:42,378 T0164: INFO  #### gw2  switching/test_vlan.py::test_ft_vlan_save_config_warm_and_fast_reboot
2024-01-06 02:55:42,378 T0164: INFO  support post-function-prolog test_ft_vlan_save_config_warm_and_fast_reboot Pass ''
2024-01-06 02:55:42,380 T0165: INFO  #### gw2  switching/test_vlan.py::test_ft_vlan_save_config_warm_and_fast_reboot
2024-01-06 02:55:42,380 T0165: INFO  support post-function-prolog test_ft_vlan_save_config_warm_and_fast_reboot Pass ''
2024-01-06 02:58:45,229 T0000: WARN  #### gw2 IGNORED ERROR switching/test_vlan.py::test_ft_vlan_save_config_warm_and_fast_reboot
2024-01-06 02:58:45,229 T0000: WARN  Skipped error checking but detected pattern: containing_failed command: sudo -s reboot
2024-01-06 03:00:02,083 T0000: WARN  #### gw2 IGNORED ERROR switching/test_vlan.py::test_ft_vlan_save_config_warm_and_fast_reboot
2024-01-06 03:00:02,083 T0000: WARN  Skipped error checking but detected pattern: containing_python_traceback command: sudo -s fast-reboot
2024-01-06 03:00:55,978 T0000: ERROR #### gw2 Exception switching/test_vlan.py::test_ft_vlan_save_config_warm_and_fast_reboot
2024-01-06 03:00:55,978 T0000: ERROR Exception TypeError 'NoneType' object is not subscriptable in file /apis/system/basic.py at line 1389
2024-01-06 03:00:55,978 T0000: ERROR [0] /apis/system/basic.py:1389 is_warm_boot_support return bool(platform.lower() in features_support_data[key])
2024-01-06 03:00:55,978 T0000: ERROR [1] /apis/system/reboot.py:83 warm_reboot if (st.getenv("SPYTEST_UNSUPPORT_TD4_WARM_REBOOT") and basic.is_td4_platform(dut)) or basic.is_warm_boot_support(dut, is_support=False):
2024-01-06 03:00:55,978 T0000: ERROR [2] /tests/switching/test_vlan.py:906 test_ft_vlan_save_config_warm_and_fast_reboot reboot.warm_reboot(vars.D1)
2024-01-06 03:00:55,980 T0166: WARN  #### gw2  switching/test_vlan.py::test_ft_vlan_save_config_warm_and_fast_reboot
2024-01-06 03:00:55,980 T0166: WARN  support post-function-epilog test_ft_vlan_save_config_warm_and_fast_reboot ScriptError 'Exception TypeError 'NoneType' object is not subscriptable in file /apis/system/basic.py at line 1389'
2024-01-06 03:00:55,982 T0167: WARN  #### gw2  switching/test_vlan.py::test_ft_vlan_save_config_warm_and_fast_reboot
2024-01-06 03:00:55,982 T0167: WARN  support post-function-epilog test_ft_vlan_save_config_warm_and_fast_reboot ScriptError 'Exception TypeError 'NoneType' object is not subscriptable in file /apis/system/basic.py at line 1389'
2024-01-06 03:00:56,001 T0000: ERROR #### gw2  switching/test_vlan.py::test_ft_vlan_save_config_warm_and_fast_reboot
2024-01-06 03:00:56,002 T0000: ERROR

==================== REMOTE ALERTS ============================
################################################################################
drop the rate from 2000 to 100
################################################################################
################################################################################
drop the rate from 2000 to 100
################################################################################
################################################################################
drop the rate from 2000 to 100
################################################################################
===============================================================


2024-01-06 03:00:56,026 T0168: WARN  #### gw2  switching/test_vlan.py::test_ft_vlan_save_config_warm_and_fast_reboot
2024-01-06 03:00:56,027 T0168: WARN  support pre-module-epilog switching/test_vlan.py fail ''
2024-01-06 03:00:56,029 T0169: WARN  #### gw2  switching/test_vlan.py::test_ft_vlan_save_config_warm_and_fast_reboot
2024-01-06 03:00:56,029 T0169: WARN  support pre-module-epilog switching/test_vlan.py fail ''
2024-01-06 03:01:21,665 T0186: WARN  #### gw2  switching/test_vlan.py::test_ft_vlan_save_config_warm_and_fast_reboot
2024-01-06 03:01:21,665 T0186: WARN  support post-module-epilog switching/test_vlan.py fail ''
2024-01-06 03:01:21,667 T0187: WARN  #### gw2  switching/test_vlan.py::test_ft_vlan_save_config_warm_and_fast_reboot
2024-01-06 03:01:21,668 T0187: WARN  support post-module-epilog switching/test_vlan.py fail ''
2024-01-06 03:05:36,293 T0249: INFO  #### gw2
2024-01-06 03:05:36,293 T0249: INFO  support pre-module-prolog system/test_lldp.py  ''
2024-01-06 03:05:36,295 T0250: INFO  #### gw2
2024-01-06 03:05:36,295 T0250: INFO  support pre-module-prolog system/test_lldp.py  ''
2024-01-06 03:07:22,177 T0267: WARN  #### gw2  system/test_lldp.py
2024-01-06 03:07:22,177 T0267: WARN  support post-module-epilog system/test_lldp.py fail ''
2024-01-06 03:07:22,179 T0268: WARN  #### gw2  system/test_lldp.py
2024-01-06 03:07:22,179 T0268: WARN  support post-module-epilog system/test_lldp.py fail ''
2024-01-06 03:09:01,734 T0313: WARN  #### gw2  batch/test_spytest_infra_1.py::test_spytest_infra_last
2024-01-06 03:09:01,734 T0313: WARN  support session-epilog session pass ''
2024-01-06 03:09:01,735 T0314: WARN  #### gw2  batch/test_spytest_infra_1.py::test_spytest_infra_last
2024-01-06 03:09:01,736 T0314: WARN  support session-epilog session pass ''
2024-01-06 02:52:08,328 T0025: WARN  #### gw3
2024-01-06 02:52:08,329 T0025: WARN  support post-session-prolog session pass ''
2024-01-06 02:52:08,331 T0026: WARN  #### gw3
2024-01-06 02:52:08,331 T0026: WARN  support post-session-prolog session pass ''
2024-01-06 02:52:56,256 T0079: INFO  #### gw3
2024-01-06 02:52:56,256 T0079: INFO  support pre-module-prolog switching/test_portchannel.py  ''
2024-01-06 02:52:56,258 T0080: INFO  #### gw3
2024-01-06 02:52:56,258 T0080: INFO  support pre-module-prolog switching/test_portchannel.py  ''
2024-01-06 02:53:39,394 T0104: INFO  #### gw3  switching/test_portchannel.py
2024-01-06 02:53:39,395 T0104: INFO  support post-module-prolog switching/test_portchannel.py Pass ''
2024-01-06 02:53:39,399 T0105: INFO  #### gw3  switching/test_portchannel.py
2024-01-06 02:53:39,399 T0105: INFO  support post-module-prolog switching/test_portchannel.py Pass ''
2024-01-06 02:54:10,420 T0129: INFO  #### gw3  switching/test_portchannel.py
2024-01-06 02:54:10,421 T0129: INFO  support pre-function-prolog test_ft_portchannel_with_vlan_variations  ''
2024-01-06 02:54:10,424 T0130: INFO  #### gw3  switching/test_portchannel.py
2024-01-06 02:54:10,425 T0130: INFO  support pre-function-prolog test_ft_portchannel_with_vlan_variations  ''
2024-01-06 02:54:14,564 T0133: INFO  #### gw3  switching/test_portchannel.py::test_ft_portchannel_with_vlan_variations
2024-01-06 02:54:14,564 T0133: INFO  support post-function-prolog test_ft_portchannel_with_vlan_variations Pass ''
2024-01-06 02:54:14,568 T0134: INFO  #### gw3  switching/test_portchannel.py::test_ft_portchannel_with_vlan_variations
2024-01-06 02:54:14,568 T0134: INFO  support post-function-prolog test_ft_portchannel_with_vlan_variations Pass ''
2024-01-06 02:55:54,320 T0149: WARN  #### gw3  switching/test_portchannel.py::test_ft_portchannel_with_vlan_variations
2024-01-06 02:55:54,321 T0149: WARN  support pre-function-epilog test_ft_portchannel_with_vlan_variations Fail 'Portchannel PortChannel7 on V1 with member ['Ethernet16', 'Ethernet20'] verification failed'
2024-01-06 02:55:54,325 T0150: WARN  #### gw3  switching/test_portchannel.py::test_ft_portchannel_with_vlan_variations
2024-01-06 02:55:54,325 T0150: WARN  support pre-function-epilog test_ft_portchannel_with_vlan_variations Fail 'Portchannel PortChannel7 on V1 with member ['Ethernet16', 'Ethernet20'] verification failed'
2024-01-06 02:55:56,541 T0153: WARN  #### gw3  switching/test_portchannel.py::test_ft_portchannel_with_vlan_variations
2024-01-06 02:55:56,542 T0153: WARN  support post-function-epilog test_ft_portchannel_with_vlan_variations ignore 'Portchannel PortChannel7 on V1 with member ['Ethernet16', 'Ethernet20'] verification failed'
2024-01-06 02:55:56,545 T0154: WARN  #### gw3  switching/test_portchannel.py::test_ft_portchannel_with_vlan_variations
2024-01-06 02:55:56,546 T0154: WARN  support post-function-epilog test_ft_portchannel_with_vlan_variations ignore 'Portchannel PortChannel7 on V1 with member ['Ethernet16', 'Ethernet20'] verification failed'
2024-01-06 02:56:01,419 T0160: INFO  #### gw3  switching/test_portchannel.py
2024-01-06 02:56:01,419 T0160: INFO  support pre-function-prolog test_ft_verify_min_links_functionality_by_flapping_all_member_ports_007  ''
2024-01-06 02:56:01,422 T0161: INFO  #### gw3  switching/test_portchannel.py
2024-01-06 02:56:01,423 T0161: INFO  support pre-function-prolog test_ft_verify_min_links_functionality_by_flapping_all_member_ports_007  ''
2024-01-06 02:56:34,840 T0164: WARN  #### gw3  switching/test_portchannel.py::test_ft_verify_min_links_functionality_by_flapping_all_member_ports_007
2024-01-06 02:56:34,841 T0164: WARN  support post-function-prolog test_ft_verify_min_links_functionality_by_flapping_all_member_ports_007 Fail 'Invalid error code PortChannel Verification Failed : unknown message identifier 'PortChannel Verification Failed''
2024-01-06 02:56:34,845 T0165: WARN  #### gw3  switching/test_portchannel.py::test_ft_verify_min_links_functionality_by_flapping_all_member_ports_007
2024-01-06 02:56:34,845 T0165: WARN  support post-function-prolog test_ft_verify_min_links_functionality_by_flapping_all_member_ports_007 Fail 'Invalid error code PortChannel Verification Failed : unknown message identifier 'PortChannel Verification Failed''
2024-01-06 02:56:35,281 T0166: WARN  #### gw3  switching/test_portchannel.py::test_ft_verify_min_links_functionality_by_flapping_all_member_ports_007
2024-01-06 02:56:35,281 T0166: WARN  support post-function-epilog test_ft_verify_min_links_functionality_by_flapping_all_member_ports_007 ConfigFail 'pre-test configuration failed Invalid error code PortChannel Verification Failed : unknown message identifier 'PortChannel Verification Failed' @5430'
2024-01-06 02:56:35,283 T0167: WARN  #### gw3  switching/test_portchannel.py::test_ft_verify_min_links_functionality_by_flapping_all_member_ports_007
2024-01-06 02:56:35,283 T0167: WARN  support post-function-epilog test_ft_verify_min_links_functionality_by_flapping_all_member_ports_007 ConfigFail 'pre-test configuration failed Invalid error code PortChannel Verification Failed : unknown message identifier 'PortChannel Verification Failed' @5430'
2024-01-06 02:56:35,321 T0168: WARN  #### gw3  switching/test_portchannel.py::test_ft_verify_min_links_functionality_by_flapping_all_member_ports_007
2024-01-06 02:56:35,321 T0168: WARN  support pre-module-epilog switching/test_portchannel.py fail ''
2024-01-06 02:56:35,323 T0169: WARN  #### gw3  switching/test_portchannel.py::test_ft_verify_min_links_functionality_by_flapping_all_member_ports_007
2024-01-06 02:56:35,323 T0169: WARN  support pre-module-epilog switching/test_portchannel.py fail ''
2024-01-06 02:57:07,057 T0188: ERROR #### gw3 ERROR switching/test_portchannel.py::test_ft_verify_min_links_functionality_by_flapping_all_member_ports_007
2024-01-06 02:57:07,057 T0188: ERROR detected pattern: containing_error executing 'sudo -s config portchannel del PortChannel7'
2024-01-06 02:57:07,360 T0189: ERROR #### gw3 ERROR switching/test_portchannel.py::test_ft_verify_min_links_functionality_by_flapping_all_member_ports_007
2024-01-06 02:57:07,360 T0189: ERROR detected pattern: containing_error executing 'sudo -s config portchannel del PortChannel7'
2024-01-06 02:57:07,365 T0190: WARN  #### gw3  switching/test_portchannel.py::test_ft_verify_min_links_functionality_by_flapping_all_member_ports_007
2024-01-06 02:57:07,366 T0190: WARN  support post-module-epilog switching/test_portchannel.py fail ''
2024-01-06 02:57:07,370 T0191: WARN  #### gw3  switching/test_portchannel.py::test_ft_verify_min_links_functionality_by_flapping_all_member_ports_007
2024-01-06 02:57:07,370 T0191: WARN  support post-module-epilog switching/test_portchannel.py fail ''
2024-01-06 02:59:19,913 T0247: INFO  #### gw3
2024-01-06 02:59:19,913 T0247: INFO  support pre-module-prolog system/test_interface.py  ''
2024-01-06 02:59:19,915 T0248: INFO  #### gw3
2024-01-06 02:59:19,915 T0248: INFO  support pre-module-prolog system/test_interface.py  ''
2024-01-06 03:00:01,792 T0265: INFO  #### gw3  system/test_interface.py
2024-01-06 03:00:01,792 T0265: INFO  support post-module-prolog system/test_interface.py Pass ''
2024-01-06 03:00:01,794 T0266: INFO  #### gw3  system/test_interface.py
2024-01-06 03:00:01,794 T0266: INFO  support post-module-prolog system/test_interface.py Pass ''
2024-01-06 03:00:32,943 T0290: INFO  #### gw3  system/test_interface.py
2024-01-06 03:00:32,943 T0290: INFO  support pre-function-prolog test_ft_port_fn_verify_shut_noshut  ''
2024-01-06 03:00:32,947 T0291: INFO  #### gw3  system/test_interface.py
2024-01-06 03:00:32,947 T0291: INFO  support pre-function-prolog test_ft_port_fn_verify_shut_noshut  ''
2024-01-06 03:00:32,959 T0292: INFO  #### gw3  system/test_interface.py::test_ft_port_fn_verify_shut_noshut
2024-01-06 03:00:32,959 T0292: INFO  support post-function-prolog test_ft_port_fn_verify_shut_noshut Pass ''
2024-01-06 03:00:32,961 T0293: INFO  #### gw3  system/test_interface.py::test_ft_port_fn_verify_shut_noshut
2024-01-06 03:00:32,961 T0293: INFO  support post-function-prolog test_ft_port_fn_verify_shut_noshut Pass ''
2024-01-06 03:01:15,756 T0294: WARN  #### gw3  system/test_interface.py::test_ft_port_fn_verify_shut_noshut
2024-01-06 03:01:15,756 T0294: WARN  support pre-function-epilog test_ft_port_fn_verify_shut_noshut DUTFail 'config command 'sudo -s config interface ip remove Ethernet16 11.11.11.11/24' failed'
2024-01-06 03:01:15,758 T0295: WARN  #### gw3  system/test_interface.py::test_ft_port_fn_verify_shut_noshut
2024-01-06 03:01:15,758 T0295: WARN  support pre-function-epilog test_ft_port_fn_verify_shut_noshut DUTFail 'config command 'sudo -s config interface ip remove Ethernet16 11.11.11.11/24' failed'
2024-01-06 03:01:16,681 T0296: WARN  #### gw3  system/test_interface.py::test_ft_port_fn_verify_shut_noshut
2024-01-06 03:01:16,681 T0296: WARN  support post-function-epilog test_ft_port_fn_verify_shut_noshut ignore 'config command 'sudo -s config interface ip remove Ethernet16 11.11.11.11/24' failed'
2024-01-06 03:01:16,683 T0297: WARN  #### gw3  system/test_interface.py::test_ft_port_fn_verify_shut_noshut
2024-01-06 03:01:16,683 T0297: WARN  support post-function-epilog test_ft_port_fn_verify_shut_noshut ignore 'config command 'sudo -s config interface ip remove Ethernet16 11.11.11.11/24' failed'
2024-01-06 03:01:16,730 T0298: WARN  #### gw3  system/test_interface.py::test_ft_port_fn_verify_shut_noshut
2024-01-06 03:01:16,730 T0298: WARN  support pre-module-epilog system/test_interface.py fail ''
2024-01-06 03:01:16,732 T0299: WARN  #### gw3  system/test_interface.py::test_ft_port_fn_verify_shut_noshut
2024-01-06 03:01:16,732 T0299: WARN  support pre-module-epilog system/test_interface.py fail ''
2024-01-06 03:01:45,234 T0318: WARN  #### gw3  system/test_interface.py::test_ft_port_fn_verify_shut_noshut
2024-01-06 03:01:45,235 T0318: WARN  support post-module-epilog system/test_interface.py fail ''
2024-01-06 03:01:45,240 T0319: WARN  #### gw3  system/test_interface.py::test_ft_port_fn_verify_shut_noshut
2024-01-06 03:01:45,240 T0319: WARN  support post-module-epilog system/test_interface.py fail ''
2024-01-06 03:05:41,715 T0381: INFO  #### gw3
2024-01-06 03:05:41,716 T0381: INFO  support pre-module-prolog system/test_ssh.py  ''
2024-01-06 03:05:41,719 T0382: INFO  #### gw3
2024-01-06 03:05:41,719 T0382: INFO  support pre-module-prolog system/test_ssh.py  ''
2024-01-06 03:06:18,771 T0409: INFO  #### gw3  system/test_ssh.py
2024-01-06 03:06:18,772 T0409: INFO  support post-module-prolog system/test_ssh.py Pass ''
2024-01-06 03:06:18,778 T0410: INFO  #### gw3  system/test_ssh.py
2024-01-06 03:06:18,778 T0410: INFO  support post-module-prolog system/test_ssh.py Pass ''
2024-01-06 03:06:49,772 T0434: INFO  #### gw3  system/test_ssh.py
2024-01-06 03:06:49,772 T0434: INFO  support pre-function-prolog test_ft_ssh_service_disable  ''
2024-01-06 03:06:49,776 T0435: INFO  #### gw3  system/test_ssh.py
2024-01-06 03:06:49,777 T0435: INFO  support pre-function-prolog test_ft_ssh_service_disable  ''
2024-01-06 03:06:49,789 T0436: INFO  #### gw3  system/test_ssh.py::test_ft_ssh_service_disable
2024-01-06 03:06:49,789 T0436: INFO  support post-function-prolog test_ft_ssh_service_disable Pass ''
2024-01-06 03:06:49,791 T0437: INFO  #### gw3  system/test_ssh.py::test_ft_ssh_service_disable
2024-01-06 03:06:49,791 T0437: INFO  support post-function-prolog test_ft_ssh_service_disable Pass ''
2024-01-06 03:06:52,530 T0438: INFO  #### gw3  system/test_ssh.py::test_ft_ssh_service_disable
2024-01-06 03:06:52,530 T0438: INFO  support pre-function-epilog test_ft_ssh_service_disable Pass 'Test case passed'
2024-01-06 03:06:52,532 T0439: INFO  #### gw3  system/test_ssh.py::test_ft_ssh_service_disable
2024-01-06 03:06:52,532 T0439: INFO  support pre-function-epilog test_ft_ssh_service_disable Pass 'Test case passed'
2024-01-06 03:06:52,541 T0440: INFO  #### gw3  system/test_ssh.py::test_ft_ssh_service_disable
2024-01-06 03:06:52,541 T0440: INFO  support post-function-epilog test_ft_ssh_service_disable Pass 'Test case passed'
2024-01-06 03:06:52,543 T0441: INFO  #### gw3  system/test_ssh.py::test_ft_ssh_service_disable
2024-01-06 03:06:52,543 T0441: INFO  support post-function-epilog test_ft_ssh_service_disable Pass 'Test case passed'
2024-01-06 03:06:57,396 T0447: INFO  #### gw3  system/test_ssh.py
2024-01-06 03:06:57,396 T0447: INFO  support pre-function-prolog test_ft_ssh_add_user_verify  ''
2024-01-06 03:06:57,400 T0448: INFO  #### gw3  system/test_ssh.py
2024-01-06 03:06:57,401 T0448: INFO  support pre-function-prolog test_ft_ssh_add_user_verify  ''
2024-01-06 03:06:57,411 T0449: INFO  #### gw3  system/test_ssh.py::test_ft_ssh_add_user_verify
2024-01-06 03:06:57,411 T0449: INFO  support post-function-prolog test_ft_ssh_add_user_verify Pass ''
2024-01-06 03:06:57,413 T0450: INFO  #### gw3  system/test_ssh.py::test_ft_ssh_add_user_verify
2024-01-06 03:06:57,413 T0450: INFO  support post-function-prolog test_ft_ssh_add_user_verify Pass ''
2024-01-06 03:11:53,946 T0000: WARN  #### gw3 IGNORED ERROR system/test_ssh.py::test_ft_ssh_add_user_verify
2024-01-06 03:11:53,946 T0000: WARN  Skipped error checking but detected pattern: containing_python_traceback command: sudo -s fast-reboot
2024-01-06 03:13:55,177 T0457: INFO  #### gw3  system/test_ssh.py::test_ft_ssh_add_user_verify
2024-01-06 03:13:55,177 T0457: INFO  support testcase test_ft_controlplane_acl_service_sshv4 Pass 'SSH failed'
2024-01-06 03:13:55,179 T0458: INFO  #### gw3  system/test_ssh.py::test_ft_ssh_add_user_verify
2024-01-06 03:13:55,179 T0458: INFO  support testcase test_ft_controlplane_acl_service_sshv4 Pass 'SSH failed'
2024-01-06 03:13:55,188 T0459: INFO  #### gw3  system/test_ssh.py::test_ft_ssh_add_user_verify
2024-01-06 03:13:55,188 T0459: INFO  support testcase test_ft_controlplane_acl_service_sshv6 Pass 'SSH failed'
2024-01-06 03:13:55,190 T0460: INFO  #### gw3  system/test_ssh.py::test_ft_ssh_add_user_verify
2024-01-06 03:13:55,190 T0460: INFO  support testcase test_ft_controlplane_acl_service_sshv6 Pass 'SSH failed'
2024-01-06 03:13:55,197 T0461: WARN  #### gw3  system/test_ssh.py::test_ft_ssh_add_user_verify
2024-01-06 03:13:55,197 T0461: WARN  support testcase test_ft_controlplane_acl_service_snmp Fail 'SNMP output is not found after walk of with control plane ACL service SNMP after reboot OID'
2024-01-06 03:13:55,199 T0462: WARN  #### gw3  system/test_ssh.py::test_ft_ssh_add_user_verify
2024-01-06 03:13:55,199 T0462: WARN  support testcase test_ft_controlplane_acl_service_snmp Fail 'SNMP output is not found after walk of with control plane ACL service SNMP after reboot OID'
2024-01-06 03:15:56,600 T0467: WARN  #### gw3  system/test_ssh.py::test_ft_ssh_add_user_verify
2024-01-06 03:15:56,600 T0467: WARN  support pre-function-epilog test_ft_ssh_add_user_verify Fail 'Test case Failed.'
2024-01-06 03:15:56,602 T0468: WARN  #### gw3  system/test_ssh.py::test_ft_ssh_add_user_verify
2024-01-06 03:15:56,602 T0468: WARN  support pre-function-epilog test_ft_ssh_add_user_verify Fail 'Test case Failed.'
2024-01-06 03:15:57,019 T0469: WARN  #### gw3  system/test_ssh.py::test_ft_ssh_add_user_verify
2024-01-06 03:15:57,019 T0469: WARN  support post-function-epilog test_ft_ssh_add_user_verify ignore 'Test case Failed.'
2024-01-06 03:15:57,021 T0470: WARN  #### gw3  system/test_ssh.py::test_ft_ssh_add_user_verify
2024-01-06 03:15:57,021 T0470: WARN  support post-function-epilog test_ft_ssh_add_user_verify ignore 'Test case Failed.'
2024-01-06 03:16:02,007 T0476: INFO  #### gw3  system/test_ssh.py
2024-01-06 03:16:02,008 T0476: INFO  support pre-function-prolog test_ft_verify_logs_at_the_time_of_ssh_login_success  ''
2024-01-06 03:16:02,011 T0477: INFO  #### gw3  system/test_ssh.py
2024-01-06 03:16:02,012 T0477: INFO  support pre-function-prolog test_ft_verify_logs_at_the_time_of_ssh_login_success  ''
2024-01-06 03:16:02,025 T0478: INFO  #### gw3  system/test_ssh.py::test_ft_verify_logs_at_the_time_of_ssh_login_success
2024-01-06 03:16:02,025 T0478: INFO  support post-function-prolog test_ft_verify_logs_at_the_time_of_ssh_login_success Pass ''
2024-01-06 03:16:02,027 T0479: INFO  #### gw3  system/test_ssh.py::test_ft_verify_logs_at_the_time_of_ssh_login_success
2024-01-06 03:16:02,027 T0479: INFO  support post-function-prolog test_ft_verify_logs_at_the_time_of_ssh_login_success Pass ''
2024-01-06 03:16:18,309 T0482: INFO  #### gw3  system/test_ssh.py::test_ft_verify_logs_at_the_time_of_ssh_login_success
2024-01-06 03:16:18,310 T0482: INFO  support pre-function-epilog test_ft_verify_logs_at_the_time_of_ssh_login_success Pass 'Test case passed'
2024-01-06 03:16:18,312 T0483: INFO  #### gw3  system/test_ssh.py::test_ft_verify_logs_at_the_time_of_ssh_login_success
2024-01-06 03:16:18,312 T0483: INFO  support pre-function-epilog test_ft_verify_logs_at_the_time_of_ssh_login_success Pass 'Test case passed'
2024-01-06 03:16:18,324 T0484: INFO  #### gw3  system/test_ssh.py::test_ft_verify_logs_at_the_time_of_ssh_login_success
2024-01-06 03:16:18,324 T0484: INFO  support post-function-epilog test_ft_verify_logs_at_the_time_of_ssh_login_success Pass 'Test case passed'
2024-01-06 03:16:18,325 T0485: INFO  #### gw3  system/test_ssh.py::test_ft_verify_logs_at_the_time_of_ssh_login_success
2024-01-06 03:16:18,326 T0485: INFO  support post-function-epilog test_ft_verify_logs_at_the_time_of_ssh_login_success Pass 'Test case passed'
2024-01-06 03:16:18,359 T0486: WARN  #### gw3  system/test_ssh.py::test_ft_verify_logs_at_the_time_of_ssh_login_success
2024-01-06 03:16:18,359 T0486: WARN  support pre-module-epilog system/test_ssh.py fail ''
2024-01-06 03:16:18,362 T0487: WARN  #### gw3  system/test_ssh.py::test_ft_verify_logs_at_the_time_of_ssh_login_success
2024-01-06 03:16:18,362 T0487: WARN  support pre-module-epilog system/test_ssh.py fail ''
2024-01-06 03:17:08,826 T0512: WARN  #### gw3  system/test_ssh.py::test_ft_verify_logs_at_the_time_of_ssh_login_success
2024-01-06 03:17:08,827 T0512: WARN  support post-module-epilog system/test_ssh.py fail ''
2024-01-06 03:17:08,829 T0513: WARN  #### gw3  system/test_ssh.py::test_ft_verify_logs_at_the_time_of_ssh_login_success
2024-01-06 03:17:08,829 T0513: WARN  support post-module-epilog system/test_ssh.py fail ''
2024-01-06 03:18:49,195 T0558: WARN  #### gw3  batch/test_spytest_infra_1.py::test_spytest_infra_last
2024-01-06 03:18:49,196 T0558: WARN  support session-epilog session pass ''
2024-01-06 03:18:49,197 T0559: WARN  #### gw3  batch/test_spytest_infra_1.py::test_spytest_infra_last
2024-01-06 03:18:49,197 T0559: WARN  support session-epilog session pass ''