2023-12-29 22:36:43,356 T0000: NOTICE Execution Start Time: 2023-12-29 22:36:43.356359
2023-12-29 22:36:43,357 T0000: NOTICE LOGS PATH: /data/work/logs/vm-202111-443663-l3
2023-12-29 22:36:43,892 T0000: NOTICE VERSION: UNKNOWN UNKNOWN UNKNOWN
2023-12-29 22:36:43,893 T0000: NOTICE HOST: sonicmgmt202111 MEM: 376gb 39.2%
2023-12-29 22:36:43,893 T0000: NOTICE ROOT_PATH: /repo
2023-12-29 22:36:43,893 T0000: NOTICE Python: 3.8.10
2023-12-29 22:36:43,893 T0000: NOTICE Topology unknown: D1T1:4,D1D2:6,D1D3:4,D1D4:4,D2T1:4,D2D3:4,D2D4:4,D3T1:4,D3D4:6,D4T1:4
2023-12-29 22:36:43,893 T0000: DEBUG 
SUITE ARGS: --load-image none --max-time module 9000 --max-time function 5400 --max-time session 3600 --logs-level=debug --topology-check=function --env SPYTEST_TESTBED_IGNORE_CONSTRAINTS TG,TGCARD,TGSPEED,CHIP,MODEL --noop --env SPYTEST_RESET_CONSOLES 0 --noop --env SPYTEST_ONREBOOT_RENEW_MGMT_IP 1 --noop --env SPYTEST_RECOVERY_CR_PER_CMD_POST_OP 1 --noop --env SPYTEST_BATCH_POLL_STATUS_TIME 300 --noop --env SPYTEST_BATCH_DEAD_NODE_MAX_TIME 7200 --noop --breakout-mode none --env SPYTEST_SHUTDOWN_FREE_PORTS 1 --env SPYTEST_HOOKS_BREAKOUT_UITYPE click --env SPYTEST_ONREBOOT_RENEW_MGMT_IP 0 --env SPYTEST_VERIFY_CSV_MIN_TOPOLOGY 1 --env SPYTEST_CMD_FAIL_RESULT_SUPPORT 0 --env SPYTEST_ROUTING_CONFIG_MODE split --env SPYTEST_CLEAR_DEVICE_METADATA_BGP_ASN 1 --env SPYTEST_TEXTFSM_USE_BUNDLED_PARSER 1 --feature-group master --ifname-type native --feature-disable bcmcmd --feature-disable warm-reboot --save config-db module --tclist-csv TestBGPConfed.test_confed_route_distribution_with_rmap,TestBGPConfed.test_ipv6_confed_route_distribution,TestBGPConfed.test_ipv6_confed_with_rr,TestBGPIPvxRouteAdvertisementFilter.test_bgp_ebgp4_nbr_authentication,TestBGPIPvxRouteAdvertisementFilter.test_bgp_ebgp4_nbr_update_source,TestBGPIPvxRouteAdvertisementFilter.test_bgp_route_map_with_community,TestBGPIPvxRouteAdvertisementFilter.test_default_originate_ipv4,TestBGPIPvxRouteAdvertisementFilter.test_distribute_list_in_ipv4,TestBGPIPvxRouteAdvertisementFilter.test_distribute_list_in_ipv6,TestBGPIPvxRouteAdvertisementFilter.test_filter_list_in_ipv4,TestBGPIPvxRouteAdvertisementFilter.test_filter_list_in_ipv6,TestBGPIPvxRouteAdvertisementFilter.test_filter_list_out_ipv6,TestBGPIPvxRouteAdvertisementFilter.test_prefix_list_out_ipv4,TestBGPIPvxRouteAdvertisementFilter.test_prefix_list_out_ipv6,TestBGPIPvxRouteAdvertisementFilter.test_route_aggregate_ipv6,TestBGPIPvxRouteAdvertisementFilter.test_route_map_in_ipv4,TestBGPIPvxRouteAdvertisementFilter.test_route_map_in_ipv6,TestBGPIPvxRouteAdvertisementFilter.test_static_blackhole_rt_redistribute_with_routemap_ipv6,TestBGPL3Lag.test_ft_bgp_l3lag_peer_traffic_check,TestBGPRif.test_bgp_route_aggregation_4byteASN,TestBGPRif.test_ft_bgp_clear,TestBGPRif.test_ft_bgp_graceful_restart_and_aware_routers,TestBGPRif.test_ft_bgp_peer_traffic_check,TestBGPRif.test_ft_bgp_rmap,TestBGPRif.test_ft_bgp_v4_dyn_nbr,TestBGPRif.test_ft_bgp_v6_dyn_nbr,TestBGPRif.test_ft_bgp_v6_link_local_bgp,TestBGPRrTraffic.test_ft_bgp6_rr_traffic_check,TestBGPVeLag.test_ft_bgp_clear,TestBGPVeLag.test_ft_bgp_peer_traffic_check,test_VrfFun001_06,test_VrfFun_05_50,test_VrfFun_10_12_14,test_VrfFun_20_24_25_32_33_44_45,test_VrfFun_26_27,test_cli_validation_bgp_router_config,test_cli_validation_ip_address,test_ft_arp_dynamic_renew_traffic_test,test_ft_bgp_ebgp_community_map,test_ft_bgp_ibgp_RR_Loop,test_ft_ip6_static_route_traffic_forward_blackhole,test_ft_ip_static_ip_on_mgmt_intrf,test_ft_ip_static_route_traffic_forward,test_ft_ip_v4_v6_L2_L3_translation,test_ft_ipv6_neighbor_entry,test_ft_l3_performance_enhancements_v4_route_intstall_withdraw,test_ft_nat_docker_restart,test_ft_ping_v4_v6_after_ip_change_pc,test_ft_ping_v4_v6_vlan,test_ft_qos_config_mgmt_verifying_config_with_save_reboot,test_ft_sflow_max_sflow_collector_config,test_ft_sflow_sampling_v6_sFlow_collector,test_ft_system_config_mgmt_verifying_config_with_save_reboot_sflow,test_ft_verify_interfaces_order,test_l2_to_l3_port,test_l3_v4_route_po_1,test_vrf_bgp,test_vrf_reload,test_vrf_route_leak,test_vrf_scale,TestBGPRif.test_ft_bgp_ipv4_no_route_aggregation_for_exact_prefix_match,TestBGPRif.test_ft_bgp_ipv4_route_aggregation_atomic_aggregate_without_as_set,TestBGPRif.test_ft_bgp_ipv6_route_aggregation_with_as_set,TestBGPRif.test_ft_bgp_v4_max_dyn_nbr,TestBGPIPvxRouteAdvertisementFilter.test_redistribute_connected_ipv4,TestBGPIPvxRouteAdvertisementFilter.test_redistribute_static_ipv4,TestBGPIPvxRouteAdvertisementFilter.test_redistribute_connected_ipv6,TestBGPIPvxRouteAdvertisementFilter.test_redistribute_static_ipv6,TestBGPIPvxRouteAdvertisementFilter.test_default_originate_ipv6,test_spytest_infra_first,test_spytest_infra_second,test_spytest_infra_last --noop

2023-12-29 22:36:43,893 T0000: NOTICE ARGS: --logs-level debug --results-prefix=results --get-tech-support none --fetch-core-files none --syslog-check none --save config-db module --topology-check module --logs-path logs/2023-12-29-22-36-37 --continue-on-collection-errors --max-time session 0 --max-time module 0 --max-time function 0 --noop --tryssh=0 --testbed-file testbed.yaml --env SPYTEST_RPS_DEBUG 0 --tclist-bucket 1,2,4 --test-suite community-vs-l3 --email rama.kristipati@broadcom.com --env SPYTEST_SCAPY_DBG_LVL 2 --noop --env SPYTEST_EMAIL_FROM SPyTest-VSNet@broadcom.com --noop --logs-path logs/vm-202111-443663-l3 --env SPYTEST_EMAIL_BODY_PREFIX http://10.193.81.56:8080/sonic_mgmt_202111/work/logs/vm-202111-443663-l3/dashboard.html --email-subject-nargs VSNet-sonic_mgmt_202111-VM-L3-{{bldver}} : {{passrate}}: {{pass_cnt}}/{{executed}} vm-202111-443663-l3 --noop --feature-group 202111
2023-12-29 22:36:47,713 T0000: INFO  TRY-1 system/test_device_mgmt.py 1 1 D1
2023-12-29 22:36:47,714 T0000: INFO  matched testbed gw4 to execute bucket 1 system/test_device_mgmt.py D1
2023-12-29 22:36:47,714 T0000: INFO  matched testbed gw5 to execute bucket 1 system/test_device_mgmt.py D1
2023-12-29 22:36:47,714 T0000: INFO  matched testbed gw6 to execute bucket 1 system/test_device_mgmt.py D1
2023-12-29 22:36:47,715 T0000: INFO  matched testbed gw7 to execute bucket 1 system/test_device_mgmt.py D1
2023-12-29 22:36:47,715 T0000: INFO  TRY-1 system/test_sflow.py 2 1 D1T1:1 D2T1:2 D1D2:1 TGCARD=stc|novus10
2023-12-29 22:36:47,717 T0000: INFO  matched testbed gw2 to execute bucket 2 system/test_sflow.py D1T1:1 D2T1:2 D1D2:1 TGCARD=stc|novus10
2023-12-29 22:36:47,718 T0000: INFO  matched testbed gw3 to execute bucket 2 system/test_sflow.py D1T1:1 D2T1:2 D1D2:1 TGCARD=stc|novus10
2023-12-29 22:36:47,718 T0000: INFO  TRY-1 routing/BGP/test_bgp_4node.py 4 1 D1D2:1 D2D3:1 D2D4:1 D3D4:1 D3D1:1 TGEN=ixia
2023-12-29 22:36:47,719 T0000: INFO  matched testbed gw1 to execute bucket 4 routing/BGP/test_bgp_4node.py D1D2:1 D2D3:1 D2D4:1 D3D4:1 D3D1:1 TGEN=ixia
2023-12-29 22:36:47,719 T0000: INFO  TRY-1 routing/BGP/test_bgp.py 2 1 D1D2:1 D1T1:1 D2T1:1 TGEN=ixia
2023-12-29 22:36:47,720 T0000: INFO  matched testbed gw2 to execute bucket 2 routing/BGP/test_bgp.py D1D2:1 D1T1:1 D2T1:1 TGEN=ixia
2023-12-29 22:36:47,720 T0000: INFO  matched testbed gw3 to execute bucket 2 routing/BGP/test_bgp.py D1D2:1 D1T1:1 D2T1:1 TGEN=ixia
2023-12-29 22:36:47,720 T0000: INFO  TRY-1 routing/VRF/test_vrf.py 2 1 D1D2:4 D1T1:2 D2T1:2 TGEN=ixia
2023-12-29 22:36:47,721 T0000: INFO  matched testbed gw2 to execute bucket 2 routing/VRF/test_vrf.py D1D2:4 D1T1:2 D2T1:2 TGEN=ixia
2023-12-29 22:36:47,721 T0000: INFO  matched testbed gw3 to execute bucket 2 routing/VRF/test_vrf.py D1D2:4 D1T1:2 D2T1:2 TGEN=ixia
2023-12-29 22:36:47,722 T0000: INFO  TRY-1 routing/test_ndp.py 1 1 D1T1:2 TGEN=ixia
2023-12-29 22:36:47,722 T0000: INFO  matched testbed gw4 to execute bucket 1 routing/test_ndp.py D1T1:2 TGEN=ixia
2023-12-29 22:36:47,722 T0000: INFO  matched testbed gw5 to execute bucket 1 routing/test_ndp.py D1T1:2 TGEN=ixia
2023-12-29 22:36:47,723 T0000: INFO  matched testbed gw6 to execute bucket 1 routing/test_ndp.py D1T1:2 TGEN=ixia
2023-12-29 22:36:47,723 T0000: INFO  matched testbed gw7 to execute bucket 1 routing/test_ndp.py D1T1:2 TGEN=ixia
2023-12-29 22:36:47,723 T0000: INFO  TRY-1 routing/test_l3_performance.py 1 1 D1T1:2 CHIP_REV=!X2
2023-12-29 22:36:47,724 T0000: INFO  matched testbed gw4 to execute bucket 1 routing/test_l3_performance.py D1T1:2 CHIP_REV=!X2
2023-12-29 22:36:47,724 T0000: INFO  matched testbed gw5 to execute bucket 1 routing/test_l3_performance.py D1T1:2 CHIP_REV=!X2
2023-12-29 22:36:47,724 T0000: INFO  matched testbed gw6 to execute bucket 1 routing/test_l3_performance.py D1T1:2 CHIP_REV=!X2
2023-12-29 22:36:47,725 T0000: INFO  matched testbed gw7 to execute bucket 1 routing/test_l3_performance.py D1T1:2 CHIP_REV=!X2
2023-12-29 22:36:47,725 T0000: INFO  TRY-1 routing/VRF/test_vrf_scale.py 2 1 D1D2:4 D1T1:2 D2T1:2 CHIP_REV=!X2
2023-12-29 22:36:47,726 T0000: INFO  matched testbed gw2 to execute bucket 2 routing/VRF/test_vrf_scale.py D1D2:4 D1T1:2 D2T1:2 CHIP_REV=!X2
2023-12-29 22:36:47,726 T0000: INFO  matched testbed gw3 to execute bucket 2 routing/VRF/test_vrf_scale.py D1D2:4 D1T1:2 D2T1:2 CHIP_REV=!X2
2023-12-29 22:36:47,726 T0000: INFO  TRY-1 routing/test_ip.py 2 1 D1T1:2 D2T1:2 D1D2:4 CHIP=TD3 TGEN=ixia
2023-12-29 22:36:47,727 T0000: INFO  matched testbed gw2 to execute bucket 2 routing/test_ip.py D1T1:2 D2T1:2 D1D2:4 CHIP=TD3 TGEN=ixia
2023-12-29 22:36:47,728 T0000: INFO  matched testbed gw3 to execute bucket 2 routing/test_ip.py D1T1:2 D2T1:2 D1D2:4 CHIP=TD3 TGEN=ixia
2023-12-29 22:36:47,728 T0000: INFO  TRY-1 sanity/test_sanity_l3.py 2 1 D1D2:1 D1T1:1 D2T1:1
2023-12-29 22:36:47,728 T0000: INFO  matched testbed gw2 to execute bucket 2 sanity/test_sanity_l3.py D1D2:1 D1T1:1 D2T1:1
2023-12-29 22:36:47,729 T0000: INFO  matched testbed gw3 to execute bucket 2 sanity/test_sanity_l3.py D1D2:1 D1T1:1 D2T1:1
2023-12-29 22:36:47,729 T0000: INFO  TRY-1 qos/test_qos_save_reboot.py 1 1 D1T1:1 TGEN=ixia
2023-12-29 22:36:47,729 T0000: INFO  matched testbed gw4 to execute bucket 1 qos/test_qos_save_reboot.py D1T1:1 TGEN=ixia
2023-12-29 22:36:47,730 T0000: INFO  matched testbed gw5 to execute bucket 1 qos/test_qos_save_reboot.py D1T1:1 TGEN=ixia
2023-12-29 22:36:47,730 T0000: INFO  matched testbed gw6 to execute bucket 1 qos/test_qos_save_reboot.py D1T1:1 TGEN=ixia
2023-12-29 22:36:47,730 T0000: INFO  matched testbed gw7 to execute bucket 1 qos/test_qos_save_reboot.py D1T1:1 TGEN=ixia
2023-12-29 22:36:47,730 T0000: INFO  TRY-1 routing/BGP/test_bgp_rr_traffic.py 2 1 D1D2:1 D1T1:1 D2T1:1 TGEN=ixia
2023-12-29 22:36:47,731 T0000: INFO  matched testbed gw2 to execute bucket 2 routing/BGP/test_bgp_rr_traffic.py D1D2:1 D1T1:1 D2T1:1 TGEN=ixia
2023-12-29 22:36:47,731 T0000: INFO  matched testbed gw3 to execute bucket 2 routing/BGP/test_bgp_rr_traffic.py D1D2:1 D1T1:1 D2T1:1 TGEN=ixia
2023-12-29 22:36:47,732 T0000: INFO  TRY-1 routing/NAT/test_nat.py 1 1 D1T1:2 CHIP=TD2|TD3|TH2|TH1 MODEL1=ent TGEN=ixia CHIP_REV=NA|X5|X7
2023-12-29 22:36:47,732 T0000: INFO  matched testbed gw4 to execute bucket 1 routing/NAT/test_nat.py D1T1:2 CHIP=TD2|TD3|TH2|TH1 MODEL1=ent TGEN=ixia CHIP_REV=NA|X5|X7
2023-12-29 22:36:47,733 T0000: INFO  matched testbed gw5 to execute bucket 1 routing/NAT/test_nat.py D1T1:2 CHIP=TD2|TD3|TH2|TH1 MODEL1=ent TGEN=ixia CHIP_REV=NA|X5|X7
2023-12-29 22:36:47,733 T0000: INFO  matched testbed gw6 to execute bucket 1 routing/NAT/test_nat.py D1T1:2 CHIP=TD2|TD3|TH2|TH1 MODEL1=ent TGEN=ixia CHIP_REV=NA|X5|X7
2023-12-29 22:36:47,733 T0000: INFO  matched testbed gw7 to execute bucket 1 routing/NAT/test_nat.py D1T1:2 CHIP=TD2|TD3|TH2|TH1 MODEL1=ent TGEN=ixia CHIP_REV=NA|X5|X7
2023-12-29 22:36:47,734 T0000: INFO  TRY-1 routing/test_arp.py 1 1 D1T1:2 TGEN=ixia
2023-12-29 22:36:47,734 T0000: INFO  matched testbed gw4 to execute bucket 1 routing/test_arp.py D1T1:2 TGEN=ixia
2023-12-29 22:36:47,734 T0000: INFO  matched testbed gw5 to execute bucket 1 routing/test_arp.py D1T1:2 TGEN=ixia
2023-12-29 22:36:47,735 T0000: INFO  matched testbed gw6 to execute bucket 1 routing/test_arp.py D1T1:2 TGEN=ixia
2023-12-29 22:36:47,735 T0000: INFO  matched testbed gw7 to execute bucket 1 routing/test_arp.py D1T1:2 TGEN=ixia
2023-12-29 22:36:47,767 T0000: INFO  Start Monitoring poll_time=300 max_time=7200 DBG=0
2023-12-29 22:36:47,773 T0000: INFO  ============== NODE(gw0) FINISH gw0
2023-12-29 22:36:47,773 T0000: INFO  ============== Completed gw0  
2023-12-29 22:36:47,774 T0000: INFO  [gw1]: ===== Assigned Pre-Tests
2023-12-29 22:44:58,546 T0000: INFO  [gw1]: EXEC: routing/BGP/test_bgp_4node.py::TestBGPConfed::test_ipv6_confed_route_distribution
2023-12-29 22:45:14,096 T0000: INFO  [gw1]: PASSED: routing/BGP/test_bgp_4node.py::TestBGPConfed::test_ipv6_confed_route_distribution
2023-12-29 22:45:21,736 T0000: INFO  [gw1]: EXEC: routing/BGP/test_bgp_4node.py::TestBGPConfed::test_ipv6_confed_with_rr
2023-12-29 22:46:05,304 T0000: INFO  [gw1]: PASSED: routing/BGP/test_bgp_4node.py::TestBGPConfed::test_ipv6_confed_with_rr
2023-12-29 22:46:13,168 T0000: INFO  [gw1]: EXEC: routing/BGP/test_bgp_4node.py::TestBGPConfed::test_confed_route_distribution_with_rmap
2023-12-29 22:46:47,617 T0000: INFO  [gw1]: PASSED: routing/BGP/test_bgp_4node.py::TestBGPConfed::test_confed_route_distribution_with_rmap
2023-12-29 22:47:00,646 T0000: INFO  [gw1]: EXEC: routing/BGP/test_bgp_4node.py::test_ft_bgp_ibgp_RR_Loop
2023-12-29 22:47:26,932 T0000: INFO  [gw1]: PASSED: routing/BGP/test_bgp_4node.py::test_ft_bgp_ibgp_RR_Loop
2023-12-29 22:47:36,993 T0000: INFO  [gw1]: EXEC: routing/BGP/test_bgp_4node.py::test_ft_bgp_ebgp_community_map
2023-12-29 22:51:39,340 T0000: INFO  [gw1]: PASSED: routing/BGP/test_bgp_4node.py::test_ft_bgp_ebgp_community_map
2023-12-29 22:54:47,162 T0000: INFO  ============== NODE(gw1) FINISH gw1
2023-12-29 22:54:47,173 T0000: INFO  ============== Completed gw1  
2023-12-29 22:54:47,184 T0000: INFO  [gw2]: ===== Assigned Pre-Tests
2023-12-29 22:54:47,185 T0000: INFO  [gw3]: ===== Assigned Pre-Tests
2023-12-29 23:02:15,922 T0000: INFO  [gw2]: EXEC: routing/BGP/test_bgp.py::TestBGPRif::test_ft_bgp_v6_link_local_bgp
2023-12-29 23:06:41,227 T0000: INFO  [gw3]: EXEC: routing/VRF/test_vrf.py::test_VrfFun001_06
2023-12-29 23:06:54,895 T0000: INFO  [gw2]: XFAIL: routing/BGP/test_bgp.py::TestBGPRif::test_ft_bgp_v6_link_local_bgp
2023-12-29 23:07:01,104 T0000: INFO  [gw2]: EXEC: routing/BGP/test_bgp.py::TestBGPRif::test_ft_bgp_clear
2023-12-29 23:07:10,455 T0000: INFO  [gw2]: PASSED: routing/BGP/test_bgp.py::TestBGPRif::test_ft_bgp_clear
2023-12-29 23:07:16,187 T0000: INFO  [gw2]: EXEC: routing/BGP/test_bgp.py::TestBGPRif::test_ft_bgp_peer_traffic_check
2023-12-29 23:07:18,802 T0000: INFO  [gw3]: XFAIL: routing/VRF/test_vrf.py::test_VrfFun001_06
2023-12-29 23:07:23,806 T0000: INFO  [gw3]: EXEC: routing/VRF/test_vrf.py::test_VrfFun_26_27
2023-12-29 23:07:48,432 T0000: INFO  [gw3]: PASSED: routing/VRF/test_vrf.py::test_VrfFun_26_27
2023-12-29 23:07:54,915 T0000: INFO  [gw3]: EXEC: routing/VRF/test_vrf.py::test_VrfFun_10_12_14
2023-12-29 23:08:51,307 T0000: INFO  [gw3]: XFAIL: routing/VRF/test_vrf.py::test_VrfFun_10_12_14
2023-12-29 23:10:12,414 T0000: INFO  [gw3]: EXEC: routing/VRF/test_vrf.py::test_VrfFun_20_24_25_32_33_44_45
2023-12-29 23:10:39,205 T0000: INFO  [gw2]: PASSED: routing/BGP/test_bgp.py::TestBGPRif::test_ft_bgp_peer_traffic_check
2023-12-29 23:10:48,798 T0000: INFO  [gw2]: EXEC: routing/BGP/test_bgp.py::TestBGPRif::test_ft_bgp_graceful_restart_and_aware_routers
2023-12-29 23:10:54,655 T0000: INFO  [gw3]: XFAIL: routing/VRF/test_vrf.py::test_VrfFun_20_24_25_32_33_44_45
2023-12-29 23:10:55,257 T0000: INFO  [gw2]: PASSED: routing/BGP/test_bgp.py::TestBGPRif::test_ft_bgp_graceful_restart_and_aware_routers
2023-12-29 23:11:01,396 T0000: INFO  [gw2]: EXEC: routing/BGP/test_bgp.py::TestBGPRif::test_ft_bgp_ipv4_no_route_aggregation_for_exact_prefix_match
2023-12-29 23:11:13,519 T0000: INFO  [gw3]: EXEC: routing/VRF/test_vrf.py::test_VrfFun_05_50
2023-12-29 23:12:36,344 T0000: INFO  [gw2]: XFAIL: routing/BGP/test_bgp.py::TestBGPRif::test_ft_bgp_ipv4_no_route_aggregation_for_exact_prefix_match
2023-12-29 23:12:42,054 T0000: INFO  [gw2]: EXEC: routing/BGP/test_bgp.py::TestBGPRif::test_ft_bgp_ipv4_route_aggregation_atomic_aggregate_without_as_set
2023-12-29 23:14:16,931 T0000: INFO  [gw2]: XFAIL: routing/BGP/test_bgp.py::TestBGPRif::test_ft_bgp_ipv4_route_aggregation_atomic_aggregate_without_as_set
2023-12-29 23:14:22,717 T0000: INFO  [gw2]: EXEC: routing/BGP/test_bgp.py::TestBGPRif::test_bgp_route_aggregation_4byteASN
2023-12-29 23:14:56,958 T0000: INFO  [gw2]: XFAIL: routing/BGP/test_bgp.py::TestBGPRif::test_bgp_route_aggregation_4byteASN
2023-12-29 23:15:02,646 T0000: INFO  [gw2]: EXEC: routing/BGP/test_bgp.py::TestBGPRif::test_ft_bgp_ipv6_route_aggregation_with_as_set
2023-12-29 23:15:58,278 T0000: INFO  [gw2]: PASSED: routing/BGP/test_bgp.py::TestBGPRif::test_ft_bgp_ipv6_route_aggregation_with_as_set
2023-12-29 23:16:04,627 T0000: INFO  [gw2]: EXEC: routing/BGP/test_bgp.py::TestBGPRif::test_ft_bgp_v4_dyn_nbr
2023-12-29 23:16:30,989 T0000: INFO  [gw2]: PASSED: routing/BGP/test_bgp.py::TestBGPRif::test_ft_bgp_v4_dyn_nbr
2023-12-29 23:16:36,197 T0000: INFO  [gw2]: EXEC: routing/BGP/test_bgp.py::TestBGPRif::test_ft_bgp_v6_dyn_nbr
2023-12-29 23:17:02,309 T0000: INFO  [gw2]: PASSED: routing/BGP/test_bgp.py::TestBGPRif::test_ft_bgp_v6_dyn_nbr
2023-12-29 23:17:07,296 T0000: INFO  [gw2]: EXEC: routing/BGP/test_bgp.py::TestBGPRif::test_ft_bgp_v4_max_dyn_nbr
2023-12-29 23:18:00,267 T0000: INFO  [gw3]: XFAIL: routing/VRF/test_vrf.py::test_VrfFun_05_50
2023-12-29 23:19:20,447 T0000: INFO  [gw2]: PASSED: routing/BGP/test_bgp.py::TestBGPRif::test_ft_bgp_v4_max_dyn_nbr
2023-12-29 23:19:25,549 T0000: INFO  [gw2]: EXEC: routing/BGP/test_bgp.py::TestBGPRif::test_ft_bgp_rmap
2023-12-29 23:19:40,215 T0000: INFO  [gw2]: PASSED: routing/BGP/test_bgp.py::TestBGPRif::test_ft_bgp_rmap
2023-12-29 23:21:24,274 T0000: INFO  [gw2]: EXEC: routing/BGP/test_bgp.py::TestBGPIPvxRouteAdvertisementFilter::test_redistribute_connected_ipv4
2023-12-29 23:21:37,073 T0000: INFO  [gw2]: PASSED: routing/BGP/test_bgp.py::TestBGPIPvxRouteAdvertisementFilter::test_redistribute_connected_ipv4
2023-12-29 23:21:43,657 T0000: INFO  [gw2]: EXEC: routing/BGP/test_bgp.py::TestBGPIPvxRouteAdvertisementFilter::test_redistribute_static_ipv4
2023-12-29 23:21:57,965 T0000: INFO  [gw2]: PASSED: routing/BGP/test_bgp.py::TestBGPIPvxRouteAdvertisementFilter::test_redistribute_static_ipv4
2023-12-29 23:22:04,028 T0000: INFO  [gw2]: EXEC: routing/BGP/test_bgp.py::TestBGPIPvxRouteAdvertisementFilter::test_distribute_list_in_ipv4
2023-12-29 23:22:12,950 T0000: INFO  [gw2]: PASSED: routing/BGP/test_bgp.py::TestBGPIPvxRouteAdvertisementFilter::test_distribute_list_in_ipv4
2023-12-29 23:22:19,153 T0000: INFO  [gw2]: EXEC: routing/BGP/test_bgp.py::TestBGPIPvxRouteAdvertisementFilter::test_filter_list_in_ipv4
2023-12-29 23:22:28,344 T0000: INFO  [gw2]: PASSED: routing/BGP/test_bgp.py::TestBGPIPvxRouteAdvertisementFilter::test_filter_list_in_ipv4
2023-12-29 23:22:34,753 T0000: INFO  [gw2]: EXEC: routing/BGP/test_bgp.py::TestBGPIPvxRouteAdvertisementFilter::test_prefix_list_out_ipv4
2023-12-29 23:22:55,850 T0000: INFO  [gw2]: PASSED: routing/BGP/test_bgp.py::TestBGPIPvxRouteAdvertisementFilter::test_prefix_list_out_ipv4
2023-12-29 23:23:02,147 T0000: INFO  [gw2]: EXEC: routing/BGP/test_bgp.py::TestBGPIPvxRouteAdvertisementFilter::test_default_originate_ipv4
2023-12-29 23:23:11,583 T0000: INFO  [gw2]: PASSED: routing/BGP/test_bgp.py::TestBGPIPvxRouteAdvertisementFilter::test_default_originate_ipv4
2023-12-29 23:23:17,906 T0000: INFO  [gw2]: EXEC: routing/BGP/test_bgp.py::TestBGPIPvxRouteAdvertisementFilter::test_route_map_in_ipv4
2023-12-29 23:23:19,078 T0000: INFO  [gw2]: XFAIL: routing/BGP/test_bgp.py::TestBGPIPvxRouteAdvertisementFilter::test_route_map_in_ipv4
2023-12-29 23:23:29,493 T0000: INFO  [gw2]: EXEC: routing/BGP/test_bgp.py::TestBGPIPvxRouteAdvertisementFilter::test_redistribute_connected_ipv6
2023-12-29 23:23:42,500 T0000: INFO  [gw2]: PASSED: routing/BGP/test_bgp.py::TestBGPIPvxRouteAdvertisementFilter::test_redistribute_connected_ipv6
2023-12-29 23:23:48,978 T0000: INFO  [gw2]: EXEC: routing/BGP/test_bgp.py::TestBGPIPvxRouteAdvertisementFilter::test_redistribute_static_ipv6
2023-12-29 23:24:03,376 T0000: INFO  [gw2]: PASSED: routing/BGP/test_bgp.py::TestBGPIPvxRouteAdvertisementFilter::test_redistribute_static_ipv6
2023-12-29 23:24:09,344 T0000: INFO  [gw2]: EXEC: routing/BGP/test_bgp.py::TestBGPIPvxRouteAdvertisementFilter::test_distribute_list_in_ipv6
2023-12-29 23:24:18,310 T0000: INFO  [gw2]: PASSED: routing/BGP/test_bgp.py::TestBGPIPvxRouteAdvertisementFilter::test_distribute_list_in_ipv6
2023-12-29 23:24:24,504 T0000: INFO  [gw2]: EXEC: routing/BGP/test_bgp.py::TestBGPIPvxRouteAdvertisementFilter::test_filter_list_in_ipv6
2023-12-29 23:24:33,437 T0000: INFO  [gw2]: PASSED: routing/BGP/test_bgp.py::TestBGPIPvxRouteAdvertisementFilter::test_filter_list_in_ipv6
2023-12-29 23:24:39,528 T0000: INFO  [gw2]: EXEC: routing/BGP/test_bgp.py::TestBGPIPvxRouteAdvertisementFilter::test_prefix_list_out_ipv6
2023-12-29 23:24:48,934 T0000: INFO  [gw2]: PASSED: routing/BGP/test_bgp.py::TestBGPIPvxRouteAdvertisementFilter::test_prefix_list_out_ipv6
2023-12-29 23:24:55,088 T0000: INFO  [gw2]: EXEC: routing/BGP/test_bgp.py::TestBGPIPvxRouteAdvertisementFilter::test_filter_list_out_ipv6
2023-12-29 23:25:04,482 T0000: INFO  [gw2]: PASSED: routing/BGP/test_bgp.py::TestBGPIPvxRouteAdvertisementFilter::test_filter_list_out_ipv6
2023-12-29 23:25:10,713 T0000: INFO  [gw2]: EXEC: routing/BGP/test_bgp.py::TestBGPIPvxRouteAdvertisementFilter::test_default_originate_ipv6
2023-12-29 23:25:20,123 T0000: INFO  [gw2]: PASSED: routing/BGP/test_bgp.py::TestBGPIPvxRouteAdvertisementFilter::test_default_originate_ipv6
2023-12-29 23:25:30,389 T0000: INFO  [gw2]: EXEC: routing/BGP/test_bgp.py::TestBGPIPvxRouteAdvertisementFilter::test_route_map_in_ipv6
2023-12-29 23:25:35,233 T0000: INFO  [gw2]: XFAIL: routing/BGP/test_bgp.py::TestBGPIPvxRouteAdvertisementFilter::test_route_map_in_ipv6
2023-12-29 23:25:47,500 T0000: INFO  [gw2]: EXEC: routing/BGP/test_bgp.py::TestBGPIPvxRouteAdvertisementFilter::test_bgp_route_map_with_community
2023-12-29 23:26:05,804 T0000: INFO  [gw2]: PASSED: routing/BGP/test_bgp.py::TestBGPIPvxRouteAdvertisementFilter::test_bgp_route_map_with_community
2023-12-29 23:26:11,810 T0000: INFO  [gw2]: EXEC: routing/BGP/test_bgp.py::TestBGPIPvxRouteAdvertisementFilter::test_bgp_ebgp4_nbr_update_source
2023-12-29 23:26:28,750 T0000: INFO  [gw2]: PASSED: routing/BGP/test_bgp.py::TestBGPIPvxRouteAdvertisementFilter::test_bgp_ebgp4_nbr_update_source
2023-12-29 23:26:45,154 T0000: INFO  [gw2]: EXEC: routing/BGP/test_bgp.py::TestBGPIPvxRouteAdvertisementFilter::test_bgp_ebgp4_nbr_authentication
2023-12-29 23:28:30,768 T0000: INFO  [gw2]: PASSED: routing/BGP/test_bgp.py::TestBGPIPvxRouteAdvertisementFilter::test_bgp_ebgp4_nbr_authentication
2023-12-29 23:28:36,971 T0000: INFO  [gw2]: EXEC: routing/BGP/test_bgp.py::TestBGPIPvxRouteAdvertisementFilter::test_route_aggregate_ipv6
2023-12-29 23:28:56,439 T0000: INFO  [gw2]: PASSED: routing/BGP/test_bgp.py::TestBGPIPvxRouteAdvertisementFilter::test_route_aggregate_ipv6
2023-12-29 23:29:02,915 T0000: INFO  [gw2]: EXEC: routing/BGP/test_bgp.py::TestBGPIPvxRouteAdvertisementFilter::test_static_blackhole_rt_redistribute_with_routemap_ipv6
2023-12-29 23:29:15,167 T0000: INFO  [gw2]: PASSED: routing/BGP/test_bgp.py::TestBGPIPvxRouteAdvertisementFilter::test_static_blackhole_rt_redistribute_with_routemap_ipv6
2023-12-29 23:30:56,407 T0000: INFO  [gw2]: EXEC: routing/BGP/test_bgp.py::TestBGPVeLag::test_ft_bgp_clear
2023-12-29 23:31:03,976 T0000: INFO  [gw2]: PASSED: routing/BGP/test_bgp.py::TestBGPVeLag::test_ft_bgp_clear
2023-12-29 23:31:09,767 T0000: INFO  [gw2]: EXEC: routing/BGP/test_bgp.py::TestBGPVeLag::test_ft_bgp_peer_traffic_check
2023-12-29 23:34:31,104 T0000: INFO  [gw2]: PASSED: routing/BGP/test_bgp.py::TestBGPVeLag::test_ft_bgp_peer_traffic_check
2023-12-29 23:35:45,653 T0000: INFO  [gw2]: EXEC: routing/BGP/test_bgp.py::TestBGPL3Lag::test_ft_bgp_l3lag_peer_traffic_check
2023-12-29 23:39:07,049 T0000: INFO  [gw2]: PASSED: routing/BGP/test_bgp.py::TestBGPL3Lag::test_ft_bgp_l3lag_peer_traffic_check
2023-12-29 23:43:51,137 T0000: INFO  [gw3]: EXEC: routing/VRF/test_vrf_scale.py::test_vrf_scale
2023-12-29 23:43:55,681 T0000: INFO  [gw2]: EXEC: system/test_sflow.py::test_ft_sflow_sampling_v6_sFlow_collector
2023-12-29 23:46:07,734 T0000: INFO  [gw2]: XFAIL: system/test_sflow.py::test_ft_sflow_sampling_v6_sFlow_collector
2023-12-29 23:46:18,122 T0000: INFO  [gw2]: EXEC: system/test_sflow.py::test_ft_sflow_max_sflow_collector_config
2023-12-29 23:46:44,283 T0000: INFO  [gw2]: PASSED: system/test_sflow.py::test_ft_sflow_max_sflow_collector_config
2023-12-29 23:46:49,254 T0000: INFO  [gw2]: EXEC: system/test_sflow.py::test_ft_system_config_mgmt_verifying_config_with_save_reboot_sflow
2023-12-29 23:48:06,426 T0000: INFO  [gw2]: PASSED: system/test_sflow.py::test_ft_system_config_mgmt_verifying_config_with_save_reboot_sflow
2023-12-29 23:51:25,352 T0000: INFO  [gw3]: XFAIL: routing/VRF/test_vrf_scale.py::test_vrf_scale
2023-12-29 23:51:31,874 T0000: INFO  [gw3]: EXEC: routing/VRF/test_vrf_scale.py::test_vrf_route_leak
2023-12-29 23:53:33,374 T0000: INFO  [gw3]: PASSED: routing/VRF/test_vrf_scale.py::test_vrf_route_leak
2023-12-29 23:53:41,046 T0000: INFO  [gw3]: EXEC: routing/VRF/test_vrf_scale.py::test_vrf_bgp
2023-12-29 23:54:37,728 T0000: INFO  [gw2]: EXEC: routing/test_ip.py::test_l3_v4_route_po_1
2023-12-29 23:58:20,739 T0000: INFO  [gw2]: XFAIL: routing/test_ip.py::test_l3_v4_route_po_1
2023-12-29 23:58:25,782 T0000: INFO  [gw2]: EXEC: routing/test_ip.py::test_ft_ping_v4_v6_vlan
2023-12-29 23:58:29,931 T0000: INFO  [gw2]: XFAIL: routing/test_ip.py::test_ft_ping_v4_v6_vlan
2023-12-29 23:58:34,909 T0000: INFO  [gw2]: EXEC: routing/test_ip.py::test_ft_ping_v4_v6_after_ip_change_pc
2023-12-29 23:58:36,426 T0000: INFO  [gw2]: XFAIL: routing/test_ip.py::test_ft_ping_v4_v6_after_ip_change_pc
2023-12-29 23:58:41,439 T0000: INFO  [gw2]: EXEC: routing/test_ip.py::test_ft_ip6_static_route_traffic_forward_blackhole
2023-12-29 23:59:46,119 T0000: INFO  [gw2]: XFAIL: routing/test_ip.py::test_ft_ip6_static_route_traffic_forward_blackhole
2023-12-29 23:59:51,204 T0000: INFO  [gw2]: EXEC: routing/test_ip.py::test_ft_ip_static_route_traffic_forward
2023-12-30 00:01:36,176 T0000: INFO  [gw2]: XFAIL: routing/test_ip.py::test_ft_ip_static_route_traffic_forward
2023-12-30 00:01:41,282 T0000: INFO  [gw2]: EXEC: routing/test_ip.py::test_ft_ip_v4_v6_L2_L3_translation
2023-12-30 00:03:07,894 T0000: INFO  [gw2]: PASSED: routing/test_ip.py::test_ft_ip_v4_v6_L2_L3_translation
2023-12-30 00:03:13,828 T0000: INFO  [gw2]: EXEC: routing/test_ip.py::test_ft_verify_interfaces_order
2023-12-30 00:03:26,027 T0000: INFO  [gw2]: PASSED: routing/test_ip.py::test_ft_verify_interfaces_order
2023-12-30 00:06:18,426 T0000: INFO  [gw3]: XFAIL: routing/VRF/test_vrf_scale.py::test_vrf_bgp
2023-12-30 00:06:28,988 T0000: INFO  [gw3]: EXEC: routing/VRF/test_vrf_scale.py::test_vrf_reload
2023-12-30 00:07:57,612 T0000: INFO  [gw2]: EXEC: sanity/test_sanity_l3.py::test_l2_to_l3_port
2023-12-30 00:09:45,924 T0000: INFO  [gw2]: XFAIL: sanity/test_sanity_l3.py::test_l2_to_l3_port
2023-12-30 00:16:27,990 T0000: INFO  [gw3]: XFAIL: routing/VRF/test_vrf_scale.py::test_vrf_reload
2023-12-30 00:18:30,164 T0000: INFO  [gw2]: EXEC: routing/BGP/test_bgp_rr_traffic.py::TestBGPRrTraffic::test_ft_bgp6_rr_traffic_check
2023-12-30 00:20:00,116 T0000: INFO  ============== NODE(gw3) FINISH gw3
2023-12-30 00:20:00,123 T0000: INFO  ============== Completed gw3  
2023-12-30 00:20:00,149 T0000: INFO  [gw6]: ===== Assigned Pre-Tests
2023-12-30 00:20:00,161 T0000: INFO  [gw7]: ===== Assigned Pre-Tests
2023-12-30 00:20:59,746 T0000: INFO  [gw2]: PASSED: routing/BGP/test_bgp_rr_traffic.py::TestBGPRrTraffic::test_ft_bgp6_rr_traffic_check
2023-12-30 00:24:04,701 T0000: INFO  ============== NODE(gw2) FINISH gw2
2023-12-30 00:24:04,702 T0000: INFO  ============== Completed gw2  
2023-12-30 00:24:04,706 T0000: INFO  [gw4]: ===== Assigned Pre-Tests
2023-12-30 00:24:04,717 T0000: INFO  [gw5]: ===== Assigned Pre-Tests
2023-12-30 00:25:45,509 T0000: INFO  [gw6]: EXEC: routing/test_l3_performance.py::test_ft_l3_performance_enhancements_v4_route_intstall_withdraw
2023-12-30 00:26:23,504 T0000: INFO  [gw6]: XFAIL: routing/test_l3_performance.py::test_ft_l3_performance_enhancements_v4_route_intstall_withdraw
2023-12-30 00:26:28,630 T0000: INFO  [gw7]: EXEC: routing/NAT/test_nat.py::test_ft_nat_docker_restart
2023-12-30 00:26:33,389 T0000: INFO  [gw6]: EXEC: routing/test_l3_performance.py::test_cli_validation_ip_address
2023-12-30 00:27:12,589 T0000: INFO  [gw7]: PASSED: routing/NAT/test_nat.py::test_ft_nat_docker_restart
2023-12-30 00:27:40,800 T0000: INFO  [gw6]: PASSED: routing/test_l3_performance.py::test_cli_validation_ip_address
2023-12-30 00:27:45,841 T0000: INFO  [gw6]: EXEC: routing/test_l3_performance.py::test_cli_validation_bgp_router_config
2023-12-30 00:28:03,125 T0000: INFO  [gw6]: PASSED: routing/test_l3_performance.py::test_cli_validation_bgp_router_config
2023-12-30 00:28:41,164 T0000: INFO  [gw5]: EXEC: system/test_device_mgmt.py::test_ft_ip_static_ip_on_mgmt_intrf
2023-12-30 00:28:58,313 T0000: INFO  [gw5]: PASSED: system/test_device_mgmt.py::test_ft_ip_static_ip_on_mgmt_intrf
2023-12-30 00:29:50,822 T0000: INFO  [gw4]: EXEC: routing/test_ndp.py::test_ft_ipv6_neighbor_entry
2023-12-30 00:30:01,836 T0000: INFO  [gw4]: PASSED: routing/test_ndp.py::test_ft_ipv6_neighbor_entry
2023-12-30 00:30:38,824 T0000: INFO  ============== NODE(gw5) FINISH gw5
2023-12-30 00:30:38,825 T0000: INFO  ============== Completed gw5  
2023-12-30 00:32:11,993 T0000: INFO  [gw6]: EXEC: routing/test_arp.py::test_ft_arp_dynamic_renew_traffic_test
2023-12-30 00:32:25,379 T0000: INFO  ============== NODE(gw4) FINISH gw4
2023-12-30 00:32:25,380 T0000: INFO  ============== Completed gw4  
2023-12-30 00:33:05,770 T0000: INFO  [gw6]: PASSED: routing/test_arp.py::test_ft_arp_dynamic_renew_traffic_test
2023-12-30 00:34:45,817 T0000: INFO  [gw7]: EXEC: qos/test_qos_save_reboot.py::test_ft_qos_config_mgmt_verifying_config_with_save_reboot
2023-12-30 00:35:31,359 T0000: INFO  ============== NODE(gw6) FINISH gw6
2023-12-30 00:35:31,359 T0000: INFO  ============== Completed gw6  
2023-12-30 00:38:00,072 T0000: INFO  [gw7]: PASSED: qos/test_qos_save_reboot.py::test_ft_qos_config_mgmt_verifying_config_with_save_reboot
2023-12-30 00:40:50,898 T0000: INFO  ============== NODE(gw7) FINISH gw7
2023-12-30 00:40:50,899 T0000: INFO  ============== Completed gw7  
2023-12-30 00:40:50,956 T0000: INFO  update free pod devices ['V1', 'V2', 'V3', 'V4']
2023-12-30 00:40:50,959 T0000: INFO  update free pod devices ['unknown:V1', 'unknown:V2', 'unknown:V3', 'unknown:V4']
