2024-01-01 22:32:07.048118 = START
2024-01-01 22:32:08.192439 = device connections start
2024-01-01 22:33:00.551843 = device connections finish
2024-01-01 22:33:00.556635 = session init start
2024-01-01 22:36:28.521845 = report file generation start
2024-01-01 22:36:28.611448 = report file generation end
2024-01-01 22:36:52.707386 = session init end
2024-01-01 22:36:52.713260 = Framework Module Hook Start
2024-01-01 22:36:54.380981 = module test_spytest_infra_1.py init start
2024-01-01 22:36:59.925499 = module test_spytest_infra_1.py init end
2024-01-01 22:36:59.925845 = Framework Module Hook end
2024-01-01 22:36:59.926166 = Framework Function Hook Start
2024-01-01 22:37:07.788065 = function batch/test_spytest_infra_1.py::test_spytest_infra_first init start
2024-01-01 22:37:17.428417 = function batch/test_spytest_infra_1.py::test_spytest_infra_first init end
2024-01-01 22:37:17.429569 = Framework Function Hook end
2024-01-01 22:37:17.432775 = Module Config Time (2024-01-01 22:36:52.713455 - 2024-01-01 22:36:59.926245) Published
2024-01-01 22:37:17.435993 = function batch/test_spytest_infra_1.py::test_spytest_infra_first clean start
2024-01-01 22:37:17.465532 = Test Time (2024-01-01 22:37:07.788200 - 2024-01-01 22:37:17.465521) Published
2024-01-01 22:37:17.471455 = function batch/test_spytest_infra_1.py::test_spytest_infra_first clean end
2024-01-01 22:37:17.471861 = Framework Function Hook Finalize
2024-01-01 22:37:17.665572 = Framework Function Hook Start
2024-01-01 22:37:17.666887 = function batch/test_spytest_infra_1.py::test_spytest_infra_second init start
2024-01-01 22:37:23.985012 = function batch/test_spytest_infra_1.py::test_spytest_infra_second init end
2024-01-01 22:37:23.985905 = Framework Function Hook end
2024-01-01 22:37:23.988893 = function batch/test_spytest_infra_1.py::test_spytest_infra_second clean start
2024-01-01 22:37:24.019109 = Test Time (2024-01-01 22:37:17.667082 - 2024-01-01 22:37:24.019100) Published
2024-01-01 22:37:24.024258 = function batch/test_spytest_infra_1.py::test_spytest_infra_second clean end
2024-01-01 22:37:24.024613 = Framework Function Hook Finalize
2024-01-01 22:37:24.024782 = module test_spytest_infra_1.py clean start
2024-01-01 22:37:26.533028 = report file generation start
2024-01-01 22:37:26.654842 = report file generation end
2024-01-01 22:37:26.660037 = module test_spytest_infra_1.py clean end
2024-01-01 22:37:26.660442 = Framework Module Hook Finalize
2024-01-01 22:37:26.662979 = Framework Module Hook Start
2024-01-01 22:37:28.328881 = module test_bgp_4node.py init start
2024-01-01 22:37:56.821980 = module test_bgp_4node.py init end
2024-01-01 22:37:56.822585 = Framework Module Hook end
2024-01-01 22:37:56.823125 = User Module routing/BGP/test_bgp_4node.py Hook Start
2024-01-01 22:38:21.692280 = User Module routing/BGP/test_bgp_4node.py Hook end
2024-01-01 22:38:21.692803 = User Class routing/BGP/test_bgp_4node.py Hook Start
2024-01-01 22:39:11.264269 = User Class routing/BGP/test_bgp_4node.py Hook end
2024-01-01 22:39:11.264727 = Framework Function Hook Start
2024-01-01 22:39:41.055476 = function routing/BGP/test_bgp_4node.py::TestBGPConfed::test_ipv6_confed_route_distribution init start
2024-01-01 22:39:47.228443 = function routing/BGP/test_bgp_4node.py::TestBGPConfed::test_ipv6_confed_route_distribution init end
2024-01-01 22:39:47.229066 = Framework Function Hook end
2024-01-01 22:39:47.231274 = Module Config Time (2024-01-01 22:37:26.663044 - 2024-01-01 22:39:11.264839) Published
2024-01-01 22:40:02.816968 = function routing/BGP/test_bgp_4node.py::TestBGPConfed::test_ipv6_confed_route_distribution clean start
2024-01-01 22:40:02.877320 = Test Time (2024-01-01 22:39:41.055691 - 2024-01-01 22:40:02.877311) Published
2024-01-01 22:40:02.882149 = function routing/BGP/test_bgp_4node.py::TestBGPConfed::test_ipv6_confed_route_distribution clean end
2024-01-01 22:40:02.882446 = Framework Function Hook Finalize
2024-01-01 22:40:02.883608 = Framework Function Hook Start
2024-01-01 22:40:02.883987 = function routing/BGP/test_bgp_4node.py::TestBGPConfed::test_ipv6_confed_with_rr init start
2024-01-01 22:40:10.588852 = function routing/BGP/test_bgp_4node.py::TestBGPConfed::test_ipv6_confed_with_rr init end
2024-01-01 22:40:10.589385 = Framework Function Hook end
2024-01-01 22:40:50.473621 = function routing/BGP/test_bgp_4node.py::TestBGPConfed::test_ipv6_confed_with_rr clean start
2024-01-01 22:40:50.534698 = Test Time (2024-01-01 22:40:02.884055 - 2024-01-01 22:40:50.534689) Published
2024-01-01 22:40:50.539542 = function routing/BGP/test_bgp_4node.py::TestBGPConfed::test_ipv6_confed_with_rr clean end
2024-01-01 22:40:50.539842 = Framework Function Hook Finalize
2024-01-01 22:40:50.540693 = Framework Function Hook Start
2024-01-01 22:40:50.541062 = function routing/BGP/test_bgp_4node.py::TestBGPConfed::test_confed_route_distribution_with_rmap init start
2024-01-01 22:40:58.459857 = function routing/BGP/test_bgp_4node.py::TestBGPConfed::test_confed_route_distribution_with_rmap init end
2024-01-01 22:40:58.460343 = Framework Function Hook end
2024-01-01 22:41:29.193003 = function routing/BGP/test_bgp_4node.py::TestBGPConfed::test_confed_route_distribution_with_rmap clean start
2024-01-01 22:41:29.245708 = Test Time (2024-01-01 22:40:50.541120 - 2024-01-01 22:41:29.245698) Published
2024-01-01 22:41:29.251791 = function routing/BGP/test_bgp_4node.py::TestBGPConfed::test_confed_route_distribution_with_rmap clean end
2024-01-01 22:41:29.252188 = Framework Function Hook Finalize
2024-01-01 22:41:35.596879 = User Class routing/BGP/test_bgp_4node.py Hook Finalize
2024-01-01 22:41:35.612432 = User Class routing/BGP/test_bgp_4node.py Hook Finalize
2024-01-01 22:41:35.628859 = User Class routing/BGP/test_bgp_4node.py Hook Finalize
2024-01-01 22:41:35.629958 = Framework Function Hook Start
2024-01-01 22:41:35.630433 = function routing/BGP/test_bgp_4node.py::test_ft_bgp_ibgp_RR_Loop init start
2024-01-01 22:41:43.630434 = function routing/BGP/test_bgp_4node.py::test_ft_bgp_ibgp_RR_Loop init end
2024-01-01 22:41:43.631089 = Framework Function Hook end
2024-01-01 22:41:43.631521 = User Function routing/BGP/test_bgp_4node.py::test_ft_bgp_ibgp_RR_Loop Hook Start
2024-01-01 22:41:43.649675 = User Function routing/BGP/test_bgp_4node.py::test_ft_bgp_ibgp_RR_Loop Hook end
2024-01-01 22:42:14.579686 = User Function routing/BGP/test_bgp_4node.py::test_ft_bgp_ibgp_RR_Loop Hook Finalize
2024-01-01 22:42:14.580143 = function routing/BGP/test_bgp_4node.py::test_ft_bgp_ibgp_RR_Loop clean start
2024-01-01 22:42:14.644482 = Test Time (2024-01-01 22:41:35.630518 - 2024-01-01 22:42:14.644474) Published
2024-01-01 22:42:14.649560 = function routing/BGP/test_bgp_4node.py::test_ft_bgp_ibgp_RR_Loop clean end
2024-01-01 22:42:14.649864 = Framework Function Hook Finalize
2024-01-01 22:42:14.650764 = Framework Function Hook Start
2024-01-01 22:42:14.651157 = function routing/BGP/test_bgp_4node.py::test_ft_bgp_ebgp_community_map init start
2024-01-01 22:42:21.805570 = function routing/BGP/test_bgp_4node.py::test_ft_bgp_ebgp_community_map init end
2024-01-01 22:42:21.806066 = Framework Function Hook end
2024-01-01 22:42:21.806453 = User Function routing/BGP/test_bgp_4node.py::test_ft_bgp_ebgp_community_map Hook Start
2024-01-01 22:42:21.825543 = User Function routing/BGP/test_bgp_4node.py::test_ft_bgp_ebgp_community_map Hook end
2024-01-01 22:46:33.878292 = User Function routing/BGP/test_bgp_4node.py::test_ft_bgp_ebgp_community_map Hook Finalize
2024-01-01 22:46:33.878500 = function routing/BGP/test_bgp_4node.py::test_ft_bgp_ebgp_community_map clean start
2024-01-01 22:46:33.928297 = Test Time (2024-01-01 22:42:14.651218 - 2024-01-01 22:46:33.928287) Published
2024-01-01 22:46:33.933635 = function routing/BGP/test_bgp_4node.py::test_ft_bgp_ebgp_community_map clean end
2024-01-01 22:46:33.933908 = Framework Function Hook Finalize
2024-01-01 22:47:08.449691 = User Module routing/BGP/test_bgp_4node.py Hook Finalize
2024-01-01 22:47:08.450175 = module test_bgp_4node.py clean start
2024-01-01 22:47:36.187505 = report file generation start
2024-01-01 22:47:36.279938 = report file generation end
2024-01-01 22:47:36.285063 = module test_bgp_4node.py clean end
2024-01-01 22:47:36.285525 = Framework Module Hook Finalize
2024-01-01 22:47:36.367562 = Framework Module Hook Start
2024-01-01 22:47:38.033122 = module test_spytest_infra_1.py init start
2024-01-01 22:49:09.236960 = module test_spytest_infra_1.py init end
2024-01-01 22:49:09.237256 = Framework Module Hook end
2024-01-01 22:49:09.237579 = Framework Function Hook Start
2024-01-01 22:49:13.536817 = function batch/test_spytest_infra_1.py::test_spytest_infra_last init start
2024-01-01 22:49:19.864061 = function batch/test_spytest_infra_1.py::test_spytest_infra_last init end
2024-01-01 22:49:19.865197 = Framework Function Hook end
2024-01-01 22:49:19.866735 = Module Config Time (2024-01-01 22:47:36.367691 - 2024-01-01 22:49:09.237656) Published
2024-01-01 22:49:19.870443 = function batch/test_spytest_infra_1.py::test_spytest_infra_last clean start
2024-01-01 22:49:19.900046 = Test Time (2024-01-01 22:49:13.537100 - 2024-01-01 22:49:19.900040) Published
2024-01-01 22:49:19.905016 = function batch/test_spytest_infra_1.py::test_spytest_infra_last clean end
2024-01-01 22:49:19.905267 = Framework Function Hook Finalize
2024-01-01 22:49:19.905401 = module test_spytest_infra_1.py clean start
2024-01-01 22:49:22.447627 = report file generation start
2024-01-01 22:49:22.539925 = report file generation end
2024-01-01 22:49:22.544990 = module test_spytest_infra_1.py clean end
2024-01-01 22:49:22.545383 = Framework Module Hook Finalize
2024-01-01 22:49:22.545795 = session clean start
2024-01-01 22:49:22.581624 = report file generation start
2024-01-01 22:49:22.677810 = report file generation end
2024-01-01 22:49:23.502444 = session clean end
