2023-12-28 22:32:43,977 T0052: WARN  #### gw1  
2023-12-28 22:32:43,977 T0052: WARN  support post-session-prolog session pass ''
2023-12-28 22:32:43,980 T0053: WARN  #### gw1  
2023-12-28 22:32:43,980 T0053: WARN  support post-session-prolog session pass ''
2023-12-28 22:32:43,982 T0054: WARN  #### gw1  
2023-12-28 22:32:43,983 T0054: WARN  support post-session-prolog session pass ''
2023-12-28 22:32:43,987 T0055: WARN  #### gw1  
2023-12-28 22:32:43,987 T0055: WARN  support post-session-prolog session pass ''
2023-12-28 22:33:37,912 T0156: INFO  #### gw1  
2023-12-28 22:33:37,912 T0156: INFO  support pre-module-prolog routing/BGP/test_bgp_4node.py  ''
2023-12-28 22:33:37,914 T0157: INFO  #### gw1  
2023-12-28 22:33:37,914 T0157: INFO  support pre-module-prolog routing/BGP/test_bgp_4node.py  ''
2023-12-28 22:33:37,918 T0158: INFO  #### gw1  
2023-12-28 22:33:37,918 T0158: INFO  support pre-module-prolog routing/BGP/test_bgp_4node.py  ''
2023-12-28 22:33:37,925 T0159: INFO  #### gw1  
2023-12-28 22:33:37,925 T0159: INFO  support pre-module-prolog routing/BGP/test_bgp_4node.py  ''
2023-12-28 22:35:13,597 T0204: INFO  #### gw1  routing/BGP/test_bgp_4node.py
2023-12-28 22:35:13,597 T0204: INFO  support post-class-prolog routing/BGP/test_bgp_4node.py Pass ''
2023-12-28 22:35:13,598 T0205: INFO  #### gw1  routing/BGP/test_bgp_4node.py
2023-12-28 22:35:13,599 T0205: INFO  support post-class-prolog routing/BGP/test_bgp_4node.py Pass ''
2023-12-28 22:35:13,600 T0206: INFO  #### gw1  routing/BGP/test_bgp_4node.py
2023-12-28 22:35:13,600 T0206: INFO  support post-class-prolog routing/BGP/test_bgp_4node.py Pass ''
2023-12-28 22:35:13,602 T0207: INFO  #### gw1  routing/BGP/test_bgp_4node.py
2023-12-28 22:35:13,602 T0207: INFO  support post-class-prolog routing/BGP/test_bgp_4node.py Pass ''
2023-12-28 22:35:13,618 T0208: INFO  #### gw1  routing/BGP/test_bgp_4node.py
2023-12-28 22:35:13,618 T0208: INFO  support post-module-prolog routing/BGP/test_bgp_4node.py Pass ''
2023-12-28 22:35:13,620 T0209: INFO  #### gw1  routing/BGP/test_bgp_4node.py
2023-12-28 22:35:13,621 T0209: INFO  support post-module-prolog routing/BGP/test_bgp_4node.py Pass ''
2023-12-28 22:35:13,623 T0210: INFO  #### gw1  routing/BGP/test_bgp_4node.py
2023-12-28 22:35:13,623 T0210: INFO  support post-module-prolog routing/BGP/test_bgp_4node.py Pass ''
2023-12-28 22:35:13,628 T0211: INFO  #### gw1  routing/BGP/test_bgp_4node.py
2023-12-28 22:35:13,628 T0211: INFO  support post-module-prolog routing/BGP/test_bgp_4node.py Pass ''
2023-12-28 22:35:48,312 T0257: INFO  #### gw1  routing/BGP/test_bgp_4node.py
2023-12-28 22:35:48,312 T0257: INFO  support pre-function-prolog TestBGPConfed.test_ipv6_confed_route_distribution  ''
2023-12-28 22:35:48,316 T0258: INFO  #### gw1  routing/BGP/test_bgp_4node.py
2023-12-28 22:35:48,317 T0258: INFO  support pre-function-prolog TestBGPConfed.test_ipv6_confed_route_distribution  ''
2023-12-28 22:35:48,319 T0259: INFO  #### gw1  routing/BGP/test_bgp_4node.py
2023-12-28 22:35:48,320 T0259: INFO  support pre-function-prolog TestBGPConfed.test_ipv6_confed_route_distribution  ''
2023-12-28 22:35:48,322 T0260: INFO  #### gw1  routing/BGP/test_bgp_4node.py
2023-12-28 22:35:48,322 T0260: INFO  support pre-function-prolog TestBGPConfed.test_ipv6_confed_route_distribution  ''
2023-12-28 22:36:03,531 T0261: INFO  #### gw1  routing/BGP/test_bgp_4node.py::TestBGPConfed::test_ipv6_confed_route_distribution
2023-12-28 22:36:03,531 T0261: INFO  support pre-function-epilog TestBGPConfed.test_ipv6_confed_route_distribution Pass 'Test case passed'
2023-12-28 22:36:03,533 T0262: INFO  #### gw1  routing/BGP/test_bgp_4node.py::TestBGPConfed::test_ipv6_confed_route_distribution
2023-12-28 22:36:03,533 T0262: INFO  support pre-function-epilog TestBGPConfed.test_ipv6_confed_route_distribution Pass 'Test case passed'
2023-12-28 22:36:03,535 T0263: INFO  #### gw1  routing/BGP/test_bgp_4node.py::TestBGPConfed::test_ipv6_confed_route_distribution
2023-12-28 22:36:03,535 T0263: INFO  support pre-function-epilog TestBGPConfed.test_ipv6_confed_route_distribution Pass 'Test case passed'
2023-12-28 22:36:03,536 T0264: INFO  #### gw1  routing/BGP/test_bgp_4node.py::TestBGPConfed::test_ipv6_confed_route_distribution
2023-12-28 22:36:03,537 T0264: INFO  support pre-function-epilog TestBGPConfed.test_ipv6_confed_route_distribution Pass 'Test case passed'
2023-12-28 22:36:03,548 T0265: INFO  #### gw1  routing/BGP/test_bgp_4node.py::TestBGPConfed::test_ipv6_confed_route_distribution
2023-12-28 22:36:03,549 T0265: INFO  support post-function-epilog TestBGPConfed.test_ipv6_confed_route_distribution Pass 'Test case passed'
2023-12-28 22:36:03,550 T0266: INFO  #### gw1  routing/BGP/test_bgp_4node.py::TestBGPConfed::test_ipv6_confed_route_distribution
2023-12-28 22:36:03,551 T0266: INFO  support post-function-epilog TestBGPConfed.test_ipv6_confed_route_distribution Pass 'Test case passed'
2023-12-28 22:36:03,552 T0267: INFO  #### gw1  routing/BGP/test_bgp_4node.py::TestBGPConfed::test_ipv6_confed_route_distribution
2023-12-28 22:36:03,553 T0267: INFO  support post-function-epilog TestBGPConfed.test_ipv6_confed_route_distribution Pass 'Test case passed'
2023-12-28 22:36:03,554 T0268: INFO  #### gw1  routing/BGP/test_bgp_4node.py::TestBGPConfed::test_ipv6_confed_route_distribution
2023-12-28 22:36:03,554 T0268: INFO  support post-function-epilog TestBGPConfed.test_ipv6_confed_route_distribution Pass 'Test case passed'
2023-12-28 22:36:10,828 T0278: INFO  #### gw1  routing/BGP/test_bgp_4node.py
2023-12-28 22:36:10,829 T0278: INFO  support pre-function-prolog TestBGPConfed.test_ipv6_confed_with_rr  ''
2023-12-28 22:36:10,832 T0279: INFO  #### gw1  routing/BGP/test_bgp_4node.py
2023-12-28 22:36:10,833 T0279: INFO  support pre-function-prolog TestBGPConfed.test_ipv6_confed_with_rr  ''
2023-12-28 22:36:10,834 T0280: INFO  #### gw1  routing/BGP/test_bgp_4node.py
2023-12-28 22:36:10,835 T0280: INFO  support pre-function-prolog TestBGPConfed.test_ipv6_confed_with_rr  ''
2023-12-28 22:36:10,836 T0281: INFO  #### gw1  routing/BGP/test_bgp_4node.py
2023-12-28 22:36:10,837 T0281: INFO  support pre-function-prolog TestBGPConfed.test_ipv6_confed_with_rr  ''
2023-12-28 22:36:50,500 T0282: INFO  #### gw1  routing/BGP/test_bgp_4node.py::TestBGPConfed::test_ipv6_confed_with_rr
2023-12-28 22:36:50,501 T0282: INFO  support pre-function-epilog TestBGPConfed.test_ipv6_confed_with_rr Pass 'Test case passed'
2023-12-28 22:36:50,502 T0283: INFO  #### gw1  routing/BGP/test_bgp_4node.py::TestBGPConfed::test_ipv6_confed_with_rr
2023-12-28 22:36:50,503 T0283: INFO  support pre-function-epilog TestBGPConfed.test_ipv6_confed_with_rr Pass 'Test case passed'
2023-12-28 22:36:50,504 T0284: INFO  #### gw1  routing/BGP/test_bgp_4node.py::TestBGPConfed::test_ipv6_confed_with_rr
2023-12-28 22:36:50,504 T0284: INFO  support pre-function-epilog TestBGPConfed.test_ipv6_confed_with_rr Pass 'Test case passed'
2023-12-28 22:36:50,506 T0285: INFO  #### gw1  routing/BGP/test_bgp_4node.py::TestBGPConfed::test_ipv6_confed_with_rr
2023-12-28 22:36:50,506 T0285: INFO  support pre-function-epilog TestBGPConfed.test_ipv6_confed_with_rr Pass 'Test case passed'
2023-12-28 22:36:50,518 T0286: INFO  #### gw1  routing/BGP/test_bgp_4node.py::TestBGPConfed::test_ipv6_confed_with_rr
2023-12-28 22:36:50,518 T0286: INFO  support post-function-epilog TestBGPConfed.test_ipv6_confed_with_rr Pass 'Test case passed'
2023-12-28 22:36:50,519 T0287: INFO  #### gw1  routing/BGP/test_bgp_4node.py::TestBGPConfed::test_ipv6_confed_with_rr
2023-12-28 22:36:50,520 T0287: INFO  support post-function-epilog TestBGPConfed.test_ipv6_confed_with_rr Pass 'Test case passed'
2023-12-28 22:36:50,521 T0288: INFO  #### gw1  routing/BGP/test_bgp_4node.py::TestBGPConfed::test_ipv6_confed_with_rr
2023-12-28 22:36:50,522 T0288: INFO  support post-function-epilog TestBGPConfed.test_ipv6_confed_with_rr Pass 'Test case passed'
2023-12-28 22:36:50,523 T0289: INFO  #### gw1  routing/BGP/test_bgp_4node.py::TestBGPConfed::test_ipv6_confed_with_rr
2023-12-28 22:36:50,524 T0289: INFO  support post-function-epilog TestBGPConfed.test_ipv6_confed_with_rr Pass 'Test case passed'
2023-12-28 22:36:57,879 T0299: INFO  #### gw1  routing/BGP/test_bgp_4node.py
2023-12-28 22:36:57,879 T0299: INFO  support pre-function-prolog TestBGPConfed.test_confed_route_distribution_with_rmap  ''
2023-12-28 22:36:57,883 T0300: INFO  #### gw1  routing/BGP/test_bgp_4node.py
2023-12-28 22:36:57,884 T0300: INFO  support pre-function-prolog TestBGPConfed.test_confed_route_distribution_with_rmap  ''
2023-12-28 22:36:57,887 T0301: INFO  #### gw1  routing/BGP/test_bgp_4node.py
2023-12-28 22:36:57,888 T0301: INFO  support pre-function-prolog TestBGPConfed.test_confed_route_distribution_with_rmap  ''
2023-12-28 22:36:57,890 T0302: INFO  #### gw1  routing/BGP/test_bgp_4node.py
2023-12-28 22:36:57,890 T0302: INFO  support pre-function-prolog TestBGPConfed.test_confed_route_distribution_with_rmap  ''
2023-12-28 22:37:30,792 T0303: INFO  #### gw1  routing/BGP/test_bgp_4node.py::TestBGPConfed::test_confed_route_distribution_with_rmap
2023-12-28 22:37:30,792 T0303: INFO  support pre-function-epilog TestBGPConfed.test_confed_route_distribution_with_rmap Pass 'Test case passed'
2023-12-28 22:37:30,793 T0304: INFO  #### gw1  routing/BGP/test_bgp_4node.py::TestBGPConfed::test_confed_route_distribution_with_rmap
2023-12-28 22:37:30,794 T0304: INFO  support pre-function-epilog TestBGPConfed.test_confed_route_distribution_with_rmap Pass 'Test case passed'
2023-12-28 22:37:30,795 T0305: INFO  #### gw1  routing/BGP/test_bgp_4node.py::TestBGPConfed::test_confed_route_distribution_with_rmap
2023-12-28 22:37:30,795 T0305: INFO  support pre-function-epilog TestBGPConfed.test_confed_route_distribution_with_rmap Pass 'Test case passed'
2023-12-28 22:37:30,797 T0306: INFO  #### gw1  routing/BGP/test_bgp_4node.py::TestBGPConfed::test_confed_route_distribution_with_rmap
2023-12-28 22:37:30,797 T0306: INFO  support pre-function-epilog TestBGPConfed.test_confed_route_distribution_with_rmap Pass 'Test case passed'
2023-12-28 22:37:30,808 T0307: INFO  #### gw1  routing/BGP/test_bgp_4node.py::TestBGPConfed::test_confed_route_distribution_with_rmap
2023-12-28 22:37:30,809 T0307: INFO  support post-function-epilog TestBGPConfed.test_confed_route_distribution_with_rmap Pass 'Test case passed'
2023-12-28 22:37:30,811 T0308: INFO  #### gw1  routing/BGP/test_bgp_4node.py::TestBGPConfed::test_confed_route_distribution_with_rmap
2023-12-28 22:37:30,811 T0308: INFO  support post-function-epilog TestBGPConfed.test_confed_route_distribution_with_rmap Pass 'Test case passed'
2023-12-28 22:37:30,813 T0309: INFO  #### gw1  routing/BGP/test_bgp_4node.py::TestBGPConfed::test_confed_route_distribution_with_rmap
2023-12-28 22:37:30,814 T0309: INFO  support post-function-epilog TestBGPConfed.test_confed_route_distribution_with_rmap Pass 'Test case passed'
2023-12-28 22:37:30,815 T0310: INFO  #### gw1  routing/BGP/test_bgp_4node.py::TestBGPConfed::test_confed_route_distribution_with_rmap
2023-12-28 22:37:30,815 T0310: INFO  support post-function-epilog TestBGPConfed.test_confed_route_distribution_with_rmap Pass 'Test case passed'
2023-12-28 22:37:37,599 T0311: WARN  #### gw1  routing/BGP/test_bgp_4node.py::TestBGPConfed::test_confed_route_distribution_with_rmap
2023-12-28 22:37:37,599 T0311: WARN  support post-class-epilog routing/BGP/test_bgp_4node.py pass ''
2023-12-28 22:37:37,601 T0312: WARN  #### gw1  routing/BGP/test_bgp_4node.py::TestBGPConfed::test_confed_route_distribution_with_rmap
2023-12-28 22:37:37,601 T0312: WARN  support post-class-epilog routing/BGP/test_bgp_4node.py pass ''
2023-12-28 22:37:37,603 T0313: WARN  #### gw1  routing/BGP/test_bgp_4node.py::TestBGPConfed::test_confed_route_distribution_with_rmap
2023-12-28 22:37:37,603 T0313: WARN  support post-class-epilog routing/BGP/test_bgp_4node.py pass ''
2023-12-28 22:37:37,605 T0314: WARN  #### gw1  routing/BGP/test_bgp_4node.py::TestBGPConfed::test_confed_route_distribution_with_rmap
2023-12-28 22:37:37,605 T0314: WARN  support post-class-epilog routing/BGP/test_bgp_4node.py pass ''
2023-12-28 22:37:37,617 T0315: WARN  #### gw1  routing/BGP/test_bgp_4node.py::TestBGPConfed::test_confed_route_distribution_with_rmap
2023-12-28 22:37:37,618 T0315: WARN  support post-class-epilog routing/BGP/test_bgp_4node.py pass ''
2023-12-28 22:37:37,619 T0316: WARN  #### gw1  routing/BGP/test_bgp_4node.py::TestBGPConfed::test_confed_route_distribution_with_rmap
2023-12-28 22:37:37,620 T0316: WARN  support post-class-epilog routing/BGP/test_bgp_4node.py pass ''
2023-12-28 22:37:37,622 T0317: WARN  #### gw1  routing/BGP/test_bgp_4node.py::TestBGPConfed::test_confed_route_distribution_with_rmap
2023-12-28 22:37:37,622 T0317: WARN  support post-class-epilog routing/BGP/test_bgp_4node.py pass ''
2023-12-28 22:37:37,624 T0318: WARN  #### gw1  routing/BGP/test_bgp_4node.py::TestBGPConfed::test_confed_route_distribution_with_rmap
2023-12-28 22:37:37,624 T0318: WARN  support post-class-epilog routing/BGP/test_bgp_4node.py pass ''
2023-12-28 22:37:37,634 T0319: WARN  #### gw1  routing/BGP/test_bgp_4node.py::TestBGPConfed::test_confed_route_distribution_with_rmap
2023-12-28 22:37:37,634 T0319: WARN  support post-class-epilog routing/BGP/test_bgp_4node.py pass ''
2023-12-28 22:37:37,637 T0320: WARN  #### gw1  routing/BGP/test_bgp_4node.py::TestBGPConfed::test_confed_route_distribution_with_rmap
2023-12-28 22:37:37,637 T0320: WARN  support post-class-epilog routing/BGP/test_bgp_4node.py pass ''
2023-12-28 22:37:37,639 T0321: WARN  #### gw1  routing/BGP/test_bgp_4node.py::TestBGPConfed::test_confed_route_distribution_with_rmap
2023-12-28 22:37:37,639 T0321: WARN  support post-class-epilog routing/BGP/test_bgp_4node.py pass ''
2023-12-28 22:37:37,641 T0322: WARN  #### gw1  routing/BGP/test_bgp_4node.py::TestBGPConfed::test_confed_route_distribution_with_rmap
2023-12-28 22:37:37,642 T0322: WARN  support post-class-epilog routing/BGP/test_bgp_4node.py pass ''
2023-12-28 22:37:44,677 T0332: INFO  #### gw1  routing/BGP/test_bgp_4node.py
2023-12-28 22:37:44,677 T0332: INFO  support pre-function-prolog test_ft_bgp_ibgp_RR_Loop  ''
2023-12-28 22:37:44,681 T0333: INFO  #### gw1  routing/BGP/test_bgp_4node.py
2023-12-28 22:37:44,682 T0333: INFO  support pre-function-prolog test_ft_bgp_ibgp_RR_Loop  ''
2023-12-28 22:37:44,685 T0334: INFO  #### gw1  routing/BGP/test_bgp_4node.py
2023-12-28 22:37:44,686 T0334: INFO  support pre-function-prolog test_ft_bgp_ibgp_RR_Loop  ''
2023-12-28 22:37:44,688 T0335: INFO  #### gw1  routing/BGP/test_bgp_4node.py
2023-12-28 22:37:44,688 T0335: INFO  support pre-function-prolog test_ft_bgp_ibgp_RR_Loop  ''
2023-12-28 22:37:44,701 T0336: INFO  #### gw1  routing/BGP/test_bgp_4node.py::test_ft_bgp_ibgp_RR_Loop
2023-12-28 22:37:44,702 T0336: INFO  support post-function-prolog test_ft_bgp_ibgp_RR_Loop Pass ''
2023-12-28 22:37:44,704 T0337: INFO  #### gw1  routing/BGP/test_bgp_4node.py::test_ft_bgp_ibgp_RR_Loop
2023-12-28 22:37:44,704 T0337: INFO  support post-function-prolog test_ft_bgp_ibgp_RR_Loop Pass ''
2023-12-28 22:37:44,706 T0338: INFO  #### gw1  routing/BGP/test_bgp_4node.py::test_ft_bgp_ibgp_RR_Loop
2023-12-28 22:37:44,706 T0338: INFO  support post-function-prolog test_ft_bgp_ibgp_RR_Loop Pass ''
2023-12-28 22:37:44,708 T0339: INFO  #### gw1  routing/BGP/test_bgp_4node.py::test_ft_bgp_ibgp_RR_Loop
2023-12-28 22:37:44,709 T0339: INFO  support post-function-prolog test_ft_bgp_ibgp_RR_Loop Pass ''
2023-12-28 22:38:11,061 T0357: INFO  #### gw1  routing/BGP/test_bgp_4node.py::test_ft_bgp_ibgp_RR_Loop
2023-12-28 22:38:11,062 T0357: INFO  support pre-function-epilog test_ft_bgp_ibgp_RR_Loop Pass 'Test case passed'
2023-12-28 22:38:11,063 T0358: INFO  #### gw1  routing/BGP/test_bgp_4node.py::test_ft_bgp_ibgp_RR_Loop
2023-12-28 22:38:11,064 T0358: INFO  support pre-function-epilog test_ft_bgp_ibgp_RR_Loop Pass 'Test case passed'
2023-12-28 22:38:11,065 T0359: INFO  #### gw1  routing/BGP/test_bgp_4node.py::test_ft_bgp_ibgp_RR_Loop
2023-12-28 22:38:11,065 T0359: INFO  support pre-function-epilog test_ft_bgp_ibgp_RR_Loop Pass 'Test case passed'
2023-12-28 22:38:11,067 T0360: INFO  #### gw1  routing/BGP/test_bgp_4node.py::test_ft_bgp_ibgp_RR_Loop
2023-12-28 22:38:11,067 T0360: INFO  support pre-function-epilog test_ft_bgp_ibgp_RR_Loop Pass 'Test case passed'
2023-12-28 22:38:14,438 T0366: INFO  #### gw1  routing/BGP/test_bgp_4node.py::test_ft_bgp_ibgp_RR_Loop
2023-12-28 22:38:14,439 T0366: INFO  support post-function-epilog test_ft_bgp_ibgp_RR_Loop Pass 'Test case passed'
2023-12-28 22:38:14,442 T0367: INFO  #### gw1  routing/BGP/test_bgp_4node.py::test_ft_bgp_ibgp_RR_Loop
2023-12-28 22:38:14,442 T0367: INFO  support post-function-epilog test_ft_bgp_ibgp_RR_Loop Pass 'Test case passed'
2023-12-28 22:38:14,446 T0368: INFO  #### gw1  routing/BGP/test_bgp_4node.py::test_ft_bgp_ibgp_RR_Loop
2023-12-28 22:38:14,446 T0368: INFO  support post-function-epilog test_ft_bgp_ibgp_RR_Loop Pass 'Test case passed'
2023-12-28 22:38:14,448 T0369: INFO  #### gw1  routing/BGP/test_bgp_4node.py::test_ft_bgp_ibgp_RR_Loop
2023-12-28 22:38:14,448 T0369: INFO  support post-function-epilog test_ft_bgp_ibgp_RR_Loop Pass 'Test case passed'
2023-12-28 22:38:21,543 T0379: INFO  #### gw1  routing/BGP/test_bgp_4node.py
2023-12-28 22:38:21,544 T0379: INFO  support pre-function-prolog test_ft_bgp_ebgp_community_map  ''
2023-12-28 22:38:21,547 T0380: INFO  #### gw1  routing/BGP/test_bgp_4node.py
2023-12-28 22:38:21,547 T0380: INFO  support pre-function-prolog test_ft_bgp_ebgp_community_map  ''
2023-12-28 22:38:21,551 T0381: INFO  #### gw1  routing/BGP/test_bgp_4node.py
2023-12-28 22:38:21,552 T0381: INFO  support pre-function-prolog test_ft_bgp_ebgp_community_map  ''
2023-12-28 22:38:21,555 T0382: INFO  #### gw1  routing/BGP/test_bgp_4node.py
2023-12-28 22:38:21,555 T0382: INFO  support pre-function-prolog test_ft_bgp_ebgp_community_map  ''
2023-12-28 22:38:21,568 T0383: INFO  #### gw1  routing/BGP/test_bgp_4node.py::test_ft_bgp_ebgp_community_map
2023-12-28 22:38:21,568 T0383: INFO  support post-function-prolog test_ft_bgp_ebgp_community_map Pass ''
2023-12-28 22:38:21,570 T0384: INFO  #### gw1  routing/BGP/test_bgp_4node.py::test_ft_bgp_ebgp_community_map
2023-12-28 22:38:21,571 T0384: INFO  support post-function-prolog test_ft_bgp_ebgp_community_map Pass ''
2023-12-28 22:38:21,572 T0385: INFO  #### gw1  routing/BGP/test_bgp_4node.py::test_ft_bgp_ebgp_community_map
2023-12-28 22:38:21,573 T0385: INFO  support post-function-prolog test_ft_bgp_ebgp_community_map Pass ''
2023-12-28 22:38:21,575 T0386: INFO  #### gw1  routing/BGP/test_bgp_4node.py::test_ft_bgp_ebgp_community_map
2023-12-28 22:38:21,575 T0386: INFO  support post-function-prolog test_ft_bgp_ebgp_community_map Pass ''
2023-12-28 22:42:23,977 T0399: INFO  #### gw1  routing/BGP/test_bgp_4node.py::test_ft_bgp_ebgp_community_map
2023-12-28 22:42:23,977 T0399: INFO  support pre-function-epilog test_ft_bgp_ebgp_community_map Pass 'Test case passed'
2023-12-28 22:42:23,979 T0400: INFO  #### gw1  routing/BGP/test_bgp_4node.py::test_ft_bgp_ebgp_community_map
2023-12-28 22:42:23,979 T0400: INFO  support pre-function-epilog test_ft_bgp_ebgp_community_map Pass 'Test case passed'
2023-12-28 22:42:23,981 T0401: INFO  #### gw1  routing/BGP/test_bgp_4node.py::test_ft_bgp_ebgp_community_map
2023-12-28 22:42:23,981 T0401: INFO  support pre-function-epilog test_ft_bgp_ebgp_community_map Pass 'Test case passed'
2023-12-28 22:42:23,983 T0402: INFO  #### gw1  routing/BGP/test_bgp_4node.py::test_ft_bgp_ebgp_community_map
2023-12-28 22:42:23,983 T0402: INFO  support pre-function-epilog test_ft_bgp_ebgp_community_map Pass 'Test case passed'
2023-12-28 22:42:32,663 T0409: INFO  #### gw1  routing/BGP/test_bgp_4node.py::test_ft_bgp_ebgp_community_map
2023-12-28 22:42:32,663 T0409: INFO  support post-function-epilog test_ft_bgp_ebgp_community_map Pass 'Test case passed'
2023-12-28 22:42:32,664 T0410: INFO  #### gw1  routing/BGP/test_bgp_4node.py::test_ft_bgp_ebgp_community_map
2023-12-28 22:42:32,665 T0410: INFO  support post-function-epilog test_ft_bgp_ebgp_community_map Pass 'Test case passed'
2023-12-28 22:42:32,666 T0411: INFO  #### gw1  routing/BGP/test_bgp_4node.py::test_ft_bgp_ebgp_community_map
2023-12-28 22:42:32,666 T0411: INFO  support post-function-epilog test_ft_bgp_ebgp_community_map Pass 'Test case passed'
2023-12-28 22:42:32,668 T0412: INFO  #### gw1  routing/BGP/test_bgp_4node.py::test_ft_bgp_ebgp_community_map
2023-12-28 22:42:32,668 T0412: INFO  support post-function-epilog test_ft_bgp_ebgp_community_map Pass 'Test case passed'
2023-12-28 22:42:32,719 T0413: WARN  #### gw1  routing/BGP/test_bgp_4node.py::test_ft_bgp_ebgp_community_map
2023-12-28 22:42:32,719 T0413: WARN  support pre-module-epilog routing/BGP/test_bgp_4node.py pass ''
2023-12-28 22:42:32,721 T0414: WARN  #### gw1  routing/BGP/test_bgp_4node.py::test_ft_bgp_ebgp_community_map
2023-12-28 22:42:32,721 T0414: WARN  support pre-module-epilog routing/BGP/test_bgp_4node.py pass ''
2023-12-28 22:42:32,724 T0415: WARN  #### gw1  routing/BGP/test_bgp_4node.py::test_ft_bgp_ebgp_community_map
2023-12-28 22:42:32,725 T0415: WARN  support pre-module-epilog routing/BGP/test_bgp_4node.py pass ''
2023-12-28 22:42:32,728 T0416: WARN  #### gw1  routing/BGP/test_bgp_4node.py::test_ft_bgp_ebgp_community_map
2023-12-28 22:42:32,728 T0416: WARN  support pre-module-epilog routing/BGP/test_bgp_4node.py pass ''
2023-12-28 22:43:07,579 T0461: WARN  #### gw1  routing/BGP/test_bgp_4node.py::test_ft_bgp_ebgp_community_map
2023-12-28 22:43:07,580 T0461: WARN  support post-module-epilog routing/BGP/test_bgp_4node.py pass ''
2023-12-28 22:43:07,582 T0462: WARN  #### gw1  routing/BGP/test_bgp_4node.py::test_ft_bgp_ebgp_community_map
2023-12-28 22:43:07,583 T0462: WARN  support post-module-epilog routing/BGP/test_bgp_4node.py pass ''
2023-12-28 22:43:07,585 T0463: WARN  #### gw1  routing/BGP/test_bgp_4node.py::test_ft_bgp_ebgp_community_map
2023-12-28 22:43:07,585 T0463: WARN  support post-module-epilog routing/BGP/test_bgp_4node.py pass ''
2023-12-28 22:43:07,587 T0464: WARN  #### gw1  routing/BGP/test_bgp_4node.py::test_ft_bgp_ebgp_community_map
2023-12-28 22:43:07,588 T0464: WARN  support post-module-epilog routing/BGP/test_bgp_4node.py pass ''
2023-12-28 22:44:59,020 T0549: WARN  #### gw1  batch/test_spytest_infra_1.py::test_spytest_infra_last
2023-12-28 22:44:59,020 T0549: WARN  support session-epilog session pass ''
2023-12-28 22:44:59,022 T0550: WARN  #### gw1  batch/test_spytest_infra_1.py::test_spytest_infra_last
2023-12-28 22:44:59,022 T0550: WARN  support session-epilog session pass ''
2023-12-28 22:44:59,024 T0551: WARN  #### gw1  batch/test_spytest_infra_1.py::test_spytest_infra_last
2023-12-28 22:44:59,024 T0551: WARN  support session-epilog session pass ''
2023-12-28 22:44:59,027 T0552: WARN  #### gw1  batch/test_spytest_infra_1.py::test_spytest_infra_last
2023-12-28 22:44:59,027 T0552: WARN  support session-epilog session pass ''
