2024-01-02 00:28:13,969 T0000: WARN  #### gw4  
2024-01-02 00:28:13,969 T0000: WARN  support post-session-prolog session pass ''
2024-01-02 00:29:04,117 T0000: INFO  #### gw4  
2024-01-02 00:29:04,117 T0000: INFO  support pre-module-prolog qos/test_qos_save_reboot.py  ''
2024-01-02 00:32:02,906 T0000: INFO  #### gw4  qos/test_qos_save_reboot.py
2024-01-02 00:32:02,906 T0000: INFO  support post-module-prolog qos/test_qos_save_reboot.py Pass ''
2024-01-02 00:32:36,252 T0000: INFO  #### gw4  qos/test_qos_save_reboot.py
2024-01-02 00:32:36,252 T0000: INFO  support pre-function-prolog test_ft_qos_config_mgmt_verifying_config_with_save_reboot  ''
2024-01-02 00:32:36,265 T0000: INFO  #### gw4  qos/test_qos_save_reboot.py::test_ft_qos_config_mgmt_verifying_config_with_save_reboot
2024-01-02 00:32:36,265 T0000: INFO  support post-function-prolog test_ft_qos_config_mgmt_verifying_config_with_save_reboot Pass ''
2024-01-02 00:40:19,843 T0000: INFO  #### gw4  qos/test_qos_save_reboot.py::test_ft_qos_config_mgmt_verifying_config_with_save_reboot
2024-01-02 00:40:19,843 T0000: INFO  support pre-function-epilog test_ft_qos_config_mgmt_verifying_config_with_save_reboot Pass 'Test case passed'
2024-01-02 00:40:19,849 T0000: INFO  #### gw4  qos/test_qos_save_reboot.py::test_ft_qos_config_mgmt_verifying_config_with_save_reboot
2024-01-02 00:40:19,849 T0000: INFO  support post-function-epilog test_ft_qos_config_mgmt_verifying_config_with_save_reboot Pass 'Test case passed'
2024-01-02 00:40:19,869 T0000: WARN  #### gw4  qos/test_qos_save_reboot.py::test_ft_qos_config_mgmt_verifying_config_with_save_reboot
2024-01-02 00:40:19,869 T0000: WARN  support pre-module-epilog qos/test_qos_save_reboot.py pass ''
2024-01-02 00:40:46,682 T0000: WARN  #### gw4  qos/test_qos_save_reboot.py::test_ft_qos_config_mgmt_verifying_config_with_save_reboot
2024-01-02 00:40:46,682 T0000: WARN  support post-module-epilog qos/test_qos_save_reboot.py pass ''
2024-01-02 00:42:46,491 T0000: WARN  #### gw4  batch/test_spytest_infra_1.py::test_spytest_infra_last
2024-01-02 00:42:46,491 T0000: WARN  support session-epilog session pass ''
