2024-01-03 02:48:58.659043 = START
2024-01-03 02:48:59.748095 = device connections start
2024-01-03 02:49:46.343409 = device connections finish
2024-01-03 02:49:46.347812 = session init start
2024-01-03 02:53:58.416815 = report file generation start
2024-01-03 02:53:58.506263 = report file generation end
2024-01-03 02:54:21.674177 = session init end
2024-01-03 02:54:21.677956 = Framework Module Hook Start
2024-01-03 02:54:22.511607 = module test_spytest_infra_1.py init start
2024-01-03 02:54:26.452447 = module test_spytest_infra_1.py init end
2024-01-03 02:54:26.453082 = Framework Module Hook end
2024-01-03 02:54:26.453402 = Framework Function Hook Start
2024-01-03 02:54:29.514515 = function batch/test_spytest_infra_1.py::test_spytest_infra_first init start
2024-01-03 02:54:34.369556 = function batch/test_spytest_infra_1.py::test_spytest_infra_first init end
2024-01-03 02:54:34.372187 = Framework Function Hook end
2024-01-03 02:54:34.377095 = Module Config Time (2024-01-03 02:54:21.678023 - 2024-01-03 02:54:26.453482) Published
2024-01-03 02:54:34.380665 = function batch/test_spytest_infra_1.py::test_spytest_infra_first clean start
2024-01-03 02:54:34.394029 = Test Time (2024-01-03 02:54:29.514772 - 2024-01-03 02:54:34.394022) Published
2024-01-03 02:54:34.399560 = function batch/test_spytest_infra_1.py::test_spytest_infra_first clean end
2024-01-03 02:54:34.399830 = Framework Function Hook Finalize
2024-01-03 02:54:34.557221 = Framework Function Hook Start
2024-01-03 02:54:34.558341 = function batch/test_spytest_infra_1.py::test_spytest_infra_second init start
2024-01-03 02:54:39.391714 = function batch/test_spytest_infra_1.py::test_spytest_infra_second init end
2024-01-03 02:54:39.392762 = Framework Function Hook end
2024-01-03 02:54:39.396373 = function batch/test_spytest_infra_1.py::test_spytest_infra_second clean start
2024-01-03 02:54:39.415200 = Test Time (2024-01-03 02:54:34.558526 - 2024-01-03 02:54:39.415194) Published
2024-01-03 02:54:39.420191 = function batch/test_spytest_infra_1.py::test_spytest_infra_second clean end
2024-01-03 02:54:39.420510 = Framework Function Hook Finalize
2024-01-03 02:54:39.420667 = module test_spytest_infra_1.py clean start
2024-01-03 02:54:41.716306 = report file generation start
2024-01-03 02:54:41.806455 = report file generation end
2024-01-03 02:54:41.811447 = module test_spytest_infra_1.py clean end
2024-01-03 02:54:41.811854 = Framework Module Hook Finalize
2024-01-03 02:54:41.813955 = Framework Module Hook Start
2024-01-03 02:54:42.640568 = module test_portchannel.py init start
2024-01-03 02:55:09.772615 = module test_portchannel.py init end
2024-01-03 02:55:09.773253 = Framework Module Hook end
2024-01-03 02:55:09.773800 = User Module switching/test_portchannel.py Hook Start
2024-01-03 02:55:29.436921 = User Module switching/test_portchannel.py Hook end
2024-01-03 02:55:29.437787 = Framework Function Hook Start
2024-01-03 02:55:55.781262 = function switching/test_portchannel.py::test_ft_portchannel_with_vlan_variations init start
2024-01-03 02:56:00.649129 = function switching/test_portchannel.py::test_ft_portchannel_with_vlan_variations init end
2024-01-03 02:56:00.649743 = Framework Function Hook end
2024-01-03 02:56:00.650399 = User Function switching/test_portchannel.py::test_ft_portchannel_with_vlan_variations Hook Start
2024-01-03 02:56:04.825567 = User Function switching/test_portchannel.py::test_ft_portchannel_with_vlan_variations Hook end
2024-01-03 02:56:04.826629 = Module Config Time (2024-01-03 02:54:41.814016 - 2024-01-03 02:55:29.438033) Published
2024-01-03 02:57:47.501633 = User Function switching/test_portchannel.py::test_ft_portchannel_with_vlan_variations Hook Finalize
2024-01-03 02:57:47.502085 = function switching/test_portchannel.py::test_ft_portchannel_with_vlan_variations clean start
2024-01-03 02:57:47.544140 = Test Time (2024-01-03 02:55:55.781598 - 2024-01-03 02:57:47.544133) Published
2024-01-03 02:57:47.549156 = function switching/test_portchannel.py::test_ft_portchannel_with_vlan_variations clean end
2024-01-03 02:57:47.549446 = Framework Function Hook Finalize
2024-01-03 02:57:47.550376 = Framework Function Hook Start
2024-01-03 02:57:47.550758 = function switching/test_portchannel.py::test_ft_verify_min_links_functionality_by_flapping_all_member_ports_007 init start
2024-01-03 02:57:52.420110 = function switching/test_portchannel.py::test_ft_verify_min_links_functionality_by_flapping_all_member_ports_007 init end
2024-01-03 02:57:52.420503 = Framework Function Hook end
2024-01-03 02:57:52.420832 = User Function switching/test_portchannel.py::test_ft_verify_min_links_functionality_by_flapping_all_member_ports_007 Hook Start
2024-01-03 02:58:26.166472 = User Function switching/test_portchannel.py::test_ft_verify_min_links_functionality_by_flapping_all_member_ports_007 Hook end
2024-01-03 02:58:26.562766 = User Function switching/test_portchannel.py::test_ft_verify_min_links_functionality_by_flapping_all_member_ports_007 Hook Finalize
2024-01-03 02:58:26.562921 = function switching/test_portchannel.py::test_ft_verify_min_links_functionality_by_flapping_all_member_ports_007 clean start
2024-01-03 02:58:26.600081 = Test Time (2024-01-03 02:57:47.550820 - 2024-01-03 02:58:26.600072) Published
2024-01-03 02:58:26.604989 = function switching/test_portchannel.py::test_ft_verify_min_links_functionality_by_flapping_all_member_ports_007 clean end
2024-01-03 02:58:26.605296 = Framework Function Hook Finalize
2024-01-03 02:58:58.644219 = User Module switching/test_portchannel.py Hook Finalize
2024-01-03 02:58:58.644673 = module test_portchannel.py clean start
2024-01-03 02:59:24.218263 = report file generation start
2024-01-03 02:59:24.308954 = report file generation end
2024-01-03 02:59:24.314098 = module test_portchannel.py clean end
2024-01-03 02:59:24.314628 = Framework Module Hook Finalize
2024-01-03 02:59:24.483834 = Framework Module Hook Start
2024-01-03 02:59:25.319681 = module test_spytest_infra_1.py init start
2024-01-03 03:00:29.388423 = module test_spytest_infra_1.py init end
2024-01-03 03:00:29.389031 = Framework Module Hook end
2024-01-03 03:00:29.389362 = Framework Function Hook Start
2024-01-03 03:00:32.458228 = function batch/test_spytest_infra_1.py::test_spytest_infra_last init start
2024-01-03 03:00:37.382543 = function batch/test_spytest_infra_1.py::test_spytest_infra_last init end
2024-01-03 03:00:37.383589 = Framework Function Hook end
2024-01-03 03:00:37.385062 = Module Config Time (2024-01-03 02:59:24.484001 - 2024-01-03 03:00:29.389442) Published
2024-01-03 03:00:37.387586 = function batch/test_spytest_infra_1.py::test_spytest_infra_last clean start
2024-01-03 03:00:37.404523 = Test Time (2024-01-03 03:00:32.458514 - 2024-01-03 03:00:37.404516) Published
2024-01-03 03:00:37.409499 = function batch/test_spytest_infra_1.py::test_spytest_infra_last clean end
2024-01-03 03:00:37.409781 = Framework Function Hook Finalize
2024-01-03 03:00:37.409927 = module test_spytest_infra_1.py clean start
2024-01-03 03:00:39.688133 = report file generation start
2024-01-03 03:00:39.780428 = report file generation end
2024-01-03 03:00:39.785390 = module test_spytest_infra_1.py clean end
2024-01-03 03:00:39.785786 = Framework Module Hook Finalize
2024-01-03 03:00:39.788137 = Framework Module Hook Start
2024-01-03 03:00:40.616889 = module test_interface.py init start
2024-01-03 03:01:33.994380 = module test_interface.py init end
2024-01-03 03:01:33.994936 = Framework Module Hook end
2024-01-03 03:01:33.995394 = User Module system/test_interface.py Hook Start
2024-01-03 03:01:52.653926 = User Module system/test_interface.py Hook end
2024-01-03 03:01:52.654243 = Framework Function Hook Start
2024-01-03 03:02:18.901198 = function system/test_interface.py::test_ft_port_fn_verify_shut_noshut init start
2024-01-03 03:02:23.878033 = function system/test_interface.py::test_ft_port_fn_verify_shut_noshut init end
2024-01-03 03:02:23.878515 = Framework Function Hook end
2024-01-03 03:02:23.879042 = User Function system/test_interface.py::test_ft_port_fn_verify_shut_noshut Hook Start
2024-01-03 03:02:23.888081 = User Function system/test_interface.py::test_ft_port_fn_verify_shut_noshut Hook end
2024-01-03 03:02:23.889298 = Module Config Time (2024-01-03 03:00:39.788197 - 2024-01-03 03:01:52.654329) Published
2024-01-03 03:03:35.038702 = User Function system/test_interface.py::test_ft_port_fn_verify_shut_noshut Hook Finalize
2024-01-03 03:03:35.038886 = function system/test_interface.py::test_ft_port_fn_verify_shut_noshut clean start
2024-01-03 03:03:35.079127 = Test Time (2024-01-03 03:02:18.901486 - 2024-01-03 03:03:35.079119) Published
2024-01-03 03:03:35.084014 = function system/test_interface.py::test_ft_port_fn_verify_shut_noshut clean end
2024-01-03 03:03:35.084289 = Framework Function Hook Finalize
2024-01-03 03:04:03.431839 = User Module system/test_interface.py Hook Finalize
2024-01-03 03:04:03.432245 = module test_interface.py clean start
2024-01-03 03:04:29.013744 = report file generation start
2024-01-03 03:04:29.101885 = report file generation end
2024-01-03 03:04:29.106809 = module test_interface.py clean end
2024-01-03 03:04:29.107268 = Framework Module Hook Finalize
2024-01-03 03:04:29.276205 = Framework Module Hook Start
2024-01-03 03:04:30.111571 = module test_spytest_infra_1.py init start
2024-01-03 03:06:04.011868 = module test_spytest_infra_1.py init end
2024-01-03 03:06:04.012324 = Framework Module Hook end
2024-01-03 03:06:04.012820 = Framework Function Hook Start
2024-01-03 03:06:07.077634 = function batch/test_spytest_infra_1.py::test_spytest_infra_last init start
2024-01-03 03:06:11.909653 = function batch/test_spytest_infra_1.py::test_spytest_infra_last init end
2024-01-03 03:06:11.910645 = Framework Function Hook end
2024-01-03 03:06:11.912063 = Module Config Time (2024-01-03 03:04:29.276360 - 2024-01-03 03:06:04.012962) Published
2024-01-03 03:06:11.914685 = function batch/test_spytest_infra_1.py::test_spytest_infra_last clean start
2024-01-03 03:06:11.932099 = Test Time (2024-01-03 03:06:07.077851 - 2024-01-03 03:06:11.932092) Published
2024-01-03 03:06:11.936977 = function batch/test_spytest_infra_1.py::test_spytest_infra_last clean end
2024-01-03 03:06:11.937248 = Framework Function Hook Finalize
2024-01-03 03:06:11.937386 = module test_spytest_infra_1.py clean start
2024-01-03 03:06:14.213508 = report file generation start
2024-01-03 03:06:14.325525 = report file generation end
2024-01-03 03:06:14.330457 = module test_spytest_infra_1.py clean end
2024-01-03 03:06:14.330865 = Framework Module Hook Finalize
2024-01-03 03:06:14.332909 = Framework Module Hook Start
2024-01-03 03:06:15.160629 = module test_lldp.py init start
2024-01-03 03:08:22.822008 = module test_lldp.py init end
2024-01-03 03:08:22.822544 = Framework Module Hook end
2024-01-03 03:08:22.822981 = User Module system/test_lldp.py Hook Start
2024-01-03 03:09:40.782285 = User Module system/test_lldp.py Hook end
2024-01-03 03:09:41.120715 = Module Config Time (2024-01-03 03:06:14.332970 - 2024-01-03 03:09:41.120471) Published
2024-01-03 03:09:41.148367 = Test Time (2024-01-03 03:06:07.077851 - 2024-01-03 03:09:41.148359) Published
2024-01-03 03:09:41.492493 = Test Time (2024-01-03 03:06:07.077851 - 2024-01-03 03:09:41.492484) Published
2024-01-03 03:09:41.847726 = Test Time (2024-01-03 03:06:07.077851 - 2024-01-03 03:09:41.847716) Published
2024-01-03 03:09:42.218555 = Test Time (2024-01-03 03:06:07.077851 - 2024-01-03 03:09:42.218545) Published
2024-01-03 03:09:42.575220 = Test Time (2024-01-03 03:06:07.077851 - 2024-01-03 03:09:42.575209) Published
2024-01-03 03:09:42.934980 = Test Time (2024-01-03 03:06:07.077851 - 2024-01-03 03:09:42.934971) Published
2024-01-03 03:09:43.294569 = Test Time (2024-01-03 03:06:07.077851 - 2024-01-03 03:09:43.294559) Published
2024-01-03 03:09:43.602443 = Test Time (2024-01-03 03:06:07.077851 - 2024-01-03 03:09:43.602433) Published
2024-01-03 03:09:43.942936 = Test Time (2024-01-03 03:06:07.077851 - 2024-01-03 03:09:43.942926) Published
2024-01-03 03:09:44.286550 = Test Time (2024-01-03 03:06:07.077851 - 2024-01-03 03:09:44.286540) Published
2024-01-03 03:09:44.635922 = Test Time (2024-01-03 03:06:07.077851 - 2024-01-03 03:09:44.635913) Published
2024-01-03 03:09:44.981339 = Test Time (2024-01-03 03:06:07.077851 - 2024-01-03 03:09:44.981329) Published
2024-01-03 03:09:44.981920 = User Module system/test_lldp.py Hook Finalize
2024-01-03 03:09:44.982042 = module test_lldp.py clean start
2024-01-03 03:10:10.456080 = report file generation start
2024-01-03 03:10:10.549254 = report file generation end
2024-01-03 03:10:10.554186 = module test_lldp.py clean end
2024-01-03 03:10:10.554654 = Framework Module Hook Finalize
2024-01-03 03:10:10.636586 = Framework Module Hook Start
2024-01-03 03:10:11.474674 = module test_spytest_infra_1.py init start
2024-01-03 03:11:13.831321 = module test_spytest_infra_1.py init end
2024-01-03 03:11:13.831633 = Framework Module Hook end
2024-01-03 03:11:13.831975 = Framework Function Hook Start
2024-01-03 03:11:16.898623 = function batch/test_spytest_infra_1.py::test_spytest_infra_last init start
2024-01-03 03:11:21.655026 = function batch/test_spytest_infra_1.py::test_spytest_infra_last init end
2024-01-03 03:11:21.656034 = Framework Function Hook end
2024-01-03 03:11:21.657503 = Module Config Time (2024-01-03 03:10:10.636713 - 2024-01-03 03:11:13.832062) Published
2024-01-03 03:11:21.659974 = function batch/test_spytest_infra_1.py::test_spytest_infra_last clean start
2024-01-03 03:11:21.676095 = Test Time (2024-01-03 03:11:16.898891 - 2024-01-03 03:11:21.676088) Published
2024-01-03 03:11:21.680907 = function batch/test_spytest_infra_1.py::test_spytest_infra_last clean end
2024-01-03 03:11:21.681200 = Framework Function Hook Finalize
2024-01-03 03:11:21.681346 = module test_spytest_infra_1.py clean start
2024-01-03 03:11:23.929759 = report file generation start
2024-01-03 03:11:24.024995 = report file generation end
2024-01-03 03:11:24.029800 = module test_spytest_infra_1.py clean end
2024-01-03 03:11:24.030162 = Framework Module Hook Finalize
2024-01-03 03:11:24.030597 = session clean start
2024-01-03 03:11:24.050122 = report file generation start
2024-01-03 03:11:24.138193 = report file generation end
2024-01-03 03:11:24.820981 = session clean end
