2023-12-26 01:26:04,898 T0000: WARN  #### gw4
2023-12-26 01:26:04,898 T0000: WARN  support post-session-prolog session pass ''
2023-12-26 01:26:54,838 T0000: INFO  #### gw4
2023-12-26 01:26:54,838 T0000: INFO  support pre-module-prolog security/test_tacacs.py  ''
2023-12-26 01:27:23,713 T0000: INFO  #### gw4  security/test_tacacs.py
2023-12-26 01:27:23,713 T0000: INFO  support post-module-prolog security/test_tacacs.py Pass ''
2023-12-26 01:27:56,774 T0000: INFO  #### gw4  security/test_tacacs.py
2023-12-26 01:27:56,774 T0000: INFO  support pre-function-prolog test_ft_tacacs_ssh_login_with_tacacs_operations  ''
2023-12-26 01:27:56,789 T0000: INFO  #### gw4  security/test_tacacs.py::test_ft_tacacs_ssh_login_with_tacacs_operations
2023-12-26 01:27:56,789 T0000: INFO  support post-function-prolog test_ft_tacacs_ssh_login_with_tacacs_operations Pass ''
2023-12-26 01:27:57,497 T0000: WARN  #### gw4  security/test_tacacs.py::test_ft_tacacs_ssh_login_with_tacacs_operations
2023-12-26 01:27:57,497 T0000: WARN  support pre-function-epilog test_ft_tacacs_ssh_login_with_tacacs_operations Fail 'PAM file is not created'
2023-12-26 01:27:57,898 T0000: WARN  #### gw4  security/test_tacacs.py::test_ft_tacacs_ssh_login_with_tacacs_operations
2023-12-26 01:27:57,898 T0000: WARN  support post-function-epilog test_ft_tacacs_ssh_login_with_tacacs_operations ignore 'PAM file is not created'
2023-12-26 01:27:57,932 T0000: WARN  #### gw4  security/test_tacacs.py::test_ft_tacacs_ssh_login_with_tacacs_operations
2023-12-26 01:27:57,932 T0000: WARN  support pre-module-epilog security/test_tacacs.py fail ''
2023-12-26 01:28:39,440 T0000: WARN  #### gw4  security/test_tacacs.py::test_ft_tacacs_ssh_login_with_tacacs_operations
2023-12-26 01:28:39,440 T0000: WARN  support post-module-epilog security/test_tacacs.py fail ''
2023-12-26 01:33:01,991 T0000: INFO  #### gw4
2023-12-26 01:33:01,991 T0000: INFO  support pre-module-prolog system/test_snmp.py  ''
2023-12-26 01:34:42,070 T0000: INFO  #### gw4  system/test_snmp.py
2023-12-26 01:34:42,070 T0000: INFO  support post-module-prolog system/test_snmp.py Pass ''
2023-12-26 01:35:15,317 T0000: INFO  #### gw4  system/test_snmp.py
2023-12-26 01:35:15,317 T0000: INFO  support pre-function-prolog test_ft_snmp_sysName  ''
2023-12-26 01:35:15,328 T0000: INFO  #### gw4  system/test_snmp.py::test_ft_snmp_sysName
2023-12-26 01:35:15,328 T0000: INFO  support post-function-prolog test_ft_snmp_sysName Pass ''
2023-12-26 01:35:16,051 T0000: WARN  #### gw4  system/test_snmp.py::test_ft_snmp_sysName
2023-12-26 01:35:16,052 T0000: WARN  support pre-function-epilog test_ft_snmp_sysName Fail 'sysname output is not in sync between system and snmp'
2023-12-26 01:35:16,468 T0000: WARN  #### gw4  system/test_snmp.py::test_ft_snmp_sysName
2023-12-26 01:35:16,468 T0000: WARN  support post-function-epilog test_ft_snmp_sysName ignore 'sysname output is not in sync between system and snmp'
2023-12-26 01:35:21,168 T0000: INFO  #### gw4  system/test_snmp.py
2023-12-26 01:35:21,168 T0000: INFO  support pre-function-prolog test_ft_snmp_test_syUpTime  ''
2023-12-26 01:35:21,179 T0000: INFO  #### gw4  system/test_snmp.py::test_ft_snmp_test_syUpTime
2023-12-26 01:35:21,179 T0000: INFO  support post-function-prolog test_ft_snmp_test_syUpTime Pass ''
2023-12-26 01:35:22,515 T0000: INFO  #### gw4  system/test_snmp.py::test_ft_snmp_test_syUpTime
2023-12-26 01:35:22,515 T0000: INFO  support pre-function-epilog test_ft_snmp_test_syUpTime Pass 'Test case passed'
2023-12-26 01:35:22,522 T0000: INFO  #### gw4  system/test_snmp.py::test_ft_snmp_test_syUpTime
2023-12-26 01:35:22,522 T0000: INFO  support post-function-epilog test_ft_snmp_test_syUpTime Pass 'Test case passed'
2023-12-26 01:35:27,356 T0000: INFO  #### gw4  system/test_snmp.py
2023-12-26 01:35:27,356 T0000: INFO  support pre-function-prolog test_ft_snmp_sysDescr  ''
2023-12-26 01:35:27,367 T0000: INFO  #### gw4  system/test_snmp.py::test_ft_snmp_sysDescr
2023-12-26 01:35:27,367 T0000: INFO  support post-function-prolog test_ft_snmp_sysDescr Pass ''
2023-12-26 01:35:30,181 T0000: INFO  #### gw4  system/test_snmp.py::test_ft_snmp_sysDescr
2023-12-26 01:35:30,181 T0000: INFO  support pre-function-epilog test_ft_snmp_sysDescr Pass 'Test case passed'
2023-12-26 01:35:30,192 T0000: INFO  #### gw4  system/test_snmp.py::test_ft_snmp_sysDescr
2023-12-26 01:35:30,192 T0000: INFO  support post-function-epilog test_ft_snmp_sysDescr Pass 'Test case passed'
2023-12-26 01:35:35,058 T0000: INFO  #### gw4  system/test_snmp.py
2023-12-26 01:35:35,058 T0000: INFO  support pre-function-prolog test_ft_snmp_mib_2  ''
2023-12-26 01:35:35,072 T0000: INFO  #### gw4  system/test_snmp.py::test_ft_snmp_mib_2
2023-12-26 01:35:35,072 T0000: INFO  support post-function-prolog test_ft_snmp_mib_2 Pass ''
2023-12-26 01:35:37,177 T0000: INFO  #### gw4  system/test_snmp.py::test_ft_snmp_mib_2
2023-12-26 01:35:37,177 T0000: INFO  support pre-function-epilog test_ft_snmp_mib_2 Pass 'Test case passed'
2023-12-26 01:35:37,186 T0000: INFO  #### gw4  system/test_snmp.py::test_ft_snmp_mib_2
2023-12-26 01:35:37,186 T0000: INFO  support post-function-epilog test_ft_snmp_mib_2 Pass 'Test case passed'
2023-12-26 01:35:42,049 T0000: INFO  #### gw4  system/test_snmp.py
2023-12-26 01:35:42,050 T0000: INFO  support pre-function-prolog test_ft_snmp_if_mib_all  ''
2023-12-26 01:35:42,064 T0000: INFO  #### gw4  system/test_snmp.py::test_ft_snmp_if_mib_all
2023-12-26 01:35:42,064 T0000: INFO  support post-function-prolog test_ft_snmp_if_mib_all Pass ''
2023-12-26 01:35:42,243 T0000: INFO  #### gw4  system/test_snmp.py::test_ft_snmp_if_mib_all
2023-12-26 01:35:42,243 T0000: INFO  support pre-function-epilog test_ft_snmp_if_mib_all Pass 'Test case passed'
2023-12-26 01:35:42,250 T0000: INFO  #### gw4  system/test_snmp.py::test_ft_snmp_if_mib_all
2023-12-26 01:35:42,250 T0000: INFO  support post-function-epilog test_ft_snmp_if_mib_all Pass 'Test case passed'
2023-12-26 01:35:46,986 T0000: INFO  #### gw4  system/test_snmp.py
2023-12-26 01:35:46,986 T0000: INFO  support pre-function-prolog test_ft_snmp_entity_mib_all  ''
2023-12-26 01:35:46,997 T0000: INFO  #### gw4  system/test_snmp.py::test_ft_snmp_entity_mib_all
2023-12-26 01:35:46,997 T0000: INFO  support post-function-prolog test_ft_snmp_entity_mib_all Pass ''
2023-12-26 01:35:47,049 T0000: INFO  #### gw4  system/test_snmp.py::test_ft_snmp_entity_mib_all
2023-12-26 01:35:47,049 T0000: INFO  support pre-function-epilog test_ft_snmp_entity_mib_all Pass 'Test case passed'
2023-12-26 01:35:47,055 T0000: INFO  #### gw4  system/test_snmp.py::test_ft_snmp_entity_mib_all
2023-12-26 01:35:47,055 T0000: INFO  support post-function-epilog test_ft_snmp_entity_mib_all Pass 'Test case passed'
2023-12-26 01:35:51,965 T0000: INFO  #### gw4  system/test_snmp.py
2023-12-26 01:35:51,965 T0000: INFO  support pre-function-prolog test_ft_snmp_dot1q_dot1db_mib  ''
2023-12-26 01:35:51,980 T0000: INFO  #### gw4  system/test_snmp.py::test_ft_snmp_dot1q_dot1db_mib
2023-12-26 01:35:51,981 T0000: INFO  support post-function-prolog test_ft_snmp_dot1q_dot1db_mib Pass ''
2023-12-26 01:35:52,075 T0000: INFO  #### gw4  system/test_snmp.py::test_ft_snmp_dot1q_dot1db_mib
2023-12-26 01:35:52,075 T0000: INFO  support pre-function-epilog test_ft_snmp_dot1q_dot1db_mib Pass 'Test case passed'
2023-12-26 01:35:52,083 T0000: INFO  #### gw4  system/test_snmp.py::test_ft_snmp_dot1q_dot1db_mib
2023-12-26 01:35:52,083 T0000: INFO  support post-function-epilog test_ft_snmp_dot1q_dot1db_mib Pass 'Test case passed'
2023-12-26 01:35:56,860 T0000: INFO  #### gw4  system/test_snmp.py
2023-12-26 01:35:56,860 T0000: INFO  support pre-function-prolog test_ft_snmp_root_node_walk  ''
2023-12-26 01:35:56,873 T0000: INFO  #### gw4  system/test_snmp.py::test_ft_snmp_root_node_walk
2023-12-26 01:35:56,873 T0000: INFO  support post-function-prolog test_ft_snmp_root_node_walk Pass ''
2023-12-26 01:36:00,412 T0000: INFO  #### gw4  system/test_snmp.py::test_ft_snmp_root_node_walk
2023-12-26 01:36:00,413 T0000: INFO  support pre-function-epilog test_ft_snmp_root_node_walk Pass 'Test case passed'
2023-12-26 01:36:00,420 T0000: INFO  #### gw4  system/test_snmp.py::test_ft_snmp_root_node_walk
2023-12-26 01:36:00,420 T0000: INFO  support post-function-epilog test_ft_snmp_root_node_walk Pass 'Test case passed'
2023-12-26 01:36:05,209 T0000: INFO  #### gw4  system/test_snmp.py
2023-12-26 01:36:05,209 T0000: INFO  support pre-function-prolog test_ft_snmp_ipAddressRowStatus_ipv6  ''
2023-12-26 01:36:05,227 T0000: INFO  #### gw4  system/test_snmp.py::test_ft_snmp_ipAddressRowStatus_ipv6
2023-12-26 01:36:05,227 T0000: INFO  support post-function-prolog test_ft_snmp_ipAddressRowStatus_ipv6 Pass ''
2023-12-26 01:36:11,718 T0000: INFO  #### gw4  system/test_snmp.py::test_ft_snmp_ipAddressRowStatus_ipv6
2023-12-26 01:36:11,718 T0000: INFO  support pre-function-epilog test_ft_snmp_ipAddressRowStatus_ipv6 Pass 'Test case passed'
2023-12-26 01:36:11,724 T0000: INFO  #### gw4  system/test_snmp.py::test_ft_snmp_ipAddressRowStatus_ipv6
2023-12-26 01:36:11,724 T0000: INFO  support post-function-epilog test_ft_snmp_ipAddressRowStatus_ipv6 Pass 'Test case passed'
2023-12-26 01:36:16,603 T0000: INFO  #### gw4  system/test_snmp.py
2023-12-26 01:36:16,603 T0000: INFO  support pre-function-prolog test_ft_snmp_ipAddressStorageType_ipv6  ''
2023-12-26 01:36:16,619 T0000: INFO  #### gw4  system/test_snmp.py::test_ft_snmp_ipAddressStorageType_ipv6
2023-12-26 01:36:16,619 T0000: INFO  support post-function-prolog test_ft_snmp_ipAddressStorageType_ipv6 Pass ''
2023-12-26 01:36:16,651 T0000: INFO  #### gw4  system/test_snmp.py::test_ft_snmp_ipAddressStorageType_ipv6
2023-12-26 01:36:16,651 T0000: INFO  support pre-function-epilog test_ft_snmp_ipAddressStorageType_ipv6 Pass 'Test case passed'
2023-12-26 01:36:16,660 T0000: INFO  #### gw4  system/test_snmp.py::test_ft_snmp_ipAddressStorageType_ipv6
2023-12-26 01:36:16,660 T0000: INFO  support post-function-epilog test_ft_snmp_ipAddressStorageType_ipv6 Pass 'Test case passed'
2023-12-26 01:36:21,346 T0000: INFO  #### gw4  system/test_snmp.py
2023-12-26 01:36:21,346 T0000: INFO  support pre-function-prolog test_ft_snmp_ipv6_If_Forward_default_HopLimit  ''
2023-12-26 01:36:21,361 T0000: INFO  #### gw4  system/test_snmp.py::test_ft_snmp_ipv6_If_Forward_default_HopLimit
2023-12-26 01:36:21,361 T0000: INFO  support post-function-prolog test_ft_snmp_ipv6_If_Forward_default_HopLimit Pass ''
2023-12-26 01:36:21,398 T0000: INFO  #### gw4  system/test_snmp.py::test_ft_snmp_ipv6_If_Forward_default_HopLimit
2023-12-26 01:36:21,398 T0000: INFO  support pre-function-epilog test_ft_snmp_ipv6_If_Forward_default_HopLimit Pass 'Test case passed'
2023-12-26 01:36:21,405 T0000: INFO  #### gw4  system/test_snmp.py::test_ft_snmp_ipv6_If_Forward_default_HopLimit
2023-12-26 01:36:21,405 T0000: INFO  support post-function-epilog test_ft_snmp_ipv6_If_Forward_default_HopLimit Pass 'Test case passed'
2023-12-26 01:36:26,149 T0000: INFO  #### gw4  system/test_snmp.py
2023-12-26 01:36:26,149 T0000: INFO  support pre-function-prolog test_ft_snmp_ipv6scope_index_table  ''
2023-12-26 01:36:26,162 T0000: INFO  #### gw4  system/test_snmp.py::test_ft_snmp_ipv6scope_index_table
2023-12-26 01:36:26,162 T0000: INFO  support post-function-prolog test_ft_snmp_ipv6scope_index_table Pass ''
2023-12-26 01:36:26,218 T0000: INFO  #### gw4  system/test_snmp.py::test_ft_snmp_ipv6scope_index_table
2023-12-26 01:36:26,218 T0000: INFO  support pre-function-epilog test_ft_snmp_ipv6scope_index_table Pass 'Test case passed'
2023-12-26 01:36:26,223 T0000: INFO  #### gw4  system/test_snmp.py::test_ft_snmp_ipv6scope_index_table
2023-12-26 01:36:26,223 T0000: INFO  support post-function-epilog test_ft_snmp_ipv6scope_index_table Pass 'Test case passed'
2023-12-26 01:36:30,961 T0000: INFO  #### gw4  system/test_snmp.py
2023-12-26 01:36:30,961 T0000: INFO  support pre-function-prolog test_ft_snmp_ip_forward_table  ''
2023-12-26 01:36:30,978 T0000: INFO  #### gw4  system/test_snmp.py::test_ft_snmp_ip_forward_table
2023-12-26 01:36:30,978 T0000: INFO  support post-function-prolog test_ft_snmp_ip_forward_table Pass ''
2023-12-26 01:36:33,686 T0000: INFO  #### gw4  system/test_snmp.py::test_ft_snmp_ip_forward_table
2023-12-26 01:36:33,686 T0000: INFO  support pre-function-epilog test_ft_snmp_ip_forward_table Pass 'Test case passed'
2023-12-26 01:36:33,692 T0000: INFO  #### gw4  system/test_snmp.py::test_ft_snmp_ip_forward_table
2023-12-26 01:36:33,692 T0000: INFO  support post-function-epilog test_ft_snmp_ip_forward_table Pass 'Test case passed'
2023-12-26 01:36:39,408 T0000: INFO  #### gw4  system/test_snmp.py
2023-12-26 01:36:39,408 T0000: INFO  support pre-function-prolog test_ft_snmp_ifx_table  ''
2023-12-26 01:36:39,422 T0000: INFO  #### gw4  system/test_snmp.py::test_ft_snmp_ifx_table
2023-12-26 01:36:39,422 T0000: INFO  support post-function-prolog test_ft_snmp_ifx_table Pass ''
2023-12-26 01:36:39,592 T0000: INFO  #### gw4  system/test_snmp.py::test_ft_snmp_ifx_table
2023-12-26 01:36:39,592 T0000: INFO  support pre-function-epilog test_ft_snmp_ifx_table Pass 'Test case passed'
2023-12-26 01:36:39,597 T0000: INFO  #### gw4  system/test_snmp.py::test_ft_snmp_ifx_table
2023-12-26 01:36:39,597 T0000: INFO  support post-function-epilog test_ft_snmp_ifx_table Pass 'Test case passed'
2023-12-26 01:36:44,322 T0000: INFO  #### gw4  system/test_snmp.py
2023-12-26 01:36:44,322 T0000: INFO  support pre-function-prolog test_ft_snmp_ip_System_Stats_Table  ''
2023-12-26 01:36:44,333 T0000: INFO  #### gw4  system/test_snmp.py::test_ft_snmp_ip_System_Stats_Table
2023-12-26 01:36:44,333 T0000: INFO  support post-function-prolog test_ft_snmp_ip_System_Stats_Table Pass ''
2023-12-26 01:36:44,388 T0000: INFO  #### gw4  system/test_snmp.py::test_ft_snmp_ip_System_Stats_Table
2023-12-26 01:36:44,388 T0000: INFO  support pre-function-epilog test_ft_snmp_ip_System_Stats_Table Pass 'Test case passed'
2023-12-26 01:36:44,393 T0000: INFO  #### gw4  system/test_snmp.py::test_ft_snmp_ip_System_Stats_Table
2023-12-26 01:36:44,393 T0000: INFO  support post-function-epilog test_ft_snmp_ip_System_Stats_Table Pass 'Test case passed'
2023-12-26 01:36:49,122 T0000: INFO  #### gw4  system/test_snmp.py
2023-12-26 01:36:49,122 T0000: INFO  support pre-function-prolog test_ft_snmp_ip_IfStats_Table  ''
2023-12-26 01:36:49,132 T0000: INFO  #### gw4  system/test_snmp.py::test_ft_snmp_ip_IfStats_Table
2023-12-26 01:36:49,132 T0000: INFO  support post-function-prolog test_ft_snmp_ip_IfStats_Table Pass ''
2023-12-26 01:36:49,451 T0000: INFO  #### gw4  system/test_snmp.py::test_ft_snmp_ip_IfStats_Table
2023-12-26 01:36:49,451 T0000: INFO  support pre-function-epilog test_ft_snmp_ip_IfStats_Table Pass 'Test case passed'
2023-12-26 01:36:49,458 T0000: INFO  #### gw4  system/test_snmp.py::test_ft_snmp_ip_IfStats_Table
2023-12-26 01:36:49,458 T0000: INFO  support post-function-epilog test_ft_snmp_ip_IfStats_Table Pass 'Test case passed'
2023-12-26 01:36:54,147 T0000: INFO  #### gw4  system/test_snmp.py
2023-12-26 01:36:54,147 T0000: INFO  support pre-function-prolog test_ft_snmp_ip_Address_Table  ''
2023-12-26 01:36:54,159 T0000: INFO  #### gw4  system/test_snmp.py::test_ft_snmp_ip_Address_Table
2023-12-26 01:36:54,159 T0000: INFO  support post-function-prolog test_ft_snmp_ip_Address_Table Pass ''
2023-12-26 01:36:54,211 T0000: INFO  #### gw4  system/test_snmp.py::test_ft_snmp_ip_Address_Table
2023-12-26 01:36:54,211 T0000: INFO  support pre-function-epilog test_ft_snmp_ip_Address_Table Pass 'Test case passed'
2023-12-26 01:36:54,216 T0000: INFO  #### gw4  system/test_snmp.py::test_ft_snmp_ip_Address_Table
2023-12-26 01:36:54,216 T0000: INFO  support post-function-epilog test_ft_snmp_ip_Address_Table Pass 'Test case passed'
2023-12-26 01:36:58,907 T0000: INFO  #### gw4  system/test_snmp.py
2023-12-26 01:36:58,908 T0000: INFO  support pre-function-prolog test_ft_snmp_ip_NetToPhysical_Table  ''
2023-12-26 01:36:58,919 T0000: INFO  #### gw4  system/test_snmp.py::test_ft_snmp_ip_NetToPhysical_Table
2023-12-26 01:36:58,919 T0000: INFO  support post-function-prolog test_ft_snmp_ip_NetToPhysical_Table Pass ''
2023-12-26 01:36:58,947 T0000: INFO  #### gw4  system/test_snmp.py::test_ft_snmp_ip_NetToPhysical_Table
2023-12-26 01:36:58,947 T0000: INFO  support pre-function-epilog test_ft_snmp_ip_NetToPhysical_Table Pass 'Test case passed'
2023-12-26 01:36:58,954 T0000: INFO  #### gw4  system/test_snmp.py::test_ft_snmp_ip_NetToPhysical_Table
2023-12-26 01:36:58,954 T0000: INFO  support post-function-epilog test_ft_snmp_ip_NetToPhysical_Table Pass 'Test case passed'
2023-12-26 01:37:03,708 T0000: INFO  #### gw4  system/test_snmp.py
2023-12-26 01:37:03,708 T0000: INFO  support pre-function-prolog test_ft_snmp_icmp_Msgs  ''
2023-12-26 01:37:03,722 T0000: INFO  #### gw4  system/test_snmp.py::test_ft_snmp_icmp_Msgs
2023-12-26 01:37:03,722 T0000: INFO  support post-function-prolog test_ft_snmp_icmp_Msgs Pass ''
2023-12-26 01:37:03,772 T0000: INFO  #### gw4  system/test_snmp.py::test_ft_snmp_icmp_Msgs
2023-12-26 01:37:03,772 T0000: INFO  support pre-function-epilog test_ft_snmp_icmp_Msgs Pass 'Test case passed'
2023-12-26 01:37:03,777 T0000: INFO  #### gw4  system/test_snmp.py::test_ft_snmp_icmp_Msgs
2023-12-26 01:37:03,777 T0000: INFO  support post-function-epilog test_ft_snmp_icmp_Msgs Pass 'Test case passed'
2023-12-26 01:37:08,505 T0000: INFO  #### gw4  system/test_snmp.py
2023-12-26 01:37:08,505 T0000: INFO  support pre-function-prolog test_ft_snmp_tcp_mib  ''
2023-12-26 01:37:08,518 T0000: INFO  #### gw4  system/test_snmp.py::test_ft_snmp_tcp_mib
2023-12-26 01:37:08,518 T0000: INFO  support post-function-prolog test_ft_snmp_tcp_mib Pass ''
2023-12-26 01:37:10,411 T0000: INFO  #### gw4  system/test_snmp.py::test_ft_snmp_tcp_mib
2023-12-26 01:37:10,411 T0000: INFO  support pre-function-epilog test_ft_snmp_tcp_mib Pass 'Test case passed'
2023-12-26 01:37:10,420 T0000: INFO  #### gw4  system/test_snmp.py::test_ft_snmp_tcp_mib
2023-12-26 01:37:10,420 T0000: INFO  support post-function-epilog test_ft_snmp_tcp_mib Pass 'Test case passed'
2023-12-26 01:37:15,136 T0000: INFO  #### gw4  system/test_snmp.py
2023-12-26 01:37:15,136 T0000: INFO  support pre-function-prolog test_ft_snmp_udp_mib  ''
2023-12-26 01:37:15,147 T0000: INFO  #### gw4  system/test_snmp.py::test_ft_snmp_udp_mib
2023-12-26 01:37:15,147 T0000: INFO  support post-function-prolog test_ft_snmp_udp_mib Pass ''
2023-12-26 01:37:15,229 T0000: INFO  #### gw4  system/test_snmp.py::test_ft_snmp_udp_mib
2023-12-26 01:37:15,229 T0000: INFO  support pre-function-epilog test_ft_snmp_udp_mib Pass 'Test case passed'
2023-12-26 01:37:15,242 T0000: INFO  #### gw4  system/test_snmp.py::test_ft_snmp_udp_mib
2023-12-26 01:37:15,242 T0000: INFO  support post-function-epilog test_ft_snmp_udp_mib Pass 'Test case passed'
2023-12-26 01:37:20,083 T0000: INFO  #### gw4  system/test_snmp.py
2023-12-26 01:37:20,084 T0000: INFO  support pre-function-prolog test_ft_snmp_snmpv2_mib  ''
2023-12-26 01:37:20,094 T0000: INFO  #### gw4  system/test_snmp.py::test_ft_snmp_snmpv2_mib
2023-12-26 01:37:20,094 T0000: INFO  support post-function-prolog test_ft_snmp_snmpv2_mib Pass ''
2023-12-26 01:37:20,129 T0000: INFO  #### gw4  system/test_snmp.py::test_ft_snmp_snmpv2_mib
2023-12-26 01:37:20,129 T0000: INFO  support pre-function-epilog test_ft_snmp_snmpv2_mib Pass 'Test case passed'
2023-12-26 01:37:20,134 T0000: INFO  #### gw4  system/test_snmp.py::test_ft_snmp_snmpv2_mib
2023-12-26 01:37:20,134 T0000: INFO  support post-function-epilog test_ft_snmp_snmpv2_mib Pass 'Test case passed'
2023-12-26 01:37:24,905 T0000: INFO  #### gw4  system/test_snmp.py
2023-12-26 01:37:24,905 T0000: INFO  support pre-function-prolog test_ft_snmp_host_resource_mib  ''
2023-12-26 01:37:24,915 T0000: INFO  #### gw4  system/test_snmp.py::test_ft_snmp_host_resource_mib
2023-12-26 01:37:24,915 T0000: INFO  support post-function-prolog test_ft_snmp_host_resource_mib Pass ''
2023-12-26 01:37:25,157 T0000: INFO  #### gw4  system/test_snmp.py::test_ft_snmp_host_resource_mib
2023-12-26 01:37:25,157 T0000: INFO  support pre-function-epilog test_ft_snmp_host_resource_mib Pass 'Test case passed'
2023-12-26 01:37:25,162 T0000: INFO  #### gw4  system/test_snmp.py::test_ft_snmp_host_resource_mib
2023-12-26 01:37:25,162 T0000: INFO  support post-function-epilog test_ft_snmp_host_resource_mib Pass 'Test case passed'
2023-12-26 01:37:29,906 T0000: INFO  #### gw4  system/test_snmp.py
2023-12-26 01:37:29,906 T0000: INFO  support pre-function-prolog test_ft_snmp_framework_mib  ''
2023-12-26 01:37:29,919 T0000: INFO  #### gw4  system/test_snmp.py::test_ft_snmp_framework_mib
2023-12-26 01:37:29,920 T0000: INFO  support post-function-prolog test_ft_snmp_framework_mib Pass ''
2023-12-26 01:37:29,943 T0000: INFO  #### gw4  system/test_snmp.py::test_ft_snmp_framework_mib
2023-12-26 01:37:29,943 T0000: INFO  support pre-function-epilog test_ft_snmp_framework_mib Pass 'Test case passed'
2023-12-26 01:37:29,950 T0000: INFO  #### gw4  system/test_snmp.py::test_ft_snmp_framework_mib
2023-12-26 01:37:29,950 T0000: INFO  support post-function-epilog test_ft_snmp_framework_mib Pass 'Test case passed'
2023-12-26 01:37:34,623 T0000: INFO  #### gw4  system/test_snmp.py
2023-12-26 01:37:34,623 T0000: INFO  support pre-function-prolog test_ft_snmp_mpd_mib  ''
2023-12-26 01:37:34,636 T0000: INFO  #### gw4  system/test_snmp.py::test_ft_snmp_mpd_mib
2023-12-26 01:37:34,636 T0000: INFO  support post-function-prolog test_ft_snmp_mpd_mib Pass ''
2023-12-26 01:37:34,660 T0000: INFO  #### gw4  system/test_snmp.py::test_ft_snmp_mpd_mib
2023-12-26 01:37:34,661 T0000: INFO  support pre-function-epilog test_ft_snmp_mpd_mib Pass 'Test case passed'
2023-12-26 01:37:34,670 T0000: INFO  #### gw4  system/test_snmp.py::test_ft_snmp_mpd_mib
2023-12-26 01:37:34,670 T0000: INFO  support post-function-epilog test_ft_snmp_mpd_mib Pass 'Test case passed'
2023-12-26 01:37:39,464 T0000: INFO  #### gw4  system/test_snmp.py
2023-12-26 01:37:39,464 T0000: INFO  support pre-function-prolog test_ft_snmp_target_mib  ''
2023-12-26 01:37:39,478 T0000: INFO  #### gw4  system/test_snmp.py::test_ft_snmp_target_mib
2023-12-26 01:37:39,478 T0000: INFO  support post-function-prolog test_ft_snmp_target_mib Pass ''
2023-12-26 01:37:39,509 T0000: INFO  #### gw4  system/test_snmp.py::test_ft_snmp_target_mib
2023-12-26 01:37:39,509 T0000: INFO  support pre-function-epilog test_ft_snmp_target_mib Pass 'Test case passed'
2023-12-26 01:37:39,515 T0000: INFO  #### gw4  system/test_snmp.py::test_ft_snmp_target_mib
2023-12-26 01:37:39,515 T0000: INFO  support post-function-epilog test_ft_snmp_target_mib Pass 'Test case passed'
2023-12-26 01:37:44,256 T0000: INFO  #### gw4  system/test_snmp.py
2023-12-26 01:37:44,257 T0000: INFO  support pre-function-prolog test_ft_snmp_notification_mib  ''
2023-12-26 01:37:44,270 T0000: INFO  #### gw4  system/test_snmp.py::test_ft_snmp_notification_mib
2023-12-26 01:37:44,270 T0000: INFO  support post-function-prolog test_ft_snmp_notification_mib Pass ''
2023-12-26 01:37:44,293 T0000: INFO  #### gw4  system/test_snmp.py::test_ft_snmp_notification_mib
2023-12-26 01:37:44,293 T0000: INFO  support pre-function-epilog test_ft_snmp_notification_mib Pass 'Test case passed'
2023-12-26 01:37:44,304 T0000: INFO  #### gw4  system/test_snmp.py::test_ft_snmp_notification_mib
2023-12-26 01:37:44,304 T0000: INFO  support post-function-epilog test_ft_snmp_notification_mib Pass 'Test case passed'
2023-12-26 01:37:48,997 T0000: INFO  #### gw4  system/test_snmp.py
2023-12-26 01:37:48,998 T0000: INFO  support pre-function-prolog test_ft_snmp_user_based_sm_mib  ''
2023-12-26 01:37:49,010 T0000: INFO  #### gw4  system/test_snmp.py::test_ft_snmp_user_based_sm_mib
2023-12-26 01:37:49,010 T0000: INFO  support post-function-prolog test_ft_snmp_user_based_sm_mib Pass ''
2023-12-26 01:37:49,040 T0000: INFO  #### gw4  system/test_snmp.py::test_ft_snmp_user_based_sm_mib
2023-12-26 01:37:49,040 T0000: INFO  support pre-function-epilog test_ft_snmp_user_based_sm_mib Pass 'Test case passed'
2023-12-26 01:37:49,048 T0000: INFO  #### gw4  system/test_snmp.py::test_ft_snmp_user_based_sm_mib
2023-12-26 01:37:49,048 T0000: INFO  support post-function-epilog test_ft_snmp_user_based_sm_mib Pass 'Test case passed'
2023-12-26 01:37:53,755 T0000: INFO  #### gw4  system/test_snmp.py
2023-12-26 01:37:53,755 T0000: INFO  support pre-function-prolog test_ft_snmp_view_based_acm_mib  ''
2023-12-26 01:37:53,769 T0000: INFO  #### gw4  system/test_snmp.py::test_ft_snmp_view_based_acm_mib
2023-12-26 01:37:53,769 T0000: INFO  support post-function-prolog test_ft_snmp_view_based_acm_mib Pass ''
2023-12-26 01:37:53,817 T0000: INFO  #### gw4  system/test_snmp.py::test_ft_snmp_view_based_acm_mib
2023-12-26 01:37:53,817 T0000: INFO  support pre-function-epilog test_ft_snmp_view_based_acm_mib Pass 'Test case passed'
2023-12-26 01:37:53,822 T0000: INFO  #### gw4  system/test_snmp.py::test_ft_snmp_view_based_acm_mib
2023-12-26 01:37:53,822 T0000: INFO  support post-function-epilog test_ft_snmp_view_based_acm_mib Pass 'Test case passed'
2023-12-26 01:37:58,513 T0000: INFO  #### gw4  system/test_snmp.py
2023-12-26 01:37:58,513 T0000: INFO  support pre-function-prolog test_ft_snmp_ent_physical_table  ''
2023-12-26 01:37:58,526 T0000: INFO  #### gw4  system/test_snmp.py::test_ft_snmp_ent_physical_table
2023-12-26 01:37:58,526 T0000: INFO  support post-function-prolog test_ft_snmp_ent_physical_table Pass ''
2023-12-26 01:37:58,584 T0000: INFO  #### gw4  system/test_snmp.py::test_ft_snmp_ent_physical_table
2023-12-26 01:37:58,584 T0000: INFO  support pre-function-epilog test_ft_snmp_ent_physical_table Pass 'Test case passed'
2023-12-26 01:37:58,590 T0000: INFO  #### gw4  system/test_snmp.py::test_ft_snmp_ent_physical_table
2023-12-26 01:37:58,590 T0000: INFO  support post-function-epilog test_ft_snmp_ent_physical_table Pass 'Test case passed'
2023-12-26 01:38:03,352 T0000: INFO  #### gw4  system/test_snmp.py
2023-12-26 01:38:03,352 T0000: INFO  support pre-function-prolog test_ft_snmp_dot3_stats_table  ''
2023-12-26 01:38:03,365 T0000: INFO  #### gw4  system/test_snmp.py::test_ft_snmp_dot3_stats_table
2023-12-26 01:38:03,365 T0000: INFO  support post-function-prolog test_ft_snmp_dot3_stats_table Pass ''
2023-12-26 01:38:03,427 T0000: INFO  #### gw4  system/test_snmp.py::test_ft_snmp_dot3_stats_table
2023-12-26 01:38:03,428 T0000: INFO  support pre-function-epilog test_ft_snmp_dot3_stats_table Pass 'Test case passed'
2023-12-26 01:38:03,439 T0000: INFO  #### gw4  system/test_snmp.py::test_ft_snmp_dot3_stats_table
2023-12-26 01:38:03,439 T0000: INFO  support post-function-epilog test_ft_snmp_dot3_stats_table Pass 'Test case passed'
2023-12-26 01:38:08,263 T0000: INFO  #### gw4  system/test_snmp.py
2023-12-26 01:38:08,263 T0000: INFO  support pre-function-prolog test_ft_net_snmp_agent_mib  ''
2023-12-26 01:38:08,278 T0000: INFO  #### gw4  system/test_snmp.py::test_ft_net_snmp_agent_mib
2023-12-26 01:38:08,278 T0000: INFO  support post-function-prolog test_ft_net_snmp_agent_mib Pass ''
2023-12-26 01:38:08,955 T0000: INFO  #### gw4  system/test_snmp.py::test_ft_net_snmp_agent_mib
2023-12-26 01:38:08,955 T0000: INFO  support pre-function-epilog test_ft_net_snmp_agent_mib Pass 'Test case passed'
2023-12-26 01:38:08,961 T0000: INFO  #### gw4  system/test_snmp.py::test_ft_net_snmp_agent_mib
2023-12-26 01:38:08,962 T0000: INFO  support post-function-epilog test_ft_net_snmp_agent_mib Pass 'Test case passed'
2023-12-26 01:38:13,718 T0000: INFO  #### gw4  system/test_snmp.py
2023-12-26 01:38:13,718 T0000: INFO  support pre-function-prolog test_ft_net_snmp_vacm_mib  ''
2023-12-26 01:38:13,733 T0000: INFO  #### gw4  system/test_snmp.py::test_ft_net_snmp_vacm_mib
2023-12-26 01:38:13,733 T0000: INFO  support post-function-prolog test_ft_net_snmp_vacm_mib Pass ''
2023-12-26 01:38:13,785 T0000: INFO  #### gw4  system/test_snmp.py::test_ft_net_snmp_vacm_mib
2023-12-26 01:38:13,785 T0000: INFO  support pre-function-epilog test_ft_net_snmp_vacm_mib Pass 'Test case passed'
2023-12-26 01:38:13,790 T0000: INFO  #### gw4  system/test_snmp.py::test_ft_net_snmp_vacm_mib
2023-12-26 01:38:13,790 T0000: INFO  support post-function-epilog test_ft_net_snmp_vacm_mib Pass 'Test case passed'
2023-12-26 01:38:18,513 T0000: INFO  #### gw4  system/test_snmp.py
2023-12-26 01:38:18,513 T0000: INFO  support pre-function-prolog test_ft_snmp_ucd_diskio_mib  ''
2023-12-26 01:38:18,527 T0000: INFO  #### gw4  system/test_snmp.py::test_ft_snmp_ucd_diskio_mib
2023-12-26 01:38:18,527 T0000: INFO  support post-function-prolog test_ft_snmp_ucd_diskio_mib Pass ''
2023-12-26 01:38:18,595 T0000: INFO  #### gw4  system/test_snmp.py::test_ft_snmp_ucd_diskio_mib
2023-12-26 01:38:18,595 T0000: INFO  support pre-function-epilog test_ft_snmp_ucd_diskio_mib Pass 'Test case passed'
2023-12-26 01:38:18,599 T0000: INFO  #### gw4  system/test_snmp.py::test_ft_snmp_ucd_diskio_mib
2023-12-26 01:38:18,599 T0000: INFO  support post-function-epilog test_ft_snmp_ucd_diskio_mib Pass 'Test case passed'
2023-12-26 01:38:23,340 T0000: INFO  #### gw4  system/test_snmp.py
2023-12-26 01:38:23,340 T0000: INFO  support pre-function-prolog test_ft_snmp_ucd_la_table  ''
2023-12-26 01:38:23,354 T0000: INFO  #### gw4  system/test_snmp.py::test_ft_snmp_ucd_la_table
2023-12-26 01:38:23,354 T0000: INFO  support post-function-prolog test_ft_snmp_ucd_la_table Pass ''
2023-12-26 01:38:23,387 T0000: INFO  #### gw4  system/test_snmp.py::test_ft_snmp_ucd_la_table
2023-12-26 01:38:23,387 T0000: INFO  support pre-function-epilog test_ft_snmp_ucd_la_table Pass 'Test case passed'
2023-12-26 01:38:23,393 T0000: INFO  #### gw4  system/test_snmp.py::test_ft_snmp_ucd_la_table
2023-12-26 01:38:23,393 T0000: INFO  support post-function-epilog test_ft_snmp_ucd_la_table Pass 'Test case passed'
2023-12-26 01:38:28,228 T0000: INFO  #### gw4  system/test_snmp.py
2023-12-26 01:38:28,229 T0000: INFO  support pre-function-prolog test_ft_snmp_ucd_system_stats  ''
2023-12-26 01:38:28,251 T0000: INFO  #### gw4  system/test_snmp.py::test_ft_snmp_ucd_system_stats
2023-12-26 01:38:28,251 T0000: INFO  support post-function-prolog test_ft_snmp_ucd_system_stats Pass ''
2023-12-26 01:38:28,296 T0000: INFO  #### gw4  system/test_snmp.py::test_ft_snmp_ucd_system_stats
2023-12-26 01:38:28,296 T0000: INFO  support pre-function-epilog test_ft_snmp_ucd_system_stats Pass 'Test case passed'
2023-12-26 01:38:28,305 T0000: INFO  #### gw4  system/test_snmp.py::test_ft_snmp_ucd_system_stats
2023-12-26 01:38:28,305 T0000: INFO  support post-function-epilog test_ft_snmp_ucd_system_stats Pass 'Test case passed'
2023-12-26 01:38:33,098 T0000: INFO  #### gw4  system/test_snmp.py
2023-12-26 01:38:33,098 T0000: INFO  support pre-function-prolog test_ft_snmp_dot1q_tp_fdb_port  ''
2023-12-26 01:38:33,113 T0000: INFO  #### gw4  system/test_snmp.py::test_ft_snmp_dot1q_tp_fdb_port
2023-12-26 01:38:33,113 T0000: INFO  support post-function-prolog test_ft_snmp_dot1q_tp_fdb_port Pass ''
2023-12-26 01:38:34,576 T0000: WARN  #### gw4  system/test_snmp.py::test_ft_snmp_dot1q_tp_fdb_port
2023-12-26 01:38:34,576 T0000: WARN  support pre-function-epilog test_ft_snmp_dot1q_tp_fdb_port Fail 'SNMP output is not found after walk of dot1qTpFdbPort OID'
2023-12-26 01:38:34,983 T0000: WARN  #### gw4  system/test_snmp.py::test_ft_snmp_dot1q_tp_fdb_port
2023-12-26 01:38:34,983 T0000: WARN  support post-function-epilog test_ft_snmp_dot1q_tp_fdb_port ignore 'SNMP output is not found after walk of dot1qTpFdbPort OID'
2023-12-26 01:38:39,681 T0000: INFO  #### gw4  system/test_snmp.py
2023-12-26 01:38:39,681 T0000: INFO  support pre-function-prolog test_ft_snmp_dot1q_tp_fdb_address  ''
2023-12-26 01:38:39,693 T0000: INFO  #### gw4  system/test_snmp.py::test_ft_snmp_dot1q_tp_fdb_address
2023-12-26 01:38:39,693 T0000: INFO  support post-function-prolog test_ft_snmp_dot1q_tp_fdb_address Pass ''
2023-12-26 01:38:40,112 T0000: INFO  #### gw4  system/test_snmp.py::test_ft_snmp_dot1q_tp_fdb_address
2023-12-26 01:38:40,112 T0000: INFO  support pre-function-epilog test_ft_snmp_dot1q_tp_fdb_address Pass 'Test case passed'
2023-12-26 01:38:40,126 T0000: INFO  #### gw4  system/test_snmp.py::test_ft_snmp_dot1q_tp_fdb_address
2023-12-26 01:38:40,126 T0000: INFO  support post-function-epilog test_ft_snmp_dot1q_tp_fdb_address Pass 'Test case passed'
2023-12-26 01:38:44,857 T0000: INFO  #### gw4  system/test_snmp.py
2023-12-26 01:38:44,857 T0000: INFO  support pre-function-prolog test_ft_snmp_coldstart_trap  ''
2023-12-26 01:38:44,869 T0000: INFO  #### gw4  system/test_snmp.py::test_ft_snmp_coldstart_trap
2023-12-26 01:38:44,869 T0000: INFO  support post-function-prolog test_ft_snmp_coldstart_trap Pass ''
2023-12-26 01:38:58,642 T0000: WARN  #### gw4  system/test_snmp.py::test_ft_snmp_coldstart_trap
2023-12-26 01:38:58,642 T0000: WARN  support pre-function-epilog test_ft_snmp_coldstart_trap EnvFail 'Test case Failed Couldn't get the snmptrapd process details from snmp trap server. Please check the snmp trap server process in the server.'
2023-12-26 01:38:59,218 T0000: WARN  #### gw4  system/test_snmp.py::test_ft_snmp_coldstart_trap
2023-12-26 01:38:59,218 T0000: WARN  support post-function-epilog test_ft_snmp_coldstart_trap ignore 'Test case Failed Couldn't get the snmptrapd process details from snmp trap server. Please check the snmp trap server process in the server.'
2023-12-26 01:39:04,170 T0000: INFO  #### gw4  system/test_snmp.py
2023-12-26 01:39:04,170 T0000: INFO  support pre-function-prolog test_ft_snmp_docker_restart  ''
2023-12-26 01:39:04,183 T0000: INFO  #### gw4  system/test_snmp.py::test_ft_snmp_docker_restart
2023-12-26 01:39:04,183 T0000: INFO  support post-function-prolog test_ft_snmp_docker_restart Pass ''
2023-12-26 01:39:16,045 T0000: WARN  #### gw4  system/test_snmp.py::test_ft_snmp_docker_restart
2023-12-26 01:39:16,045 T0000: WARN  support pre-function-epilog test_ft_snmp_docker_restart Fail 'SNMP service is not up'
2023-12-26 01:39:16,474 T0000: WARN  #### gw4  system/test_snmp.py::test_ft_snmp_docker_restart
2023-12-26 01:39:16,474 T0000: WARN  support post-function-epilog test_ft_snmp_docker_restart ignore 'SNMP service is not up'
2023-12-26 01:39:16,516 T0000: WARN  #### gw4  system/test_snmp.py::test_ft_snmp_docker_restart
2023-12-26 01:39:16,516 T0000: WARN  support pre-module-epilog system/test_snmp.py fail ''
2023-12-26 01:40:02,160 T0000: WARN  #### gw4  system/test_snmp.py::test_ft_snmp_docker_restart
2023-12-26 01:40:02,160 T0000: WARN  support post-module-epilog system/test_snmp.py fail ''
2023-12-26 01:44:52,659 T0000: WARN  #### gw4  batch/test_spytest_infra_1.py::test_spytest_infra_last
2023-12-26 01:44:52,659 T0000: WARN  support session-epilog session pass ''
2023-12-26 01:25:58,407 T0000: WARN  #### gw5
2023-12-26 01:25:58,407 T0000: WARN  support post-session-prolog session pass ''
2023-12-26 01:26:48,437 T0000: INFO  #### gw5
2023-12-26 01:26:48,437 T0000: INFO  support pre-module-prolog system/test_snapshot.py  ''
2023-12-26 01:27:38,523 T0000: INFO  #### gw5  system/test_snapshot.py
2023-12-26 01:27:38,523 T0000: INFO  support post-module-prolog system/test_snapshot.py Pass ''
2023-12-26 01:28:11,920 T0000: INFO  #### gw5  system/test_snapshot.py
2023-12-26 01:28:11,920 T0000: INFO  support pre-function-prolog test_ft_watermark_telemetry_interval  ''
2023-12-26 01:28:11,933 T0000: INFO  #### gw5  system/test_snapshot.py::test_ft_watermark_telemetry_interval
2023-12-26 01:28:11,933 T0000: INFO  support post-function-prolog test_ft_watermark_telemetry_interval Pass ''
2023-12-26 01:28:22,972 T0000: WARN  #### gw5  system/test_snapshot.py::test_ft_watermark_telemetry_interval
2023-12-26 01:28:22,972 T0000: WARN  support testcase ft_sf_snapshot_tam_Error_Logs Fail 'Error logs are getting generated on the device'
2023-12-26 01:28:22,988 T0000: INFO  #### gw5  system/test_snapshot.py::test_ft_watermark_telemetry_interval
2023-12-26 01:28:22,988 T0000: INFO  support pre-function-epilog test_ft_watermark_telemetry_interval Pass 'verification of configured telemetry interval and reset to default interval is successful'
2023-12-26 01:28:22,991 T0000: INFO  #### gw5  system/test_snapshot.py::test_ft_watermark_telemetry_interval
2023-12-26 01:28:22,991 T0000: INFO  support post-function-epilog test_ft_watermark_telemetry_interval Pass 'verification of configured telemetry interval and reset to default interval is successful'
2023-12-26 01:28:23,008 T0000: WARN  #### gw5  system/test_snapshot.py::test_ft_watermark_telemetry_interval
2023-12-26 01:28:23,008 T0000: WARN  support pre-module-epilog system/test_snapshot.py pass ''
2023-12-26 01:28:55,611 T0000: WARN  #### gw5  system/test_snapshot.py::test_ft_watermark_telemetry_interval
2023-12-26 01:28:55,611 T0000: WARN  support post-module-epilog system/test_snapshot.py pass ''
2023-12-26 01:33:20,194 T0000: INFO  #### gw5
2023-12-26 01:33:20,195 T0000: INFO  support pre-module-prolog system/test_ntp.py  ''
2023-12-26 01:33:44,510 T0000: INFO  #### gw5  system/test_ntp.py
2023-12-26 01:33:44,510 T0000: INFO  support post-module-prolog system/test_ntp.py Pass ''
2023-12-26 01:34:17,684 T0000: INFO  #### gw5  system/test_ntp.py
2023-12-26 01:34:17,684 T0000: INFO  support pre-function-prolog test_ft_ntp_disable_enable_with_message_log  ''
2023-12-26 01:34:17,704 T0000: INFO  #### gw5  system/test_ntp.py::test_ft_ntp_disable_enable_with_message_log
2023-12-26 01:34:17,704 T0000: INFO  support post-function-prolog test_ft_ntp_disable_enable_with_message_log Pass ''
2023-12-26 01:39:11,390 T0000: ERROR #### gw5 Exception system/test_ntp.py::test_ft_ntp_disable_enable_with_message_log
2023-12-26 01:39:11,390 T0000: ERROR Exception IndexError list index out of range in file /apis/system/ntp.py at line 347
2023-12-26 01:39:11,390 T0000: ERROR [0] /apis/system/ntp.py:347 show_clock return output[0]
2023-12-26 01:39:11,390 T0000: ERROR [1] /tests/system/test_ntp.py:103 test_ft_ntp_disable_enable_with_message_log ntp_obj.show_clock(vars.D1)
2023-12-26 01:39:11,391 T0000: WARN  #### gw5  system/test_ntp.py::test_ft_ntp_disable_enable_with_message_log
2023-12-26 01:39:11,391 T0000: WARN  support post-function-epilog test_ft_ntp_disable_enable_with_message_log ScriptError 'Exception IndexError list index out of range in file /apis/system/ntp.py at line 347'
2023-12-26 01:39:16,145 T0000: INFO  #### gw5  system/test_ntp.py
2023-12-26 01:39:16,145 T0000: INFO  support pre-function-prolog test_ntp_exists_config  ''
2023-12-26 01:39:16,158 T0000: INFO  #### gw5  system/test_ntp.py::test_ntp_exists_config
2023-12-26 01:39:16,158 T0000: INFO  support post-function-prolog test_ntp_exists_config Pass ''
2023-12-26 01:39:24,622 T0000: INFO  #### gw5  system/test_ntp.py::test_ntp_exists_config
2023-12-26 01:39:24,622 T0000: INFO  support pre-function-epilog test_ntp_exists_config Pass 'Test case passed'
2023-12-26 01:39:24,625 T0000: INFO  #### gw5  system/test_ntp.py::test_ntp_exists_config
2023-12-26 01:39:24,625 T0000: INFO  support post-function-epilog test_ntp_exists_config Pass 'Test case passed'
2023-12-26 01:39:24,643 T0000: WARN  #### gw5  system/test_ntp.py::test_ntp_exists_config
2023-12-26 01:39:24,643 T0000: WARN  support pre-module-epilog system/test_ntp.py fail ''
2023-12-26 01:39:49,028 T0000: WARN  #### gw5  system/test_ntp.py::test_ntp_exists_config
2023-12-26 01:39:49,028 T0000: WARN  support post-module-epilog system/test_ntp.py fail ''
2023-12-26 01:41:52,929 T0000: WARN  #### gw5  batch/test_spytest_infra_1.py::test_spytest_infra_last
2023-12-26 01:41:52,929 T0000: WARN  support session-epilog session pass ''
2023-12-26 01:29:10,149 T0000: WARN  #### gw7
2023-12-26 01:29:10,149 T0000: WARN  support post-session-prolog session pass ''
2023-12-26 01:29:54,762 T0000: WARN  #### gw7  batch/test_spytest_infra_1.py::test_spytest_infra_second
2023-12-26 01:29:54,762 T0000: WARN  support session-epilog session pass ''
2023-12-26 01:29:00,802 T0000: WARN  #### gw6
2023-12-26 01:29:00,802 T0000: WARN  support post-session-prolog session pass ''
2023-12-26 01:29:45,340 T0000: WARN  #### gw6  batch/test_spytest_infra_1.py::test_spytest_infra_second
2023-12-26 01:29:45,340 T0000: WARN  support session-epilog session pass ''
2023-12-26 00:56:08,829 T0025: WARN  #### gw2
2023-12-26 00:56:08,829 T0025: WARN  support post-session-prolog session pass ''
2023-12-26 00:56:08,831 T0026: WARN  #### gw2
2023-12-26 00:56:08,832 T0026: WARN  support post-session-prolog session pass ''
2023-12-26 00:57:00,488 T0079: INFO  #### gw2
2023-12-26 00:57:00,489 T0079: INFO  support pre-module-prolog switching/test_vlan.py  ''
2023-12-26 00:57:00,493 T0080: INFO  #### gw2
2023-12-26 00:57:00,493 T0080: INFO  support pre-module-prolog switching/test_vlan.py  ''
2023-12-26 00:57:35,398 T0098: INFO  #### gw2  switching/test_vlan.py
2023-12-26 00:57:35,399 T0098: INFO  support post-module-prolog switching/test_vlan.py Pass ''
2023-12-26 00:57:35,401 T0099: INFO  #### gw2  switching/test_vlan.py
2023-12-26 00:57:35,402 T0099: INFO  support post-module-prolog switching/test_vlan.py Pass ''
2023-12-26 00:58:09,080 T0123: INFO  #### gw2  switching/test_vlan.py
2023-12-26 00:58:09,081 T0123: INFO  support pre-function-prolog test_ft_add_unknownvlan_interface  ''
2023-12-26 00:58:09,085 T0124: INFO  #### gw2  switching/test_vlan.py
2023-12-26 00:58:09,085 T0124: INFO  support pre-function-prolog test_ft_add_unknownvlan_interface  ''
2023-12-26 00:58:09,097 T0125: INFO  #### gw2  switching/test_vlan.py::test_ft_add_unknownvlan_interface
2023-12-26 00:58:09,097 T0125: INFO  support post-function-prolog test_ft_add_unknownvlan_interface Pass ''
2023-12-26 00:58:09,099 T0126: INFO  #### gw2  switching/test_vlan.py::test_ft_add_unknownvlan_interface
2023-12-26 00:58:09,099 T0126: INFO  support post-function-prolog test_ft_add_unknownvlan_interface Pass ''
2023-12-26 00:58:10,486 T0000: WARN  #### gw2 IGNORED ERROR switching/test_vlan.py::test_ft_add_unknownvlan_interface
2023-12-26 00:58:10,486 T0000: WARN  Skipped error checking but detected pattern: containing_error command: sudo -s config vlan member add 392 Ethernet16 -u
2023-12-26 00:58:13,163 T0127: INFO  #### gw2  switching/test_vlan.py::test_ft_add_unknownvlan_interface
2023-12-26 00:58:13,163 T0127: INFO  support pre-function-epilog test_ft_add_unknownvlan_interface Pass 'Test case passed'
2023-12-26 00:58:13,165 T0128: INFO  #### gw2  switching/test_vlan.py::test_ft_add_unknownvlan_interface
2023-12-26 00:58:13,165 T0128: INFO  support pre-function-epilog test_ft_add_unknownvlan_interface Pass 'Test case passed'
2023-12-26 00:58:13,173 T0129: INFO  #### gw2  switching/test_vlan.py::test_ft_add_unknownvlan_interface
2023-12-26 00:58:13,173 T0129: INFO  support post-function-epilog test_ft_add_unknownvlan_interface Pass 'Test case passed'
2023-12-26 00:58:13,175 T0130: INFO  #### gw2  switching/test_vlan.py::test_ft_add_unknownvlan_interface
2023-12-26 00:58:13,175 T0130: INFO  support post-function-epilog test_ft_add_unknownvlan_interface Pass 'Test case passed'
2023-12-26 00:58:18,638 T0136: INFO  #### gw2  switching/test_vlan.py
2023-12-26 00:58:18,639 T0136: INFO  support pre-function-prolog test_ft_vlan_delete_with_member  ''
2023-12-26 00:58:18,643 T0137: INFO  #### gw2  switching/test_vlan.py
2023-12-26 00:58:18,643 T0137: INFO  support pre-function-prolog test_ft_vlan_delete_with_member  ''
2023-12-26 00:58:18,654 T0138: INFO  #### gw2  switching/test_vlan.py::test_ft_vlan_delete_with_member
2023-12-26 00:58:18,654 T0138: INFO  support post-function-prolog test_ft_vlan_delete_with_member Pass ''
2023-12-26 00:58:18,656 T0139: INFO  #### gw2  switching/test_vlan.py::test_ft_vlan_delete_with_member
2023-12-26 00:58:18,656 T0139: INFO  support post-function-prolog test_ft_vlan_delete_with_member Pass ''
2023-12-26 00:58:22,653 T0000: WARN  #### gw2 IGNORED ERROR switching/test_vlan.py::test_ft_vlan_delete_with_member
2023-12-26 00:58:22,653 T0000: WARN  Skipped error checking but detected pattern: containing_error command: sudo -s config vlan del 392
2023-12-26 00:58:27,932 T0140: INFO  #### gw2  switching/test_vlan.py::test_ft_vlan_delete_with_member
2023-12-26 00:58:27,932 T0140: INFO  support pre-function-epilog test_ft_vlan_delete_with_member Pass 'Test case passed'
2023-12-26 00:58:27,935 T0141: INFO  #### gw2  switching/test_vlan.py::test_ft_vlan_delete_with_member
2023-12-26 00:58:27,936 T0141: INFO  support pre-function-epilog test_ft_vlan_delete_with_member Pass 'Test case passed'
2023-12-26 00:58:27,945 T0142: INFO  #### gw2  switching/test_vlan.py::test_ft_vlan_delete_with_member
2023-12-26 00:58:27,946 T0142: INFO  support post-function-epilog test_ft_vlan_delete_with_member Pass 'Test case passed'
2023-12-26 00:58:27,947 T0143: INFO  #### gw2  switching/test_vlan.py::test_ft_vlan_delete_with_member
2023-12-26 00:58:27,948 T0143: INFO  support post-function-epilog test_ft_vlan_delete_with_member Pass 'Test case passed'
2023-12-26 00:58:33,248 T0149: INFO  #### gw2  switching/test_vlan.py
2023-12-26 00:58:33,248 T0149: INFO  support pre-function-prolog test_ft_vlan_trunk_tagged  ''
2023-12-26 00:58:33,252 T0150: INFO  #### gw2  switching/test_vlan.py
2023-12-26 00:58:33,252 T0150: INFO  support pre-function-prolog test_ft_vlan_trunk_tagged  ''
2023-12-26 00:58:33,261 T0151: INFO  #### gw2  switching/test_vlan.py::test_ft_vlan_trunk_tagged
2023-12-26 00:58:33,261 T0151: INFO  support post-function-prolog test_ft_vlan_trunk_tagged Pass ''
2023-12-26 00:58:33,263 T0152: INFO  #### gw2  switching/test_vlan.py::test_ft_vlan_trunk_tagged
2023-12-26 00:58:33,263 T0152: INFO  support post-function-prolog test_ft_vlan_trunk_tagged Pass ''
2023-12-26 00:59:54,834 T0153: INFO  #### gw2  switching/test_vlan.py::test_ft_vlan_trunk_tagged
2023-12-26 00:59:54,835 T0153: INFO  support pre-function-epilog test_ft_vlan_trunk_tagged Pass 'Test case passed'
2023-12-26 00:59:54,838 T0154: INFO  #### gw2  switching/test_vlan.py::test_ft_vlan_trunk_tagged
2023-12-26 00:59:54,838 T0154: INFO  support pre-function-epilog test_ft_vlan_trunk_tagged Pass 'Test case passed'
2023-12-26 00:59:54,847 T0155: INFO  #### gw2  switching/test_vlan.py::test_ft_vlan_trunk_tagged
2023-12-26 00:59:54,847 T0155: INFO  support post-function-epilog test_ft_vlan_trunk_tagged Pass 'Test case passed'
2023-12-26 00:59:54,849 T0156: INFO  #### gw2  switching/test_vlan.py::test_ft_vlan_trunk_tagged
2023-12-26 00:59:54,849 T0156: INFO  support post-function-epilog test_ft_vlan_trunk_tagged Pass 'Test case passed'
2023-12-26 01:00:00,207 T0162: INFO  #### gw2  switching/test_vlan.py
2023-12-26 01:00:00,207 T0162: INFO  support pre-function-prolog test_ft_vlan_save_config_warm_and_fast_reboot  ''
2023-12-26 01:00:00,212 T0163: INFO  #### gw2  switching/test_vlan.py
2023-12-26 01:00:00,212 T0163: INFO  support pre-function-prolog test_ft_vlan_save_config_warm_and_fast_reboot  ''
2023-12-26 01:00:00,222 T0164: INFO  #### gw2  switching/test_vlan.py::test_ft_vlan_save_config_warm_and_fast_reboot
2023-12-26 01:00:00,223 T0164: INFO  support post-function-prolog test_ft_vlan_save_config_warm_and_fast_reboot Pass ''
2023-12-26 01:00:00,224 T0165: INFO  #### gw2  switching/test_vlan.py::test_ft_vlan_save_config_warm_and_fast_reboot
2023-12-26 01:00:00,225 T0165: INFO  support post-function-prolog test_ft_vlan_save_config_warm_and_fast_reboot Pass ''
2023-12-26 01:11:12,555 T0000: WARN  #### gw2 IGNORED ERROR switching/test_vlan.py::test_ft_vlan_save_config_warm_and_fast_reboot
2023-12-26 01:11:12,555 T0000: WARN  Skipped error checking but detected pattern: containing_python_traceback command: sudo -s fast-reboot
2023-12-26 01:11:19,883 T0000: WARN  #### gw2 IGNORED ERROR switching/test_vlan.py::test_ft_vlan_save_config_warm_and_fast_reboot
2023-12-26 01:11:19,883 T0000: WARN  Skipped error checking but detected pattern: containing_no_response_from_container command: sudo vtysh -c 'show running-config | include hostname'
2023-12-26 01:12:04,598 T0000: ERROR #### gw2 Exception switching/test_vlan.py::test_ft_vlan_save_config_warm_and_fast_reboot
2023-12-26 01:12:04,598 T0000: ERROR Exception TypeError 'NoneType' object is not subscriptable in file /apis/system/basic.py at line 1389
2023-12-26 01:12:04,598 T0000: ERROR [0] /apis/system/basic.py:1389 is_warm_boot_support return bool(platform.lower() in features_support_data[key])
2023-12-26 01:12:04,599 T0000: ERROR [1] /apis/system/reboot.py:83 warm_reboot if (st.getenv("SPYTEST_UNSUPPORT_TD4_WARM_REBOOT") and basic.is_td4_platform(dut)) or basic.is_warm_boot_support(dut, is_support=False):
2023-12-26 01:12:04,599 T0000: ERROR [2] /tests/switching/test_vlan.py:906 test_ft_vlan_save_config_warm_and_fast_reboot reboot.warm_reboot(vars.D1)
2023-12-26 01:12:04,601 T0166: WARN  #### gw2  switching/test_vlan.py::test_ft_vlan_save_config_warm_and_fast_reboot
2023-12-26 01:12:04,601 T0166: WARN  support post-function-epilog test_ft_vlan_save_config_warm_and_fast_reboot ScriptError 'Exception TypeError 'NoneType' object is not subscriptable in file /apis/system/basic.py at line 1389'
2023-12-26 01:12:04,603 T0167: WARN  #### gw2  switching/test_vlan.py::test_ft_vlan_save_config_warm_and_fast_reboot
2023-12-26 01:12:04,603 T0167: WARN  support post-function-epilog test_ft_vlan_save_config_warm_and_fast_reboot ScriptError 'Exception TypeError 'NoneType' object is not subscriptable in file /apis/system/basic.py at line 1389'
2023-12-26 01:12:04,624 T0000: ERROR #### gw2  switching/test_vlan.py::test_ft_vlan_save_config_warm_and_fast_reboot
2023-12-26 01:12:04,625 T0000: ERROR

==================== REMOTE ALERTS ============================
################################################################################
drop the rate from 2000 to 100
################################################################################
################################################################################
drop the rate from 2000 to 100
################################################################################
################################################################################
drop the rate from 2000 to 100
################################################################################
===============================================================


2023-12-26 01:12:04,656 T0168: WARN  #### gw2  switching/test_vlan.py::test_ft_vlan_save_config_warm_and_fast_reboot
2023-12-26 01:12:04,656 T0168: WARN  support pre-module-epilog switching/test_vlan.py fail ''
2023-12-26 01:12:04,659 T0169: WARN  #### gw2  switching/test_vlan.py::test_ft_vlan_save_config_warm_and_fast_reboot
2023-12-26 01:12:04,659 T0169: WARN  support pre-module-epilog switching/test_vlan.py fail ''
2023-12-26 01:12:31,453 T0186: WARN  #### gw2  switching/test_vlan.py::test_ft_vlan_save_config_warm_and_fast_reboot
2023-12-26 01:12:31,453 T0186: WARN  support post-module-epilog switching/test_vlan.py fail ''
2023-12-26 01:12:31,455 T0187: WARN  #### gw2  switching/test_vlan.py::test_ft_vlan_save_config_warm_and_fast_reboot
2023-12-26 01:12:31,455 T0187: WARN  support post-module-epilog switching/test_vlan.py fail ''
2023-12-26 01:17:06,309 T0249: INFO  #### gw2
2023-12-26 01:17:06,309 T0249: INFO  support pre-module-prolog system/test_interface.py  ''
2023-12-26 01:17:06,311 T0250: INFO  #### gw2
2023-12-26 01:17:06,311 T0250: INFO  support pre-module-prolog system/test_interface.py  ''
2023-12-26 01:17:49,841 T0267: INFO  #### gw2  system/test_interface.py
2023-12-26 01:17:49,842 T0267: INFO  support post-module-prolog system/test_interface.py Pass ''
2023-12-26 01:17:49,845 T0268: INFO  #### gw2  system/test_interface.py
2023-12-26 01:17:49,846 T0268: INFO  support post-module-prolog system/test_interface.py Pass ''
2023-12-26 01:18:23,368 T0292: INFO  #### gw2  system/test_interface.py
2023-12-26 01:18:23,369 T0292: INFO  support pre-function-prolog test_ft_port_fn_verify_shut_noshut  ''
2023-12-26 01:18:23,372 T0293: INFO  #### gw2  system/test_interface.py
2023-12-26 01:18:23,372 T0293: INFO  support pre-function-prolog test_ft_port_fn_verify_shut_noshut  ''
2023-12-26 01:18:23,385 T0294: INFO  #### gw2  system/test_interface.py::test_ft_port_fn_verify_shut_noshut
2023-12-26 01:18:23,385 T0294: INFO  support post-function-prolog test_ft_port_fn_verify_shut_noshut Pass ''
2023-12-26 01:18:23,387 T0295: INFO  #### gw2  system/test_interface.py::test_ft_port_fn_verify_shut_noshut
2023-12-26 01:18:23,387 T0295: INFO  support post-function-prolog test_ft_port_fn_verify_shut_noshut Pass ''
2023-12-26 01:19:16,534 T0296: WARN  #### gw2  system/test_interface.py::test_ft_port_fn_verify_shut_noshut
2023-12-26 01:19:16,535 T0296: WARN  support pre-function-epilog test_ft_port_fn_verify_shut_noshut DUTFail 'Error response from daemon: Container is not running'
2023-12-26 01:19:16,537 T0297: WARN  #### gw2  system/test_interface.py::test_ft_port_fn_verify_shut_noshut
2023-12-26 01:19:16,537 T0297: WARN  support pre-function-epilog test_ft_port_fn_verify_shut_noshut DUTFail 'Error response from daemon: Container is not running'
2023-12-26 01:19:17,591 T0298: WARN  #### gw2  system/test_interface.py::test_ft_port_fn_verify_shut_noshut
2023-12-26 01:19:17,591 T0298: WARN  support post-function-epilog test_ft_port_fn_verify_shut_noshut ignore 'Error response from daemon: Container is not running'
2023-12-26 01:19:17,593 T0299: WARN  #### gw2  system/test_interface.py::test_ft_port_fn_verify_shut_noshut
2023-12-26 01:19:17,593 T0299: WARN  support post-function-epilog test_ft_port_fn_verify_shut_noshut ignore 'Error response from daemon: Container is not running'
2023-12-26 01:19:17,633 T0300: WARN  #### gw2  system/test_interface.py::test_ft_port_fn_verify_shut_noshut
2023-12-26 01:19:17,634 T0300: WARN  support pre-module-epilog system/test_interface.py fail ''
2023-12-26 01:19:17,635 T0301: WARN  #### gw2  system/test_interface.py::test_ft_port_fn_verify_shut_noshut
2023-12-26 01:19:17,635 T0301: WARN  support pre-module-epilog system/test_interface.py fail ''
2023-12-26 01:19:46,880 T0320: WARN  #### gw2  system/test_interface.py::test_ft_port_fn_verify_shut_noshut
2023-12-26 01:19:46,880 T0320: WARN  support post-module-epilog system/test_interface.py fail ''
2023-12-26 01:19:46,885 T0321: WARN  #### gw2  system/test_interface.py::test_ft_port_fn_verify_shut_noshut
2023-12-26 01:19:46,885 T0321: WARN  support post-module-epilog system/test_interface.py fail ''
2023-12-26 01:22:51,216 T0369: WARN  #### gw2  batch/test_spytest_infra_1.py::test_spytest_infra_last
2023-12-26 01:22:51,216 T0369: WARN  support session-epilog session pass ''
2023-12-26 01:22:51,218 T0370: WARN  #### gw2  batch/test_spytest_infra_1.py::test_spytest_infra_last
2023-12-26 01:22:51,218 T0370: WARN  support session-epilog session pass ''
2023-12-26 00:56:13,243 T0025: WARN  #### gw3
2023-12-26 00:56:13,244 T0025: WARN  support post-session-prolog session pass ''
2023-12-26 00:56:13,245 T0026: WARN  #### gw3
2023-12-26 00:56:13,246 T0026: WARN  support post-session-prolog session pass ''
2023-12-26 00:57:05,047 T0079: INFO  #### gw3
2023-12-26 00:57:05,047 T0079: INFO  support pre-module-prolog switching/test_portchannel.py  ''
2023-12-26 00:57:05,049 T0080: INFO  #### gw3
2023-12-26 00:57:05,049 T0080: INFO  support pre-module-prolog switching/test_portchannel.py  ''
2023-12-26 00:57:48,853 T0104: INFO  #### gw3  switching/test_portchannel.py
2023-12-26 00:57:48,853 T0104: INFO  support post-module-prolog switching/test_portchannel.py Pass ''
2023-12-26 00:57:48,858 T0105: INFO  #### gw3  switching/test_portchannel.py
2023-12-26 00:57:48,859 T0105: INFO  support post-module-prolog switching/test_portchannel.py Pass ''
2023-12-26 00:58:22,436 T0129: INFO  #### gw3  switching/test_portchannel.py
2023-12-26 00:58:22,436 T0129: INFO  support pre-function-prolog test_ft_portchannel_with_vlan_variations  ''
2023-12-26 00:58:22,440 T0130: INFO  #### gw3  switching/test_portchannel.py
2023-12-26 00:58:22,441 T0130: INFO  support pre-function-prolog test_ft_portchannel_with_vlan_variations  ''
2023-12-26 00:58:27,069 T0133: INFO  #### gw3  switching/test_portchannel.py::test_ft_portchannel_with_vlan_variations
2023-12-26 00:58:27,070 T0133: INFO  support post-function-prolog test_ft_portchannel_with_vlan_variations Pass ''
2023-12-26 00:58:27,075 T0134: INFO  #### gw3  switching/test_portchannel.py::test_ft_portchannel_with_vlan_variations
2023-12-26 00:58:27,075 T0134: INFO  support post-function-prolog test_ft_portchannel_with_vlan_variations Pass ''
2023-12-26 00:58:56,839 T0149: INFO  #### gw3  switching/test_portchannel.py::test_ft_portchannel_with_vlan_variations
2023-12-26 00:58:56,840 T0149: INFO  support pre-function-epilog test_ft_portchannel_with_vlan_variations Pass 'Test case passed'
2023-12-26 00:58:56,843 T0150: INFO  #### gw3  switching/test_portchannel.py::test_ft_portchannel_with_vlan_variations
2023-12-26 00:58:56,843 T0150: INFO  support pre-function-epilog test_ft_portchannel_with_vlan_variations Pass 'Test case passed'
2023-12-26 00:58:59,501 T0153: INFO  #### gw3  switching/test_portchannel.py::test_ft_portchannel_with_vlan_variations
2023-12-26 00:58:59,502 T0153: INFO  support post-function-epilog test_ft_portchannel_with_vlan_variations Pass 'Test case passed'
2023-12-26 00:58:59,505 T0154: INFO  #### gw3  switching/test_portchannel.py::test_ft_portchannel_with_vlan_variations
2023-12-26 00:58:59,505 T0154: INFO  support post-function-epilog test_ft_portchannel_with_vlan_variations Pass 'Test case passed'
2023-12-26 00:59:04,877 T0160: INFO  #### gw3  switching/test_portchannel.py
2023-12-26 00:59:04,877 T0160: INFO  support pre-function-prolog test_ft_verify_min_links_functionality_by_flapping_all_member_ports_007  ''
2023-12-26 00:59:04,881 T0161: INFO  #### gw3  switching/test_portchannel.py
2023-12-26 00:59:04,881 T0161: INFO  support pre-function-prolog test_ft_verify_min_links_functionality_by_flapping_all_member_ports_007  ''
2023-12-26 00:59:08,213 T0164: INFO  #### gw3  switching/test_portchannel.py::test_ft_verify_min_links_functionality_by_flapping_all_member_ports_007
2023-12-26 00:59:08,213 T0164: INFO  support post-function-prolog test_ft_verify_min_links_functionality_by_flapping_all_member_ports_007 Pass ''
2023-12-26 00:59:08,217 T0165: INFO  #### gw3  switching/test_portchannel.py::test_ft_verify_min_links_functionality_by_flapping_all_member_ports_007
2023-12-26 00:59:08,217 T0165: INFO  support post-function-prolog test_ft_verify_min_links_functionality_by_flapping_all_member_ports_007 Pass ''
2023-12-26 00:59:09,515 T0166: WARN  #### gw3 IGNORED ERROR switching/test_portchannel.py::test_ft_verify_min_links_functionality_by_flapping_all_member_ports_007
2023-12-26 00:59:09,516 T0166: WARN  Skipped error checking but detected pattern: containing_error command: sudo -s config portchannel add PortChannel7  --min-links 4
2023-12-26 00:59:09,516 T0167: WARN  #### gw3 IGNORED ERROR switching/test_portchannel.py::test_ft_verify_min_links_functionality_by_flapping_all_member_ports_007
2023-12-26 00:59:09,517 T0167: WARN  Skipped error checking but detected pattern: containing_error command: sudo -s config portchannel add PortChannel7  --min-links 4
2023-12-26 00:59:22,602 T0172: INFO  #### gw3  switching/test_portchannel.py::test_ft_verify_min_links_functionality_by_flapping_all_member_ports_007
2023-12-26 00:59:22,603 T0172: INFO  support pre-function-epilog test_ft_verify_min_links_functionality_by_flapping_all_member_ports_007 Pass 'Test case passed'
2023-12-26 00:59:22,606 T0173: INFO  #### gw3  switching/test_portchannel.py::test_ft_verify_min_links_functionality_by_flapping_all_member_ports_007
2023-12-26 00:59:22,606 T0173: INFO  support pre-function-epilog test_ft_verify_min_links_functionality_by_flapping_all_member_ports_007 Pass 'Test case passed'
2023-12-26 00:59:23,905 T0174: WARN  #### gw3 IGNORED ERROR switching/test_portchannel.py::test_ft_verify_min_links_functionality_by_flapping_all_member_ports_007
2023-12-26 00:59:23,905 T0174: WARN  Skipped error checking but detected pattern: containing_error command: sudo -s config portchannel add PortChannel7  --min-links True
2023-12-26 00:59:23,907 T0175: WARN  #### gw3 IGNORED ERROR switching/test_portchannel.py::test_ft_verify_min_links_functionality_by_flapping_all_member_ports_007
2023-12-26 00:59:23,907 T0175: WARN  Skipped error checking but detected pattern: containing_error command: sudo -s config portchannel add PortChannel7  --min-links True
2023-12-26 00:59:23,910 T0176: INFO  #### gw3  switching/test_portchannel.py::test_ft_verify_min_links_functionality_by_flapping_all_member_ports_007
2023-12-26 00:59:23,911 T0176: INFO  support post-function-epilog test_ft_verify_min_links_functionality_by_flapping_all_member_ports_007 Pass 'Test case passed'
2023-12-26 00:59:23,914 T0177: INFO  #### gw3  switching/test_portchannel.py::test_ft_verify_min_links_functionality_by_flapping_all_member_ports_007
2023-12-26 00:59:23,914 T0177: INFO  support post-function-epilog test_ft_verify_min_links_functionality_by_flapping_all_member_ports_007 Pass 'Test case passed'
2023-12-26 00:59:23,949 T0178: WARN  #### gw3  switching/test_portchannel.py::test_ft_verify_min_links_functionality_by_flapping_all_member_ports_007
2023-12-26 00:59:23,950 T0178: WARN  support pre-module-epilog switching/test_portchannel.py pass ''
2023-12-26 00:59:23,952 T0179: WARN  #### gw3  switching/test_portchannel.py::test_ft_verify_min_links_functionality_by_flapping_all_member_ports_007
2023-12-26 00:59:23,952 T0179: WARN  support pre-module-epilog switching/test_portchannel.py pass ''
2023-12-26 00:59:58,081 T0198: ERROR #### gw3 ERROR switching/test_portchannel.py::test_ft_verify_min_links_functionality_by_flapping_all_member_ports_007
2023-12-26 00:59:58,081 T0198: ERROR detected pattern: containing_error executing 'sudo -s config portchannel del PortChannel7'
2023-12-26 00:59:58,130 T0199: ERROR #### gw3 ERROR switching/test_portchannel.py::test_ft_verify_min_links_functionality_by_flapping_all_member_ports_007
2023-12-26 00:59:58,130 T0199: ERROR detected pattern: containing_error executing 'sudo -s config portchannel del PortChannel7'
2023-12-26 00:59:58,135 T0200: WARN  #### gw3  switching/test_portchannel.py::test_ft_verify_min_links_functionality_by_flapping_all_member_ports_007
2023-12-26 00:59:58,135 T0200: WARN  support post-module-epilog switching/test_portchannel.py pass ''
2023-12-26 00:59:58,140 T0201: WARN  #### gw3  switching/test_portchannel.py::test_ft_verify_min_links_functionality_by_flapping_all_member_ports_007
2023-12-26 00:59:58,140 T0201: WARN  support post-module-epilog switching/test_portchannel.py pass ''
2023-12-26 01:04:31,936 T0269: INFO  #### gw3
2023-12-26 01:04:31,936 T0269: INFO  support pre-module-prolog system/test_lldp.py  ''
2023-12-26 01:04:31,938 T0270: INFO  #### gw3
2023-12-26 01:04:31,939 T0270: INFO  support pre-module-prolog system/test_lldp.py  ''
2023-12-26 01:06:32,399 T0287: WARN  #### gw3  system/test_lldp.py
2023-12-26 01:06:32,400 T0287: WARN  support post-module-epilog system/test_lldp.py fail ''
2023-12-26 01:06:32,402 T0288: WARN  #### gw3  system/test_lldp.py
2023-12-26 01:06:32,402 T0288: WARN  support post-module-epilog system/test_lldp.py fail ''
2023-12-26 01:10:56,269 T0353: INFO  #### gw3
2023-12-26 01:10:56,269 T0353: INFO  support pre-module-prolog system/test_ssh.py  ''
2023-12-26 01:10:56,271 T0354: INFO  #### gw3
2023-12-26 01:10:56,272 T0354: INFO  support pre-module-prolog system/test_ssh.py  ''
2023-12-26 01:11:35,240 T0381: INFO  #### gw3  system/test_ssh.py
2023-12-26 01:11:35,241 T0381: INFO  support post-module-prolog system/test_ssh.py Pass ''
2023-12-26 01:11:35,246 T0382: INFO  #### gw3  system/test_ssh.py
2023-12-26 01:11:35,247 T0382: INFO  support post-module-prolog system/test_ssh.py Pass ''
2023-12-26 01:12:08,545 T0406: INFO  #### gw3  system/test_ssh.py
2023-12-26 01:12:08,545 T0406: INFO  support pre-function-prolog test_ft_ssh_service_disable  ''
2023-12-26 01:12:08,549 T0407: INFO  #### gw3  system/test_ssh.py
2023-12-26 01:12:08,549 T0407: INFO  support pre-function-prolog test_ft_ssh_service_disable  ''
2023-12-26 01:12:08,564 T0408: INFO  #### gw3  system/test_ssh.py::test_ft_ssh_service_disable
2023-12-26 01:12:08,564 T0408: INFO  support post-function-prolog test_ft_ssh_service_disable Pass ''
2023-12-26 01:12:08,566 T0409: INFO  #### gw3  system/test_ssh.py::test_ft_ssh_service_disable
2023-12-26 01:12:08,566 T0409: INFO  support post-function-prolog test_ft_ssh_service_disable Pass ''
2023-12-26 01:12:11,324 T0410: INFO  #### gw3  system/test_ssh.py::test_ft_ssh_service_disable
2023-12-26 01:12:11,324 T0410: INFO  support pre-function-epilog test_ft_ssh_service_disable Pass 'Test case passed'
2023-12-26 01:12:11,326 T0411: INFO  #### gw3  system/test_ssh.py::test_ft_ssh_service_disable
2023-12-26 01:12:11,326 T0411: INFO  support pre-function-epilog test_ft_ssh_service_disable Pass 'Test case passed'
2023-12-26 01:12:11,336 T0412: INFO  #### gw3  system/test_ssh.py::test_ft_ssh_service_disable
2023-12-26 01:12:11,336 T0412: INFO  support post-function-epilog test_ft_ssh_service_disable Pass 'Test case passed'
2023-12-26 01:12:11,339 T0413: INFO  #### gw3  system/test_ssh.py::test_ft_ssh_service_disable
2023-12-26 01:12:11,340 T0413: INFO  support post-function-epilog test_ft_ssh_service_disable Pass 'Test case passed'
2023-12-26 01:12:16,684 T0419: INFO  #### gw3  system/test_ssh.py
2023-12-26 01:12:16,684 T0419: INFO  support pre-function-prolog test_ft_ssh_add_user_verify  ''
2023-12-26 01:12:16,688 T0420: INFO  #### gw3  system/test_ssh.py
2023-12-26 01:12:16,688 T0420: INFO  support pre-function-prolog test_ft_ssh_add_user_verify  ''
2023-12-26 01:12:16,698 T0421: INFO  #### gw3  system/test_ssh.py::test_ft_ssh_add_user_verify
2023-12-26 01:12:16,699 T0421: INFO  support post-function-prolog test_ft_ssh_add_user_verify Pass ''
2023-12-26 01:12:16,701 T0422: INFO  #### gw3  system/test_ssh.py::test_ft_ssh_add_user_verify
2023-12-26 01:12:16,701 T0422: INFO  support post-function-prolog test_ft_ssh_add_user_verify Pass ''
2023-12-26 01:18:27,461 T0000: WARN  #### gw3 IGNORED ERROR system/test_ssh.py::test_ft_ssh_add_user_verify
2023-12-26 01:18:27,461 T0000: WARN  Skipped error checking but detected pattern: containing_python_traceback command: sudo -s fast-reboot
2023-12-26 01:18:34,763 T0000: WARN  #### gw3 IGNORED ERROR system/test_ssh.py::test_ft_ssh_add_user_verify
2023-12-26 01:18:34,763 T0000: WARN  Skipped error checking but detected pattern: containing_no_response_from_container command: sudo vtysh -c 'show running-config | include hostname'
2023-12-26 01:20:30,608 T0429: INFO  #### gw3  system/test_ssh.py::test_ft_ssh_add_user_verify
2023-12-26 01:20:30,609 T0429: INFO  support testcase test_ft_controlplane_acl_service_sshv4 Pass 'SSH failed'
2023-12-26 01:20:30,611 T0430: INFO  #### gw3  system/test_ssh.py::test_ft_ssh_add_user_verify
2023-12-26 01:20:30,611 T0430: INFO  support testcase test_ft_controlplane_acl_service_sshv4 Pass 'SSH failed'
2023-12-26 01:20:30,619 T0431: INFO  #### gw3  system/test_ssh.py::test_ft_ssh_add_user_verify
2023-12-26 01:20:30,619 T0431: INFO  support testcase test_ft_controlplane_acl_service_sshv6 Pass 'SSH failed'
2023-12-26 01:20:30,621 T0432: INFO  #### gw3  system/test_ssh.py::test_ft_ssh_add_user_verify
2023-12-26 01:20:30,621 T0432: INFO  support testcase test_ft_controlplane_acl_service_sshv6 Pass 'SSH failed'
2023-12-26 01:20:30,626 T0433: WARN  #### gw3  system/test_ssh.py::test_ft_ssh_add_user_verify
2023-12-26 01:20:30,627 T0433: WARN  support testcase test_ft_controlplane_acl_service_snmp Fail 'SNMP output is not found after walk of with control plane ACL service SNMP after reboot OID'
2023-12-26 01:20:30,628 T0434: WARN  #### gw3  system/test_ssh.py::test_ft_ssh_add_user_verify
2023-12-26 01:20:30,628 T0434: WARN  support testcase test_ft_controlplane_acl_service_snmp Fail 'SNMP output is not found after walk of with control plane ACL service SNMP after reboot OID'
2023-12-26 01:22:35,257 T0439: WARN  #### gw3  system/test_ssh.py::test_ft_ssh_add_user_verify
2023-12-26 01:22:35,257 T0439: WARN  support pre-function-epilog test_ft_ssh_add_user_verify Fail 'Test case Failed.'
2023-12-26 01:22:35,259 T0440: WARN  #### gw3  system/test_ssh.py::test_ft_ssh_add_user_verify
2023-12-26 01:22:35,259 T0440: WARN  support pre-function-epilog test_ft_ssh_add_user_verify Fail 'Test case Failed.'
2023-12-26 01:22:35,642 T0441: WARN  #### gw3  system/test_ssh.py::test_ft_ssh_add_user_verify
2023-12-26 01:22:35,642 T0441: WARN  support post-function-epilog test_ft_ssh_add_user_verify ignore 'Test case Failed.'
2023-12-26 01:22:35,644 T0442: WARN  #### gw3  system/test_ssh.py::test_ft_ssh_add_user_verify
2023-12-26 01:22:35,644 T0442: WARN  support post-function-epilog test_ft_ssh_add_user_verify ignore 'Test case Failed.'
2023-12-26 01:22:40,975 T0448: INFO  #### gw3  system/test_ssh.py
2023-12-26 01:22:40,976 T0448: INFO  support pre-function-prolog test_ft_verify_logs_at_the_time_of_ssh_login_success  ''
2023-12-26 01:22:40,979 T0449: INFO  #### gw3  system/test_ssh.py
2023-12-26 01:22:40,980 T0449: INFO  support pre-function-prolog test_ft_verify_logs_at_the_time_of_ssh_login_success  ''
2023-12-26 01:22:40,990 T0450: INFO  #### gw3  system/test_ssh.py::test_ft_verify_logs_at_the_time_of_ssh_login_success
2023-12-26 01:22:40,990 T0450: INFO  support post-function-prolog test_ft_verify_logs_at_the_time_of_ssh_login_success Pass ''
2023-12-26 01:22:40,992 T0451: INFO  #### gw3  system/test_ssh.py::test_ft_verify_logs_at_the_time_of_ssh_login_success
2023-12-26 01:22:40,993 T0451: INFO  support post-function-prolog test_ft_verify_logs_at_the_time_of_ssh_login_success Pass ''
2023-12-26 01:23:00,871 T0454: INFO  #### gw3  system/test_ssh.py::test_ft_verify_logs_at_the_time_of_ssh_login_success
2023-12-26 01:23:00,871 T0454: INFO  support pre-function-epilog test_ft_verify_logs_at_the_time_of_ssh_login_success Pass 'Test case passed'
2023-12-26 01:23:00,873 T0455: INFO  #### gw3  system/test_ssh.py::test_ft_verify_logs_at_the_time_of_ssh_login_success
2023-12-26 01:23:00,873 T0455: INFO  support pre-function-epilog test_ft_verify_logs_at_the_time_of_ssh_login_success Pass 'Test case passed'
2023-12-26 01:23:00,882 T0456: INFO  #### gw3  system/test_ssh.py::test_ft_verify_logs_at_the_time_of_ssh_login_success
2023-12-26 01:23:00,882 T0456: INFO  support post-function-epilog test_ft_verify_logs_at_the_time_of_ssh_login_success Pass 'Test case passed'
2023-12-26 01:23:00,884 T0457: INFO  #### gw3  system/test_ssh.py::test_ft_verify_logs_at_the_time_of_ssh_login_success
2023-12-26 01:23:00,884 T0457: INFO  support post-function-epilog test_ft_verify_logs_at_the_time_of_ssh_login_success Pass 'Test case passed'
2023-12-26 01:23:00,917 T0458: WARN  #### gw3  system/test_ssh.py::test_ft_verify_logs_at_the_time_of_ssh_login_success
2023-12-26 01:23:00,917 T0458: WARN  support pre-module-epilog system/test_ssh.py fail ''
2023-12-26 01:23:00,919 T0459: WARN  #### gw3  system/test_ssh.py::test_ft_verify_logs_at_the_time_of_ssh_login_success
2023-12-26 01:23:00,919 T0459: WARN  support pre-module-epilog system/test_ssh.py fail ''
2023-12-26 01:23:54,434 T0484: WARN  #### gw3  system/test_ssh.py::test_ft_verify_logs_at_the_time_of_ssh_login_success
2023-12-26 01:23:54,435 T0484: WARN  support post-module-epilog system/test_ssh.py fail ''
2023-12-26 01:23:54,437 T0485: WARN  #### gw3  system/test_ssh.py::test_ft_verify_logs_at_the_time_of_ssh_login_success
2023-12-26 01:23:54,437 T0485: WARN  support post-module-epilog system/test_ssh.py fail ''
2023-12-26 01:25:52,908 T0530: WARN  #### gw3  batch/test_spytest_infra_1.py::test_spytest_infra_last
2023-12-26 01:25:52,908 T0530: WARN  support session-epilog session pass ''
2023-12-26 01:25:52,910 T0531: WARN  #### gw3  batch/test_spytest_infra_1.py::test_spytest_infra_last
2023-12-26 01:25:52,910 T0531: WARN  support session-epilog session pass ''