2023-12-29 00:13:31.098138 = START
2023-12-29 00:13:32.214974 = device connections start
2023-12-29 00:14:05.668349 = device connections finish
2023-12-29 00:14:05.672691 = session init start
2023-12-29 00:16:53.456928 = report file generation start
2023-12-29 00:16:53.540413 = report file generation end
2023-12-29 00:17:17.801788 = session init end
2023-12-29 00:17:17.803815 = Framework Module Hook Start
2023-12-29 00:17:18.215257 = module test_spytest_infra_1.py init start
2023-12-29 00:17:22.574455 = module test_spytest_infra_1.py init end
2023-12-29 00:17:22.575217 = Framework Module Hook end
2023-12-29 00:17:22.576060 = Framework Function Hook Start
2023-12-29 00:17:26.865893 = function batch/test_spytest_infra_1.py::test_spytest_infra_first init start
2023-12-29 00:17:31.725055 = function batch/test_spytest_infra_1.py::test_spytest_infra_first init end
2023-12-29 00:17:31.725985 = Framework Function Hook end
2023-12-29 00:17:31.729210 = Module Config Time (2023-12-29 00:17:17.803890 - 2023-12-29 00:17:22.576817) Published
2023-12-29 00:17:31.732261 = function batch/test_spytest_infra_1.py::test_spytest_infra_first clean start
2023-12-29 00:17:31.741593 = Test Time (2023-12-29 00:17:26.865997 - 2023-12-29 00:17:31.741587) Published
2023-12-29 00:17:31.747238 = function batch/test_spytest_infra_1.py::test_spytest_infra_first clean end
2023-12-29 00:17:31.747511 = Framework Function Hook Finalize
2023-12-29 00:17:31.871576 = Framework Function Hook Start
2023-12-29 00:17:31.872820 = function batch/test_spytest_infra_1.py::test_spytest_infra_second init start
2023-12-29 00:17:36.603336 = function batch/test_spytest_infra_1.py::test_spytest_infra_second init end
2023-12-29 00:17:36.604237 = Framework Function Hook end
2023-12-29 00:17:36.607737 = function batch/test_spytest_infra_1.py::test_spytest_infra_second clean start
2023-12-29 00:17:36.619005 = Test Time (2023-12-29 00:17:31.873029 - 2023-12-29 00:17:36.618999) Published
2023-12-29 00:17:36.624043 = function batch/test_spytest_infra_1.py::test_spytest_infra_second clean end
2023-12-29 00:17:36.624313 = Framework Function Hook Finalize
2023-12-29 00:17:36.624463 = module test_spytest_infra_1.py clean start
2023-12-29 00:17:39.176308 = report file generation start
2023-12-29 00:17:39.256719 = report file generation end
2023-12-29 00:17:39.261572 = module test_spytest_infra_1.py clean end
2023-12-29 00:17:39.261902 = Framework Module Hook Finalize
2023-12-29 00:17:39.263846 = Framework Module Hook Start
2023-12-29 00:17:39.673382 = module test_ndp.py init start
2023-12-29 00:18:08.297873 = module test_ndp.py init end
2023-12-29 00:18:08.298435 = Framework Module Hook end
2023-12-29 00:18:08.298948 = User Module routing/test_ndp.py Hook Start
2023-12-29 00:19:17.584621 = User Module routing/test_ndp.py Hook end
2023-12-29 00:19:17.585401 = Framework Function Hook Start
2023-12-29 00:19:46.136417 = function routing/test_ndp.py::test_ft_ipv6_neighbor_entry init start
2023-12-29 00:19:50.848396 = function routing/test_ndp.py::test_ft_ipv6_neighbor_entry init end
2023-12-29 00:19:50.848875 = Framework Function Hook end
2023-12-29 00:19:50.849497 = User Function routing/test_ndp.py::test_ft_ipv6_neighbor_entry Hook Start
2023-12-29 00:19:50.851957 = User Function routing/test_ndp.py::test_ft_ipv6_neighbor_entry Hook end
2023-12-29 00:19:50.853090 = Module Config Time (2023-12-29 00:17:39.263907 - 2023-12-29 00:19:17.585655) Published
2023-12-29 00:20:03.104209 = User Function routing/test_ndp.py::test_ft_ipv6_neighbor_entry Hook Finalize
2023-12-29 00:20:03.104436 = function routing/test_ndp.py::test_ft_ipv6_neighbor_entry clean start
2023-12-29 00:20:03.116945 = Test Time (2023-12-29 00:19:46.136513 - 2023-12-29 00:20:03.116938) Published
2023-12-29 00:20:03.122252 = function routing/test_ndp.py::test_ft_ipv6_neighbor_entry clean end
2023-12-29 00:20:03.122526 = Framework Function Hook Finalize
2023-12-29 00:20:34.357949 = User Module routing/test_ndp.py Hook Finalize
2023-12-29 00:20:34.358124 = module test_ndp.py clean start
2023-12-29 00:21:01.452671 = report file generation start
2023-12-29 00:21:01.570437 = report file generation end
2023-12-29 00:21:01.576245 = module test_ndp.py clean end
2023-12-29 00:21:01.576994 = Framework Module Hook Finalize
2023-12-29 00:21:01.668844 = Framework Module Hook Start
2023-12-29 00:21:02.087645 = module test_spytest_infra_1.py init start
2023-12-29 00:22:23.526668 = module test_spytest_infra_1.py init end
2023-12-29 00:22:23.527662 = Framework Module Hook end
2023-12-29 00:22:23.528502 = Framework Function Hook Start
2023-12-29 00:22:27.818043 = function batch/test_spytest_infra_1.py::test_spytest_infra_last init start
2023-12-29 00:22:32.634509 = function batch/test_spytest_infra_1.py::test_spytest_infra_last init end
2023-12-29 00:22:32.634987 = Framework Function Hook end
2023-12-29 00:22:32.635633 = Module Config Time (2023-12-29 00:21:01.669751 - 2023-12-29 00:22:23.528735) Published
2023-12-29 00:22:32.636592 = function batch/test_spytest_infra_1.py::test_spytest_infra_last clean start
2023-12-29 00:22:32.652882 = Test Time (2023-12-29 00:22:27.818146 - 2023-12-29 00:22:32.652869) Published
2023-12-29 00:22:32.658621 = function batch/test_spytest_infra_1.py::test_spytest_infra_last clean end
2023-12-29 00:22:32.659091 = Framework Function Hook Finalize
2023-12-29 00:22:32.659347 = module test_spytest_infra_1.py clean start
2023-12-29 00:22:35.224812 = report file generation start
2023-12-29 00:22:35.306275 = report file generation end
2023-12-29 00:22:35.311263 = module test_spytest_infra_1.py clean end
2023-12-29 00:22:35.311597 = Framework Module Hook Finalize
2023-12-29 00:22:35.311980 = session clean start
2023-12-29 00:22:35.318830 = report file generation start
2023-12-29 00:22:35.398723 = report file generation end
2023-12-29 00:22:36.100256 = session clean end
