2023-12-30 00:38:40,491 T0000: WARN  #### gw5  
2023-12-30 00:38:40,491 T0000: WARN  support post-session-prolog session pass ''
2023-12-30 00:39:31,885 T0000: INFO  #### gw5  
2023-12-30 00:39:31,885 T0000: INFO  support pre-module-prolog routing/test_ndp.py  ''
2023-12-30 00:41:05,553 T0000: INFO  #### gw5  routing/test_ndp.py
2023-12-30 00:41:05,553 T0000: INFO  support post-module-prolog routing/test_ndp.py Pass ''
2023-12-30 00:41:38,876 T0000: INFO  #### gw5  routing/test_ndp.py
2023-12-30 00:41:38,876 T0000: INFO  support pre-function-prolog test_ft_ipv6_neighbor_entry  ''
2023-12-30 00:41:38,894 T0000: INFO  #### gw5  routing/test_ndp.py::test_ft_ipv6_neighbor_entry
2023-12-30 00:41:38,894 T0000: INFO  support post-function-prolog test_ft_ipv6_neighbor_entry Pass ''
2023-12-30 00:41:51,420 T0000: INFO  #### gw5  routing/test_ndp.py::test_ft_ipv6_neighbor_entry
2023-12-30 00:41:51,420 T0000: INFO  support pre-function-epilog test_ft_ipv6_neighbor_entry Pass 'Test case passed'
2023-12-30 00:41:51,424 T0000: INFO  #### gw5  routing/test_ndp.py::test_ft_ipv6_neighbor_entry
2023-12-30 00:41:51,424 T0000: INFO  support post-function-epilog test_ft_ipv6_neighbor_entry Pass 'Test case passed'
2023-12-30 00:41:51,441 T0000: WARN  #### gw5  routing/test_ndp.py::test_ft_ipv6_neighbor_entry
2023-12-30 00:41:51,441 T0000: WARN  support pre-module-epilog routing/test_ndp.py pass ''
2023-12-30 00:42:23,090 T0000: WARN  #### gw5  routing/test_ndp.py::test_ft_ipv6_neighbor_entry
2023-12-30 00:42:23,090 T0000: WARN  support post-module-epilog routing/test_ndp.py pass ''
2023-12-30 00:44:26,849 T0000: WARN  #### gw5  batch/test_spytest_infra_1.py::test_spytest_infra_last
2023-12-30 00:44:26,849 T0000: WARN  support session-epilog session pass ''
