2024-01-06 22:47:41,752 T0000: NOTICE Execution Start Time: 2024-01-06 22:47:41.751753
2024-01-06 22:47:41,752 T0000: NOTICE LOGS PATH: /data/work/logs/vm-202111-449047-l3
2024-01-06 22:47:42,303 T0000: NOTICE VERSION: UNKNOWN UNKNOWN UNKNOWN
2024-01-06 22:47:42,303 T0000: NOTICE HOST: sonicmgmt202111 MEM: 376gb 55.6%
2024-01-06 22:47:42,303 T0000: NOTICE ROOT_PATH: /repo
2024-01-06 22:47:42,303 T0000: NOTICE Python: 3.8.10
2024-01-06 22:47:42,303 T0000: NOTICE Topology unknown: D1T1:4,D1D2:6,D1D3:4,D1D4:4,D2T1:4,D2D3:4,D2D4:4,D3T1:4,D3D4:6,D4T1:4
2024-01-06 22:47:42,303 T0000: DEBUG 
SUITE ARGS: --load-image none --max-time module 9000 --max-time function 5400 --max-time session 3600 --logs-level=debug --topology-check=function --env SPYTEST_TESTBED_IGNORE_CONSTRAINTS TG,TGCARD,TGSPEED,CHIP,MODEL --noop --env SPYTEST_RESET_CONSOLES 0 --noop --env SPYTEST_ONREBOOT_RENEW_MGMT_IP 1 --noop --env SPYTEST_RECOVERY_CR_PER_CMD_POST_OP 1 --noop --env SPYTEST_BATCH_POLL_STATUS_TIME 300 --noop --env SPYTEST_BATCH_DEAD_NODE_MAX_TIME 7200 --noop --breakout-mode none --env SPYTEST_SHUTDOWN_FREE_PORTS 1 --env SPYTEST_HOOKS_BREAKOUT_UITYPE click --env SPYTEST_ONREBOOT_RENEW_MGMT_IP 0 --env SPYTEST_VERIFY_CSV_MIN_TOPOLOGY 1 --env SPYTEST_CMD_FAIL_RESULT_SUPPORT 0 --env SPYTEST_ROUTING_CONFIG_MODE split --env SPYTEST_CLEAR_DEVICE_METADATA_BGP_ASN 1 --env SPYTEST_TEXTFSM_USE_BUNDLED_PARSER 1 --feature-group master --ifname-type native --feature-disable bcmcmd --feature-disable warm-reboot --save config-db module --tclist-csv TestBGPConfed.test_confed_route_distribution_with_rmap,TestBGPConfed.test_ipv6_confed_route_distribution,TestBGPConfed.test_ipv6_confed_with_rr,TestBGPIPvxRouteAdvertisementFilter.test_bgp_ebgp4_nbr_authentication,TestBGPIPvxRouteAdvertisementFilter.test_bgp_ebgp4_nbr_update_source,TestBGPIPvxRouteAdvertisementFilter.test_bgp_route_map_with_community,TestBGPIPvxRouteAdvertisementFilter.test_default_originate_ipv4,TestBGPIPvxRouteAdvertisementFilter.test_distribute_list_in_ipv4,TestBGPIPvxRouteAdvertisementFilter.test_distribute_list_in_ipv6,TestBGPIPvxRouteAdvertisementFilter.test_filter_list_in_ipv4,TestBGPIPvxRouteAdvertisementFilter.test_filter_list_in_ipv6,TestBGPIPvxRouteAdvertisementFilter.test_filter_list_out_ipv6,TestBGPIPvxRouteAdvertisementFilter.test_prefix_list_out_ipv4,TestBGPIPvxRouteAdvertisementFilter.test_prefix_list_out_ipv6,TestBGPIPvxRouteAdvertisementFilter.test_route_aggregate_ipv6,TestBGPIPvxRouteAdvertisementFilter.test_route_map_in_ipv4,TestBGPIPvxRouteAdvertisementFilter.test_route_map_in_ipv6,TestBGPIPvxRouteAdvertisementFilter.test_static_blackhole_rt_redistribute_with_routemap_ipv6,TestBGPL3Lag.test_ft_bgp_l3lag_peer_traffic_check,TestBGPRif.test_bgp_route_aggregation_4byteASN,TestBGPRif.test_ft_bgp_clear,TestBGPRif.test_ft_bgp_graceful_restart_and_aware_routers,TestBGPRif.test_ft_bgp_peer_traffic_check,TestBGPRif.test_ft_bgp_rmap,TestBGPRif.test_ft_bgp_v4_dyn_nbr,TestBGPRif.test_ft_bgp_v6_dyn_nbr,TestBGPRif.test_ft_bgp_v6_link_local_bgp,TestBGPRrTraffic.test_ft_bgp6_rr_traffic_check,TestBGPVeLag.test_ft_bgp_clear,TestBGPVeLag.test_ft_bgp_peer_traffic_check,test_VrfFun001_06,test_VrfFun_05_50,test_VrfFun_10_12_14,test_VrfFun_20_24_25_32_33_44_45,test_VrfFun_26_27,test_cli_validation_bgp_router_config,test_cli_validation_ip_address,test_ft_arp_dynamic_renew_traffic_test,test_ft_bgp_ebgp_community_map,test_ft_bgp_ibgp_RR_Loop,test_ft_ip6_static_route_traffic_forward_blackhole,test_ft_ip_static_ip_on_mgmt_intrf,test_ft_ip_static_route_traffic_forward,test_ft_ip_v4_v6_L2_L3_translation,test_ft_ipv6_neighbor_entry,test_ft_l3_performance_enhancements_v4_route_intstall_withdraw,test_ft_nat_docker_restart,test_ft_ping_v4_v6_after_ip_change_pc,test_ft_ping_v4_v6_vlan,test_ft_qos_config_mgmt_verifying_config_with_save_reboot,test_ft_sflow_max_sflow_collector_config,test_ft_sflow_sampling_v6_sFlow_collector,test_ft_system_config_mgmt_verifying_config_with_save_reboot_sflow,test_ft_verify_interfaces_order,test_l2_to_l3_port,test_l3_v4_route_po_1,test_vrf_bgp,test_vrf_reload,test_vrf_route_leak,test_vrf_scale,TestBGPRif.test_ft_bgp_ipv4_no_route_aggregation_for_exact_prefix_match,TestBGPRif.test_ft_bgp_ipv4_route_aggregation_atomic_aggregate_without_as_set,TestBGPRif.test_ft_bgp_ipv6_route_aggregation_with_as_set,TestBGPRif.test_ft_bgp_v4_max_dyn_nbr,TestBGPIPvxRouteAdvertisementFilter.test_redistribute_connected_ipv4,TestBGPIPvxRouteAdvertisementFilter.test_redistribute_static_ipv4,TestBGPIPvxRouteAdvertisementFilter.test_redistribute_connected_ipv6,TestBGPIPvxRouteAdvertisementFilter.test_redistribute_static_ipv6,TestBGPIPvxRouteAdvertisementFilter.test_default_originate_ipv6,test_spytest_infra_first,test_spytest_infra_second,test_spytest_infra_last --noop

2024-01-06 22:47:42,303 T0000: NOTICE ARGS: --logs-level debug --results-prefix=results --get-tech-support none --fetch-core-files none --syslog-check none --save config-db module --topology-check module --logs-path logs/2024-01-06-22-47-35 --continue-on-collection-errors --max-time session 0 --max-time module 0 --max-time function 0 --noop --tryssh=0 --testbed-file testbed.yaml --env SPYTEST_RPS_DEBUG 0 --tclist-bucket 1,2,4 --test-suite community-vs-l3 --email rama.kristipati@broadcom.com --env SPYTEST_SCAPY_DBG_LVL 2 --noop --env SPYTEST_EMAIL_FROM SPyTest-VSNet@broadcom.com --noop --logs-path logs/vm-202111-449047-l3 --env SPYTEST_EMAIL_BODY_PREFIX http://10.193.81.56:8080/sonic_mgmt_202111/work/logs/vm-202111-449047-l3/dashboard.html --email-subject-nargs VSNet-sonic_mgmt_202111-VM-L3-{{bldver}} : {{passrate}}: {{pass_cnt}}/{{executed}} vm-202111-449047-l3 --noop --feature-group 202111
2024-01-06 22:47:46,196 T0000: INFO  TRY-1 routing/test_arp.py 1 1 D1T1:2 TGEN=ixia
2024-01-06 22:47:46,197 T0000: INFO  matched testbed gw4 to execute bucket 1 routing/test_arp.py D1T1:2 TGEN=ixia
2024-01-06 22:47:46,198 T0000: INFO  matched testbed gw5 to execute bucket 1 routing/test_arp.py D1T1:2 TGEN=ixia
2024-01-06 22:47:46,198 T0000: INFO  matched testbed gw6 to execute bucket 1 routing/test_arp.py D1T1:2 TGEN=ixia
2024-01-06 22:47:46,199 T0000: INFO  matched testbed gw7 to execute bucket 1 routing/test_arp.py D1T1:2 TGEN=ixia
2024-01-06 22:47:46,199 T0000: INFO  TRY-1 routing/BGP/test_bgp.py 2 1 D1D2:1 D1T1:1 D2T1:1 TGEN=ixia
2024-01-06 22:47:46,200 T0000: INFO  matched testbed gw2 to execute bucket 2 routing/BGP/test_bgp.py D1D2:1 D1T1:1 D2T1:1 TGEN=ixia
2024-01-06 22:47:46,200 T0000: INFO  matched testbed gw3 to execute bucket 2 routing/BGP/test_bgp.py D1D2:1 D1T1:1 D2T1:1 TGEN=ixia
2024-01-06 22:47:46,200 T0000: INFO  TRY-1 routing/BGP/test_bgp_rr_traffic.py 2 1 D1D2:1 D1T1:1 D2T1:1 TGEN=ixia
2024-01-06 22:47:46,201 T0000: INFO  matched testbed gw2 to execute bucket 2 routing/BGP/test_bgp_rr_traffic.py D1D2:1 D1T1:1 D2T1:1 TGEN=ixia
2024-01-06 22:47:46,201 T0000: INFO  matched testbed gw3 to execute bucket 2 routing/BGP/test_bgp_rr_traffic.py D1D2:1 D1T1:1 D2T1:1 TGEN=ixia
2024-01-06 22:47:46,202 T0000: INFO  TRY-1 sanity/test_sanity_l3.py 2 1 D1D2:1 D1T1:1 D2T1:1
2024-01-06 22:47:46,202 T0000: INFO  matched testbed gw2 to execute bucket 2 sanity/test_sanity_l3.py D1D2:1 D1T1:1 D2T1:1
2024-01-06 22:47:46,203 T0000: INFO  matched testbed gw3 to execute bucket 2 sanity/test_sanity_l3.py D1D2:1 D1T1:1 D2T1:1
2024-01-06 22:47:46,203 T0000: INFO  TRY-1 routing/BGP/test_bgp_4node.py 4 1 D1D2:1 D2D3:1 D2D4:1 D3D4:1 D3D1:1 TGEN=ixia
2024-01-06 22:47:46,204 T0000: INFO  matched testbed gw1 to execute bucket 4 routing/BGP/test_bgp_4node.py D1D2:1 D2D3:1 D2D4:1 D3D4:1 D3D1:1 TGEN=ixia
2024-01-06 22:47:46,204 T0000: INFO  TRY-1 routing/test_ip.py 2 1 D1T1:2 D2T1:2 D1D2:4 CHIP=TD3 TGEN=ixia
2024-01-06 22:47:46,205 T0000: INFO  matched testbed gw2 to execute bucket 2 routing/test_ip.py D1T1:2 D2T1:2 D1D2:4 CHIP=TD3 TGEN=ixia
2024-01-06 22:47:46,206 T0000: INFO  matched testbed gw3 to execute bucket 2 routing/test_ip.py D1T1:2 D2T1:2 D1D2:4 CHIP=TD3 TGEN=ixia
2024-01-06 22:47:46,206 T0000: INFO  TRY-1 routing/test_l3_performance.py 1 1 D1T1:2 CHIP_REV=!X2
2024-01-06 22:47:46,206 T0000: INFO  matched testbed gw4 to execute bucket 1 routing/test_l3_performance.py D1T1:2 CHIP_REV=!X2
2024-01-06 22:47:46,207 T0000: INFO  matched testbed gw5 to execute bucket 1 routing/test_l3_performance.py D1T1:2 CHIP_REV=!X2
2024-01-06 22:47:46,207 T0000: INFO  matched testbed gw6 to execute bucket 1 routing/test_l3_performance.py D1T1:2 CHIP_REV=!X2
2024-01-06 22:47:46,208 T0000: INFO  matched testbed gw7 to execute bucket 1 routing/test_l3_performance.py D1T1:2 CHIP_REV=!X2
2024-01-06 22:47:46,208 T0000: INFO  TRY-1 routing/NAT/test_nat.py 1 1 D1T1:2 CHIP=TD2|TD3|TH2|TH1 MODEL1=ent TGEN=ixia CHIP_REV=NA|X5|X7
2024-01-06 22:47:46,208 T0000: INFO  matched testbed gw4 to execute bucket 1 routing/NAT/test_nat.py D1T1:2 CHIP=TD2|TD3|TH2|TH1 MODEL1=ent TGEN=ixia CHIP_REV=NA|X5|X7
2024-01-06 22:47:46,209 T0000: INFO  matched testbed gw5 to execute bucket 1 routing/NAT/test_nat.py D1T1:2 CHIP=TD2|TD3|TH2|TH1 MODEL1=ent TGEN=ixia CHIP_REV=NA|X5|X7
2024-01-06 22:47:46,209 T0000: INFO  matched testbed gw6 to execute bucket 1 routing/NAT/test_nat.py D1T1:2 CHIP=TD2|TD3|TH2|TH1 MODEL1=ent TGEN=ixia CHIP_REV=NA|X5|X7
2024-01-06 22:47:46,210 T0000: INFO  matched testbed gw7 to execute bucket 1 routing/NAT/test_nat.py D1T1:2 CHIP=TD2|TD3|TH2|TH1 MODEL1=ent TGEN=ixia CHIP_REV=NA|X5|X7
2024-01-06 22:47:46,210 T0000: INFO  TRY-1 routing/VRF/test_vrf_scale.py 2 1 D1D2:4 D1T1:2 D2T1:2 CHIP_REV=!X2
2024-01-06 22:47:46,211 T0000: INFO  matched testbed gw2 to execute bucket 2 routing/VRF/test_vrf_scale.py D1D2:4 D1T1:2 D2T1:2 CHIP_REV=!X2
2024-01-06 22:47:46,211 T0000: INFO  matched testbed gw3 to execute bucket 2 routing/VRF/test_vrf_scale.py D1D2:4 D1T1:2 D2T1:2 CHIP_REV=!X2
2024-01-06 22:47:46,212 T0000: INFO  TRY-1 qos/test_qos_save_reboot.py 1 1 D1T1:1 TGEN=ixia
2024-01-06 22:47:46,212 T0000: INFO  matched testbed gw4 to execute bucket 1 qos/test_qos_save_reboot.py D1T1:1 TGEN=ixia
2024-01-06 22:47:46,212 T0000: INFO  matched testbed gw5 to execute bucket 1 qos/test_qos_save_reboot.py D1T1:1 TGEN=ixia
2024-01-06 22:47:46,213 T0000: INFO  matched testbed gw6 to execute bucket 1 qos/test_qos_save_reboot.py D1T1:1 TGEN=ixia
2024-01-06 22:47:46,213 T0000: INFO  matched testbed gw7 to execute bucket 1 qos/test_qos_save_reboot.py D1T1:1 TGEN=ixia
2024-01-06 22:47:46,213 T0000: INFO  TRY-1 routing/VRF/test_vrf.py 2 1 D1D2:4 D1T1:2 D2T1:2 TGEN=ixia
2024-01-06 22:47:46,214 T0000: INFO  matched testbed gw2 to execute bucket 2 routing/VRF/test_vrf.py D1D2:4 D1T1:2 D2T1:2 TGEN=ixia
2024-01-06 22:47:46,214 T0000: INFO  matched testbed gw3 to execute bucket 2 routing/VRF/test_vrf.py D1D2:4 D1T1:2 D2T1:2 TGEN=ixia
2024-01-06 22:47:46,215 T0000: INFO  TRY-1 system/test_device_mgmt.py 1 1 D1
2024-01-06 22:47:46,215 T0000: INFO  matched testbed gw4 to execute bucket 1 system/test_device_mgmt.py D1
2024-01-06 22:47:46,215 T0000: INFO  matched testbed gw5 to execute bucket 1 system/test_device_mgmt.py D1
2024-01-06 22:47:46,216 T0000: INFO  matched testbed gw6 to execute bucket 1 system/test_device_mgmt.py D1
2024-01-06 22:47:46,216 T0000: INFO  matched testbed gw7 to execute bucket 1 system/test_device_mgmt.py D1
2024-01-06 22:47:46,216 T0000: INFO  TRY-1 routing/test_ndp.py 1 1 D1T1:2 TGEN=ixia
2024-01-06 22:47:46,217 T0000: INFO  matched testbed gw4 to execute bucket 1 routing/test_ndp.py D1T1:2 TGEN=ixia
2024-01-06 22:47:46,217 T0000: INFO  matched testbed gw5 to execute bucket 1 routing/test_ndp.py D1T1:2 TGEN=ixia
2024-01-06 22:47:46,217 T0000: INFO  matched testbed gw6 to execute bucket 1 routing/test_ndp.py D1T1:2 TGEN=ixia
2024-01-06 22:47:46,218 T0000: INFO  matched testbed gw7 to execute bucket 1 routing/test_ndp.py D1T1:2 TGEN=ixia
2024-01-06 22:47:46,218 T0000: INFO  TRY-1 system/test_sflow.py 2 1 D1T1:1 D2T1:2 D1D2:1 TGCARD=stc|novus10
2024-01-06 22:47:46,219 T0000: INFO  matched testbed gw2 to execute bucket 2 system/test_sflow.py D1T1:1 D2T1:2 D1D2:1 TGCARD=stc|novus10
2024-01-06 22:47:46,220 T0000: INFO  matched testbed gw3 to execute bucket 2 system/test_sflow.py D1T1:1 D2T1:2 D1D2:1 TGCARD=stc|novus10
2024-01-06 22:47:46,254 T0000: INFO  Start Monitoring poll_time=300 max_time=7200 DBG=0
2024-01-06 22:47:46,262 T0000: INFO  ============== NODE(gw0) FINISH gw0
2024-01-06 22:47:46,263 T0000: INFO  ============== Completed gw0  
2024-01-06 22:47:46,264 T0000: INFO  [gw1]: ===== Assigned Pre-Tests
2024-01-06 22:56:25,776 T0000: INFO  [gw1]: EXEC: routing/BGP/test_bgp_4node.py::TestBGPConfed::test_ipv6_confed_route_distribution
2024-01-06 22:56:41,394 T0000: INFO  [gw1]: PASSED: routing/BGP/test_bgp_4node.py::TestBGPConfed::test_ipv6_confed_route_distribution
2024-01-06 22:56:48,759 T0000: INFO  [gw1]: EXEC: routing/BGP/test_bgp_4node.py::TestBGPConfed::test_ipv6_confed_with_rr
2024-01-06 22:57:28,302 T0000: INFO  [gw1]: PASSED: routing/BGP/test_bgp_4node.py::TestBGPConfed::test_ipv6_confed_with_rr
2024-01-06 22:57:35,709 T0000: INFO  [gw1]: EXEC: routing/BGP/test_bgp_4node.py::TestBGPConfed::test_confed_route_distribution_with_rmap
2024-01-06 22:58:07,381 T0000: INFO  [gw1]: PASSED: routing/BGP/test_bgp_4node.py::TestBGPConfed::test_confed_route_distribution_with_rmap
2024-01-06 22:58:20,715 T0000: INFO  [gw1]: EXEC: routing/BGP/test_bgp_4node.py::test_ft_bgp_ibgp_RR_Loop
2024-01-06 22:58:46,997 T0000: INFO  [gw1]: PASSED: routing/BGP/test_bgp_4node.py::test_ft_bgp_ibgp_RR_Loop
2024-01-06 22:58:57,199 T0000: INFO  [gw1]: EXEC: routing/BGP/test_bgp_4node.py::test_ft_bgp_ebgp_community_map
2024-01-06 23:03:04,855 T0000: INFO  [gw1]: PASSED: routing/BGP/test_bgp_4node.py::test_ft_bgp_ebgp_community_map
2024-01-06 23:06:17,925 T0000: INFO  ============== NODE(gw1) FINISH gw1
2024-01-06 23:06:17,931 T0000: INFO  ============== Completed gw1  
2024-01-06 23:06:17,953 T0000: INFO  [gw2]: ===== Assigned Pre-Tests
2024-01-06 23:06:17,954 T0000: INFO  [gw3]: ===== Assigned Pre-Tests
2024-01-06 23:13:46,419 T0000: INFO  [gw3]: EXEC: routing/BGP/test_bgp.py::TestBGPRif::test_ft_bgp_v6_link_local_bgp
2024-01-06 23:18:25,493 T0000: INFO  [gw3]: XFAIL: routing/BGP/test_bgp.py::TestBGPRif::test_ft_bgp_v6_link_local_bgp
2024-01-06 23:18:31,813 T0000: INFO  [gw3]: EXEC: routing/BGP/test_bgp.py::TestBGPRif::test_ft_bgp_clear
2024-01-06 23:18:41,119 T0000: INFO  [gw3]: PASSED: routing/BGP/test_bgp.py::TestBGPRif::test_ft_bgp_clear
2024-01-06 23:18:46,972 T0000: INFO  [gw3]: EXEC: routing/BGP/test_bgp.py::TestBGPRif::test_ft_bgp_peer_traffic_check
2024-01-06 23:22:08,390 T0000: INFO  [gw3]: PASSED: routing/BGP/test_bgp.py::TestBGPRif::test_ft_bgp_peer_traffic_check
2024-01-06 23:22:17,910 T0000: INFO  [gw3]: EXEC: routing/BGP/test_bgp.py::TestBGPRif::test_ft_bgp_graceful_restart_and_aware_routers
2024-01-06 23:22:24,227 T0000: INFO  [gw3]: PASSED: routing/BGP/test_bgp.py::TestBGPRif::test_ft_bgp_graceful_restart_and_aware_routers
2024-01-06 23:22:30,383 T0000: INFO  [gw3]: EXEC: routing/BGP/test_bgp.py::TestBGPRif::test_ft_bgp_ipv4_no_route_aggregation_for_exact_prefix_match
2024-01-06 23:24:05,308 T0000: INFO  [gw3]: XFAIL: routing/BGP/test_bgp.py::TestBGPRif::test_ft_bgp_ipv4_no_route_aggregation_for_exact_prefix_match
2024-01-06 23:24:11,127 T0000: INFO  [gw3]: EXEC: routing/BGP/test_bgp.py::TestBGPRif::test_ft_bgp_ipv4_route_aggregation_atomic_aggregate_without_as_set
2024-01-06 23:25:50,950 T0000: INFO  [gw3]: PASSED: routing/BGP/test_bgp.py::TestBGPRif::test_ft_bgp_ipv4_route_aggregation_atomic_aggregate_without_as_set
2024-01-06 23:25:57,449 T0000: INFO  [gw3]: EXEC: routing/BGP/test_bgp.py::TestBGPRif::test_bgp_route_aggregation_4byteASN
2024-01-06 23:27:11,814 T0000: INFO  [gw3]: PASSED: routing/BGP/test_bgp.py::TestBGPRif::test_bgp_route_aggregation_4byteASN
2024-01-06 23:27:18,241 T0000: INFO  [gw3]: EXEC: routing/BGP/test_bgp.py::TestBGPRif::test_ft_bgp_ipv6_route_aggregation_with_as_set
2024-01-06 23:28:13,852 T0000: INFO  [gw3]: PASSED: routing/BGP/test_bgp.py::TestBGPRif::test_ft_bgp_ipv6_route_aggregation_with_as_set
2024-01-06 23:28:20,370 T0000: INFO  [gw3]: EXEC: routing/BGP/test_bgp.py::TestBGPRif::test_ft_bgp_v4_dyn_nbr
2024-01-06 23:28:46,697 T0000: INFO  [gw3]: PASSED: routing/BGP/test_bgp.py::TestBGPRif::test_ft_bgp_v4_dyn_nbr
2024-01-06 23:28:51,691 T0000: INFO  [gw3]: EXEC: routing/BGP/test_bgp.py::TestBGPRif::test_ft_bgp_v6_dyn_nbr
2024-01-06 23:29:18,231 T0000: INFO  [gw3]: PASSED: routing/BGP/test_bgp.py::TestBGPRif::test_ft_bgp_v6_dyn_nbr
2024-01-06 23:29:23,825 T0000: INFO  [gw3]: EXEC: routing/BGP/test_bgp.py::TestBGPRif::test_ft_bgp_v4_max_dyn_nbr
2024-01-06 23:32:43,560 T0000: INFO  [gw2]: EXEC: routing/VRF/test_vrf_scale.py::test_vrf_scale
2024-01-06 23:34:07,866 T0000: INFO  [gw3]: XFAIL: routing/BGP/test_bgp.py::TestBGPRif::test_ft_bgp_v4_max_dyn_nbr
2024-01-06 23:34:12,853 T0000: INFO  [gw3]: EXEC: routing/BGP/test_bgp.py::TestBGPRif::test_ft_bgp_rmap
2024-01-06 23:34:27,239 T0000: INFO  [gw3]: PASSED: routing/BGP/test_bgp.py::TestBGPRif::test_ft_bgp_rmap
2024-01-06 23:36:11,083 T0000: INFO  [gw3]: EXEC: routing/BGP/test_bgp.py::TestBGPIPvxRouteAdvertisementFilter::test_redistribute_connected_ipv4
2024-01-06 23:36:24,650 T0000: INFO  [gw3]: PASSED: routing/BGP/test_bgp.py::TestBGPIPvxRouteAdvertisementFilter::test_redistribute_connected_ipv4
2024-01-06 23:36:31,017 T0000: INFO  [gw3]: EXEC: routing/BGP/test_bgp.py::TestBGPIPvxRouteAdvertisementFilter::test_redistribute_static_ipv4
2024-01-06 23:36:45,445 T0000: INFO  [gw3]: PASSED: routing/BGP/test_bgp.py::TestBGPIPvxRouteAdvertisementFilter::test_redistribute_static_ipv4
2024-01-06 23:36:51,491 T0000: INFO  [gw3]: EXEC: routing/BGP/test_bgp.py::TestBGPIPvxRouteAdvertisementFilter::test_distribute_list_in_ipv4
2024-01-06 23:37:00,478 T0000: INFO  [gw3]: PASSED: routing/BGP/test_bgp.py::TestBGPIPvxRouteAdvertisementFilter::test_distribute_list_in_ipv4
2024-01-06 23:37:06,635 T0000: INFO  [gw3]: EXEC: routing/BGP/test_bgp.py::TestBGPIPvxRouteAdvertisementFilter::test_filter_list_in_ipv4
2024-01-06 23:37:15,567 T0000: INFO  [gw3]: PASSED: routing/BGP/test_bgp.py::TestBGPIPvxRouteAdvertisementFilter::test_filter_list_in_ipv4
2024-01-06 23:37:21,782 T0000: INFO  [gw3]: EXEC: routing/BGP/test_bgp.py::TestBGPIPvxRouteAdvertisementFilter::test_prefix_list_out_ipv4
2024-01-06 23:37:42,875 T0000: INFO  [gw3]: PASSED: routing/BGP/test_bgp.py::TestBGPIPvxRouteAdvertisementFilter::test_prefix_list_out_ipv4
2024-01-06 23:37:49,031 T0000: INFO  [gw3]: EXEC: routing/BGP/test_bgp.py::TestBGPIPvxRouteAdvertisementFilter::test_default_originate_ipv4
2024-01-06 23:37:58,505 T0000: INFO  [gw3]: PASSED: routing/BGP/test_bgp.py::TestBGPIPvxRouteAdvertisementFilter::test_default_originate_ipv4
2024-01-06 23:38:04,735 T0000: INFO  [gw3]: EXEC: routing/BGP/test_bgp.py::TestBGPIPvxRouteAdvertisementFilter::test_route_map_in_ipv4
2024-01-06 23:38:05,949 T0000: INFO  [gw3]: XFAIL: routing/BGP/test_bgp.py::TestBGPIPvxRouteAdvertisementFilter::test_route_map_in_ipv4
2024-01-06 23:38:16,199 T0000: INFO  [gw3]: EXEC: routing/BGP/test_bgp.py::TestBGPIPvxRouteAdvertisementFilter::test_redistribute_connected_ipv6
2024-01-06 23:38:29,106 T0000: INFO  [gw3]: PASSED: routing/BGP/test_bgp.py::TestBGPIPvxRouteAdvertisementFilter::test_redistribute_connected_ipv6
2024-01-06 23:38:35,466 T0000: INFO  [gw3]: EXEC: routing/BGP/test_bgp.py::TestBGPIPvxRouteAdvertisementFilter::test_redistribute_static_ipv6
2024-01-06 23:38:49,838 T0000: INFO  [gw3]: PASSED: routing/BGP/test_bgp.py::TestBGPIPvxRouteAdvertisementFilter::test_redistribute_static_ipv6
2024-01-06 23:38:56,224 T0000: INFO  [gw3]: EXEC: routing/BGP/test_bgp.py::TestBGPIPvxRouteAdvertisementFilter::test_distribute_list_in_ipv6
2024-01-06 23:39:05,152 T0000: INFO  [gw3]: PASSED: routing/BGP/test_bgp.py::TestBGPIPvxRouteAdvertisementFilter::test_distribute_list_in_ipv6
2024-01-06 23:39:11,375 T0000: INFO  [gw3]: EXEC: routing/BGP/test_bgp.py::TestBGPIPvxRouteAdvertisementFilter::test_filter_list_in_ipv6
2024-01-06 23:39:16,262 T0000: INFO  [gw2]: XFAIL: routing/VRF/test_vrf_scale.py::test_vrf_scale
2024-01-06 23:39:20,330 T0000: INFO  [gw3]: PASSED: routing/BGP/test_bgp.py::TestBGPIPvxRouteAdvertisementFilter::test_filter_list_in_ipv6
2024-01-06 23:39:22,711 T0000: INFO  [gw2]: EXEC: routing/VRF/test_vrf_scale.py::test_vrf_route_leak
2024-01-06 23:39:26,584 T0000: INFO  [gw3]: EXEC: routing/BGP/test_bgp.py::TestBGPIPvxRouteAdvertisementFilter::test_prefix_list_out_ipv6
2024-01-06 23:39:36,006 T0000: INFO  [gw3]: PASSED: routing/BGP/test_bgp.py::TestBGPIPvxRouteAdvertisementFilter::test_prefix_list_out_ipv6
2024-01-06 23:39:42,207 T0000: INFO  [gw3]: EXEC: routing/BGP/test_bgp.py::TestBGPIPvxRouteAdvertisementFilter::test_filter_list_out_ipv6
2024-01-06 23:39:51,653 T0000: INFO  [gw3]: PASSED: routing/BGP/test_bgp.py::TestBGPIPvxRouteAdvertisementFilter::test_filter_list_out_ipv6
2024-01-06 23:39:57,761 T0000: INFO  [gw3]: EXEC: routing/BGP/test_bgp.py::TestBGPIPvxRouteAdvertisementFilter::test_default_originate_ipv6
2024-01-06 23:40:07,183 T0000: INFO  [gw3]: PASSED: routing/BGP/test_bgp.py::TestBGPIPvxRouteAdvertisementFilter::test_default_originate_ipv6
2024-01-06 23:40:17,433 T0000: INFO  [gw3]: EXEC: routing/BGP/test_bgp.py::TestBGPIPvxRouteAdvertisementFilter::test_route_map_in_ipv6
2024-01-06 23:40:22,290 T0000: INFO  [gw3]: XFAIL: routing/BGP/test_bgp.py::TestBGPIPvxRouteAdvertisementFilter::test_route_map_in_ipv6
2024-01-06 23:40:34,251 T0000: INFO  [gw3]: EXEC: routing/BGP/test_bgp.py::TestBGPIPvxRouteAdvertisementFilter::test_bgp_route_map_with_community
2024-01-06 23:40:52,560 T0000: INFO  [gw3]: PASSED: routing/BGP/test_bgp.py::TestBGPIPvxRouteAdvertisementFilter::test_bgp_route_map_with_community
2024-01-06 23:40:58,490 T0000: INFO  [gw3]: EXEC: routing/BGP/test_bgp.py::TestBGPIPvxRouteAdvertisementFilter::test_bgp_ebgp4_nbr_update_source
2024-01-06 23:41:15,416 T0000: INFO  [gw3]: PASSED: routing/BGP/test_bgp.py::TestBGPIPvxRouteAdvertisementFilter::test_bgp_ebgp4_nbr_update_source
2024-01-06 23:41:23,971 T0000: INFO  [gw2]: PASSED: routing/VRF/test_vrf_scale.py::test_vrf_route_leak
2024-01-06 23:41:31,460 T0000: INFO  [gw2]: EXEC: routing/VRF/test_vrf_scale.py::test_vrf_bgp
2024-01-06 23:41:32,017 T0000: INFO  [gw3]: EXEC: routing/BGP/test_bgp.py::TestBGPIPvxRouteAdvertisementFilter::test_bgp_ebgp4_nbr_authentication
2024-01-06 23:43:44,164 T0000: INFO  [gw3]: PASSED: routing/BGP/test_bgp.py::TestBGPIPvxRouteAdvertisementFilter::test_bgp_ebgp4_nbr_authentication
2024-01-06 23:43:50,300 T0000: INFO  [gw3]: EXEC: routing/BGP/test_bgp.py::TestBGPIPvxRouteAdvertisementFilter::test_route_aggregate_ipv6
2024-01-06 23:44:09,730 T0000: INFO  [gw3]: PASSED: routing/BGP/test_bgp.py::TestBGPIPvxRouteAdvertisementFilter::test_route_aggregate_ipv6
2024-01-06 23:44:16,185 T0000: INFO  [gw3]: EXEC: routing/BGP/test_bgp.py::TestBGPIPvxRouteAdvertisementFilter::test_static_blackhole_rt_redistribute_with_routemap_ipv6
2024-01-06 23:44:28,428 T0000: INFO  [gw3]: PASSED: routing/BGP/test_bgp.py::TestBGPIPvxRouteAdvertisementFilter::test_static_blackhole_rt_redistribute_with_routemap_ipv6
2024-01-06 23:46:09,721 T0000: INFO  [gw3]: EXEC: routing/BGP/test_bgp.py::TestBGPVeLag::test_ft_bgp_clear
2024-01-06 23:46:19,024 T0000: INFO  [gw3]: PASSED: routing/BGP/test_bgp.py::TestBGPVeLag::test_ft_bgp_clear
2024-01-06 23:46:24,649 T0000: INFO  [gw3]: EXEC: routing/BGP/test_bgp.py::TestBGPVeLag::test_ft_bgp_peer_traffic_check
2024-01-06 23:49:46,063 T0000: INFO  [gw3]: PASSED: routing/BGP/test_bgp.py::TestBGPVeLag::test_ft_bgp_peer_traffic_check
2024-01-06 23:51:00,867 T0000: INFO  [gw3]: EXEC: routing/BGP/test_bgp.py::TestBGPL3Lag::test_ft_bgp_l3lag_peer_traffic_check
2024-01-06 23:54:08,903 T0000: INFO  [gw2]: XFAIL: routing/VRF/test_vrf_scale.py::test_vrf_bgp
2024-01-06 23:54:16,661 T0000: INFO  [gw2]: EXEC: routing/VRF/test_vrf_scale.py::test_vrf_reload
2024-01-06 23:54:22,250 T0000: INFO  [gw3]: PASSED: routing/BGP/test_bgp.py::TestBGPL3Lag::test_ft_bgp_l3lag_peer_traffic_check
2024-01-07 00:04:09,466 T0000: INFO  [gw2]: XFAIL: routing/VRF/test_vrf_scale.py::test_vrf_reload
2024-01-07 00:06:22,679 T0000: INFO  [gw3]: EXEC: routing/VRF/test_vrf.py::test_VrfFun001_06
2024-01-07 00:06:57,825 T0000: INFO  [gw3]: XFAIL: routing/VRF/test_vrf.py::test_VrfFun001_06
2024-01-07 00:07:02,963 T0000: INFO  [gw3]: EXEC: routing/VRF/test_vrf.py::test_VrfFun_26_27
2024-01-07 00:07:26,125 T0000: INFO  [gw3]: PASSED: routing/VRF/test_vrf.py::test_VrfFun_26_27
2024-01-07 00:07:32,616 T0000: INFO  [gw3]: EXEC: routing/VRF/test_vrf.py::test_VrfFun_10_12_14
2024-01-07 00:08:37,953 T0000: INFO  [gw3]: XFAIL: routing/VRF/test_vrf.py::test_VrfFun_10_12_14
2024-01-07 00:09:59,184 T0000: INFO  [gw3]: EXEC: routing/VRF/test_vrf.py::test_VrfFun_20_24_25_32_33_44_45
2024-01-07 00:10:41,110 T0000: INFO  [gw3]: XFAIL: routing/VRF/test_vrf.py::test_VrfFun_20_24_25_32_33_44_45
2024-01-07 00:10:53,943 T0000: INFO  ============== NODE(gw2) DEAD gw2
2024-01-07 00:10:53,944 T0000: INFO  ============== Completed gw2 Failed to module init one or more devices in topology Failed to module init one or more devices in topology
2024-01-07 00:10:54,492 T0000: INFO  [gw2]: ===== unfinished test cases
 - routing/test_ip.py::test_l3_v4_route_po_1
 - routing/test_ip.py::test_ft_ping_v4_v6_vlan
 - routing/test_ip.py::test_ft_ping_v4_v6_after_ip_change_pc
 - routing/test_ip.py::test_ft_ip6_static_route_traffic_forward_blackhole
 - routing/test_ip.py::test_ft_ip_static_route_traffic_forward
 - routing/test_ip.py::test_ft_ip_v4_v6_L2_L3_translation
 - routing/test_ip.py::test_ft_verify_interfaces_order
2024-01-07 00:10:54,564 T0000: INFO  [gw6]: ===== Assigned Pre-Tests
2024-01-07 00:10:54,565 T0000: INFO  [gw5]: ===== Assigned Pre-Tests
2024-01-07 00:11:00,000 T0000: INFO  [gw3]: EXEC: routing/VRF/test_vrf.py::test_VrfFun_05_50
2024-01-07 00:16:33,856 T0000: INFO  [gw6]: EXEC: routing/NAT/test_nat.py::test_ft_nat_docker_restart
2024-01-07 00:16:35,487 T0000: INFO  [gw5]: EXEC: routing/test_l3_performance.py::test_ft_l3_performance_enhancements_v4_route_intstall_withdraw
2024-01-07 00:17:13,383 T0000: INFO  [gw5]: XFAIL: routing/test_l3_performance.py::test_ft_l3_performance_enhancements_v4_route_intstall_withdraw
2024-01-07 00:17:17,705 T0000: INFO  [gw6]: PASSED: routing/NAT/test_nat.py::test_ft_nat_docker_restart
2024-01-07 00:17:23,584 T0000: INFO  [gw5]: EXEC: routing/test_l3_performance.py::test_cli_validation_ip_address
2024-01-07 00:17:46,737 T0000: INFO  [gw3]: XFAIL: routing/VRF/test_vrf.py::test_VrfFun_05_50
2024-01-07 00:18:29,913 T0000: INFO  [gw5]: PASSED: routing/test_l3_performance.py::test_cli_validation_ip_address
2024-01-07 00:18:34,930 T0000: INFO  [gw5]: EXEC: routing/test_l3_performance.py::test_cli_validation_bgp_router_config
2024-01-07 00:18:52,203 T0000: INFO  [gw5]: PASSED: routing/test_l3_performance.py::test_cli_validation_bgp_router_config
2024-01-07 00:21:52,581 T0000: INFO  [gw3]: EXEC: system/test_sflow.py::test_ft_sflow_sampling_v6_sFlow_collector
2024-01-07 00:22:52,978 T0000: INFO  [gw6]: EXEC: routing/test_arp.py::test_ft_arp_dynamic_renew_traffic_test
2024-01-07 00:24:04,806 T0000: INFO  [gw3]: XFAIL: system/test_sflow.py::test_ft_sflow_sampling_v6_sFlow_collector
2024-01-07 00:24:09,235 T0000: INFO  [gw6]: XFAIL: routing/test_arp.py::test_ft_arp_dynamic_renew_traffic_test
2024-01-07 00:24:15,266 T0000: INFO  [gw3]: EXEC: system/test_sflow.py::test_ft_sflow_max_sflow_collector_config
2024-01-07 00:24:41,535 T0000: INFO  [gw3]: PASSED: system/test_sflow.py::test_ft_sflow_max_sflow_collector_config
2024-01-07 00:24:46,453 T0000: INFO  [gw3]: EXEC: system/test_sflow.py::test_ft_system_config_mgmt_verifying_config_with_save_reboot_sflow
2024-01-07 00:25:04,823 T0000: INFO  [gw5]: EXEC: qos/test_qos_save_reboot.py::test_ft_qos_config_mgmt_verifying_config_with_save_reboot
2024-01-07 00:26:10,658 T0000: INFO  [gw3]: PASSED: system/test_sflow.py::test_ft_system_config_mgmt_verifying_config_with_save_reboot_sflow
2024-01-07 00:28:18,993 T0000: INFO  [gw5]: PASSED: qos/test_qos_save_reboot.py::test_ft_qos_config_mgmt_verifying_config_with_save_reboot
2024-01-07 00:29:23,015 T0000: INFO  [gw6]: EXEC: system/test_device_mgmt.py::test_ft_ip_static_ip_on_mgmt_intrf
2024-01-07 00:29:42,001 T0000: INFO  [gw6]: PASSED: system/test_device_mgmt.py::test_ft_ip_static_ip_on_mgmt_intrf
2024-01-07 00:32:13,667 T0000: INFO  ============== NODE(gw6) FINISH gw6
2024-01-07 00:32:13,667 T0000: INFO  ============== Completed gw6  
2024-01-07 00:32:59,879 T0000: INFO  [gw5]: EXEC: routing/test_ndp.py::test_ft_ipv6_neighbor_entry
2024-01-07 00:33:10,615 T0000: INFO  [gw5]: PASSED: routing/test_ndp.py::test_ft_ipv6_neighbor_entry
2024-01-07 00:34:42,043 T0000: INFO  [gw3]: EXEC: routing/BGP/test_bgp_rr_traffic.py::TestBGPRrTraffic::test_ft_bgp6_rr_traffic_check
2024-01-07 00:35:29,875 T0000: INFO  ============== NODE(gw5) FINISH gw5
2024-01-07 00:35:29,888 T0000: INFO  ============== Completed gw5  
2024-01-07 00:37:11,643 T0000: INFO  [gw3]: PASSED: routing/BGP/test_bgp_rr_traffic.py::TestBGPRrTraffic::test_ft_bgp6_rr_traffic_check
2024-01-07 00:41:56,952 T0000: INFO  [gw3]: EXEC: sanity/test_sanity_l3.py::test_l2_to_l3_port
2024-01-07 00:43:34,794 T0000: INFO  [gw3]: XFAIL: sanity/test_sanity_l3.py::test_l2_to_l3_port
2024-01-07 00:50:42,377 T0000: INFO  ============== NODE(gw3) FINISH gw3
2024-01-07 00:50:42,377 T0000: INFO  ============== Completed gw3  
2024-01-07 00:50:42,490 T0000: INFO  ============== NODE(gw7) FINISH gw7
2024-01-07 00:50:42,491 T0000: INFO  ============== Completed gw7  
2024-01-07 00:50:42,617 T0000: INFO  ============== NODE(gw4) FINISH gw4
2024-01-07 00:50:42,618 T0000: INFO  ============== Completed gw4  
2024-01-07 00:50:42,674 T0000: INFO  update free pod devices ['V1', 'V2', 'V3', 'V4']
2024-01-07 00:50:42,676 T0000: INFO  update free pod devices ['unknown:V1', 'unknown:V2', 'unknown:V3', 'unknown:V4']
