2024-01-02 00:21:38,676 T0002: [D1-V3] ['export TMOUT=0', 'stty cols 5000', 'uptime']
2024-01-02 00:21:39,342 T0002: [D1-V3] cat /proc/uptime
2024-01-02 00:21:40,010 T0002: [D1-V3] sudo vtysh -c 'show running-config | include hostname'
2024-01-02 00:21:46,697 T0002: [D1-V3] /sbin/ip link set dev eth0 up
2024-01-02 00:21:47,367 T0002: [D1-V3] /sbin/ip route list dev eth0
2024-01-02 00:21:48,036 T0002: [D1-V3] ['export TMOUT=0', 'stty cols 5000', 'uptime']
2024-01-02 00:21:50,169 T0002: [D1-V3] /sbin/ip link set dev eth0 up
2024-01-02 00:21:50,833 T0002: [D1-V3] /sbin/ip route list dev eth0
2024-01-02 00:21:52,169 T0002: [D1-V3] show version
2024-01-02 00:21:54,955 T0002: [D1-V3] /sbin/ip link set dev eth0 up
2024-01-02 00:21:55,616 T0002: [D1-V3] /sbin/ip route list dev eth0
2024-01-02 00:21:57,754 T0002: [D1-V3] /sbin/ip link set dev eth0 up
2024-01-02 00:21:58,415 T0002: [D1-V3] /sbin/ip route list dev eth0
2024-01-02 00:22:55,606 T0000: [D1-V3] sudo show interfaces status
2024-01-02 00:22:57,717 T0000: [D1-V3] config interface startup Ethernet0
2024-01-02 00:22:58,871 T0000: [D1-V3] config interface startup Ethernet4
2024-01-02 00:22:59,978 T0000: [D1-V3] config interface startup Ethernet8
2024-01-02 00:23:01,085 T0000: [D1-V3] config interface startup Ethernet12
2024-01-02 00:23:02,259 T0000: [D1-V3] config interface shutdown Ethernet16
2024-01-02 00:23:03,415 T0000: [D1-V3] config interface shutdown Ethernet20
2024-01-02 00:23:04,522 T0000: [D1-V3] config interface shutdown Ethernet24
2024-01-02 00:23:05,627 T0000: [D1-V3] config interface shutdown Ethernet28
2024-01-02 00:23:06,730 T0000: [D1-V3] config interface shutdown Ethernet32
2024-01-02 00:23:07,835 T0000: [D1-V3] config interface shutdown Ethernet36
2024-01-02 00:23:08,939 T0000: [D1-V3] config interface shutdown Ethernet40
2024-01-02 00:23:10,094 T0000: [D1-V3] config interface shutdown Ethernet44
2024-01-02 00:23:11,254 T0000: [D1-V3] config interface shutdown Ethernet48
2024-01-02 00:23:12,410 T0000: [D1-V3] config interface shutdown Ethernet52
2024-01-02 00:23:13,570 T0000: [D1-V3] config interface shutdown Ethernet56
2024-01-02 00:23:14,726 T0000: [D1-V3] config interface shutdown Ethernet60
2024-01-02 00:23:15,882 T0000: [D1-V3] config interface shutdown Ethernet64
2024-01-02 00:23:17,038 T0000: [D1-V3] config interface shutdown Ethernet68
2024-01-02 00:23:18,192 T0000: [D1-V3] config interface shutdown Ethernet72
2024-01-02 00:23:19,350 T0000: [D1-V3] config interface shutdown Ethernet76
2024-01-02 00:23:20,506 T0000: [D1-V3] config interface shutdown Ethernet80
2024-01-02 00:23:21,663 T0000: [D1-V3] config interface shutdown Ethernet84
2024-01-02 00:23:22,819 T0000: [D1-V3] config interface shutdown Ethernet88
2024-01-02 00:23:23,977 T0000: [D1-V3] config interface shutdown Ethernet92
2024-01-02 00:23:25,134 T0000: [D1-V3] config interface shutdown Ethernet96
2024-01-02 00:23:26,287 T0000: [D1-V3] config interface shutdown Ethernet100
2024-01-02 00:23:27,442 T0000: [D1-V3] config interface shutdown Ethernet104
2024-01-02 00:23:28,647 T0000: [D1-V3] config interface shutdown Ethernet108
2024-01-02 00:23:29,802 T0000: [D1-V3] config interface shutdown Ethernet112
2024-01-02 00:23:30,958 T0000: [D1-V3] config interface shutdown Ethernet116
2024-01-02 00:23:32,114 T0000: [D1-V3] config interface shutdown Ethernet120
2024-01-02 00:23:33,218 T0000: [D1-V3] config interface shutdown Ethernet124
2024-01-02 00:23:40,448 T0000: [D1-V3] show version
2024-01-02 00:23:42,545 T0000: [D1-V3] cat /var/run/redis/sonic-db/database_config.json
2024-01-02 00:23:43,336 T0000: [D1-V3] /sbin/ifconfig eth0
2024-01-02 00:23:44,061 T0000: [D1-V3] ls /etc/sonic/bcmsim.cfg
2024-01-02 00:23:44,794 T0000: [D1-V3] no router bgp
2024-01-02 00:23:46,695 T0000: [D1-V3] config feature state sflow enabled
2024-01-02 00:23:48,855 T0000: [D1-V3] config feature state nat enabled
2024-01-02 00:23:53,183 T0000: [D1-V3] config save /tmp/config-db-V3-post-session-prolog-session.json -y
2024-01-02 00:23:54,595 T0000: [D1-V3] chmod 777 /tmp/config-db-V3-post-session-prolog-session.json
2024-01-02 00:23:56,129 T0000: [D1-V3] /sbin/ip link set dev eth0 up
2024-01-02 00:23:56,838 T0000: [D1-V3] /sbin/ip route list dev eth0
2024-01-02 00:24:05,265 T0000: [D1-V3] sudo vtysh -c 'show running-config' > /tmp/vtysh-runcfg-V3-post-session-prolog-session.txt
2024-01-02 00:24:06,170 T0000: [D1-V3] chmod 777 /tmp/vtysh-runcfg-V3-post-session-prolog-session.txt
2024-01-02 00:24:07,697 T0000: [D1-V3] /sbin/ip link set dev eth0 up
2024-01-02 00:24:08,406 T0000: [D1-V3] /sbin/ip route list dev eth0
2024-01-02 00:24:17,392 T0000: 
================== Framework Module Hook: batch/test_spytest_infra_1.py ==================
2024-01-02 00:24:17,411 T0012: [D1-V3] sudo show interfaces status Ethernet124
2024-01-02 00:24:19,977 T0013: [D1-V3] sudo show interfaces status
2024-01-02 00:24:21,957 T0000: 
================== Framework Module Hook Finish: batch/test_spytest_infra_1.py ==================
2024-01-02 00:24:21,958 T0000: 
================== Framework Function Hook: batch/test_spytest_infra_1.py::test_spytest_infra_first ==================
2024-01-02 00:24:25,049 T0014: [D1-V3] sudo show interfaces status
2024-01-02 00:24:27,049 T0000: [D1-V3] sudo show interfaces status Ethernet124
2024-01-02 00:24:29,995 T0000: 
================== Framework Function Hook Finish: batch/test_spytest_infra_1.py::test_spytest_infra_first ==================
2024-01-02 00:24:29,999 T0000: 
================== Test Execution: batch/test_spytest_infra_1.py::test_spytest_infra_first ==================
2024-01-02 00:24:30,017 T0000: 
================== Framework Function Hook Finalize: batch/test_spytest_infra_1.py::test_spytest_infra_first ==================
2024-01-02 00:24:30,210 T0000: 
================== Framework Function Hook: batch/test_spytest_infra_1.py::test_spytest_infra_second ==================
2024-01-02 00:24:30,231 T0015: [D1-V3] sudo show interfaces status
2024-01-02 00:24:32,145 T0000: [D1-V3] sudo show interfaces status Ethernet124
2024-01-02 00:24:35,112 T0000: 
================== Framework Function Hook Finish: batch/test_spytest_infra_1.py::test_spytest_infra_second ==================
2024-01-02 00:24:35,114 T0000: 
================== Test Execution: batch/test_spytest_infra_1.py::test_spytest_infra_second ==================
2024-01-02 00:24:35,133 T0000: 
================== Framework Function Hook Finalize: batch/test_spytest_infra_1.py::test_spytest_infra_second ==================
2024-01-02 00:24:35,147 T0000: [D1-V3] sudo show interfaces status Ethernet124
2024-01-02 00:24:38,023 T0000: 
================== Framework Module Hook Finalize: batch/test_spytest_infra_1.py Pass: 2/2 ==================
2024-01-02 00:24:38,023 T0000: 
================== Devices used: batch/test_spytest_infra_1.py 1 ['V3'] ==================
2024-01-02 00:24:38,440 T0000: 
================== Framework Module Hook: routing/NAT/test_nat.py ==================
2024-01-02 00:24:38,453 T0016: [D1-V3] sudo show interfaces status Ethernet124
2024-01-02 00:24:40,967 T0017: [D1-V3] sudo show interfaces status
2024-01-02 00:24:43,015 T0000: [D1-V3] config save /tmp/config-db-V3-pre-module-prolog-routing-NAT-test_nat.py.json -y
2024-01-02 00:24:44,428 T0000: [D1-V3] chmod 777 /tmp/config-db-V3-pre-module-prolog-routing-NAT-test_nat.py.json
2024-01-02 00:24:46,011 T0000: [D1-V3] /sbin/ip link set dev eth0 up
2024-01-02 00:24:46,722 T0000: [D1-V3] /sbin/ip route list dev eth0
2024-01-02 00:24:55,172 T0000: [D1-V3] sudo vtysh -c 'show running-config' > /tmp/vtysh-runcfg-V3-pre-module-prolog-routing-NAT-test_nat.py.txt
2024-01-02 00:24:56,132 T0000: [D1-V3] chmod 777 /tmp/vtysh-runcfg-V3-pre-module-prolog-routing-NAT-test_nat.py.txt
2024-01-02 00:24:57,661 T0000: [D1-V3] /sbin/ip link set dev eth0 up
2024-01-02 00:24:58,362 T0000: [D1-V3] /sbin/ip route list dev eth0
2024-01-02 00:25:06,825 T0000: 
================== Framework Module Hook Finish: routing/NAT/test_nat.py ==================
2024-01-02 00:25:06,826 T0000: 
================== Module Hook: routing/NAT/test_nat.py nat_module_config ==================
2024-01-02 00:25:06,828 T0000: [D1-V3] show platform summary
2024-01-02 00:25:08,075 T0026: [D1-V3] config interface ip add Ethernet0 12.12.0.1/16
2024-01-02 00:25:09,197 T0026: [D1-V3] config interface ip add Ethernet4 125.56.90.12/24
2024-01-02 00:25:10,319 T0026: [D1-V3] config interface ip add Ethernet4 125.56.90.13/24
2024-01-02 00:25:11,442 T0026: [D1-V3] config interface ip add Ethernet4 125.56.90.14/24
2024-01-02 00:25:12,566 T0026: [D1-V3] config interface ip add Ethernet4 125.56.90.15/24
2024-01-02 00:25:13,690 T0026: [D1-V3] config interface ip add Ethernet4 125.56.90.23/24
2024-01-02 00:25:14,813 T0026: [D1-V3] config interface ip add Ethernet4 125.56.90.24/24
2024-01-02 00:25:16,085 T0026: [D1-V3] /sbin/ifconfig Ethernet0
2024-01-02 00:25:16,765 T0026: [D1-V3] ip route 129.2.30.0/24 125.56.90.1
2024-01-02 00:25:18,665 T0026: [D1-V3] ip route 88.98.128.0/24 12.12.0.2
2024-01-02 00:25:19,383 T0026: [D1-V3] ip route 99.99.99.0/24 125.56.90.1
2024-01-02 00:25:20,150 T0026: [D1-V3] config nat feature enable
2024-01-02 00:25:22,395 T0026: [D1-V3] config nat add interface Ethernet0 -nat_zone 0
2024-01-02 00:25:23,515 T0026: [D1-V3] config nat add interface Ethernet4 -nat_zone 1
2024-01-02 00:25:24,636 T0026: [D1-V3] config nat add static basic 125.56.90.12 12.12.0.2  -nat_type dnat
2024-01-02 00:25:25,757 T0026: [D1-V3] config nat add static tcp 125.56.90.13 100 12.12.0.3 1002 -nat_type dnat
2024-01-02 00:25:26,878 T0026: [D1-V3] config nat add static udp 12.12.0.4 7781 125.56.90.14 7811 -nat_type snat
2024-01-02 00:25:27,997 T0026: [D1-V3] config nat add static basic 88.98.128.2 11.11.11.2  -nat_type snat
2024-01-02 00:25:29,117 T0026: [D1-V3] config nat add static basic 125.56.90.15 12.12.0.5  -nat_type dnat -twice_nat_id 100
2024-01-02 00:25:30,286 T0026: [D1-V3] config nat add static basic 99.99.99.1 15.15.0.1  -nat_type snat -twice_nat_id 100
2024-01-02 00:25:31,408 T0026: [D1-V3] show nat translations
2024-01-02 00:25:32,707 T0026: [D1-V3] config nat add pool pool_123_nat  125.56.90.23-125.56.90.24 333-334
2024-01-02 00:25:33,827 T0026: [D1-V3] config nat add binding bind_1 pool_123_nat
2024-01-02 00:25:45,875 T0000: 
================== Module Hook Finish: routing/NAT/test_nat.py nat_module_config ==================
2024-01-02 00:25:45,876 T0000: 
================== Framework Function Hook: routing/NAT/test_nat.py::test_ft_nat_docker_restart ==================
2024-01-02 00:25:45,885 T0000: [D1-V3] config save /tmp/config-db-V3-post-module-prolog-routing-NAT-test_nat.py.json -y
2024-01-02 00:25:47,304 T0000: [D1-V3] chmod 777 /tmp/config-db-V3-post-module-prolog-routing-NAT-test_nat.py.json
2024-01-02 00:25:48,838 T0000: [D1-V3] /sbin/ip link set dev eth0 up
2024-01-02 00:25:49,549 T0000: [D1-V3] /sbin/ip route list dev eth0
2024-01-02 00:25:58,357 T0000: [D1-V3] sudo vtysh -c 'show running-config' > /tmp/vtysh-runcfg-V3-post-module-prolog-routing-NAT-test_nat.py.txt
2024-01-02 00:25:59,314 T0000: [D1-V3] chmod 777 /tmp/vtysh-runcfg-V3-post-module-prolog-routing-NAT-test_nat.py.txt
2024-01-02 00:26:00,847 T0000: [D1-V3] /sbin/ip link set dev eth0 up
2024-01-02 00:26:01,555 T0000: [D1-V3] /sbin/ip route list dev eth0
2024-01-02 00:26:13,120 T0035: [D1-V3] sudo show interfaces status
2024-01-02 00:26:15,025 T0000: [D1-V3] sudo show interfaces status Ethernet124
2024-01-02 00:26:17,978 T0000: 
================== Framework Function Hook Finish: routing/NAT/test_nat.py::test_ft_nat_docker_restart ==================
2024-01-02 00:26:17,979 T0000: 
================== Function Hook: routing/NAT/test_nat.py nat_func_hooks ==================
2024-01-02 00:26:17,987 T0000: [D1-V3] sonic-clear counters
2024-01-02 00:26:19,743 T0000: [D1-V3] sonic-clear nat statistics
2024-01-02 00:26:20,950 T0000: 
================== Function Hook Finish: routing/NAT/test_nat.py nat_func_hooks ==================
2024-01-02 00:26:20,954 T0000: 
================== Test Execution: routing/NAT/test_nat.py::test_ft_nat_docker_restart ==================
2024-01-02 00:26:29,999 T0000: [D1-V3] systemctl stop nat
2024-01-02 00:26:51,103 T0000: [D1-V3] systemctl start nat
2024-01-02 00:27:03,335 T0000: [D1-V3] show nat translations
2024-01-02 00:27:04,634 T0000: [D1-V3] show nat translations
2024-01-02 00:27:05,928 T0000: 
================== Function Hook Finalize: routing/NAT/test_nat.py nat_func_hooks ==================
2024-01-02 00:27:05,946 T0000: 
================== Framework Function Hook Finalize: routing/NAT/test_nat.py::test_ft_nat_docker_restart ==================
2024-01-02 00:27:05,954 T0000: [D1-V3] config save /tmp/config-db-V3-pre-module-epilog-routing-NAT-test_nat.py.json -y
2024-01-02 00:27:07,313 T0000: [D1-V3] chmod 777 /tmp/config-db-V3-pre-module-epilog-routing-NAT-test_nat.py.json
2024-01-02 00:27:08,850 T0000: [D1-V3] /sbin/ip link set dev eth0 up
2024-01-02 00:27:09,561 T0000: [D1-V3] /sbin/ip route list dev eth0
2024-01-02 00:27:20,021 T0000: [D1-V3] sudo vtysh -c 'show running-config' > /tmp/vtysh-runcfg-V3-pre-module-epilog-routing-NAT-test_nat.py.txt
2024-01-02 00:27:20,975 T0000: [D1-V3] chmod 777 /tmp/vtysh-runcfg-V3-pre-module-epilog-routing-NAT-test_nat.py.txt
2024-01-02 00:27:22,502 T0000: [D1-V3] /sbin/ip link set dev eth0 up
2024-01-02 00:27:23,210 T0000: [D1-V3] /sbin/ip route list dev eth0
2024-01-02 00:27:32,444 T0000: [D1-V3] config nat remove interface Ethernet0
2024-01-02 00:27:33,601 T0000: [D1-V3] config nat remove interface Ethernet4
2024-01-02 00:27:34,758 T0000: [D1-V3] sudo config nat remove static all;sudo config nat remove bindings;sudo config nat remove pools;
2024-01-02 00:27:36,870 T0000: [D1-V3] config nat feature disable
2024-01-02 00:27:38,078 T0000: [D1-V3] no ip route 129.2.30.0/24 125.56.90.1
2024-01-02 00:27:40,028 T0000: [D1-V3] show ip interface
2024-01-02 00:27:42,647 T0000: [D1-V3] config interface ip remove Ethernet0 12.12.0.1/16
2024-01-02 00:27:44,502 T0000: 
================== Module Hook Finalize: routing/NAT/test_nat.py nat_module_config ==================
2024-01-02 00:27:44,510 T0000: [D1-V3] config save /tmp/config-db-V3-post-module-epilog-routing-NAT-test_nat.py.json -y
2024-01-02 00:27:45,865 T0000: [D1-V3] chmod 777 /tmp/config-db-V3-post-module-epilog-routing-NAT-test_nat.py.json
2024-01-02 00:27:47,388 T0000: [D1-V3] /sbin/ip link set dev eth0 up
2024-01-02 00:27:48,098 T0000: [D1-V3] /sbin/ip route list dev eth0
2024-01-02 00:27:58,182 T0000: [D1-V3] sudo vtysh -c 'show running-config' > /tmp/vtysh-runcfg-V3-post-module-epilog-routing-NAT-test_nat.py.txt
2024-01-02 00:27:59,848 T0000: [D1-V3] chmod 777 /tmp/vtysh-runcfg-V3-post-module-epilog-routing-NAT-test_nat.py.txt
2024-01-02 00:28:01,382 T0000: [D1-V3] /sbin/ip link set dev eth0 up
2024-01-02 00:28:02,091 T0000: [D1-V3] /sbin/ip route list dev eth0
2024-01-02 00:28:10,528 T0000: [D1-V3] sudo show interfaces status Ethernet124
2024-01-02 00:28:13,155 T0000: 
================== Framework Module Hook Finalize: routing/NAT/test_nat.py Pass: 1/1 ==================
2024-01-02 00:28:13,156 T0000: 
================== Devices used: routing/NAT/test_nat.py 1 ['V3'] ==================
2024-01-02 00:28:14,294 T0000: 
================== Framework Module Hook: batch/test_spytest_infra_1.py ==================
2024-01-02 00:28:14,308 T0052: [D1-V3] no router bgp
2024-01-02 00:28:16,110 T0052: [D1-V3] config feature state sflow enabled
2024-01-02 00:28:18,159 T0052: [D1-V3] config feature state nat enabled
2024-01-02 00:28:53,555 T0052: [D1-V3] /sbin/ip link set dev eth0 up
2024-01-02 00:28:54,224 T0052: [D1-V3] /sbin/ip route list dev eth0
2024-01-02 00:28:54,908 T0052: [D1-V3] sudo show interfaces status Ethernet124
2024-01-02 00:28:57,519 T0053: [D1-V3] sudo show interfaces status
2024-01-02 00:29:04,465 T0054: [D1-V3] sudo show interfaces status
2024-01-02 00:29:11,555 T0055: [D1-V3] sudo show interfaces status
2024-01-02 00:29:18,594 T0056: [D1-V3] sudo show interfaces status
2024-01-02 00:29:20,535 T0000: 
================== Framework Module Hook Finish: batch/test_spytest_infra_1.py ==================
2024-01-02 00:29:20,537 T0000: 
================== Framework Function Hook: batch/test_spytest_infra_1.py::test_spytest_infra_last ==================
2024-01-02 00:29:23,626 T0057: [D1-V3] sudo show interfaces status
2024-01-02 00:29:25,582 T0000: [D1-V3] sudo show interfaces status Ethernet124
2024-01-02 00:29:28,583 T0000: 
================== Framework Function Hook Finish: batch/test_spytest_infra_1.py::test_spytest_infra_last ==================
2024-01-02 00:29:28,585 T0000: 
================== Test Execution: batch/test_spytest_infra_1.py::test_spytest_infra_last ==================
2024-01-02 00:29:28,604 T0000: 
================== Framework Function Hook Finalize: batch/test_spytest_infra_1.py::test_spytest_infra_last ==================
2024-01-02 00:29:28,618 T0000: [D1-V3] sudo show interfaces status Ethernet124
2024-01-02 00:29:31,338 T0000: 
================== Framework Module Hook Finalize: batch/test_spytest_infra_1.py Pass: 1/1 ==================
2024-01-02 00:29:31,338 T0000: 
================== Devices used: batch/test_spytest_infra_1.py 1 ['V3'] ==================
2024-01-02 00:29:31,750 T0000: 
================== Framework Module Hook: system/test_device_mgmt.py ==================
2024-01-02 00:29:31,765 T0058: [D1-V3] no router bgp
2024-01-02 00:29:33,564 T0058: [D1-V3] config feature state sflow enabled
2024-01-02 00:29:35,612 T0058: [D1-V3] config feature state nat enabled
2024-01-02 00:29:56,573 T0058: [D1-V3] /sbin/ip link set dev eth0 up
2024-01-02 00:29:57,242 T0058: [D1-V3] /sbin/ip route list dev eth0
2024-01-02 00:29:57,924 T0058: [D1-V3] sudo show interfaces status Ethernet124
2024-01-02 00:30:00,383 T0059: [D1-V3] sudo show interfaces status
2024-01-02 00:30:02,326 T0000: [D1-V3] config save /tmp/config-db-V3-pre-module-prolog-system-test_device_mgmt.py.json -y
2024-01-02 00:30:03,687 T0000: [D1-V3] chmod 777 /tmp/config-db-V3-pre-module-prolog-system-test_device_mgmt.py.json
2024-01-02 00:30:05,217 T0000: [D1-V3] /sbin/ip link set dev eth0 up
2024-01-02 00:30:05,926 T0000: [D1-V3] /sbin/ip route list dev eth0
2024-01-02 00:30:14,341 T0000: [D1-V3] sudo vtysh -c 'show running-config' > /tmp/vtysh-runcfg-V3-pre-module-prolog-system-test_device_mgmt.py.txt
2024-01-02 00:30:15,297 T0000: [D1-V3] chmod 777 /tmp/vtysh-runcfg-V3-pre-module-prolog-system-test_device_mgmt.py.txt
2024-01-02 00:30:16,826 T0000: [D1-V3] /sbin/ip link set dev eth0 up
2024-01-02 00:30:17,538 T0000: [D1-V3] /sbin/ip route list dev eth0
2024-01-02 00:30:25,972 T0000: 
================== Framework Module Hook Finish: system/test_device_mgmt.py ==================
2024-01-02 00:30:25,973 T0000: 
================== Module Hook: system/test_device_mgmt.py mgmt_module_hooks ==================
2024-01-02 00:30:25,974 T0000: 
================== Module Hook Finish: system/test_device_mgmt.py mgmt_module_hooks ==================
2024-01-02 00:30:25,975 T0000: 
================== Framework Function Hook: system/test_device_mgmt.py::test_ft_ip_static_ip_on_mgmt_intrf ==================
2024-01-02 00:30:25,982 T0000: [D1-V3] config save /tmp/config-db-V3-post-module-prolog-system-test_device_mgmt.py.json -y
2024-01-02 00:30:27,392 T0000: [D1-V3] chmod 777 /tmp/config-db-V3-post-module-prolog-system-test_device_mgmt.py.json
2024-01-02 00:30:28,922 T0000: [D1-V3] /sbin/ip link set dev eth0 up
2024-01-02 00:30:29,634 T0000: [D1-V3] /sbin/ip route list dev eth0
2024-01-02 00:30:38,118 T0000: [D1-V3] sudo vtysh -c 'show running-config' > /tmp/vtysh-runcfg-V3-post-module-prolog-system-test_device_mgmt.py.txt
2024-01-02 00:30:39,022 T0000: [D1-V3] chmod 777 /tmp/vtysh-runcfg-V3-post-module-prolog-system-test_device_mgmt.py.txt
2024-01-02 00:30:40,562 T0000: [D1-V3] /sbin/ip link set dev eth0 up
2024-01-02 00:30:41,271 T0000: [D1-V3] /sbin/ip route list dev eth0
2024-01-02 00:30:52,790 T0076: [D1-V3] sudo show interfaces status
2024-01-02 00:30:54,805 T0000: [D1-V3] sudo show interfaces status Ethernet124
2024-01-02 00:30:57,805 T0000: 
================== Framework Function Hook Finish: system/test_device_mgmt.py::test_ft_ip_static_ip_on_mgmt_intrf ==================
2024-01-02 00:30:57,807 T0000: 
================== Function Hook: system/test_device_mgmt.py mgmt_func_hooks ==================
2024-01-02 00:30:57,809 T0000: 
================== Function Hook Finish: system/test_device_mgmt.py mgmt_func_hooks ==================
2024-01-02 00:30:57,810 T0000: 
================== Test Execution: system/test_device_mgmt.py::test_ft_ip_static_ip_on_mgmt_intrf ==================
2024-01-02 00:30:57,811 T0000: [D1-V3] dhclient  eth0
2024-01-02 00:31:03,641 T0000: [D1-V3] /sbin/ifconfig eth0
2024-01-02 00:31:04,374 T0000: [D1-V3] /sbin/ifconfig eth0
2024-01-02 00:31:05,094 T0000: [D1-V3] sudo route -n
2024-01-02 00:31:05,827 T0000: [D1-V3] ifconfig eth0 192.168.122.232 netmask 255.255.255.0
2024-01-02 00:31:06,528 T0000: [D1-V3] ip route add default via 192.168.122.1
2024-01-02 00:31:07,236 T0000: [D1-V3] ping -4 192.168.122.1 -c 3 
2024-01-02 00:31:10,008 T0000: [D1-V3] ip addr del 192.168.122.232/255.255.255.0 dev eth0
2024-01-02 00:31:10,719 T0000: [D1-V3] /sbin/ifconfig eth0
2024-01-02 00:31:11,435 T0000: [D1-V3] dhclient  eth0
2024-01-02 00:31:12,241 T0000: [D1-V3] ping -4 192.168.122.1 -c 3 
2024-01-02 00:31:15,015 T0000: 
================== Function Hook Finalize: system/test_device_mgmt.py mgmt_func_hooks ==================
2024-01-02 00:31:15,042 T0000: 
================== Framework Function Hook Finalize: system/test_device_mgmt.py::test_ft_ip_static_ip_on_mgmt_intrf ==================
2024-01-02 00:31:15,050 T0000: [D1-V3] config save /tmp/config-db-V3-pre-module-epilog-system-test_device_mgmt.py.json -y
2024-01-02 00:31:16,458 T0000: [D1-V3] chmod 777 /tmp/config-db-V3-pre-module-epilog-system-test_device_mgmt.py.json
2024-01-02 00:31:17,985 T0000: [D1-V3] /sbin/ip link set dev eth0 up
2024-01-02 00:31:18,694 T0000: [D1-V3] /sbin/ip route list dev eth0
2024-01-02 00:31:27,150 T0000: [D1-V3] sudo vtysh -c 'show running-config' > /tmp/vtysh-runcfg-V3-pre-module-epilog-system-test_device_mgmt.py.txt
2024-01-02 00:31:28,155 T0000: [D1-V3] chmod 777 /tmp/vtysh-runcfg-V3-pre-module-epilog-system-test_device_mgmt.py.txt
2024-01-02 00:31:29,686 T0000: [D1-V3] /sbin/ip link set dev eth0 up
2024-01-02 00:31:30,397 T0000: [D1-V3] /sbin/ip route list dev eth0
2024-01-02 00:31:38,821 T0000: 
================== Module Hook Finalize: system/test_device_mgmt.py mgmt_module_hooks ==================
2024-01-02 00:31:38,829 T0000: [D1-V3] config save /tmp/config-db-V3-post-module-epilog-system-test_device_mgmt.py.json -y
2024-01-02 00:31:40,292 T0000: [D1-V3] chmod 777 /tmp/config-db-V3-post-module-epilog-system-test_device_mgmt.py.json
2024-01-02 00:31:41,835 T0000: [D1-V3] /sbin/ip link set dev eth0 up
2024-01-02 00:31:42,540 T0000: [D1-V3] /sbin/ip route list dev eth0
2024-01-02 00:31:50,978 T0000: [D1-V3] sudo vtysh -c 'show running-config' > /tmp/vtysh-runcfg-V3-post-module-epilog-system-test_device_mgmt.py.txt
2024-01-02 00:31:51,931 T0000: [D1-V3] chmod 777 /tmp/vtysh-runcfg-V3-post-module-epilog-system-test_device_mgmt.py.txt
2024-01-02 00:31:53,460 T0000: [D1-V3] /sbin/ip link set dev eth0 up
2024-01-02 00:31:54,170 T0000: [D1-V3] /sbin/ip route list dev eth0
2024-01-02 00:32:02,622 T0000: [D1-V3] sudo show interfaces status Ethernet124
2024-01-02 00:32:05,347 T0000: 
================== Framework Module Hook Finalize: system/test_device_mgmt.py Pass: 1/1 ==================
2024-01-02 00:32:05,347 T0000: 
================== Devices used: system/test_device_mgmt.py 1 ['V3'] ==================
2024-01-02 00:32:05,889 T0000: 
================== Framework Module Hook: batch/test_spytest_infra_1.py ==================
2024-01-02 00:32:05,905 T0093: [D1-V3] no router bgp
2024-01-02 00:32:07,703 T0093: [D1-V3] config feature state sflow enabled
2024-01-02 00:32:09,740 T0093: [D1-V3] config feature state nat enabled
2024-01-02 00:32:30,698 T0093: [D1-V3] /sbin/ip link set dev eth0 up
2024-01-02 00:32:31,368 T0093: [D1-V3] /sbin/ip route list dev eth0
2024-01-02 00:32:32,048 T0093: [D1-V3] sudo show interfaces status Ethernet124
2024-01-02 00:32:34,555 T0094: [D1-V3] sudo show interfaces status
2024-01-02 00:32:36,552 T0000: 
================== Framework Module Hook Finish: batch/test_spytest_infra_1.py ==================
2024-01-02 00:32:36,553 T0000: 
================== Framework Function Hook: batch/test_spytest_infra_1.py::test_spytest_infra_last ==================
2024-01-02 00:32:39,649 T0095: [D1-V3] sudo show interfaces status
2024-01-02 00:32:41,608 T0000: [D1-V3] sudo show interfaces status Ethernet124
2024-01-02 00:32:44,616 T0000: 
================== Framework Function Hook Finish: batch/test_spytest_infra_1.py::test_spytest_infra_last ==================
2024-01-02 00:32:44,622 T0000: 
================== Test Execution: batch/test_spytest_infra_1.py::test_spytest_infra_last ==================
2024-01-02 00:32:44,643 T0000: 
================== Framework Function Hook Finalize: batch/test_spytest_infra_1.py::test_spytest_infra_last ==================
2024-01-02 00:32:44,658 T0000: [D1-V3] sudo show interfaces status Ethernet124
2024-01-02 00:32:47,334 T0000: 
================== Framework Module Hook Finalize: batch/test_spytest_infra_1.py Pass: 1/1 ==================
2024-01-02 00:32:47,334 T0000: 
================== Devices used: batch/test_spytest_infra_1.py 1 ['V3'] ==================
2024-01-02 00:32:47,747 T0000: 
================== Framework Module Hook: routing/test_arp.py ==================
2024-01-02 00:32:47,762 T0096: [D1-V3] no router bgp
2024-01-02 00:32:49,567 T0096: [D1-V3] config feature state sflow enabled
2024-01-02 00:32:51,613 T0096: [D1-V3] config feature state nat enabled
2024-01-02 00:33:12,582 T0096: [D1-V3] /sbin/ip link set dev eth0 up
2024-01-02 00:33:13,304 T0096: [D1-V3] /sbin/ip route list dev eth0
2024-01-02 00:33:13,984 T0096: [D1-V3] sudo show interfaces status Ethernet124
2024-01-02 00:33:16,589 T0097: [D1-V3] sudo show interfaces status
2024-01-02 00:33:18,595 T0000: [D1-V3] config save /tmp/config-db-V3-pre-module-prolog-routing-test_arp.py.json -y
2024-01-02 00:33:19,958 T0000: [D1-V3] chmod 777 /tmp/config-db-V3-pre-module-prolog-routing-test_arp.py.json
2024-01-02 00:33:21,485 T0000: [D1-V3] /sbin/ip link set dev eth0 up
2024-01-02 00:33:22,196 T0000: [D1-V3] /sbin/ip route list dev eth0
2024-01-02 00:33:30,650 T0000: [D1-V3] sudo vtysh -c 'show running-config' > /tmp/vtysh-runcfg-V3-pre-module-prolog-routing-test_arp.py.txt
2024-01-02 00:33:31,613 T0000: [D1-V3] chmod 777 /tmp/vtysh-runcfg-V3-pre-module-prolog-routing-test_arp.py.txt
2024-01-02 00:33:33,146 T0000: [D1-V3] /sbin/ip link set dev eth0 up
2024-01-02 00:33:33,851 T0000: [D1-V3] /sbin/ip route list dev eth0
2024-01-02 00:33:42,294 T0000: 
================== Framework Module Hook Finish: routing/test_arp.py ==================
2024-01-02 00:33:42,295 T0000: 
================== Module Hook: routing/test_arp.py arp_module_hooks ==================
2024-01-02 00:33:42,306 T0000: [D1-V3] /sbin/ifconfig Ethernet0
2024-01-02 00:33:43,033 T0000: [D1-V3] config interface ip add Ethernet0 192.168.11.1/24
2024-01-02 00:33:44,187 T0000: [D1-V3] ['config vlan add 64']
2024-01-02 00:33:45,302 T0000: [D1-V3] config vlan member add 64 Ethernet4
2024-01-02 00:33:46,472 T0000: [D1-V3] config interface ip add Vlan64 192.168.12.1/24
2024-01-02 00:34:02,737 T0000: 
================== Module Hook Finish: routing/test_arp.py arp_module_hooks ==================
2024-01-02 00:34:02,740 T0000: 
================== Framework Function Hook: routing/test_arp.py::test_ft_arp_dynamic_renew_traffic_test ==================
2024-01-02 00:34:02,752 T0000: [D1-V3] config save /tmp/config-db-V3-post-module-prolog-routing-test_arp.py.json -y
2024-01-02 00:34:04,164 T0000: [D1-V3] chmod 777 /tmp/config-db-V3-post-module-prolog-routing-test_arp.py.json
2024-01-02 00:34:05,693 T0000: [D1-V3] /sbin/ip link set dev eth0 up
2024-01-02 00:34:06,401 T0000: [D1-V3] /sbin/ip route list dev eth0
2024-01-02 00:34:14,822 T0000: [D1-V3] sudo vtysh -c 'show running-config' > /tmp/vtysh-runcfg-V3-post-module-prolog-routing-test_arp.py.txt
2024-01-02 00:34:15,775 T0000: [D1-V3] chmod 777 /tmp/vtysh-runcfg-V3-post-module-prolog-routing-test_arp.py.txt
2024-01-02 00:34:17,302 T0000: [D1-V3] /sbin/ip link set dev eth0 up
2024-01-02 00:34:18,013 T0000: [D1-V3] /sbin/ip route list dev eth0
2024-01-02 00:34:29,535 T0114: [D1-V3] sudo show interfaces status
2024-01-02 00:34:31,541 T0000: [D1-V3] sudo show interfaces status Ethernet124
2024-01-02 00:34:34,549 T0000: 
================== Framework Function Hook Finish: routing/test_arp.py::test_ft_arp_dynamic_renew_traffic_test ==================
2024-01-02 00:34:34,550 T0000: 
================== Function Hook: routing/test_arp.py arp_func_hooks ==================
2024-01-02 00:34:34,553 T0000: 
================== Function Hook Finish: routing/test_arp.py arp_func_hooks ==================
2024-01-02 00:34:34,553 T0000: 
================== Function Hook: routing/test_arp.py fixture_ft_arp_dynamic_renew_traffic_test ==================
2024-01-02 00:34:34,555 T0000: 
================== Function Hook Finish: routing/test_arp.py fixture_ft_arp_dynamic_renew_traffic_test ==================
2024-01-02 00:34:34,556 T0000: 
================== Test Execution: routing/test_arp.py::test_ft_arp_dynamic_renew_traffic_test ==================
2024-01-02 00:34:34,557 T0000: [D1-V3] sudo bash -c 'echo 75 >/proc/sys/net/ipv4/neigh/default/gc_stale_time'
2024-01-02 00:34:43,394 T0000: [D1-V3] sonic-clear counters
2024-01-02 00:35:28,274 T0000: [D1-V3] sudo bash -c 'echo 60 >/proc/sys/net/ipv4/neigh/default/gc_stale_time'
2024-01-02 00:35:28,976 T0000: 
================== Function Hook Finalize: routing/test_arp.py fixture_ft_arp_dynamic_renew_traffic_test ==================
2024-01-02 00:35:28,976 T0000: 
================== Function Hook Finalize: routing/test_arp.py arp_func_hooks ==================
2024-01-02 00:35:29,000 T0000: 
================== Framework Function Hook Finalize: routing/test_arp.py::test_ft_arp_dynamic_renew_traffic_test ==================
2024-01-02 00:35:29,007 T0000: [D1-V3] config save /tmp/config-db-V3-pre-module-epilog-routing-test_arp.py.json -y
2024-01-02 00:35:30,416 T0000: [D1-V3] chmod 777 /tmp/config-db-V3-pre-module-epilog-routing-test_arp.py.json
2024-01-02 00:35:31,946 T0000: [D1-V3] /sbin/ip link set dev eth0 up
2024-01-02 00:35:32,653 T0000: [D1-V3] /sbin/ip route list dev eth0
2024-01-02 00:35:41,094 T0000: [D1-V3] sudo vtysh -c 'show running-config' > /tmp/vtysh-runcfg-V3-pre-module-epilog-routing-test_arp.py.txt
2024-01-02 00:35:41,996 T0000: [D1-V3] chmod 777 /tmp/vtysh-runcfg-V3-pre-module-epilog-routing-test_arp.py.txt
2024-01-02 00:35:43,533 T0000: [D1-V3] /sbin/ip link set dev eth0 up
2024-01-02 00:35:44,242 T0000: [D1-V3] /sbin/ip route list dev eth0
2024-01-02 00:35:52,671 T0000: [D1-V3] show ip interface
2024-01-02 00:35:54,315 T0000: [D1-V3] config interface ip remove Ethernet0 192.168.11.1/24
2024-01-02 00:35:55,942 T0000: [D1-V3] config interface ip remove Vlan64 192.168.12.1/24
2024-01-02 00:35:57,550 T0000: [D1-V3] show vlan config
2024-01-02 00:35:58,723 T0000: [D1-V3] []
2024-01-02 00:35:58,723 T0000: 
================== Module Hook Finalize: routing/test_arp.py arp_module_hooks ==================
2024-01-02 00:35:58,731 T0000: [D1-V3] config save /tmp/config-db-V3-post-module-epilog-routing-test_arp.py.json -y
2024-01-02 00:36:00,143 T0000: [D1-V3] chmod 777 /tmp/config-db-V3-post-module-epilog-routing-test_arp.py.json
2024-01-02 00:36:01,669 T0000: [D1-V3] /sbin/ip link set dev eth0 up
2024-01-02 00:36:02,376 T0000: [D1-V3] /sbin/ip route list dev eth0
2024-01-02 00:36:10,818 T0000: [D1-V3] sudo vtysh -c 'show running-config' > /tmp/vtysh-runcfg-V3-post-module-epilog-routing-test_arp.py.txt
2024-01-02 00:36:11,773 T0000: [D1-V3] chmod 777 /tmp/vtysh-runcfg-V3-post-module-epilog-routing-test_arp.py.txt
2024-01-02 00:36:13,305 T0000: [D1-V3] /sbin/ip link set dev eth0 up
2024-01-02 00:36:14,017 T0000: [D1-V3] /sbin/ip route list dev eth0
2024-01-02 00:36:22,468 T0000: [D1-V3] sudo show interfaces status Ethernet124
2024-01-02 00:36:25,145 T0000: 
================== Framework Module Hook Finalize: routing/test_arp.py Pass: 1/1 ==================
2024-01-02 00:36:25,146 T0000: 
================== Devices used: routing/test_arp.py 1 ['V3'] ==================
2024-01-02 00:36:25,658 T0000: 
================== Framework Module Hook: batch/test_spytest_infra_1.py ==================
2024-01-02 00:36:25,671 T0131: [D1-V3] no router bgp
2024-01-02 00:36:28,079 T0131: [D1-V3] config feature state sflow enabled
2024-01-02 00:36:30,128 T0131: [D1-V3] config feature state nat enabled
2024-01-02 00:37:09,116 T0131: [D1-V3] /sbin/ip link set dev eth0 up
2024-01-02 00:37:09,781 T0131: [D1-V3] /sbin/ip route list dev eth0
2024-01-02 00:37:10,460 T0131: [D1-V3] sudo show interfaces status Ethernet124
2024-01-02 00:37:13,062 T0132: [D1-V3] sudo show interfaces status
2024-01-02 00:37:20,105 T0133: [D1-V3] sudo show interfaces status
2024-01-02 00:37:27,145 T0134: [D1-V3] sudo show interfaces status
2024-01-02 00:37:34,133 T0135: [D1-V3] sudo show interfaces status
2024-01-02 00:37:36,064 T0000: 
================== Framework Module Hook Finish: batch/test_spytest_infra_1.py ==================
2024-01-02 00:37:36,064 T0000: 
================== Framework Function Hook: batch/test_spytest_infra_1.py::test_spytest_infra_last ==================
2024-01-02 00:37:39,156 T0136: [D1-V3] sudo show interfaces status
2024-01-02 00:37:41,208 T0000: [D1-V3] sudo show interfaces status Ethernet124
2024-01-02 00:37:44,154 T0000: 
================== Framework Function Hook Finish: batch/test_spytest_infra_1.py::test_spytest_infra_last ==================
2024-01-02 00:37:44,156 T0000: 
================== Test Execution: batch/test_spytest_infra_1.py::test_spytest_infra_last ==================
2024-01-02 00:37:44,177 T0000: 
================== Framework Function Hook Finalize: batch/test_spytest_infra_1.py::test_spytest_infra_last ==================
2024-01-02 00:37:44,191 T0000: [D1-V3] sudo show interfaces status Ethernet124
2024-01-02 00:37:46,917 T0000: 
================== Framework Module Hook Finalize: batch/test_spytest_infra_1.py Pass: 1/1 ==================
2024-01-02 00:37:46,917 T0000: 
================== Devices used: batch/test_spytest_infra_1.py 1 ['V3'] ==================
2024-01-02 00:37:47,006 T0000: [D1-V3] ['stty cols 80']
