2023-12-29 02:41:41,762 T0006: [D2-V2] ['export TMOUT=0', 'stty cols 5000', 'uptime']
2023-12-29 02:41:41,768 T0005: [D1-V1] ['export TMOUT=0', 'stty cols 5000', 'uptime']
2023-12-29 02:41:42,436 T0006: [D2-V2] cat /proc/uptime
2023-12-29 02:41:42,444 T0005: [D1-V1] cat /proc/uptime
2023-12-29 02:41:43,108 T0006: [D2-V2] sudo vtysh -c 'show running-config | include hostname'
2023-12-29 02:41:43,116 T0005: [D1-V1] sudo vtysh -c 'show running-config | include hostname'
2023-12-29 02:41:45,721 T0006: [D2-V2] /sbin/ip link set dev eth0 up
2023-12-29 02:41:46,393 T0006: [D2-V2] /sbin/ip route list dev eth0
2023-12-29 02:41:47,700 T0005: [D1-V1] /sbin/ip link set dev eth0 up
2023-12-29 02:41:48,378 T0005: [D1-V1] /sbin/ip route list dev eth0
2023-12-29 02:42:02,235 T0006: [D2-V2] /sbin/ip link set dev eth0 up
2023-12-29 02:42:02,903 T0006: [D2-V2] /sbin/ip route list dev eth0
2023-12-29 02:42:03,578 T0006: [D2-V2] ['export TMOUT=0', 'stty cols 5000', 'uptime']
2023-12-29 02:42:04,251 T0005: [D1-V1] /sbin/ip link set dev eth0 up
2023-12-29 02:42:04,921 T0005: [D1-V1] /sbin/ip route list dev eth0
2023-12-29 02:42:05,597 T0005: [D1-V1] ['export TMOUT=0', 'stty cols 5000', 'uptime']
2023-12-29 02:42:05,724 T0006: [D2-V2] /sbin/ip link set dev eth0 up
2023-12-29 02:42:06,392 T0006: [D2-V2] /sbin/ip route list dev eth0
2023-12-29 02:42:07,735 T0006: [D2-V2] show version
2023-12-29 02:42:07,738 T0005: [D1-V1] /sbin/ip link set dev eth0 up
2023-12-29 02:42:08,411 T0005: [D1-V1] /sbin/ip route list dev eth0
2023-12-29 02:42:09,754 T0005: [D1-V1] show version
2023-12-29 02:42:09,771 T0006: [D2-V2] /sbin/ip link set dev eth0 up
2023-12-29 02:42:10,438 T0006: [D2-V2] /sbin/ip route list dev eth0
2023-12-29 02:42:11,732 T0005: [D1-V1] /sbin/ip link set dev eth0 up
2023-12-29 02:42:12,399 T0005: [D1-V1] /sbin/ip route list dev eth0
2023-12-29 02:42:12,588 T0006: [D2-V2] /sbin/ip link set dev eth0 up
2023-12-29 02:42:13,258 T0006: [D2-V2] /sbin/ip route list dev eth0
2023-12-29 02:42:14,548 T0005: [D1-V1] /sbin/ip link set dev eth0 up
2023-12-29 02:42:15,214 T0005: [D1-V1] /sbin/ip route list dev eth0
2023-12-29 02:45:29,529 T0017: [D1-V1] sudo show interfaces status
2023-12-29 02:45:29,536 T0018: [D2-V2] sudo show interfaces status
2023-12-29 02:45:31,274 T0017: [D1-V1] config interface startup Ethernet0
2023-12-29 02:45:31,278 T0018: [D2-V2] config interface startup Ethernet16
2023-12-29 02:45:32,348 T0017: [D1-V1] config interface startup Ethernet4
2023-12-29 02:45:32,355 T0018: [D2-V2] config interface startup Ethernet20
2023-12-29 02:45:33,376 T0017: [D1-V1] config interface startup Ethernet8
2023-12-29 02:45:33,429 T0018: [D2-V2] config interface startup Ethernet24
2023-12-29 02:45:34,391 T0017: [D1-V1] config interface startup Ethernet12
2023-12-29 02:45:34,600 T0018: [D2-V2] config interface startup Ethernet28
2023-12-29 02:45:35,456 T0017: [D1-V1] config interface startup Ethernet16
2023-12-29 02:45:35,620 T0018: [D2-V2] config interface startup Ethernet32
2023-12-29 02:45:36,523 T0017: [D1-V1] config interface startup Ethernet20
2023-12-29 02:45:36,690 T0018: [D2-V2] config interface startup Ethernet36
2023-12-29 02:45:37,539 T0017: [D1-V1] config interface startup Ethernet24
2023-12-29 02:45:37,762 T0018: [D2-V2] config interface startup Ethernet0
2023-12-29 02:45:38,609 T0017: [D1-V1] config interface startup Ethernet28
2023-12-29 02:45:38,832 T0018: [D2-V2] config interface startup Ethernet4
2023-12-29 02:45:39,628 T0017: [D1-V1] config interface startup Ethernet32
2023-12-29 02:45:39,852 T0018: [D2-V2] config interface startup Ethernet8
2023-12-29 02:45:40,643 T0017: [D1-V1] config interface startup Ethernet36
2023-12-29 02:45:40,924 T0018: [D2-V2] config interface startup Ethernet12
2023-12-29 02:45:41,661 T0017: [D1-V1] config interface shutdown Ethernet40
2023-12-29 02:45:42,001 T0018: [D2-V2] config interface shutdown Ethernet40
2023-12-29 02:45:42,683 T0017: [D1-V1] config interface shutdown Ethernet44
2023-12-29 02:45:43,018 T0018: [D2-V2] config interface shutdown Ethernet44
2023-12-29 02:45:43,700 T0017: [D1-V1] config interface shutdown Ethernet48
2023-12-29 02:45:44,090 T0018: [D2-V2] config interface shutdown Ethernet48
2023-12-29 02:45:44,718 T0017: [D1-V1] config interface shutdown Ethernet52
2023-12-29 02:45:45,160 T0018: [D2-V2] config interface shutdown Ethernet52
2023-12-29 02:45:45,736 T0017: [D1-V1] config interface shutdown Ethernet56
2023-12-29 02:45:46,231 T0018: [D2-V2] config interface shutdown Ethernet56
2023-12-29 02:45:46,751 T0017: [D1-V1] config interface shutdown Ethernet60
2023-12-29 02:45:47,302 T0018: [D2-V2] config interface shutdown Ethernet60
2023-12-29 02:45:47,765 T0017: [D1-V1] config interface shutdown Ethernet64
2023-12-29 02:45:48,372 T0018: [D2-V2] config interface shutdown Ethernet64
2023-12-29 02:45:48,788 T0017: [D1-V1] config interface shutdown Ethernet68
2023-12-29 02:45:49,450 T0018: [D2-V2] config interface shutdown Ethernet68
2023-12-29 02:45:49,808 T0017: [D1-V1] config interface shutdown Ethernet72
2023-12-29 02:45:50,522 T0018: [D2-V2] config interface shutdown Ethernet72
2023-12-29 02:45:50,831 T0017: [D1-V1] config interface shutdown Ethernet76
2023-12-29 02:45:51,593 T0018: [D2-V2] config interface shutdown Ethernet76
2023-12-29 02:45:51,902 T0017: [D1-V1] config interface shutdown Ethernet80
2023-12-29 02:45:52,667 T0018: [D2-V2] config interface shutdown Ethernet80
2023-12-29 02:45:52,922 T0017: [D1-V1] config interface shutdown Ethernet84
2023-12-29 02:45:53,738 T0018: [D2-V2] config interface shutdown Ethernet84
2023-12-29 02:45:53,943 T0017: [D1-V1] config interface shutdown Ethernet88
2023-12-29 02:45:54,809 T0018: [D2-V2] config interface shutdown Ethernet88
2023-12-29 02:45:54,965 T0017: [D1-V1] config interface shutdown Ethernet92
2023-12-29 02:45:55,880 T0018: [D2-V2] config interface shutdown Ethernet92
2023-12-29 02:45:55,986 T0017: [D1-V1] config interface shutdown Ethernet96
2023-12-29 02:45:56,954 T0018: [D2-V2] config interface shutdown Ethernet96
2023-12-29 02:45:57,007 T0017: [D1-V1] config interface shutdown Ethernet100
2023-12-29 02:45:58,024 T0018: [D2-V2] config interface shutdown Ethernet100
2023-12-29 02:45:58,031 T0017: [D1-V1] config interface shutdown Ethernet104
2023-12-29 02:45:59,050 T0017: [D1-V1] config interface shutdown Ethernet108
2023-12-29 02:45:59,094 T0018: [D2-V2] config interface shutdown Ethernet104
2023-12-29 02:46:00,069 T0017: [D1-V1] config interface shutdown Ethernet112
2023-12-29 02:46:00,162 T0018: [D2-V2] config interface shutdown Ethernet108
2023-12-29 02:46:01,139 T0017: [D1-V1] config interface shutdown Ethernet116
2023-12-29 02:46:01,232 T0018: [D2-V2] config interface shutdown Ethernet112
2023-12-29 02:46:02,159 T0017: [D1-V1] config interface shutdown Ethernet120
2023-12-29 02:46:02,302 T0018: [D2-V2] config interface shutdown Ethernet116
2023-12-29 02:46:03,179 T0017: [D1-V1] config interface shutdown Ethernet124
2023-12-29 02:46:03,370 T0018: [D2-V2] config interface shutdown Ethernet120
2023-12-29 02:46:04,390 T0018: [D2-V2] config interface shutdown Ethernet124
2023-12-29 02:46:11,464 T0019: [D1-V1] show version
2023-12-29 02:46:11,470 T0020: [D2-V2] show version
2023-12-29 02:46:13,477 T0019: [D1-V1] cat /var/run/redis/sonic-db/database_config.json
2023-12-29 02:46:14,328 T0020: [D2-V2] cat /var/run/redis/sonic-db/database_config.json
2023-12-29 02:46:14,820 T0019: [D1-V1] /sbin/ifconfig eth0
2023-12-29 02:46:15,076 T0020: [D2-V2] /sbin/ifconfig eth0
2023-12-29 02:46:15,500 T0019: [D1-V1] ls /etc/sonic/bcmsim.cfg
2023-12-29 02:46:15,755 T0020: [D2-V2] ls /etc/sonic/bcmsim.cfg
2023-12-29 02:46:16,441 T0021: [D1-V1] no router bgp
2023-12-29 02:46:16,446 T0022: [D2-V2] no router bgp
2023-12-29 02:46:18,271 T0021: [D1-V1] config feature state sflow enabled
2023-12-29 02:46:18,281 T0022: [D2-V2] config feature state sflow enabled
2023-12-29 02:46:20,223 T0021: [D1-V1] config feature state nat enabled
2023-12-29 02:46:20,232 T0022: [D2-V2] config feature state nat enabled
2023-12-29 02:46:25,641 T0025: [D1-V1] config save /tmp/config-db-V1-post-session-prolog-session.json -y
2023-12-29 02:46:25,646 T0026: [D2-V2] config save /tmp/config-db-V2-post-session-prolog-session.json -y
2023-12-29 02:46:26,876 T0025: [D1-V1] chmod 777 /tmp/config-db-V1-post-session-prolog-session.json
2023-12-29 02:46:26,928 T0026: [D2-V2] chmod 777 /tmp/config-db-V2-post-session-prolog-session.json
2023-12-29 02:46:28,352 T0025: [D1-V1] /sbin/ip link set dev eth0 up
2023-12-29 02:46:28,404 T0026: [D2-V2] /sbin/ip link set dev eth0 up
2023-12-29 02:46:29,020 T0025: [D1-V1] /sbin/ip route list dev eth0
2023-12-29 02:46:29,073 T0026: [D2-V2] /sbin/ip route list dev eth0
2023-12-29 02:46:37,369 T0025: [D1-V1] sudo vtysh -c 'show running-config' > /tmp/vtysh-runcfg-V1-post-session-prolog-session.txt
2023-12-29 02:46:37,431 T0026: [D2-V2] sudo vtysh -c 'show running-config' > /tmp/vtysh-runcfg-V2-post-session-prolog-session.txt
2023-12-29 02:46:38,239 T0025: [D1-V1] chmod 777 /tmp/vtysh-runcfg-V1-post-session-prolog-session.txt
2023-12-29 02:46:38,299 T0026: [D2-V2] chmod 777 /tmp/vtysh-runcfg-V2-post-session-prolog-session.txt
2023-12-29 02:46:39,716 T0025: [D1-V1] /sbin/ip link set dev eth0 up
2023-12-29 02:46:39,774 T0026: [D2-V2] /sbin/ip link set dev eth0 up
2023-12-29 02:46:40,385 T0025: [D1-V1] /sbin/ip route list dev eth0
2023-12-29 02:46:40,443 T0026: [D2-V2] /sbin/ip route list dev eth0
2023-12-29 02:46:49,628 T0000: 
================== Framework Module Hook: batch/test_spytest_infra_1.py ==================
2023-12-29 02:46:49,651 T0049: [D1-V1] sudo show interfaces status Ethernet124
2023-12-29 02:46:49,658 T0050: [D2-V2] sudo show interfaces status Ethernet124
2023-12-29 02:46:51,894 T0052: [D1-V1] sudo show interfaces status
2023-12-29 02:46:51,896 T0053: [D2-V2] sudo show interfaces status
2023-12-29 02:46:53,597 T0000: 
================== Framework Module Hook Finish: batch/test_spytest_infra_1.py ==================
2023-12-29 02:46:53,598 T0000: 
================== Framework Function Hook: batch/test_spytest_infra_1.py::test_spytest_infra_first ==================
2023-12-29 02:46:56,679 T0057: [D1-V1] sudo show interfaces status
2023-12-29 02:46:56,682 T0058: [D2-V2] sudo show interfaces status
2023-12-29 02:46:58,335 T0059: [D1-V1] sudo show interfaces status Ethernet124
2023-12-29 02:46:58,342 T0060: [D2-V2] sudo show interfaces status Ethernet124
2023-12-29 02:47:01,408 T0000: 
================== Framework Function Hook Finish: batch/test_spytest_infra_1.py::test_spytest_infra_first ==================
2023-12-29 02:47:01,411 T0000: 
================== Test Execution: batch/test_spytest_infra_1.py::test_spytest_infra_first ==================
2023-12-29 02:47:01,434 T0000: 
================== Framework Function Hook Finalize: batch/test_spytest_infra_1.py::test_spytest_infra_first ==================
2023-12-29 02:47:01,608 T0000: 
================== Framework Function Hook: batch/test_spytest_infra_1.py::test_spytest_infra_second ==================
2023-12-29 02:47:01,629 T0062: [D1-V1] sudo show interfaces status
2023-12-29 02:47:01,631 T0063: [D2-V2] sudo show interfaces status
2023-12-29 02:47:03,287 T0064: [D1-V1] sudo show interfaces status Ethernet124
2023-12-29 02:47:03,293 T0065: [D2-V2] sudo show interfaces status Ethernet124
2023-12-29 02:47:06,364 T0000: 
================== Framework Function Hook Finish: batch/test_spytest_infra_1.py::test_spytest_infra_second ==================
2023-12-29 02:47:06,365 T0000: 
================== Test Execution: batch/test_spytest_infra_1.py::test_spytest_infra_second ==================
2023-12-29 02:47:06,389 T0000: 
================== Framework Function Hook Finalize: batch/test_spytest_infra_1.py::test_spytest_infra_second ==================
2023-12-29 02:47:06,396 T0067: [D2-V2] sudo show interfaces status Ethernet124
2023-12-29 02:47:06,400 T0066: [D1-V1] sudo show interfaces status Ethernet124
2023-12-29 02:47:08,755 T0000: 
================== Framework Module Hook Finalize: batch/test_spytest_infra_1.py Pass: 2/2 ==================
2023-12-29 02:47:08,755 T0000: 
================== Devices used: batch/test_spytest_infra_1.py 2 ['V2', 'V1'] ==================
2023-12-29 02:47:09,584 T0000: 
================== Framework Module Hook: switching/test_vlan.py ==================
2023-12-29 02:47:09,604 T0074: [D1-V1] sudo show interfaces status Ethernet124
2023-12-29 02:47:09,611 T0075: [D2-V2] sudo show interfaces status Ethernet124
2023-12-29 02:47:11,850 T0077: [D1-V1] sudo show interfaces status
2023-12-29 02:47:11,853 T0078: [D2-V2] sudo show interfaces status
2023-12-29 02:47:13,504 T0079: [D1-V1] config save /tmp/config-db-V1-pre-module-prolog-switching-test_vlan.py.json -y
2023-12-29 02:47:13,509 T0080: [D2-V2] config save /tmp/config-db-V2-pre-module-prolog-switching-test_vlan.py.json -y
2023-12-29 02:47:14,734 T0079: [D1-V1] chmod 777 /tmp/config-db-V1-pre-module-prolog-switching-test_vlan.py.json
2023-12-29 02:47:14,787 T0080: [D2-V2] chmod 777 /tmp/config-db-V2-pre-module-prolog-switching-test_vlan.py.json
2023-12-29 02:47:16,211 T0079: [D1-V1] /sbin/ip link set dev eth0 up
2023-12-29 02:47:16,263 T0080: [D2-V2] /sbin/ip link set dev eth0 up
2023-12-29 02:47:16,880 T0079: [D1-V1] /sbin/ip route list dev eth0
2023-12-29 02:47:16,933 T0080: [D2-V2] /sbin/ip route list dev eth0
2023-12-29 02:47:25,237 T0079: [D1-V1] sudo vtysh -c 'show running-config' > /tmp/vtysh-runcfg-V1-pre-module-prolog-switching-test_vlan.py.txt
2023-12-29 02:47:25,306 T0080: [D2-V2] sudo vtysh -c 'show running-config' > /tmp/vtysh-runcfg-V2-pre-module-prolog-switching-test_vlan.py.txt
2023-12-29 02:47:26,108 T0079: [D1-V1] chmod 777 /tmp/vtysh-runcfg-V1-pre-module-prolog-switching-test_vlan.py.txt
2023-12-29 02:47:26,177 T0080: [D2-V2] chmod 777 /tmp/vtysh-runcfg-V2-pre-module-prolog-switching-test_vlan.py.txt
2023-12-29 02:47:27,585 T0079: [D1-V1] /sbin/ip link set dev eth0 up
2023-12-29 02:47:27,655 T0080: [D2-V2] /sbin/ip link set dev eth0 up
2023-12-29 02:47:28,255 T0079: [D1-V1] /sbin/ip route list dev eth0
2023-12-29 02:47:28,325 T0080: [D2-V2] /sbin/ip route list dev eth0
2023-12-29 02:47:36,709 T0000: 
================== Framework Module Hook Finish: switching/test_vlan.py ==================
2023-12-29 02:47:36,710 T0000: 
================== Module Hook: switching/test_vlan.py vlan_module_hooks ==================
2023-12-29 02:47:36,711 T0000: [D1-V1] show version
2023-12-29 02:47:37,925 T0000: [D1-V1] show platform summary
2023-12-29 02:47:39,060 T0097: [D1-V1] ['config vlan add 185']
2023-12-29 02:47:40,086 T0097: [D1-V1] config vlan member add 185 Ethernet0
2023-12-29 02:47:41,106 T0097: [D1-V1] config vlan member add 185 Ethernet4
2023-12-29 02:47:47,090 T0000: 
================== Module Hook Finish: switching/test_vlan.py vlan_module_hooks ==================
2023-12-29 02:47:47,092 T0000: 
================== Framework Function Hook: switching/test_vlan.py::test_ft_add_unknownvlan_interface ==================
2023-12-29 02:47:47,098 T0098: [D1-V1] config save /tmp/config-db-V1-post-module-prolog-switching-test_vlan.py.json -y
2023-12-29 02:47:47,104 T0099: [D2-V2] config save /tmp/config-db-V2-post-module-prolog-switching-test_vlan.py.json -y
2023-12-29 02:47:48,335 T0098: [D1-V1] chmod 777 /tmp/config-db-V1-post-module-prolog-switching-test_vlan.py.json
2023-12-29 02:47:48,343 T0099: [D2-V2] chmod 777 /tmp/config-db-V2-post-module-prolog-switching-test_vlan.py.json
2023-12-29 02:47:49,828 T0099: [D2-V2] /sbin/ip link set dev eth0 up
2023-12-29 02:47:49,828 T0098: [D1-V1] /sbin/ip link set dev eth0 up
2023-12-29 02:47:50,511 T0098: [D1-V1] /sbin/ip route list dev eth0
2023-12-29 02:47:50,519 T0099: [D2-V2] /sbin/ip route list dev eth0
2023-12-29 02:47:58,877 T0099: [D2-V2] sudo vtysh -c 'show running-config' > /tmp/vtysh-runcfg-V2-post-module-prolog-switching-test_vlan.py.txt
2023-12-29 02:47:59,286 T0098: [D1-V1] sudo vtysh -c 'show running-config' > /tmp/vtysh-runcfg-V1-post-module-prolog-switching-test_vlan.py.txt
2023-12-29 02:47:59,805 T0099: [D2-V2] chmod 777 /tmp/vtysh-runcfg-V2-post-module-prolog-switching-test_vlan.py.txt
2023-12-29 02:48:00,159 T0098: [D1-V1] chmod 777 /tmp/vtysh-runcfg-V1-post-module-prolog-switching-test_vlan.py.txt
2023-12-29 02:48:01,281 T0099: [D2-V2] /sbin/ip link set dev eth0 up
2023-12-29 02:48:01,635 T0098: [D1-V1] /sbin/ip link set dev eth0 up
2023-12-29 02:48:01,950 T0099: [D2-V2] /sbin/ip route list dev eth0
2023-12-29 02:48:02,304 T0098: [D1-V1] /sbin/ip route list dev eth0
2023-12-29 02:48:13,771 T0119: [D1-V1] sudo show interfaces status
2023-12-29 02:48:13,773 T0120: [D2-V2] sudo show interfaces status
2023-12-29 02:48:15,416 T0121: [D1-V1] sudo show interfaces status Ethernet124
2023-12-29 02:48:15,423 T0122: [D2-V2] sudo show interfaces status Ethernet124
2023-12-29 02:48:18,674 T0000: 
================== Framework Function Hook Finish: switching/test_vlan.py::test_ft_add_unknownvlan_interface ==================
2023-12-29 02:48:18,675 T0000: 
================== Function Hook: switching/test_vlan.py vlan_func_hooks ==================
2023-12-29 02:48:18,684 T0000: 
================== Function Hook Finish: switching/test_vlan.py vlan_func_hooks ==================
2023-12-29 02:48:18,685 T0000: 
================== Test Execution: switching/test_vlan.py::test_ft_add_unknownvlan_interface ==================
2023-12-29 02:48:18,695 T0000: [D1-V1] config vlan member add 1373 Ethernet16 -u 
2023-12-29 02:48:19,762 T0000: [D1-V1] config vlan member add 185 Ethernet16
2023-12-29 02:48:20,819 T0000: [D1-V1] config vlan member del 185 Ethernet16
2023-12-29 02:48:21,879 T0000: 
================== Function Hook Finalize: switching/test_vlan.py vlan_func_hooks ==================
2023-12-29 02:48:21,911 T0000: 
================== Framework Function Hook Finalize: switching/test_vlan.py::test_ft_add_unknownvlan_interface ==================
2023-12-29 02:48:21,912 T0000: 
================== Framework Function Hook: switching/test_vlan.py::test_ft_vlan_delete_with_member ==================
2023-12-29 02:48:21,928 T0132: [D1-V1] sudo show interfaces status
2023-12-29 02:48:21,930 T0133: [D2-V2] sudo show interfaces status
2023-12-29 02:48:23,583 T0134: [D1-V1] sudo show interfaces status Ethernet124
2023-12-29 02:48:23,590 T0135: [D2-V2] sudo show interfaces status Ethernet124
2023-12-29 02:48:26,674 T0000: 
================== Framework Function Hook Finish: switching/test_vlan.py::test_ft_vlan_delete_with_member ==================
2023-12-29 02:48:26,675 T0000: 
================== Function Hook: switching/test_vlan.py vlan_func_hooks ==================
2023-12-29 02:48:26,684 T0000: 
================== Function Hook Finish: switching/test_vlan.py vlan_func_hooks ==================
2023-12-29 02:48:26,685 T0000: 
================== Test Execution: switching/test_vlan.py::test_ft_vlan_delete_with_member ==================
2023-12-29 02:48:26,686 T0000: [D1-V1] ['config vlan add 1373']
2023-12-29 02:48:27,747 T0000: [D1-V1] config vlan member add 1373 Ethernet72
2023-12-29 02:48:28,807 T0000: [D1-V1] ['config vlan del 1373']
2023-12-29 02:48:29,871 T0000: [D1-V1] config vlan member del 1373 Ethernet72
2023-12-29 02:48:30,927 T0000: [D1-V1] show vlan config
2023-12-29 02:48:32,048 T0000: [D1-V1] ['config vlan del 1373']
2023-12-29 02:48:33,101 T0000: [D1-V1] show vlan config
2023-12-29 02:48:34,178 T0000: 
================== Function Hook Finalize: switching/test_vlan.py vlan_func_hooks ==================
2023-12-29 02:48:34,211 T0000: 
================== Framework Function Hook Finalize: switching/test_vlan.py::test_ft_vlan_delete_with_member ==================
2023-12-29 02:48:34,212 T0000: 
================== Framework Function Hook: switching/test_vlan.py::test_ft_vlan_trunk_tagged ==================
2023-12-29 02:48:34,228 T0145: [D1-V1] sudo show interfaces status
2023-12-29 02:48:34,231 T0146: [D2-V2] sudo show interfaces status
2023-12-29 02:48:35,934 T0147: [D1-V1] sudo show interfaces status Ethernet124
2023-12-29 02:48:35,942 T0148: [D2-V2] sudo show interfaces status Ethernet124
2023-12-29 02:48:39,029 T0000: 
================== Framework Function Hook Finish: switching/test_vlan.py::test_ft_vlan_trunk_tagged ==================
2023-12-29 02:48:39,029 T0000: 
================== Function Hook: switching/test_vlan.py vlan_func_hooks ==================
2023-12-29 02:48:39,038 T0000: 
================== Function Hook Finish: switching/test_vlan.py vlan_func_hooks ==================
2023-12-29 02:48:39,039 T0000: 
================== Test Execution: switching/test_vlan.py::test_ft_vlan_trunk_tagged ==================
2023-12-29 02:48:39,049 T0000: [D1-V1] sonic-clear counters
2023-12-29 02:49:04,616 T0000: [D1-V1] show mac
2023-12-29 02:50:00,178 T0000: 
================== Function Hook Finalize: switching/test_vlan.py vlan_func_hooks ==================
2023-12-29 02:50:00,212 T0000: 
================== Framework Function Hook Finalize: switching/test_vlan.py::test_ft_vlan_trunk_tagged ==================
2023-12-29 02:50:00,213 T0000: 
================== Framework Function Hook: switching/test_vlan.py::test_ft_vlan_save_config_warm_and_fast_reboot ==================
2023-12-29 02:50:00,228 T0158: [D1-V1] sudo show interfaces status
2023-12-29 02:50:00,231 T0159: [D2-V2] sudo show interfaces status
2023-12-29 02:50:01,939 T0160: [D1-V1] sudo show interfaces status Ethernet124
2023-12-29 02:50:01,946 T0161: [D2-V2] sudo show interfaces status Ethernet124
2023-12-29 02:50:05,031 T0000: 
================== Framework Function Hook Finish: switching/test_vlan.py::test_ft_vlan_save_config_warm_and_fast_reboot ==================
2023-12-29 02:50:05,031 T0000: 
================== Function Hook: switching/test_vlan.py vlan_func_hooks ==================
2023-12-29 02:50:05,040 T0000: 
================== Function Hook Finish: switching/test_vlan.py vlan_func_hooks ==================
2023-12-29 02:50:05,041 T0000: 
================== Test Execution: switching/test_vlan.py::test_ft_vlan_save_config_warm_and_fast_reboot ==================
2023-12-29 02:50:05,051 T0000: [D1-V1] ['config vlan add 1', 'config vlan add 2', 'config vlan add 3', 'config vlan add 4', 'config vlan add 5', 'config vlan add 6', 'config vlan add 7', 'config vlan add 8', 'config vlan add 9', 'config vlan add 10', 'config vlan add 11', 'config vlan add 12', 'config vlan add 13', 'config vlan add 14', 'config vlan add 15', 'config vlan add 16', 'config vlan add 17', 'config vlan add 18', 'config vlan add 19', 'config vlan add 20', 'config vlan add 21', 'config vlan add 22', 'config vlan add 23', 'config vlan add 24', 'config vlan add 25', 'config vlan add 26', 'config vlan add 27', 'config vlan add 28', 'config vlan add 29', 'config vlan add 30', 'config vlan add 31', 'config vlan add 32', 'config vlan add 33', 'config vlan add 34', 'config vlan add 35', 'config vlan add 36', 'config vlan add 37', 'config vlan add 38', 'config vlan add 39', 'config vlan add 40', 'config vlan add 41', 'config vlan add 42', 'config vlan add 43', 'config vlan add 44', 'config vlan add 45', 'config vlan add 46', 'config vlan add 47', 'config vlan add 48', 'config vlan add 49', 'config vlan add 50', 'config vlan add 51', 'config vlan add 52', 'config vlan add 53', 'config vlan add 54', 'config vlan add 55', 'config vlan add 56', 'config vlan add 57', 'config vlan add 58', 'config vlan add 59', 'config vlan add 60', 'config vlan add 61', 'config vlan add 62', 'config vlan add 63', 'config vlan add 64', 'config vlan add 65', 'config vlan add 66', 'config vlan add 67', 'config vlan add 68', 'config vlan add 69', 'config vlan add 70', 'config vlan add 71', 'config vlan add 72', 'config vlan add 73', 'config vlan add 74', 'config vlan add 75', 'config vlan add 76', 'config vlan add 77', 'config vlan add 78', 'config vlan add 79', 'config vlan add 80', 'config vlan add 81', 'config vlan add 82', 'config vlan add 83', 'config vlan add 84', 'config vlan add 85', 'config vlan add 86', 'config vlan add 87', 'config vlan add 88', 'config vlan add 89', 'config vlan add 90', 'config vlan add 91', 'config vlan add 92', 'config vlan add 93', 'config vlan add 94', 'config vlan add 95', 'config vlan add 96', 'config vlan add 97', 'config vlan add 98', 'config vlan add 99', 'config vlan add 100']
2023-12-29 02:50:45,266 T0000: [D1-V1] show vlan config
2023-12-29 02:50:46,423 T0000: [D1-V1] ['config vlan member add 1 Ethernet0', 'config vlan member add 2 Ethernet0', 'config vlan member add 3 Ethernet0', 'config vlan member add 4 Ethernet0', 'config vlan member add 5 Ethernet0', 'config vlan member add 6 Ethernet0', 'config vlan member add 7 Ethernet0', 'config vlan member add 8 Ethernet0', 'config vlan member add 9 Ethernet0', 'config vlan member add 10 Ethernet0', 'config vlan member add 11 Ethernet0', 'config vlan member add 12 Ethernet0', 'config vlan member add 13 Ethernet0', 'config vlan member add 14 Ethernet0', 'config vlan member add 15 Ethernet0', 'config vlan member add 16 Ethernet0', 'config vlan member add 17 Ethernet0', 'config vlan member add 18 Ethernet0', 'config vlan member add 19 Ethernet0', 'config vlan member add 20 Ethernet0', 'config vlan member add 21 Ethernet0', 'config vlan member add 22 Ethernet0', 'config vlan member add 23 Ethernet0', 'config vlan member add 24 Ethernet0', 'config vlan member add 25 Ethernet0', 'config vlan member add 26 Ethernet0', 'config vlan member add 27 Ethernet0', 'config vlan member add 28 Ethernet0', 'config vlan member add 29 Ethernet0', 'config vlan member add 30 Ethernet0', 'config vlan member add 31 Ethernet0', 'config vlan member add 32 Ethernet0', 'config vlan member add 33 Ethernet0', 'config vlan member add 34 Ethernet0', 'config vlan member add 35 Ethernet0', 'config vlan member add 36 Ethernet0', 'config vlan member add 37 Ethernet0', 'config vlan member add 38 Ethernet0', 'config vlan member add 39 Ethernet0', 'config vlan member add 40 Ethernet0', 'config vlan member add 41 Ethernet0', 'config vlan member add 42 Ethernet0', 'config vlan member add 43 Ethernet0', 'config vlan member add 44 Ethernet0', 'config vlan member add 45 Ethernet0', 'config vlan member add 46 Ethernet0', 'config vlan member add 47 Ethernet0', 'config vlan member add 48 Ethernet0', 'config vlan member add 49 Ethernet0', 'config vlan member add 50 Ethernet0', 'config vlan member add 51 Ethernet0', 'config vlan member add 52 Ethernet0', 'config vlan member add 53 Ethernet0', 'config vlan member add 54 Ethernet0', 'config vlan member add 55 Ethernet0', 'config vlan member add 56 Ethernet0', 'config vlan member add 57 Ethernet0', 'config vlan member add 58 Ethernet0', 'config vlan member add 59 Ethernet0', 'config vlan member add 60 Ethernet0', 'config vlan member add 61 Ethernet0', 'config vlan member add 62 Ethernet0', 'config vlan member add 63 Ethernet0', 'config vlan member add 64 Ethernet0', 'config vlan member add 65 Ethernet0', 'config vlan member add 66 Ethernet0', 'config vlan member add 67 Ethernet0', 'config vlan member add 68 Ethernet0', 'config vlan member add 69 Ethernet0', 'config vlan member add 70 Ethernet0', 'config vlan member add 71 Ethernet0', 'config vlan member add 72 Ethernet0', 'config vlan member add 73 Ethernet0', 'config vlan member add 74 Ethernet0', 'config vlan member add 75 Ethernet0', 'config vlan member add 76 Ethernet0', 'config vlan member add 77 Ethernet0', 'config vlan member add 78 Ethernet0', 'config vlan member add 79 Ethernet0', 'config vlan member add 80 Ethernet0', 'config vlan member add 81 Ethernet0', 'config vlan member add 82 Ethernet0', 'config vlan member add 83 Ethernet0', 'config vlan member add 84 Ethernet0', 'config vlan member add 85 Ethernet0', 'config vlan member add 86 Ethernet0', 'config vlan member add 87 Ethernet0', 'config vlan member add 88 Ethernet0', 'config vlan member add 89 Ethernet0', 'config vlan member add 90 Ethernet0', 'config vlan member add 91 Ethernet0', 'config vlan member add 92 Ethernet0', 'config vlan member add 93 Ethernet0', 'config vlan member add 94 Ethernet0', 'config vlan member add 95 Ethernet0', 'config vlan member add 96 Ethernet0', 'config vlan member add 97 Ethernet0', 'config vlan member add 98 Ethernet0', 'config vlan member add 99 Ethernet0', 'config vlan member add 100 Ethernet0']
2023-12-29 02:51:27,872 T0000: [D1-V1] ['config vlan member add 1 Ethernet4', 'config vlan member add 2 Ethernet4', 'config vlan member add 3 Ethernet4', 'config vlan member add 4 Ethernet4', 'config vlan member add 5 Ethernet4', 'config vlan member add 6 Ethernet4', 'config vlan member add 7 Ethernet4', 'config vlan member add 8 Ethernet4', 'config vlan member add 9 Ethernet4', 'config vlan member add 10 Ethernet4', 'config vlan member add 11 Ethernet4', 'config vlan member add 12 Ethernet4', 'config vlan member add 13 Ethernet4', 'config vlan member add 14 Ethernet4', 'config vlan member add 15 Ethernet4', 'config vlan member add 16 Ethernet4', 'config vlan member add 17 Ethernet4', 'config vlan member add 18 Ethernet4', 'config vlan member add 19 Ethernet4', 'config vlan member add 20 Ethernet4', 'config vlan member add 21 Ethernet4', 'config vlan member add 22 Ethernet4', 'config vlan member add 23 Ethernet4', 'config vlan member add 24 Ethernet4', 'config vlan member add 25 Ethernet4', 'config vlan member add 26 Ethernet4', 'config vlan member add 27 Ethernet4', 'config vlan member add 28 Ethernet4', 'config vlan member add 29 Ethernet4', 'config vlan member add 30 Ethernet4', 'config vlan member add 31 Ethernet4', 'config vlan member add 32 Ethernet4', 'config vlan member add 33 Ethernet4', 'config vlan member add 34 Ethernet4', 'config vlan member add 35 Ethernet4', 'config vlan member add 36 Ethernet4', 'config vlan member add 37 Ethernet4', 'config vlan member add 38 Ethernet4', 'config vlan member add 39 Ethernet4', 'config vlan member add 40 Ethernet4', 'config vlan member add 41 Ethernet4', 'config vlan member add 42 Ethernet4', 'config vlan member add 43 Ethernet4', 'config vlan member add 44 Ethernet4', 'config vlan member add 45 Ethernet4', 'config vlan member add 46 Ethernet4', 'config vlan member add 47 Ethernet4', 'config vlan member add 48 Ethernet4', 'config vlan member add 49 Ethernet4', 'config vlan member add 50 Ethernet4', 'config vlan member add 51 Ethernet4', 'config vlan member add 52 Ethernet4', 'config vlan member add 53 Ethernet4', 'config vlan member add 54 Ethernet4', 'config vlan member add 55 Ethernet4', 'config vlan member add 56 Ethernet4', 'config vlan member add 57 Ethernet4', 'config vlan member add 58 Ethernet4', 'config vlan member add 59 Ethernet4', 'config vlan member add 60 Ethernet4', 'config vlan member add 61 Ethernet4', 'config vlan member add 62 Ethernet4', 'config vlan member add 63 Ethernet4', 'config vlan member add 64 Ethernet4', 'config vlan member add 65 Ethernet4', 'config vlan member add 66 Ethernet4', 'config vlan member add 67 Ethernet4', 'config vlan member add 68 Ethernet4', 'config vlan member add 69 Ethernet4', 'config vlan member add 70 Ethernet4', 'config vlan member add 71 Ethernet4', 'config vlan member add 72 Ethernet4', 'config vlan member add 73 Ethernet4', 'config vlan member add 74 Ethernet4', 'config vlan member add 75 Ethernet4', 'config vlan member add 76 Ethernet4', 'config vlan member add 77 Ethernet4', 'config vlan member add 78 Ethernet4', 'config vlan member add 79 Ethernet4', 'config vlan member add 80 Ethernet4', 'config vlan member add 81 Ethernet4', 'config vlan member add 82 Ethernet4', 'config vlan member add 83 Ethernet4', 'config vlan member add 84 Ethernet4', 'config vlan member add 85 Ethernet4', 'config vlan member add 86 Ethernet4', 'config vlan member add 87 Ethernet4', 'config vlan member add 88 Ethernet4', 'config vlan member add 89 Ethernet4', 'config vlan member add 90 Ethernet4', 'config vlan member add 91 Ethernet4', 'config vlan member add 92 Ethernet4', 'config vlan member add 93 Ethernet4', 'config vlan member add 94 Ethernet4', 'config vlan member add 95 Ethernet4', 'config vlan member add 96 Ethernet4', 'config vlan member add 97 Ethernet4', 'config vlan member add 98 Ethernet4', 'config vlan member add 99 Ethernet4', 'config vlan member add 100 Ethernet4']
2023-12-29 02:52:09,909 T0000: [D1-V1] config save -y
2023-12-29 02:52:11,218 T0000: [D1-V1] do copy running-config startup-config
2023-12-29 02:52:13,110 T0000: [D1-V1] reboot
2023-12-29 02:53:03,845 T0000: [D1-V1] ['export TMOUT=0', 'stty cols 5000', 'uptime']
2023-12-29 02:53:04,546 T0000: [D1-V1] cat /proc/uptime
2023-12-29 02:53:06,097 T0000: [D1-V1] ['export TMOUT=0', 'stty cols 5000', 'uptime']
2023-12-29 02:53:06,798 T0000: [D1-V1] cat /proc/uptime
2023-12-29 02:53:07,504 T0000: [D1-V1] sudo vtysh -c 'show running-config | include hostname'
2023-12-29 02:53:08,429 T0000: [D1-V1] sudo show interfaces status Ethernet124
2023-12-29 02:53:13,210 T0000: [D1-V1] sudo show interfaces status Ethernet124
2023-12-29 02:53:17,596 T0000: [D1-V1] sudo show interfaces status Ethernet124
2023-12-29 02:53:20,061 T0000: [D1-V1] /sbin/ip link set dev eth0 up
2023-12-29 02:53:20,765 T0000: [D1-V1] /sbin/ip route list dev eth0
2023-12-29 02:53:21,488 T0000: [D1-V1] ['export TMOUT=0', 'stty cols 5000', 'uptime']
2023-12-29 02:53:23,724 T0000: [D1-V1] /sbin/ip link set dev eth0 up
2023-12-29 02:53:24,437 T0000: [D1-V1] /sbin/ip route list dev eth0
2023-12-29 02:53:25,893 T0000: [D1-V1] show vlan config
2023-12-29 02:53:45,258 T0000: [D1-V1] show mac
2023-12-29 02:53:46,640 T0000: [D1-V1] fast-reboot
2023-12-29 02:54:22,289 T0000: [D1-V1] ['export TMOUT=0', 'stty cols 5000', 'uptime']
2023-12-29 02:54:22,992 T0000: [D1-V1] cat /proc/uptime
2023-12-29 02:54:24,537 T0000: [D1-V1] ['export TMOUT=0', 'stty cols 5000', 'uptime']
2023-12-29 02:54:25,237 T0000: [D1-V1] cat /proc/uptime
2023-12-29 02:54:25,939 T0000: [D1-V1] sudo vtysh -c 'show running-config | include hostname'
2023-12-29 02:54:26,861 T0000: [D1-V1] sudo show interfaces status Ethernet124
2023-12-29 02:54:31,338 T0000: [D1-V1] sudo show interfaces status Ethernet124
2023-12-29 02:54:35,721 T0000: [D1-V1] sudo show interfaces status Ethernet124
2023-12-29 02:54:38,183 T0000: [D1-V1] /sbin/ip link set dev eth0 up
2023-12-29 02:54:38,889 T0000: [D1-V1] /sbin/ip route list dev eth0
2023-12-29 02:54:39,610 T0000: [D1-V1] ['export TMOUT=0', 'stty cols 5000', 'uptime']
2023-12-29 02:54:41,840 T0000: [D1-V1] /sbin/ip link set dev eth0 up
2023-12-29 02:54:42,547 T0000: [D1-V1] /sbin/ip route list dev eth0
2023-12-29 02:54:43,975 T0000: [D1-V1] show vlan config
2023-12-29 02:54:55,346 T0000: [D1-V1] show mac
2023-12-29 02:54:56,632 T0000: [D1-V1] sonic-clear counters
2023-12-29 02:55:00,140 T0000: [D1-V1] show interfaces counters -a
2023-12-29 02:55:11,787 T0000: [D1-V1] show platform summary
2023-12-29 02:55:13,042 T0000: 
================== Function Hook Finalize: switching/test_vlan.py vlan_func_hooks ==================
2023-12-29 02:55:13,087 T0000: 
================== Framework Function Hook Finalize: switching/test_vlan.py::test_ft_vlan_save_config_warm_and_fast_reboot ==================
2023-12-29 02:55:13,092 T0168: [D1-V1] config save /tmp/config-db-V1-pre-module-epilog-switching-test_vlan.py.json -y
2023-12-29 02:55:13,097 T0169: [D2-V2] config save /tmp/config-db-V2-pre-module-epilog-switching-test_vlan.py.json -y
2023-12-29 02:55:14,379 T0168: [D1-V1] chmod 777 /tmp/config-db-V1-pre-module-epilog-switching-test_vlan.py.json
2023-12-29 02:55:14,388 T0169: [D2-V2] chmod 777 /tmp/config-db-V2-pre-module-epilog-switching-test_vlan.py.json
2023-12-29 02:55:15,868 T0168: [D1-V1] /sbin/ip link set dev eth0 up
2023-12-29 02:55:15,870 T0169: [D2-V2] /sbin/ip link set dev eth0 up
2023-12-29 02:55:16,550 T0168: [D1-V1] /sbin/ip route list dev eth0
2023-12-29 02:55:16,558 T0169: [D2-V2] /sbin/ip route list dev eth0
2023-12-29 02:55:24,940 T0169: [D2-V2] sudo vtysh -c 'show running-config' > /tmp/vtysh-runcfg-V2-pre-module-epilog-switching-test_vlan.py.txt
2023-12-29 02:55:24,946 T0168: [D1-V1] sudo vtysh -c 'show running-config' > /tmp/vtysh-runcfg-V1-pre-module-epilog-switching-test_vlan.py.txt
2023-12-29 02:55:25,819 T0169: [D2-V2] chmod 777 /tmp/vtysh-runcfg-V2-pre-module-epilog-switching-test_vlan.py.txt
2023-12-29 02:55:25,870 T0168: [D1-V1] chmod 777 /tmp/vtysh-runcfg-V1-pre-module-epilog-switching-test_vlan.py.txt
2023-12-29 02:55:27,296 T0169: [D2-V2] /sbin/ip link set dev eth0 up
2023-12-29 02:55:27,345 T0168: [D1-V1] /sbin/ip link set dev eth0 up
2023-12-29 02:55:27,965 T0169: [D2-V2] /sbin/ip route list dev eth0
2023-12-29 02:55:28,014 T0168: [D1-V1] /sbin/ip route list dev eth0
2023-12-29 02:55:36,391 T0000: [D1-V1] show vlan config
2023-12-29 02:55:37,620 T0000: [D1-V1] []
2023-12-29 02:55:37,621 T0000: [D2-V2] show vlan config
2023-12-29 02:55:38,735 T0000: [D2-V2] []
2023-12-29 02:55:38,735 T0000: 
================== Module Hook Finalize: switching/test_vlan.py vlan_module_hooks ==================
2023-12-29 02:55:38,741 T0186: [D1-V1] config save /tmp/config-db-V1-post-module-epilog-switching-test_vlan.py.json -y
2023-12-29 02:55:38,746 T0187: [D2-V2] config save /tmp/config-db-V2-post-module-epilog-switching-test_vlan.py.json -y
2023-12-29 02:55:40,028 T0186: [D1-V1] chmod 777 /tmp/config-db-V1-post-module-epilog-switching-test_vlan.py.json
2023-12-29 02:55:40,037 T0187: [D2-V2] chmod 777 /tmp/config-db-V2-post-module-epilog-switching-test_vlan.py.json
2023-12-29 02:55:41,513 T0186: [D1-V1] /sbin/ip link set dev eth0 up
2023-12-29 02:55:41,517 T0187: [D2-V2] /sbin/ip link set dev eth0 up
2023-12-29 02:55:42,193 T0186: [D1-V1] /sbin/ip route list dev eth0
2023-12-29 02:55:42,201 T0187: [D2-V2] /sbin/ip route list dev eth0
2023-12-29 02:55:50,550 T0186: [D1-V1] sudo vtysh -c 'show running-config' > /tmp/vtysh-runcfg-V1-post-module-epilog-switching-test_vlan.py.txt
2023-12-29 02:55:50,575 T0187: [D2-V2] sudo vtysh -c 'show running-config' > /tmp/vtysh-runcfg-V2-post-module-epilog-switching-test_vlan.py.txt
2023-12-29 02:55:51,421 T0186: [D1-V1] chmod 777 /tmp/vtysh-runcfg-V1-post-module-epilog-switching-test_vlan.py.txt
2023-12-29 02:55:51,440 T0187: [D2-V2] chmod 777 /tmp/vtysh-runcfg-V2-post-module-epilog-switching-test_vlan.py.txt
2023-12-29 02:55:52,899 T0186: [D1-V1] /sbin/ip link set dev eth0 up
2023-12-29 02:55:52,915 T0187: [D2-V2] /sbin/ip link set dev eth0 up
2023-12-29 02:55:53,569 T0186: [D1-V1] /sbin/ip route list dev eth0
2023-12-29 02:55:53,583 T0187: [D2-V2] /sbin/ip route list dev eth0
2023-12-29 02:56:02,062 T0205: [D2-V2] sudo show interfaces status Ethernet124
2023-12-29 02:56:02,066 T0204: [D1-V1] sudo show interfaces status Ethernet124
2023-12-29 02:56:04,520 T0000: 
================== Framework Module Hook Finalize: switching/test_vlan.py Pass: 3/4 ==================
2023-12-29 02:56:04,520 T0000: 
================== Devices used: switching/test_vlan.py 2 ['V1', 'V2'] ==================
2023-12-29 02:56:05,519 T0000: 
================== Framework Module Hook: batch/test_spytest_infra_1.py ==================
2023-12-29 02:56:05,539 T0212: [D1-V1] no router bgp
2023-12-29 02:56:05,545 T0213: [D2-V2] no router bgp
2023-12-29 02:56:07,374 T0212: [D1-V1] config feature state sflow enabled
2023-12-29 02:56:07,382 T0213: [D2-V2] config feature state sflow enabled
2023-12-29 02:56:09,343 T0213: [D2-V2] config feature state nat enabled
2023-12-29 02:56:09,391 T0212: [D1-V1] config feature state nat enabled
2023-12-29 02:56:44,692 T0213: [D2-V2] /sbin/ip link set dev eth0 up
2023-12-29 02:56:45,363 T0213: [D2-V2] /sbin/ip route list dev eth0
2023-12-29 02:56:46,042 T0213: [D2-V2] sudo show interfaces status Ethernet124
2023-12-29 02:56:50,427 T0213: [D2-V2] sudo show interfaces status Ethernet124
2023-12-29 02:58:22,072 T0212: [D1-V1] /sbin/ip link set dev eth0 up
2023-12-29 02:58:22,742 T0212: [D1-V1] /sbin/ip route list dev eth0
2023-12-29 02:58:23,420 T0212: [D1-V1] sudo show interfaces status Ethernet124
2023-12-29 02:58:25,627 T0215: [D1-V1] sudo show interfaces status
2023-12-29 02:58:25,630 T0216: [D2-V2] sudo show interfaces status
2023-12-29 02:58:32,329 T0218: [D1-V1] sudo show interfaces status
2023-12-29 02:58:32,331 T0219: [D2-V2] sudo show interfaces status
2023-12-29 02:58:39,029 T0221: [D1-V1] sudo show interfaces status
2023-12-29 02:58:39,031 T0222: [D2-V2] sudo show interfaces status
2023-12-29 02:58:40,685 T0000: 
================== Framework Module Hook Finish: batch/test_spytest_infra_1.py ==================
2023-12-29 02:58:40,686 T0000: 
================== Framework Function Hook: batch/test_spytest_infra_1.py::test_spytest_infra_last ==================
2023-12-29 02:58:43,782 T0226: [D1-V1] sudo show interfaces status
2023-12-29 02:58:43,785 T0227: [D2-V2] sudo show interfaces status
2023-12-29 02:58:45,475 T0228: [D1-V1] sudo show interfaces status Ethernet124
2023-12-29 02:58:45,481 T0229: [D2-V2] sudo show interfaces status Ethernet124
2023-12-29 02:58:48,548 T0000: 
================== Framework Function Hook Finish: batch/test_spytest_infra_1.py::test_spytest_infra_last ==================
2023-12-29 02:58:48,550 T0000: 
================== Test Execution: batch/test_spytest_infra_1.py::test_spytest_infra_last ==================
2023-12-29 02:58:48,573 T0000: 
================== Framework Function Hook Finalize: batch/test_spytest_infra_1.py::test_spytest_infra_last ==================
2023-12-29 02:58:48,580 T0230: [D1-V1] sudo show interfaces status Ethernet124
2023-12-29 02:58:48,588 T0231: [D2-V2] sudo show interfaces status Ethernet124
2023-12-29 02:58:50,917 T0000: 
================== Framework Module Hook Finalize: batch/test_spytest_infra_1.py Pass: 1/1 ==================
2023-12-29 02:58:50,917 T0000: 
================== Devices used: batch/test_spytest_infra_1.py 2 ['V1', 'V2'] ==================
2023-12-29 02:58:51,747 T0000: 
================== Framework Module Hook: system/test_lldp.py ==================
2023-12-29 02:58:51,770 T0238: [D1-V1] no router bgp
2023-12-29 02:58:51,776 T0239: [D2-V2] no router bgp
2023-12-29 02:58:53,610 T0238: [D1-V1] config feature state sflow enabled
2023-12-29 02:58:53,619 T0239: [D2-V2] config feature state sflow enabled
2023-12-29 02:58:55,582 T0238: [D1-V1] config feature state nat enabled
2023-12-29 02:58:55,589 T0239: [D2-V2] config feature state nat enabled
2023-12-29 02:59:18,925 T0238: [D1-V1] /sbin/ip link set dev eth0 up
2023-12-29 02:59:19,587 T0238: [D1-V1] /sbin/ip route list dev eth0
2023-12-29 02:59:20,258 T0238: [D1-V1] sudo show interfaces status Ethernet124
2023-12-29 02:59:30,953 T0239: [D2-V2] /sbin/ip link set dev eth0 up
2023-12-29 02:59:31,622 T0239: [D2-V2] /sbin/ip route list dev eth0
2023-12-29 02:59:32,291 T0239: [D2-V2] sudo show interfaces status Ethernet124
2023-12-29 02:59:34,539 T0241: [D1-V1] sudo show interfaces status
2023-12-29 02:59:34,541 T0242: [D2-V2] sudo show interfaces status
2023-12-29 02:59:41,295 T0244: [D1-V1] sudo show interfaces status
2023-12-29 02:59:41,297 T0245: [D2-V2] sudo show interfaces status
2023-12-29 02:59:48,014 T0247: [D1-V1] sudo show interfaces status
2023-12-29 02:59:48,016 T0248: [D2-V2] sudo show interfaces status
2023-12-29 02:59:49,714 T0249: [D1-V1] config save /tmp/config-db-V1-pre-module-prolog-system-test_lldp.py.json -y
2023-12-29 02:59:49,719 T0250: [D2-V2] config save /tmp/config-db-V2-pre-module-prolog-system-test_lldp.py.json -y
2023-12-29 02:59:50,949 T0249: [D1-V1] chmod 777 /tmp/config-db-V1-pre-module-prolog-system-test_lldp.py.json
2023-12-29 02:59:51,001 T0250: [D2-V2] chmod 777 /tmp/config-db-V2-pre-module-prolog-system-test_lldp.py.json
2023-12-29 02:59:52,425 T0249: [D1-V1] /sbin/ip link set dev eth0 up
2023-12-29 02:59:52,476 T0250: [D2-V2] /sbin/ip link set dev eth0 up
2023-12-29 02:59:53,094 T0249: [D1-V1] /sbin/ip route list dev eth0
2023-12-29 02:59:53,145 T0250: [D2-V2] /sbin/ip route list dev eth0
2023-12-29 03:00:01,465 T0249: [D1-V1] sudo vtysh -c 'show running-config' > /tmp/vtysh-runcfg-V1-pre-module-prolog-system-test_lldp.py.txt
2023-12-29 03:00:01,495 T0250: [D2-V2] sudo vtysh -c 'show running-config' > /tmp/vtysh-runcfg-V2-pre-module-prolog-system-test_lldp.py.txt
2023-12-29 03:00:02,336 T0249: [D1-V1] chmod 777 /tmp/vtysh-runcfg-V1-pre-module-prolog-system-test_lldp.py.txt
2023-12-29 03:00:02,366 T0250: [D2-V2] chmod 777 /tmp/vtysh-runcfg-V2-pre-module-prolog-system-test_lldp.py.txt
2023-12-29 03:00:03,816 T0249: [D1-V1] /sbin/ip link set dev eth0 up
2023-12-29 03:00:03,844 T0250: [D2-V2] /sbin/ip link set dev eth0 up
2023-12-29 03:00:04,487 T0249: [D1-V1] /sbin/ip route list dev eth0
2023-12-29 03:00:04,513 T0250: [D2-V2] /sbin/ip route list dev eth0
2023-12-29 03:00:12,903 T0000: 
================== Framework Module Hook Finish: system/test_lldp.py ==================
2023-12-29 03:00:12,904 T0000: 
================== Module Hook: system/test_lldp.py lldp_snmp_module_hooks ==================
2023-12-29 03:00:12,923 T0000: [D1-V1] /sbin/ifconfig eth0
2023-12-29 03:00:13,657 T0000: [D2-V2] /sbin/ifconfig eth0
2023-12-29 03:00:14,377 T0000: [D1-V1] sudo show interfaces status
2023-12-29 03:00:15,983 T0000: [D2-V2] sudo show interfaces status
2023-12-29 03:00:17,639 T0000: [D1-V1] show lldp neighbors Ethernet16
2023-12-29 03:00:20,022 T0000: [D1-V1] show lldp neighbors Ethernet16
2023-12-29 03:00:22,409 T0000: [D1-V1] show lldp neighbors Ethernet16
2023-12-29 03:00:24,792 T0000: [D1-V1] show lldp neighbors Ethernet16
2023-12-29 03:00:27,172 T0000: [D1-V1] show lldp neighbors Ethernet16
2023-12-29 03:00:29,552 T0000: [D1-V1] show lldp neighbors Ethernet16
2023-12-29 03:00:31,943 T0000: [D1-V1] show lldp neighbors Ethernet16
2023-12-29 03:00:34,331 T0000: [D1-V1] show lldp neighbors Ethernet16
2023-12-29 03:00:36,714 T0000: [D1-V1] show lldp neighbors Ethernet16
2023-12-29 03:00:39,104 T0000: [D1-V1] show lldp neighbors Ethernet16
2023-12-29 03:00:41,487 T0000: [D1-V1] show lldp neighbors Ethernet16
2023-12-29 03:00:43,883 T0000: [D1-V1] show lldp neighbors Ethernet16
2023-12-29 03:00:46,265 T0000: [D1-V1] show lldp neighbors Ethernet16
2023-12-29 03:00:48,652 T0000: [D1-V1] show lldp neighbors Ethernet16
2023-12-29 03:00:51,024 T0000: [D1-V1] show lldp neighbors Ethernet16
2023-12-29 03:00:53,359 T0000: [D1-V1] show lldp neighbors Ethernet16
2023-12-29 03:00:55,691 T0000: [D1-V1] show lldp neighbors Ethernet16
2023-12-29 03:00:58,071 T0000: [D1-V1] show lldp neighbors Ethernet16
2023-12-29 03:01:00,471 T0000: [D1-V1] show lldp neighbors Ethernet16
2023-12-29 03:01:02,859 T0000: [D1-V1] show lldp neighbors Ethernet16
2023-12-29 03:01:05,237 T0000: [D1-V1] show lldp neighbors Ethernet16
2023-12-29 03:01:07,623 T0000: [D1-V1] show lldp neighbors Ethernet16
2023-12-29 03:01:10,011 T0000: [D1-V1] show lldp neighbors Ethernet16
2023-12-29 03:01:12,395 T0000: [D1-V1] show lldp neighbors Ethernet16
2023-12-29 03:01:14,776 T0000: [D1-V1] show lldp neighbors Ethernet16
2023-12-29 03:01:17,160 T0000: [D1-V1] show lldp neighbors Ethernet16
2023-12-29 03:01:19,543 T0000: [D1-V1] show lldp neighbors Ethernet16
2023-12-29 03:01:21,925 T0000: [D1-V1] show lldp neighbors Ethernet16
2023-12-29 03:01:24,313 T0000: [D1-V1] show lldp neighbors Ethernet16
2023-12-29 03:01:26,695 T0000: [D1-V1] show lldp neighbors Ethernet16
2023-12-29 03:01:29,082 T0000: [D1-V1] show lldp neighbors Ethernet16
2023-12-29 03:01:30,464 T0000: 
================== Module Hook Finish: system/test_lldp.py lldp_snmp_module_hooks ==================
2023-12-29 03:01:34,553 T0000: 
================== Module Hook Finalize: system/test_lldp.py lldp_snmp_module_hooks ==================
2023-12-29 03:01:34,560 T0267: [D1-V1] config save /tmp/config-db-V1-post-module-epilog-system-test_lldp.py.json -y
2023-12-29 03:01:34,565 T0268: [D2-V2] config save /tmp/config-db-V2-post-module-epilog-system-test_lldp.py.json -y
2023-12-29 03:01:35,846 T0267: [D1-V1] chmod 777 /tmp/config-db-V1-post-module-epilog-system-test_lldp.py.json
2023-12-29 03:01:35,854 T0268: [D2-V2] chmod 777 /tmp/config-db-V2-post-module-epilog-system-test_lldp.py.json
2023-12-29 03:01:37,343 T0268: [D2-V2] /sbin/ip link set dev eth0 up
2023-12-29 03:01:37,343 T0267: [D1-V1] /sbin/ip link set dev eth0 up
2023-12-29 03:01:38,025 T0268: [D2-V2] /sbin/ip route list dev eth0
2023-12-29 03:01:38,031 T0267: [D1-V1] /sbin/ip route list dev eth0
2023-12-29 03:01:46,433 T0268: [D2-V2] sudo vtysh -c 'show running-config' > /tmp/vtysh-runcfg-V2-post-module-epilog-system-test_lldp.py.txt
2023-12-29 03:01:46,439 T0267: [D1-V1] sudo vtysh -c 'show running-config' > /tmp/vtysh-runcfg-V1-post-module-epilog-system-test_lldp.py.txt
2023-12-29 03:01:47,308 T0267: [D1-V1] chmod 777 /tmp/vtysh-runcfg-V1-post-module-epilog-system-test_lldp.py.txt
2023-12-29 03:01:47,352 T0268: [D2-V2] chmod 777 /tmp/vtysh-runcfg-V2-post-module-epilog-system-test_lldp.py.txt
2023-12-29 03:01:48,784 T0267: [D1-V1] /sbin/ip link set dev eth0 up
2023-12-29 03:01:48,828 T0268: [D2-V2] /sbin/ip link set dev eth0 up
2023-12-29 03:01:49,453 T0267: [D1-V1] /sbin/ip route list dev eth0
2023-12-29 03:01:49,497 T0268: [D2-V2] /sbin/ip route list dev eth0
2023-12-29 03:01:57,906 T0285: [D1-V1] sudo show interfaces status Ethernet124
2023-12-29 03:01:57,914 T0286: [D2-V2] sudo show interfaces status Ethernet124
2023-12-29 03:02:00,266 T0000: 
================== Framework Module Hook Finalize: system/test_lldp.py Pass: 0/0 ==================
2023-12-29 03:02:00,266 T0000: 
================== Devices used: system/test_lldp.py 2 ['V1', 'V2'] ==================
2023-12-29 03:02:01,267 T0000: 
================== Framework Module Hook: batch/test_spytest_infra_1.py ==================
2023-12-29 03:02:01,287 T0293: [D1-V1] no router bgp
2023-12-29 03:02:01,293 T0294: [D2-V2] no router bgp
2023-12-29 03:02:03,119 T0293: [D1-V1] config feature state sflow enabled
2023-12-29 03:02:03,127 T0294: [D2-V2] config feature state sflow enabled
2023-12-29 03:02:05,087 T0293: [D1-V1] config feature state nat enabled
2023-12-29 03:02:05,096 T0294: [D2-V2] config feature state nat enabled
2023-12-29 03:02:40,492 T0294: [D2-V2] /sbin/ip link set dev eth0 up
2023-12-29 03:02:40,492 T0293: [D1-V1] /sbin/ip link set dev eth0 up
2023-12-29 03:02:41,176 T0294: [D2-V2] /sbin/ip route list dev eth0
2023-12-29 03:02:41,184 T0293: [D1-V1] /sbin/ip route list dev eth0
2023-12-29 03:02:41,871 T0294: [D2-V2] sudo show interfaces status Ethernet124
2023-12-29 03:02:41,873 T0293: [D1-V1] sudo show interfaces status Ethernet124
2023-12-29 03:02:44,140 T0296: [D1-V1] sudo show interfaces status
2023-12-29 03:02:44,142 T0297: [D2-V2] sudo show interfaces status
2023-12-29 03:02:50,842 T0299: [D1-V1] sudo show interfaces status
2023-12-29 03:02:50,844 T0300: [D2-V2] sudo show interfaces status
2023-12-29 03:02:57,559 T0302: [D1-V1] sudo show interfaces status
2023-12-29 03:02:57,562 T0303: [D2-V2] sudo show interfaces status
2023-12-29 03:02:59,206 T0000: 
================== Framework Module Hook Finish: batch/test_spytest_infra_1.py ==================
2023-12-29 03:02:59,207 T0000: 
================== Framework Function Hook: batch/test_spytest_infra_1.py::test_spytest_infra_last ==================
2023-12-29 03:03:02,305 T0307: [D1-V1] sudo show interfaces status
2023-12-29 03:03:02,308 T0308: [D2-V2] sudo show interfaces status
2023-12-29 03:03:03,959 T0309: [D1-V1] sudo show interfaces status Ethernet124
2023-12-29 03:03:03,966 T0310: [D2-V2] sudo show interfaces status Ethernet124
2023-12-29 03:03:07,032 T0000: 
================== Framework Function Hook Finish: batch/test_spytest_infra_1.py::test_spytest_infra_last ==================
2023-12-29 03:03:07,034 T0000: 
================== Test Execution: batch/test_spytest_infra_1.py::test_spytest_infra_last ==================
2023-12-29 03:03:07,058 T0000: 
================== Framework Function Hook Finalize: batch/test_spytest_infra_1.py::test_spytest_infra_last ==================
2023-12-29 03:03:07,065 T0311: [D1-V1] sudo show interfaces status Ethernet124
2023-12-29 03:03:07,072 T0312: [D2-V2] sudo show interfaces status Ethernet124
2023-12-29 03:03:09,403 T0000: 
================== Framework Module Hook Finalize: batch/test_spytest_infra_1.py Pass: 1/1 ==================
2023-12-29 03:03:09,403 T0000: 
================== Devices used: batch/test_spytest_infra_1.py 2 ['V1', 'V2'] ==================
2023-12-29 03:03:10,231 T0000: 
================== Framework Module Hook: system/test_interface.py ==================
2023-12-29 03:03:10,251 T0319: [D1-V1] no router bgp
2023-12-29 03:03:10,256 T0320: [D2-V2] no router bgp
2023-12-29 03:03:12,087 T0319: [D1-V1] config feature state sflow enabled
2023-12-29 03:03:12,095 T0320: [D2-V2] config feature state sflow enabled
2023-12-29 03:03:14,039 T0319: [D1-V1] config feature state nat enabled
2023-12-29 03:03:14,047 T0320: [D2-V2] config feature state nat enabled
2023-12-29 03:03:33,759 T0319: [D1-V1] /sbin/ip link set dev eth0 up
2023-12-29 03:03:34,429 T0319: [D1-V1] /sbin/ip route list dev eth0
2023-12-29 03:03:34,973 T0320: [D2-V2] /sbin/ip link set dev eth0 up
2023-12-29 03:03:35,107 T0319: [D1-V1] sudo show interfaces status Ethernet124
2023-12-29 03:03:35,640 T0320: [D2-V2] /sbin/ip route list dev eth0
2023-12-29 03:03:36,316 T0320: [D2-V2] sudo show interfaces status Ethernet124
2023-12-29 03:03:38,523 T0322: [D1-V1] sudo show interfaces status
2023-12-29 03:03:38,525 T0323: [D2-V2] sudo show interfaces status
2023-12-29 03:03:40,191 T0324: [D1-V1] config save /tmp/config-db-V1-pre-module-prolog-system-test_interface.py.json -y
2023-12-29 03:03:40,196 T0325: [D2-V2] config save /tmp/config-db-V2-pre-module-prolog-system-test_interface.py.json -y
2023-12-29 03:03:41,429 T0325: [D2-V2] chmod 777 /tmp/config-db-V2-pre-module-prolog-system-test_interface.py.json
2023-12-29 03:03:41,478 T0324: [D1-V1] chmod 777 /tmp/config-db-V1-pre-module-prolog-system-test_interface.py.json
2023-12-29 03:03:42,904 T0325: [D2-V2] /sbin/ip link set dev eth0 up
2023-12-29 03:03:42,954 T0324: [D1-V1] /sbin/ip link set dev eth0 up
2023-12-29 03:03:43,573 T0325: [D2-V2] /sbin/ip route list dev eth0
2023-12-29 03:03:43,626 T0324: [D1-V1] /sbin/ip route list dev eth0
2023-12-29 03:03:51,947 T0325: [D2-V2] sudo vtysh -c 'show running-config' > /tmp/vtysh-runcfg-V2-pre-module-prolog-system-test_interface.py.txt
2023-12-29 03:03:51,969 T0324: [D1-V1] sudo vtysh -c 'show running-config' > /tmp/vtysh-runcfg-V1-pre-module-prolog-system-test_interface.py.txt
2023-12-29 03:03:52,817 T0325: [D2-V2] chmod 777 /tmp/vtysh-runcfg-V2-pre-module-prolog-system-test_interface.py.txt
2023-12-29 03:03:52,838 T0324: [D1-V1] chmod 777 /tmp/vtysh-runcfg-V1-pre-module-prolog-system-test_interface.py.txt
2023-12-29 03:03:54,292 T0325: [D2-V2] /sbin/ip link set dev eth0 up
2023-12-29 03:03:54,313 T0324: [D1-V1] /sbin/ip link set dev eth0 up
2023-12-29 03:03:54,962 T0325: [D2-V2] /sbin/ip route list dev eth0
2023-12-29 03:03:54,983 T0324: [D1-V1] /sbin/ip route list dev eth0
2023-12-29 03:04:03,364 T0000: 
================== Framework Module Hook Finish: system/test_interface.py ==================
2023-12-29 03:04:03,366 T0000: 
================== Module Hook: system/test_interface.py interface_module_hooks ==================
2023-12-29 03:04:03,367 T0000: [D1-V1] sudo show interfaces status Ethernet0
2023-12-29 03:04:04,955 T0000: [D1-V1] /sbin/ifconfig Ethernet0
2023-12-29 03:04:05,674 T0000: [D1-V1] show platform summary
2023-12-29 03:04:06,743 T0000: [D1-V1] ['config vlan add 1451']
2023-12-29 03:04:07,803 T0000: [D1-V1] config vlan member add 1451 Ethernet0 -u 
2023-12-29 03:04:08,857 T0000: [D1-V1] config vlan member add 1451 Ethernet4 -u 
2023-12-29 03:04:21,978 T0000: 
================== Module Hook Finish: system/test_interface.py interface_module_hooks ==================
2023-12-29 03:04:21,979 T0000: 
================== Framework Function Hook: system/test_interface.py::test_ft_port_fn_verify_shut_noshut ==================
2023-12-29 03:04:21,985 T0342: [D1-V1] config save /tmp/config-db-V1-post-module-prolog-system-test_interface.py.json -y
2023-12-29 03:04:21,990 T0343: [D2-V2] config save /tmp/config-db-V2-post-module-prolog-system-test_interface.py.json -y
2023-12-29 03:04:23,221 T0342: [D1-V1] chmod 777 /tmp/config-db-V1-post-module-prolog-system-test_interface.py.json
2023-12-29 03:04:23,273 T0343: [D2-V2] chmod 777 /tmp/config-db-V2-post-module-prolog-system-test_interface.py.json
2023-12-29 03:04:24,696 T0342: [D1-V1] /sbin/ip link set dev eth0 up
2023-12-29 03:04:24,749 T0343: [D2-V2] /sbin/ip link set dev eth0 up
2023-12-29 03:04:25,365 T0342: [D1-V1] /sbin/ip route list dev eth0
2023-12-29 03:04:25,417 T0343: [D2-V2] /sbin/ip route list dev eth0
2023-12-29 03:04:33,726 T0342: [D1-V1] sudo vtysh -c 'show running-config' > /tmp/vtysh-runcfg-V1-post-module-prolog-system-test_interface.py.txt
2023-12-29 03:04:33,756 T0343: [D2-V2] sudo vtysh -c 'show running-config' > /tmp/vtysh-runcfg-V2-post-module-prolog-system-test_interface.py.txt
2023-12-29 03:04:34,596 T0342: [D1-V1] chmod 777 /tmp/vtysh-runcfg-V1-post-module-prolog-system-test_interface.py.txt
2023-12-29 03:04:34,625 T0343: [D2-V2] chmod 777 /tmp/vtysh-runcfg-V2-post-module-prolog-system-test_interface.py.txt
2023-12-29 03:04:36,073 T0342: [D1-V1] /sbin/ip link set dev eth0 up
2023-12-29 03:04:36,100 T0343: [D2-V2] /sbin/ip link set dev eth0 up
2023-12-29 03:04:36,740 T0342: [D1-V1] /sbin/ip route list dev eth0
2023-12-29 03:04:36,769 T0343: [D2-V2] /sbin/ip route list dev eth0
2023-12-29 03:04:48,215 T0363: [D1-V1] sudo show interfaces status
2023-12-29 03:04:48,217 T0364: [D2-V2] sudo show interfaces status
2023-12-29 03:04:49,880 T0365: [D1-V1] sudo show interfaces status Ethernet124
2023-12-29 03:04:49,887 T0366: [D2-V2] sudo show interfaces status Ethernet124
2023-12-29 03:04:52,970 T0000: 
================== Framework Function Hook Finish: system/test_interface.py::test_ft_port_fn_verify_shut_noshut ==================
2023-12-29 03:04:52,971 T0000: 
================== Function Hook: system/test_interface.py interface_func_hooks ==================
2023-12-29 03:04:52,979 T0000: 
================== Function Hook Finish: system/test_interface.py interface_func_hooks ==================
2023-12-29 03:04:52,981 T0000: 
================== Test Execution: system/test_interface.py::test_ft_port_fn_verify_shut_noshut ==================
2023-12-29 03:04:52,992 T0000: [D1-V1] config interface ip add Ethernet16 11.11.11.11/24
2023-12-29 03:04:54,051 T0000: [D2-V2] config interface ip add Ethernet16 11.11.11.9/24
2023-12-29 03:04:55,104 T0000: [D1-V1] ping -4 11.11.11.9 -c 3 -W 10 
2023-12-29 03:04:57,824 T0000: [D2-V2] ping -4 11.11.11.11 -c 1 
2023-12-29 03:04:58,532 T0000: [D1-V1] config interface shutdown Ethernet16
2023-12-29 03:04:59,646 T0000: [D1-V1] config interface startup Ethernet16
2023-12-29 03:05:00,763 T0000: [D1-V1] config interface shutdown Ethernet16
2023-12-29 03:05:01,888 T0000: [D1-V1] config interface startup Ethernet16
2023-12-29 03:05:02,947 T0000: [D1-V1] config interface shutdown Ethernet16
2023-12-29 03:05:04,055 T0000: [D1-V1] config interface startup Ethernet16
2023-12-29 03:05:05,108 T0000: [D1-V1] ping -4 11.11.11.9 -c 5 -W 10 
2023-12-29 03:05:09,843 T0000: [D2-V2] ping -4 11.11.11.11 -c 1 
2023-12-29 03:05:31,474 T0000: [D1-V1] sudo show interfaces status Ethernet124
2023-12-29 03:05:33,058 T0000: [D1-V1] config interface ip remove Ethernet16 11.11.11.11/24
2023-12-29 03:05:35,021 T0000: 
================== Function Hook Finalize: system/test_interface.py interface_func_hooks ==================
2023-12-29 03:05:35,062 T0000: 
================== Framework Function Hook Finalize: system/test_interface.py::test_ft_port_fn_verify_shut_noshut ==================
2023-12-29 03:05:35,067 T0375: [D1-V1] config save /tmp/config-db-V1-pre-module-epilog-system-test_interface.py.json -y
2023-12-29 03:05:35,072 T0376: [D2-V2] config save /tmp/config-db-V2-pre-module-epilog-system-test_interface.py.json -y
2023-12-29 03:05:36,305 T0376: [D2-V2] chmod 777 /tmp/config-db-V2-pre-module-epilog-system-test_interface.py.json
2023-12-29 03:05:36,350 T0375: [D1-V1] chmod 777 /tmp/config-db-V1-pre-module-epilog-system-test_interface.py.json
2023-12-29 03:05:37,781 T0376: [D2-V2] /sbin/ip link set dev eth0 up
2023-12-29 03:05:37,828 T0375: [D1-V1] /sbin/ip link set dev eth0 up
2023-12-29 03:05:38,451 T0376: [D2-V2] /sbin/ip route list dev eth0
2023-12-29 03:05:38,498 T0375: [D1-V1] /sbin/ip route list dev eth0
2023-12-29 03:05:46,815 T0376: [D2-V2] sudo vtysh -c 'show running-config' > /tmp/vtysh-runcfg-V2-pre-module-epilog-system-test_interface.py.txt
2023-12-29 03:05:46,947 T0375: [D1-V1] sudo vtysh -c 'show running-config' > /tmp/vtysh-runcfg-V1-pre-module-epilog-system-test_interface.py.txt
2023-12-29 03:05:47,686 T0376: [D2-V2] chmod 777 /tmp/vtysh-runcfg-V2-pre-module-epilog-system-test_interface.py.txt
2023-12-29 03:05:47,870 T0375: [D1-V1] chmod 777 /tmp/vtysh-runcfg-V1-pre-module-epilog-system-test_interface.py.txt
2023-12-29 03:05:49,167 T0376: [D2-V2] /sbin/ip link set dev eth0 up
2023-12-29 03:05:49,350 T0375: [D1-V1] /sbin/ip link set dev eth0 up
2023-12-29 03:05:49,839 T0376: [D2-V2] /sbin/ip route list dev eth0
2023-12-29 03:05:50,019 T0375: [D1-V1] /sbin/ip route list dev eth0
2023-12-29 03:05:58,365 T0393: [D1-V1] show vlan config
2023-12-29 03:05:58,369 T0394: [D2-V2] show vlan config
2023-12-29 03:05:59,458 T0393: [D1-V1] []
2023-12-29 03:05:59,460 T0394: [D2-V2] []
2023-12-29 03:06:03,477 T0000: 
================== Module Hook Finalize: system/test_interface.py interface_module_hooks ==================
2023-12-29 03:06:03,486 T0395: [D1-V1] config save /tmp/config-db-V1-post-module-epilog-system-test_interface.py.json -y
2023-12-29 03:06:03,491 T0396: [D2-V2] config save /tmp/config-db-V2-post-module-epilog-system-test_interface.py.json -y
2023-12-29 03:06:04,775 T0395: [D1-V1] chmod 777 /tmp/config-db-V1-post-module-epilog-system-test_interface.py.json
2023-12-29 03:06:04,783 T0396: [D2-V2] chmod 777 /tmp/config-db-V2-post-module-epilog-system-test_interface.py.json
2023-12-29 03:06:06,270 T0395: [D1-V1] /sbin/ip link set dev eth0 up
2023-12-29 03:06:06,270 T0396: [D2-V2] /sbin/ip link set dev eth0 up
2023-12-29 03:06:06,953 T0395: [D1-V1] /sbin/ip route list dev eth0
2023-12-29 03:06:06,961 T0396: [D2-V2] /sbin/ip route list dev eth0
2023-12-29 03:06:15,328 T0395: [D1-V1] sudo vtysh -c 'show running-config' > /tmp/vtysh-runcfg-V1-post-module-epilog-system-test_interface.py.txt
2023-12-29 03:06:15,333 T0396: [D2-V2] sudo vtysh -c 'show running-config' > /tmp/vtysh-runcfg-V2-post-module-epilog-system-test_interface.py.txt
2023-12-29 03:06:16,199 T0395: [D1-V1] chmod 777 /tmp/vtysh-runcfg-V1-post-module-epilog-system-test_interface.py.txt
2023-12-29 03:06:16,207 T0396: [D2-V2] chmod 777 /tmp/vtysh-runcfg-V2-post-module-epilog-system-test_interface.py.txt
2023-12-29 03:06:17,691 T0395: [D1-V1] /sbin/ip link set dev eth0 up
2023-12-29 03:06:17,694 T0396: [D2-V2] /sbin/ip link set dev eth0 up
2023-12-29 03:06:18,378 T0395: [D1-V1] /sbin/ip route list dev eth0
2023-12-29 03:06:18,386 T0396: [D2-V2] /sbin/ip route list dev eth0
2023-12-29 03:06:26,785 T0413: [D1-V1] sudo show interfaces status Ethernet124
2023-12-29 03:06:26,793 T0414: [D2-V2] sudo show interfaces status Ethernet124
2023-12-29 03:06:29,187 T0000: 
================== Framework Module Hook Finalize: system/test_interface.py Pass: 0/1 ==================
2023-12-29 03:06:29,187 T0000: 
================== Devices used: system/test_interface.py 2 ['V1', 'V2'] ==================
2023-12-29 03:06:30,115 T0000: 
================== Framework Module Hook: batch/test_spytest_infra_1.py ==================
2023-12-29 03:06:30,135 T0421: [D1-V1] no router bgp
2023-12-29 03:06:30,141 T0422: [D2-V2] no router bgp
2023-12-29 03:06:31,971 T0421: [D1-V1] config feature state sflow enabled
2023-12-29 03:06:31,980 T0422: [D2-V2] config feature state sflow enabled
2023-12-29 03:06:33,934 T0421: [D1-V1] config feature state nat enabled
2023-12-29 03:06:33,990 T0422: [D2-V2] config feature state nat enabled
2023-12-29 03:07:10,544 T0422: [D2-V2] /sbin/ip link set dev eth0 up
2023-12-29 03:07:11,209 T0422: [D2-V2] /sbin/ip route list dev eth0
2023-12-29 03:07:11,881 T0422: [D2-V2] sudo show interfaces status Ethernet124
2023-12-29 03:08:09,431 T0421: [D1-V1] /sbin/ip link set dev eth0 up
2023-12-29 03:08:10,100 T0421: [D1-V1] /sbin/ip route list dev eth0
2023-12-29 03:08:10,779 T0421: [D1-V1] sudo show interfaces status Ethernet124
2023-12-29 03:08:15,066 T0421: [D1-V1] sudo show interfaces status Ethernet124
2023-12-29 03:08:17,327 T0424: [D1-V1] sudo show interfaces status
2023-12-29 03:08:17,330 T0425: [D2-V2] sudo show interfaces status
2023-12-29 03:08:24,183 T0427: [D1-V1] sudo show interfaces status
2023-12-29 03:08:24,185 T0428: [D2-V2] sudo show interfaces status
2023-12-29 03:08:30,991 T0430: [D1-V1] sudo show interfaces status
2023-12-29 03:08:30,994 T0431: [D2-V2] sudo show interfaces status
2023-12-29 03:08:32,736 T0000: 
================== Framework Module Hook Finish: batch/test_spytest_infra_1.py ==================
2023-12-29 03:08:32,737 T0000: 
================== Framework Function Hook: batch/test_spytest_infra_1.py::test_spytest_infra_last ==================
2023-12-29 03:08:35,824 T0435: [D1-V1] sudo show interfaces status
2023-12-29 03:08:35,827 T0436: [D2-V2] sudo show interfaces status
2023-12-29 03:08:37,539 T0437: [D1-V1] sudo show interfaces status Ethernet124
2023-12-29 03:08:37,544 T0438: [D2-V2] sudo show interfaces status Ethernet124
2023-12-29 03:08:40,669 T0000: 
================== Framework Function Hook Finish: batch/test_spytest_infra_1.py::test_spytest_infra_last ==================
2023-12-29 03:08:40,671 T0000: 
================== Test Execution: batch/test_spytest_infra_1.py::test_spytest_infra_last ==================
2023-12-29 03:08:40,695 T0000: 
================== Framework Function Hook Finalize: batch/test_spytest_infra_1.py::test_spytest_infra_last ==================
2023-12-29 03:08:40,701 T0439: [D1-V1] sudo show interfaces status Ethernet124
2023-12-29 03:08:40,709 T0440: [D2-V2] sudo show interfaces status Ethernet124
2023-12-29 03:08:43,103 T0000: 
================== Framework Module Hook Finalize: batch/test_spytest_infra_1.py Pass: 1/1 ==================
2023-12-29 03:08:43,103 T0000: 
================== Devices used: batch/test_spytest_infra_1.py 2 ['V1', 'V2'] ==================
2023-12-29 03:08:43,213 T0445: [D1-V1] ['stty cols 80']
2023-12-29 03:08:43,216 T0446: [D2-V2] ['stty cols 80']
