2023-12-31 00:34:09,391 T0002: [D1-V1] ['export TMOUT=0', 'stty cols 5000', 'uptime']
2023-12-31 00:34:10,059 T0002: [D1-V1] cat /proc/uptime
2023-12-31 00:34:10,729 T0002: [D1-V1] sudo vtysh -c 'show running-config | include hostname'
2023-12-31 00:34:16,962 T0002: [D1-V1] /sbin/ip link set dev eth0 up
2023-12-31 00:34:17,632 T0002: [D1-V1] /sbin/ip route list dev eth0
2023-12-31 00:34:18,310 T0002: [D1-V1] ['export TMOUT=0', 'stty cols 5000', 'uptime']
2023-12-31 00:34:20,457 T0002: [D1-V1] /sbin/ip link set dev eth0 up
2023-12-31 00:34:21,127 T0002: [D1-V1] /sbin/ip route list dev eth0
2023-12-31 00:34:22,472 T0002: [D1-V1] show version
2023-12-31 00:34:24,506 T0002: [D1-V1] /sbin/ip link set dev eth0 up
2023-12-31 00:34:25,173 T0002: [D1-V1] /sbin/ip route list dev eth0
2023-12-31 00:34:27,327 T0002: [D1-V1] /sbin/ip link set dev eth0 up
2023-12-31 00:34:27,996 T0002: [D1-V1] /sbin/ip route list dev eth0
2023-12-31 00:35:39,603 T0000: [D1-V1] sudo show interfaces status
2023-12-31 00:35:41,482 T0000: [D1-V1] config interface startup Ethernet0
2023-12-31 00:35:42,645 T0000: [D1-V1] config interface startup Ethernet4
2023-12-31 00:35:43,764 T0000: [D1-V1] config interface startup Ethernet8
2023-12-31 00:35:44,875 T0000: [D1-V1] config interface startup Ethernet12
2023-12-31 00:35:46,021 T0000: [D1-V1] config interface shutdown Ethernet16
2023-12-31 00:35:47,133 T0000: [D1-V1] config interface shutdown Ethernet20
2023-12-31 00:35:48,251 T0000: [D1-V1] config interface shutdown Ethernet24
2023-12-31 00:35:49,359 T0000: [D1-V1] config interface shutdown Ethernet28
2023-12-31 00:35:50,420 T0000: [D1-V1] config interface shutdown Ethernet32
2023-12-31 00:35:51,574 T0000: [D1-V1] config interface shutdown Ethernet36
2023-12-31 00:35:52,678 T0000: [D1-V1] config interface shutdown Ethernet40
2023-12-31 00:35:53,783 T0000: [D1-V1] config interface shutdown Ethernet44
2023-12-31 00:35:54,889 T0000: [D1-V1] config interface shutdown Ethernet48
2023-12-31 00:35:55,996 T0000: [D1-V1] config interface shutdown Ethernet52
2023-12-31 00:35:57,104 T0000: [D1-V1] config interface shutdown Ethernet56
2023-12-31 00:35:58,213 T0000: [D1-V1] config interface shutdown Ethernet60
2023-12-31 00:35:59,318 T0000: [D1-V1] config interface shutdown Ethernet64
2023-12-31 00:36:00,425 T0000: [D1-V1] config interface shutdown Ethernet68
2023-12-31 00:36:01,525 T0000: [D1-V1] config interface shutdown Ethernet72
2023-12-31 00:36:02,633 T0000: [D1-V1] config interface shutdown Ethernet76
2023-12-31 00:36:03,734 T0000: [D1-V1] config interface shutdown Ethernet80
2023-12-31 00:36:04,841 T0000: [D1-V1] config interface shutdown Ethernet84
2023-12-31 00:36:05,944 T0000: [D1-V1] config interface shutdown Ethernet88
2023-12-31 00:36:07,104 T0000: [D1-V1] config interface shutdown Ethernet92
2023-12-31 00:36:08,256 T0000: [D1-V1] config interface shutdown Ethernet96
2023-12-31 00:36:09,414 T0000: [D1-V1] config interface shutdown Ethernet100
2023-12-31 00:36:10,523 T0000: [D1-V1] config interface shutdown Ethernet104
2023-12-31 00:36:11,629 T0000: [D1-V1] config interface shutdown Ethernet108
2023-12-31 00:36:12,733 T0000: [D1-V1] config interface shutdown Ethernet112
2023-12-31 00:36:13,891 T0000: [D1-V1] config interface shutdown Ethernet116
2023-12-31 00:36:15,001 T0000: [D1-V1] config interface shutdown Ethernet120
2023-12-31 00:36:16,103 T0000: [D1-V1] config interface shutdown Ethernet124
2023-12-31 00:36:23,335 T0000: [D1-V1] show version
2023-12-31 00:36:25,376 T0000: [D1-V1] cat /var/run/redis/sonic-db/database_config.json
2023-12-31 00:36:26,175 T0000: [D1-V1] /sbin/ifconfig eth0
2023-12-31 00:36:26,903 T0000: [D1-V1] ls /etc/sonic/bcmsim.cfg
2023-12-31 00:36:27,636 T0000: [D1-V1] no router bgp
2023-12-31 00:36:29,533 T0000: [D1-V1] config feature state sflow enabled
2023-12-31 00:36:31,629 T0000: [D1-V1] config feature state nat enabled
2023-12-31 00:36:35,954 T0000: [D1-V1] config save /tmp/config-db-V1-post-session-prolog-session.json -y
2023-12-31 00:36:37,318 T0000: [D1-V1] chmod 777 /tmp/config-db-V1-post-session-prolog-session.json
2023-12-31 00:36:38,844 T0000: [D1-V1] /sbin/ip link set dev eth0 up
2023-12-31 00:36:39,553 T0000: [D1-V1] /sbin/ip route list dev eth0
2023-12-31 00:36:48,014 T0000: [D1-V1] sudo vtysh -c 'show running-config' > /tmp/vtysh-runcfg-V1-post-session-prolog-session.txt
2023-12-31 00:36:48,917 T0000: [D1-V1] chmod 777 /tmp/vtysh-runcfg-V1-post-session-prolog-session.txt
2023-12-31 00:36:50,444 T0000: [D1-V1] /sbin/ip link set dev eth0 up
2023-12-31 00:36:51,157 T0000: [D1-V1] /sbin/ip route list dev eth0
2023-12-31 00:37:00,042 T0000: 
================== Framework Module Hook: batch/test_spytest_infra_1.py ==================
2023-12-31 00:37:00,061 T0012: [D1-V1] sudo show interfaces status Ethernet124
2023-12-31 00:37:02,370 T0013: [D1-V1] sudo show interfaces status
2023-12-31 00:37:04,053 T0000: 
================== Framework Module Hook Finish: batch/test_spytest_infra_1.py ==================
2023-12-31 00:37:04,055 T0000: 
================== Framework Function Hook: batch/test_spytest_infra_1.py::test_spytest_infra_first ==================
2023-12-31 00:37:07,150 T0014: [D1-V1] sudo show interfaces status
2023-12-31 00:37:08,855 T0000: [D1-V1] sudo show interfaces status Ethernet124
2023-12-31 00:37:11,598 T0000: 
================== Framework Function Hook Finish: batch/test_spytest_infra_1.py::test_spytest_infra_first ==================
2023-12-31 00:37:11,601 T0000: 
================== Test Execution: batch/test_spytest_infra_1.py::test_spytest_infra_first ==================
2023-12-31 00:37:11,620 T0000: 
================== Framework Function Hook Finalize: batch/test_spytest_infra_1.py::test_spytest_infra_first ==================
2023-12-31 00:37:11,750 T0000: 
================== Framework Function Hook: batch/test_spytest_infra_1.py::test_spytest_infra_second ==================
2023-12-31 00:37:11,766 T0015: [D1-V1] sudo show interfaces status
2023-12-31 00:37:13,469 T0000: [D1-V1] sudo show interfaces status Ethernet124
2023-12-31 00:37:16,215 T0000: 
================== Framework Function Hook Finish: batch/test_spytest_infra_1.py::test_spytest_infra_second ==================
2023-12-31 00:37:16,216 T0000: 
================== Test Execution: batch/test_spytest_infra_1.py::test_spytest_infra_second ==================
2023-12-31 00:37:16,238 T0000: 
================== Framework Function Hook Finalize: batch/test_spytest_infra_1.py::test_spytest_infra_second ==================
2023-12-31 00:37:16,251 T0000: [D1-V1] sudo show interfaces status Ethernet124
2023-12-31 00:37:18,686 T0000: 
================== Framework Module Hook Finalize: batch/test_spytest_infra_1.py Pass: 2/2 ==================
2023-12-31 00:37:18,686 T0000: 
================== Devices used: batch/test_spytest_infra_1.py 1 ['V1'] ==================
2023-12-31 00:37:19,100 T0000: 
================== Framework Module Hook: system/test_device_mgmt.py ==================
2023-12-31 00:37:19,112 T0016: [D1-V1] sudo show interfaces status Ethernet124
2023-12-31 00:37:21,422 T0017: [D1-V1] sudo show interfaces status
2023-12-31 00:37:23,116 T0000: [D1-V1] config save /tmp/config-db-V1-pre-module-prolog-system-test_device_mgmt.py.json -y
2023-12-31 00:37:24,420 T0000: [D1-V1] chmod 777 /tmp/config-db-V1-pre-module-prolog-system-test_device_mgmt.py.json
2023-12-31 00:37:25,954 T0000: [D1-V1] /sbin/ip link set dev eth0 up
2023-12-31 00:37:26,662 T0000: [D1-V1] /sbin/ip route list dev eth0
2023-12-31 00:37:35,114 T0000: [D1-V1] sudo vtysh -c 'show running-config' > /tmp/vtysh-runcfg-V1-pre-module-prolog-system-test_device_mgmt.py.txt
2023-12-31 00:37:36,017 T0000: [D1-V1] chmod 777 /tmp/vtysh-runcfg-V1-pre-module-prolog-system-test_device_mgmt.py.txt
2023-12-31 00:37:37,547 T0000: [D1-V1] /sbin/ip link set dev eth0 up
2023-12-31 00:37:38,256 T0000: [D1-V1] /sbin/ip route list dev eth0
2023-12-31 00:37:46,719 T0000: 
================== Framework Module Hook Finish: system/test_device_mgmt.py ==================
2023-12-31 00:37:46,719 T0000: 
================== Module Hook: system/test_device_mgmt.py mgmt_module_hooks ==================
2023-12-31 00:37:46,720 T0000: 
================== Module Hook Finish: system/test_device_mgmt.py mgmt_module_hooks ==================
2023-12-31 00:37:46,721 T0000: 
================== Framework Function Hook: system/test_device_mgmt.py::test_ft_ip_static_ip_on_mgmt_intrf ==================
2023-12-31 00:37:46,729 T0000: [D1-V1] config save /tmp/config-db-V1-post-module-prolog-system-test_device_mgmt.py.json -y
2023-12-31 00:37:48,090 T0000: [D1-V1] chmod 777 /tmp/config-db-V1-post-module-prolog-system-test_device_mgmt.py.json
2023-12-31 00:37:49,620 T0000: [D1-V1] /sbin/ip link set dev eth0 up
2023-12-31 00:37:50,331 T0000: [D1-V1] /sbin/ip route list dev eth0
2023-12-31 00:37:58,764 T0000: [D1-V1] sudo vtysh -c 'show running-config' > /tmp/vtysh-runcfg-V1-post-module-prolog-system-test_device_mgmt.py.txt
2023-12-31 00:37:59,719 T0000: [D1-V1] chmod 777 /tmp/vtysh-runcfg-V1-post-module-prolog-system-test_device_mgmt.py.txt
2023-12-31 00:38:01,255 T0000: [D1-V1] /sbin/ip link set dev eth0 up
2023-12-31 00:38:01,965 T0000: [D1-V1] /sbin/ip route list dev eth0
2023-12-31 00:38:13,501 T0034: [D1-V1] sudo show interfaces status
2023-12-31 00:38:15,195 T0000: [D1-V1] sudo show interfaces status Ethernet124
2023-12-31 00:38:17,952 T0000: 
================== Framework Function Hook Finish: system/test_device_mgmt.py::test_ft_ip_static_ip_on_mgmt_intrf ==================
2023-12-31 00:38:17,953 T0000: 
================== Function Hook: system/test_device_mgmt.py mgmt_func_hooks ==================
2023-12-31 00:38:17,955 T0000: 
================== Function Hook Finish: system/test_device_mgmt.py mgmt_func_hooks ==================
2023-12-31 00:38:17,956 T0000: 
================== Test Execution: system/test_device_mgmt.py::test_ft_ip_static_ip_on_mgmt_intrf ==================
2023-12-31 00:38:17,957 T0000: [D1-V1] dhclient  eth0
2023-12-31 00:38:23,788 T0000: [D1-V1] /sbin/ifconfig eth0
2023-12-31 00:38:24,520 T0000: [D1-V1] /sbin/ifconfig eth0
2023-12-31 00:38:25,235 T0000: [D1-V1] sudo route -n
2023-12-31 00:38:25,964 T0000: [D1-V1] ifconfig eth0 192.168.122.236 netmask 255.255.255.0
2023-12-31 00:38:26,668 T0000: [D1-V1] ip route add default via 192.168.122.1
2023-12-31 00:38:27,378 T0000: [D1-V1] ping -4 192.168.122.1 -c 3 
2023-12-31 00:38:30,151 T0000: [D1-V1] ip addr del 192.168.122.236/255.255.255.0 dev eth0
2023-12-31 00:38:30,861 T0000: [D1-V1] /sbin/ifconfig eth0
2023-12-31 00:38:31,580 T0000: [D1-V1] dhclient  eth0
2023-12-31 00:38:32,384 T0000: [D1-V1] ping -4 192.168.122.1 -c 3 
2023-12-31 00:38:35,163 T0000: 
================== Function Hook Finalize: system/test_device_mgmt.py mgmt_func_hooks ==================
2023-12-31 00:38:35,181 T0000: 
================== Framework Function Hook Finalize: system/test_device_mgmt.py::test_ft_ip_static_ip_on_mgmt_intrf ==================
2023-12-31 00:38:35,189 T0000: [D1-V1] config save /tmp/config-db-V1-pre-module-epilog-system-test_device_mgmt.py.json -y
2023-12-31 00:38:36,495 T0000: [D1-V1] chmod 777 /tmp/config-db-V1-pre-module-epilog-system-test_device_mgmt.py.json
2023-12-31 00:38:38,027 T0000: [D1-V1] /sbin/ip link set dev eth0 up
2023-12-31 00:38:38,740 T0000: [D1-V1] /sbin/ip route list dev eth0
2023-12-31 00:38:47,603 T0000: [D1-V1] sudo vtysh -c 'show running-config' > /tmp/vtysh-runcfg-V1-pre-module-epilog-system-test_device_mgmt.py.txt
2023-12-31 00:38:48,566 T0000: [D1-V1] chmod 777 /tmp/vtysh-runcfg-V1-pre-module-epilog-system-test_device_mgmt.py.txt
2023-12-31 00:38:50,096 T0000: [D1-V1] /sbin/ip link set dev eth0 up
2023-12-31 00:38:50,805 T0000: [D1-V1] /sbin/ip route list dev eth0
2023-12-31 00:38:59,676 T0000: 
================== Module Hook Finalize: system/test_device_mgmt.py mgmt_module_hooks ==================
2023-12-31 00:38:59,685 T0000: [D1-V1] config save /tmp/config-db-V1-post-module-epilog-system-test_device_mgmt.py.json -y
2023-12-31 00:39:00,995 T0000: [D1-V1] chmod 777 /tmp/config-db-V1-post-module-epilog-system-test_device_mgmt.py.json
2023-12-31 00:39:02,526 T0000: [D1-V1] /sbin/ip link set dev eth0 up
2023-12-31 00:39:03,237 T0000: [D1-V1] /sbin/ip route list dev eth0
2023-12-31 00:39:11,695 T0000: [D1-V1] sudo vtysh -c 'show running-config' > /tmp/vtysh-runcfg-V1-post-module-epilog-system-test_device_mgmt.py.txt
2023-12-31 00:39:12,656 T0000: [D1-V1] chmod 777 /tmp/vtysh-runcfg-V1-post-module-epilog-system-test_device_mgmt.py.txt
2023-12-31 00:39:14,184 T0000: [D1-V1] /sbin/ip link set dev eth0 up
2023-12-31 00:39:14,897 T0000: [D1-V1] /sbin/ip route list dev eth0
2023-12-31 00:39:23,348 T0000: [D1-V1] sudo show interfaces status Ethernet124
2023-12-31 00:39:25,824 T0000: 
================== Framework Module Hook Finalize: system/test_device_mgmt.py Pass: 1/1 ==================
2023-12-31 00:39:25,824 T0000: 
================== Devices used: system/test_device_mgmt.py 1 ['V1'] ==================
2023-12-31 00:39:26,319 T0000: 
================== Framework Module Hook: batch/test_spytest_infra_1.py ==================
2023-12-31 00:39:26,333 T0051: [D1-V1] no router bgp
2023-12-31 00:39:28,136 T0051: [D1-V1] config feature state sflow enabled
2023-12-31 00:39:30,138 T0051: [D1-V1] config feature state nat enabled
2023-12-31 00:39:51,252 T0051: [D1-V1] /sbin/ip link set dev eth0 up
2023-12-31 00:39:51,922 T0051: [D1-V1] /sbin/ip route list dev eth0
2023-12-31 00:39:52,602 T0051: [D1-V1] sudo show interfaces status Ethernet124
2023-12-31 00:39:54,862 T0052: [D1-V1] sudo show interfaces status
2023-12-31 00:39:56,606 T0000: 
================== Framework Module Hook Finish: batch/test_spytest_infra_1.py ==================
2023-12-31 00:39:56,608 T0000: 
================== Framework Function Hook: batch/test_spytest_infra_1.py::test_spytest_infra_last ==================
2023-12-31 00:39:59,719 T0053: [D1-V1] sudo show interfaces status
2023-12-31 00:40:01,412 T0000: [D1-V1] sudo show interfaces status Ethernet124
2023-12-31 00:40:04,159 T0000: 
================== Framework Function Hook Finish: batch/test_spytest_infra_1.py::test_spytest_infra_last ==================
2023-12-31 00:40:04,160 T0000: 
================== Test Execution: batch/test_spytest_infra_1.py::test_spytest_infra_last ==================
2023-12-31 00:40:04,181 T0000: 
================== Framework Function Hook Finalize: batch/test_spytest_infra_1.py::test_spytest_infra_last ==================
2023-12-31 00:40:04,203 T0000: [D1-V1] sudo show interfaces status Ethernet124
2023-12-31 00:40:06,760 T0000: 
================== Framework Module Hook Finalize: batch/test_spytest_infra_1.py Pass: 1/1 ==================
2023-12-31 00:40:06,760 T0000: 
================== Devices used: batch/test_spytest_infra_1.py 1 ['V1'] ==================
2023-12-31 00:40:06,872 T0000: [D1-V1] ['stty cols 80']
