2023-12-27 22:42:39,668 T0052: WARN  #### gw1  
2023-12-27 22:42:39,668 T0052: WARN  support post-session-prolog session pass ''
2023-12-27 22:42:39,670 T0053: WARN  #### gw1  
2023-12-27 22:42:39,670 T0053: WARN  support post-session-prolog session pass ''
2023-12-27 22:42:39,673 T0054: WARN  #### gw1  
2023-12-27 22:42:39,673 T0054: WARN  support post-session-prolog session pass ''
2023-12-27 22:42:39,677 T0055: WARN  #### gw1  
2023-12-27 22:42:39,677 T0055: WARN  support post-session-prolog session pass ''
2023-12-27 22:43:32,425 T0156: INFO  #### gw1  
2023-12-27 22:43:32,425 T0156: INFO  support pre-module-prolog routing/BGP/test_bgp_4node.py  ''
2023-12-27 22:43:32,427 T0157: INFO  #### gw1  
2023-12-27 22:43:32,427 T0157: INFO  support pre-module-prolog routing/BGP/test_bgp_4node.py  ''
2023-12-27 22:43:32,429 T0158: INFO  #### gw1  
2023-12-27 22:43:32,430 T0158: INFO  support pre-module-prolog routing/BGP/test_bgp_4node.py  ''
2023-12-27 22:43:32,432 T0159: INFO  #### gw1  
2023-12-27 22:43:32,433 T0159: INFO  support pre-module-prolog routing/BGP/test_bgp_4node.py  ''
2023-12-27 22:45:06,831 T0204: INFO  #### gw1  routing/BGP/test_bgp_4node.py
2023-12-27 22:45:06,831 T0204: INFO  support post-class-prolog routing/BGP/test_bgp_4node.py Pass ''
2023-12-27 22:45:06,833 T0205: INFO  #### gw1  routing/BGP/test_bgp_4node.py
2023-12-27 22:45:06,834 T0205: INFO  support post-class-prolog routing/BGP/test_bgp_4node.py Pass ''
2023-12-27 22:45:06,836 T0206: INFO  #### gw1  routing/BGP/test_bgp_4node.py
2023-12-27 22:45:06,836 T0206: INFO  support post-class-prolog routing/BGP/test_bgp_4node.py Pass ''
2023-12-27 22:45:06,838 T0207: INFO  #### gw1  routing/BGP/test_bgp_4node.py
2023-12-27 22:45:06,838 T0207: INFO  support post-class-prolog routing/BGP/test_bgp_4node.py Pass ''
2023-12-27 22:45:06,856 T0208: INFO  #### gw1  routing/BGP/test_bgp_4node.py
2023-12-27 22:45:06,857 T0208: INFO  support post-module-prolog routing/BGP/test_bgp_4node.py Pass ''
2023-12-27 22:45:06,859 T0209: INFO  #### gw1  routing/BGP/test_bgp_4node.py
2023-12-27 22:45:06,859 T0209: INFO  support post-module-prolog routing/BGP/test_bgp_4node.py Pass ''
2023-12-27 22:45:06,862 T0210: INFO  #### gw1  routing/BGP/test_bgp_4node.py
2023-12-27 22:45:06,863 T0210: INFO  support post-module-prolog routing/BGP/test_bgp_4node.py Pass ''
2023-12-27 22:45:06,866 T0211: INFO  #### gw1  routing/BGP/test_bgp_4node.py
2023-12-27 22:45:06,866 T0211: INFO  support post-module-prolog routing/BGP/test_bgp_4node.py Pass ''
2023-12-27 22:45:40,817 T0257: INFO  #### gw1  routing/BGP/test_bgp_4node.py
2023-12-27 22:45:40,817 T0257: INFO  support pre-function-prolog TestBGPConfed.test_ipv6_confed_route_distribution  ''
2023-12-27 22:45:40,822 T0258: INFO  #### gw1  routing/BGP/test_bgp_4node.py
2023-12-27 22:45:40,823 T0258: INFO  support pre-function-prolog TestBGPConfed.test_ipv6_confed_route_distribution  ''
2023-12-27 22:45:40,826 T0259: INFO  #### gw1  routing/BGP/test_bgp_4node.py
2023-12-27 22:45:40,826 T0259: INFO  support pre-function-prolog TestBGPConfed.test_ipv6_confed_route_distribution  ''
2023-12-27 22:45:40,828 T0260: INFO  #### gw1  routing/BGP/test_bgp_4node.py
2023-12-27 22:45:40,828 T0260: INFO  support pre-function-prolog TestBGPConfed.test_ipv6_confed_route_distribution  ''
2023-12-27 22:45:56,103 T0261: INFO  #### gw1  routing/BGP/test_bgp_4node.py::TestBGPConfed::test_ipv6_confed_route_distribution
2023-12-27 22:45:56,103 T0261: INFO  support pre-function-epilog TestBGPConfed.test_ipv6_confed_route_distribution Pass 'Test case passed'
2023-12-27 22:45:56,105 T0262: INFO  #### gw1  routing/BGP/test_bgp_4node.py::TestBGPConfed::test_ipv6_confed_route_distribution
2023-12-27 22:45:56,105 T0262: INFO  support pre-function-epilog TestBGPConfed.test_ipv6_confed_route_distribution Pass 'Test case passed'
2023-12-27 22:45:56,107 T0263: INFO  #### gw1  routing/BGP/test_bgp_4node.py::TestBGPConfed::test_ipv6_confed_route_distribution
2023-12-27 22:45:56,107 T0263: INFO  support pre-function-epilog TestBGPConfed.test_ipv6_confed_route_distribution Pass 'Test case passed'
2023-12-27 22:45:56,109 T0264: INFO  #### gw1  routing/BGP/test_bgp_4node.py::TestBGPConfed::test_ipv6_confed_route_distribution
2023-12-27 22:45:56,110 T0264: INFO  support pre-function-epilog TestBGPConfed.test_ipv6_confed_route_distribution Pass 'Test case passed'
2023-12-27 22:45:56,121 T0265: INFO  #### gw1  routing/BGP/test_bgp_4node.py::TestBGPConfed::test_ipv6_confed_route_distribution
2023-12-27 22:45:56,122 T0265: INFO  support post-function-epilog TestBGPConfed.test_ipv6_confed_route_distribution Pass 'Test case passed'
2023-12-27 22:45:56,124 T0266: INFO  #### gw1  routing/BGP/test_bgp_4node.py::TestBGPConfed::test_ipv6_confed_route_distribution
2023-12-27 22:45:56,124 T0266: INFO  support post-function-epilog TestBGPConfed.test_ipv6_confed_route_distribution Pass 'Test case passed'
2023-12-27 22:45:56,126 T0267: INFO  #### gw1  routing/BGP/test_bgp_4node.py::TestBGPConfed::test_ipv6_confed_route_distribution
2023-12-27 22:45:56,127 T0267: INFO  support post-function-epilog TestBGPConfed.test_ipv6_confed_route_distribution Pass 'Test case passed'
2023-12-27 22:45:56,129 T0268: INFO  #### gw1  routing/BGP/test_bgp_4node.py::TestBGPConfed::test_ipv6_confed_route_distribution
2023-12-27 22:45:56,129 T0268: INFO  support post-function-epilog TestBGPConfed.test_ipv6_confed_route_distribution Pass 'Test case passed'
2023-12-27 22:46:03,513 T0278: INFO  #### gw1  routing/BGP/test_bgp_4node.py
2023-12-27 22:46:03,513 T0278: INFO  support pre-function-prolog TestBGPConfed.test_ipv6_confed_with_rr  ''
2023-12-27 22:46:03,517 T0279: INFO  #### gw1  routing/BGP/test_bgp_4node.py
2023-12-27 22:46:03,518 T0279: INFO  support pre-function-prolog TestBGPConfed.test_ipv6_confed_with_rr  ''
2023-12-27 22:46:03,521 T0280: INFO  #### gw1  routing/BGP/test_bgp_4node.py
2023-12-27 22:46:03,522 T0280: INFO  support pre-function-prolog TestBGPConfed.test_ipv6_confed_with_rr  ''
2023-12-27 22:46:03,523 T0281: INFO  #### gw1  routing/BGP/test_bgp_4node.py
2023-12-27 22:46:03,524 T0281: INFO  support pre-function-prolog TestBGPConfed.test_ipv6_confed_with_rr  ''
2023-12-27 22:46:43,023 T0282: INFO  #### gw1  routing/BGP/test_bgp_4node.py::TestBGPConfed::test_ipv6_confed_with_rr
2023-12-27 22:46:43,023 T0282: INFO  support pre-function-epilog TestBGPConfed.test_ipv6_confed_with_rr Pass 'Test case passed'
2023-12-27 22:46:43,025 T0283: INFO  #### gw1  routing/BGP/test_bgp_4node.py::TestBGPConfed::test_ipv6_confed_with_rr
2023-12-27 22:46:43,026 T0283: INFO  support pre-function-epilog TestBGPConfed.test_ipv6_confed_with_rr Pass 'Test case passed'
2023-12-27 22:46:43,027 T0284: INFO  #### gw1  routing/BGP/test_bgp_4node.py::TestBGPConfed::test_ipv6_confed_with_rr
2023-12-27 22:46:43,028 T0284: INFO  support pre-function-epilog TestBGPConfed.test_ipv6_confed_with_rr Pass 'Test case passed'
2023-12-27 22:46:43,029 T0285: INFO  #### gw1  routing/BGP/test_bgp_4node.py::TestBGPConfed::test_ipv6_confed_with_rr
2023-12-27 22:46:43,030 T0285: INFO  support pre-function-epilog TestBGPConfed.test_ipv6_confed_with_rr Pass 'Test case passed'
2023-12-27 22:46:43,045 T0286: INFO  #### gw1  routing/BGP/test_bgp_4node.py::TestBGPConfed::test_ipv6_confed_with_rr
2023-12-27 22:46:43,045 T0286: INFO  support post-function-epilog TestBGPConfed.test_ipv6_confed_with_rr Pass 'Test case passed'
2023-12-27 22:46:43,047 T0287: INFO  #### gw1  routing/BGP/test_bgp_4node.py::TestBGPConfed::test_ipv6_confed_with_rr
2023-12-27 22:46:43,048 T0287: INFO  support post-function-epilog TestBGPConfed.test_ipv6_confed_with_rr Pass 'Test case passed'
2023-12-27 22:46:43,049 T0288: INFO  #### gw1  routing/BGP/test_bgp_4node.py::TestBGPConfed::test_ipv6_confed_with_rr
2023-12-27 22:46:43,050 T0288: INFO  support post-function-epilog TestBGPConfed.test_ipv6_confed_with_rr Pass 'Test case passed'
2023-12-27 22:46:43,051 T0289: INFO  #### gw1  routing/BGP/test_bgp_4node.py::TestBGPConfed::test_ipv6_confed_with_rr
2023-12-27 22:46:43,051 T0289: INFO  support post-function-epilog TestBGPConfed.test_ipv6_confed_with_rr Pass 'Test case passed'
2023-12-27 22:46:50,328 T0299: INFO  #### gw1  routing/BGP/test_bgp_4node.py
2023-12-27 22:46:50,328 T0299: INFO  support pre-function-prolog TestBGPConfed.test_confed_route_distribution_with_rmap  ''
2023-12-27 22:46:50,332 T0300: INFO  #### gw1  routing/BGP/test_bgp_4node.py
2023-12-27 22:46:50,333 T0300: INFO  support pre-function-prolog TestBGPConfed.test_confed_route_distribution_with_rmap  ''
2023-12-27 22:46:50,336 T0301: INFO  #### gw1  routing/BGP/test_bgp_4node.py
2023-12-27 22:46:50,337 T0301: INFO  support pre-function-prolog TestBGPConfed.test_confed_route_distribution_with_rmap  ''
2023-12-27 22:46:50,338 T0302: INFO  #### gw1  routing/BGP/test_bgp_4node.py
2023-12-27 22:46:50,339 T0302: INFO  support pre-function-prolog TestBGPConfed.test_confed_route_distribution_with_rmap  ''
2023-12-27 22:47:21,141 T0303: INFO  #### gw1  routing/BGP/test_bgp_4node.py::TestBGPConfed::test_confed_route_distribution_with_rmap
2023-12-27 22:47:21,141 T0303: INFO  support pre-function-epilog TestBGPConfed.test_confed_route_distribution_with_rmap Pass 'Test case passed'
2023-12-27 22:47:21,143 T0304: INFO  #### gw1  routing/BGP/test_bgp_4node.py::TestBGPConfed::test_confed_route_distribution_with_rmap
2023-12-27 22:47:21,143 T0304: INFO  support pre-function-epilog TestBGPConfed.test_confed_route_distribution_with_rmap Pass 'Test case passed'
2023-12-27 22:47:21,145 T0305: INFO  #### gw1  routing/BGP/test_bgp_4node.py::TestBGPConfed::test_confed_route_distribution_with_rmap
2023-12-27 22:47:21,145 T0305: INFO  support pre-function-epilog TestBGPConfed.test_confed_route_distribution_with_rmap Pass 'Test case passed'
2023-12-27 22:47:21,146 T0306: INFO  #### gw1  routing/BGP/test_bgp_4node.py::TestBGPConfed::test_confed_route_distribution_with_rmap
2023-12-27 22:47:21,147 T0306: INFO  support pre-function-epilog TestBGPConfed.test_confed_route_distribution_with_rmap Pass 'Test case passed'
2023-12-27 22:47:21,159 T0307: INFO  #### gw1  routing/BGP/test_bgp_4node.py::TestBGPConfed::test_confed_route_distribution_with_rmap
2023-12-27 22:47:21,159 T0307: INFO  support post-function-epilog TestBGPConfed.test_confed_route_distribution_with_rmap Pass 'Test case passed'
2023-12-27 22:47:21,161 T0308: INFO  #### gw1  routing/BGP/test_bgp_4node.py::TestBGPConfed::test_confed_route_distribution_with_rmap
2023-12-27 22:47:21,161 T0308: INFO  support post-function-epilog TestBGPConfed.test_confed_route_distribution_with_rmap Pass 'Test case passed'
2023-12-27 22:47:21,163 T0309: INFO  #### gw1  routing/BGP/test_bgp_4node.py::TestBGPConfed::test_confed_route_distribution_with_rmap
2023-12-27 22:47:21,163 T0309: INFO  support post-function-epilog TestBGPConfed.test_confed_route_distribution_with_rmap Pass 'Test case passed'
2023-12-27 22:47:21,165 T0310: INFO  #### gw1  routing/BGP/test_bgp_4node.py::TestBGPConfed::test_confed_route_distribution_with_rmap
2023-12-27 22:47:21,165 T0310: INFO  support post-function-epilog TestBGPConfed.test_confed_route_distribution_with_rmap Pass 'Test case passed'
2023-12-27 22:47:27,213 T0311: WARN  #### gw1  routing/BGP/test_bgp_4node.py::TestBGPConfed::test_confed_route_distribution_with_rmap
2023-12-27 22:47:27,214 T0311: WARN  support post-class-epilog routing/BGP/test_bgp_4node.py pass ''
2023-12-27 22:47:27,215 T0312: WARN  #### gw1  routing/BGP/test_bgp_4node.py::TestBGPConfed::test_confed_route_distribution_with_rmap
2023-12-27 22:47:27,215 T0312: WARN  support post-class-epilog routing/BGP/test_bgp_4node.py pass ''
2023-12-27 22:47:27,217 T0313: WARN  #### gw1  routing/BGP/test_bgp_4node.py::TestBGPConfed::test_confed_route_distribution_with_rmap
2023-12-27 22:47:27,217 T0313: WARN  support post-class-epilog routing/BGP/test_bgp_4node.py pass ''
2023-12-27 22:47:27,219 T0314: WARN  #### gw1  routing/BGP/test_bgp_4node.py::TestBGPConfed::test_confed_route_distribution_with_rmap
2023-12-27 22:47:27,219 T0314: WARN  support post-class-epilog routing/BGP/test_bgp_4node.py pass ''
2023-12-27 22:47:27,230 T0315: WARN  #### gw1  routing/BGP/test_bgp_4node.py::TestBGPConfed::test_confed_route_distribution_with_rmap
2023-12-27 22:47:27,230 T0315: WARN  support post-class-epilog routing/BGP/test_bgp_4node.py pass ''
2023-12-27 22:47:27,232 T0316: WARN  #### gw1  routing/BGP/test_bgp_4node.py::TestBGPConfed::test_confed_route_distribution_with_rmap
2023-12-27 22:47:27,232 T0316: WARN  support post-class-epilog routing/BGP/test_bgp_4node.py pass ''
2023-12-27 22:47:27,234 T0317: WARN  #### gw1  routing/BGP/test_bgp_4node.py::TestBGPConfed::test_confed_route_distribution_with_rmap
2023-12-27 22:47:27,235 T0317: WARN  support post-class-epilog routing/BGP/test_bgp_4node.py pass ''
2023-12-27 22:47:27,236 T0318: WARN  #### gw1  routing/BGP/test_bgp_4node.py::TestBGPConfed::test_confed_route_distribution_with_rmap
2023-12-27 22:47:27,237 T0318: WARN  support post-class-epilog routing/BGP/test_bgp_4node.py pass ''
2023-12-27 22:47:27,248 T0319: WARN  #### gw1  routing/BGP/test_bgp_4node.py::TestBGPConfed::test_confed_route_distribution_with_rmap
2023-12-27 22:47:27,249 T0319: WARN  support post-class-epilog routing/BGP/test_bgp_4node.py pass ''
2023-12-27 22:47:27,251 T0320: WARN  #### gw1  routing/BGP/test_bgp_4node.py::TestBGPConfed::test_confed_route_distribution_with_rmap
2023-12-27 22:47:27,251 T0320: WARN  support post-class-epilog routing/BGP/test_bgp_4node.py pass ''
2023-12-27 22:47:27,254 T0321: WARN  #### gw1  routing/BGP/test_bgp_4node.py::TestBGPConfed::test_confed_route_distribution_with_rmap
2023-12-27 22:47:27,254 T0321: WARN  support post-class-epilog routing/BGP/test_bgp_4node.py pass ''
2023-12-27 22:47:27,256 T0322: WARN  #### gw1  routing/BGP/test_bgp_4node.py::TestBGPConfed::test_confed_route_distribution_with_rmap
2023-12-27 22:47:27,257 T0322: WARN  support post-class-epilog routing/BGP/test_bgp_4node.py pass ''
2023-12-27 22:47:34,096 T0332: INFO  #### gw1  routing/BGP/test_bgp_4node.py
2023-12-27 22:47:34,097 T0332: INFO  support pre-function-prolog test_ft_bgp_ibgp_RR_Loop  ''
2023-12-27 22:47:34,100 T0333: INFO  #### gw1  routing/BGP/test_bgp_4node.py
2023-12-27 22:47:34,101 T0333: INFO  support pre-function-prolog test_ft_bgp_ibgp_RR_Loop  ''
2023-12-27 22:47:34,105 T0334: INFO  #### gw1  routing/BGP/test_bgp_4node.py
2023-12-27 22:47:34,105 T0334: INFO  support pre-function-prolog test_ft_bgp_ibgp_RR_Loop  ''
2023-12-27 22:47:34,107 T0335: INFO  #### gw1  routing/BGP/test_bgp_4node.py
2023-12-27 22:47:34,107 T0335: INFO  support pre-function-prolog test_ft_bgp_ibgp_RR_Loop  ''
2023-12-27 22:47:34,119 T0336: INFO  #### gw1  routing/BGP/test_bgp_4node.py::test_ft_bgp_ibgp_RR_Loop
2023-12-27 22:47:34,120 T0336: INFO  support post-function-prolog test_ft_bgp_ibgp_RR_Loop Pass ''
2023-12-27 22:47:34,122 T0337: INFO  #### gw1  routing/BGP/test_bgp_4node.py::test_ft_bgp_ibgp_RR_Loop
2023-12-27 22:47:34,122 T0337: INFO  support post-function-prolog test_ft_bgp_ibgp_RR_Loop Pass ''
2023-12-27 22:47:34,124 T0338: INFO  #### gw1  routing/BGP/test_bgp_4node.py::test_ft_bgp_ibgp_RR_Loop
2023-12-27 22:47:34,124 T0338: INFO  support post-function-prolog test_ft_bgp_ibgp_RR_Loop Pass ''
2023-12-27 22:47:34,126 T0339: INFO  #### gw1  routing/BGP/test_bgp_4node.py::test_ft_bgp_ibgp_RR_Loop
2023-12-27 22:47:34,126 T0339: INFO  support post-function-prolog test_ft_bgp_ibgp_RR_Loop Pass ''
2023-12-27 22:48:00,412 T0357: INFO  #### gw1  routing/BGP/test_bgp_4node.py::test_ft_bgp_ibgp_RR_Loop
2023-12-27 22:48:00,413 T0357: INFO  support pre-function-epilog test_ft_bgp_ibgp_RR_Loop Pass 'Test case passed'
2023-12-27 22:48:00,414 T0358: INFO  #### gw1  routing/BGP/test_bgp_4node.py::test_ft_bgp_ibgp_RR_Loop
2023-12-27 22:48:00,414 T0358: INFO  support pre-function-epilog test_ft_bgp_ibgp_RR_Loop Pass 'Test case passed'
2023-12-27 22:48:00,416 T0359: INFO  #### gw1  routing/BGP/test_bgp_4node.py::test_ft_bgp_ibgp_RR_Loop
2023-12-27 22:48:00,416 T0359: INFO  support pre-function-epilog test_ft_bgp_ibgp_RR_Loop Pass 'Test case passed'
2023-12-27 22:48:00,418 T0360: INFO  #### gw1  routing/BGP/test_bgp_4node.py::test_ft_bgp_ibgp_RR_Loop
2023-12-27 22:48:00,418 T0360: INFO  support pre-function-epilog test_ft_bgp_ibgp_RR_Loop Pass 'Test case passed'
2023-12-27 22:48:03,639 T0366: INFO  #### gw1  routing/BGP/test_bgp_4node.py::test_ft_bgp_ibgp_RR_Loop
2023-12-27 22:48:03,639 T0366: INFO  support post-function-epilog test_ft_bgp_ibgp_RR_Loop Pass 'Test case passed'
2023-12-27 22:48:03,643 T0367: INFO  #### gw1  routing/BGP/test_bgp_4node.py::test_ft_bgp_ibgp_RR_Loop
2023-12-27 22:48:03,643 T0367: INFO  support post-function-epilog test_ft_bgp_ibgp_RR_Loop Pass 'Test case passed'
2023-12-27 22:48:03,646 T0368: INFO  #### gw1  routing/BGP/test_bgp_4node.py::test_ft_bgp_ibgp_RR_Loop
2023-12-27 22:48:03,646 T0368: INFO  support post-function-epilog test_ft_bgp_ibgp_RR_Loop Pass 'Test case passed'
2023-12-27 22:48:03,648 T0369: INFO  #### gw1  routing/BGP/test_bgp_4node.py::test_ft_bgp_ibgp_RR_Loop
2023-12-27 22:48:03,648 T0369: INFO  support post-function-epilog test_ft_bgp_ibgp_RR_Loop Pass 'Test case passed'
2023-12-27 22:48:10,335 T0379: INFO  #### gw1  routing/BGP/test_bgp_4node.py
2023-12-27 22:48:10,336 T0379: INFO  support pre-function-prolog test_ft_bgp_ebgp_community_map  ''
2023-12-27 22:48:10,340 T0380: INFO  #### gw1  routing/BGP/test_bgp_4node.py
2023-12-27 22:48:10,341 T0380: INFO  support pre-function-prolog test_ft_bgp_ebgp_community_map  ''
2023-12-27 22:48:10,343 T0381: INFO  #### gw1  routing/BGP/test_bgp_4node.py
2023-12-27 22:48:10,343 T0381: INFO  support pre-function-prolog test_ft_bgp_ebgp_community_map  ''
2023-12-27 22:48:10,345 T0382: INFO  #### gw1  routing/BGP/test_bgp_4node.py
2023-12-27 22:48:10,345 T0382: INFO  support pre-function-prolog test_ft_bgp_ebgp_community_map  ''
2023-12-27 22:48:10,362 T0383: INFO  #### gw1  routing/BGP/test_bgp_4node.py::test_ft_bgp_ebgp_community_map
2023-12-27 22:48:10,362 T0383: INFO  support post-function-prolog test_ft_bgp_ebgp_community_map Pass ''
2023-12-27 22:48:10,364 T0384: INFO  #### gw1  routing/BGP/test_bgp_4node.py::test_ft_bgp_ebgp_community_map
2023-12-27 22:48:10,364 T0384: INFO  support post-function-prolog test_ft_bgp_ebgp_community_map Pass ''
2023-12-27 22:48:10,366 T0385: INFO  #### gw1  routing/BGP/test_bgp_4node.py::test_ft_bgp_ebgp_community_map
2023-12-27 22:48:10,366 T0385: INFO  support post-function-prolog test_ft_bgp_ebgp_community_map Pass ''
2023-12-27 22:48:10,367 T0386: INFO  #### gw1  routing/BGP/test_bgp_4node.py::test_ft_bgp_ebgp_community_map
2023-12-27 22:48:10,368 T0386: INFO  support post-function-prolog test_ft_bgp_ebgp_community_map Pass ''
2023-12-27 22:52:12,539 T0399: INFO  #### gw1  routing/BGP/test_bgp_4node.py::test_ft_bgp_ebgp_community_map
2023-12-27 22:52:12,539 T0399: INFO  support pre-function-epilog test_ft_bgp_ebgp_community_map Pass 'Test case passed'
2023-12-27 22:52:12,540 T0400: INFO  #### gw1  routing/BGP/test_bgp_4node.py::test_ft_bgp_ebgp_community_map
2023-12-27 22:52:12,540 T0400: INFO  support pre-function-epilog test_ft_bgp_ebgp_community_map Pass 'Test case passed'
2023-12-27 22:52:12,542 T0401: INFO  #### gw1  routing/BGP/test_bgp_4node.py::test_ft_bgp_ebgp_community_map
2023-12-27 22:52:12,543 T0401: INFO  support pre-function-epilog test_ft_bgp_ebgp_community_map Pass 'Test case passed'
2023-12-27 22:52:12,544 T0402: INFO  #### gw1  routing/BGP/test_bgp_4node.py::test_ft_bgp_ebgp_community_map
2023-12-27 22:52:12,544 T0402: INFO  support pre-function-epilog test_ft_bgp_ebgp_community_map Pass 'Test case passed'
2023-12-27 22:52:20,914 T0409: INFO  #### gw1  routing/BGP/test_bgp_4node.py::test_ft_bgp_ebgp_community_map
2023-12-27 22:52:20,914 T0409: INFO  support post-function-epilog test_ft_bgp_ebgp_community_map Pass 'Test case passed'
2023-12-27 22:52:20,916 T0410: INFO  #### gw1  routing/BGP/test_bgp_4node.py::test_ft_bgp_ebgp_community_map
2023-12-27 22:52:20,916 T0410: INFO  support post-function-epilog test_ft_bgp_ebgp_community_map Pass 'Test case passed'
2023-12-27 22:52:20,918 T0411: INFO  #### gw1  routing/BGP/test_bgp_4node.py::test_ft_bgp_ebgp_community_map
2023-12-27 22:52:20,918 T0411: INFO  support post-function-epilog test_ft_bgp_ebgp_community_map Pass 'Test case passed'
2023-12-27 22:52:20,920 T0412: INFO  #### gw1  routing/BGP/test_bgp_4node.py::test_ft_bgp_ebgp_community_map
2023-12-27 22:52:20,920 T0412: INFO  support post-function-epilog test_ft_bgp_ebgp_community_map Pass 'Test case passed'
2023-12-27 22:52:20,969 T0413: WARN  #### gw1  routing/BGP/test_bgp_4node.py::test_ft_bgp_ebgp_community_map
2023-12-27 22:52:20,969 T0413: WARN  support pre-module-epilog routing/BGP/test_bgp_4node.py pass ''
2023-12-27 22:52:20,971 T0414: WARN  #### gw1  routing/BGP/test_bgp_4node.py::test_ft_bgp_ebgp_community_map
2023-12-27 22:52:20,971 T0414: WARN  support pre-module-epilog routing/BGP/test_bgp_4node.py pass ''
2023-12-27 22:52:20,975 T0415: WARN  #### gw1  routing/BGP/test_bgp_4node.py::test_ft_bgp_ebgp_community_map
2023-12-27 22:52:20,975 T0415: WARN  support pre-module-epilog routing/BGP/test_bgp_4node.py pass ''
2023-12-27 22:52:20,978 T0416: WARN  #### gw1  routing/BGP/test_bgp_4node.py::test_ft_bgp_ebgp_community_map
2023-12-27 22:52:20,978 T0416: WARN  support pre-module-epilog routing/BGP/test_bgp_4node.py pass ''
2023-12-27 22:52:53,401 T0461: WARN  #### gw1  routing/BGP/test_bgp_4node.py::test_ft_bgp_ebgp_community_map
2023-12-27 22:52:53,401 T0461: WARN  support post-module-epilog routing/BGP/test_bgp_4node.py pass ''
2023-12-27 22:52:53,405 T0462: WARN  #### gw1  routing/BGP/test_bgp_4node.py::test_ft_bgp_ebgp_community_map
2023-12-27 22:52:53,406 T0462: WARN  support post-module-epilog routing/BGP/test_bgp_4node.py pass ''
2023-12-27 22:52:53,410 T0463: WARN  #### gw1  routing/BGP/test_bgp_4node.py::test_ft_bgp_ebgp_community_map
2023-12-27 22:52:53,410 T0463: WARN  support post-module-epilog routing/BGP/test_bgp_4node.py pass ''
2023-12-27 22:52:53,413 T0464: WARN  #### gw1  routing/BGP/test_bgp_4node.py::test_ft_bgp_ebgp_community_map
2023-12-27 22:52:53,413 T0464: WARN  support post-module-epilog routing/BGP/test_bgp_4node.py pass ''
2023-12-27 22:54:35,290 T0549: WARN  #### gw1  batch/test_spytest_infra_1.py::test_spytest_infra_last
2023-12-27 22:54:35,290 T0549: WARN  support session-epilog session pass ''
2023-12-27 22:54:35,291 T0550: WARN  #### gw1  batch/test_spytest_infra_1.py::test_spytest_infra_last
2023-12-27 22:54:35,292 T0550: WARN  support session-epilog session pass ''
2023-12-27 22:54:35,293 T0551: WARN  #### gw1  batch/test_spytest_infra_1.py::test_spytest_infra_last
2023-12-27 22:54:35,294 T0551: WARN  support session-epilog session pass ''
2023-12-27 22:54:35,296 T0552: WARN  #### gw1  batch/test_spytest_infra_1.py::test_spytest_infra_last
2023-12-27 22:54:35,297 T0552: WARN  support session-epilog session pass ''
