2023-12-27 22:37:34.584647 = START
2023-12-27 22:37:35.709301 = device connections start
2023-12-27 22:38:23.137411 = device connections finish
2023-12-27 22:38:23.142330 = session init start
2023-12-27 22:42:39.573723 = report file generation start
2023-12-27 22:42:39.667322 = report file generation end
2023-12-27 22:43:03.147673 = session init end
2023-12-27 22:43:03.151327 = Framework Module Hook Start
2023-12-27 22:43:04.827170 = module test_spytest_infra_1.py init start
2023-12-27 22:43:09.056550 = module test_spytest_infra_1.py init end
2023-12-27 22:43:09.056833 = Framework Module Hook end
2023-12-27 22:43:09.057180 = Framework Function Hook Start
2023-12-27 22:43:12.158529 = function batch/test_spytest_infra_1.py::test_spytest_infra_first init start
2023-12-27 22:43:17.986402 = function batch/test_spytest_infra_1.py::test_spytest_infra_first init end
2023-12-27 22:43:17.987573 = Framework Function Hook end
2023-12-27 22:43:17.990071 = Module Config Time (2023-12-27 22:43:03.151473 - 2023-12-27 22:43:09.057266) Published
2023-12-27 22:43:17.992955 = function batch/test_spytest_infra_1.py::test_spytest_infra_first clean start
2023-12-27 22:43:18.021751 = Test Time (2023-12-27 22:43:12.158771 - 2023-12-27 22:43:18.021744) Published
2023-12-27 22:43:18.027187 = function batch/test_spytest_infra_1.py::test_spytest_infra_first clean end
2023-12-27 22:43:18.027459 = Framework Function Hook Finalize
2023-12-27 22:43:18.226142 = Framework Function Hook Start
2023-12-27 22:43:18.227202 = function batch/test_spytest_infra_1.py::test_spytest_infra_second init start
2023-12-27 22:43:24.051771 = function batch/test_spytest_infra_1.py::test_spytest_infra_second init end
2023-12-27 22:43:24.053400 = Framework Function Hook end
2023-12-27 22:43:24.055909 = function batch/test_spytest_infra_1.py::test_spytest_infra_second clean start
2023-12-27 22:43:24.089904 = Test Time (2023-12-27 22:43:18.227363 - 2023-12-27 22:43:24.089894) Published
2023-12-27 22:43:24.095769 = function batch/test_spytest_infra_1.py::test_spytest_infra_second clean end
2023-12-27 22:43:24.096185 = Framework Function Hook Finalize
2023-12-27 22:43:24.096415 = module test_spytest_infra_1.py clean start
2023-12-27 22:43:26.451593 = report file generation start
2023-12-27 22:43:26.572209 = report file generation end
2023-12-27 22:43:26.577791 = module test_spytest_infra_1.py clean end
2023-12-27 22:43:26.578354 = Framework Module Hook Finalize
2023-12-27 22:43:26.582776 = Framework Module Hook Start
2023-12-27 22:43:28.260393 = module test_bgp_4node.py init start
2023-12-27 22:43:55.855495 = module test_bgp_4node.py init end
2023-12-27 22:43:55.856655 = Framework Module Hook end
2023-12-27 22:43:55.857519 = User Module routing/BGP/test_bgp_4node.py Hook Start
2023-12-27 22:44:18.683171 = User Module routing/BGP/test_bgp_4node.py Hook end
2023-12-27 22:44:18.683405 = User Class routing/BGP/test_bgp_4node.py Hook Start
2023-12-27 22:45:06.853062 = User Class routing/BGP/test_bgp_4node.py Hook end
2023-12-27 22:45:06.853737 = Framework Function Hook Start
2023-12-27 22:45:34.868030 = function routing/BGP/test_bgp_4node.py::TestBGPConfed::test_ipv6_confed_route_distribution init start
2023-12-27 22:45:40.841514 = function routing/BGP/test_bgp_4node.py::TestBGPConfed::test_ipv6_confed_route_distribution init end
2023-12-27 22:45:40.842108 = Framework Function Hook end
2023-12-27 22:45:40.844279 = Module Config Time (2023-12-27 22:43:26.582956 - 2023-12-27 22:45:06.853853) Published
2023-12-27 22:45:56.120839 = function routing/BGP/test_bgp_4node.py::TestBGPConfed::test_ipv6_confed_route_distribution clean start
2023-12-27 22:45:56.172295 = Test Time (2023-12-27 22:45:34.868326 - 2023-12-27 22:45:56.172285) Published
2023-12-27 22:45:56.177592 = function routing/BGP/test_bgp_4node.py::TestBGPConfed::test_ipv6_confed_route_distribution clean end
2023-12-27 22:45:56.177954 = Framework Function Hook Finalize
2023-12-27 22:45:56.179347 = Framework Function Hook Start
2023-12-27 22:45:56.179763 = function routing/BGP/test_bgp_4node.py::TestBGPConfed::test_ipv6_confed_with_rr init start
2023-12-27 22:46:03.534991 = function routing/BGP/test_bgp_4node.py::TestBGPConfed::test_ipv6_confed_with_rr init end
2023-12-27 22:46:03.535502 = Framework Function Hook end
2023-12-27 22:46:43.044402 = function routing/BGP/test_bgp_4node.py::TestBGPConfed::test_ipv6_confed_with_rr clean start
2023-12-27 22:46:43.092407 = Test Time (2023-12-27 22:45:56.179855 - 2023-12-27 22:46:43.092399) Published
2023-12-27 22:46:43.097539 = function routing/BGP/test_bgp_4node.py::TestBGPConfed::test_ipv6_confed_with_rr clean end
2023-12-27 22:46:43.097856 = Framework Function Hook Finalize
2023-12-27 22:46:43.099064 = Framework Function Hook Start
2023-12-27 22:46:43.099507 = function routing/BGP/test_bgp_4node.py::TestBGPConfed::test_confed_route_distribution_with_rmap init start
2023-12-27 22:46:50.349830 = function routing/BGP/test_bgp_4node.py::TestBGPConfed::test_confed_route_distribution_with_rmap init end
2023-12-27 22:46:50.350345 = Framework Function Hook end
2023-12-27 22:47:21.158729 = function routing/BGP/test_bgp_4node.py::TestBGPConfed::test_confed_route_distribution_with_rmap clean start
2023-12-27 22:47:21.207507 = Test Time (2023-12-27 22:46:43.099571 - 2023-12-27 22:47:21.207499) Published
2023-12-27 22:47:21.212392 = function routing/BGP/test_bgp_4node.py::TestBGPConfed::test_confed_route_distribution_with_rmap clean end
2023-12-27 22:47:21.212701 = Framework Function Hook Finalize
2023-12-27 22:47:27.229581 = User Class routing/BGP/test_bgp_4node.py Hook Finalize
2023-12-27 22:47:27.247061 = User Class routing/BGP/test_bgp_4node.py Hook Finalize
2023-12-27 22:47:27.264182 = User Class routing/BGP/test_bgp_4node.py Hook Finalize
2023-12-27 22:47:27.265155 = Framework Function Hook Start
2023-12-27 22:47:27.265564 = function routing/BGP/test_bgp_4node.py::test_ft_bgp_ibgp_RR_Loop init start
2023-12-27 22:47:34.117743 = function routing/BGP/test_bgp_4node.py::test_ft_bgp_ibgp_RR_Loop init end
2023-12-27 22:47:34.118208 = Framework Function Hook end
2023-12-27 22:47:34.118576 = User Function routing/BGP/test_bgp_4node.py::test_ft_bgp_ibgp_RR_Loop Hook Start
2023-12-27 22:47:34.135323 = User Function routing/BGP/test_bgp_4node.py::test_ft_bgp_ibgp_RR_Loop Hook end
2023-12-27 22:48:03.636507 = User Function routing/BGP/test_bgp_4node.py::test_ft_bgp_ibgp_RR_Loop Hook Finalize
2023-12-27 22:48:03.636981 = function routing/BGP/test_bgp_4node.py::test_ft_bgp_ibgp_RR_Loop clean start
2023-12-27 22:48:03.692058 = Test Time (2023-12-27 22:47:27.265626 - 2023-12-27 22:48:03.692050) Published
2023-12-27 22:48:03.697094 = function routing/BGP/test_bgp_4node.py::test_ft_bgp_ibgp_RR_Loop clean end
2023-12-27 22:48:03.697383 = Framework Function Hook Finalize
2023-12-27 22:48:03.698295 = Framework Function Hook Start
2023-12-27 22:48:03.698682 = function routing/BGP/test_bgp_4node.py::test_ft_bgp_ebgp_community_map init start
2023-12-27 22:48:10.359249 = function routing/BGP/test_bgp_4node.py::test_ft_bgp_ebgp_community_map init end
2023-12-27 22:48:10.359922 = Framework Function Hook end
2023-12-27 22:48:10.360432 = User Function routing/BGP/test_bgp_4node.py::test_ft_bgp_ebgp_community_map Hook Start
2023-12-27 22:48:10.378398 = User Function routing/BGP/test_bgp_4node.py::test_ft_bgp_ebgp_community_map Hook end
2023-12-27 22:52:20.913398 = User Function routing/BGP/test_bgp_4node.py::test_ft_bgp_ebgp_community_map Hook Finalize
2023-12-27 22:52:20.913582 = function routing/BGP/test_bgp_4node.py::test_ft_bgp_ebgp_community_map clean start
2023-12-27 22:52:20.963170 = Test Time (2023-12-27 22:48:03.698744 - 2023-12-27 22:52:20.963163) Published
2023-12-27 22:52:20.967974 = function routing/BGP/test_bgp_4node.py::test_ft_bgp_ebgp_community_map clean end
2023-12-27 22:52:20.968243 = Framework Function Hook Finalize
2023-12-27 22:52:53.398679 = User Module routing/BGP/test_bgp_4node.py Hook Finalize
2023-12-27 22:52:53.399129 = module test_bgp_4node.py clean start
2023-12-27 22:53:19.213975 = report file generation start
2023-12-27 22:53:19.306424 = report file generation end
2023-12-27 22:53:19.311362 = module test_bgp_4node.py clean end
2023-12-27 22:53:19.311837 = Framework Module Hook Finalize
2023-12-27 22:53:19.426268 = Framework Module Hook Start
2023-12-27 22:53:21.097546 = module test_spytest_infra_1.py init start
2023-12-27 22:54:23.656840 = module test_spytest_infra_1.py init end
2023-12-27 22:54:23.657192 = Framework Module Hook end
2023-12-27 22:54:23.657529 = Framework Function Hook Start
2023-12-27 22:54:26.762021 = function batch/test_spytest_infra_1.py::test_spytest_infra_last init start
2023-12-27 22:54:32.734934 = function batch/test_spytest_infra_1.py::test_spytest_infra_last init end
2023-12-27 22:54:32.736017 = Framework Function Hook end
2023-12-27 22:54:32.737498 = Module Config Time (2023-12-27 22:53:19.426419 - 2023-12-27 22:54:23.657610) Published
2023-12-27 22:54:32.740029 = function batch/test_spytest_infra_1.py::test_spytest_infra_last clean start
2023-12-27 22:54:32.769335 = Test Time (2023-12-27 22:54:26.762297 - 2023-12-27 22:54:32.769328) Published
2023-12-27 22:54:32.774318 = function batch/test_spytest_infra_1.py::test_spytest_infra_last clean end
2023-12-27 22:54:32.774611 = Framework Function Hook Finalize
2023-12-27 22:54:32.774757 = module test_spytest_infra_1.py clean start
2023-12-27 22:54:35.192940 = report file generation start
2023-12-27 22:54:35.283404 = report file generation end
2023-12-27 22:54:35.288419 = module test_spytest_infra_1.py clean end
2023-12-27 22:54:35.288787 = Framework Module Hook Finalize
2023-12-27 22:54:35.289220 = session clean start
2023-12-27 22:54:35.325519 = report file generation start
2023-12-27 22:54:35.416356 = report file generation end
2023-12-27 22:54:36.114261 = session clean end
