2023-12-27 22:37:50,495 T0013: [D2-V2] ['export TMOUT=0', 'stty cols 5000', 'uptime']
2023-12-27 22:37:50,506 T0015: [D4-V4] ['export TMOUT=0', 'stty cols 5000', 'uptime']
2023-12-27 22:37:50,525 T0012: [D1-V1] ['export TMOUT=0', 'stty cols 5000', 'uptime']
2023-12-27 22:37:50,545 T0014: [D3-V3] ['export TMOUT=0', 'stty cols 5000', 'uptime']
2023-12-27 22:37:51,162 T0013: [D2-V2] cat /proc/uptime
2023-12-27 22:37:51,169 T0015: [D4-V4] cat /proc/uptime
2023-12-27 22:37:51,189 T0012: [D1-V1] cat /proc/uptime
2023-12-27 22:37:51,209 T0014: [D3-V3] cat /proc/uptime
2023-12-27 22:37:51,830 T0013: [D2-V2] sudo vtysh -c 'show running-config | include hostname'
2023-12-27 22:37:51,839 T0015: [D4-V4] sudo vtysh -c 'show running-config | include hostname'
2023-12-27 22:37:51,855 T0012: [D1-V1] sudo vtysh -c 'show running-config | include hostname'
2023-12-27 22:37:51,872 T0014: [D3-V3] sudo vtysh -c 'show running-config | include hostname'
2023-12-27 22:37:54,453 T0013: [D2-V2] /sbin/ip link set dev eth0 up
2023-12-27 22:37:54,505 T0015: [D4-V4] /sbin/ip link set dev eth0 up
2023-12-27 22:37:54,529 T0014: [D3-V3] /sbin/ip link set dev eth0 up
2023-12-27 22:37:54,613 T0012: [D1-V1] /sbin/ip link set dev eth0 up
2023-12-27 22:37:55,179 T0015: [D4-V4] /sbin/ip route list dev eth0
2023-12-27 22:37:55,198 T0014: [D3-V3] /sbin/ip route list dev eth0
2023-12-27 22:37:55,276 T0012: [D1-V1] /sbin/ip route list dev eth0
2023-12-27 22:37:55,476 T0013: [D2-V2] /sbin/ip route list dev eth0
2023-12-27 22:38:11,025 T0015: [D4-V4] /sbin/ip link set dev eth0 up
2023-12-27 22:38:11,049 T0014: [D3-V3] /sbin/ip link set dev eth0 up
2023-12-27 22:38:11,358 T0012: [D1-V1] /sbin/ip link set dev eth0 up
2023-12-27 22:38:11,501 T0013: [D2-V2] /sbin/ip link set dev eth0 up
2023-12-27 22:38:11,694 T0015: [D4-V4] /sbin/ip route list dev eth0
2023-12-27 22:38:11,716 T0014: [D3-V3] /sbin/ip route list dev eth0
2023-12-27 22:38:12,026 T0012: [D1-V1] /sbin/ip route list dev eth0
2023-12-27 22:38:12,171 T0013: [D2-V2] /sbin/ip route list dev eth0
2023-12-27 22:38:12,370 T0015: [D4-V4] ['export TMOUT=0', 'stty cols 5000', 'uptime']
2023-12-27 22:38:12,393 T0014: [D3-V3] ['export TMOUT=0', 'stty cols 5000', 'uptime']
2023-12-27 22:38:12,699 T0012: [D1-V1] ['export TMOUT=0', 'stty cols 5000', 'uptime']
2023-12-27 22:38:12,845 T0013: [D2-V2] ['export TMOUT=0', 'stty cols 5000', 'uptime']
2023-12-27 22:38:14,515 T0015: [D4-V4] /sbin/ip link set dev eth0 up
2023-12-27 22:38:14,536 T0014: [D3-V3] /sbin/ip link set dev eth0 up
2023-12-27 22:38:14,845 T0012: [D1-V1] /sbin/ip link set dev eth0 up
2023-12-27 22:38:14,988 T0013: [D2-V2] /sbin/ip link set dev eth0 up
2023-12-27 22:38:15,183 T0015: [D4-V4] /sbin/ip route list dev eth0
2023-12-27 22:38:15,203 T0014: [D3-V3] /sbin/ip route list dev eth0
2023-12-27 22:38:15,512 T0012: [D1-V1] /sbin/ip route list dev eth0
2023-12-27 22:38:15,656 T0013: [D2-V2] /sbin/ip route list dev eth0
2023-12-27 22:38:16,531 T0015: [D4-V4] show version
2023-12-27 22:38:16,548 T0014: [D3-V3] show version
2023-12-27 22:38:16,857 T0012: [D1-V1] show version
2023-12-27 22:38:17,003 T0013: [D2-V2] show version
2023-12-27 22:38:18,504 T0015: [D4-V4] /sbin/ip link set dev eth0 up
2023-12-27 22:38:18,580 T0014: [D3-V3] /sbin/ip link set dev eth0 up
2023-12-27 22:38:18,886 T0012: [D1-V1] /sbin/ip link set dev eth0 up
2023-12-27 22:38:18,977 T0013: [D2-V2] /sbin/ip link set dev eth0 up
2023-12-27 22:38:19,170 T0015: [D4-V4] /sbin/ip route list dev eth0
2023-12-27 22:38:19,248 T0014: [D3-V3] /sbin/ip route list dev eth0
2023-12-27 22:38:19,554 T0012: [D1-V1] /sbin/ip route list dev eth0
2023-12-27 22:38:19,644 T0013: [D2-V2] /sbin/ip route list dev eth0
2023-12-27 22:38:21,320 T0015: [D4-V4] /sbin/ip link set dev eth0 up
2023-12-27 22:38:21,397 T0014: [D3-V3] /sbin/ip link set dev eth0 up
2023-12-27 22:38:21,705 T0012: [D1-V1] /sbin/ip link set dev eth0 up
2023-12-27 22:38:21,795 T0013: [D2-V2] /sbin/ip link set dev eth0 up
2023-12-27 22:38:21,986 T0015: [D4-V4] /sbin/ip route list dev eth0
2023-12-27 22:38:22,064 T0014: [D3-V3] /sbin/ip route list dev eth0
2023-12-27 22:38:22,372 T0012: [D1-V1] /sbin/ip route list dev eth0
2023-12-27 22:38:22,462 T0013: [D2-V2] /sbin/ip route list dev eth0
2023-12-27 22:41:41,645 T0036: [D1-V1] sudo show interfaces status
2023-12-27 22:41:41,651 T0037: [D2-V2] sudo show interfaces status
2023-12-27 22:41:41,654 T0038: [D3-V3] sudo show interfaces status
2023-12-27 22:41:41,658 T0039: [D4-V4] sudo show interfaces status
2023-12-27 22:41:43,357 T0037: [D2-V2] config interface startup Ethernet16
2023-12-27 22:41:43,401 T0039: [D4-V4] config interface startup Ethernet16
2023-12-27 22:41:43,446 T0036: [D1-V1] config interface startup Ethernet0
2023-12-27 22:41:43,577 T0038: [D3-V3] config interface startup Ethernet16
2023-12-27 22:41:44,442 T0037: [D2-V2] config interface startup Ethernet20
2023-12-27 22:41:44,469 T0039: [D4-V4] config interface startup Ethernet20
2023-12-27 22:41:44,566 T0036: [D1-V1] config interface startup Ethernet4
2023-12-27 22:41:44,748 T0038: [D3-V3] config interface startup Ethernet20
2023-12-27 22:41:45,539 T0039: [D4-V4] config interface startup Ethernet24
2023-12-27 22:41:45,563 T0037: [D2-V2] config interface startup Ethernet24
2023-12-27 22:41:45,636 T0036: [D1-V1] config interface startup Ethernet8
2023-12-27 22:41:45,869 T0038: [D3-V3] config interface startup Ethernet24
2023-12-27 22:41:46,634 T0037: [D2-V2] config interface startup Ethernet28
2023-12-27 22:41:46,657 T0036: [D1-V1] config interface startup Ethernet12
2023-12-27 22:41:46,661 T0039: [D4-V4] config interface startup Ethernet28
2023-12-27 22:41:46,940 T0038: [D3-V3] config interface startup Ethernet28
2023-12-27 22:41:47,712 T0037: [D2-V2] config interface startup Ethernet32
2023-12-27 22:41:47,736 T0036: [D1-V1] config interface startup Ethernet16
2023-12-27 22:41:47,742 T0039: [D4-V4] config interface startup Ethernet32
2023-12-27 22:41:48,014 T0038: [D3-V3] config interface startup Ethernet32
2023-12-27 22:41:48,807 T0036: [D1-V1] config interface startup Ethernet20
2023-12-27 22:41:48,815 T0039: [D4-V4] config interface startup Ethernet36
2023-12-27 22:41:48,833 T0037: [D2-V2] config interface startup Ethernet36
2023-12-27 22:41:49,090 T0038: [D3-V3] config interface startup Ethernet36
2023-12-27 22:41:49,890 T0036: [D1-V1] config interface startup Ethernet24
2023-12-27 22:41:49,897 T0039: [D4-V4] config interface startup Ethernet40
2023-12-27 22:41:49,954 T0037: [D2-V2] config interface startup Ethernet0
2023-12-27 22:41:50,163 T0038: [D3-V3] config interface startup Ethernet40
2023-12-27 22:41:50,958 T0036: [D1-V1] config interface startup Ethernet28
2023-12-27 22:41:50,966 T0039: [D4-V4] config interface startup Ethernet44
2023-12-27 22:41:51,026 T0037: [D2-V2] config interface startup Ethernet4
2023-12-27 22:41:51,235 T0038: [D3-V3] config interface startup Ethernet44
2023-12-27 22:41:52,027 T0036: [D1-V1] config interface startup Ethernet32
2023-12-27 22:41:52,035 T0039: [D4-V4] config interface startup Ethernet48
2023-12-27 22:41:52,096 T0037: [D2-V2] config interface startup Ethernet8
2023-12-27 22:41:52,356 T0038: [D3-V3] config interface startup Ethernet0
2023-12-27 22:41:53,096 T0036: [D1-V1] config interface startup Ethernet36
2023-12-27 22:41:53,105 T0039: [D4-V4] config interface startup Ethernet52
2023-12-27 22:41:53,165 T0037: [D2-V2] config interface startup Ethernet12
2023-12-27 22:41:53,443 T0038: [D3-V3] config interface startup Ethernet4
2023-12-27 22:41:54,168 T0036: [D1-V1] config interface startup Ethernet40
2023-12-27 22:41:54,175 T0039: [D4-V4] config interface startup Ethernet56
2023-12-27 22:41:54,247 T0037: [D2-V2] config interface startup Ethernet40
2023-12-27 22:41:54,492 T0038: [D3-V3] config interface startup Ethernet8
2023-12-27 22:41:55,295 T0036: [D1-V1] config interface startup Ethernet44
2023-12-27 22:41:55,302 T0039: [D4-V4] config interface startup Ethernet60
2023-12-27 22:41:55,316 T0037: [D2-V2] config interface startup Ethernet44
2023-12-27 22:41:55,512 T0038: [D3-V3] config interface startup Ethernet12
2023-12-27 22:41:56,376 T0036: [D1-V1] config interface startup Ethernet48
2023-12-27 22:41:56,384 T0039: [D4-V4] config interface startup Ethernet64
2023-12-27 22:41:56,390 T0037: [D2-V2] config interface startup Ethernet48
2023-12-27 22:41:56,534 T0038: [D3-V3] config interface startup Ethernet48
2023-12-27 22:41:57,454 T0036: [D1-V1] config interface startup Ethernet52
2023-12-27 22:41:57,462 T0039: [D4-V4] config interface startup Ethernet68
2023-12-27 22:41:57,470 T0037: [D2-V2] config interface startup Ethernet52
2023-12-27 22:41:57,603 T0038: [D3-V3] config interface startup Ethernet52
2023-12-27 22:41:58,525 T0036: [D1-V1] config interface startup Ethernet56
2023-12-27 22:41:58,545 T0037: [D2-V2] config interface startup Ethernet56
2023-12-27 22:41:58,588 T0039: [D4-V4] config interface startup Ethernet0
2023-12-27 22:41:58,674 T0038: [D3-V3] config interface startup Ethernet56
2023-12-27 22:41:59,594 T0036: [D1-V1] config interface startup Ethernet60
2023-12-27 22:41:59,616 T0037: [D2-V2] config interface startup Ethernet60
2023-12-27 22:41:59,660 T0039: [D4-V4] config interface startup Ethernet4
2023-12-27 22:41:59,762 T0038: [D3-V3] config interface startup Ethernet60
2023-12-27 22:42:00,686 T0037: [D2-V2] config interface startup Ethernet64
2023-12-27 22:42:00,710 T0036: [D1-V1] config interface startup Ethernet64
2023-12-27 22:42:00,731 T0039: [D4-V4] config interface startup Ethernet8
2023-12-27 22:42:00,834 T0038: [D3-V3] config interface startup Ethernet64
2023-12-27 22:42:01,754 T0037: [D2-V2] config interface startup Ethernet68
2023-12-27 22:42:01,781 T0036: [D1-V1] config interface startup Ethernet68
2023-12-27 22:42:01,802 T0039: [D4-V4] config interface startup Ethernet12
2023-12-27 22:42:01,905 T0038: [D3-V3] config interface startup Ethernet68
2023-12-27 22:42:02,834 T0039: [D4-V4] config interface shutdown Ethernet72
2023-12-27 22:42:02,838 T0037: [D2-V2] config interface shutdown Ethernet72
2023-12-27 22:42:02,857 T0036: [D1-V1] config interface shutdown Ethernet72
2023-12-27 22:42:02,981 T0038: [D3-V3] config interface shutdown Ethernet72
2023-12-27 22:42:03,861 T0039: [D4-V4] config interface shutdown Ethernet76
2023-12-27 22:42:03,867 T0037: [D2-V2] config interface shutdown Ethernet76
2023-12-27 22:42:03,927 T0036: [D1-V1] config interface shutdown Ethernet76
2023-12-27 22:42:04,050 T0038: [D3-V3] config interface shutdown Ethernet76
2023-12-27 22:42:04,942 T0039: [D4-V4] config interface shutdown Ethernet80
2023-12-27 22:42:04,947 T0037: [D2-V2] config interface shutdown Ethernet80
2023-12-27 22:42:04,996 T0036: [D1-V1] config interface shutdown Ethernet80
2023-12-27 22:42:05,118 T0038: [D3-V3] config interface shutdown Ethernet80
2023-12-27 22:42:06,022 T0039: [D4-V4] config interface shutdown Ethernet84
2023-12-27 22:42:06,031 T0037: [D2-V2] config interface shutdown Ethernet84
2023-12-27 22:42:06,067 T0036: [D1-V1] config interface shutdown Ethernet84
2023-12-27 22:42:06,189 T0038: [D3-V3] config interface shutdown Ethernet84
2023-12-27 22:42:07,107 T0039: [D4-V4] config interface shutdown Ethernet88
2023-12-27 22:42:07,139 T0036: [D1-V1] config interface shutdown Ethernet88
2023-12-27 22:42:07,161 T0037: [D2-V2] config interface shutdown Ethernet88
2023-12-27 22:42:07,315 T0038: [D3-V3] config interface shutdown Ethernet88
2023-12-27 22:42:08,179 T0039: [D4-V4] config interface shutdown Ethernet92
2023-12-27 22:42:08,232 T0037: [D2-V2] config interface shutdown Ethernet92
2023-12-27 22:42:08,260 T0036: [D1-V1] config interface shutdown Ethernet92
2023-12-27 22:42:08,439 T0038: [D3-V3] config interface shutdown Ethernet92
2023-12-27 22:42:09,249 T0039: [D4-V4] config interface shutdown Ethernet96
2023-12-27 22:42:09,303 T0037: [D2-V2] config interface shutdown Ethernet96
2023-12-27 22:42:09,330 T0036: [D1-V1] config interface shutdown Ethernet96
2023-12-27 22:42:09,611 T0038: [D3-V3] config interface shutdown Ethernet96
2023-12-27 22:42:10,323 T0039: [D4-V4] config interface shutdown Ethernet100
2023-12-27 22:42:10,394 T0036: [D1-V1] config interface shutdown Ethernet100
2023-12-27 22:42:10,425 T0037: [D2-V2] config interface shutdown Ethernet100
2023-12-27 22:42:10,682 T0038: [D3-V3] config interface shutdown Ethernet100
2023-12-27 22:42:11,394 T0039: [D4-V4] config interface shutdown Ethernet104
2023-12-27 22:42:11,456 T0036: [D1-V1] config interface shutdown Ethernet104
2023-12-27 22:42:11,545 T0037: [D2-V2] config interface shutdown Ethernet104
2023-12-27 22:42:11,752 T0038: [D3-V3] config interface shutdown Ethernet104
2023-12-27 22:42:12,465 T0039: [D4-V4] config interface shutdown Ethernet108
2023-12-27 22:42:12,522 T0036: [D1-V1] config interface shutdown Ethernet108
2023-12-27 22:42:12,668 T0037: [D2-V2] config interface shutdown Ethernet108
2023-12-27 22:42:12,882 T0038: [D3-V3] config interface shutdown Ethernet108
2023-12-27 22:42:13,545 T0039: [D4-V4] config interface shutdown Ethernet112
2023-12-27 22:42:13,591 T0036: [D1-V1] config interface shutdown Ethernet112
2023-12-27 22:42:13,741 T0037: [D2-V2] config interface shutdown Ethernet112
2023-12-27 22:42:13,953 T0038: [D3-V3] config interface shutdown Ethernet112
2023-12-27 22:42:14,673 T0039: [D4-V4] config interface shutdown Ethernet116
2023-12-27 22:42:14,708 T0036: [D1-V1] config interface shutdown Ethernet116
2023-12-27 22:42:14,761 T0037: [D2-V2] config interface shutdown Ethernet116
2023-12-27 22:42:15,130 T0038: [D3-V3] config interface shutdown Ethernet116
2023-12-27 22:42:15,796 T0039: [D4-V4] config interface shutdown Ethernet120
2023-12-27 22:42:15,825 T0036: [D1-V1] config interface shutdown Ethernet120
2023-12-27 22:42:15,832 T0037: [D2-V2] config interface shutdown Ethernet120
2023-12-27 22:42:16,196 T0038: [D3-V3] config interface shutdown Ethernet120
2023-12-27 22:42:16,866 T0039: [D4-V4] config interface shutdown Ethernet124
2023-12-27 22:42:16,897 T0036: [D1-V1] config interface shutdown Ethernet124
2023-12-27 22:42:16,906 T0037: [D2-V2] config interface shutdown Ethernet124
2023-12-27 22:42:17,321 T0038: [D3-V3] config interface shutdown Ethernet124
2023-12-27 22:42:24,444 T0040: [D1-V1] show version
2023-12-27 22:42:24,448 T0041: [D2-V2] show version
2023-12-27 22:42:24,454 T0042: [D3-V3] show version
2023-12-27 22:42:24,457 T0043: [D4-V4] show version
2023-12-27 22:42:26,787 T0043: [D4-V4] cat /var/run/redis/sonic-db/database_config.json
2023-12-27 22:42:27,592 T0040: [D1-V1] cat /var/run/redis/sonic-db/database_config.json
2023-12-27 22:42:28,403 T0041: [D2-V2] cat /var/run/redis/sonic-db/database_config.json
2023-12-27 22:42:29,320 T0042: [D3-V3] cat /var/run/redis/sonic-db/database_config.json
2023-12-27 22:42:29,354 T0043: [D4-V4] /sbin/ifconfig eth0
2023-12-27 22:42:29,452 T0040: [D1-V1] /sbin/ifconfig eth0
2023-12-27 22:42:29,696 T0041: [D2-V2] /sbin/ifconfig eth0
2023-12-27 22:42:30,036 T0043: [D4-V4] ls /etc/sonic/bcmsim.cfg
2023-12-27 22:42:30,082 T0042: [D3-V3] /sbin/ifconfig eth0
2023-12-27 22:42:30,134 T0040: [D1-V1] ls /etc/sonic/bcmsim.cfg
2023-12-27 22:42:30,375 T0041: [D2-V2] ls /etc/sonic/bcmsim.cfg
2023-12-27 22:42:30,762 T0042: [D3-V3] ls /etc/sonic/bcmsim.cfg
2023-12-27 22:42:31,446 T0044: [D1-V1] no router bgp
2023-12-27 22:42:31,450 T0045: [D2-V2] no router bgp
2023-12-27 22:42:31,458 T0046: [D3-V3] no router bgp
2023-12-27 22:42:31,467 T0047: [D4-V4] no router bgp
2023-12-27 22:42:33,263 T0044: [D1-V1] config feature state sflow enabled
2023-12-27 22:42:33,273 T0045: [D2-V2] config feature state sflow enabled
2023-12-27 22:42:33,295 T0047: [D4-V4] config feature state sflow enabled
2023-12-27 22:42:33,303 T0046: [D3-V3] config feature state sflow enabled
2023-12-27 22:42:35,270 T0045: [D2-V2] config feature state nat enabled
2023-12-27 22:42:35,320 T0044: [D1-V1] config feature state nat enabled
2023-12-27 22:42:35,339 T0047: [D4-V4] config feature state nat enabled
2023-12-27 22:42:35,352 T0046: [D3-V3] config feature state nat enabled
2023-12-27 22:42:39,674 T0052: [D1-V1] config save /tmp/config-db-V1-post-session-prolog-session.json -y
2023-12-27 22:42:39,681 T0053: [D2-V2] config save /tmp/config-db-V2-post-session-prolog-session.json -y
2023-12-27 22:42:39,685 T0054: [D3-V3] config save /tmp/config-db-V3-post-session-prolog-session.json -y
2023-12-27 22:42:39,690 T0055: [D4-V4] config save /tmp/config-db-V4-post-session-prolog-session.json -y
2023-12-27 22:42:41,026 T0053: [D2-V2] chmod 777 /tmp/config-db-V2-post-session-prolog-session.json
2023-12-27 22:42:41,033 T0055: [D4-V4] chmod 777 /tmp/config-db-V4-post-session-prolog-session.json
2023-12-27 22:42:41,063 T0052: [D1-V1] chmod 777 /tmp/config-db-V1-post-session-prolog-session.json
2023-12-27 22:42:41,071 T0054: [D3-V3] chmod 777 /tmp/config-db-V3-post-session-prolog-session.json
2023-12-27 22:42:42,522 T0053: [D2-V2] /sbin/ip link set dev eth0 up
2023-12-27 22:42:42,522 T0055: [D4-V4] /sbin/ip link set dev eth0 up
2023-12-27 22:42:42,532 T0052: [D1-V1] /sbin/ip link set dev eth0 up
2023-12-27 22:42:42,538 T0054: [D3-V3] /sbin/ip link set dev eth0 up
2023-12-27 22:42:43,204 T0053: [D2-V2] /sbin/ip route list dev eth0
2023-12-27 22:42:43,215 T0055: [D4-V4] /sbin/ip route list dev eth0
2023-12-27 22:42:43,222 T0054: [D3-V3] /sbin/ip route list dev eth0
2023-12-27 22:42:43,230 T0052: [D1-V1] /sbin/ip route list dev eth0
2023-12-27 22:42:51,650 T0054: [D3-V3] sudo vtysh -c 'show running-config' > /tmp/vtysh-runcfg-V3-post-session-prolog-session.txt
2023-12-27 22:42:51,658 T0053: [D2-V2] sudo vtysh -c 'show running-config' > /tmp/vtysh-runcfg-V2-post-session-prolog-session.txt
2023-12-27 22:42:51,662 T0055: [D4-V4] sudo vtysh -c 'show running-config' > /tmp/vtysh-runcfg-V4-post-session-prolog-session.txt
2023-12-27 22:42:51,666 T0052: [D1-V1] sudo vtysh -c 'show running-config' > /tmp/vtysh-runcfg-V1-post-session-prolog-session.txt
2023-12-27 22:42:52,542 T0052: [D1-V1] chmod 777 /tmp/vtysh-runcfg-V1-post-session-prolog-session.txt
2023-12-27 22:42:52,585 T0054: [D3-V3] chmod 777 /tmp/vtysh-runcfg-V3-post-session-prolog-session.txt
2023-12-27 22:42:52,590 T0053: [D2-V2] chmod 777 /tmp/vtysh-runcfg-V2-post-session-prolog-session.txt
2023-12-27 22:42:52,597 T0055: [D4-V4] chmod 777 /tmp/vtysh-runcfg-V4-post-session-prolog-session.txt
2023-12-27 22:42:54,016 T0052: [D1-V1] /sbin/ip link set dev eth0 up
2023-12-27 22:42:54,068 T0053: [D2-V2] /sbin/ip link set dev eth0 up
2023-12-27 22:42:54,086 T0054: [D3-V3] /sbin/ip link set dev eth0 up
2023-12-27 22:42:54,087 T0055: [D4-V4] /sbin/ip link set dev eth0 up
2023-12-27 22:42:54,684 T0052: [D1-V1] /sbin/ip route list dev eth0
2023-12-27 22:42:54,739 T0053: [D2-V2] /sbin/ip route list dev eth0
2023-12-27 22:42:54,763 T0055: [D4-V4] /sbin/ip route list dev eth0
2023-12-27 22:42:54,772 T0054: [D3-V3] /sbin/ip route list dev eth0
2023-12-27 22:43:04,826 T0000: 
================== Framework Module Hook: batch/test_spytest_infra_1.py ==================
2023-12-27 22:43:04,859 T0100: [D1-V1] sudo show interfaces status Ethernet124
2023-12-27 22:43:04,870 T0101: [D2-V2] sudo show interfaces status Ethernet124
2023-12-27 22:43:04,871 T0102: [D3-V3] sudo show interfaces status Ethernet124
2023-12-27 22:43:04,880 T0103: [D4-V4] sudo show interfaces status Ethernet124
2023-12-27 22:43:07,229 T0105: [D1-V1] sudo show interfaces status
2023-12-27 22:43:07,231 T0106: [D2-V2] sudo show interfaces status
2023-12-27 22:43:07,234 T0107: [D3-V3] sudo show interfaces status
2023-12-27 22:43:07,238 T0108: [D4-V4] sudo show interfaces status
2023-12-27 22:43:09,056 T0000: 
================== Framework Module Hook Finish: batch/test_spytest_infra_1.py ==================
2023-12-27 22:43:09,057 T0000: 
================== Framework Function Hook: batch/test_spytest_infra_1.py::test_spytest_infra_first ==================
2023-12-27 22:43:12,196 T0114: [D1-V1] sudo show interfaces status
2023-12-27 22:43:12,199 T0115: [D2-V2] sudo show interfaces status
2023-12-27 22:43:12,203 T0116: [D3-V3] sudo show interfaces status
2023-12-27 22:43:12,206 T0117: [D4-V4] sudo show interfaces status
2023-12-27 22:43:14,021 T0118: [D1-V1] sudo show interfaces status Ethernet124
2023-12-27 22:43:14,029 T0119: [D2-V2] sudo show interfaces status Ethernet124
2023-12-27 22:43:14,039 T0121: [D4-V4] sudo show interfaces status Ethernet124
2023-12-27 22:43:14,042 T0120: [D3-V3] sudo show interfaces status Ethernet124
2023-12-27 22:43:17,987 T0000: 
================== Framework Function Hook Finish: batch/test_spytest_infra_1.py::test_spytest_infra_first ==================
2023-12-27 22:43:17,990 T0000: 
================== Test Execution: batch/test_spytest_infra_1.py::test_spytest_infra_first ==================
2023-12-27 22:43:18,027 T0000: 
================== Framework Function Hook Finalize: batch/test_spytest_infra_1.py::test_spytest_infra_first ==================
2023-12-27 22:43:18,226 T0000: 
================== Framework Function Hook: batch/test_spytest_infra_1.py::test_spytest_infra_second ==================
2023-12-27 22:43:18,266 T0123: [D1-V1] sudo show interfaces status
2023-12-27 22:43:18,268 T0124: [D2-V2] sudo show interfaces status
2023-12-27 22:43:18,271 T0125: [D3-V3] sudo show interfaces status
2023-12-27 22:43:18,275 T0126: [D4-V4] sudo show interfaces status
2023-12-27 22:43:20,079 T0128: [D2-V2] sudo show interfaces status Ethernet124
2023-12-27 22:43:20,086 T0129: [D3-V3] sudo show interfaces status Ethernet124
2023-12-27 22:43:20,094 T0130: [D4-V4] sudo show interfaces status Ethernet124
2023-12-27 22:43:20,098 T0127: [D1-V1] sudo show interfaces status Ethernet124
2023-12-27 22:43:24,053 T0000: 
================== Framework Function Hook Finish: batch/test_spytest_infra_1.py::test_spytest_infra_second ==================
2023-12-27 22:43:24,054 T0000: 
================== Test Execution: batch/test_spytest_infra_1.py::test_spytest_infra_second ==================
2023-12-27 22:43:24,096 T0000: 
================== Framework Function Hook Finalize: batch/test_spytest_infra_1.py::test_spytest_infra_second ==================
2023-12-27 22:43:24,106 T0131: [D1-V1] sudo show interfaces status Ethernet124
2023-12-27 22:43:24,113 T0132: [D2-V2] sudo show interfaces status Ethernet124
2023-12-27 22:43:24,123 T0134: [D4-V4] sudo show interfaces status Ethernet124
2023-12-27 22:43:24,126 T0133: [D3-V3] sudo show interfaces status Ethernet124
2023-12-27 22:43:26,578 T0000: 
================== Framework Module Hook Finalize: batch/test_spytest_infra_1.py Pass: 2/2 ==================
2023-12-27 22:43:26,578 T0000: 
================== Devices used: batch/test_spytest_infra_1.py 4 ['V1', 'V2', 'V3', 'V4'] ==================
2023-12-27 22:43:28,260 T0000: 
================== Framework Module Hook: routing/BGP/test_bgp_4node.py ==================
2023-12-27 22:43:28,287 T0147: [D1-V1] sudo show interfaces status Ethernet124
2023-12-27 22:43:28,300 T0148: [D2-V2] sudo show interfaces status Ethernet124
2023-12-27 22:43:28,303 T0149: [D3-V3] sudo show interfaces status Ethernet124
2023-12-27 22:43:28,308 T0150: [D4-V4] sudo show interfaces status Ethernet124
2023-12-27 22:43:30,625 T0152: [D1-V1] sudo show interfaces status
2023-12-27 22:43:30,627 T0153: [D2-V2] sudo show interfaces status
2023-12-27 22:43:30,631 T0154: [D3-V3] sudo show interfaces status
2023-12-27 22:43:30,634 T0155: [D4-V4] sudo show interfaces status
2023-12-27 22:43:32,429 T0156: [D1-V1] config save /tmp/config-db-V1-pre-module-prolog-routing-BGP-test_bgp_4node.py.json -y
2023-12-27 22:43:32,437 T0157: [D2-V2] config save /tmp/config-db-V2-pre-module-prolog-routing-BGP-test_bgp_4node.py.json -y
2023-12-27 22:43:32,441 T0158: [D3-V3] config save /tmp/config-db-V3-pre-module-prolog-routing-BGP-test_bgp_4node.py.json -y
2023-12-27 22:43:32,447 T0159: [D4-V4] config save /tmp/config-db-V4-pre-module-prolog-routing-BGP-test_bgp_4node.py.json -y
2023-12-27 22:43:33,712 T0156: [D1-V1] chmod 777 /tmp/config-db-V1-pre-module-prolog-routing-BGP-test_bgp_4node.py.json
2023-12-27 22:43:33,721 T0157: [D2-V2] chmod 777 /tmp/config-db-V2-pre-module-prolog-routing-BGP-test_bgp_4node.py.json
2023-12-27 22:43:33,730 T0158: [D3-V3] chmod 777 /tmp/config-db-V3-pre-module-prolog-routing-BGP-test_bgp_4node.py.json
2023-12-27 22:43:33,740 T0159: [D4-V4] chmod 777 /tmp/config-db-V4-pre-module-prolog-routing-BGP-test_bgp_4node.py.json
2023-12-27 22:43:35,191 T0156: [D1-V1] /sbin/ip link set dev eth0 up
2023-12-27 22:43:35,198 T0157: [D2-V2] /sbin/ip link set dev eth0 up
2023-12-27 22:43:35,221 T0158: [D3-V3] /sbin/ip link set dev eth0 up
2023-12-27 22:43:35,221 T0159: [D4-V4] /sbin/ip link set dev eth0 up
2023-12-27 22:43:35,857 T0156: [D1-V1] /sbin/ip route list dev eth0
2023-12-27 22:43:35,867 T0157: [D2-V2] /sbin/ip route list dev eth0
2023-12-27 22:43:35,900 T0158: [D3-V3] /sbin/ip route list dev eth0
2023-12-27 22:43:35,909 T0159: [D4-V4] /sbin/ip route list dev eth0
2023-12-27 22:43:44,242 T0156: [D1-V1] sudo vtysh -c 'show running-config' > /tmp/vtysh-runcfg-V1-pre-module-prolog-routing-BGP-test_bgp_4node.py.txt
2023-12-27 22:43:44,251 T0157: [D2-V2] sudo vtysh -c 'show running-config' > /tmp/vtysh-runcfg-V2-pre-module-prolog-routing-BGP-test_bgp_4node.py.txt
2023-12-27 22:43:44,306 T0158: [D3-V3] sudo vtysh -c 'show running-config' > /tmp/vtysh-runcfg-V3-pre-module-prolog-routing-BGP-test_bgp_4node.py.txt
2023-12-27 22:43:44,312 T0159: [D4-V4] sudo vtysh -c 'show running-config' > /tmp/vtysh-runcfg-V4-pre-module-prolog-routing-BGP-test_bgp_4node.py.txt
2023-12-27 22:43:45,169 T0157: [D2-V2] chmod 777 /tmp/vtysh-runcfg-V2-pre-module-prolog-routing-BGP-test_bgp_4node.py.txt
2023-12-27 22:43:45,174 T0156: [D1-V1] chmod 777 /tmp/vtysh-runcfg-V1-pre-module-prolog-routing-BGP-test_bgp_4node.py.txt
2023-12-27 22:43:45,230 T0159: [D4-V4] chmod 777 /tmp/vtysh-runcfg-V4-pre-module-prolog-routing-BGP-test_bgp_4node.py.txt
2023-12-27 22:43:45,281 T0158: [D3-V3] chmod 777 /tmp/vtysh-runcfg-V3-pre-module-prolog-routing-BGP-test_bgp_4node.py.txt
2023-12-27 22:43:46,647 T0157: [D2-V2] /sbin/ip link set dev eth0 up
2023-12-27 22:43:46,657 T0156: [D1-V1] /sbin/ip link set dev eth0 up
2023-12-27 22:43:46,703 T0159: [D4-V4] /sbin/ip link set dev eth0 up
2023-12-27 22:43:46,755 T0158: [D3-V3] /sbin/ip link set dev eth0 up
2023-12-27 22:43:47,311 T0157: [D2-V2] /sbin/ip route list dev eth0
2023-12-27 22:43:47,331 T0156: [D1-V1] /sbin/ip route list dev eth0
2023-12-27 22:43:47,374 T0159: [D4-V4] /sbin/ip route list dev eth0
2023-12-27 22:43:47,422 T0158: [D3-V3] /sbin/ip route list dev eth0
2023-12-27 22:43:55,856 T0000: 
================== Framework Module Hook Finish: routing/BGP/test_bgp_4node.py ==================
2023-12-27 22:43:55,857 T0000: 
================== Module Hook: routing/BGP/test_bgp_4node.py bgp_module_hooks ==================
2023-12-27 22:43:55,872 T0192: [D1-V1] config interface ip add Ethernet16 11.1.0.1/24
2023-12-27 22:43:55,878 T0193: [D2-V2] config interface ip add Ethernet16 11.1.0.2/24
2023-12-27 22:43:56,962 T0194: [D1-V1] config interface ip add Ethernet16 67fe:1::1/64
2023-12-27 22:43:56,969 T0195: [D2-V2] config interface ip add Ethernet16 67fe:1::2/64
2023-12-27 22:43:58,051 T0196: [D2-V2] config interface ip add Ethernet40 11.2.0.1/24
2023-12-27 22:43:58,057 T0197: [D3-V3] config interface ip add Ethernet32 11.2.0.2/24
2023-12-27 22:43:59,139 T0198: [D2-V2] config interface ip add Ethernet40 67fe:2::1/64
2023-12-27 22:43:59,143 T0199: [D3-V3] config interface ip add Ethernet32 67fe:2::2/64
2023-12-27 22:44:00,222 T0200: [D3-V3] config interface ip add Ethernet48 11.3.0.1/24
2023-12-27 22:44:00,226 T0201: [D4-V4] config interface ip add Ethernet48 11.3.0.2/24
2023-12-27 22:44:01,306 T0202: [D3-V3] config interface ip add Ethernet48 67fe:3::1/64
2023-12-27 22:44:01,312 T0203: [D4-V4] config interface ip add Ethernet48 67fe:3::2/64
2023-12-27 22:44:02,341 T0000: [D1-V1] ping -4 11.1.0.2 -c 3 
2023-12-27 22:44:05,076 T0000: [D1-V1] ping -6 67fe:1::2 -c 3 
2023-12-27 22:44:07,799 T0000: [D2-V2] ping -4 11.2.0.2 -c 3 
2023-12-27 22:44:10,522 T0000: [D2-V2] ping -6 67fe:2::2 -c 3 
2023-12-27 22:44:13,243 T0000: [D3-V3] ping -4 11.3.0.2 -c 3 
2023-12-27 22:44:15,964 T0000: [D3-V3] ping -6 67fe:3::2 -c 3 
2023-12-27 22:44:18,683 T0000: 
================== Module Hook Finish: routing/BGP/test_bgp_4node.py bgp_module_hooks ==================
2023-12-27 22:44:18,683 T0000: 
================== Class Hook: routing/BGP/test_bgp_4node.py bgp_confed_class_hook ==================
2023-12-27 22:44:18,691 T0000: [D1-V1]  router bgp 24
 no bgp ebgp-requires-policy
2023-12-27 22:44:21,340 T0000: [D1-V1]  bgp confederation peers 35
 bgp confederation identifier 100
 neighbor 11.1.0.2 remote-as 35

2023-12-27 22:44:22,804 T0000: [D2-V2]  router bgp 35
 no bgp ebgp-requires-policy
2023-12-27 22:44:25,449 T0000: [D2-V2]  bgp confederation peers 24
 bgp confederation identifier 100
 neighbor 11.2.0.2 remote-as 35

2023-12-27 22:44:26,907 T0000: [D2-V2]  router bgp 35
 no bgp ebgp-requires-policy
2023-12-27 22:44:28,361 T0000: [D2-V2] neighbor 11.1.0.1 remote-as 24
2023-12-27 22:44:29,064 T0000: [D2-V2] neighbor 11.1.0.1 timers 60 180
2023-12-27 22:44:29,764 T0000: [D2-V2] address-family ipv4 unicast
2023-12-27 22:44:30,464 T0000: [D2-V2] neighbor 11.1.0.1 activate
2023-12-27 22:44:31,170 T0000: [D3-V3]  router bgp 35
 no bgp ebgp-requires-policy
2023-12-27 22:44:33,814 T0000: [D3-V3]  bgp confederation peers 24
 bgp confederation identifier 100
 neighbor 11.3.0.2 remote-as 35

2023-12-27 22:44:35,273 T0000: [D3-V3]  router bgp 35
 no bgp ebgp-requires-policy
2023-12-27 22:44:36,724 T0000: [D3-V3] neighbor 11.2.0.1 remote-as 35
2023-12-27 22:44:37,424 T0000: [D3-V3] neighbor 11.2.0.1 timers 60 180
2023-12-27 22:44:38,131 T0000: [D3-V3] address-family ipv4 unicast
2023-12-27 22:44:38,835 T0000: [D3-V3] neighbor 11.2.0.1 activate
2023-12-27 22:44:39,539 T0000: [D4-V4]  router bgp 35
 no bgp ebgp-requires-policy
2023-12-27 22:44:42,192 T0000: [D4-V4]  bgp confederation peers 24
 bgp confederation identifier 100
 neighbor 11.3.0.1 remote-as 35

2023-12-27 22:44:43,651 T0000: [D1-V1]  router bgp 24
 no bgp ebgp-requires-policy
2023-12-27 22:44:45,101 T0000: [D1-V1]  bgp confederation peers 35
 bgp confederation identifier 100
 neighbor 67fe:1::2 remote-as 35
address-family ipv6 unicast
 neighbor 67fe:1::2 activate

2023-12-27 22:44:46,573 T0000: [D2-V2]  router bgp 35
 no bgp ebgp-requires-policy
2023-12-27 22:44:48,025 T0000: [D2-V2]  bgp confederation peers 24
 bgp confederation identifier 100
 neighbor 67fe:2::2 remote-as 35
address-family ipv6 unicast
 neighbor 67fe:2::2 activate

2023-12-27 22:44:49,481 T0000: [D2-V2]  router bgp 35
 no bgp ebgp-requires-policy
2023-12-27 22:44:50,935 T0000: [D2-V2] neighbor 67fe:1::1 remote-as 24
2023-12-27 22:44:51,637 T0000: [D2-V2] neighbor 67fe:1::1 timers 60 180
2023-12-27 22:44:52,333 T0000: [D2-V2] address-family ipv6 unicast
2023-12-27 22:44:53,032 T0000: [D2-V2] neighbor 67fe:1::1 activate
2023-12-27 22:44:53,748 T0000: [D3-V3]  router bgp 35
 no bgp ebgp-requires-policy
2023-12-27 22:44:55,202 T0000: [D3-V3]  bgp confederation peers 24
 bgp confederation identifier 100
 neighbor 67fe:3::2 remote-as 35
address-family ipv6 unicast
 neighbor 67fe:3::2 activate

2023-12-27 22:44:56,674 T0000: [D3-V3]  router bgp 35
 no bgp ebgp-requires-policy
2023-12-27 22:44:58,125 T0000: [D3-V3] neighbor 67fe:2::1 remote-as 35
2023-12-27 22:44:58,824 T0000: [D3-V3] neighbor 67fe:2::1 timers 60 180
2023-12-27 22:44:59,528 T0000: [D3-V3] address-family ipv6 unicast
2023-12-27 22:45:00,229 T0000: [D3-V3] neighbor 67fe:2::1 activate
2023-12-27 22:45:00,942 T0000: [D4-V4]  router bgp 35
 no bgp ebgp-requires-policy
2023-12-27 22:45:02,398 T0000: [D4-V4]  bgp confederation peers 24
 bgp confederation identifier 100
 neighbor 67fe:3::1 remote-as 35
address-family ipv6 unicast
 neighbor 67fe:3::1 activate

2023-12-27 22:45:03,855 T0000: [D2-V2] show bgp ipv4 summary
2023-12-27 22:45:04,615 T0000: [D3-V3] show bgp ipv4 summary
2023-12-27 22:45:05,354 T0000: [D2-V2] show bgp ipv6 summary
2023-12-27 22:45:06,090 T0000: [D3-V3] show bgp ipv6 summary
2023-12-27 22:45:06,853 T0000: 
================== Class Hook Finish: routing/BGP/test_bgp_4node.py bgp_confed_class_hook ==================
2023-12-27 22:45:06,855 T0000: 
================== Framework Function Hook: routing/BGP/test_bgp_4node.py::TestBGPConfed::test_ipv6_confed_route_distribution ==================
2023-12-27 22:45:06,862 T0208: [D1-V1] config save /tmp/config-db-V1-post-module-prolog-routing-BGP-test_bgp_4node.py.json -y
2023-12-27 22:45:06,870 T0209: [D2-V2] config save /tmp/config-db-V2-post-module-prolog-routing-BGP-test_bgp_4node.py.json -y
2023-12-27 22:45:06,874 T0210: [D3-V3] config save /tmp/config-db-V3-post-module-prolog-routing-BGP-test_bgp_4node.py.json -y
2023-12-27 22:45:06,878 T0211: [D4-V4] config save /tmp/config-db-V4-post-module-prolog-routing-BGP-test_bgp_4node.py.json -y
2023-12-27 22:45:09,602 T0209: [D2-V2] chmod 777 /tmp/config-db-V2-post-module-prolog-routing-BGP-test_bgp_4node.py.json
2023-12-27 22:45:09,694 T0208: [D1-V1] chmod 777 /tmp/config-db-V1-post-module-prolog-routing-BGP-test_bgp_4node.py.json
2023-12-27 22:45:09,738 T0210: [D3-V3] chmod 777 /tmp/config-db-V3-post-module-prolog-routing-BGP-test_bgp_4node.py.json
2023-12-27 22:45:09,748 T0211: [D4-V4] chmod 777 /tmp/config-db-V4-post-module-prolog-routing-BGP-test_bgp_4node.py.json
2023-12-27 22:45:11,071 T0209: [D2-V2] /sbin/ip link set dev eth0 up
2023-12-27 22:45:11,169 T0208: [D1-V1] /sbin/ip link set dev eth0 up
2023-12-27 22:45:11,225 T0210: [D3-V3] /sbin/ip link set dev eth0 up
2023-12-27 22:45:11,225 T0211: [D4-V4] /sbin/ip link set dev eth0 up
2023-12-27 22:45:11,739 T0209: [D2-V2] /sbin/ip route list dev eth0
2023-12-27 22:45:11,836 T0208: [D1-V1] /sbin/ip route list dev eth0
2023-12-27 22:45:11,906 T0210: [D3-V3] /sbin/ip route list dev eth0
2023-12-27 22:45:11,915 T0211: [D4-V4] /sbin/ip route list dev eth0
2023-12-27 22:45:20,115 T0209: [D2-V2] sudo vtysh -c 'show running-config' > /tmp/vtysh-runcfg-V2-post-module-prolog-routing-BGP-test_bgp_4node.py.txt
2023-12-27 22:45:20,203 T0208: [D1-V1] sudo vtysh -c 'show running-config' > /tmp/vtysh-runcfg-V1-post-module-prolog-routing-BGP-test_bgp_4node.py.txt
2023-12-27 22:45:20,302 T0210: [D3-V3] sudo vtysh -c 'show running-config' > /tmp/vtysh-runcfg-V3-post-module-prolog-routing-BGP-test_bgp_4node.py.txt
2023-12-27 22:45:20,307 T0211: [D4-V4] sudo vtysh -c 'show running-config' > /tmp/vtysh-runcfg-V4-post-module-prolog-routing-BGP-test_bgp_4node.py.txt
2023-12-27 22:45:20,986 T0209: [D2-V2] chmod 777 /tmp/vtysh-runcfg-V2-post-module-prolog-routing-BGP-test_bgp_4node.py.txt
2023-12-27 22:45:21,074 T0208: [D1-V1] chmod 777 /tmp/vtysh-runcfg-V1-post-module-prolog-routing-BGP-test_bgp_4node.py.txt
2023-12-27 22:45:21,178 T0211: [D4-V4] chmod 777 /tmp/vtysh-runcfg-V4-post-module-prolog-routing-BGP-test_bgp_4node.py.txt
2023-12-27 22:45:21,219 T0210: [D3-V3] chmod 777 /tmp/vtysh-runcfg-V3-post-module-prolog-routing-BGP-test_bgp_4node.py.txt
2023-12-27 22:45:22,461 T0209: [D2-V2] /sbin/ip link set dev eth0 up
2023-12-27 22:45:22,555 T0208: [D1-V1] /sbin/ip link set dev eth0 up
2023-12-27 22:45:22,657 T0211: [D4-V4] /sbin/ip link set dev eth0 up
2023-12-27 22:45:22,696 T0210: [D3-V3] /sbin/ip link set dev eth0 up
2023-12-27 22:45:23,129 T0209: [D2-V2] /sbin/ip route list dev eth0
2023-12-27 22:45:23,228 T0208: [D1-V1] /sbin/ip route list dev eth0
2023-12-27 22:45:23,330 T0211: [D4-V4] /sbin/ip route list dev eth0
2023-12-27 22:45:23,367 T0210: [D3-V3] /sbin/ip route list dev eth0
2023-12-27 22:45:34,909 T0249: [D1-V1] sudo show interfaces status
2023-12-27 22:45:34,911 T0250: [D2-V2] sudo show interfaces status
2023-12-27 22:45:34,913 T0251: [D3-V3] sudo show interfaces status
2023-12-27 22:45:34,915 T0252: [D4-V4] sudo show interfaces status
2023-12-27 22:45:36,746 T0253: [D1-V1] sudo show interfaces status Ethernet124
2023-12-27 22:45:36,755 T0255: [D3-V3] sudo show interfaces status Ethernet124
2023-12-27 22:45:36,759 T0254: [D2-V2] sudo show interfaces status Ethernet124
2023-12-27 22:45:36,765 T0256: [D4-V4] sudo show interfaces status Ethernet124
2023-12-27 22:45:40,842 T0000: 
================== Framework Function Hook Finish: routing/BGP/test_bgp_4node.py::TestBGPConfed::test_ipv6_confed_route_distribution ==================
2023-12-27 22:45:40,844 T0000: 
================== Test Execution: routing/BGP/test_bgp_4node.py::TestBGPConfed::test_ipv6_confed_route_distribution ==================
2023-12-27 22:45:40,854 T0000: [D1-V1]  router bgp 24
 no bgp ebgp-requires-policy
2023-12-27 22:45:43,549 T0000: [D1-V1] no bgp network import-check 
address-family ipv4 unicast
  network 131.5.6.0/24
2023-12-27 22:45:45,008 T0000: [D1-V1]  router bgp 24
 no bgp ebgp-requires-policy
2023-12-27 22:45:46,461 T0000: [D1-V1] no bgp network import-check 
address-family ipv6 unicast
  network 2000:1::0/64
2023-12-27 22:45:47,921 T0000: [D3-V3] show bgp ipv4
2023-12-27 22:45:49,566 T0000: [D3-V3] show bgp ipv6
2023-12-27 22:45:50,296 T0000: [D1-V1]  router bgp 24
 no bgp ebgp-requires-policy
2023-12-27 22:45:51,749 T0000: [D1-V1] address-family ipv4 unicast
 no network 131.5.6.0/24
2023-12-27 22:45:53,204 T0000: [D1-V1]  router bgp 24
 no bgp ebgp-requires-policy
2023-12-27 22:45:54,651 T0000: [D1-V1] address-family ipv6 unicast
 no network 2000:1::0/64
2023-12-27 22:45:56,177 T0000: 
================== Framework Function Hook Finalize: routing/BGP/test_bgp_4node.py::TestBGPConfed::test_ipv6_confed_route_distribution ==================
2023-12-27 22:45:56,179 T0000: 
================== Framework Function Hook: routing/BGP/test_bgp_4node.py::TestBGPConfed::test_ipv6_confed_with_rr ==================
2023-12-27 22:45:56,209 T0270: [D1-V1] sudo show interfaces status
2023-12-27 22:45:56,211 T0271: [D2-V2] sudo show interfaces status
2023-12-27 22:45:56,216 T0272: [D3-V3] sudo show interfaces status
2023-12-27 22:45:56,216 T0273: [D4-V4] sudo show interfaces status
2023-12-27 22:45:59,403 T0274: [D1-V1] sudo show interfaces status Ethernet124
2023-12-27 22:45:59,414 T0275: [D2-V2] sudo show interfaces status Ethernet124
2023-12-27 22:45:59,420 T0277: [D4-V4] sudo show interfaces status Ethernet124
2023-12-27 22:45:59,422 T0276: [D3-V3] sudo show interfaces status Ethernet124
2023-12-27 22:46:03,535 T0000: 
================== Framework Function Hook Finish: routing/BGP/test_bgp_4node.py::TestBGPConfed::test_ipv6_confed_with_rr ==================
2023-12-27 22:46:03,536 T0000: 
================== Test Execution: routing/BGP/test_bgp_4node.py::TestBGPConfed::test_ipv6_confed_with_rr ==================
2023-12-27 22:46:03,547 T0000: [D2-V2]  router bgp 35
 no bgp ebgp-requires-policy
2023-12-27 22:46:06,192 T0000: [D2-V2] no bgp network import-check 
address-family ipv4 unicast
  network 131.6.6.0/24
2023-12-27 22:46:07,652 T0000: [D2-V2]  router bgp 35
 no bgp ebgp-requires-policy
2023-12-27 22:46:09,101 T0000: [D2-V2] no bgp network import-check 
address-family ipv6 unicast
  network 3000:1::0/64
2023-12-27 22:46:10,556 T0000: [D4-V4] show bgp ipv4
2023-12-27 22:46:12,188 T0000: [D4-V4] show bgp ipv6
2023-12-27 22:46:12,911 T0000: [D3-V3]  router bgp 35
 no bgp ebgp-requires-policy
2023-12-27 22:46:15,549 T0000: [D3-V3] address-family ipv4 unicast
  neighbor 11.3.0.2 route-reflector-client
2023-12-27 22:46:17,008 T0000: [D3-V3]  router bgp 35
 no bgp ebgp-requires-policy
2023-12-27 22:46:18,465 T0000: [D3-V3] address-family ipv6 unicast
  neighbor 67fe:3::2 route-reflector-client
2023-12-27 22:46:29,939 T0000: [D4-V4] show bgp ipv4
2023-12-27 22:46:30,663 T0000: [D4-V4] show bgp ipv6
2023-12-27 22:46:31,387 T0000: [D2-V2]  router bgp 35
 no bgp ebgp-requires-policy
2023-12-27 22:46:32,837 T0000: [D2-V2] address-family ipv4 unicast
 no network 131.6.6.0/24
2023-12-27 22:46:34,292 T0000: [D2-V2]  router bgp 35
 no bgp ebgp-requires-policy
2023-12-27 22:46:35,746 T0000: [D2-V2] address-family ipv6 unicast
 no network 3000:1::0/64
2023-12-27 22:46:37,204 T0000: [D3-V3]  router bgp 35
 no bgp ebgp-requires-policy
2023-12-27 22:46:38,653 T0000: [D3-V3] address-family ipv4 unicast
 no neighbor 11.3.0.2 route-reflector-client
2023-12-27 22:46:40,119 T0000: [D3-V3]  router bgp 35
 no bgp ebgp-requires-policy
2023-12-27 22:46:41,573 T0000: [D3-V3] address-family ipv6 unicast
 no neighbor 67fe:3::2 route-reflector-client
2023-12-27 22:46:43,097 T0000: 
================== Framework Function Hook Finalize: routing/BGP/test_bgp_4node.py::TestBGPConfed::test_ipv6_confed_with_rr ==================
2023-12-27 22:46:43,099 T0000: 
================== Framework Function Hook: routing/BGP/test_bgp_4node.py::TestBGPConfed::test_confed_route_distribution_with_rmap ==================
2023-12-27 22:46:43,129 T0291: [D1-V1] sudo show interfaces status
2023-12-27 22:46:43,132 T0292: [D2-V2] sudo show interfaces status
2023-12-27 22:46:43,135 T0293: [D3-V3] sudo show interfaces status
2023-12-27 22:46:43,138 T0294: [D4-V4] sudo show interfaces status
2023-12-27 22:46:46,330 T0295: [D1-V1] sudo show interfaces status Ethernet124
2023-12-27 22:46:46,338 T0296: [D2-V2] sudo show interfaces status Ethernet124
2023-12-27 22:46:46,345 T0298: [D4-V4] sudo show interfaces status Ethernet124
2023-12-27 22:46:46,352 T0297: [D3-V3] sudo show interfaces status Ethernet124
2023-12-27 22:46:50,350 T0000: 
================== Framework Function Hook Finish: routing/BGP/test_bgp_4node.py::TestBGPConfed::test_confed_route_distribution_with_rmap ==================
2023-12-27 22:46:50,351 T0000: 
================== Test Execution: routing/BGP/test_bgp_4node.py::TestBGPConfed::test_confed_route_distribution_with_rmap ==================
2023-12-27 22:46:50,352 T0000: [D1-V1]  access-list test-access-list1 permit 134.5.8.0/24

2023-12-27 22:46:52,255 T0000: [D1-V1]  route-map test-rmap permit 10

2023-12-27 22:46:52,957 T0000: [D1-V1]  match ip address test-access-list1
exit

2023-12-27 22:46:54,415 T0000: [D1-V1]  route-map test-rmap permit 10

2023-12-27 22:46:55,113 T0000: [D1-V1] set as-path prepend 200
exit

2023-12-27 22:46:56,565 T0000: [D1-V1]  access-list test-access-list2 deny 134.5.6.0/24

2023-12-27 22:46:57,266 T0000: [D1-V1]  route-map test-rmap deny 20

2023-12-27 22:46:57,964 T0000: [D1-V1]  match ip address test-access-list2
exit

2023-12-27 22:46:59,408 T0000: [D1-V1]  access-list test-access-list3 permit 134.5.7.0/24

2023-12-27 22:47:00,114 T0000: [D1-V1]  route-map test-rmap permit 30

2023-12-27 22:47:00,813 T0000: [D1-V1]  match ip address test-access-list3
exit

2023-12-27 22:47:02,272 T0000: [D1-V1]  router bgp 24
 no bgp ebgp-requires-policy
2023-12-27 22:47:03,724 T0000: [D1-V1]  network 134.5.6.0/24 route-map test-rmap
2023-12-27 22:47:04,427 T0000: [D1-V1]  router bgp 24
 no bgp ebgp-requires-policy
2023-12-27 22:47:05,884 T0000: [D1-V1]  network 134.5.7.0/24 route-map test-rmap
2023-12-27 22:47:06,590 T0000: [D1-V1]  router bgp 24
 no bgp ebgp-requires-policy
2023-12-27 22:47:08,043 T0000: [D1-V1]  network 134.5.8.0/24 route-map test-rmap
2023-12-27 22:47:08,744 T0000: [D2-V2] show bgp ipv4 134.5.8.0/24
2023-12-27 22:47:10,424 T0000: [D2-V2] show ip route
2023-12-27 22:47:11,156 T0000: [D2-V2] show ip route
2023-12-27 22:47:11,877 T0000: [D1-V1] no route-map test-rmap permit 10

2023-12-27 22:47:12,576 T0000: [D1-V1] no access-list test-access-list3 permit 134.5.7.0/24

2023-12-27 22:47:13,271 T0000: [D1-V1] no access-list test-access-list2 deny 134.5.6.0/24

2023-12-27 22:47:13,968 T0000: [D1-V1] no access-list test-access-list1 permit 134.5.8.0/24

2023-12-27 22:47:14,674 T0000: [D1-V1]  router bgp 24
 no bgp ebgp-requires-policy
2023-12-27 22:47:16,127 T0000: [D1-V1] no network 134.5.6.0/24 route-map test-rmap
2023-12-27 22:47:16,834 T0000: [D1-V1]  router bgp 24
 no bgp ebgp-requires-policy
2023-12-27 22:47:18,282 T0000: [D1-V1] no network 134.5.7.0/24 route-map test-rmap
2023-12-27 22:47:18,995 T0000: [D1-V1]  router bgp 24
 no bgp ebgp-requires-policy
2023-12-27 22:47:20,445 T0000: [D1-V1] no network 134.5.8.0/24 route-map test-rmap
2023-12-27 22:47:21,212 T0000: 
================== Framework Function Hook Finalize: routing/BGP/test_bgp_4node.py::TestBGPConfed::test_confed_route_distribution_with_rmap ==================
2023-12-27 22:47:21,213 T0000: [D1-V1] no router bgp
2023-12-27 22:47:21,918 T0000: [D2-V2] no router bgp
2023-12-27 22:47:23,327 T0000: [D3-V3] no router bgp
2023-12-27 22:47:25,273 T0000: [D4-V4] no router bgp
2023-12-27 22:47:27,213 T0000: 
================== Class Hook Finalize: routing/BGP/test_bgp_4node.py bgp_confed_class_hook ==================
2023-12-27 22:47:27,229 T0000: 
================== Class Hook Finalize: routing/BGP/test_bgp_4node.py bgp_confed_class_hook ==================
2023-12-27 22:47:27,247 T0000: 
================== Class Hook Finalize: routing/BGP/test_bgp_4node.py bgp_confed_class_hook ==================
2023-12-27 22:47:27,265 T0000: 
================== Framework Function Hook: routing/BGP/test_bgp_4node.py::test_ft_bgp_ibgp_RR_Loop ==================
2023-12-27 22:47:27,296 T0324: [D1-V1] sudo show interfaces status
2023-12-27 22:47:27,299 T0325: [D2-V2] sudo show interfaces status
2023-12-27 22:47:27,303 T0326: [D3-V3] sudo show interfaces status
2023-12-27 22:47:27,307 T0327: [D4-V4] sudo show interfaces status
2023-12-27 22:47:30,089 T0328: [D1-V1] sudo show interfaces status Ethernet124
2023-12-27 22:47:30,098 T0329: [D2-V2] sudo show interfaces status Ethernet124
2023-12-27 22:47:30,104 T0331: [D4-V4] sudo show interfaces status Ethernet124
2023-12-27 22:47:30,111 T0330: [D3-V3] sudo show interfaces status Ethernet124
2023-12-27 22:47:34,118 T0000: 
================== Framework Function Hook Finish: routing/BGP/test_bgp_4node.py::test_ft_bgp_ibgp_RR_Loop ==================
2023-12-27 22:47:34,118 T0000: 
================== Function Hook: routing/BGP/test_bgp_4node.py hooks_test_ft_bgp_ibgp_RR_Loop ==================
2023-12-27 22:47:34,135 T0000: 
================== Function Hook Finish: routing/BGP/test_bgp_4node.py hooks_test_ft_bgp_ibgp_RR_Loop ==================
2023-12-27 22:47:34,136 T0000: 
================== Test Execution: routing/BGP/test_bgp_4node.py::test_ft_bgp_ibgp_RR_Loop ==================
2023-12-27 22:47:34,142 T0340: [D1-V1] config interface ip add Ethernet40 11.4.0.1/24
2023-12-27 22:47:34,146 T0341: [D3-V3] config interface ip add Ethernet16 11.4.0.2/24
2023-12-27 22:47:35,226 T0342: [D1-V1]  router bgp 65001
 no bgp ebgp-requires-policy
2023-12-27 22:47:35,233 T0343: [D2-V2]  router bgp 65001
 no bgp ebgp-requires-policy
2023-12-27 22:47:35,239 T0344: [D3-V3]  router bgp 65001
 no bgp ebgp-requires-policy
2023-12-27 22:47:37,797 T0342: [D1-V1]  neighbor 11.1.0.2 remote-as 65001
address-family ipv4 unicast
 neighbor 11.1.0.2 activate

2023-12-27 22:47:37,816 T0343: [D2-V2]  neighbor 11.1.0.1 remote-as 65001
address-family ipv4 unicast
 neighbor 11.1.0.1 activate

2023-12-27 22:47:37,824 T0344: [D3-V3]  neighbor 11.2.0.1 remote-as 65001
address-family ipv4 unicast
 neighbor 11.2.0.1 activate

2023-12-27 22:47:39,256 T0345: [D1-V1]  router bgp 65001
 no bgp ebgp-requires-policy
2023-12-27 22:47:39,262 T0346: [D2-V2]  router bgp 65001
 no bgp ebgp-requires-policy
2023-12-27 22:47:39,268 T0347: [D3-V3]  router bgp 65001
 no bgp ebgp-requires-policy
2023-12-27 22:47:40,688 T0346: [D2-V2]  neighbor 11.2.0.2 remote-as 65001
address-family ipv4 unicast
 neighbor 11.2.0.2 activate

2023-12-27 22:47:40,697 T0345: [D1-V1]  neighbor 11.4.0.2 remote-as 65001
address-family ipv4 unicast
 neighbor 11.4.0.2 activate

2023-12-27 22:47:40,702 T0347: [D3-V3]  neighbor 11.4.0.1 remote-as 65001
address-family ipv4 unicast
 neighbor 11.4.0.1 activate

2023-12-27 22:47:42,139 T0348: [D1-V1]  router bgp 65001
 no bgp ebgp-requires-policy
2023-12-27 22:47:42,146 T0349: [D2-V2]  router bgp 65001
 no bgp ebgp-requires-policy
2023-12-27 22:47:42,151 T0350: [D3-V3]  router bgp 65001
 no bgp ebgp-requires-policy
2023-12-27 22:47:43,571 T0348: [D1-V1] address-family ipv4 unicast
  neighbor 11.1.0.2 route-reflector-client
2023-12-27 22:47:43,578 T0349: [D2-V2] address-family ipv4 unicast
  neighbor 11.2.0.2 route-reflector-client
2023-12-27 22:47:43,585 T0350: [D3-V3] address-family ipv4 unicast
  neighbor 11.4.0.1 route-reflector-client
2023-12-27 22:47:45,008 T0351: [D1-V1]  router bgp 65001
 no bgp ebgp-requires-policy
2023-12-27 22:47:45,016 T0352: [D2-V2]  router bgp 65001
 no bgp ebgp-requires-policy
2023-12-27 22:47:45,021 T0353: [D3-V3]  router bgp 65001
 no bgp ebgp-requires-policy
2023-12-27 22:47:46,433 T0351: [D1-V1] address-family ipv4 unicast
  neighbor 11.4.0.2 route-reflector-client
2023-12-27 22:47:46,442 T0352: [D2-V2] address-family ipv4 unicast
  neighbor 11.1.0.1 route-reflector-client
2023-12-27 22:47:46,451 T0353: [D3-V3] address-family ipv4 unicast
  neighbor 11.2.0.1 route-reflector-client
2023-12-27 22:47:47,871 T0354: [D1-V1] show bgp ipv4 summary
2023-12-27 22:47:47,876 T0355: [D2-V2] show bgp ipv4 summary
2023-12-27 22:47:47,881 T0356: [D3-V3] show bgp ipv4 summary
2023-12-27 22:47:49,579 T0355: [D2-V2] show bgp ipv4 summary
2023-12-27 22:47:49,581 T0354: [D1-V1] show bgp ipv4 summary
2023-12-27 22:47:49,594 T0356: [D3-V3] show bgp ipv4 summary
2023-12-27 22:47:50,319 T0000: [D3-V3]  router bgp 65001
 no bgp ebgp-requires-policy
2023-12-27 22:47:51,767 T0000: [D3-V3] no bgp network import-check 
address-family ipv4 unicast
  network 172.16.2.2/32
2023-12-27 22:47:58,236 T0000: [D1-V1] show bgp ipv4
2023-12-27 22:47:58,966 T0000: [D2-V2] show bgp ipv4
2023-12-27 22:47:59,696 T0000: [D3-V3] show bgp ipv4
2023-12-27 22:48:00,430 T0361: [D1-V1] no router bgp
2023-12-27 22:48:00,433 T0362: [D2-V2] no router bgp
2023-12-27 22:48:00,437 T0363: [D3-V3] no router bgp
2023-12-27 22:48:01,113 T0364: [D1-V1] config interface ip remove Ethernet40 11.4.0.1/24
2023-12-27 22:48:01,119 T0365: [D3-V3] config interface ip remove Ethernet16 11.4.0.2/24
2023-12-27 22:48:03,636 T0000: 
================== Function Hook Finalize: routing/BGP/test_bgp_4node.py hooks_test_ft_bgp_ibgp_RR_Loop ==================
2023-12-27 22:48:03,697 T0000: 
================== Framework Function Hook Finalize: routing/BGP/test_bgp_4node.py::test_ft_bgp_ibgp_RR_Loop ==================
2023-12-27 22:48:03,698 T0000: 
================== Framework Function Hook: routing/BGP/test_bgp_4node.py::test_ft_bgp_ebgp_community_map ==================
2023-12-27 22:48:03,727 T0371: [D1-V1] sudo show interfaces status
2023-12-27 22:48:03,730 T0372: [D2-V2] sudo show interfaces status
2023-12-27 22:48:03,733 T0373: [D3-V3] sudo show interfaces status
2023-12-27 22:48:03,737 T0374: [D4-V4] sudo show interfaces status
2023-12-27 22:48:06,343 T0375: [D1-V1] sudo show interfaces status Ethernet124
2023-12-27 22:48:06,352 T0378: [D4-V4] sudo show interfaces status Ethernet124
2023-12-27 22:48:06,355 T0377: [D3-V3] sudo show interfaces status Ethernet124
2023-12-27 22:48:06,362 T0376: [D2-V2] sudo show interfaces status Ethernet124
2023-12-27 22:48:10,359 T0000: 
================== Framework Function Hook Finish: routing/BGP/test_bgp_4node.py::test_ft_bgp_ebgp_community_map ==================
2023-12-27 22:48:10,360 T0000: 
================== Function Hook: routing/BGP/test_bgp_4node.py hooks_test_ft_bgp_ebgp_community_map ==================
2023-12-27 22:48:10,378 T0000: 
================== Function Hook Finish: routing/BGP/test_bgp_4node.py hooks_test_ft_bgp_ebgp_community_map ==================
2023-12-27 22:48:10,379 T0000: 
================== Test Execution: routing/BGP/test_bgp_4node.py::test_ft_bgp_ebgp_community_map ==================
2023-12-27 22:48:10,383 T0387: [D1-V1] config interface ip add Ethernet40 11.4.0.1/24
2023-12-27 22:48:10,389 T0388: [D3-V3] config interface ip add Ethernet16 11.4.0.2/24
2023-12-27 22:48:11,534 T0000: [D2-V2]  router bgp 65002
 no bgp ebgp-requires-policy
2023-12-27 22:48:14,212 T0000: [D2-V2]  neighbor 67fe:2::2 remote-as 65003
address-family ipv6 unicast
 neighbor 67fe:2::2 activate

2023-12-27 22:48:15,698 T0000: [D3-V3]  router bgp 65003
 no bgp ebgp-requires-policy
2023-12-27 22:48:18,347 T0000: [D3-V3]  neighbor 67fe:2::1 remote-as 65002
address-family ipv6 unicast
 neighbor 67fe:2::1 activate

2023-12-27 22:48:19,811 T0389: [D1-V1]  router bgp 65001
 no bgp ebgp-requires-policy
2023-12-27 22:48:19,813 T0390: [D2-V2]  router bgp 65002
 no bgp ebgp-requires-policy
2023-12-27 22:48:19,819 T0391: [D3-V3]  router bgp 65003
 no bgp ebgp-requires-policy
2023-12-27 22:48:19,822 T0392: [D4-V4]  router bgp 65004
 no bgp ebgp-requires-policy
2023-12-27 22:48:21,241 T0390: [D2-V2]  neighbor 11.2.0.2 remote-as 65003
address-family ipv4 unicast
 neighbor 11.2.0.2 activate

2023-12-27 22:48:21,249 T0391: [D3-V3]  neighbor 11.4.0.1 remote-as 65001
address-family ipv4 unicast
 neighbor 11.4.0.1 activate

2023-12-27 22:48:22,381 T0389: [D1-V1]  neighbor 11.4.0.2 remote-as 65003
address-family ipv4 unicast
 neighbor 11.4.0.2 activate

2023-12-27 22:48:22,388 T0392: [D4-V4]  neighbor 11.3.0.1 remote-as 65003
address-family ipv4 unicast
 neighbor 11.3.0.1 activate

2023-12-27 22:48:23,826 T0000: [D3-V3]  router bgp 65003
 no bgp ebgp-requires-policy
2023-12-27 22:48:25,273 T0000: [D3-V3]  neighbor 11.2.0.1 remote-as 65002
address-family ipv4 unicast
 neighbor 11.2.0.1 activate

2023-12-27 22:48:26,731 T0000: [D3-V3]  router bgp 65003
 no bgp ebgp-requires-policy
2023-12-27 22:48:28,181 T0000: [D3-V3]  neighbor 11.3.0.2 remote-as 65004
address-family ipv4 unicast
 neighbor 11.3.0.2 activate

2023-12-27 22:48:29,637 T0000: [D1-V1]  router bgp 65001
 no bgp ebgp-requires-policy
2023-12-27 22:48:31,086 T0000: [D1-V1]  network 172.16.2.2/32
2023-12-27 22:48:31,804 T0000: [D1-V1]  access-list LOOPBACK permit 172.16.2.2/32

2023-12-27 22:48:32,528 T0000: [D1-V1]  route-map SET_COMMUNITY permit 10

2023-12-27 22:48:33,223 T0000: [D1-V1]  match ip address LOOPBACK
exit

2023-12-27 22:48:34,676 T0000: [D1-V1] route-map SET_COMMUNITY permit 10
 set metric 50
 set community 64984:0
exit

2023-12-27 22:48:36,132 T0000: [D1-V1]  router bgp 65001
 no bgp ebgp-requires-policy
2023-12-27 22:48:37,592 T0000: [D1-V1] address-family ipv4 unicast
 neighbor 11.4.0.2 route-map SET_COMMUNITY out
exit

2023-12-27 22:48:39,050 T0393: [D1-V1] show bgp ipv4 summary
2023-12-27 22:48:39,053 T0394: [D2-V2] show bgp ipv4 summary
2023-12-27 22:48:39,058 T0395: [D3-V3] show bgp ipv4 summary
2023-12-27 22:48:39,061 T0396: [D4-V4] show bgp ipv4 summary
2023-12-27 22:48:39,784 T0000: [D3-V3]  bgp community-list standard comm_test permit 64984:0
2023-12-27 22:48:40,483 T0000: [D1-V1] route-map SET_COMMUNITY permit 10
 set community 64984:0 local-as
exit

2023-12-27 22:49:11,967 T0000: [D3-V3] show bgp ipv4 unicast 172.16.2.2/32
2023-12-27 22:49:12,687 T0000: [D1-V1] route-map SET_COMMUNITY permit 10
 no set community local-as
exit

2023-12-27 22:49:44,167 T0000: [D3-V3] show bgp ipv4 unicast 172.16.2.2/32
2023-12-27 22:49:44,890 T0000: [D1-V1] route-map SET_COMMUNITY permit 10
 set community none
exit

2023-12-27 22:50:16,364 T0000: [D3-V3] show bgp ipv4 unicast 172.16.2.2/32
2023-12-27 22:50:17,086 T0000: [D1-V1] route-map SET_COMMUNITY permit 10
 set community 64984:0 local-as
exit

2023-12-27 22:50:18,538 T0000: [D3-V3] route-map SET_COMMUNITY permit 10
 set community none
exit

2023-12-27 22:50:19,993 T0000: [D3-V3]  router bgp 65003
 no bgp ebgp-requires-policy
2023-12-27 22:50:21,441 T0000: [D3-V3] address-family ipv4 unicast
 neighbor 11.4.0.1 route-map SET_COMMUNITY in
exit

2023-12-27 22:50:52,918 T0000: [D3-V3] show bgp ipv4 unicast 172.16.2.2/32
2023-12-27 22:50:53,638 T0000: [D2-V2]  ipv6 access-list LOOPBACK permit 67fe:1::/64

2023-12-27 22:50:54,336 T0000: [D2-V2] route-map SET_COMMUNITY_1 permit 10
 set metric 50
 set community 64984:0 local-as
exit

2023-12-27 22:50:55,791 T0000: [D3-V3] route-map SET_COMMUNITY_1 permit 10
 set metric 50
exit

2023-12-27 22:50:57,253 T0000: [D2-V2]  router bgp 65002
 no bgp ebgp-requires-policy
2023-12-27 22:50:58,705 T0000: [D2-V2] address-family ipv6 unicast
 neighbor 67fe:2::2 route-map SET_COMMUNITY_1 out
exit
address-family ipv6 unicast
 redistribute connected
exit

2023-12-27 22:51:00,166 T0000: [D3-V3]  route-map SET_COMMUNITY_1 permit 10

2023-12-27 22:51:00,863 T0000: [D3-V3]  match ipv6 address None
exit

2023-12-27 22:51:02,315 T0397: [D2-V2] show bgp ipv6 summary
2023-12-27 22:51:02,318 T0398: [D3-V3] show bgp ipv6 summary
2023-12-27 22:51:03,018 T0000: [D3-V3] show bgp ipv6 unicast 67fe:1::/64
2023-12-27 22:51:03,747 T0000: [D3-V3] route-map SET_COMMUNITY_1 permit 10
 set community none
exit

2023-12-27 22:51:35,227 T0000: [D3-V3] show bgp ipv6 unicast 67fe:1::/64
2023-12-27 22:51:35,958 T0000: [D2-V2] route-map SET_COMMUNITY permit 10
 set community 64984:0 local-as
exit

2023-12-27 22:51:37,411 T0000: [D3-V3] route-map SET_COMMUNITY permit 10
 set community none
exit

2023-12-27 22:51:38,873 T0000: [D3-V3]  router bgp 65003
 no bgp ebgp-requires-policy
2023-12-27 22:51:40,325 T0000: [D3-V3] address-family ipv6 unicast
 neighbor 67fe:2::1 route-map SET_COMMUNITY in
exit

2023-12-27 22:52:11,810 T0000: [D3-V3] show bgp ipv4 unicast 172.16.2.2/32
2023-12-27 22:52:12,558 T0403: [D1-V1] no router bgp
2023-12-27 22:52:12,562 T0404: [D2-V2] no router bgp
2023-12-27 22:52:12,567 T0405: [D3-V3] no router bgp
2023-12-27 22:52:12,570 T0406: [D4-V4] no router bgp
2023-12-27 22:52:13,248 T0407: [D1-V1] config interface ip remove Ethernet40 11.4.0.1/24
2023-12-27 22:52:13,255 T0408: [D3-V3] config interface ip remove Ethernet16 11.4.0.2/24
2023-12-27 22:52:15,723 T0000: [D1-V1] no route-map SET_COMMUNITY

2023-12-27 22:52:17,624 T0000: [D1-V1] no access-list LOOPBACK  

2023-12-27 22:52:18,321 T0000: [D3-V3] no bgp community-list standard comm_test permit 64984:0
2023-12-27 22:52:20,212 T0000: [D3-V3] no route-map SET_COMMUNITY_1 permit 10

2023-12-27 22:52:20,913 T0000: 
================== Function Hook Finalize: routing/BGP/test_bgp_4node.py hooks_test_ft_bgp_ebgp_community_map ==================
2023-12-27 22:52:20,968 T0000: 
================== Framework Function Hook Finalize: routing/BGP/test_bgp_4node.py::test_ft_bgp_ebgp_community_map ==================
2023-12-27 22:52:20,974 T0413: [D1-V1] config save /tmp/config-db-V1-pre-module-epilog-routing-BGP-test_bgp_4node.py.json -y
2023-12-27 22:52:20,982 T0414: [D2-V2] config save /tmp/config-db-V2-pre-module-epilog-routing-BGP-test_bgp_4node.py.json -y
2023-12-27 22:52:20,989 T0415: [D3-V3] config save /tmp/config-db-V3-pre-module-epilog-routing-BGP-test_bgp_4node.py.json -y
2023-12-27 22:52:20,996 T0416: [D4-V4] config save /tmp/config-db-V4-pre-module-epilog-routing-BGP-test_bgp_4node.py.json -y
2023-12-27 22:52:23,187 T0413: [D1-V1] chmod 777 /tmp/config-db-V1-pre-module-epilog-routing-BGP-test_bgp_4node.py.json
2023-12-27 22:52:23,204 T0414: [D2-V2] chmod 777 /tmp/config-db-V2-pre-module-epilog-routing-BGP-test_bgp_4node.py.json
2023-12-27 22:52:23,276 T0416: [D4-V4] chmod 777 /tmp/config-db-V4-pre-module-epilog-routing-BGP-test_bgp_4node.py.json
2023-12-27 22:52:23,428 T0415: [D3-V3] chmod 777 /tmp/config-db-V3-pre-module-epilog-routing-BGP-test_bgp_4node.py.json
2023-12-27 22:52:24,663 T0413: [D1-V1] /sbin/ip link set dev eth0 up
2023-12-27 22:52:24,678 T0414: [D2-V2] /sbin/ip link set dev eth0 up
2023-12-27 22:52:24,749 T0416: [D4-V4] /sbin/ip link set dev eth0 up
2023-12-27 22:52:24,903 T0415: [D3-V3] /sbin/ip link set dev eth0 up
2023-12-27 22:52:25,335 T0413: [D1-V1] /sbin/ip route list dev eth0
2023-12-27 22:52:25,346 T0414: [D2-V2] /sbin/ip route list dev eth0
2023-12-27 22:52:25,420 T0416: [D4-V4] /sbin/ip route list dev eth0
2023-12-27 22:52:25,575 T0415: [D3-V3] /sbin/ip route list dev eth0
2023-12-27 22:52:33,692 T0413: [D1-V1] sudo vtysh -c 'show running-config' > /tmp/vtysh-runcfg-V1-pre-module-epilog-routing-BGP-test_bgp_4node.py.txt
2023-12-27 22:52:33,742 T0414: [D2-V2] sudo vtysh -c 'show running-config' > /tmp/vtysh-runcfg-V2-pre-module-epilog-routing-BGP-test_bgp_4node.py.txt
2023-12-27 22:52:33,774 T0416: [D4-V4] sudo vtysh -c 'show running-config' > /tmp/vtysh-runcfg-V4-pre-module-epilog-routing-BGP-test_bgp_4node.py.txt
2023-12-27 22:52:33,980 T0415: [D3-V3] sudo vtysh -c 'show running-config' > /tmp/vtysh-runcfg-V3-pre-module-epilog-routing-BGP-test_bgp_4node.py.txt
2023-12-27 22:52:34,611 T0414: [D2-V2] chmod 777 /tmp/vtysh-runcfg-V2-pre-module-epilog-routing-BGP-test_bgp_4node.py.txt
2023-12-27 22:52:34,617 T0413: [D1-V1] chmod 777 /tmp/vtysh-runcfg-V1-pre-module-epilog-routing-BGP-test_bgp_4node.py.txt
2023-12-27 22:52:34,644 T0416: [D4-V4] chmod 777 /tmp/vtysh-runcfg-V4-pre-module-epilog-routing-BGP-test_bgp_4node.py.txt
2023-12-27 22:52:34,900 T0415: [D3-V3] chmod 777 /tmp/vtysh-runcfg-V3-pre-module-epilog-routing-BGP-test_bgp_4node.py.txt
2023-12-27 22:52:36,091 T0414: [D2-V2] /sbin/ip link set dev eth0 up
2023-12-27 22:52:36,096 T0413: [D1-V1] /sbin/ip link set dev eth0 up
2023-12-27 22:52:36,124 T0416: [D4-V4] /sbin/ip link set dev eth0 up
2023-12-27 22:52:36,383 T0415: [D3-V3] /sbin/ip link set dev eth0 up
2023-12-27 22:52:36,765 T0414: [D2-V2] /sbin/ip route list dev eth0
2023-12-27 22:52:36,773 T0413: [D1-V1] /sbin/ip route list dev eth0
2023-12-27 22:52:36,799 T0416: [D4-V4] /sbin/ip route list dev eth0
2023-12-27 22:52:37,059 T0415: [D3-V3] /sbin/ip route list dev eth0
2023-12-27 22:52:45,445 T0449: [D1-V1] config interface ip remove Ethernet16 11.1.0.1/24
2023-12-27 22:52:45,449 T0450: [D2-V2] config interface ip remove Ethernet16 11.1.0.2/24
2023-12-27 22:52:46,527 T0451: [D1-V1] config interface ip remove Ethernet16 67fe:1::1/64
2023-12-27 22:52:46,531 T0452: [D2-V2] config interface ip remove Ethernet16 67fe:1::2/64
2023-12-27 22:52:48,058 T0453: [D2-V2] config interface ip remove Ethernet40 11.2.0.1/24
2023-12-27 22:52:48,064 T0454: [D3-V3] config interface ip remove Ethernet32 11.2.0.2/24
2023-12-27 22:52:49,147 T0455: [D2-V2] config interface ip remove Ethernet40 67fe:2::1/64
2023-12-27 22:52:49,152 T0456: [D3-V3] config interface ip remove Ethernet32 67fe:2::2/64
2023-12-27 22:52:50,679 T0457: [D3-V3] config interface ip remove Ethernet48 11.3.0.1/24
2023-12-27 22:52:50,686 T0458: [D4-V4] config interface ip remove Ethernet48 11.3.0.2/24
2023-12-27 22:52:51,817 T0459: [D3-V3] config interface ip remove Ethernet48 67fe:3::1/64
2023-12-27 22:52:51,822 T0460: [D4-V4] config interface ip remove Ethernet48 67fe:3::2/64
2023-12-27 22:52:53,397 T0000: 
================== Module Hook Finalize: routing/BGP/test_bgp_4node.py bgp_module_hooks ==================
2023-12-27 22:52:53,405 T0461: [D1-V1] config save /tmp/config-db-V1-post-module-epilog-routing-BGP-test_bgp_4node.py.json -y
2023-12-27 22:52:53,415 T0462: [D2-V2] config save /tmp/config-db-V2-post-module-epilog-routing-BGP-test_bgp_4node.py.json -y
2023-12-27 22:52:53,421 T0463: [D3-V3] config save /tmp/config-db-V3-post-module-epilog-routing-BGP-test_bgp_4node.py.json -y
2023-12-27 22:52:53,425 T0464: [D4-V4] config save /tmp/config-db-V4-post-module-epilog-routing-BGP-test_bgp_4node.py.json -y
2023-12-27 22:52:54,654 T0462: [D2-V2] chmod 777 /tmp/config-db-V2-post-module-epilog-routing-BGP-test_bgp_4node.py.json
2023-12-27 22:52:54,738 T0461: [D1-V1] chmod 777 /tmp/config-db-V1-post-module-epilog-routing-BGP-test_bgp_4node.py.json
2023-12-27 22:52:54,755 T0463: [D3-V3] chmod 777 /tmp/config-db-V3-post-module-epilog-routing-BGP-test_bgp_4node.py.json
2023-12-27 22:52:54,766 T0464: [D4-V4] chmod 777 /tmp/config-db-V4-post-module-epilog-routing-BGP-test_bgp_4node.py.json
2023-12-27 22:52:56,134 T0462: [D2-V2] /sbin/ip link set dev eth0 up
2023-12-27 22:52:56,213 T0461: [D1-V1] /sbin/ip link set dev eth0 up
2023-12-27 22:52:56,236 T0463: [D3-V3] /sbin/ip link set dev eth0 up
2023-12-27 22:52:56,241 T0464: [D4-V4] /sbin/ip link set dev eth0 up
2023-12-27 22:52:56,804 T0462: [D2-V2] /sbin/ip route list dev eth0
2023-12-27 22:52:56,882 T0461: [D1-V1] /sbin/ip route list dev eth0
2023-12-27 22:52:56,911 T0463: [D3-V3] /sbin/ip route list dev eth0
2023-12-27 22:52:56,921 T0464: [D4-V4] /sbin/ip route list dev eth0
2023-12-27 22:53:05,176 T0462: [D2-V2] sudo vtysh -c 'show running-config' > /tmp/vtysh-runcfg-V2-post-module-epilog-routing-BGP-test_bgp_4node.py.txt
2023-12-27 22:53:05,220 T0461: [D1-V1] sudo vtysh -c 'show running-config' > /tmp/vtysh-runcfg-V1-post-module-epilog-routing-BGP-test_bgp_4node.py.txt
2023-12-27 22:53:05,337 T0463: [D3-V3] sudo vtysh -c 'show running-config' > /tmp/vtysh-runcfg-V3-post-module-epilog-routing-BGP-test_bgp_4node.py.txt
2023-12-27 22:53:05,343 T0464: [D4-V4] sudo vtysh -c 'show running-config' > /tmp/vtysh-runcfg-V4-post-module-epilog-routing-BGP-test_bgp_4node.py.txt
2023-12-27 22:53:06,046 T0462: [D2-V2] chmod 777 /tmp/vtysh-runcfg-V2-post-module-epilog-routing-BGP-test_bgp_4node.py.txt
2023-12-27 22:53:06,139 T0461: [D1-V1] chmod 777 /tmp/vtysh-runcfg-V1-post-module-epilog-routing-BGP-test_bgp_4node.py.txt
2023-12-27 22:53:06,213 T0463: [D3-V3] chmod 777 /tmp/vtysh-runcfg-V3-post-module-epilog-routing-BGP-test_bgp_4node.py.txt
2023-12-27 22:53:06,221 T0464: [D4-V4] chmod 777 /tmp/vtysh-runcfg-V4-post-module-epilog-routing-BGP-test_bgp_4node.py.txt
2023-12-27 22:53:07,524 T0462: [D2-V2] /sbin/ip link set dev eth0 up
2023-12-27 22:53:07,615 T0461: [D1-V1] /sbin/ip link set dev eth0 up
2023-12-27 22:53:07,712 T0464: [D4-V4] /sbin/ip link set dev eth0 up
2023-12-27 22:53:07,712 T0463: [D3-V3] /sbin/ip link set dev eth0 up
2023-12-27 22:53:08,194 T0462: [D2-V2] /sbin/ip route list dev eth0
2023-12-27 22:53:08,284 T0461: [D1-V1] /sbin/ip route list dev eth0
2023-12-27 22:53:08,394 T0464: [D4-V4] /sbin/ip route list dev eth0
2023-12-27 22:53:08,402 T0463: [D3-V3] /sbin/ip route list dev eth0
2023-12-27 22:53:16,859 T0497: [D1-V1] sudo show interfaces status Ethernet124
2023-12-27 22:53:16,867 T0498: [D2-V2] sudo show interfaces status Ethernet124
2023-12-27 22:53:16,876 T0500: [D4-V4] sudo show interfaces status Ethernet124
2023-12-27 22:53:16,880 T0499: [D3-V3] sudo show interfaces status Ethernet124
2023-12-27 22:53:19,311 T0000: 
================== Framework Module Hook Finalize: routing/BGP/test_bgp_4node.py Pass: 5/5 ==================
2023-12-27 22:53:19,312 T0000: 
================== Devices used: routing/BGP/test_bgp_4node.py 4 ['V1', 'V2', 'V3', 'V4'] ==================
2023-12-27 22:53:21,097 T0000: 
================== Framework Module Hook: batch/test_spytest_infra_1.py ==================
2023-12-27 22:53:21,121 T0513: [D1-V1] no router bgp
2023-12-27 22:53:21,131 T0514: [D2-V2] no router bgp
2023-12-27 22:53:21,135 T0515: [D3-V3] no router bgp
2023-12-27 22:53:21,141 T0516: [D4-V4] no router bgp
2023-12-27 22:53:22,956 T0513: [D1-V1] config feature state sflow enabled
2023-12-27 22:53:22,965 T0514: [D2-V2] config feature state sflow enabled
2023-12-27 22:53:22,975 T0515: [D3-V3] config feature state sflow enabled
2023-12-27 22:53:22,984 T0516: [D4-V4] config feature state sflow enabled
2023-12-27 22:53:24,905 T0513: [D1-V1] config feature state nat enabled
2023-12-27 22:53:24,912 T0514: [D2-V2] config feature state nat enabled
2023-12-27 22:53:24,921 T0515: [D3-V3] config feature state nat enabled
2023-12-27 22:53:24,981 T0516: [D4-V4] config feature state nat enabled
2023-12-27 22:54:00,582 T0516: [D4-V4] /sbin/ip link set dev eth0 up
2023-12-27 22:54:01,268 T0516: [D4-V4] /sbin/ip route list dev eth0
2023-12-27 22:54:01,497 T0513: [D1-V1] /sbin/ip link set dev eth0 up
2023-12-27 22:54:01,523 T0515: [D3-V3] /sbin/ip link set dev eth0 up
2023-12-27 22:54:01,947 T0516: [D4-V4] /sbin/ifconfig eth0
2023-12-27 22:54:02,170 T0513: [D1-V1] /sbin/ip route list dev eth0
2023-12-27 22:54:02,196 T0515: [D3-V3] /sbin/ip route list dev eth0
2023-12-27 22:54:02,716 T0514: [D2-V2] /sbin/ip link set dev eth0 up
2023-12-27 22:54:02,847 T0513: [D1-V1] /sbin/ifconfig eth0
2023-12-27 22:54:02,874 T0515: [D3-V3] /sbin/ifconfig eth0
2023-12-27 22:54:03,387 T0514: [D2-V2] /sbin/ip route list dev eth0
2023-12-27 22:54:03,438 T0516: [D4-V4] /sbin/ip link set dev eth0 up
2023-12-27 22:54:04,069 T0514: [D2-V2] sudo show interfaces status Ethernet124
2023-12-27 22:54:04,115 T0516: [D4-V4] /sbin/ip route list dev eth0
2023-12-27 22:54:04,334 T0513: [D1-V1] /sbin/ip link set dev eth0 up
2023-12-27 22:54:04,370 T0515: [D3-V3] /sbin/ip link set dev eth0 up
2023-12-27 22:54:04,796 T0516: [D4-V4] sudo show interfaces status Ethernet124
2023-12-27 22:54:05,005 T0513: [D1-V1] /sbin/ip route list dev eth0
2023-12-27 22:54:05,046 T0515: [D3-V3] /sbin/ip route list dev eth0
2023-12-27 22:54:05,686 T0513: [D1-V1] sudo show interfaces status Ethernet124
2023-12-27 22:54:05,724 T0515: [D3-V3] sudo show interfaces status Ethernet124
2023-12-27 22:54:08,078 T0518: [D1-V1] sudo show interfaces status
2023-12-27 22:54:08,084 T0520: [D3-V3] sudo show interfaces status
2023-12-27 22:54:08,084 T0519: [D2-V2] sudo show interfaces status
2023-12-27 22:54:08,085 T0521: [D4-V4] sudo show interfaces status
2023-12-27 22:54:14,959 T0523: [D1-V1] sudo show interfaces status
2023-12-27 22:54:14,961 T0524: [D2-V2] sudo show interfaces status
2023-12-27 22:54:14,965 T0525: [D3-V3] sudo show interfaces status
2023-12-27 22:54:14,968 T0526: [D4-V4] sudo show interfaces status
2023-12-27 22:54:21,820 T0528: [D1-V1] sudo show interfaces status
2023-12-27 22:54:21,822 T0529: [D2-V2] sudo show interfaces status
2023-12-27 22:54:21,826 T0530: [D3-V3] sudo show interfaces status
2023-12-27 22:54:21,830 T0531: [D4-V4] sudo show interfaces status
2023-12-27 22:54:23,657 T0000: 
================== Framework Module Hook Finish: batch/test_spytest_infra_1.py ==================
2023-12-27 22:54:23,657 T0000: 
================== Framework Function Hook: batch/test_spytest_infra_1.py::test_spytest_infra_last ==================
2023-12-27 22:54:26,801 T0537: [D1-V1] sudo show interfaces status
2023-12-27 22:54:26,804 T0538: [D2-V2] sudo show interfaces status
2023-12-27 22:54:26,807 T0539: [D3-V3] sudo show interfaces status
2023-12-27 22:54:26,811 T0540: [D4-V4] sudo show interfaces status
2023-12-27 22:54:28,685 T0541: [D1-V1] sudo show interfaces status Ethernet124
2023-12-27 22:54:28,693 T0542: [D2-V2] sudo show interfaces status Ethernet124
2023-12-27 22:54:28,699 T0544: [D4-V4] sudo show interfaces status Ethernet124
2023-12-27 22:54:28,706 T0543: [D3-V3] sudo show interfaces status Ethernet124
2023-12-27 22:54:32,735 T0000: 
================== Framework Function Hook Finish: batch/test_spytest_infra_1.py::test_spytest_infra_last ==================
2023-12-27 22:54:32,738 T0000: 
================== Test Execution: batch/test_spytest_infra_1.py::test_spytest_infra_last ==================
2023-12-27 22:54:32,774 T0000: 
================== Framework Function Hook Finalize: batch/test_spytest_infra_1.py::test_spytest_infra_last ==================
2023-12-27 22:54:32,783 T0545: [D1-V1] sudo show interfaces status Ethernet124
2023-12-27 22:54:32,791 T0546: [D2-V2] sudo show interfaces status Ethernet124
2023-12-27 22:54:32,796 T0548: [D4-V4] sudo show interfaces status Ethernet124
2023-12-27 22:54:32,802 T0547: [D3-V3] sudo show interfaces status Ethernet124
2023-12-27 22:54:35,288 T0000: 
================== Framework Module Hook Finalize: batch/test_spytest_infra_1.py Pass: 1/1 ==================
2023-12-27 22:54:35,289 T0000: 
================== Devices used: batch/test_spytest_infra_1.py 4 ['V1', 'V2', 'V4', 'V3'] ==================
2023-12-27 22:54:35,417 T0557: [D1-V1] ['stty cols 80']
2023-12-27 22:54:35,420 T0558: [D2-V2] ['stty cols 80']
2023-12-27 22:54:35,423 T0559: [D3-V3] ['stty cols 80']
2023-12-27 22:54:35,427 T0560: [D4-V4] ['stty cols 80']
