2024-01-02 01:00:54,317 T0025: WARN  #### gw3  
2024-01-02 01:00:54,317 T0025: WARN  support post-session-prolog session pass ''
2024-01-02 01:00:54,320 T0026: WARN  #### gw3  
2024-01-02 01:00:54,320 T0026: WARN  support post-session-prolog session pass ''
2024-01-02 01:01:42,671 T0079: INFO  #### gw3  
2024-01-02 01:01:42,671 T0079: INFO  support pre-module-prolog switching/test_portchannel.py  ''
2024-01-02 01:01:42,673 T0080: INFO  #### gw3  
2024-01-02 01:01:42,674 T0080: INFO  support pre-module-prolog switching/test_portchannel.py  ''
2024-01-02 01:02:25,679 T0104: INFO  #### gw3  switching/test_portchannel.py
2024-01-02 01:02:25,679 T0104: INFO  support post-module-prolog switching/test_portchannel.py Pass ''
2024-01-02 01:02:25,683 T0105: INFO  #### gw3  switching/test_portchannel.py
2024-01-02 01:02:25,683 T0105: INFO  support post-module-prolog switching/test_portchannel.py Pass ''
2024-01-02 01:02:56,986 T0129: INFO  #### gw3  switching/test_portchannel.py
2024-01-02 01:02:56,987 T0129: INFO  support pre-function-prolog test_ft_portchannel_with_vlan_variations  ''
2024-01-02 01:02:56,990 T0130: INFO  #### gw3  switching/test_portchannel.py
2024-01-02 01:02:56,991 T0130: INFO  support pre-function-prolog test_ft_portchannel_with_vlan_variations  ''
2024-01-02 01:03:01,118 T0133: INFO  #### gw3  switching/test_portchannel.py::test_ft_portchannel_with_vlan_variations
2024-01-02 01:03:01,119 T0133: INFO  support post-function-prolog test_ft_portchannel_with_vlan_variations Pass ''
2024-01-02 01:03:01,121 T0134: INFO  #### gw3  switching/test_portchannel.py::test_ft_portchannel_with_vlan_variations
2024-01-02 01:03:01,121 T0134: INFO  support post-function-prolog test_ft_portchannel_with_vlan_variations Pass ''
2024-01-02 01:04:41,680 T0149: WARN  #### gw3  switching/test_portchannel.py::test_ft_portchannel_with_vlan_variations
2024-01-02 01:04:41,681 T0149: WARN  support pre-function-epilog test_ft_portchannel_with_vlan_variations Fail 'Portchannel PortChannel7 on V3 with member ['Ethernet48', 'Ethernet52'] verification failed'
2024-01-02 01:04:41,685 T0150: WARN  #### gw3  switching/test_portchannel.py::test_ft_portchannel_with_vlan_variations
2024-01-02 01:04:41,685 T0150: WARN  support pre-function-epilog test_ft_portchannel_with_vlan_variations Fail 'Portchannel PortChannel7 on V3 with member ['Ethernet48', 'Ethernet52'] verification failed'
2024-01-02 01:04:43,852 T0153: WARN  #### gw3  switching/test_portchannel.py::test_ft_portchannel_with_vlan_variations
2024-01-02 01:04:43,853 T0153: WARN  support post-function-epilog test_ft_portchannel_with_vlan_variations ignore 'Portchannel PortChannel7 on V3 with member ['Ethernet48', 'Ethernet52'] verification failed'
2024-01-02 01:04:43,857 T0154: WARN  #### gw3  switching/test_portchannel.py::test_ft_portchannel_with_vlan_variations
2024-01-02 01:04:43,857 T0154: WARN  support post-function-epilog test_ft_portchannel_with_vlan_variations ignore 'Portchannel PortChannel7 on V3 with member ['Ethernet48', 'Ethernet52'] verification failed'
2024-01-02 01:04:48,822 T0160: INFO  #### gw3  switching/test_portchannel.py
2024-01-02 01:04:48,823 T0160: INFO  support pre-function-prolog test_ft_verify_min_links_functionality_by_flapping_all_member_ports_007  ''
2024-01-02 01:04:48,826 T0161: INFO  #### gw3  switching/test_portchannel.py
2024-01-02 01:04:48,826 T0161: INFO  support pre-function-prolog test_ft_verify_min_links_functionality_by_flapping_all_member_ports_007  ''
2024-01-02 01:05:22,792 T0164: WARN  #### gw3  switching/test_portchannel.py::test_ft_verify_min_links_functionality_by_flapping_all_member_ports_007
2024-01-02 01:05:22,793 T0164: WARN  support post-function-prolog test_ft_verify_min_links_functionality_by_flapping_all_member_ports_007 Fail 'Invalid error code PortChannel Verification Failed : unknown message identifier 'PortChannel Verification Failed''
2024-01-02 01:05:22,796 T0165: WARN  #### gw3  switching/test_portchannel.py::test_ft_verify_min_links_functionality_by_flapping_all_member_ports_007
2024-01-02 01:05:22,797 T0165: WARN  support post-function-prolog test_ft_verify_min_links_functionality_by_flapping_all_member_ports_007 Fail 'Invalid error code PortChannel Verification Failed : unknown message identifier 'PortChannel Verification Failed''
2024-01-02 01:05:23,303 T0166: WARN  #### gw3  switching/test_portchannel.py::test_ft_verify_min_links_functionality_by_flapping_all_member_ports_007
2024-01-02 01:05:23,304 T0166: WARN  support post-function-epilog test_ft_verify_min_links_functionality_by_flapping_all_member_ports_007 ConfigFail 'pre-test configuration failed Invalid error code PortChannel Verification Failed : unknown message identifier 'PortChannel Verification Failed' @5430'
2024-01-02 01:05:23,306 T0167: WARN  #### gw3  switching/test_portchannel.py::test_ft_verify_min_links_functionality_by_flapping_all_member_ports_007
2024-01-02 01:05:23,306 T0167: WARN  support post-function-epilog test_ft_verify_min_links_functionality_by_flapping_all_member_ports_007 ConfigFail 'pre-test configuration failed Invalid error code PortChannel Verification Failed : unknown message identifier 'PortChannel Verification Failed' @5430'
2024-01-02 01:05:23,348 T0168: WARN  #### gw3  switching/test_portchannel.py::test_ft_verify_min_links_functionality_by_flapping_all_member_ports_007
2024-01-02 01:05:23,348 T0168: WARN  support pre-module-epilog switching/test_portchannel.py fail ''
2024-01-02 01:05:23,350 T0169: WARN  #### gw3  switching/test_portchannel.py::test_ft_verify_min_links_functionality_by_flapping_all_member_ports_007
2024-01-02 01:05:23,350 T0169: WARN  support pre-module-epilog switching/test_portchannel.py fail ''
2024-01-02 01:05:56,955 T0188: ERROR #### gw3 ERROR switching/test_portchannel.py::test_ft_verify_min_links_functionality_by_flapping_all_member_ports_007
2024-01-02 01:05:56,955 T0188: ERROR detected pattern: containing_error executing 'sudo -s config portchannel del PortChannel7'
2024-01-02 01:05:57,148 T0189: ERROR #### gw3 ERROR switching/test_portchannel.py::test_ft_verify_min_links_functionality_by_flapping_all_member_ports_007
2024-01-02 01:05:57,148 T0189: ERROR detected pattern: containing_error executing 'sudo -s config portchannel del PortChannel7'
2024-01-02 01:05:57,154 T0190: WARN  #### gw3  switching/test_portchannel.py::test_ft_verify_min_links_functionality_by_flapping_all_member_ports_007
2024-01-02 01:05:57,154 T0190: WARN  support post-module-epilog switching/test_portchannel.py fail ''
2024-01-02 01:05:57,158 T0191: WARN  #### gw3  switching/test_portchannel.py::test_ft_verify_min_links_functionality_by_flapping_all_member_ports_007
2024-01-02 01:05:57,158 T0191: WARN  support post-module-epilog switching/test_portchannel.py fail ''
2024-01-02 01:08:06,174 T0247: INFO  #### gw3  
2024-01-02 01:08:06,175 T0247: INFO  support pre-module-prolog system/test_lldp.py  ''
2024-01-02 01:08:06,177 T0248: INFO  #### gw3  
2024-01-02 01:08:06,177 T0248: INFO  support pre-module-prolog system/test_lldp.py  ''
2024-01-02 01:09:52,691 T0265: WARN  #### gw3  system/test_lldp.py
2024-01-02 01:09:52,691 T0265: WARN  support post-module-epilog system/test_lldp.py fail ''
2024-01-02 01:09:52,693 T0266: WARN  #### gw3  system/test_lldp.py
2024-01-02 01:09:52,694 T0266: WARN  support post-module-epilog system/test_lldp.py fail ''
2024-01-02 01:11:59,478 T0322: INFO  #### gw3  
2024-01-02 01:11:59,478 T0322: INFO  support pre-module-prolog system/test_interface.py  ''
2024-01-02 01:11:59,481 T0323: INFO  #### gw3  
2024-01-02 01:11:59,481 T0323: INFO  support pre-module-prolog system/test_interface.py  ''
2024-01-02 01:12:41,997 T0340: INFO  #### gw3  system/test_interface.py
2024-01-02 01:12:41,997 T0340: INFO  support post-module-prolog system/test_interface.py Pass ''
2024-01-02 01:12:41,999 T0341: INFO  #### gw3  system/test_interface.py
2024-01-02 01:12:41,999 T0341: INFO  support post-module-prolog system/test_interface.py Pass ''
2024-01-02 01:13:13,157 T0365: INFO  #### gw3  system/test_interface.py
2024-01-02 01:13:13,157 T0365: INFO  support pre-function-prolog test_ft_port_fn_verify_shut_noshut  ''
2024-01-02 01:13:13,161 T0366: INFO  #### gw3  system/test_interface.py
2024-01-02 01:13:13,161 T0366: INFO  support pre-function-prolog test_ft_port_fn_verify_shut_noshut  ''
2024-01-02 01:13:13,173 T0367: INFO  #### gw3  system/test_interface.py::test_ft_port_fn_verify_shut_noshut
2024-01-02 01:13:13,173 T0367: INFO  support post-function-prolog test_ft_port_fn_verify_shut_noshut Pass ''
2024-01-02 01:13:13,175 T0368: INFO  #### gw3  system/test_interface.py::test_ft_port_fn_verify_shut_noshut
2024-01-02 01:13:13,175 T0368: INFO  support post-function-prolog test_ft_port_fn_verify_shut_noshut Pass ''
2024-01-02 01:14:24,886 T0369: WARN  #### gw3  system/test_interface.py::test_ft_port_fn_verify_shut_noshut
2024-01-02 01:14:24,887 T0369: WARN  support pre-function-epilog test_ft_port_fn_verify_shut_noshut Fail 'interface is down on DUT ['Ethernet48']'
2024-01-02 01:14:24,890 T0370: WARN  #### gw3  system/test_interface.py::test_ft_port_fn_verify_shut_noshut
2024-01-02 01:14:24,891 T0370: WARN  support pre-function-epilog test_ft_port_fn_verify_shut_noshut Fail 'interface is down on DUT ['Ethernet48']'
2024-01-02 01:14:25,286 T0371: WARN  #### gw3  system/test_interface.py::test_ft_port_fn_verify_shut_noshut
2024-01-02 01:14:25,286 T0371: WARN  support post-function-epilog test_ft_port_fn_verify_shut_noshut ignore 'interface is down on DUT ['Ethernet48']'
2024-01-02 01:14:25,288 T0372: WARN  #### gw3  system/test_interface.py::test_ft_port_fn_verify_shut_noshut
2024-01-02 01:14:25,288 T0372: WARN  support post-function-epilog test_ft_port_fn_verify_shut_noshut ignore 'interface is down on DUT ['Ethernet48']'
2024-01-02 01:14:25,324 T0373: WARN  #### gw3  system/test_interface.py::test_ft_port_fn_verify_shut_noshut
2024-01-02 01:14:25,324 T0373: WARN  support pre-module-epilog system/test_interface.py fail ''
2024-01-02 01:14:25,325 T0374: WARN  #### gw3  system/test_interface.py::test_ft_port_fn_verify_shut_noshut
2024-01-02 01:14:25,325 T0374: WARN  support pre-module-epilog system/test_interface.py fail ''
2024-01-02 01:14:53,687 T0393: WARN  #### gw3  system/test_interface.py::test_ft_port_fn_verify_shut_noshut
2024-01-02 01:14:53,688 T0393: WARN  support post-module-epilog system/test_interface.py fail ''
2024-01-02 01:14:53,691 T0394: WARN  #### gw3  system/test_interface.py::test_ft_port_fn_verify_shut_noshut
2024-01-02 01:14:53,692 T0394: WARN  support post-module-epilog system/test_interface.py fail ''
2024-01-02 01:17:05,636 T0439: WARN  #### gw3  batch/test_spytest_infra_1.py::test_spytest_infra_last
2024-01-02 01:17:05,636 T0439: WARN  support session-epilog session pass ''
2024-01-02 01:17:05,638 T0440: WARN  #### gw3  batch/test_spytest_infra_1.py::test_spytest_infra_last
2024-01-02 01:17:05,639 T0440: WARN  support session-epilog session pass ''
