2024-01-07 01:39:16,514 T0000: WARN  #### gw4
2024-01-07 01:39:16,514 T0000: WARN  support post-session-prolog session pass ''
2024-01-07 01:40:05,334 T0000: INFO  #### gw4
2024-01-07 01:40:05,334 T0000: INFO  support pre-module-prolog system/test_snmp.py  ''
2024-01-07 01:41:48,792 T0000: INFO  #### gw4  system/test_snmp.py
2024-01-07 01:41:48,793 T0000: INFO  support post-module-prolog system/test_snmp.py Pass ''
2024-01-07 01:42:22,348 T0000: INFO  #### gw4  system/test_snmp.py
2024-01-07 01:42:22,348 T0000: INFO  support pre-function-prolog test_ft_snmp_sysName  ''
2024-01-07 01:42:22,366 T0000: INFO  #### gw4  system/test_snmp.py::test_ft_snmp_sysName
2024-01-07 01:42:22,366 T0000: INFO  support post-function-prolog test_ft_snmp_sysName Pass ''
2024-01-07 01:42:23,090 T0000: WARN  #### gw4  system/test_snmp.py::test_ft_snmp_sysName
2024-01-07 01:42:23,091 T0000: WARN  support pre-function-epilog test_ft_snmp_sysName Fail 'sysname output is not in sync between system and snmp'
2024-01-07 01:42:23,560 T0000: WARN  #### gw4  system/test_snmp.py::test_ft_snmp_sysName
2024-01-07 01:42:23,560 T0000: WARN  support post-function-epilog test_ft_snmp_sysName ignore 'sysname output is not in sync between system and snmp'
2024-01-07 01:42:28,407 T0000: INFO  #### gw4  system/test_snmp.py
2024-01-07 01:42:28,407 T0000: INFO  support pre-function-prolog test_ft_snmp_test_syUpTime  ''
2024-01-07 01:42:28,420 T0000: INFO  #### gw4  system/test_snmp.py::test_ft_snmp_test_syUpTime
2024-01-07 01:42:28,420 T0000: INFO  support post-function-prolog test_ft_snmp_test_syUpTime Pass ''
2024-01-07 01:42:29,788 T0000: INFO  #### gw4  system/test_snmp.py::test_ft_snmp_test_syUpTime
2024-01-07 01:42:29,788 T0000: INFO  support pre-function-epilog test_ft_snmp_test_syUpTime Pass 'Test case passed'
2024-01-07 01:42:29,793 T0000: INFO  #### gw4  system/test_snmp.py::test_ft_snmp_test_syUpTime
2024-01-07 01:42:29,793 T0000: INFO  support post-function-epilog test_ft_snmp_test_syUpTime Pass 'Test case passed'
2024-01-07 01:42:34,645 T0000: INFO  #### gw4  system/test_snmp.py
2024-01-07 01:42:34,645 T0000: INFO  support pre-function-prolog test_ft_snmp_sysDescr  ''
2024-01-07 01:42:34,655 T0000: INFO  #### gw4  system/test_snmp.py::test_ft_snmp_sysDescr
2024-01-07 01:42:34,655 T0000: INFO  support post-function-prolog test_ft_snmp_sysDescr Pass ''
2024-01-07 01:42:37,495 T0000: INFO  #### gw4  system/test_snmp.py::test_ft_snmp_sysDescr
2024-01-07 01:42:37,495 T0000: INFO  support pre-function-epilog test_ft_snmp_sysDescr Pass 'Test case passed'
2024-01-07 01:42:37,505 T0000: INFO  #### gw4  system/test_snmp.py::test_ft_snmp_sysDescr
2024-01-07 01:42:37,505 T0000: INFO  support post-function-epilog test_ft_snmp_sysDescr Pass 'Test case passed'
2024-01-07 01:42:42,515 T0000: INFO  #### gw4  system/test_snmp.py
2024-01-07 01:42:42,515 T0000: INFO  support pre-function-prolog test_ft_snmp_mib_2  ''
2024-01-07 01:42:42,530 T0000: INFO  #### gw4  system/test_snmp.py::test_ft_snmp_mib_2
2024-01-07 01:42:42,530 T0000: INFO  support post-function-prolog test_ft_snmp_mib_2 Pass ''
2024-01-07 01:42:44,847 T0000: INFO  #### gw4  system/test_snmp.py::test_ft_snmp_mib_2
2024-01-07 01:42:44,847 T0000: INFO  support pre-function-epilog test_ft_snmp_mib_2 Pass 'Test case passed'
2024-01-07 01:42:44,854 T0000: INFO  #### gw4  system/test_snmp.py::test_ft_snmp_mib_2
2024-01-07 01:42:44,854 T0000: INFO  support post-function-epilog test_ft_snmp_mib_2 Pass 'Test case passed'
2024-01-07 01:42:50,011 T0000: INFO  #### gw4  system/test_snmp.py
2024-01-07 01:42:50,011 T0000: INFO  support pre-function-prolog test_ft_snmp_if_mib_all  ''
2024-01-07 01:42:50,025 T0000: INFO  #### gw4  system/test_snmp.py::test_ft_snmp_if_mib_all
2024-01-07 01:42:50,025 T0000: INFO  support post-function-prolog test_ft_snmp_if_mib_all Pass ''
2024-01-07 01:42:50,188 T0000: INFO  #### gw4  system/test_snmp.py::test_ft_snmp_if_mib_all
2024-01-07 01:42:50,188 T0000: INFO  support pre-function-epilog test_ft_snmp_if_mib_all Pass 'Test case passed'
2024-01-07 01:42:50,193 T0000: INFO  #### gw4  system/test_snmp.py::test_ft_snmp_if_mib_all
2024-01-07 01:42:50,193 T0000: INFO  support post-function-epilog test_ft_snmp_if_mib_all Pass 'Test case passed'
2024-01-07 01:42:55,200 T0000: INFO  #### gw4  system/test_snmp.py
2024-01-07 01:42:55,201 T0000: INFO  support pre-function-prolog test_ft_snmp_entity_mib_all  ''
2024-01-07 01:42:55,214 T0000: INFO  #### gw4  system/test_snmp.py::test_ft_snmp_entity_mib_all
2024-01-07 01:42:55,214 T0000: INFO  support post-function-prolog test_ft_snmp_entity_mib_all Pass ''
2024-01-07 01:42:55,267 T0000: INFO  #### gw4  system/test_snmp.py::test_ft_snmp_entity_mib_all
2024-01-07 01:42:55,267 T0000: INFO  support pre-function-epilog test_ft_snmp_entity_mib_all Pass 'Test case passed'
2024-01-07 01:42:55,272 T0000: INFO  #### gw4  system/test_snmp.py::test_ft_snmp_entity_mib_all
2024-01-07 01:42:55,272 T0000: INFO  support post-function-epilog test_ft_snmp_entity_mib_all Pass 'Test case passed'
2024-01-07 01:43:00,307 T0000: INFO  #### gw4  system/test_snmp.py
2024-01-07 01:43:00,307 T0000: INFO  support pre-function-prolog test_ft_snmp_dot1q_dot1db_mib  ''
2024-01-07 01:43:00,318 T0000: INFO  #### gw4  system/test_snmp.py::test_ft_snmp_dot1q_dot1db_mib
2024-01-07 01:43:00,318 T0000: INFO  support post-function-prolog test_ft_snmp_dot1q_dot1db_mib Pass ''
2024-01-07 01:43:00,423 T0000: INFO  #### gw4  system/test_snmp.py::test_ft_snmp_dot1q_dot1db_mib
2024-01-07 01:43:00,424 T0000: INFO  support pre-function-epilog test_ft_snmp_dot1q_dot1db_mib Pass 'Test case passed'
2024-01-07 01:43:00,432 T0000: INFO  #### gw4  system/test_snmp.py::test_ft_snmp_dot1q_dot1db_mib
2024-01-07 01:43:00,432 T0000: INFO  support post-function-epilog test_ft_snmp_dot1q_dot1db_mib Pass 'Test case passed'
2024-01-07 01:43:05,324 T0000: INFO  #### gw4  system/test_snmp.py
2024-01-07 01:43:05,325 T0000: INFO  support pre-function-prolog test_ft_snmp_root_node_walk  ''
2024-01-07 01:43:05,335 T0000: INFO  #### gw4  system/test_snmp.py::test_ft_snmp_root_node_walk
2024-01-07 01:43:05,335 T0000: INFO  support post-function-prolog test_ft_snmp_root_node_walk Pass ''
2024-01-07 01:43:09,052 T0000: INFO  #### gw4  system/test_snmp.py::test_ft_snmp_root_node_walk
2024-01-07 01:43:09,053 T0000: INFO  support pre-function-epilog test_ft_snmp_root_node_walk Pass 'Test case passed'
2024-01-07 01:43:09,058 T0000: INFO  #### gw4  system/test_snmp.py::test_ft_snmp_root_node_walk
2024-01-07 01:43:09,058 T0000: INFO  support post-function-epilog test_ft_snmp_root_node_walk Pass 'Test case passed'
2024-01-07 01:43:13,953 T0000: INFO  #### gw4  system/test_snmp.py
2024-01-07 01:43:13,953 T0000: INFO  support pre-function-prolog test_ft_snmp_ipAddressRowStatus_ipv6  ''
2024-01-07 01:43:13,965 T0000: INFO  #### gw4  system/test_snmp.py::test_ft_snmp_ipAddressRowStatus_ipv6
2024-01-07 01:43:13,965 T0000: INFO  support post-function-prolog test_ft_snmp_ipAddressRowStatus_ipv6 Pass ''
2024-01-07 01:43:20,754 T0000: INFO  #### gw4  system/test_snmp.py::test_ft_snmp_ipAddressRowStatus_ipv6
2024-01-07 01:43:20,754 T0000: INFO  support pre-function-epilog test_ft_snmp_ipAddressRowStatus_ipv6 Pass 'Test case passed'
2024-01-07 01:43:20,759 T0000: INFO  #### gw4  system/test_snmp.py::test_ft_snmp_ipAddressRowStatus_ipv6
2024-01-07 01:43:20,759 T0000: INFO  support post-function-epilog test_ft_snmp_ipAddressRowStatus_ipv6 Pass 'Test case passed'
2024-01-07 01:43:25,956 T0000: INFO  #### gw4  system/test_snmp.py
2024-01-07 01:43:25,957 T0000: INFO  support pre-function-prolog test_ft_snmp_ipAddressStorageType_ipv6  ''
2024-01-07 01:43:25,969 T0000: INFO  #### gw4  system/test_snmp.py::test_ft_snmp_ipAddressStorageType_ipv6
2024-01-07 01:43:25,969 T0000: INFO  support post-function-prolog test_ft_snmp_ipAddressStorageType_ipv6 Pass ''
2024-01-07 01:43:25,997 T0000: INFO  #### gw4  system/test_snmp.py::test_ft_snmp_ipAddressStorageType_ipv6
2024-01-07 01:43:25,997 T0000: INFO  support pre-function-epilog test_ft_snmp_ipAddressStorageType_ipv6 Pass 'Test case passed'
2024-01-07 01:43:26,006 T0000: INFO  #### gw4  system/test_snmp.py::test_ft_snmp_ipAddressStorageType_ipv6
2024-01-07 01:43:26,006 T0000: INFO  support post-function-epilog test_ft_snmp_ipAddressStorageType_ipv6 Pass 'Test case passed'
2024-01-07 01:43:31,060 T0000: INFO  #### gw4  system/test_snmp.py
2024-01-07 01:43:31,060 T0000: INFO  support pre-function-prolog test_ft_snmp_ipv6_If_Forward_default_HopLimit  ''
2024-01-07 01:43:31,076 T0000: INFO  #### gw4  system/test_snmp.py::test_ft_snmp_ipv6_If_Forward_default_HopLimit
2024-01-07 01:43:31,076 T0000: INFO  support post-function-prolog test_ft_snmp_ipv6_If_Forward_default_HopLimit Pass ''
2024-01-07 01:43:31,116 T0000: INFO  #### gw4  system/test_snmp.py::test_ft_snmp_ipv6_If_Forward_default_HopLimit
2024-01-07 01:43:31,116 T0000: INFO  support pre-function-epilog test_ft_snmp_ipv6_If_Forward_default_HopLimit Pass 'Test case passed'
2024-01-07 01:43:31,125 T0000: INFO  #### gw4  system/test_snmp.py::test_ft_snmp_ipv6_If_Forward_default_HopLimit
2024-01-07 01:43:31,126 T0000: INFO  support post-function-epilog test_ft_snmp_ipv6_If_Forward_default_HopLimit Pass 'Test case passed'
2024-01-07 01:43:36,089 T0000: INFO  #### gw4  system/test_snmp.py
2024-01-07 01:43:36,089 T0000: INFO  support pre-function-prolog test_ft_snmp_ipv6scope_index_table  ''
2024-01-07 01:43:36,101 T0000: INFO  #### gw4  system/test_snmp.py::test_ft_snmp_ipv6scope_index_table
2024-01-07 01:43:36,101 T0000: INFO  support post-function-prolog test_ft_snmp_ipv6scope_index_table Pass ''
2024-01-07 01:43:36,161 T0000: INFO  #### gw4  system/test_snmp.py::test_ft_snmp_ipv6scope_index_table
2024-01-07 01:43:36,161 T0000: INFO  support pre-function-epilog test_ft_snmp_ipv6scope_index_table Pass 'Test case passed'
2024-01-07 01:43:36,166 T0000: INFO  #### gw4  system/test_snmp.py::test_ft_snmp_ipv6scope_index_table
2024-01-07 01:43:36,166 T0000: INFO  support post-function-epilog test_ft_snmp_ipv6scope_index_table Pass 'Test case passed'
2024-01-07 01:43:41,117 T0000: INFO  #### gw4  system/test_snmp.py
2024-01-07 01:43:41,117 T0000: INFO  support pre-function-prolog test_ft_snmp_ip_forward_table  ''
2024-01-07 01:43:41,132 T0000: INFO  #### gw4  system/test_snmp.py::test_ft_snmp_ip_forward_table
2024-01-07 01:43:41,132 T0000: INFO  support post-function-prolog test_ft_snmp_ip_forward_table Pass ''
2024-01-07 01:43:43,822 T0000: INFO  #### gw4  system/test_snmp.py::test_ft_snmp_ip_forward_table
2024-01-07 01:43:43,822 T0000: INFO  support pre-function-epilog test_ft_snmp_ip_forward_table Pass 'Test case passed'
2024-01-07 01:43:43,826 T0000: INFO  #### gw4  system/test_snmp.py::test_ft_snmp_ip_forward_table
2024-01-07 01:43:43,826 T0000: INFO  support post-function-epilog test_ft_snmp_ip_forward_table Pass 'Test case passed'
2024-01-07 01:43:49,778 T0000: INFO  #### gw4  system/test_snmp.py
2024-01-07 01:43:49,778 T0000: INFO  support pre-function-prolog test_ft_snmp_ifx_table  ''
2024-01-07 01:43:49,791 T0000: INFO  #### gw4  system/test_snmp.py::test_ft_snmp_ifx_table
2024-01-07 01:43:49,791 T0000: INFO  support post-function-prolog test_ft_snmp_ifx_table Pass ''
2024-01-07 01:43:49,966 T0000: INFO  #### gw4  system/test_snmp.py::test_ft_snmp_ifx_table
2024-01-07 01:43:49,966 T0000: INFO  support pre-function-epilog test_ft_snmp_ifx_table Pass 'Test case passed'
2024-01-07 01:43:49,972 T0000: INFO  #### gw4  system/test_snmp.py::test_ft_snmp_ifx_table
2024-01-07 01:43:49,972 T0000: INFO  support post-function-epilog test_ft_snmp_ifx_table Pass 'Test case passed'
2024-01-07 01:43:55,079 T0000: INFO  #### gw4  system/test_snmp.py
2024-01-07 01:43:55,079 T0000: INFO  support pre-function-prolog test_ft_snmp_ip_System_Stats_Table  ''
2024-01-07 01:43:55,092 T0000: INFO  #### gw4  system/test_snmp.py::test_ft_snmp_ip_System_Stats_Table
2024-01-07 01:43:55,092 T0000: INFO  support post-function-prolog test_ft_snmp_ip_System_Stats_Table Pass ''
2024-01-07 01:43:55,150 T0000: INFO  #### gw4  system/test_snmp.py::test_ft_snmp_ip_System_Stats_Table
2024-01-07 01:43:55,150 T0000: INFO  support pre-function-epilog test_ft_snmp_ip_System_Stats_Table Pass 'Test case passed'
2024-01-07 01:43:55,157 T0000: INFO  #### gw4  system/test_snmp.py::test_ft_snmp_ip_System_Stats_Table
2024-01-07 01:43:55,157 T0000: INFO  support post-function-epilog test_ft_snmp_ip_System_Stats_Table Pass 'Test case passed'
2024-01-07 01:44:00,266 T0000: INFO  #### gw4  system/test_snmp.py
2024-01-07 01:44:00,266 T0000: INFO  support pre-function-prolog test_ft_snmp_ip_IfStats_Table  ''
2024-01-07 01:44:00,280 T0000: INFO  #### gw4  system/test_snmp.py::test_ft_snmp_ip_IfStats_Table
2024-01-07 01:44:00,280 T0000: INFO  support post-function-prolog test_ft_snmp_ip_IfStats_Table Pass ''
2024-01-07 01:44:00,622 T0000: INFO  #### gw4  system/test_snmp.py::test_ft_snmp_ip_IfStats_Table
2024-01-07 01:44:00,622 T0000: INFO  support pre-function-epilog test_ft_snmp_ip_IfStats_Table Pass 'Test case passed'
2024-01-07 01:44:00,629 T0000: INFO  #### gw4  system/test_snmp.py::test_ft_snmp_ip_IfStats_Table
2024-01-07 01:44:00,629 T0000: INFO  support post-function-epilog test_ft_snmp_ip_IfStats_Table Pass 'Test case passed'
2024-01-07 01:44:05,593 T0000: INFO  #### gw4  system/test_snmp.py
2024-01-07 01:44:05,593 T0000: INFO  support pre-function-prolog test_ft_snmp_ip_Address_Table  ''
2024-01-07 01:44:05,605 T0000: INFO  #### gw4  system/test_snmp.py::test_ft_snmp_ip_Address_Table
2024-01-07 01:44:05,605 T0000: INFO  support post-function-prolog test_ft_snmp_ip_Address_Table Pass ''
2024-01-07 01:44:05,660 T0000: INFO  #### gw4  system/test_snmp.py::test_ft_snmp_ip_Address_Table
2024-01-07 01:44:05,660 T0000: INFO  support pre-function-epilog test_ft_snmp_ip_Address_Table Pass 'Test case passed'
2024-01-07 01:44:05,666 T0000: INFO  #### gw4  system/test_snmp.py::test_ft_snmp_ip_Address_Table
2024-01-07 01:44:05,666 T0000: INFO  support post-function-epilog test_ft_snmp_ip_Address_Table Pass 'Test case passed'
2024-01-07 01:44:10,607 T0000: INFO  #### gw4  system/test_snmp.py
2024-01-07 01:44:10,607 T0000: INFO  support pre-function-prolog test_ft_snmp_ip_NetToPhysical_Table  ''
2024-01-07 01:44:10,619 T0000: INFO  #### gw4  system/test_snmp.py::test_ft_snmp_ip_NetToPhysical_Table
2024-01-07 01:44:10,619 T0000: INFO  support post-function-prolog test_ft_snmp_ip_NetToPhysical_Table Pass ''
2024-01-07 01:44:10,662 T0000: INFO  #### gw4  system/test_snmp.py::test_ft_snmp_ip_NetToPhysical_Table
2024-01-07 01:44:10,662 T0000: INFO  support pre-function-epilog test_ft_snmp_ip_NetToPhysical_Table Pass 'Test case passed'
2024-01-07 01:44:10,669 T0000: INFO  #### gw4  system/test_snmp.py::test_ft_snmp_ip_NetToPhysical_Table
2024-01-07 01:44:10,669 T0000: INFO  support post-function-epilog test_ft_snmp_ip_NetToPhysical_Table Pass 'Test case passed'
2024-01-07 01:44:15,570 T0000: INFO  #### gw4  system/test_snmp.py
2024-01-07 01:44:15,570 T0000: INFO  support pre-function-prolog test_ft_snmp_icmp_Msgs  ''
2024-01-07 01:44:15,584 T0000: INFO  #### gw4  system/test_snmp.py::test_ft_snmp_icmp_Msgs
2024-01-07 01:44:15,584 T0000: INFO  support post-function-prolog test_ft_snmp_icmp_Msgs Pass ''
2024-01-07 01:44:15,627 T0000: INFO  #### gw4  system/test_snmp.py::test_ft_snmp_icmp_Msgs
2024-01-07 01:44:15,627 T0000: INFO  support pre-function-epilog test_ft_snmp_icmp_Msgs Pass 'Test case passed'
2024-01-07 01:44:15,635 T0000: INFO  #### gw4  system/test_snmp.py::test_ft_snmp_icmp_Msgs
2024-01-07 01:44:15,635 T0000: INFO  support post-function-epilog test_ft_snmp_icmp_Msgs Pass 'Test case passed'
2024-01-07 01:44:20,574 T0000: INFO  #### gw4  system/test_snmp.py
2024-01-07 01:44:20,574 T0000: INFO  support pre-function-prolog test_ft_snmp_tcp_mib  ''
2024-01-07 01:44:20,584 T0000: INFO  #### gw4  system/test_snmp.py::test_ft_snmp_tcp_mib
2024-01-07 01:44:20,584 T0000: INFO  support post-function-prolog test_ft_snmp_tcp_mib Pass ''
2024-01-07 01:44:22,431 T0000: INFO  #### gw4  system/test_snmp.py::test_ft_snmp_tcp_mib
2024-01-07 01:44:22,431 T0000: INFO  support pre-function-epilog test_ft_snmp_tcp_mib Pass 'Test case passed'
2024-01-07 01:44:22,438 T0000: INFO  #### gw4  system/test_snmp.py::test_ft_snmp_tcp_mib
2024-01-07 01:44:22,438 T0000: INFO  support post-function-epilog test_ft_snmp_tcp_mib Pass 'Test case passed'
2024-01-07 01:44:27,480 T0000: INFO  #### gw4  system/test_snmp.py
2024-01-07 01:44:27,480 T0000: INFO  support pre-function-prolog test_ft_snmp_udp_mib  ''
2024-01-07 01:44:27,491 T0000: INFO  #### gw4  system/test_snmp.py::test_ft_snmp_udp_mib
2024-01-07 01:44:27,491 T0000: INFO  support post-function-prolog test_ft_snmp_udp_mib Pass ''
2024-01-07 01:44:27,556 T0000: INFO  #### gw4  system/test_snmp.py::test_ft_snmp_udp_mib
2024-01-07 01:44:27,556 T0000: INFO  support pre-function-epilog test_ft_snmp_udp_mib Pass 'Test case passed'
2024-01-07 01:44:27,566 T0000: INFO  #### gw4  system/test_snmp.py::test_ft_snmp_udp_mib
2024-01-07 01:44:27,566 T0000: INFO  support post-function-epilog test_ft_snmp_udp_mib Pass 'Test case passed'
2024-01-07 01:44:32,583 T0000: INFO  #### gw4  system/test_snmp.py
2024-01-07 01:44:32,583 T0000: INFO  support pre-function-prolog test_ft_snmp_snmpv2_mib  ''
2024-01-07 01:44:32,593 T0000: INFO  #### gw4  system/test_snmp.py::test_ft_snmp_snmpv2_mib
2024-01-07 01:44:32,593 T0000: INFO  support post-function-prolog test_ft_snmp_snmpv2_mib Pass ''
2024-01-07 01:44:32,631 T0000: INFO  #### gw4  system/test_snmp.py::test_ft_snmp_snmpv2_mib
2024-01-07 01:44:32,631 T0000: INFO  support pre-function-epilog test_ft_snmp_snmpv2_mib Pass 'Test case passed'
2024-01-07 01:44:32,636 T0000: INFO  #### gw4  system/test_snmp.py::test_ft_snmp_snmpv2_mib
2024-01-07 01:44:32,636 T0000: INFO  support post-function-epilog test_ft_snmp_snmpv2_mib Pass 'Test case passed'
2024-01-07 01:44:37,589 T0000: INFO  #### gw4  system/test_snmp.py
2024-01-07 01:44:37,590 T0000: INFO  support pre-function-prolog test_ft_snmp_host_resource_mib  ''
2024-01-07 01:44:37,599 T0000: INFO  #### gw4  system/test_snmp.py::test_ft_snmp_host_resource_mib
2024-01-07 01:44:37,600 T0000: INFO  support post-function-prolog test_ft_snmp_host_resource_mib Pass ''
2024-01-07 01:44:37,819 T0000: INFO  #### gw4  system/test_snmp.py::test_ft_snmp_host_resource_mib
2024-01-07 01:44:37,819 T0000: INFO  support pre-function-epilog test_ft_snmp_host_resource_mib Pass 'Test case passed'
2024-01-07 01:44:37,824 T0000: INFO  #### gw4  system/test_snmp.py::test_ft_snmp_host_resource_mib
2024-01-07 01:44:37,824 T0000: INFO  support post-function-epilog test_ft_snmp_host_resource_mib Pass 'Test case passed'
2024-01-07 01:44:42,896 T0000: INFO  #### gw4  system/test_snmp.py
2024-01-07 01:44:42,896 T0000: INFO  support pre-function-prolog test_ft_snmp_framework_mib  ''
2024-01-07 01:44:42,910 T0000: INFO  #### gw4  system/test_snmp.py::test_ft_snmp_framework_mib
2024-01-07 01:44:42,910 T0000: INFO  support post-function-prolog test_ft_snmp_framework_mib Pass ''
2024-01-07 01:44:42,934 T0000: INFO  #### gw4  system/test_snmp.py::test_ft_snmp_framework_mib
2024-01-07 01:44:42,934 T0000: INFO  support pre-function-epilog test_ft_snmp_framework_mib Pass 'Test case passed'
2024-01-07 01:44:42,945 T0000: INFO  #### gw4  system/test_snmp.py::test_ft_snmp_framework_mib
2024-01-07 01:44:42,945 T0000: INFO  support post-function-epilog test_ft_snmp_framework_mib Pass 'Test case passed'
2024-01-07 01:44:47,845 T0000: INFO  #### gw4  system/test_snmp.py
2024-01-07 01:44:47,845 T0000: INFO  support pre-function-prolog test_ft_snmp_mpd_mib  ''
2024-01-07 01:44:47,858 T0000: INFO  #### gw4  system/test_snmp.py::test_ft_snmp_mpd_mib
2024-01-07 01:44:47,858 T0000: INFO  support post-function-prolog test_ft_snmp_mpd_mib Pass ''
2024-01-07 01:44:47,881 T0000: INFO  #### gw4  system/test_snmp.py::test_ft_snmp_mpd_mib
2024-01-07 01:44:47,881 T0000: INFO  support pre-function-epilog test_ft_snmp_mpd_mib Pass 'Test case passed'
2024-01-07 01:44:47,892 T0000: INFO  #### gw4  system/test_snmp.py::test_ft_snmp_mpd_mib
2024-01-07 01:44:47,892 T0000: INFO  support post-function-epilog test_ft_snmp_mpd_mib Pass 'Test case passed'
2024-01-07 01:44:52,777 T0000: INFO  #### gw4  system/test_snmp.py
2024-01-07 01:44:52,777 T0000: INFO  support pre-function-prolog test_ft_snmp_target_mib  ''
2024-01-07 01:44:52,790 T0000: INFO  #### gw4  system/test_snmp.py::test_ft_snmp_target_mib
2024-01-07 01:44:52,790 T0000: INFO  support post-function-prolog test_ft_snmp_target_mib Pass ''
2024-01-07 01:44:52,815 T0000: INFO  #### gw4  system/test_snmp.py::test_ft_snmp_target_mib
2024-01-07 01:44:52,816 T0000: INFO  support pre-function-epilog test_ft_snmp_target_mib Pass 'Test case passed'
2024-01-07 01:44:52,822 T0000: INFO  #### gw4  system/test_snmp.py::test_ft_snmp_target_mib
2024-01-07 01:44:52,822 T0000: INFO  support post-function-epilog test_ft_snmp_target_mib Pass 'Test case passed'
2024-01-07 01:44:57,779 T0000: INFO  #### gw4  system/test_snmp.py
2024-01-07 01:44:57,779 T0000: INFO  support pre-function-prolog test_ft_snmp_notification_mib  ''
2024-01-07 01:44:57,794 T0000: INFO  #### gw4  system/test_snmp.py::test_ft_snmp_notification_mib
2024-01-07 01:44:57,794 T0000: INFO  support post-function-prolog test_ft_snmp_notification_mib Pass ''
2024-01-07 01:44:57,824 T0000: INFO  #### gw4  system/test_snmp.py::test_ft_snmp_notification_mib
2024-01-07 01:44:57,824 T0000: INFO  support pre-function-epilog test_ft_snmp_notification_mib Pass 'Test case passed'
2024-01-07 01:44:57,833 T0000: INFO  #### gw4  system/test_snmp.py::test_ft_snmp_notification_mib
2024-01-07 01:44:57,833 T0000: INFO  support post-function-epilog test_ft_snmp_notification_mib Pass 'Test case passed'
2024-01-07 01:45:03,027 T0000: INFO  #### gw4  system/test_snmp.py
2024-01-07 01:45:03,027 T0000: INFO  support pre-function-prolog test_ft_snmp_user_based_sm_mib  ''
2024-01-07 01:45:03,038 T0000: INFO  #### gw4  system/test_snmp.py::test_ft_snmp_user_based_sm_mib
2024-01-07 01:45:03,038 T0000: INFO  support post-function-prolog test_ft_snmp_user_based_sm_mib Pass ''
2024-01-07 01:45:03,063 T0000: INFO  #### gw4  system/test_snmp.py::test_ft_snmp_user_based_sm_mib
2024-01-07 01:45:03,063 T0000: INFO  support pre-function-epilog test_ft_snmp_user_based_sm_mib Pass 'Test case passed'
2024-01-07 01:45:03,072 T0000: INFO  #### gw4  system/test_snmp.py::test_ft_snmp_user_based_sm_mib
2024-01-07 01:45:03,072 T0000: INFO  support post-function-epilog test_ft_snmp_user_based_sm_mib Pass 'Test case passed'
2024-01-07 01:45:08,129 T0000: INFO  #### gw4  system/test_snmp.py
2024-01-07 01:45:08,129 T0000: INFO  support pre-function-prolog test_ft_snmp_view_based_acm_mib  ''
2024-01-07 01:45:08,146 T0000: INFO  #### gw4  system/test_snmp.py::test_ft_snmp_view_based_acm_mib
2024-01-07 01:45:08,146 T0000: INFO  support post-function-prolog test_ft_snmp_view_based_acm_mib Pass ''
2024-01-07 01:45:08,194 T0000: INFO  #### gw4  system/test_snmp.py::test_ft_snmp_view_based_acm_mib
2024-01-07 01:45:08,194 T0000: INFO  support pre-function-epilog test_ft_snmp_view_based_acm_mib Pass 'Test case passed'
2024-01-07 01:45:08,199 T0000: INFO  #### gw4  system/test_snmp.py::test_ft_snmp_view_based_acm_mib
2024-01-07 01:45:08,199 T0000: INFO  support post-function-epilog test_ft_snmp_view_based_acm_mib Pass 'Test case passed'
2024-01-07 01:45:13,200 T0000: INFO  #### gw4  system/test_snmp.py
2024-01-07 01:45:13,200 T0000: INFO  support pre-function-prolog test_ft_snmp_ent_physical_table  ''
2024-01-07 01:45:13,211 T0000: INFO  #### gw4  system/test_snmp.py::test_ft_snmp_ent_physical_table
2024-01-07 01:45:13,211 T0000: INFO  support post-function-prolog test_ft_snmp_ent_physical_table Pass ''
2024-01-07 01:45:13,269 T0000: INFO  #### gw4  system/test_snmp.py::test_ft_snmp_ent_physical_table
2024-01-07 01:45:13,269 T0000: INFO  support pre-function-epilog test_ft_snmp_ent_physical_table Pass 'Test case passed'
2024-01-07 01:45:13,277 T0000: INFO  #### gw4  system/test_snmp.py::test_ft_snmp_ent_physical_table
2024-01-07 01:45:13,277 T0000: INFO  support post-function-epilog test_ft_snmp_ent_physical_table Pass 'Test case passed'
2024-01-07 01:45:18,311 T0000: INFO  #### gw4  system/test_snmp.py
2024-01-07 01:45:18,311 T0000: INFO  support pre-function-prolog test_ft_snmp_dot3_stats_table  ''
2024-01-07 01:45:18,326 T0000: INFO  #### gw4  system/test_snmp.py::test_ft_snmp_dot3_stats_table
2024-01-07 01:45:18,326 T0000: INFO  support post-function-prolog test_ft_snmp_dot3_stats_table Pass ''
2024-01-07 01:45:18,379 T0000: INFO  #### gw4  system/test_snmp.py::test_ft_snmp_dot3_stats_table
2024-01-07 01:45:18,379 T0000: INFO  support pre-function-epilog test_ft_snmp_dot3_stats_table Pass 'Test case passed'
2024-01-07 01:45:18,384 T0000: INFO  #### gw4  system/test_snmp.py::test_ft_snmp_dot3_stats_table
2024-01-07 01:45:18,384 T0000: INFO  support post-function-epilog test_ft_snmp_dot3_stats_table Pass 'Test case passed'
2024-01-07 01:45:23,316 T0000: INFO  #### gw4  system/test_snmp.py
2024-01-07 01:45:23,316 T0000: INFO  support pre-function-prolog test_ft_net_snmp_agent_mib  ''
2024-01-07 01:45:23,328 T0000: INFO  #### gw4  system/test_snmp.py::test_ft_net_snmp_agent_mib
2024-01-07 01:45:23,328 T0000: INFO  support post-function-prolog test_ft_net_snmp_agent_mib Pass ''
2024-01-07 01:45:24,078 T0000: INFO  #### gw4  system/test_snmp.py::test_ft_net_snmp_agent_mib
2024-01-07 01:45:24,078 T0000: INFO  support pre-function-epilog test_ft_net_snmp_agent_mib Pass 'Test case passed'
2024-01-07 01:45:24,083 T0000: INFO  #### gw4  system/test_snmp.py::test_ft_net_snmp_agent_mib
2024-01-07 01:45:24,083 T0000: INFO  support post-function-epilog test_ft_net_snmp_agent_mib Pass 'Test case passed'
2024-01-07 01:45:29,231 T0000: INFO  #### gw4  system/test_snmp.py
2024-01-07 01:45:29,231 T0000: INFO  support pre-function-prolog test_ft_net_snmp_vacm_mib  ''
2024-01-07 01:45:29,244 T0000: INFO  #### gw4  system/test_snmp.py::test_ft_net_snmp_vacm_mib
2024-01-07 01:45:29,244 T0000: INFO  support post-function-prolog test_ft_net_snmp_vacm_mib Pass ''
2024-01-07 01:45:29,283 T0000: INFO  #### gw4  system/test_snmp.py::test_ft_net_snmp_vacm_mib
2024-01-07 01:45:29,283 T0000: INFO  support pre-function-epilog test_ft_net_snmp_vacm_mib Pass 'Test case passed'
2024-01-07 01:45:29,288 T0000: INFO  #### gw4  system/test_snmp.py::test_ft_net_snmp_vacm_mib
2024-01-07 01:45:29,288 T0000: INFO  support post-function-epilog test_ft_net_snmp_vacm_mib Pass 'Test case passed'
2024-01-07 01:45:34,243 T0000: INFO  #### gw4  system/test_snmp.py
2024-01-07 01:45:34,243 T0000: INFO  support pre-function-prolog test_ft_snmp_ucd_diskio_mib  ''
2024-01-07 01:45:34,250 T0000: INFO  #### gw4  system/test_snmp.py::test_ft_snmp_ucd_diskio_mib
2024-01-07 01:45:34,250 T0000: INFO  support post-function-prolog test_ft_snmp_ucd_diskio_mib Pass ''
2024-01-07 01:45:34,305 T0000: INFO  #### gw4  system/test_snmp.py::test_ft_snmp_ucd_diskio_mib
2024-01-07 01:45:34,305 T0000: INFO  support pre-function-epilog test_ft_snmp_ucd_diskio_mib Pass 'Test case passed'
2024-01-07 01:45:34,312 T0000: INFO  #### gw4  system/test_snmp.py::test_ft_snmp_ucd_diskio_mib
2024-01-07 01:45:34,312 T0000: INFO  support post-function-epilog test_ft_snmp_ucd_diskio_mib Pass 'Test case passed'
2024-01-07 01:45:39,324 T0000: INFO  #### gw4  system/test_snmp.py
2024-01-07 01:45:39,324 T0000: INFO  support pre-function-prolog test_ft_snmp_ucd_la_table  ''
2024-01-07 01:45:39,335 T0000: INFO  #### gw4  system/test_snmp.py::test_ft_snmp_ucd_la_table
2024-01-07 01:45:39,335 T0000: INFO  support post-function-prolog test_ft_snmp_ucd_la_table Pass ''
2024-01-07 01:45:39,364 T0000: INFO  #### gw4  system/test_snmp.py::test_ft_snmp_ucd_la_table
2024-01-07 01:45:39,364 T0000: INFO  support pre-function-epilog test_ft_snmp_ucd_la_table Pass 'Test case passed'
2024-01-07 01:45:39,370 T0000: INFO  #### gw4  system/test_snmp.py::test_ft_snmp_ucd_la_table
2024-01-07 01:45:39,370 T0000: INFO  support post-function-epilog test_ft_snmp_ucd_la_table Pass 'Test case passed'
2024-01-07 01:45:44,307 T0000: INFO  #### gw4  system/test_snmp.py
2024-01-07 01:45:44,307 T0000: INFO  support pre-function-prolog test_ft_snmp_ucd_system_stats  ''
2024-01-07 01:45:44,319 T0000: INFO  #### gw4  system/test_snmp.py::test_ft_snmp_ucd_system_stats
2024-01-07 01:45:44,319 T0000: INFO  support post-function-prolog test_ft_snmp_ucd_system_stats Pass ''
2024-01-07 01:45:44,356 T0000: INFO  #### gw4  system/test_snmp.py::test_ft_snmp_ucd_system_stats
2024-01-07 01:45:44,356 T0000: INFO  support pre-function-epilog test_ft_snmp_ucd_system_stats Pass 'Test case passed'
2024-01-07 01:45:44,361 T0000: INFO  #### gw4  system/test_snmp.py::test_ft_snmp_ucd_system_stats
2024-01-07 01:45:44,361 T0000: INFO  support post-function-epilog test_ft_snmp_ucd_system_stats Pass 'Test case passed'
2024-01-07 01:45:49,402 T0000: INFO  #### gw4  system/test_snmp.py
2024-01-07 01:45:49,402 T0000: INFO  support pre-function-prolog test_ft_snmp_dot1q_tp_fdb_port  ''
2024-01-07 01:45:49,414 T0000: INFO  #### gw4  system/test_snmp.py::test_ft_snmp_dot1q_tp_fdb_port
2024-01-07 01:45:49,414 T0000: INFO  support post-function-prolog test_ft_snmp_dot1q_tp_fdb_port Pass ''
2024-01-07 01:45:50,989 T0000: WARN  #### gw4  system/test_snmp.py::test_ft_snmp_dot1q_tp_fdb_port
2024-01-07 01:45:50,989 T0000: WARN  support pre-function-epilog test_ft_snmp_dot1q_tp_fdb_port Fail 'SNMP output is not found after walk of dot1qTpFdbPort OID'
2024-01-07 01:45:51,449 T0000: WARN  #### gw4  system/test_snmp.py::test_ft_snmp_dot1q_tp_fdb_port
2024-01-07 01:45:51,449 T0000: WARN  support post-function-epilog test_ft_snmp_dot1q_tp_fdb_port ignore 'SNMP output is not found after walk of dot1qTpFdbPort OID'
2024-01-07 01:45:56,457 T0000: INFO  #### gw4  system/test_snmp.py
2024-01-07 01:45:56,457 T0000: INFO  support pre-function-prolog test_ft_snmp_dot1q_tp_fdb_address  ''
2024-01-07 01:45:56,470 T0000: INFO  #### gw4  system/test_snmp.py::test_ft_snmp_dot1q_tp_fdb_address
2024-01-07 01:45:56,470 T0000: INFO  support post-function-prolog test_ft_snmp_dot1q_tp_fdb_address Pass ''
2024-01-07 01:45:56,878 T0000: INFO  #### gw4  system/test_snmp.py::test_ft_snmp_dot1q_tp_fdb_address
2024-01-07 01:45:56,878 T0000: INFO  support pre-function-epilog test_ft_snmp_dot1q_tp_fdb_address Pass 'Test case passed'
2024-01-07 01:45:56,889 T0000: INFO  #### gw4  system/test_snmp.py::test_ft_snmp_dot1q_tp_fdb_address
2024-01-07 01:45:56,889 T0000: INFO  support post-function-epilog test_ft_snmp_dot1q_tp_fdb_address Pass 'Test case passed'
2024-01-07 01:46:01,806 T0000: INFO  #### gw4  system/test_snmp.py
2024-01-07 01:46:01,806 T0000: INFO  support pre-function-prolog test_ft_snmp_coldstart_trap  ''
2024-01-07 01:46:01,823 T0000: INFO  #### gw4  system/test_snmp.py::test_ft_snmp_coldstart_trap
2024-01-07 01:46:01,823 T0000: INFO  support post-function-prolog test_ft_snmp_coldstart_trap Pass ''
2024-01-07 01:46:15,612 T0000: WARN  #### gw4  system/test_snmp.py::test_ft_snmp_coldstart_trap
2024-01-07 01:46:15,612 T0000: WARN  support pre-function-epilog test_ft_snmp_coldstart_trap EnvFail 'Test case Failed Couldn't get the snmptrapd process details from snmp trap server. Please check the snmp trap server process in the server.'
2024-01-07 01:46:16,183 T0000: WARN  #### gw4  system/test_snmp.py::test_ft_snmp_coldstart_trap
2024-01-07 01:46:16,183 T0000: WARN  support post-function-epilog test_ft_snmp_coldstart_trap ignore 'Test case Failed Couldn't get the snmptrapd process details from snmp trap server. Please check the snmp trap server process in the server.'
2024-01-07 01:46:21,245 T0000: INFO  #### gw4  system/test_snmp.py
2024-01-07 01:46:21,245 T0000: INFO  support pre-function-prolog test_ft_snmp_docker_restart  ''
2024-01-07 01:46:21,256 T0000: INFO  #### gw4  system/test_snmp.py::test_ft_snmp_docker_restart
2024-01-07 01:46:21,256 T0000: INFO  support post-function-prolog test_ft_snmp_docker_restart Pass ''
2024-01-07 01:46:34,506 T0000: WARN  #### gw4  system/test_snmp.py::test_ft_snmp_docker_restart
2024-01-07 01:46:34,506 T0000: WARN  support pre-function-epilog test_ft_snmp_docker_restart Fail 'sysname output is not in sync between system and snmp after docker restart'
2024-01-07 01:46:34,951 T0000: WARN  #### gw4  system/test_snmp.py::test_ft_snmp_docker_restart
2024-01-07 01:46:34,951 T0000: WARN  support post-function-epilog test_ft_snmp_docker_restart ignore 'sysname output is not in sync between system and snmp after docker restart'
2024-01-07 01:46:34,988 T0000: WARN  #### gw4  system/test_snmp.py::test_ft_snmp_docker_restart
2024-01-07 01:46:34,988 T0000: WARN  support pre-module-epilog system/test_snmp.py fail ''
2024-01-07 01:47:29,821 T0000: WARN  #### gw4  system/test_snmp.py::test_ft_snmp_docker_restart
2024-01-07 01:47:29,821 T0000: WARN  support post-module-epilog system/test_snmp.py fail ''
2024-01-07 01:51:21,842 T0096: ERROR #### gw4 WARN
2024-01-07 01:51:21,842 T0096: ERROR Traceback (most recent call last):
2024-01-07 01:51:21,842 T0096: ERROR   File "/repo/spytest/net.py", line 1910, in _try
2024-01-07 01:51:21,842 T0096: ERROR     output = hndl.send_command_new(fcli, new_cmd, expect_string,
2024-01-07 01:51:21,842 T0096: ERROR   File "/repo/spytest/access/netmiko_connection.py", line 725, in send_command_new
2024-01-07 01:51:21,842 T0096: ERROR     raise IOError(self.dmsg_str(dbg_msg, msg1))
2024-01-07 01:51:21,842 T0096: ERROR OSError: Prompt Not Detected in DF 2.0: 'admin@sonic:\~\$'
2024-01-07 01:51:21,842 T0096: ERROR =======================FASTER-CLI-DBG===================
2024-01-07 01:51:21,842 T0096: ERROR command_string: exit<LF>
2024-01-07 01:51:21,842 T0096: ERROR search_pattern: admin@sonic:\~\$
2024-01-07 01:51:21,842 T0096: ERROR cmd_issued: False
2024-01-07 01:51:21,842 T0096: ERROR CMP-OUT: exit<LF>logout<LF>
2024-01-07 01:51:21,842 T0096: ERROR CMP-CMD: exit<LF>
2024-01-07 01:51:21,842 T0096: ERROR ECHOED OUTPUT: logout<LF>
2024-01-07 01:51:21,843 T0096: ERROR CMP-PROMPT: admin@sonic:\~\$
2024-01-07 01:51:21,843 T0096: ERROR CMP-OUTPUT: logout
2024-01-07 01:51:21,843 T0096: ERROR CMP-OUTPUT:
2024-01-07 01:51:21,843 T0096: ERROR cmd_issued: True
2024-01-07 01:51:21,843 T0096: ERROR CMP-PROMPT: admin@sonic:\~\$
2024-01-07 01:51:21,843 T0096: ERROR CMP-OUTPUT:
2024-01-07 01:51:21,843 T0096: ERROR CMP-OUTPUT: Debian GNU/Linux 12 sonic ttyS0
2024-01-07 01:51:21,843 T0096: ERROR CMP-OUTPUT:
2024-01-07 01:51:21,843 T0096: ERROR Truncated...
2024-01-07 01:51:24,564 T0096: WARN  #### gw4
2024-01-07 01:51:24,564 T0096: WARN  support function  ConfigFail 'Command 'exit' failed to give required prompt, recovered using CR'
2024-01-07 01:39:13,588 T0000: WARN  #### gw5
2024-01-07 01:39:13,588 T0000: WARN  support post-session-prolog session pass ''
2024-01-07 01:40:03,004 T0000: INFO  #### gw5
2024-01-07 01:40:03,004 T0000: INFO  support pre-module-prolog system/test_snapshot.py  ''
2024-01-07 01:40:52,213 T0000: INFO  #### gw5  system/test_snapshot.py
2024-01-07 01:40:52,213 T0000: INFO  support post-module-prolog system/test_snapshot.py Pass ''
2024-01-07 01:41:25,368 T0000: INFO  #### gw5  system/test_snapshot.py
2024-01-07 01:41:25,369 T0000: INFO  support pre-function-prolog test_ft_watermark_telemetry_interval  ''
2024-01-07 01:41:25,389 T0000: INFO  #### gw5  system/test_snapshot.py::test_ft_watermark_telemetry_interval
2024-01-07 01:41:25,389 T0000: INFO  support post-function-prolog test_ft_watermark_telemetry_interval Pass ''
2024-01-07 01:41:36,217 T0000: WARN  #### gw5  system/test_snapshot.py::test_ft_watermark_telemetry_interval
2024-01-07 01:41:36,217 T0000: WARN  support testcase ft_sf_snapshot_tam_Error_Logs Fail 'Error logs are getting generated on the device'
2024-01-07 01:41:36,233 T0000: INFO  #### gw5  system/test_snapshot.py::test_ft_watermark_telemetry_interval
2024-01-07 01:41:36,234 T0000: INFO  support pre-function-epilog test_ft_watermark_telemetry_interval Pass 'verification of configured telemetry interval and reset to default interval is successful'
2024-01-07 01:41:36,237 T0000: INFO  #### gw5  system/test_snapshot.py::test_ft_watermark_telemetry_interval
2024-01-07 01:41:36,237 T0000: INFO  support post-function-epilog test_ft_watermark_telemetry_interval Pass 'verification of configured telemetry interval and reset to default interval is successful'
2024-01-07 01:41:36,257 T0000: WARN  #### gw5  system/test_snapshot.py::test_ft_watermark_telemetry_interval
2024-01-07 01:41:36,257 T0000: WARN  support pre-module-epilog system/test_snapshot.py pass ''
2024-01-07 01:42:10,179 T0000: WARN  #### gw5  system/test_snapshot.py::test_ft_watermark_telemetry_interval
2024-01-07 01:42:10,179 T0000: WARN  support post-module-epilog system/test_snapshot.py pass ''
2024-01-07 01:46:40,069 T0000: INFO  #### gw5
2024-01-07 01:46:40,069 T0000: INFO  support pre-module-prolog system/test_ntp.py  ''
2024-01-07 01:47:04,294 T0000: INFO  #### gw5  system/test_ntp.py
2024-01-07 01:47:04,294 T0000: INFO  support post-module-prolog system/test_ntp.py Pass ''
2024-01-07 01:47:37,609 T0000: INFO  #### gw5  system/test_ntp.py
2024-01-07 01:47:37,609 T0000: INFO  support pre-function-prolog test_ft_ntp_disable_enable_with_message_log  ''
2024-01-07 01:47:37,621 T0000: INFO  #### gw5  system/test_ntp.py::test_ft_ntp_disable_enable_with_message_log
2024-01-07 01:47:37,621 T0000: INFO  support post-function-prolog test_ft_ntp_disable_enable_with_message_log Pass ''
2024-01-07 01:52:31,549 T0000: ERROR #### gw5 Exception system/test_ntp.py::test_ft_ntp_disable_enable_with_message_log
2024-01-07 01:52:31,550 T0000: ERROR Exception IndexError list index out of range in file /apis/system/ntp.py at line 347
2024-01-07 01:52:31,550 T0000: ERROR [0] /apis/system/ntp.py:347 show_clock return output[0]
2024-01-07 01:52:31,550 T0000: ERROR [1] /tests/system/test_ntp.py:103 test_ft_ntp_disable_enable_with_message_log ntp_obj.show_clock(vars.D1)
2024-01-07 01:52:31,551 T0000: WARN  #### gw5  system/test_ntp.py::test_ft_ntp_disable_enable_with_message_log
2024-01-07 01:52:31,551 T0000: WARN  support post-function-epilog test_ft_ntp_disable_enable_with_message_log ScriptError 'Exception IndexError list index out of range in file /apis/system/ntp.py at line 347'
2024-01-07 01:52:36,395 T0000: INFO  #### gw5  system/test_ntp.py
2024-01-07 01:52:36,395 T0000: INFO  support pre-function-prolog test_ntp_exists_config  ''
2024-01-07 01:52:36,405 T0000: INFO  #### gw5  system/test_ntp.py::test_ntp_exists_config
2024-01-07 01:52:36,405 T0000: INFO  support post-function-prolog test_ntp_exists_config Pass ''
2024-01-07 01:52:45,174 T0000: INFO  #### gw5  system/test_ntp.py::test_ntp_exists_config
2024-01-07 01:52:45,174 T0000: INFO  support pre-function-epilog test_ntp_exists_config Pass 'Test case passed'
2024-01-07 01:52:45,178 T0000: INFO  #### gw5  system/test_ntp.py::test_ntp_exists_config
2024-01-07 01:52:45,178 T0000: INFO  support post-function-epilog test_ntp_exists_config Pass 'Test case passed'
2024-01-07 01:52:45,197 T0000: WARN  #### gw5  system/test_ntp.py::test_ntp_exists_config
2024-01-07 01:52:45,197 T0000: WARN  support pre-module-epilog system/test_ntp.py fail ''
2024-01-07 01:53:09,460 T0000: WARN  #### gw5  system/test_ntp.py::test_ntp_exists_config
2024-01-07 01:53:09,460 T0000: WARN  support post-module-epilog system/test_ntp.py fail ''
2024-01-07 01:55:05,940 T0000: WARN  #### gw5  batch/test_spytest_infra_1.py::test_spytest_infra_last
2024-01-07 01:55:05,940 T0000: WARN  support session-epilog session pass ''
2024-01-07 01:46:57,654 T0000: WARN  #### gw7
2024-01-07 01:46:57,654 T0000: WARN  support post-session-prolog session pass ''
2024-01-07 01:47:43,286 T0000: WARN  #### gw7  batch/test_spytest_infra_1.py::test_spytest_infra_second
2024-01-07 01:47:43,286 T0000: WARN  support session-epilog session pass ''
2024-01-07 01:46:49,923 T0000: WARN  #### gw6
2024-01-07 01:46:49,924 T0000: WARN  support post-session-prolog session pass ''
2024-01-07 01:47:40,192 T0000: INFO  #### gw6
2024-01-07 01:47:40,192 T0000: INFO  support pre-module-prolog security/test_tacacs.py  ''
2024-01-07 01:48:09,041 T0000: INFO  #### gw6  security/test_tacacs.py
2024-01-07 01:48:09,041 T0000: INFO  support post-module-prolog security/test_tacacs.py Pass ''
2024-01-07 01:48:42,065 T0000: INFO  #### gw6  security/test_tacacs.py
2024-01-07 01:48:42,065 T0000: INFO  support pre-function-prolog test_ft_tacacs_ssh_login_with_tacacs_operations  ''
2024-01-07 01:48:42,078 T0000: INFO  #### gw6  security/test_tacacs.py::test_ft_tacacs_ssh_login_with_tacacs_operations
2024-01-07 01:48:42,078 T0000: INFO  support post-function-prolog test_ft_tacacs_ssh_login_with_tacacs_operations Pass ''
2024-01-07 01:48:42,785 T0000: WARN  #### gw6  security/test_tacacs.py::test_ft_tacacs_ssh_login_with_tacacs_operations
2024-01-07 01:48:42,785 T0000: WARN  support pre-function-epilog test_ft_tacacs_ssh_login_with_tacacs_operations Fail 'PAM file is not created'
2024-01-07 01:48:43,196 T0000: WARN  #### gw6  security/test_tacacs.py::test_ft_tacacs_ssh_login_with_tacacs_operations
2024-01-07 01:48:43,197 T0000: WARN  support post-function-epilog test_ft_tacacs_ssh_login_with_tacacs_operations ignore 'PAM file is not created'
2024-01-07 01:48:43,230 T0000: WARN  #### gw6  security/test_tacacs.py::test_ft_tacacs_ssh_login_with_tacacs_operations
2024-01-07 01:48:43,230 T0000: WARN  support pre-module-epilog security/test_tacacs.py fail ''
2024-01-07 01:49:25,207 T0000: WARN  #### gw6  security/test_tacacs.py::test_ft_tacacs_ssh_login_with_tacacs_operations
2024-01-07 01:49:25,207 T0000: WARN  support post-module-epilog security/test_tacacs.py fail ''
2024-01-07 01:51:21,339 T0000: WARN  #### gw6  batch/test_spytest_infra_1.py::test_spytest_infra_last
2024-01-07 01:51:21,339 T0000: WARN  support session-epilog session pass ''
2024-01-07 01:04:59,103 T0005: WARN  #### gw2 IGNORED SESSION INIT ERROR
2024-01-07 01:04:59,104 T0005: WARN  Skipped error checking in session init but detected pattern: containing_no_response_from_container command: sudo vtysh -c 'show running-config | include hostname'
2024-01-07 01:05:08,009 T0005: WARN  #### gw2 IGNORED SESSION INIT ERROR
2024-01-07 01:05:08,009 T0005: WARN  Skipped error checking in session init but detected pattern: containing_no_response_from_container command: sudo vtysh -c 'show running-config | include hostname'
2024-01-07 01:05:16,104 T0005: WARN  #### gw2 IGNORED SESSION INIT ERROR
2024-01-07 01:05:16,104 T0005: WARN  Skipped error checking in session init but detected pattern: containing_no_response_from_container command: sudo vtysh -c 'show running-config | include hostname'
2024-01-07 01:05:28,133 T0005: WARN  #### gw2 IGNORED SESSION INIT ERROR
2024-01-07 01:05:28,133 T0005: WARN  Skipped error checking in session init but detected pattern: containing_no_response_from_container command: sudo vtysh -c 'show running-config | include hostname'
2024-01-07 01:05:37,037 T0005: WARN  #### gw2 IGNORED SESSION INIT ERROR
2024-01-07 01:05:37,038 T0005: WARN  Skipped error checking in session init but detected pattern: containing_no_response_from_container command: sudo vtysh -c 'show running-config | include hostname'
2024-01-07 01:11:51,035 T0025: WARN  #### gw2
2024-01-07 01:11:51,036 T0025: WARN  support post-session-prolog session pass ''
2024-01-07 01:11:51,038 T0026: WARN  #### gw2
2024-01-07 01:11:51,038 T0026: WARN  support post-session-prolog session pass ''
2024-01-07 01:12:42,445 T0079: INFO  #### gw2
2024-01-07 01:12:42,445 T0079: INFO  support pre-module-prolog switching/test_portchannel.py  ''
2024-01-07 01:12:42,447 T0080: INFO  #### gw2
2024-01-07 01:12:42,447 T0080: INFO  support pre-module-prolog switching/test_portchannel.py  ''
2024-01-07 01:13:26,235 T0104: INFO  #### gw2  switching/test_portchannel.py
2024-01-07 01:13:26,235 T0104: INFO  support post-module-prolog switching/test_portchannel.py Pass ''
2024-01-07 01:13:26,237 T0105: INFO  #### gw2  switching/test_portchannel.py
2024-01-07 01:13:26,238 T0105: INFO  support post-module-prolog switching/test_portchannel.py Pass ''
2024-01-07 01:14:00,469 T0129: INFO  #### gw2  switching/test_portchannel.py
2024-01-07 01:14:00,469 T0129: INFO  support pre-function-prolog test_ft_portchannel_with_vlan_variations  ''
2024-01-07 01:14:00,473 T0130: INFO  #### gw2  switching/test_portchannel.py
2024-01-07 01:14:00,473 T0130: INFO  support pre-function-prolog test_ft_portchannel_with_vlan_variations  ''
2024-01-07 01:14:05,148 T0133: INFO  #### gw2  switching/test_portchannel.py::test_ft_portchannel_with_vlan_variations
2024-01-07 01:14:05,148 T0133: INFO  support post-function-prolog test_ft_portchannel_with_vlan_variations Pass ''
2024-01-07 01:14:05,152 T0134: INFO  #### gw2  switching/test_portchannel.py::test_ft_portchannel_with_vlan_variations
2024-01-07 01:14:05,152 T0134: INFO  support post-function-prolog test_ft_portchannel_with_vlan_variations Pass ''
2024-01-07 01:14:34,982 T0149: INFO  #### gw2  switching/test_portchannel.py::test_ft_portchannel_with_vlan_variations
2024-01-07 01:14:34,983 T0149: INFO  support pre-function-epilog test_ft_portchannel_with_vlan_variations Pass 'Test case passed'
2024-01-07 01:14:34,986 T0150: INFO  #### gw2  switching/test_portchannel.py::test_ft_portchannel_with_vlan_variations
2024-01-07 01:14:34,986 T0150: INFO  support pre-function-epilog test_ft_portchannel_with_vlan_variations Pass 'Test case passed'
2024-01-07 01:14:37,587 T0153: INFO  #### gw2  switching/test_portchannel.py::test_ft_portchannel_with_vlan_variations
2024-01-07 01:14:37,588 T0153: INFO  support post-function-epilog test_ft_portchannel_with_vlan_variations Pass 'Test case passed'
2024-01-07 01:14:37,590 T0154: INFO  #### gw2  switching/test_portchannel.py::test_ft_portchannel_with_vlan_variations
2024-01-07 01:14:37,591 T0154: INFO  support post-function-epilog test_ft_portchannel_with_vlan_variations Pass 'Test case passed'
2024-01-07 01:14:42,900 T0160: INFO  #### gw2  switching/test_portchannel.py
2024-01-07 01:14:42,900 T0160: INFO  support pre-function-prolog test_ft_verify_min_links_functionality_by_flapping_all_member_ports_007  ''
2024-01-07 01:14:42,904 T0161: INFO  #### gw2  switching/test_portchannel.py
2024-01-07 01:14:42,905 T0161: INFO  support pre-function-prolog test_ft_verify_min_links_functionality_by_flapping_all_member_ports_007  ''
2024-01-07 01:14:46,281 T0164: INFO  #### gw2  switching/test_portchannel.py::test_ft_verify_min_links_functionality_by_flapping_all_member_ports_007
2024-01-07 01:14:46,281 T0164: INFO  support post-function-prolog test_ft_verify_min_links_functionality_by_flapping_all_member_ports_007 Pass ''
2024-01-07 01:14:46,284 T0165: INFO  #### gw2  switching/test_portchannel.py::test_ft_verify_min_links_functionality_by_flapping_all_member_ports_007
2024-01-07 01:14:46,284 T0165: INFO  support post-function-prolog test_ft_verify_min_links_functionality_by_flapping_all_member_ports_007 Pass ''
2024-01-07 01:14:47,527 T0167: WARN  #### gw2 IGNORED ERROR switching/test_portchannel.py::test_ft_verify_min_links_functionality_by_flapping_all_member_ports_007
2024-01-07 01:14:47,527 T0167: WARN  Skipped error checking but detected pattern: containing_error command: sudo -s config portchannel add PortChannel7  --min-links 4
2024-01-07 01:14:47,575 T0166: WARN  #### gw2 IGNORED ERROR switching/test_portchannel.py::test_ft_verify_min_links_functionality_by_flapping_all_member_ports_007
2024-01-07 01:14:47,575 T0166: WARN  Skipped error checking but detected pattern: containing_error command: sudo -s config portchannel add PortChannel7  --min-links 4
2024-01-07 01:15:00,772 T0172: INFO  #### gw2  switching/test_portchannel.py::test_ft_verify_min_links_functionality_by_flapping_all_member_ports_007
2024-01-07 01:15:00,774 T0172: INFO  support pre-function-epilog test_ft_verify_min_links_functionality_by_flapping_all_member_ports_007 Pass 'Test case passed'
2024-01-07 01:15:00,777 T0173: INFO  #### gw2  switching/test_portchannel.py::test_ft_verify_min_links_functionality_by_flapping_all_member_ports_007
2024-01-07 01:15:00,777 T0173: INFO  support pre-function-epilog test_ft_verify_min_links_functionality_by_flapping_all_member_ports_007 Pass 'Test case passed'
2024-01-07 01:15:02,101 T0174: WARN  #### gw2 IGNORED ERROR switching/test_portchannel.py::test_ft_verify_min_links_functionality_by_flapping_all_member_ports_007
2024-01-07 01:15:02,101 T0174: WARN  Skipped error checking but detected pattern: containing_error command: sudo -s config portchannel add PortChannel7  --min-links True
2024-01-07 01:15:02,102 T0175: WARN  #### gw2 IGNORED ERROR switching/test_portchannel.py::test_ft_verify_min_links_functionality_by_flapping_all_member_ports_007
2024-01-07 01:15:02,102 T0175: WARN  Skipped error checking but detected pattern: containing_error command: sudo -s config portchannel add PortChannel7  --min-links True
2024-01-07 01:15:02,106 T0176: INFO  #### gw2  switching/test_portchannel.py::test_ft_verify_min_links_functionality_by_flapping_all_member_ports_007
2024-01-07 01:15:02,106 T0176: INFO  support post-function-epilog test_ft_verify_min_links_functionality_by_flapping_all_member_ports_007 Pass 'Test case passed'
2024-01-07 01:15:02,109 T0177: INFO  #### gw2  switching/test_portchannel.py::test_ft_verify_min_links_functionality_by_flapping_all_member_ports_007
2024-01-07 01:15:02,109 T0177: INFO  support post-function-epilog test_ft_verify_min_links_functionality_by_flapping_all_member_ports_007 Pass 'Test case passed'
2024-01-07 01:15:02,143 T0178: WARN  #### gw2  switching/test_portchannel.py::test_ft_verify_min_links_functionality_by_flapping_all_member_ports_007
2024-01-07 01:15:02,143 T0178: WARN  support pre-module-epilog switching/test_portchannel.py pass ''
2024-01-07 01:15:02,147 T0179: WARN  #### gw2  switching/test_portchannel.py::test_ft_verify_min_links_functionality_by_flapping_all_member_ports_007
2024-01-07 01:15:02,147 T0179: WARN  support pre-module-epilog switching/test_portchannel.py pass ''
2024-01-07 01:15:36,185 T0199: ERROR #### gw2 ERROR switching/test_portchannel.py::test_ft_verify_min_links_functionality_by_flapping_all_member_ports_007
2024-01-07 01:15:36,185 T0199: ERROR detected pattern: containing_error executing 'sudo -s config portchannel del PortChannel7'
2024-01-07 01:15:36,582 T0198: ERROR #### gw2 ERROR switching/test_portchannel.py::test_ft_verify_min_links_functionality_by_flapping_all_member_ports_007
2024-01-07 01:15:36,582 T0198: ERROR detected pattern: containing_error executing 'sudo -s config portchannel del PortChannel7'
2024-01-07 01:15:36,587 T0200: WARN  #### gw2  switching/test_portchannel.py::test_ft_verify_min_links_functionality_by_flapping_all_member_ports_007
2024-01-07 01:15:36,588 T0200: WARN  support post-module-epilog switching/test_portchannel.py pass ''
2024-01-07 01:15:36,592 T0201: WARN  #### gw2  switching/test_portchannel.py::test_ft_verify_min_links_functionality_by_flapping_all_member_ports_007
2024-01-07 01:15:36,592 T0201: WARN  support post-module-epilog switching/test_portchannel.py pass ''
2024-01-07 01:20:11,937 T0269: INFO  #### gw2
2024-01-07 01:20:11,937 T0269: INFO  support pre-module-prolog system/test_ssh.py  ''
2024-01-07 01:20:11,939 T0270: INFO  #### gw2
2024-01-07 01:20:11,940 T0270: INFO  support pre-module-prolog system/test_ssh.py  ''
2024-01-07 01:20:50,839 T0297: INFO  #### gw2  system/test_ssh.py
2024-01-07 01:20:50,840 T0297: INFO  support post-module-prolog system/test_ssh.py Pass ''
2024-01-07 01:20:50,842 T0298: INFO  #### gw2  system/test_ssh.py
2024-01-07 01:20:50,843 T0298: INFO  support post-module-prolog system/test_ssh.py Pass ''
2024-01-07 01:21:24,170 T0322: INFO  #### gw2  system/test_ssh.py
2024-01-07 01:21:24,170 T0322: INFO  support pre-function-prolog test_ft_ssh_service_disable  ''
2024-01-07 01:21:24,174 T0323: INFO  #### gw2  system/test_ssh.py
2024-01-07 01:21:24,174 T0323: INFO  support pre-function-prolog test_ft_ssh_service_disable  ''
2024-01-07 01:21:24,187 T0324: INFO  #### gw2  system/test_ssh.py::test_ft_ssh_service_disable
2024-01-07 01:21:24,187 T0324: INFO  support post-function-prolog test_ft_ssh_service_disable Pass ''
2024-01-07 01:21:24,189 T0325: INFO  #### gw2  system/test_ssh.py::test_ft_ssh_service_disable
2024-01-07 01:21:24,189 T0325: INFO  support post-function-prolog test_ft_ssh_service_disable Pass ''
2024-01-07 01:21:26,946 T0326: INFO  #### gw2  system/test_ssh.py::test_ft_ssh_service_disable
2024-01-07 01:21:26,947 T0326: INFO  support pre-function-epilog test_ft_ssh_service_disable Pass 'Test case passed'
2024-01-07 01:21:26,949 T0327: INFO  #### gw2  system/test_ssh.py::test_ft_ssh_service_disable
2024-01-07 01:21:26,949 T0327: INFO  support pre-function-epilog test_ft_ssh_service_disable Pass 'Test case passed'
2024-01-07 01:21:26,960 T0328: INFO  #### gw2  system/test_ssh.py::test_ft_ssh_service_disable
2024-01-07 01:21:26,960 T0328: INFO  support post-function-epilog test_ft_ssh_service_disable Pass 'Test case passed'
2024-01-07 01:21:26,962 T0329: INFO  #### gw2  system/test_ssh.py::test_ft_ssh_service_disable
2024-01-07 01:21:26,962 T0329: INFO  support post-function-epilog test_ft_ssh_service_disable Pass 'Test case passed'
2024-01-07 01:21:32,161 T0335: INFO  #### gw2  system/test_ssh.py
2024-01-07 01:21:32,162 T0335: INFO  support pre-function-prolog test_ft_ssh_add_user_verify  ''
2024-01-07 01:21:32,166 T0336: INFO  #### gw2  system/test_ssh.py
2024-01-07 01:21:32,166 T0336: INFO  support pre-function-prolog test_ft_ssh_add_user_verify  ''
2024-01-07 01:21:32,177 T0337: INFO  #### gw2  system/test_ssh.py::test_ft_ssh_add_user_verify
2024-01-07 01:21:32,177 T0337: INFO  support post-function-prolog test_ft_ssh_add_user_verify Pass ''
2024-01-07 01:21:32,179 T0338: INFO  #### gw2  system/test_ssh.py::test_ft_ssh_add_user_verify
2024-01-07 01:21:32,179 T0338: INFO  support post-function-prolog test_ft_ssh_add_user_verify Pass ''
2024-01-07 01:27:55,115 T0000: WARN  #### gw2 IGNORED ERROR system/test_ssh.py::test_ft_ssh_add_user_verify
2024-01-07 01:27:55,115 T0000: WARN  Skipped error checking but detected pattern: containing_python_traceback command: sudo -s fast-reboot
2024-01-07 01:28:02,471 T0000: WARN  #### gw2 IGNORED ERROR system/test_ssh.py::test_ft_ssh_add_user_verify
2024-01-07 01:28:02,471 T0000: WARN  Skipped error checking but detected pattern: containing_no_response_from_container command: sudo vtysh -c 'show running-config | include hostname'
2024-01-07 01:28:08,259 T0000: WARN  #### gw2 IGNORED ERROR system/test_ssh.py::test_ft_ssh_add_user_verify
2024-01-07 01:28:08,259 T0000: WARN  Skipped error checking but detected pattern: containing_no_response_from_container command: sudo vtysh -c 'show running-config | include hostname'
2024-01-07 01:28:14,039 T0000: WARN  #### gw2 IGNORED ERROR system/test_ssh.py::test_ft_ssh_add_user_verify
2024-01-07 01:28:14,039 T0000: WARN  Skipped error checking but detected pattern: containing_no_response_from_container command: sudo vtysh -c 'show running-config | include hostname'
2024-01-07 01:28:19,819 T0000: WARN  #### gw2 IGNORED ERROR system/test_ssh.py::test_ft_ssh_add_user_verify
2024-01-07 01:28:19,819 T0000: WARN  Skipped error checking but detected pattern: containing_no_response_from_container command: sudo vtysh -c 'show running-config | include hostname'
2024-01-07 01:28:25,593 T0000: WARN  #### gw2 IGNORED ERROR system/test_ssh.py::test_ft_ssh_add_user_verify
2024-01-07 01:28:25,593 T0000: WARN  Skipped error checking but detected pattern: containing_no_response_from_container command: sudo vtysh -c 'show running-config | include hostname'
2024-01-07 01:28:31,371 T0000: WARN  #### gw2 IGNORED ERROR system/test_ssh.py::test_ft_ssh_add_user_verify
2024-01-07 01:28:31,371 T0000: WARN  Skipped error checking but detected pattern: containing_no_response_from_container command: sudo vtysh -c 'show running-config | include hostname'
2024-01-07 01:30:35,591 T0345: INFO  #### gw2  system/test_ssh.py::test_ft_ssh_add_user_verify
2024-01-07 01:30:35,592 T0345: INFO  support testcase test_ft_controlplane_acl_service_sshv4 Pass 'SSH failed'
2024-01-07 01:30:35,594 T0346: INFO  #### gw2  system/test_ssh.py::test_ft_ssh_add_user_verify
2024-01-07 01:30:35,594 T0346: INFO  support testcase test_ft_controlplane_acl_service_sshv4 Pass 'SSH failed'
2024-01-07 01:30:35,602 T0347: INFO  #### gw2  system/test_ssh.py::test_ft_ssh_add_user_verify
2024-01-07 01:30:35,602 T0347: INFO  support testcase test_ft_controlplane_acl_service_sshv6 Pass 'SSH failed'
2024-01-07 01:30:35,604 T0348: INFO  #### gw2  system/test_ssh.py::test_ft_ssh_add_user_verify
2024-01-07 01:30:35,604 T0348: INFO  support testcase test_ft_controlplane_acl_service_sshv6 Pass 'SSH failed'
2024-01-07 01:30:35,609 T0349: WARN  #### gw2  system/test_ssh.py::test_ft_ssh_add_user_verify
2024-01-07 01:30:35,609 T0349: WARN  support testcase test_ft_controlplane_acl_service_snmp Fail 'SNMP output is not found after walk of with control plane ACL service SNMP after reboot OID'
2024-01-07 01:30:35,611 T0350: WARN  #### gw2  system/test_ssh.py::test_ft_ssh_add_user_verify
2024-01-07 01:30:35,611 T0350: WARN  support testcase test_ft_controlplane_acl_service_snmp Fail 'SNMP output is not found after walk of with control plane ACL service SNMP after reboot OID'
2024-01-07 01:32:40,599 T0355: WARN  #### gw2  system/test_ssh.py::test_ft_ssh_add_user_verify
2024-01-07 01:32:40,599 T0355: WARN  support pre-function-epilog test_ft_ssh_add_user_verify Fail 'Test case Failed.'
2024-01-07 01:32:40,601 T0356: WARN  #### gw2  system/test_ssh.py::test_ft_ssh_add_user_verify
2024-01-07 01:32:40,601 T0356: WARN  support pre-function-epilog test_ft_ssh_add_user_verify Fail 'Test case Failed.'
2024-01-07 01:32:41,037 T0357: WARN  #### gw2  system/test_ssh.py::test_ft_ssh_add_user_verify
2024-01-07 01:32:41,037 T0357: WARN  support post-function-epilog test_ft_ssh_add_user_verify ignore 'Test case Failed.'
2024-01-07 01:32:41,039 T0358: WARN  #### gw2  system/test_ssh.py::test_ft_ssh_add_user_verify
2024-01-07 01:32:41,039 T0358: WARN  support post-function-epilog test_ft_ssh_add_user_verify ignore 'Test case Failed.'
2024-01-07 01:32:46,664 T0364: INFO  #### gw2  system/test_ssh.py
2024-01-07 01:32:46,664 T0364: INFO  support pre-function-prolog test_ft_verify_logs_at_the_time_of_ssh_login_success  ''
2024-01-07 01:32:46,668 T0365: INFO  #### gw2  system/test_ssh.py
2024-01-07 01:32:46,668 T0365: INFO  support pre-function-prolog test_ft_verify_logs_at_the_time_of_ssh_login_success  ''
2024-01-07 01:32:46,678 T0366: INFO  #### gw2  system/test_ssh.py::test_ft_verify_logs_at_the_time_of_ssh_login_success
2024-01-07 01:32:46,678 T0366: INFO  support post-function-prolog test_ft_verify_logs_at_the_time_of_ssh_login_success Pass ''
2024-01-07 01:32:46,680 T0367: INFO  #### gw2  system/test_ssh.py::test_ft_verify_logs_at_the_time_of_ssh_login_success
2024-01-07 01:32:46,680 T0367: INFO  support post-function-prolog test_ft_verify_logs_at_the_time_of_ssh_login_success Pass ''
2024-01-07 01:33:03,133 T0370: INFO  #### gw2  system/test_ssh.py::test_ft_verify_logs_at_the_time_of_ssh_login_success
2024-01-07 01:33:03,133 T0370: INFO  support pre-function-epilog test_ft_verify_logs_at_the_time_of_ssh_login_success Pass 'Test case passed'
2024-01-07 01:33:03,135 T0371: INFO  #### gw2  system/test_ssh.py::test_ft_verify_logs_at_the_time_of_ssh_login_success
2024-01-07 01:33:03,135 T0371: INFO  support pre-function-epilog test_ft_verify_logs_at_the_time_of_ssh_login_success Pass 'Test case passed'
2024-01-07 01:33:03,147 T0372: INFO  #### gw2  system/test_ssh.py::test_ft_verify_logs_at_the_time_of_ssh_login_success
2024-01-07 01:33:03,147 T0372: INFO  support post-function-epilog test_ft_verify_logs_at_the_time_of_ssh_login_success Pass 'Test case passed'
2024-01-07 01:33:03,149 T0373: INFO  #### gw2  system/test_ssh.py::test_ft_verify_logs_at_the_time_of_ssh_login_success
2024-01-07 01:33:03,149 T0373: INFO  support post-function-epilog test_ft_verify_logs_at_the_time_of_ssh_login_success Pass 'Test case passed'
2024-01-07 01:33:03,188 T0374: WARN  #### gw2  system/test_ssh.py::test_ft_verify_logs_at_the_time_of_ssh_login_success
2024-01-07 01:33:03,188 T0374: WARN  support pre-module-epilog system/test_ssh.py fail ''
2024-01-07 01:33:03,190 T0375: WARN  #### gw2  system/test_ssh.py::test_ft_verify_logs_at_the_time_of_ssh_login_success
2024-01-07 01:33:03,191 T0375: WARN  support pre-module-epilog system/test_ssh.py fail ''
2024-01-07 01:33:57,417 T0400: WARN  #### gw2  system/test_ssh.py::test_ft_verify_logs_at_the_time_of_ssh_login_success
2024-01-07 01:33:57,417 T0400: WARN  support post-module-epilog system/test_ssh.py fail ''
2024-01-07 01:33:57,419 T0401: WARN  #### gw2  system/test_ssh.py::test_ft_verify_logs_at_the_time_of_ssh_login_success
2024-01-07 01:33:57,420 T0401: WARN  support post-module-epilog system/test_ssh.py fail ''
2024-01-07 01:36:03,729 T0449: WARN  #### gw2  batch/test_spytest_infra_1.py::test_spytest_infra_last
2024-01-07 01:36:03,729 T0449: WARN  support session-epilog session pass ''
2024-01-07 01:36:03,731 T0450: WARN  #### gw2  batch/test_spytest_infra_1.py::test_spytest_infra_last
2024-01-07 01:36:03,731 T0450: WARN  support session-epilog session pass ''
2024-01-07 01:04:59,195 T0005: WARN  #### gw3 IGNORED SESSION INIT ERROR
2024-01-07 01:04:59,195 T0005: WARN  Skipped error checking in session init but detected pattern: bash_command_not_found command: end
exit
2024-01-07 01:05:03,474 T0006: WARN  #### gw3 IGNORED SESSION INIT ERROR
2024-01-07 01:05:03,474 T0006: WARN  Skipped error checking in session init but detected pattern: containing_no_response_from_container command: sudo vtysh -c 'show running-config | include hostname'
2024-01-07 01:05:21,860 T0006: WARN  #### gw3 IGNORED SESSION INIT ERROR
2024-01-07 01:05:21,860 T0006: WARN  Skipped error checking in session init but detected pattern: containing_no_response_from_container command: sudo vtysh -c 'show running-config | include hostname'
2024-01-07 01:05:27,889 T0006: WARN  #### gw3 IGNORED SESSION INIT ERROR
2024-01-07 01:05:27,889 T0006: WARN  Skipped error checking in session init but detected pattern: containing_no_response_from_container command: sudo vtysh -c 'show running-config | include hostname'
2024-01-07 01:09:37,995 T0025: WARN  #### gw3
2024-01-07 01:09:37,996 T0025: WARN  support post-session-prolog session pass ''
2024-01-07 01:09:37,998 T0026: WARN  #### gw3
2024-01-07 01:09:37,998 T0026: WARN  support post-session-prolog session pass ''
2024-01-07 01:10:42,686 T0079: INFO  #### gw3
2024-01-07 01:10:42,686 T0079: INFO  support pre-module-prolog switching/test_vlan.py  ''
2024-01-07 01:10:42,688 T0080: INFO  #### gw3
2024-01-07 01:10:42,688 T0080: INFO  support pre-module-prolog switching/test_vlan.py  ''
2024-01-07 01:11:17,412 T0098: INFO  #### gw3  switching/test_vlan.py
2024-01-07 01:11:17,413 T0098: INFO  support post-module-prolog switching/test_vlan.py Pass ''
2024-01-07 01:11:17,417 T0099: INFO  #### gw3  switching/test_vlan.py
2024-01-07 01:11:17,417 T0099: INFO  support post-module-prolog switching/test_vlan.py Pass ''
2024-01-07 01:11:51,153 T0123: INFO  #### gw3  switching/test_vlan.py
2024-01-07 01:11:51,153 T0123: INFO  support pre-function-prolog test_ft_add_unknownvlan_interface  ''
2024-01-07 01:11:51,157 T0124: INFO  #### gw3  switching/test_vlan.py
2024-01-07 01:11:51,157 T0124: INFO  support pre-function-prolog test_ft_add_unknownvlan_interface  ''
2024-01-07 01:11:51,170 T0125: INFO  #### gw3  switching/test_vlan.py::test_ft_add_unknownvlan_interface
2024-01-07 01:11:51,170 T0125: INFO  support post-function-prolog test_ft_add_unknownvlan_interface Pass ''
2024-01-07 01:11:51,172 T0126: INFO  #### gw3  switching/test_vlan.py::test_ft_add_unknownvlan_interface
2024-01-07 01:11:51,172 T0126: INFO  support post-function-prolog test_ft_add_unknownvlan_interface Pass ''
2024-01-07 01:11:52,503 T0000: WARN  #### gw3 IGNORED ERROR switching/test_vlan.py::test_ft_add_unknownvlan_interface
2024-01-07 01:11:52,503 T0000: WARN  Skipped error checking but detected pattern: containing_error command: sudo -s config vlan member add 3755 Ethernet16 -u
2024-01-07 01:11:55,077 T0127: INFO  #### gw3  switching/test_vlan.py::test_ft_add_unknownvlan_interface
2024-01-07 01:11:55,078 T0127: INFO  support pre-function-epilog test_ft_add_unknownvlan_interface Pass 'Test case passed'
2024-01-07 01:11:55,079 T0128: INFO  #### gw3  switching/test_vlan.py::test_ft_add_unknownvlan_interface
2024-01-07 01:11:55,079 T0128: INFO  support pre-function-epilog test_ft_add_unknownvlan_interface Pass 'Test case passed'
2024-01-07 01:11:55,087 T0129: INFO  #### gw3  switching/test_vlan.py::test_ft_add_unknownvlan_interface
2024-01-07 01:11:55,088 T0129: INFO  support post-function-epilog test_ft_add_unknownvlan_interface Pass 'Test case passed'
2024-01-07 01:11:55,089 T0130: INFO  #### gw3  switching/test_vlan.py::test_ft_add_unknownvlan_interface
2024-01-07 01:11:55,089 T0130: INFO  support post-function-epilog test_ft_add_unknownvlan_interface Pass 'Test case passed'
2024-01-07 01:12:00,364 T0136: INFO  #### gw3  switching/test_vlan.py
2024-01-07 01:12:00,364 T0136: INFO  support pre-function-prolog test_ft_vlan_delete_with_member  ''
2024-01-07 01:12:00,367 T0137: INFO  #### gw3  switching/test_vlan.py
2024-01-07 01:12:00,368 T0137: INFO  support pre-function-prolog test_ft_vlan_delete_with_member  ''
2024-01-07 01:12:00,379 T0138: INFO  #### gw3  switching/test_vlan.py::test_ft_vlan_delete_with_member
2024-01-07 01:12:00,379 T0138: INFO  support post-function-prolog test_ft_vlan_delete_with_member Pass ''
2024-01-07 01:12:00,381 T0139: INFO  #### gw3  switching/test_vlan.py::test_ft_vlan_delete_with_member
2024-01-07 01:12:00,381 T0139: INFO  support post-function-prolog test_ft_vlan_delete_with_member Pass ''
2024-01-07 01:12:04,276 T0000: WARN  #### gw3 IGNORED ERROR switching/test_vlan.py::test_ft_vlan_delete_with_member
2024-01-07 01:12:04,276 T0000: WARN  Skipped error checking but detected pattern: containing_error command: sudo -s config vlan del 3755
2024-01-07 01:12:09,439 T0140: INFO  #### gw3  switching/test_vlan.py::test_ft_vlan_delete_with_member
2024-01-07 01:12:09,439 T0140: INFO  support pre-function-epilog test_ft_vlan_delete_with_member Pass 'Test case passed'
2024-01-07 01:12:09,440 T0141: INFO  #### gw3  switching/test_vlan.py::test_ft_vlan_delete_with_member
2024-01-07 01:12:09,441 T0141: INFO  support pre-function-epilog test_ft_vlan_delete_with_member Pass 'Test case passed'
2024-01-07 01:12:09,449 T0142: INFO  #### gw3  switching/test_vlan.py::test_ft_vlan_delete_with_member
2024-01-07 01:12:09,450 T0142: INFO  support post-function-epilog test_ft_vlan_delete_with_member Pass 'Test case passed'
2024-01-07 01:12:09,451 T0143: INFO  #### gw3  switching/test_vlan.py::test_ft_vlan_delete_with_member
2024-01-07 01:12:09,451 T0143: INFO  support post-function-epilog test_ft_vlan_delete_with_member Pass 'Test case passed'
2024-01-07 01:12:14,693 T0149: INFO  #### gw3  switching/test_vlan.py
2024-01-07 01:12:14,694 T0149: INFO  support pre-function-prolog test_ft_vlan_trunk_tagged  ''
2024-01-07 01:12:14,698 T0150: INFO  #### gw3  switching/test_vlan.py
2024-01-07 01:12:14,698 T0150: INFO  support pre-function-prolog test_ft_vlan_trunk_tagged  ''
2024-01-07 01:12:14,708 T0151: INFO  #### gw3  switching/test_vlan.py::test_ft_vlan_trunk_tagged
2024-01-07 01:12:14,709 T0151: INFO  support post-function-prolog test_ft_vlan_trunk_tagged Pass ''
2024-01-07 01:12:14,711 T0152: INFO  #### gw3  switching/test_vlan.py::test_ft_vlan_trunk_tagged
2024-01-07 01:12:14,711 T0152: INFO  support post-function-prolog test_ft_vlan_trunk_tagged Pass ''
2024-01-07 01:13:36,080 T0153: INFO  #### gw3  switching/test_vlan.py::test_ft_vlan_trunk_tagged
2024-01-07 01:13:36,081 T0153: INFO  support pre-function-epilog test_ft_vlan_trunk_tagged Pass 'Test case passed'
2024-01-07 01:13:36,085 T0154: INFO  #### gw3  switching/test_vlan.py::test_ft_vlan_trunk_tagged
2024-01-07 01:13:36,086 T0154: INFO  support pre-function-epilog test_ft_vlan_trunk_tagged Pass 'Test case passed'
2024-01-07 01:13:36,098 T0155: INFO  #### gw3  switching/test_vlan.py::test_ft_vlan_trunk_tagged
2024-01-07 01:13:36,098 T0155: INFO  support post-function-epilog test_ft_vlan_trunk_tagged Pass 'Test case passed'
2024-01-07 01:13:36,100 T0156: INFO  #### gw3  switching/test_vlan.py::test_ft_vlan_trunk_tagged
2024-01-07 01:13:36,101 T0156: INFO  support post-function-epilog test_ft_vlan_trunk_tagged Pass 'Test case passed'
2024-01-07 01:13:41,439 T0162: INFO  #### gw3  switching/test_vlan.py
2024-01-07 01:13:41,440 T0162: INFO  support pre-function-prolog test_ft_vlan_save_config_warm_and_fast_reboot  ''
2024-01-07 01:13:41,444 T0163: INFO  #### gw3  switching/test_vlan.py
2024-01-07 01:13:41,444 T0163: INFO  support pre-function-prolog test_ft_vlan_save_config_warm_and_fast_reboot  ''
2024-01-07 01:13:41,456 T0164: INFO  #### gw3  switching/test_vlan.py::test_ft_vlan_save_config_warm_and_fast_reboot
2024-01-07 01:13:41,456 T0164: INFO  support post-function-prolog test_ft_vlan_save_config_warm_and_fast_reboot Pass ''
2024-01-07 01:13:41,458 T0165: INFO  #### gw3  switching/test_vlan.py::test_ft_vlan_save_config_warm_and_fast_reboot
2024-01-07 01:13:41,458 T0165: INFO  support post-function-prolog test_ft_vlan_save_config_warm_and_fast_reboot Pass ''
2024-01-07 01:25:33,538 T0000: WARN  #### gw3 IGNORED ERROR switching/test_vlan.py::test_ft_vlan_save_config_warm_and_fast_reboot
2024-01-07 01:25:33,538 T0000: WARN  Skipped error checking but detected pattern: containing_python_traceback command: sudo -s fast-reboot
2024-01-07 01:26:26,272 T0000: ERROR #### gw3 Exception switching/test_vlan.py::test_ft_vlan_save_config_warm_and_fast_reboot
2024-01-07 01:26:26,272 T0000: ERROR Exception TypeError 'NoneType' object is not subscriptable in file /apis/system/basic.py at line 1389
2024-01-07 01:26:26,272 T0000: ERROR [0] /apis/system/basic.py:1389 is_warm_boot_support return bool(platform.lower() in features_support_data[key])
2024-01-07 01:26:26,272 T0000: ERROR [1] /apis/system/reboot.py:83 warm_reboot if (st.getenv("SPYTEST_UNSUPPORT_TD4_WARM_REBOOT") and basic.is_td4_platform(dut)) or basic.is_warm_boot_support(dut, is_support=False):
2024-01-07 01:26:26,272 T0000: ERROR [2] /tests/switching/test_vlan.py:906 test_ft_vlan_save_config_warm_and_fast_reboot reboot.warm_reboot(vars.D1)
2024-01-07 01:26:26,274 T0166: WARN  #### gw3  switching/test_vlan.py::test_ft_vlan_save_config_warm_and_fast_reboot
2024-01-07 01:26:26,274 T0166: WARN  support post-function-epilog test_ft_vlan_save_config_warm_and_fast_reboot ScriptError 'Exception TypeError 'NoneType' object is not subscriptable in file /apis/system/basic.py at line 1389'
2024-01-07 01:26:26,275 T0167: WARN  #### gw3  switching/test_vlan.py::test_ft_vlan_save_config_warm_and_fast_reboot
2024-01-07 01:26:26,276 T0167: WARN  support post-function-epilog test_ft_vlan_save_config_warm_and_fast_reboot ScriptError 'Exception TypeError 'NoneType' object is not subscriptable in file /apis/system/basic.py at line 1389'
2024-01-07 01:26:26,292 T0000: ERROR #### gw3  switching/test_vlan.py::test_ft_vlan_save_config_warm_and_fast_reboot
2024-01-07 01:26:26,292 T0000: ERROR

==================== REMOTE ALERTS ============================
################################################################################
drop the rate from 2000 to 100
################################################################################
################################################################################
drop the rate from 2000 to 100
################################################################################
################################################################################
drop the rate from 2000 to 100
################################################################################
===============================================================


2024-01-07 01:26:26,315 T0168: WARN  #### gw3  switching/test_vlan.py::test_ft_vlan_save_config_warm_and_fast_reboot
2024-01-07 01:26:26,315 T0168: WARN  support pre-module-epilog switching/test_vlan.py fail ''
2024-01-07 01:26:26,317 T0169: WARN  #### gw3  switching/test_vlan.py::test_ft_vlan_save_config_warm_and_fast_reboot
2024-01-07 01:26:26,317 T0169: WARN  support pre-module-epilog switching/test_vlan.py fail ''
2024-01-07 01:26:53,266 T0186: WARN  #### gw3  switching/test_vlan.py::test_ft_vlan_save_config_warm_and_fast_reboot
2024-01-07 01:26:53,267 T0186: WARN  support post-module-epilog switching/test_vlan.py fail ''
2024-01-07 01:26:53,269 T0187: WARN  #### gw3  switching/test_vlan.py::test_ft_vlan_save_config_warm_and_fast_reboot
2024-01-07 01:26:53,269 T0187: WARN  support post-module-epilog switching/test_vlan.py fail ''
2024-01-07 01:31:33,320 T0249: INFO  #### gw3
2024-01-07 01:31:33,321 T0249: INFO  support pre-module-prolog system/test_lldp.py  ''
2024-01-07 01:31:33,323 T0250: INFO  #### gw3
2024-01-07 01:31:33,323 T0250: INFO  support pre-module-prolog system/test_lldp.py  ''
2024-01-07 01:33:33,966 T0267: WARN  #### gw3  system/test_lldp.py
2024-01-07 01:33:33,966 T0267: WARN  support post-module-epilog system/test_lldp.py fail ''
2024-01-07 01:33:33,968 T0268: WARN  #### gw3  system/test_lldp.py
2024-01-07 01:33:33,969 T0268: WARN  support post-module-epilog system/test_lldp.py fail ''
2024-01-07 01:38:02,339 T0333: INFO  #### gw3
2024-01-07 01:38:02,340 T0333: INFO  support pre-module-prolog system/test_interface.py  ''
2024-01-07 01:38:02,343 T0334: INFO  #### gw3
2024-01-07 01:38:02,344 T0334: INFO  support pre-module-prolog system/test_interface.py  ''
2024-01-07 01:38:46,112 T0351: INFO  #### gw3  system/test_interface.py
2024-01-07 01:38:46,112 T0351: INFO  support post-module-prolog system/test_interface.py Pass ''
2024-01-07 01:38:46,115 T0352: INFO  #### gw3  system/test_interface.py
2024-01-07 01:38:46,115 T0352: INFO  support post-module-prolog system/test_interface.py Pass ''
2024-01-07 01:39:18,786 T0376: INFO  #### gw3  system/test_interface.py
2024-01-07 01:39:18,786 T0376: INFO  support pre-function-prolog test_ft_port_fn_verify_shut_noshut  ''
2024-01-07 01:39:18,790 T0377: INFO  #### gw3  system/test_interface.py
2024-01-07 01:39:18,791 T0377: INFO  support pre-function-prolog test_ft_port_fn_verify_shut_noshut  ''
2024-01-07 01:39:18,803 T0378: INFO  #### gw3  system/test_interface.py::test_ft_port_fn_verify_shut_noshut
2024-01-07 01:39:18,804 T0378: INFO  support post-function-prolog test_ft_port_fn_verify_shut_noshut Pass ''
2024-01-07 01:39:18,806 T0379: INFO  #### gw3  system/test_interface.py::test_ft_port_fn_verify_shut_noshut
2024-01-07 01:39:18,806 T0379: INFO  support post-function-prolog test_ft_port_fn_verify_shut_noshut Pass ''
2024-01-07 01:40:10,670 T0380: WARN  #### gw3  system/test_interface.py::test_ft_port_fn_verify_shut_noshut
2024-01-07 01:40:10,671 T0380: WARN  support pre-function-epilog test_ft_port_fn_verify_shut_noshut DUTFail 'Error response from daemon: Container is not running'
2024-01-07 01:40:10,672 T0381: WARN  #### gw3  system/test_interface.py::test_ft_port_fn_verify_shut_noshut
2024-01-07 01:40:10,672 T0381: WARN  support pre-function-epilog test_ft_port_fn_verify_shut_noshut DUTFail 'Error response from daemon: Container is not running'
2024-01-07 01:40:11,641 T0382: WARN  #### gw3  system/test_interface.py::test_ft_port_fn_verify_shut_noshut
2024-01-07 01:40:11,641 T0382: WARN  support post-function-epilog test_ft_port_fn_verify_shut_noshut ignore 'Error response from daemon: Container is not running'
2024-01-07 01:40:11,645 T0383: WARN  #### gw3  system/test_interface.py::test_ft_port_fn_verify_shut_noshut
2024-01-07 01:40:11,645 T0383: WARN  support post-function-epilog test_ft_port_fn_verify_shut_noshut ignore 'Error response from daemon: Container is not running'
2024-01-07 01:40:11,683 T0384: WARN  #### gw3  system/test_interface.py::test_ft_port_fn_verify_shut_noshut
2024-01-07 01:40:11,683 T0384: WARN  support pre-module-epilog system/test_interface.py fail ''
2024-01-07 01:40:11,685 T0385: WARN  #### gw3  system/test_interface.py::test_ft_port_fn_verify_shut_noshut
2024-01-07 01:40:11,685 T0385: WARN  support pre-module-epilog system/test_interface.py fail ''
2024-01-07 01:40:40,973 T0404: WARN  #### gw3  system/test_interface.py::test_ft_port_fn_verify_shut_noshut
2024-01-07 01:40:40,973 T0404: WARN  support post-module-epilog system/test_interface.py fail ''
2024-01-07 01:40:40,979 T0405: WARN  #### gw3  system/test_interface.py::test_ft_port_fn_verify_shut_noshut
2024-01-07 01:40:40,979 T0405: WARN  support post-module-epilog system/test_interface.py fail ''
2024-01-07 01:43:39,012 T0450: WARN  #### gw3  batch/test_spytest_infra_1.py::test_spytest_infra_last
2024-01-07 01:43:39,012 T0450: WARN  support session-epilog session pass ''
2024-01-07 01:43:39,014 T0451: WARN  #### gw3  batch/test_spytest_infra_1.py::test_spytest_infra_last
2024-01-07 01:43:39,014 T0451: WARN  support session-epilog session pass ''