2023-12-26 00:22:40.982170 = START
2023-12-26 00:22:42.089972 = device connections start
2023-12-26 00:23:15.338822 = device connections finish
2023-12-26 00:23:15.343711 = session init start
2023-12-26 00:25:50.792198 = report file generation start
2023-12-26 00:25:50.881349 = report file generation end
2023-12-26 00:26:14.983814 = session init end
2023-12-26 00:26:14.986546 = Framework Module Hook Start
2023-12-26 00:26:15.403292 = module test_spytest_infra_1.py init start
2023-12-26 00:26:19.652251 = module test_spytest_infra_1.py init end
2023-12-26 00:26:19.652962 = Framework Module Hook end
2023-12-26 00:26:19.653354 = Framework Function Hook Start
2023-12-26 00:26:23.941078 = function batch/test_spytest_infra_1.py::test_spytest_infra_first init start
2023-12-26 00:26:28.700801 = function batch/test_spytest_infra_1.py::test_spytest_infra_first init end
2023-12-26 00:26:28.701832 = Framework Function Hook end
2023-12-26 00:26:28.705240 = Module Config Time (2023-12-26 00:26:14.986656 - 2023-12-26 00:26:19.653738) Published
2023-12-26 00:26:28.706975 = function batch/test_spytest_infra_1.py::test_spytest_infra_first clean start
2023-12-26 00:26:28.717641 = Test Time (2023-12-26 00:26:23.941175 - 2023-12-26 00:26:28.717632) Published
2023-12-26 00:26:28.723243 = function batch/test_spytest_infra_1.py::test_spytest_infra_first clean end
2023-12-26 00:26:28.723640 = Framework Function Hook Finalize
2023-12-26 00:26:28.878420 = Framework Function Hook Start
2023-12-26 00:26:28.879601 = function batch/test_spytest_infra_1.py::test_spytest_infra_second init start
2023-12-26 00:26:33.644378 = function batch/test_spytest_infra_1.py::test_spytest_infra_second init end
2023-12-26 00:26:33.645448 = Framework Function Hook end
2023-12-26 00:26:33.649048 = function batch/test_spytest_infra_1.py::test_spytest_infra_second clean start
2023-12-26 00:26:33.661607 = Test Time (2023-12-26 00:26:28.879791 - 2023-12-26 00:26:33.661597) Published
2023-12-26 00:26:33.666818 = function batch/test_spytest_infra_1.py::test_spytest_infra_second clean end
2023-12-26 00:26:33.667232 = Framework Function Hook Finalize
2023-12-26 00:26:33.667410 = module test_spytest_infra_1.py clean start
2023-12-26 00:26:36.227090 = report file generation start
2023-12-26 00:26:36.310607 = report file generation end
2023-12-26 00:26:36.315879 = module test_spytest_infra_1.py clean end
2023-12-26 00:26:36.316549 = Framework Module Hook Finalize
2023-12-26 00:26:36.319422 = Framework Module Hook Start
2023-12-26 00:26:36.729749 = module test_nat.py init start
2023-12-26 00:27:05.071484 = module test_nat.py init end
2023-12-26 00:27:05.071934 = Framework Module Hook end
2023-12-26 00:27:05.072336 = User Module routing/NAT/test_nat.py Hook Start
2023-12-26 00:27:44.497342 = User Module routing/NAT/test_nat.py Hook end
2023-12-26 00:27:44.497756 = Framework Function Hook Start
2023-12-26 00:28:12.998329 = function routing/NAT/test_nat.py::test_ft_nat_docker_restart init start
2023-12-26 00:28:17.712523 = function routing/NAT/test_nat.py::test_ft_nat_docker_restart init end
2023-12-26 00:28:17.713032 = Framework Function Hook end
2023-12-26 00:28:17.713728 = User Function routing/NAT/test_nat.py::test_ft_nat_docker_restart Hook Start
2023-12-26 00:28:20.750628 = User Function routing/NAT/test_nat.py::test_ft_nat_docker_restart Hook end
2023-12-26 00:28:20.752361 = Module Config Time (2023-12-26 00:26:36.319489 - 2023-12-26 00:27:44.497848) Published
2023-12-26 00:28:58.367686 = User Function routing/NAT/test_nat.py::test_ft_nat_docker_restart Hook Finalize
2023-12-26 00:28:58.367874 = function routing/NAT/test_nat.py::test_ft_nat_docker_restart clean start
2023-12-26 00:28:58.380691 = Test Time (2023-12-26 00:28:12.998423 - 2023-12-26 00:28:58.380676) Published
2023-12-26 00:28:58.386178 = function routing/NAT/test_nat.py::test_ft_nat_docker_restart clean end
2023-12-26 00:28:58.386547 = Framework Function Hook Finalize
2023-12-26 00:29:35.160510 = User Module routing/NAT/test_nat.py Hook Finalize
2023-12-26 00:29:35.160710 = module test_nat.py clean start
2023-12-26 00:30:01.743453 = report file generation start
2023-12-26 00:30:01.830214 = report file generation end
2023-12-26 00:30:01.835429 = module test_nat.py clean end
2023-12-26 00:30:01.836145 = Framework Module Hook Finalize
2023-12-26 00:30:02.575512 = Framework Module Hook Start
2023-12-26 00:30:02.993020 = module test_spytest_infra_1.py init start
2023-12-26 00:31:18.982445 = module test_spytest_infra_1.py init end
2023-12-26 00:31:18.982750 = Framework Module Hook end
2023-12-26 00:31:18.983093 = Framework Function Hook Start
2023-12-26 00:31:23.270326 = function batch/test_spytest_infra_1.py::test_spytest_infra_last init start
2023-12-26 00:31:27.981035 = function batch/test_spytest_infra_1.py::test_spytest_infra_last init end
2023-12-26 00:31:27.982075 = Framework Function Hook end
2023-12-26 00:31:27.983601 = Module Config Time (2023-12-26 00:30:02.575671 - 2023-12-26 00:31:18.983177) Published
2023-12-26 00:31:27.986811 = function batch/test_spytest_infra_1.py::test_spytest_infra_last clean start
2023-12-26 00:31:27.999314 = Test Time (2023-12-26 00:31:23.270421 - 2023-12-26 00:31:27.999303) Published
2023-12-26 00:31:28.004642 = function batch/test_spytest_infra_1.py::test_spytest_infra_last clean end
2023-12-26 00:31:28.004974 = Framework Function Hook Finalize
2023-12-26 00:31:28.005140 = module test_spytest_infra_1.py clean start
2023-12-26 00:31:30.454436 = report file generation start
2023-12-26 00:31:30.535739 = report file generation end
2023-12-26 00:31:30.540769 = module test_spytest_infra_1.py clean end
2023-12-26 00:31:30.541121 = Framework Module Hook Finalize
2023-12-26 00:31:30.543067 = Framework Module Hook Start
2023-12-26 00:31:30.953641 = module test_arp.py init start
2023-12-26 00:34:30.064123 = module test_arp.py init end
2023-12-26 00:34:30.064797 = Framework Module Hook end
2023-12-26 00:34:30.065367 = User Module routing/test_arp.py Hook Start
2023-12-26 00:34:50.975174 = User Module routing/test_arp.py Hook end
2023-12-26 00:34:50.976069 = Framework Function Hook Start
2023-12-26 00:35:19.508705 = function routing/test_arp.py::test_ft_arp_dynamic_renew_traffic_test init start
2023-12-26 00:35:24.191185 = function routing/test_arp.py::test_ft_arp_dynamic_renew_traffic_test init end
2023-12-26 00:35:24.192522 = Framework Function Hook end
2023-12-26 00:35:24.193552 = User Function routing/test_arp.py::test_ft_arp_dynamic_renew_traffic_test Hook Start
2023-12-26 00:35:24.196119 = User Function routing/test_arp.py::test_ft_arp_dynamic_renew_traffic_test Hook end
2023-12-26 00:35:24.196280 = User Function routing/test_arp.py::test_ft_arp_dynamic_renew_traffic_test Hook Start
2023-12-26 00:35:24.198672 = User Function routing/test_arp.py::test_ft_arp_dynamic_renew_traffic_test Hook end
2023-12-26 00:35:24.199785 = Module Config Time (2023-12-26 00:31:30.543125 - 2023-12-26 00:34:50.976356) Published
2023-12-26 00:36:18.563797 = User Function routing/test_arp.py::test_ft_arp_dynamic_renew_traffic_test Hook Finalize
2023-12-26 00:36:18.564193 = User Function routing/test_arp.py::test_ft_arp_dynamic_renew_traffic_test Hook Finalize
2023-12-26 00:36:18.564367 = function routing/test_arp.py::test_ft_arp_dynamic_renew_traffic_test clean start
2023-12-26 00:36:18.576716 = Test Time (2023-12-26 00:35:19.508807 - 2023-12-26 00:36:18.576708) Published
2023-12-26 00:36:18.581953 = function routing/test_arp.py::test_ft_arp_dynamic_renew_traffic_test clean end
2023-12-26 00:36:18.582252 = Framework Function Hook Finalize
2023-12-26 00:36:49.219398 = User Module routing/test_arp.py Hook Finalize
2023-12-26 00:36:49.219612 = module test_arp.py clean start
2023-12-26 00:37:15.799052 = report file generation start
2023-12-26 00:37:15.881964 = report file generation end
2023-12-26 00:37:15.887123 = module test_arp.py clean end
2023-12-26 00:37:15.887577 = Framework Module Hook Finalize
2023-12-26 00:37:15.974136 = Framework Module Hook Start
2023-12-26 00:37:16.388036 = module test_spytest_infra_1.py init start
2023-12-26 00:38:32.381512 = module test_spytest_infra_1.py init end
2023-12-26 00:38:32.382096 = Framework Module Hook end
2023-12-26 00:38:32.382726 = Framework Function Hook Start
2023-12-26 00:38:36.680132 = function batch/test_spytest_infra_1.py::test_spytest_infra_last init start
2023-12-26 00:38:41.360550 = function batch/test_spytest_infra_1.py::test_spytest_infra_last init end
2023-12-26 00:38:41.362275 = Framework Function Hook end
2023-12-26 00:38:41.365692 = Module Config Time (2023-12-26 00:37:15.974278 - 2023-12-26 00:38:32.382885) Published
2023-12-26 00:38:41.369000 = function batch/test_spytest_infra_1.py::test_spytest_infra_last clean start
2023-12-26 00:38:41.379109 = Test Time (2023-12-26 00:38:36.680279 - 2023-12-26 00:38:41.379102) Published
2023-12-26 00:38:41.384285 = function batch/test_spytest_infra_1.py::test_spytest_infra_last clean end
2023-12-26 00:38:41.384588 = Framework Function Hook Finalize
2023-12-26 00:38:41.384767 = module test_spytest_infra_1.py clean start
2023-12-26 00:38:44.035619 = report file generation start
2023-12-26 00:38:44.117928 = report file generation end
2023-12-26 00:38:44.122820 = module test_spytest_infra_1.py clean end
2023-12-26 00:38:44.123199 = Framework Module Hook Finalize
2023-12-26 00:38:44.123643 = session clean start
2023-12-26 00:38:44.132477 = report file generation start
2023-12-26 00:38:44.213462 = report file generation end
2023-12-26 00:38:44.913619 = session clean end
