2023-12-29 00:10:13.394658 = START
2023-12-29 00:10:14.559425 = device connections start
2023-12-29 00:10:47.889168 = device connections finish
2023-12-29 00:10:47.893595 = session init start
2023-12-29 00:13:02.866342 = report file generation start
2023-12-29 00:13:02.996522 = report file generation end
2023-12-29 00:13:27.137204 = session init end
2023-12-29 00:13:27.139482 = Framework Module Hook Start
2023-12-29 00:13:27.550233 = module test_spytest_infra_1.py init start
2023-12-29 00:13:31.766356 = module test_spytest_infra_1.py init end
2023-12-29 00:13:31.767135 = Framework Module Hook end
2023-12-29 00:13:31.768340 = Framework Function Hook Start
2023-12-29 00:13:36.058438 = function batch/test_spytest_infra_1.py::test_spytest_infra_first init start
2023-12-29 00:13:40.828173 = function batch/test_spytest_infra_1.py::test_spytest_infra_first init end
2023-12-29 00:13:40.828692 = Framework Function Hook end
2023-12-29 00:13:40.830467 = Module Config Time (2023-12-29 00:13:27.139552 - 2023-12-29 00:13:31.769378) Published
2023-12-29 00:13:40.831948 = function batch/test_spytest_infra_1.py::test_spytest_infra_first clean start
2023-12-29 00:13:40.842065 = Test Time (2023-12-29 00:13:36.058536 - 2023-12-29 00:13:40.842058) Published
2023-12-29 00:13:40.847701 = function batch/test_spytest_infra_1.py::test_spytest_infra_first clean end
2023-12-29 00:13:40.847983 = Framework Function Hook Finalize
2023-12-29 00:13:40.987534 = Framework Function Hook Start
2023-12-29 00:13:40.988436 = function batch/test_spytest_infra_1.py::test_spytest_infra_second init start
2023-12-29 00:13:45.708062 = function batch/test_spytest_infra_1.py::test_spytest_infra_second init end
2023-12-29 00:13:45.709062 = Framework Function Hook end
2023-12-29 00:13:45.712714 = function batch/test_spytest_infra_1.py::test_spytest_infra_second clean start
2023-12-29 00:13:45.726556 = Test Time (2023-12-29 00:13:40.988577 - 2023-12-29 00:13:45.726549) Published
2023-12-29 00:13:45.731477 = function batch/test_spytest_infra_1.py::test_spytest_infra_second clean end
2023-12-29 00:13:45.731740 = Framework Function Hook Finalize
2023-12-29 00:13:45.731881 = module test_spytest_infra_1.py clean start
2023-12-29 00:13:48.434363 = report file generation start
2023-12-29 00:13:48.521758 = report file generation end
2023-12-29 00:13:48.526740 = module test_spytest_infra_1.py clean end
2023-12-29 00:13:48.527142 = Framework Module Hook Finalize
2023-12-29 00:13:48.529261 = Framework Module Hook Start
2023-12-29 00:13:48.940050 = module test_l3_performance.py init start
2023-12-29 00:14:17.304497 = module test_l3_performance.py init end
2023-12-29 00:14:17.304910 = Framework Module Hook end
2023-12-29 00:14:17.305252 = User Module routing/test_l3_performance.py Hook Start
2023-12-29 00:14:37.870415 = User Module routing/test_l3_performance.py Hook end
2023-12-29 00:14:37.871002 = Framework Function Hook Start
2023-12-29 00:15:08.082947 = function routing/test_l3_performance.py::test_ft_l3_performance_enhancements_v4_route_intstall_withdraw init start
2023-12-29 00:15:13.125730 = function routing/test_l3_performance.py::test_ft_l3_performance_enhancements_v4_route_intstall_withdraw init end
2023-12-29 00:15:13.126912 = Framework Function Hook end
2023-12-29 00:15:13.127889 = User Function routing/test_l3_performance.py::test_ft_l3_performance_enhancements_v4_route_intstall_withdraw Hook Start
2023-12-29 00:15:13.131044 = User Function routing/test_l3_performance.py::test_ft_l3_performance_enhancements_v4_route_intstall_withdraw Hook end
2023-12-29 00:15:13.131345 = User Function routing/test_l3_performance.py::test_ft_l3_performance_enhancements_v4_route_intstall_withdraw Hook Start
2023-12-29 00:16:26.431309 = User Function routing/test_l3_performance.py::test_ft_l3_performance_enhancements_v4_route_intstall_withdraw Hook end
2023-12-29 00:16:26.432829 = Module Config Time (2023-12-29 00:13:48.529320 - 2023-12-29 00:14:37.871124) Published
2023-12-29 00:17:08.443987 = User Function routing/test_l3_performance.py::test_ft_l3_performance_enhancements_v4_route_intstall_withdraw Hook Finalize
2023-12-29 00:17:08.444781 = User Function routing/test_l3_performance.py::test_ft_l3_performance_enhancements_v4_route_intstall_withdraw Hook Finalize
2023-12-29 00:17:08.445132 = function routing/test_l3_performance.py::test_ft_l3_performance_enhancements_v4_route_intstall_withdraw clean start
2023-12-29 00:17:08.477151 = Test Time (2023-12-29 00:15:08.083058 - 2023-12-29 00:17:08.477143) Published
2023-12-29 00:17:08.482167 = function routing/test_l3_performance.py::test_ft_l3_performance_enhancements_v4_route_intstall_withdraw clean end
2023-12-29 00:17:08.482465 = Framework Function Hook Finalize
2023-12-29 00:17:08.483587 = Framework Function Hook Start
2023-12-29 00:17:08.484177 = function routing/test_l3_performance.py::test_cli_validation_ip_address init start
2023-12-29 00:17:13.864193 = function routing/test_l3_performance.py::test_cli_validation_ip_address init end
2023-12-29 00:17:13.865148 = Framework Function Hook end
2023-12-29 00:17:13.865907 = User Function routing/test_l3_performance.py::test_cli_validation_ip_address Hook Start
2023-12-29 00:17:13.869394 = User Function routing/test_l3_performance.py::test_cli_validation_ip_address Hook end
2023-12-29 00:18:30.839921 = User Function routing/test_l3_performance.py::test_cli_validation_ip_address Hook Finalize
2023-12-29 00:18:30.840207 = function routing/test_l3_performance.py::test_cli_validation_ip_address clean start
2023-12-29 00:18:30.861240 = Test Time (2023-12-29 00:17:08.484240 - 2023-12-29 00:18:30.861226) Published
2023-12-29 00:18:30.867535 = function routing/test_l3_performance.py::test_cli_validation_ip_address clean end
2023-12-29 00:18:30.868055 = Framework Function Hook Finalize
2023-12-29 00:18:30.869399 = Framework Function Hook Start
2023-12-29 00:18:30.869971 = function routing/test_l3_performance.py::test_cli_validation_bgp_router_config init start
2023-12-29 00:18:35.972408 = function routing/test_l3_performance.py::test_cli_validation_bgp_router_config init end
2023-12-29 00:18:35.973254 = Framework Function Hook end
2023-12-29 00:18:35.973948 = User Function routing/test_l3_performance.py::test_cli_validation_bgp_router_config Hook Start
2023-12-29 00:18:35.977349 = User Function routing/test_l3_performance.py::test_cli_validation_bgp_router_config Hook end
2023-12-29 00:18:53.333245 = User Function routing/test_l3_performance.py::test_cli_validation_bgp_router_config Hook Finalize
2023-12-29 00:18:53.333411 = function routing/test_l3_performance.py::test_cli_validation_bgp_router_config clean start
2023-12-29 00:18:53.345992 = Test Time (2023-12-29 00:18:30.870062 - 2023-12-29 00:18:53.345983) Published
2023-12-29 00:18:53.351054 = function routing/test_l3_performance.py::test_cli_validation_bgp_router_config clean end
2023-12-29 00:18:53.351408 = Framework Function Hook Finalize
2023-12-29 00:19:30.928069 = User Module routing/test_l3_performance.py Hook Finalize
2023-12-29 00:19:30.928359 = module test_l3_performance.py clean start
2023-12-29 00:19:58.658073 = report file generation start
2023-12-29 00:19:58.743145 = report file generation end
2023-12-29 00:19:58.748245 = module test_l3_performance.py clean end
2023-12-29 00:19:58.748634 = Framework Module Hook Finalize
2023-12-29 00:19:58.907727 = Framework Module Hook Start
2023-12-29 00:19:59.322477 = module test_spytest_infra_1.py init start
2023-12-29 00:21:23.924445 = module test_spytest_infra_1.py init end
2023-12-29 00:21:23.925178 = Framework Module Hook end
2023-12-29 00:21:23.925933 = Framework Function Hook Start
2023-12-29 00:21:28.216382 = function batch/test_spytest_infra_1.py::test_spytest_infra_last init start
2023-12-29 00:21:33.094035 = function batch/test_spytest_infra_1.py::test_spytest_infra_last init end
2023-12-29 00:21:33.095300 = Framework Function Hook end
2023-12-29 00:21:33.096728 = Module Config Time (2023-12-29 00:19:58.907899 - 2023-12-29 00:21:23.926165) Published
2023-12-29 00:21:33.099506 = function batch/test_spytest_infra_1.py::test_spytest_infra_last clean start
2023-12-29 00:21:33.111870 = Test Time (2023-12-29 00:21:28.216473 - 2023-12-29 00:21:33.111863) Published
2023-12-29 00:21:33.116947 = function batch/test_spytest_infra_1.py::test_spytest_infra_last clean end
2023-12-29 00:21:33.117229 = Framework Function Hook Finalize
2023-12-29 00:21:33.117374 = module test_spytest_infra_1.py clean start
2023-12-29 00:21:35.714890 = report file generation start
2023-12-29 00:21:35.798695 = report file generation end
2023-12-29 00:21:35.803755 = module test_spytest_infra_1.py clean end
2023-12-29 00:21:35.804167 = Framework Module Hook Finalize
2023-12-29 00:21:35.806498 = Framework Module Hook Start
2023-12-29 00:21:36.217396 = module test_device_mgmt.py init start
2023-12-29 00:24:26.057254 = module test_device_mgmt.py init end
2023-12-29 00:24:26.057670 = Framework Module Hook end
2023-12-29 00:24:26.058016 = User Module system/test_device_mgmt.py Hook Start
2023-12-29 00:24:26.059067 = User Module system/test_device_mgmt.py Hook end
2023-12-29 00:24:26.059427 = Framework Function Hook Start
2023-12-29 00:24:54.555261 = function system/test_device_mgmt.py::test_ft_ip_static_ip_on_mgmt_intrf init start
2023-12-29 00:24:59.377136 = function system/test_device_mgmt.py::test_ft_ip_static_ip_on_mgmt_intrf init end
2023-12-29 00:24:59.377633 = Framework Function Hook end
2023-12-29 00:24:59.378134 = User Function system/test_device_mgmt.py::test_ft_ip_static_ip_on_mgmt_intrf Hook Start
2023-12-29 00:24:59.381697 = User Function system/test_device_mgmt.py::test_ft_ip_static_ip_on_mgmt_intrf Hook end
2023-12-29 00:24:59.382691 = Module Config Time (2023-12-29 00:21:35.806560 - 2023-12-29 00:24:26.059531) Published
2023-12-29 00:25:18.803846 = User Function system/test_device_mgmt.py::test_ft_ip_static_ip_on_mgmt_intrf Hook Finalize
2023-12-29 00:25:18.804010 = function system/test_device_mgmt.py::test_ft_ip_static_ip_on_mgmt_intrf clean start
2023-12-29 00:25:18.815205 = Test Time (2023-12-29 00:24:54.555358 - 2023-12-29 00:25:18.815197) Published
2023-12-29 00:25:18.820257 = function system/test_device_mgmt.py::test_ft_ip_static_ip_on_mgmt_intrf clean end
2023-12-29 00:25:18.820553 = Framework Function Hook Finalize
2023-12-29 00:25:43.055685 = User Module system/test_device_mgmt.py Hook Finalize
2023-12-29 00:25:43.055878 = module test_device_mgmt.py clean start
2023-12-29 00:26:09.990043 = report file generation start
2023-12-29 00:26:10.073400 = report file generation end
2023-12-29 00:26:10.078656 = module test_device_mgmt.py clean end
2023-12-29 00:26:10.079142 = Framework Module Hook Finalize
2023-12-29 00:26:10.162727 = Framework Module Hook Start
2023-12-29 00:26:10.577943 = module test_spytest_infra_1.py init start
2023-12-29 00:27:28.490322 = module test_spytest_infra_1.py init end
2023-12-29 00:27:28.491114 = Framework Module Hook end
2023-12-29 00:27:28.491945 = Framework Function Hook Start
2023-12-29 00:27:32.781894 = function batch/test_spytest_infra_1.py::test_spytest_infra_last init start
2023-12-29 00:27:37.546773 = function batch/test_spytest_infra_1.py::test_spytest_infra_last init end
2023-12-29 00:27:37.547844 = Framework Function Hook end
2023-12-29 00:27:37.549326 = Module Config Time (2023-12-29 00:26:10.162874 - 2023-12-29 00:27:28.492178) Published
2023-12-29 00:27:37.551911 = function batch/test_spytest_infra_1.py::test_spytest_infra_last clean start
2023-12-29 00:27:37.563959 = Test Time (2023-12-29 00:27:32.781988 - 2023-12-29 00:27:37.563949) Published
2023-12-29 00:27:37.569006 = function batch/test_spytest_infra_1.py::test_spytest_infra_last clean end
2023-12-29 00:27:37.569382 = Framework Function Hook Finalize
2023-12-29 00:27:37.569554 = module test_spytest_infra_1.py clean start
2023-12-29 00:27:40.074411 = report file generation start
2023-12-29 00:27:40.157817 = report file generation end
2023-12-29 00:27:40.162859 = module test_spytest_infra_1.py clean end
2023-12-29 00:27:40.163319 = Framework Module Hook Finalize
2023-12-29 00:27:40.163839 = session clean start
2023-12-29 00:27:40.180345 = report file generation start
2023-12-29 00:27:40.271957 = report file generation end
2023-12-29 00:27:40.980335 = session clean end
