2023-12-29 00:13:02,996 T0000: WARN  #### gw6  
2023-12-29 00:13:02,996 T0000: WARN  support post-session-prolog session pass ''
2023-12-29 00:13:53,148 T0000: INFO  #### gw6  
2023-12-29 00:13:53,148 T0000: INFO  support pre-module-prolog routing/test_l3_performance.py  ''
2023-12-29 00:14:37,872 T0000: INFO  #### gw6  routing/test_l3_performance.py
2023-12-29 00:14:37,872 T0000: INFO  support post-module-prolog routing/test_l3_performance.py Pass ''
2023-12-29 00:15:13,114 T0000: INFO  #### gw6  routing/test_l3_performance.py
2023-12-29 00:15:13,114 T0000: INFO  support pre-function-prolog test_ft_l3_performance_enhancements_v4_route_intstall_withdraw  ''
2023-12-29 00:15:13,128 T0000: INFO  #### gw6  routing/test_l3_performance.py::test_ft_l3_performance_enhancements_v4_route_intstall_withdraw
2023-12-29 00:15:13,128 T0000: INFO  support post-function-prolog test_ft_l3_performance_enhancements_v4_route_intstall_withdraw Pass ''
2023-12-29 00:16:26,428 T0000: INFO  #### gw6  routing/test_l3_performance.py::test_ft_l3_performance_enhancements_v4_route_intstall_withdraw
2023-12-29 00:16:26,428 T0000: INFO  support post-function-prolog test_ft_l3_performance_enhancements_v4_route_intstall_withdraw Pass ''
2023-12-29 00:16:56,516 T0000: INFO  #### gw6  routing/test_l3_performance.py::test_ft_l3_performance_enhancements_v4_route_intstall_withdraw
2023-12-29 00:16:56,516 T0000: INFO  support testcase FtOpSoRtPerfFn025 Pass 'Test case passed'
2023-12-29 00:16:59,947 T0000: INFO  #### gw6  routing/test_l3_performance.py::test_ft_l3_performance_enhancements_v4_route_intstall_withdraw
2023-12-29 00:16:59,947 T0000: INFO  support testcase FtOpSoRtPerfFn053 Pass 'Test case passed'
2023-12-29 00:17:03,836 T0000: WARN  #### gw6  routing/test_l3_performance.py::test_ft_l3_performance_enhancements_v4_route_intstall_withdraw
2023-12-29 00:17:03,836 T0000: WARN  support pre-function-epilog test_ft_l3_performance_enhancements_v4_route_intstall_withdraw Fail 'Route table is not updated after advertising of routes on TG'
2023-12-29 00:17:08,445 T0000: WARN  #### gw6  routing/test_l3_performance.py::test_ft_l3_performance_enhancements_v4_route_intstall_withdraw
2023-12-29 00:17:08,445 T0000: WARN  support post-function-epilog test_ft_l3_performance_enhancements_v4_route_intstall_withdraw ignore 'Route table is not updated after advertising of routes on TG'
2023-12-29 00:17:13,854 T0000: INFO  #### gw6  routing/test_l3_performance.py
2023-12-29 00:17:13,854 T0000: INFO  support pre-function-prolog test_cli_validation_ip_address  ''
2023-12-29 00:17:13,867 T0000: INFO  #### gw6  routing/test_l3_performance.py::test_cli_validation_ip_address
2023-12-29 00:17:13,867 T0000: INFO  support post-function-prolog test_cli_validation_ip_address Pass ''
2023-12-29 00:18:30,829 T0000: INFO  #### gw6  routing/test_l3_performance.py::test_cli_validation_ip_address
2023-12-29 00:18:30,829 T0000: INFO  support testcase FtOpSoRtPerfFn054 Pass 'Test case passed'
2023-12-29 00:18:30,834 T0000: INFO  #### gw6  routing/test_l3_performance.py::test_cli_validation_ip_address
2023-12-29 00:18:30,834 T0000: INFO  support pre-function-epilog test_cli_validation_ip_address Pass 'Test case passed'
2023-12-29 00:18:30,840 T0000: INFO  #### gw6  routing/test_l3_performance.py::test_cli_validation_ip_address
2023-12-29 00:18:30,840 T0000: INFO  support post-function-epilog test_cli_validation_ip_address Pass 'Test case passed'
2023-12-29 00:18:35,963 T0000: INFO  #### gw6  routing/test_l3_performance.py
2023-12-29 00:18:35,963 T0000: INFO  support pre-function-prolog test_cli_validation_bgp_router_config  ''
2023-12-29 00:18:35,975 T0000: INFO  #### gw6  routing/test_l3_performance.py::test_cli_validation_bgp_router_config
2023-12-29 00:18:35,975 T0000: INFO  support post-function-prolog test_cli_validation_bgp_router_config Pass ''
2023-12-29 00:18:53,327 T0000: INFO  #### gw6  routing/test_l3_performance.py::test_cli_validation_bgp_router_config
2023-12-29 00:18:53,327 T0000: INFO  support testcase FtOpSoRtPerfFn056 Pass 'Test case passed'
2023-12-29 00:18:53,330 T0000: INFO  #### gw6  routing/test_l3_performance.py::test_cli_validation_bgp_router_config
2023-12-29 00:18:53,330 T0000: INFO  support pre-function-epilog test_cli_validation_bgp_router_config Pass 'Test case passed'
2023-12-29 00:18:53,333 T0000: INFO  #### gw6  routing/test_l3_performance.py::test_cli_validation_bgp_router_config
2023-12-29 00:18:53,333 T0000: INFO  support post-function-epilog test_cli_validation_bgp_router_config Pass 'Test case passed'
2023-12-29 00:18:53,351 T0000: WARN  #### gw6  routing/test_l3_performance.py::test_cli_validation_bgp_router_config
2023-12-29 00:18:53,351 T0000: WARN  support pre-module-epilog routing/test_l3_performance.py fail ''
2023-12-29 00:19:30,928 T0000: WARN  #### gw6  routing/test_l3_performance.py::test_cli_validation_bgp_router_config
2023-12-29 00:19:30,928 T0000: WARN  support post-module-epilog routing/test_l3_performance.py fail ''
2023-12-29 00:24:01,852 T0000: INFO  #### gw6  
2023-12-29 00:24:01,853 T0000: INFO  support pre-module-prolog system/test_device_mgmt.py  ''
2023-12-29 00:24:26,060 T0000: INFO  #### gw6  system/test_device_mgmt.py
2023-12-29 00:24:26,060 T0000: INFO  support post-module-prolog system/test_device_mgmt.py Pass ''
2023-12-29 00:24:59,367 T0000: INFO  #### gw6  system/test_device_mgmt.py
2023-12-29 00:24:59,367 T0000: INFO  support pre-function-prolog test_ft_ip_static_ip_on_mgmt_intrf  ''
2023-12-29 00:24:59,378 T0000: INFO  #### gw6  system/test_device_mgmt.py::test_ft_ip_static_ip_on_mgmt_intrf
2023-12-29 00:24:59,378 T0000: INFO  support post-function-prolog test_ft_ip_static_ip_on_mgmt_intrf Pass ''
2023-12-29 00:25:18,800 T0000: INFO  #### gw6  system/test_device_mgmt.py::test_ft_ip_static_ip_on_mgmt_intrf
2023-12-29 00:25:18,800 T0000: INFO  support pre-function-epilog test_ft_ip_static_ip_on_mgmt_intrf Pass 'Test case passed'
2023-12-29 00:25:18,804 T0000: INFO  #### gw6  system/test_device_mgmt.py::test_ft_ip_static_ip_on_mgmt_intrf
2023-12-29 00:25:18,804 T0000: INFO  support post-function-epilog test_ft_ip_static_ip_on_mgmt_intrf Pass 'Test case passed'
2023-12-29 00:25:18,820 T0000: WARN  #### gw6  system/test_device_mgmt.py::test_ft_ip_static_ip_on_mgmt_intrf
2023-12-29 00:25:18,820 T0000: WARN  support pre-module-epilog system/test_device_mgmt.py pass ''
2023-12-29 00:25:43,056 T0000: WARN  #### gw6  system/test_device_mgmt.py::test_ft_ip_static_ip_on_mgmt_intrf
2023-12-29 00:25:43,056 T0000: WARN  support post-module-epilog system/test_device_mgmt.py pass ''
2023-12-29 00:27:40,164 T0000: WARN  #### gw6  batch/test_spytest_infra_1.py::test_spytest_infra_last
2023-12-29 00:27:40,164 T0000: WARN  support session-epilog session pass ''
