2023-12-26 03:22:15,737 T0002: [D1-V2] ['export TMOUT=0', 'stty cols 5000', 'uptime']
2023-12-26 03:22:16,405 T0002: [D1-V2] cat /proc/uptime
2023-12-26 03:22:17,073 T0002: [D1-V2] sudo vtysh -c 'show running-config | include hostname'
2023-12-26 03:22:23,257 T0002: [D1-V2] /sbin/ip link set dev eth0 up
2023-12-26 03:22:23,927 T0002: [D1-V2] /sbin/ip route list dev eth0
2023-12-26 03:22:24,605 T0002: [D1-V2] ['export TMOUT=0', 'stty cols 5000', 'uptime']
2023-12-26 03:22:26,752 T0002: [D1-V2] /sbin/ip link set dev eth0 up
2023-12-26 03:22:27,421 T0002: [D1-V2] /sbin/ip route list dev eth0
2023-12-26 03:22:28,767 T0002: [D1-V2] show version
2023-12-26 03:22:30,798 T0002: [D1-V2] /sbin/ip link set dev eth0 up
2023-12-26 03:22:31,466 T0002: [D1-V2] /sbin/ip route list dev eth0
2023-12-26 03:22:33,621 T0002: [D1-V2] /sbin/ip link set dev eth0 up
2023-12-26 03:22:34,290 T0002: [D1-V2] /sbin/ip route list dev eth0
2023-12-26 03:23:44,698 T0000: [D1-V2] sudo show interfaces status
2023-12-26 03:23:46,533 T0000: [D1-V2] config interface startup Ethernet0
2023-12-26 03:23:47,649 T0000: [D1-V2] config interface startup Ethernet4
2023-12-26 03:23:48,759 T0000: [D1-V2] config interface startup Ethernet8
2023-12-26 03:23:49,873 T0000: [D1-V2] config interface startup Ethernet12
2023-12-26 03:23:51,000 T0000: [D1-V2] config interface shutdown Ethernet16
2023-12-26 03:23:52,103 T0000: [D1-V2] config interface shutdown Ethernet20
2023-12-26 03:23:53,207 T0000: [D1-V2] config interface shutdown Ethernet24
2023-12-26 03:23:54,312 T0000: [D1-V2] config interface shutdown Ethernet28
2023-12-26 03:23:55,366 T0000: [D1-V2] config interface shutdown Ethernet32
2023-12-26 03:23:56,421 T0000: [D1-V2] config interface shutdown Ethernet36
2023-12-26 03:23:57,476 T0000: [D1-V2] config interface shutdown Ethernet40
2023-12-26 03:23:58,580 T0000: [D1-V2] config interface shutdown Ethernet44
2023-12-26 03:23:59,687 T0000: [D1-V2] config interface shutdown Ethernet48
2023-12-26 03:24:00,754 T0000: [D1-V2] config interface shutdown Ethernet52
2023-12-26 03:24:01,843 T0000: [D1-V2] config interface shutdown Ethernet56
2023-12-26 03:24:02,897 T0000: [D1-V2] config interface shutdown Ethernet60
2023-12-26 03:24:04,000 T0000: [D1-V2] config interface shutdown Ethernet64
2023-12-26 03:24:05,053 T0000: [D1-V2] config interface shutdown Ethernet68
2023-12-26 03:24:06,164 T0000: [D1-V2] config interface shutdown Ethernet72
2023-12-26 03:24:07,217 T0000: [D1-V2] config interface shutdown Ethernet76
2023-12-26 03:24:08,320 T0000: [D1-V2] config interface shutdown Ethernet80
2023-12-26 03:24:09,375 T0000: [D1-V2] config interface shutdown Ethernet84
2023-12-26 03:24:10,430 T0000: [D1-V2] config interface shutdown Ethernet88
2023-12-26 03:24:11,484 T0000: [D1-V2] config interface shutdown Ethernet92
2023-12-26 03:24:12,540 T0000: [D1-V2] config interface shutdown Ethernet96
2023-12-26 03:24:13,641 T0000: [D1-V2] config interface shutdown Ethernet100
2023-12-26 03:24:14,692 T0000: [D1-V2] config interface shutdown Ethernet104
2023-12-26 03:24:15,796 T0000: [D1-V2] config interface shutdown Ethernet108
2023-12-26 03:24:16,852 T0000: [D1-V2] config interface shutdown Ethernet112
2023-12-26 03:24:17,959 T0000: [D1-V2] config interface shutdown Ethernet116
2023-12-26 03:24:19,067 T0000: [D1-V2] config interface shutdown Ethernet120
2023-12-26 03:24:20,172 T0000: [D1-V2] config interface shutdown Ethernet124
2023-12-26 03:24:27,355 T0000: [D1-V2] show version
2023-12-26 03:24:29,350 T0000: [D1-V2] cat /var/run/redis/sonic-db/database_config.json
2023-12-26 03:24:30,141 T0000: [D1-V2] /sbin/ifconfig eth0
2023-12-26 03:24:30,864 T0000: [D1-V2] ls /etc/sonic/bcmsim.cfg
2023-12-26 03:24:31,591 T0000: [D1-V2] no router bgp
2023-12-26 03:24:33,494 T0000: [D1-V2] config feature state sflow enabled
2023-12-26 03:24:35,544 T0000: [D1-V2] config feature state nat enabled
2023-12-26 03:24:39,763 T0000: [D1-V2] config save /tmp/config-db-V2-post-session-prolog-session.json -y
2023-12-26 03:24:41,021 T0000: [D1-V2] chmod 777 /tmp/config-db-V2-post-session-prolog-session.json
2023-12-26 03:24:42,551 T0000: [D1-V2] /sbin/ip link set dev eth0 up
2023-12-26 03:24:43,260 T0000: [D1-V2] /sbin/ip route list dev eth0
2023-12-26 03:24:51,679 T0000: [D1-V2] sudo vtysh -c 'show running-config' > /tmp/vtysh-runcfg-V2-post-session-prolog-session.txt
2023-12-26 03:24:52,581 T0000: [D1-V2] chmod 777 /tmp/vtysh-runcfg-V2-post-session-prolog-session.txt
2023-12-26 03:24:54,107 T0000: [D1-V2] /sbin/ip link set dev eth0 up
2023-12-26 03:24:54,814 T0000: [D1-V2] /sbin/ip route list dev eth0
2023-12-26 03:25:03,635 T0000: 
================== Framework Module Hook: batch/test_spytest_infra_1.py ==================
2023-12-26 03:25:03,653 T0012: [D1-V2] sudo show interfaces status Ethernet124
2023-12-26 03:25:05,916 T0013: [D1-V2] sudo show interfaces status
2023-12-26 03:25:07,544 T0000: 
================== Framework Module Hook Finish: batch/test_spytest_infra_1.py ==================
2023-12-26 03:25:07,546 T0000: 
================== Framework Function Hook: batch/test_spytest_infra_1.py::test_spytest_infra_first ==================
2023-12-26 03:25:10,639 T0014: [D1-V2] sudo show interfaces status
2023-12-26 03:25:12,283 T0000: [D1-V2] sudo show interfaces status Ethernet124
2023-12-26 03:25:14,977 T0000: 
================== Framework Function Hook Finish: batch/test_spytest_infra_1.py::test_spytest_infra_first ==================
2023-12-26 03:25:14,981 T0000: 
================== Test Execution: batch/test_spytest_infra_1.py::test_spytest_infra_first ==================
2023-12-26 03:25:15,000 T0000: 
================== Framework Function Hook Finalize: batch/test_spytest_infra_1.py::test_spytest_infra_first ==================
2023-12-26 03:25:15,079 T0000: 
================== Framework Function Hook: batch/test_spytest_infra_1.py::test_spytest_infra_second ==================
2023-12-26 03:25:15,097 T0015: [D1-V2] sudo show interfaces status
2023-12-26 03:25:16,747 T0000: [D1-V2] sudo show interfaces status Ethernet124
2023-12-26 03:25:19,447 T0000: 
================== Framework Function Hook Finish: batch/test_spytest_infra_1.py::test_spytest_infra_second ==================
2023-12-26 03:25:19,449 T0000: 
================== Test Execution: batch/test_spytest_infra_1.py::test_spytest_infra_second ==================
2023-12-26 03:25:19,470 T0000: 
================== Framework Function Hook Finalize: batch/test_spytest_infra_1.py::test_spytest_infra_second ==================
2023-12-26 03:25:19,484 T0000: [D1-V2] sudo show interfaces status Ethernet124
2023-12-26 03:25:22,072 T0000: 
================== Framework Module Hook Finalize: batch/test_spytest_infra_1.py Pass: 2/2 ==================
2023-12-26 03:25:22,073 T0000: 
================== Devices used: batch/test_spytest_infra_1.py 1 ['V2'] ==================
2023-12-26 03:25:22,157 T0000: [D1-V2] ['stty cols 80']
