2023-12-29 00:41:00.751850 = START
2023-12-29 00:41:01.866945 = device connections start
2023-12-29 00:41:48.464194 = device connections finish
2023-12-29 00:41:48.468823 = session init start
2023-12-29 00:45:14.946154 = report file generation start
2023-12-29 00:45:15.044331 = report file generation end
2023-12-29 00:45:38.946561 = session init end
2023-12-29 00:45:38.949841 = Framework Module Hook Start
2023-12-29 00:45:39.782800 = module test_spytest_infra_1.py init start
2023-12-29 00:45:44.117028 = module test_spytest_infra_1.py init end
2023-12-29 00:45:44.117630 = Framework Module Hook end
2023-12-29 00:45:44.118251 = Framework Function Hook Start
2023-12-29 00:45:48.381286 = function batch/test_spytest_infra_1.py::test_spytest_infra_first init start
2023-12-29 00:45:53.622523 = function batch/test_spytest_infra_1.py::test_spytest_infra_first init end
2023-12-29 00:45:53.623574 = Framework Function Hook end
2023-12-29 00:45:53.626110 = Module Config Time (2023-12-29 00:45:38.949921 - 2023-12-29 00:45:44.118435) Published
2023-12-29 00:45:53.629078 = function batch/test_spytest_infra_1.py::test_spytest_infra_first clean start
2023-12-29 00:45:53.645028 = Test Time (2023-12-29 00:45:48.381571 - 2023-12-29 00:45:53.645020) Published
2023-12-29 00:45:53.652682 = function batch/test_spytest_infra_1.py::test_spytest_infra_first clean end
2023-12-29 00:45:53.652948 = Framework Function Hook Finalize
2023-12-29 00:45:53.817654 = Framework Function Hook Start
2023-12-29 00:45:53.818783 = function batch/test_spytest_infra_1.py::test_spytest_infra_second init start
2023-12-29 00:45:58.974545 = function batch/test_spytest_infra_1.py::test_spytest_infra_second init end
2023-12-29 00:45:58.975548 = Framework Function Hook end
2023-12-29 00:45:58.979177 = function batch/test_spytest_infra_1.py::test_spytest_infra_second clean start
2023-12-29 00:45:58.996150 = Test Time (2023-12-29 00:45:53.818971 - 2023-12-29 00:45:58.996142) Published
2023-12-29 00:45:59.003217 = function batch/test_spytest_infra_1.py::test_spytest_infra_second clean end
2023-12-29 00:45:59.003479 = Framework Function Hook Finalize
2023-12-29 00:45:59.003618 = module test_spytest_infra_1.py clean start
2023-12-29 00:46:01.423959 = report file generation start
2023-12-29 00:46:01.515266 = report file generation end
2023-12-29 00:46:01.522525 = module test_spytest_infra_1.py clean end
2023-12-29 00:46:01.522899 = Framework Module Hook Finalize
2023-12-29 00:46:01.524841 = Framework Module Hook Start
2023-12-29 00:46:02.351818 = module test_vlan.py init start
2023-12-29 00:46:29.870837 = module test_vlan.py init end
2023-12-29 00:46:29.871311 = Framework Module Hook end
2023-12-29 00:46:29.871746 = User Module switching/test_vlan.py Hook Start
2023-12-29 00:46:40.703820 = User Module switching/test_vlan.py Hook end
2023-12-29 00:46:40.704157 = Framework Function Hook Start
2023-12-29 00:47:08.736606 = function switching/test_vlan.py::test_ft_add_unknownvlan_interface init start
2023-12-29 00:47:14.156943 = function switching/test_vlan.py::test_ft_add_unknownvlan_interface init end
2023-12-29 00:47:14.157536 = Framework Function Hook end
2023-12-29 00:47:14.158175 = User Function switching/test_vlan.py::test_ft_add_unknownvlan_interface Hook Start
2023-12-29 00:47:14.168543 = User Function switching/test_vlan.py::test_ft_add_unknownvlan_interface Hook end
2023-12-29 00:47:14.169951 = Module Config Time (2023-12-29 00:46:01.524901 - 2023-12-29 00:46:40.704246) Published
2023-12-29 00:47:18.288935 = User Function switching/test_vlan.py::test_ft_add_unknownvlan_interface Hook Finalize
2023-12-29 00:47:18.289131 = function switching/test_vlan.py::test_ft_add_unknownvlan_interface clean start
2023-12-29 00:47:18.317312 = Test Time (2023-12-29 00:47:08.736810 - 2023-12-29 00:47:18.317298) Published
2023-12-29 00:47:18.323807 = function switching/test_vlan.py::test_ft_add_unknownvlan_interface clean end
2023-12-29 00:47:18.324276 = Framework Function Hook Finalize
2023-12-29 00:47:18.325646 = Framework Function Hook Start
2023-12-29 00:47:18.326174 = function switching/test_vlan.py::test_ft_vlan_delete_with_member init start
2023-12-29 00:47:23.810524 = function switching/test_vlan.py::test_ft_vlan_delete_with_member init end
2023-12-29 00:47:23.811231 = Framework Function Hook end
2023-12-29 00:47:23.811813 = User Function switching/test_vlan.py::test_ft_vlan_delete_with_member Hook Start
2023-12-29 00:47:23.824560 = User Function switching/test_vlan.py::test_ft_vlan_delete_with_member Hook end
2023-12-29 00:47:33.584986 = User Function switching/test_vlan.py::test_ft_vlan_delete_with_member Hook Finalize
2023-12-29 00:47:33.585182 = function switching/test_vlan.py::test_ft_vlan_delete_with_member clean start
2023-12-29 00:47:33.610950 = Test Time (2023-12-29 00:47:18.326280 - 2023-12-29 00:47:33.610939) Published
2023-12-29 00:47:33.616905 = function switching/test_vlan.py::test_ft_vlan_delete_with_member clean end
2023-12-29 00:47:33.617277 = Framework Function Hook Finalize
2023-12-29 00:47:33.618426 = Framework Function Hook Start
2023-12-29 00:47:33.618999 = function switching/test_vlan.py::test_ft_vlan_trunk_tagged init start
2023-12-29 00:47:39.240352 = function switching/test_vlan.py::test_ft_vlan_trunk_tagged init end
2023-12-29 00:47:39.240968 = Framework Function Hook end
2023-12-29 00:47:39.241433 = User Function switching/test_vlan.py::test_ft_vlan_trunk_tagged Hook Start
2023-12-29 00:47:39.253685 = User Function switching/test_vlan.py::test_ft_vlan_trunk_tagged Hook end
2023-12-29 00:49:00.872050 = User Function switching/test_vlan.py::test_ft_vlan_trunk_tagged Hook Finalize
2023-12-29 00:49:00.872239 = function switching/test_vlan.py::test_ft_vlan_trunk_tagged clean start
2023-12-29 00:49:00.902343 = Test Time (2023-12-29 00:47:33.619089 - 2023-12-29 00:49:00.902335) Published
2023-12-29 00:49:00.909825 = function switching/test_vlan.py::test_ft_vlan_trunk_tagged clean end
2023-12-29 00:49:00.910121 = Framework Function Hook Finalize
2023-12-29 00:49:00.911007 = Framework Function Hook Start
2023-12-29 00:49:00.911495 = function switching/test_vlan.py::test_ft_vlan_save_config_warm_and_fast_reboot init start
2023-12-29 00:49:06.260063 = function switching/test_vlan.py::test_ft_vlan_save_config_warm_and_fast_reboot init end
2023-12-29 00:49:06.260806 = Framework Function Hook end
2023-12-29 00:49:06.261601 = User Function switching/test_vlan.py::test_ft_vlan_save_config_warm_and_fast_reboot Hook Start
2023-12-29 00:49:06.272582 = User Function switching/test_vlan.py::test_ft_vlan_save_config_warm_and_fast_reboot Hook end
2023-12-29 01:01:04.161189 = User Function switching/test_vlan.py::test_ft_vlan_save_config_warm_and_fast_reboot Hook Finalize
2023-12-29 01:01:04.161341 = function switching/test_vlan.py::test_ft_vlan_save_config_warm_and_fast_reboot clean start
2023-12-29 01:01:04.199886 = Test Time (2023-12-29 00:49:00.911561 - 2023-12-29 01:01:04.199877) Published
2023-12-29 01:01:04.205511 = function switching/test_vlan.py::test_ft_vlan_save_config_warm_and_fast_reboot clean end
2023-12-29 01:01:04.205779 = Framework Function Hook Finalize
2023-12-29 01:01:30.754500 = User Module switching/test_vlan.py Hook Finalize
2023-12-29 01:01:30.754684 = module test_vlan.py clean start
2023-12-29 01:01:57.260637 = report file generation start
2023-12-29 01:01:57.352769 = report file generation end
2023-12-29 01:01:57.358365 = module test_vlan.py clean end
2023-12-29 01:01:57.358900 = Framework Module Hook Finalize
2023-12-29 01:01:57.529312 = Framework Module Hook Start
2023-12-29 01:01:58.370567 = module test_spytest_infra_1.py init start
2023-12-29 01:03:23.212635 = module test_spytest_infra_1.py init end
2023-12-29 01:03:23.213099 = Framework Module Hook end
2023-12-29 01:03:23.213696 = Framework Function Hook Start
2023-12-29 01:03:27.487218 = function batch/test_spytest_infra_1.py::test_spytest_infra_last init start
2023-12-29 01:03:32.632133 = function batch/test_spytest_infra_1.py::test_spytest_infra_last init end
2023-12-29 01:03:32.633174 = Framework Function Hook end
2023-12-29 01:03:32.634595 = Module Config Time (2023-12-29 01:01:57.529513 - 2023-12-29 01:03:23.213883) Published
2023-12-29 01:03:32.636684 = function batch/test_spytest_infra_1.py::test_spytest_infra_last clean start
2023-12-29 01:03:32.655928 = Test Time (2023-12-29 01:03:27.487526 - 2023-12-29 01:03:32.655921) Published
2023-12-29 01:03:32.661727 = function batch/test_spytest_infra_1.py::test_spytest_infra_last clean end
2023-12-29 01:03:32.662028 = Framework Function Hook Finalize
2023-12-29 01:03:32.662177 = module test_spytest_infra_1.py clean start
2023-12-29 01:03:35.109566 = report file generation start
2023-12-29 01:03:35.201807 = report file generation end
2023-12-29 01:03:35.207445 = module test_spytest_infra_1.py clean end
2023-12-29 01:03:35.207809 = Framework Module Hook Finalize
2023-12-29 01:03:35.210123 = Framework Module Hook Start
2023-12-29 01:03:36.038136 = module test_ssh.py init start
2023-12-29 01:06:28.343818 = module test_ssh.py init end
2023-12-29 01:06:28.345136 = Framework Module Hook end
2023-12-29 01:06:28.346266 = User Module system/test_ssh.py Hook Start
2023-12-29 01:06:43.334061 = User Module system/test_ssh.py Hook end
2023-12-29 01:06:43.336283 = Framework Function Hook Start
2023-12-29 01:07:11.514269 = function system/test_ssh.py::test_ft_ssh_service_disable init start
2023-12-29 01:07:16.768969 = function system/test_ssh.py::test_ft_ssh_service_disable init end
2023-12-29 01:07:16.769481 = Framework Function Hook end
2023-12-29 01:07:16.769965 = User Function system/test_ssh.py::test_ft_ssh_service_disable Hook Start
2023-12-29 01:07:16.778784 = User Function system/test_ssh.py::test_ft_ssh_service_disable Hook end
2023-12-29 01:07:16.780280 = Module Config Time (2023-12-29 01:03:35.210183 - 2023-12-29 01:06:43.336560) Published
2023-12-29 01:07:19.594427 = User Function system/test_ssh.py::test_ft_ssh_service_disable Hook Finalize
2023-12-29 01:07:19.594709 = function system/test_ssh.py::test_ft_ssh_service_disable clean start
2023-12-29 01:07:19.625031 = Test Time (2023-12-29 01:07:11.514461 - 2023-12-29 01:07:19.625021) Published
2023-12-29 01:07:19.630741 = function system/test_ssh.py::test_ft_ssh_service_disable clean end
2023-12-29 01:07:19.631110 = Framework Function Hook Finalize
2023-12-29 01:07:19.632389 = Framework Function Hook Start
2023-12-29 01:07:19.632827 = function system/test_ssh.py::test_ft_ssh_add_user_verify init start
2023-12-29 01:07:25.083495 = function system/test_ssh.py::test_ft_ssh_add_user_verify init end
2023-12-29 01:07:25.084186 = Framework Function Hook end
2023-12-29 01:07:25.084713 = User Function system/test_ssh.py::test_ft_ssh_add_user_verify Hook Start
2023-12-29 01:07:25.097898 = User Function system/test_ssh.py::test_ft_ssh_add_user_verify Hook end
2023-12-29 01:17:45.175942 = User Function system/test_ssh.py::test_ft_ssh_add_user_verify Hook Finalize
2023-12-29 01:17:45.176144 = function system/test_ssh.py::test_ft_ssh_add_user_verify clean start
2023-12-29 01:17:45.212864 = Test Time (2023-12-29 01:07:19.632889 - 2023-12-29 01:17:45.212856) Published
2023-12-29 01:17:45.219418 = function system/test_ssh.py::test_ft_ssh_add_user_verify clean end
2023-12-29 01:17:45.219697 = Framework Function Hook Finalize
2023-12-29 01:17:45.220771 = Framework Function Hook Start
2023-12-29 01:17:45.221140 = function system/test_ssh.py::test_ft_verify_logs_at_the_time_of_ssh_login_success init start
2023-12-29 01:17:50.767262 = function system/test_ssh.py::test_ft_verify_logs_at_the_time_of_ssh_login_success init end
2023-12-29 01:17:50.768125 = Framework Function Hook end
2023-12-29 01:17:50.768797 = User Function system/test_ssh.py::test_ft_verify_logs_at_the_time_of_ssh_login_success Hook Start
2023-12-29 01:17:50.780254 = User Function system/test_ssh.py::test_ft_verify_logs_at_the_time_of_ssh_login_success Hook end
2023-12-29 01:18:10.981600 = User Function system/test_ssh.py::test_ft_verify_logs_at_the_time_of_ssh_login_success Hook Finalize
2023-12-29 01:18:10.981895 = function system/test_ssh.py::test_ft_verify_logs_at_the_time_of_ssh_login_success clean start
2023-12-29 01:18:11.018004 = Test Time (2023-12-29 01:17:45.221200 - 2023-12-29 01:18:11.017994) Published
2023-12-29 01:18:11.024974 = function system/test_ssh.py::test_ft_verify_logs_at_the_time_of_ssh_login_success clean end
2023-12-29 01:18:11.025292 = Framework Function Hook Finalize
2023-12-29 01:19:02.970183 = User Module system/test_ssh.py Hook Finalize
2023-12-29 01:19:02.970405 = module test_ssh.py clean start
2023-12-29 01:19:29.574730 = report file generation start
2023-12-29 01:19:29.668626 = report file generation end
2023-12-29 01:19:29.676207 = module test_ssh.py clean end
2023-12-29 01:19:29.677096 = Framework Module Hook Finalize
2023-12-29 01:19:29.763915 = Framework Module Hook Start
2023-12-29 01:19:30.603040 = module test_spytest_infra_1.py init start
2023-12-29 01:20:55.903052 = module test_spytest_infra_1.py init end
2023-12-29 01:20:55.903845 = Framework Module Hook end
2023-12-29 01:20:55.904699 = Framework Function Hook Start
2023-12-29 01:21:00.172051 = function batch/test_spytest_infra_1.py::test_spytest_infra_last init start
2023-12-29 01:21:05.607309 = function batch/test_spytest_infra_1.py::test_spytest_infra_last init end
2023-12-29 01:21:05.608279 = Framework Function Hook end
2023-12-29 01:21:05.609603 = Module Config Time (2023-12-29 01:19:29.764115 - 2023-12-29 01:20:55.904933) Published
2023-12-29 01:21:05.611936 = function batch/test_spytest_infra_1.py::test_spytest_infra_last clean start
2023-12-29 01:21:05.627656 = Test Time (2023-12-29 01:21:00.172248 - 2023-12-29 01:21:05.627649) Published
2023-12-29 01:21:05.634266 = function batch/test_spytest_infra_1.py::test_spytest_infra_last clean end
2023-12-29 01:21:05.634554 = Framework Function Hook Finalize
2023-12-29 01:21:05.634717 = module test_spytest_infra_1.py clean start
2023-12-29 01:21:08.153151 = report file generation start
2023-12-29 01:21:08.245518 = report file generation end
2023-12-29 01:21:08.252122 = module test_spytest_infra_1.py clean end
2023-12-29 01:21:08.252563 = Framework Module Hook Finalize
2023-12-29 01:21:08.252954 = session clean start
2023-12-29 01:21:08.273869 = report file generation start
2023-12-29 01:21:08.370546 = report file generation end
2023-12-29 01:21:09.050324 = session clean end
