2024-01-04 03:04:28,240 T0002: [D1-V4] ['export TMOUT=0', 'stty cols 5000', 'uptime']
2024-01-04 03:04:28,907 T0002: [D1-V4] cat /proc/uptime
2024-01-04 03:04:29,575 T0002: [D1-V4] sudo vtysh -c 'show running-config | include hostname'
2024-01-04 03:04:35,756 T0002: [D1-V4] /sbin/ip link set dev eth0 up
2024-01-04 03:04:36,425 T0002: [D1-V4] /sbin/ip route list dev eth0
2024-01-04 03:04:37,104 T0002: [D1-V4] ['export TMOUT=0', 'stty cols 5000', 'uptime']
2024-01-04 03:04:39,251 T0002: [D1-V4] /sbin/ip link set dev eth0 up
2024-01-04 03:04:39,919 T0002: [D1-V4] /sbin/ip route list dev eth0
2024-01-04 03:04:41,268 T0002: [D1-V4] show version
2024-01-04 03:04:43,301 T0002: [D1-V4] /sbin/ip link set dev eth0 up
2024-01-04 03:04:43,967 T0002: [D1-V4] /sbin/ip route list dev eth0
2024-01-04 03:04:46,120 T0002: [D1-V4] /sbin/ip link set dev eth0 up
2024-01-04 03:04:46,788 T0002: [D1-V4] /sbin/ip route list dev eth0
2024-01-04 03:06:00,796 T0000: [D1-V4] sudo show interfaces status
2024-01-04 03:06:02,578 T0000: [D1-V4] config interface startup Ethernet0
2024-01-04 03:06:03,687 T0000: [D1-V4] config interface startup Ethernet4
2024-01-04 03:06:04,741 T0000: [D1-V4] config interface startup Ethernet8
2024-01-04 03:06:05,857 T0000: [D1-V4] config interface startup Ethernet12
2024-01-04 03:06:06,965 T0000: [D1-V4] config interface shutdown Ethernet16
2024-01-04 03:06:08,023 T0000: [D1-V4] config interface shutdown Ethernet20
2024-01-04 03:06:09,082 T0000: [D1-V4] config interface shutdown Ethernet24
2024-01-04 03:06:10,188 T0000: [D1-V4] config interface shutdown Ethernet28
2024-01-04 03:06:11,240 T0000: [D1-V4] config interface shutdown Ethernet32
2024-01-04 03:06:12,345 T0000: [D1-V4] config interface shutdown Ethernet36
2024-01-04 03:06:13,448 T0000: [D1-V4] config interface shutdown Ethernet40
2024-01-04 03:06:14,503 T0000: [D1-V4] config interface shutdown Ethernet44
2024-01-04 03:06:15,556 T0000: [D1-V4] config interface shutdown Ethernet48
2024-01-04 03:06:16,611 T0000: [D1-V4] config interface shutdown Ethernet52
2024-01-04 03:06:17,664 T0000: [D1-V4] config interface shutdown Ethernet56
2024-01-04 03:06:18,764 T0000: [D1-V4] config interface shutdown Ethernet60
2024-01-04 03:06:19,815 T0000: [D1-V4] config interface shutdown Ethernet64
2024-01-04 03:06:20,868 T0000: [D1-V4] config interface shutdown Ethernet68
2024-01-04 03:06:21,922 T0000: [D1-V4] config interface shutdown Ethernet72
2024-01-04 03:06:23,024 T0000: [D1-V4] config interface shutdown Ethernet76
2024-01-04 03:06:24,075 T0000: [D1-V4] config interface shutdown Ethernet80
2024-01-04 03:06:25,128 T0000: [D1-V4] config interface shutdown Ethernet84
2024-01-04 03:06:26,179 T0000: [D1-V4] config interface shutdown Ethernet88
2024-01-04 03:06:27,231 T0000: [D1-V4] config interface shutdown Ethernet92
2024-01-04 03:06:28,283 T0000: [D1-V4] config interface shutdown Ethernet96
2024-01-04 03:06:29,336 T0000: [D1-V4] config interface shutdown Ethernet100
2024-01-04 03:06:30,390 T0000: [D1-V4] config interface shutdown Ethernet104
2024-01-04 03:06:31,443 T0000: [D1-V4] config interface shutdown Ethernet108
2024-01-04 03:06:32,498 T0000: [D1-V4] config interface shutdown Ethernet112
2024-01-04 03:06:33,550 T0000: [D1-V4] config interface shutdown Ethernet116
2024-01-04 03:06:34,607 T0000: [D1-V4] config interface shutdown Ethernet120
2024-01-04 03:06:35,659 T0000: [D1-V4] config interface shutdown Ethernet124
2024-01-04 03:06:42,835 T0000: [D1-V4] show version
2024-01-04 03:06:44,763 T0000: [D1-V4] cat /var/run/redis/sonic-db/database_config.json
2024-01-04 03:06:45,552 T0000: [D1-V4] /sbin/ifconfig eth0
2024-01-04 03:06:46,277 T0000: [D1-V4] ls /etc/sonic/bcmsim.cfg
2024-01-04 03:06:47,002 T0000: [D1-V4] no router bgp
2024-01-04 03:06:48,908 T0000: [D1-V4] config feature state sflow enabled
2024-01-04 03:06:50,968 T0000: [D1-V4] config feature state nat enabled
2024-01-04 03:06:55,247 T0000: [D1-V4] config save /tmp/config-db-V4-post-session-prolog-session.json -y
2024-01-04 03:06:56,500 T0000: [D1-V4] chmod 777 /tmp/config-db-V4-post-session-prolog-session.json
2024-01-04 03:06:58,027 T0000: [D1-V4] /sbin/ip link set dev eth0 up
2024-01-04 03:06:58,736 T0000: [D1-V4] /sbin/ip route list dev eth0
2024-01-04 03:07:07,180 T0000: [D1-V4] sudo vtysh -c 'show running-config' > /tmp/vtysh-runcfg-V4-post-session-prolog-session.txt
2024-01-04 03:07:08,083 T0000: [D1-V4] chmod 777 /tmp/vtysh-runcfg-V4-post-session-prolog-session.txt
2024-01-04 03:07:09,609 T0000: [D1-V4] /sbin/ip link set dev eth0 up
2024-01-04 03:07:10,319 T0000: [D1-V4] /sbin/ip route list dev eth0
2024-01-04 03:07:19,185 T0000: 
================== Framework Module Hook: batch/test_spytest_infra_1.py ==================
2024-01-04 03:07:19,204 T0012: [D1-V4] sudo show interfaces status Ethernet124
2024-01-04 03:07:21,414 T0013: [D1-V4] sudo show interfaces status
2024-01-04 03:07:23,047 T0000: 
================== Framework Module Hook Finish: batch/test_spytest_infra_1.py ==================
2024-01-04 03:07:23,049 T0000: 
================== Framework Function Hook: batch/test_spytest_infra_1.py::test_spytest_infra_first ==================
2024-01-04 03:07:26,143 T0014: [D1-V4] sudo show interfaces status
2024-01-04 03:07:27,805 T0000: [D1-V4] sudo show interfaces status Ethernet124
2024-01-04 03:07:30,591 T0000: 
================== Framework Function Hook Finish: batch/test_spytest_infra_1.py::test_spytest_infra_first ==================
2024-01-04 03:07:30,596 T0000: 
================== Test Execution: batch/test_spytest_infra_1.py::test_spytest_infra_first ==================
2024-01-04 03:07:30,622 T0000: 
================== Framework Function Hook Finalize: batch/test_spytest_infra_1.py::test_spytest_infra_first ==================
2024-01-04 03:07:30,697 T0000: 
================== Framework Function Hook: batch/test_spytest_infra_1.py::test_spytest_infra_second ==================
2024-01-04 03:07:30,718 T0015: [D1-V4] sudo show interfaces status
2024-01-04 03:07:32,357 T0000: [D1-V4] sudo show interfaces status Ethernet124
2024-01-04 03:07:35,123 T0000: 
================== Framework Function Hook Finish: batch/test_spytest_infra_1.py::test_spytest_infra_second ==================
2024-01-04 03:07:35,125 T0000: 
================== Test Execution: batch/test_spytest_infra_1.py::test_spytest_infra_second ==================
2024-01-04 03:07:35,148 T0000: 
================== Framework Function Hook Finalize: batch/test_spytest_infra_1.py::test_spytest_infra_second ==================
2024-01-04 03:07:35,175 T0000: [D1-V4] sudo show interfaces status Ethernet124
2024-01-04 03:07:37,566 T0000: 
================== Framework Module Hook Finalize: batch/test_spytest_infra_1.py Pass: 2/2 ==================
2024-01-04 03:07:37,566 T0000: 
================== Devices used: batch/test_spytest_infra_1.py 1 ['V4'] ==================
2024-01-04 03:07:37,651 T0000: [D1-V4] ['stty cols 80']
