2023-12-25 22:49:17.900239 = START
2023-12-25 22:49:19.019556 = device connections start
2023-12-25 22:49:52.629687 = device connections finish
2023-12-25 22:49:52.633906 = session init start
2023-12-25 22:52:01.981202 = report file generation start
2023-12-25 22:52:02.075771 = report file generation end
2023-12-25 22:52:25.838739 = session init end
2023-12-25 22:52:25.843471 = Framework Module Hook Start
2023-12-25 22:52:26.675853 = module test_spytest_infra_1.py init start
2023-12-25 22:52:30.953197 = module test_spytest_infra_1.py init end
2023-12-25 22:52:30.953542 = Framework Module Hook end
2023-12-25 22:52:30.953871 = Framework Function Hook Start
2023-12-25 22:52:35.222851 = function batch/test_spytest_infra_1.py::test_spytest_infra_first init start
2023-12-25 22:52:40.351806 = function batch/test_spytest_infra_1.py::test_spytest_infra_first init end
2023-12-25 22:52:40.353385 = Framework Function Hook end
2023-12-25 22:52:40.357428 = Module Config Time (2023-12-25 22:52:25.843664 - 2023-12-25 22:52:30.953953) Published
2023-12-25 22:52:40.360755 = function batch/test_spytest_infra_1.py::test_spytest_infra_first clean start
2023-12-25 22:52:40.377686 = Test Time (2023-12-25 22:52:35.223039 - 2023-12-25 22:52:40.377680) Published
2023-12-25 22:52:40.383284 = function batch/test_spytest_infra_1.py::test_spytest_infra_first clean end
2023-12-25 22:52:40.383628 = Framework Function Hook Finalize
2023-12-25 22:52:40.539207 = Framework Function Hook Start
2023-12-25 22:52:40.539942 = function batch/test_spytest_infra_1.py::test_spytest_infra_second init start
2023-12-25 22:52:45.614410 = function batch/test_spytest_infra_1.py::test_spytest_infra_second init end
2023-12-25 22:52:45.615465 = Framework Function Hook end
2023-12-25 22:52:45.619171 = function batch/test_spytest_infra_1.py::test_spytest_infra_second clean start
2023-12-25 22:52:45.637756 = Test Time (2023-12-25 22:52:40.540046 - 2023-12-25 22:52:45.637749) Published
2023-12-25 22:52:45.642727 = function batch/test_spytest_infra_1.py::test_spytest_infra_second clean end
2023-12-25 22:52:45.643009 = Framework Function Hook Finalize
2023-12-25 22:52:45.643155 = module test_spytest_infra_1.py clean start
2023-12-25 22:52:48.031992 = report file generation start
2023-12-25 22:52:48.124841 = report file generation end
2023-12-25 22:52:48.129806 = module test_spytest_infra_1.py clean end
2023-12-25 22:52:48.130207 = Framework Module Hook Finalize
2023-12-25 22:52:48.132440 = Framework Module Hook Start
2023-12-25 22:52:48.960945 = module test_vrf.py init start
2023-12-25 22:53:16.945746 = module test_vrf.py init end
2023-12-25 22:53:16.946225 = Framework Module Hook end
2023-12-25 22:53:16.946600 = User Module routing/VRF/test_vrf.py Hook Start
2023-12-25 23:01:08.555859 = User Module routing/VRF/test_vrf.py Hook end
2023-12-25 23:01:08.557827 = Framework Function Hook Start
2023-12-25 23:01:37.786684 = function routing/VRF/test_vrf.py::test_VrfFun001_06 init start
2023-12-25 23:01:43.019343 = function routing/VRF/test_vrf.py::test_VrfFun001_06 init end
2023-12-25 23:01:43.019852 = Framework Function Hook end
2023-12-25 23:01:43.021645 = Module Config Time (2023-12-25 22:52:48.132511 - 2023-12-25 23:01:08.558093) Published
2023-12-25 23:02:03.293375 = function routing/VRF/test_vrf.py::test_VrfFun001_06 clean start
2023-12-25 23:02:03.325818 = Test Time (2023-12-25 23:01:37.786972 - 2023-12-25 23:02:03.325810) Published
2023-12-25 23:02:03.331096 = function routing/VRF/test_vrf.py::test_VrfFun001_06 clean end
2023-12-25 23:02:03.331413 = Framework Function Hook Finalize
2023-12-25 23:02:03.332612 = Framework Function Hook Start
2023-12-25 23:02:03.333014 = function routing/VRF/test_vrf.py::test_VrfFun_26_27 init start
2023-12-25 23:02:09.275944 = function routing/VRF/test_vrf.py::test_VrfFun_26_27 init end
2023-12-25 23:02:09.276346 = Framework Function Hook end
2023-12-25 23:02:32.423421 = function routing/VRF/test_vrf.py::test_VrfFun_26_27 clean start
2023-12-25 23:02:32.450682 = Test Time (2023-12-25 23:02:03.333078 - 2023-12-25 23:02:32.450673) Published
2023-12-25 23:02:32.455713 = function routing/VRF/test_vrf.py::test_VrfFun_26_27 clean end
2023-12-25 23:02:32.456020 = Framework Function Hook Finalize
2023-12-25 23:02:32.456963 = Framework Function Hook Start
2023-12-25 23:02:32.457354 = function routing/VRF/test_vrf.py::test_VrfFun_10_12_14 init start
2023-12-25 23:02:39.165174 = function routing/VRF/test_vrf.py::test_VrfFun_10_12_14 init end
2023-12-25 23:02:39.165611 = Framework Function Hook end
2023-12-25 23:02:39.165992 = User Function routing/VRF/test_vrf.py::test_VrfFun_10_12_14 Hook Start
2023-12-25 23:02:39.174998 = User Function routing/VRF/test_vrf.py::test_VrfFun_10_12_14 Hook end
2023-12-25 23:04:22.866200 = User Function routing/VRF/test_vrf.py::test_VrfFun_10_12_14 Hook Finalize
2023-12-25 23:04:22.866549 = function routing/VRF/test_vrf.py::test_VrfFun_10_12_14 clean start
2023-12-25 23:04:22.905426 = Test Time (2023-12-25 23:02:32.457416 - 2023-12-25 23:04:22.905415) Published
2023-12-25 23:04:22.911022 = function routing/VRF/test_vrf.py::test_VrfFun_10_12_14 clean end
2023-12-25 23:04:22.911420 = Framework Function Hook Finalize
2023-12-25 23:04:22.914859 = Framework Function Hook Start
2023-12-25 23:04:22.915417 = function routing/VRF/test_vrf.py::test_VrfFun_20_24_25_32_33_44_45 init start
2023-12-25 23:04:29.332630 = function routing/VRF/test_vrf.py::test_VrfFun_20_24_25_32_33_44_45 init end
2023-12-25 23:04:29.333118 = Framework Function Hook end
2023-12-25 23:04:29.333505 = User Function routing/VRF/test_vrf.py::test_VrfFun_20_24_25_32_33_44_45 Hook Start
2023-12-25 23:04:29.341028 = User Function routing/VRF/test_vrf.py::test_VrfFun_20_24_25_32_33_44_45 Hook end
2023-12-25 23:05:07.208443 = User Function routing/VRF/test_vrf.py::test_VrfFun_20_24_25_32_33_44_45 Hook Finalize
2023-12-25 23:05:07.209061 = function routing/VRF/test_vrf.py::test_VrfFun_20_24_25_32_33_44_45 clean start
2023-12-25 23:05:07.241175 = Test Time (2023-12-25 23:04:22.915484 - 2023-12-25 23:05:07.241166) Published
2023-12-25 23:05:07.246309 = function routing/VRF/test_vrf.py::test_VrfFun_20_24_25_32_33_44_45 clean end
2023-12-25 23:05:07.246610 = Framework Function Hook Finalize
2023-12-25 23:05:07.247798 = Framework Function Hook Start
2023-12-25 23:05:07.248204 = function routing/VRF/test_vrf.py::test_VrfFun_05_50 init start
2023-12-25 23:05:13.913635 = function routing/VRF/test_vrf.py::test_VrfFun_05_50 init end
2023-12-25 23:05:13.914091 = Framework Function Hook end
2023-12-25 23:08:18.346721 = function routing/VRF/test_vrf.py::test_VrfFun_05_50 clean start
2023-12-25 23:08:18.374509 = Test Time (2023-12-25 23:05:07.248264 - 2023-12-25 23:08:18.374499) Published
2023-12-25 23:08:18.379833 = function routing/VRF/test_vrf.py::test_VrfFun_05_50 clean end
2023-12-25 23:08:18.380156 = Framework Function Hook Finalize
2023-12-25 23:08:42.836766 = User Function routing/VRF/test_vrf.py::test_VrfFun_20_24_25_32_33_44_45 Hook Finalize
2023-12-25 23:08:42.837632 = User Function routing/VRF/test_vrf.py::test_VrfFun_10_12_14 Hook Finalize
2023-12-25 23:08:42.839345 = User Module routing/VRF/test_vrf.py Hook Finalize
2023-12-25 23:08:42.839733 = module test_vrf.py clean start
2023-12-25 23:09:09.294401 = report file generation start
2023-12-25 23:09:09.385655 = report file generation end
2023-12-25 23:09:09.391021 = module test_vrf.py clean end
2023-12-25 23:09:09.391815 = Framework Module Hook Finalize
2023-12-25 23:09:09.552749 = Framework Module Hook Start
2023-12-25 23:09:10.392082 = module test_spytest_infra_1.py init start
2023-12-25 23:10:36.006238 = module test_spytest_infra_1.py init end
2023-12-25 23:10:36.006929 = Framework Module Hook end
2023-12-25 23:10:36.007759 = Framework Function Hook Start
2023-12-25 23:10:40.267694 = function batch/test_spytest_infra_1.py::test_spytest_infra_last init start
2023-12-25 23:10:45.376184 = function batch/test_spytest_infra_1.py::test_spytest_infra_last init end
2023-12-25 23:10:45.377048 = Framework Function Hook end
2023-12-25 23:10:45.378323 = Module Config Time (2023-12-25 23:09:09.552973 - 2023-12-25 23:10:36.007970) Published
2023-12-25 23:10:45.380277 = function batch/test_spytest_infra_1.py::test_spytest_infra_last clean start
2023-12-25 23:10:45.402536 = Test Time (2023-12-25 23:10:40.267986 - 2023-12-25 23:10:45.402528) Published
2023-12-25 23:10:45.407719 = function batch/test_spytest_infra_1.py::test_spytest_infra_last clean end
2023-12-25 23:10:45.408043 = Framework Function Hook Finalize
2023-12-25 23:10:45.408259 = module test_spytest_infra_1.py clean start
2023-12-25 23:10:47.807691 = report file generation start
2023-12-25 23:10:47.909990 = report file generation end
2023-12-25 23:10:47.914927 = module test_spytest_infra_1.py clean end
2023-12-25 23:10:47.915343 = Framework Module Hook Finalize
2023-12-25 23:10:47.917561 = Framework Module Hook Start
2023-12-25 23:10:48.744338 = module test_vrf_scale.py init start
2023-12-25 23:13:32.597293 = module test_vrf_scale.py init end
2023-12-25 23:13:32.598702 = Framework Module Hook end
2023-12-25 23:13:32.599806 = User Module routing/VRF/test_vrf_scale.py Hook Start
2023-12-25 23:39:00.708414 = User Module routing/VRF/test_vrf_scale.py Hook end
2023-12-25 23:39:00.710088 = Framework Function Hook Start
2023-12-25 23:39:29.652169 = function routing/VRF/test_vrf_scale.py::test_vrf_scale init start
2023-12-25 23:39:35.509295 = function routing/VRF/test_vrf_scale.py::test_vrf_scale init end
2023-12-25 23:39:35.511277 = Framework Function Hook end
2023-12-25 23:39:35.513044 = User Function routing/VRF/test_vrf_scale.py::test_vrf_scale Hook Start
2023-12-25 23:39:35.525800 = User Function routing/VRF/test_vrf_scale.py::test_vrf_scale Hook end
2023-12-25 23:39:35.527355 = Module Config Time (2023-12-25 23:10:47.917620 - 2023-12-25 23:39:00.710313) Published
2023-12-25 23:43:48.593134 = User Function routing/VRF/test_vrf_scale.py::test_vrf_scale Hook Finalize
2023-12-25 23:43:48.593492 = function routing/VRF/test_vrf_scale.py::test_vrf_scale clean start
2023-12-25 23:43:48.625901 = Test Time (2023-12-25 23:39:29.652467 - 2023-12-25 23:43:48.625892) Published
2023-12-25 23:43:48.631245 = function routing/VRF/test_vrf_scale.py::test_vrf_scale clean end
2023-12-25 23:43:48.631549 = Framework Function Hook Finalize
2023-12-25 23:43:48.632999 = Framework Function Hook Start
2023-12-25 23:43:48.633520 = function routing/VRF/test_vrf_scale.py::test_vrf_route_leak init start
2023-12-25 23:43:54.075321 = function routing/VRF/test_vrf_scale.py::test_vrf_route_leak init end
2023-12-25 23:43:54.075726 = Framework Function Hook end
2023-12-25 23:45:54.422145 = function routing/VRF/test_vrf_scale.py::test_vrf_route_leak clean start
2023-12-25 23:45:54.451971 = Test Time (2023-12-25 23:43:48.633587 - 2023-12-25 23:45:54.451962) Published
2023-12-25 23:45:54.456928 = function routing/VRF/test_vrf_scale.py::test_vrf_route_leak clean end
2023-12-25 23:45:54.457268 = Framework Function Hook Finalize
2023-12-25 23:45:54.458142 = Framework Function Hook Start
2023-12-25 23:45:54.458595 = function routing/VRF/test_vrf_scale.py::test_vrf_bgp init start
2023-12-25 23:46:01.168327 = function routing/VRF/test_vrf_scale.py::test_vrf_bgp init end
2023-12-25 23:46:01.168807 = Framework Function Hook end
2023-12-25 23:55:37.431992 = function routing/VRF/test_vrf_scale.py::test_vrf_bgp clean start
2023-12-25 23:55:37.486175 = Test Time (2023-12-25 23:45:54.458660 - 2023-12-25 23:55:37.486164) Published
2023-12-25 23:55:37.491878 = function routing/VRF/test_vrf_scale.py::test_vrf_bgp clean end
2023-12-25 23:55:37.492797 = Framework Function Hook Finalize
2023-12-25 23:55:37.494989 = Framework Function Hook Start
2023-12-25 23:55:37.495582 = function routing/VRF/test_vrf_scale.py::test_vrf_reload init start
2023-12-25 23:55:44.061211 = function routing/VRF/test_vrf_scale.py::test_vrf_reload init end
2023-12-25 23:55:44.062295 = Framework Function Hook end
2023-12-26 00:01:01.862225 = function routing/VRF/test_vrf_scale.py::test_vrf_reload clean start
2023-12-26 00:01:01.897326 = Test Time (2023-12-25 23:55:37.495649 - 2023-12-26 00:01:01.897315) Published
2023-12-26 00:01:01.902924 = function routing/VRF/test_vrf_scale.py::test_vrf_reload clean end
2023-12-26 00:01:01.903323 = Framework Function Hook Finalize
2023-12-26 00:01:26.678007 = User Function routing/VRF/test_vrf_scale.py::test_vrf_scale Hook Finalize
2023-12-26 00:01:26.679178 = User Module routing/VRF/test_vrf_scale.py Hook Finalize
2023-12-26 00:01:26.679448 = module test_vrf_scale.py clean start
2023-12-26 00:01:54.417225 = report file generation start
2023-12-26 00:01:54.518446 = report file generation end
2023-12-26 00:01:54.523999 = module test_vrf_scale.py clean end
2023-12-26 00:01:54.525295 = Framework Module Hook Finalize
2023-12-26 00:01:54.657323 = Framework Module Hook Start
2023-12-26 00:01:55.496796 = module test_spytest_infra_1.py init start
2023-12-26 00:16:59.976800 = module test_spytest_infra_1.py init end
2023-12-26 00:16:59.977107 = Framework Module Hook end
2023-12-26 00:16:59.977435 = Framework Function Hook Start
2023-12-26 00:17:04.236526 = function batch/test_spytest_infra_1.py::test_spytest_infra_last init start
2023-12-26 00:17:09.559814 = function batch/test_spytest_infra_1.py::test_spytest_infra_last init end
2023-12-26 00:17:09.560860 = Framework Function Hook end
2023-12-26 00:17:09.562358 = Module Config Time (2023-12-26 00:01:54.657540 - 2023-12-26 00:16:59.977514) Published
2023-12-26 00:17:09.565001 = function batch/test_spytest_infra_1.py::test_spytest_infra_last clean start
2023-12-26 00:17:09.583653 = Test Time (2023-12-26 00:17:04.236846 - 2023-12-26 00:17:09.583646) Published
2023-12-26 00:17:09.588619 = function batch/test_spytest_infra_1.py::test_spytest_infra_last clean end
2023-12-26 00:17:09.588914 = Framework Function Hook Finalize
2023-12-26 00:17:09.589060 = module test_spytest_infra_1.py clean start
2023-12-26 00:17:12.165292 = report file generation start
2023-12-26 00:17:12.258659 = report file generation end
2023-12-26 00:17:12.263681 = module test_spytest_infra_1.py clean end
2023-12-26 00:17:12.264087 = Framework Module Hook Finalize
2023-12-26 00:17:12.266154 = Framework Module Hook Start
2023-12-26 00:17:13.095143 = module test_sanity_l3.py init start
2023-12-26 00:19:55.620675 = module test_sanity_l3.py init end
2023-12-26 00:19:55.622107 = Framework Module Hook end
2023-12-26 00:19:55.623270 = User Module sanity/test_sanity_l3.py Hook Start
2023-12-26 00:20:20.740636 = User Module sanity/test_sanity_l3.py Hook end
2023-12-26 00:20:20.741358 = Framework Function Hook Start
2023-12-26 00:20:48.913019 = function sanity/test_sanity_l3.py::test_l2_to_l3_port init start
2023-12-26 00:20:54.065202 = function sanity/test_sanity_l3.py::test_l2_to_l3_port init end
2023-12-26 00:20:54.065635 = Framework Function Hook end
2023-12-26 00:20:54.066111 = User Function sanity/test_sanity_l3.py::test_l2_to_l3_port Hook Start
2023-12-26 00:20:54.076020 = User Function sanity/test_sanity_l3.py::test_l2_to_l3_port Hook end
2023-12-26 00:20:54.077365 = Module Config Time (2023-12-26 00:17:12.266216 - 2023-12-26 00:20:20.741561) Published
2023-12-26 00:21:43.337863 = User Function sanity/test_sanity_l3.py::test_l2_to_l3_port Hook Finalize
2023-12-26 00:21:43.338200 = function sanity/test_sanity_l3.py::test_l2_to_l3_port clean start
2023-12-26 00:21:43.381092 = Test Time (2023-12-26 00:20:48.913312 - 2023-12-26 00:21:43.381083) Published
2023-12-26 00:21:43.386328 = function sanity/test_sanity_l3.py::test_l2_to_l3_port clean end
2023-12-26 00:21:43.386615 = Framework Function Hook Finalize
2023-12-26 00:22:20.041487 = User Module sanity/test_sanity_l3.py Hook Finalize
2023-12-26 00:22:20.041652 = module test_sanity_l3.py clean start
2023-12-26 00:22:46.490864 = report file generation start
2023-12-26 00:22:46.589037 = report file generation end
2023-12-26 00:22:46.594144 = module test_sanity_l3.py clean end
2023-12-26 00:22:46.594648 = Framework Module Hook Finalize
2023-12-26 00:22:46.679453 = Framework Module Hook Start
2023-12-26 00:22:47.512378 = module test_spytest_infra_1.py init start
2023-12-26 00:24:09.964801 = module test_spytest_infra_1.py init end
2023-12-26 00:24:09.965121 = Framework Module Hook end
2023-12-26 00:24:09.965465 = Framework Function Hook Start
2023-12-26 00:24:14.235437 = function batch/test_spytest_infra_1.py::test_spytest_infra_last init start
2023-12-26 00:24:19.432451 = function batch/test_spytest_infra_1.py::test_spytest_infra_last init end
2023-12-26 00:24:19.433154 = Framework Function Hook end
2023-12-26 00:24:19.434068 = Module Config Time (2023-12-26 00:22:46.679648 - 2023-12-26 00:24:09.965557) Published
2023-12-26 00:24:19.435425 = function batch/test_spytest_infra_1.py::test_spytest_infra_last clean start
2023-12-26 00:24:19.458186 = Test Time (2023-12-26 00:24:14.235709 - 2023-12-26 00:24:19.458175) Published
2023-12-26 00:24:19.463995 = function batch/test_spytest_infra_1.py::test_spytest_infra_last clean end
2023-12-26 00:24:19.464421 = Framework Function Hook Finalize
2023-12-26 00:24:19.464647 = module test_spytest_infra_1.py clean start
2023-12-26 00:24:21.913245 = report file generation start
2023-12-26 00:24:22.010596 = report file generation end
2023-12-26 00:24:22.015626 = module test_spytest_infra_1.py clean end
2023-12-26 00:24:22.015972 = Framework Module Hook Finalize
2023-12-26 00:24:22.016365 = session clean start
2023-12-26 00:24:22.034795 = report file generation start
2023-12-26 00:24:22.123731 = report file generation end
2023-12-26 00:24:22.808303 = session clean end
