2023-12-31 01:29:04,487 T0000: WARN  #### gw4
2023-12-31 01:29:04,488 T0000: WARN  support post-session-prolog session pass ''
2023-12-31 01:29:54,675 T0000: INFO  #### gw4
2023-12-31 01:29:54,676 T0000: INFO  support pre-module-prolog system/test_snapshot.py  ''
2023-12-31 01:30:44,671 T0000: INFO  #### gw4  system/test_snapshot.py
2023-12-31 01:30:44,671 T0000: INFO  support post-module-prolog system/test_snapshot.py Pass ''
2023-12-31 01:31:17,913 T0000: INFO  #### gw4  system/test_snapshot.py
2023-12-31 01:31:17,913 T0000: INFO  support pre-function-prolog test_ft_watermark_telemetry_interval  ''
2023-12-31 01:31:17,935 T0000: INFO  #### gw4  system/test_snapshot.py::test_ft_watermark_telemetry_interval
2023-12-31 01:31:17,935 T0000: INFO  support post-function-prolog test_ft_watermark_telemetry_interval Pass ''
2023-12-31 01:31:28,789 T0000: WARN  #### gw4  system/test_snapshot.py::test_ft_watermark_telemetry_interval
2023-12-31 01:31:28,789 T0000: WARN  support testcase ft_sf_snapshot_tam_Error_Logs Fail 'Error logs are getting generated on the device'
2023-12-31 01:31:28,804 T0000: INFO  #### gw4  system/test_snapshot.py::test_ft_watermark_telemetry_interval
2023-12-31 01:31:28,804 T0000: INFO  support pre-function-epilog test_ft_watermark_telemetry_interval Pass 'verification of configured telemetry interval and reset to default interval is successful'
2023-12-31 01:31:28,808 T0000: INFO  #### gw4  system/test_snapshot.py::test_ft_watermark_telemetry_interval
2023-12-31 01:31:28,808 T0000: INFO  support post-function-epilog test_ft_watermark_telemetry_interval Pass 'verification of configured telemetry interval and reset to default interval is successful'
2023-12-31 01:31:28,841 T0000: WARN  #### gw4  system/test_snapshot.py::test_ft_watermark_telemetry_interval
2023-12-31 01:31:28,841 T0000: WARN  support pre-module-epilog system/test_snapshot.py pass ''
2023-12-31 01:32:02,276 T0000: WARN  #### gw4  system/test_snapshot.py::test_ft_watermark_telemetry_interval
2023-12-31 01:32:02,276 T0000: WARN  support post-module-epilog system/test_snapshot.py pass ''
2023-12-31 01:36:27,660 T0000: INFO  #### gw4
2023-12-31 01:36:27,660 T0000: INFO  support pre-module-prolog system/test_ntp.py  ''
2023-12-31 01:36:52,034 T0000: INFO  #### gw4  system/test_ntp.py
2023-12-31 01:36:52,034 T0000: INFO  support post-module-prolog system/test_ntp.py Pass ''
2023-12-31 01:37:25,539 T0000: INFO  #### gw4  system/test_ntp.py
2023-12-31 01:37:25,539 T0000: INFO  support pre-function-prolog test_ft_ntp_disable_enable_with_message_log  ''
2023-12-31 01:37:25,554 T0000: INFO  #### gw4  system/test_ntp.py::test_ft_ntp_disable_enable_with_message_log
2023-12-31 01:37:25,554 T0000: INFO  support post-function-prolog test_ft_ntp_disable_enable_with_message_log Pass ''
2023-12-31 01:42:18,821 T0000: ERROR #### gw4 Exception system/test_ntp.py::test_ft_ntp_disable_enable_with_message_log
2023-12-31 01:42:18,821 T0000: ERROR Exception IndexError list index out of range in file /apis/system/ntp.py at line 347
2023-12-31 01:42:18,821 T0000: ERROR [0] /apis/system/ntp.py:347 show_clock return output[0]
2023-12-31 01:42:18,821 T0000: ERROR [1] /tests/system/test_ntp.py:103 test_ft_ntp_disable_enable_with_message_log ntp_obj.show_clock(vars.D1)
2023-12-31 01:42:18,822 T0000: WARN  #### gw4  system/test_ntp.py::test_ft_ntp_disable_enable_with_message_log
2023-12-31 01:42:18,822 T0000: WARN  support post-function-epilog test_ft_ntp_disable_enable_with_message_log ScriptError 'Exception IndexError list index out of range in file /apis/system/ntp.py at line 347'
2023-12-31 01:42:23,563 T0000: INFO  #### gw4  system/test_ntp.py
2023-12-31 01:42:23,563 T0000: INFO  support pre-function-prolog test_ntp_exists_config  ''
2023-12-31 01:42:23,576 T0000: INFO  #### gw4  system/test_ntp.py::test_ntp_exists_config
2023-12-31 01:42:23,576 T0000: INFO  support post-function-prolog test_ntp_exists_config Pass ''
2023-12-31 01:42:32,023 T0000: INFO  #### gw4  system/test_ntp.py::test_ntp_exists_config
2023-12-31 01:42:32,023 T0000: INFO  support pre-function-epilog test_ntp_exists_config Pass 'Test case passed'
2023-12-31 01:42:32,027 T0000: INFO  #### gw4  system/test_ntp.py::test_ntp_exists_config
2023-12-31 01:42:32,027 T0000: INFO  support post-function-epilog test_ntp_exists_config Pass 'Test case passed'
2023-12-31 01:42:32,044 T0000: WARN  #### gw4  system/test_ntp.py::test_ntp_exists_config
2023-12-31 01:42:32,044 T0000: WARN  support pre-module-epilog system/test_ntp.py fail ''
2023-12-31 01:42:56,225 T0000: WARN  #### gw4  system/test_ntp.py::test_ntp_exists_config
2023-12-31 01:42:56,225 T0000: WARN  support post-module-epilog system/test_ntp.py fail ''
2023-12-31 01:44:58,000 T0000: WARN  #### gw4  batch/test_spytest_infra_1.py::test_spytest_infra_last
2023-12-31 01:44:58,001 T0000: WARN  support session-epilog session pass ''
2023-12-31 01:29:06,460 T0000: WARN  #### gw5
2023-12-31 01:29:06,460 T0000: WARN  support post-session-prolog session pass ''
2023-12-31 01:29:56,317 T0000: INFO  #### gw5
2023-12-31 01:29:56,317 T0000: INFO  support pre-module-prolog system/test_snmp.py  ''
2023-12-31 01:31:37,267 T0000: INFO  #### gw5  system/test_snmp.py
2023-12-31 01:31:37,267 T0000: INFO  support post-module-prolog system/test_snmp.py Pass ''
2023-12-31 01:32:10,387 T0000: INFO  #### gw5  system/test_snmp.py
2023-12-31 01:32:10,387 T0000: INFO  support pre-function-prolog test_ft_snmp_sysName  ''
2023-12-31 01:32:10,409 T0000: INFO  #### gw5  system/test_snmp.py::test_ft_snmp_sysName
2023-12-31 01:32:10,409 T0000: INFO  support post-function-prolog test_ft_snmp_sysName Pass ''
2023-12-31 01:32:11,130 T0000: WARN  #### gw5  system/test_snmp.py::test_ft_snmp_sysName
2023-12-31 01:32:11,130 T0000: WARN  support pre-function-epilog test_ft_snmp_sysName Fail 'sysname output is not in sync between system and snmp'
2023-12-31 01:32:11,538 T0000: WARN  #### gw5  system/test_snmp.py::test_ft_snmp_sysName
2023-12-31 01:32:11,538 T0000: WARN  support post-function-epilog test_ft_snmp_sysName ignore 'sysname output is not in sync between system and snmp'
2023-12-31 01:32:16,317 T0000: INFO  #### gw5  system/test_snmp.py
2023-12-31 01:32:16,317 T0000: INFO  support pre-function-prolog test_ft_snmp_test_syUpTime  ''
2023-12-31 01:32:16,329 T0000: INFO  #### gw5  system/test_snmp.py::test_ft_snmp_test_syUpTime
2023-12-31 01:32:16,329 T0000: INFO  support post-function-prolog test_ft_snmp_test_syUpTime Pass ''
2023-12-31 01:32:17,636 T0000: INFO  #### gw5  system/test_snmp.py::test_ft_snmp_test_syUpTime
2023-12-31 01:32:17,636 T0000: INFO  support pre-function-epilog test_ft_snmp_test_syUpTime Pass 'Test case passed'
2023-12-31 01:32:17,640 T0000: INFO  #### gw5  system/test_snmp.py::test_ft_snmp_test_syUpTime
2023-12-31 01:32:17,640 T0000: INFO  support post-function-epilog test_ft_snmp_test_syUpTime Pass 'Test case passed'
2023-12-31 01:32:22,368 T0000: INFO  #### gw5  system/test_snmp.py
2023-12-31 01:32:22,368 T0000: INFO  support pre-function-prolog test_ft_snmp_sysDescr  ''
2023-12-31 01:32:22,382 T0000: INFO  #### gw5  system/test_snmp.py::test_ft_snmp_sysDescr
2023-12-31 01:32:22,382 T0000: INFO  support post-function-prolog test_ft_snmp_sysDescr Pass ''
2023-12-31 01:32:25,089 T0000: INFO  #### gw5  system/test_snmp.py::test_ft_snmp_sysDescr
2023-12-31 01:32:25,089 T0000: INFO  support pre-function-epilog test_ft_snmp_sysDescr Pass 'Test case passed'
2023-12-31 01:32:25,099 T0000: INFO  #### gw5  system/test_snmp.py::test_ft_snmp_sysDescr
2023-12-31 01:32:25,100 T0000: INFO  support post-function-epilog test_ft_snmp_sysDescr Pass 'Test case passed'
2023-12-31 01:32:29,884 T0000: INFO  #### gw5  system/test_snmp.py
2023-12-31 01:32:29,884 T0000: INFO  support pre-function-prolog test_ft_snmp_mib_2  ''
2023-12-31 01:32:29,898 T0000: INFO  #### gw5  system/test_snmp.py::test_ft_snmp_mib_2
2023-12-31 01:32:29,898 T0000: INFO  support post-function-prolog test_ft_snmp_mib_2 Pass ''
2023-12-31 01:32:32,130 T0000: INFO  #### gw5  system/test_snmp.py::test_ft_snmp_mib_2
2023-12-31 01:32:32,130 T0000: INFO  support pre-function-epilog test_ft_snmp_mib_2 Pass 'Test case passed'
2023-12-31 01:32:32,139 T0000: INFO  #### gw5  system/test_snmp.py::test_ft_snmp_mib_2
2023-12-31 01:32:32,139 T0000: INFO  support post-function-epilog test_ft_snmp_mib_2 Pass 'Test case passed'
2023-12-31 01:32:37,168 T0000: INFO  #### gw5  system/test_snmp.py
2023-12-31 01:32:37,168 T0000: INFO  support pre-function-prolog test_ft_snmp_if_mib_all  ''
2023-12-31 01:32:37,191 T0000: INFO  #### gw5  system/test_snmp.py::test_ft_snmp_if_mib_all
2023-12-31 01:32:37,192 T0000: INFO  support post-function-prolog test_ft_snmp_if_mib_all Pass ''
2023-12-31 01:32:37,355 T0000: INFO  #### gw5  system/test_snmp.py::test_ft_snmp_if_mib_all
2023-12-31 01:32:37,355 T0000: INFO  support pre-function-epilog test_ft_snmp_if_mib_all Pass 'Test case passed'
2023-12-31 01:32:37,362 T0000: INFO  #### gw5  system/test_snmp.py::test_ft_snmp_if_mib_all
2023-12-31 01:32:37,362 T0000: INFO  support post-function-epilog test_ft_snmp_if_mib_all Pass 'Test case passed'
2023-12-31 01:32:42,118 T0000: INFO  #### gw5  system/test_snmp.py
2023-12-31 01:32:42,118 T0000: INFO  support pre-function-prolog test_ft_snmp_entity_mib_all  ''
2023-12-31 01:32:42,137 T0000: INFO  #### gw5  system/test_snmp.py::test_ft_snmp_entity_mib_all
2023-12-31 01:32:42,137 T0000: INFO  support post-function-prolog test_ft_snmp_entity_mib_all Pass ''
2023-12-31 01:32:42,195 T0000: INFO  #### gw5  system/test_snmp.py::test_ft_snmp_entity_mib_all
2023-12-31 01:32:42,196 T0000: INFO  support pre-function-epilog test_ft_snmp_entity_mib_all Pass 'Test case passed'
2023-12-31 01:32:42,204 T0000: INFO  #### gw5  system/test_snmp.py::test_ft_snmp_entity_mib_all
2023-12-31 01:32:42,204 T0000: INFO  support post-function-epilog test_ft_snmp_entity_mib_all Pass 'Test case passed'
2023-12-31 01:32:46,929 T0000: INFO  #### gw5  system/test_snmp.py
2023-12-31 01:32:46,929 T0000: INFO  support pre-function-prolog test_ft_snmp_dot1q_dot1db_mib  ''
2023-12-31 01:32:46,942 T0000: INFO  #### gw5  system/test_snmp.py::test_ft_snmp_dot1q_dot1db_mib
2023-12-31 01:32:46,942 T0000: INFO  support post-function-prolog test_ft_snmp_dot1q_dot1db_mib Pass ''
2023-12-31 01:32:47,033 T0000: INFO  #### gw5  system/test_snmp.py::test_ft_snmp_dot1q_dot1db_mib
2023-12-31 01:32:47,033 T0000: INFO  support pre-function-epilog test_ft_snmp_dot1q_dot1db_mib Pass 'Test case passed'
2023-12-31 01:32:47,040 T0000: INFO  #### gw5  system/test_snmp.py::test_ft_snmp_dot1q_dot1db_mib
2023-12-31 01:32:47,040 T0000: INFO  support post-function-epilog test_ft_snmp_dot1q_dot1db_mib Pass 'Test case passed'
2023-12-31 01:32:51,693 T0000: INFO  #### gw5  system/test_snmp.py
2023-12-31 01:32:51,693 T0000: INFO  support pre-function-prolog test_ft_snmp_root_node_walk  ''
2023-12-31 01:32:51,707 T0000: INFO  #### gw5  system/test_snmp.py::test_ft_snmp_root_node_walk
2023-12-31 01:32:51,707 T0000: INFO  support post-function-prolog test_ft_snmp_root_node_walk Pass ''
2023-12-31 01:32:55,249 T0000: INFO  #### gw5  system/test_snmp.py::test_ft_snmp_root_node_walk
2023-12-31 01:32:55,249 T0000: INFO  support pre-function-epilog test_ft_snmp_root_node_walk Pass 'Test case passed'
2023-12-31 01:32:55,258 T0000: INFO  #### gw5  system/test_snmp.py::test_ft_snmp_root_node_walk
2023-12-31 01:32:55,258 T0000: INFO  support post-function-epilog test_ft_snmp_root_node_walk Pass 'Test case passed'
2023-12-31 01:33:00,034 T0000: INFO  #### gw5  system/test_snmp.py
2023-12-31 01:33:00,034 T0000: INFO  support pre-function-prolog test_ft_snmp_ipAddressRowStatus_ipv6  ''
2023-12-31 01:33:00,050 T0000: INFO  #### gw5  system/test_snmp.py::test_ft_snmp_ipAddressRowStatus_ipv6
2023-12-31 01:33:00,050 T0000: INFO  support post-function-prolog test_ft_snmp_ipAddressRowStatus_ipv6 Pass ''
2023-12-31 01:33:06,600 T0000: INFO  #### gw5  system/test_snmp.py::test_ft_snmp_ipAddressRowStatus_ipv6
2023-12-31 01:33:06,600 T0000: INFO  support pre-function-epilog test_ft_snmp_ipAddressRowStatus_ipv6 Pass 'Test case passed'
2023-12-31 01:33:06,605 T0000: INFO  #### gw5  system/test_snmp.py::test_ft_snmp_ipAddressRowStatus_ipv6
2023-12-31 01:33:06,605 T0000: INFO  support post-function-epilog test_ft_snmp_ipAddressRowStatus_ipv6 Pass 'Test case passed'
2023-12-31 01:33:11,328 T0000: INFO  #### gw5  system/test_snmp.py
2023-12-31 01:33:11,328 T0000: INFO  support pre-function-prolog test_ft_snmp_ipAddressStorageType_ipv6  ''
2023-12-31 01:33:11,343 T0000: INFO  #### gw5  system/test_snmp.py::test_ft_snmp_ipAddressStorageType_ipv6
2023-12-31 01:33:11,343 T0000: INFO  support post-function-prolog test_ft_snmp_ipAddressStorageType_ipv6 Pass ''
2023-12-31 01:33:11,371 T0000: INFO  #### gw5  system/test_snmp.py::test_ft_snmp_ipAddressStorageType_ipv6
2023-12-31 01:33:11,371 T0000: INFO  support pre-function-epilog test_ft_snmp_ipAddressStorageType_ipv6 Pass 'Test case passed'
2023-12-31 01:33:11,377 T0000: INFO  #### gw5  system/test_snmp.py::test_ft_snmp_ipAddressStorageType_ipv6
2023-12-31 01:33:11,377 T0000: INFO  support post-function-epilog test_ft_snmp_ipAddressStorageType_ipv6 Pass 'Test case passed'
2023-12-31 01:33:16,054 T0000: INFO  #### gw5  system/test_snmp.py
2023-12-31 01:33:16,054 T0000: INFO  support pre-function-prolog test_ft_snmp_ipv6_If_Forward_default_HopLimit  ''
2023-12-31 01:33:16,069 T0000: INFO  #### gw5  system/test_snmp.py::test_ft_snmp_ipv6_If_Forward_default_HopLimit
2023-12-31 01:33:16,069 T0000: INFO  support post-function-prolog test_ft_snmp_ipv6_If_Forward_default_HopLimit Pass ''
2023-12-31 01:33:16,107 T0000: INFO  #### gw5  system/test_snmp.py::test_ft_snmp_ipv6_If_Forward_default_HopLimit
2023-12-31 01:33:16,107 T0000: INFO  support pre-function-epilog test_ft_snmp_ipv6_If_Forward_default_HopLimit Pass 'Test case passed'
2023-12-31 01:33:16,116 T0000: INFO  #### gw5  system/test_snmp.py::test_ft_snmp_ipv6_If_Forward_default_HopLimit
2023-12-31 01:33:16,116 T0000: INFO  support post-function-epilog test_ft_snmp_ipv6_If_Forward_default_HopLimit Pass 'Test case passed'
2023-12-31 01:33:20,846 T0000: INFO  #### gw5  system/test_snmp.py
2023-12-31 01:33:20,847 T0000: INFO  support pre-function-prolog test_ft_snmp_ipv6scope_index_table  ''
2023-12-31 01:33:20,861 T0000: INFO  #### gw5  system/test_snmp.py::test_ft_snmp_ipv6scope_index_table
2023-12-31 01:33:20,861 T0000: INFO  support post-function-prolog test_ft_snmp_ipv6scope_index_table Pass ''
2023-12-31 01:33:20,922 T0000: INFO  #### gw5  system/test_snmp.py::test_ft_snmp_ipv6scope_index_table
2023-12-31 01:33:20,922 T0000: INFO  support pre-function-epilog test_ft_snmp_ipv6scope_index_table Pass 'Test case passed'
2023-12-31 01:33:20,926 T0000: INFO  #### gw5  system/test_snmp.py::test_ft_snmp_ipv6scope_index_table
2023-12-31 01:33:20,926 T0000: INFO  support post-function-epilog test_ft_snmp_ipv6scope_index_table Pass 'Test case passed'
2023-12-31 01:33:25,611 T0000: INFO  #### gw5  system/test_snmp.py
2023-12-31 01:33:25,611 T0000: INFO  support pre-function-prolog test_ft_snmp_ip_forward_table  ''
2023-12-31 01:33:25,623 T0000: INFO  #### gw5  system/test_snmp.py::test_ft_snmp_ip_forward_table
2023-12-31 01:33:25,623 T0000: INFO  support post-function-prolog test_ft_snmp_ip_forward_table Pass ''
2023-12-31 01:33:28,362 T0000: INFO  #### gw5  system/test_snmp.py::test_ft_snmp_ip_forward_table
2023-12-31 01:33:28,362 T0000: INFO  support pre-function-epilog test_ft_snmp_ip_forward_table Pass 'Test case passed'
2023-12-31 01:33:28,367 T0000: INFO  #### gw5  system/test_snmp.py::test_ft_snmp_ip_forward_table
2023-12-31 01:33:28,368 T0000: INFO  support post-function-epilog test_ft_snmp_ip_forward_table Pass 'Test case passed'
2023-12-31 01:33:34,029 T0000: INFO  #### gw5  system/test_snmp.py
2023-12-31 01:33:34,030 T0000: INFO  support pre-function-prolog test_ft_snmp_ifx_table  ''
2023-12-31 01:33:34,041 T0000: INFO  #### gw5  system/test_snmp.py::test_ft_snmp_ifx_table
2023-12-31 01:33:34,041 T0000: INFO  support post-function-prolog test_ft_snmp_ifx_table Pass ''
2023-12-31 01:33:34,228 T0000: INFO  #### gw5  system/test_snmp.py::test_ft_snmp_ifx_table
2023-12-31 01:33:34,228 T0000: INFO  support pre-function-epilog test_ft_snmp_ifx_table Pass 'Test case passed'
2023-12-31 01:33:34,235 T0000: INFO  #### gw5  system/test_snmp.py::test_ft_snmp_ifx_table
2023-12-31 01:33:34,235 T0000: INFO  support post-function-epilog test_ft_snmp_ifx_table Pass 'Test case passed'
2023-12-31 01:33:39,030 T0000: INFO  #### gw5  system/test_snmp.py
2023-12-31 01:33:39,030 T0000: INFO  support pre-function-prolog test_ft_snmp_ip_System_Stats_Table  ''
2023-12-31 01:33:39,044 T0000: INFO  #### gw5  system/test_snmp.py::test_ft_snmp_ip_System_Stats_Table
2023-12-31 01:33:39,045 T0000: INFO  support post-function-prolog test_ft_snmp_ip_System_Stats_Table Pass ''
2023-12-31 01:33:39,100 T0000: INFO  #### gw5  system/test_snmp.py::test_ft_snmp_ip_System_Stats_Table
2023-12-31 01:33:39,100 T0000: INFO  support pre-function-epilog test_ft_snmp_ip_System_Stats_Table Pass 'Test case passed'
2023-12-31 01:33:39,104 T0000: INFO  #### gw5  system/test_snmp.py::test_ft_snmp_ip_System_Stats_Table
2023-12-31 01:33:39,104 T0000: INFO  support post-function-epilog test_ft_snmp_ip_System_Stats_Table Pass 'Test case passed'
2023-12-31 01:33:43,864 T0000: INFO  #### gw5  system/test_snmp.py
2023-12-31 01:33:43,864 T0000: INFO  support pre-function-prolog test_ft_snmp_ip_IfStats_Table  ''
2023-12-31 01:33:43,876 T0000: INFO  #### gw5  system/test_snmp.py::test_ft_snmp_ip_IfStats_Table
2023-12-31 01:33:43,876 T0000: INFO  support post-function-prolog test_ft_snmp_ip_IfStats_Table Pass ''
2023-12-31 01:33:44,200 T0000: INFO  #### gw5  system/test_snmp.py::test_ft_snmp_ip_IfStats_Table
2023-12-31 01:33:44,200 T0000: INFO  support pre-function-epilog test_ft_snmp_ip_IfStats_Table Pass 'Test case passed'
2023-12-31 01:33:44,208 T0000: INFO  #### gw5  system/test_snmp.py::test_ft_snmp_ip_IfStats_Table
2023-12-31 01:33:44,208 T0000: INFO  support post-function-epilog test_ft_snmp_ip_IfStats_Table Pass 'Test case passed'
2023-12-31 01:33:48,846 T0000: INFO  #### gw5  system/test_snmp.py
2023-12-31 01:33:48,846 T0000: INFO  support pre-function-prolog test_ft_snmp_ip_Address_Table  ''
2023-12-31 01:33:48,865 T0000: INFO  #### gw5  system/test_snmp.py::test_ft_snmp_ip_Address_Table
2023-12-31 01:33:48,865 T0000: INFO  support post-function-prolog test_ft_snmp_ip_Address_Table Pass ''
2023-12-31 01:33:48,922 T0000: INFO  #### gw5  system/test_snmp.py::test_ft_snmp_ip_Address_Table
2023-12-31 01:33:48,922 T0000: INFO  support pre-function-epilog test_ft_snmp_ip_Address_Table Pass 'Test case passed'
2023-12-31 01:33:48,927 T0000: INFO  #### gw5  system/test_snmp.py::test_ft_snmp_ip_Address_Table
2023-12-31 01:33:48,927 T0000: INFO  support post-function-epilog test_ft_snmp_ip_Address_Table Pass 'Test case passed'
2023-12-31 01:33:53,653 T0000: INFO  #### gw5  system/test_snmp.py
2023-12-31 01:33:53,653 T0000: INFO  support pre-function-prolog test_ft_snmp_ip_NetToPhysical_Table  ''
2023-12-31 01:33:53,665 T0000: INFO  #### gw5  system/test_snmp.py::test_ft_snmp_ip_NetToPhysical_Table
2023-12-31 01:33:53,665 T0000: INFO  support post-function-prolog test_ft_snmp_ip_NetToPhysical_Table Pass ''
2023-12-31 01:33:53,709 T0000: INFO  #### gw5  system/test_snmp.py::test_ft_snmp_ip_NetToPhysical_Table
2023-12-31 01:33:53,709 T0000: INFO  support pre-function-epilog test_ft_snmp_ip_NetToPhysical_Table Pass 'Test case passed'
2023-12-31 01:33:53,715 T0000: INFO  #### gw5  system/test_snmp.py::test_ft_snmp_ip_NetToPhysical_Table
2023-12-31 01:33:53,715 T0000: INFO  support post-function-epilog test_ft_snmp_ip_NetToPhysical_Table Pass 'Test case passed'
2023-12-31 01:33:58,496 T0000: INFO  #### gw5  system/test_snmp.py
2023-12-31 01:33:58,497 T0000: INFO  support pre-function-prolog test_ft_snmp_icmp_Msgs  ''
2023-12-31 01:33:58,509 T0000: INFO  #### gw5  system/test_snmp.py::test_ft_snmp_icmp_Msgs
2023-12-31 01:33:58,509 T0000: INFO  support post-function-prolog test_ft_snmp_icmp_Msgs Pass ''
2023-12-31 01:33:58,564 T0000: INFO  #### gw5  system/test_snmp.py::test_ft_snmp_icmp_Msgs
2023-12-31 01:33:58,564 T0000: INFO  support pre-function-epilog test_ft_snmp_icmp_Msgs Pass 'Test case passed'
2023-12-31 01:33:58,570 T0000: INFO  #### gw5  system/test_snmp.py::test_ft_snmp_icmp_Msgs
2023-12-31 01:33:58,570 T0000: INFO  support post-function-epilog test_ft_snmp_icmp_Msgs Pass 'Test case passed'
2023-12-31 01:34:03,369 T0000: INFO  #### gw5  system/test_snmp.py
2023-12-31 01:34:03,369 T0000: INFO  support pre-function-prolog test_ft_snmp_tcp_mib  ''
2023-12-31 01:34:03,382 T0000: INFO  #### gw5  system/test_snmp.py::test_ft_snmp_tcp_mib
2023-12-31 01:34:03,382 T0000: INFO  support post-function-prolog test_ft_snmp_tcp_mib Pass ''
2023-12-31 01:34:05,436 T0000: INFO  #### gw5  system/test_snmp.py::test_ft_snmp_tcp_mib
2023-12-31 01:34:05,436 T0000: INFO  support pre-function-epilog test_ft_snmp_tcp_mib Pass 'Test case passed'
2023-12-31 01:34:05,445 T0000: INFO  #### gw5  system/test_snmp.py::test_ft_snmp_tcp_mib
2023-12-31 01:34:05,445 T0000: INFO  support post-function-epilog test_ft_snmp_tcp_mib Pass 'Test case passed'
2023-12-31 01:34:10,226 T0000: INFO  #### gw5  system/test_snmp.py
2023-12-31 01:34:10,226 T0000: INFO  support pre-function-prolog test_ft_snmp_udp_mib  ''
2023-12-31 01:34:10,239 T0000: INFO  #### gw5  system/test_snmp.py::test_ft_snmp_udp_mib
2023-12-31 01:34:10,239 T0000: INFO  support post-function-prolog test_ft_snmp_udp_mib Pass ''
2023-12-31 01:34:10,308 T0000: INFO  #### gw5  system/test_snmp.py::test_ft_snmp_udp_mib
2023-12-31 01:34:10,308 T0000: INFO  support pre-function-epilog test_ft_snmp_udp_mib Pass 'Test case passed'
2023-12-31 01:34:10,316 T0000: INFO  #### gw5  system/test_snmp.py::test_ft_snmp_udp_mib
2023-12-31 01:34:10,316 T0000: INFO  support post-function-epilog test_ft_snmp_udp_mib Pass 'Test case passed'
2023-12-31 01:34:15,105 T0000: INFO  #### gw5  system/test_snmp.py
2023-12-31 01:34:15,105 T0000: INFO  support pre-function-prolog test_ft_snmp_snmpv2_mib  ''
2023-12-31 01:34:15,117 T0000: INFO  #### gw5  system/test_snmp.py::test_ft_snmp_snmpv2_mib
2023-12-31 01:34:15,118 T0000: INFO  support post-function-prolog test_ft_snmp_snmpv2_mib Pass ''
2023-12-31 01:34:15,162 T0000: INFO  #### gw5  system/test_snmp.py::test_ft_snmp_snmpv2_mib
2023-12-31 01:34:15,162 T0000: INFO  support pre-function-epilog test_ft_snmp_snmpv2_mib Pass 'Test case passed'
2023-12-31 01:34:15,169 T0000: INFO  #### gw5  system/test_snmp.py::test_ft_snmp_snmpv2_mib
2023-12-31 01:34:15,169 T0000: INFO  support post-function-epilog test_ft_snmp_snmpv2_mib Pass 'Test case passed'
2023-12-31 01:34:19,845 T0000: INFO  #### gw5  system/test_snmp.py
2023-12-31 01:34:19,845 T0000: INFO  support pre-function-prolog test_ft_snmp_host_resource_mib  ''
2023-12-31 01:34:19,859 T0000: INFO  #### gw5  system/test_snmp.py::test_ft_snmp_host_resource_mib
2023-12-31 01:34:19,859 T0000: INFO  support post-function-prolog test_ft_snmp_host_resource_mib Pass ''
2023-12-31 01:34:20,083 T0000: INFO  #### gw5  system/test_snmp.py::test_ft_snmp_host_resource_mib
2023-12-31 01:34:20,083 T0000: INFO  support pre-function-epilog test_ft_snmp_host_resource_mib Pass 'Test case passed'
2023-12-31 01:34:20,088 T0000: INFO  #### gw5  system/test_snmp.py::test_ft_snmp_host_resource_mib
2023-12-31 01:34:20,088 T0000: INFO  support post-function-epilog test_ft_snmp_host_resource_mib Pass 'Test case passed'
2023-12-31 01:34:24,850 T0000: INFO  #### gw5  system/test_snmp.py
2023-12-31 01:34:24,850 T0000: INFO  support pre-function-prolog test_ft_snmp_framework_mib  ''
2023-12-31 01:34:24,865 T0000: INFO  #### gw5  system/test_snmp.py::test_ft_snmp_framework_mib
2023-12-31 01:34:24,865 T0000: INFO  support post-function-prolog test_ft_snmp_framework_mib Pass ''
2023-12-31 01:34:24,898 T0000: INFO  #### gw5  system/test_snmp.py::test_ft_snmp_framework_mib
2023-12-31 01:34:24,898 T0000: INFO  support pre-function-epilog test_ft_snmp_framework_mib Pass 'Test case passed'
2023-12-31 01:34:24,905 T0000: INFO  #### gw5  system/test_snmp.py::test_ft_snmp_framework_mib
2023-12-31 01:34:24,905 T0000: INFO  support post-function-epilog test_ft_snmp_framework_mib Pass 'Test case passed'
2023-12-31 01:34:29,753 T0000: INFO  #### gw5  system/test_snmp.py
2023-12-31 01:34:29,753 T0000: INFO  support pre-function-prolog test_ft_snmp_mpd_mib  ''
2023-12-31 01:34:29,765 T0000: INFO  #### gw5  system/test_snmp.py::test_ft_snmp_mpd_mib
2023-12-31 01:34:29,765 T0000: INFO  support post-function-prolog test_ft_snmp_mpd_mib Pass ''
2023-12-31 01:34:29,818 T0000: INFO  #### gw5  system/test_snmp.py::test_ft_snmp_mpd_mib
2023-12-31 01:34:29,818 T0000: INFO  support pre-function-epilog test_ft_snmp_mpd_mib Pass 'Test case passed'
2023-12-31 01:34:29,829 T0000: INFO  #### gw5  system/test_snmp.py::test_ft_snmp_mpd_mib
2023-12-31 01:34:29,829 T0000: INFO  support post-function-epilog test_ft_snmp_mpd_mib Pass 'Test case passed'
2023-12-31 01:34:34,630 T0000: INFO  #### gw5  system/test_snmp.py
2023-12-31 01:34:34,630 T0000: INFO  support pre-function-prolog test_ft_snmp_target_mib  ''
2023-12-31 01:34:34,690 T0000: INFO  #### gw5  system/test_snmp.py::test_ft_snmp_target_mib
2023-12-31 01:34:34,690 T0000: INFO  support post-function-prolog test_ft_snmp_target_mib Pass ''
2023-12-31 01:34:34,721 T0000: INFO  #### gw5  system/test_snmp.py::test_ft_snmp_target_mib
2023-12-31 01:34:34,721 T0000: INFO  support pre-function-epilog test_ft_snmp_target_mib Pass 'Test case passed'
2023-12-31 01:34:34,730 T0000: INFO  #### gw5  system/test_snmp.py::test_ft_snmp_target_mib
2023-12-31 01:34:34,730 T0000: INFO  support post-function-epilog test_ft_snmp_target_mib Pass 'Test case passed'
2023-12-31 01:34:39,561 T0000: INFO  #### gw5  system/test_snmp.py
2023-12-31 01:34:39,562 T0000: INFO  support pre-function-prolog test_ft_snmp_notification_mib  ''
2023-12-31 01:34:39,574 T0000: INFO  #### gw5  system/test_snmp.py::test_ft_snmp_notification_mib
2023-12-31 01:34:39,574 T0000: INFO  support post-function-prolog test_ft_snmp_notification_mib Pass ''
2023-12-31 01:34:39,601 T0000: INFO  #### gw5  system/test_snmp.py::test_ft_snmp_notification_mib
2023-12-31 01:34:39,601 T0000: INFO  support pre-function-epilog test_ft_snmp_notification_mib Pass 'Test case passed'
2023-12-31 01:34:39,610 T0000: INFO  #### gw5  system/test_snmp.py::test_ft_snmp_notification_mib
2023-12-31 01:34:39,610 T0000: INFO  support post-function-epilog test_ft_snmp_notification_mib Pass 'Test case passed'
2023-12-31 01:34:44,355 T0000: INFO  #### gw5  system/test_snmp.py
2023-12-31 01:34:44,356 T0000: INFO  support pre-function-prolog test_ft_snmp_user_based_sm_mib  ''
2023-12-31 01:34:44,366 T0000: INFO  #### gw5  system/test_snmp.py::test_ft_snmp_user_based_sm_mib
2023-12-31 01:34:44,366 T0000: INFO  support post-function-prolog test_ft_snmp_user_based_sm_mib Pass ''
2023-12-31 01:34:44,388 T0000: INFO  #### gw5  system/test_snmp.py::test_ft_snmp_user_based_sm_mib
2023-12-31 01:34:44,388 T0000: INFO  support pre-function-epilog test_ft_snmp_user_based_sm_mib Pass 'Test case passed'
2023-12-31 01:34:44,396 T0000: INFO  #### gw5  system/test_snmp.py::test_ft_snmp_user_based_sm_mib
2023-12-31 01:34:44,396 T0000: INFO  support post-function-epilog test_ft_snmp_user_based_sm_mib Pass 'Test case passed'
2023-12-31 01:34:49,288 T0000: INFO  #### gw5  system/test_snmp.py
2023-12-31 01:34:49,288 T0000: INFO  support pre-function-prolog test_ft_snmp_view_based_acm_mib  ''
2023-12-31 01:34:49,301 T0000: INFO  #### gw5  system/test_snmp.py::test_ft_snmp_view_based_acm_mib
2023-12-31 01:34:49,301 T0000: INFO  support post-function-prolog test_ft_snmp_view_based_acm_mib Pass ''
2023-12-31 01:34:49,344 T0000: INFO  #### gw5  system/test_snmp.py::test_ft_snmp_view_based_acm_mib
2023-12-31 01:34:49,344 T0000: INFO  support pre-function-epilog test_ft_snmp_view_based_acm_mib Pass 'Test case passed'
2023-12-31 01:34:49,348 T0000: INFO  #### gw5  system/test_snmp.py::test_ft_snmp_view_based_acm_mib
2023-12-31 01:34:49,349 T0000: INFO  support post-function-epilog test_ft_snmp_view_based_acm_mib Pass 'Test case passed'
2023-12-31 01:34:54,143 T0000: INFO  #### gw5  system/test_snmp.py
2023-12-31 01:34:54,143 T0000: INFO  support pre-function-prolog test_ft_snmp_ent_physical_table  ''
2023-12-31 01:34:54,154 T0000: INFO  #### gw5  system/test_snmp.py::test_ft_snmp_ent_physical_table
2023-12-31 01:34:54,154 T0000: INFO  support post-function-prolog test_ft_snmp_ent_physical_table Pass ''
2023-12-31 01:34:54,201 T0000: INFO  #### gw5  system/test_snmp.py::test_ft_snmp_ent_physical_table
2023-12-31 01:34:54,201 T0000: INFO  support pre-function-epilog test_ft_snmp_ent_physical_table Pass 'Test case passed'
2023-12-31 01:34:54,210 T0000: INFO  #### gw5  system/test_snmp.py::test_ft_snmp_ent_physical_table
2023-12-31 01:34:54,210 T0000: INFO  support post-function-epilog test_ft_snmp_ent_physical_table Pass 'Test case passed'
2023-12-31 01:34:58,271 T0000: INFO  #### gw5  system/test_snmp.py
2023-12-31 01:34:58,272 T0000: INFO  support pre-function-prolog test_ft_snmp_dot3_stats_table  ''
2023-12-31 01:34:58,293 T0000: INFO  #### gw5  system/test_snmp.py::test_ft_snmp_dot3_stats_table
2023-12-31 01:34:58,293 T0000: INFO  support post-function-prolog test_ft_snmp_dot3_stats_table Pass ''
2023-12-31 01:34:58,354 T0000: INFO  #### gw5  system/test_snmp.py::test_ft_snmp_dot3_stats_table
2023-12-31 01:34:58,354 T0000: INFO  support pre-function-epilog test_ft_snmp_dot3_stats_table Pass 'Test case passed'
2023-12-31 01:34:58,359 T0000: INFO  #### gw5  system/test_snmp.py::test_ft_snmp_dot3_stats_table
2023-12-31 01:34:58,359 T0000: INFO  support post-function-epilog test_ft_snmp_dot3_stats_table Pass 'Test case passed'
2023-12-31 01:35:03,103 T0000: INFO  #### gw5  system/test_snmp.py
2023-12-31 01:35:03,103 T0000: INFO  support pre-function-prolog test_ft_net_snmp_agent_mib  ''
2023-12-31 01:35:03,114 T0000: INFO  #### gw5  system/test_snmp.py::test_ft_net_snmp_agent_mib
2023-12-31 01:35:03,114 T0000: INFO  support post-function-prolog test_ft_net_snmp_agent_mib Pass ''
2023-12-31 01:35:03,803 T0000: INFO  #### gw5  system/test_snmp.py::test_ft_net_snmp_agent_mib
2023-12-31 01:35:03,803 T0000: INFO  support pre-function-epilog test_ft_net_snmp_agent_mib Pass 'Test case passed'
2023-12-31 01:35:03,807 T0000: INFO  #### gw5  system/test_snmp.py::test_ft_net_snmp_agent_mib
2023-12-31 01:35:03,808 T0000: INFO  support post-function-epilog test_ft_net_snmp_agent_mib Pass 'Test case passed'
2023-12-31 01:35:08,528 T0000: INFO  #### gw5  system/test_snmp.py
2023-12-31 01:35:08,528 T0000: INFO  support pre-function-prolog test_ft_net_snmp_vacm_mib  ''
2023-12-31 01:35:08,541 T0000: INFO  #### gw5  system/test_snmp.py::test_ft_net_snmp_vacm_mib
2023-12-31 01:35:08,541 T0000: INFO  support post-function-prolog test_ft_net_snmp_vacm_mib Pass ''
2023-12-31 01:35:08,579 T0000: INFO  #### gw5  system/test_snmp.py::test_ft_net_snmp_vacm_mib
2023-12-31 01:35:08,579 T0000: INFO  support pre-function-epilog test_ft_net_snmp_vacm_mib Pass 'Test case passed'
2023-12-31 01:35:08,586 T0000: INFO  #### gw5  system/test_snmp.py::test_ft_net_snmp_vacm_mib
2023-12-31 01:35:08,586 T0000: INFO  support post-function-epilog test_ft_net_snmp_vacm_mib Pass 'Test case passed'
2023-12-31 01:35:13,284 T0000: INFO  #### gw5  system/test_snmp.py
2023-12-31 01:35:13,285 T0000: INFO  support pre-function-prolog test_ft_snmp_ucd_diskio_mib  ''
2023-12-31 01:35:13,299 T0000: INFO  #### gw5  system/test_snmp.py::test_ft_snmp_ucd_diskio_mib
2023-12-31 01:35:13,299 T0000: INFO  support post-function-prolog test_ft_snmp_ucd_diskio_mib Pass ''
2023-12-31 01:35:13,363 T0000: INFO  #### gw5  system/test_snmp.py::test_ft_snmp_ucd_diskio_mib
2023-12-31 01:35:13,363 T0000: INFO  support pre-function-epilog test_ft_snmp_ucd_diskio_mib Pass 'Test case passed'
2023-12-31 01:35:13,368 T0000: INFO  #### gw5  system/test_snmp.py::test_ft_snmp_ucd_diskio_mib
2023-12-31 01:35:13,368 T0000: INFO  support post-function-epilog test_ft_snmp_ucd_diskio_mib Pass 'Test case passed'
2023-12-31 01:35:18,191 T0000: INFO  #### gw5  system/test_snmp.py
2023-12-31 01:35:18,191 T0000: INFO  support pre-function-prolog test_ft_snmp_ucd_la_table  ''
2023-12-31 01:35:18,202 T0000: INFO  #### gw5  system/test_snmp.py::test_ft_snmp_ucd_la_table
2023-12-31 01:35:18,202 T0000: INFO  support post-function-prolog test_ft_snmp_ucd_la_table Pass ''
2023-12-31 01:35:18,235 T0000: INFO  #### gw5  system/test_snmp.py::test_ft_snmp_ucd_la_table
2023-12-31 01:35:18,235 T0000: INFO  support pre-function-epilog test_ft_snmp_ucd_la_table Pass 'Test case passed'
2023-12-31 01:35:18,241 T0000: INFO  #### gw5  system/test_snmp.py::test_ft_snmp_ucd_la_table
2023-12-31 01:35:18,241 T0000: INFO  support post-function-epilog test_ft_snmp_ucd_la_table Pass 'Test case passed'
2023-12-31 01:35:23,239 T0000: INFO  #### gw5  system/test_snmp.py
2023-12-31 01:35:23,239 T0000: INFO  support pre-function-prolog test_ft_snmp_ucd_system_stats  ''
2023-12-31 01:35:23,249 T0000: INFO  #### gw5  system/test_snmp.py::test_ft_snmp_ucd_system_stats
2023-12-31 01:35:23,249 T0000: INFO  support post-function-prolog test_ft_snmp_ucd_system_stats Pass ''
2023-12-31 01:35:23,282 T0000: INFO  #### gw5  system/test_snmp.py::test_ft_snmp_ucd_system_stats
2023-12-31 01:35:23,283 T0000: INFO  support pre-function-epilog test_ft_snmp_ucd_system_stats Pass 'Test case passed'
2023-12-31 01:35:23,291 T0000: INFO  #### gw5  system/test_snmp.py::test_ft_snmp_ucd_system_stats
2023-12-31 01:35:23,291 T0000: INFO  support post-function-epilog test_ft_snmp_ucd_system_stats Pass 'Test case passed'
2023-12-31 01:35:28,040 T0000: INFO  #### gw5  system/test_snmp.py
2023-12-31 01:35:28,040 T0000: INFO  support pre-function-prolog test_ft_snmp_dot1q_tp_fdb_port  ''
2023-12-31 01:35:28,057 T0000: INFO  #### gw5  system/test_snmp.py::test_ft_snmp_dot1q_tp_fdb_port
2023-12-31 01:35:28,057 T0000: INFO  support post-function-prolog test_ft_snmp_dot1q_tp_fdb_port Pass ''
2023-12-31 01:35:29,539 T0000: WARN  #### gw5  system/test_snmp.py::test_ft_snmp_dot1q_tp_fdb_port
2023-12-31 01:35:29,539 T0000: WARN  support pre-function-epilog test_ft_snmp_dot1q_tp_fdb_port Fail 'SNMP output is not found after walk of dot1qTpFdbPort OID'
2023-12-31 01:35:29,932 T0000: WARN  #### gw5  system/test_snmp.py::test_ft_snmp_dot1q_tp_fdb_port
2023-12-31 01:35:29,932 T0000: WARN  support post-function-epilog test_ft_snmp_dot1q_tp_fdb_port ignore 'SNMP output is not found after walk of dot1qTpFdbPort OID'
2023-12-31 01:35:34,696 T0000: INFO  #### gw5  system/test_snmp.py
2023-12-31 01:35:34,696 T0000: INFO  support pre-function-prolog test_ft_snmp_dot1q_tp_fdb_address  ''
2023-12-31 01:35:34,706 T0000: INFO  #### gw5  system/test_snmp.py::test_ft_snmp_dot1q_tp_fdb_address
2023-12-31 01:35:34,706 T0000: INFO  support post-function-prolog test_ft_snmp_dot1q_tp_fdb_address Pass ''
2023-12-31 01:35:35,108 T0000: INFO  #### gw5  system/test_snmp.py::test_ft_snmp_dot1q_tp_fdb_address
2023-12-31 01:35:35,108 T0000: INFO  support pre-function-epilog test_ft_snmp_dot1q_tp_fdb_address Pass 'Test case passed'
2023-12-31 01:35:35,117 T0000: INFO  #### gw5  system/test_snmp.py::test_ft_snmp_dot1q_tp_fdb_address
2023-12-31 01:35:35,117 T0000: INFO  support post-function-epilog test_ft_snmp_dot1q_tp_fdb_address Pass 'Test case passed'
2023-12-31 01:35:39,911 T0000: INFO  #### gw5  system/test_snmp.py
2023-12-31 01:35:39,911 T0000: INFO  support pre-function-prolog test_ft_snmp_coldstart_trap  ''
2023-12-31 01:35:39,917 T0000: INFO  #### gw5  system/test_snmp.py::test_ft_snmp_coldstart_trap
2023-12-31 01:35:39,917 T0000: INFO  support post-function-prolog test_ft_snmp_coldstart_trap Pass ''
2023-12-31 01:35:52,721 T0000: WARN  #### gw5  system/test_snmp.py::test_ft_snmp_coldstart_trap
2023-12-31 01:35:52,721 T0000: WARN  support pre-function-epilog test_ft_snmp_coldstart_trap EnvFail 'Test case Failed Couldn't get the snmptrapd process details from snmp trap server. Please check the snmp trap server process in the server.'
2023-12-31 01:35:53,219 T0000: WARN  #### gw5  system/test_snmp.py::test_ft_snmp_coldstart_trap
2023-12-31 01:35:53,219 T0000: WARN  support post-function-epilog test_ft_snmp_coldstart_trap ignore 'Test case Failed Couldn't get the snmptrapd process details from snmp trap server. Please check the snmp trap server process in the server.'
2023-12-31 01:35:58,107 T0000: INFO  #### gw5  system/test_snmp.py
2023-12-31 01:35:58,107 T0000: INFO  support pre-function-prolog test_ft_snmp_docker_restart  ''
2023-12-31 01:35:58,126 T0000: INFO  #### gw5  system/test_snmp.py::test_ft_snmp_docker_restart
2023-12-31 01:35:58,126 T0000: INFO  support post-function-prolog test_ft_snmp_docker_restart Pass ''
2023-12-31 01:36:11,792 T0000: WARN  #### gw5  system/test_snmp.py::test_ft_snmp_docker_restart
2023-12-31 01:36:11,792 T0000: WARN  support pre-function-epilog test_ft_snmp_docker_restart Fail 'sysname output is not in sync between system and snmp after docker restart'
2023-12-31 01:36:12,225 T0000: WARN  #### gw5  system/test_snmp.py::test_ft_snmp_docker_restart
2023-12-31 01:36:12,225 T0000: WARN  support post-function-epilog test_ft_snmp_docker_restart ignore 'sysname output is not in sync between system and snmp after docker restart'
2023-12-31 01:36:12,269 T0000: WARN  #### gw5  system/test_snmp.py::test_ft_snmp_docker_restart
2023-12-31 01:36:12,269 T0000: WARN  support pre-module-epilog system/test_snmp.py fail ''
2023-12-31 01:37:03,824 T0000: WARN  #### gw5  system/test_snmp.py::test_ft_snmp_docker_restart
2023-12-31 01:37:03,825 T0000: WARN  support post-module-epilog system/test_snmp.py fail ''
2023-12-31 01:44:18,486 T0000: INFO  #### gw5
2023-12-31 01:44:18,486 T0000: INFO  support pre-module-prolog security/test_tacacs.py  ''
2023-12-31 01:44:47,293 T0000: INFO  #### gw5  security/test_tacacs.py
2023-12-31 01:44:47,293 T0000: INFO  support post-module-prolog security/test_tacacs.py Pass ''
2023-12-31 01:45:20,260 T0000: INFO  #### gw5  security/test_tacacs.py
2023-12-31 01:45:20,260 T0000: INFO  support pre-function-prolog test_ft_tacacs_ssh_login_with_tacacs_operations  ''
2023-12-31 01:45:20,277 T0000: INFO  #### gw5  security/test_tacacs.py::test_ft_tacacs_ssh_login_with_tacacs_operations
2023-12-31 01:45:20,277 T0000: INFO  support post-function-prolog test_ft_tacacs_ssh_login_with_tacacs_operations Pass ''
2023-12-31 01:45:20,988 T0000: WARN  #### gw5  security/test_tacacs.py::test_ft_tacacs_ssh_login_with_tacacs_operations
2023-12-31 01:45:20,988 T0000: WARN  support pre-function-epilog test_ft_tacacs_ssh_login_with_tacacs_operations Fail 'PAM file is not created'
2023-12-31 01:45:21,350 T0000: WARN  #### gw5  security/test_tacacs.py::test_ft_tacacs_ssh_login_with_tacacs_operations
2023-12-31 01:45:21,350 T0000: WARN  support post-function-epilog test_ft_tacacs_ssh_login_with_tacacs_operations ignore 'PAM file is not created'
2023-12-31 01:45:21,382 T0000: WARN  #### gw5  security/test_tacacs.py::test_ft_tacacs_ssh_login_with_tacacs_operations
2023-12-31 01:45:21,382 T0000: WARN  support pre-module-epilog security/test_tacacs.py fail ''
2023-12-31 01:46:03,131 T0000: WARN  #### gw5  security/test_tacacs.py::test_ft_tacacs_ssh_login_with_tacacs_operations
2023-12-31 01:46:03,132 T0000: WARN  support post-module-epilog security/test_tacacs.py fail ''
2023-12-31 01:48:03,732 T0000: WARN  #### gw5  batch/test_spytest_infra_1.py::test_spytest_infra_last
2023-12-31 01:48:03,732 T0000: WARN  support session-epilog session pass ''
2023-12-31 01:05:34,626 T0025: WARN  #### gw2
2023-12-31 01:05:34,626 T0025: WARN  support post-session-prolog session pass ''
2023-12-31 01:05:34,628 T0026: WARN  #### gw2
2023-12-31 01:05:34,628 T0026: WARN  support post-session-prolog session pass ''
2023-12-31 01:06:26,770 T0079: INFO  #### gw2
2023-12-31 01:06:26,771 T0079: INFO  support pre-module-prolog switching/test_portchannel.py  ''
2023-12-31 01:06:26,774 T0080: INFO  #### gw2
2023-12-31 01:06:26,774 T0080: INFO  support pre-module-prolog switching/test_portchannel.py  ''
2023-12-31 01:07:10,177 T0104: INFO  #### gw2  switching/test_portchannel.py
2023-12-31 01:07:10,178 T0104: INFO  support post-module-prolog switching/test_portchannel.py Pass ''
2023-12-31 01:07:10,180 T0105: INFO  #### gw2  switching/test_portchannel.py
2023-12-31 01:07:10,180 T0105: INFO  support post-module-prolog switching/test_portchannel.py Pass ''
2023-12-31 01:07:43,495 T0129: INFO  #### gw2  switching/test_portchannel.py
2023-12-31 01:07:43,496 T0129: INFO  support pre-function-prolog test_ft_portchannel_with_vlan_variations  ''
2023-12-31 01:07:43,499 T0130: INFO  #### gw2  switching/test_portchannel.py
2023-12-31 01:07:43,499 T0130: INFO  support pre-function-prolog test_ft_portchannel_with_vlan_variations  ''
2023-12-31 01:07:48,137 T0133: INFO  #### gw2  switching/test_portchannel.py::test_ft_portchannel_with_vlan_variations
2023-12-31 01:07:48,137 T0133: INFO  support post-function-prolog test_ft_portchannel_with_vlan_variations Pass ''
2023-12-31 01:07:48,140 T0134: INFO  #### gw2  switching/test_portchannel.py::test_ft_portchannel_with_vlan_variations
2023-12-31 01:07:48,140 T0134: INFO  support post-function-prolog test_ft_portchannel_with_vlan_variations Pass ''
2023-12-31 01:08:18,021 T0149: INFO  #### gw2  switching/test_portchannel.py::test_ft_portchannel_with_vlan_variations
2023-12-31 01:08:18,021 T0149: INFO  support pre-function-epilog test_ft_portchannel_with_vlan_variations Pass 'Test case passed'
2023-12-31 01:08:18,024 T0150: INFO  #### gw2  switching/test_portchannel.py::test_ft_portchannel_with_vlan_variations
2023-12-31 01:08:18,024 T0150: INFO  support pre-function-epilog test_ft_portchannel_with_vlan_variations Pass 'Test case passed'
2023-12-31 01:08:20,606 T0153: INFO  #### gw2  switching/test_portchannel.py::test_ft_portchannel_with_vlan_variations
2023-12-31 01:08:20,606 T0153: INFO  support post-function-epilog test_ft_portchannel_with_vlan_variations Pass 'Test case passed'
2023-12-31 01:08:20,608 T0154: INFO  #### gw2  switching/test_portchannel.py::test_ft_portchannel_with_vlan_variations
2023-12-31 01:08:20,608 T0154: INFO  support post-function-epilog test_ft_portchannel_with_vlan_variations Pass 'Test case passed'
2023-12-31 01:08:25,938 T0160: INFO  #### gw2  switching/test_portchannel.py
2023-12-31 01:08:25,938 T0160: INFO  support pre-function-prolog test_ft_verify_min_links_functionality_by_flapping_all_member_ports_007  ''
2023-12-31 01:08:25,940 T0161: INFO  #### gw2  switching/test_portchannel.py
2023-12-31 01:08:25,941 T0161: INFO  support pre-function-prolog test_ft_verify_min_links_functionality_by_flapping_all_member_ports_007  ''
2023-12-31 01:08:29,278 T0164: INFO  #### gw2  switching/test_portchannel.py::test_ft_verify_min_links_functionality_by_flapping_all_member_ports_007
2023-12-31 01:08:29,278 T0164: INFO  support post-function-prolog test_ft_verify_min_links_functionality_by_flapping_all_member_ports_007 Pass ''
2023-12-31 01:08:29,280 T0165: INFO  #### gw2  switching/test_portchannel.py::test_ft_verify_min_links_functionality_by_flapping_all_member_ports_007
2023-12-31 01:08:29,280 T0165: INFO  support post-function-prolog test_ft_verify_min_links_functionality_by_flapping_all_member_ports_007 Pass ''
2023-12-31 01:08:30,578 T0166: WARN  #### gw2 IGNORED ERROR switching/test_portchannel.py::test_ft_verify_min_links_functionality_by_flapping_all_member_ports_007
2023-12-31 01:08:30,579 T0166: WARN  Skipped error checking but detected pattern: containing_error command: sudo -s config portchannel add PortChannel7  --min-links 4
2023-12-31 01:08:30,580 T0167: WARN  #### gw2 IGNORED ERROR switching/test_portchannel.py::test_ft_verify_min_links_functionality_by_flapping_all_member_ports_007
2023-12-31 01:08:30,580 T0167: WARN  Skipped error checking but detected pattern: containing_error command: sudo -s config portchannel add PortChannel7  --min-links 4
2023-12-31 01:08:43,716 T0172: INFO  #### gw2  switching/test_portchannel.py::test_ft_verify_min_links_functionality_by_flapping_all_member_ports_007
2023-12-31 01:08:43,717 T0172: INFO  support pre-function-epilog test_ft_verify_min_links_functionality_by_flapping_all_member_ports_007 Pass 'Test case passed'
2023-12-31 01:08:43,720 T0173: INFO  #### gw2  switching/test_portchannel.py::test_ft_verify_min_links_functionality_by_flapping_all_member_ports_007
2023-12-31 01:08:43,720 T0173: INFO  support pre-function-epilog test_ft_verify_min_links_functionality_by_flapping_all_member_ports_007 Pass 'Test case passed'
2023-12-31 01:08:45,018 T0174: WARN  #### gw2 IGNORED ERROR switching/test_portchannel.py::test_ft_verify_min_links_functionality_by_flapping_all_member_ports_007
2023-12-31 01:08:45,018 T0174: WARN  Skipped error checking but detected pattern: containing_error command: sudo -s config portchannel add PortChannel7  --min-links True
2023-12-31 01:08:45,019 T0175: WARN  #### gw2 IGNORED ERROR switching/test_portchannel.py::test_ft_verify_min_links_functionality_by_flapping_all_member_ports_007
2023-12-31 01:08:45,019 T0175: WARN  Skipped error checking but detected pattern: containing_error command: sudo -s config portchannel add PortChannel7  --min-links True
2023-12-31 01:08:45,022 T0176: INFO  #### gw2  switching/test_portchannel.py::test_ft_verify_min_links_functionality_by_flapping_all_member_ports_007
2023-12-31 01:08:45,022 T0176: INFO  support post-function-epilog test_ft_verify_min_links_functionality_by_flapping_all_member_ports_007 Pass 'Test case passed'
2023-12-31 01:08:45,025 T0177: INFO  #### gw2  switching/test_portchannel.py::test_ft_verify_min_links_functionality_by_flapping_all_member_ports_007
2023-12-31 01:08:45,025 T0177: INFO  support post-function-epilog test_ft_verify_min_links_functionality_by_flapping_all_member_ports_007 Pass 'Test case passed'
2023-12-31 01:08:45,056 T0178: WARN  #### gw2  switching/test_portchannel.py::test_ft_verify_min_links_functionality_by_flapping_all_member_ports_007
2023-12-31 01:08:45,056 T0178: WARN  support pre-module-epilog switching/test_portchannel.py pass ''
2023-12-31 01:08:45,057 T0179: WARN  #### gw2  switching/test_portchannel.py::test_ft_verify_min_links_functionality_by_flapping_all_member_ports_007
2023-12-31 01:08:45,058 T0179: WARN  support pre-module-epilog switching/test_portchannel.py pass ''
2023-12-31 01:09:19,178 T0198: ERROR #### gw2 ERROR switching/test_portchannel.py::test_ft_verify_min_links_functionality_by_flapping_all_member_ports_007
2023-12-31 01:09:19,178 T0198: ERROR detected pattern: containing_error executing 'sudo -s config portchannel del PortChannel7'
2023-12-31 01:09:19,221 T0199: ERROR #### gw2 ERROR switching/test_portchannel.py::test_ft_verify_min_links_functionality_by_flapping_all_member_ports_007
2023-12-31 01:09:19,221 T0199: ERROR detected pattern: containing_error executing 'sudo -s config portchannel del PortChannel7'
2023-12-31 01:09:19,227 T0200: WARN  #### gw2  switching/test_portchannel.py::test_ft_verify_min_links_functionality_by_flapping_all_member_ports_007
2023-12-31 01:09:19,227 T0200: WARN  support post-module-epilog switching/test_portchannel.py pass ''
2023-12-31 01:09:19,230 T0201: WARN  #### gw2  switching/test_portchannel.py::test_ft_verify_min_links_functionality_by_flapping_all_member_ports_007
2023-12-31 01:09:19,230 T0201: WARN  support post-module-epilog switching/test_portchannel.py pass ''
2023-12-31 01:13:45,521 T0266: INFO  #### gw2
2023-12-31 01:13:45,522 T0266: INFO  support pre-module-prolog system/test_lldp.py  ''
2023-12-31 01:13:45,527 T0267: INFO  #### gw2
2023-12-31 01:13:45,527 T0267: INFO  support pre-module-prolog system/test_lldp.py  ''
2023-12-31 01:15:45,805 T0284: WARN  #### gw2  system/test_lldp.py
2023-12-31 01:15:45,806 T0284: WARN  support post-module-epilog system/test_lldp.py fail ''
2023-12-31 01:15:45,808 T0285: WARN  #### gw2  system/test_lldp.py
2023-12-31 01:15:45,808 T0285: WARN  support post-module-epilog system/test_lldp.py fail ''
2023-12-31 01:20:13,151 T0347: INFO  #### gw2
2023-12-31 01:20:13,151 T0347: INFO  support pre-module-prolog system/test_interface.py  ''
2023-12-31 01:20:13,154 T0348: INFO  #### gw2
2023-12-31 01:20:13,154 T0348: INFO  support pre-module-prolog system/test_interface.py  ''
2023-12-31 01:20:56,933 T0365: INFO  #### gw2  system/test_interface.py
2023-12-31 01:20:56,933 T0365: INFO  support post-module-prolog system/test_interface.py Pass ''
2023-12-31 01:20:56,935 T0366: INFO  #### gw2  system/test_interface.py
2023-12-31 01:20:56,936 T0366: INFO  support post-module-prolog system/test_interface.py Pass ''
2023-12-31 01:21:30,403 T0390: INFO  #### gw2  system/test_interface.py
2023-12-31 01:21:30,403 T0390: INFO  support pre-function-prolog test_ft_port_fn_verify_shut_noshut  ''
2023-12-31 01:21:30,407 T0391: INFO  #### gw2  system/test_interface.py
2023-12-31 01:21:30,407 T0391: INFO  support pre-function-prolog test_ft_port_fn_verify_shut_noshut  ''
2023-12-31 01:21:30,423 T0392: INFO  #### gw2  system/test_interface.py::test_ft_port_fn_verify_shut_noshut
2023-12-31 01:21:30,423 T0392: INFO  support post-function-prolog test_ft_port_fn_verify_shut_noshut Pass ''
2023-12-31 01:21:30,425 T0393: INFO  #### gw2  system/test_interface.py::test_ft_port_fn_verify_shut_noshut
2023-12-31 01:21:30,425 T0393: INFO  support post-function-prolog test_ft_port_fn_verify_shut_noshut Pass ''
2023-12-31 01:22:23,120 T0394: WARN  #### gw2  system/test_interface.py::test_ft_port_fn_verify_shut_noshut
2023-12-31 01:22:23,121 T0394: WARN  support pre-function-epilog test_ft_port_fn_verify_shut_noshut DUTFail 'Error response from daemon: Container is not running'
2023-12-31 01:22:23,122 T0395: WARN  #### gw2  system/test_interface.py::test_ft_port_fn_verify_shut_noshut
2023-12-31 01:22:23,122 T0395: WARN  support pre-function-epilog test_ft_port_fn_verify_shut_noshut DUTFail 'Error response from daemon: Container is not running'
2023-12-31 01:22:24,222 T0396: WARN  #### gw2  system/test_interface.py::test_ft_port_fn_verify_shut_noshut
2023-12-31 01:22:24,222 T0396: WARN  support post-function-epilog test_ft_port_fn_verify_shut_noshut ignore 'Error response from daemon: Container is not running'
2023-12-31 01:22:24,224 T0397: WARN  #### gw2  system/test_interface.py::test_ft_port_fn_verify_shut_noshut
2023-12-31 01:22:24,224 T0397: WARN  support post-function-epilog test_ft_port_fn_verify_shut_noshut ignore 'Error response from daemon: Container is not running'
2023-12-31 01:22:24,269 T0398: WARN  #### gw2  system/test_interface.py::test_ft_port_fn_verify_shut_noshut
2023-12-31 01:22:24,269 T0398: WARN  support pre-module-epilog system/test_interface.py fail ''
2023-12-31 01:22:24,271 T0399: WARN  #### gw2  system/test_interface.py::test_ft_port_fn_verify_shut_noshut
2023-12-31 01:22:24,271 T0399: WARN  support pre-module-epilog system/test_interface.py fail ''
2023-12-31 01:22:53,539 T0418: WARN  #### gw2  system/test_interface.py::test_ft_port_fn_verify_shut_noshut
2023-12-31 01:22:53,540 T0418: WARN  support post-module-epilog system/test_interface.py fail ''
2023-12-31 01:22:53,543 T0419: WARN  #### gw2  system/test_interface.py::test_ft_port_fn_verify_shut_noshut
2023-12-31 01:22:53,544 T0419: WARN  support post-module-epilog system/test_interface.py fail ''
2023-12-31 01:25:58,127 T0467: WARN  #### gw2  batch/test_spytest_infra_1.py::test_spytest_infra_last
2023-12-31 01:25:58,127 T0467: WARN  support session-epilog session pass ''
2023-12-31 01:25:58,129 T0468: WARN  #### gw2  batch/test_spytest_infra_1.py::test_spytest_infra_last
2023-12-31 01:25:58,130 T0468: WARN  support session-epilog session pass ''
2023-12-31 01:05:34,108 T0025: WARN  #### gw3
2023-12-31 01:05:34,109 T0025: WARN  support post-session-prolog session pass ''
2023-12-31 01:05:34,111 T0026: WARN  #### gw3
2023-12-31 01:05:34,111 T0026: WARN  support post-session-prolog session pass ''
2023-12-31 01:06:25,865 T0079: INFO  #### gw3
2023-12-31 01:06:25,866 T0079: INFO  support pre-module-prolog switching/test_vlan.py  ''
2023-12-31 01:06:25,868 T0080: INFO  #### gw3
2023-12-31 01:06:25,868 T0080: INFO  support pre-module-prolog switching/test_vlan.py  ''
2023-12-31 01:07:00,322 T0098: INFO  #### gw3  switching/test_vlan.py
2023-12-31 01:07:00,323 T0098: INFO  support post-module-prolog switching/test_vlan.py Pass ''
2023-12-31 01:07:00,325 T0099: INFO  #### gw3  switching/test_vlan.py
2023-12-31 01:07:00,325 T0099: INFO  support post-module-prolog switching/test_vlan.py Pass ''
2023-12-31 01:07:33,625 T0123: INFO  #### gw3  switching/test_vlan.py
2023-12-31 01:07:33,625 T0123: INFO  support pre-function-prolog test_ft_add_unknownvlan_interface  ''
2023-12-31 01:07:33,629 T0124: INFO  #### gw3  switching/test_vlan.py
2023-12-31 01:07:33,629 T0124: INFO  support pre-function-prolog test_ft_add_unknownvlan_interface  ''
2023-12-31 01:07:33,643 T0125: INFO  #### gw3  switching/test_vlan.py::test_ft_add_unknownvlan_interface
2023-12-31 01:07:33,643 T0125: INFO  support post-function-prolog test_ft_add_unknownvlan_interface Pass ''
2023-12-31 01:07:33,645 T0126: INFO  #### gw3  switching/test_vlan.py::test_ft_add_unknownvlan_interface
2023-12-31 01:07:33,645 T0126: INFO  support post-function-prolog test_ft_add_unknownvlan_interface Pass ''
2023-12-31 01:07:34,980 T0000: WARN  #### gw3 IGNORED ERROR switching/test_vlan.py::test_ft_add_unknownvlan_interface
2023-12-31 01:07:34,980 T0000: WARN  Skipped error checking but detected pattern: containing_error command: sudo -s config vlan member add 3859 Ethernet16 -u
2023-12-31 01:07:37,657 T0127: INFO  #### gw3  switching/test_vlan.py::test_ft_add_unknownvlan_interface
2023-12-31 01:07:37,657 T0127: INFO  support pre-function-epilog test_ft_add_unknownvlan_interface Pass 'Test case passed'
2023-12-31 01:07:37,658 T0128: INFO  #### gw3  switching/test_vlan.py::test_ft_add_unknownvlan_interface
2023-12-31 01:07:37,659 T0128: INFO  support pre-function-epilog test_ft_add_unknownvlan_interface Pass 'Test case passed'
2023-12-31 01:07:37,667 T0129: INFO  #### gw3  switching/test_vlan.py::test_ft_add_unknownvlan_interface
2023-12-31 01:07:37,667 T0129: INFO  support post-function-epilog test_ft_add_unknownvlan_interface Pass 'Test case passed'
2023-12-31 01:07:37,669 T0130: INFO  #### gw3  switching/test_vlan.py::test_ft_add_unknownvlan_interface
2023-12-31 01:07:37,669 T0130: INFO  support post-function-epilog test_ft_add_unknownvlan_interface Pass 'Test case passed'
2023-12-31 01:07:43,132 T0136: INFO  #### gw3  switching/test_vlan.py
2023-12-31 01:07:43,133 T0136: INFO  support pre-function-prolog test_ft_vlan_delete_with_member  ''
2023-12-31 01:07:43,137 T0137: INFO  #### gw3  switching/test_vlan.py
2023-12-31 01:07:43,138 T0137: INFO  support pre-function-prolog test_ft_vlan_delete_with_member  ''
2023-12-31 01:07:43,151 T0138: INFO  #### gw3  switching/test_vlan.py::test_ft_vlan_delete_with_member
2023-12-31 01:07:43,151 T0138: INFO  support post-function-prolog test_ft_vlan_delete_with_member Pass ''
2023-12-31 01:07:43,153 T0139: INFO  #### gw3  switching/test_vlan.py::test_ft_vlan_delete_with_member
2023-12-31 01:07:43,153 T0139: INFO  support post-function-prolog test_ft_vlan_delete_with_member Pass ''
2023-12-31 01:07:47,151 T0000: WARN  #### gw3 IGNORED ERROR switching/test_vlan.py::test_ft_vlan_delete_with_member
2023-12-31 01:07:47,152 T0000: WARN  Skipped error checking but detected pattern: containing_error command: sudo -s config vlan del 3859
2023-12-31 01:07:52,597 T0140: INFO  #### gw3  switching/test_vlan.py::test_ft_vlan_delete_with_member
2023-12-31 01:07:52,597 T0140: INFO  support pre-function-epilog test_ft_vlan_delete_with_member Pass 'Test case passed'
2023-12-31 01:07:52,600 T0141: INFO  #### gw3  switching/test_vlan.py::test_ft_vlan_delete_with_member
2023-12-31 01:07:52,600 T0141: INFO  support pre-function-epilog test_ft_vlan_delete_with_member Pass 'Test case passed'
2023-12-31 01:07:52,612 T0142: INFO  #### gw3  switching/test_vlan.py::test_ft_vlan_delete_with_member
2023-12-31 01:07:52,612 T0142: INFO  support post-function-epilog test_ft_vlan_delete_with_member Pass 'Test case passed'
2023-12-31 01:07:52,615 T0143: INFO  #### gw3  switching/test_vlan.py::test_ft_vlan_delete_with_member
2023-12-31 01:07:52,615 T0143: INFO  support post-function-epilog test_ft_vlan_delete_with_member Pass 'Test case passed'
2023-12-31 01:07:57,777 T0149: INFO  #### gw3  switching/test_vlan.py
2023-12-31 01:07:57,778 T0149: INFO  support pre-function-prolog test_ft_vlan_trunk_tagged  ''
2023-12-31 01:07:57,781 T0150: INFO  #### gw3  switching/test_vlan.py
2023-12-31 01:07:57,782 T0150: INFO  support pre-function-prolog test_ft_vlan_trunk_tagged  ''
2023-12-31 01:07:57,797 T0151: INFO  #### gw3  switching/test_vlan.py::test_ft_vlan_trunk_tagged
2023-12-31 01:07:57,797 T0151: INFO  support post-function-prolog test_ft_vlan_trunk_tagged Pass ''
2023-12-31 01:07:57,799 T0152: INFO  #### gw3  switching/test_vlan.py::test_ft_vlan_trunk_tagged
2023-12-31 01:07:57,799 T0152: INFO  support post-function-prolog test_ft_vlan_trunk_tagged Pass ''
2023-12-31 01:09:19,211 T0153: INFO  #### gw3  switching/test_vlan.py::test_ft_vlan_trunk_tagged
2023-12-31 01:09:19,211 T0153: INFO  support pre-function-epilog test_ft_vlan_trunk_tagged Pass 'Test case passed'
2023-12-31 01:09:19,213 T0154: INFO  #### gw3  switching/test_vlan.py::test_ft_vlan_trunk_tagged
2023-12-31 01:09:19,213 T0154: INFO  support pre-function-epilog test_ft_vlan_trunk_tagged Pass 'Test case passed'
2023-12-31 01:09:19,222 T0155: INFO  #### gw3  switching/test_vlan.py::test_ft_vlan_trunk_tagged
2023-12-31 01:09:19,223 T0155: INFO  support post-function-epilog test_ft_vlan_trunk_tagged Pass 'Test case passed'
2023-12-31 01:09:19,224 T0156: INFO  #### gw3  switching/test_vlan.py::test_ft_vlan_trunk_tagged
2023-12-31 01:09:19,224 T0156: INFO  support post-function-epilog test_ft_vlan_trunk_tagged Pass 'Test case passed'
2023-12-31 01:09:24,601 T0162: INFO  #### gw3  switching/test_vlan.py
2023-12-31 01:09:24,601 T0162: INFO  support pre-function-prolog test_ft_vlan_save_config_warm_and_fast_reboot  ''
2023-12-31 01:09:24,605 T0163: INFO  #### gw3  switching/test_vlan.py
2023-12-31 01:09:24,606 T0163: INFO  support pre-function-prolog test_ft_vlan_save_config_warm_and_fast_reboot  ''
2023-12-31 01:09:24,618 T0164: INFO  #### gw3  switching/test_vlan.py::test_ft_vlan_save_config_warm_and_fast_reboot
2023-12-31 01:09:24,618 T0164: INFO  support post-function-prolog test_ft_vlan_save_config_warm_and_fast_reboot Pass ''
2023-12-31 01:09:24,620 T0165: INFO  #### gw3  switching/test_vlan.py::test_ft_vlan_save_config_warm_and_fast_reboot
2023-12-31 01:09:24,620 T0165: INFO  support post-function-prolog test_ft_vlan_save_config_warm_and_fast_reboot Pass ''
2023-12-31 01:20:30,351 T0000: WARN  #### gw3 IGNORED ERROR switching/test_vlan.py::test_ft_vlan_save_config_warm_and_fast_reboot
2023-12-31 01:20:30,351 T0000: WARN  Skipped error checking but detected pattern: containing_python_traceback command: sudo -s fast-reboot
2023-12-31 01:20:37,735 T0000: WARN  #### gw3 IGNORED ERROR switching/test_vlan.py::test_ft_vlan_save_config_warm_and_fast_reboot
2023-12-31 01:20:37,735 T0000: WARN  Skipped error checking but detected pattern: containing_no_response_from_container command: sudo vtysh -c 'show running-config | include hostname'
2023-12-31 01:21:22,474 T0000: ERROR #### gw3 Exception switching/test_vlan.py::test_ft_vlan_save_config_warm_and_fast_reboot
2023-12-31 01:21:22,474 T0000: ERROR Exception TypeError 'NoneType' object is not subscriptable in file /apis/system/basic.py at line 1389
2023-12-31 01:21:22,474 T0000: ERROR [0] /apis/system/basic.py:1389 is_warm_boot_support return bool(platform.lower() in features_support_data[key])
2023-12-31 01:21:22,474 T0000: ERROR [1] /apis/system/reboot.py:83 warm_reboot if (st.getenv("SPYTEST_UNSUPPORT_TD4_WARM_REBOOT") and basic.is_td4_platform(dut)) or basic.is_warm_boot_support(dut, is_support=False):
2023-12-31 01:21:22,474 T0000: ERROR [2] /tests/switching/test_vlan.py:906 test_ft_vlan_save_config_warm_and_fast_reboot reboot.warm_reboot(vars.D1)
2023-12-31 01:21:22,476 T0166: WARN  #### gw3  switching/test_vlan.py::test_ft_vlan_save_config_warm_and_fast_reboot
2023-12-31 01:21:22,477 T0166: WARN  support post-function-epilog test_ft_vlan_save_config_warm_and_fast_reboot ScriptError 'Exception TypeError 'NoneType' object is not subscriptable in file /apis/system/basic.py at line 1389'
2023-12-31 01:21:22,478 T0167: WARN  #### gw3  switching/test_vlan.py::test_ft_vlan_save_config_warm_and_fast_reboot
2023-12-31 01:21:22,478 T0167: WARN  support post-function-epilog test_ft_vlan_save_config_warm_and_fast_reboot ScriptError 'Exception TypeError 'NoneType' object is not subscriptable in file /apis/system/basic.py at line 1389'
2023-12-31 01:21:22,498 T0000: ERROR #### gw3  switching/test_vlan.py::test_ft_vlan_save_config_warm_and_fast_reboot
2023-12-31 01:21:22,498 T0000: ERROR

==================== REMOTE ALERTS ============================
################################################################################
drop the rate from 2000 to 100
################################################################################
################################################################################
drop the rate from 2000 to 100
################################################################################
################################################################################
drop the rate from 2000 to 100
################################################################################
===============================================================


2023-12-31 01:21:22,527 T0168: WARN  #### gw3  switching/test_vlan.py::test_ft_vlan_save_config_warm_and_fast_reboot
2023-12-31 01:21:22,527 T0168: WARN  support pre-module-epilog switching/test_vlan.py fail ''
2023-12-31 01:21:22,530 T0169: WARN  #### gw3  switching/test_vlan.py::test_ft_vlan_save_config_warm_and_fast_reboot
2023-12-31 01:21:22,530 T0169: WARN  support pre-module-epilog switching/test_vlan.py fail ''
2023-12-31 01:21:49,275 T0186: WARN  #### gw3  switching/test_vlan.py::test_ft_vlan_save_config_warm_and_fast_reboot
2023-12-31 01:21:49,275 T0186: WARN  support post-module-epilog switching/test_vlan.py fail ''
2023-12-31 01:21:49,277 T0187: WARN  #### gw3  switching/test_vlan.py::test_ft_vlan_save_config_warm_and_fast_reboot
2023-12-31 01:21:49,277 T0187: WARN  support post-module-epilog switching/test_vlan.py fail ''
2023-12-31 01:26:25,190 T0249: INFO  #### gw3
2023-12-31 01:26:25,190 T0249: INFO  support pre-module-prolog system/test_ssh.py  ''
2023-12-31 01:26:25,193 T0250: INFO  #### gw3
2023-12-31 01:26:25,193 T0250: INFO  support pre-module-prolog system/test_ssh.py  ''
2023-12-31 01:27:04,133 T0277: INFO  #### gw3  system/test_ssh.py
2023-12-31 01:27:04,134 T0277: INFO  support post-module-prolog system/test_ssh.py Pass ''
2023-12-31 01:27:04,138 T0278: INFO  #### gw3  system/test_ssh.py
2023-12-31 01:27:04,139 T0278: INFO  support post-module-prolog system/test_ssh.py Pass ''
2023-12-31 01:27:37,512 T0302: INFO  #### gw3  system/test_ssh.py
2023-12-31 01:27:37,512 T0302: INFO  support pre-function-prolog test_ft_ssh_service_disable  ''
2023-12-31 01:27:37,517 T0303: INFO  #### gw3  system/test_ssh.py
2023-12-31 01:27:37,517 T0303: INFO  support pre-function-prolog test_ft_ssh_service_disable  ''
2023-12-31 01:27:37,530 T0304: INFO  #### gw3  system/test_ssh.py::test_ft_ssh_service_disable
2023-12-31 01:27:37,530 T0304: INFO  support post-function-prolog test_ft_ssh_service_disable Pass ''
2023-12-31 01:27:37,532 T0305: INFO  #### gw3  system/test_ssh.py::test_ft_ssh_service_disable
2023-12-31 01:27:37,532 T0305: INFO  support post-function-prolog test_ft_ssh_service_disable Pass ''
2023-12-31 01:27:40,442 T0306: INFO  #### gw3  system/test_ssh.py::test_ft_ssh_service_disable
2023-12-31 01:27:40,442 T0306: INFO  support pre-function-epilog test_ft_ssh_service_disable Pass 'Test case passed'
2023-12-31 01:27:40,444 T0307: INFO  #### gw3  system/test_ssh.py::test_ft_ssh_service_disable
2023-12-31 01:27:40,444 T0307: INFO  support pre-function-epilog test_ft_ssh_service_disable Pass 'Test case passed'
2023-12-31 01:27:40,454 T0308: INFO  #### gw3  system/test_ssh.py::test_ft_ssh_service_disable
2023-12-31 01:27:40,455 T0308: INFO  support post-function-epilog test_ft_ssh_service_disable Pass 'Test case passed'
2023-12-31 01:27:40,457 T0309: INFO  #### gw3  system/test_ssh.py::test_ft_ssh_service_disable
2023-12-31 01:27:40,457 T0309: INFO  support post-function-epilog test_ft_ssh_service_disable Pass 'Test case passed'
2023-12-31 01:27:45,767 T0315: INFO  #### gw3  system/test_ssh.py
2023-12-31 01:27:45,767 T0315: INFO  support pre-function-prolog test_ft_ssh_add_user_verify  ''
2023-12-31 01:27:45,772 T0316: INFO  #### gw3  system/test_ssh.py
2023-12-31 01:27:45,772 T0316: INFO  support pre-function-prolog test_ft_ssh_add_user_verify  ''
2023-12-31 01:27:45,784 T0317: INFO  #### gw3  system/test_ssh.py::test_ft_ssh_add_user_verify
2023-12-31 01:27:45,784 T0317: INFO  support post-function-prolog test_ft_ssh_add_user_verify Pass ''
2023-12-31 01:27:45,786 T0318: INFO  #### gw3  system/test_ssh.py::test_ft_ssh_add_user_verify
2023-12-31 01:27:45,786 T0318: INFO  support post-function-prolog test_ft_ssh_add_user_verify Pass ''
2023-12-31 01:34:03,166 T0000: WARN  #### gw3 IGNORED ERROR system/test_ssh.py::test_ft_ssh_add_user_verify
2023-12-31 01:34:03,166 T0000: WARN  Skipped error checking but detected pattern: containing_python_traceback command: sudo -s fast-reboot
2023-12-31 01:36:05,450 T0325: INFO  #### gw3  system/test_ssh.py::test_ft_ssh_add_user_verify
2023-12-31 01:36:05,451 T0325: INFO  support testcase test_ft_controlplane_acl_service_sshv4 Pass 'SSH failed'
2023-12-31 01:36:05,453 T0326: INFO  #### gw3  system/test_ssh.py::test_ft_ssh_add_user_verify
2023-12-31 01:36:05,453 T0326: INFO  support testcase test_ft_controlplane_acl_service_sshv4 Pass 'SSH failed'
2023-12-31 01:36:05,462 T0327: INFO  #### gw3  system/test_ssh.py::test_ft_ssh_add_user_verify
2023-12-31 01:36:05,462 T0327: INFO  support testcase test_ft_controlplane_acl_service_sshv6 Pass 'SSH failed'
2023-12-31 01:36:05,463 T0328: INFO  #### gw3  system/test_ssh.py::test_ft_ssh_add_user_verify
2023-12-31 01:36:05,463 T0328: INFO  support testcase test_ft_controlplane_acl_service_sshv6 Pass 'SSH failed'
2023-12-31 01:36:05,469 T0329: WARN  #### gw3  system/test_ssh.py::test_ft_ssh_add_user_verify
2023-12-31 01:36:05,469 T0329: WARN  support testcase test_ft_controlplane_acl_service_snmp Fail 'SNMP output is not found after walk of with control plane ACL service SNMP after reboot OID'
2023-12-31 01:36:05,471 T0330: WARN  #### gw3  system/test_ssh.py::test_ft_ssh_add_user_verify
2023-12-31 01:36:05,471 T0330: WARN  support testcase test_ft_controlplane_acl_service_snmp Fail 'SNMP output is not found after walk of with control plane ACL service SNMP after reboot OID'
2023-12-31 01:38:10,268 T0335: WARN  #### gw3  system/test_ssh.py::test_ft_ssh_add_user_verify
2023-12-31 01:38:10,268 T0335: WARN  support pre-function-epilog test_ft_ssh_add_user_verify Fail 'Test case Failed.'
2023-12-31 01:38:10,270 T0336: WARN  #### gw3  system/test_ssh.py::test_ft_ssh_add_user_verify
2023-12-31 01:38:10,271 T0336: WARN  support pre-function-epilog test_ft_ssh_add_user_verify Fail 'Test case Failed.'
2023-12-31 01:38:10,654 T0337: WARN  #### gw3  system/test_ssh.py::test_ft_ssh_add_user_verify
2023-12-31 01:38:10,654 T0337: WARN  support post-function-epilog test_ft_ssh_add_user_verify ignore 'Test case Failed.'
2023-12-31 01:38:10,656 T0338: WARN  #### gw3  system/test_ssh.py::test_ft_ssh_add_user_verify
2023-12-31 01:38:10,656 T0338: WARN  support post-function-epilog test_ft_ssh_add_user_verify ignore 'Test case Failed.'
2023-12-31 01:38:15,780 T0344: INFO  #### gw3  system/test_ssh.py
2023-12-31 01:38:15,780 T0344: INFO  support pre-function-prolog test_ft_verify_logs_at_the_time_of_ssh_login_success  ''
2023-12-31 01:38:15,784 T0345: INFO  #### gw3  system/test_ssh.py
2023-12-31 01:38:15,784 T0345: INFO  support pre-function-prolog test_ft_verify_logs_at_the_time_of_ssh_login_success  ''
2023-12-31 01:38:15,794 T0346: INFO  #### gw3  system/test_ssh.py::test_ft_verify_logs_at_the_time_of_ssh_login_success
2023-12-31 01:38:15,794 T0346: INFO  support post-function-prolog test_ft_verify_logs_at_the_time_of_ssh_login_success Pass ''
2023-12-31 01:38:15,796 T0347: INFO  #### gw3  system/test_ssh.py::test_ft_verify_logs_at_the_time_of_ssh_login_success
2023-12-31 01:38:15,796 T0347: INFO  support post-function-prolog test_ft_verify_logs_at_the_time_of_ssh_login_success Pass ''
2023-12-31 01:38:35,918 T0350: INFO  #### gw3  system/test_ssh.py::test_ft_verify_logs_at_the_time_of_ssh_login_success
2023-12-31 01:38:35,918 T0350: INFO  support pre-function-epilog test_ft_verify_logs_at_the_time_of_ssh_login_success Pass 'Test case passed'
2023-12-31 01:38:35,920 T0351: INFO  #### gw3  system/test_ssh.py::test_ft_verify_logs_at_the_time_of_ssh_login_success
2023-12-31 01:38:35,921 T0351: INFO  support pre-function-epilog test_ft_verify_logs_at_the_time_of_ssh_login_success Pass 'Test case passed'
2023-12-31 01:38:35,934 T0352: INFO  #### gw3  system/test_ssh.py::test_ft_verify_logs_at_the_time_of_ssh_login_success
2023-12-31 01:38:35,934 T0352: INFO  support post-function-epilog test_ft_verify_logs_at_the_time_of_ssh_login_success Pass 'Test case passed'
2023-12-31 01:38:35,936 T0353: INFO  #### gw3  system/test_ssh.py::test_ft_verify_logs_at_the_time_of_ssh_login_success
2023-12-31 01:38:35,936 T0353: INFO  support post-function-epilog test_ft_verify_logs_at_the_time_of_ssh_login_success Pass 'Test case passed'
2023-12-31 01:38:36,012 T0354: WARN  #### gw3  system/test_ssh.py::test_ft_verify_logs_at_the_time_of_ssh_login_success
2023-12-31 01:38:36,012 T0354: WARN  support pre-module-epilog system/test_ssh.py fail ''
2023-12-31 01:38:36,017 T0355: WARN  #### gw3  system/test_ssh.py::test_ft_verify_logs_at_the_time_of_ssh_login_success
2023-12-31 01:38:36,018 T0355: WARN  support pre-module-epilog system/test_ssh.py fail ''
2023-12-31 01:39:28,544 T0380: WARN  #### gw3  system/test_ssh.py::test_ft_verify_logs_at_the_time_of_ssh_login_success
2023-12-31 01:39:28,544 T0380: WARN  support post-module-epilog system/test_ssh.py fail ''
2023-12-31 01:39:28,546 T0381: WARN  #### gw3  system/test_ssh.py::test_ft_verify_logs_at_the_time_of_ssh_login_success
2023-12-31 01:39:28,546 T0381: WARN  support post-module-epilog system/test_ssh.py fail ''
2023-12-31 01:41:24,595 T0426: WARN  #### gw3  batch/test_spytest_infra_1.py::test_spytest_infra_last
2023-12-31 01:41:24,595 T0426: WARN  support session-epilog session pass ''
2023-12-31 01:41:24,597 T0427: WARN  #### gw3  batch/test_spytest_infra_1.py::test_spytest_infra_last
2023-12-31 01:41:24,597 T0427: WARN  support session-epilog session pass ''