2024-01-04 01:40:59.969734 = START
2024-01-04 01:41:01.183199 = device connections start
2024-01-04 01:41:34.496985 = device connections finish
2024-01-04 01:41:34.501538 = session init start
2024-01-04 01:43:56.034244 = report file generation start
2024-01-04 01:43:56.116843 = report file generation end
2024-01-04 01:44:22.900077 = session init end
2024-01-04 01:44:22.902107 = Framework Module Hook Start
2024-01-04 01:44:23.314465 = module test_spytest_infra_1.py init start
2024-01-04 01:44:27.582772 = module test_spytest_infra_1.py init end
2024-01-04 01:44:27.583565 = Framework Module Hook end
2024-01-04 01:44:27.584405 = Framework Function Hook Start
2024-01-04 01:44:31.048519 = function batch/test_spytest_infra_1.py::test_spytest_infra_first init start
2024-01-04 01:44:35.705836 = function batch/test_spytest_infra_1.py::test_spytest_infra_first init end
2024-01-04 01:44:35.706791 = Framework Function Hook end
2024-01-04 01:44:35.710086 = Module Config Time (2024-01-04 01:44:22.902176 - 2024-01-04 01:44:27.585211) Published
2024-01-04 01:44:35.713267 = function batch/test_spytest_infra_1.py::test_spytest_infra_first clean start
2024-01-04 01:44:35.723254 = Test Time (2024-01-04 01:44:31.048607 - 2024-01-04 01:44:35.723247) Published
2024-01-04 01:44:35.729488 = function batch/test_spytest_infra_1.py::test_spytest_infra_first clean end
2024-01-04 01:44:35.729757 = Framework Function Hook Finalize
2024-01-04 01:44:35.803050 = Framework Function Hook Start
2024-01-04 01:44:35.804039 = function batch/test_spytest_infra_1.py::test_spytest_infra_second init start
2024-01-04 01:44:40.565491 = function batch/test_spytest_infra_1.py::test_spytest_infra_second init end
2024-01-04 01:44:40.566545 = Framework Function Hook end
2024-01-04 01:44:40.570277 = function batch/test_spytest_infra_1.py::test_spytest_infra_second clean start
2024-01-04 01:44:40.582247 = Test Time (2024-01-04 01:44:35.804210 - 2024-01-04 01:44:40.582240) Published
2024-01-04 01:44:40.587876 = function batch/test_spytest_infra_1.py::test_spytest_infra_second clean end
2024-01-04 01:44:40.588192 = Framework Function Hook Finalize
2024-01-04 01:44:40.588351 = module test_spytest_infra_1.py clean start
2024-01-04 01:44:43.156063 = report file generation start
2024-01-04 01:44:43.237643 = report file generation end
2024-01-04 01:44:43.243559 = module test_spytest_infra_1.py clean end
2024-01-04 01:44:43.244119 = Framework Module Hook Finalize
2024-01-04 01:44:43.244644 = session clean start
2024-01-04 01:44:43.251551 = report file generation start
2024-01-04 01:44:43.329225 = report file generation end
2024-01-04 01:44:44.030279 = session clean end
