2023-12-29 01:09:01,237 T0000: WARN  #### gw5
2023-12-29 01:09:01,237 T0000: WARN  support post-session-prolog session pass ''
2023-12-29 01:09:51,501 T0000: INFO  #### gw5
2023-12-29 01:09:51,501 T0000: INFO  support pre-module-prolog system/test_ntp.py  ''
2023-12-29 01:10:15,637 T0000: INFO  #### gw5  system/test_ntp.py
2023-12-29 01:10:15,637 T0000: INFO  support post-module-prolog system/test_ntp.py Pass ''
2023-12-29 01:10:49,144 T0000: INFO  #### gw5  system/test_ntp.py
2023-12-29 01:10:49,144 T0000: INFO  support pre-function-prolog test_ft_ntp_disable_enable_with_message_log  ''
2023-12-29 01:10:49,153 T0000: INFO  #### gw5  system/test_ntp.py::test_ft_ntp_disable_enable_with_message_log
2023-12-29 01:10:49,153 T0000: INFO  support post-function-prolog test_ft_ntp_disable_enable_with_message_log Pass ''
2023-12-29 01:15:43,466 T0000: ERROR #### gw5 Exception system/test_ntp.py::test_ft_ntp_disable_enable_with_message_log
2023-12-29 01:15:43,466 T0000: ERROR Exception IndexError list index out of range in file /apis/system/ntp.py at line 347
2023-12-29 01:15:43,466 T0000: ERROR [0] /apis/system/ntp.py:347 show_clock return output[0]
2023-12-29 01:15:43,466 T0000: ERROR [1] /tests/system/test_ntp.py:103 test_ft_ntp_disable_enable_with_message_log ntp_obj.show_clock(vars.D1)
2023-12-29 01:15:43,468 T0000: WARN  #### gw5  system/test_ntp.py::test_ft_ntp_disable_enable_with_message_log
2023-12-29 01:15:43,468 T0000: WARN  support post-function-epilog test_ft_ntp_disable_enable_with_message_log ScriptError 'Exception IndexError list index out of range in file /apis/system/ntp.py at line 347'
2023-12-29 01:15:48,436 T0000: INFO  #### gw5  system/test_ntp.py
2023-12-29 01:15:48,437 T0000: INFO  support pre-function-prolog test_ntp_exists_config  ''
2023-12-29 01:15:48,448 T0000: INFO  #### gw5  system/test_ntp.py::test_ntp_exists_config
2023-12-29 01:15:48,449 T0000: INFO  support post-function-prolog test_ntp_exists_config Pass ''
2023-12-29 01:15:57,110 T0000: INFO  #### gw5  system/test_ntp.py::test_ntp_exists_config
2023-12-29 01:15:57,110 T0000: INFO  support pre-function-epilog test_ntp_exists_config Pass 'Test case passed'
2023-12-29 01:15:57,115 T0000: INFO  #### gw5  system/test_ntp.py::test_ntp_exists_config
2023-12-29 01:15:57,115 T0000: INFO  support post-function-epilog test_ntp_exists_config Pass 'Test case passed'
2023-12-29 01:15:57,138 T0000: WARN  #### gw5  system/test_ntp.py::test_ntp_exists_config
2023-12-29 01:15:57,138 T0000: WARN  support pre-module-epilog system/test_ntp.py fail ''
2023-12-29 01:16:21,410 T0000: WARN  #### gw5  system/test_ntp.py::test_ntp_exists_config
2023-12-29 01:16:21,410 T0000: WARN  support post-module-epilog system/test_ntp.py fail ''
2023-12-29 01:20:51,074 T0000: INFO  #### gw5
2023-12-29 01:20:51,074 T0000: INFO  support pre-module-prolog security/test_tacacs.py  ''
2023-12-29 01:21:20,281 T0000: INFO  #### gw5  security/test_tacacs.py
2023-12-29 01:21:20,281 T0000: INFO  support post-module-prolog security/test_tacacs.py Pass ''
2023-12-29 01:21:53,545 T0000: INFO  #### gw5  security/test_tacacs.py
2023-12-29 01:21:53,546 T0000: INFO  support pre-function-prolog test_ft_tacacs_ssh_login_with_tacacs_operations  ''
2023-12-29 01:21:53,556 T0000: INFO  #### gw5  security/test_tacacs.py::test_ft_tacacs_ssh_login_with_tacacs_operations
2023-12-29 01:21:53,556 T0000: INFO  support post-function-prolog test_ft_tacacs_ssh_login_with_tacacs_operations Pass ''
2023-12-29 01:21:54,261 T0000: WARN  #### gw5  security/test_tacacs.py::test_ft_tacacs_ssh_login_with_tacacs_operations
2023-12-29 01:21:54,261 T0000: WARN  support pre-function-epilog test_ft_tacacs_ssh_login_with_tacacs_operations Fail 'PAM file is not created'
2023-12-29 01:21:54,690 T0000: WARN  #### gw5  security/test_tacacs.py::test_ft_tacacs_ssh_login_with_tacacs_operations
2023-12-29 01:21:54,690 T0000: WARN  support post-function-epilog test_ft_tacacs_ssh_login_with_tacacs_operations ignore 'PAM file is not created'
2023-12-29 01:21:54,726 T0000: WARN  #### gw5  security/test_tacacs.py::test_ft_tacacs_ssh_login_with_tacacs_operations
2023-12-29 01:21:54,727 T0000: WARN  support pre-module-epilog security/test_tacacs.py fail ''
2023-12-29 01:22:37,116 T0000: WARN  #### gw5  security/test_tacacs.py::test_ft_tacacs_ssh_login_with_tacacs_operations
2023-12-29 01:22:37,116 T0000: WARN  support post-module-epilog security/test_tacacs.py fail ''
2023-12-29 01:24:34,379 T0000: WARN  #### gw5  batch/test_spytest_infra_1.py::test_spytest_infra_last
2023-12-29 01:24:34,379 T0000: WARN  support session-epilog session pass ''
2023-12-29 01:08:57,769 T0000: WARN  #### gw6
2023-12-29 01:08:57,769 T0000: WARN  support post-session-prolog session pass ''
2023-12-29 01:09:48,218 T0000: INFO  #### gw6
2023-12-29 01:09:48,218 T0000: INFO  support pre-module-prolog system/test_snapshot.py  ''
2023-12-29 01:10:38,282 T0000: INFO  #### gw6  system/test_snapshot.py
2023-12-29 01:10:38,282 T0000: INFO  support post-module-prolog system/test_snapshot.py Pass ''
2023-12-29 01:11:11,427 T0000: INFO  #### gw6  system/test_snapshot.py
2023-12-29 01:11:11,427 T0000: INFO  support pre-function-prolog test_ft_watermark_telemetry_interval  ''
2023-12-29 01:11:11,439 T0000: INFO  #### gw6  system/test_snapshot.py::test_ft_watermark_telemetry_interval
2023-12-29 01:11:11,439 T0000: INFO  support post-function-prolog test_ft_watermark_telemetry_interval Pass ''
2023-12-29 01:11:22,348 T0000: WARN  #### gw6  system/test_snapshot.py::test_ft_watermark_telemetry_interval
2023-12-29 01:11:22,348 T0000: WARN  support testcase ft_sf_snapshot_tam_Error_Logs Fail 'Error logs are getting generated on the device'
2023-12-29 01:11:22,365 T0000: INFO  #### gw6  system/test_snapshot.py::test_ft_watermark_telemetry_interval
2023-12-29 01:11:22,365 T0000: INFO  support pre-function-epilog test_ft_watermark_telemetry_interval Pass 'verification of configured telemetry interval and reset to default interval is successful'
2023-12-29 01:11:22,369 T0000: INFO  #### gw6  system/test_snapshot.py::test_ft_watermark_telemetry_interval
2023-12-29 01:11:22,369 T0000: INFO  support post-function-epilog test_ft_watermark_telemetry_interval Pass 'verification of configured telemetry interval and reset to default interval is successful'
2023-12-29 01:11:22,398 T0000: WARN  #### gw6  system/test_snapshot.py::test_ft_watermark_telemetry_interval
2023-12-29 01:11:22,398 T0000: WARN  support pre-module-epilog system/test_snapshot.py pass ''
2023-12-29 01:11:56,210 T0000: WARN  #### gw6  system/test_snapshot.py::test_ft_watermark_telemetry_interval
2023-12-29 01:11:56,210 T0000: WARN  support post-module-epilog system/test_snapshot.py pass ''
2023-12-29 01:16:23,341 T0000: INFO  #### gw6
2023-12-29 01:16:23,341 T0000: INFO  support pre-module-prolog system/test_snmp.py  ''
2023-12-29 01:18:06,805 T0000: INFO  #### gw6  system/test_snmp.py
2023-12-29 01:18:06,805 T0000: INFO  support post-module-prolog system/test_snmp.py Pass ''
2023-12-29 01:18:39,617 T0000: INFO  #### gw6  system/test_snmp.py
2023-12-29 01:18:39,617 T0000: INFO  support pre-function-prolog test_ft_snmp_sysName  ''
2023-12-29 01:18:39,635 T0000: INFO  #### gw6  system/test_snmp.py::test_ft_snmp_sysName
2023-12-29 01:18:39,635 T0000: INFO  support post-function-prolog test_ft_snmp_sysName Pass ''
2023-12-29 01:18:40,374 T0000: WARN  #### gw6  system/test_snmp.py::test_ft_snmp_sysName
2023-12-29 01:18:40,374 T0000: WARN  support pre-function-epilog test_ft_snmp_sysName Fail 'sysname output is not in sync between system and snmp'
2023-12-29 01:18:40,814 T0000: WARN  #### gw6  system/test_snmp.py::test_ft_snmp_sysName
2023-12-29 01:18:40,814 T0000: WARN  support post-function-epilog test_ft_snmp_sysName ignore 'sysname output is not in sync between system and snmp'
2023-12-29 01:18:45,562 T0000: INFO  #### gw6  system/test_snmp.py
2023-12-29 01:18:45,563 T0000: INFO  support pre-function-prolog test_ft_snmp_test_syUpTime  ''
2023-12-29 01:18:45,579 T0000: INFO  #### gw6  system/test_snmp.py::test_ft_snmp_test_syUpTime
2023-12-29 01:18:45,579 T0000: INFO  support post-function-prolog test_ft_snmp_test_syUpTime Pass ''
2023-12-29 01:18:46,948 T0000: INFO  #### gw6  system/test_snmp.py::test_ft_snmp_test_syUpTime
2023-12-29 01:18:46,948 T0000: INFO  support pre-function-epilog test_ft_snmp_test_syUpTime Pass 'Test case passed'
2023-12-29 01:18:46,952 T0000: INFO  #### gw6  system/test_snmp.py::test_ft_snmp_test_syUpTime
2023-12-29 01:18:46,952 T0000: INFO  support post-function-epilog test_ft_snmp_test_syUpTime Pass 'Test case passed'
2023-12-29 01:18:51,814 T0000: INFO  #### gw6  system/test_snmp.py
2023-12-29 01:18:51,814 T0000: INFO  support pre-function-prolog test_ft_snmp_sysDescr  ''
2023-12-29 01:18:51,827 T0000: INFO  #### gw6  system/test_snmp.py::test_ft_snmp_sysDescr
2023-12-29 01:18:51,827 T0000: INFO  support post-function-prolog test_ft_snmp_sysDescr Pass ''
2023-12-29 01:18:54,635 T0000: INFO  #### gw6  system/test_snmp.py::test_ft_snmp_sysDescr
2023-12-29 01:18:54,635 T0000: INFO  support pre-function-epilog test_ft_snmp_sysDescr Pass 'Test case passed'
2023-12-29 01:18:54,645 T0000: INFO  #### gw6  system/test_snmp.py::test_ft_snmp_sysDescr
2023-12-29 01:18:54,645 T0000: INFO  support post-function-epilog test_ft_snmp_sysDescr Pass 'Test case passed'
2023-12-29 01:18:59,492 T0000: INFO  #### gw6  system/test_snmp.py
2023-12-29 01:18:59,492 T0000: INFO  support pre-function-prolog test_ft_snmp_mib_2  ''
2023-12-29 01:18:59,513 T0000: INFO  #### gw6  system/test_snmp.py::test_ft_snmp_mib_2
2023-12-29 01:18:59,513 T0000: INFO  support post-function-prolog test_ft_snmp_mib_2 Pass ''
2023-12-29 01:19:00,692 T0000: INFO  #### gw6  system/test_snmp.py::test_ft_snmp_mib_2
2023-12-29 01:19:00,692 T0000: INFO  support pre-function-epilog test_ft_snmp_mib_2 Pass 'Test case passed'
2023-12-29 01:19:00,789 T0000: INFO  #### gw6  system/test_snmp.py::test_ft_snmp_mib_2
2023-12-29 01:19:00,789 T0000: INFO  support post-function-epilog test_ft_snmp_mib_2 Pass 'Test case passed'
2023-12-29 01:19:05,733 T0000: INFO  #### gw6  system/test_snmp.py
2023-12-29 01:19:05,733 T0000: INFO  support pre-function-prolog test_ft_snmp_if_mib_all  ''
2023-12-29 01:19:05,748 T0000: INFO  #### gw6  system/test_snmp.py::test_ft_snmp_if_mib_all
2023-12-29 01:19:05,748 T0000: INFO  support post-function-prolog test_ft_snmp_if_mib_all Pass ''
2023-12-29 01:19:05,941 T0000: INFO  #### gw6  system/test_snmp.py::test_ft_snmp_if_mib_all
2023-12-29 01:19:05,941 T0000: INFO  support pre-function-epilog test_ft_snmp_if_mib_all Pass 'Test case passed'
2023-12-29 01:19:05,946 T0000: INFO  #### gw6  system/test_snmp.py::test_ft_snmp_if_mib_all
2023-12-29 01:19:05,946 T0000: INFO  support post-function-epilog test_ft_snmp_if_mib_all Pass 'Test case passed'
2023-12-29 01:19:10,802 T0000: INFO  #### gw6  system/test_snmp.py
2023-12-29 01:19:10,802 T0000: INFO  support pre-function-prolog test_ft_snmp_entity_mib_all  ''
2023-12-29 01:19:10,814 T0000: INFO  #### gw6  system/test_snmp.py::test_ft_snmp_entity_mib_all
2023-12-29 01:19:10,814 T0000: INFO  support post-function-prolog test_ft_snmp_entity_mib_all Pass ''
2023-12-29 01:19:10,870 T0000: INFO  #### gw6  system/test_snmp.py::test_ft_snmp_entity_mib_all
2023-12-29 01:19:10,870 T0000: INFO  support pre-function-epilog test_ft_snmp_entity_mib_all Pass 'Test case passed'
2023-12-29 01:19:10,876 T0000: INFO  #### gw6  system/test_snmp.py::test_ft_snmp_entity_mib_all
2023-12-29 01:19:10,876 T0000: INFO  support post-function-epilog test_ft_snmp_entity_mib_all Pass 'Test case passed'
2023-12-29 01:19:15,690 T0000: INFO  #### gw6  system/test_snmp.py
2023-12-29 01:19:15,690 T0000: INFO  support pre-function-prolog test_ft_snmp_dot1q_dot1db_mib  ''
2023-12-29 01:19:15,703 T0000: INFO  #### gw6  system/test_snmp.py::test_ft_snmp_dot1q_dot1db_mib
2023-12-29 01:19:15,703 T0000: INFO  support post-function-prolog test_ft_snmp_dot1q_dot1db_mib Pass ''
2023-12-29 01:19:15,794 T0000: INFO  #### gw6  system/test_snmp.py::test_ft_snmp_dot1q_dot1db_mib
2023-12-29 01:19:15,794 T0000: INFO  support pre-function-epilog test_ft_snmp_dot1q_dot1db_mib Pass 'Test case passed'
2023-12-29 01:19:15,806 T0000: INFO  #### gw6  system/test_snmp.py::test_ft_snmp_dot1q_dot1db_mib
2023-12-29 01:19:15,806 T0000: INFO  support post-function-epilog test_ft_snmp_dot1q_dot1db_mib Pass 'Test case passed'
2023-12-29 01:19:20,772 T0000: INFO  #### gw6  system/test_snmp.py
2023-12-29 01:19:20,772 T0000: INFO  support pre-function-prolog test_ft_snmp_root_node_walk  ''
2023-12-29 01:19:20,784 T0000: INFO  #### gw6  system/test_snmp.py::test_ft_snmp_root_node_walk
2023-12-29 01:19:20,784 T0000: INFO  support post-function-prolog test_ft_snmp_root_node_walk Pass ''
2023-12-29 01:19:24,282 T0000: INFO  #### gw6  system/test_snmp.py::test_ft_snmp_root_node_walk
2023-12-29 01:19:24,283 T0000: INFO  support pre-function-epilog test_ft_snmp_root_node_walk Pass 'Test case passed'
2023-12-29 01:19:24,295 T0000: INFO  #### gw6  system/test_snmp.py::test_ft_snmp_root_node_walk
2023-12-29 01:19:24,295 T0000: INFO  support post-function-epilog test_ft_snmp_root_node_walk Pass 'Test case passed'
2023-12-29 01:19:29,163 T0000: INFO  #### gw6  system/test_snmp.py
2023-12-29 01:19:29,163 T0000: INFO  support pre-function-prolog test_ft_snmp_ipAddressRowStatus_ipv6  ''
2023-12-29 01:19:29,177 T0000: INFO  #### gw6  system/test_snmp.py::test_ft_snmp_ipAddressRowStatus_ipv6
2023-12-29 01:19:29,178 T0000: INFO  support post-function-prolog test_ft_snmp_ipAddressRowStatus_ipv6 Pass ''
2023-12-29 01:19:35,794 T0000: INFO  #### gw6  system/test_snmp.py::test_ft_snmp_ipAddressRowStatus_ipv6
2023-12-29 01:19:35,794 T0000: INFO  support pre-function-epilog test_ft_snmp_ipAddressRowStatus_ipv6 Pass 'Test case passed'
2023-12-29 01:19:35,800 T0000: INFO  #### gw6  system/test_snmp.py::test_ft_snmp_ipAddressRowStatus_ipv6
2023-12-29 01:19:35,800 T0000: INFO  support post-function-epilog test_ft_snmp_ipAddressRowStatus_ipv6 Pass 'Test case passed'
2023-12-29 01:19:40,836 T0000: INFO  #### gw6  system/test_snmp.py
2023-12-29 01:19:40,836 T0000: INFO  support pre-function-prolog test_ft_snmp_ipAddressStorageType_ipv6  ''
2023-12-29 01:19:40,849 T0000: INFO  #### gw6  system/test_snmp.py::test_ft_snmp_ipAddressStorageType_ipv6
2023-12-29 01:19:40,849 T0000: INFO  support post-function-prolog test_ft_snmp_ipAddressStorageType_ipv6 Pass ''
2023-12-29 01:19:40,883 T0000: INFO  #### gw6  system/test_snmp.py::test_ft_snmp_ipAddressStorageType_ipv6
2023-12-29 01:19:40,883 T0000: INFO  support pre-function-epilog test_ft_snmp_ipAddressStorageType_ipv6 Pass 'Test case passed'
2023-12-29 01:19:40,889 T0000: INFO  #### gw6  system/test_snmp.py::test_ft_snmp_ipAddressStorageType_ipv6
2023-12-29 01:19:40,889 T0000: INFO  support post-function-epilog test_ft_snmp_ipAddressStorageType_ipv6 Pass 'Test case passed'
2023-12-29 01:19:45,899 T0000: INFO  #### gw6  system/test_snmp.py
2023-12-29 01:19:45,899 T0000: INFO  support pre-function-prolog test_ft_snmp_ipv6_If_Forward_default_HopLimit  ''
2023-12-29 01:19:45,913 T0000: INFO  #### gw6  system/test_snmp.py::test_ft_snmp_ipv6_If_Forward_default_HopLimit
2023-12-29 01:19:45,913 T0000: INFO  support post-function-prolog test_ft_snmp_ipv6_If_Forward_default_HopLimit Pass ''
2023-12-29 01:19:45,956 T0000: INFO  #### gw6  system/test_snmp.py::test_ft_snmp_ipv6_If_Forward_default_HopLimit
2023-12-29 01:19:45,956 T0000: INFO  support pre-function-epilog test_ft_snmp_ipv6_If_Forward_default_HopLimit Pass 'Test case passed'
2023-12-29 01:19:45,964 T0000: INFO  #### gw6  system/test_snmp.py::test_ft_snmp_ipv6_If_Forward_default_HopLimit
2023-12-29 01:19:45,964 T0000: INFO  support post-function-epilog test_ft_snmp_ipv6_If_Forward_default_HopLimit Pass 'Test case passed'
2023-12-29 01:19:50,876 T0000: INFO  #### gw6  system/test_snmp.py
2023-12-29 01:19:50,876 T0000: INFO  support pre-function-prolog test_ft_snmp_ipv6scope_index_table  ''
2023-12-29 01:19:50,891 T0000: INFO  #### gw6  system/test_snmp.py::test_ft_snmp_ipv6scope_index_table
2023-12-29 01:19:50,891 T0000: INFO  support post-function-prolog test_ft_snmp_ipv6scope_index_table Pass ''
2023-12-29 01:19:50,954 T0000: INFO  #### gw6  system/test_snmp.py::test_ft_snmp_ipv6scope_index_table
2023-12-29 01:19:50,954 T0000: INFO  support pre-function-epilog test_ft_snmp_ipv6scope_index_table Pass 'Test case passed'
2023-12-29 01:19:50,960 T0000: INFO  #### gw6  system/test_snmp.py::test_ft_snmp_ipv6scope_index_table
2023-12-29 01:19:50,960 T0000: INFO  support post-function-epilog test_ft_snmp_ipv6scope_index_table Pass 'Test case passed'
2023-12-29 01:19:55,871 T0000: INFO  #### gw6  system/test_snmp.py
2023-12-29 01:19:55,871 T0000: INFO  support pre-function-prolog test_ft_snmp_ip_forward_table  ''
2023-12-29 01:19:55,883 T0000: INFO  #### gw6  system/test_snmp.py::test_ft_snmp_ip_forward_table
2023-12-29 01:19:55,883 T0000: INFO  support post-function-prolog test_ft_snmp_ip_forward_table Pass ''
2023-12-29 01:19:58,536 T0000: INFO  #### gw6  system/test_snmp.py::test_ft_snmp_ip_forward_table
2023-12-29 01:19:58,536 T0000: INFO  support pre-function-epilog test_ft_snmp_ip_forward_table Pass 'Test case passed'
2023-12-29 01:19:58,543 T0000: INFO  #### gw6  system/test_snmp.py::test_ft_snmp_ip_forward_table
2023-12-29 01:19:58,543 T0000: INFO  support post-function-epilog test_ft_snmp_ip_forward_table Pass 'Test case passed'
2023-12-29 01:20:04,389 T0000: INFO  #### gw6  system/test_snmp.py
2023-12-29 01:20:04,389 T0000: INFO  support pre-function-prolog test_ft_snmp_ifx_table  ''
2023-12-29 01:20:04,410 T0000: INFO  #### gw6  system/test_snmp.py::test_ft_snmp_ifx_table
2023-12-29 01:20:04,411 T0000: INFO  support post-function-prolog test_ft_snmp_ifx_table Pass ''
2023-12-29 01:20:04,601 T0000: INFO  #### gw6  system/test_snmp.py::test_ft_snmp_ifx_table
2023-12-29 01:20:04,601 T0000: INFO  support pre-function-epilog test_ft_snmp_ifx_table Pass 'Test case passed'
2023-12-29 01:20:04,608 T0000: INFO  #### gw6  system/test_snmp.py::test_ft_snmp_ifx_table
2023-12-29 01:20:04,608 T0000: INFO  support post-function-epilog test_ft_snmp_ifx_table Pass 'Test case passed'
2023-12-29 01:20:09,495 T0000: INFO  #### gw6  system/test_snmp.py
2023-12-29 01:20:09,495 T0000: INFO  support pre-function-prolog test_ft_snmp_ip_System_Stats_Table  ''
2023-12-29 01:20:09,507 T0000: INFO  #### gw6  system/test_snmp.py::test_ft_snmp_ip_System_Stats_Table
2023-12-29 01:20:09,507 T0000: INFO  support post-function-prolog test_ft_snmp_ip_System_Stats_Table Pass ''
2023-12-29 01:20:09,559 T0000: INFO  #### gw6  system/test_snmp.py::test_ft_snmp_ip_System_Stats_Table
2023-12-29 01:20:09,559 T0000: INFO  support pre-function-epilog test_ft_snmp_ip_System_Stats_Table Pass 'Test case passed'
2023-12-29 01:20:09,565 T0000: INFO  #### gw6  system/test_snmp.py::test_ft_snmp_ip_System_Stats_Table
2023-12-29 01:20:09,566 T0000: INFO  support post-function-epilog test_ft_snmp_ip_System_Stats_Table Pass 'Test case passed'
2023-12-29 01:20:14,563 T0000: INFO  #### gw6  system/test_snmp.py
2023-12-29 01:20:14,563 T0000: INFO  support pre-function-prolog test_ft_snmp_ip_IfStats_Table  ''
2023-12-29 01:20:14,574 T0000: INFO  #### gw6  system/test_snmp.py::test_ft_snmp_ip_IfStats_Table
2023-12-29 01:20:14,574 T0000: INFO  support post-function-prolog test_ft_snmp_ip_IfStats_Table Pass ''
2023-12-29 01:20:14,948 T0000: INFO  #### gw6  system/test_snmp.py::test_ft_snmp_ip_IfStats_Table
2023-12-29 01:20:14,948 T0000: INFO  support pre-function-epilog test_ft_snmp_ip_IfStats_Table Pass 'Test case passed'
2023-12-29 01:20:14,953 T0000: INFO  #### gw6  system/test_snmp.py::test_ft_snmp_ip_IfStats_Table
2023-12-29 01:20:14,953 T0000: INFO  support post-function-epilog test_ft_snmp_ip_IfStats_Table Pass 'Test case passed'
2023-12-29 01:20:20,054 T0000: INFO  #### gw6  system/test_snmp.py
2023-12-29 01:20:20,055 T0000: INFO  support pre-function-prolog test_ft_snmp_ip_Address_Table  ''
2023-12-29 01:20:20,068 T0000: INFO  #### gw6  system/test_snmp.py::test_ft_snmp_ip_Address_Table
2023-12-29 01:20:20,068 T0000: INFO  support post-function-prolog test_ft_snmp_ip_Address_Table Pass ''
2023-12-29 01:20:20,127 T0000: INFO  #### gw6  system/test_snmp.py::test_ft_snmp_ip_Address_Table
2023-12-29 01:20:20,127 T0000: INFO  support pre-function-epilog test_ft_snmp_ip_Address_Table Pass 'Test case passed'
2023-12-29 01:20:20,132 T0000: INFO  #### gw6  system/test_snmp.py::test_ft_snmp_ip_Address_Table
2023-12-29 01:20:20,132 T0000: INFO  support post-function-epilog test_ft_snmp_ip_Address_Table Pass 'Test case passed'
2023-12-29 01:20:25,134 T0000: INFO  #### gw6  system/test_snmp.py
2023-12-29 01:20:25,134 T0000: INFO  support pre-function-prolog test_ft_snmp_ip_NetToPhysical_Table  ''
2023-12-29 01:20:25,145 T0000: INFO  #### gw6  system/test_snmp.py::test_ft_snmp_ip_NetToPhysical_Table
2023-12-29 01:20:25,145 T0000: INFO  support post-function-prolog test_ft_snmp_ip_NetToPhysical_Table Pass ''
2023-12-29 01:20:25,168 T0000: INFO  #### gw6  system/test_snmp.py::test_ft_snmp_ip_NetToPhysical_Table
2023-12-29 01:20:25,168 T0000: INFO  support pre-function-epilog test_ft_snmp_ip_NetToPhysical_Table Pass 'Test case passed'
2023-12-29 01:20:25,175 T0000: INFO  #### gw6  system/test_snmp.py::test_ft_snmp_ip_NetToPhysical_Table
2023-12-29 01:20:25,175 T0000: INFO  support post-function-epilog test_ft_snmp_ip_NetToPhysical_Table Pass 'Test case passed'
2023-12-29 01:20:30,309 T0000: INFO  #### gw6  system/test_snmp.py
2023-12-29 01:20:30,309 T0000: INFO  support pre-function-prolog test_ft_snmp_icmp_Msgs  ''
2023-12-29 01:20:30,322 T0000: INFO  #### gw6  system/test_snmp.py::test_ft_snmp_icmp_Msgs
2023-12-29 01:20:30,323 T0000: INFO  support post-function-prolog test_ft_snmp_icmp_Msgs Pass ''
2023-12-29 01:20:30,370 T0000: INFO  #### gw6  system/test_snmp.py::test_ft_snmp_icmp_Msgs
2023-12-29 01:20:30,370 T0000: INFO  support pre-function-epilog test_ft_snmp_icmp_Msgs Pass 'Test case passed'
2023-12-29 01:20:30,382 T0000: INFO  #### gw6  system/test_snmp.py::test_ft_snmp_icmp_Msgs
2023-12-29 01:20:30,382 T0000: INFO  support post-function-epilog test_ft_snmp_icmp_Msgs Pass 'Test case passed'
2023-12-29 01:20:35,693 T0000: INFO  #### gw6  system/test_snmp.py
2023-12-29 01:20:35,693 T0000: INFO  support pre-function-prolog test_ft_snmp_tcp_mib  ''
2023-12-29 01:20:35,711 T0000: INFO  #### gw6  system/test_snmp.py::test_ft_snmp_tcp_mib
2023-12-29 01:20:35,711 T0000: INFO  support post-function-prolog test_ft_snmp_tcp_mib Pass ''
2023-12-29 01:20:37,805 T0000: INFO  #### gw6  system/test_snmp.py::test_ft_snmp_tcp_mib
2023-12-29 01:20:37,805 T0000: INFO  support pre-function-epilog test_ft_snmp_tcp_mib Pass 'Test case passed'
2023-12-29 01:20:37,813 T0000: INFO  #### gw6  system/test_snmp.py::test_ft_snmp_tcp_mib
2023-12-29 01:20:37,813 T0000: INFO  support post-function-epilog test_ft_snmp_tcp_mib Pass 'Test case passed'
2023-12-29 01:20:42,983 T0000: INFO  #### gw6  system/test_snmp.py
2023-12-29 01:20:42,983 T0000: INFO  support pre-function-prolog test_ft_snmp_udp_mib  ''
2023-12-29 01:20:42,998 T0000: INFO  #### gw6  system/test_snmp.py::test_ft_snmp_udp_mib
2023-12-29 01:20:42,998 T0000: INFO  support post-function-prolog test_ft_snmp_udp_mib Pass ''
2023-12-29 01:20:43,065 T0000: INFO  #### gw6  system/test_snmp.py::test_ft_snmp_udp_mib
2023-12-29 01:20:43,065 T0000: INFO  support pre-function-epilog test_ft_snmp_udp_mib Pass 'Test case passed'
2023-12-29 01:20:43,073 T0000: INFO  #### gw6  system/test_snmp.py::test_ft_snmp_udp_mib
2023-12-29 01:20:43,073 T0000: INFO  support post-function-epilog test_ft_snmp_udp_mib Pass 'Test case passed'
2023-12-29 01:20:48,146 T0000: INFO  #### gw6  system/test_snmp.py
2023-12-29 01:20:48,146 T0000: INFO  support pre-function-prolog test_ft_snmp_snmpv2_mib  ''
2023-12-29 01:20:48,162 T0000: INFO  #### gw6  system/test_snmp.py::test_ft_snmp_snmpv2_mib
2023-12-29 01:20:48,162 T0000: INFO  support post-function-prolog test_ft_snmp_snmpv2_mib Pass ''
2023-12-29 01:20:48,200 T0000: INFO  #### gw6  system/test_snmp.py::test_ft_snmp_snmpv2_mib
2023-12-29 01:20:48,200 T0000: INFO  support pre-function-epilog test_ft_snmp_snmpv2_mib Pass 'Test case passed'
2023-12-29 01:20:48,205 T0000: INFO  #### gw6  system/test_snmp.py::test_ft_snmp_snmpv2_mib
2023-12-29 01:20:48,205 T0000: INFO  support post-function-epilog test_ft_snmp_snmpv2_mib Pass 'Test case passed'
2023-12-29 01:20:53,014 T0000: INFO  #### gw6  system/test_snmp.py
2023-12-29 01:20:53,014 T0000: INFO  support pre-function-prolog test_ft_snmp_host_resource_mib  ''
2023-12-29 01:20:53,027 T0000: INFO  #### gw6  system/test_snmp.py::test_ft_snmp_host_resource_mib
2023-12-29 01:20:53,027 T0000: INFO  support post-function-prolog test_ft_snmp_host_resource_mib Pass ''
2023-12-29 01:20:53,255 T0000: INFO  #### gw6  system/test_snmp.py::test_ft_snmp_host_resource_mib
2023-12-29 01:20:53,255 T0000: INFO  support pre-function-epilog test_ft_snmp_host_resource_mib Pass 'Test case passed'
2023-12-29 01:20:53,261 T0000: INFO  #### gw6  system/test_snmp.py::test_ft_snmp_host_resource_mib
2023-12-29 01:20:53,261 T0000: INFO  support post-function-epilog test_ft_snmp_host_resource_mib Pass 'Test case passed'
2023-12-29 01:20:58,163 T0000: INFO  #### gw6  system/test_snmp.py
2023-12-29 01:20:58,163 T0000: INFO  support pre-function-prolog test_ft_snmp_framework_mib  ''
2023-12-29 01:20:58,174 T0000: INFO  #### gw6  system/test_snmp.py::test_ft_snmp_framework_mib
2023-12-29 01:20:58,174 T0000: INFO  support post-function-prolog test_ft_snmp_framework_mib Pass ''
2023-12-29 01:20:58,197 T0000: INFO  #### gw6  system/test_snmp.py::test_ft_snmp_framework_mib
2023-12-29 01:20:58,197 T0000: INFO  support pre-function-epilog test_ft_snmp_framework_mib Pass 'Test case passed'
2023-12-29 01:20:58,205 T0000: INFO  #### gw6  system/test_snmp.py::test_ft_snmp_framework_mib
2023-12-29 01:20:58,205 T0000: INFO  support post-function-epilog test_ft_snmp_framework_mib Pass 'Test case passed'
2023-12-29 01:21:03,215 T0000: INFO  #### gw6  system/test_snmp.py
2023-12-29 01:21:03,215 T0000: INFO  support pre-function-prolog test_ft_snmp_mpd_mib  ''
2023-12-29 01:21:03,226 T0000: INFO  #### gw6  system/test_snmp.py::test_ft_snmp_mpd_mib
2023-12-29 01:21:03,226 T0000: INFO  support post-function-prolog test_ft_snmp_mpd_mib Pass ''
2023-12-29 01:21:03,246 T0000: INFO  #### gw6  system/test_snmp.py::test_ft_snmp_mpd_mib
2023-12-29 01:21:03,246 T0000: INFO  support pre-function-epilog test_ft_snmp_mpd_mib Pass 'Test case passed'
2023-12-29 01:21:03,254 T0000: INFO  #### gw6  system/test_snmp.py::test_ft_snmp_mpd_mib
2023-12-29 01:21:03,254 T0000: INFO  support post-function-epilog test_ft_snmp_mpd_mib Pass 'Test case passed'
2023-12-29 01:21:08,254 T0000: INFO  #### gw6  system/test_snmp.py
2023-12-29 01:21:08,254 T0000: INFO  support pre-function-prolog test_ft_snmp_target_mib  ''
2023-12-29 01:21:08,265 T0000: INFO  #### gw6  system/test_snmp.py::test_ft_snmp_target_mib
2023-12-29 01:21:08,265 T0000: INFO  support post-function-prolog test_ft_snmp_target_mib Pass ''
2023-12-29 01:21:08,292 T0000: INFO  #### gw6  system/test_snmp.py::test_ft_snmp_target_mib
2023-12-29 01:21:08,293 T0000: INFO  support pre-function-epilog test_ft_snmp_target_mib Pass 'Test case passed'
2023-12-29 01:21:08,299 T0000: INFO  #### gw6  system/test_snmp.py::test_ft_snmp_target_mib
2023-12-29 01:21:08,299 T0000: INFO  support post-function-epilog test_ft_snmp_target_mib Pass 'Test case passed'
2023-12-29 01:21:13,190 T0000: INFO  #### gw6  system/test_snmp.py
2023-12-29 01:21:13,190 T0000: INFO  support pre-function-prolog test_ft_snmp_notification_mib  ''
2023-12-29 01:21:13,202 T0000: INFO  #### gw6  system/test_snmp.py::test_ft_snmp_notification_mib
2023-12-29 01:21:13,202 T0000: INFO  support post-function-prolog test_ft_snmp_notification_mib Pass ''
2023-12-29 01:21:13,228 T0000: INFO  #### gw6  system/test_snmp.py::test_ft_snmp_notification_mib
2023-12-29 01:21:13,228 T0000: INFO  support pre-function-epilog test_ft_snmp_notification_mib Pass 'Test case passed'
2023-12-29 01:21:13,233 T0000: INFO  #### gw6  system/test_snmp.py::test_ft_snmp_notification_mib
2023-12-29 01:21:13,233 T0000: INFO  support post-function-epilog test_ft_snmp_notification_mib Pass 'Test case passed'
2023-12-29 01:21:18,137 T0000: INFO  #### gw6  system/test_snmp.py
2023-12-29 01:21:18,137 T0000: INFO  support pre-function-prolog test_ft_snmp_user_based_sm_mib  ''
2023-12-29 01:21:18,174 T0000: INFO  #### gw6  system/test_snmp.py::test_ft_snmp_user_based_sm_mib
2023-12-29 01:21:18,174 T0000: INFO  support post-function-prolog test_ft_snmp_user_based_sm_mib Pass ''
2023-12-29 01:21:18,200 T0000: INFO  #### gw6  system/test_snmp.py::test_ft_snmp_user_based_sm_mib
2023-12-29 01:21:18,200 T0000: INFO  support pre-function-epilog test_ft_snmp_user_based_sm_mib Pass 'Test case passed'
2023-12-29 01:21:18,208 T0000: INFO  #### gw6  system/test_snmp.py::test_ft_snmp_user_based_sm_mib
2023-12-29 01:21:18,208 T0000: INFO  support post-function-epilog test_ft_snmp_user_based_sm_mib Pass 'Test case passed'
2023-12-29 01:21:23,105 T0000: INFO  #### gw6  system/test_snmp.py
2023-12-29 01:21:23,105 T0000: INFO  support pre-function-prolog test_ft_snmp_view_based_acm_mib  ''
2023-12-29 01:21:23,124 T0000: INFO  #### gw6  system/test_snmp.py::test_ft_snmp_view_based_acm_mib
2023-12-29 01:21:23,124 T0000: INFO  support post-function-prolog test_ft_snmp_view_based_acm_mib Pass ''
2023-12-29 01:21:23,200 T0000: INFO  #### gw6  system/test_snmp.py::test_ft_snmp_view_based_acm_mib
2023-12-29 01:21:23,200 T0000: INFO  support pre-function-epilog test_ft_snmp_view_based_acm_mib Pass 'Test case passed'
2023-12-29 01:21:23,208 T0000: INFO  #### gw6  system/test_snmp.py::test_ft_snmp_view_based_acm_mib
2023-12-29 01:21:23,208 T0000: INFO  support post-function-epilog test_ft_snmp_view_based_acm_mib Pass 'Test case passed'
2023-12-29 01:21:27,953 T0000: INFO  #### gw6  system/test_snmp.py
2023-12-29 01:21:27,953 T0000: INFO  support pre-function-prolog test_ft_snmp_ent_physical_table  ''
2023-12-29 01:21:27,969 T0000: INFO  #### gw6  system/test_snmp.py::test_ft_snmp_ent_physical_table
2023-12-29 01:21:27,969 T0000: INFO  support post-function-prolog test_ft_snmp_ent_physical_table Pass ''
2023-12-29 01:21:28,030 T0000: INFO  #### gw6  system/test_snmp.py::test_ft_snmp_ent_physical_table
2023-12-29 01:21:28,030 T0000: INFO  support pre-function-epilog test_ft_snmp_ent_physical_table Pass 'Test case passed'
2023-12-29 01:21:28,040 T0000: INFO  #### gw6  system/test_snmp.py::test_ft_snmp_ent_physical_table
2023-12-29 01:21:28,040 T0000: INFO  support post-function-epilog test_ft_snmp_ent_physical_table Pass 'Test case passed'
2023-12-29 01:21:32,822 T0000: INFO  #### gw6  system/test_snmp.py
2023-12-29 01:21:32,822 T0000: INFO  support pre-function-prolog test_ft_snmp_dot3_stats_table  ''
2023-12-29 01:21:32,837 T0000: INFO  #### gw6  system/test_snmp.py::test_ft_snmp_dot3_stats_table
2023-12-29 01:21:32,837 T0000: INFO  support post-function-prolog test_ft_snmp_dot3_stats_table Pass ''
2023-12-29 01:21:32,900 T0000: INFO  #### gw6  system/test_snmp.py::test_ft_snmp_dot3_stats_table
2023-12-29 01:21:32,900 T0000: INFO  support pre-function-epilog test_ft_snmp_dot3_stats_table Pass 'Test case passed'
2023-12-29 01:21:32,906 T0000: INFO  #### gw6  system/test_snmp.py::test_ft_snmp_dot3_stats_table
2023-12-29 01:21:32,906 T0000: INFO  support post-function-epilog test_ft_snmp_dot3_stats_table Pass 'Test case passed'
2023-12-29 01:21:37,719 T0000: INFO  #### gw6  system/test_snmp.py
2023-12-29 01:21:37,719 T0000: INFO  support pre-function-prolog test_ft_net_snmp_agent_mib  ''
2023-12-29 01:21:37,733 T0000: INFO  #### gw6  system/test_snmp.py::test_ft_net_snmp_agent_mib
2023-12-29 01:21:37,733 T0000: INFO  support post-function-prolog test_ft_net_snmp_agent_mib Pass ''
2023-12-29 01:21:38,418 T0000: INFO  #### gw6  system/test_snmp.py::test_ft_net_snmp_agent_mib
2023-12-29 01:21:38,418 T0000: INFO  support pre-function-epilog test_ft_net_snmp_agent_mib Pass 'Test case passed'
2023-12-29 01:21:38,423 T0000: INFO  #### gw6  system/test_snmp.py::test_ft_net_snmp_agent_mib
2023-12-29 01:21:38,423 T0000: INFO  support post-function-epilog test_ft_net_snmp_agent_mib Pass 'Test case passed'
2023-12-29 01:21:43,323 T0000: INFO  #### gw6  system/test_snmp.py
2023-12-29 01:21:43,323 T0000: INFO  support pre-function-prolog test_ft_net_snmp_vacm_mib  ''
2023-12-29 01:21:43,336 T0000: INFO  #### gw6  system/test_snmp.py::test_ft_net_snmp_vacm_mib
2023-12-29 01:21:43,336 T0000: INFO  support post-function-prolog test_ft_net_snmp_vacm_mib Pass ''
2023-12-29 01:21:43,383 T0000: INFO  #### gw6  system/test_snmp.py::test_ft_net_snmp_vacm_mib
2023-12-29 01:21:43,383 T0000: INFO  support pre-function-epilog test_ft_net_snmp_vacm_mib Pass 'Test case passed'
2023-12-29 01:21:43,391 T0000: INFO  #### gw6  system/test_snmp.py::test_ft_net_snmp_vacm_mib
2023-12-29 01:21:43,391 T0000: INFO  support post-function-epilog test_ft_net_snmp_vacm_mib Pass 'Test case passed'
2023-12-29 01:21:48,207 T0000: INFO  #### gw6  system/test_snmp.py
2023-12-29 01:21:48,207 T0000: INFO  support pre-function-prolog test_ft_snmp_ucd_diskio_mib  ''
2023-12-29 01:21:48,223 T0000: INFO  #### gw6  system/test_snmp.py::test_ft_snmp_ucd_diskio_mib
2023-12-29 01:21:48,223 T0000: INFO  support post-function-prolog test_ft_snmp_ucd_diskio_mib Pass ''
2023-12-29 01:21:48,276 T0000: INFO  #### gw6  system/test_snmp.py::test_ft_snmp_ucd_diskio_mib
2023-12-29 01:21:48,276 T0000: INFO  support pre-function-epilog test_ft_snmp_ucd_diskio_mib Pass 'Test case passed'
2023-12-29 01:21:48,281 T0000: INFO  #### gw6  system/test_snmp.py::test_ft_snmp_ucd_diskio_mib
2023-12-29 01:21:48,281 T0000: INFO  support post-function-epilog test_ft_snmp_ucd_diskio_mib Pass 'Test case passed'
2023-12-29 01:21:53,120 T0000: INFO  #### gw6  system/test_snmp.py
2023-12-29 01:21:53,120 T0000: INFO  support pre-function-prolog test_ft_snmp_ucd_la_table  ''
2023-12-29 01:21:53,133 T0000: INFO  #### gw6  system/test_snmp.py::test_ft_snmp_ucd_la_table
2023-12-29 01:21:53,133 T0000: INFO  support post-function-prolog test_ft_snmp_ucd_la_table Pass ''
2023-12-29 01:21:53,165 T0000: INFO  #### gw6  system/test_snmp.py::test_ft_snmp_ucd_la_table
2023-12-29 01:21:53,165 T0000: INFO  support pre-function-epilog test_ft_snmp_ucd_la_table Pass 'Test case passed'
2023-12-29 01:21:53,172 T0000: INFO  #### gw6  system/test_snmp.py::test_ft_snmp_ucd_la_table
2023-12-29 01:21:53,172 T0000: INFO  support post-function-epilog test_ft_snmp_ucd_la_table Pass 'Test case passed'
2023-12-29 01:21:58,019 T0000: INFO  #### gw6  system/test_snmp.py
2023-12-29 01:21:58,019 T0000: INFO  support pre-function-prolog test_ft_snmp_ucd_system_stats  ''
2023-12-29 01:21:58,031 T0000: INFO  #### gw6  system/test_snmp.py::test_ft_snmp_ucd_system_stats
2023-12-29 01:21:58,032 T0000: INFO  support post-function-prolog test_ft_snmp_ucd_system_stats Pass ''
2023-12-29 01:21:58,067 T0000: INFO  #### gw6  system/test_snmp.py::test_ft_snmp_ucd_system_stats
2023-12-29 01:21:58,067 T0000: INFO  support pre-function-epilog test_ft_snmp_ucd_system_stats Pass 'Test case passed'
2023-12-29 01:21:58,076 T0000: INFO  #### gw6  system/test_snmp.py::test_ft_snmp_ucd_system_stats
2023-12-29 01:21:58,076 T0000: INFO  support post-function-epilog test_ft_snmp_ucd_system_stats Pass 'Test case passed'
2023-12-29 01:22:02,990 T0000: INFO  #### gw6  system/test_snmp.py
2023-12-29 01:22:02,990 T0000: INFO  support pre-function-prolog test_ft_snmp_dot1q_tp_fdb_port  ''
2023-12-29 01:22:03,005 T0000: INFO  #### gw6  system/test_snmp.py::test_ft_snmp_dot1q_tp_fdb_port
2023-12-29 01:22:03,005 T0000: INFO  support post-function-prolog test_ft_snmp_dot1q_tp_fdb_port Pass ''
2023-12-29 01:22:04,485 T0000: INFO  #### gw6  system/test_snmp.py::test_ft_snmp_dot1q_tp_fdb_port
2023-12-29 01:22:04,485 T0000: INFO  support pre-function-epilog test_ft_snmp_dot1q_tp_fdb_port Pass 'Test case passed'
2023-12-29 01:22:04,490 T0000: INFO  #### gw6  system/test_snmp.py::test_ft_snmp_dot1q_tp_fdb_port
2023-12-29 01:22:04,490 T0000: INFO  support post-function-epilog test_ft_snmp_dot1q_tp_fdb_port Pass 'Test case passed'
2023-12-29 01:22:09,431 T0000: INFO  #### gw6  system/test_snmp.py
2023-12-29 01:22:09,431 T0000: INFO  support pre-function-prolog test_ft_snmp_dot1q_tp_fdb_address  ''
2023-12-29 01:22:09,445 T0000: INFO  #### gw6  system/test_snmp.py::test_ft_snmp_dot1q_tp_fdb_address
2023-12-29 01:22:09,445 T0000: INFO  support post-function-prolog test_ft_snmp_dot1q_tp_fdb_address Pass ''
2023-12-29 01:22:09,851 T0000: INFO  #### gw6  system/test_snmp.py::test_ft_snmp_dot1q_tp_fdb_address
2023-12-29 01:22:09,852 T0000: INFO  support pre-function-epilog test_ft_snmp_dot1q_tp_fdb_address Pass 'Test case passed'
2023-12-29 01:22:09,860 T0000: INFO  #### gw6  system/test_snmp.py::test_ft_snmp_dot1q_tp_fdb_address
2023-12-29 01:22:09,860 T0000: INFO  support post-function-epilog test_ft_snmp_dot1q_tp_fdb_address Pass 'Test case passed'
2023-12-29 01:22:14,666 T0000: INFO  #### gw6  system/test_snmp.py
2023-12-29 01:22:14,666 T0000: INFO  support pre-function-prolog test_ft_snmp_coldstart_trap  ''
2023-12-29 01:22:14,679 T0000: INFO  #### gw6  system/test_snmp.py::test_ft_snmp_coldstart_trap
2023-12-29 01:22:14,679 T0000: INFO  support post-function-prolog test_ft_snmp_coldstart_trap Pass ''
2023-12-29 01:22:28,478 T0000: WARN  #### gw6  system/test_snmp.py::test_ft_snmp_coldstart_trap
2023-12-29 01:22:28,478 T0000: WARN  support pre-function-epilog test_ft_snmp_coldstart_trap EnvFail 'Test case Failed Couldn't get the snmptrapd process details from snmp trap server. Please check the snmp trap server process in the server.'
2023-12-29 01:22:28,946 T0000: WARN  #### gw6  system/test_snmp.py::test_ft_snmp_coldstart_trap
2023-12-29 01:22:28,947 T0000: WARN  support post-function-epilog test_ft_snmp_coldstart_trap ignore 'Test case Failed Couldn't get the snmptrapd process details from snmp trap server. Please check the snmp trap server process in the server.'
2023-12-29 01:22:33,790 T0000: INFO  #### gw6  system/test_snmp.py
2023-12-29 01:22:33,790 T0000: INFO  support pre-function-prolog test_ft_snmp_docker_restart  ''
2023-12-29 01:22:33,802 T0000: INFO  #### gw6  system/test_snmp.py::test_ft_snmp_docker_restart
2023-12-29 01:22:33,802 T0000: INFO  support post-function-prolog test_ft_snmp_docker_restart Pass ''
2023-12-29 01:22:43,883 T0000: WARN  #### gw6  system/test_snmp.py::test_ft_snmp_docker_restart
2023-12-29 01:22:43,883 T0000: WARN  support pre-function-epilog test_ft_snmp_docker_restart Fail 'SNMP service is not up'
2023-12-29 01:22:44,383 T0000: WARN  #### gw6  system/test_snmp.py::test_ft_snmp_docker_restart
2023-12-29 01:22:44,383 T0000: WARN  support post-function-epilog test_ft_snmp_docker_restart ignore 'SNMP service is not up'
2023-12-29 01:22:44,426 T0000: WARN  #### gw6  system/test_snmp.py::test_ft_snmp_docker_restart
2023-12-29 01:22:44,426 T0000: WARN  support pre-module-epilog system/test_snmp.py fail ''
2023-12-29 01:23:29,989 T0000: WARN  #### gw6  system/test_snmp.py::test_ft_snmp_docker_restart
2023-12-29 01:23:29,989 T0000: WARN  support post-module-epilog system/test_snmp.py fail ''
2023-12-29 01:28:05,534 T0000: WARN  #### gw6  batch/test_spytest_infra_1.py::test_spytest_infra_last
2023-12-29 01:28:05,534 T0000: WARN  support session-epilog session pass ''
2023-12-29 00:45:16,604 T0025: WARN  #### gw2
2023-12-29 00:45:16,604 T0025: WARN  support post-session-prolog session pass ''
2023-12-29 00:45:16,607 T0026: WARN  #### gw2
2023-12-29 00:45:16,607 T0026: WARN  support post-session-prolog session pass ''
2023-12-29 00:46:08,143 T0079: INFO  #### gw2
2023-12-29 00:46:08,143 T0079: INFO  support pre-module-prolog switching/test_portchannel.py  ''
2023-12-29 00:46:08,146 T0080: INFO  #### gw2
2023-12-29 00:46:08,147 T0080: INFO  support pre-module-prolog switching/test_portchannel.py  ''
2023-12-29 00:46:51,450 T0104: INFO  #### gw2  switching/test_portchannel.py
2023-12-29 00:46:51,450 T0104: INFO  support post-module-prolog switching/test_portchannel.py Pass ''
2023-12-29 00:46:51,452 T0105: INFO  #### gw2  switching/test_portchannel.py
2023-12-29 00:46:51,452 T0105: INFO  support post-module-prolog switching/test_portchannel.py Pass ''
2023-12-29 00:47:25,190 T0129: INFO  #### gw2  switching/test_portchannel.py
2023-12-29 00:47:25,191 T0129: INFO  support pre-function-prolog test_ft_portchannel_with_vlan_variations  ''
2023-12-29 00:47:25,196 T0130: INFO  #### gw2  switching/test_portchannel.py
2023-12-29 00:47:25,196 T0130: INFO  support pre-function-prolog test_ft_portchannel_with_vlan_variations  ''
2023-12-29 00:47:30,024 T0133: INFO  #### gw2  switching/test_portchannel.py::test_ft_portchannel_with_vlan_variations
2023-12-29 00:47:30,024 T0133: INFO  support post-function-prolog test_ft_portchannel_with_vlan_variations Pass ''
2023-12-29 00:47:30,026 T0134: INFO  #### gw2  switching/test_portchannel.py::test_ft_portchannel_with_vlan_variations
2023-12-29 00:47:30,026 T0134: INFO  support post-function-prolog test_ft_portchannel_with_vlan_variations Pass ''
2023-12-29 00:48:00,666 T0149: INFO  #### gw2  switching/test_portchannel.py::test_ft_portchannel_with_vlan_variations
2023-12-29 00:48:00,666 T0149: INFO  support pre-function-epilog test_ft_portchannel_with_vlan_variations Pass 'Test case passed'
2023-12-29 00:48:00,670 T0150: INFO  #### gw2  switching/test_portchannel.py::test_ft_portchannel_with_vlan_variations
2023-12-29 00:48:00,670 T0150: INFO  support pre-function-epilog test_ft_portchannel_with_vlan_variations Pass 'Test case passed'
2023-12-29 00:48:03,351 T0153: INFO  #### gw2  switching/test_portchannel.py::test_ft_portchannel_with_vlan_variations
2023-12-29 00:48:03,351 T0153: INFO  support post-function-epilog test_ft_portchannel_with_vlan_variations Pass 'Test case passed'
2023-12-29 00:48:03,356 T0154: INFO  #### gw2  switching/test_portchannel.py::test_ft_portchannel_with_vlan_variations
2023-12-29 00:48:03,356 T0154: INFO  support post-function-epilog test_ft_portchannel_with_vlan_variations Pass 'Test case passed'
2023-12-29 00:48:08,800 T0160: INFO  #### gw2  switching/test_portchannel.py
2023-12-29 00:48:08,801 T0160: INFO  support pre-function-prolog test_ft_verify_min_links_functionality_by_flapping_all_member_ports_007  ''
2023-12-29 00:48:08,804 T0161: INFO  #### gw2  switching/test_portchannel.py
2023-12-29 00:48:08,804 T0161: INFO  support pre-function-prolog test_ft_verify_min_links_functionality_by_flapping_all_member_ports_007  ''
2023-12-29 00:48:12,140 T0164: INFO  #### gw2  switching/test_portchannel.py::test_ft_verify_min_links_functionality_by_flapping_all_member_ports_007
2023-12-29 00:48:12,140 T0164: INFO  support post-function-prolog test_ft_verify_min_links_functionality_by_flapping_all_member_ports_007 Pass ''
2023-12-29 00:48:12,143 T0165: INFO  #### gw2  switching/test_portchannel.py::test_ft_verify_min_links_functionality_by_flapping_all_member_ports_007
2023-12-29 00:48:12,144 T0165: INFO  support post-function-prolog test_ft_verify_min_links_functionality_by_flapping_all_member_ports_007 Pass ''
2023-12-29 00:48:13,445 T0167: WARN  #### gw2 IGNORED ERROR switching/test_portchannel.py::test_ft_verify_min_links_functionality_by_flapping_all_member_ports_007
2023-12-29 00:48:13,445 T0167: WARN  Skipped error checking but detected pattern: containing_error command: sudo -s config portchannel add PortChannel7  --min-links 4
2023-12-29 00:48:13,496 T0166: WARN  #### gw2 IGNORED ERROR switching/test_portchannel.py::test_ft_verify_min_links_functionality_by_flapping_all_member_ports_007
2023-12-29 00:48:13,496 T0166: WARN  Skipped error checking but detected pattern: containing_error command: sudo -s config portchannel add PortChannel7  --min-links 4
2023-12-29 00:48:26,620 T0172: INFO  #### gw2  switching/test_portchannel.py::test_ft_verify_min_links_functionality_by_flapping_all_member_ports_007
2023-12-29 00:48:26,621 T0172: INFO  support pre-function-epilog test_ft_verify_min_links_functionality_by_flapping_all_member_ports_007 Pass 'Test case passed'
2023-12-29 00:48:26,625 T0173: INFO  #### gw2  switching/test_portchannel.py::test_ft_verify_min_links_functionality_by_flapping_all_member_ports_007
2023-12-29 00:48:26,625 T0173: INFO  support pre-function-epilog test_ft_verify_min_links_functionality_by_flapping_all_member_ports_007 Pass 'Test case passed'
2023-12-29 00:48:27,919 T0174: WARN  #### gw2 IGNORED ERROR switching/test_portchannel.py::test_ft_verify_min_links_functionality_by_flapping_all_member_ports_007
2023-12-29 00:48:27,919 T0174: WARN  Skipped error checking but detected pattern: containing_error command: sudo -s config portchannel add PortChannel7  --min-links True
2023-12-29 00:48:27,921 T0175: WARN  #### gw2 IGNORED ERROR switching/test_portchannel.py::test_ft_verify_min_links_functionality_by_flapping_all_member_ports_007
2023-12-29 00:48:27,921 T0175: WARN  Skipped error checking but detected pattern: containing_error command: sudo -s config portchannel add PortChannel7  --min-links True
2023-12-29 00:48:27,925 T0176: INFO  #### gw2  switching/test_portchannel.py::test_ft_verify_min_links_functionality_by_flapping_all_member_ports_007
2023-12-29 00:48:27,925 T0176: INFO  support post-function-epilog test_ft_verify_min_links_functionality_by_flapping_all_member_ports_007 Pass 'Test case passed'
2023-12-29 00:48:27,929 T0177: INFO  #### gw2  switching/test_portchannel.py::test_ft_verify_min_links_functionality_by_flapping_all_member_ports_007
2023-12-29 00:48:27,929 T0177: INFO  support post-function-epilog test_ft_verify_min_links_functionality_by_flapping_all_member_ports_007 Pass 'Test case passed'
2023-12-29 00:48:27,961 T0178: WARN  #### gw2  switching/test_portchannel.py::test_ft_verify_min_links_functionality_by_flapping_all_member_ports_007
2023-12-29 00:48:27,961 T0178: WARN  support pre-module-epilog switching/test_portchannel.py pass ''
2023-12-29 00:48:27,963 T0179: WARN  #### gw2  switching/test_portchannel.py::test_ft_verify_min_links_functionality_by_flapping_all_member_ports_007
2023-12-29 00:48:27,963 T0179: WARN  support pre-module-epilog switching/test_portchannel.py pass ''
2023-12-29 00:49:02,242 T0198: ERROR #### gw2 ERROR switching/test_portchannel.py::test_ft_verify_min_links_functionality_by_flapping_all_member_ports_007
2023-12-29 00:49:02,242 T0198: ERROR detected pattern: containing_error executing 'sudo -s config portchannel del PortChannel7'
2023-12-29 00:49:02,296 T0199: ERROR #### gw2 ERROR switching/test_portchannel.py::test_ft_verify_min_links_functionality_by_flapping_all_member_ports_007
2023-12-29 00:49:02,296 T0199: ERROR detected pattern: containing_error executing 'sudo -s config portchannel del PortChannel7'
2023-12-29 00:49:02,301 T0200: WARN  #### gw2  switching/test_portchannel.py::test_ft_verify_min_links_functionality_by_flapping_all_member_ports_007
2023-12-29 00:49:02,301 T0200: WARN  support post-module-epilog switching/test_portchannel.py pass ''
2023-12-29 00:49:02,305 T0201: WARN  #### gw2  switching/test_portchannel.py::test_ft_verify_min_links_functionality_by_flapping_all_member_ports_007
2023-12-29 00:49:02,305 T0201: WARN  support post-module-epilog switching/test_portchannel.py pass ''
2023-12-29 00:53:35,481 T0269: INFO  #### gw2
2023-12-29 00:53:35,482 T0269: INFO  support pre-module-prolog system/test_lldp.py  ''
2023-12-29 00:53:35,484 T0270: INFO  #### gw2
2023-12-29 00:53:35,484 T0270: INFO  support pre-module-prolog system/test_lldp.py  ''
2023-12-29 00:55:34,671 T0287: WARN  #### gw2  system/test_lldp.py
2023-12-29 00:55:34,672 T0287: WARN  support post-module-epilog system/test_lldp.py fail ''
2023-12-29 00:55:34,674 T0288: WARN  #### gw2  system/test_lldp.py
2023-12-29 00:55:34,674 T0288: WARN  support post-module-epilog system/test_lldp.py fail ''
2023-12-29 01:00:05,732 T0356: INFO  #### gw2
2023-12-29 01:00:05,733 T0356: INFO  support pre-module-prolog system/test_interface.py  ''
2023-12-29 01:00:05,736 T0357: INFO  #### gw2
2023-12-29 01:00:05,736 T0357: INFO  support pre-module-prolog system/test_interface.py  ''
2023-12-29 01:00:49,320 T0374: INFO  #### gw2  system/test_interface.py
2023-12-29 01:00:49,320 T0374: INFO  support post-module-prolog system/test_interface.py Pass ''
2023-12-29 01:00:49,322 T0375: INFO  #### gw2  system/test_interface.py
2023-12-29 01:00:49,323 T0375: INFO  support post-module-prolog system/test_interface.py Pass ''
2023-12-29 01:01:22,659 T0399: INFO  #### gw2  system/test_interface.py
2023-12-29 01:01:22,660 T0399: INFO  support pre-function-prolog test_ft_port_fn_verify_shut_noshut  ''
2023-12-29 01:01:22,663 T0400: INFO  #### gw2  system/test_interface.py
2023-12-29 01:01:22,664 T0400: INFO  support pre-function-prolog test_ft_port_fn_verify_shut_noshut  ''
2023-12-29 01:01:22,679 T0401: INFO  #### gw2  system/test_interface.py::test_ft_port_fn_verify_shut_noshut
2023-12-29 01:01:22,679 T0401: INFO  support post-function-prolog test_ft_port_fn_verify_shut_noshut Pass ''
2023-12-29 01:01:22,681 T0402: INFO  #### gw2  system/test_interface.py::test_ft_port_fn_verify_shut_noshut
2023-12-29 01:01:22,681 T0402: INFO  support post-function-prolog test_ft_port_fn_verify_shut_noshut Pass ''
2023-12-29 01:02:17,389 T0403: WARN  #### gw2  system/test_interface.py::test_ft_port_fn_verify_shut_noshut
2023-12-29 01:02:17,390 T0403: WARN  support pre-function-epilog test_ft_port_fn_verify_shut_noshut DUTFail 'Error response from daemon: Container is not running'
2023-12-29 01:02:17,391 T0404: WARN  #### gw2  system/test_interface.py::test_ft_port_fn_verify_shut_noshut
2023-12-29 01:02:17,391 T0404: WARN  support pre-function-epilog test_ft_port_fn_verify_shut_noshut DUTFail 'Error response from daemon: Container is not running'
2023-12-29 01:02:18,327 T0405: WARN  #### gw2  system/test_interface.py::test_ft_port_fn_verify_shut_noshut
2023-12-29 01:02:18,327 T0405: WARN  support post-function-epilog test_ft_port_fn_verify_shut_noshut ignore 'Error response from daemon: Container is not running'
2023-12-29 01:02:18,329 T0406: WARN  #### gw2  system/test_interface.py::test_ft_port_fn_verify_shut_noshut
2023-12-29 01:02:18,329 T0406: WARN  support post-function-epilog test_ft_port_fn_verify_shut_noshut ignore 'Error response from daemon: Container is not running'
2023-12-29 01:02:18,369 T0407: WARN  #### gw2  system/test_interface.py::test_ft_port_fn_verify_shut_noshut
2023-12-29 01:02:18,369 T0407: WARN  support pre-module-epilog system/test_interface.py fail ''
2023-12-29 01:02:18,371 T0408: WARN  #### gw2  system/test_interface.py::test_ft_port_fn_verify_shut_noshut
2023-12-29 01:02:18,371 T0408: WARN  support pre-module-epilog system/test_interface.py fail ''
2023-12-29 01:02:47,632 T0427: WARN  #### gw2  system/test_interface.py::test_ft_port_fn_verify_shut_noshut
2023-12-29 01:02:47,633 T0427: WARN  support post-module-epilog system/test_interface.py fail ''
2023-12-29 01:02:47,636 T0428: WARN  #### gw2  system/test_interface.py::test_ft_port_fn_verify_shut_noshut
2023-12-29 01:02:47,636 T0428: WARN  support post-module-epilog system/test_interface.py fail ''
2023-12-29 01:05:51,620 T0476: WARN  #### gw2  batch/test_spytest_infra_1.py::test_spytest_infra_last
2023-12-29 01:05:51,620 T0476: WARN  support session-epilog session pass ''
2023-12-29 01:05:51,621 T0477: WARN  #### gw2  batch/test_spytest_infra_1.py::test_spytest_infra_last
2023-12-29 01:05:51,622 T0477: WARN  support session-epilog session pass ''
2023-12-29 00:45:15,045 T0025: WARN  #### gw3
2023-12-29 00:45:15,045 T0025: WARN  support post-session-prolog session pass ''
2023-12-29 00:45:15,047 T0026: WARN  #### gw3
2023-12-29 00:45:15,047 T0026: WARN  support post-session-prolog session pass ''
2023-12-29 00:46:06,646 T0079: INFO  #### gw3
2023-12-29 00:46:06,647 T0079: INFO  support pre-module-prolog switching/test_vlan.py  ''
2023-12-29 00:46:06,649 T0080: INFO  #### gw3
2023-12-29 00:46:06,649 T0080: INFO  support pre-module-prolog switching/test_vlan.py  ''
2023-12-29 00:46:40,706 T0098: INFO  #### gw3  switching/test_vlan.py
2023-12-29 00:46:40,706 T0098: INFO  support post-module-prolog switching/test_vlan.py Pass ''
2023-12-29 00:46:40,708 T0099: INFO  #### gw3  switching/test_vlan.py
2023-12-29 00:46:40,708 T0099: INFO  support post-module-prolog switching/test_vlan.py Pass ''
2023-12-29 00:47:14,144 T0123: INFO  #### gw3  switching/test_vlan.py
2023-12-29 00:47:14,145 T0123: INFO  support pre-function-prolog test_ft_add_unknownvlan_interface  ''
2023-12-29 00:47:14,148 T0124: INFO  #### gw3  switching/test_vlan.py
2023-12-29 00:47:14,148 T0124: INFO  support pre-function-prolog test_ft_add_unknownvlan_interface  ''
2023-12-29 00:47:14,159 T0125: INFO  #### gw3  switching/test_vlan.py::test_ft_add_unknownvlan_interface
2023-12-29 00:47:14,160 T0125: INFO  support post-function-prolog test_ft_add_unknownvlan_interface Pass ''
2023-12-29 00:47:14,161 T0126: INFO  #### gw3  switching/test_vlan.py::test_ft_add_unknownvlan_interface
2023-12-29 00:47:14,162 T0126: INFO  support post-function-prolog test_ft_add_unknownvlan_interface Pass ''
2023-12-29 00:47:15,493 T0000: WARN  #### gw3 IGNORED ERROR switching/test_vlan.py::test_ft_add_unknownvlan_interface
2023-12-29 00:47:15,493 T0000: WARN  Skipped error checking but detected pattern: containing_error command: sudo -s config vlan member add 647 Ethernet16 -u
2023-12-29 00:47:18,279 T0127: INFO  #### gw3  switching/test_vlan.py::test_ft_add_unknownvlan_interface
2023-12-29 00:47:18,280 T0127: INFO  support pre-function-epilog test_ft_add_unknownvlan_interface Pass 'Test case passed'
2023-12-29 00:47:18,281 T0128: INFO  #### gw3  switching/test_vlan.py::test_ft_add_unknownvlan_interface
2023-12-29 00:47:18,281 T0128: INFO  support pre-function-epilog test_ft_add_unknownvlan_interface Pass 'Test case passed'
2023-12-29 00:47:18,290 T0129: INFO  #### gw3  switching/test_vlan.py::test_ft_add_unknownvlan_interface
2023-12-29 00:47:18,290 T0129: INFO  support post-function-epilog test_ft_add_unknownvlan_interface Pass 'Test case passed'
2023-12-29 00:47:18,292 T0130: INFO  #### gw3  switching/test_vlan.py::test_ft_add_unknownvlan_interface
2023-12-29 00:47:18,292 T0130: INFO  support post-function-epilog test_ft_add_unknownvlan_interface Pass 'Test case passed'
2023-12-29 00:47:23,798 T0136: INFO  #### gw3  switching/test_vlan.py
2023-12-29 00:47:23,799 T0136: INFO  support pre-function-prolog test_ft_vlan_delete_with_member  ''
2023-12-29 00:47:23,802 T0137: INFO  #### gw3  switching/test_vlan.py
2023-12-29 00:47:23,802 T0137: INFO  support pre-function-prolog test_ft_vlan_delete_with_member  ''
2023-12-29 00:47:23,814 T0138: INFO  #### gw3  switching/test_vlan.py::test_ft_vlan_delete_with_member
2023-12-29 00:47:23,814 T0138: INFO  support post-function-prolog test_ft_vlan_delete_with_member Pass ''
2023-12-29 00:47:23,817 T0139: INFO  #### gw3  switching/test_vlan.py::test_ft_vlan_delete_with_member
2023-12-29 00:47:23,817 T0139: INFO  support post-function-prolog test_ft_vlan_delete_with_member Pass ''
2023-12-29 00:47:27,946 T0000: WARN  #### gw3 IGNORED ERROR switching/test_vlan.py::test_ft_vlan_delete_with_member
2023-12-29 00:47:27,946 T0000: WARN  Skipped error checking but detected pattern: containing_error command: sudo -s config vlan del 647
2023-12-29 00:47:33,572 T0140: INFO  #### gw3  switching/test_vlan.py::test_ft_vlan_delete_with_member
2023-12-29 00:47:33,572 T0140: INFO  support pre-function-epilog test_ft_vlan_delete_with_member Pass 'Test case passed'
2023-12-29 00:47:33,576 T0141: INFO  #### gw3  switching/test_vlan.py::test_ft_vlan_delete_with_member
2023-12-29 00:47:33,576 T0141: INFO  support pre-function-epilog test_ft_vlan_delete_with_member Pass 'Test case passed'
2023-12-29 00:47:33,586 T0142: INFO  #### gw3  switching/test_vlan.py::test_ft_vlan_delete_with_member
2023-12-29 00:47:33,586 T0142: INFO  support post-function-epilog test_ft_vlan_delete_with_member Pass 'Test case passed'
2023-12-29 00:47:33,588 T0143: INFO  #### gw3  switching/test_vlan.py::test_ft_vlan_delete_with_member
2023-12-29 00:47:33,588 T0143: INFO  support post-function-epilog test_ft_vlan_delete_with_member Pass 'Test case passed'
2023-12-29 00:47:39,224 T0149: INFO  #### gw3  switching/test_vlan.py
2023-12-29 00:47:39,225 T0149: INFO  support pre-function-prolog test_ft_vlan_trunk_tagged  ''
2023-12-29 00:47:39,230 T0150: INFO  #### gw3  switching/test_vlan.py
2023-12-29 00:47:39,230 T0150: INFO  support pre-function-prolog test_ft_vlan_trunk_tagged  ''
2023-12-29 00:47:39,243 T0151: INFO  #### gw3  switching/test_vlan.py::test_ft_vlan_trunk_tagged
2023-12-29 00:47:39,243 T0151: INFO  support post-function-prolog test_ft_vlan_trunk_tagged Pass ''
2023-12-29 00:47:39,245 T0152: INFO  #### gw3  switching/test_vlan.py::test_ft_vlan_trunk_tagged
2023-12-29 00:47:39,245 T0152: INFO  support post-function-prolog test_ft_vlan_trunk_tagged Pass ''
2023-12-29 00:49:00,861 T0153: INFO  #### gw3  switching/test_vlan.py::test_ft_vlan_trunk_tagged
2023-12-29 00:49:00,861 T0153: INFO  support pre-function-epilog test_ft_vlan_trunk_tagged Pass 'Test case passed'
2023-12-29 00:49:00,863 T0154: INFO  #### gw3  switching/test_vlan.py::test_ft_vlan_trunk_tagged
2023-12-29 00:49:00,864 T0154: INFO  support pre-function-epilog test_ft_vlan_trunk_tagged Pass 'Test case passed'
2023-12-29 00:49:00,873 T0155: INFO  #### gw3  switching/test_vlan.py::test_ft_vlan_trunk_tagged
2023-12-29 00:49:00,873 T0155: INFO  support post-function-epilog test_ft_vlan_trunk_tagged Pass 'Test case passed'
2023-12-29 00:49:00,875 T0156: INFO  #### gw3  switching/test_vlan.py::test_ft_vlan_trunk_tagged
2023-12-29 00:49:00,875 T0156: INFO  support post-function-epilog test_ft_vlan_trunk_tagged Pass 'Test case passed'
2023-12-29 00:49:06,245 T0162: INFO  #### gw3  switching/test_vlan.py
2023-12-29 00:49:06,245 T0162: INFO  support pre-function-prolog test_ft_vlan_save_config_warm_and_fast_reboot  ''
2023-12-29 00:49:06,249 T0163: INFO  #### gw3  switching/test_vlan.py
2023-12-29 00:49:06,249 T0163: INFO  support pre-function-prolog test_ft_vlan_save_config_warm_and_fast_reboot  ''
2023-12-29 00:49:06,262 T0164: INFO  #### gw3  switching/test_vlan.py::test_ft_vlan_save_config_warm_and_fast_reboot
2023-12-29 00:49:06,263 T0164: INFO  support post-function-prolog test_ft_vlan_save_config_warm_and_fast_reboot Pass ''
2023-12-29 00:49:06,265 T0165: INFO  #### gw3  switching/test_vlan.py::test_ft_vlan_save_config_warm_and_fast_reboot
2023-12-29 00:49:06,265 T0165: INFO  support post-function-prolog test_ft_vlan_save_config_warm_and_fast_reboot Pass ''
2023-12-29 01:00:12,006 T0000: WARN  #### gw3 IGNORED ERROR switching/test_vlan.py::test_ft_vlan_save_config_warm_and_fast_reboot
2023-12-29 01:00:12,006 T0000: WARN  Skipped error checking but detected pattern: containing_python_traceback command: sudo -s fast-reboot
2023-12-29 01:00:19,292 T0000: WARN  #### gw3 IGNORED ERROR switching/test_vlan.py::test_ft_vlan_save_config_warm_and_fast_reboot
2023-12-29 01:00:19,292 T0000: WARN  Skipped error checking but detected pattern: containing_no_response_from_container command: sudo vtysh -c 'show running-config | include hostname'
2023-12-29 01:01:04,160 T0000: ERROR #### gw3 Exception switching/test_vlan.py::test_ft_vlan_save_config_warm_and_fast_reboot
2023-12-29 01:01:04,160 T0000: ERROR Exception TypeError 'NoneType' object is not subscriptable in file /apis/system/basic.py at line 1389
2023-12-29 01:01:04,160 T0000: ERROR [0] /apis/system/basic.py:1389 is_warm_boot_support return bool(platform.lower() in features_support_data[key])
2023-12-29 01:01:04,160 T0000: ERROR [1] /apis/system/reboot.py:83 warm_reboot if (st.getenv("SPYTEST_UNSUPPORT_TD4_WARM_REBOOT") and basic.is_td4_platform(dut)) or basic.is_warm_boot_support(dut, is_support=False):
2023-12-29 01:01:04,160 T0000: ERROR [2] /tests/switching/test_vlan.py:906 test_ft_vlan_save_config_warm_and_fast_reboot reboot.warm_reboot(vars.D1)
2023-12-29 01:01:04,162 T0166: WARN  #### gw3  switching/test_vlan.py::test_ft_vlan_save_config_warm_and_fast_reboot
2023-12-29 01:01:04,162 T0166: WARN  support post-function-epilog test_ft_vlan_save_config_warm_and_fast_reboot ScriptError 'Exception TypeError 'NoneType' object is not subscriptable in file /apis/system/basic.py at line 1389'
2023-12-29 01:01:04,164 T0167: WARN  #### gw3  switching/test_vlan.py::test_ft_vlan_save_config_warm_and_fast_reboot
2023-12-29 01:01:04,164 T0167: WARN  support post-function-epilog test_ft_vlan_save_config_warm_and_fast_reboot ScriptError 'Exception TypeError 'NoneType' object is not subscriptable in file /apis/system/basic.py at line 1389'
2023-12-29 01:01:04,181 T0000: ERROR #### gw3  switching/test_vlan.py::test_ft_vlan_save_config_warm_and_fast_reboot
2023-12-29 01:01:04,181 T0000: ERROR

==================== REMOTE ALERTS ============================
################################################################################
drop the rate from 2000 to 100
################################################################################
################################################################################
drop the rate from 2000 to 100
################################################################################
################################################################################
drop the rate from 2000 to 100
################################################################################
===============================================================


2023-12-29 01:01:04,206 T0168: WARN  #### gw3  switching/test_vlan.py::test_ft_vlan_save_config_warm_and_fast_reboot
2023-12-29 01:01:04,206 T0168: WARN  support pre-module-epilog switching/test_vlan.py fail ''
2023-12-29 01:01:04,209 T0169: WARN  #### gw3  switching/test_vlan.py::test_ft_vlan_save_config_warm_and_fast_reboot
2023-12-29 01:01:04,209 T0169: WARN  support pre-module-epilog switching/test_vlan.py fail ''
2023-12-29 01:01:30,755 T0186: WARN  #### gw3  switching/test_vlan.py::test_ft_vlan_save_config_warm_and_fast_reboot
2023-12-29 01:01:30,755 T0186: WARN  support post-module-epilog switching/test_vlan.py fail ''
2023-12-29 01:01:30,757 T0187: WARN  #### gw3  switching/test_vlan.py::test_ft_vlan_save_config_warm_and_fast_reboot
2023-12-29 01:01:30,758 T0187: WARN  support post-module-epilog switching/test_vlan.py fail ''
2023-12-29 01:06:05,495 T0249: INFO  #### gw3
2023-12-29 01:06:05,495 T0249: INFO  support pre-module-prolog system/test_ssh.py  ''
2023-12-29 01:06:05,498 T0250: INFO  #### gw3
2023-12-29 01:06:05,498 T0250: INFO  support pre-module-prolog system/test_ssh.py  ''
2023-12-29 01:06:43,341 T0277: INFO  #### gw3  system/test_ssh.py
2023-12-29 01:06:43,342 T0277: INFO  support post-module-prolog system/test_ssh.py Pass ''
2023-12-29 01:06:43,347 T0278: INFO  #### gw3  system/test_ssh.py
2023-12-29 01:06:43,347 T0278: INFO  support post-module-prolog system/test_ssh.py Pass ''
2023-12-29 01:07:16,751 T0302: INFO  #### gw3  system/test_ssh.py
2023-12-29 01:07:16,752 T0302: INFO  support pre-function-prolog test_ft_ssh_service_disable  ''
2023-12-29 01:07:16,757 T0303: INFO  #### gw3  system/test_ssh.py
2023-12-29 01:07:16,757 T0303: INFO  support pre-function-prolog test_ft_ssh_service_disable  ''
2023-12-29 01:07:16,771 T0304: INFO  #### gw3  system/test_ssh.py::test_ft_ssh_service_disable
2023-12-29 01:07:16,771 T0304: INFO  support post-function-prolog test_ft_ssh_service_disable Pass ''
2023-12-29 01:07:16,773 T0305: INFO  #### gw3  system/test_ssh.py::test_ft_ssh_service_disable
2023-12-29 01:07:16,773 T0305: INFO  support post-function-prolog test_ft_ssh_service_disable Pass ''
2023-12-29 01:07:19,580 T0306: INFO  #### gw3  system/test_ssh.py::test_ft_ssh_service_disable
2023-12-29 01:07:19,580 T0306: INFO  support pre-function-epilog test_ft_ssh_service_disable Pass 'Test case passed'
2023-12-29 01:07:19,582 T0307: INFO  #### gw3  system/test_ssh.py::test_ft_ssh_service_disable
2023-12-29 01:07:19,582 T0307: INFO  support pre-function-epilog test_ft_ssh_service_disable Pass 'Test case passed'
2023-12-29 01:07:19,595 T0308: INFO  #### gw3  system/test_ssh.py::test_ft_ssh_service_disable
2023-12-29 01:07:19,597 T0309: INFO  #### gw3  system/test_ssh.py::test_ft_ssh_service_disable
2023-12-29 01:07:19,597 T0308: INFO  support post-function-epilog test_ft_ssh_service_disable Pass 'Test case passed'
2023-12-29 01:07:19,597 T0309: INFO  support post-function-epilog test_ft_ssh_service_disable Pass 'Test case passed'
2023-12-29 01:07:25,067 T0315: INFO  #### gw3  system/test_ssh.py
2023-12-29 01:07:25,068 T0315: INFO  support pre-function-prolog test_ft_ssh_add_user_verify  ''
2023-12-29 01:07:25,071 T0316: INFO  #### gw3  system/test_ssh.py
2023-12-29 01:07:25,071 T0316: INFO  support pre-function-prolog test_ft_ssh_add_user_verify  ''
2023-12-29 01:07:25,086 T0317: INFO  #### gw3  system/test_ssh.py::test_ft_ssh_add_user_verify
2023-12-29 01:07:25,087 T0317: INFO  support post-function-prolog test_ft_ssh_add_user_verify Pass ''
2023-12-29 01:07:25,088 T0318: INFO  #### gw3  system/test_ssh.py::test_ft_ssh_add_user_verify
2023-12-29 01:07:25,089 T0318: INFO  support post-function-prolog test_ft_ssh_add_user_verify Pass ''
2023-12-29 01:13:37,717 T0000: WARN  #### gw3 IGNORED ERROR system/test_ssh.py::test_ft_ssh_add_user_verify
2023-12-29 01:13:37,717 T0000: WARN  Skipped error checking but detected pattern: containing_python_traceback command: sudo -s fast-reboot
2023-12-29 01:13:45,102 T0000: WARN  #### gw3 IGNORED ERROR system/test_ssh.py::test_ft_ssh_add_user_verify
2023-12-29 01:13:45,102 T0000: WARN  Skipped error checking but detected pattern: containing_no_response_from_container command: sudo vtysh -c 'show running-config | include hostname'
2023-12-29 01:15:41,477 T0325: INFO  #### gw3  system/test_ssh.py::test_ft_ssh_add_user_verify
2023-12-29 01:15:41,478 T0325: INFO  support testcase test_ft_controlplane_acl_service_sshv4 Pass 'SSH failed'
2023-12-29 01:15:41,479 T0326: INFO  #### gw3  system/test_ssh.py::test_ft_ssh_add_user_verify
2023-12-29 01:15:41,480 T0326: INFO  support testcase test_ft_controlplane_acl_service_sshv4 Pass 'SSH failed'
2023-12-29 01:15:41,488 T0327: INFO  #### gw3  system/test_ssh.py::test_ft_ssh_add_user_verify
2023-12-29 01:15:41,488 T0327: INFO  support testcase test_ft_controlplane_acl_service_sshv6 Pass 'SSH failed'
2023-12-29 01:15:41,490 T0328: INFO  #### gw3  system/test_ssh.py::test_ft_ssh_add_user_verify
2023-12-29 01:15:41,490 T0328: INFO  support testcase test_ft_controlplane_acl_service_sshv6 Pass 'SSH failed'
2023-12-29 01:15:41,497 T0329: WARN  #### gw3  system/test_ssh.py::test_ft_ssh_add_user_verify
2023-12-29 01:15:41,497 T0329: WARN  support testcase test_ft_controlplane_acl_service_snmp Fail 'SNMP output is not found after walk of with control plane ACL service SNMP after reboot OID'
2023-12-29 01:15:41,499 T0330: WARN  #### gw3  system/test_ssh.py::test_ft_ssh_add_user_verify
2023-12-29 01:15:41,499 T0330: WARN  support testcase test_ft_controlplane_acl_service_snmp Fail 'SNMP output is not found after walk of with control plane ACL service SNMP after reboot OID'
2023-12-29 01:17:44,779 T0335: WARN  #### gw3  system/test_ssh.py::test_ft_ssh_add_user_verify
2023-12-29 01:17:44,779 T0335: WARN  support pre-function-epilog test_ft_ssh_add_user_verify Fail 'Test case Failed.'
2023-12-29 01:17:44,781 T0336: WARN  #### gw3  system/test_ssh.py::test_ft_ssh_add_user_verify
2023-12-29 01:17:44,781 T0336: WARN  support pre-function-epilog test_ft_ssh_add_user_verify Fail 'Test case Failed.'
2023-12-29 01:17:45,177 T0337: WARN  #### gw3  system/test_ssh.py::test_ft_ssh_add_user_verify
2023-12-29 01:17:45,177 T0337: WARN  support post-function-epilog test_ft_ssh_add_user_verify ignore 'Test case Failed.'
2023-12-29 01:17:45,178 T0338: WARN  #### gw3  system/test_ssh.py::test_ft_ssh_add_user_verify
2023-12-29 01:17:45,179 T0338: WARN  support post-function-epilog test_ft_ssh_add_user_verify ignore 'Test case Failed.'
2023-12-29 01:17:50,749 T0344: INFO  #### gw3  system/test_ssh.py
2023-12-29 01:17:50,750 T0344: INFO  support pre-function-prolog test_ft_verify_logs_at_the_time_of_ssh_login_success  ''
2023-12-29 01:17:50,752 T0345: INFO  #### gw3  system/test_ssh.py
2023-12-29 01:17:50,753 T0345: INFO  support pre-function-prolog test_ft_verify_logs_at_the_time_of_ssh_login_success  ''
2023-12-29 01:17:50,771 T0346: INFO  #### gw3  system/test_ssh.py::test_ft_verify_logs_at_the_time_of_ssh_login_success
2023-12-29 01:17:50,771 T0346: INFO  support post-function-prolog test_ft_verify_logs_at_the_time_of_ssh_login_success Pass ''
2023-12-29 01:17:50,774 T0347: INFO  #### gw3  system/test_ssh.py::test_ft_verify_logs_at_the_time_of_ssh_login_success
2023-12-29 01:17:50,774 T0347: INFO  support post-function-prolog test_ft_verify_logs_at_the_time_of_ssh_login_success Pass ''
2023-12-29 01:18:10,968 T0350: INFO  #### gw3  system/test_ssh.py::test_ft_verify_logs_at_the_time_of_ssh_login_success
2023-12-29 01:18:10,968 T0350: INFO  support pre-function-epilog test_ft_verify_logs_at_the_time_of_ssh_login_success Pass 'Test case passed'
2023-12-29 01:18:10,970 T0351: INFO  #### gw3  system/test_ssh.py::test_ft_verify_logs_at_the_time_of_ssh_login_success
2023-12-29 01:18:10,971 T0351: INFO  support pre-function-epilog test_ft_verify_logs_at_the_time_of_ssh_login_success Pass 'Test case passed'
2023-12-29 01:18:10,982 T0352: INFO  #### gw3  system/test_ssh.py::test_ft_verify_logs_at_the_time_of_ssh_login_success
2023-12-29 01:18:10,983 T0352: INFO  support post-function-epilog test_ft_verify_logs_at_the_time_of_ssh_login_success Pass 'Test case passed'
2023-12-29 01:18:10,984 T0353: INFO  #### gw3  system/test_ssh.py::test_ft_verify_logs_at_the_time_of_ssh_login_success
2023-12-29 01:18:10,985 T0353: INFO  support post-function-epilog test_ft_verify_logs_at_the_time_of_ssh_login_success Pass 'Test case passed'
2023-12-29 01:18:11,026 T0354: WARN  #### gw3  system/test_ssh.py::test_ft_verify_logs_at_the_time_of_ssh_login_success
2023-12-29 01:18:11,026 T0354: WARN  support pre-module-epilog system/test_ssh.py fail ''
2023-12-29 01:18:11,028 T0355: WARN  #### gw3  system/test_ssh.py::test_ft_verify_logs_at_the_time_of_ssh_login_success
2023-12-29 01:18:11,028 T0355: WARN  support pre-module-epilog system/test_ssh.py fail ''
2023-12-29 01:19:02,971 T0380: WARN  #### gw3  system/test_ssh.py::test_ft_verify_logs_at_the_time_of_ssh_login_success
2023-12-29 01:19:02,971 T0380: WARN  support post-module-epilog system/test_ssh.py fail ''
2023-12-29 01:19:02,973 T0381: WARN  #### gw3  system/test_ssh.py::test_ft_verify_logs_at_the_time_of_ssh_login_success
2023-12-29 01:19:02,973 T0381: WARN  support post-module-epilog system/test_ssh.py fail ''
2023-12-29 01:21:08,253 T0429: WARN  #### gw3  batch/test_spytest_infra_1.py::test_spytest_infra_last
2023-12-29 01:21:08,254 T0429: WARN  support session-epilog session pass ''
2023-12-29 01:21:08,255 T0430: WARN  #### gw3  batch/test_spytest_infra_1.py::test_spytest_infra_last
2023-12-29 01:21:08,255 T0430: WARN  support session-epilog session pass ''