2023-12-26 03:14:21,719 T0000: WARN  #### gw5  
2023-12-26 03:14:21,719 T0000: WARN  support post-session-prolog session pass ''
2023-12-26 03:15:08,513 T0000: INFO  #### gw5  
2023-12-26 03:15:08,513 T0000: INFO  support pre-module-prolog system/test_ntp.py  ''
2023-12-26 03:15:32,133 T0000: INFO  #### gw5  system/test_ntp.py
2023-12-26 03:15:32,133 T0000: INFO  support post-module-prolog system/test_ntp.py Pass ''
2023-12-26 03:16:03,035 T0000: INFO  #### gw5  system/test_ntp.py
2023-12-26 03:16:03,035 T0000: INFO  support pre-function-prolog test_ft_ntp_disable_enable_with_message_log  ''
2023-12-26 03:16:03,049 T0000: INFO  #### gw5  system/test_ntp.py::test_ft_ntp_disable_enable_with_message_log
2023-12-26 03:16:03,049 T0000: INFO  support post-function-prolog test_ft_ntp_disable_enable_with_message_log Pass ''
2023-12-26 03:21:05,594 T0000: INFO  #### gw5  system/test_ntp.py::test_ft_ntp_disable_enable_with_message_log
2023-12-26 03:21:05,594 T0000: INFO  support pre-function-epilog test_ft_ntp_disable_enable_with_message_log Pass 'Test case passed'
2023-12-26 03:21:05,600 T0000: INFO  #### gw5  system/test_ntp.py::test_ft_ntp_disable_enable_with_message_log
2023-12-26 03:21:05,600 T0000: INFO  support post-function-epilog test_ft_ntp_disable_enable_with_message_log Pass 'Test case passed'
2023-12-26 03:21:10,110 T0000: INFO  #### gw5  system/test_ntp.py
2023-12-26 03:21:10,110 T0000: INFO  support pre-function-prolog test_ntp_exists_config  ''
2023-12-26 03:21:10,123 T0000: INFO  #### gw5  system/test_ntp.py::test_ntp_exists_config
2023-12-26 03:21:10,123 T0000: INFO  support post-function-prolog test_ntp_exists_config Pass ''
2023-12-26 03:21:16,032 T0000: INFO  #### gw5  system/test_ntp.py::test_ntp_exists_config
2023-12-26 03:21:16,032 T0000: INFO  support pre-function-epilog test_ntp_exists_config Pass 'Test case passed'
2023-12-26 03:21:16,036 T0000: INFO  #### gw5  system/test_ntp.py::test_ntp_exists_config
2023-12-26 03:21:16,036 T0000: INFO  support post-function-epilog test_ntp_exists_config Pass 'Test case passed'
2023-12-26 03:21:16,057 T0000: WARN  #### gw5  system/test_ntp.py::test_ntp_exists_config
2023-12-26 03:21:16,057 T0000: WARN  support pre-module-epilog system/test_ntp.py pass ''
2023-12-26 03:21:39,585 T0000: WARN  #### gw5  system/test_ntp.py::test_ntp_exists_config
2023-12-26 03:21:39,585 T0000: WARN  support post-module-epilog system/test_ntp.py pass ''
2023-12-26 03:23:51,125 T0000: INFO  #### gw5  
2023-12-26 03:23:51,125 T0000: INFO  support pre-module-prolog security/test_tacacs.py  ''
2023-12-26 03:24:18,819 T0000: INFO  #### gw5  security/test_tacacs.py
2023-12-26 03:24:18,819 T0000: INFO  support post-module-prolog security/test_tacacs.py Pass ''
2023-12-26 03:24:49,779 T0000: INFO  #### gw5  security/test_tacacs.py
2023-12-26 03:24:49,779 T0000: INFO  support pre-function-prolog test_ft_tacacs_ssh_login_with_tacacs_operations  ''
2023-12-26 03:24:49,796 T0000: INFO  #### gw5  security/test_tacacs.py::test_ft_tacacs_ssh_login_with_tacacs_operations
2023-12-26 03:24:49,796 T0000: INFO  support post-function-prolog test_ft_tacacs_ssh_login_with_tacacs_operations Pass ''
2023-12-26 03:24:50,497 T0000: WARN  #### gw5  security/test_tacacs.py::test_ft_tacacs_ssh_login_with_tacacs_operations
2023-12-26 03:24:50,497 T0000: WARN  support pre-function-epilog test_ft_tacacs_ssh_login_with_tacacs_operations Fail 'PAM file is not created'
2023-12-26 03:24:50,857 T0000: WARN  #### gw5  security/test_tacacs.py::test_ft_tacacs_ssh_login_with_tacacs_operations
2023-12-26 03:24:50,857 T0000: WARN  support post-function-epilog test_ft_tacacs_ssh_login_with_tacacs_operations ignore 'PAM file is not created'
2023-12-26 03:24:50,891 T0000: WARN  #### gw5  security/test_tacacs.py::test_ft_tacacs_ssh_login_with_tacacs_operations
2023-12-26 03:24:50,891 T0000: WARN  support pre-module-epilog security/test_tacacs.py fail ''
2023-12-26 03:25:29,326 T0000: WARN  #### gw5  security/test_tacacs.py::test_ft_tacacs_ssh_login_with_tacacs_operations
2023-12-26 03:25:29,326 T0000: WARN  support post-module-epilog security/test_tacacs.py fail ''
2023-12-26 03:27:03,461 T0000: WARN  #### gw5  batch/test_spytest_infra_1.py::test_spytest_infra_last
2023-12-26 03:27:03,461 T0000: WARN  support session-epilog session pass ''
