2024-01-03 03:11:44.591487 = START
2024-01-03 03:11:45.659786 = device connections start
2024-01-03 03:12:18.815698 = device connections finish
2024-01-03 03:12:18.819849 = session init start
2024-01-03 03:14:27.519777 = report file generation start
2024-01-03 03:14:27.601376 = report file generation end
2024-01-03 03:14:51.139928 = session init end
2024-01-03 03:14:51.141828 = Framework Module Hook Start
2024-01-03 03:14:51.553266 = module test_spytest_infra_1.py init start
2024-01-03 03:14:55.414968 = module test_spytest_infra_1.py init end
2024-01-03 03:14:55.415698 = Framework Module Hook end
2024-01-03 03:14:55.416519 = Framework Function Hook Start
2024-01-03 03:14:58.503236 = function batch/test_spytest_infra_1.py::test_spytest_infra_first init start
2024-01-03 03:15:02.749383 = function batch/test_spytest_infra_1.py::test_spytest_infra_first init end
2024-01-03 03:15:02.750324 = Framework Function Hook end
2024-01-03 03:15:02.753558 = Module Config Time (2024-01-03 03:14:51.141897 - 2024-01-03 03:14:55.417290) Published
2024-01-03 03:15:02.756800 = function batch/test_spytest_infra_1.py::test_spytest_infra_first clean start
2024-01-03 03:15:02.767025 = Test Time (2024-01-03 03:14:58.503325 - 2024-01-03 03:15:02.767018) Published
2024-01-03 03:15:02.772279 = function batch/test_spytest_infra_1.py::test_spytest_infra_first clean end
2024-01-03 03:15:02.772545 = Framework Function Hook Finalize
2024-01-03 03:15:02.902696 = Framework Function Hook Start
2024-01-03 03:15:02.903321 = function batch/test_spytest_infra_1.py::test_spytest_infra_second init start
2024-01-03 03:15:07.257277 = function batch/test_spytest_infra_1.py::test_spytest_infra_second init end
2024-01-03 03:15:07.258272 = Framework Function Hook end
2024-01-03 03:15:07.261902 = function batch/test_spytest_infra_1.py::test_spytest_infra_second clean start
2024-01-03 03:15:07.273706 = Test Time (2024-01-03 03:15:02.903425 - 2024-01-03 03:15:07.273699) Published
2024-01-03 03:15:07.278579 = function batch/test_spytest_infra_1.py::test_spytest_infra_second clean end
2024-01-03 03:15:07.278882 = Framework Function Hook Finalize
2024-01-03 03:15:07.279055 = module test_spytest_infra_1.py clean start
2024-01-03 03:15:09.606642 = report file generation start
2024-01-03 03:15:09.739077 = report file generation end
2024-01-03 03:15:09.744361 = module test_spytest_infra_1.py clean end
2024-01-03 03:15:09.745349 = Framework Module Hook Finalize
2024-01-03 03:15:09.749140 = Framework Module Hook Start
2024-01-03 03:15:10.164632 = module test_snmp.py init start
2024-01-03 03:15:37.522429 = module test_snmp.py init end
2024-01-03 03:15:37.522814 = Framework Module Hook end
2024-01-03 03:15:37.523149 = User Module system/test_snmp.py Hook Start
2024-01-03 03:16:52.500927 = User Module system/test_snmp.py Hook end
2024-01-03 03:16:52.501601 = Framework Function Hook Start
2024-01-03 03:17:19.042846 = function system/test_snmp.py::test_ft_snmp_sysName init start
2024-01-03 03:17:23.463888 = function system/test_snmp.py::test_ft_snmp_sysName init end
2024-01-03 03:17:23.464384 = Framework Function Hook end
2024-01-03 03:17:23.465050 = User Function system/test_snmp.py::test_ft_snmp_sysName Hook Start
2024-01-03 03:17:23.467545 = User Function system/test_snmp.py::test_ft_snmp_sysName Hook end
2024-01-03 03:17:23.468637 = Module Config Time (2024-01-03 03:15:09.749203 - 2024-01-03 03:16:52.501695) Published
2024-01-03 03:17:24.558118 = User Function system/test_snmp.py::test_ft_snmp_sysName Hook Finalize
2024-01-03 03:17:24.558312 = function system/test_snmp.py::test_ft_snmp_sysName clean start
2024-01-03 03:17:24.586208 = Test Time (2024-01-03 03:17:19.043005 - 2024-01-03 03:17:24.586199) Published
2024-01-03 03:17:24.591666 = function system/test_snmp.py::test_ft_snmp_sysName clean end
2024-01-03 03:17:24.591969 = Framework Function Hook Finalize
2024-01-03 03:17:24.592918 = Framework Function Hook Start
2024-01-03 03:17:24.593320 = function system/test_snmp.py::test_ft_snmp_test_syUpTime init start
2024-01-03 03:17:29.061431 = function system/test_snmp.py::test_ft_snmp_test_syUpTime init end
2024-01-03 03:17:29.061832 = Framework Function Hook end
2024-01-03 03:17:29.062165 = User Function system/test_snmp.py::test_ft_snmp_test_syUpTime Hook Start
2024-01-03 03:17:29.065192 = User Function system/test_snmp.py::test_ft_snmp_test_syUpTime Hook end
2024-01-03 03:17:30.217985 = User Function system/test_snmp.py::test_ft_snmp_test_syUpTime Hook Finalize
2024-01-03 03:17:30.218163 = function system/test_snmp.py::test_ft_snmp_test_syUpTime clean start
2024-01-03 03:17:30.234562 = Test Time (2024-01-03 03:17:24.593384 - 2024-01-03 03:17:30.234554) Published
2024-01-03 03:17:30.239913 = function system/test_snmp.py::test_ft_snmp_test_syUpTime clean end
2024-01-03 03:17:30.240190 = Framework Function Hook Finalize
2024-01-03 03:17:30.241360 = Framework Function Hook Start
2024-01-03 03:17:30.241738 = function system/test_snmp.py::test_ft_snmp_sysDescr init start
2024-01-03 03:17:34.649992 = function system/test_snmp.py::test_ft_snmp_sysDescr init end
2024-01-03 03:17:34.650330 = Framework Function Hook end
2024-01-03 03:17:34.650625 = User Function system/test_snmp.py::test_ft_snmp_sysDescr Hook Start
2024-01-03 03:17:34.653157 = User Function system/test_snmp.py::test_ft_snmp_sysDescr Hook end
2024-01-03 03:17:37.794765 = User Function system/test_snmp.py::test_ft_snmp_sysDescr Hook Finalize
2024-01-03 03:17:37.794963 = function system/test_snmp.py::test_ft_snmp_sysDescr clean start
2024-01-03 03:17:37.810780 = Test Time (2024-01-03 03:17:30.241797 - 2024-01-03 03:17:37.810772) Published
2024-01-03 03:17:37.815889 = function system/test_snmp.py::test_ft_snmp_sysDescr clean end
2024-01-03 03:17:37.816172 = Framework Function Hook Finalize
2024-01-03 03:17:37.817184 = Framework Function Hook Start
2024-01-03 03:17:37.817591 = function system/test_snmp.py::test_ft_snmp_mib_2 init start
2024-01-03 03:17:42.230121 = function system/test_snmp.py::test_ft_snmp_mib_2 init end
2024-01-03 03:17:42.230494 = Framework Function Hook end
2024-01-03 03:17:42.230801 = User Function system/test_snmp.py::test_ft_snmp_mib_2 Hook Start
2024-01-03 03:17:42.233320 = User Function system/test_snmp.py::test_ft_snmp_mib_2 Hook end
2024-01-03 03:17:48.506166 = User Function system/test_snmp.py::test_ft_snmp_mib_2 Hook Finalize
2024-01-03 03:17:48.506445 = function system/test_snmp.py::test_ft_snmp_mib_2 clean start
2024-01-03 03:17:48.582957 = Test Time (2024-01-03 03:17:37.817651 - 2024-01-03 03:17:48.582947) Published
2024-01-03 03:17:48.588006 = function system/test_snmp.py::test_ft_snmp_mib_2 clean end
2024-01-03 03:17:48.588315 = Framework Function Hook Finalize
2024-01-03 03:17:48.589261 = Framework Function Hook Start
2024-01-03 03:17:48.589649 = function system/test_snmp.py::test_ft_snmp_if_mib_all init start
2024-01-03 03:17:52.956926 = function system/test_snmp.py::test_ft_snmp_if_mib_all init end
2024-01-03 03:17:52.957409 = Framework Function Hook end
2024-01-03 03:17:52.957988 = User Function system/test_snmp.py::test_ft_snmp_if_mib_all Hook Start
2024-01-03 03:17:52.960345 = User Function system/test_snmp.py::test_ft_snmp_if_mib_all Hook end
2024-01-03 03:17:53.122253 = User Function system/test_snmp.py::test_ft_snmp_if_mib_all Hook Finalize
2024-01-03 03:17:53.122549 = function system/test_snmp.py::test_ft_snmp_if_mib_all clean start
2024-01-03 03:17:53.139274 = Test Time (2024-01-03 03:17:48.589709 - 2024-01-03 03:17:53.139266) Published
2024-01-03 03:17:53.145035 = function system/test_snmp.py::test_ft_snmp_if_mib_all clean end
2024-01-03 03:17:53.145371 = Framework Function Hook Finalize
2024-01-03 03:17:53.147033 = Framework Function Hook Start
2024-01-03 03:17:53.147450 = function system/test_snmp.py::test_ft_snmp_entity_mib_all init start
2024-01-03 03:17:57.558665 = function system/test_snmp.py::test_ft_snmp_entity_mib_all init end
2024-01-03 03:17:57.559093 = Framework Function Hook end
2024-01-03 03:17:57.559519 = User Function system/test_snmp.py::test_ft_snmp_entity_mib_all Hook Start
2024-01-03 03:17:57.563058 = User Function system/test_snmp.py::test_ft_snmp_entity_mib_all Hook end
2024-01-03 03:17:57.616688 = User Function system/test_snmp.py::test_ft_snmp_entity_mib_all Hook Finalize
2024-01-03 03:17:57.616889 = function system/test_snmp.py::test_ft_snmp_entity_mib_all clean start
2024-01-03 03:17:57.634673 = Test Time (2024-01-03 03:17:53.147510 - 2024-01-03 03:17:57.634666) Published
2024-01-03 03:17:57.639761 = function system/test_snmp.py::test_ft_snmp_entity_mib_all clean end
2024-01-03 03:17:57.640025 = Framework Function Hook Finalize
2024-01-03 03:17:57.641127 = Framework Function Hook Start
2024-01-03 03:17:57.641533 = function system/test_snmp.py::test_ft_snmp_dot1q_dot1db_mib init start
2024-01-03 03:18:02.139740 = function system/test_snmp.py::test_ft_snmp_dot1q_dot1db_mib init end
2024-01-03 03:18:02.140922 = Framework Function Hook end
2024-01-03 03:18:02.141770 = User Function system/test_snmp.py::test_ft_snmp_dot1q_dot1db_mib Hook Start
2024-01-03 03:18:02.149286 = User Function system/test_snmp.py::test_ft_snmp_dot1q_dot1db_mib Hook end
2024-01-03 03:18:02.248514 = User Function system/test_snmp.py::test_ft_snmp_dot1q_dot1db_mib Hook Finalize
2024-01-03 03:18:02.248904 = function system/test_snmp.py::test_ft_snmp_dot1q_dot1db_mib clean start
2024-01-03 03:18:02.266324 = Test Time (2024-01-03 03:17:57.641594 - 2024-01-03 03:18:02.266316) Published
2024-01-03 03:18:02.271499 = function system/test_snmp.py::test_ft_snmp_dot1q_dot1db_mib clean end
2024-01-03 03:18:02.271784 = Framework Function Hook Finalize
2024-01-03 03:18:02.273004 = Framework Function Hook Start
2024-01-03 03:18:02.273416 = function system/test_snmp.py::test_ft_snmp_root_node_walk init start
2024-01-03 03:18:06.761450 = function system/test_snmp.py::test_ft_snmp_root_node_walk init end
2024-01-03 03:18:06.762288 = Framework Function Hook end
2024-01-03 03:18:06.763043 = User Function system/test_snmp.py::test_ft_snmp_root_node_walk Hook Start
2024-01-03 03:18:06.767000 = User Function system/test_snmp.py::test_ft_snmp_root_node_walk Hook end
2024-01-03 03:18:18.411205 = User Function system/test_snmp.py::test_ft_snmp_root_node_walk Hook Finalize
2024-01-03 03:18:18.411570 = function system/test_snmp.py::test_ft_snmp_root_node_walk clean start
2024-01-03 03:18:18.443495 = Test Time (2024-01-03 03:18:02.273475 - 2024-01-03 03:18:18.443485) Published
2024-01-03 03:18:18.448924 = function system/test_snmp.py::test_ft_snmp_root_node_walk clean end
2024-01-03 03:18:18.449313 = Framework Function Hook Finalize
2024-01-03 03:18:18.450751 = Framework Function Hook Start
2024-01-03 03:18:18.451250 = function system/test_snmp.py::test_ft_snmp_ipAddressRowStatus_ipv6 init start
2024-01-03 03:18:22.925957 = function system/test_snmp.py::test_ft_snmp_ipAddressRowStatus_ipv6 init end
2024-01-03 03:18:22.926951 = Framework Function Hook end
2024-01-03 03:18:22.927777 = User Function system/test_snmp.py::test_ft_snmp_ipAddressRowStatus_ipv6 Hook Start
2024-01-03 03:18:22.931286 = User Function system/test_snmp.py::test_ft_snmp_ipAddressRowStatus_ipv6 Hook end
2024-01-03 03:18:28.710757 = User Function system/test_snmp.py::test_ft_snmp_ipAddressRowStatus_ipv6 Hook Finalize
2024-01-03 03:18:28.710944 = function system/test_snmp.py::test_ft_snmp_ipAddressRowStatus_ipv6 clean start
2024-01-03 03:18:28.724023 = Test Time (2024-01-03 03:18:18.451312 - 2024-01-03 03:18:28.724015) Published
2024-01-03 03:18:28.729401 = function system/test_snmp.py::test_ft_snmp_ipAddressRowStatus_ipv6 clean end
2024-01-03 03:18:28.729699 = Framework Function Hook Finalize
2024-01-03 03:18:28.730794 = Framework Function Hook Start
2024-01-03 03:18:28.731201 = function system/test_snmp.py::test_ft_snmp_ipAddressStorageType_ipv6 init start
2024-01-03 03:18:33.114356 = function system/test_snmp.py::test_ft_snmp_ipAddressStorageType_ipv6 init end
2024-01-03 03:18:33.114937 = Framework Function Hook end
2024-01-03 03:18:33.115686 = User Function system/test_snmp.py::test_ft_snmp_ipAddressStorageType_ipv6 Hook Start
2024-01-03 03:18:33.118912 = User Function system/test_snmp.py::test_ft_snmp_ipAddressStorageType_ipv6 Hook end
2024-01-03 03:18:33.152804 = User Function system/test_snmp.py::test_ft_snmp_ipAddressStorageType_ipv6 Hook Finalize
2024-01-03 03:18:33.153188 = function system/test_snmp.py::test_ft_snmp_ipAddressStorageType_ipv6 clean start
2024-01-03 03:18:33.170120 = Test Time (2024-01-03 03:18:28.731264 - 2024-01-03 03:18:33.170112) Published
2024-01-03 03:18:33.175357 = function system/test_snmp.py::test_ft_snmp_ipAddressStorageType_ipv6 clean end
2024-01-03 03:18:33.175630 = Framework Function Hook Finalize
2024-01-03 03:18:33.176686 = Framework Function Hook Start
2024-01-03 03:18:33.177093 = function system/test_snmp.py::test_ft_snmp_ipv6_If_Forward_default_HopLimit init start
2024-01-03 03:18:37.540643 = function system/test_snmp.py::test_ft_snmp_ipv6_If_Forward_default_HopLimit init end
2024-01-03 03:18:37.541347 = Framework Function Hook end
2024-01-03 03:18:37.541646 = User Function system/test_snmp.py::test_ft_snmp_ipv6_If_Forward_default_HopLimit Hook Start
2024-01-03 03:18:37.544119 = User Function system/test_snmp.py::test_ft_snmp_ipv6_If_Forward_default_HopLimit Hook end
2024-01-03 03:18:37.587729 = User Function system/test_snmp.py::test_ft_snmp_ipv6_If_Forward_default_HopLimit Hook Finalize
2024-01-03 03:18:37.588121 = function system/test_snmp.py::test_ft_snmp_ipv6_If_Forward_default_HopLimit clean start
2024-01-03 03:18:37.604330 = Test Time (2024-01-03 03:18:33.177171 - 2024-01-03 03:18:37.604323) Published
2024-01-03 03:18:37.609590 = function system/test_snmp.py::test_ft_snmp_ipv6_If_Forward_default_HopLimit clean end
2024-01-03 03:18:37.609872 = Framework Function Hook Finalize
2024-01-03 03:18:37.610896 = Framework Function Hook Start
2024-01-03 03:18:37.611279 = function system/test_snmp.py::test_ft_snmp_ipv6scope_index_table init start
2024-01-03 03:18:41.989775 = function system/test_snmp.py::test_ft_snmp_ipv6scope_index_table init end
2024-01-03 03:18:41.990848 = Framework Function Hook end
2024-01-03 03:18:41.991670 = User Function system/test_snmp.py::test_ft_snmp_ipv6scope_index_table Hook Start
2024-01-03 03:18:41.999744 = User Function system/test_snmp.py::test_ft_snmp_ipv6scope_index_table Hook end
2024-01-03 03:18:42.060677 = User Function system/test_snmp.py::test_ft_snmp_ipv6scope_index_table Hook Finalize
2024-01-03 03:18:42.060887 = function system/test_snmp.py::test_ft_snmp_ipv6scope_index_table clean start
2024-01-03 03:18:42.076039 = Test Time (2024-01-03 03:18:37.611340 - 2024-01-03 03:18:42.076032) Published
2024-01-03 03:18:42.081248 = function system/test_snmp.py::test_ft_snmp_ipv6scope_index_table clean end
2024-01-03 03:18:42.081531 = Framework Function Hook Finalize
2024-01-03 03:18:42.082589 = Framework Function Hook Start
2024-01-03 03:18:42.083001 = function system/test_snmp.py::test_ft_snmp_ip_forward_table init start
2024-01-03 03:18:46.446395 = function system/test_snmp.py::test_ft_snmp_ip_forward_table init end
2024-01-03 03:18:46.447236 = Framework Function Hook end
2024-01-03 03:18:46.447994 = User Function system/test_snmp.py::test_ft_snmp_ip_forward_table Hook Start
2024-01-03 03:18:46.451348 = User Function system/test_snmp.py::test_ft_snmp_ip_forward_table Hook end
2024-01-03 03:18:49.127597 = User Function system/test_snmp.py::test_ft_snmp_ip_forward_table Hook Finalize
2024-01-03 03:18:49.127776 = function system/test_snmp.py::test_ft_snmp_ip_forward_table clean start
2024-01-03 03:18:49.151126 = Test Time (2024-01-03 03:18:42.083062 - 2024-01-03 03:18:49.151115) Published
2024-01-03 03:18:49.156496 = function system/test_snmp.py::test_ft_snmp_ip_forward_table clean end
2024-01-03 03:18:49.157036 = Framework Function Hook Finalize
2024-01-03 03:18:49.159045 = Framework Function Hook Start
2024-01-03 03:18:49.159576 = function system/test_snmp.py::test_ft_snmp_ifx_table init start
2024-01-03 03:18:54.640472 = function system/test_snmp.py::test_ft_snmp_ifx_table init end
2024-01-03 03:18:54.640832 = Framework Function Hook end
2024-01-03 03:18:54.641170 = User Function system/test_snmp.py::test_ft_snmp_ifx_table Hook Start
2024-01-03 03:18:54.643725 = User Function system/test_snmp.py::test_ft_snmp_ifx_table Hook end
2024-01-03 03:18:54.795173 = User Function system/test_snmp.py::test_ft_snmp_ifx_table Hook Finalize
2024-01-03 03:18:54.795448 = function system/test_snmp.py::test_ft_snmp_ifx_table clean start
2024-01-03 03:18:54.814757 = Test Time (2024-01-03 03:18:49.159639 - 2024-01-03 03:18:54.814748) Published
2024-01-03 03:18:54.820534 = function system/test_snmp.py::test_ft_snmp_ifx_table clean end
2024-01-03 03:18:54.820838 = Framework Function Hook Finalize
2024-01-03 03:18:54.821917 = Framework Function Hook Start
2024-01-03 03:18:54.822301 = function system/test_snmp.py::test_ft_snmp_ip_System_Stats_Table init start
2024-01-03 03:18:59.185981 = function system/test_snmp.py::test_ft_snmp_ip_System_Stats_Table init end
2024-01-03 03:18:59.186317 = Framework Function Hook end
2024-01-03 03:18:59.186626 = User Function system/test_snmp.py::test_ft_snmp_ip_System_Stats_Table Hook Start
2024-01-03 03:18:59.189249 = User Function system/test_snmp.py::test_ft_snmp_ip_System_Stats_Table Hook end
2024-01-03 03:18:59.240271 = User Function system/test_snmp.py::test_ft_snmp_ip_System_Stats_Table Hook Finalize
2024-01-03 03:18:59.240451 = function system/test_snmp.py::test_ft_snmp_ip_System_Stats_Table clean start
2024-01-03 03:18:59.256940 = Test Time (2024-01-03 03:18:54.822359 - 2024-01-03 03:18:59.256933) Published
2024-01-03 03:18:59.261991 = function system/test_snmp.py::test_ft_snmp_ip_System_Stats_Table clean end
2024-01-03 03:18:59.262260 = Framework Function Hook Finalize
2024-01-03 03:18:59.263231 = Framework Function Hook Start
2024-01-03 03:18:59.263622 = function system/test_snmp.py::test_ft_snmp_ip_IfStats_Table init start
2024-01-03 03:19:03.747629 = function system/test_snmp.py::test_ft_snmp_ip_IfStats_Table init end
2024-01-03 03:19:03.747979 = Framework Function Hook end
2024-01-03 03:19:03.748281 = User Function system/test_snmp.py::test_ft_snmp_ip_IfStats_Table Hook Start
2024-01-03 03:19:03.750811 = User Function system/test_snmp.py::test_ft_snmp_ip_IfStats_Table Hook end
2024-01-03 03:19:04.065051 = User Function system/test_snmp.py::test_ft_snmp_ip_IfStats_Table Hook Finalize
2024-01-03 03:19:04.065269 = function system/test_snmp.py::test_ft_snmp_ip_IfStats_Table clean start
2024-01-03 03:19:04.085670 = Test Time (2024-01-03 03:18:59.263682 - 2024-01-03 03:19:04.085663) Published
2024-01-03 03:19:04.090723 = function system/test_snmp.py::test_ft_snmp_ip_IfStats_Table clean end
2024-01-03 03:19:04.091003 = Framework Function Hook Finalize
2024-01-03 03:19:04.092046 = Framework Function Hook Start
2024-01-03 03:19:04.092446 = function system/test_snmp.py::test_ft_snmp_ip_Address_Table init start
2024-01-03 03:19:08.464822 = function system/test_snmp.py::test_ft_snmp_ip_Address_Table init end
2024-01-03 03:19:08.465394 = Framework Function Hook end
2024-01-03 03:19:08.465775 = User Function system/test_snmp.py::test_ft_snmp_ip_Address_Table Hook Start
2024-01-03 03:19:08.469083 = User Function system/test_snmp.py::test_ft_snmp_ip_Address_Table Hook end
2024-01-03 03:19:08.513898 = User Function system/test_snmp.py::test_ft_snmp_ip_Address_Table Hook Finalize
2024-01-03 03:19:08.514106 = function system/test_snmp.py::test_ft_snmp_ip_Address_Table clean start
2024-01-03 03:19:08.531197 = Test Time (2024-01-03 03:19:04.092507 - 2024-01-03 03:19:08.531188) Published
2024-01-03 03:19:08.536764 = function system/test_snmp.py::test_ft_snmp_ip_Address_Table clean end
2024-01-03 03:19:08.537270 = Framework Function Hook Finalize
2024-01-03 03:19:08.538790 = Framework Function Hook Start
2024-01-03 03:19:08.539339 = function system/test_snmp.py::test_ft_snmp_ip_NetToPhysical_Table init start
2024-01-03 03:19:12.903159 = function system/test_snmp.py::test_ft_snmp_ip_NetToPhysical_Table init end
2024-01-03 03:19:12.903634 = Framework Function Hook end
2024-01-03 03:19:12.904098 = User Function system/test_snmp.py::test_ft_snmp_ip_NetToPhysical_Table Hook Start
2024-01-03 03:19:12.908647 = User Function system/test_snmp.py::test_ft_snmp_ip_NetToPhysical_Table Hook end
2024-01-03 03:19:12.948665 = User Function system/test_snmp.py::test_ft_snmp_ip_NetToPhysical_Table Hook Finalize
2024-01-03 03:19:12.948869 = function system/test_snmp.py::test_ft_snmp_ip_NetToPhysical_Table clean start
2024-01-03 03:19:12.964272 = Test Time (2024-01-03 03:19:08.539424 - 2024-01-03 03:19:12.964265) Published
2024-01-03 03:19:12.969360 = function system/test_snmp.py::test_ft_snmp_ip_NetToPhysical_Table clean end
2024-01-03 03:19:12.969640 = Framework Function Hook Finalize
2024-01-03 03:19:12.970678 = Framework Function Hook Start
2024-01-03 03:19:12.971068 = function system/test_snmp.py::test_ft_snmp_icmp_Msgs init start
2024-01-03 03:19:17.395034 = function system/test_snmp.py::test_ft_snmp_icmp_Msgs init end
2024-01-03 03:19:17.395952 = Framework Function Hook end
2024-01-03 03:19:17.396715 = User Function system/test_snmp.py::test_ft_snmp_icmp_Msgs Hook Start
2024-01-03 03:19:17.399636 = User Function system/test_snmp.py::test_ft_snmp_icmp_Msgs Hook end
2024-01-03 03:19:17.445780 = User Function system/test_snmp.py::test_ft_snmp_icmp_Msgs Hook Finalize
2024-01-03 03:19:17.445949 = function system/test_snmp.py::test_ft_snmp_icmp_Msgs clean start
2024-01-03 03:19:17.460499 = Test Time (2024-01-03 03:19:12.971239 - 2024-01-03 03:19:17.460492) Published
2024-01-03 03:19:17.465638 = function system/test_snmp.py::test_ft_snmp_icmp_Msgs clean end
2024-01-03 03:19:17.465911 = Framework Function Hook Finalize
2024-01-03 03:19:17.466888 = Framework Function Hook Start
2024-01-03 03:19:17.467265 = function system/test_snmp.py::test_ft_snmp_tcp_mib init start
2024-01-03 03:19:21.842455 = function system/test_snmp.py::test_ft_snmp_tcp_mib init end
2024-01-03 03:19:21.843332 = Framework Function Hook end
2024-01-03 03:19:21.844090 = User Function system/test_snmp.py::test_ft_snmp_tcp_mib Hook Start
2024-01-03 03:19:21.847268 = User Function system/test_snmp.py::test_ft_snmp_tcp_mib Hook end
2024-01-03 03:19:40.416806 = User Function system/test_snmp.py::test_ft_snmp_tcp_mib Hook Finalize
2024-01-03 03:19:40.417071 = function system/test_snmp.py::test_ft_snmp_tcp_mib clean start
2024-01-03 03:19:40.458954 = Test Time (2024-01-03 03:19:17.467325 - 2024-01-03 03:19:40.458934) Published
2024-01-03 03:19:40.464432 = function system/test_snmp.py::test_ft_snmp_tcp_mib clean end
2024-01-03 03:19:40.465419 = Framework Function Hook Finalize
2024-01-03 03:19:40.468680 = Framework Function Hook Start
2024-01-03 03:19:40.469244 = function system/test_snmp.py::test_ft_snmp_udp_mib init start
2024-01-03 03:19:44.778204 = function system/test_snmp.py::test_ft_snmp_udp_mib init end
2024-01-03 03:19:44.778587 = Framework Function Hook end
2024-01-03 03:19:44.778943 = User Function system/test_snmp.py::test_ft_snmp_udp_mib Hook Start
2024-01-03 03:19:44.781441 = User Function system/test_snmp.py::test_ft_snmp_udp_mib Hook end
2024-01-03 03:19:44.827971 = User Function system/test_snmp.py::test_ft_snmp_udp_mib Hook Finalize
2024-01-03 03:19:44.828147 = function system/test_snmp.py::test_ft_snmp_udp_mib clean start
2024-01-03 03:19:44.843973 = Test Time (2024-01-03 03:19:40.469310 - 2024-01-03 03:19:44.843966) Published
2024-01-03 03:19:44.849549 = function system/test_snmp.py::test_ft_snmp_udp_mib clean end
2024-01-03 03:19:44.849818 = Framework Function Hook Finalize
2024-01-03 03:19:44.850876 = Framework Function Hook Start
2024-01-03 03:19:44.851259 = function system/test_snmp.py::test_ft_snmp_snmpv2_mib init start
2024-01-03 03:19:49.296274 = function system/test_snmp.py::test_ft_snmp_snmpv2_mib init end
2024-01-03 03:19:49.297104 = Framework Function Hook end
2024-01-03 03:19:49.297529 = User Function system/test_snmp.py::test_ft_snmp_snmpv2_mib Hook Start
2024-01-03 03:19:49.300267 = User Function system/test_snmp.py::test_ft_snmp_snmpv2_mib Hook end
2024-01-03 03:19:49.335296 = User Function system/test_snmp.py::test_ft_snmp_snmpv2_mib Hook Finalize
2024-01-03 03:19:49.335489 = function system/test_snmp.py::test_ft_snmp_snmpv2_mib clean start
2024-01-03 03:19:49.352259 = Test Time (2024-01-03 03:19:44.851319 - 2024-01-03 03:19:49.352250) Published
2024-01-03 03:19:49.357533 = function system/test_snmp.py::test_ft_snmp_snmpv2_mib clean end
2024-01-03 03:19:49.357852 = Framework Function Hook Finalize
2024-01-03 03:19:49.359057 = Framework Function Hook Start
2024-01-03 03:19:49.359465 = function system/test_snmp.py::test_ft_snmp_host_resource_mib init start
2024-01-03 03:19:53.779618 = function system/test_snmp.py::test_ft_snmp_host_resource_mib init end
2024-01-03 03:19:53.780715 = Framework Function Hook end
2024-01-03 03:19:53.791153 = User Function system/test_snmp.py::test_ft_snmp_host_resource_mib Hook Start
2024-01-03 03:19:53.799611 = User Function system/test_snmp.py::test_ft_snmp_host_resource_mib Hook end
2024-01-03 03:19:53.985458 = User Function system/test_snmp.py::test_ft_snmp_host_resource_mib Hook Finalize
2024-01-03 03:19:53.985697 = function system/test_snmp.py::test_ft_snmp_host_resource_mib clean start
2024-01-03 03:19:54.007148 = Test Time (2024-01-03 03:19:49.359525 - 2024-01-03 03:19:54.007138) Published
2024-01-03 03:19:54.012612 = function system/test_snmp.py::test_ft_snmp_host_resource_mib clean end
2024-01-03 03:19:54.013044 = Framework Function Hook Finalize
2024-01-03 03:19:54.014448 = Framework Function Hook Start
2024-01-03 03:19:54.014925 = function system/test_snmp.py::test_ft_snmp_framework_mib init start
2024-01-03 03:19:58.464100 = function system/test_snmp.py::test_ft_snmp_framework_mib init end
2024-01-03 03:19:58.465086 = Framework Function Hook end
2024-01-03 03:19:58.465568 = User Function system/test_snmp.py::test_ft_snmp_framework_mib Hook Start
2024-01-03 03:19:58.468076 = User Function system/test_snmp.py::test_ft_snmp_framework_mib Hook end
2024-01-03 03:19:58.494999 = User Function system/test_snmp.py::test_ft_snmp_framework_mib Hook Finalize
2024-01-03 03:19:58.495299 = function system/test_snmp.py::test_ft_snmp_framework_mib clean start
2024-01-03 03:19:58.511395 = Test Time (2024-01-03 03:19:54.014986 - 2024-01-03 03:19:58.511388) Published
2024-01-03 03:19:58.516572 = function system/test_snmp.py::test_ft_snmp_framework_mib clean end
2024-01-03 03:19:58.516848 = Framework Function Hook Finalize
2024-01-03 03:19:58.517960 = Framework Function Hook Start
2024-01-03 03:19:58.518353 = function system/test_snmp.py::test_ft_snmp_mpd_mib init start
2024-01-03 03:20:02.973782 = function system/test_snmp.py::test_ft_snmp_mpd_mib init end
2024-01-03 03:20:02.974279 = Framework Function Hook end
2024-01-03 03:20:02.974674 = User Function system/test_snmp.py::test_ft_snmp_mpd_mib Hook Start
2024-01-03 03:20:02.977402 = User Function system/test_snmp.py::test_ft_snmp_mpd_mib Hook end
2024-01-03 03:20:03.003380 = User Function system/test_snmp.py::test_ft_snmp_mpd_mib Hook Finalize
2024-01-03 03:20:03.003734 = function system/test_snmp.py::test_ft_snmp_mpd_mib clean start
2024-01-03 03:20:03.022299 = Test Time (2024-01-03 03:19:58.518413 - 2024-01-03 03:20:03.022287) Published
2024-01-03 03:20:03.027642 = function system/test_snmp.py::test_ft_snmp_mpd_mib clean end
2024-01-03 03:20:03.028124 = Framework Function Hook Finalize
2024-01-03 03:20:03.029481 = Framework Function Hook Start
2024-01-03 03:20:03.029970 = function system/test_snmp.py::test_ft_snmp_target_mib init start
2024-01-03 03:20:07.509890 = function system/test_snmp.py::test_ft_snmp_target_mib init end
2024-01-03 03:20:07.510312 = Framework Function Hook end
2024-01-03 03:20:07.510689 = User Function system/test_snmp.py::test_ft_snmp_target_mib Hook Start
2024-01-03 03:20:07.513333 = User Function system/test_snmp.py::test_ft_snmp_target_mib Hook end
2024-01-03 03:20:07.546394 = User Function system/test_snmp.py::test_ft_snmp_target_mib Hook Finalize
2024-01-03 03:20:07.546607 = function system/test_snmp.py::test_ft_snmp_target_mib clean start
2024-01-03 03:20:07.563698 = Test Time (2024-01-03 03:20:03.030032 - 2024-01-03 03:20:07.563690) Published
2024-01-03 03:20:07.569025 = function system/test_snmp.py::test_ft_snmp_target_mib clean end
2024-01-03 03:20:07.569369 = Framework Function Hook Finalize
2024-01-03 03:20:07.570655 = Framework Function Hook Start
2024-01-03 03:20:07.571785 = function system/test_snmp.py::test_ft_snmp_notification_mib init start
2024-01-03 03:20:11.958811 = function system/test_snmp.py::test_ft_snmp_notification_mib init end
2024-01-03 03:20:11.959236 = Framework Function Hook end
2024-01-03 03:20:11.959598 = User Function system/test_snmp.py::test_ft_snmp_notification_mib Hook Start
2024-01-03 03:20:11.962129 = User Function system/test_snmp.py::test_ft_snmp_notification_mib Hook end
2024-01-03 03:20:11.988449 = User Function system/test_snmp.py::test_ft_snmp_notification_mib Hook Finalize
2024-01-03 03:20:11.988747 = function system/test_snmp.py::test_ft_snmp_notification_mib clean start
2024-01-03 03:20:12.006911 = Test Time (2024-01-03 03:20:07.571866 - 2024-01-03 03:20:12.006904) Published
2024-01-03 03:20:12.012141 = function system/test_snmp.py::test_ft_snmp_notification_mib clean end
2024-01-03 03:20:12.012438 = Framework Function Hook Finalize
2024-01-03 03:20:12.013597 = Framework Function Hook Start
2024-01-03 03:20:12.014006 = function system/test_snmp.py::test_ft_snmp_user_based_sm_mib init start
2024-01-03 03:20:16.484685 = function system/test_snmp.py::test_ft_snmp_user_based_sm_mib init end
2024-01-03 03:20:16.485565 = Framework Function Hook end
2024-01-03 03:20:16.486039 = User Function system/test_snmp.py::test_ft_snmp_user_based_sm_mib Hook Start
2024-01-03 03:20:16.488600 = User Function system/test_snmp.py::test_ft_snmp_user_based_sm_mib Hook end
2024-01-03 03:20:16.516489 = User Function system/test_snmp.py::test_ft_snmp_user_based_sm_mib Hook Finalize
2024-01-03 03:20:16.516846 = function system/test_snmp.py::test_ft_snmp_user_based_sm_mib clean start
2024-01-03 03:20:16.537296 = Test Time (2024-01-03 03:20:12.014067 - 2024-01-03 03:20:16.537287) Published
2024-01-03 03:20:16.542851 = function system/test_snmp.py::test_ft_snmp_user_based_sm_mib clean end
2024-01-03 03:20:16.543177 = Framework Function Hook Finalize
2024-01-03 03:20:16.544399 = Framework Function Hook Start
2024-01-03 03:20:16.544828 = function system/test_snmp.py::test_ft_snmp_view_based_acm_mib init start
2024-01-03 03:20:21.116413 = function system/test_snmp.py::test_ft_snmp_view_based_acm_mib init end
2024-01-03 03:20:21.117335 = Framework Function Hook end
2024-01-03 03:20:21.117708 = User Function system/test_snmp.py::test_ft_snmp_view_based_acm_mib Hook Start
2024-01-03 03:20:21.120486 = User Function system/test_snmp.py::test_ft_snmp_view_based_acm_mib Hook end
2024-01-03 03:20:21.167065 = User Function system/test_snmp.py::test_ft_snmp_view_based_acm_mib Hook Finalize
2024-01-03 03:20:21.167278 = function system/test_snmp.py::test_ft_snmp_view_based_acm_mib clean start
2024-01-03 03:20:21.185925 = Test Time (2024-01-03 03:20:16.544903 - 2024-01-03 03:20:21.185915) Published
2024-01-03 03:20:21.191424 = function system/test_snmp.py::test_ft_snmp_view_based_acm_mib clean end
2024-01-03 03:20:21.191791 = Framework Function Hook Finalize
2024-01-03 03:20:21.193087 = Framework Function Hook Start
2024-01-03 03:20:21.193537 = function system/test_snmp.py::test_ft_snmp_ent_physical_table init start
2024-01-03 03:20:25.736344 = function system/test_snmp.py::test_ft_snmp_ent_physical_table init end
2024-01-03 03:20:25.737098 = Framework Function Hook end
2024-01-03 03:20:25.737920 = User Function system/test_snmp.py::test_ft_snmp_ent_physical_table Hook Start
2024-01-03 03:20:25.741622 = User Function system/test_snmp.py::test_ft_snmp_ent_physical_table Hook end
2024-01-03 03:20:25.800933 = User Function system/test_snmp.py::test_ft_snmp_ent_physical_table Hook Finalize
2024-01-03 03:20:25.801149 = function system/test_snmp.py::test_ft_snmp_ent_physical_table clean start
2024-01-03 03:20:25.817097 = Test Time (2024-01-03 03:20:21.193599 - 2024-01-03 03:20:25.817089) Published
2024-01-03 03:20:25.822450 = function system/test_snmp.py::test_ft_snmp_ent_physical_table clean end
2024-01-03 03:20:25.822726 = Framework Function Hook Finalize
2024-01-03 03:20:25.823948 = Framework Function Hook Start
2024-01-03 03:20:25.824340 = function system/test_snmp.py::test_ft_snmp_dot3_stats_table init start
2024-01-03 03:20:30.356739 = function system/test_snmp.py::test_ft_snmp_dot3_stats_table init end
2024-01-03 03:20:30.357137 = Framework Function Hook end
2024-01-03 03:20:30.357460 = User Function system/test_snmp.py::test_ft_snmp_dot3_stats_table Hook Start
2024-01-03 03:20:30.360904 = User Function system/test_snmp.py::test_ft_snmp_dot3_stats_table Hook end
2024-01-03 03:20:30.423576 = User Function system/test_snmp.py::test_ft_snmp_dot3_stats_table Hook Finalize
2024-01-03 03:20:30.423785 = function system/test_snmp.py::test_ft_snmp_dot3_stats_table clean start
2024-01-03 03:20:30.439065 = Test Time (2024-01-03 03:20:25.824398 - 2024-01-03 03:20:30.439058) Published
2024-01-03 03:20:30.444184 = function system/test_snmp.py::test_ft_snmp_dot3_stats_table clean end
2024-01-03 03:20:30.444477 = Framework Function Hook Finalize
2024-01-03 03:20:30.445597 = Framework Function Hook Start
2024-01-03 03:20:30.446006 = function system/test_snmp.py::test_ft_net_snmp_agent_mib init start
2024-01-03 03:20:34.922617 = function system/test_snmp.py::test_ft_net_snmp_agent_mib init end
2024-01-03 03:20:34.923503 = Framework Function Hook end
2024-01-03 03:20:34.924304 = User Function system/test_snmp.py::test_ft_net_snmp_agent_mib Hook Start
2024-01-03 03:20:34.927370 = User Function system/test_snmp.py::test_ft_net_snmp_agent_mib Hook end
2024-01-03 03:20:35.384501 = User Function system/test_snmp.py::test_ft_net_snmp_agent_mib Hook Finalize
2024-01-03 03:20:35.384708 = function system/test_snmp.py::test_ft_net_snmp_agent_mib clean start
2024-01-03 03:20:35.400981 = Test Time (2024-01-03 03:20:30.446066 - 2024-01-03 03:20:35.400974) Published
2024-01-03 03:20:35.406119 = function system/test_snmp.py::test_ft_net_snmp_agent_mib clean end
2024-01-03 03:20:35.406390 = Framework Function Hook Finalize
2024-01-03 03:20:35.407503 = Framework Function Hook Start
2024-01-03 03:20:35.407891 = function system/test_snmp.py::test_ft_net_snmp_vacm_mib init start
2024-01-03 03:20:39.832744 = function system/test_snmp.py::test_ft_net_snmp_vacm_mib init end
2024-01-03 03:20:39.833296 = Framework Function Hook end
2024-01-03 03:20:39.833607 = User Function system/test_snmp.py::test_ft_net_snmp_vacm_mib Hook Start
2024-01-03 03:20:39.836048 = User Function system/test_snmp.py::test_ft_net_snmp_vacm_mib Hook end
2024-01-03 03:20:39.880315 = User Function system/test_snmp.py::test_ft_net_snmp_vacm_mib Hook Finalize
2024-01-03 03:20:39.880509 = function system/test_snmp.py::test_ft_net_snmp_vacm_mib clean start
2024-01-03 03:20:39.896254 = Test Time (2024-01-03 03:20:35.407948 - 2024-01-03 03:20:39.896247) Published
2024-01-03 03:20:39.901432 = function system/test_snmp.py::test_ft_net_snmp_vacm_mib clean end
2024-01-03 03:20:39.901711 = Framework Function Hook Finalize
2024-01-03 03:20:39.902804 = Framework Function Hook Start
2024-01-03 03:20:39.903196 = function system/test_snmp.py::test_ft_snmp_ucd_diskio_mib init start
2024-01-03 03:20:44.571098 = function system/test_snmp.py::test_ft_snmp_ucd_diskio_mib init end
2024-01-03 03:20:44.571582 = Framework Function Hook end
2024-01-03 03:20:44.572187 = User Function system/test_snmp.py::test_ft_snmp_ucd_diskio_mib Hook Start
2024-01-03 03:20:44.574807 = User Function system/test_snmp.py::test_ft_snmp_ucd_diskio_mib Hook end
2024-01-03 03:20:44.628680 = User Function system/test_snmp.py::test_ft_snmp_ucd_diskio_mib Hook Finalize
2024-01-03 03:20:44.628895 = function system/test_snmp.py::test_ft_snmp_ucd_diskio_mib clean start
2024-01-03 03:20:44.643935 = Test Time (2024-01-03 03:20:39.903256 - 2024-01-03 03:20:44.643928) Published
2024-01-03 03:20:44.649660 = function system/test_snmp.py::test_ft_snmp_ucd_diskio_mib clean end
2024-01-03 03:20:44.649950 = Framework Function Hook Finalize
2024-01-03 03:20:44.651091 = Framework Function Hook Start
2024-01-03 03:20:44.651469 = function system/test_snmp.py::test_ft_snmp_ucd_la_table init start
2024-01-03 03:20:49.078379 = function system/test_snmp.py::test_ft_snmp_ucd_la_table init end
2024-01-03 03:20:49.079270 = Framework Function Hook end
2024-01-03 03:20:49.080031 = User Function system/test_snmp.py::test_ft_snmp_ucd_la_table Hook Start
2024-01-03 03:20:49.083363 = User Function system/test_snmp.py::test_ft_snmp_ucd_la_table Hook end
2024-01-03 03:20:49.123814 = User Function system/test_snmp.py::test_ft_snmp_ucd_la_table Hook Finalize
2024-01-03 03:20:49.124010 = function system/test_snmp.py::test_ft_snmp_ucd_la_table clean start
2024-01-03 03:20:49.139822 = Test Time (2024-01-03 03:20:44.651529 - 2024-01-03 03:20:49.139814) Published
2024-01-03 03:20:49.144912 = function system/test_snmp.py::test_ft_snmp_ucd_la_table clean end
2024-01-03 03:20:49.145189 = Framework Function Hook Finalize
2024-01-03 03:20:49.146257 = Framework Function Hook Start
2024-01-03 03:20:49.146638 = function system/test_snmp.py::test_ft_snmp_ucd_system_stats init start
2024-01-03 03:20:53.589390 = function system/test_snmp.py::test_ft_snmp_ucd_system_stats init end
2024-01-03 03:20:53.589761 = Framework Function Hook end
2024-01-03 03:20:53.590123 = User Function system/test_snmp.py::test_ft_snmp_ucd_system_stats Hook Start
2024-01-03 03:20:53.592757 = User Function system/test_snmp.py::test_ft_snmp_ucd_system_stats Hook end
2024-01-03 03:20:53.629896 = User Function system/test_snmp.py::test_ft_snmp_ucd_system_stats Hook Finalize
2024-01-03 03:20:53.630114 = function system/test_snmp.py::test_ft_snmp_ucd_system_stats clean start
2024-01-03 03:20:53.646856 = Test Time (2024-01-03 03:20:49.146697 - 2024-01-03 03:20:53.646849) Published
2024-01-03 03:20:53.651979 = function system/test_snmp.py::test_ft_snmp_ucd_system_stats clean end
2024-01-03 03:20:53.652470 = Framework Function Hook Finalize
2024-01-03 03:20:53.653778 = Framework Function Hook Start
2024-01-03 03:20:53.654230 = function system/test_snmp.py::test_ft_snmp_dot1q_tp_fdb_port init start
2024-01-03 03:20:58.045737 = function system/test_snmp.py::test_ft_snmp_dot1q_tp_fdb_port init end
2024-01-03 03:20:58.046078 = Framework Function Hook end
2024-01-03 03:20:58.046437 = User Function system/test_snmp.py::test_ft_snmp_dot1q_tp_fdb_port Hook Start
2024-01-03 03:20:58.048953 = User Function system/test_snmp.py::test_ft_snmp_dot1q_tp_fdb_port Hook end
2024-01-03 03:20:59.677048 = User Function system/test_snmp.py::test_ft_snmp_dot1q_tp_fdb_port Hook Finalize
2024-01-03 03:20:59.677241 = function system/test_snmp.py::test_ft_snmp_dot1q_tp_fdb_port clean start
2024-01-03 03:20:59.706406 = Test Time (2024-01-03 03:20:53.654295 - 2024-01-03 03:20:59.706397) Published
2024-01-03 03:20:59.711914 = function system/test_snmp.py::test_ft_snmp_dot1q_tp_fdb_port clean end
2024-01-03 03:20:59.712231 = Framework Function Hook Finalize
2024-01-03 03:20:59.713262 = Framework Function Hook Start
2024-01-03 03:20:59.713640 = function system/test_snmp.py::test_ft_snmp_dot1q_tp_fdb_address init start
2024-01-03 03:21:04.198811 = function system/test_snmp.py::test_ft_snmp_dot1q_tp_fdb_address init end
2024-01-03 03:21:04.199441 = Framework Function Hook end
2024-01-03 03:21:04.199958 = User Function system/test_snmp.py::test_ft_snmp_dot1q_tp_fdb_address Hook Start
2024-01-03 03:21:04.204694 = User Function system/test_snmp.py::test_ft_snmp_dot1q_tp_fdb_address Hook end
2024-01-03 03:21:04.615299 = User Function system/test_snmp.py::test_ft_snmp_dot1q_tp_fdb_address Hook Finalize
2024-01-03 03:21:04.615685 = function system/test_snmp.py::test_ft_snmp_dot1q_tp_fdb_address clean start
2024-01-03 03:21:04.636778 = Test Time (2024-01-03 03:20:59.713698 - 2024-01-03 03:21:04.636770) Published
2024-01-03 03:21:04.642375 = function system/test_snmp.py::test_ft_snmp_dot1q_tp_fdb_address clean end
2024-01-03 03:21:04.642690 = Framework Function Hook Finalize
2024-01-03 03:21:04.643865 = Framework Function Hook Start
2024-01-03 03:21:04.644291 = function system/test_snmp.py::test_ft_snmp_coldstart_trap init start
2024-01-03 03:21:08.959241 = function system/test_snmp.py::test_ft_snmp_coldstart_trap init end
2024-01-03 03:21:08.960137 = Framework Function Hook end
2024-01-03 03:21:08.960941 = User Function system/test_snmp.py::test_ft_snmp_coldstart_trap Hook Start
2024-01-03 03:21:08.963551 = User Function system/test_snmp.py::test_ft_snmp_coldstart_trap Hook end
2024-01-03 03:21:23.217195 = User Function system/test_snmp.py::test_ft_snmp_coldstart_trap Hook Finalize
2024-01-03 03:21:23.217387 = function system/test_snmp.py::test_ft_snmp_coldstart_trap clean start
2024-01-03 03:21:23.246928 = Test Time (2024-01-03 03:21:04.644357 - 2024-01-03 03:21:23.246919) Published
2024-01-03 03:21:23.252492 = function system/test_snmp.py::test_ft_snmp_coldstart_trap clean end
2024-01-03 03:21:23.252807 = Framework Function Hook Finalize
2024-01-03 03:21:23.253833 = Framework Function Hook Start
2024-01-03 03:21:23.254248 = function system/test_snmp.py::test_ft_snmp_docker_restart init start
2024-01-03 03:21:27.664999 = function system/test_snmp.py::test_ft_snmp_docker_restart init end
2024-01-03 03:21:27.665645 = Framework Function Hook end
2024-01-03 03:21:27.666221 = User Function system/test_snmp.py::test_ft_snmp_docker_restart Hook Start
2024-01-03 03:21:27.671788 = User Function system/test_snmp.py::test_ft_snmp_docker_restart Hook end
2024-01-03 03:21:41.745329 = User Function system/test_snmp.py::test_ft_snmp_docker_restart Hook Finalize
2024-01-03 03:21:41.745534 = function system/test_snmp.py::test_ft_snmp_docker_restart clean start
2024-01-03 03:21:41.781749 = Test Time (2024-01-03 03:21:23.254314 - 2024-01-03 03:21:41.781738) Published
2024-01-03 03:21:41.786937 = function system/test_snmp.py::test_ft_snmp_docker_restart clean end
2024-01-03 03:21:41.787341 = Framework Function Hook Finalize
2024-01-03 03:22:34.472515 = User Module system/test_snmp.py Hook Finalize
2024-01-03 03:22:34.473349 = module test_snmp.py clean start
2024-01-03 03:23:00.578534 = report file generation start
2024-01-03 03:23:00.671192 = report file generation end
2024-01-03 03:23:00.676560 = module test_snmp.py clean end
2024-01-03 03:23:00.677914 = Framework Module Hook Finalize
2024-01-03 03:23:00.768265 = Framework Module Hook Start
2024-01-03 03:23:01.186018 = module test_spytest_infra_1.py init start
2024-01-03 03:24:03.398634 = module test_spytest_infra_1.py init end
2024-01-03 03:24:03.399427 = Framework Module Hook end
2024-01-03 03:24:03.400309 = Framework Function Hook Start
2024-01-03 03:24:06.484119 = function batch/test_spytest_infra_1.py::test_spytest_infra_last init start
2024-01-03 03:24:10.877619 = function batch/test_spytest_infra_1.py::test_spytest_infra_last init end
2024-01-03 03:24:10.878540 = Framework Function Hook end
2024-01-03 03:24:10.880060 = Module Config Time (2024-01-03 03:23:00.768420 - 2024-01-03 03:24:03.400539) Published
2024-01-03 03:24:10.882896 = function batch/test_spytest_infra_1.py::test_spytest_infra_last clean start
2024-01-03 03:24:10.893885 = Test Time (2024-01-03 03:24:06.484202 - 2024-01-03 03:24:10.893878) Published
2024-01-03 03:24:10.898795 = function batch/test_spytest_infra_1.py::test_spytest_infra_last clean end
2024-01-03 03:24:10.899068 = Framework Function Hook Finalize
2024-01-03 03:24:10.899208 = module test_spytest_infra_1.py clean start
2024-01-03 03:24:13.199810 = report file generation start
2024-01-03 03:24:13.287823 = report file generation end
2024-01-03 03:24:13.292648 = module test_spytest_infra_1.py clean end
2024-01-03 03:24:13.293049 = Framework Module Hook Finalize
2024-01-03 03:24:13.293447 = session clean start
2024-01-03 03:24:13.301478 = report file generation start
2024-01-03 03:24:13.390026 = report file generation end
2024-01-03 03:24:14.094409 = session clean end
