2024-01-03 03:14:27,601 T0000: WARN  #### gw4  
2024-01-03 03:14:27,601 T0000: WARN  support post-session-prolog session pass ''
2024-01-03 03:15:14,013 T0000: INFO  #### gw4  
2024-01-03 03:15:14,014 T0000: INFO  support pre-module-prolog system/test_snmp.py  ''
2024-01-03 03:16:52,502 T0000: INFO  #### gw4  system/test_snmp.py
2024-01-03 03:16:52,502 T0000: INFO  support post-module-prolog system/test_snmp.py Pass ''
2024-01-03 03:17:23,449 T0000: INFO  #### gw4  system/test_snmp.py
2024-01-03 03:17:23,450 T0000: INFO  support pre-function-prolog test_ft_snmp_sysName  ''
2024-01-03 03:17:23,465 T0000: INFO  #### gw4  system/test_snmp.py::test_ft_snmp_sysName
2024-01-03 03:17:23,465 T0000: INFO  support post-function-prolog test_ft_snmp_sysName Pass ''
2024-01-03 03:17:24,184 T0000: WARN  #### gw4  system/test_snmp.py::test_ft_snmp_sysName
2024-01-03 03:17:24,185 T0000: WARN  support pre-function-epilog test_ft_snmp_sysName Fail 'sysname output is not in sync between system and snmp'
2024-01-03 03:17:24,558 T0000: WARN  #### gw4  system/test_snmp.py::test_ft_snmp_sysName
2024-01-03 03:17:24,558 T0000: WARN  support post-function-epilog test_ft_snmp_sysName ignore 'sysname output is not in sync between system and snmp'
2024-01-03 03:17:29,048 T0000: INFO  #### gw4  system/test_snmp.py
2024-01-03 03:17:29,048 T0000: INFO  support pre-function-prolog test_ft_snmp_test_syUpTime  ''
2024-01-03 03:17:29,062 T0000: INFO  #### gw4  system/test_snmp.py::test_ft_snmp_test_syUpTime
2024-01-03 03:17:29,062 T0000: INFO  support post-function-prolog test_ft_snmp_test_syUpTime Pass ''
2024-01-03 03:17:30,214 T0000: INFO  #### gw4  system/test_snmp.py::test_ft_snmp_test_syUpTime
2024-01-03 03:17:30,214 T0000: INFO  support pre-function-epilog test_ft_snmp_test_syUpTime Pass 'Test case passed'
2024-01-03 03:17:30,218 T0000: INFO  #### gw4  system/test_snmp.py::test_ft_snmp_test_syUpTime
2024-01-03 03:17:30,218 T0000: INFO  support post-function-epilog test_ft_snmp_test_syUpTime Pass 'Test case passed'
2024-01-03 03:17:34,639 T0000: INFO  #### gw4  system/test_snmp.py
2024-01-03 03:17:34,640 T0000: INFO  support pre-function-prolog test_ft_snmp_sysDescr  ''
2024-01-03 03:17:34,651 T0000: INFO  #### gw4  system/test_snmp.py::test_ft_snmp_sysDescr
2024-01-03 03:17:34,651 T0000: INFO  support post-function-prolog test_ft_snmp_sysDescr Pass ''
2024-01-03 03:17:37,784 T0000: INFO  #### gw4  system/test_snmp.py::test_ft_snmp_sysDescr
2024-01-03 03:17:37,784 T0000: INFO  support pre-function-epilog test_ft_snmp_sysDescr Pass 'Test case passed'
2024-01-03 03:17:37,795 T0000: INFO  #### gw4  system/test_snmp.py::test_ft_snmp_sysDescr
2024-01-03 03:17:37,795 T0000: INFO  support post-function-epilog test_ft_snmp_sysDescr Pass 'Test case passed'
2024-01-03 03:17:42,219 T0000: INFO  #### gw4  system/test_snmp.py
2024-01-03 03:17:42,219 T0000: INFO  support pre-function-prolog test_ft_snmp_mib_2  ''
2024-01-03 03:17:42,231 T0000: INFO  #### gw4  system/test_snmp.py::test_ft_snmp_mib_2
2024-01-03 03:17:42,231 T0000: INFO  support post-function-prolog test_ft_snmp_mib_2 Pass ''
2024-01-03 03:17:48,500 T0000: INFO  #### gw4  system/test_snmp.py::test_ft_snmp_mib_2
2024-01-03 03:17:48,500 T0000: INFO  support pre-function-epilog test_ft_snmp_mib_2 Pass 'Test case passed'
2024-01-03 03:17:48,506 T0000: INFO  #### gw4  system/test_snmp.py::test_ft_snmp_mib_2
2024-01-03 03:17:48,506 T0000: INFO  support post-function-epilog test_ft_snmp_mib_2 Pass 'Test case passed'
2024-01-03 03:17:52,945 T0000: INFO  #### gw4  system/test_snmp.py
2024-01-03 03:17:52,945 T0000: INFO  support pre-function-prolog test_ft_snmp_if_mib_all  ''
2024-01-03 03:17:52,958 T0000: INFO  #### gw4  system/test_snmp.py::test_ft_snmp_if_mib_all
2024-01-03 03:17:52,958 T0000: INFO  support post-function-prolog test_ft_snmp_if_mib_all Pass ''
2024-01-03 03:17:53,117 T0000: INFO  #### gw4  system/test_snmp.py::test_ft_snmp_if_mib_all
2024-01-03 03:17:53,117 T0000: INFO  support pre-function-epilog test_ft_snmp_if_mib_all Pass 'Test case passed'
2024-01-03 03:17:53,122 T0000: INFO  #### gw4  system/test_snmp.py::test_ft_snmp_if_mib_all
2024-01-03 03:17:53,122 T0000: INFO  support post-function-epilog test_ft_snmp_if_mib_all Pass 'Test case passed'
2024-01-03 03:17:57,545 T0000: INFO  #### gw4  system/test_snmp.py
2024-01-03 03:17:57,545 T0000: INFO  support pre-function-prolog test_ft_snmp_entity_mib_all  ''
2024-01-03 03:17:57,560 T0000: INFO  #### gw4  system/test_snmp.py::test_ft_snmp_entity_mib_all
2024-01-03 03:17:57,560 T0000: INFO  support post-function-prolog test_ft_snmp_entity_mib_all Pass ''
2024-01-03 03:17:57,611 T0000: INFO  #### gw4  system/test_snmp.py::test_ft_snmp_entity_mib_all
2024-01-03 03:17:57,611 T0000: INFO  support pre-function-epilog test_ft_snmp_entity_mib_all Pass 'Test case passed'
2024-01-03 03:17:57,617 T0000: INFO  #### gw4  system/test_snmp.py::test_ft_snmp_entity_mib_all
2024-01-03 03:17:57,617 T0000: INFO  support post-function-epilog test_ft_snmp_entity_mib_all Pass 'Test case passed'
2024-01-03 03:18:02,124 T0000: INFO  #### gw4  system/test_snmp.py
2024-01-03 03:18:02,124 T0000: INFO  support pre-function-prolog test_ft_snmp_dot1q_dot1db_mib  ''
2024-01-03 03:18:02,143 T0000: INFO  #### gw4  system/test_snmp.py::test_ft_snmp_dot1q_dot1db_mib
2024-01-03 03:18:02,143 T0000: INFO  support post-function-prolog test_ft_snmp_dot1q_dot1db_mib Pass ''
2024-01-03 03:18:02,238 T0000: INFO  #### gw4  system/test_snmp.py::test_ft_snmp_dot1q_dot1db_mib
2024-01-03 03:18:02,238 T0000: INFO  support pre-function-epilog test_ft_snmp_dot1q_dot1db_mib Pass 'Test case passed'
2024-01-03 03:18:02,249 T0000: INFO  #### gw4  system/test_snmp.py::test_ft_snmp_dot1q_dot1db_mib
2024-01-03 03:18:02,249 T0000: INFO  support post-function-epilog test_ft_snmp_dot1q_dot1db_mib Pass 'Test case passed'
2024-01-03 03:18:06,752 T0000: INFO  #### gw4  system/test_snmp.py
2024-01-03 03:18:06,752 T0000: INFO  support pre-function-prolog test_ft_snmp_root_node_walk  ''
2024-01-03 03:18:06,764 T0000: INFO  #### gw4  system/test_snmp.py::test_ft_snmp_root_node_walk
2024-01-03 03:18:06,764 T0000: INFO  support post-function-prolog test_ft_snmp_root_node_walk Pass ''
2024-01-03 03:18:18,401 T0000: INFO  #### gw4  system/test_snmp.py::test_ft_snmp_root_node_walk
2024-01-03 03:18:18,401 T0000: INFO  support pre-function-epilog test_ft_snmp_root_node_walk Pass 'Test case passed'
2024-01-03 03:18:18,411 T0000: INFO  #### gw4  system/test_snmp.py::test_ft_snmp_root_node_walk
2024-01-03 03:18:18,411 T0000: INFO  support post-function-epilog test_ft_snmp_root_node_walk Pass 'Test case passed'
2024-01-03 03:18:22,916 T0000: INFO  #### gw4  system/test_snmp.py
2024-01-03 03:18:22,916 T0000: INFO  support pre-function-prolog test_ft_snmp_ipAddressRowStatus_ipv6  ''
2024-01-03 03:18:22,929 T0000: INFO  #### gw4  system/test_snmp.py::test_ft_snmp_ipAddressRowStatus_ipv6
2024-01-03 03:18:22,929 T0000: INFO  support post-function-prolog test_ft_snmp_ipAddressRowStatus_ipv6 Pass ''
2024-01-03 03:18:28,706 T0000: INFO  #### gw4  system/test_snmp.py::test_ft_snmp_ipAddressRowStatus_ipv6
2024-01-03 03:18:28,706 T0000: INFO  support pre-function-epilog test_ft_snmp_ipAddressRowStatus_ipv6 Pass 'Test case passed'
2024-01-03 03:18:28,711 T0000: INFO  #### gw4  system/test_snmp.py::test_ft_snmp_ipAddressRowStatus_ipv6
2024-01-03 03:18:28,711 T0000: INFO  support post-function-epilog test_ft_snmp_ipAddressRowStatus_ipv6 Pass 'Test case passed'
2024-01-03 03:18:33,101 T0000: INFO  #### gw4  system/test_snmp.py
2024-01-03 03:18:33,101 T0000: INFO  support pre-function-prolog test_ft_snmp_ipAddressStorageType_ipv6  ''
2024-01-03 03:18:33,116 T0000: INFO  #### gw4  system/test_snmp.py::test_ft_snmp_ipAddressStorageType_ipv6
2024-01-03 03:18:33,116 T0000: INFO  support post-function-prolog test_ft_snmp_ipAddressStorageType_ipv6 Pass ''
2024-01-03 03:18:33,145 T0000: INFO  #### gw4  system/test_snmp.py::test_ft_snmp_ipAddressStorageType_ipv6
2024-01-03 03:18:33,145 T0000: INFO  support pre-function-epilog test_ft_snmp_ipAddressStorageType_ipv6 Pass 'Test case passed'
2024-01-03 03:18:33,153 T0000: INFO  #### gw4  system/test_snmp.py::test_ft_snmp_ipAddressStorageType_ipv6
2024-01-03 03:18:33,153 T0000: INFO  support post-function-epilog test_ft_snmp_ipAddressStorageType_ipv6 Pass 'Test case passed'
2024-01-03 03:18:37,530 T0000: INFO  #### gw4  system/test_snmp.py
2024-01-03 03:18:37,530 T0000: INFO  support pre-function-prolog test_ft_snmp_ipv6_If_Forward_default_HopLimit  ''
2024-01-03 03:18:37,542 T0000: INFO  #### gw4  system/test_snmp.py::test_ft_snmp_ipv6_If_Forward_default_HopLimit
2024-01-03 03:18:37,542 T0000: INFO  support post-function-prolog test_ft_snmp_ipv6_If_Forward_default_HopLimit Pass ''
2024-01-03 03:18:37,578 T0000: INFO  #### gw4  system/test_snmp.py::test_ft_snmp_ipv6_If_Forward_default_HopLimit
2024-01-03 03:18:37,578 T0000: INFO  support pre-function-epilog test_ft_snmp_ipv6_If_Forward_default_HopLimit Pass 'Test case passed'
2024-01-03 03:18:37,588 T0000: INFO  #### gw4  system/test_snmp.py::test_ft_snmp_ipv6_If_Forward_default_HopLimit
2024-01-03 03:18:37,588 T0000: INFO  support post-function-epilog test_ft_snmp_ipv6_If_Forward_default_HopLimit Pass 'Test case passed'
2024-01-03 03:18:41,976 T0000: INFO  #### gw4  system/test_snmp.py
2024-01-03 03:18:41,977 T0000: INFO  support pre-function-prolog test_ft_snmp_ipv6scope_index_table  ''
2024-01-03 03:18:41,992 T0000: INFO  #### gw4  system/test_snmp.py::test_ft_snmp_ipv6scope_index_table
2024-01-03 03:18:41,993 T0000: INFO  support post-function-prolog test_ft_snmp_ipv6scope_index_table Pass ''
2024-01-03 03:18:42,056 T0000: INFO  #### gw4  system/test_snmp.py::test_ft_snmp_ipv6scope_index_table
2024-01-03 03:18:42,056 T0000: INFO  support pre-function-epilog test_ft_snmp_ipv6scope_index_table Pass 'Test case passed'
2024-01-03 03:18:42,061 T0000: INFO  #### gw4  system/test_snmp.py::test_ft_snmp_ipv6scope_index_table
2024-01-03 03:18:42,061 T0000: INFO  support post-function-epilog test_ft_snmp_ipv6scope_index_table Pass 'Test case passed'
2024-01-03 03:18:46,437 T0000: INFO  #### gw4  system/test_snmp.py
2024-01-03 03:18:46,437 T0000: INFO  support pre-function-prolog test_ft_snmp_ip_forward_table  ''
2024-01-03 03:18:46,449 T0000: INFO  #### gw4  system/test_snmp.py::test_ft_snmp_ip_forward_table
2024-01-03 03:18:46,449 T0000: INFO  support post-function-prolog test_ft_snmp_ip_forward_table Pass ''
2024-01-03 03:18:49,123 T0000: INFO  #### gw4  system/test_snmp.py::test_ft_snmp_ip_forward_table
2024-01-03 03:18:49,123 T0000: INFO  support pre-function-epilog test_ft_snmp_ip_forward_table Pass 'Test case passed'
2024-01-03 03:18:49,127 T0000: INFO  #### gw4  system/test_snmp.py::test_ft_snmp_ip_forward_table
2024-01-03 03:18:49,127 T0000: INFO  support post-function-epilog test_ft_snmp_ip_forward_table Pass 'Test case passed'
2024-01-03 03:18:54,629 T0000: INFO  #### gw4  system/test_snmp.py
2024-01-03 03:18:54,629 T0000: INFO  support pre-function-prolog test_ft_snmp_ifx_table  ''
2024-01-03 03:18:54,641 T0000: INFO  #### gw4  system/test_snmp.py::test_ft_snmp_ifx_table
2024-01-03 03:18:54,641 T0000: INFO  support post-function-prolog test_ft_snmp_ifx_table Pass ''
2024-01-03 03:18:54,789 T0000: INFO  #### gw4  system/test_snmp.py::test_ft_snmp_ifx_table
2024-01-03 03:18:54,789 T0000: INFO  support pre-function-epilog test_ft_snmp_ifx_table Pass 'Test case passed'
2024-01-03 03:18:54,795 T0000: INFO  #### gw4  system/test_snmp.py::test_ft_snmp_ifx_table
2024-01-03 03:18:54,795 T0000: INFO  support post-function-epilog test_ft_snmp_ifx_table Pass 'Test case passed'
2024-01-03 03:18:59,175 T0000: INFO  #### gw4  system/test_snmp.py
2024-01-03 03:18:59,175 T0000: INFO  support pre-function-prolog test_ft_snmp_ip_System_Stats_Table  ''
2024-01-03 03:18:59,187 T0000: INFO  #### gw4  system/test_snmp.py::test_ft_snmp_ip_System_Stats_Table
2024-01-03 03:18:59,187 T0000: INFO  support post-function-prolog test_ft_snmp_ip_System_Stats_Table Pass ''
2024-01-03 03:18:59,236 T0000: INFO  #### gw4  system/test_snmp.py::test_ft_snmp_ip_System_Stats_Table
2024-01-03 03:18:59,236 T0000: INFO  support pre-function-epilog test_ft_snmp_ip_System_Stats_Table Pass 'Test case passed'
2024-01-03 03:18:59,240 T0000: INFO  #### gw4  system/test_snmp.py::test_ft_snmp_ip_System_Stats_Table
2024-01-03 03:18:59,240 T0000: INFO  support post-function-epilog test_ft_snmp_ip_System_Stats_Table Pass 'Test case passed'
2024-01-03 03:19:03,735 T0000: INFO  #### gw4  system/test_snmp.py
2024-01-03 03:19:03,735 T0000: INFO  support pre-function-prolog test_ft_snmp_ip_IfStats_Table  ''
2024-01-03 03:19:03,748 T0000: INFO  #### gw4  system/test_snmp.py::test_ft_snmp_ip_IfStats_Table
2024-01-03 03:19:03,748 T0000: INFO  support post-function-prolog test_ft_snmp_ip_IfStats_Table Pass ''
2024-01-03 03:19:04,060 T0000: INFO  #### gw4  system/test_snmp.py::test_ft_snmp_ip_IfStats_Table
2024-01-03 03:19:04,060 T0000: INFO  support pre-function-epilog test_ft_snmp_ip_IfStats_Table Pass 'Test case passed'
2024-01-03 03:19:04,065 T0000: INFO  #### gw4  system/test_snmp.py::test_ft_snmp_ip_IfStats_Table
2024-01-03 03:19:04,065 T0000: INFO  support post-function-epilog test_ft_snmp_ip_IfStats_Table Pass 'Test case passed'
2024-01-03 03:19:08,451 T0000: INFO  #### gw4  system/test_snmp.py
2024-01-03 03:19:08,452 T0000: INFO  support pre-function-prolog test_ft_snmp_ip_Address_Table  ''
2024-01-03 03:19:08,466 T0000: INFO  #### gw4  system/test_snmp.py::test_ft_snmp_ip_Address_Table
2024-01-03 03:19:08,466 T0000: INFO  support post-function-prolog test_ft_snmp_ip_Address_Table Pass ''
2024-01-03 03:19:08,509 T0000: INFO  #### gw4  system/test_snmp.py::test_ft_snmp_ip_Address_Table
2024-01-03 03:19:08,509 T0000: INFO  support pre-function-epilog test_ft_snmp_ip_Address_Table Pass 'Test case passed'
2024-01-03 03:19:08,514 T0000: INFO  #### gw4  system/test_snmp.py::test_ft_snmp_ip_Address_Table
2024-01-03 03:19:08,514 T0000: INFO  support post-function-epilog test_ft_snmp_ip_Address_Table Pass 'Test case passed'
2024-01-03 03:19:12,897 T0000: INFO  #### gw4  system/test_snmp.py
2024-01-03 03:19:12,897 T0000: INFO  support pre-function-prolog test_ft_snmp_ip_NetToPhysical_Table  ''
2024-01-03 03:19:12,904 T0000: INFO  #### gw4  system/test_snmp.py::test_ft_snmp_ip_NetToPhysical_Table
2024-01-03 03:19:12,904 T0000: INFO  support post-function-prolog test_ft_snmp_ip_NetToPhysical_Table Pass ''
2024-01-03 03:19:12,944 T0000: INFO  #### gw4  system/test_snmp.py::test_ft_snmp_ip_NetToPhysical_Table
2024-01-03 03:19:12,944 T0000: INFO  support pre-function-epilog test_ft_snmp_ip_NetToPhysical_Table Pass 'Test case passed'
2024-01-03 03:19:12,949 T0000: INFO  #### gw4  system/test_snmp.py::test_ft_snmp_ip_NetToPhysical_Table
2024-01-03 03:19:12,949 T0000: INFO  support post-function-epilog test_ft_snmp_ip_NetToPhysical_Table Pass 'Test case passed'
2024-01-03 03:19:17,384 T0000: INFO  #### gw4  system/test_snmp.py
2024-01-03 03:19:17,385 T0000: INFO  support pre-function-prolog test_ft_snmp_icmp_Msgs  ''
2024-01-03 03:19:17,397 T0000: INFO  #### gw4  system/test_snmp.py::test_ft_snmp_icmp_Msgs
2024-01-03 03:19:17,397 T0000: INFO  support post-function-prolog test_ft_snmp_icmp_Msgs Pass ''
2024-01-03 03:19:17,438 T0000: INFO  #### gw4  system/test_snmp.py::test_ft_snmp_icmp_Msgs
2024-01-03 03:19:17,438 T0000: INFO  support pre-function-epilog test_ft_snmp_icmp_Msgs Pass 'Test case passed'
2024-01-03 03:19:17,446 T0000: INFO  #### gw4  system/test_snmp.py::test_ft_snmp_icmp_Msgs
2024-01-03 03:19:17,446 T0000: INFO  support post-function-epilog test_ft_snmp_icmp_Msgs Pass 'Test case passed'
2024-01-03 03:19:21,832 T0000: INFO  #### gw4  system/test_snmp.py
2024-01-03 03:19:21,833 T0000: INFO  support pre-function-prolog test_ft_snmp_tcp_mib  ''
2024-01-03 03:19:21,845 T0000: INFO  #### gw4  system/test_snmp.py::test_ft_snmp_tcp_mib
2024-01-03 03:19:21,845 T0000: INFO  support post-function-prolog test_ft_snmp_tcp_mib Pass ''
2024-01-03 03:19:40,409 T0000: INFO  #### gw4  system/test_snmp.py::test_ft_snmp_tcp_mib
2024-01-03 03:19:40,409 T0000: INFO  support pre-function-epilog test_ft_snmp_tcp_mib Pass 'Test case passed'
2024-01-03 03:19:40,417 T0000: INFO  #### gw4  system/test_snmp.py::test_ft_snmp_tcp_mib
2024-01-03 03:19:40,417 T0000: INFO  support post-function-epilog test_ft_snmp_tcp_mib Pass 'Test case passed'
2024-01-03 03:19:44,765 T0000: INFO  #### gw4  system/test_snmp.py
2024-01-03 03:19:44,765 T0000: INFO  support pre-function-prolog test_ft_snmp_udp_mib  ''
2024-01-03 03:19:44,779 T0000: INFO  #### gw4  system/test_snmp.py::test_ft_snmp_udp_mib
2024-01-03 03:19:44,779 T0000: INFO  support post-function-prolog test_ft_snmp_udp_mib Pass ''
2024-01-03 03:19:44,822 T0000: INFO  #### gw4  system/test_snmp.py::test_ft_snmp_udp_mib
2024-01-03 03:19:44,822 T0000: INFO  support pre-function-epilog test_ft_snmp_udp_mib Pass 'Test case passed'
2024-01-03 03:19:44,828 T0000: INFO  #### gw4  system/test_snmp.py::test_ft_snmp_udp_mib
2024-01-03 03:19:44,828 T0000: INFO  support post-function-epilog test_ft_snmp_udp_mib Pass 'Test case passed'
2024-01-03 03:19:49,285 T0000: INFO  #### gw4  system/test_snmp.py
2024-01-03 03:19:49,286 T0000: INFO  support pre-function-prolog test_ft_snmp_snmpv2_mib  ''
2024-01-03 03:19:49,298 T0000: INFO  #### gw4  system/test_snmp.py::test_ft_snmp_snmpv2_mib
2024-01-03 03:19:49,298 T0000: INFO  support post-function-prolog test_ft_snmp_snmpv2_mib Pass ''
2024-01-03 03:19:49,329 T0000: INFO  #### gw4  system/test_snmp.py::test_ft_snmp_snmpv2_mib
2024-01-03 03:19:49,329 T0000: INFO  support pre-function-epilog test_ft_snmp_snmpv2_mib Pass 'Test case passed'
2024-01-03 03:19:49,335 T0000: INFO  #### gw4  system/test_snmp.py::test_ft_snmp_snmpv2_mib
2024-01-03 03:19:49,335 T0000: INFO  support post-function-epilog test_ft_snmp_snmpv2_mib Pass 'Test case passed'
2024-01-03 03:19:53,769 T0000: INFO  #### gw4  system/test_snmp.py
2024-01-03 03:19:53,769 T0000: INFO  support pre-function-prolog test_ft_snmp_host_resource_mib  ''
2024-01-03 03:19:53,795 T0000: INFO  #### gw4  system/test_snmp.py::test_ft_snmp_host_resource_mib
2024-01-03 03:19:53,795 T0000: INFO  support post-function-prolog test_ft_snmp_host_resource_mib Pass ''
2024-01-03 03:19:53,980 T0000: INFO  #### gw4  system/test_snmp.py::test_ft_snmp_host_resource_mib
2024-01-03 03:19:53,980 T0000: INFO  support pre-function-epilog test_ft_snmp_host_resource_mib Pass 'Test case passed'
2024-01-03 03:19:53,985 T0000: INFO  #### gw4  system/test_snmp.py::test_ft_snmp_host_resource_mib
2024-01-03 03:19:53,985 T0000: INFO  support post-function-epilog test_ft_snmp_host_resource_mib Pass 'Test case passed'
2024-01-03 03:19:58,453 T0000: INFO  #### gw4  system/test_snmp.py
2024-01-03 03:19:58,453 T0000: INFO  support pre-function-prolog test_ft_snmp_framework_mib  ''
2024-01-03 03:19:58,466 T0000: INFO  #### gw4  system/test_snmp.py::test_ft_snmp_framework_mib
2024-01-03 03:19:58,466 T0000: INFO  support post-function-prolog test_ft_snmp_framework_mib Pass ''
2024-01-03 03:19:58,488 T0000: INFO  #### gw4  system/test_snmp.py::test_ft_snmp_framework_mib
2024-01-03 03:19:58,488 T0000: INFO  support pre-function-epilog test_ft_snmp_framework_mib Pass 'Test case passed'
2024-01-03 03:19:58,495 T0000: INFO  #### gw4  system/test_snmp.py::test_ft_snmp_framework_mib
2024-01-03 03:19:58,495 T0000: INFO  support post-function-epilog test_ft_snmp_framework_mib Pass 'Test case passed'
2024-01-03 03:20:02,961 T0000: INFO  #### gw4  system/test_snmp.py
2024-01-03 03:20:02,961 T0000: INFO  support pre-function-prolog test_ft_snmp_mpd_mib  ''
2024-01-03 03:20:02,975 T0000: INFO  #### gw4  system/test_snmp.py::test_ft_snmp_mpd_mib
2024-01-03 03:20:02,975 T0000: INFO  support post-function-prolog test_ft_snmp_mpd_mib Pass ''
2024-01-03 03:20:02,996 T0000: INFO  #### gw4  system/test_snmp.py::test_ft_snmp_mpd_mib
2024-01-03 03:20:02,996 T0000: INFO  support pre-function-epilog test_ft_snmp_mpd_mib Pass 'Test case passed'
2024-01-03 03:20:03,004 T0000: INFO  #### gw4  system/test_snmp.py::test_ft_snmp_mpd_mib
2024-01-03 03:20:03,004 T0000: INFO  support post-function-epilog test_ft_snmp_mpd_mib Pass 'Test case passed'
2024-01-03 03:20:07,499 T0000: INFO  #### gw4  system/test_snmp.py
2024-01-03 03:20:07,499 T0000: INFO  support pre-function-prolog test_ft_snmp_target_mib  ''
2024-01-03 03:20:07,511 T0000: INFO  #### gw4  system/test_snmp.py::test_ft_snmp_target_mib
2024-01-03 03:20:07,511 T0000: INFO  support post-function-prolog test_ft_snmp_target_mib Pass ''
2024-01-03 03:20:07,539 T0000: INFO  #### gw4  system/test_snmp.py::test_ft_snmp_target_mib
2024-01-03 03:20:07,539 T0000: INFO  support pre-function-epilog test_ft_snmp_target_mib Pass 'Test case passed'
2024-01-03 03:20:07,546 T0000: INFO  #### gw4  system/test_snmp.py::test_ft_snmp_target_mib
2024-01-03 03:20:07,546 T0000: INFO  support post-function-epilog test_ft_snmp_target_mib Pass 'Test case passed'
2024-01-03 03:20:11,947 T0000: INFO  #### gw4  system/test_snmp.py
2024-01-03 03:20:11,947 T0000: INFO  support pre-function-prolog test_ft_snmp_notification_mib  ''
2024-01-03 03:20:11,960 T0000: INFO  #### gw4  system/test_snmp.py::test_ft_snmp_notification_mib
2024-01-03 03:20:11,960 T0000: INFO  support post-function-prolog test_ft_snmp_notification_mib Pass ''
2024-01-03 03:20:11,981 T0000: INFO  #### gw4  system/test_snmp.py::test_ft_snmp_notification_mib
2024-01-03 03:20:11,981 T0000: INFO  support pre-function-epilog test_ft_snmp_notification_mib Pass 'Test case passed'
2024-01-03 03:20:11,989 T0000: INFO  #### gw4  system/test_snmp.py::test_ft_snmp_notification_mib
2024-01-03 03:20:11,989 T0000: INFO  support post-function-epilog test_ft_snmp_notification_mib Pass 'Test case passed'
2024-01-03 03:20:16,474 T0000: INFO  #### gw4  system/test_snmp.py
2024-01-03 03:20:16,474 T0000: INFO  support pre-function-prolog test_ft_snmp_user_based_sm_mib  ''
2024-01-03 03:20:16,486 T0000: INFO  #### gw4  system/test_snmp.py::test_ft_snmp_user_based_sm_mib
2024-01-03 03:20:16,486 T0000: INFO  support post-function-prolog test_ft_snmp_user_based_sm_mib Pass ''
2024-01-03 03:20:16,509 T0000: INFO  #### gw4  system/test_snmp.py::test_ft_snmp_user_based_sm_mib
2024-01-03 03:20:16,509 T0000: INFO  support pre-function-epilog test_ft_snmp_user_based_sm_mib Pass 'Test case passed'
2024-01-03 03:20:16,517 T0000: INFO  #### gw4  system/test_snmp.py::test_ft_snmp_user_based_sm_mib
2024-01-03 03:20:16,517 T0000: INFO  support post-function-epilog test_ft_snmp_user_based_sm_mib Pass 'Test case passed'
2024-01-03 03:20:21,106 T0000: INFO  #### gw4  system/test_snmp.py
2024-01-03 03:20:21,106 T0000: INFO  support pre-function-prolog test_ft_snmp_view_based_acm_mib  ''
2024-01-03 03:20:21,118 T0000: INFO  #### gw4  system/test_snmp.py::test_ft_snmp_view_based_acm_mib
2024-01-03 03:20:21,118 T0000: INFO  support post-function-prolog test_ft_snmp_view_based_acm_mib Pass ''
2024-01-03 03:20:21,161 T0000: INFO  #### gw4  system/test_snmp.py::test_ft_snmp_view_based_acm_mib
2024-01-03 03:20:21,161 T0000: INFO  support pre-function-epilog test_ft_snmp_view_based_acm_mib Pass 'Test case passed'
2024-01-03 03:20:21,167 T0000: INFO  #### gw4  system/test_snmp.py::test_ft_snmp_view_based_acm_mib
2024-01-03 03:20:21,167 T0000: INFO  support post-function-epilog test_ft_snmp_view_based_acm_mib Pass 'Test case passed'
2024-01-03 03:20:25,725 T0000: INFO  #### gw4  system/test_snmp.py
2024-01-03 03:20:25,725 T0000: INFO  support pre-function-prolog test_ft_snmp_ent_physical_table  ''
2024-01-03 03:20:25,738 T0000: INFO  #### gw4  system/test_snmp.py::test_ft_snmp_ent_physical_table
2024-01-03 03:20:25,738 T0000: INFO  support post-function-prolog test_ft_snmp_ent_physical_table Pass ''
2024-01-03 03:20:25,794 T0000: INFO  #### gw4  system/test_snmp.py::test_ft_snmp_ent_physical_table
2024-01-03 03:20:25,794 T0000: INFO  support pre-function-epilog test_ft_snmp_ent_physical_table Pass 'Test case passed'
2024-01-03 03:20:25,801 T0000: INFO  #### gw4  system/test_snmp.py::test_ft_snmp_ent_physical_table
2024-01-03 03:20:25,801 T0000: INFO  support post-function-epilog test_ft_snmp_ent_physical_table Pass 'Test case passed'
2024-01-03 03:20:30,348 T0000: INFO  #### gw4  system/test_snmp.py
2024-01-03 03:20:30,348 T0000: INFO  support pre-function-prolog test_ft_snmp_dot3_stats_table  ''
2024-01-03 03:20:30,357 T0000: INFO  #### gw4  system/test_snmp.py::test_ft_snmp_dot3_stats_table
2024-01-03 03:20:30,357 T0000: INFO  support post-function-prolog test_ft_snmp_dot3_stats_table Pass ''
2024-01-03 03:20:30,418 T0000: INFO  #### gw4  system/test_snmp.py::test_ft_snmp_dot3_stats_table
2024-01-03 03:20:30,419 T0000: INFO  support pre-function-epilog test_ft_snmp_dot3_stats_table Pass 'Test case passed'
2024-01-03 03:20:30,423 T0000: INFO  #### gw4  system/test_snmp.py::test_ft_snmp_dot3_stats_table
2024-01-03 03:20:30,424 T0000: INFO  support post-function-epilog test_ft_snmp_dot3_stats_table Pass 'Test case passed'
2024-01-03 03:20:34,912 T0000: INFO  #### gw4  system/test_snmp.py
2024-01-03 03:20:34,913 T0000: INFO  support pre-function-prolog test_ft_net_snmp_agent_mib  ''
2024-01-03 03:20:34,925 T0000: INFO  #### gw4  system/test_snmp.py::test_ft_net_snmp_agent_mib
2024-01-03 03:20:34,925 T0000: INFO  support post-function-prolog test_ft_net_snmp_agent_mib Pass ''
2024-01-03 03:20:35,379 T0000: INFO  #### gw4  system/test_snmp.py::test_ft_net_snmp_agent_mib
2024-01-03 03:20:35,379 T0000: INFO  support pre-function-epilog test_ft_net_snmp_agent_mib Pass 'Test case passed'
2024-01-03 03:20:35,384 T0000: INFO  #### gw4  system/test_snmp.py::test_ft_net_snmp_agent_mib
2024-01-03 03:20:35,384 T0000: INFO  support post-function-epilog test_ft_net_snmp_agent_mib Pass 'Test case passed'
2024-01-03 03:20:39,823 T0000: INFO  #### gw4  system/test_snmp.py
2024-01-03 03:20:39,823 T0000: INFO  support pre-function-prolog test_ft_net_snmp_vacm_mib  ''
2024-01-03 03:20:39,834 T0000: INFO  #### gw4  system/test_snmp.py::test_ft_net_snmp_vacm_mib
2024-01-03 03:20:39,834 T0000: INFO  support post-function-prolog test_ft_net_snmp_vacm_mib Pass ''
2024-01-03 03:20:39,874 T0000: INFO  #### gw4  system/test_snmp.py::test_ft_net_snmp_vacm_mib
2024-01-03 03:20:39,874 T0000: INFO  support pre-function-epilog test_ft_net_snmp_vacm_mib Pass 'Test case passed'
2024-01-03 03:20:39,880 T0000: INFO  #### gw4  system/test_snmp.py::test_ft_net_snmp_vacm_mib
2024-01-03 03:20:39,880 T0000: INFO  support post-function-epilog test_ft_net_snmp_vacm_mib Pass 'Test case passed'
2024-01-03 03:20:44,557 T0000: INFO  #### gw4  system/test_snmp.py
2024-01-03 03:20:44,557 T0000: INFO  support pre-function-prolog test_ft_snmp_ucd_diskio_mib  ''
2024-01-03 03:20:44,572 T0000: INFO  #### gw4  system/test_snmp.py::test_ft_snmp_ucd_diskio_mib
2024-01-03 03:20:44,572 T0000: INFO  support post-function-prolog test_ft_snmp_ucd_diskio_mib Pass ''
2024-01-03 03:20:44,624 T0000: INFO  #### gw4  system/test_snmp.py::test_ft_snmp_ucd_diskio_mib
2024-01-03 03:20:44,624 T0000: INFO  support pre-function-epilog test_ft_snmp_ucd_diskio_mib Pass 'Test case passed'
2024-01-03 03:20:44,629 T0000: INFO  #### gw4  system/test_snmp.py::test_ft_snmp_ucd_diskio_mib
2024-01-03 03:20:44,629 T0000: INFO  support post-function-epilog test_ft_snmp_ucd_diskio_mib Pass 'Test case passed'
2024-01-03 03:20:49,067 T0000: INFO  #### gw4  system/test_snmp.py
2024-01-03 03:20:49,068 T0000: INFO  support pre-function-prolog test_ft_snmp_ucd_la_table  ''
2024-01-03 03:20:49,081 T0000: INFO  #### gw4  system/test_snmp.py::test_ft_snmp_ucd_la_table
2024-01-03 03:20:49,081 T0000: INFO  support post-function-prolog test_ft_snmp_ucd_la_table Pass ''
2024-01-03 03:20:49,116 T0000: INFO  #### gw4  system/test_snmp.py::test_ft_snmp_ucd_la_table
2024-01-03 03:20:49,116 T0000: INFO  support pre-function-epilog test_ft_snmp_ucd_la_table Pass 'Test case passed'
2024-01-03 03:20:49,124 T0000: INFO  #### gw4  system/test_snmp.py::test_ft_snmp_ucd_la_table
2024-01-03 03:20:49,124 T0000: INFO  support post-function-epilog test_ft_snmp_ucd_la_table Pass 'Test case passed'
2024-01-03 03:20:53,578 T0000: INFO  #### gw4  system/test_snmp.py
2024-01-03 03:20:53,578 T0000: INFO  support pre-function-prolog test_ft_snmp_ucd_system_stats  ''
2024-01-03 03:20:53,590 T0000: INFO  #### gw4  system/test_snmp.py::test_ft_snmp_ucd_system_stats
2024-01-03 03:20:53,590 T0000: INFO  support post-function-prolog test_ft_snmp_ucd_system_stats Pass ''
2024-01-03 03:20:53,624 T0000: INFO  #### gw4  system/test_snmp.py::test_ft_snmp_ucd_system_stats
2024-01-03 03:20:53,625 T0000: INFO  support pre-function-epilog test_ft_snmp_ucd_system_stats Pass 'Test case passed'
2024-01-03 03:20:53,630 T0000: INFO  #### gw4  system/test_snmp.py::test_ft_snmp_ucd_system_stats
2024-01-03 03:20:53,630 T0000: INFO  support post-function-epilog test_ft_snmp_ucd_system_stats Pass 'Test case passed'
2024-01-03 03:20:58,035 T0000: INFO  #### gw4  system/test_snmp.py
2024-01-03 03:20:58,035 T0000: INFO  support pre-function-prolog test_ft_snmp_dot1q_tp_fdb_port  ''
2024-01-03 03:20:58,046 T0000: INFO  #### gw4  system/test_snmp.py::test_ft_snmp_dot1q_tp_fdb_port
2024-01-03 03:20:58,046 T0000: INFO  support post-function-prolog test_ft_snmp_dot1q_tp_fdb_port Pass ''
2024-01-03 03:20:59,280 T0000: WARN  #### gw4  system/test_snmp.py::test_ft_snmp_dot1q_tp_fdb_port
2024-01-03 03:20:59,280 T0000: WARN  support pre-function-epilog test_ft_snmp_dot1q_tp_fdb_port Fail 'SNMP output is not found after walk of dot1qTpFdbPort OID'
2024-01-03 03:20:59,677 T0000: WARN  #### gw4  system/test_snmp.py::test_ft_snmp_dot1q_tp_fdb_port
2024-01-03 03:20:59,677 T0000: WARN  support post-function-epilog test_ft_snmp_dot1q_tp_fdb_port ignore 'SNMP output is not found after walk of dot1qTpFdbPort OID'
2024-01-03 03:21:04,189 T0000: INFO  #### gw4  system/test_snmp.py
2024-01-03 03:21:04,189 T0000: INFO  support pre-function-prolog test_ft_snmp_dot1q_tp_fdb_address  ''
2024-01-03 03:21:04,200 T0000: INFO  #### gw4  system/test_snmp.py::test_ft_snmp_dot1q_tp_fdb_address
2024-01-03 03:21:04,200 T0000: INFO  support post-function-prolog test_ft_snmp_dot1q_tp_fdb_address Pass ''
2024-01-03 03:21:04,606 T0000: INFO  #### gw4  system/test_snmp.py::test_ft_snmp_dot1q_tp_fdb_address
2024-01-03 03:21:04,607 T0000: INFO  support pre-function-epilog test_ft_snmp_dot1q_tp_fdb_address Pass 'Test case passed'
2024-01-03 03:21:04,616 T0000: INFO  #### gw4  system/test_snmp.py::test_ft_snmp_dot1q_tp_fdb_address
2024-01-03 03:21:04,616 T0000: INFO  support post-function-epilog test_ft_snmp_dot1q_tp_fdb_address Pass 'Test case passed'
2024-01-03 03:21:08,949 T0000: INFO  #### gw4  system/test_snmp.py
2024-01-03 03:21:08,949 T0000: INFO  support pre-function-prolog test_ft_snmp_coldstart_trap  ''
2024-01-03 03:21:08,961 T0000: INFO  #### gw4  system/test_snmp.py::test_ft_snmp_coldstart_trap
2024-01-03 03:21:08,961 T0000: INFO  support post-function-prolog test_ft_snmp_coldstart_trap Pass ''
2024-01-03 03:21:22,751 T0000: WARN  #### gw4  system/test_snmp.py::test_ft_snmp_coldstart_trap
2024-01-03 03:21:22,751 T0000: WARN  support pre-function-epilog test_ft_snmp_coldstart_trap EnvFail 'Test case Failed Couldn't get the snmptrapd process details from snmp trap server. Please check the snmp trap server process in the server.'
2024-01-03 03:21:23,217 T0000: WARN  #### gw4  system/test_snmp.py::test_ft_snmp_coldstart_trap
2024-01-03 03:21:23,217 T0000: WARN  support post-function-epilog test_ft_snmp_coldstart_trap ignore 'Test case Failed Couldn't get the snmptrapd process details from snmp trap server. Please check the snmp trap server process in the server.'
2024-01-03 03:21:27,657 T0000: INFO  #### gw4  system/test_snmp.py
2024-01-03 03:21:27,657 T0000: INFO  support pre-function-prolog test_ft_snmp_docker_restart  ''
2024-01-03 03:21:27,667 T0000: INFO  #### gw4  system/test_snmp.py::test_ft_snmp_docker_restart
2024-01-03 03:21:27,667 T0000: INFO  support post-function-prolog test_ft_snmp_docker_restart Pass ''
2024-01-03 03:21:41,298 T0000: WARN  #### gw4  system/test_snmp.py::test_ft_snmp_docker_restart
2024-01-03 03:21:41,299 T0000: WARN  support pre-function-epilog test_ft_snmp_docker_restart Fail 'sysname output is not in sync between system and snmp after docker restart'
2024-01-03 03:21:41,745 T0000: WARN  #### gw4  system/test_snmp.py::test_ft_snmp_docker_restart
2024-01-03 03:21:41,745 T0000: WARN  support post-function-epilog test_ft_snmp_docker_restart ignore 'sysname output is not in sync between system and snmp after docker restart'
2024-01-03 03:21:41,787 T0000: WARN  #### gw4  system/test_snmp.py::test_ft_snmp_docker_restart
2024-01-03 03:21:41,787 T0000: WARN  support pre-module-epilog system/test_snmp.py fail ''
2024-01-03 03:22:34,473 T0000: WARN  #### gw4  system/test_snmp.py::test_ft_snmp_docker_restart
2024-01-03 03:22:34,474 T0000: WARN  support post-module-epilog system/test_snmp.py fail ''
2024-01-03 03:24:13,293 T0000: WARN  #### gw4  batch/test_spytest_infra_1.py::test_spytest_infra_last
2024-01-03 03:24:13,293 T0000: WARN  support session-epilog session pass ''
