2023-12-28 00:17:12.202848 = START
2023-12-28 00:17:13.340746 = device connections start
2023-12-28 00:17:46.529964 = device connections finish
2023-12-28 00:17:46.533888 = session init start
2023-12-28 00:19:50.812606 = report file generation start
2023-12-28 00:19:50.896903 = report file generation end
2023-12-28 00:20:14.500761 = session init end
2023-12-28 00:20:14.502434 = Framework Module Hook Start
2023-12-28 00:20:14.913811 = module test_spytest_infra_1.py init start
2023-12-28 00:20:18.864416 = module test_spytest_infra_1.py init end
2023-12-28 00:20:18.865261 = Framework Module Hook end
2023-12-28 00:20:18.866125 = Framework Function Hook Start
2023-12-28 00:20:21.952112 = function batch/test_spytest_infra_1.py::test_spytest_infra_first init start
2023-12-28 00:20:26.406598 = function batch/test_spytest_infra_1.py::test_spytest_infra_first init end
2023-12-28 00:20:26.407620 = Framework Function Hook end
2023-12-28 00:20:26.410742 = Module Config Time (2023-12-28 00:20:14.502513 - 2023-12-28 00:20:18.866884) Published
2023-12-28 00:20:26.413868 = function batch/test_spytest_infra_1.py::test_spytest_infra_first clean start
2023-12-28 00:20:26.424245 = Test Time (2023-12-28 00:20:21.952207 - 2023-12-28 00:20:26.424238) Published
2023-12-28 00:20:26.429937 = function batch/test_spytest_infra_1.py::test_spytest_infra_first clean end
2023-12-28 00:20:26.430266 = Framework Function Hook Finalize
2023-12-28 00:20:26.564121 = Framework Function Hook Start
2023-12-28 00:20:26.565302 = function batch/test_spytest_infra_1.py::test_spytest_infra_second init start
2023-12-28 00:20:31.025270 = function batch/test_spytest_infra_1.py::test_spytest_infra_second init end
2023-12-28 00:20:31.026296 = Framework Function Hook end
2023-12-28 00:20:31.029914 = function batch/test_spytest_infra_1.py::test_spytest_infra_second clean start
2023-12-28 00:20:31.041818 = Test Time (2023-12-28 00:20:26.565501 - 2023-12-28 00:20:31.041811) Published
2023-12-28 00:20:31.046841 = function batch/test_spytest_infra_1.py::test_spytest_infra_second clean end
2023-12-28 00:20:31.047124 = Framework Function Hook Finalize
2023-12-28 00:20:31.047292 = module test_spytest_infra_1.py clean start
2023-12-28 00:20:33.398510 = report file generation start
2023-12-28 00:20:33.480510 = report file generation end
2023-12-28 00:20:33.485677 = module test_spytest_infra_1.py clean end
2023-12-28 00:20:33.486084 = Framework Module Hook Finalize
2023-12-28 00:20:33.488177 = Framework Module Hook Start
2023-12-28 00:20:33.899327 = module test_nat.py init start
2023-12-28 00:21:01.460749 = module test_nat.py init end
2023-12-28 00:21:01.461244 = Framework Module Hook end
2023-12-28 00:21:01.461631 = User Module routing/NAT/test_nat.py Hook Start
2023-12-28 00:21:40.057691 = User Module routing/NAT/test_nat.py Hook end
2023-12-28 00:21:40.058476 = Framework Function Hook Start
2023-12-28 00:22:06.811931 = function routing/NAT/test_nat.py::test_ft_nat_docker_restart init start
2023-12-28 00:22:11.381113 = function routing/NAT/test_nat.py::test_ft_nat_docker_restart init end
2023-12-28 00:22:11.381591 = Framework Function Hook end
2023-12-28 00:22:11.382077 = User Function routing/NAT/test_nat.py::test_ft_nat_docker_restart Hook Start
2023-12-28 00:22:14.169867 = User Function routing/NAT/test_nat.py::test_ft_nat_docker_restart Hook end
2023-12-28 00:22:14.171552 = Module Config Time (2023-12-28 00:20:33.488239 - 2023-12-28 00:21:40.058581) Published
2023-12-28 00:22:57.922019 = User Function routing/NAT/test_nat.py::test_ft_nat_docker_restart Hook Finalize
2023-12-28 00:22:57.922201 = function routing/NAT/test_nat.py::test_ft_nat_docker_restart clean start
2023-12-28 00:22:57.935161 = Test Time (2023-12-28 00:22:06.812034 - 2023-12-28 00:22:57.935153) Published
2023-12-28 00:22:57.940527 = function routing/NAT/test_nat.py::test_ft_nat_docker_restart clean end
2023-12-28 00:22:57.940846 = Framework Function Hook Finalize
2023-12-28 00:23:32.278487 = User Module routing/NAT/test_nat.py Hook Finalize
2023-12-28 00:23:32.278678 = module test_nat.py clean start
2023-12-28 00:23:58.117006 = report file generation start
2023-12-28 00:23:58.197494 = report file generation end
2023-12-28 00:23:58.203091 = module test_nat.py clean end
2023-12-28 00:23:58.203678 = Framework Module Hook Finalize
2023-12-28 00:23:58.907123 = Framework Module Hook Start
2023-12-28 00:23:59.327437 = module test_spytest_infra_1.py init start
2023-12-28 00:25:05.589897 = module test_spytest_infra_1.py init end
2023-12-28 00:25:05.590467 = Framework Module Hook end
2023-12-28 00:25:05.590998 = Framework Function Hook Start
2023-12-28 00:25:08.700391 = function batch/test_spytest_infra_1.py::test_spytest_infra_last init start
2023-12-28 00:25:13.358738 = function batch/test_spytest_infra_1.py::test_spytest_infra_last init end
2023-12-28 00:25:13.359703 = Framework Function Hook end
2023-12-28 00:25:13.361128 = Module Config Time (2023-12-28 00:23:58.907419 - 2023-12-28 00:25:05.591133) Published
2023-12-28 00:25:13.362671 = function batch/test_spytest_infra_1.py::test_spytest_infra_last clean start
2023-12-28 00:25:13.376163 = Test Time (2023-12-28 00:25:08.700498 - 2023-12-28 00:25:13.376138) Published
2023-12-28 00:25:13.382168 = function batch/test_spytest_infra_1.py::test_spytest_infra_last clean end
2023-12-28 00:25:13.382645 = Framework Function Hook Finalize
2023-12-28 00:25:13.382878 = module test_spytest_infra_1.py clean start
2023-12-28 00:25:15.767145 = report file generation start
2023-12-28 00:25:15.858220 = report file generation end
2023-12-28 00:25:15.863255 = module test_spytest_infra_1.py clean end
2023-12-28 00:25:15.863672 = Framework Module Hook Finalize
2023-12-28 00:25:15.866329 = Framework Module Hook Start
2023-12-28 00:25:16.277659 = module test_qos_save_reboot.py init start
2023-12-28 00:26:08.735720 = module test_qos_save_reboot.py init end
2023-12-28 00:26:08.736251 = Framework Module Hook end
2023-12-28 00:26:08.736768 = User Module qos/test_qos_save_reboot.py Hook Start
2023-12-28 00:28:31.155140 = User Module qos/test_qos_save_reboot.py Hook end
2023-12-28 00:28:31.155905 = Framework Function Hook Start
2023-12-28 00:28:57.892134 = function qos/test_qos_save_reboot.py::test_ft_qos_config_mgmt_verifying_config_with_save_reboot init start
2023-12-28 00:29:02.465765 = function qos/test_qos_save_reboot.py::test_ft_qos_config_mgmt_verifying_config_with_save_reboot init end
2023-12-28 00:29:02.466296 = Framework Function Hook end
2023-12-28 00:29:02.466796 = User Function qos/test_qos_save_reboot.py::test_ft_qos_config_mgmt_verifying_config_with_save_reboot Hook Start
2023-12-28 00:29:02.469483 = User Function qos/test_qos_save_reboot.py::test_ft_qos_config_mgmt_verifying_config_with_save_reboot Hook end
2023-12-28 00:29:02.470642 = Module Config Time (2023-12-28 00:25:15.866391 - 2023-12-28 00:28:31.156004) Published
2023-12-28 00:32:19.284425 = User Function qos/test_qos_save_reboot.py::test_ft_qos_config_mgmt_verifying_config_with_save_reboot Hook Finalize
2023-12-28 00:32:19.284648 = function qos/test_qos_save_reboot.py::test_ft_qos_config_mgmt_verifying_config_with_save_reboot clean start
2023-12-28 00:32:19.307348 = Test Time (2023-12-28 00:28:57.892238 - 2023-12-28 00:32:19.307330) Published
2023-12-28 00:32:19.313733 = function qos/test_qos_save_reboot.py::test_ft_qos_config_mgmt_verifying_config_with_save_reboot clean end
2023-12-28 00:32:19.314314 = Framework Function Hook Finalize
2023-12-28 00:32:45.224071 = User Module qos/test_qos_save_reboot.py Hook Finalize
2023-12-28 00:32:45.224421 = module test_qos_save_reboot.py clean start
2023-12-28 00:33:11.316646 = report file generation start
2023-12-28 00:33:11.400205 = report file generation end
2023-12-28 00:33:11.405991 = module test_qos_save_reboot.py clean end
2023-12-28 00:33:11.406505 = Framework Module Hook Finalize
2023-12-28 00:33:12.400242 = Framework Module Hook Start
2023-12-28 00:33:12.818186 = module test_spytest_infra_1.py init start
2023-12-28 00:34:18.963117 = module test_spytest_infra_1.py init end
2023-12-28 00:34:18.963881 = Framework Module Hook end
2023-12-28 00:34:18.964653 = Framework Function Hook Start
2023-12-28 00:34:22.051574 = function batch/test_spytest_infra_1.py::test_spytest_infra_last init start
2023-12-28 00:34:26.565161 = function batch/test_spytest_infra_1.py::test_spytest_infra_last init end
2023-12-28 00:34:26.566147 = Framework Function Hook end
2023-12-28 00:34:26.567603 = Module Config Time (2023-12-28 00:33:12.400374 - 2023-12-28 00:34:18.964901) Published
2023-12-28 00:34:26.570169 = function batch/test_spytest_infra_1.py::test_spytest_infra_last clean start
2023-12-28 00:34:26.581546 = Test Time (2023-12-28 00:34:22.051674 - 2023-12-28 00:34:26.581539) Published
2023-12-28 00:34:26.586674 = function batch/test_spytest_infra_1.py::test_spytest_infra_last clean end
2023-12-28 00:34:26.586930 = Framework Function Hook Finalize
2023-12-28 00:34:26.587079 = module test_spytest_infra_1.py clean start
2023-12-28 00:34:28.935573 = report file generation start
2023-12-28 00:34:29.017844 = report file generation end
2023-12-28 00:34:29.023041 = module test_spytest_infra_1.py clean end
2023-12-28 00:34:29.023417 = Framework Module Hook Finalize
2023-12-28 00:34:29.025768 = Framework Module Hook Start
2023-12-28 00:34:29.436769 = module test_device_mgmt.py init start
2023-12-28 00:35:23.179225 = module test_device_mgmt.py init end
2023-12-28 00:35:23.179811 = Framework Module Hook end
2023-12-28 00:35:23.180419 = User Module system/test_device_mgmt.py Hook Start
2023-12-28 00:35:23.181433 = User Module system/test_device_mgmt.py Hook end
2023-12-28 00:35:23.181705 = Framework Function Hook Start
2023-12-28 00:35:50.020380 = function system/test_device_mgmt.py::test_ft_ip_static_ip_on_mgmt_intrf init start
2023-12-28 00:35:54.601309 = function system/test_device_mgmt.py::test_ft_ip_static_ip_on_mgmt_intrf init end
2023-12-28 00:35:54.601770 = Framework Function Hook end
2023-12-28 00:35:54.602150 = User Function system/test_device_mgmt.py::test_ft_ip_static_ip_on_mgmt_intrf Hook Start
2023-12-28 00:35:54.604705 = User Function system/test_device_mgmt.py::test_ft_ip_static_ip_on_mgmt_intrf Hook end
2023-12-28 00:35:54.605470 = Module Config Time (2023-12-28 00:34:29.025827 - 2023-12-28 00:35:23.181785) Published
2023-12-28 00:36:11.748158 = User Function system/test_device_mgmt.py::test_ft_ip_static_ip_on_mgmt_intrf Hook Finalize
2023-12-28 00:36:11.748336 = function system/test_device_mgmt.py::test_ft_ip_static_ip_on_mgmt_intrf clean start
2023-12-28 00:36:11.761451 = Test Time (2023-12-28 00:35:50.020474 - 2023-12-28 00:36:11.761441) Published
2023-12-28 00:36:11.766883 = function system/test_device_mgmt.py::test_ft_ip_static_ip_on_mgmt_intrf clean end
2023-12-28 00:36:11.767241 = Framework Function Hook Finalize
2023-12-28 00:36:35.476495 = User Module system/test_device_mgmt.py Hook Finalize
2023-12-28 00:36:35.476654 = module test_device_mgmt.py clean start
2023-12-28 00:37:01.571876 = report file generation start
2023-12-28 00:37:01.663287 = report file generation end
2023-12-28 00:37:01.669236 = module test_device_mgmt.py clean end
2023-12-28 00:37:01.669987 = Framework Module Hook Finalize
2023-12-28 00:37:01.755902 = Framework Module Hook Start
2023-12-28 00:37:02.170168 = module test_spytest_infra_1.py init start
2023-12-28 00:37:32.452199 = module test_spytest_infra_1.py init end
2023-12-28 00:37:32.452686 = Framework Module Hook end
2023-12-28 00:37:32.453257 = Framework Function Hook Start
2023-12-28 00:37:35.555695 = function batch/test_spytest_infra_1.py::test_spytest_infra_last init start
2023-12-28 00:37:40.125158 = function batch/test_spytest_infra_1.py::test_spytest_infra_last init end
2023-12-28 00:37:40.126109 = Framework Function Hook end
2023-12-28 00:37:40.127576 = Module Config Time (2023-12-28 00:37:01.756033 - 2023-12-28 00:37:32.453399) Published
2023-12-28 00:37:40.130231 = function batch/test_spytest_infra_1.py::test_spytest_infra_last clean start
2023-12-28 00:37:40.141941 = Test Time (2023-12-28 00:37:35.555787 - 2023-12-28 00:37:40.141934) Published
2023-12-28 00:37:40.147167 = function batch/test_spytest_infra_1.py::test_spytest_infra_last clean end
2023-12-28 00:37:40.147435 = Framework Function Hook Finalize
2023-12-28 00:37:40.147586 = module test_spytest_infra_1.py clean start
2023-12-28 00:37:42.551769 = report file generation start
2023-12-28 00:37:42.645483 = report file generation end
2023-12-28 00:37:42.651065 = module test_spytest_infra_1.py clean end
2023-12-28 00:37:42.652217 = Framework Module Hook Finalize
2023-12-28 00:37:42.652854 = session clean start
2023-12-28 00:37:42.663894 = report file generation start
2023-12-28 00:37:42.746682 = report file generation end
2023-12-28 00:37:43.454550 = session clean end
