2024-01-02 22:37:44,530 T0014: [D3-V3] ['export TMOUT=0', 'stty cols 5000', 'uptime']
2024-01-02 22:37:44,533 T0015: [D4-V4] ['export TMOUT=0', 'stty cols 5000', 'uptime']
2024-01-02 22:37:44,546 T0012: [D1-V1] ['export TMOUT=0', 'stty cols 5000', 'uptime']
2024-01-02 22:37:44,563 T0013: [D2-V2] ['export TMOUT=0', 'stty cols 5000', 'uptime']
2024-01-02 22:37:45,213 T0015: [D4-V4] cat /proc/uptime
2024-01-02 22:37:45,217 T0014: [D3-V3] cat /proc/uptime
2024-01-02 22:37:45,226 T0012: [D1-V1] cat /proc/uptime
2024-01-02 22:37:45,233 T0013: [D2-V2] cat /proc/uptime
2024-01-02 22:37:45,882 T0015: [D4-V4] sudo vtysh -c 'show running-config | include hostname'
2024-01-02 22:37:45,894 T0014: [D3-V3] sudo vtysh -c 'show running-config | include hostname'
2024-01-02 22:37:45,898 T0012: [D1-V1] sudo vtysh -c 'show running-config | include hostname'
2024-01-02 22:37:45,905 T0013: [D2-V2] sudo vtysh -c 'show running-config | include hostname'
2024-01-02 22:37:48,523 T0013: [D2-V2] /sbin/ip link set dev eth0 up
2024-01-02 22:37:48,525 T0012: [D1-V1] /sbin/ip link set dev eth0 up
2024-01-02 22:37:48,531 T0014: [D3-V3] /sbin/ip link set dev eth0 up
2024-01-02 22:37:48,590 T0015: [D4-V4] /sbin/ip link set dev eth0 up
2024-01-02 22:37:49,191 T0013: [D2-V2] /sbin/ip route list dev eth0
2024-01-02 22:37:49,205 T0014: [D3-V3] /sbin/ip route list dev eth0
2024-01-02 22:37:49,213 T0012: [D1-V1] /sbin/ip route list dev eth0
2024-01-02 22:37:49,261 T0015: [D4-V4] /sbin/ip route list dev eth0
2024-01-02 22:38:05,097 T0014: [D3-V3] /sbin/ip link set dev eth0 up
2024-01-02 22:38:05,102 T0013: [D2-V2] /sbin/ip link set dev eth0 up
2024-01-02 22:38:05,104 T0012: [D1-V1] /sbin/ip link set dev eth0 up
2024-01-02 22:38:05,111 T0015: [D4-V4] /sbin/ip link set dev eth0 up
2024-01-02 22:38:05,765 T0014: [D3-V3] /sbin/ip route list dev eth0
2024-01-02 22:38:05,779 T0013: [D2-V2] /sbin/ip route list dev eth0
2024-01-02 22:38:05,788 T0012: [D1-V1] /sbin/ip route list dev eth0
2024-01-02 22:38:05,794 T0015: [D4-V4] /sbin/ip route list dev eth0
2024-01-02 22:38:06,441 T0014: [D3-V3] ['export TMOUT=0', 'stty cols 5000', 'uptime']
2024-01-02 22:38:06,461 T0013: [D2-V2] ['export TMOUT=0', 'stty cols 5000', 'uptime']
2024-01-02 22:38:06,481 T0015: [D4-V4] ['export TMOUT=0', 'stty cols 5000', 'uptime']
2024-01-02 22:38:06,483 T0012: [D1-V1] ['export TMOUT=0', 'stty cols 5000', 'uptime']
2024-01-02 22:38:08,585 T0014: [D3-V3] /sbin/ip link set dev eth0 up
2024-01-02 22:38:08,602 T0013: [D2-V2] /sbin/ip link set dev eth0 up
2024-01-02 22:38:08,635 T0012: [D1-V1] /sbin/ip link set dev eth0 up
2024-01-02 22:38:08,640 T0015: [D4-V4] /sbin/ip link set dev eth0 up
2024-01-02 22:38:09,253 T0014: [D3-V3] /sbin/ip route list dev eth0
2024-01-02 22:38:09,268 T0013: [D2-V2] /sbin/ip route list dev eth0
2024-01-02 22:38:09,302 T0012: [D1-V1] /sbin/ip route list dev eth0
2024-01-02 22:38:09,311 T0015: [D4-V4] /sbin/ip route list dev eth0
2024-01-02 22:38:10,597 T0014: [D3-V3] show version
2024-01-02 22:38:10,610 T0013: [D2-V2] show version
2024-01-02 22:38:10,667 T0015: [D4-V4] show version
2024-01-02 22:38:10,673 T0012: [D1-V1] show version
2024-01-02 22:38:12,683 T0014: [D3-V3] /sbin/ip link set dev eth0 up
2024-01-02 22:38:12,685 T0013: [D2-V2] /sbin/ip link set dev eth0 up
2024-01-02 22:38:12,725 T0012: [D1-V1] /sbin/ip link set dev eth0 up
2024-01-02 22:38:12,726 T0015: [D4-V4] /sbin/ip link set dev eth0 up
2024-01-02 22:38:13,360 T0014: [D3-V3] /sbin/ip route list dev eth0
2024-01-02 22:38:13,368 T0013: [D2-V2] /sbin/ip route list dev eth0
2024-01-02 22:38:13,405 T0015: [D4-V4] /sbin/ip route list dev eth0
2024-01-02 22:38:13,413 T0012: [D1-V1] /sbin/ip route list dev eth0
2024-01-02 22:38:15,532 T0014: [D3-V3] /sbin/ip link set dev eth0 up
2024-01-02 22:38:15,539 T0013: [D2-V2] /sbin/ip link set dev eth0 up
2024-01-02 22:38:15,583 T0015: [D4-V4] /sbin/ip link set dev eth0 up
2024-01-02 22:38:15,585 T0012: [D1-V1] /sbin/ip link set dev eth0 up
2024-01-02 22:38:16,198 T0014: [D3-V3] /sbin/ip route list dev eth0
2024-01-02 22:38:16,206 T0013: [D2-V2] /sbin/ip route list dev eth0
2024-01-02 22:38:16,262 T0015: [D4-V4] /sbin/ip route list dev eth0
2024-01-02 22:38:16,270 T0012: [D1-V1] /sbin/ip route list dev eth0
2024-01-02 22:41:32,958 T0036: [D1-V1] sudo show interfaces status
2024-01-02 22:41:32,962 T0037: [D2-V2] sudo show interfaces status
2024-01-02 22:41:32,967 T0038: [D3-V3] sudo show interfaces status
2024-01-02 22:41:32,970 T0039: [D4-V4] sudo show interfaces status
2024-01-02 22:41:34,609 T0037: [D2-V2] config interface startup Ethernet16
2024-01-02 22:41:34,741 T0036: [D1-V1] config interface startup Ethernet0
2024-01-02 22:41:34,746 T0039: [D4-V4] config interface startup Ethernet16
2024-01-02 22:41:34,748 T0038: [D3-V3] config interface startup Ethernet16
2024-01-02 22:41:35,691 T0037: [D2-V2] config interface startup Ethernet20
2024-01-02 22:41:35,809 T0036: [D1-V1] config interface startup Ethernet4
2024-01-02 22:41:35,874 T0038: [D3-V3] config interface startup Ethernet20
2024-01-02 22:41:35,924 T0039: [D4-V4] config interface startup Ethernet20
2024-01-02 22:41:36,759 T0037: [D2-V2] config interface startup Ethernet24
2024-01-02 22:41:36,873 T0036: [D1-V1] config interface startup Ethernet8
2024-01-02 22:41:36,943 T0038: [D3-V3] config interface startup Ethernet24
2024-01-02 22:41:37,041 T0039: [D4-V4] config interface startup Ethernet24
2024-01-02 22:41:37,776 T0037: [D2-V2] config interface startup Ethernet28
2024-01-02 22:41:37,941 T0036: [D1-V1] config interface startup Ethernet12
2024-01-02 22:41:38,014 T0038: [D3-V3] config interface startup Ethernet28
2024-01-02 22:41:38,111 T0039: [D4-V4] config interface startup Ethernet28
2024-01-02 22:41:38,848 T0037: [D2-V2] config interface startup Ethernet32
2024-01-02 22:41:38,962 T0036: [D1-V1] config interface startup Ethernet16
2024-01-02 22:41:39,033 T0038: [D3-V3] config interface startup Ethernet32
2024-01-02 22:41:39,126 T0039: [D4-V4] config interface startup Ethernet32
2024-01-02 22:41:39,919 T0037: [D2-V2] config interface startup Ethernet36
2024-01-02 22:41:39,982 T0036: [D1-V1] config interface startup Ethernet20
2024-01-02 22:41:40,103 T0038: [D3-V3] config interface startup Ethernet36
2024-01-02 22:41:40,192 T0039: [D4-V4] config interface startup Ethernet36
2024-01-02 22:41:40,939 T0037: [D2-V2] config interface startup Ethernet0
2024-01-02 22:41:41,003 T0036: [D1-V1] config interface startup Ethernet24
2024-01-02 22:41:41,125 T0038: [D3-V3] config interface startup Ethernet40
2024-01-02 22:41:41,254 T0039: [D4-V4] config interface startup Ethernet40
2024-01-02 22:41:41,960 T0037: [D2-V2] config interface startup Ethernet4
2024-01-02 22:41:42,023 T0036: [D1-V1] config interface startup Ethernet28
2024-01-02 22:41:42,195 T0038: [D3-V3] config interface startup Ethernet44
2024-01-02 22:41:42,320 T0039: [D4-V4] config interface startup Ethernet44
2024-01-02 22:41:42,981 T0037: [D2-V2] config interface startup Ethernet8
2024-01-02 22:41:43,042 T0036: [D1-V1] config interface startup Ethernet32
2024-01-02 22:41:43,216 T0038: [D3-V3] config interface startup Ethernet0
2024-01-02 22:41:43,534 T0039: [D4-V4] config interface startup Ethernet48
2024-01-02 22:41:44,001 T0037: [D2-V2] config interface startup Ethernet12
2024-01-02 22:41:44,061 T0036: [D1-V1] config interface startup Ethernet36
2024-01-02 22:41:44,237 T0038: [D3-V3] config interface startup Ethernet4
2024-01-02 22:41:44,602 T0039: [D4-V4] config interface startup Ethernet52
2024-01-02 22:41:45,022 T0037: [D2-V2] config interface startup Ethernet40
2024-01-02 22:41:45,081 T0036: [D1-V1] config interface startup Ethernet40
2024-01-02 22:41:45,311 T0038: [D3-V3] config interface startup Ethernet8
2024-01-02 22:41:45,673 T0039: [D4-V4] config interface startup Ethernet56
2024-01-02 22:41:46,042 T0037: [D2-V2] config interface startup Ethernet44
2024-01-02 22:41:46,152 T0036: [D1-V1] config interface startup Ethernet44
2024-01-02 22:41:46,332 T0038: [D3-V3] config interface startup Ethernet12
2024-01-02 22:41:46,747 T0039: [D4-V4] config interface startup Ethernet60
2024-01-02 22:41:47,112 T0037: [D2-V2] config interface startup Ethernet48
2024-01-02 22:41:47,171 T0036: [D1-V1] config interface startup Ethernet48
2024-01-02 22:41:47,407 T0038: [D3-V3] config interface startup Ethernet48
2024-01-02 22:41:47,767 T0039: [D4-V4] config interface startup Ethernet64
2024-01-02 22:41:48,133 T0037: [D2-V2] config interface startup Ethernet52
2024-01-02 22:41:48,191 T0036: [D1-V1] config interface startup Ethernet52
2024-01-02 22:41:48,427 T0038: [D3-V3] config interface startup Ethernet52
2024-01-02 22:41:48,787 T0039: [D4-V4] config interface startup Ethernet68
2024-01-02 22:41:49,153 T0037: [D2-V2] config interface startup Ethernet56
2024-01-02 22:41:49,211 T0036: [D1-V1] config interface startup Ethernet56
2024-01-02 22:41:49,447 T0038: [D3-V3] config interface startup Ethernet56
2024-01-02 22:41:49,808 T0039: [D4-V4] config interface startup Ethernet0
2024-01-02 22:41:50,173 T0037: [D2-V2] config interface startup Ethernet60
2024-01-02 22:41:50,231 T0036: [D1-V1] config interface startup Ethernet60
2024-01-02 22:41:50,468 T0038: [D3-V3] config interface startup Ethernet60
2024-01-02 22:41:50,829 T0039: [D4-V4] config interface startup Ethernet4
2024-01-02 22:41:51,193 T0037: [D2-V2] config interface startup Ethernet64
2024-01-02 22:41:51,251 T0036: [D1-V1] config interface startup Ethernet64
2024-01-02 22:41:51,491 T0038: [D3-V3] config interface startup Ethernet64
2024-01-02 22:41:51,909 T0039: [D4-V4] config interface startup Ethernet8
2024-01-02 22:41:52,215 T0037: [D2-V2] config interface startup Ethernet68
2024-01-02 22:41:52,270 T0036: [D1-V1] config interface startup Ethernet68
2024-01-02 22:41:52,519 T0038: [D3-V3] config interface startup Ethernet68
2024-01-02 22:41:52,930 T0039: [D4-V4] config interface startup Ethernet12
2024-01-02 22:41:53,294 T0037: [D2-V2] config interface shutdown Ethernet72
2024-01-02 22:41:53,299 T0036: [D1-V1] config interface shutdown Ethernet72
2024-01-02 22:41:53,552 T0038: [D3-V3] config interface shutdown Ethernet72
2024-01-02 22:41:53,956 T0039: [D4-V4] config interface shutdown Ethernet72
2024-01-02 22:41:54,322 T0037: [D2-V2] config interface shutdown Ethernet76
2024-01-02 22:41:54,330 T0036: [D1-V1] config interface shutdown Ethernet76
2024-01-02 22:41:54,576 T0038: [D3-V3] config interface shutdown Ethernet76
2024-01-02 22:41:54,979 T0039: [D4-V4] config interface shutdown Ethernet76
2024-01-02 22:41:55,353 T0037: [D2-V2] config interface shutdown Ethernet80
2024-01-02 22:41:55,405 T0036: [D1-V1] config interface shutdown Ethernet80
2024-01-02 22:41:55,601 T0038: [D3-V3] config interface shutdown Ethernet80
2024-01-02 22:41:56,005 T0039: [D4-V4] config interface shutdown Ethernet80
2024-01-02 22:41:56,425 T0037: [D2-V2] config interface shutdown Ethernet84
2024-01-02 22:41:56,433 T0036: [D1-V1] config interface shutdown Ethernet84
2024-01-02 22:41:56,626 T0038: [D3-V3] config interface shutdown Ethernet84
2024-01-02 22:41:57,032 T0039: [D4-V4] config interface shutdown Ethernet84
2024-01-02 22:41:57,455 T0037: [D2-V2] config interface shutdown Ethernet88
2024-01-02 22:41:57,508 T0036: [D1-V1] config interface shutdown Ethernet88
2024-01-02 22:41:57,702 T0038: [D3-V3] config interface shutdown Ethernet88
2024-01-02 22:41:58,058 T0039: [D4-V4] config interface shutdown Ethernet88
2024-01-02 22:41:58,475 T0037: [D2-V2] config interface shutdown Ethernet92
2024-01-02 22:41:58,528 T0036: [D1-V1] config interface shutdown Ethernet92
2024-01-02 22:41:58,723 T0038: [D3-V3] config interface shutdown Ethernet92
2024-01-02 22:41:59,079 T0039: [D4-V4] config interface shutdown Ethernet92
2024-01-02 22:41:59,495 T0037: [D2-V2] config interface shutdown Ethernet96
2024-01-02 22:41:59,550 T0036: [D1-V1] config interface shutdown Ethernet96
2024-01-02 22:41:59,744 T0038: [D3-V3] config interface shutdown Ethernet96
2024-01-02 22:42:00,102 T0039: [D4-V4] config interface shutdown Ethernet96
2024-01-02 22:42:00,565 T0037: [D2-V2] config interface shutdown Ethernet100
2024-01-02 22:42:00,574 T0036: [D1-V1] config interface shutdown Ethernet100
2024-01-02 22:42:00,766 T0038: [D3-V3] config interface shutdown Ethernet100
2024-01-02 22:42:01,125 T0039: [D4-V4] config interface shutdown Ethernet100
2024-01-02 22:42:01,596 T0037: [D2-V2] config interface shutdown Ethernet104
2024-01-02 22:42:01,603 T0036: [D1-V1] config interface shutdown Ethernet104
2024-01-02 22:42:01,787 T0038: [D3-V3] config interface shutdown Ethernet104
2024-01-02 22:42:02,144 T0039: [D4-V4] config interface shutdown Ethernet104
2024-01-02 22:42:02,628 T0037: [D2-V2] config interface shutdown Ethernet108
2024-01-02 22:42:02,635 T0036: [D1-V1] config interface shutdown Ethernet108
2024-01-02 22:42:02,808 T0038: [D3-V3] config interface shutdown Ethernet108
2024-01-02 22:42:03,163 T0039: [D4-V4] config interface shutdown Ethernet108
2024-01-02 22:42:03,659 T0037: [D2-V2] config interface shutdown Ethernet112
2024-01-02 22:42:03,711 T0036: [D1-V1] config interface shutdown Ethernet112
2024-01-02 22:42:03,830 T0038: [D3-V3] config interface shutdown Ethernet112
2024-01-02 22:42:04,180 T0039: [D4-V4] config interface shutdown Ethernet112
2024-01-02 22:42:04,731 T0037: [D2-V2] config interface shutdown Ethernet116
2024-01-02 22:42:04,738 T0036: [D1-V1] config interface shutdown Ethernet116
2024-01-02 22:42:04,850 T0038: [D3-V3] config interface shutdown Ethernet116
2024-01-02 22:42:05,198 T0039: [D4-V4] config interface shutdown Ethernet116
2024-01-02 22:42:05,765 T0037: [D2-V2] config interface shutdown Ethernet120
2024-01-02 22:42:05,773 T0036: [D1-V1] config interface shutdown Ethernet120
2024-01-02 22:42:05,871 T0038: [D3-V3] config interface shutdown Ethernet120
2024-01-02 22:42:06,216 T0039: [D4-V4] config interface shutdown Ethernet120
2024-01-02 22:42:06,794 T0037: [D2-V2] config interface shutdown Ethernet124
2024-01-02 22:42:06,802 T0036: [D1-V1] config interface shutdown Ethernet124
2024-01-02 22:42:06,892 T0038: [D3-V3] config interface shutdown Ethernet124
2024-01-02 22:42:07,235 T0039: [D4-V4] config interface shutdown Ethernet124
2024-01-02 22:42:14,305 T0040: [D1-V1] show version
2024-01-02 22:42:14,311 T0041: [D2-V2] show version
2024-01-02 22:42:14,317 T0042: [D3-V3] show version
2024-01-02 22:42:14,320 T0043: [D4-V4] show version
2024-01-02 22:42:16,461 T0040: [D1-V1] cat /var/run/redis/sonic-db/database_config.json
2024-01-02 22:42:17,218 T0041: [D2-V2] cat /var/run/redis/sonic-db/database_config.json
2024-01-02 22:42:18,032 T0043: [D4-V4] cat /var/run/redis/sonic-db/database_config.json
2024-01-02 22:42:18,920 T0042: [D3-V3] cat /var/run/redis/sonic-db/database_config.json
2024-01-02 22:42:18,963 T0040: [D1-V1] /sbin/ifconfig eth0
2024-01-02 22:42:19,067 T0041: [D2-V2] /sbin/ifconfig eth0
2024-01-02 22:42:19,309 T0043: [D4-V4] /sbin/ifconfig eth0
2024-01-02 22:42:19,650 T0040: [D1-V1] ls /etc/sonic/bcmsim.cfg
2024-01-02 22:42:19,701 T0042: [D3-V3] /sbin/ifconfig eth0
2024-01-02 22:42:19,747 T0041: [D2-V2] ls /etc/sonic/bcmsim.cfg
2024-01-02 22:42:19,987 T0043: [D4-V4] ls /etc/sonic/bcmsim.cfg
2024-01-02 22:42:20,379 T0042: [D3-V3] ls /etc/sonic/bcmsim.cfg
2024-01-02 22:42:21,069 T0044: [D1-V1] no router bgp
2024-01-02 22:42:21,077 T0045: [D2-V2] no router bgp
2024-01-02 22:42:21,084 T0046: [D3-V3] no router bgp
2024-01-02 22:42:21,092 T0047: [D4-V4] no router bgp
2024-01-02 22:42:22,886 T0044: [D1-V1] config feature state sflow enabled
2024-01-02 22:42:22,894 T0045: [D2-V2] config feature state sflow enabled
2024-01-02 22:42:22,915 T0046: [D3-V3] config feature state sflow enabled
2024-01-02 22:42:22,924 T0047: [D4-V4] config feature state sflow enabled
2024-01-02 22:42:24,836 T0044: [D1-V1] config feature state nat enabled
2024-01-02 22:42:24,842 T0045: [D2-V2] config feature state nat enabled
2024-01-02 22:42:24,889 T0046: [D3-V3] config feature state nat enabled
2024-01-02 22:42:24,897 T0047: [D4-V4] config feature state nat enabled
2024-01-02 22:42:29,149 T0052: [D1-V1] config save /tmp/config-db-V1-post-session-prolog-session.json -y
2024-01-02 22:42:29,156 T0053: [D2-V2] config save /tmp/config-db-V2-post-session-prolog-session.json -y
2024-01-02 22:42:29,161 T0054: [D3-V3] config save /tmp/config-db-V3-post-session-prolog-session.json -y
2024-01-02 22:42:29,165 T0055: [D4-V4] config save /tmp/config-db-V4-post-session-prolog-session.json -y
2024-01-02 22:42:30,389 T0052: [D1-V1] chmod 777 /tmp/config-db-V1-post-session-prolog-session.json
2024-01-02 22:42:30,397 T0053: [D2-V2] chmod 777 /tmp/config-db-V2-post-session-prolog-session.json
2024-01-02 22:42:30,445 T0054: [D3-V3] chmod 777 /tmp/config-db-V3-post-session-prolog-session.json
2024-01-02 22:42:30,453 T0055: [D4-V4] chmod 777 /tmp/config-db-V4-post-session-prolog-session.json
2024-01-02 22:42:31,872 T0052: [D1-V1] /sbin/ip link set dev eth0 up
2024-01-02 22:42:31,875 T0053: [D2-V2] /sbin/ip link set dev eth0 up
2024-01-02 22:42:31,935 T0054: [D3-V3] /sbin/ip link set dev eth0 up
2024-01-02 22:42:31,936 T0055: [D4-V4] /sbin/ip link set dev eth0 up
2024-01-02 22:42:32,551 T0052: [D1-V1] /sbin/ip route list dev eth0
2024-01-02 22:42:32,559 T0053: [D2-V2] /sbin/ip route list dev eth0
2024-01-02 22:42:32,615 T0054: [D3-V3] /sbin/ip route list dev eth0
2024-01-02 22:42:32,624 T0055: [D4-V4] /sbin/ip route list dev eth0
2024-01-02 22:42:40,913 T0052: [D1-V1] sudo vtysh -c 'show running-config' > /tmp/vtysh-runcfg-V1-post-session-prolog-session.txt
2024-01-02 22:42:40,922 T0053: [D2-V2] sudo vtysh -c 'show running-config' > /tmp/vtysh-runcfg-V2-post-session-prolog-session.txt
2024-01-02 22:42:40,976 T0054: [D3-V3] sudo vtysh -c 'show running-config' > /tmp/vtysh-runcfg-V3-post-session-prolog-session.txt
2024-01-02 22:42:40,986 T0055: [D4-V4] sudo vtysh -c 'show running-config' > /tmp/vtysh-runcfg-V4-post-session-prolog-session.txt
2024-01-02 22:42:41,783 T0052: [D1-V1] chmod 777 /tmp/vtysh-runcfg-V1-post-session-prolog-session.txt
2024-01-02 22:42:41,791 T0053: [D2-V2] chmod 777 /tmp/vtysh-runcfg-V2-post-session-prolog-session.txt
2024-01-02 22:42:41,843 T0054: [D3-V3] chmod 777 /tmp/vtysh-runcfg-V3-post-session-prolog-session.txt
2024-01-02 22:42:41,854 T0055: [D4-V4] chmod 777 /tmp/vtysh-runcfg-V4-post-session-prolog-session.txt
2024-01-02 22:42:43,258 T0052: [D1-V1] /sbin/ip link set dev eth0 up
2024-01-02 22:42:43,266 T0053: [D2-V2] /sbin/ip link set dev eth0 up
2024-01-02 22:42:43,319 T0054: [D3-V3] /sbin/ip link set dev eth0 up
2024-01-02 22:42:43,328 T0055: [D4-V4] /sbin/ip link set dev eth0 up
2024-01-02 22:42:43,927 T0052: [D1-V1] /sbin/ip route list dev eth0
2024-01-02 22:42:43,936 T0053: [D2-V2] /sbin/ip route list dev eth0
2024-01-02 22:42:43,988 T0054: [D3-V3] /sbin/ip route list dev eth0
2024-01-02 22:42:43,997 T0055: [D4-V4] /sbin/ip route list dev eth0
2024-01-02 22:42:54,030 T0000: 
================== Framework Module Hook: batch/test_spytest_infra_1.py ==================
2024-01-02 22:42:54,062 T0100: [D1-V1] sudo show interfaces status Ethernet124
2024-01-02 22:42:54,075 T0102: [D3-V3] sudo show interfaces status Ethernet124
2024-01-02 22:42:54,077 T0101: [D2-V2] sudo show interfaces status Ethernet124
2024-01-02 22:42:54,085 T0103: [D4-V4] sudo show interfaces status Ethernet124
2024-01-02 22:42:56,347 T0105: [D1-V1] sudo show interfaces status
2024-01-02 22:42:56,350 T0106: [D2-V2] sudo show interfaces status
2024-01-02 22:42:56,353 T0107: [D3-V3] sudo show interfaces status
2024-01-02 22:42:56,358 T0108: [D4-V4] sudo show interfaces status
2024-01-02 22:42:58,103 T0000: 
================== Framework Module Hook Finish: batch/test_spytest_infra_1.py ==================
2024-01-02 22:42:58,104 T0000: 
================== Framework Function Hook: batch/test_spytest_infra_1.py::test_spytest_infra_first ==================
2024-01-02 22:43:01,248 T0114: [D1-V1] sudo show interfaces status
2024-01-02 22:43:01,251 T0115: [D2-V2] sudo show interfaces status
2024-01-02 22:43:01,254 T0116: [D3-V3] sudo show interfaces status
2024-01-02 22:43:01,257 T0117: [D4-V4] sudo show interfaces status
2024-01-02 22:43:03,022 T0118: [D1-V1] sudo show interfaces status Ethernet124
2024-01-02 22:43:03,031 T0119: [D2-V2] sudo show interfaces status Ethernet124
2024-01-02 22:43:03,036 T0121: [D4-V4] sudo show interfaces status Ethernet124
2024-01-02 22:43:03,041 T0120: [D3-V3] sudo show interfaces status Ethernet124
2024-01-02 22:43:06,940 T0000: 
================== Framework Function Hook Finish: batch/test_spytest_infra_1.py::test_spytest_infra_first ==================
2024-01-02 22:43:06,944 T0000: 
================== Test Execution: batch/test_spytest_infra_1.py::test_spytest_infra_first ==================
2024-01-02 22:43:06,979 T0000: 
================== Framework Function Hook Finalize: batch/test_spytest_infra_1.py::test_spytest_infra_first ==================
2024-01-02 22:43:07,145 T0000: 
================== Framework Function Hook: batch/test_spytest_infra_1.py::test_spytest_infra_second ==================
2024-01-02 22:43:07,182 T0123: [D1-V1] sudo show interfaces status
2024-01-02 22:43:07,185 T0124: [D2-V2] sudo show interfaces status
2024-01-02 22:43:07,188 T0125: [D3-V3] sudo show interfaces status
2024-01-02 22:43:07,193 T0126: [D4-V4] sudo show interfaces status
2024-01-02 22:43:08,966 T0127: [D1-V1] sudo show interfaces status Ethernet124
2024-01-02 22:43:08,975 T0128: [D2-V2] sudo show interfaces status Ethernet124
2024-01-02 22:43:08,982 T0130: [D4-V4] sudo show interfaces status Ethernet124
2024-01-02 22:43:08,987 T0129: [D3-V3] sudo show interfaces status Ethernet124
2024-01-02 22:43:12,908 T0000: 
================== Framework Function Hook Finish: batch/test_spytest_infra_1.py::test_spytest_infra_second ==================
2024-01-02 22:43:12,909 T0000: 
================== Test Execution: batch/test_spytest_infra_1.py::test_spytest_infra_second ==================
2024-01-02 22:43:12,945 T0000: 
================== Framework Function Hook Finalize: batch/test_spytest_infra_1.py::test_spytest_infra_second ==================
2024-01-02 22:43:12,952 T0131: [D1-V1] sudo show interfaces status Ethernet124
2024-01-02 22:43:12,960 T0132: [D2-V2] sudo show interfaces status Ethernet124
2024-01-02 22:43:12,966 T0134: [D4-V4] sudo show interfaces status Ethernet124
2024-01-02 22:43:12,972 T0133: [D3-V3] sudo show interfaces status Ethernet124
2024-01-02 22:43:15,347 T0000: 
================== Framework Module Hook Finalize: batch/test_spytest_infra_1.py Pass: 2/2 ==================
2024-01-02 22:43:15,347 T0000: 
================== Devices used: batch/test_spytest_infra_1.py 4 ['V1', 'V2', 'V4', 'V3'] ==================
2024-01-02 22:43:17,007 T0000: 
================== Framework Module Hook: routing/BGP/test_bgp_4node.py ==================
2024-01-02 22:43:17,034 T0147: [D1-V1] sudo show interfaces status Ethernet124
2024-01-02 22:43:17,045 T0148: [D2-V2] sudo show interfaces status Ethernet124
2024-01-02 22:43:17,050 T0150: [D4-V4] sudo show interfaces status Ethernet124
2024-01-02 22:43:17,057 T0149: [D3-V3] sudo show interfaces status Ethernet124
2024-01-02 22:43:19,305 T0152: [D1-V1] sudo show interfaces status
2024-01-02 22:43:19,308 T0153: [D2-V2] sudo show interfaces status
2024-01-02 22:43:19,311 T0154: [D3-V3] sudo show interfaces status
2024-01-02 22:43:19,314 T0155: [D4-V4] sudo show interfaces status
2024-01-02 22:43:21,078 T0156: [D1-V1] config save /tmp/config-db-V1-pre-module-prolog-routing-BGP-test_bgp_4node.py.json -y
2024-01-02 22:43:21,086 T0157: [D2-V2] config save /tmp/config-db-V2-pre-module-prolog-routing-BGP-test_bgp_4node.py.json -y
2024-01-02 22:43:21,091 T0158: [D3-V3] config save /tmp/config-db-V3-pre-module-prolog-routing-BGP-test_bgp_4node.py.json -y
2024-01-02 22:43:21,096 T0159: [D4-V4] config save /tmp/config-db-V4-pre-module-prolog-routing-BGP-test_bgp_4node.py.json -y
2024-01-02 22:43:22,323 T0156: [D1-V1] chmod 777 /tmp/config-db-V1-pre-module-prolog-routing-BGP-test_bgp_4node.py.json
2024-01-02 22:43:22,332 T0157: [D2-V2] chmod 777 /tmp/config-db-V2-pre-module-prolog-routing-BGP-test_bgp_4node.py.json
2024-01-02 22:43:22,378 T0159: [D4-V4] chmod 777 /tmp/config-db-V4-pre-module-prolog-routing-BGP-test_bgp_4node.py.json
2024-01-02 22:43:22,530 T0158: [D3-V3] chmod 777 /tmp/config-db-V3-pre-module-prolog-routing-BGP-test_bgp_4node.py.json
2024-01-02 22:43:23,815 T0156: [D1-V1] /sbin/ip link set dev eth0 up
2024-01-02 22:43:23,815 T0157: [D2-V2] /sbin/ip link set dev eth0 up
2024-01-02 22:43:23,854 T0159: [D4-V4] /sbin/ip link set dev eth0 up
2024-01-02 22:43:24,006 T0158: [D3-V3] /sbin/ip link set dev eth0 up
2024-01-02 22:43:24,497 T0156: [D1-V1] /sbin/ip route list dev eth0
2024-01-02 22:43:24,506 T0157: [D2-V2] /sbin/ip route list dev eth0
2024-01-02 22:43:24,523 T0159: [D4-V4] /sbin/ip route list dev eth0
2024-01-02 22:43:24,677 T0158: [D3-V3] /sbin/ip route list dev eth0
2024-01-02 22:43:32,866 T0156: [D1-V1] sudo vtysh -c 'show running-config' > /tmp/vtysh-runcfg-V1-pre-module-prolog-routing-BGP-test_bgp_4node.py.txt
2024-01-02 22:43:32,879 T0157: [D2-V2] sudo vtysh -c 'show running-config' > /tmp/vtysh-runcfg-V2-pre-module-prolog-routing-BGP-test_bgp_4node.py.txt
2024-01-02 22:43:32,896 T0159: [D4-V4] sudo vtysh -c 'show running-config' > /tmp/vtysh-runcfg-V4-pre-module-prolog-routing-BGP-test_bgp_4node.py.txt
2024-01-02 22:43:33,014 T0158: [D3-V3] sudo vtysh -c 'show running-config' > /tmp/vtysh-runcfg-V3-pre-module-prolog-routing-BGP-test_bgp_4node.py.txt
2024-01-02 22:43:33,748 T0157: [D2-V2] chmod 777 /tmp/vtysh-runcfg-V2-pre-module-prolog-routing-BGP-test_bgp_4node.py.txt
2024-01-02 22:43:33,786 T0156: [D1-V1] chmod 777 /tmp/vtysh-runcfg-V1-pre-module-prolog-routing-BGP-test_bgp_4node.py.txt
2024-01-02 22:43:33,816 T0159: [D4-V4] chmod 777 /tmp/vtysh-runcfg-V4-pre-module-prolog-routing-BGP-test_bgp_4node.py.txt
2024-01-02 22:43:33,882 T0158: [D3-V3] chmod 777 /tmp/vtysh-runcfg-V3-pre-module-prolog-routing-BGP-test_bgp_4node.py.txt
2024-01-02 22:43:35,225 T0157: [D2-V2] /sbin/ip link set dev eth0 up
2024-01-02 22:43:35,263 T0156: [D1-V1] /sbin/ip link set dev eth0 up
2024-01-02 22:43:35,294 T0159: [D4-V4] /sbin/ip link set dev eth0 up
2024-01-02 22:43:35,357 T0158: [D3-V3] /sbin/ip link set dev eth0 up
2024-01-02 22:43:35,894 T0157: [D2-V2] /sbin/ip route list dev eth0
2024-01-02 22:43:35,931 T0156: [D1-V1] /sbin/ip route list dev eth0
2024-01-02 22:43:35,964 T0159: [D4-V4] /sbin/ip route list dev eth0
2024-01-02 22:43:36,026 T0158: [D3-V3] /sbin/ip route list dev eth0
2024-01-02 22:43:44,381 T0000: 
================== Framework Module Hook Finish: routing/BGP/test_bgp_4node.py ==================
2024-01-02 22:43:44,382 T0000: 
================== Module Hook: routing/BGP/test_bgp_4node.py bgp_module_hooks ==================
2024-01-02 22:43:44,394 T0192: [D1-V1] config interface ip add Ethernet16 11.1.0.1/24
2024-01-02 22:43:44,399 T0193: [D2-V2] config interface ip add Ethernet16 11.1.0.2/24
2024-01-02 22:43:45,431 T0194: [D1-V1] config interface ip add Ethernet16 67fe:1::1/64
2024-01-02 22:43:45,436 T0195: [D2-V2] config interface ip add Ethernet16 67fe:1::2/64
2024-01-02 22:43:46,470 T0196: [D2-V2] config interface ip add Ethernet40 11.2.0.1/24
2024-01-02 22:43:46,476 T0197: [D3-V3] config interface ip add Ethernet32 11.2.0.2/24
2024-01-02 22:43:47,559 T0198: [D2-V2] config interface ip add Ethernet40 67fe:2::1/64
2024-01-02 22:43:47,563 T0199: [D3-V3] config interface ip add Ethernet32 67fe:2::2/64
2024-01-02 22:43:48,645 T0200: [D3-V3] config interface ip add Ethernet48 11.3.0.1/24
2024-01-02 22:43:48,652 T0201: [D4-V4] config interface ip add Ethernet48 11.3.0.2/24
2024-01-02 22:43:49,682 T0202: [D3-V3] config interface ip add Ethernet48 67fe:3::1/64
2024-01-02 22:43:49,687 T0203: [D4-V4] config interface ip add Ethernet48 67fe:3::2/64
2024-01-02 22:43:50,709 T0000: [D1-V1] ping -4 11.1.0.2 -c 3 
2024-01-02 22:43:53,440 T0000: [D1-V1] ping -6 67fe:1::2 -c 3 
2024-01-02 22:43:56,160 T0000: [D2-V2] ping -4 11.2.0.2 -c 3 
2024-01-02 22:43:58,879 T0000: [D2-V2] ping -6 67fe:2::2 -c 3 
2024-01-02 22:44:01,599 T0000: [D3-V3] ping -4 11.3.0.2 -c 3 
2024-01-02 22:44:04,319 T0000: [D3-V3] ping -6 67fe:3::2 -c 3 
2024-01-02 22:44:07,039 T0000: 
================== Module Hook Finish: routing/BGP/test_bgp_4node.py bgp_module_hooks ==================
2024-01-02 22:44:07,040 T0000: 
================== Class Hook: routing/BGP/test_bgp_4node.py bgp_confed_class_hook ==================
2024-01-02 22:44:07,047 T0000: [D1-V1]  router bgp 24
 no bgp ebgp-requires-policy
2024-01-02 22:44:09,687 T0000: [D1-V1]  bgp confederation peers 35
 bgp confederation identifier 100
 neighbor 11.1.0.2 remote-as 35

2024-01-02 22:44:11,148 T0000: [D2-V2]  router bgp 35
 no bgp ebgp-requires-policy
2024-01-02 22:44:13,788 T0000: [D2-V2]  bgp confederation peers 24
 bgp confederation identifier 100
 neighbor 11.2.0.2 remote-as 35

2024-01-02 22:44:15,245 T0000: [D2-V2]  router bgp 35
 no bgp ebgp-requires-policy
2024-01-02 22:44:16,694 T0000: [D2-V2] neighbor 11.1.0.1 remote-as 24
2024-01-02 22:44:17,392 T0000: [D2-V2] neighbor 11.1.0.1 timers 60 180
2024-01-02 22:44:18,091 T0000: [D2-V2] address-family ipv4 unicast
2024-01-02 22:44:18,798 T0000: [D2-V2] neighbor 11.1.0.1 activate
2024-01-02 22:44:19,503 T0000: [D3-V3]  router bgp 35
 no bgp ebgp-requires-policy
2024-01-02 22:44:22,145 T0000: [D3-V3]  bgp confederation peers 24
 bgp confederation identifier 100
 neighbor 11.3.0.2 remote-as 35

2024-01-02 22:44:23,601 T0000: [D3-V3]  router bgp 35
 no bgp ebgp-requires-policy
2024-01-02 22:44:25,049 T0000: [D3-V3] neighbor 11.2.0.1 remote-as 35
2024-01-02 22:44:25,748 T0000: [D3-V3] neighbor 11.2.0.1 timers 60 180
2024-01-02 22:44:26,445 T0000: [D3-V3] address-family ipv4 unicast
2024-01-02 22:44:27,144 T0000: [D3-V3] neighbor 11.2.0.1 activate
2024-01-02 22:44:27,850 T0000: [D4-V4]  router bgp 35
 no bgp ebgp-requires-policy
2024-01-02 22:44:30,493 T0000: [D4-V4]  bgp confederation peers 24
 bgp confederation identifier 100
 neighbor 11.3.0.1 remote-as 35

2024-01-02 22:44:31,952 T0000: [D1-V1]  router bgp 24
 no bgp ebgp-requires-policy
2024-01-02 22:44:33,402 T0000: [D1-V1]  bgp confederation peers 35
 bgp confederation identifier 100
 neighbor 67fe:1::2 remote-as 35
address-family ipv6 unicast
 neighbor 67fe:1::2 activate

2024-01-02 22:44:34,862 T0000: [D2-V2]  router bgp 35
 no bgp ebgp-requires-policy
2024-01-02 22:44:36,313 T0000: [D2-V2]  bgp confederation peers 24
 bgp confederation identifier 100
 neighbor 67fe:2::2 remote-as 35
address-family ipv6 unicast
 neighbor 67fe:2::2 activate

2024-01-02 22:44:37,775 T0000: [D2-V2]  router bgp 35
 no bgp ebgp-requires-policy
2024-01-02 22:44:39,226 T0000: [D2-V2] neighbor 67fe:1::1 remote-as 24
2024-01-02 22:44:39,924 T0000: [D2-V2] neighbor 67fe:1::1 timers 60 180
2024-01-02 22:44:40,624 T0000: [D2-V2] address-family ipv6 unicast
2024-01-02 22:44:41,321 T0000: [D2-V2] neighbor 67fe:1::1 activate
2024-01-02 22:44:42,027 T0000: [D3-V3]  router bgp 35
 no bgp ebgp-requires-policy
2024-01-02 22:44:43,478 T0000: [D3-V3]  bgp confederation peers 24
 bgp confederation identifier 100
 neighbor 67fe:3::2 remote-as 35
address-family ipv6 unicast
 neighbor 67fe:3::2 activate

2024-01-02 22:44:44,937 T0000: [D3-V3]  router bgp 35
 no bgp ebgp-requires-policy
2024-01-02 22:44:46,386 T0000: [D3-V3] neighbor 67fe:2::1 remote-as 35
2024-01-02 22:44:47,085 T0000: [D3-V3] neighbor 67fe:2::1 timers 60 180
2024-01-02 22:44:47,785 T0000: [D3-V3] address-family ipv6 unicast
2024-01-02 22:44:48,481 T0000: [D3-V3] neighbor 67fe:2::1 activate
2024-01-02 22:44:49,187 T0000: [D4-V4]  router bgp 35
 no bgp ebgp-requires-policy
2024-01-02 22:44:50,637 T0000: [D4-V4]  bgp confederation peers 24
 bgp confederation identifier 100
 neighbor 67fe:3::1 remote-as 35
address-family ipv6 unicast
 neighbor 67fe:3::1 activate

2024-01-02 22:44:52,091 T0000: [D2-V2] show bgp ipv4 summary
2024-01-02 22:44:52,817 T0000: [D3-V3] show bgp ipv4 summary
2024-01-02 22:44:53,541 T0000: [D2-V2] show bgp ipv6 summary
2024-01-02 22:44:54,263 T0000: [D3-V3] show bgp ipv6 summary
2024-01-02 22:44:55,003 T0000: 
================== Class Hook Finish: routing/BGP/test_bgp_4node.py bgp_confed_class_hook ==================
2024-01-02 22:44:55,005 T0000: 
================== Framework Function Hook: routing/BGP/test_bgp_4node.py::TestBGPConfed::test_ipv6_confed_route_distribution ==================
2024-01-02 22:44:55,013 T0208: [D1-V1] config save /tmp/config-db-V1-post-module-prolog-routing-BGP-test_bgp_4node.py.json -y
2024-01-02 22:44:55,020 T0209: [D2-V2] config save /tmp/config-db-V2-post-module-prolog-routing-BGP-test_bgp_4node.py.json -y
2024-01-02 22:44:55,026 T0210: [D3-V3] config save /tmp/config-db-V3-post-module-prolog-routing-BGP-test_bgp_4node.py.json -y
2024-01-02 22:44:55,032 T0211: [D4-V4] config save /tmp/config-db-V4-post-module-prolog-routing-BGP-test_bgp_4node.py.json -y
2024-01-02 22:44:57,749 T0208: [D1-V1] chmod 777 /tmp/config-db-V1-post-module-prolog-routing-BGP-test_bgp_4node.py.json
2024-01-02 22:44:57,765 T0209: [D2-V2] chmod 777 /tmp/config-db-V2-post-module-prolog-routing-BGP-test_bgp_4node.py.json
2024-01-02 22:44:57,792 T0210: [D3-V3] chmod 777 /tmp/config-db-V3-post-module-prolog-routing-BGP-test_bgp_4node.py.json
2024-01-02 22:44:57,801 T0211: [D4-V4] chmod 777 /tmp/config-db-V4-post-module-prolog-routing-BGP-test_bgp_4node.py.json
2024-01-02 22:44:59,225 T0208: [D1-V1] /sbin/ip link set dev eth0 up
2024-01-02 22:44:59,240 T0209: [D2-V2] /sbin/ip link set dev eth0 up
2024-01-02 22:44:59,270 T0210: [D3-V3] /sbin/ip link set dev eth0 up
2024-01-02 22:44:59,277 T0211: [D4-V4] /sbin/ip link set dev eth0 up
2024-01-02 22:44:59,895 T0208: [D1-V1] /sbin/ip route list dev eth0
2024-01-02 22:44:59,908 T0209: [D2-V2] /sbin/ip route list dev eth0
2024-01-02 22:44:59,939 T0210: [D3-V3] /sbin/ip route list dev eth0
2024-01-02 22:44:59,948 T0211: [D4-V4] /sbin/ip route list dev eth0
2024-01-02 22:45:08,258 T0208: [D1-V1] sudo vtysh -c 'show running-config' > /tmp/vtysh-runcfg-V1-post-module-prolog-routing-BGP-test_bgp_4node.py.txt
2024-01-02 22:45:08,278 T0210: [D3-V3] sudo vtysh -c 'show running-config' > /tmp/vtysh-runcfg-V3-post-module-prolog-routing-BGP-test_bgp_4node.py.txt
2024-01-02 22:45:08,286 T0211: [D4-V4] sudo vtysh -c 'show running-config' > /tmp/vtysh-runcfg-V4-post-module-prolog-routing-BGP-test_bgp_4node.py.txt
2024-01-02 22:45:08,317 T0209: [D2-V2] sudo vtysh -c 'show running-config' > /tmp/vtysh-runcfg-V2-post-module-prolog-routing-BGP-test_bgp_4node.py.txt
2024-01-02 22:45:09,124 T0208: [D1-V1] chmod 777 /tmp/vtysh-runcfg-V1-post-module-prolog-routing-BGP-test_bgp_4node.py.txt
2024-01-02 22:45:09,146 T0210: [D3-V3] chmod 777 /tmp/vtysh-runcfg-V3-post-module-prolog-routing-BGP-test_bgp_4node.py.txt
2024-01-02 22:45:09,185 T0209: [D2-V2] chmod 777 /tmp/vtysh-runcfg-V2-post-module-prolog-routing-BGP-test_bgp_4node.py.txt
2024-01-02 22:45:09,205 T0211: [D4-V4] chmod 777 /tmp/vtysh-runcfg-V4-post-module-prolog-routing-BGP-test_bgp_4node.py.txt
2024-01-02 22:45:10,601 T0208: [D1-V1] /sbin/ip link set dev eth0 up
2024-01-02 22:45:10,623 T0210: [D3-V3] /sbin/ip link set dev eth0 up
2024-01-02 22:45:10,661 T0209: [D2-V2] /sbin/ip link set dev eth0 up
2024-01-02 22:45:10,680 T0211: [D4-V4] /sbin/ip link set dev eth0 up
2024-01-02 22:45:11,268 T0208: [D1-V1] /sbin/ip route list dev eth0
2024-01-02 22:45:11,292 T0210: [D3-V3] /sbin/ip route list dev eth0
2024-01-02 22:45:11,325 T0209: [D2-V2] /sbin/ip route list dev eth0
2024-01-02 22:45:11,349 T0211: [D4-V4] /sbin/ip route list dev eth0
2024-01-02 22:45:22,869 T0249: [D1-V1] sudo show interfaces status
2024-01-02 22:45:22,872 T0250: [D2-V2] sudo show interfaces status
2024-01-02 22:45:22,875 T0251: [D3-V3] sudo show interfaces status
2024-01-02 22:45:22,879 T0252: [D4-V4] sudo show interfaces status
2024-01-02 22:45:24,665 T0253: [D1-V1] sudo show interfaces status Ethernet124
2024-01-02 22:45:24,672 T0254: [D2-V2] sudo show interfaces status Ethernet124
2024-01-02 22:45:24,678 T0256: [D4-V4] sudo show interfaces status Ethernet124
2024-01-02 22:45:24,684 T0255: [D3-V3] sudo show interfaces status Ethernet124
2024-01-02 22:45:28,668 T0000: 
================== Framework Function Hook Finish: routing/BGP/test_bgp_4node.py::TestBGPConfed::test_ipv6_confed_route_distribution ==================
2024-01-02 22:45:28,670 T0000: 
================== Test Execution: routing/BGP/test_bgp_4node.py::TestBGPConfed::test_ipv6_confed_route_distribution ==================
2024-01-02 22:45:28,679 T0000: [D1-V1]  router bgp 24
 no bgp ebgp-requires-policy
2024-01-02 22:45:31,312 T0000: [D1-V1] no bgp network import-check 
address-family ipv4 unicast
  network 131.5.6.0/24
2024-01-02 22:45:32,768 T0000: [D1-V1]  router bgp 24
 no bgp ebgp-requires-policy
2024-01-02 22:45:34,217 T0000: [D1-V1] no bgp network import-check 
address-family ipv6 unicast
  network 2000:1::0/64
2024-01-02 22:45:35,673 T0000: [D3-V3] show bgp ipv4
2024-01-02 22:45:37,319 T0000: [D3-V3] show bgp ipv6
2024-01-02 22:45:38,040 T0000: [D1-V1]  router bgp 24
 no bgp ebgp-requires-policy
2024-01-02 22:45:39,489 T0000: [D1-V1] address-family ipv4 unicast
 no network 131.5.6.0/24
2024-01-02 22:45:40,944 T0000: [D1-V1]  router bgp 24
 no bgp ebgp-requires-policy
2024-01-02 22:45:42,393 T0000: [D1-V1] address-family ipv6 unicast
 no network 2000:1::0/64
2024-01-02 22:45:43,921 T0000: 
================== Framework Function Hook Finalize: routing/BGP/test_bgp_4node.py::TestBGPConfed::test_ipv6_confed_route_distribution ==================
2024-01-02 22:45:43,922 T0000: 
================== Framework Function Hook: routing/BGP/test_bgp_4node.py::TestBGPConfed::test_ipv6_confed_with_rr ==================
2024-01-02 22:45:43,951 T0270: [D1-V1] sudo show interfaces status
2024-01-02 22:45:43,953 T0271: [D2-V2] sudo show interfaces status
2024-01-02 22:45:43,956 T0272: [D3-V3] sudo show interfaces status
2024-01-02 22:45:43,959 T0273: [D4-V4] sudo show interfaces status
2024-01-02 22:45:47,063 T0274: [D1-V1] sudo show interfaces status Ethernet124
2024-01-02 22:45:47,070 T0275: [D2-V2] sudo show interfaces status Ethernet124
2024-01-02 22:45:47,078 T0277: [D4-V4] sudo show interfaces status Ethernet124
2024-01-02 22:45:47,082 T0276: [D3-V3] sudo show interfaces status Ethernet124
2024-01-02 22:45:51,027 T0000: 
================== Framework Function Hook Finish: routing/BGP/test_bgp_4node.py::TestBGPConfed::test_ipv6_confed_with_rr ==================
2024-01-02 22:45:51,028 T0000: 
================== Test Execution: routing/BGP/test_bgp_4node.py::TestBGPConfed::test_ipv6_confed_with_rr ==================
2024-01-02 22:45:51,039 T0000: [D2-V2]  router bgp 35
 no bgp ebgp-requires-policy
2024-01-02 22:45:53,681 T0000: [D2-V2] no bgp network import-check 
address-family ipv4 unicast
  network 131.6.6.0/24
2024-01-02 22:45:55,136 T0000: [D2-V2]  router bgp 35
 no bgp ebgp-requires-policy
2024-01-02 22:45:56,585 T0000: [D2-V2] no bgp network import-check 
address-family ipv6 unicast
  network 3000:1::0/64
2024-01-02 22:45:58,041 T0000: [D4-V4] show bgp ipv4
2024-01-02 22:45:59,670 T0000: [D4-V4] show bgp ipv6
2024-01-02 22:46:00,393 T0000: [D3-V3]  router bgp 35
 no bgp ebgp-requires-policy
2024-01-02 22:46:03,029 T0000: [D3-V3] address-family ipv4 unicast
  neighbor 11.3.0.2 route-reflector-client
2024-01-02 22:46:04,483 T0000: [D3-V3]  router bgp 35
 no bgp ebgp-requires-policy
2024-01-02 22:46:05,929 T0000: [D3-V3] address-family ipv6 unicast
  neighbor 67fe:3::2 route-reflector-client
2024-01-02 22:46:17,404 T0000: [D4-V4] show bgp ipv4
2024-01-02 22:46:18,129 T0000: [D4-V4] show bgp ipv6
2024-01-02 22:46:18,857 T0000: [D2-V2]  router bgp 35
 no bgp ebgp-requires-policy
2024-01-02 22:46:20,306 T0000: [D2-V2] address-family ipv4 unicast
 no network 131.6.6.0/24
2024-01-02 22:46:21,760 T0000: [D2-V2]  router bgp 35
 no bgp ebgp-requires-policy
2024-01-02 22:46:23,209 T0000: [D2-V2] address-family ipv6 unicast
 no network 3000:1::0/64
2024-01-02 22:46:24,665 T0000: [D3-V3]  router bgp 35
 no bgp ebgp-requires-policy
2024-01-02 22:46:26,114 T0000: [D3-V3] address-family ipv4 unicast
 no neighbor 11.3.0.2 route-reflector-client
2024-01-02 22:46:27,572 T0000: [D3-V3]  router bgp 35
 no bgp ebgp-requires-policy
2024-01-02 22:46:29,024 T0000: [D3-V3] address-family ipv6 unicast
 no neighbor 67fe:3::2 route-reflector-client
2024-01-02 22:46:30,545 T0000: 
================== Framework Function Hook Finalize: routing/BGP/test_bgp_4node.py::TestBGPConfed::test_ipv6_confed_with_rr ==================
2024-01-02 22:46:30,546 T0000: 
================== Framework Function Hook: routing/BGP/test_bgp_4node.py::TestBGPConfed::test_confed_route_distribution_with_rmap ==================
2024-01-02 22:46:30,575 T0291: [D1-V1] sudo show interfaces status
2024-01-02 22:46:30,578 T0292: [D2-V2] sudo show interfaces status
2024-01-02 22:46:30,581 T0293: [D3-V3] sudo show interfaces status
2024-01-02 22:46:30,584 T0294: [D4-V4] sudo show interfaces status
2024-01-02 22:46:33,770 T0295: [D1-V1] sudo show interfaces status Ethernet124
2024-01-02 22:46:33,780 T0296: [D2-V2] sudo show interfaces status Ethernet124
2024-01-02 22:46:33,784 T0298: [D4-V4] sudo show interfaces status Ethernet124
2024-01-02 22:46:33,791 T0297: [D3-V3] sudo show interfaces status Ethernet124
2024-01-02 22:46:37,790 T0000: 
================== Framework Function Hook Finish: routing/BGP/test_bgp_4node.py::TestBGPConfed::test_confed_route_distribution_with_rmap ==================
2024-01-02 22:46:37,791 T0000: 
================== Test Execution: routing/BGP/test_bgp_4node.py::TestBGPConfed::test_confed_route_distribution_with_rmap ==================
2024-01-02 22:46:37,791 T0000: [D1-V1]  access-list test-access-list1 permit 134.5.8.0/24

2024-01-02 22:46:39,688 T0000: [D1-V1]  route-map test-rmap permit 10

2024-01-02 22:46:40,385 T0000: [D1-V1]  match ip address test-access-list1
exit

2024-01-02 22:46:41,840 T0000: [D1-V1]  route-map test-rmap permit 10

2024-01-02 22:46:42,536 T0000: [D1-V1] set as-path prepend 200
exit

2024-01-02 22:46:43,988 T0000: [D1-V1]  access-list test-access-list2 deny 134.5.6.0/24

2024-01-02 22:46:44,691 T0000: [D1-V1]  route-map test-rmap deny 20

2024-01-02 22:46:45,389 T0000: [D1-V1]  match ip address test-access-list2
exit

2024-01-02 22:46:46,837 T0000: [D1-V1]  access-list test-access-list3 permit 134.5.7.0/24

2024-01-02 22:46:47,544 T0000: [D1-V1]  route-map test-rmap permit 30

2024-01-02 22:46:48,241 T0000: [D1-V1]  match ip address test-access-list3
exit

2024-01-02 22:46:49,696 T0000: [D1-V1]  router bgp 24
 no bgp ebgp-requires-policy
2024-01-02 22:46:51,145 T0000: [D1-V1]  network 134.5.6.0/24 route-map test-rmap
2024-01-02 22:46:51,856 T0000: [D1-V1]  router bgp 24
 no bgp ebgp-requires-policy
2024-01-02 22:46:53,305 T0000: [D1-V1]  network 134.5.7.0/24 route-map test-rmap
2024-01-02 22:46:54,007 T0000: [D1-V1]  router bgp 24
 no bgp ebgp-requires-policy
2024-01-02 22:46:55,457 T0000: [D1-V1]  network 134.5.8.0/24 route-map test-rmap
2024-01-02 22:46:56,156 T0000: [D2-V2] show bgp ipv4 134.5.8.0/24
2024-01-02 22:46:57,788 T0000: [D2-V2] show ip route
2024-01-02 22:46:58,517 T0000: [D2-V2] show ip route
2024-01-02 22:46:59,236 T0000: [D1-V1] no route-map test-rmap permit 10

2024-01-02 22:46:59,933 T0000: [D1-V1] no access-list test-access-list3 permit 134.5.7.0/24

2024-01-02 22:47:00,629 T0000: [D1-V1] no access-list test-access-list2 deny 134.5.6.0/24

2024-01-02 22:47:01,324 T0000: [D1-V1] no access-list test-access-list1 permit 134.5.8.0/24

2024-01-02 22:47:02,027 T0000: [D1-V1]  router bgp 24
 no bgp ebgp-requires-policy
2024-01-02 22:47:03,477 T0000: [D1-V1] no network 134.5.6.0/24 route-map test-rmap
2024-01-02 22:47:04,182 T0000: [D1-V1]  router bgp 24
 no bgp ebgp-requires-policy
2024-01-02 22:47:05,632 T0000: [D1-V1] no network 134.5.7.0/24 route-map test-rmap
2024-01-02 22:47:06,338 T0000: [D1-V1]  router bgp 24
 no bgp ebgp-requires-policy
2024-01-02 22:47:07,783 T0000: [D1-V1] no network 134.5.8.0/24 route-map test-rmap
2024-01-02 22:47:08,555 T0000: 
================== Framework Function Hook Finalize: routing/BGP/test_bgp_4node.py::TestBGPConfed::test_confed_route_distribution_with_rmap ==================
2024-01-02 22:47:08,556 T0000: [D1-V1] no router bgp
2024-01-02 22:47:09,259 T0000: [D2-V2] no router bgp
2024-01-02 22:47:10,679 T0000: [D3-V3] no router bgp
2024-01-02 22:47:12,623 T0000: [D4-V4] no router bgp
2024-01-02 22:47:14,512 T0000: 
================== Class Hook Finalize: routing/BGP/test_bgp_4node.py bgp_confed_class_hook ==================
2024-01-02 22:47:14,530 T0000: 
================== Class Hook Finalize: routing/BGP/test_bgp_4node.py bgp_confed_class_hook ==================
2024-01-02 22:47:14,546 T0000: 
================== Class Hook Finalize: routing/BGP/test_bgp_4node.py bgp_confed_class_hook ==================
2024-01-02 22:47:14,570 T0000: 
================== Framework Function Hook: routing/BGP/test_bgp_4node.py::test_ft_bgp_ibgp_RR_Loop ==================
2024-01-02 22:47:14,608 T0324: [D1-V1] sudo show interfaces status
2024-01-02 22:47:14,610 T0325: [D2-V2] sudo show interfaces status
2024-01-02 22:47:14,613 T0326: [D3-V3] sudo show interfaces status
2024-01-02 22:47:14,616 T0327: [D4-V4] sudo show interfaces status
2024-01-02 22:47:17,342 T0328: [D1-V1] sudo show interfaces status Ethernet124
2024-01-02 22:47:17,351 T0329: [D2-V2] sudo show interfaces status Ethernet124
2024-01-02 22:47:17,355 T0331: [D4-V4] sudo show interfaces status Ethernet124
2024-01-02 22:47:17,362 T0330: [D3-V3] sudo show interfaces status Ethernet124
2024-01-02 22:47:21,334 T0000: 
================== Framework Function Hook Finish: routing/BGP/test_bgp_4node.py::test_ft_bgp_ibgp_RR_Loop ==================
2024-01-02 22:47:21,334 T0000: 
================== Function Hook: routing/BGP/test_bgp_4node.py hooks_test_ft_bgp_ibgp_RR_Loop ==================
2024-01-02 22:47:21,352 T0000: 
================== Function Hook Finish: routing/BGP/test_bgp_4node.py hooks_test_ft_bgp_ibgp_RR_Loop ==================
2024-01-02 22:47:21,352 T0000: 
================== Test Execution: routing/BGP/test_bgp_4node.py::test_ft_bgp_ibgp_RR_Loop ==================
2024-01-02 22:47:21,359 T0340: [D1-V1] config interface ip add Ethernet40 11.4.0.1/24
2024-01-02 22:47:21,363 T0341: [D3-V3] config interface ip add Ethernet16 11.4.0.2/24
2024-01-02 22:47:22,394 T0342: [D1-V1]  router bgp 65001
 no bgp ebgp-requires-policy
2024-01-02 22:47:22,397 T0343: [D2-V2]  router bgp 65001
 no bgp ebgp-requires-policy
2024-01-02 22:47:22,405 T0344: [D3-V3]  router bgp 65001
 no bgp ebgp-requires-policy
2024-01-02 22:47:24,974 T0343: [D2-V2]  neighbor 11.1.0.1 remote-as 65001
address-family ipv4 unicast
 neighbor 11.1.0.1 activate

2024-01-02 22:47:24,982 T0344: [D3-V3]  neighbor 11.2.0.1 remote-as 65001
address-family ipv4 unicast
 neighbor 11.2.0.1 activate

2024-01-02 22:47:25,002 T0342: [D1-V1]  neighbor 11.1.0.2 remote-as 65001
address-family ipv4 unicast
 neighbor 11.1.0.2 activate

2024-01-02 22:47:26,425 T0345: [D1-V1]  router bgp 65001
 no bgp ebgp-requires-policy
2024-01-02 22:47:26,429 T0346: [D2-V2]  router bgp 65001
 no bgp ebgp-requires-policy
2024-01-02 22:47:26,436 T0347: [D3-V3]  router bgp 65001
 no bgp ebgp-requires-policy
2024-01-02 22:47:27,854 T0346: [D2-V2]  neighbor 11.2.0.2 remote-as 65001
address-family ipv4 unicast
 neighbor 11.2.0.2 activate

2024-01-02 22:47:27,861 T0345: [D1-V1]  neighbor 11.4.0.2 remote-as 65001
address-family ipv4 unicast
 neighbor 11.4.0.2 activate

2024-01-02 22:47:27,868 T0347: [D3-V3]  neighbor 11.4.0.1 remote-as 65001
address-family ipv4 unicast
 neighbor 11.4.0.1 activate

2024-01-02 22:47:29,298 T0348: [D1-V1]  router bgp 65001
 no bgp ebgp-requires-policy
2024-01-02 22:47:29,303 T0349: [D2-V2]  router bgp 65001
 no bgp ebgp-requires-policy
2024-01-02 22:47:29,308 T0350: [D3-V3]  router bgp 65001
 no bgp ebgp-requires-policy
2024-01-02 22:47:30,717 T0348: [D1-V1] address-family ipv4 unicast
  neighbor 11.1.0.2 route-reflector-client
2024-01-02 22:47:30,728 T0349: [D2-V2] address-family ipv4 unicast
  neighbor 11.2.0.2 route-reflector-client
2024-01-02 22:47:30,735 T0350: [D3-V3] address-family ipv4 unicast
  neighbor 11.4.0.1 route-reflector-client
2024-01-02 22:47:32,158 T0351: [D1-V1]  router bgp 65001
 no bgp ebgp-requires-policy
2024-01-02 22:47:32,161 T0352: [D2-V2]  router bgp 65001
 no bgp ebgp-requires-policy
2024-01-02 22:47:32,167 T0353: [D3-V3]  router bgp 65001
 no bgp ebgp-requires-policy
2024-01-02 22:47:33,587 T0352: [D2-V2] address-family ipv4 unicast
  neighbor 11.1.0.1 route-reflector-client
2024-01-02 22:47:33,596 T0353: [D3-V3] address-family ipv4 unicast
  neighbor 11.2.0.1 route-reflector-client
2024-01-02 22:47:33,602 T0351: [D1-V1] address-family ipv4 unicast
  neighbor 11.4.0.2 route-reflector-client
2024-01-02 22:47:35,022 T0354: [D1-V1] show bgp ipv4 summary
2024-01-02 22:47:35,027 T0355: [D2-V2] show bgp ipv4 summary
2024-01-02 22:47:35,032 T0356: [D3-V3] show bgp ipv4 summary
2024-01-02 22:47:36,724 T0355: [D2-V2] show bgp ipv4 summary
2024-01-02 22:47:36,726 T0354: [D1-V1] show bgp ipv4 summary
2024-01-02 22:47:36,742 T0356: [D3-V3] show bgp ipv4 summary
2024-01-02 22:47:37,464 T0000: [D3-V3]  router bgp 65001
 no bgp ebgp-requires-policy
2024-01-02 22:47:38,916 T0000: [D3-V3] no bgp network import-check 
address-family ipv4 unicast
  network 172.16.2.2/32
2024-01-02 22:47:45,384 T0000: [D1-V1] show bgp ipv4
2024-01-02 22:47:46,110 T0000: [D2-V2] show bgp ipv4
2024-01-02 22:47:46,838 T0000: [D3-V3] show bgp ipv4
2024-01-02 22:47:47,578 T0361: [D1-V1] no router bgp
2024-01-02 22:47:47,581 T0362: [D2-V2] no router bgp
2024-01-02 22:47:47,585 T0363: [D3-V3] no router bgp
2024-01-02 22:47:48,265 T0364: [D1-V1] config interface ip remove Ethernet40 11.4.0.1/24
2024-01-02 22:47:48,269 T0365: [D3-V3] config interface ip remove Ethernet16 11.4.0.2/24
2024-01-02 22:47:50,742 T0000: 
================== Function Hook Finalize: routing/BGP/test_bgp_4node.py hooks_test_ft_bgp_ibgp_RR_Loop ==================
2024-01-02 22:47:50,801 T0000: 
================== Framework Function Hook Finalize: routing/BGP/test_bgp_4node.py::test_ft_bgp_ibgp_RR_Loop ==================
2024-01-02 22:47:50,802 T0000: 
================== Framework Function Hook: routing/BGP/test_bgp_4node.py::test_ft_bgp_ebgp_community_map ==================
2024-01-02 22:47:50,831 T0371: [D1-V1] sudo show interfaces status
2024-01-02 22:47:50,834 T0372: [D2-V2] sudo show interfaces status
2024-01-02 22:47:50,837 T0373: [D3-V3] sudo show interfaces status
2024-01-02 22:47:50,840 T0374: [D4-V4] sudo show interfaces status
2024-01-02 22:47:53,454 T0375: [D1-V1] sudo show interfaces status Ethernet124
2024-01-02 22:47:53,463 T0376: [D2-V2] sudo show interfaces status Ethernet124
2024-01-02 22:47:53,469 T0378: [D4-V4] sudo show interfaces status Ethernet124
2024-01-02 22:47:53,473 T0377: [D3-V3] sudo show interfaces status Ethernet124
2024-01-02 22:47:57,499 T0000: 
================== Framework Function Hook Finish: routing/BGP/test_bgp_4node.py::test_ft_bgp_ebgp_community_map ==================
2024-01-02 22:47:57,499 T0000: 
================== Function Hook: routing/BGP/test_bgp_4node.py hooks_test_ft_bgp_ebgp_community_map ==================
2024-01-02 22:47:57,517 T0000: 
================== Function Hook Finish: routing/BGP/test_bgp_4node.py hooks_test_ft_bgp_ebgp_community_map ==================
2024-01-02 22:47:57,518 T0000: 
================== Test Execution: routing/BGP/test_bgp_4node.py::test_ft_bgp_ebgp_community_map ==================
2024-01-02 22:47:57,524 T0387: [D1-V1] config interface ip add Ethernet40 11.4.0.1/24
2024-01-02 22:47:57,528 T0388: [D3-V3] config interface ip add Ethernet16 11.4.0.2/24
2024-01-02 22:47:58,568 T0000: [D2-V2]  router bgp 65002
 no bgp ebgp-requires-policy
2024-01-02 22:48:01,205 T0000: [D2-V2]  neighbor 67fe:2::2 remote-as 65003
address-family ipv6 unicast
 neighbor 67fe:2::2 activate

2024-01-02 22:48:02,660 T0000: [D3-V3]  router bgp 65003
 no bgp ebgp-requires-policy
2024-01-02 22:48:05,300 T0000: [D3-V3]  neighbor 67fe:2::1 remote-as 65002
address-family ipv6 unicast
 neighbor 67fe:2::1 activate

2024-01-02 22:48:06,758 T0389: [D1-V1]  router bgp 65001
 no bgp ebgp-requires-policy
2024-01-02 22:48:06,767 T0390: [D2-V2]  router bgp 65002
 no bgp ebgp-requires-policy
2024-01-02 22:48:06,773 T0391: [D3-V3]  router bgp 65003
 no bgp ebgp-requires-policy
2024-01-02 22:48:06,777 T0392: [D4-V4]  router bgp 65004
 no bgp ebgp-requires-policy
2024-01-02 22:48:08,190 T0390: [D2-V2]  neighbor 11.2.0.2 remote-as 65003
address-family ipv4 unicast
 neighbor 11.2.0.2 activate

2024-01-02 22:48:08,198 T0391: [D3-V3]  neighbor 11.4.0.1 remote-as 65001
address-family ipv4 unicast
 neighbor 11.4.0.1 activate

2024-01-02 22:48:09,320 T0389: [D1-V1]  neighbor 11.4.0.2 remote-as 65003
address-family ipv4 unicast
 neighbor 11.4.0.2 activate

2024-01-02 22:48:09,330 T0392: [D4-V4]  neighbor 11.3.0.1 remote-as 65003
address-family ipv4 unicast
 neighbor 11.3.0.1 activate

2024-01-02 22:48:10,764 T0000: [D3-V3]  router bgp 65003
 no bgp ebgp-requires-policy
2024-01-02 22:48:12,213 T0000: [D3-V3]  neighbor 11.2.0.1 remote-as 65002
address-family ipv4 unicast
 neighbor 11.2.0.1 activate

2024-01-02 22:48:13,676 T0000: [D3-V3]  router bgp 65003
 no bgp ebgp-requires-policy
2024-01-02 22:48:15,126 T0000: [D3-V3]  neighbor 11.3.0.2 remote-as 65004
address-family ipv4 unicast
 neighbor 11.3.0.2 activate

2024-01-02 22:48:16,584 T0000: [D1-V1]  router bgp 65001
 no bgp ebgp-requires-policy
2024-01-02 22:48:18,036 T0000: [D1-V1]  network 172.16.2.2/32
2024-01-02 22:48:18,732 T0000: [D1-V1]  access-list LOOPBACK permit 172.16.2.2/32

2024-01-02 22:48:19,435 T0000: [D1-V1]  route-map SET_COMMUNITY permit 10

2024-01-02 22:48:20,132 T0000: [D1-V1]  match ip address LOOPBACK
exit

2024-01-02 22:48:21,579 T0000: [D1-V1] route-map SET_COMMUNITY permit 10
 set metric 50
 set community 64984:0
exit

2024-01-02 22:48:23,037 T0000: [D1-V1]  router bgp 65001
 no bgp ebgp-requires-policy
2024-01-02 22:48:24,488 T0000: [D1-V1] address-family ipv4 unicast
 neighbor 11.4.0.2 route-map SET_COMMUNITY out
exit

2024-01-02 22:48:25,939 T0393: [D1-V1] show bgp ipv4 summary
2024-01-02 22:48:25,942 T0394: [D2-V2] show bgp ipv4 summary
2024-01-02 22:48:25,945 T0395: [D3-V3] show bgp ipv4 summary
2024-01-02 22:48:25,949 T0396: [D4-V4] show bgp ipv4 summary
2024-01-02 22:48:26,672 T0000: [D3-V3]  bgp community-list standard comm_test permit 64984:0
2024-01-02 22:48:27,375 T0000: [D1-V1] route-map SET_COMMUNITY permit 10
 set community 64984:0 local-as
exit

2024-01-02 22:48:58,855 T0000: [D3-V3] show bgp ipv4 unicast 172.16.2.2/32
2024-01-02 22:48:59,578 T0000: [D1-V1] route-map SET_COMMUNITY permit 10
 no set community local-as
exit

2024-01-02 22:49:31,056 T0000: [D3-V3] show bgp ipv4 unicast 172.16.2.2/32
2024-01-02 22:49:31,775 T0000: [D1-V1] route-map SET_COMMUNITY permit 10
 set community none
exit

2024-01-02 22:50:03,256 T0000: [D3-V3] show bgp ipv4 unicast 172.16.2.2/32
2024-01-02 22:50:03,978 T0000: [D1-V1] route-map SET_COMMUNITY permit 10
 set community 64984:0 local-as
exit

2024-01-02 22:50:05,426 T0000: [D3-V3] route-map SET_COMMUNITY permit 10
 set community none
exit

2024-01-02 22:50:06,880 T0000: [D3-V3]  router bgp 65003
 no bgp ebgp-requires-policy
2024-01-02 22:50:08,329 T0000: [D3-V3] address-family ipv4 unicast
 neighbor 11.4.0.1 route-map SET_COMMUNITY in
exit

2024-01-02 22:50:39,815 T0000: [D3-V3] show bgp ipv4 unicast 172.16.2.2/32
2024-01-02 22:50:40,534 T0000: [D2-V2]  ipv6 access-list LOOPBACK permit 67fe:1::/64

2024-01-02 22:50:41,232 T0000: [D2-V2] route-map SET_COMMUNITY_1 permit 10
 set metric 50
 set community 64984:0 local-as
exit

2024-01-02 22:50:42,682 T0000: [D3-V3] route-map SET_COMMUNITY_1 permit 10
 set metric 50
exit

2024-01-02 22:50:44,139 T0000: [D2-V2]  router bgp 65002
 no bgp ebgp-requires-policy
2024-01-02 22:50:45,589 T0000: [D2-V2] address-family ipv6 unicast
 neighbor 67fe:2::2 route-map SET_COMMUNITY_1 out
exit
address-family ipv6 unicast
 redistribute connected
exit

2024-01-02 22:50:47,049 T0000: [D3-V3]  route-map SET_COMMUNITY_1 permit 10

2024-01-02 22:50:47,744 T0000: [D3-V3]  match ipv6 address None
exit

2024-01-02 22:50:49,195 T0397: [D2-V2] show bgp ipv6 summary
2024-01-02 22:50:49,197 T0398: [D3-V3] show bgp ipv6 summary
2024-01-02 22:50:49,899 T0000: [D3-V3] show bgp ipv6 unicast 67fe:1::/64
2024-01-02 22:50:50,625 T0000: [D3-V3] route-map SET_COMMUNITY_1 permit 10
 set community none
exit

2024-01-02 22:51:22,107 T0000: [D3-V3] show bgp ipv6 unicast 67fe:1::/64
2024-01-02 22:51:22,833 T0000: [D2-V2] route-map SET_COMMUNITY permit 10
 set community 64984:0 local-as
exit

2024-01-02 22:51:24,282 T0000: [D3-V3] route-map SET_COMMUNITY permit 10
 set community none
exit

2024-01-02 22:51:25,740 T0000: [D3-V3]  router bgp 65003
 no bgp ebgp-requires-policy
2024-01-02 22:51:27,189 T0000: [D3-V3] address-family ipv6 unicast
 neighbor 67fe:2::1 route-map SET_COMMUNITY in
exit

2024-01-02 22:51:58,671 T0000: [D3-V3] show bgp ipv4 unicast 172.16.2.2/32
2024-01-02 22:51:59,411 T0403: [D1-V1] no router bgp
2024-01-02 22:51:59,415 T0404: [D2-V2] no router bgp
2024-01-02 22:51:59,419 T0405: [D3-V3] no router bgp
2024-01-02 22:51:59,422 T0406: [D4-V4] no router bgp
2024-01-02 22:52:00,107 T0407: [D1-V1] config interface ip remove Ethernet40 11.4.0.1/24
2024-01-02 22:52:00,113 T0408: [D3-V3] config interface ip remove Ethernet16 11.4.0.2/24
2024-01-02 22:52:02,593 T0000: [D1-V1] no route-map SET_COMMUNITY

2024-01-02 22:52:04,484 T0000: [D1-V1] no access-list LOOPBACK  

2024-01-02 22:52:05,181 T0000: [D3-V3] no bgp community-list standard comm_test permit 64984:0
2024-01-02 22:52:07,069 T0000: [D3-V3] no route-map SET_COMMUNITY_1 permit 10

2024-01-02 22:52:07,764 T0000: 
================== Function Hook Finalize: routing/BGP/test_bgp_4node.py hooks_test_ft_bgp_ebgp_community_map ==================
2024-01-02 22:52:07,820 T0000: 
================== Framework Function Hook Finalize: routing/BGP/test_bgp_4node.py::test_ft_bgp_ebgp_community_map ==================
2024-01-02 22:52:07,827 T0413: [D1-V1] config save /tmp/config-db-V1-pre-module-epilog-routing-BGP-test_bgp_4node.py.json -y
2024-01-02 22:52:07,835 T0414: [D2-V2] config save /tmp/config-db-V2-pre-module-epilog-routing-BGP-test_bgp_4node.py.json -y
2024-01-02 22:52:07,839 T0415: [D3-V3] config save /tmp/config-db-V3-pre-module-epilog-routing-BGP-test_bgp_4node.py.json -y
2024-01-02 22:52:07,844 T0416: [D4-V4] config save /tmp/config-db-V4-pre-module-epilog-routing-BGP-test_bgp_4node.py.json -y
2024-01-02 22:52:10,047 T0413: [D1-V1] chmod 777 /tmp/config-db-V1-pre-module-epilog-routing-BGP-test_bgp_4node.py.json
2024-01-02 22:52:10,057 T0414: [D2-V2] chmod 777 /tmp/config-db-V2-pre-module-epilog-routing-BGP-test_bgp_4node.py.json
2024-01-02 22:52:10,069 T0416: [D4-V4] chmod 777 /tmp/config-db-V4-pre-module-epilog-routing-BGP-test_bgp_4node.py.json
2024-01-02 22:52:10,078 T0415: [D3-V3] chmod 777 /tmp/config-db-V3-pre-module-epilog-routing-BGP-test_bgp_4node.py.json
2024-01-02 22:52:11,525 T0413: [D1-V1] /sbin/ip link set dev eth0 up
2024-01-02 22:52:11,531 T0414: [D2-V2] /sbin/ip link set dev eth0 up
2024-01-02 22:52:11,544 T0416: [D4-V4] /sbin/ip link set dev eth0 up
2024-01-02 22:52:11,550 T0415: [D3-V3] /sbin/ip link set dev eth0 up
2024-01-02 22:52:12,195 T0413: [D1-V1] /sbin/ip route list dev eth0
2024-01-02 22:52:12,204 T0414: [D2-V2] /sbin/ip route list dev eth0
2024-01-02 22:52:12,213 T0416: [D4-V4] /sbin/ip route list dev eth0
2024-01-02 22:52:12,223 T0415: [D3-V3] /sbin/ip route list dev eth0
2024-01-02 22:52:20,526 T0413: [D1-V1] sudo vtysh -c 'show running-config' > /tmp/vtysh-runcfg-V1-pre-module-epilog-routing-BGP-test_bgp_4node.py.txt
2024-01-02 22:52:20,563 T0414: [D2-V2] sudo vtysh -c 'show running-config' > /tmp/vtysh-runcfg-V2-pre-module-epilog-routing-BGP-test_bgp_4node.py.txt
2024-01-02 22:52:20,600 T0415: [D3-V3] sudo vtysh -c 'show running-config' > /tmp/vtysh-runcfg-V3-pre-module-epilog-routing-BGP-test_bgp_4node.py.txt
2024-01-02 22:52:20,615 T0416: [D4-V4] sudo vtysh -c 'show running-config' > /tmp/vtysh-runcfg-V4-pre-module-epilog-routing-BGP-test_bgp_4node.py.txt
2024-01-02 22:52:21,396 T0413: [D1-V1] chmod 777 /tmp/vtysh-runcfg-V1-pre-module-epilog-routing-BGP-test_bgp_4node.py.txt
2024-01-02 22:52:21,431 T0414: [D2-V2] chmod 777 /tmp/vtysh-runcfg-V2-pre-module-epilog-routing-BGP-test_bgp_4node.py.txt
2024-01-02 22:52:21,468 T0415: [D3-V3] chmod 777 /tmp/vtysh-runcfg-V3-pre-module-epilog-routing-BGP-test_bgp_4node.py.txt
2024-01-02 22:52:21,484 T0416: [D4-V4] chmod 777 /tmp/vtysh-runcfg-V4-pre-module-epilog-routing-BGP-test_bgp_4node.py.txt
2024-01-02 22:52:22,872 T0413: [D1-V1] /sbin/ip link set dev eth0 up
2024-01-02 22:52:22,906 T0414: [D2-V2] /sbin/ip link set dev eth0 up
2024-01-02 22:52:22,941 T0415: [D3-V3] /sbin/ip link set dev eth0 up
2024-01-02 22:52:22,960 T0416: [D4-V4] /sbin/ip link set dev eth0 up
2024-01-02 22:52:23,541 T0413: [D1-V1] /sbin/ip route list dev eth0
2024-01-02 22:52:23,575 T0414: [D2-V2] /sbin/ip route list dev eth0
2024-01-02 22:52:23,610 T0415: [D3-V3] /sbin/ip route list dev eth0
2024-01-02 22:52:23,630 T0416: [D4-V4] /sbin/ip route list dev eth0
2024-01-02 22:52:31,989 T0449: [D1-V1] config interface ip remove Ethernet16 11.1.0.1/24
2024-01-02 22:52:31,994 T0450: [D2-V2] config interface ip remove Ethernet16 11.1.0.2/24
2024-01-02 22:52:33,228 T0451: [D1-V1] config interface ip remove Ethernet16 67fe:1::1/64
2024-01-02 22:52:33,232 T0452: [D2-V2] config interface ip remove Ethernet16 67fe:1::2/64
2024-01-02 22:52:34,719 T0453: [D2-V2] config interface ip remove Ethernet40 11.2.0.1/24
2024-01-02 22:52:34,724 T0454: [D3-V3] config interface ip remove Ethernet32 11.2.0.2/24
2024-01-02 22:52:35,799 T0455: [D2-V2] config interface ip remove Ethernet40 67fe:2::1/64
2024-01-02 22:52:35,806 T0456: [D3-V3] config interface ip remove Ethernet32 67fe:2::2/64
2024-01-02 22:52:37,339 T0457: [D3-V3] config interface ip remove Ethernet48 11.3.0.1/24
2024-01-02 22:52:37,344 T0458: [D4-V4] config interface ip remove Ethernet48 11.3.0.2/24
2024-01-02 22:52:38,423 T0459: [D3-V3] config interface ip remove Ethernet48 67fe:3::1/64
2024-01-02 22:52:38,427 T0460: [D4-V4] config interface ip remove Ethernet48 67fe:3::2/64
2024-01-02 22:52:39,903 T0000: 
================== Module Hook Finalize: routing/BGP/test_bgp_4node.py bgp_module_hooks ==================
2024-01-02 22:52:39,913 T0461: [D1-V1] config save /tmp/config-db-V1-post-module-epilog-routing-BGP-test_bgp_4node.py.json -y
2024-01-02 22:52:39,922 T0462: [D2-V2] config save /tmp/config-db-V2-post-module-epilog-routing-BGP-test_bgp_4node.py.json -y
2024-01-02 22:52:39,925 T0463: [D3-V3] config save /tmp/config-db-V3-post-module-epilog-routing-BGP-test_bgp_4node.py.json -y
2024-01-02 22:52:39,930 T0464: [D4-V4] config save /tmp/config-db-V4-post-module-epilog-routing-BGP-test_bgp_4node.py.json -y
2024-01-02 22:52:41,198 T0461: [D1-V1] chmod 777 /tmp/config-db-V1-post-module-epilog-routing-BGP-test_bgp_4node.py.json
2024-01-02 22:52:41,207 T0462: [D2-V2] chmod 777 /tmp/config-db-V2-post-module-epilog-routing-BGP-test_bgp_4node.py.json
2024-01-02 22:52:41,218 T0463: [D3-V3] chmod 777 /tmp/config-db-V3-post-module-epilog-routing-BGP-test_bgp_4node.py.json
2024-01-02 22:52:41,226 T0464: [D4-V4] chmod 777 /tmp/config-db-V4-post-module-epilog-routing-BGP-test_bgp_4node.py.json
2024-01-02 22:52:42,676 T0461: [D1-V1] /sbin/ip link set dev eth0 up
2024-01-02 22:52:42,687 T0462: [D2-V2] /sbin/ip link set dev eth0 up
2024-01-02 22:52:42,693 T0463: [D3-V3] /sbin/ip link set dev eth0 up
2024-01-02 22:52:42,702 T0464: [D4-V4] /sbin/ip link set dev eth0 up
2024-01-02 22:52:43,346 T0461: [D1-V1] /sbin/ip route list dev eth0
2024-01-02 22:52:43,356 T0462: [D2-V2] /sbin/ip route list dev eth0
2024-01-02 22:52:43,366 T0463: [D3-V3] /sbin/ip route list dev eth0
2024-01-02 22:52:43,376 T0464: [D4-V4] /sbin/ip route list dev eth0
2024-01-02 22:52:51,675 T0461: [D1-V1] sudo vtysh -c 'show running-config' > /tmp/vtysh-runcfg-V1-post-module-epilog-routing-BGP-test_bgp_4node.py.txt
2024-01-02 22:52:51,706 T0462: [D2-V2] sudo vtysh -c 'show running-config' > /tmp/vtysh-runcfg-V2-post-module-epilog-routing-BGP-test_bgp_4node.py.txt
2024-01-02 22:52:51,735 T0464: [D4-V4] sudo vtysh -c 'show running-config' > /tmp/vtysh-runcfg-V4-post-module-epilog-routing-BGP-test_bgp_4node.py.txt
2024-01-02 22:52:51,744 T0463: [D3-V3] sudo vtysh -c 'show running-config' > /tmp/vtysh-runcfg-V3-post-module-epilog-routing-BGP-test_bgp_4node.py.txt
2024-01-02 22:52:52,545 T0461: [D1-V1] chmod 777 /tmp/vtysh-runcfg-V1-post-module-epilog-routing-BGP-test_bgp_4node.py.txt
2024-01-02 22:52:52,575 T0462: [D2-V2] chmod 777 /tmp/vtysh-runcfg-V2-post-module-epilog-routing-BGP-test_bgp_4node.py.txt
2024-01-02 22:52:52,604 T0464: [D4-V4] chmod 777 /tmp/vtysh-runcfg-V4-post-module-epilog-routing-BGP-test_bgp_4node.py.txt
2024-01-02 22:52:52,612 T0463: [D3-V3] chmod 777 /tmp/vtysh-runcfg-V3-post-module-epilog-routing-BGP-test_bgp_4node.py.txt
2024-01-02 22:52:54,022 T0461: [D1-V1] /sbin/ip link set dev eth0 up
2024-01-02 22:52:54,050 T0462: [D2-V2] /sbin/ip link set dev eth0 up
2024-01-02 22:52:54,080 T0464: [D4-V4] /sbin/ip link set dev eth0 up
2024-01-02 22:52:54,088 T0463: [D3-V3] /sbin/ip link set dev eth0 up
2024-01-02 22:52:54,692 T0461: [D1-V1] /sbin/ip route list dev eth0
2024-01-02 22:52:54,719 T0462: [D2-V2] /sbin/ip route list dev eth0
2024-01-02 22:52:54,750 T0464: [D4-V4] /sbin/ip route list dev eth0
2024-01-02 22:52:54,760 T0463: [D3-V3] /sbin/ip route list dev eth0
2024-01-02 22:53:03,154 T0498: [D2-V2] sudo show interfaces status Ethernet124
2024-01-02 22:53:03,162 T0497: [D1-V1] sudo show interfaces status Ethernet124
2024-01-02 22:53:03,170 T0499: [D3-V3] sudo show interfaces status Ethernet124
2024-01-02 22:53:03,174 T0500: [D4-V4] sudo show interfaces status Ethernet124
2024-01-02 22:53:05,585 T0000: 
================== Framework Module Hook Finalize: routing/BGP/test_bgp_4node.py Pass: 5/5 ==================
2024-01-02 22:53:05,585 T0000: 
================== Devices used: routing/BGP/test_bgp_4node.py 4 ['V1', 'V2', 'V3', 'V4'] ==================
2024-01-02 22:53:07,387 T0000: 
================== Framework Module Hook: batch/test_spytest_infra_1.py ==================
2024-01-02 22:53:07,412 T0513: [D1-V1] no router bgp
2024-01-02 22:53:07,420 T0514: [D2-V2] no router bgp
2024-01-02 22:53:07,427 T0515: [D3-V3] no router bgp
2024-01-02 22:53:07,434 T0516: [D4-V4] no router bgp
2024-01-02 22:53:09,234 T0513: [D1-V1] config feature state sflow enabled
2024-01-02 22:53:09,243 T0514: [D2-V2] config feature state sflow enabled
2024-01-02 22:53:09,261 T0515: [D3-V3] config feature state sflow enabled
2024-01-02 22:53:09,270 T0516: [D4-V4] config feature state sflow enabled
2024-01-02 22:53:11,191 T0513: [D1-V1] config feature state nat enabled
2024-01-02 22:53:11,200 T0514: [D2-V2] config feature state nat enabled
2024-01-02 22:53:11,282 T0515: [D3-V3] config feature state nat enabled
2024-01-02 22:53:11,289 T0516: [D4-V4] config feature state nat enabled
2024-01-02 22:53:46,570 T0514: [D2-V2] /sbin/ip link set dev eth0 up
2024-01-02 22:53:47,241 T0514: [D2-V2] /sbin/ip route list dev eth0
2024-01-02 22:53:47,879 T0516: [D4-V4] /sbin/ip link set dev eth0 up
2024-01-02 22:53:47,879 T0515: [D3-V3] /sbin/ip link set dev eth0 up
2024-01-02 22:53:47,919 T0514: [D2-V2] /sbin/ifconfig eth0
2024-01-02 22:53:48,557 T0515: [D3-V3] /sbin/ip route list dev eth0
2024-01-02 22:53:48,561 T0516: [D4-V4] /sbin/ip route list dev eth0
2024-01-02 22:53:48,972 T0513: [D1-V1] /sbin/ip link set dev eth0 up
2024-01-02 22:53:49,256 T0515: [D3-V3] /sbin/ifconfig eth0
2024-01-02 22:53:49,260 T0516: [D4-V4] /sbin/ifconfig eth0
2024-01-02 22:53:49,407 T0514: [D2-V2] /sbin/ip link set dev eth0 up
2024-01-02 22:53:49,650 T0513: [D1-V1] /sbin/ip route list dev eth0
2024-01-02 22:53:49,966 T0515: [D3-V3] sudo show interfaces status Ethernet124
2024-01-02 22:53:49,968 T0516: [D4-V4] sudo show interfaces status Ethernet124
2024-01-02 22:53:50,080 T0514: [D2-V2] /sbin/ip route list dev eth0
2024-01-02 22:53:50,331 T0513: [D1-V1] sudo show interfaces status Ethernet124
2024-01-02 22:53:50,762 T0514: [D2-V2] sudo show interfaces status Ethernet124
2024-01-02 22:53:52,970 T0518: [D1-V1] sudo show interfaces status
2024-01-02 22:53:52,972 T0519: [D2-V2] sudo show interfaces status
2024-01-02 22:53:52,975 T0520: [D3-V3] sudo show interfaces status
2024-01-02 22:53:52,979 T0521: [D4-V4] sudo show interfaces status
2024-01-02 22:53:59,817 T0523: [D1-V1] sudo show interfaces status
2024-01-02 22:53:59,819 T0524: [D2-V2] sudo show interfaces status
2024-01-02 22:53:59,824 T0525: [D3-V3] sudo show interfaces status
2024-01-02 22:53:59,825 T0526: [D4-V4] sudo show interfaces status
2024-01-02 22:54:06,673 T0528: [D1-V1] sudo show interfaces status
2024-01-02 22:54:06,676 T0529: [D2-V2] sudo show interfaces status
2024-01-02 22:54:06,680 T0530: [D3-V3] sudo show interfaces status
2024-01-02 22:54:06,683 T0531: [D4-V4] sudo show interfaces status
2024-01-02 22:54:08,421 T0000: 
================== Framework Module Hook Finish: batch/test_spytest_infra_1.py ==================
2024-01-02 22:54:08,422 T0000: 
================== Framework Function Hook: batch/test_spytest_infra_1.py::test_spytest_infra_last ==================
2024-01-02 22:54:11,564 T0537: [D1-V1] sudo show interfaces status
2024-01-02 22:54:11,566 T0538: [D2-V2] sudo show interfaces status
2024-01-02 22:54:11,569 T0539: [D3-V3] sudo show interfaces status
2024-01-02 22:54:11,574 T0540: [D4-V4] sudo show interfaces status
2024-01-02 22:54:13,438 T0541: [D1-V1] sudo show interfaces status Ethernet124
2024-01-02 22:54:13,448 T0543: [D3-V3] sudo show interfaces status Ethernet124
2024-01-02 22:54:13,452 T0542: [D2-V2] sudo show interfaces status Ethernet124
2024-01-02 22:54:13,459 T0544: [D4-V4] sudo show interfaces status Ethernet124
2024-01-02 22:54:17,488 T0000: 
================== Framework Function Hook Finish: batch/test_spytest_infra_1.py::test_spytest_infra_last ==================
2024-01-02 22:54:17,490 T0000: 
================== Test Execution: batch/test_spytest_infra_1.py::test_spytest_infra_last ==================
2024-01-02 22:54:17,525 T0000: 
================== Framework Function Hook Finalize: batch/test_spytest_infra_1.py::test_spytest_infra_last ==================
2024-01-02 22:54:17,533 T0545: [D1-V1] sudo show interfaces status Ethernet124
2024-01-02 22:54:17,543 T0546: [D2-V2] sudo show interfaces status Ethernet124
2024-01-02 22:54:17,549 T0548: [D4-V4] sudo show interfaces status Ethernet124
2024-01-02 22:54:17,556 T0547: [D3-V3] sudo show interfaces status Ethernet124
2024-01-02 22:54:20,039 T0000: 
================== Framework Module Hook Finalize: batch/test_spytest_infra_1.py Pass: 1/1 ==================
2024-01-02 22:54:20,040 T0000: 
================== Devices used: batch/test_spytest_infra_1.py 4 ['V1', 'V2', 'V4', 'V3'] ==================
2024-01-02 22:54:20,164 T0557: [D1-V1] ['stty cols 80']
2024-01-02 22:54:20,167 T0558: [D2-V2] ['stty cols 80']
2024-01-02 22:54:20,169 T0559: [D3-V3] ['stty cols 80']
2024-01-02 22:54:20,174 T0560: [D4-V4] ['stty cols 80']
