2023-12-30 01:37:05,766 T0002: [D1-V2] ['export TMOUT=0', 'stty cols 5000', 'uptime']
2023-12-30 01:37:06,434 T0002: [D1-V2] cat /proc/uptime
2023-12-30 01:37:07,103 T0002: [D1-V2] sudo vtysh -c 'show running-config | include hostname'
2023-12-30 01:37:13,231 T0002: [D1-V2] /sbin/ip link set dev eth0 up
2023-12-30 01:37:13,900 T0002: [D1-V2] /sbin/ip route list dev eth0
2023-12-30 01:37:14,579 T0002: [D1-V2] ['export TMOUT=0', 'stty cols 5000', 'uptime']
2023-12-30 01:37:16,721 T0002: [D1-V2] /sbin/ip link set dev eth0 up
2023-12-30 01:37:17,388 T0002: [D1-V2] /sbin/ip route list dev eth0
2023-12-30 01:37:18,731 T0002: [D1-V2] show version
2023-12-30 01:37:20,921 T0002: [D1-V2] /sbin/ip link set dev eth0 up
2023-12-30 01:37:21,587 T0002: [D1-V2] /sbin/ip route list dev eth0
2023-12-30 01:37:23,735 T0002: [D1-V2] /sbin/ip link set dev eth0 up
2023-12-30 01:37:24,402 T0002: [D1-V2] /sbin/ip route list dev eth0
2023-12-30 01:38:31,198 T0000: [D1-V2] sudo show interfaces status
2023-12-30 01:38:33,362 T0000: [D1-V2] config interface startup Ethernet0
2023-12-30 01:38:34,769 T0000: [D1-V2] config interface startup Ethernet4
2023-12-30 01:38:36,125 T0000: [D1-V2] config interface startup Ethernet8
2023-12-30 01:38:37,482 T0000: [D1-V2] config interface startup Ethernet12
2023-12-30 01:38:39,017 T0000: [D1-V2] config interface shutdown Ethernet16
2023-12-30 01:38:40,471 T0000: [D1-V2] config interface shutdown Ethernet20
2023-12-30 01:38:41,840 T0000: [D1-V2] config interface shutdown Ethernet24
2023-12-30 01:38:43,096 T0000: [D1-V2] config interface shutdown Ethernet28
2023-12-30 01:38:44,461 T0000: [D1-V2] config interface shutdown Ethernet32
2023-12-30 01:38:45,765 T0000: [D1-V2] config interface shutdown Ethernet36
2023-12-30 01:38:47,120 T0000: [D1-V2] config interface shutdown Ethernet40
2023-12-30 01:38:48,478 T0000: [D1-V2] config interface shutdown Ethernet44
2023-12-30 01:38:49,837 T0000: [D1-V2] config interface shutdown Ethernet48
2023-12-30 01:38:51,093 T0000: [D1-V2] config interface shutdown Ethernet52
2023-12-30 01:38:52,449 T0000: [D1-V2] config interface shutdown Ethernet56
2023-12-30 01:38:53,764 T0000: [D1-V2] config interface shutdown Ethernet60
2023-12-30 01:38:55,077 T0000: [D1-V2] config interface shutdown Ethernet64
2023-12-30 01:38:56,386 T0000: [D1-V2] config interface shutdown Ethernet68
2023-12-30 01:38:57,691 T0000: [D1-V2] config interface shutdown Ethernet72
2023-12-30 01:38:59,001 T0000: [D1-V2] config interface shutdown Ethernet76
2023-12-30 01:39:00,361 T0000: [D1-V2] config interface shutdown Ethernet80
2023-12-30 01:39:01,737 T0000: [D1-V2] config interface shutdown Ethernet84
2023-12-30 01:39:03,050 T0000: [D1-V2] config interface shutdown Ethernet88
2023-12-30 01:39:04,408 T0000: [D1-V2] config interface shutdown Ethernet92
2023-12-30 01:39:05,769 T0000: [D1-V2] config interface shutdown Ethernet96
2023-12-30 01:39:07,078 T0000: [D1-V2] config interface shutdown Ethernet100
2023-12-30 01:39:08,491 T0000: [D1-V2] config interface shutdown Ethernet104
2023-12-30 01:39:09,846 T0000: [D1-V2] config interface shutdown Ethernet108
2023-12-30 01:39:11,154 T0000: [D1-V2] config interface shutdown Ethernet112
2023-12-30 01:39:12,461 T0000: [D1-V2] config interface shutdown Ethernet116
2023-12-30 01:39:13,775 T0000: [D1-V2] config interface shutdown Ethernet120
2023-12-30 01:39:15,138 T0000: [D1-V2] config interface shutdown Ethernet124
2023-12-30 01:39:23,854 T0000: [D1-V2] show version
2023-12-30 01:39:26,191 T0000: [D1-V2] cat /var/run/redis/sonic-db/database_config.json
2023-12-30 01:39:26,932 T0000: [D1-V2] /sbin/ifconfig eth0
2023-12-30 01:39:27,660 T0000: [D1-V2] ls /etc/sonic/bcmsim.cfg
2023-12-30 01:39:28,390 T0000: [D1-V2] no router bgp
2023-12-30 01:39:30,307 T0000: [D1-V2] config feature state sflow enabled
2023-12-30 01:39:32,539 T0000: [D1-V2] config feature state nat enabled
2023-12-30 01:39:37,033 T0000: [D1-V2] config save /tmp/config-db-V2-post-session-prolog-session.json -y
2023-12-30 01:39:38,688 T0000: [D1-V2] chmod 777 /tmp/config-db-V2-post-session-prolog-session.json
2023-12-30 01:39:40,228 T0000: [D1-V2] /sbin/ip link set dev eth0 up
2023-12-30 01:39:40,936 T0000: [D1-V2] /sbin/ip route list dev eth0
2023-12-30 01:39:49,495 T0000: [D1-V2] sudo vtysh -c 'show running-config' > /tmp/vtysh-runcfg-V2-post-session-prolog-session.txt
2023-12-30 01:39:50,397 T0000: [D1-V2] chmod 777 /tmp/vtysh-runcfg-V2-post-session-prolog-session.txt
2023-12-30 01:39:51,924 T0000: [D1-V2] /sbin/ip link set dev eth0 up
2023-12-30 01:39:52,637 T0000: [D1-V2] /sbin/ip route list dev eth0
2023-12-30 01:40:01,619 T0000: 
================== Framework Module Hook: batch/test_spytest_infra_1.py ==================
2023-12-30 01:40:01,639 T0012: [D1-V2] sudo show interfaces status Ethernet124
2023-12-30 01:40:04,055 T0013: [D1-V2] sudo show interfaces status
2023-12-30 01:40:05,788 T0000: 
================== Framework Module Hook Finish: batch/test_spytest_infra_1.py ==================
2023-12-30 01:40:05,791 T0000: 
================== Framework Function Hook: batch/test_spytest_infra_1.py::test_spytest_infra_first ==================
2023-12-30 01:40:10,091 T0014: [D1-V2] sudo show interfaces status
2023-12-30 01:40:11,844 T0000: [D1-V2] sudo show interfaces status Ethernet124
2023-12-30 01:40:14,690 T0000: 
================== Framework Function Hook Finish: batch/test_spytest_infra_1.py::test_spytest_infra_first ==================
2023-12-30 01:40:14,693 T0000: 
================== Test Execution: batch/test_spytest_infra_1.py::test_spytest_infra_first ==================
2023-12-30 01:40:14,713 T0000: 
================== Framework Function Hook Finalize: batch/test_spytest_infra_1.py::test_spytest_infra_first ==================
2023-12-30 01:40:14,865 T0000: 
================== Framework Function Hook: batch/test_spytest_infra_1.py::test_spytest_infra_second ==================
2023-12-30 01:40:14,882 T0015: [D1-V2] sudo show interfaces status
2023-12-30 01:40:16,680 T0000: [D1-V2] sudo show interfaces status Ethernet124
2023-12-30 01:40:19,598 T0000: 
================== Framework Function Hook Finish: batch/test_spytest_infra_1.py::test_spytest_infra_second ==================
2023-12-30 01:40:19,601 T0000: 
================== Test Execution: batch/test_spytest_infra_1.py::test_spytest_infra_second ==================
2023-12-30 01:40:19,621 T0000: 
================== Framework Function Hook Finalize: batch/test_spytest_infra_1.py::test_spytest_infra_second ==================
2023-12-30 01:40:19,635 T0000: [D1-V2] sudo show interfaces status Ethernet124
2023-12-30 01:40:22,163 T0000: 
================== Framework Module Hook Finalize: batch/test_spytest_infra_1.py Pass: 2/2 ==================
2023-12-30 01:40:22,163 T0000: 
================== Devices used: batch/test_spytest_infra_1.py 1 ['V2'] ==================
2023-12-30 01:40:22,577 T0000: 
================== Framework Module Hook: system/test_snapshot.py ==================
2023-12-30 01:40:22,592 T0016: [D1-V2] sudo show interfaces status Ethernet124
2023-12-30 01:40:24,894 T0017: [D1-V2] sudo show interfaces status
2023-12-30 01:40:26,700 T0000: [D1-V2] config save /tmp/config-db-V2-pre-module-prolog-system-test_snapshot.py.json -y
2023-12-30 01:40:28,365 T0000: [D1-V2] chmod 777 /tmp/config-db-V2-pre-module-prolog-system-test_snapshot.py.json
2023-12-30 01:40:29,889 T0000: [D1-V2] /sbin/ip link set dev eth0 up
2023-12-30 01:40:30,600 T0000: [D1-V2] /sbin/ip route list dev eth0
2023-12-30 01:40:39,111 T0000: [D1-V2] sudo vtysh -c 'show running-config' > /tmp/vtysh-runcfg-V2-pre-module-prolog-system-test_snapshot.py.txt
2023-12-30 01:40:39,968 T0000: [D1-V2] chmod 777 /tmp/vtysh-runcfg-V2-pre-module-prolog-system-test_snapshot.py.txt
2023-12-30 01:40:41,495 T0000: [D1-V2] /sbin/ip link set dev eth0 up
2023-12-30 01:40:42,203 T0000: [D1-V2] /sbin/ip route list dev eth0
2023-12-30 01:40:50,773 T0000: 
================== Framework Module Hook Finish: system/test_snapshot.py ==================
2023-12-30 01:40:50,774 T0000: 
================== Module Hook: system/test_snapshot.py snapshot_feature_module_hooks ==================
2023-12-30 01:40:50,782 T0000: [D1-V2] /sbin/ifconfig Ethernet0
2023-12-30 01:40:51,503 T0000: [D1-V2] show platform summary
2023-12-30 01:40:52,774 T0000: [D1-V2] show vlan config
2023-12-30 01:40:54,104 T0000: [D1-V2] []
2023-12-30 01:40:54,105 T0000: [D1-V2] ['config vlan add 1846']
2023-12-30 01:40:55,365 T0000: [D1-V2] config vlan member add 1846 Ethernet0
2023-12-30 01:40:56,625 T0000: [D1-V2] config vlan member add 1846 Ethernet4
2023-12-30 01:40:57,880 T0000: [D1-V2] config vlan member add 1846 Ethernet8
2023-12-30 01:40:59,138 T0000: [D1-V2] config vlan member add 1846 Ethernet12
2023-12-30 01:41:16,497 T0000: 
================== Module Hook Finish: system/test_snapshot.py snapshot_feature_module_hooks ==================
2023-12-30 01:41:16,498 T0000: 
================== Framework Function Hook: system/test_snapshot.py::test_ft_watermark_telemetry_interval ==================
2023-12-30 01:41:16,507 T0000: [D1-V2] config save /tmp/config-db-V2-post-module-prolog-system-test_snapshot.py.json -y
2023-12-30 01:41:18,169 T0000: [D1-V2] chmod 777 /tmp/config-db-V2-post-module-prolog-system-test_snapshot.py.json
2023-12-30 01:41:19,697 T0000: [D1-V2] /sbin/ip link set dev eth0 up
2023-12-30 01:41:20,406 T0000: [D1-V2] /sbin/ip route list dev eth0
2023-12-30 01:41:28,992 T0000: [D1-V2] sudo vtysh -c 'show running-config' > /tmp/vtysh-runcfg-V2-post-module-prolog-system-test_snapshot.py.txt
2023-12-30 01:41:29,906 T0000: [D1-V2] chmod 777 /tmp/vtysh-runcfg-V2-post-module-prolog-system-test_snapshot.py.txt
2023-12-30 01:41:31,444 T0000: [D1-V2] /sbin/ip link set dev eth0 up
2023-12-30 01:41:32,151 T0000: [D1-V2] /sbin/ip route list dev eth0
2023-12-30 01:41:45,026 T0034: [D1-V2] sudo show interfaces status
2023-12-30 01:41:46,840 T0000: [D1-V2] sudo show interfaces status Ethernet124
2023-12-30 01:41:49,751 T0000: 
================== Framework Function Hook Finish: system/test_snapshot.py::test_ft_watermark_telemetry_interval ==================
2023-12-30 01:41:49,753 T0000: 
================== Function Hook: system/test_snapshot.py snapshot_feature_func_hooks ==================
2023-12-30 01:41:49,756 T0000: 
================== Function Hook Finish: system/test_snapshot.py snapshot_feature_func_hooks ==================
2023-12-30 01:41:49,757 T0000: 
================== Test Execution: system/test_snapshot.py::test_ft_watermark_telemetry_interval ==================
2023-12-30 01:41:49,758 T0000: [D1-V2] config watermark telemetry interval 30
2023-12-30 01:41:51,166 T0000: [D1-V2] show watermark telemetry interval
2023-12-30 01:41:52,487 T0000: [D1-V2] config watermark telemetry interval 120
2023-12-30 01:41:53,892 T0000: [D1-V2] show watermark telemetry interval
2023-12-30 01:41:55,271 T0000: [D1-V2] show logging | grep 'ERR' | grep -i 'brcm_sai_tam'
2023-12-30 01:42:00,749 T0000: 
================== Function Hook Finalize: system/test_snapshot.py snapshot_feature_func_hooks ==================
2023-12-30 01:42:00,769 T0000: 
================== Framework Function Hook Finalize: system/test_snapshot.py::test_ft_watermark_telemetry_interval ==================
2023-12-30 01:42:00,777 T0000: [D1-V2] config save /tmp/config-db-V2-pre-module-epilog-system-test_snapshot.py.json -y
2023-12-30 01:42:02,486 T0000: [D1-V2] chmod 777 /tmp/config-db-V2-pre-module-epilog-system-test_snapshot.py.json
2023-12-30 01:42:04,038 T0000: [D1-V2] /sbin/ip link set dev eth0 up
2023-12-30 01:42:04,753 T0000: [D1-V2] /sbin/ip route list dev eth0
2023-12-30 01:42:13,271 T0000: [D1-V2] sudo vtysh -c 'show running-config' > /tmp/vtysh-runcfg-V2-pre-module-epilog-system-test_snapshot.py.txt
2023-12-30 01:42:14,128 T0000: [D1-V2] chmod 777 /tmp/vtysh-runcfg-V2-pre-module-epilog-system-test_snapshot.py.txt
2023-12-30 01:42:15,653 T0000: [D1-V2] /sbin/ip link set dev eth0 up
2023-12-30 01:42:16,363 T0000: [D1-V2] /sbin/ip route list dev eth0
2023-12-30 01:42:24,914 T0000: [D1-V2] config vlan member del 1846 Ethernet0
2023-12-30 01:42:26,273 T0000: [D1-V2] config vlan member del 1846 Ethernet4
2023-12-30 01:42:27,577 T0000: [D1-V2] config vlan member del 1846 Ethernet8
2023-12-30 01:42:28,884 T0000: [D1-V2] config vlan member del 1846 Ethernet12
2023-12-30 01:42:30,248 T0000: [D1-V2] show vlan config
2023-12-30 01:42:31,569 T0000: [D1-V2] ['config vlan del 1846']
2023-12-30 01:42:33,181 T0000: [D1-V2] show vlan config
2023-12-30 01:42:34,550 T0000: 
================== Module Hook Finalize: system/test_snapshot.py snapshot_feature_module_hooks ==================
2023-12-30 01:42:34,558 T0000: [D1-V2] config save /tmp/config-db-V2-post-module-epilog-system-test_snapshot.py.json -y
2023-12-30 01:42:36,330 T0000: [D1-V2] chmod 777 /tmp/config-db-V2-post-module-epilog-system-test_snapshot.py.json
2023-12-30 01:42:37,856 T0000: [D1-V2] /sbin/ip link set dev eth0 up
2023-12-30 01:42:38,578 T0000: [D1-V2] /sbin/ip route list dev eth0
2023-12-30 01:42:47,209 T0000: [D1-V2] sudo vtysh -c 'show running-config' > /tmp/vtysh-runcfg-V2-post-module-epilog-system-test_snapshot.py.txt
2023-12-30 01:42:48,061 T0000: [D1-V2] chmod 777 /tmp/vtysh-runcfg-V2-post-module-epilog-system-test_snapshot.py.txt
2023-12-30 01:42:49,592 T0000: [D1-V2] /sbin/ip link set dev eth0 up
2023-12-30 01:42:50,295 T0000: [D1-V2] /sbin/ip route list dev eth0
2023-12-30 01:42:58,915 T0000: [D1-V2] sudo show interfaces status Ethernet124
2023-12-30 01:43:01,595 T0000: 
================== Framework Module Hook Finalize: system/test_snapshot.py Pass: 1/1 ==================
2023-12-30 01:43:01,595 T0000: 
================== Devices used: system/test_snapshot.py 1 ['V2'] ==================
2023-12-30 01:43:02,143 T0000: 
================== Framework Module Hook: batch/test_spytest_infra_1.py ==================
2023-12-30 01:43:02,157 T0051: [D1-V2] no router bgp
2023-12-30 01:43:03,904 T0051: [D1-V2] config feature state sflow enabled
2023-12-30 01:43:06,051 T0051: [D1-V2] config feature state nat enabled
2023-12-30 01:43:58,468 T0051: [D1-V2] /sbin/ip link set dev eth0 up
2023-12-30 01:43:59,135 T0051: [D1-V2] /sbin/ip route list dev eth0
2023-12-30 01:43:59,820 T0051: [D1-V2] sudo show interfaces status Ethernet124
2023-12-30 01:44:02,379 T0052: [D1-V2] sudo show interfaces status
2023-12-30 01:44:09,377 T0053: [D1-V2] sudo show interfaces status
2023-12-30 01:44:16,368 T0054: [D1-V2] sudo show interfaces status
2023-12-30 01:44:23,460 T0055: [D1-V2] sudo show interfaces status
2023-12-30 01:44:25,290 T0000: 
================== Framework Module Hook Finish: batch/test_spytest_infra_1.py ==================
2023-12-30 01:44:25,292 T0000: 
================== Framework Function Hook: batch/test_spytest_infra_1.py::test_spytest_infra_last ==================
2023-12-30 01:44:29,589 T0056: [D1-V2] sudo show interfaces status
2023-12-30 01:44:31,394 T0000: [D1-V2] sudo show interfaces status Ethernet124
2023-12-30 01:44:34,307 T0000: 
================== Framework Function Hook Finish: batch/test_spytest_infra_1.py::test_spytest_infra_last ==================
2023-12-30 01:44:34,311 T0000: 
================== Test Execution: batch/test_spytest_infra_1.py::test_spytest_infra_last ==================
2023-12-30 01:44:34,333 T0000: 
================== Framework Function Hook Finalize: batch/test_spytest_infra_1.py::test_spytest_infra_last ==================
2023-12-30 01:44:34,347 T0000: [D1-V2] sudo show interfaces status Ethernet124
2023-12-30 01:44:36,984 T0000: 
================== Framework Module Hook Finalize: batch/test_spytest_infra_1.py Pass: 1/1 ==================
2023-12-30 01:44:36,984 T0000: 
================== Devices used: batch/test_spytest_infra_1.py 1 ['V2'] ==================
2023-12-30 01:44:37,397 T0000: 
================== Framework Module Hook: security/test_tacacs.py ==================
2023-12-30 01:44:37,414 T0057: [D1-V2] no router bgp
2023-12-30 01:44:39,165 T0057: [D1-V2] config feature state sflow enabled
2023-12-30 01:44:41,315 T0057: [D1-V2] config feature state nat enabled
2023-12-30 01:46:36,165 T0057: [D1-V2] /sbin/ip link set dev eth0 up
2023-12-30 01:46:36,832 T0057: [D1-V2] /sbin/ip route list dev eth0
2023-12-30 01:46:37,508 T0057: [D1-V2] sudo show interfaces status Ethernet124
2023-12-30 01:46:39,906 T0058: [D1-V2] sudo show interfaces status
2023-12-30 01:46:46,816 T0059: [D1-V2] sudo show interfaces status
2023-12-30 01:46:53,900 T0060: [D1-V2] sudo show interfaces status
2023-12-30 01:47:00,793 T0061: [D1-V2] sudo show interfaces status
2023-12-30 01:47:02,643 T0000: [D1-V2] config save /tmp/config-db-V2-pre-module-prolog-security-test_tacacs.py.json -y
2023-12-30 01:47:04,355 T0000: [D1-V2] chmod 777 /tmp/config-db-V2-pre-module-prolog-security-test_tacacs.py.json
2023-12-30 01:47:05,883 T0000: [D1-V2] /sbin/ip link set dev eth0 up
2023-12-30 01:47:06,593 T0000: [D1-V2] /sbin/ip route list dev eth0
2023-12-30 01:47:15,151 T0000: [D1-V2] sudo vtysh -c 'show running-config' > /tmp/vtysh-runcfg-V2-pre-module-prolog-security-test_tacacs.py.txt
2023-12-30 01:47:16,009 T0000: [D1-V2] chmod 777 /tmp/vtysh-runcfg-V2-pre-module-prolog-security-test_tacacs.py.txt
2023-12-30 01:47:17,543 T0000: [D1-V2] /sbin/ip link set dev eth0 up
2023-12-30 01:47:18,257 T0000: [D1-V2] /sbin/ip route list dev eth0
2023-12-30 01:47:26,844 T0000: 
================== Framework Module Hook Finish: security/test_tacacs.py ==================
2023-12-30 01:47:26,845 T0000: 
================== Module Hook: security/test_tacacs.py tacacs_module_hooks ==================
2023-12-30 01:47:26,863 T0000: [D1-V2] /sbin/ifconfig eth0
2023-12-30 01:47:27,578 T0000: [D1-V2] config aaa  authentication failthrough enable
2023-12-30 01:47:28,830 T0000: [D1-V2] config tacacs add 10.193.81.61 -o 49 -t 5 -k lvl7india -a pap -p 3
2023-12-30 01:47:30,137 T0000: [D1-V2] config aaa  authentication login tacacs+ local
2023-12-30 01:47:31,394 T0000: 
================== Module Hook Finish: security/test_tacacs.py tacacs_module_hooks ==================
2023-12-30 01:47:31,395 T0000: 
================== Framework Function Hook: security/test_tacacs.py::test_ft_tacacs_ssh_login_with_tacacs_operations ==================
2023-12-30 01:47:31,403 T0000: [D1-V2] config save /tmp/config-db-V2-post-module-prolog-security-test_tacacs.py.json -y
2023-12-30 01:47:33,163 T0000: [D1-V2] chmod 777 /tmp/config-db-V2-post-module-prolog-security-test_tacacs.py.json
2023-12-30 01:47:34,687 T0000: [D1-V2] /sbin/ip link set dev eth0 up
2023-12-30 01:47:35,394 T0000: [D1-V2] /sbin/ip route list dev eth0
2023-12-30 01:47:43,872 T0000: [D1-V2] sudo vtysh -c 'show running-config' > /tmp/vtysh-runcfg-V2-post-module-prolog-security-test_tacacs.py.txt
2023-12-30 01:47:44,778 T0000: [D1-V2] chmod 777 /tmp/vtysh-runcfg-V2-post-module-prolog-security-test_tacacs.py.txt
2023-12-30 01:47:46,306 T0000: [D1-V2] /sbin/ip link set dev eth0 up
2023-12-30 01:47:47,019 T0000: [D1-V2] /sbin/ip route list dev eth0
2023-12-30 01:47:59,832 T0078: [D1-V2] sudo show interfaces status
2023-12-30 01:48:01,686 T0000: [D1-V2] sudo show interfaces status Ethernet124
2023-12-30 01:48:04,596 T0000: 
================== Framework Function Hook Finish: security/test_tacacs.py::test_ft_tacacs_ssh_login_with_tacacs_operations ==================
2023-12-30 01:48:04,597 T0000: 
================== Function Hook: security/test_tacacs.py tacacs_func_hooks ==================
2023-12-30 01:48:04,599 T0000: 
================== Function Hook Finish: security/test_tacacs.py tacacs_func_hooks ==================
2023-12-30 01:48:04,600 T0000: 
================== Test Execution: security/test_tacacs.py::test_ft_tacacs_ssh_login_with_tacacs_operations ==================
2023-12-30 01:48:04,601 T0000: [D1-V2] [ -f /etc/pam.d/common-auth ] && echo 1 || echo 0
2023-12-30 01:48:05,721 T0000: 
================== Function Hook Finalize: security/test_tacacs.py tacacs_func_hooks ==================
2023-12-30 01:48:05,756 T0000: 
================== Framework Function Hook Finalize: security/test_tacacs.py::test_ft_tacacs_ssh_login_with_tacacs_operations ==================
2023-12-30 01:48:05,763 T0000: [D1-V2] config save /tmp/config-db-V2-pre-module-epilog-security-test_tacacs.py.json -y
2023-12-30 01:48:07,474 T0000: [D1-V2] chmod 777 /tmp/config-db-V2-pre-module-epilog-security-test_tacacs.py.json
2023-12-30 01:48:09,005 T0000: [D1-V2] /sbin/ip link set dev eth0 up
2023-12-30 01:48:09,722 T0000: [D1-V2] /sbin/ip route list dev eth0
2023-12-30 01:48:18,193 T0000: [D1-V2] sudo vtysh -c 'show running-config' > /tmp/vtysh-runcfg-V2-pre-module-epilog-security-test_tacacs.py.txt
2023-12-30 01:48:19,097 T0000: [D1-V2] chmod 777 /tmp/vtysh-runcfg-V2-pre-module-epilog-security-test_tacacs.py.txt
2023-12-30 01:48:20,625 T0000: [D1-V2] /sbin/ip link set dev eth0 up
2023-12-30 01:48:21,331 T0000: [D1-V2] /sbin/ip route list dev eth0
2023-12-30 01:48:29,841 T0000: [D1-V2] config tacacs default authtype
2023-12-30 01:48:31,146 T0000: [D1-V2] config tacacs default passkey
2023-12-30 01:48:32,405 T0000: [D1-V2] config tacacs default timeout
2023-12-30 01:48:33,710 T0000: [D1-V2] config tacacs delete 10.193.81.61 
2023-12-30 01:48:35,013 T0000: [D1-V2] config tacacs delete 10.52.139.138 
2023-12-30 01:48:36,319 T0000: [D1-V2] config tacacs delete 10.52.145.178 
2023-12-30 01:48:37,574 T0000: [D1-V2] config tacacs delete 10.52.140.51 
2023-12-30 01:48:38,832 T0000: [D1-V2] config tacacs delete 10.2.3.4 
2023-12-30 01:48:40,089 T0000: [D1-V2] config tacacs delete 10.2.3.5 
2023-12-30 01:48:41,344 T0000: [D1-V2] config tacacs delete 10.2.3.6 
2023-12-30 01:48:42,602 T0000: [D1-V2] config tacacs delete 10.2.3.7 
2023-12-30 01:48:43,852 T0000: [D1-V2] config aaa  authentication login default
2023-12-30 01:48:45,111 T0000: [D1-V2] config aaa  authentication failthrough default
2023-12-30 01:48:46,363 T0000: [D1-V2] show vlan config
2023-12-30 01:48:47,635 T0000: [D1-V2] []
2023-12-30 01:48:47,635 T0000: 
================== Module Hook Finalize: security/test_tacacs.py tacacs_module_hooks ==================
2023-12-30 01:48:47,643 T0000: [D1-V2] config save /tmp/config-db-V2-post-module-epilog-security-test_tacacs.py.json -y
2023-12-30 01:48:49,306 T0000: [D1-V2] chmod 777 /tmp/config-db-V2-post-module-epilog-security-test_tacacs.py.json
2023-12-30 01:48:50,839 T0000: [D1-V2] /sbin/ip link set dev eth0 up
2023-12-30 01:48:51,553 T0000: [D1-V2] /sbin/ip route list dev eth0
2023-12-30 01:49:00,152 T0000: [D1-V2] sudo vtysh -c 'show running-config' > /tmp/vtysh-runcfg-V2-post-module-epilog-security-test_tacacs.py.txt
2023-12-30 01:49:01,108 T0000: [D1-V2] chmod 777 /tmp/vtysh-runcfg-V2-post-module-epilog-security-test_tacacs.py.txt
2023-12-30 01:49:02,636 T0000: [D1-V2] /sbin/ip link set dev eth0 up
2023-12-30 01:49:03,344 T0000: [D1-V2] /sbin/ip route list dev eth0
2023-12-30 01:49:11,882 T0000: [D1-V2] sudo show interfaces status Ethernet124
2023-12-30 01:49:14,416 T0000: 
================== Framework Module Hook Finalize: security/test_tacacs.py Pass: 0/1 ==================
2023-12-30 01:49:14,416 T0000: 
================== Devices used: security/test_tacacs.py 1 ['V2'] ==================
2023-12-30 01:49:14,922 T0000: 
================== Framework Module Hook: batch/test_spytest_infra_1.py ==================
2023-12-30 01:49:14,937 T0095: [D1-V2] no router bgp
2023-12-30 01:49:16,744 T0095: [D1-V2] config feature state sflow enabled
2023-12-30 01:49:18,945 T0095: [D1-V2] config feature state nat enabled
2023-12-30 01:50:12,559 T0095: [D1-V2] /sbin/ip link set dev eth0 up
2023-12-30 01:50:13,226 T0095: [D1-V2] /sbin/ip route list dev eth0
2023-12-30 01:50:13,903 T0095: [D1-V2] sudo show interfaces status Ethernet124
2023-12-30 01:50:16,360 T0096: [D1-V2] sudo show interfaces status
2023-12-30 01:50:23,151 T0097: [D1-V2] sudo show interfaces status
2023-12-30 01:50:30,152 T0098: [D1-V2] sudo show interfaces status
2023-12-30 01:50:37,050 T0099: [D1-V2] sudo show interfaces status
2023-12-30 01:50:38,785 T0000: 
================== Framework Module Hook Finish: batch/test_spytest_infra_1.py ==================
2023-12-30 01:50:38,787 T0000: 
================== Framework Function Hook: batch/test_spytest_infra_1.py::test_spytest_infra_last ==================
2023-12-30 01:50:43,088 T0100: [D1-V2] sudo show interfaces status
2023-12-30 01:50:44,846 T0000: [D1-V2] sudo show interfaces status Ethernet124
2023-12-30 01:50:47,694 T0000: 
================== Framework Function Hook Finish: batch/test_spytest_infra_1.py::test_spytest_infra_last ==================
2023-12-30 01:50:47,696 T0000: 
================== Test Execution: batch/test_spytest_infra_1.py::test_spytest_infra_last ==================
2023-12-30 01:50:47,716 T0000: 
================== Framework Function Hook Finalize: batch/test_spytest_infra_1.py::test_spytest_infra_last ==================
2023-12-30 01:50:47,730 T0000: [D1-V2] sudo show interfaces status Ethernet124
2023-12-30 01:50:50,253 T0000: 
================== Framework Module Hook Finalize: batch/test_spytest_infra_1.py Pass: 1/1 ==================
2023-12-30 01:50:50,254 T0000: 
================== Devices used: batch/test_spytest_infra_1.py 1 ['V2'] ==================
2023-12-30 01:50:50,344 T0000: [D1-V2] ['stty cols 80']
