2023-12-28 02:40:56,485 T0025: WARN  #### gw2  
2023-12-28 02:40:56,485 T0025: WARN  support post-session-prolog session pass ''
2023-12-28 02:40:56,487 T0026: WARN  #### gw2  
2023-12-28 02:40:56,487 T0026: WARN  support post-session-prolog session pass ''
2023-12-28 02:41:44,897 T0079: INFO  #### gw2  
2023-12-28 02:41:44,897 T0079: INFO  support pre-module-prolog switching/test_vlan.py  ''
2023-12-28 02:41:44,899 T0080: INFO  #### gw2  
2023-12-28 02:41:44,899 T0080: INFO  support pre-module-prolog switching/test_vlan.py  ''
2023-12-28 02:42:18,614 T0098: INFO  #### gw2  switching/test_vlan.py
2023-12-28 02:42:18,615 T0098: INFO  support post-module-prolog switching/test_vlan.py Pass ''
2023-12-28 02:42:18,618 T0099: INFO  #### gw2  switching/test_vlan.py
2023-12-28 02:42:18,618 T0099: INFO  support post-module-prolog switching/test_vlan.py Pass ''
2023-12-28 02:42:49,862 T0123: INFO  #### gw2  switching/test_vlan.py
2023-12-28 02:42:49,862 T0123: INFO  support pre-function-prolog test_ft_add_unknownvlan_interface  ''
2023-12-28 02:42:49,866 T0124: INFO  #### gw2  switching/test_vlan.py
2023-12-28 02:42:49,866 T0124: INFO  support pre-function-prolog test_ft_add_unknownvlan_interface  ''
2023-12-28 02:42:49,877 T0125: INFO  #### gw2  switching/test_vlan.py::test_ft_add_unknownvlan_interface
2023-12-28 02:42:49,878 T0125: INFO  support post-function-prolog test_ft_add_unknownvlan_interface Pass ''
2023-12-28 02:42:49,879 T0126: INFO  #### gw2  switching/test_vlan.py::test_ft_add_unknownvlan_interface
2023-12-28 02:42:49,880 T0126: INFO  support post-function-prolog test_ft_add_unknownvlan_interface Pass ''
2023-12-28 02:42:50,956 T0000: WARN  #### gw2 IGNORED ERROR switching/test_vlan.py::test_ft_add_unknownvlan_interface
2023-12-28 02:42:50,956 T0000: WARN  Skipped error checking but detected pattern: containing_error command: sudo -s config vlan member add 43 Ethernet48 -u
2023-12-28 02:42:53,078 T0127: INFO  #### gw2  switching/test_vlan.py::test_ft_add_unknownvlan_interface
2023-12-28 02:42:53,078 T0127: INFO  support pre-function-epilog test_ft_add_unknownvlan_interface Pass 'Test case passed'
2023-12-28 02:42:53,080 T0128: INFO  #### gw2  switching/test_vlan.py::test_ft_add_unknownvlan_interface
2023-12-28 02:42:53,080 T0128: INFO  support pre-function-epilog test_ft_add_unknownvlan_interface Pass 'Test case passed'
2023-12-28 02:42:53,088 T0129: INFO  #### gw2  switching/test_vlan.py::test_ft_add_unknownvlan_interface
2023-12-28 02:42:53,088 T0129: INFO  support post-function-epilog test_ft_add_unknownvlan_interface Pass 'Test case passed'
2023-12-28 02:42:53,090 T0130: INFO  #### gw2  switching/test_vlan.py::test_ft_add_unknownvlan_interface
2023-12-28 02:42:53,090 T0130: INFO  support post-function-epilog test_ft_add_unknownvlan_interface Pass 'Test case passed'
2023-12-28 02:42:58,005 T0136: INFO  #### gw2  switching/test_vlan.py
2023-12-28 02:42:58,005 T0136: INFO  support pre-function-prolog test_ft_vlan_delete_with_member  ''
2023-12-28 02:42:58,009 T0137: INFO  #### gw2  switching/test_vlan.py
2023-12-28 02:42:58,009 T0137: INFO  support pre-function-prolog test_ft_vlan_delete_with_member  ''
2023-12-28 02:42:58,020 T0138: INFO  #### gw2  switching/test_vlan.py::test_ft_vlan_delete_with_member
2023-12-28 02:42:58,020 T0138: INFO  support post-function-prolog test_ft_vlan_delete_with_member Pass ''
2023-12-28 02:42:58,022 T0139: INFO  #### gw2  switching/test_vlan.py::test_ft_vlan_delete_with_member
2023-12-28 02:42:58,022 T0139: INFO  support post-function-prolog test_ft_vlan_delete_with_member Pass ''
2023-12-28 02:43:01,273 T0000: WARN  #### gw2 IGNORED ERROR switching/test_vlan.py::test_ft_vlan_delete_with_member
2023-12-28 02:43:01,273 T0000: WARN  Skipped error checking but detected pattern: containing_error command: sudo -s config vlan del 43
2023-12-28 02:43:05,580 T0140: INFO  #### gw2  switching/test_vlan.py::test_ft_vlan_delete_with_member
2023-12-28 02:43:05,580 T0140: INFO  support pre-function-epilog test_ft_vlan_delete_with_member Pass 'Test case passed'
2023-12-28 02:43:05,582 T0141: INFO  #### gw2  switching/test_vlan.py::test_ft_vlan_delete_with_member
2023-12-28 02:43:05,582 T0141: INFO  support pre-function-epilog test_ft_vlan_delete_with_member Pass 'Test case passed'
2023-12-28 02:43:05,590 T0142: INFO  #### gw2  switching/test_vlan.py::test_ft_vlan_delete_with_member
2023-12-28 02:43:05,590 T0142: INFO  support post-function-epilog test_ft_vlan_delete_with_member Pass 'Test case passed'
2023-12-28 02:43:05,592 T0143: INFO  #### gw2  switching/test_vlan.py::test_ft_vlan_delete_with_member
2023-12-28 02:43:05,592 T0143: INFO  support post-function-epilog test_ft_vlan_delete_with_member Pass 'Test case passed'
2023-12-28 02:43:10,532 T0149: INFO  #### gw2  switching/test_vlan.py
2023-12-28 02:43:10,532 T0149: INFO  support pre-function-prolog test_ft_vlan_trunk_tagged  ''
2023-12-28 02:43:10,536 T0150: INFO  #### gw2  switching/test_vlan.py
2023-12-28 02:43:10,537 T0150: INFO  support pre-function-prolog test_ft_vlan_trunk_tagged  ''
2023-12-28 02:43:10,549 T0151: INFO  #### gw2  switching/test_vlan.py::test_ft_vlan_trunk_tagged
2023-12-28 02:43:10,549 T0151: INFO  support post-function-prolog test_ft_vlan_trunk_tagged Pass ''
2023-12-28 02:43:10,551 T0152: INFO  #### gw2  switching/test_vlan.py::test_ft_vlan_trunk_tagged
2023-12-28 02:43:10,551 T0152: INFO  support post-function-prolog test_ft_vlan_trunk_tagged Pass ''
2023-12-28 02:44:31,576 T0153: INFO  #### gw2  switching/test_vlan.py::test_ft_vlan_trunk_tagged
2023-12-28 02:44:31,576 T0153: INFO  support pre-function-epilog test_ft_vlan_trunk_tagged Pass 'Test case passed'
2023-12-28 02:44:31,579 T0154: INFO  #### gw2  switching/test_vlan.py::test_ft_vlan_trunk_tagged
2023-12-28 02:44:31,579 T0154: INFO  support pre-function-epilog test_ft_vlan_trunk_tagged Pass 'Test case passed'
2023-12-28 02:44:31,586 T0155: INFO  #### gw2  switching/test_vlan.py::test_ft_vlan_trunk_tagged
2023-12-28 02:44:31,586 T0155: INFO  support post-function-epilog test_ft_vlan_trunk_tagged Pass 'Test case passed'
2023-12-28 02:44:31,588 T0156: INFO  #### gw2  switching/test_vlan.py::test_ft_vlan_trunk_tagged
2023-12-28 02:44:31,588 T0156: INFO  support post-function-epilog test_ft_vlan_trunk_tagged Pass 'Test case passed'
2023-12-28 02:44:36,421 T0162: INFO  #### gw2  switching/test_vlan.py
2023-12-28 02:44:36,421 T0162: INFO  support pre-function-prolog test_ft_vlan_save_config_warm_and_fast_reboot  ''
2023-12-28 02:44:36,425 T0163: INFO  #### gw2  switching/test_vlan.py
2023-12-28 02:44:36,426 T0163: INFO  support pre-function-prolog test_ft_vlan_save_config_warm_and_fast_reboot  ''
2023-12-28 02:44:36,435 T0164: INFO  #### gw2  switching/test_vlan.py::test_ft_vlan_save_config_warm_and_fast_reboot
2023-12-28 02:44:36,436 T0164: INFO  support post-function-prolog test_ft_vlan_save_config_warm_and_fast_reboot Pass ''
2023-12-28 02:44:36,437 T0165: INFO  #### gw2  switching/test_vlan.py::test_ft_vlan_save_config_warm_and_fast_reboot
2023-12-28 02:44:36,438 T0165: INFO  support post-function-prolog test_ft_vlan_save_config_warm_and_fast_reboot Pass ''
2023-12-28 02:47:36,818 T0000: WARN  #### gw2 IGNORED ERROR switching/test_vlan.py::test_ft_vlan_save_config_warm_and_fast_reboot
2023-12-28 02:47:36,818 T0000: WARN  Skipped error checking but detected pattern: containing_failed command: sudo -s reboot
2023-12-28 02:48:52,993 T0000: WARN  #### gw2 IGNORED ERROR switching/test_vlan.py::test_ft_vlan_save_config_warm_and_fast_reboot
2023-12-28 02:48:52,994 T0000: WARN  Skipped error checking but detected pattern: containing_python_traceback command: sudo -s fast-reboot
2023-12-28 02:49:46,803 T0000: ERROR #### gw2 Exception switching/test_vlan.py::test_ft_vlan_save_config_warm_and_fast_reboot
2023-12-28 02:49:46,803 T0000: ERROR Exception TypeError 'NoneType' object is not subscriptable in file /apis/system/basic.py at line 1389
2023-12-28 02:49:46,803 T0000: ERROR [0] /apis/system/basic.py:1389 is_warm_boot_support return bool(platform.lower() in features_support_data[key])
2023-12-28 02:49:46,803 T0000: ERROR [1] /apis/system/reboot.py:83 warm_reboot if (st.getenv("SPYTEST_UNSUPPORT_TD4_WARM_REBOOT") and basic.is_td4_platform(dut)) or basic.is_warm_boot_support(dut, is_support=False):
2023-12-28 02:49:46,803 T0000: ERROR [2] /tests/switching/test_vlan.py:906 test_ft_vlan_save_config_warm_and_fast_reboot reboot.warm_reboot(vars.D1)
2023-12-28 02:49:46,805 T0166: WARN  #### gw2  switching/test_vlan.py::test_ft_vlan_save_config_warm_and_fast_reboot
2023-12-28 02:49:46,805 T0166: WARN  support post-function-epilog test_ft_vlan_save_config_warm_and_fast_reboot ScriptError 'Exception TypeError 'NoneType' object is not subscriptable in file /apis/system/basic.py at line 1389'
2023-12-28 02:49:46,806 T0167: WARN  #### gw2  switching/test_vlan.py::test_ft_vlan_save_config_warm_and_fast_reboot
2023-12-28 02:49:46,807 T0167: WARN  support post-function-epilog test_ft_vlan_save_config_warm_and_fast_reboot ScriptError 'Exception TypeError 'NoneType' object is not subscriptable in file /apis/system/basic.py at line 1389'
2023-12-28 02:49:46,824 T0000: ERROR #### gw2  switching/test_vlan.py::test_ft_vlan_save_config_warm_and_fast_reboot
2023-12-28 02:49:46,824 T0000: ERROR 

==================== REMOTE ALERTS ============================
################################################################################
drop the rate from 2000 to 100
################################################################################
################################################################################
drop the rate from 2000 to 100
################################################################################
################################################################################
drop the rate from 2000 to 100
################################################################################
===============================================================


2023-12-28 02:49:46,846 T0168: WARN  #### gw2  switching/test_vlan.py::test_ft_vlan_save_config_warm_and_fast_reboot
2023-12-28 02:49:46,846 T0168: WARN  support pre-module-epilog switching/test_vlan.py fail ''
2023-12-28 02:49:46,848 T0169: WARN  #### gw2  switching/test_vlan.py::test_ft_vlan_save_config_warm_and_fast_reboot
2023-12-28 02:49:46,848 T0169: WARN  support pre-module-epilog switching/test_vlan.py fail ''
2023-12-28 02:50:12,620 T0186: WARN  #### gw2  switching/test_vlan.py::test_ft_vlan_save_config_warm_and_fast_reboot
2023-12-28 02:50:12,621 T0186: WARN  support post-module-epilog switching/test_vlan.py fail ''
2023-12-28 02:50:12,623 T0187: WARN  #### gw2  switching/test_vlan.py::test_ft_vlan_save_config_warm_and_fast_reboot
2023-12-28 02:50:12,623 T0187: WARN  support post-module-epilog switching/test_vlan.py fail ''
2023-12-28 02:54:28,599 T0249: INFO  #### gw2  
2023-12-28 02:54:28,599 T0249: INFO  support pre-module-prolog system/test_ssh.py  ''
2023-12-28 02:54:28,601 T0250: INFO  #### gw2  
2023-12-28 02:54:28,602 T0250: INFO  support pre-module-prolog system/test_ssh.py  ''
2023-12-28 02:55:06,029 T0277: INFO  #### gw2  system/test_ssh.py
2023-12-28 02:55:06,029 T0277: INFO  support post-module-prolog system/test_ssh.py Pass ''
2023-12-28 02:55:06,035 T0278: INFO  #### gw2  system/test_ssh.py
2023-12-28 02:55:06,036 T0278: INFO  support post-module-prolog system/test_ssh.py Pass ''
2023-12-28 02:55:37,325 T0302: INFO  #### gw2  system/test_ssh.py
2023-12-28 02:55:37,325 T0302: INFO  support pre-function-prolog test_ft_ssh_service_disable  ''
2023-12-28 02:55:37,329 T0303: INFO  #### gw2  system/test_ssh.py
2023-12-28 02:55:37,329 T0303: INFO  support pre-function-prolog test_ft_ssh_service_disable  ''
2023-12-28 02:55:37,341 T0304: INFO  #### gw2  system/test_ssh.py::test_ft_ssh_service_disable
2023-12-28 02:55:37,341 T0304: INFO  support post-function-prolog test_ft_ssh_service_disable Pass ''
2023-12-28 02:55:37,343 T0305: INFO  #### gw2  system/test_ssh.py::test_ft_ssh_service_disable
2023-12-28 02:55:37,343 T0305: INFO  support post-function-prolog test_ft_ssh_service_disable Pass ''
2023-12-28 02:55:40,095 T0306: INFO  #### gw2  system/test_ssh.py::test_ft_ssh_service_disable
2023-12-28 02:55:40,095 T0306: INFO  support pre-function-epilog test_ft_ssh_service_disable Pass 'Test case passed'
2023-12-28 02:55:40,097 T0307: INFO  #### gw2  system/test_ssh.py::test_ft_ssh_service_disable
2023-12-28 02:55:40,097 T0307: INFO  support pre-function-epilog test_ft_ssh_service_disable Pass 'Test case passed'
2023-12-28 02:55:40,106 T0308: INFO  #### gw2  system/test_ssh.py::test_ft_ssh_service_disable
2023-12-28 02:55:40,107 T0308: INFO  support post-function-epilog test_ft_ssh_service_disable Pass 'Test case passed'
2023-12-28 02:55:40,108 T0309: INFO  #### gw2  system/test_ssh.py::test_ft_ssh_service_disable
2023-12-28 02:55:40,109 T0309: INFO  support post-function-epilog test_ft_ssh_service_disable Pass 'Test case passed'
2023-12-28 02:55:45,023 T0315: INFO  #### gw2  system/test_ssh.py
2023-12-28 02:55:45,024 T0315: INFO  support pre-function-prolog test_ft_ssh_add_user_verify  ''
2023-12-28 02:55:45,028 T0316: INFO  #### gw2  system/test_ssh.py
2023-12-28 02:55:45,028 T0316: INFO  support pre-function-prolog test_ft_ssh_add_user_verify  ''
2023-12-28 02:55:45,040 T0317: INFO  #### gw2  system/test_ssh.py::test_ft_ssh_add_user_verify
2023-12-28 02:55:45,040 T0317: INFO  support post-function-prolog test_ft_ssh_add_user_verify Pass ''
2023-12-28 02:55:45,042 T0318: INFO  #### gw2  system/test_ssh.py::test_ft_ssh_add_user_verify
2023-12-28 02:55:45,042 T0318: INFO  support post-function-prolog test_ft_ssh_add_user_verify Pass ''
2023-12-28 03:00:47,541 T0000: WARN  #### gw2 IGNORED ERROR system/test_ssh.py::test_ft_ssh_add_user_verify
2023-12-28 03:00:47,541 T0000: WARN  Skipped error checking but detected pattern: containing_python_traceback command: sudo -s fast-reboot
2023-12-28 03:02:49,419 T0325: INFO  #### gw2  system/test_ssh.py::test_ft_ssh_add_user_verify
2023-12-28 03:02:49,419 T0325: INFO  support testcase test_ft_controlplane_acl_service_sshv4 Pass 'SSH failed'
2023-12-28 03:02:49,421 T0326: INFO  #### gw2  system/test_ssh.py::test_ft_ssh_add_user_verify
2023-12-28 03:02:49,421 T0326: INFO  support testcase test_ft_controlplane_acl_service_sshv4 Pass 'SSH failed'
2023-12-28 03:02:49,429 T0327: INFO  #### gw2  system/test_ssh.py::test_ft_ssh_add_user_verify
2023-12-28 03:02:49,429 T0327: INFO  support testcase test_ft_controlplane_acl_service_sshv6 Pass 'SSH failed'
2023-12-28 03:02:49,431 T0328: INFO  #### gw2  system/test_ssh.py::test_ft_ssh_add_user_verify
2023-12-28 03:02:49,431 T0328: INFO  support testcase test_ft_controlplane_acl_service_sshv6 Pass 'SSH failed'
2023-12-28 03:02:49,437 T0329: WARN  #### gw2  system/test_ssh.py::test_ft_ssh_add_user_verify
2023-12-28 03:02:49,437 T0329: WARN  support testcase test_ft_controlplane_acl_service_snmp Fail 'SNMP output is not found after walk of with control plane ACL service SNMP after reboot OID'
2023-12-28 03:02:49,439 T0330: WARN  #### gw2  system/test_ssh.py::test_ft_ssh_add_user_verify
2023-12-28 03:02:49,439 T0330: WARN  support testcase test_ft_controlplane_acl_service_snmp Fail 'SNMP output is not found after walk of with control plane ACL service SNMP after reboot OID'
2023-12-28 03:04:53,007 T0335: WARN  #### gw2  system/test_ssh.py::test_ft_ssh_add_user_verify
2023-12-28 03:04:53,007 T0335: WARN  support pre-function-epilog test_ft_ssh_add_user_verify Fail 'Test case Failed.'
2023-12-28 03:04:53,009 T0336: WARN  #### gw2  system/test_ssh.py::test_ft_ssh_add_user_verify
2023-12-28 03:04:53,009 T0336: WARN  support pre-function-epilog test_ft_ssh_add_user_verify Fail 'Test case Failed.'
2023-12-28 03:04:53,389 T0337: WARN  #### gw2  system/test_ssh.py::test_ft_ssh_add_user_verify
2023-12-28 03:04:53,389 T0337: WARN  support post-function-epilog test_ft_ssh_add_user_verify ignore 'Test case Failed.'
2023-12-28 03:04:53,391 T0338: WARN  #### gw2  system/test_ssh.py::test_ft_ssh_add_user_verify
2023-12-28 03:04:53,392 T0338: WARN  support post-function-epilog test_ft_ssh_add_user_verify ignore 'Test case Failed.'
2023-12-28 03:04:58,377 T0344: INFO  #### gw2  system/test_ssh.py
2023-12-28 03:04:58,378 T0344: INFO  support pre-function-prolog test_ft_verify_logs_at_the_time_of_ssh_login_success  ''
2023-12-28 03:04:58,381 T0345: INFO  #### gw2  system/test_ssh.py
2023-12-28 03:04:58,382 T0345: INFO  support pre-function-prolog test_ft_verify_logs_at_the_time_of_ssh_login_success  ''
2023-12-28 03:04:58,392 T0346: INFO  #### gw2  system/test_ssh.py::test_ft_verify_logs_at_the_time_of_ssh_login_success
2023-12-28 03:04:58,392 T0346: INFO  support post-function-prolog test_ft_verify_logs_at_the_time_of_ssh_login_success Pass ''
2023-12-28 03:04:58,394 T0347: INFO  #### gw2  system/test_ssh.py::test_ft_verify_logs_at_the_time_of_ssh_login_success
2023-12-28 03:04:58,394 T0347: INFO  support post-function-prolog test_ft_verify_logs_at_the_time_of_ssh_login_success Pass ''
2023-12-28 03:05:17,563 T0350: INFO  #### gw2  system/test_ssh.py::test_ft_verify_logs_at_the_time_of_ssh_login_success
2023-12-28 03:05:17,564 T0350: INFO  support pre-function-epilog test_ft_verify_logs_at_the_time_of_ssh_login_success Pass 'Test case passed'
2023-12-28 03:05:17,566 T0351: INFO  #### gw2  system/test_ssh.py::test_ft_verify_logs_at_the_time_of_ssh_login_success
2023-12-28 03:05:17,566 T0351: INFO  support pre-function-epilog test_ft_verify_logs_at_the_time_of_ssh_login_success Pass 'Test case passed'
2023-12-28 03:05:17,578 T0352: INFO  #### gw2  system/test_ssh.py::test_ft_verify_logs_at_the_time_of_ssh_login_success
2023-12-28 03:05:17,578 T0352: INFO  support post-function-epilog test_ft_verify_logs_at_the_time_of_ssh_login_success Pass 'Test case passed'
2023-12-28 03:05:17,580 T0353: INFO  #### gw2  system/test_ssh.py::test_ft_verify_logs_at_the_time_of_ssh_login_success
2023-12-28 03:05:17,580 T0353: INFO  support post-function-epilog test_ft_verify_logs_at_the_time_of_ssh_login_success Pass 'Test case passed'
2023-12-28 03:05:17,614 T0354: WARN  #### gw2  system/test_ssh.py::test_ft_verify_logs_at_the_time_of_ssh_login_success
2023-12-28 03:05:17,615 T0354: WARN  support pre-module-epilog system/test_ssh.py fail ''
2023-12-28 03:05:17,617 T0355: WARN  #### gw2  system/test_ssh.py::test_ft_verify_logs_at_the_time_of_ssh_login_success
2023-12-28 03:05:17,617 T0355: WARN  support pre-module-epilog system/test_ssh.py fail ''
2023-12-28 03:06:09,924 T0380: WARN  #### gw2  system/test_ssh.py::test_ft_verify_logs_at_the_time_of_ssh_login_success
2023-12-28 03:06:09,925 T0380: WARN  support post-module-epilog system/test_ssh.py fail ''
2023-12-28 03:06:09,927 T0381: WARN  #### gw2  system/test_ssh.py::test_ft_verify_logs_at_the_time_of_ssh_login_success
2023-12-28 03:06:09,927 T0381: WARN  support post-module-epilog system/test_ssh.py fail ''
2023-12-28 03:07:50,456 T0426: WARN  #### gw2  batch/test_spytest_infra_1.py::test_spytest_infra_last
2023-12-28 03:07:50,457 T0426: WARN  support session-epilog session pass ''
2023-12-28 03:07:50,458 T0427: WARN  #### gw2  batch/test_spytest_infra_1.py::test_spytest_infra_last
2023-12-28 03:07:50,458 T0427: WARN  support session-epilog session pass ''
