2023-12-30 02:51:08,270 T0005: [D1-V3] ['export TMOUT=0', 'stty cols 5000', 'uptime']
2023-12-30 02:51:08,935 T0005: [D1-V3] cat /proc/uptime
2023-12-30 02:51:09,601 T0005: [D1-V3] sudo vtysh -c 'show running-config | include hostname'
2023-12-30 02:51:09,759 T0006: [D2-V4] ['export TMOUT=0', 'stty cols 5000', 'uptime']
2023-12-30 02:51:10,425 T0006: [D2-V4] cat /proc/uptime
2023-12-30 02:51:11,093 T0006: [D2-V4] sudo vtysh -c 'show running-config | include hostname'
2023-12-30 02:51:12,212 T0005: [D1-V3] /sbin/ip link set dev eth0 up
2023-12-30 02:51:12,883 T0005: [D1-V3] /sbin/ip route list dev eth0
2023-12-30 02:51:14,213 T0006: [D2-V4] /sbin/ip link set dev eth0 up
2023-12-30 02:51:14,884 T0006: [D2-V4] /sbin/ip route list dev eth0
2023-12-30 02:51:28,764 T0005: [D1-V3] /sbin/ip link set dev eth0 up
2023-12-30 02:51:29,432 T0005: [D1-V3] /sbin/ip route list dev eth0
2023-12-30 02:51:30,108 T0005: [D1-V3] ['export TMOUT=0', 'stty cols 5000', 'uptime']
2023-12-30 02:51:30,741 T0006: [D2-V4] /sbin/ip link set dev eth0 up
2023-12-30 02:51:31,408 T0006: [D2-V4] /sbin/ip route list dev eth0
2023-12-30 02:51:32,083 T0006: [D2-V4] ['export TMOUT=0', 'stty cols 5000', 'uptime']
2023-12-30 02:51:32,252 T0005: [D1-V3] /sbin/ip link set dev eth0 up
2023-12-30 02:51:32,919 T0005: [D1-V3] /sbin/ip route list dev eth0
2023-12-30 02:51:34,225 T0006: [D2-V4] /sbin/ip link set dev eth0 up
2023-12-30 02:51:34,263 T0005: [D1-V3] show version
2023-12-30 02:51:34,892 T0006: [D2-V4] /sbin/ip route list dev eth0
2023-12-30 02:51:36,236 T0006: [D2-V4] show version
2023-12-30 02:51:36,248 T0005: [D1-V3] /sbin/ip link set dev eth0 up
2023-12-30 02:51:36,915 T0005: [D1-V3] /sbin/ip route list dev eth0
2023-12-30 02:51:38,209 T0006: [D2-V4] /sbin/ip link set dev eth0 up
2023-12-30 02:51:38,876 T0006: [D2-V4] /sbin/ip route list dev eth0
2023-12-30 02:51:39,066 T0005: [D1-V3] /sbin/ip link set dev eth0 up
2023-12-30 02:51:39,732 T0005: [D1-V3] /sbin/ip route list dev eth0
2023-12-30 02:51:41,025 T0006: [D2-V4] /sbin/ip link set dev eth0 up
2023-12-30 02:51:41,693 T0006: [D2-V4] /sbin/ip route list dev eth0
2023-12-30 02:54:57,115 T0017: [D1-V3] sudo show interfaces status
2023-12-30 02:54:57,120 T0018: [D2-V4] sudo show interfaces status
2023-12-30 02:54:58,757 T0017: [D1-V3] config interface startup Ethernet0
2023-12-30 02:54:58,834 T0018: [D2-V4] config interface startup Ethernet48
2023-12-30 02:54:59,828 T0017: [D1-V3] config interface startup Ethernet4
2023-12-30 02:54:59,851 T0018: [D2-V4] config interface startup Ethernet52
2023-12-30 02:55:00,923 T0018: [D2-V4] config interface startup Ethernet56
2023-12-30 02:55:01,000 T0017: [D1-V3] config interface startup Ethernet8
2023-12-30 02:55:01,945 T0018: [D2-V4] config interface startup Ethernet60
2023-12-30 02:55:02,062 T0017: [D1-V3] config interface startup Ethernet12
2023-12-30 02:55:03,066 T0018: [D2-V4] config interface startup Ethernet64
2023-12-30 02:55:03,175 T0017: [D1-V3] config interface startup Ethernet48
2023-12-30 02:55:04,138 T0018: [D2-V4] config interface startup Ethernet68
2023-12-30 02:55:04,189 T0017: [D1-V3] config interface startup Ethernet52
2023-12-30 02:55:05,159 T0018: [D2-V4] config interface startup Ethernet0
2023-12-30 02:55:05,254 T0017: [D1-V3] config interface startup Ethernet56
2023-12-30 02:55:06,230 T0018: [D2-V4] config interface startup Ethernet4
2023-12-30 02:55:06,323 T0017: [D1-V3] config interface startup Ethernet60
2023-12-30 02:55:07,250 T0018: [D2-V4] config interface startup Ethernet8
2023-12-30 02:55:07,343 T0017: [D1-V3] config interface startup Ethernet64
2023-12-30 02:55:08,270 T0018: [D2-V4] config interface startup Ethernet12
2023-12-30 02:55:08,463 T0017: [D1-V3] config interface startup Ethernet68
2023-12-30 02:55:09,289 T0018: [D2-V4] config interface shutdown Ethernet16
2023-12-30 02:55:09,537 T0017: [D1-V3] config interface shutdown Ethernet16
2023-12-30 02:55:10,308 T0018: [D2-V4] config interface shutdown Ethernet20
2023-12-30 02:55:10,609 T0017: [D1-V3] config interface shutdown Ethernet20
2023-12-30 02:55:11,327 T0018: [D2-V4] config interface shutdown Ethernet24
2023-12-30 02:55:11,679 T0017: [D1-V3] config interface shutdown Ethernet24
2023-12-30 02:55:12,350 T0018: [D2-V4] config interface shutdown Ethernet28
2023-12-30 02:55:12,748 T0017: [D1-V3] config interface shutdown Ethernet28
2023-12-30 02:55:13,371 T0018: [D2-V4] config interface shutdown Ethernet32
2023-12-30 02:55:13,819 T0017: [D1-V3] config interface shutdown Ethernet32
2023-12-30 02:55:14,391 T0018: [D2-V4] config interface shutdown Ethernet36
2023-12-30 02:55:14,838 T0017: [D1-V3] config interface shutdown Ethernet36
2023-12-30 02:55:15,412 T0018: [D2-V4] config interface shutdown Ethernet40
2023-12-30 02:55:15,858 T0017: [D1-V3] config interface shutdown Ethernet40
2023-12-30 02:55:16,432 T0018: [D2-V4] config interface shutdown Ethernet44
2023-12-30 02:55:16,877 T0017: [D1-V3] config interface shutdown Ethernet44
2023-12-30 02:55:17,453 T0018: [D2-V4] config interface shutdown Ethernet72
2023-12-30 02:55:17,895 T0017: [D1-V3] config interface shutdown Ethernet72
2023-12-30 02:55:18,475 T0018: [D2-V4] config interface shutdown Ethernet76
2023-12-30 02:55:18,916 T0017: [D1-V3] config interface shutdown Ethernet76
2023-12-30 02:55:19,549 T0018: [D2-V4] config interface shutdown Ethernet80
2023-12-30 02:55:19,937 T0017: [D1-V3] config interface shutdown Ethernet80
2023-12-30 02:55:20,822 T0018: [D2-V4] config interface shutdown Ethernet84
2023-12-30 02:55:20,958 T0017: [D1-V3] config interface shutdown Ethernet84
2023-12-30 02:55:21,894 T0018: [D2-V4] config interface shutdown Ethernet88
2023-12-30 02:55:21,977 T0017: [D1-V3] config interface shutdown Ethernet88
2023-12-30 02:55:22,966 T0018: [D2-V4] config interface shutdown Ethernet92
2023-12-30 02:55:23,044 T0017: [D1-V3] config interface shutdown Ethernet92
2023-12-30 02:55:24,037 T0018: [D2-V4] config interface shutdown Ethernet96
2023-12-30 02:55:24,113 T0017: [D1-V3] config interface shutdown Ethernet96
2023-12-30 02:55:25,109 T0018: [D2-V4] config interface shutdown Ethernet100
2023-12-30 02:55:25,180 T0017: [D1-V3] config interface shutdown Ethernet100
2023-12-30 02:55:26,179 T0018: [D2-V4] config interface shutdown Ethernet104
2023-12-30 02:55:26,196 T0017: [D1-V3] config interface shutdown Ethernet104
2023-12-30 02:55:27,201 T0018: [D2-V4] config interface shutdown Ethernet108
2023-12-30 02:55:27,215 T0017: [D1-V3] config interface shutdown Ethernet108
2023-12-30 02:55:28,222 T0018: [D2-V4] config interface shutdown Ethernet112
2023-12-30 02:55:28,285 T0017: [D1-V3] config interface shutdown Ethernet112
2023-12-30 02:55:29,242 T0018: [D2-V4] config interface shutdown Ethernet116
2023-12-30 02:55:29,305 T0017: [D1-V3] config interface shutdown Ethernet116
2023-12-30 02:55:30,314 T0018: [D2-V4] config interface shutdown Ethernet120
2023-12-30 02:55:30,325 T0017: [D1-V3] config interface shutdown Ethernet120
2023-12-30 02:55:31,335 T0018: [D2-V4] config interface shutdown Ethernet124
2023-12-30 02:55:31,343 T0017: [D1-V3] config interface shutdown Ethernet124
2023-12-30 02:55:38,430 T0019: [D1-V3] show version
2023-12-30 02:55:38,436 T0020: [D2-V4] show version
2023-12-30 02:55:40,439 T0019: [D1-V3] cat /var/run/redis/sonic-db/database_config.json
2023-12-30 02:55:41,228 T0020: [D2-V4] cat /var/run/redis/sonic-db/database_config.json
2023-12-30 02:55:41,513 T0019: [D1-V3] /sbin/ifconfig eth0
2023-12-30 02:55:41,979 T0020: [D2-V4] /sbin/ifconfig eth0
2023-12-30 02:55:42,191 T0019: [D1-V3] ls /etc/sonic/bcmsim.cfg
2023-12-30 02:55:42,657 T0020: [D2-V4] ls /etc/sonic/bcmsim.cfg
2023-12-30 02:55:43,339 T0022: [D2-V4] no router bgp
2023-12-30 02:55:43,343 T0021: [D1-V3] no router bgp
2023-12-30 02:55:45,173 T0022: [D2-V4] config feature state sflow enabled
2023-12-30 02:55:45,183 T0021: [D1-V3] config feature state sflow enabled
2023-12-30 02:55:47,123 T0022: [D2-V4] config feature state nat enabled
2023-12-30 02:55:47,132 T0021: [D1-V3] config feature state nat enabled
2023-12-30 02:55:52,545 T0025: [D1-V3] config save /tmp/config-db-V3-post-session-prolog-session.json -y
2023-12-30 02:55:52,550 T0026: [D2-V4] config save /tmp/config-db-V4-post-session-prolog-session.json -y
2023-12-30 02:55:53,782 T0025: [D1-V3] chmod 777 /tmp/config-db-V3-post-session-prolog-session.json
2023-12-30 02:55:53,790 T0026: [D2-V4] chmod 777 /tmp/config-db-V4-post-session-prolog-session.json
2023-12-30 02:55:55,276 T0025: [D1-V3] /sbin/ip link set dev eth0 up
2023-12-30 02:55:55,276 T0026: [D2-V4] /sbin/ip link set dev eth0 up
2023-12-30 02:55:55,958 T0026: [D2-V4] /sbin/ip route list dev eth0
2023-12-30 02:55:55,966 T0025: [D1-V3] /sbin/ip route list dev eth0
2023-12-30 02:56:04,333 T0026: [D2-V4] sudo vtysh -c 'show running-config' > /tmp/vtysh-runcfg-V4-post-session-prolog-session.txt
2023-12-30 02:56:04,347 T0025: [D1-V3] sudo vtysh -c 'show running-config' > /tmp/vtysh-runcfg-V3-post-session-prolog-session.txt
2023-12-30 02:56:05,204 T0026: [D2-V4] chmod 777 /tmp/vtysh-runcfg-V4-post-session-prolog-session.txt
2023-12-30 02:56:05,215 T0025: [D1-V3] chmod 777 /tmp/vtysh-runcfg-V3-post-session-prolog-session.txt
2023-12-30 02:56:06,681 T0026: [D2-V4] /sbin/ip link set dev eth0 up
2023-12-30 02:56:06,691 T0025: [D1-V3] /sbin/ip link set dev eth0 up
2023-12-30 02:56:07,350 T0026: [D2-V4] /sbin/ip route list dev eth0
2023-12-30 02:56:07,361 T0025: [D1-V3] /sbin/ip route list dev eth0
2023-12-30 02:56:16,602 T0000: 
================== Framework Module Hook: batch/test_spytest_infra_1.py ==================
2023-12-30 02:56:16,627 T0049: [D1-V3] sudo show interfaces status Ethernet124
2023-12-30 02:56:16,633 T0050: [D2-V4] sudo show interfaces status Ethernet124
2023-12-30 02:56:18,851 T0052: [D1-V3] sudo show interfaces status
2023-12-30 02:56:18,853 T0053: [D2-V4] sudo show interfaces status
2023-12-30 02:56:20,491 T0000: 
================== Framework Module Hook Finish: batch/test_spytest_infra_1.py ==================
2023-12-30 02:56:20,492 T0000: 
================== Framework Function Hook: batch/test_spytest_infra_1.py::test_spytest_infra_first ==================
2023-12-30 02:56:23,583 T0057: [D1-V3] sudo show interfaces status
2023-12-30 02:56:23,586 T0058: [D2-V4] sudo show interfaces status
2023-12-30 02:56:25,232 T0059: [D1-V3] sudo show interfaces status Ethernet124
2023-12-30 02:56:25,236 T0060: [D2-V4] sudo show interfaces status Ethernet124
2023-12-30 02:56:28,310 T0000: 
================== Framework Function Hook Finish: batch/test_spytest_infra_1.py::test_spytest_infra_first ==================
2023-12-30 02:56:28,314 T0000: 
================== Test Execution: batch/test_spytest_infra_1.py::test_spytest_infra_first ==================
2023-12-30 02:56:28,336 T0000: 
================== Framework Function Hook Finalize: batch/test_spytest_infra_1.py::test_spytest_infra_first ==================
2023-12-30 02:56:28,495 T0000: 
================== Framework Function Hook: batch/test_spytest_infra_1.py::test_spytest_infra_second ==================
2023-12-30 02:56:28,517 T0062: [D1-V3] sudo show interfaces status
2023-12-30 02:56:28,520 T0063: [D2-V4] sudo show interfaces status
2023-12-30 02:56:30,170 T0064: [D1-V3] sudo show interfaces status Ethernet124
2023-12-30 02:56:30,173 T0065: [D2-V4] sudo show interfaces status Ethernet124
2023-12-30 02:56:33,215 T0000: 
================== Framework Function Hook Finish: batch/test_spytest_infra_1.py::test_spytest_infra_second ==================
2023-12-30 02:56:33,216 T0000: 
================== Test Execution: batch/test_spytest_infra_1.py::test_spytest_infra_second ==================
2023-12-30 02:56:33,239 T0000: 
================== Framework Function Hook Finalize: batch/test_spytest_infra_1.py::test_spytest_infra_second ==================
2023-12-30 02:56:33,245 T0066: [D1-V3] sudo show interfaces status Ethernet124
2023-12-30 02:56:33,253 T0067: [D2-V4] sudo show interfaces status Ethernet124
2023-12-30 02:56:35,574 T0000: 
================== Framework Module Hook Finalize: batch/test_spytest_infra_1.py Pass: 2/2 ==================
2023-12-30 02:56:35,575 T0000: 
================== Devices used: batch/test_spytest_infra_1.py 2 ['V3', 'V4'] ==================
2023-12-30 02:56:36,412 T0000: 
================== Framework Module Hook: switching/test_vlan.py ==================
2023-12-30 02:56:36,435 T0074: [D1-V3] sudo show interfaces status Ethernet124
2023-12-30 02:56:36,442 T0075: [D2-V4] sudo show interfaces status Ethernet124
2023-12-30 02:56:38,656 T0077: [D1-V3] sudo show interfaces status
2023-12-30 02:56:38,658 T0078: [D2-V4] sudo show interfaces status
2023-12-30 02:56:40,314 T0079: [D1-V3] config save /tmp/config-db-V3-pre-module-prolog-switching-test_vlan.py.json -y
2023-12-30 02:56:40,319 T0080: [D2-V4] config save /tmp/config-db-V4-pre-module-prolog-switching-test_vlan.py.json -y
2023-12-30 02:56:41,601 T0079: [D1-V3] chmod 777 /tmp/config-db-V3-pre-module-prolog-switching-test_vlan.py.json
2023-12-30 02:56:41,650 T0080: [D2-V4] chmod 777 /tmp/config-db-V4-pre-module-prolog-switching-test_vlan.py.json
2023-12-30 02:56:43,078 T0079: [D1-V3] /sbin/ip link set dev eth0 up
2023-12-30 02:56:43,123 T0080: [D2-V4] /sbin/ip link set dev eth0 up
2023-12-30 02:56:43,747 T0079: [D1-V3] /sbin/ip route list dev eth0
2023-12-30 02:56:43,793 T0080: [D2-V4] /sbin/ip route list dev eth0
2023-12-30 02:56:52,111 T0079: [D1-V3] sudo vtysh -c 'show running-config' > /tmp/vtysh-runcfg-V3-pre-module-prolog-switching-test_vlan.py.txt
2023-12-30 02:56:52,133 T0080: [D2-V4] sudo vtysh -c 'show running-config' > /tmp/vtysh-runcfg-V4-pre-module-prolog-switching-test_vlan.py.txt
2023-12-30 02:56:52,981 T0079: [D1-V3] chmod 777 /tmp/vtysh-runcfg-V3-pre-module-prolog-switching-test_vlan.py.txt
2023-12-30 02:56:53,047 T0080: [D2-V4] chmod 777 /tmp/vtysh-runcfg-V4-pre-module-prolog-switching-test_vlan.py.txt
2023-12-30 02:56:54,457 T0079: [D1-V3] /sbin/ip link set dev eth0 up
2023-12-30 02:56:54,521 T0080: [D2-V4] /sbin/ip link set dev eth0 up
2023-12-30 02:56:55,126 T0079: [D1-V3] /sbin/ip route list dev eth0
2023-12-30 02:56:55,189 T0080: [D2-V4] /sbin/ip route list dev eth0
2023-12-30 02:57:03,536 T0000: 
================== Framework Module Hook Finish: switching/test_vlan.py ==================
2023-12-30 02:57:03,537 T0000: 
================== Module Hook: switching/test_vlan.py vlan_module_hooks ==================
2023-12-30 02:57:03,538 T0000: [D1-V3] show version
2023-12-30 02:57:04,756 T0000: [D1-V3] show platform summary
2023-12-30 02:57:05,827 T0097: [D1-V3] ['config vlan add 1998']
2023-12-30 02:57:06,850 T0097: [D1-V3] config vlan member add 1998 Ethernet0
2023-12-30 02:57:07,870 T0097: [D1-V3] config vlan member add 1998 Ethernet4
2023-12-30 02:57:13,856 T0000: 
================== Module Hook Finish: switching/test_vlan.py vlan_module_hooks ==================
2023-12-30 02:57:13,857 T0000: 
================== Framework Function Hook: switching/test_vlan.py::test_ft_add_unknownvlan_interface ==================
2023-12-30 02:57:13,863 T0098: [D1-V3] config save /tmp/config-db-V3-post-module-prolog-switching-test_vlan.py.json -y
2023-12-30 02:57:13,868 T0099: [D2-V4] config save /tmp/config-db-V4-post-module-prolog-switching-test_vlan.py.json -y
2023-12-30 02:57:15,099 T0098: [D1-V3] chmod 777 /tmp/config-db-V3-post-module-prolog-switching-test_vlan.py.json
2023-12-30 02:57:15,108 T0099: [D2-V4] chmod 777 /tmp/config-db-V4-post-module-prolog-switching-test_vlan.py.json
2023-12-30 02:57:16,586 T0098: [D1-V3] /sbin/ip link set dev eth0 up
2023-12-30 02:57:16,588 T0099: [D2-V4] /sbin/ip link set dev eth0 up
2023-12-30 02:57:17,268 T0099: [D2-V4] /sbin/ip route list dev eth0
2023-12-30 02:57:17,278 T0098: [D1-V3] /sbin/ip route list dev eth0
2023-12-30 02:57:25,660 T0099: [D2-V4] sudo vtysh -c 'show running-config' > /tmp/vtysh-runcfg-V4-post-module-prolog-switching-test_vlan.py.txt
2023-12-30 02:57:25,665 T0098: [D1-V3] sudo vtysh -c 'show running-config' > /tmp/vtysh-runcfg-V3-post-module-prolog-switching-test_vlan.py.txt
2023-12-30 02:57:26,539 T0099: [D2-V4] chmod 777 /tmp/vtysh-runcfg-V4-post-module-prolog-switching-test_vlan.py.txt
2023-12-30 02:57:26,546 T0098: [D1-V3] chmod 777 /tmp/vtysh-runcfg-V3-post-module-prolog-switching-test_vlan.py.txt
2023-12-30 02:57:28,030 T0099: [D2-V4] /sbin/ip link set dev eth0 up
2023-12-30 02:57:28,030 T0098: [D1-V3] /sbin/ip link set dev eth0 up
2023-12-30 02:57:28,712 T0098: [D1-V3] /sbin/ip route list dev eth0
2023-12-30 02:57:28,720 T0099: [D2-V4] /sbin/ip route list dev eth0
2023-12-30 02:57:40,220 T0119: [D1-V3] sudo show interfaces status
2023-12-30 02:57:40,222 T0120: [D2-V4] sudo show interfaces status
2023-12-30 02:57:41,865 T0121: [D1-V3] sudo show interfaces status Ethernet124
2023-12-30 02:57:41,872 T0122: [D2-V4] sudo show interfaces status Ethernet124
2023-12-30 02:57:44,958 T0000: 
================== Framework Function Hook Finish: switching/test_vlan.py::test_ft_add_unknownvlan_interface ==================
2023-12-30 02:57:44,958 T0000: 
================== Function Hook: switching/test_vlan.py vlan_func_hooks ==================
2023-12-30 02:57:44,967 T0000: 
================== Function Hook Finish: switching/test_vlan.py vlan_func_hooks ==================
2023-12-30 02:57:44,969 T0000: 
================== Test Execution: switching/test_vlan.py::test_ft_add_unknownvlan_interface ==================
2023-12-30 02:57:44,978 T0000: [D1-V3] config vlan member add 1486 Ethernet48 -u 
2023-12-30 02:57:46,047 T0000: [D1-V3] config vlan member add 1998 Ethernet48
2023-12-30 02:57:47,102 T0000: [D1-V3] config vlan member del 1998 Ethernet48
2023-12-30 02:57:48,161 T0000: 
================== Function Hook Finalize: switching/test_vlan.py vlan_func_hooks ==================
2023-12-30 02:57:48,194 T0000: 
================== Framework Function Hook Finalize: switching/test_vlan.py::test_ft_add_unknownvlan_interface ==================
2023-12-30 02:57:48,195 T0000: 
================== Framework Function Hook: switching/test_vlan.py::test_ft_vlan_delete_with_member ==================
2023-12-30 02:57:48,211 T0132: [D1-V3] sudo show interfaces status
2023-12-30 02:57:48,214 T0133: [D2-V4] sudo show interfaces status
2023-12-30 02:57:49,853 T0134: [D1-V3] sudo show interfaces status Ethernet124
2023-12-30 02:57:49,858 T0135: [D2-V4] sudo show interfaces status Ethernet124
2023-12-30 02:57:53,096 T0000: 
================== Framework Function Hook Finish: switching/test_vlan.py::test_ft_vlan_delete_with_member ==================
2023-12-30 02:57:53,097 T0000: 
================== Function Hook: switching/test_vlan.py vlan_func_hooks ==================
2023-12-30 02:57:53,107 T0000: 
================== Function Hook Finish: switching/test_vlan.py vlan_func_hooks ==================
2023-12-30 02:57:53,108 T0000: 
================== Test Execution: switching/test_vlan.py::test_ft_vlan_delete_with_member ==================
2023-12-30 02:57:53,109 T0000: [D1-V3] ['config vlan add 1486']
2023-12-30 02:57:54,170 T0000: [D1-V3] config vlan member add 1486 Ethernet72
2023-12-30 02:57:55,230 T0000: [D1-V3] ['config vlan del 1486']
2023-12-30 02:57:56,297 T0000: [D1-V3] config vlan member del 1486 Ethernet72
2023-12-30 02:57:57,357 T0000: [D1-V3] show vlan config
2023-12-30 02:57:58,479 T0000: [D1-V3] ['config vlan del 1486']
2023-12-30 02:57:59,532 T0000: [D1-V3] show vlan config
2023-12-30 02:58:00,609 T0000: 
================== Function Hook Finalize: switching/test_vlan.py vlan_func_hooks ==================
2023-12-30 02:58:00,640 T0000: 
================== Framework Function Hook Finalize: switching/test_vlan.py::test_ft_vlan_delete_with_member ==================
2023-12-30 02:58:00,642 T0000: 
================== Framework Function Hook: switching/test_vlan.py::test_ft_vlan_trunk_tagged ==================
2023-12-30 02:58:00,657 T0145: [D1-V3] sudo show interfaces status
2023-12-30 02:58:00,660 T0146: [D2-V4] sudo show interfaces status
2023-12-30 02:58:02,321 T0148: [D2-V4] sudo show interfaces status Ethernet124
2023-12-30 02:58:02,326 T0147: [D1-V3] sudo show interfaces status Ethernet124
2023-12-30 02:58:05,417 T0000: 
================== Framework Function Hook Finish: switching/test_vlan.py::test_ft_vlan_trunk_tagged ==================
2023-12-30 02:58:05,417 T0000: 
================== Function Hook: switching/test_vlan.py vlan_func_hooks ==================
2023-12-30 02:58:05,426 T0000: 
================== Function Hook Finish: switching/test_vlan.py vlan_func_hooks ==================
2023-12-30 02:58:05,427 T0000: 
================== Test Execution: switching/test_vlan.py::test_ft_vlan_trunk_tagged ==================
2023-12-30 02:58:05,437 T0000: [D1-V3] sonic-clear counters
2023-12-30 02:58:31,003 T0000: [D1-V3] show mac
2023-12-30 02:59:26,458 T0000: 
================== Function Hook Finalize: switching/test_vlan.py vlan_func_hooks ==================
2023-12-30 02:59:26,490 T0000: 
================== Framework Function Hook Finalize: switching/test_vlan.py::test_ft_vlan_trunk_tagged ==================
2023-12-30 02:59:26,491 T0000: 
================== Framework Function Hook: switching/test_vlan.py::test_ft_vlan_save_config_warm_and_fast_reboot ==================
2023-12-30 02:59:26,507 T0158: [D1-V3] sudo show interfaces status
2023-12-30 02:59:26,509 T0159: [D2-V4] sudo show interfaces status
2023-12-30 02:59:28,204 T0160: [D1-V3] sudo show interfaces status Ethernet124
2023-12-30 02:59:28,211 T0161: [D2-V4] sudo show interfaces status Ethernet124
2023-12-30 02:59:31,297 T0000: 
================== Framework Function Hook Finish: switching/test_vlan.py::test_ft_vlan_save_config_warm_and_fast_reboot ==================
2023-12-30 02:59:31,297 T0000: 
================== Function Hook: switching/test_vlan.py vlan_func_hooks ==================
2023-12-30 02:59:31,308 T0000: 
================== Function Hook Finish: switching/test_vlan.py vlan_func_hooks ==================
2023-12-30 02:59:31,309 T0000: 
================== Test Execution: switching/test_vlan.py::test_ft_vlan_save_config_warm_and_fast_reboot ==================
2023-12-30 02:59:31,319 T0000: [D1-V3] ['config vlan add 1', 'config vlan add 2', 'config vlan add 3', 'config vlan add 4', 'config vlan add 5', 'config vlan add 6', 'config vlan add 7', 'config vlan add 8', 'config vlan add 9', 'config vlan add 10', 'config vlan add 11', 'config vlan add 12', 'config vlan add 13', 'config vlan add 14', 'config vlan add 15', 'config vlan add 16', 'config vlan add 17', 'config vlan add 18', 'config vlan add 19', 'config vlan add 20', 'config vlan add 21', 'config vlan add 22', 'config vlan add 23', 'config vlan add 24', 'config vlan add 25', 'config vlan add 26', 'config vlan add 27', 'config vlan add 28', 'config vlan add 29', 'config vlan add 30', 'config vlan add 31', 'config vlan add 32', 'config vlan add 33', 'config vlan add 34', 'config vlan add 35', 'config vlan add 36', 'config vlan add 37', 'config vlan add 38', 'config vlan add 39', 'config vlan add 40', 'config vlan add 41', 'config vlan add 42', 'config vlan add 43', 'config vlan add 44', 'config vlan add 45', 'config vlan add 46', 'config vlan add 47', 'config vlan add 48', 'config vlan add 49', 'config vlan add 50', 'config vlan add 51', 'config vlan add 52', 'config vlan add 53', 'config vlan add 54', 'config vlan add 55', 'config vlan add 56', 'config vlan add 57', 'config vlan add 58', 'config vlan add 59', 'config vlan add 60', 'config vlan add 61', 'config vlan add 62', 'config vlan add 63', 'config vlan add 64', 'config vlan add 65', 'config vlan add 66', 'config vlan add 67', 'config vlan add 68', 'config vlan add 69', 'config vlan add 70', 'config vlan add 71', 'config vlan add 72', 'config vlan add 73', 'config vlan add 74', 'config vlan add 75', 'config vlan add 76', 'config vlan add 77', 'config vlan add 78', 'config vlan add 79', 'config vlan add 80', 'config vlan add 81', 'config vlan add 82', 'config vlan add 83', 'config vlan add 84', 'config vlan add 85', 'config vlan add 86', 'config vlan add 87', 'config vlan add 88', 'config vlan add 89', 'config vlan add 90', 'config vlan add 91', 'config vlan add 92', 'config vlan add 93', 'config vlan add 94', 'config vlan add 95', 'config vlan add 96', 'config vlan add 97', 'config vlan add 98', 'config vlan add 99', 'config vlan add 100']
2023-12-30 03:00:12,741 T0000: [D1-V3] show vlan config
2023-12-30 03:00:13,938 T0000: [D1-V3] ['config vlan member add 1 Ethernet0', 'config vlan member add 2 Ethernet0', 'config vlan member add 3 Ethernet0', 'config vlan member add 4 Ethernet0', 'config vlan member add 5 Ethernet0', 'config vlan member add 6 Ethernet0', 'config vlan member add 7 Ethernet0', 'config vlan member add 8 Ethernet0', 'config vlan member add 9 Ethernet0', 'config vlan member add 10 Ethernet0', 'config vlan member add 11 Ethernet0', 'config vlan member add 12 Ethernet0', 'config vlan member add 13 Ethernet0', 'config vlan member add 14 Ethernet0', 'config vlan member add 15 Ethernet0', 'config vlan member add 16 Ethernet0', 'config vlan member add 17 Ethernet0', 'config vlan member add 18 Ethernet0', 'config vlan member add 19 Ethernet0', 'config vlan member add 20 Ethernet0', 'config vlan member add 21 Ethernet0', 'config vlan member add 22 Ethernet0', 'config vlan member add 23 Ethernet0', 'config vlan member add 24 Ethernet0', 'config vlan member add 25 Ethernet0', 'config vlan member add 26 Ethernet0', 'config vlan member add 27 Ethernet0', 'config vlan member add 28 Ethernet0', 'config vlan member add 29 Ethernet0', 'config vlan member add 30 Ethernet0', 'config vlan member add 31 Ethernet0', 'config vlan member add 32 Ethernet0', 'config vlan member add 33 Ethernet0', 'config vlan member add 34 Ethernet0', 'config vlan member add 35 Ethernet0', 'config vlan member add 36 Ethernet0', 'config vlan member add 37 Ethernet0', 'config vlan member add 38 Ethernet0', 'config vlan member add 39 Ethernet0', 'config vlan member add 40 Ethernet0', 'config vlan member add 41 Ethernet0', 'config vlan member add 42 Ethernet0', 'config vlan member add 43 Ethernet0', 'config vlan member add 44 Ethernet0', 'config vlan member add 45 Ethernet0', 'config vlan member add 46 Ethernet0', 'config vlan member add 47 Ethernet0', 'config vlan member add 48 Ethernet0', 'config vlan member add 49 Ethernet0', 'config vlan member add 50 Ethernet0', 'config vlan member add 51 Ethernet0', 'config vlan member add 52 Ethernet0', 'config vlan member add 53 Ethernet0', 'config vlan member add 54 Ethernet0', 'config vlan member add 55 Ethernet0', 'config vlan member add 56 Ethernet0', 'config vlan member add 57 Ethernet0', 'config vlan member add 58 Ethernet0', 'config vlan member add 59 Ethernet0', 'config vlan member add 60 Ethernet0', 'config vlan member add 61 Ethernet0', 'config vlan member add 62 Ethernet0', 'config vlan member add 63 Ethernet0', 'config vlan member add 64 Ethernet0', 'config vlan member add 65 Ethernet0', 'config vlan member add 66 Ethernet0', 'config vlan member add 67 Ethernet0', 'config vlan member add 68 Ethernet0', 'config vlan member add 69 Ethernet0', 'config vlan member add 70 Ethernet0', 'config vlan member add 71 Ethernet0', 'config vlan member add 72 Ethernet0', 'config vlan member add 73 Ethernet0', 'config vlan member add 74 Ethernet0', 'config vlan member add 75 Ethernet0', 'config vlan member add 76 Ethernet0', 'config vlan member add 77 Ethernet0', 'config vlan member add 78 Ethernet0', 'config vlan member add 79 Ethernet0', 'config vlan member add 80 Ethernet0', 'config vlan member add 81 Ethernet0', 'config vlan member add 82 Ethernet0', 'config vlan member add 83 Ethernet0', 'config vlan member add 84 Ethernet0', 'config vlan member add 85 Ethernet0', 'config vlan member add 86 Ethernet0', 'config vlan member add 87 Ethernet0', 'config vlan member add 88 Ethernet0', 'config vlan member add 89 Ethernet0', 'config vlan member add 90 Ethernet0', 'config vlan member add 91 Ethernet0', 'config vlan member add 92 Ethernet0', 'config vlan member add 93 Ethernet0', 'config vlan member add 94 Ethernet0', 'config vlan member add 95 Ethernet0', 'config vlan member add 96 Ethernet0', 'config vlan member add 97 Ethernet0', 'config vlan member add 98 Ethernet0', 'config vlan member add 99 Ethernet0', 'config vlan member add 100 Ethernet0']
2023-12-30 03:00:55,967 T0000: [D1-V3] ['config vlan member add 1 Ethernet4', 'config vlan member add 2 Ethernet4', 'config vlan member add 3 Ethernet4', 'config vlan member add 4 Ethernet4', 'config vlan member add 5 Ethernet4', 'config vlan member add 6 Ethernet4', 'config vlan member add 7 Ethernet4', 'config vlan member add 8 Ethernet4', 'config vlan member add 9 Ethernet4', 'config vlan member add 10 Ethernet4', 'config vlan member add 11 Ethernet4', 'config vlan member add 12 Ethernet4', 'config vlan member add 13 Ethernet4', 'config vlan member add 14 Ethernet4', 'config vlan member add 15 Ethernet4', 'config vlan member add 16 Ethernet4', 'config vlan member add 17 Ethernet4', 'config vlan member add 18 Ethernet4', 'config vlan member add 19 Ethernet4', 'config vlan member add 20 Ethernet4', 'config vlan member add 21 Ethernet4', 'config vlan member add 22 Ethernet4', 'config vlan member add 23 Ethernet4', 'config vlan member add 24 Ethernet4', 'config vlan member add 25 Ethernet4', 'config vlan member add 26 Ethernet4', 'config vlan member add 27 Ethernet4', 'config vlan member add 28 Ethernet4', 'config vlan member add 29 Ethernet4', 'config vlan member add 30 Ethernet4', 'config vlan member add 31 Ethernet4', 'config vlan member add 32 Ethernet4', 'config vlan member add 33 Ethernet4', 'config vlan member add 34 Ethernet4', 'config vlan member add 35 Ethernet4', 'config vlan member add 36 Ethernet4', 'config vlan member add 37 Ethernet4', 'config vlan member add 38 Ethernet4', 'config vlan member add 39 Ethernet4', 'config vlan member add 40 Ethernet4', 'config vlan member add 41 Ethernet4', 'config vlan member add 42 Ethernet4', 'config vlan member add 43 Ethernet4', 'config vlan member add 44 Ethernet4', 'config vlan member add 45 Ethernet4', 'config vlan member add 46 Ethernet4', 'config vlan member add 47 Ethernet4', 'config vlan member add 48 Ethernet4', 'config vlan member add 49 Ethernet4', 'config vlan member add 50 Ethernet4', 'config vlan member add 51 Ethernet4', 'config vlan member add 52 Ethernet4', 'config vlan member add 53 Ethernet4', 'config vlan member add 54 Ethernet4', 'config vlan member add 55 Ethernet4', 'config vlan member add 56 Ethernet4', 'config vlan member add 57 Ethernet4', 'config vlan member add 58 Ethernet4', 'config vlan member add 59 Ethernet4', 'config vlan member add 60 Ethernet4', 'config vlan member add 61 Ethernet4', 'config vlan member add 62 Ethernet4', 'config vlan member add 63 Ethernet4', 'config vlan member add 64 Ethernet4', 'config vlan member add 65 Ethernet4', 'config vlan member add 66 Ethernet4', 'config vlan member add 67 Ethernet4', 'config vlan member add 68 Ethernet4', 'config vlan member add 69 Ethernet4', 'config vlan member add 70 Ethernet4', 'config vlan member add 71 Ethernet4', 'config vlan member add 72 Ethernet4', 'config vlan member add 73 Ethernet4', 'config vlan member add 74 Ethernet4', 'config vlan member add 75 Ethernet4', 'config vlan member add 76 Ethernet4', 'config vlan member add 77 Ethernet4', 'config vlan member add 78 Ethernet4', 'config vlan member add 79 Ethernet4', 'config vlan member add 80 Ethernet4', 'config vlan member add 81 Ethernet4', 'config vlan member add 82 Ethernet4', 'config vlan member add 83 Ethernet4', 'config vlan member add 84 Ethernet4', 'config vlan member add 85 Ethernet4', 'config vlan member add 86 Ethernet4', 'config vlan member add 87 Ethernet4', 'config vlan member add 88 Ethernet4', 'config vlan member add 89 Ethernet4', 'config vlan member add 90 Ethernet4', 'config vlan member add 91 Ethernet4', 'config vlan member add 92 Ethernet4', 'config vlan member add 93 Ethernet4', 'config vlan member add 94 Ethernet4', 'config vlan member add 95 Ethernet4', 'config vlan member add 96 Ethernet4', 'config vlan member add 97 Ethernet4', 'config vlan member add 98 Ethernet4', 'config vlan member add 99 Ethernet4', 'config vlan member add 100 Ethernet4']
2023-12-30 03:01:39,211 T0000: [D1-V3] config save -y
2023-12-30 03:01:40,519 T0000: [D1-V3] do copy running-config startup-config
2023-12-30 03:01:42,409 T0000: [D1-V3] reboot
2023-12-30 03:02:33,155 T0000: [D1-V3] ['export TMOUT=0', 'stty cols 5000', 'uptime']
2023-12-30 03:02:33,856 T0000: [D1-V3] cat /proc/uptime
2023-12-30 03:02:35,407 T0000: [D1-V3] ['export TMOUT=0', 'stty cols 5000', 'uptime']
2023-12-30 03:02:36,107 T0000: [D1-V3] cat /proc/uptime
2023-12-30 03:02:36,810 T0000: [D1-V3] sudo vtysh -c 'show running-config | include hostname'
2023-12-30 03:02:37,732 T0000: [D1-V3] sudo show interfaces status Ethernet124
2023-12-30 03:02:42,316 T0000: [D1-V3] sudo show interfaces status Ethernet124
2023-12-30 03:02:46,701 T0000: [D1-V3] sudo show interfaces status Ethernet124
2023-12-30 03:02:49,166 T0000: [D1-V3] /sbin/ip link set dev eth0 up
2023-12-30 03:02:49,872 T0000: [D1-V3] /sbin/ip route list dev eth0
2023-12-30 03:02:50,596 T0000: [D1-V3] ['export TMOUT=0', 'stty cols 5000', 'uptime']
2023-12-30 03:02:52,842 T0000: [D1-V3] /sbin/ip link set dev eth0 up
2023-12-30 03:02:53,556 T0000: [D1-V3] /sbin/ip route list dev eth0
2023-12-30 03:02:54,989 T0000: [D1-V3] show vlan config
2023-12-30 03:03:14,273 T0000: [D1-V3] show mac
2023-12-30 03:03:15,574 T0000: [D1-V3] fast-reboot
2023-12-30 03:03:49,221 T0000: [D1-V3] ['export TMOUT=0', 'stty cols 5000', 'uptime']
2023-12-30 03:03:49,924 T0000: [D1-V3] cat /proc/uptime
2023-12-30 03:03:51,472 T0000: [D1-V3] ['export TMOUT=0', 'stty cols 5000', 'uptime']
2023-12-30 03:03:52,171 T0000: [D1-V3] cat /proc/uptime
2023-12-30 03:03:52,878 T0000: [D1-V3] sudo vtysh -c 'show running-config | include hostname'
2023-12-30 03:03:53,803 T0000: [D1-V3] sudo show interfaces status Ethernet124
2023-12-30 03:03:58,281 T0000: [D1-V3] sudo show interfaces status Ethernet124
2023-12-30 03:04:02,816 T0000: [D1-V3] sudo show interfaces status Ethernet124
2023-12-30 03:04:05,279 T0000: [D1-V3] /sbin/ip link set dev eth0 up
2023-12-30 03:04:05,986 T0000: [D1-V3] /sbin/ip route list dev eth0
2023-12-30 03:04:06,708 T0000: [D1-V3] ['export TMOUT=0', 'stty cols 5000', 'uptime']
2023-12-30 03:04:08,945 T0000: [D1-V3] /sbin/ip link set dev eth0 up
2023-12-30 03:04:09,656 T0000: [D1-V3] /sbin/ip route list dev eth0
2023-12-30 03:04:11,085 T0000: [D1-V3] show vlan config
2023-12-30 03:04:22,369 T0000: [D1-V3] show mac
2023-12-30 03:04:23,657 T0000: [D1-V3] sonic-clear counters
2023-12-30 03:04:27,211 T0000: [D1-V3] show interfaces counters -a
2023-12-30 03:04:38,972 T0000: [D1-V3] show platform summary
2023-12-30 03:04:40,169 T0000: 
================== Function Hook Finalize: switching/test_vlan.py vlan_func_hooks ==================
2023-12-30 03:04:40,212 T0000: 
================== Framework Function Hook Finalize: switching/test_vlan.py::test_ft_vlan_save_config_warm_and_fast_reboot ==================
2023-12-30 03:04:40,217 T0168: [D1-V3] config save /tmp/config-db-V3-pre-module-epilog-switching-test_vlan.py.json -y
2023-12-30 03:04:40,224 T0169: [D2-V4] config save /tmp/config-db-V4-pre-module-epilog-switching-test_vlan.py.json -y
2023-12-30 03:04:41,555 T0168: [D1-V3] chmod 777 /tmp/config-db-V3-pre-module-epilog-switching-test_vlan.py.json
2023-12-30 03:04:41,567 T0169: [D2-V4] chmod 777 /tmp/config-db-V4-pre-module-epilog-switching-test_vlan.py.json
2023-12-30 03:04:43,034 T0168: [D1-V3] /sbin/ip link set dev eth0 up
2023-12-30 03:04:43,040 T0169: [D2-V4] /sbin/ip link set dev eth0 up
2023-12-30 03:04:43,706 T0168: [D1-V3] /sbin/ip route list dev eth0
2023-12-30 03:04:43,715 T0169: [D2-V4] /sbin/ip route list dev eth0
2023-12-30 03:04:52,093 T0169: [D2-V4] sudo vtysh -c 'show running-config' > /tmp/vtysh-runcfg-V4-pre-module-epilog-switching-test_vlan.py.txt
2023-12-30 03:04:52,098 T0168: [D1-V3] sudo vtysh -c 'show running-config' > /tmp/vtysh-runcfg-V3-pre-module-epilog-switching-test_vlan.py.txt
2023-12-30 03:04:52,968 T0169: [D2-V4] chmod 777 /tmp/vtysh-runcfg-V4-pre-module-epilog-switching-test_vlan.py.txt
2023-12-30 03:04:53,019 T0168: [D1-V3] chmod 777 /tmp/vtysh-runcfg-V3-pre-module-epilog-switching-test_vlan.py.txt
2023-12-30 03:04:54,445 T0169: [D2-V4] /sbin/ip link set dev eth0 up
2023-12-30 03:04:54,496 T0168: [D1-V3] /sbin/ip link set dev eth0 up
2023-12-30 03:04:55,110 T0169: [D2-V4] /sbin/ip route list dev eth0
2023-12-30 03:04:55,166 T0168: [D1-V3] /sbin/ip route list dev eth0
2023-12-30 03:05:03,537 T0000: [D1-V3] show vlan config
2023-12-30 03:05:04,837 T0000: [D1-V3] []
2023-12-30 03:05:04,837 T0000: [D2-V4] show vlan config
2023-12-30 03:05:05,953 T0000: [D2-V4] []
2023-12-30 03:05:05,953 T0000: 
================== Module Hook Finalize: switching/test_vlan.py vlan_module_hooks ==================
2023-12-30 03:05:05,960 T0186: [D1-V3] config save /tmp/config-db-V3-post-module-epilog-switching-test_vlan.py.json -y
2023-12-30 03:05:05,965 T0187: [D2-V4] config save /tmp/config-db-V4-post-module-epilog-switching-test_vlan.py.json -y
2023-12-30 03:05:07,247 T0186: [D1-V3] chmod 777 /tmp/config-db-V3-post-module-epilog-switching-test_vlan.py.json
2023-12-30 03:05:07,256 T0187: [D2-V4] chmod 777 /tmp/config-db-V4-post-module-epilog-switching-test_vlan.py.json
2023-12-30 03:05:08,730 T0186: [D1-V3] /sbin/ip link set dev eth0 up
2023-12-30 03:05:08,733 T0187: [D2-V4] /sbin/ip link set dev eth0 up
2023-12-30 03:05:09,412 T0186: [D1-V3] /sbin/ip route list dev eth0
2023-12-30 03:05:09,422 T0187: [D2-V4] /sbin/ip route list dev eth0
2023-12-30 03:05:17,809 T0187: [D2-V4] sudo vtysh -c 'show running-config' > /tmp/vtysh-runcfg-V4-post-module-epilog-switching-test_vlan.py.txt
2023-12-30 03:05:17,817 T0186: [D1-V3] sudo vtysh -c 'show running-config' > /tmp/vtysh-runcfg-V3-post-module-epilog-switching-test_vlan.py.txt
2023-12-30 03:05:18,681 T0187: [D2-V4] chmod 777 /tmp/vtysh-runcfg-V4-post-module-epilog-switching-test_vlan.py.txt
2023-12-30 03:05:18,689 T0186: [D1-V3] chmod 777 /tmp/vtysh-runcfg-V3-post-module-epilog-switching-test_vlan.py.txt
2023-12-30 03:05:20,179 T0187: [D2-V4] /sbin/ip link set dev eth0 up
2023-12-30 03:05:20,179 T0186: [D1-V3] /sbin/ip link set dev eth0 up
2023-12-30 03:05:20,862 T0187: [D2-V4] /sbin/ip route list dev eth0
2023-12-30 03:05:20,870 T0186: [D1-V3] /sbin/ip route list dev eth0
2023-12-30 03:05:29,363 T0205: [D2-V4] sudo show interfaces status Ethernet124
2023-12-30 03:05:29,367 T0204: [D1-V3] sudo show interfaces status Ethernet124
2023-12-30 03:05:31,740 T0000: 
================== Framework Module Hook Finalize: switching/test_vlan.py Pass: 3/4 ==================
2023-12-30 03:05:31,741 T0000: 
================== Devices used: switching/test_vlan.py 2 ['V3', 'V4'] ==================
2023-12-30 03:05:32,725 T0000: 
================== Framework Module Hook: batch/test_spytest_infra_1.py ==================
2023-12-30 03:05:32,746 T0212: [D1-V3] no router bgp
2023-12-30 03:05:32,752 T0213: [D2-V4] no router bgp
2023-12-30 03:05:34,578 T0212: [D1-V3] config feature state sflow enabled
2023-12-30 03:05:34,588 T0213: [D2-V4] config feature state sflow enabled
2023-12-30 03:05:36,524 T0212: [D1-V3] config feature state nat enabled
2023-12-30 03:05:36,533 T0213: [D2-V4] config feature state nat enabled
2023-12-30 03:06:13,081 T0213: [D2-V4] /sbin/ip link set dev eth0 up
2023-12-30 03:06:13,750 T0213: [D2-V4] /sbin/ip route list dev eth0
2023-12-30 03:06:14,429 T0213: [D2-V4] sudo show interfaces status Ethernet124
2023-12-30 03:07:48,009 T0212: [D1-V3] /sbin/ip link set dev eth0 up
2023-12-30 03:07:48,679 T0212: [D1-V3] /sbin/ip route list dev eth0
2023-12-30 03:07:49,358 T0212: [D1-V3] sudo show interfaces status Ethernet124
2023-12-30 03:07:53,696 T0212: [D1-V3] sudo show interfaces status Ethernet124
2023-12-30 03:07:55,955 T0215: [D1-V3] sudo show interfaces status
2023-12-30 03:07:55,958 T0216: [D2-V4] sudo show interfaces status
2023-12-30 03:08:02,725 T0218: [D1-V3] sudo show interfaces status
2023-12-30 03:08:02,728 T0219: [D2-V4] sudo show interfaces status
2023-12-30 03:08:09,448 T0221: [D1-V3] sudo show interfaces status
2023-12-30 03:08:09,451 T0222: [D2-V4] sudo show interfaces status
2023-12-30 03:08:11,086 T0000: 
================== Framework Module Hook Finish: batch/test_spytest_infra_1.py ==================
2023-12-30 03:08:11,087 T0000: 
================== Framework Function Hook: batch/test_spytest_infra_1.py::test_spytest_infra_last ==================
2023-12-30 03:08:14,174 T0226: [D1-V3] sudo show interfaces status
2023-12-30 03:08:14,177 T0227: [D2-V4] sudo show interfaces status
2023-12-30 03:08:15,829 T0228: [D1-V3] sudo show interfaces status Ethernet124
2023-12-30 03:08:15,836 T0229: [D2-V4] sudo show interfaces status Ethernet124
2023-12-30 03:08:18,906 T0000: 
================== Framework Function Hook Finish: batch/test_spytest_infra_1.py::test_spytest_infra_last ==================
2023-12-30 03:08:18,909 T0000: 
================== Test Execution: batch/test_spytest_infra_1.py::test_spytest_infra_last ==================
2023-12-30 03:08:18,931 T0000: 
================== Framework Function Hook Finalize: batch/test_spytest_infra_1.py::test_spytest_infra_last ==================
2023-12-30 03:08:18,938 T0230: [D1-V3] sudo show interfaces status Ethernet124
2023-12-30 03:08:18,945 T0231: [D2-V4] sudo show interfaces status Ethernet124
2023-12-30 03:08:21,274 T0000: 
================== Framework Module Hook Finalize: batch/test_spytest_infra_1.py Pass: 1/1 ==================
2023-12-30 03:08:21,274 T0000: 
================== Devices used: batch/test_spytest_infra_1.py 2 ['V3', 'V4'] ==================
2023-12-30 03:08:22,103 T0000: 
================== Framework Module Hook: system/test_ssh.py ==================
2023-12-30 03:08:22,127 T0238: [D1-V3] no router bgp
2023-12-30 03:08:22,133 T0239: [D2-V4] no router bgp
2023-12-30 03:08:23,963 T0238: [D1-V3] config feature state sflow enabled
2023-12-30 03:08:23,971 T0239: [D2-V4] config feature state sflow enabled
2023-12-30 03:08:25,927 T0238: [D1-V3] config feature state nat enabled
2023-12-30 03:08:25,934 T0239: [D2-V4] config feature state nat enabled
2023-12-30 03:08:45,643 T0238: [D1-V3] /sbin/ip link set dev eth0 up
2023-12-30 03:08:46,312 T0238: [D1-V3] /sbin/ip route list dev eth0
2023-12-30 03:08:46,992 T0238: [D1-V3] sudo show interfaces status Ethernet124
2023-12-30 03:09:01,287 T0239: [D2-V4] /sbin/ip link set dev eth0 up
2023-12-30 03:09:01,957 T0239: [D2-V4] /sbin/ip route list dev eth0
2023-12-30 03:09:02,637 T0239: [D2-V4] sudo show interfaces status Ethernet124
2023-12-30 03:09:07,025 T0239: [D2-V4] sudo show interfaces status Ethernet124
2023-12-30 03:09:09,334 T0241: [D1-V3] sudo show interfaces status
2023-12-30 03:09:09,337 T0242: [D2-V4] sudo show interfaces status
2023-12-30 03:09:15,988 T0244: [D1-V3] sudo show interfaces status
2023-12-30 03:09:15,991 T0245: [D2-V4] sudo show interfaces status
2023-12-30 03:09:22,688 T0247: [D1-V3] sudo show interfaces status
2023-12-30 03:09:22,690 T0248: [D2-V4] sudo show interfaces status
2023-12-30 03:09:24,333 T0249: [D1-V3] config save /tmp/config-db-V3-pre-module-prolog-system-test_ssh.py.json -y
2023-12-30 03:09:24,336 T0250: [D2-V4] config save /tmp/config-db-V4-pre-module-prolog-system-test_ssh.py.json -y
2023-12-30 03:09:25,569 T0249: [D1-V3] chmod 777 /tmp/config-db-V3-pre-module-prolog-system-test_ssh.py.json
2023-12-30 03:09:25,577 T0250: [D2-V4] chmod 777 /tmp/config-db-V4-pre-module-prolog-system-test_ssh.py.json
2023-12-30 03:09:27,058 T0249: [D1-V3] /sbin/ip link set dev eth0 up
2023-12-30 03:09:27,058 T0250: [D2-V4] /sbin/ip link set dev eth0 up
2023-12-30 03:09:27,736 T0249: [D1-V3] /sbin/ip route list dev eth0
2023-12-30 03:09:27,744 T0250: [D2-V4] /sbin/ip route list dev eth0
2023-12-30 03:09:36,115 T0250: [D2-V4] sudo vtysh -c 'show running-config' > /tmp/vtysh-runcfg-V4-pre-module-prolog-system-test_ssh.py.txt
2023-12-30 03:09:36,145 T0249: [D1-V3] sudo vtysh -c 'show running-config' > /tmp/vtysh-runcfg-V3-pre-module-prolog-system-test_ssh.py.txt
2023-12-30 03:09:36,985 T0250: [D2-V4] chmod 777 /tmp/vtysh-runcfg-V4-pre-module-prolog-system-test_ssh.py.txt
2023-12-30 03:09:37,013 T0249: [D1-V3] chmod 777 /tmp/vtysh-runcfg-V3-pre-module-prolog-system-test_ssh.py.txt
2023-12-30 03:09:38,461 T0250: [D2-V4] /sbin/ip link set dev eth0 up
2023-12-30 03:09:38,489 T0249: [D1-V3] /sbin/ip link set dev eth0 up
2023-12-30 03:09:39,131 T0250: [D2-V4] /sbin/ip route list dev eth0
2023-12-30 03:09:39,159 T0249: [D1-V3] /sbin/ip route list dev eth0
2023-12-30 03:09:47,545 T0000: 
================== Framework Module Hook Finish: system/test_ssh.py ==================
2023-12-30 03:09:47,546 T0000: 
================== Module Hook: system/test_ssh.py ssh_module_hooks ==================
2023-12-30 03:09:47,548 T0000: [D1-V3] /etc/init.d/ssh start
2023-12-30 03:09:57,153 T0269: [D1-V3] config interface ip add Ethernet48 2.2.2.1/24
2023-12-30 03:09:57,157 T0270: [D2-V4] config interface ip add Ethernet48 2.2.2.2/24
2023-12-30 03:09:58,189 T0271: [D1-V3] config interface ip add Ethernet52 2.2.3.1/24
2023-12-30 03:09:58,193 T0272: [D2-V4] config interface ip add Ethernet52 2.2.3.2/24
2023-12-30 03:09:59,223 T0273: [D1-V3] config interface ip add Ethernet48 1001::1/64
2023-12-30 03:09:59,227 T0274: [D2-V4] config interface ip add Ethernet48 1001::2/64
2023-12-30 03:10:00,258 T0275: [D1-V3] config interface ip add Ethernet52 2001::1/64
2023-12-30 03:10:00,263 T0276: [D2-V4] config interface ip add Ethernet52 2001::2/64
2023-12-30 03:10:01,282 T0000: 
================== Module Hook Finish: system/test_ssh.py ssh_module_hooks ==================
2023-12-30 03:10:01,286 T0000: 
================== Framework Function Hook: system/test_ssh.py::test_ft_ssh_service_disable ==================
2023-12-30 03:10:01,291 T0277: [D1-V3] config save /tmp/config-db-V3-post-module-prolog-system-test_ssh.py.json -y
2023-12-30 03:10:01,297 T0278: [D2-V4] config save /tmp/config-db-V4-post-module-prolog-system-test_ssh.py.json -y
2023-12-30 03:10:02,520 T0277: [D1-V3] chmod 777 /tmp/config-db-V3-post-module-prolog-system-test_ssh.py.json
2023-12-30 03:10:02,573 T0278: [D2-V4] chmod 777 /tmp/config-db-V4-post-module-prolog-system-test_ssh.py.json
2023-12-30 03:10:03,996 T0277: [D1-V3] /sbin/ip link set dev eth0 up
2023-12-30 03:10:04,049 T0278: [D2-V4] /sbin/ip link set dev eth0 up
2023-12-30 03:10:04,665 T0277: [D1-V3] /sbin/ip route list dev eth0
2023-12-30 03:10:04,719 T0278: [D2-V4] /sbin/ip route list dev eth0
2023-12-30 03:10:13,035 T0277: [D1-V3] sudo vtysh -c 'show running-config' > /tmp/vtysh-runcfg-V3-post-module-prolog-system-test_ssh.py.txt
2023-12-30 03:10:13,058 T0278: [D2-V4] sudo vtysh -c 'show running-config' > /tmp/vtysh-runcfg-V4-post-module-prolog-system-test_ssh.py.txt
2023-12-30 03:10:13,905 T0277: [D1-V3] chmod 777 /tmp/vtysh-runcfg-V3-post-module-prolog-system-test_ssh.py.txt
2023-12-30 03:10:13,926 T0278: [D2-V4] chmod 777 /tmp/vtysh-runcfg-V4-post-module-prolog-system-test_ssh.py.txt
2023-12-30 03:10:15,381 T0277: [D1-V3] /sbin/ip link set dev eth0 up
2023-12-30 03:10:15,401 T0278: [D2-V4] /sbin/ip link set dev eth0 up
2023-12-30 03:10:16,051 T0277: [D1-V3] /sbin/ip route list dev eth0
2023-12-30 03:10:16,065 T0278: [D2-V4] /sbin/ip route list dev eth0
2023-12-30 03:10:27,526 T0298: [D1-V3] sudo show interfaces status
2023-12-30 03:10:27,529 T0299: [D2-V4] sudo show interfaces status
2023-12-30 03:10:29,181 T0300: [D1-V3] sudo show interfaces status Ethernet124
2023-12-30 03:10:29,187 T0301: [D2-V4] sudo show interfaces status Ethernet124
2023-12-30 03:10:32,273 T0000: 
================== Framework Function Hook Finish: system/test_ssh.py::test_ft_ssh_service_disable ==================
2023-12-30 03:10:32,273 T0000: 
================== Function Hook: system/test_ssh.py ssh_func_hooks ==================
2023-12-30 03:10:32,283 T0000: 
================== Function Hook Finish: system/test_ssh.py ssh_func_hooks ==================
2023-12-30 03:10:32,285 T0000: 
================== Test Execution: system/test_ssh.py::test_ft_ssh_service_disable ==================
2023-12-30 03:10:32,286 T0000: [D1-V3] /etc/init.d/ssh stop
2023-12-30 03:10:34,218 T0000: [D1-V3] /etc/init.d/ssh start
2023-12-30 03:10:35,031 T0000: 
================== Function Hook Finalize: system/test_ssh.py ssh_func_hooks ==================
2023-12-30 03:10:35,064 T0000: 
================== Framework Function Hook Finalize: system/test_ssh.py::test_ft_ssh_service_disable ==================
2023-12-30 03:10:35,065 T0000: 
================== Framework Function Hook: system/test_ssh.py::test_ft_ssh_add_user_verify ==================
2023-12-30 03:10:35,081 T0311: [D1-V3] sudo show interfaces status
2023-12-30 03:10:35,083 T0312: [D2-V4] sudo show interfaces status
2023-12-30 03:10:36,925 T0313: [D1-V3] sudo show interfaces status Ethernet124
2023-12-30 03:10:36,932 T0314: [D2-V4] sudo show interfaces status Ethernet124
2023-12-30 03:10:40,013 T0000: 
================== Framework Function Hook Finish: system/test_ssh.py::test_ft_ssh_add_user_verify ==================
2023-12-30 03:10:40,014 T0000: 
================== Function Hook: system/test_ssh.py ssh_func_hooks ==================
2023-12-30 03:10:40,023 T0000: 
================== Function Hook Finish: system/test_ssh.py ssh_func_hooks ==================
2023-12-30 03:10:40,024 T0000: 
================== Test Execution: system/test_ssh.py::test_ft_ssh_add_user_verify ==================
2023-12-30 03:10:40,025 T0000: [D1-V3] cat /etc/sonic/snmp.yml
2023-12-30 03:10:40,745 T0000: [D1-V3] sudo sed -i '/^snmp_rocommunity:/ c snmp_rocommunity: test_123' /etc/sonic/snmp.yml
2023-12-30 03:10:42,195 T0000: [D1-V3] sudo sed -i '/^snmp_location:/ c snmp_location: hyderabad' /etc/sonic/snmp.yml
2023-12-30 03:10:43,644 T0000: [D1-V3] cat /etc/sonic/snmp.yml
2023-12-30 03:10:44,343 T0000: [D1-V3] sudo service snmp restart
2023-12-30 03:11:02,578 T0000: [D1-V3] sudo show interfaces status Ethernet124
2023-12-30 03:11:05,144 T0000: [D1-V3] /sbin/ip link set dev eth0 up
2023-12-30 03:11:05,862 T0000: [D1-V3] /sbin/ip route list dev eth0
2023-12-30 03:11:06,590 T0000: [D1-V3] useradd elkf6hojgo8lyl
2023-12-30 03:11:13,092 T0000: [D1-V3] config save -y
2023-12-30 03:11:14,397 T0000: [D1-V3] do copy running-config startup-config
2023-12-30 03:13:15,727 T0000: [D2-V4] which sshpass
2023-12-30 03:13:16,434 T0000: [D2-V4] sudo apt-get update;sudo apt-get -f install -y sshpass
2023-12-30 03:13:24,390 T0000: [D2-V4] sshpass -p 'YourPaSsWoRd' ssh -o UserKnownHostsFile=/dev/null -o StrictHostKeyChecking=no -o ConnectTimeout=30 admin@2.2.3.1 sudo show vlan config
2023-12-30 03:13:28,641 T0000: [D1-V3] config load -y /tmp/apply_json2.json
2023-12-30 03:13:32,900 T0000: [D1-V3] show acl table
2023-12-30 03:13:34,232 T0000: [D1-V3] show acl rule
2023-12-30 03:13:35,519 T0000: [D1-V3] show acl rule SNMP_SSH
2023-12-30 03:13:36,796 T0000: [D1-V3] show acl rule SNMP_SSH
2023-12-30 03:13:38,069 T0000: [D1-V3] show acl rule V6_SSH_ONLY
2023-12-30 03:13:39,338 T0000: [D1-V3] hostname
2023-12-30 03:13:46,761 T0000: [D2-V4] which sshpass
2023-12-30 03:13:47,471 T0000: [D2-V4] sshpass -p 'YourPaSsWoRd' ssh -o UserKnownHostsFile=/dev/null -o StrictHostKeyChecking=no -o ConnectTimeout=30 admin@2.2.3.1 sudo show vlan config
2023-12-30 03:14:18,256 T0000: [D2-V4] which sshpass
2023-12-30 03:14:18,966 T0000: [D2-V4] sshpass -p 'YourPaSsWoRd' ssh -o UserKnownHostsFile=/dev/null -o StrictHostKeyChecking=no -o ConnectTimeout=30 admin@2001::1 sudo show vlan config
2023-12-30 03:14:49,688 T0000: [D2-V4] which sshpass
2023-12-30 03:14:50,394 T0000: [D2-V4] sshpass -p 'YourPaSsWoRd' ssh -o UserKnownHostsFile=/dev/null -o StrictHostKeyChecking=no -o ConnectTimeout=30 admin@2.2.2.1 sudo show vlan config
2023-12-30 03:14:51,704 T0000: [D2-V4] which sshpass
2023-12-30 03:14:52,418 T0000: [D2-V4] sshpass -p 'YourPaSsWoRd' ssh -o UserKnownHostsFile=/dev/null -o StrictHostKeyChecking=no -o ConnectTimeout=30 admin@1001::1 sudo show vlan config
2023-12-30 03:14:53,725 T0000: [D2-V4] which sshpass
2023-12-30 03:14:54,430 T0000: [D2-V4] sshpass -p 'Dg8EXGCh' ssh -o UserKnownHostsFile=/dev/null -o StrictHostKeyChecking=no -o ConnectTimeout=30 elkf6hojgo8lyl@2.2.2.1 sudo show vlan config
2023-12-30 03:14:55,338 T0000: [D2-V4] which sshpass
2023-12-30 03:14:56,045 T0000: [D2-V4] sshpass -p 'Dg8EXGCh' ssh -o UserKnownHostsFile=/dev/null -o StrictHostKeyChecking=no -o ConnectTimeout=30 elkf6hojgo8lyl@1001::1 sudo show vlan config
2023-12-30 03:14:56,956 T0000: [D1-V3] config save -y
2023-12-30 03:14:58,208 T0000: [D1-V3] do copy running-config startup-config
2023-12-30 03:15:00,093 T0000: [D1-V3] fast-reboot
2023-12-30 03:15:46,785 T0000: [D1-V3] ['export TMOUT=0', 'stty cols 5000', 'uptime']
2023-12-30 03:15:47,481 T0000: [D1-V3] cat /proc/uptime
2023-12-30 03:15:49,032 T0000: [D1-V3] ['export TMOUT=0', 'stty cols 5000', 'uptime']
2023-12-30 03:15:49,737 T0000: [D1-V3] cat /proc/uptime
2023-12-30 03:15:50,446 T0000: [D1-V3] sudo vtysh -c 'show running-config | include hostname'
2023-12-30 03:15:51,373 T0000: [D1-V3] sudo show interfaces status Ethernet124
2023-12-30 03:15:56,307 T0000: [D1-V3] sudo show interfaces status Ethernet124
2023-12-30 03:16:00,692 T0000: [D1-V3] sudo show interfaces status Ethernet124
2023-12-30 03:16:03,110 T0000: [D1-V3] /sbin/ip link set dev eth0 up
2023-12-30 03:16:03,815 T0000: [D1-V3] /sbin/ip route list dev eth0
2023-12-30 03:16:04,538 T0000: [D1-V3] ['export TMOUT=0', 'stty cols 5000', 'uptime']
2023-12-30 03:16:06,776 T0000: [D1-V3] /sbin/ip link set dev eth0 up
2023-12-30 03:16:07,487 T0000: [D1-V3] /sbin/ip route list dev eth0
2023-12-30 03:16:08,918 T0000: [D1-V3] show acl table
2023-12-30 03:16:10,190 T0000: [D1-V3] show acl rule
2023-12-30 03:16:11,424 T0000: [D1-V3] show acl rule SNMP_SSH
2023-12-30 03:16:12,702 T0000: [D1-V3] show acl rule V6_SSH_ONLY
2023-12-30 03:16:13,979 T0000: [D1-V3] show acl rule SNMP_SSH
2023-12-30 03:16:15,256 T0000: [D1-V3] ping -4 127.0.0.1 -c 3 
2023-12-30 03:16:17,974 T0000: [D1-V3] hostname
2023-12-30 03:16:25,588 T0000: [D1-V3] show acl table
2023-12-30 03:16:26,814 T0000: [D1-V3] sudo config acl remove table SNMP_SSH;
2023-12-30 03:16:28,067 T0000: [D1-V3] sudo config acl remove table V6_SSH_ONLY;
2023-12-30 03:16:30,615 T0000: [D1-V3] config load -y /tmp/apply_json2.json
2023-12-30 03:16:38,788 T0000: [D2-V4] which sshpass
2023-12-30 03:16:39,499 T0000: [D2-V4] sshpass -p 'YourPaSsWoRd' ssh -o UserKnownHostsFile=/dev/null -o StrictHostKeyChecking=no -o ConnectTimeout=30 admin@2.2.3.1 sudo show vlan config
2023-12-30 03:17:10,216 T0000: [D2-V4] which sshpass
2023-12-30 03:17:10,920 T0000: [D2-V4] sshpass -p 'YourPaSsWoRd' ssh -o UserKnownHostsFile=/dev/null -o StrictHostKeyChecking=no -o ConnectTimeout=30 admin@2001::1 sudo show vlan config
2023-12-30 03:17:41,690 T0000: [D2-V4] which sshpass
2023-12-30 03:17:42,398 T0000: [D2-V4] sshpass -p 'YourPaSsWoRd' ssh -o UserKnownHostsFile=/dev/null -o StrictHostKeyChecking=no -o ConnectTimeout=30 admin@2.2.2.1 sudo show vlan config
2023-12-30 03:17:43,656 T0000: [D2-V4] which sshpass
2023-12-30 03:17:44,358 T0000: [D2-V4] sshpass -p 'YourPaSsWoRd' ssh -o UserKnownHostsFile=/dev/null -o StrictHostKeyChecking=no -o ConnectTimeout=30 admin@1001::1 sudo show vlan config
2023-12-30 03:17:45,700 T0000: [D1-V3] show acl table
2023-12-30 03:17:46,979 T0000: [D1-V3] sudo config acl remove table SNMP_SSH;
2023-12-30 03:17:48,032 T0000: [D1-V3] sudo config acl remove table V6_SSH_ONLY;
2023-12-30 03:19:48,542 T0000: [D1-V3] userdel elkf6hojgo8lyl
2023-12-30 03:19:49,672 T0000: 
================== Function Hook Finalize: system/test_ssh.py ssh_func_hooks ==================
2023-12-30 03:19:49,720 T0000: 
================== Framework Function Hook Finalize: system/test_ssh.py::test_ft_ssh_add_user_verify ==================
2023-12-30 03:19:49,721 T0000: 
================== Framework Function Hook: system/test_ssh.py::test_ft_verify_logs_at_the_time_of_ssh_login_success ==================
2023-12-30 03:19:49,737 T0340: [D1-V3] sudo show interfaces status
2023-12-30 03:19:49,740 T0341: [D2-V4] sudo show interfaces status
2023-12-30 03:19:51,391 T0342: [D1-V3] sudo show interfaces status Ethernet124
2023-12-30 03:19:51,398 T0343: [D2-V4] sudo show interfaces status Ethernet124
2023-12-30 03:19:54,506 T0000: 
================== Framework Function Hook Finish: system/test_ssh.py::test_ft_verify_logs_at_the_time_of_ssh_login_success ==================
2023-12-30 03:19:54,506 T0000: 
================== Function Hook: system/test_ssh.py ssh_func_hooks ==================
2023-12-30 03:19:54,516 T0000: 
================== Function Hook Finish: system/test_ssh.py ssh_func_hooks ==================
2023-12-30 03:19:54,516 T0000: 
================== Test Execution: system/test_ssh.py::test_ft_verify_logs_at_the_time_of_ssh_login_success ==================
2023-12-30 03:20:03,346 T0000: [D1-V3] sudo cat /var/log/auth.log
2023-12-30 03:20:13,672 T0000: 
================== Function Hook Finalize: system/test_ssh.py ssh_func_hooks ==================
2023-12-30 03:20:13,717 T0000: 
================== Framework Function Hook Finalize: system/test_ssh.py::test_ft_verify_logs_at_the_time_of_ssh_login_success ==================
2023-12-30 03:20:13,722 T0354: [D1-V3] config save /tmp/config-db-V3-pre-module-epilog-system-test_ssh.py.json -y
2023-12-30 03:20:13,727 T0355: [D2-V4] config save /tmp/config-db-V4-pre-module-epilog-system-test_ssh.py.json -y
2023-12-30 03:20:15,010 T0354: [D1-V3] chmod 777 /tmp/config-db-V3-pre-module-epilog-system-test_ssh.py.json
2023-12-30 03:20:15,021 T0355: [D2-V4] chmod 777 /tmp/config-db-V4-pre-module-epilog-system-test_ssh.py.json
2023-12-30 03:20:16,488 T0354: [D1-V3] /sbin/ip link set dev eth0 up
2023-12-30 03:20:16,498 T0355: [D2-V4] /sbin/ip link set dev eth0 up
2023-12-30 03:20:17,159 T0354: [D1-V3] /sbin/ip route list dev eth0
2023-12-30 03:20:17,167 T0355: [D2-V4] /sbin/ip route list dev eth0
2023-12-30 03:20:25,519 T0355: [D2-V4] sudo vtysh -c 'show running-config' > /tmp/vtysh-runcfg-V4-pre-module-epilog-system-test_ssh.py.txt
2023-12-30 03:20:25,545 T0354: [D1-V3] sudo vtysh -c 'show running-config' > /tmp/vtysh-runcfg-V3-pre-module-epilog-system-test_ssh.py.txt
2023-12-30 03:20:26,390 T0355: [D2-V4] chmod 777 /tmp/vtysh-runcfg-V4-pre-module-epilog-system-test_ssh.py.txt
2023-12-30 03:20:26,416 T0354: [D1-V3] chmod 777 /tmp/vtysh-runcfg-V3-pre-module-epilog-system-test_ssh.py.txt
2023-12-30 03:20:27,866 T0355: [D2-V4] /sbin/ip link set dev eth0 up
2023-12-30 03:20:27,891 T0354: [D1-V3] /sbin/ip link set dev eth0 up
2023-12-30 03:20:28,536 T0355: [D2-V4] /sbin/ip route list dev eth0
2023-12-30 03:20:28,561 T0354: [D1-V3] /sbin/ip route list dev eth0
2023-12-30 03:20:36,931 T0372: [D1-V3] config interface ip remove Ethernet48 2.2.2.1/24
2023-12-30 03:20:36,935 T0373: [D2-V4] config interface ip remove Ethernet48 2.2.2.2/24
2023-12-30 03:20:38,013 T0374: [D1-V3] config interface ip remove Ethernet52 2.2.3.1/24
2023-12-30 03:20:38,020 T0375: [D2-V4] config interface ip remove Ethernet52 2.2.3.2/24
2023-12-30 03:20:39,102 T0376: [D1-V3] config interface ip remove Ethernet48 1001::1/64
2023-12-30 03:20:39,107 T0377: [D2-V4] config interface ip remove Ethernet48 1001::2/64
2023-12-30 03:20:40,635 T0378: [D1-V3] config interface ip remove Ethernet52 2001::1/64
2023-12-30 03:20:40,639 T0379: [D2-V4] config interface ip remove Ethernet52 2001::2/64
2023-12-30 03:20:42,119 T0000: [D1-V3] show acl table
2023-12-30 03:20:43,354 T0000: [D1-V3] cat /etc/sonic/snmp.yml
2023-12-30 03:20:44,073 T0000: [D1-V3] sudo sed -i '/^snmp_rocommunity:/ c snmp_rocommunity: NotConfigured' /etc/sonic/snmp.yml
2023-12-30 03:20:45,524 T0000: [D1-V3] sudo sed -i '/^snmp_rocommunity6:/ c snmp_rocommunity6: NotConfigured' /etc/sonic/snmp.yml
2023-12-30 03:20:46,975 T0000: [D1-V3] sudo sed -i '/^snmp_location:/ c snmp_location: NotConfigured' /etc/sonic/snmp.yml
2023-12-30 03:20:48,424 T0000: [D1-V3] sudo sed -i '/^snmp_syscontact:/ c snmp_syscontact: NotConfigured' /etc/sonic/snmp.yml
2023-12-30 03:20:49,872 T0000: [D1-V3] sudo sed -i '/^v1_trap_dest:/ c v1_trap_dest: NotConfigured' /etc/sonic/snmp.yml
2023-12-30 03:20:51,320 T0000: [D1-V3] sudo sed -i '/^v2_trap_dest:/ c v2_trap_dest: NotConfigured' /etc/sonic/snmp.yml
2023-12-30 03:20:52,768 T0000: [D1-V3] sudo sed -i '/^v3_trap_dest:/ c v3_trap_dest: NotConfigured' /etc/sonic/snmp.yml
2023-12-30 03:20:54,217 T0000: [D1-V3] cat /etc/sonic/snmp.yml
2023-12-30 03:20:54,916 T0000: [D1-V3] sudo service snmp restart
2023-12-30 03:21:04,276 T0000: 
================== Module Hook Finalize: system/test_ssh.py ssh_module_hooks ==================
2023-12-30 03:21:04,283 T0380: [D1-V3] config save /tmp/config-db-V3-post-module-epilog-system-test_ssh.py.json -y
2023-12-30 03:21:04,288 T0381: [D2-V4] config save /tmp/config-db-V4-post-module-epilog-system-test_ssh.py.json -y
2023-12-30 03:21:05,570 T0380: [D1-V3] chmod 777 /tmp/config-db-V3-post-module-epilog-system-test_ssh.py.json
2023-12-30 03:21:05,579 T0381: [D2-V4] chmod 777 /tmp/config-db-V4-post-module-epilog-system-test_ssh.py.json
2023-12-30 03:21:07,060 T0380: [D1-V3] /sbin/ip link set dev eth0 up
2023-12-30 03:21:07,061 T0381: [D2-V4] /sbin/ip link set dev eth0 up
2023-12-30 03:21:07,744 T0380: [D1-V3] /sbin/ip route list dev eth0
2023-12-30 03:21:07,752 T0381: [D2-V4] /sbin/ip route list dev eth0
2023-12-30 03:21:16,100 T0380: [D1-V3] sudo vtysh -c 'show running-config' > /tmp/vtysh-runcfg-V3-post-module-epilog-system-test_ssh.py.txt
2023-12-30 03:21:16,133 T0381: [D2-V4] sudo vtysh -c 'show running-config' > /tmp/vtysh-runcfg-V4-post-module-epilog-system-test_ssh.py.txt
2023-12-30 03:21:16,971 T0380: [D1-V3] chmod 777 /tmp/vtysh-runcfg-V3-post-module-epilog-system-test_ssh.py.txt
2023-12-30 03:21:17,052 T0381: [D2-V4] chmod 777 /tmp/vtysh-runcfg-V4-post-module-epilog-system-test_ssh.py.txt
2023-12-30 03:21:18,448 T0380: [D1-V3] /sbin/ip link set dev eth0 up
2023-12-30 03:21:18,528 T0381: [D2-V4] /sbin/ip link set dev eth0 up
2023-12-30 03:21:19,118 T0380: [D1-V3] /sbin/ip route list dev eth0
2023-12-30 03:21:19,198 T0381: [D2-V4] /sbin/ip route list dev eth0
2023-12-30 03:21:27,595 T0398: [D1-V3] sudo show interfaces status Ethernet124
2023-12-30 03:21:27,599 T0399: [D2-V4] sudo show interfaces status Ethernet124
2023-12-30 03:21:30,005 T0000: 
================== Framework Module Hook Finalize: system/test_ssh.py Pass: 2/3 ==================
2023-12-30 03:21:30,005 T0000: 
================== Devices used: system/test_ssh.py 2 ['V3', 'V4'] ==================
2023-12-30 03:21:31,009 T0000: 
================== Framework Module Hook: batch/test_spytest_infra_1.py ==================
2023-12-30 03:21:31,032 T0406: [D1-V3] no router bgp
2023-12-30 03:21:31,038 T0407: [D2-V4] no router bgp
2023-12-30 03:21:32,867 T0406: [D1-V3] config feature state sflow enabled
2023-12-30 03:21:32,875 T0407: [D2-V4] config feature state sflow enabled
2023-12-30 03:21:34,822 T0406: [D1-V3] config feature state nat enabled
2023-12-30 03:21:34,831 T0407: [D2-V4] config feature state nat enabled
2023-12-30 03:22:10,196 T0406: [D1-V3] /sbin/ip link set dev eth0 up
2023-12-30 03:22:10,866 T0406: [D1-V3] /sbin/ip route list dev eth0
2023-12-30 03:22:11,546 T0406: [D1-V3] sudo show interfaces status Ethernet124
2023-12-30 03:22:12,600 T0407: [D2-V4] /sbin/ip link set dev eth0 up
2023-12-30 03:22:13,271 T0407: [D2-V4] /sbin/ip route list dev eth0
2023-12-30 03:22:13,952 T0407: [D2-V4] sudo show interfaces status Ethernet124
2023-12-30 03:22:15,829 T0406: [D1-V3] sudo show interfaces status Ethernet124
2023-12-30 03:22:18,138 T0409: [D1-V3] sudo show interfaces status
2023-12-30 03:22:18,141 T0410: [D2-V4] sudo show interfaces status
2023-12-30 03:22:24,941 T0412: [D1-V3] sudo show interfaces status
2023-12-30 03:22:24,943 T0413: [D2-V4] sudo show interfaces status
2023-12-30 03:22:31,684 T0415: [D1-V3] sudo show interfaces status
2023-12-30 03:22:31,686 T0416: [D2-V4] sudo show interfaces status
2023-12-30 03:22:33,384 T0000: 
================== Framework Module Hook Finish: batch/test_spytest_infra_1.py ==================
2023-12-30 03:22:33,385 T0000: 
================== Framework Function Hook: batch/test_spytest_infra_1.py::test_spytest_infra_last ==================
2023-12-30 03:22:36,471 T0420: [D1-V3] sudo show interfaces status
2023-12-30 03:22:36,473 T0421: [D2-V4] sudo show interfaces status
2023-12-30 03:22:38,167 T0422: [D1-V3] sudo show interfaces status Ethernet124
2023-12-30 03:22:38,174 T0423: [D2-V4] sudo show interfaces status Ethernet124
2023-12-30 03:22:41,270 T0000: 
================== Framework Function Hook Finish: batch/test_spytest_infra_1.py::test_spytest_infra_last ==================
2023-12-30 03:22:41,272 T0000: 
================== Test Execution: batch/test_spytest_infra_1.py::test_spytest_infra_last ==================
2023-12-30 03:22:41,298 T0000: 
================== Framework Function Hook Finalize: batch/test_spytest_infra_1.py::test_spytest_infra_last ==================
2023-12-30 03:22:41,304 T0424: [D1-V3] sudo show interfaces status Ethernet124
2023-12-30 03:22:41,312 T0425: [D2-V4] sudo show interfaces status Ethernet124
2023-12-30 03:22:43,666 T0000: 
================== Framework Module Hook Finalize: batch/test_spytest_infra_1.py Pass: 1/1 ==================
2023-12-30 03:22:43,667 T0000: 
================== Devices used: batch/test_spytest_infra_1.py 2 ['V3', 'V4'] ==================
2023-12-30 03:22:43,770 T0430: [D1-V3] ['stty cols 80']
2023-12-30 03:22:43,773 T0431: [D2-V4] ['stty cols 80']
