2023-12-27 22:59:45.482504 = START
2023-12-27 22:59:46.624954 = device connections start
2023-12-27 23:00:20.263200 = device connections finish
2023-12-27 23:00:20.268524 = session init start
2023-12-27 23:02:33.538055 = report file generation start
2023-12-27 23:02:33.633600 = report file generation end
2023-12-27 23:02:57.627949 = session init end
2023-12-27 23:02:57.629523 = Framework Module Hook Start
2023-12-27 23:02:58.562868 = module test_spytest_infra_1.py init start
2023-12-27 23:03:03.032589 = module test_spytest_infra_1.py init end
2023-12-27 23:03:03.032956 = Framework Module Hook end
2023-12-27 23:03:03.033359 = Framework Function Hook Start
2023-12-27 23:03:07.305953 = function batch/test_spytest_infra_1.py::test_spytest_infra_first init start
2023-12-27 23:03:12.731410 = function batch/test_spytest_infra_1.py::test_spytest_infra_first init end
2023-12-27 23:03:12.732514 = Framework Function Hook end
2023-12-27 23:03:12.734685 = Module Config Time (2023-12-27 23:02:57.629593 - 2023-12-27 23:03:03.033457) Published
2023-12-27 23:03:12.737558 = function batch/test_spytest_infra_1.py::test_spytest_infra_first clean start
2023-12-27 23:03:12.754215 = Test Time (2023-12-27 23:03:07.306228 - 2023-12-27 23:03:12.754207) Published
2023-12-27 23:03:12.759631 = function batch/test_spytest_infra_1.py::test_spytest_infra_first clean end
2023-12-27 23:03:12.759962 = Framework Function Hook Finalize
2023-12-27 23:03:13.102694 = Framework Function Hook Start
2023-12-27 23:03:13.103985 = function batch/test_spytest_infra_1.py::test_spytest_infra_second init start
2023-12-27 23:03:18.330782 = function batch/test_spytest_infra_1.py::test_spytest_infra_second init end
2023-12-27 23:03:18.331864 = Framework Function Hook end
2023-12-27 23:03:18.335508 = function batch/test_spytest_infra_1.py::test_spytest_infra_second clean start
2023-12-27 23:03:18.352855 = Test Time (2023-12-27 23:03:13.104183 - 2023-12-27 23:03:18.352848) Published
2023-12-27 23:03:18.357905 = function batch/test_spytest_infra_1.py::test_spytest_infra_second clean end
2023-12-27 23:03:18.358247 = Framework Function Hook Finalize
2023-12-27 23:03:18.358416 = module test_spytest_infra_1.py clean start
2023-12-27 23:03:20.877781 = report file generation start
2023-12-27 23:03:20.965864 = report file generation end
2023-12-27 23:03:20.970902 = module test_spytest_infra_1.py clean end
2023-12-27 23:03:20.971332 = Framework Module Hook Finalize
2023-12-27 23:03:20.973755 = Framework Module Hook Start
2023-12-27 23:03:21.802865 = module test_bgp.py init start
2023-12-27 23:03:50.012764 = module test_bgp.py init end
2023-12-27 23:03:50.013658 = Framework Module Hook end
2023-12-27 23:03:50.014410 = User Module routing/BGP/test_bgp.py Hook Start
2023-12-27 23:06:18.731605 = User Module routing/BGP/test_bgp.py Hook end
2023-12-27 23:06:18.732174 = User Class routing/BGP/test_bgp.py Hook Start
2023-12-27 23:07:13.936450 = User Class routing/BGP/test_bgp.py Hook end
2023-12-27 23:07:13.937127 = Framework Function Hook Start
2023-12-27 23:07:43.156629 = function routing/BGP/test_bgp.py::TestBGPRif::test_ft_bgp_v6_link_local_bgp init start
2023-12-27 23:07:48.552260 = function routing/BGP/test_bgp.py::TestBGPRif::test_ft_bgp_v6_link_local_bgp init end
2023-12-27 23:07:48.552805 = Framework Function Hook end
2023-12-27 23:07:48.555351 = Module Config Time (2023-12-27 23:03:20.973816 - 2023-12-27 23:07:13.937266) Published
2023-12-27 23:08:05.964143 = function routing/BGP/test_bgp.py::TestBGPRif::test_ft_bgp_v6_link_local_bgp clean start
2023-12-27 23:08:05.990078 = Test Time (2023-12-27 23:07:43.156960 - 2023-12-27 23:08:05.990069) Published
2023-12-27 23:08:05.995391 = function routing/BGP/test_bgp.py::TestBGPRif::test_ft_bgp_v6_link_local_bgp clean end
2023-12-27 23:08:05.995704 = Framework Function Hook Finalize
2023-12-27 23:08:05.997338 = Framework Function Hook Start
2023-12-27 23:08:05.997839 = function routing/BGP/test_bgp.py::TestBGPRif::test_ft_bgp_clear init start
2023-12-27 23:08:12.586458 = function routing/BGP/test_bgp.py::TestBGPRif::test_ft_bgp_clear init end
2023-12-27 23:08:12.586965 = Framework Function Hook end
2023-12-27 23:08:22.047575 = function routing/BGP/test_bgp.py::TestBGPRif::test_ft_bgp_clear clean start
2023-12-27 23:08:22.078775 = Test Time (2023-12-27 23:08:05.997906 - 2023-12-27 23:08:22.078764) Published
2023-12-27 23:08:22.083906 = function routing/BGP/test_bgp.py::TestBGPRif::test_ft_bgp_clear clean end
2023-12-27 23:08:22.084266 = Framework Function Hook Finalize
2023-12-27 23:08:22.085487 = Framework Function Hook Start
2023-12-27 23:08:22.085896 = function routing/BGP/test_bgp.py::TestBGPRif::test_ft_bgp_peer_traffic_check init start
2023-12-27 23:08:28.089604 = function routing/BGP/test_bgp.py::TestBGPRif::test_ft_bgp_peer_traffic_check init end
2023-12-27 23:08:28.090296 = Framework Function Hook end
2023-12-27 23:08:28.090873 = User Function routing/BGP/test_bgp.py::TestBGPRif::test_ft_bgp_peer_traffic_check Hook Start
2023-12-27 23:08:28.101706 = User Function routing/BGP/test_bgp.py::TestBGPRif::test_ft_bgp_peer_traffic_check Hook end
2023-12-27 23:11:52.807654 = User Function routing/BGP/test_bgp.py::TestBGPRif::test_ft_bgp_peer_traffic_check Hook Finalize
2023-12-27 23:11:52.807996 = function routing/BGP/test_bgp.py::TestBGPRif::test_ft_bgp_peer_traffic_check clean start
2023-12-27 23:11:52.836803 = Test Time (2023-12-27 23:08:22.085957 - 2023-12-27 23:11:52.836790) Published
2023-12-27 23:11:52.842492 = function routing/BGP/test_bgp.py::TestBGPRif::test_ft_bgp_peer_traffic_check clean end
2023-12-27 23:11:52.842838 = Framework Function Hook Finalize
2023-12-27 23:11:52.844358 = Framework Function Hook Start
2023-12-27 23:11:52.844849 = function routing/BGP/test_bgp.py::TestBGPRif::test_ft_bgp_graceful_restart_and_aware_routers init start
2023-12-27 23:11:59.442164 = function routing/BGP/test_bgp.py::TestBGPRif::test_ft_bgp_graceful_restart_and_aware_routers init end
2023-12-27 23:11:59.442631 = Framework Function Hook end
2023-12-27 23:12:05.709301 = function routing/BGP/test_bgp.py::TestBGPRif::test_ft_bgp_graceful_restart_and_aware_routers clean start
2023-12-27 23:12:05.735726 = Test Time (2023-12-27 23:11:52.844924 - 2023-12-27 23:12:05.735717) Published
2023-12-27 23:12:05.740710 = function routing/BGP/test_bgp.py::TestBGPRif::test_ft_bgp_graceful_restart_and_aware_routers clean end
2023-12-27 23:12:05.741025 = Framework Function Hook Finalize
2023-12-27 23:12:05.741942 = Framework Function Hook Start
2023-12-27 23:12:05.742305 = function routing/BGP/test_bgp.py::TestBGPRif::test_ft_bgp_ipv4_no_route_aggregation_for_exact_prefix_match init start
2023-12-27 23:12:12.183331 = function routing/BGP/test_bgp.py::TestBGPRif::test_ft_bgp_ipv4_no_route_aggregation_for_exact_prefix_match init end
2023-12-27 23:12:12.183721 = Framework Function Hook end
2023-12-27 23:13:47.119716 = function routing/BGP/test_bgp.py::TestBGPRif::test_ft_bgp_ipv4_no_route_aggregation_for_exact_prefix_match clean start
2023-12-27 23:13:47.157501 = Test Time (2023-12-27 23:12:05.742367 - 2023-12-27 23:13:47.157491) Published
2023-12-27 23:13:47.162597 = function routing/BGP/test_bgp.py::TestBGPRif::test_ft_bgp_ipv4_no_route_aggregation_for_exact_prefix_match clean end
2023-12-27 23:13:47.162912 = Framework Function Hook Finalize
2023-12-27 23:13:47.163877 = Framework Function Hook Start
2023-12-27 23:13:47.164264 = function routing/BGP/test_bgp.py::TestBGPRif::test_ft_bgp_ipv4_route_aggregation_atomic_aggregate_without_as_set init start
2023-12-27 23:13:53.244577 = function routing/BGP/test_bgp.py::TestBGPRif::test_ft_bgp_ipv4_route_aggregation_atomic_aggregate_without_as_set init end
2023-12-27 23:13:53.245028 = Framework Function Hook end
2023-12-27 23:15:33.359648 = function routing/BGP/test_bgp.py::TestBGPRif::test_ft_bgp_ipv4_route_aggregation_atomic_aggregate_without_as_set clean start
2023-12-27 23:15:33.395552 = Test Time (2023-12-27 23:13:47.164326 - 2023-12-27 23:15:33.395544) Published
2023-12-27 23:15:33.400508 = function routing/BGP/test_bgp.py::TestBGPRif::test_ft_bgp_ipv4_route_aggregation_atomic_aggregate_without_as_set clean end
2023-12-27 23:15:33.400793 = Framework Function Hook Finalize
2023-12-27 23:15:33.401721 = Framework Function Hook Start
2023-12-27 23:15:33.402080 = function routing/BGP/test_bgp.py::TestBGPRif::test_bgp_route_aggregation_4byteASN init start
2023-12-27 23:15:40.250346 = function routing/BGP/test_bgp.py::TestBGPRif::test_bgp_route_aggregation_4byteASN init end
2023-12-27 23:15:40.250848 = Framework Function Hook end
2023-12-27 23:16:14.426983 = function routing/BGP/test_bgp.py::TestBGPRif::test_bgp_route_aggregation_4byteASN clean start
2023-12-27 23:16:14.465647 = Test Time (2023-12-27 23:15:33.402139 - 2023-12-27 23:16:14.465639) Published
2023-12-27 23:16:14.470731 = function routing/BGP/test_bgp.py::TestBGPRif::test_bgp_route_aggregation_4byteASN clean end
2023-12-27 23:16:14.471018 = Framework Function Hook Finalize
2023-12-27 23:16:14.471906 = Framework Function Hook Start
2023-12-27 23:16:14.472278 = function routing/BGP/test_bgp.py::TestBGPRif::test_ft_bgp_ipv6_route_aggregation_with_as_set init start
2023-12-27 23:16:20.476515 = function routing/BGP/test_bgp.py::TestBGPRif::test_ft_bgp_ipv6_route_aggregation_with_as_set init end
2023-12-27 23:16:20.476918 = Framework Function Hook end
2023-12-27 23:17:09.172572 = function routing/BGP/test_bgp.py::TestBGPRif::test_ft_bgp_ipv6_route_aggregation_with_as_set clean start
2023-12-27 23:17:09.209140 = Test Time (2023-12-27 23:16:14.472347 - 2023-12-27 23:17:09.209130) Published
2023-12-27 23:17:09.214294 = function routing/BGP/test_bgp.py::TestBGPRif::test_ft_bgp_ipv6_route_aggregation_with_as_set clean end
2023-12-27 23:17:09.214630 = Framework Function Hook Finalize
2023-12-27 23:17:09.215569 = Framework Function Hook Start
2023-12-27 23:17:09.215947 = function routing/BGP/test_bgp.py::TestBGPRif::test_ft_bgp_v4_dyn_nbr init start
2023-12-27 23:17:15.969458 = function routing/BGP/test_bgp.py::TestBGPRif::test_ft_bgp_v4_dyn_nbr init end
2023-12-27 23:17:15.969938 = Framework Function Hook end
2023-12-27 23:17:43.323329 = function routing/BGP/test_bgp.py::TestBGPRif::test_ft_bgp_v4_dyn_nbr clean start
2023-12-27 23:17:43.350161 = Test Time (2023-12-27 23:17:09.216007 - 2023-12-27 23:17:43.350152) Published
2023-12-27 23:17:43.355461 = function routing/BGP/test_bgp.py::TestBGPRif::test_ft_bgp_v4_dyn_nbr clean end
2023-12-27 23:17:43.355761 = Framework Function Hook Finalize
2023-12-27 23:17:43.356853 = Framework Function Hook Start
2023-12-27 23:17:43.357289 = function routing/BGP/test_bgp.py::TestBGPRif::test_ft_bgp_v6_dyn_nbr init start
2023-12-27 23:17:48.704737 = function routing/BGP/test_bgp.py::TestBGPRif::test_ft_bgp_v6_dyn_nbr init end
2023-12-27 23:17:48.705171 = Framework Function Hook end
2023-12-27 23:18:15.715358 = function routing/BGP/test_bgp.py::TestBGPRif::test_ft_bgp_v6_dyn_nbr clean start
2023-12-27 23:18:15.745175 = Test Time (2023-12-27 23:17:43.357351 - 2023-12-27 23:18:15.745164) Published
2023-12-27 23:18:15.750357 = function routing/BGP/test_bgp.py::TestBGPRif::test_ft_bgp_v6_dyn_nbr clean end
2023-12-27 23:18:15.750720 = Framework Function Hook Finalize
2023-12-27 23:18:15.751689 = Framework Function Hook Start
2023-12-27 23:18:15.752073 = function routing/BGP/test_bgp.py::TestBGPRif::test_ft_bgp_v4_max_dyn_nbr init start
2023-12-27 23:18:21.113513 = function routing/BGP/test_bgp.py::TestBGPRif::test_ft_bgp_v4_max_dyn_nbr init end
2023-12-27 23:18:21.113938 = Framework Function Hook end
2023-12-27 23:20:37.502647 = function routing/BGP/test_bgp.py::TestBGPRif::test_ft_bgp_v4_max_dyn_nbr clean start
2023-12-27 23:20:37.530875 = Test Time (2023-12-27 23:18:15.752146 - 2023-12-27 23:20:37.530866) Published
2023-12-27 23:20:37.536139 = function routing/BGP/test_bgp.py::TestBGPRif::test_ft_bgp_v4_max_dyn_nbr clean end
2023-12-27 23:20:37.536440 = Framework Function Hook Finalize
2023-12-27 23:20:37.537384 = Framework Function Hook Start
2023-12-27 23:20:37.537759 = function routing/BGP/test_bgp.py::TestBGPRif::test_ft_bgp_rmap init start
2023-12-27 23:20:42.793082 = function routing/BGP/test_bgp.py::TestBGPRif::test_ft_bgp_rmap init end
2023-12-27 23:20:42.793512 = Framework Function Hook end
2023-12-27 23:20:57.074102 = function routing/BGP/test_bgp.py::TestBGPRif::test_ft_bgp_rmap clean start
2023-12-27 23:20:57.103025 = Test Time (2023-12-27 23:20:37.537819 - 2023-12-27 23:20:57.103015) Published
2023-12-27 23:20:57.108189 = function routing/BGP/test_bgp.py::TestBGPRif::test_ft_bgp_rmap clean end
2023-12-27 23:20:57.108573 = Framework Function Hook Finalize
2023-12-27 23:21:10.801382 = User Class routing/BGP/test_bgp.py Hook Finalize
2023-12-27 23:21:10.810666 = User Class routing/BGP/test_bgp.py Hook Finalize
2023-12-27 23:21:10.819941 = User Class routing/BGP/test_bgp.py Hook Finalize
2023-12-27 23:21:10.829505 = User Class routing/BGP/test_bgp.py Hook Finalize
2023-12-27 23:21:10.838766 = User Class routing/BGP/test_bgp.py Hook Finalize
2023-12-27 23:21:10.846382 = User Class routing/BGP/test_bgp.py Hook Finalize
2023-12-27 23:21:10.856121 = User Class routing/BGP/test_bgp.py Hook Finalize
2023-12-27 23:21:10.865007 = User Class routing/BGP/test_bgp.py Hook Finalize
2023-12-27 23:21:10.937564 = User Class routing/BGP/test_bgp.py Hook Finalize
2023-12-27 23:21:10.946406 = User Class routing/BGP/test_bgp.py Hook Finalize
2023-12-27 23:21:10.954957 = User Class routing/BGP/test_bgp.py Hook Finalize
2023-12-27 23:21:10.963675 = User Class routing/BGP/test_bgp.py Hook Finalize
2023-12-27 23:21:10.964778 = User Class routing/BGP/test_bgp.py Hook Start
2023-12-27 23:22:03.797186 = User Class routing/BGP/test_bgp.py Hook end
2023-12-27 23:22:03.797395 = User Class routing/BGP/test_bgp.py Hook Start
2023-12-27 23:22:37.300459 = User Class routing/BGP/test_bgp.py Hook end
2023-12-27 23:22:37.300702 = Framework Function Hook Start
2023-12-27 23:22:37.301073 = function routing/BGP/test_bgp.py::TestBGPIPvxRouteAdvertisementFilter::test_redistribute_connected_ipv4 init start
2023-12-27 23:22:43.842228 = function routing/BGP/test_bgp.py::TestBGPIPvxRouteAdvertisementFilter::test_redistribute_connected_ipv4 init end
2023-12-27 23:22:43.842753 = Framework Function Hook end
2023-12-27 23:22:57.276836 = function routing/BGP/test_bgp.py::TestBGPIPvxRouteAdvertisementFilter::test_redistribute_connected_ipv4 clean start
2023-12-27 23:22:57.313851 = Test Time (2023-12-27 23:22:37.301134 - 2023-12-27 23:22:57.313842) Published
2023-12-27 23:22:57.318958 = function routing/BGP/test_bgp.py::TestBGPIPvxRouteAdvertisementFilter::test_redistribute_connected_ipv4 clean end
2023-12-27 23:22:57.319306 = Framework Function Hook Finalize
2023-12-27 23:22:57.320287 = Framework Function Hook Start
2023-12-27 23:22:57.321170 = function routing/BGP/test_bgp.py::TestBGPIPvxRouteAdvertisementFilter::test_redistribute_static_ipv4 init start
2023-12-27 23:23:03.995194 = function routing/BGP/test_bgp.py::TestBGPIPvxRouteAdvertisementFilter::test_redistribute_static_ipv4 init end
2023-12-27 23:23:03.995599 = Framework Function Hook end
2023-12-27 23:23:18.956701 = function routing/BGP/test_bgp.py::TestBGPIPvxRouteAdvertisementFilter::test_redistribute_static_ipv4 clean start
2023-12-27 23:23:18.993233 = Test Time (2023-12-27 23:22:57.321234 - 2023-12-27 23:23:18.993223) Published
2023-12-27 23:23:18.998263 = function routing/BGP/test_bgp.py::TestBGPIPvxRouteAdvertisementFilter::test_redistribute_static_ipv4 clean end
2023-12-27 23:23:18.998596 = Framework Function Hook Finalize
2023-12-27 23:23:18.999559 = Framework Function Hook Start
2023-12-27 23:23:18.999932 = function routing/BGP/test_bgp.py::TestBGPIPvxRouteAdvertisementFilter::test_distribute_list_in_ipv4 init start
2023-12-27 23:23:25.181844 = function routing/BGP/test_bgp.py::TestBGPIPvxRouteAdvertisementFilter::test_distribute_list_in_ipv4 init end
2023-12-27 23:23:25.182293 = Framework Function Hook end
2023-12-27 23:23:34.038742 = function routing/BGP/test_bgp.py::TestBGPIPvxRouteAdvertisementFilter::test_distribute_list_in_ipv4 clean start
2023-12-27 23:23:34.064964 = Test Time (2023-12-27 23:23:18.999993 - 2023-12-27 23:23:34.064956) Published
2023-12-27 23:23:34.069954 = function routing/BGP/test_bgp.py::TestBGPIPvxRouteAdvertisementFilter::test_distribute_list_in_ipv4 clean end
2023-12-27 23:23:34.070256 = Framework Function Hook Finalize
2023-12-27 23:23:34.071155 = Framework Function Hook Start
2023-12-27 23:23:34.071511 = function routing/BGP/test_bgp.py::TestBGPIPvxRouteAdvertisementFilter::test_filter_list_in_ipv4 init start
2023-12-27 23:23:40.477998 = function routing/BGP/test_bgp.py::TestBGPIPvxRouteAdvertisementFilter::test_filter_list_in_ipv4 init end
2023-12-27 23:23:40.478431 = Framework Function Hook end
2023-12-27 23:23:49.335728 = function routing/BGP/test_bgp.py::TestBGPIPvxRouteAdvertisementFilter::test_filter_list_in_ipv4 clean start
2023-12-27 23:23:49.362498 = Test Time (2023-12-27 23:23:34.071570 - 2023-12-27 23:23:49.362490) Published
2023-12-27 23:23:49.367455 = function routing/BGP/test_bgp.py::TestBGPIPvxRouteAdvertisementFilter::test_filter_list_in_ipv4 clean end
2023-12-27 23:23:49.367740 = Framework Function Hook Finalize
2023-12-27 23:23:49.368622 = Framework Function Hook Start
2023-12-27 23:23:49.368987 = function routing/BGP/test_bgp.py::TestBGPIPvxRouteAdvertisementFilter::test_prefix_list_out_ipv4 init start
2023-12-27 23:23:55.801680 = function routing/BGP/test_bgp.py::TestBGPIPvxRouteAdvertisementFilter::test_prefix_list_out_ipv4 init end
2023-12-27 23:23:55.802074 = Framework Function Hook end
2023-12-27 23:24:16.795472 = function routing/BGP/test_bgp.py::TestBGPIPvxRouteAdvertisementFilter::test_prefix_list_out_ipv4 clean start
2023-12-27 23:24:16.826477 = Test Time (2023-12-27 23:23:49.369047 - 2023-12-27 23:24:16.826467) Published
2023-12-27 23:24:16.831676 = function routing/BGP/test_bgp.py::TestBGPIPvxRouteAdvertisementFilter::test_prefix_list_out_ipv4 clean end
2023-12-27 23:24:16.832037 = Framework Function Hook Finalize
2023-12-27 23:24:16.833289 = Framework Function Hook Start
2023-12-27 23:24:16.833711 = function routing/BGP/test_bgp.py::TestBGPIPvxRouteAdvertisementFilter::test_default_originate_ipv4 init start
2023-12-27 23:24:23.273529 = function routing/BGP/test_bgp.py::TestBGPIPvxRouteAdvertisementFilter::test_default_originate_ipv4 init end
2023-12-27 23:24:23.273948 = Framework Function Hook end
2023-12-27 23:24:32.979881 = function routing/BGP/test_bgp.py::TestBGPIPvxRouteAdvertisementFilter::test_default_originate_ipv4 clean start
2023-12-27 23:24:33.013802 = Test Time (2023-12-27 23:24:16.833776 - 2023-12-27 23:24:33.013792) Published
2023-12-27 23:24:33.018775 = function routing/BGP/test_bgp.py::TestBGPIPvxRouteAdvertisementFilter::test_default_originate_ipv4 clean end
2023-12-27 23:24:33.019099 = Framework Function Hook Finalize
2023-12-27 23:24:33.020049 = Framework Function Hook Start
2023-12-27 23:24:33.020436 = function routing/BGP/test_bgp.py::TestBGPIPvxRouteAdvertisementFilter::test_route_map_in_ipv4 init start
2023-12-27 23:24:39.416611 = function routing/BGP/test_bgp.py::TestBGPIPvxRouteAdvertisementFilter::test_route_map_in_ipv4 init end
2023-12-27 23:24:39.417208 = Framework Function Hook end
2023-12-27 23:24:39.417685 = User Function routing/BGP/test_bgp.py::TestBGPIPvxRouteAdvertisementFilter::test_route_map_in_ipv4 Hook Start
2023-12-27 23:24:39.427617 = User Function routing/BGP/test_bgp.py::TestBGPIPvxRouteAdvertisementFilter::test_route_map_in_ipv4 Hook end
2023-12-27 23:24:44.573137 = User Function routing/BGP/test_bgp.py::TestBGPIPvxRouteAdvertisementFilter::test_route_map_in_ipv4 Hook Finalize
2023-12-27 23:24:44.573316 = function routing/BGP/test_bgp.py::TestBGPIPvxRouteAdvertisementFilter::test_route_map_in_ipv4 clean start
2023-12-27 23:24:44.608642 = Test Time (2023-12-27 23:24:33.020496 - 2023-12-27 23:24:44.608632) Published
2023-12-27 23:24:44.613710 = function routing/BGP/test_bgp.py::TestBGPIPvxRouteAdvertisementFilter::test_route_map_in_ipv4 clean end
2023-12-27 23:24:44.614017 = Framework Function Hook Finalize
2023-12-27 23:24:44.614951 = Framework Function Hook Start
2023-12-27 23:24:44.615319 = function routing/BGP/test_bgp.py::TestBGPIPvxRouteAdvertisementFilter::test_redistribute_connected_ipv6 init start
2023-12-27 23:24:50.963506 = function routing/BGP/test_bgp.py::TestBGPIPvxRouteAdvertisementFilter::test_redistribute_connected_ipv6 init end
2023-12-27 23:24:50.963913 = Framework Function Hook end
2023-12-27 23:25:04.237261 = function routing/BGP/test_bgp.py::TestBGPIPvxRouteAdvertisementFilter::test_redistribute_connected_ipv6 clean start
2023-12-27 23:25:04.271435 = Test Time (2023-12-27 23:24:44.615379 - 2023-12-27 23:25:04.271425) Published
2023-12-27 23:25:04.276491 = function routing/BGP/test_bgp.py::TestBGPIPvxRouteAdvertisementFilter::test_redistribute_connected_ipv6 clean end
2023-12-27 23:25:04.276818 = Framework Function Hook Finalize
2023-12-27 23:25:04.277807 = Framework Function Hook Start
2023-12-27 23:25:04.278180 = function routing/BGP/test_bgp.py::TestBGPIPvxRouteAdvertisementFilter::test_redistribute_static_ipv6 init start
2023-12-27 23:25:11.071699 = function routing/BGP/test_bgp.py::TestBGPIPvxRouteAdvertisementFilter::test_redistribute_static_ipv6 init end
2023-12-27 23:25:11.072183 = Framework Function Hook end
2023-12-27 23:25:25.992656 = function routing/BGP/test_bgp.py::TestBGPIPvxRouteAdvertisementFilter::test_redistribute_static_ipv6 clean start
2023-12-27 23:25:26.028759 = Test Time (2023-12-27 23:25:04.278240 - 2023-12-27 23:25:26.028749) Published
2023-12-27 23:25:26.033832 = function routing/BGP/test_bgp.py::TestBGPIPvxRouteAdvertisementFilter::test_redistribute_static_ipv6 clean end
2023-12-27 23:25:26.034189 = Framework Function Hook Finalize
2023-12-27 23:25:26.035150 = Framework Function Hook Start
2023-12-27 23:25:26.035552 = function routing/BGP/test_bgp.py::TestBGPIPvxRouteAdvertisementFilter::test_distribute_list_in_ipv6 init start
2023-12-27 23:25:32.237818 = function routing/BGP/test_bgp.py::TestBGPIPvxRouteAdvertisementFilter::test_distribute_list_in_ipv6 init end
2023-12-27 23:25:32.238315 = Framework Function Hook end
2023-12-27 23:25:41.114781 = function routing/BGP/test_bgp.py::TestBGPIPvxRouteAdvertisementFilter::test_distribute_list_in_ipv6 clean start
2023-12-27 23:25:41.149466 = Test Time (2023-12-27 23:25:26.035610 - 2023-12-27 23:25:41.149455) Published
2023-12-27 23:25:41.154677 = function routing/BGP/test_bgp.py::TestBGPIPvxRouteAdvertisementFilter::test_distribute_list_in_ipv6 clean end
2023-12-27 23:25:41.154996 = Framework Function Hook Finalize
2023-12-27 23:25:41.155931 = Framework Function Hook Start
2023-12-27 23:25:41.156297 = function routing/BGP/test_bgp.py::TestBGPIPvxRouteAdvertisementFilter::test_filter_list_in_ipv6 init start
2023-12-27 23:25:47.592569 = function routing/BGP/test_bgp.py::TestBGPIPvxRouteAdvertisementFilter::test_filter_list_in_ipv6 init end
2023-12-27 23:25:47.592971 = Framework Function Hook end
2023-12-27 23:25:56.467335 = function routing/BGP/test_bgp.py::TestBGPIPvxRouteAdvertisementFilter::test_filter_list_in_ipv6 clean start
2023-12-27 23:25:56.495276 = Test Time (2023-12-27 23:25:41.156357 - 2023-12-27 23:25:56.495269) Published
2023-12-27 23:25:56.500287 = function routing/BGP/test_bgp.py::TestBGPIPvxRouteAdvertisementFilter::test_filter_list_in_ipv6 clean end
2023-12-27 23:25:56.500594 = Framework Function Hook Finalize
2023-12-27 23:25:56.501468 = Framework Function Hook Start
2023-12-27 23:25:56.501829 = function routing/BGP/test_bgp.py::TestBGPIPvxRouteAdvertisementFilter::test_prefix_list_out_ipv6 init start
2023-12-27 23:26:02.989569 = function routing/BGP/test_bgp.py::TestBGPIPvxRouteAdvertisementFilter::test_prefix_list_out_ipv6 init end
2023-12-27 23:26:02.989989 = Framework Function Hook end
2023-12-27 23:26:12.342995 = function routing/BGP/test_bgp.py::TestBGPIPvxRouteAdvertisementFilter::test_prefix_list_out_ipv6 clean start
2023-12-27 23:26:12.368948 = Test Time (2023-12-27 23:25:56.501891 - 2023-12-27 23:26:12.368940) Published
2023-12-27 23:26:12.373907 = function routing/BGP/test_bgp.py::TestBGPIPvxRouteAdvertisementFilter::test_prefix_list_out_ipv6 clean end
2023-12-27 23:26:12.374197 = Framework Function Hook Finalize
2023-12-27 23:26:12.375095 = Framework Function Hook Start
2023-12-27 23:26:12.375477 = function routing/BGP/test_bgp.py::TestBGPIPvxRouteAdvertisementFilter::test_filter_list_out_ipv6 init start
2023-12-27 23:26:18.719430 = function routing/BGP/test_bgp.py::TestBGPIPvxRouteAdvertisementFilter::test_filter_list_out_ipv6 init end
2023-12-27 23:26:18.719904 = Framework Function Hook end
2023-12-27 23:26:28.055514 = function routing/BGP/test_bgp.py::TestBGPIPvxRouteAdvertisementFilter::test_filter_list_out_ipv6 clean start
2023-12-27 23:26:28.079344 = Test Time (2023-12-27 23:26:12.375547 - 2023-12-27 23:26:28.079333) Published
2023-12-27 23:26:28.084365 = function routing/BGP/test_bgp.py::TestBGPIPvxRouteAdvertisementFilter::test_filter_list_out_ipv6 clean end
2023-12-27 23:26:28.084721 = Framework Function Hook Finalize
2023-12-27 23:26:28.085736 = Framework Function Hook Start
2023-12-27 23:26:28.086232 = function routing/BGP/test_bgp.py::TestBGPIPvxRouteAdvertisementFilter::test_default_originate_ipv6 init start
2023-12-27 23:26:34.455274 = function routing/BGP/test_bgp.py::TestBGPIPvxRouteAdvertisementFilter::test_default_originate_ipv6 init end
2023-12-27 23:26:34.455662 = Framework Function Hook end
2023-12-27 23:26:44.183531 = function routing/BGP/test_bgp.py::TestBGPIPvxRouteAdvertisementFilter::test_default_originate_ipv6 clean start
2023-12-27 23:26:44.218056 = Test Time (2023-12-27 23:26:28.086299 - 2023-12-27 23:26:44.218047) Published
2023-12-27 23:26:44.223071 = function routing/BGP/test_bgp.py::TestBGPIPvxRouteAdvertisementFilter::test_default_originate_ipv6 clean end
2023-12-27 23:26:44.223419 = Framework Function Hook Finalize
2023-12-27 23:26:44.224384 = Framework Function Hook Start
2023-12-27 23:26:44.224745 = function routing/BGP/test_bgp.py::TestBGPIPvxRouteAdvertisementFilter::test_route_map_in_ipv6 init start
2023-12-27 23:26:50.713384 = function routing/BGP/test_bgp.py::TestBGPIPvxRouteAdvertisementFilter::test_route_map_in_ipv6 init end
2023-12-27 23:26:50.713851 = Framework Function Hook end
2023-12-27 23:26:50.714240 = User Function routing/BGP/test_bgp.py::TestBGPIPvxRouteAdvertisementFilter::test_route_map_in_ipv6 Hook Start
2023-12-27 23:26:54.834789 = User Function routing/BGP/test_bgp.py::TestBGPIPvxRouteAdvertisementFilter::test_route_map_in_ipv6 Hook end
2023-12-27 23:27:05.470690 = User Function routing/BGP/test_bgp.py::TestBGPIPvxRouteAdvertisementFilter::test_route_map_in_ipv6 Hook Finalize
2023-12-27 23:27:05.470886 = function routing/BGP/test_bgp.py::TestBGPIPvxRouteAdvertisementFilter::test_route_map_in_ipv6 clean start
2023-12-27 23:27:05.507035 = Test Time (2023-12-27 23:26:44.224805 - 2023-12-27 23:27:05.507027) Published
2023-12-27 23:27:05.512017 = function routing/BGP/test_bgp.py::TestBGPIPvxRouteAdvertisementFilter::test_route_map_in_ipv6 clean end
2023-12-27 23:27:05.512315 = Framework Function Hook Finalize
2023-12-27 23:27:05.513262 = Framework Function Hook Start
2023-12-27 23:27:05.513637 = function routing/BGP/test_bgp.py::TestBGPIPvxRouteAdvertisementFilter::test_bgp_route_map_with_community init start
2023-12-27 23:27:11.955590 = function routing/BGP/test_bgp.py::TestBGPIPvxRouteAdvertisementFilter::test_bgp_route_map_with_community init end
2023-12-27 23:27:11.955993 = Framework Function Hook end
2023-12-27 23:27:30.209754 = function routing/BGP/test_bgp.py::TestBGPIPvxRouteAdvertisementFilter::test_bgp_route_map_with_community clean start
2023-12-27 23:27:30.238596 = Test Time (2023-12-27 23:27:05.513698 - 2023-12-27 23:27:30.238587) Published
2023-12-27 23:27:30.243495 = function routing/BGP/test_bgp.py::TestBGPIPvxRouteAdvertisementFilter::test_bgp_route_map_with_community clean end
2023-12-27 23:27:30.243779 = Framework Function Hook Finalize
2023-12-27 23:27:30.244693 = Framework Function Hook Start
2023-12-27 23:27:30.245071 = function routing/BGP/test_bgp.py::TestBGPIPvxRouteAdvertisementFilter::test_bgp_ebgp4_nbr_update_source init start
2023-12-27 23:27:36.624244 = function routing/BGP/test_bgp.py::TestBGPIPvxRouteAdvertisementFilter::test_bgp_ebgp4_nbr_update_source init end
2023-12-27 23:27:36.624655 = Framework Function Hook end
2023-12-27 23:27:36.625017 = User Function routing/BGP/test_bgp.py::TestBGPIPvxRouteAdvertisementFilter::test_bgp_ebgp4_nbr_update_source Hook Start
2023-12-27 23:27:36.634934 = User Function routing/BGP/test_bgp.py::TestBGPIPvxRouteAdvertisementFilter::test_bgp_ebgp4_nbr_update_source Hook end
2023-12-27 23:28:03.512681 = User Function routing/BGP/test_bgp.py::TestBGPIPvxRouteAdvertisementFilter::test_bgp_ebgp4_nbr_update_source Hook Finalize
2023-12-27 23:28:03.512881 = function routing/BGP/test_bgp.py::TestBGPIPvxRouteAdvertisementFilter::test_bgp_ebgp4_nbr_update_source clean start
2023-12-27 23:28:03.575154 = Test Time (2023-12-27 23:27:30.245134 - 2023-12-27 23:28:03.575145) Published
2023-12-27 23:28:03.580171 = function routing/BGP/test_bgp.py::TestBGPIPvxRouteAdvertisementFilter::test_bgp_ebgp4_nbr_update_source clean end
2023-12-27 23:28:03.580496 = Framework Function Hook Finalize
2023-12-27 23:28:03.581444 = Framework Function Hook Start
2023-12-27 23:28:03.581805 = function routing/BGP/test_bgp.py::TestBGPIPvxRouteAdvertisementFilter::test_bgp_ebgp4_nbr_authentication init start
2023-12-27 23:28:10.015145 = function routing/BGP/test_bgp.py::TestBGPIPvxRouteAdvertisementFilter::test_bgp_ebgp4_nbr_authentication init end
2023-12-27 23:28:10.015588 = Framework Function Hook end
2023-12-27 23:34:13.382633 = function routing/BGP/test_bgp.py::TestBGPIPvxRouteAdvertisementFilter::test_bgp_ebgp4_nbr_authentication clean start
2023-12-27 23:34:13.409394 = Test Time (2023-12-27 23:28:03.581865 - 2023-12-27 23:34:13.409386) Published
2023-12-27 23:34:13.414786 = function routing/BGP/test_bgp.py::TestBGPIPvxRouteAdvertisementFilter::test_bgp_ebgp4_nbr_authentication clean end
2023-12-27 23:34:13.415130 = Framework Function Hook Finalize
2023-12-27 23:34:13.416493 = Framework Function Hook Start
2023-12-27 23:34:13.416971 = function routing/BGP/test_bgp.py::TestBGPIPvxRouteAdvertisementFilter::test_route_aggregate_ipv6 init start
2023-12-27 23:34:19.888725 = function routing/BGP/test_bgp.py::TestBGPIPvxRouteAdvertisementFilter::test_route_aggregate_ipv6 init end
2023-12-27 23:34:19.889147 = Framework Function Hook end
2023-12-27 23:34:39.706953 = function routing/BGP/test_bgp.py::TestBGPIPvxRouteAdvertisementFilter::test_route_aggregate_ipv6 clean start
2023-12-27 23:34:39.743406 = Test Time (2023-12-27 23:34:13.417041 - 2023-12-27 23:34:39.743398) Published
2023-12-27 23:34:39.748481 = function routing/BGP/test_bgp.py::TestBGPIPvxRouteAdvertisementFilter::test_route_aggregate_ipv6 clean end
2023-12-27 23:34:39.748772 = Framework Function Hook Finalize
2023-12-27 23:34:39.749676 = Framework Function Hook Start
2023-12-27 23:34:39.750035 = function routing/BGP/test_bgp.py::TestBGPIPvxRouteAdvertisementFilter::test_static_blackhole_rt_redistribute_with_routemap_ipv6 init start
2023-12-27 23:34:46.395764 = function routing/BGP/test_bgp.py::TestBGPIPvxRouteAdvertisementFilter::test_static_blackhole_rt_redistribute_with_routemap_ipv6 init end
2023-12-27 23:34:46.396255 = Framework Function Hook end
2023-12-27 23:34:54.662861 = function routing/BGP/test_bgp.py::TestBGPIPvxRouteAdvertisementFilter::test_static_blackhole_rt_redistribute_with_routemap_ipv6 clean start
2023-12-27 23:34:54.700112 = Test Time (2023-12-27 23:34:39.750093 - 2023-12-27 23:34:54.700104) Published
2023-12-27 23:34:54.705043 = function routing/BGP/test_bgp.py::TestBGPIPvxRouteAdvertisementFilter::test_static_blackhole_rt_redistribute_with_routemap_ipv6 clean end
2023-12-27 23:34:54.705336 = Framework Function Hook Finalize
2023-12-27 23:35:26.648333 = User Class routing/BGP/test_bgp.py Hook Finalize
2023-12-27 23:35:30.318686 = User Class routing/BGP/test_bgp.py Hook Finalize
2023-12-27 23:35:30.328630 = User Class routing/BGP/test_bgp.py Hook Finalize
2023-12-27 23:35:30.337757 = User Class routing/BGP/test_bgp.py Hook Finalize
2023-12-27 23:35:30.346995 = User Class routing/BGP/test_bgp.py Hook Finalize
2023-12-27 23:35:30.357296 = User Class routing/BGP/test_bgp.py Hook Finalize
2023-12-27 23:35:30.365969 = User Class routing/BGP/test_bgp.py Hook Finalize
2023-12-27 23:35:30.374740 = User Class routing/BGP/test_bgp.py Hook Finalize
2023-12-27 23:35:30.383574 = User Class routing/BGP/test_bgp.py Hook Finalize
2023-12-27 23:35:30.393559 = User Class routing/BGP/test_bgp.py Hook Finalize
2023-12-27 23:35:30.404236 = User Class routing/BGP/test_bgp.py Hook Finalize
2023-12-27 23:35:30.413122 = User Class routing/BGP/test_bgp.py Hook Finalize
2023-12-27 23:35:30.421744 = User Class routing/BGP/test_bgp.py Hook Finalize
2023-12-27 23:35:30.431349 = User Class routing/BGP/test_bgp.py Hook Finalize
2023-12-27 23:35:30.440921 = User Class routing/BGP/test_bgp.py Hook Finalize
2023-12-27 23:35:30.449515 = User Class routing/BGP/test_bgp.py Hook Finalize
2023-12-27 23:35:30.458101 = User Class routing/BGP/test_bgp.py Hook Finalize
2023-12-27 23:35:30.465781 = User Class routing/BGP/test_bgp.py Hook Finalize
2023-12-27 23:35:30.474629 = User Class routing/BGP/test_bgp.py Hook Finalize
2023-12-27 23:35:30.482988 = User Class routing/BGP/test_bgp.py Hook Finalize
2023-12-27 23:35:30.491854 = User Class routing/BGP/test_bgp.py Hook Finalize
2023-12-27 23:35:30.500344 = User Class routing/BGP/test_bgp.py Hook Finalize
2023-12-27 23:35:30.509519 = User Class routing/BGP/test_bgp.py Hook Finalize
2023-12-27 23:35:30.518802 = User Class routing/BGP/test_bgp.py Hook Finalize
2023-12-27 23:35:30.528660 = User Class routing/BGP/test_bgp.py Hook Finalize
2023-12-27 23:35:30.538475 = User Class routing/BGP/test_bgp.py Hook Finalize
2023-12-27 23:35:30.547503 = User Class routing/BGP/test_bgp.py Hook Finalize
2023-12-27 23:35:30.596732 = User Class routing/BGP/test_bgp.py Hook Finalize
2023-12-27 23:35:30.605318 = User Class routing/BGP/test_bgp.py Hook Finalize
2023-12-27 23:35:30.613889 = User Class routing/BGP/test_bgp.py Hook Finalize
2023-12-27 23:35:30.622272 = User Class routing/BGP/test_bgp.py Hook Finalize
2023-12-27 23:35:30.629882 = User Class routing/BGP/test_bgp.py Hook Finalize
2023-12-27 23:35:30.638453 = User Class routing/BGP/test_bgp.py Hook Finalize
2023-12-27 23:35:30.645865 = User Class routing/BGP/test_bgp.py Hook Finalize
2023-12-27 23:35:30.653750 = User Class routing/BGP/test_bgp.py Hook Finalize
2023-12-27 23:35:30.663223 = User Class routing/BGP/test_bgp.py Hook Finalize
2023-12-27 23:35:30.671518 = User Class routing/BGP/test_bgp.py Hook Finalize
2023-12-27 23:35:30.680155 = User Class routing/BGP/test_bgp.py Hook Finalize
2023-12-27 23:35:30.689022 = User Class routing/BGP/test_bgp.py Hook Finalize
2023-12-27 23:35:30.698371 = User Class routing/BGP/test_bgp.py Hook Finalize
2023-12-27 23:35:31.142615 = User Class routing/BGP/test_bgp.py Hook Start
2023-12-27 23:36:23.741044 = User Class routing/BGP/test_bgp.py Hook end
2023-12-27 23:36:23.741271 = Framework Function Hook Start
2023-12-27 23:36:23.741666 = function routing/BGP/test_bgp.py::TestBGPVeLag::test_ft_bgp_clear init start
2023-12-27 23:36:29.916173 = function routing/BGP/test_bgp.py::TestBGPVeLag::test_ft_bgp_clear init end
2023-12-27 23:36:29.916553 = Framework Function Hook end
2023-12-27 23:36:39.189192 = function routing/BGP/test_bgp.py::TestBGPVeLag::test_ft_bgp_clear clean start
2023-12-27 23:36:39.221814 = Test Time (2023-12-27 23:36:23.741735 - 2023-12-27 23:36:39.221805) Published
2023-12-27 23:36:39.227151 = function routing/BGP/test_bgp.py::TestBGPVeLag::test_ft_bgp_clear clean end
2023-12-27 23:36:39.227457 = Framework Function Hook Finalize
2023-12-27 23:36:39.228400 = Framework Function Hook Start
2023-12-27 23:36:39.228785 = function routing/BGP/test_bgp.py::TestBGPVeLag::test_ft_bgp_peer_traffic_check init start
2023-12-27 23:36:45.245829 = function routing/BGP/test_bgp.py::TestBGPVeLag::test_ft_bgp_peer_traffic_check init end
2023-12-27 23:36:45.246263 = Framework Function Hook end
2023-12-27 23:36:45.246630 = User Function routing/BGP/test_bgp.py::TestBGPVeLag::test_ft_bgp_peer_traffic_check Hook Start
2023-12-27 23:36:45.255200 = User Function routing/BGP/test_bgp.py::TestBGPVeLag::test_ft_bgp_peer_traffic_check Hook end
2023-12-27 23:40:09.856260 = User Function routing/BGP/test_bgp.py::TestBGPVeLag::test_ft_bgp_peer_traffic_check Hook Finalize
2023-12-27 23:40:09.856440 = function routing/BGP/test_bgp.py::TestBGPVeLag::test_ft_bgp_peer_traffic_check clean start
2023-12-27 23:40:09.884430 = Test Time (2023-12-27 23:36:39.228868 - 2023-12-27 23:40:09.884422) Published
2023-12-27 23:40:09.889617 = function routing/BGP/test_bgp.py::TestBGPVeLag::test_ft_bgp_peer_traffic_check clean end
2023-12-27 23:40:09.889975 = Framework Function Hook Finalize
2023-12-27 23:40:24.601481 = User Class routing/BGP/test_bgp.py Hook Finalize
2023-12-27 23:40:24.614254 = User Class routing/BGP/test_bgp.py Hook Finalize
2023-12-27 23:40:25.067009 = User Class routing/BGP/test_bgp.py Hook Start
2023-12-27 23:41:17.945164 = User Class routing/BGP/test_bgp.py Hook end
2023-12-27 23:41:17.945775 = Framework Function Hook Start
2023-12-27 23:41:17.946432 = function routing/BGP/test_bgp.py::TestBGPL3Lag::test_ft_bgp_l3lag_peer_traffic_check init start
2023-12-27 23:41:24.168873 = function routing/BGP/test_bgp.py::TestBGPL3Lag::test_ft_bgp_l3lag_peer_traffic_check init end
2023-12-27 23:41:24.169259 = Framework Function Hook end
2023-12-27 23:44:45.542371 = function routing/BGP/test_bgp.py::TestBGPL3Lag::test_ft_bgp_l3lag_peer_traffic_check clean start
2023-12-27 23:44:45.568535 = Test Time (2023-12-27 23:41:17.946527 - 2023-12-27 23:44:45.568526) Published
2023-12-27 23:44:45.573662 = function routing/BGP/test_bgp.py::TestBGPL3Lag::test_ft_bgp_l3lag_peer_traffic_check clean end
2023-12-27 23:44:45.573958 = Framework Function Hook Finalize
2023-12-27 23:45:01.273988 = User Class routing/BGP/test_bgp.py Hook Finalize
2023-12-27 23:45:55.368176 = User Module routing/BGP/test_bgp.py Hook Finalize
2023-12-27 23:45:55.368555 = module test_bgp.py clean start
2023-12-27 23:46:21.887077 = report file generation start
2023-12-27 23:46:21.988685 = report file generation end
2023-12-27 23:46:21.993898 = module test_bgp.py clean end
2023-12-27 23:46:21.994463 = Framework Module Hook Finalize
2023-12-27 23:46:22.802698 = Framework Module Hook Start
2023-12-27 23:46:23.634380 = module test_spytest_infra_1.py init start
2023-12-27 23:47:42.665323 = module test_spytest_infra_1.py init end
2023-12-27 23:47:42.665894 = Framework Module Hook end
2023-12-27 23:47:42.666473 = Framework Function Hook Start
2023-12-27 23:47:46.931736 = function batch/test_spytest_infra_1.py::test_spytest_infra_last init start
2023-12-27 23:47:52.158795 = function batch/test_spytest_infra_1.py::test_spytest_infra_last init end
2023-12-27 23:47:52.159908 = Framework Function Hook end
2023-12-27 23:47:52.161417 = Module Config Time (2023-12-27 23:46:22.802806 - 2023-12-27 23:47:42.666638) Published
2023-12-27 23:47:52.163986 = function batch/test_spytest_infra_1.py::test_spytest_infra_last clean start
2023-12-27 23:47:52.181164 = Test Time (2023-12-27 23:47:46.932005 - 2023-12-27 23:47:52.181157) Published
2023-12-27 23:47:52.186405 = function batch/test_spytest_infra_1.py::test_spytest_infra_last clean end
2023-12-27 23:47:52.186685 = Framework Function Hook Finalize
2023-12-27 23:47:52.186831 = module test_spytest_infra_1.py clean start
2023-12-27 23:47:54.661002 = report file generation start
2023-12-27 23:47:54.766304 = report file generation end
2023-12-27 23:47:54.771372 = module test_spytest_infra_1.py clean end
2023-12-27 23:47:54.771792 = Framework Module Hook Finalize
2023-12-27 23:47:54.773826 = Framework Module Hook Start
2023-12-27 23:47:55.600892 = module test_vrf.py init start
2023-12-27 23:50:59.095323 = module test_vrf.py init end
2023-12-27 23:50:59.095953 = Framework Module Hook end
2023-12-27 23:50:59.096387 = User Module routing/VRF/test_vrf.py Hook Start
2023-12-27 23:58:53.288976 = User Module routing/VRF/test_vrf.py Hook end
2023-12-27 23:58:53.291584 = Framework Function Hook Start
2023-12-27 23:59:22.502982 = function routing/VRF/test_vrf.py::test_VrfFun001_06 init start
2023-12-27 23:59:27.786320 = function routing/VRF/test_vrf.py::test_VrfFun001_06 init end
2023-12-27 23:59:27.786912 = Framework Function Hook end
2023-12-27 23:59:27.788899 = Module Config Time (2023-12-27 23:47:54.773886 - 2023-12-27 23:58:53.291857) Published
2023-12-27 23:59:47.972184 = function routing/VRF/test_vrf.py::test_VrfFun001_06 clean start
2023-12-27 23:59:48.000725 = Test Time (2023-12-27 23:59:22.503277 - 2023-12-27 23:59:48.000716) Published
2023-12-27 23:59:48.006196 = function routing/VRF/test_vrf.py::test_VrfFun001_06 clean end
2023-12-27 23:59:48.006536 = Framework Function Hook Finalize
2023-12-27 23:59:48.007796 = Framework Function Hook Start
2023-12-27 23:59:48.008236 = function routing/VRF/test_vrf.py::test_VrfFun_26_27 init start
2023-12-27 23:59:54.007324 = function routing/VRF/test_vrf.py::test_VrfFun_26_27 init end
2023-12-27 23:59:54.007867 = Framework Function Hook end
2023-12-28 00:00:17.109529 = function routing/VRF/test_vrf.py::test_VrfFun_26_27 clean start
2023-12-28 00:00:17.137819 = Test Time (2023-12-27 23:59:48.008297 - 2023-12-28 00:00:17.137809) Published
2023-12-28 00:00:17.143025 = function routing/VRF/test_vrf.py::test_VrfFun_26_27 clean end
2023-12-28 00:00:17.143367 = Framework Function Hook Finalize
2023-12-28 00:00:17.144299 = Framework Function Hook Start
2023-12-28 00:00:17.144693 = function routing/VRF/test_vrf.py::test_VrfFun_10_12_14 init start
2023-12-28 00:00:23.853323 = function routing/VRF/test_vrf.py::test_VrfFun_10_12_14 init end
2023-12-28 00:00:23.853782 = Framework Function Hook end
2023-12-28 00:00:23.854171 = User Function routing/VRF/test_vrf.py::test_VrfFun_10_12_14 Hook Start
2023-12-28 00:00:23.863209 = User Function routing/VRF/test_vrf.py::test_VrfFun_10_12_14 Hook end
2023-12-28 00:02:07.481088 = User Function routing/VRF/test_vrf.py::test_VrfFun_10_12_14 Hook Finalize
2023-12-28 00:02:07.481339 = function routing/VRF/test_vrf.py::test_VrfFun_10_12_14 clean start
2023-12-28 00:02:07.509558 = Test Time (2023-12-28 00:00:17.144754 - 2023-12-28 00:02:07.509550) Published
2023-12-28 00:02:07.514825 = function routing/VRF/test_vrf.py::test_VrfFun_10_12_14 clean end
2023-12-28 00:02:07.515115 = Framework Function Hook Finalize
2023-12-28 00:02:07.516217 = Framework Function Hook Start
2023-12-28 00:02:07.516631 = function routing/VRF/test_vrf.py::test_VrfFun_20_24_25_32_33_44_45 init start
2023-12-28 00:02:14.162042 = function routing/VRF/test_vrf.py::test_VrfFun_20_24_25_32_33_44_45 init end
2023-12-28 00:02:14.162620 = Framework Function Hook end
2023-12-28 00:02:14.163096 = User Function routing/VRF/test_vrf.py::test_VrfFun_20_24_25_32_33_44_45 Hook Start
2023-12-28 00:02:14.172489 = User Function routing/VRF/test_vrf.py::test_VrfFun_20_24_25_32_33_44_45 Hook end
2023-12-28 00:02:52.017858 = User Function routing/VRF/test_vrf.py::test_VrfFun_20_24_25_32_33_44_45 Hook Finalize
2023-12-28 00:02:52.018259 = function routing/VRF/test_vrf.py::test_VrfFun_20_24_25_32_33_44_45 clean start
2023-12-28 00:02:52.051464 = Test Time (2023-12-28 00:02:07.516693 - 2023-12-28 00:02:52.051455) Published
2023-12-28 00:02:52.056569 = function routing/VRF/test_vrf.py::test_VrfFun_20_24_25_32_33_44_45 clean end
2023-12-28 00:02:52.056867 = Framework Function Hook Finalize
2023-12-28 00:02:52.057779 = Framework Function Hook Start
2023-12-28 00:02:52.058177 = function routing/VRF/test_vrf.py::test_VrfFun_05_50 init start
2023-12-28 00:02:58.616246 = function routing/VRF/test_vrf.py::test_VrfFun_05_50 init end
2023-12-28 00:02:58.616688 = Framework Function Hook end
2023-12-28 00:06:05.177498 = function routing/VRF/test_vrf.py::test_VrfFun_05_50 clean start
2023-12-28 00:06:05.208090 = Test Time (2023-12-28 00:02:52.058238 - 2023-12-28 00:06:05.208082) Published
2023-12-28 00:06:05.213351 = function routing/VRF/test_vrf.py::test_VrfFun_05_50 clean end
2023-12-28 00:06:05.213653 = Framework Function Hook Finalize
2023-12-28 00:06:29.787106 = User Function routing/VRF/test_vrf.py::test_VrfFun_20_24_25_32_33_44_45 Hook Finalize
2023-12-28 00:06:29.787985 = User Function routing/VRF/test_vrf.py::test_VrfFun_10_12_14 Hook Finalize
2023-12-28 00:06:29.789614 = User Module routing/VRF/test_vrf.py Hook Finalize
2023-12-28 00:06:29.790009 = module test_vrf.py clean start
2023-12-28 00:06:56.389131 = report file generation start
2023-12-28 00:06:56.506039 = report file generation end
2023-12-28 00:06:56.511326 = module test_vrf.py clean end
2023-12-28 00:06:56.511819 = Framework Module Hook Finalize
2023-12-28 00:06:56.666551 = Framework Module Hook Start
2023-12-28 00:06:57.504036 = module test_spytest_infra_1.py init start
2023-12-28 00:08:15.472002 = module test_spytest_infra_1.py init end
2023-12-28 00:08:15.472795 = Framework Module Hook end
2023-12-28 00:08:15.473263 = Framework Function Hook Start
2023-12-28 00:08:19.739154 = function batch/test_spytest_infra_1.py::test_spytest_infra_last init start
2023-12-28 00:08:25.041915 = function batch/test_spytest_infra_1.py::test_spytest_infra_last init end
2023-12-28 00:08:25.042970 = Framework Function Hook end
2023-12-28 00:08:25.044448 = Module Config Time (2023-12-28 00:06:56.666733 - 2023-12-28 00:08:15.473342) Published
2023-12-28 00:08:25.047030 = function batch/test_spytest_infra_1.py::test_spytest_infra_last clean start
2023-12-28 00:08:25.066787 = Test Time (2023-12-28 00:08:19.739422 - 2023-12-28 00:08:25.066780) Published
2023-12-28 00:08:25.071753 = function batch/test_spytest_infra_1.py::test_spytest_infra_last clean end
2023-12-28 00:08:25.072007 = Framework Function Hook Finalize
2023-12-28 00:08:25.072140 = module test_spytest_infra_1.py clean start
2023-12-28 00:08:27.598058 = report file generation start
2023-12-28 00:08:27.702220 = report file generation end
2023-12-28 00:08:27.707269 = module test_spytest_infra_1.py clean end
2023-12-28 00:08:27.707674 = Framework Module Hook Finalize
2023-12-28 00:08:27.709743 = Framework Module Hook Start
2023-12-28 00:08:28.536576 = module test_ip.py init start
2023-12-28 00:11:29.199148 = module test_ip.py init end
2023-12-28 00:11:29.200501 = Framework Module Hook end
2023-12-28 00:11:29.201277 = User Module routing/test_ip.py Hook Start
2023-12-28 00:12:08.088464 = User Module routing/test_ip.py Hook end
2023-12-28 00:12:08.088785 = Framework Function Hook Start
2023-12-28 00:12:37.140354 = function routing/test_ip.py::test_l3_v4_route_po_1 init start
2023-12-28 00:12:42.362595 = function routing/test_ip.py::test_l3_v4_route_po_1 init end
2023-12-28 00:12:42.363134 = Framework Function Hook end
2023-12-28 00:12:42.363714 = User Function routing/test_ip.py::test_l3_v4_route_po_1 Hook Start
2023-12-28 00:12:42.373679 = User Function routing/test_ip.py::test_l3_v4_route_po_1 Hook end
2023-12-28 00:12:42.374861 = Module Config Time (2023-12-28 00:08:27.709806 - 2023-12-28 00:12:08.088878) Published
2023-12-28 00:15:06.792303 = User Function routing/test_ip.py::test_l3_v4_route_po_1 Hook Finalize
2023-12-28 00:15:06.792508 = function routing/test_ip.py::test_l3_v4_route_po_1 clean start
2023-12-28 00:15:06.826891 = Test Time (2023-12-28 00:12:37.140636 - 2023-12-28 00:15:06.826880) Published
2023-12-28 00:15:06.832055 = function routing/test_ip.py::test_l3_v4_route_po_1 clean end
2023-12-28 00:15:06.832394 = Framework Function Hook Finalize
2023-12-28 00:15:06.833367 = Framework Function Hook Start
2023-12-28 00:15:06.833758 = function routing/test_ip.py::test_ft_ping_v4_v6_vlan init start
2023-12-28 00:15:12.317327 = function routing/test_ip.py::test_ft_ping_v4_v6_vlan init end
2023-12-28 00:15:12.317817 = Framework Function Hook end
2023-12-28 00:15:12.318193 = User Function routing/test_ip.py::test_ft_ping_v4_v6_vlan Hook Start
2023-12-28 00:15:12.327411 = User Function routing/test_ip.py::test_ft_ping_v4_v6_vlan Hook end
2023-12-28 00:15:13.795254 = User Function routing/test_ip.py::test_ft_ping_v4_v6_vlan Hook Finalize
2023-12-28 00:15:13.795438 = function routing/test_ip.py::test_ft_ping_v4_v6_vlan clean start
2023-12-28 00:15:13.823420 = Test Time (2023-12-28 00:15:06.833819 - 2023-12-28 00:15:13.823409) Published
2023-12-28 00:15:13.828576 = function routing/test_ip.py::test_ft_ping_v4_v6_vlan clean end
2023-12-28 00:15:13.828927 = Framework Function Hook Finalize
2023-12-28 00:15:13.829865 = Framework Function Hook Start
2023-12-28 00:15:13.830261 = function routing/test_ip.py::test_ft_ping_v4_v6_after_ip_change_pc init start
2023-12-28 00:15:19.121804 = function routing/test_ip.py::test_ft_ping_v4_v6_after_ip_change_pc init end
2023-12-28 00:15:19.122256 = Framework Function Hook end
2023-12-28 00:15:19.122631 = User Function routing/test_ip.py::test_ft_ping_v4_v6_after_ip_change_pc Hook Start
2023-12-28 00:15:19.132705 = User Function routing/test_ip.py::test_ft_ping_v4_v6_after_ip_change_pc Hook end
2023-12-28 00:15:37.830265 = User Function routing/test_ip.py::test_ft_ping_v4_v6_after_ip_change_pc Hook Finalize
2023-12-28 00:15:37.830473 = function routing/test_ip.py::test_ft_ping_v4_v6_after_ip_change_pc clean start
2023-12-28 00:15:37.859224 = Test Time (2023-12-28 00:15:13.830323 - 2023-12-28 00:15:37.859215) Published
2023-12-28 00:15:37.864492 = function routing/test_ip.py::test_ft_ping_v4_v6_after_ip_change_pc clean end
2023-12-28 00:15:37.864867 = Framework Function Hook Finalize
2023-12-28 00:15:37.865961 = Framework Function Hook Start
2023-12-28 00:15:37.866377 = function routing/test_ip.py::test_ft_ip6_static_route_traffic_forward_blackhole init start
2023-12-28 00:15:43.350641 = function routing/test_ip.py::test_ft_ip6_static_route_traffic_forward_blackhole init end
2023-12-28 00:15:43.351087 = Framework Function Hook end
2023-12-28 00:15:43.351478 = User Function routing/test_ip.py::test_ft_ip6_static_route_traffic_forward_blackhole Hook Start
2023-12-28 00:15:43.360013 = User Function routing/test_ip.py::test_ft_ip6_static_route_traffic_forward_blackhole Hook end
2023-12-28 00:16:48.535871 = User Function routing/test_ip.py::test_ft_ip6_static_route_traffic_forward_blackhole Hook Finalize
2023-12-28 00:16:48.536081 = function routing/test_ip.py::test_ft_ip6_static_route_traffic_forward_blackhole clean start
2023-12-28 00:16:48.575280 = Test Time (2023-12-28 00:15:37.866438 - 2023-12-28 00:16:48.575272) Published
2023-12-28 00:16:48.580320 = function routing/test_ip.py::test_ft_ip6_static_route_traffic_forward_blackhole clean end
2023-12-28 00:16:48.580610 = Framework Function Hook Finalize
2023-12-28 00:16:48.581485 = Framework Function Hook Start
2023-12-28 00:16:48.581877 = function routing/test_ip.py::test_ft_ip_static_route_traffic_forward init start
2023-12-28 00:16:54.019349 = function routing/test_ip.py::test_ft_ip_static_route_traffic_forward init end
2023-12-28 00:16:54.019758 = Framework Function Hook end
2023-12-28 00:16:54.020087 = User Function routing/test_ip.py::test_ft_ip_static_route_traffic_forward Hook Start
2023-12-28 00:16:54.029514 = User Function routing/test_ip.py::test_ft_ip_static_route_traffic_forward Hook end
2023-12-28 00:17:45.133704 = User Function routing/test_ip.py::test_ft_ip_static_route_traffic_forward Hook Finalize
2023-12-28 00:17:45.133860 = function routing/test_ip.py::test_ft_ip_static_route_traffic_forward clean start
2023-12-28 00:17:45.160801 = Test Time (2023-12-28 00:16:48.581938 - 2023-12-28 00:17:45.160777) Published
2023-12-28 00:17:45.165771 = function routing/test_ip.py::test_ft_ip_static_route_traffic_forward clean end
2023-12-28 00:17:45.166053 = Framework Function Hook Finalize
2023-12-28 00:17:45.166887 = Framework Function Hook Start
2023-12-28 00:17:45.167247 = function routing/test_ip.py::test_ft_ip_v4_v6_L2_L3_translation init start
2023-12-28 00:17:50.457202 = function routing/test_ip.py::test_ft_ip_v4_v6_L2_L3_translation init end
2023-12-28 00:17:50.457780 = Framework Function Hook end
2023-12-28 00:17:50.458261 = User Function routing/test_ip.py::test_ft_ip_v4_v6_L2_L3_translation Hook Start
2023-12-28 00:17:50.467936 = User Function routing/test_ip.py::test_ft_ip_v4_v6_L2_L3_translation Hook end
2023-12-28 00:19:21.528545 = User Function routing/test_ip.py::test_ft_ip_v4_v6_L2_L3_translation Hook Finalize
2023-12-28 00:19:21.528809 = function routing/test_ip.py::test_ft_ip_v4_v6_L2_L3_translation clean start
2023-12-28 00:19:21.556279 = Test Time (2023-12-28 00:17:45.167308 - 2023-12-28 00:19:21.556271) Published
2023-12-28 00:19:21.561503 = function routing/test_ip.py::test_ft_ip_v4_v6_L2_L3_translation clean end
2023-12-28 00:19:21.561821 = Framework Function Hook Finalize
2023-12-28 00:19:21.562910 = Framework Function Hook Start
2023-12-28 00:19:21.563339 = function routing/test_ip.py::test_ft_verify_interfaces_order init start
2023-12-28 00:19:27.817898 = function routing/test_ip.py::test_ft_verify_interfaces_order init end
2023-12-28 00:19:27.818410 = Framework Function Hook end
2023-12-28 00:19:27.818810 = User Function routing/test_ip.py::test_ft_verify_interfaces_order Hook Start
2023-12-28 00:19:27.827602 = User Function routing/test_ip.py::test_ft_verify_interfaces_order Hook end
2023-12-28 00:19:27.827851 = User Function routing/test_ip.py::test_ft_verify_interfaces_order Hook Start
2023-12-28 00:19:27.837584 = User Function routing/test_ip.py::test_ft_verify_interfaces_order Hook end
2023-12-28 00:19:56.040362 = User Function routing/test_ip.py::test_ft_verify_interfaces_order Hook Finalize
2023-12-28 00:19:56.040645 = User Function routing/test_ip.py::test_ft_verify_interfaces_order Hook Finalize
2023-12-28 00:19:56.040753 = function routing/test_ip.py::test_ft_verify_interfaces_order clean start
2023-12-28 00:19:56.068128 = Test Time (2023-12-28 00:19:21.563402 - 2023-12-28 00:19:56.068120) Published
2023-12-28 00:19:56.073269 = function routing/test_ip.py::test_ft_verify_interfaces_order clean end
2023-12-28 00:19:56.073550 = Framework Function Hook Finalize
2023-12-28 00:20:46.925166 = User Module routing/test_ip.py Hook Finalize
2023-12-28 00:20:46.925639 = module test_ip.py clean start
2023-12-28 00:21:13.320501 = report file generation start
2023-12-28 00:21:13.422903 = report file generation end
2023-12-28 00:21:13.427942 = module test_ip.py clean end
2023-12-28 00:21:13.428425 = Framework Module Hook Finalize
2023-12-28 00:21:13.564932 = Framework Module Hook Start
2023-12-28 00:21:14.396214 = module test_spytest_infra_1.py init start
2023-12-28 00:22:40.236853 = module test_spytest_infra_1.py init end
2023-12-28 00:22:40.237287 = Framework Module Hook end
2023-12-28 00:22:40.237611 = Framework Function Hook Start
2023-12-28 00:22:44.496915 = function batch/test_spytest_infra_1.py::test_spytest_infra_last init start
2023-12-28 00:22:49.729575 = function batch/test_spytest_infra_1.py::test_spytest_infra_last init end
2023-12-28 00:22:49.730690 = Framework Function Hook end
2023-12-28 00:22:49.732159 = Module Config Time (2023-12-28 00:21:13.565034 - 2023-12-28 00:22:40.237689) Published
2023-12-28 00:22:49.734747 = function batch/test_spytest_infra_1.py::test_spytest_infra_last clean start
2023-12-28 00:22:49.752427 = Test Time (2023-12-28 00:22:44.497188 - 2023-12-28 00:22:49.752420) Published
2023-12-28 00:22:49.757446 = function batch/test_spytest_infra_1.py::test_spytest_infra_last clean end
2023-12-28 00:22:49.757721 = Framework Function Hook Finalize
2023-12-28 00:22:49.757866 = module test_spytest_infra_1.py clean start
2023-12-28 00:22:52.256101 = report file generation start
2023-12-28 00:22:52.361094 = report file generation end
2023-12-28 00:22:52.366057 = module test_spytest_infra_1.py clean end
2023-12-28 00:22:52.366463 = Framework Module Hook Finalize
2023-12-28 00:22:52.368627 = Framework Module Hook Start
2023-12-28 00:22:53.196046 = module test_bgp_rr_traffic.py init start
2023-12-28 00:25:43.336992 = module test_bgp_rr_traffic.py init end
2023-12-28 00:25:43.337707 = Framework Module Hook end
2023-12-28 00:25:43.338309 = User Module routing/BGP/test_bgp_rr_traffic.py Hook Start
2023-12-28 00:26:14.872649 = User Module routing/BGP/test_bgp_rr_traffic.py Hook end
2023-12-28 00:26:14.872881 = User Class routing/BGP/test_bgp_rr_traffic.py Hook Start
2023-12-28 00:28:34.521277 = User Class routing/BGP/test_bgp_rr_traffic.py Hook end
2023-12-28 00:28:34.521987 = Framework Function Hook Start
2023-12-28 00:29:03.715908 = function routing/BGP/test_bgp_rr_traffic.py::TestBGPRrTraffic::test_ft_bgp6_rr_traffic_check init start
2023-12-28 00:29:08.910386 = function routing/BGP/test_bgp_rr_traffic.py::TestBGPRrTraffic::test_ft_bgp6_rr_traffic_check init end
2023-12-28 00:29:08.911139 = Framework Function Hook end
2023-12-28 00:29:08.913676 = Module Config Time (2023-12-28 00:22:52.368686 - 2023-12-28 00:28:34.522110) Published
2023-12-28 00:31:39.098232 = function routing/BGP/test_bgp_rr_traffic.py::TestBGPRrTraffic::test_ft_bgp6_rr_traffic_check clean start
2023-12-28 00:31:39.130691 = Test Time (2023-12-28 00:29:03.716281 - 2023-12-28 00:31:39.130679) Published
2023-12-28 00:31:39.136203 = function routing/BGP/test_bgp_rr_traffic.py::TestBGPRrTraffic::test_ft_bgp6_rr_traffic_check clean end
2023-12-28 00:31:39.136622 = Framework Function Hook Finalize
2023-12-28 00:32:09.930090 = User Class routing/BGP/test_bgp_rr_traffic.py Hook Finalize
2023-12-28 00:32:55.260618 = User Module routing/BGP/test_bgp_rr_traffic.py Hook Finalize
2023-12-28 00:32:55.260807 = module test_bgp_rr_traffic.py clean start
2023-12-28 00:33:21.880569 = report file generation start
2023-12-28 00:33:21.988511 = report file generation end
2023-12-28 00:33:21.993684 = module test_bgp_rr_traffic.py clean end
2023-12-28 00:33:21.994252 = Framework Module Hook Finalize
2023-12-28 00:33:22.077263 = Framework Module Hook Start
2023-12-28 00:33:22.912738 = module test_spytest_infra_1.py init start
2023-12-28 00:34:50.069212 = module test_spytest_infra_1.py init end
2023-12-28 00:34:50.069643 = Framework Module Hook end
2023-12-28 00:34:50.069968 = Framework Function Hook Start
2023-12-28 00:34:54.335705 = function batch/test_spytest_infra_1.py::test_spytest_infra_last init start
2023-12-28 00:34:59.555158 = function batch/test_spytest_infra_1.py::test_spytest_infra_last init end
2023-12-28 00:34:59.556259 = Framework Function Hook end
2023-12-28 00:34:59.557759 = Module Config Time (2023-12-28 00:33:22.077437 - 2023-12-28 00:34:50.070057) Published
2023-12-28 00:34:59.560296 = function batch/test_spytest_infra_1.py::test_spytest_infra_last clean start
2023-12-28 00:34:59.577095 = Test Time (2023-12-28 00:34:54.335982 - 2023-12-28 00:34:59.577088) Published
2023-12-28 00:34:59.582110 = function batch/test_spytest_infra_1.py::test_spytest_infra_last clean end
2023-12-28 00:34:59.582389 = Framework Function Hook Finalize
2023-12-28 00:34:59.582541 = module test_spytest_infra_1.py clean start
2023-12-28 00:35:02.158248 = report file generation start
2023-12-28 00:35:02.266481 = report file generation end
2023-12-28 00:35:02.271637 = module test_spytest_infra_1.py clean end
2023-12-28 00:35:02.272031 = Framework Module Hook Finalize
2023-12-28 00:35:02.272452 = session clean start
2023-12-28 00:35:02.291741 = report file generation start
2023-12-28 00:35:02.391731 = report file generation end
2023-12-28 00:35:03.074748 = session clean end
