2023-12-29 00:10:13.400405 = START
2023-12-29 00:10:14.566275 = device connections start
2023-12-29 00:10:47.880181 = device connections finish
2023-12-29 00:10:47.884090 = session init start
2023-12-29 00:13:04.110201 = report file generation start
2023-12-29 00:13:04.195940 = report file generation end
2023-12-29 00:13:28.346047 = session init end
2023-12-29 00:13:28.348127 = Framework Module Hook Start
2023-12-29 00:13:28.759824 = module test_spytest_infra_1.py init start
2023-12-29 00:13:32.984727 = module test_spytest_infra_1.py init end
2023-12-29 00:13:32.985494 = Framework Module Hook end
2023-12-29 00:13:32.986346 = Framework Function Hook Start
2023-12-29 00:13:37.277239 = function batch/test_spytest_infra_1.py::test_spytest_infra_first init start
2023-12-29 00:13:42.096969 = function batch/test_spytest_infra_1.py::test_spytest_infra_first init end
2023-12-29 00:13:42.098073 = Framework Function Hook end
2023-12-29 00:13:42.101418 = Module Config Time (2023-12-29 00:13:28.348223 - 2023-12-29 00:13:32.987156) Published
2023-12-29 00:13:42.104726 = function batch/test_spytest_infra_1.py::test_spytest_infra_first clean start
2023-12-29 00:13:42.114483 = Test Time (2023-12-29 00:13:37.277368 - 2023-12-29 00:13:42.114475) Published
2023-12-29 00:13:42.120125 = function batch/test_spytest_infra_1.py::test_spytest_infra_first clean end
2023-12-29 00:13:42.120489 = Framework Function Hook Finalize
2023-12-29 00:13:42.252770 = Framework Function Hook Start
2023-12-29 00:13:42.254065 = function batch/test_spytest_infra_1.py::test_spytest_infra_second init start
2023-12-29 00:13:46.882590 = function batch/test_spytest_infra_1.py::test_spytest_infra_second init end
2023-12-29 00:13:46.883714 = Framework Function Hook end
2023-12-29 00:13:46.887430 = function batch/test_spytest_infra_1.py::test_spytest_infra_second clean start
2023-12-29 00:13:46.900202 = Test Time (2023-12-29 00:13:42.254260 - 2023-12-29 00:13:46.900194) Published
2023-12-29 00:13:46.905269 = function batch/test_spytest_infra_1.py::test_spytest_infra_second clean end
2023-12-29 00:13:46.905580 = Framework Function Hook Finalize
2023-12-29 00:13:46.905736 = module test_spytest_infra_1.py clean start
2023-12-29 00:13:49.562766 = report file generation start
2023-12-29 00:13:49.643935 = report file generation end
2023-12-29 00:13:49.649054 = module test_spytest_infra_1.py clean end
2023-12-29 00:13:49.649490 = Framework Module Hook Finalize
2023-12-29 00:13:49.651677 = Framework Module Hook Start
2023-12-29 00:13:50.063601 = module test_nat.py init start
2023-12-29 00:14:18.410299 = module test_nat.py init end
2023-12-29 00:14:18.411006 = Framework Module Hook end
2023-12-29 00:14:18.411646 = User Module routing/NAT/test_nat.py Hook Start
2023-12-29 00:14:57.683862 = User Module routing/NAT/test_nat.py Hook end
2023-12-29 00:14:57.684224 = Framework Function Hook Start
2023-12-29 00:15:26.371646 = function routing/NAT/test_nat.py::test_ft_nat_docker_restart init start
2023-12-29 00:15:31.251725 = function routing/NAT/test_nat.py::test_ft_nat_docker_restart init end
2023-12-29 00:15:31.252329 = Framework Function Hook end
2023-12-29 00:15:31.252876 = User Function routing/NAT/test_nat.py::test_ft_nat_docker_restart Hook Start
2023-12-29 00:15:34.498973 = User Function routing/NAT/test_nat.py::test_ft_nat_docker_restart Hook end
2023-12-29 00:15:34.500804 = Module Config Time (2023-12-29 00:13:49.651738 - 2023-12-29 00:14:57.684310) Published
2023-12-29 00:16:12.751696 = User Function routing/NAT/test_nat.py::test_ft_nat_docker_restart Hook Finalize
2023-12-29 00:16:12.751903 = function routing/NAT/test_nat.py::test_ft_nat_docker_restart clean start
2023-12-29 00:16:12.765568 = Test Time (2023-12-29 00:15:26.371803 - 2023-12-29 00:16:12.765560) Published
2023-12-29 00:16:12.771212 = function routing/NAT/test_nat.py::test_ft_nat_docker_restart clean end
2023-12-29 00:16:12.771535 = Framework Function Hook Finalize
2023-12-29 00:16:49.779723 = User Module routing/NAT/test_nat.py Hook Finalize
2023-12-29 00:16:49.779950 = module test_nat.py clean start
2023-12-29 00:17:16.410611 = report file generation start
2023-12-29 00:17:16.494276 = report file generation end
2023-12-29 00:17:16.499883 = module test_nat.py clean end
2023-12-29 00:17:16.500590 = Framework Module Hook Finalize
2023-12-29 00:17:17.230801 = Framework Module Hook Start
2023-12-29 00:17:17.645710 = module test_spytest_infra_1.py init start
2023-12-29 00:18:42.186544 = module test_spytest_infra_1.py init end
2023-12-29 00:18:42.187325 = Framework Module Hook end
2023-12-29 00:18:42.187713 = Framework Function Hook Start
2023-12-29 00:18:46.473982 = function batch/test_spytest_infra_1.py::test_spytest_infra_last init start
2023-12-29 00:18:51.440000 = function batch/test_spytest_infra_1.py::test_spytest_infra_last init end
2023-12-29 00:18:51.441023 = Framework Function Hook end
2023-12-29 00:18:51.442441 = Module Config Time (2023-12-29 00:17:17.230960 - 2023-12-29 00:18:42.187819) Published
2023-12-29 00:18:51.446087 = function batch/test_spytest_infra_1.py::test_spytest_infra_last clean start
2023-12-29 00:18:51.457587 = Test Time (2023-12-29 00:18:46.474082 - 2023-12-29 00:18:51.457580) Published
2023-12-29 00:18:51.462576 = function batch/test_spytest_infra_1.py::test_spytest_infra_last clean end
2023-12-29 00:18:51.462851 = Framework Function Hook Finalize
2023-12-29 00:18:51.462985 = module test_spytest_infra_1.py clean start
2023-12-29 00:18:54.011471 = report file generation start
2023-12-29 00:18:54.104420 = report file generation end
2023-12-29 00:18:54.109469 = module test_spytest_infra_1.py clean end
2023-12-29 00:18:54.109859 = Framework Module Hook Finalize
2023-12-29 00:18:54.112186 = Framework Module Hook Start
2023-12-29 00:18:54.528987 = module test_arp.py init start
2023-12-29 00:21:43.380680 = module test_arp.py init end
2023-12-29 00:21:43.381206 = Framework Module Hook end
2023-12-29 00:21:43.381753 = User Module routing/test_arp.py Hook Start
2023-12-29 00:22:04.622391 = User Module routing/test_arp.py Hook end
2023-12-29 00:22:04.623969 = Framework Function Hook Start
2023-12-29 00:22:33.206850 = function routing/test_arp.py::test_ft_arp_dynamic_renew_traffic_test init start
2023-12-29 00:22:38.020838 = function routing/test_arp.py::test_ft_arp_dynamic_renew_traffic_test init end
2023-12-29 00:22:38.021930 = Framework Function Hook end
2023-12-29 00:22:38.023181 = User Function routing/test_arp.py::test_ft_arp_dynamic_renew_traffic_test Hook Start
2023-12-29 00:22:38.025798 = User Function routing/test_arp.py::test_ft_arp_dynamic_renew_traffic_test Hook end
2023-12-29 00:22:38.025983 = User Function routing/test_arp.py::test_ft_arp_dynamic_renew_traffic_test Hook Start
2023-12-29 00:22:38.028353 = User Function routing/test_arp.py::test_ft_arp_dynamic_renew_traffic_test Hook end
2023-12-29 00:22:38.029300 = Module Config Time (2023-12-29 00:18:54.112266 - 2023-12-29 00:22:04.624242) Published
2023-12-29 00:23:32.546134 = User Function routing/test_arp.py::test_ft_arp_dynamic_renew_traffic_test Hook Finalize
2023-12-29 00:23:32.546421 = User Function routing/test_arp.py::test_ft_arp_dynamic_renew_traffic_test Hook Finalize
2023-12-29 00:23:32.546552 = function routing/test_arp.py::test_ft_arp_dynamic_renew_traffic_test clean start
2023-12-29 00:23:32.558763 = Test Time (2023-12-29 00:22:33.206947 - 2023-12-29 00:23:32.558755) Published
2023-12-29 00:23:32.563929 = function routing/test_arp.py::test_ft_arp_dynamic_renew_traffic_test clean end
2023-12-29 00:23:32.564215 = Framework Function Hook Finalize
2023-12-29 00:24:03.534063 = User Module routing/test_arp.py Hook Finalize
2023-12-29 00:24:03.534228 = module test_arp.py clean start
2023-12-29 00:24:30.425078 = report file generation start
2023-12-29 00:24:30.509903 = report file generation end
2023-12-29 00:24:30.515221 = module test_arp.py clean end
2023-12-29 00:24:30.515960 = Framework Module Hook Finalize
2023-12-29 00:24:30.616946 = Framework Module Hook Start
2023-12-29 00:24:31.032629 = module test_spytest_infra_1.py init start
2023-12-29 00:25:55.437978 = module test_spytest_infra_1.py init end
2023-12-29 00:25:55.438733 = Framework Module Hook end
2023-12-29 00:25:55.439464 = Framework Function Hook Start
2023-12-29 00:25:59.722451 = function batch/test_spytest_infra_1.py::test_spytest_infra_last init start
2023-12-29 00:26:04.486422 = function batch/test_spytest_infra_1.py::test_spytest_infra_last init end
2023-12-29 00:26:04.487459 = Framework Function Hook end
2023-12-29 00:26:04.488904 = Module Config Time (2023-12-29 00:24:30.617223 - 2023-12-29 00:25:55.439556) Published
2023-12-29 00:26:04.491560 = function batch/test_spytest_infra_1.py::test_spytest_infra_last clean start
2023-12-29 00:26:04.502337 = Test Time (2023-12-29 00:25:59.722553 - 2023-12-29 00:26:04.502326) Published
2023-12-29 00:26:04.507686 = function batch/test_spytest_infra_1.py::test_spytest_infra_last clean end
2023-12-29 00:26:04.507976 = Framework Function Hook Finalize
2023-12-29 00:26:04.508115 = module test_spytest_infra_1.py clean start
2023-12-29 00:26:07.009773 = report file generation start
2023-12-29 00:26:07.091042 = report file generation end
2023-12-29 00:26:07.096103 = module test_spytest_infra_1.py clean end
2023-12-29 00:26:07.096503 = Framework Module Hook Finalize
2023-12-29 00:26:07.096928 = session clean start
2023-12-29 00:26:07.105872 = report file generation start
2023-12-29 00:26:07.187094 = report file generation end
2023-12-29 00:26:07.892905 = session clean end
