2023-12-29 03:09:50,807 T0000: WARN  #### gw4
2023-12-29 03:09:50,807 T0000: WARN  support post-session-prolog session pass ''
2023-12-29 03:10:37,614 T0000: INFO  #### gw4
2023-12-29 03:10:37,614 T0000: INFO  support pre-module-prolog system/test_snapshot.py  ''
2023-12-29 03:11:25,667 T0000: INFO  #### gw4  system/test_snapshot.py
2023-12-29 03:11:25,667 T0000: INFO  support post-module-prolog system/test_snapshot.py Pass ''
2023-12-29 03:11:56,737 T0000: INFO  #### gw4  system/test_snapshot.py
2023-12-29 03:11:56,737 T0000: INFO  support pre-function-prolog test_ft_watermark_telemetry_interval  ''
2023-12-29 03:11:56,754 T0000: INFO  #### gw4  system/test_snapshot.py::test_ft_watermark_telemetry_interval
2023-12-29 03:11:56,755 T0000: INFO  support post-function-prolog test_ft_watermark_telemetry_interval Pass ''
2023-12-29 03:12:06,830 T0000: WARN  #### gw4  system/test_snapshot.py::test_ft_watermark_telemetry_interval
2023-12-29 03:12:06,830 T0000: WARN  support testcase ft_sf_snapshot_tam_Error_Logs Fail 'Error logs are getting generated on the device'
2023-12-29 03:12:06,846 T0000: INFO  #### gw4  system/test_snapshot.py::test_ft_watermark_telemetry_interval
2023-12-29 03:12:06,847 T0000: INFO  support pre-function-epilog test_ft_watermark_telemetry_interval Pass 'verification of configured telemetry interval and reset to default interval is successful'
2023-12-29 03:12:06,851 T0000: INFO  #### gw4  system/test_snapshot.py::test_ft_watermark_telemetry_interval
2023-12-29 03:12:06,851 T0000: INFO  support post-function-epilog test_ft_watermark_telemetry_interval Pass 'verification of configured telemetry interval and reset to default interval is successful'
2023-12-29 03:12:06,883 T0000: WARN  #### gw4  system/test_snapshot.py::test_ft_watermark_telemetry_interval
2023-12-29 03:12:06,883 T0000: WARN  support pre-module-epilog system/test_snapshot.py pass ''
2023-12-29 03:12:38,122 T0000: WARN  #### gw4  system/test_snapshot.py::test_ft_watermark_telemetry_interval
2023-12-29 03:12:38,122 T0000: WARN  support post-module-epilog system/test_snapshot.py pass ''
2023-12-29 03:14:16,746 T0000: WARN  #### gw4  batch/test_spytest_infra_1.py::test_spytest_infra_last
2023-12-29 03:14:16,746 T0000: WARN  support session-epilog session pass ''
2023-12-29 03:11:42,343 T0000: WARN  #### gw5
2023-12-29 03:11:42,343 T0000: WARN  support post-session-prolog session pass ''
2023-12-29 03:12:29,183 T0000: INFO  #### gw5
2023-12-29 03:12:29,183 T0000: INFO  support pre-module-prolog security/test_tacacs.py  ''
2023-12-29 03:12:56,707 T0000: INFO  #### gw5  security/test_tacacs.py
2023-12-29 03:12:56,707 T0000: INFO  support post-module-prolog security/test_tacacs.py Pass ''
2023-12-29 03:13:27,583 T0000: INFO  #### gw5  security/test_tacacs.py
2023-12-29 03:13:27,583 T0000: INFO  support pre-function-prolog test_ft_tacacs_ssh_login_with_tacacs_operations  ''
2023-12-29 03:13:27,596 T0000: INFO  #### gw5  security/test_tacacs.py::test_ft_tacacs_ssh_login_with_tacacs_operations
2023-12-29 03:13:27,596 T0000: INFO  support post-function-prolog test_ft_tacacs_ssh_login_with_tacacs_operations Pass ''
2023-12-29 03:13:28,301 T0000: WARN  #### gw5  security/test_tacacs.py::test_ft_tacacs_ssh_login_with_tacacs_operations
2023-12-29 03:13:28,301 T0000: WARN  support pre-function-epilog test_ft_tacacs_ssh_login_with_tacacs_operations Fail 'PAM file is not created'
2023-12-29 03:13:28,665 T0000: WARN  #### gw5  security/test_tacacs.py::test_ft_tacacs_ssh_login_with_tacacs_operations
2023-12-29 03:13:28,665 T0000: WARN  support post-function-epilog test_ft_tacacs_ssh_login_with_tacacs_operations ignore 'PAM file is not created'
2023-12-29 03:13:28,700 T0000: WARN  #### gw5  security/test_tacacs.py::test_ft_tacacs_ssh_login_with_tacacs_operations
2023-12-29 03:13:28,700 T0000: WARN  support pre-module-epilog security/test_tacacs.py fail ''
2023-12-29 03:14:07,061 T0000: WARN  #### gw5  security/test_tacacs.py::test_ft_tacacs_ssh_login_with_tacacs_operations
2023-12-29 03:14:07,061 T0000: WARN  support post-module-epilog security/test_tacacs.py fail ''
2023-12-29 03:15:44,375 T0000: WARN  #### gw5  batch/test_spytest_infra_1.py::test_spytest_infra_last
2023-12-29 03:15:44,375 T0000: WARN  support session-epilog session pass ''
2023-12-29 03:09:50,887 T0000: WARN  #### gw7
2023-12-29 03:09:50,887 T0000: WARN  support post-session-prolog session pass ''
2023-12-29 03:10:37,821 T0000: INFO  #### gw7
2023-12-29 03:10:37,821 T0000: INFO  support pre-module-prolog system/test_snmp.py  ''
2023-12-29 03:12:15,240 T0000: INFO  #### gw7  system/test_snmp.py
2023-12-29 03:12:15,240 T0000: INFO  support post-module-prolog system/test_snmp.py Pass ''
2023-12-29 03:12:46,651 T0000: INFO  #### gw7  system/test_snmp.py
2023-12-29 03:12:46,652 T0000: INFO  support pre-function-prolog test_ft_snmp_sysName  ''
2023-12-29 03:12:46,664 T0000: INFO  #### gw7  system/test_snmp.py::test_ft_snmp_sysName
2023-12-29 03:12:46,664 T0000: INFO  support post-function-prolog test_ft_snmp_sysName Pass ''
2023-12-29 03:12:47,390 T0000: WARN  #### gw7  system/test_snmp.py::test_ft_snmp_sysName
2023-12-29 03:12:47,390 T0000: WARN  support pre-function-epilog test_ft_snmp_sysName Fail 'sysname output is not in sync between system and snmp'
2023-12-29 03:12:47,800 T0000: WARN  #### gw7  system/test_snmp.py::test_ft_snmp_sysName
2023-12-29 03:12:47,800 T0000: WARN  support post-function-epilog test_ft_snmp_sysName ignore 'sysname output is not in sync between system and snmp'
2023-12-29 03:12:52,349 T0000: INFO  #### gw7  system/test_snmp.py
2023-12-29 03:12:52,349 T0000: INFO  support pre-function-prolog test_ft_snmp_test_syUpTime  ''
2023-12-29 03:12:52,363 T0000: INFO  #### gw7  system/test_snmp.py::test_ft_snmp_test_syUpTime
2023-12-29 03:12:52,363 T0000: INFO  support post-function-prolog test_ft_snmp_test_syUpTime Pass ''
2023-12-29 03:12:53,538 T0000: INFO  #### gw7  system/test_snmp.py::test_ft_snmp_test_syUpTime
2023-12-29 03:12:53,538 T0000: INFO  support pre-function-epilog test_ft_snmp_test_syUpTime Pass 'Test case passed'
2023-12-29 03:12:53,543 T0000: INFO  #### gw7  system/test_snmp.py::test_ft_snmp_test_syUpTime
2023-12-29 03:12:53,543 T0000: INFO  support post-function-epilog test_ft_snmp_test_syUpTime Pass 'Test case passed'
2023-12-29 03:12:57,905 T0000: INFO  #### gw7  system/test_snmp.py
2023-12-29 03:12:57,905 T0000: INFO  support pre-function-prolog test_ft_snmp_sysDescr  ''
2023-12-29 03:12:57,922 T0000: INFO  #### gw7  system/test_snmp.py::test_ft_snmp_sysDescr
2023-12-29 03:12:57,922 T0000: INFO  support post-function-prolog test_ft_snmp_sysDescr Pass ''
2023-12-29 03:13:01,091 T0000: INFO  #### gw7  system/test_snmp.py::test_ft_snmp_sysDescr
2023-12-29 03:13:01,091 T0000: INFO  support pre-function-epilog test_ft_snmp_sysDescr Pass 'Test case passed'
2023-12-29 03:13:01,107 T0000: INFO  #### gw7  system/test_snmp.py::test_ft_snmp_sysDescr
2023-12-29 03:13:01,107 T0000: INFO  support post-function-epilog test_ft_snmp_sysDescr Pass 'Test case passed'
2023-12-29 03:13:05,664 T0000: INFO  #### gw7  system/test_snmp.py
2023-12-29 03:13:05,665 T0000: INFO  support pre-function-prolog test_ft_snmp_mib_2  ''
2023-12-29 03:13:05,676 T0000: INFO  #### gw7  system/test_snmp.py::test_ft_snmp_mib_2
2023-12-29 03:13:05,676 T0000: INFO  support post-function-prolog test_ft_snmp_mib_2 Pass ''
2023-12-29 03:13:11,915 T0000: INFO  #### gw7  system/test_snmp.py::test_ft_snmp_mib_2
2023-12-29 03:13:11,915 T0000: INFO  support pre-function-epilog test_ft_snmp_mib_2 Pass 'Test case passed'
2023-12-29 03:13:11,924 T0000: INFO  #### gw7  system/test_snmp.py::test_ft_snmp_mib_2
2023-12-29 03:13:11,924 T0000: INFO  support post-function-epilog test_ft_snmp_mib_2 Pass 'Test case passed'
2023-12-29 03:13:16,496 T0000: INFO  #### gw7  system/test_snmp.py
2023-12-29 03:13:16,496 T0000: INFO  support pre-function-prolog test_ft_snmp_if_mib_all  ''
2023-12-29 03:13:16,507 T0000: INFO  #### gw7  system/test_snmp.py::test_ft_snmp_if_mib_all
2023-12-29 03:13:16,507 T0000: INFO  support post-function-prolog test_ft_snmp_if_mib_all Pass ''
2023-12-29 03:13:16,661 T0000: INFO  #### gw7  system/test_snmp.py::test_ft_snmp_if_mib_all
2023-12-29 03:13:16,661 T0000: INFO  support pre-function-epilog test_ft_snmp_if_mib_all Pass 'Test case passed'
2023-12-29 03:13:16,668 T0000: INFO  #### gw7  system/test_snmp.py::test_ft_snmp_if_mib_all
2023-12-29 03:13:16,668 T0000: INFO  support post-function-epilog test_ft_snmp_if_mib_all Pass 'Test case passed'
2023-12-29 03:13:21,157 T0000: INFO  #### gw7  system/test_snmp.py
2023-12-29 03:13:21,157 T0000: INFO  support pre-function-prolog test_ft_snmp_entity_mib_all  ''
2023-12-29 03:13:21,169 T0000: INFO  #### gw7  system/test_snmp.py::test_ft_snmp_entity_mib_all
2023-12-29 03:13:21,169 T0000: INFO  support post-function-prolog test_ft_snmp_entity_mib_all Pass ''
2023-12-29 03:13:21,218 T0000: INFO  #### gw7  system/test_snmp.py::test_ft_snmp_entity_mib_all
2023-12-29 03:13:21,218 T0000: INFO  support pre-function-epilog test_ft_snmp_entity_mib_all Pass 'Test case passed'
2023-12-29 03:13:21,224 T0000: INFO  #### gw7  system/test_snmp.py::test_ft_snmp_entity_mib_all
2023-12-29 03:13:21,224 T0000: INFO  support post-function-epilog test_ft_snmp_entity_mib_all Pass 'Test case passed'
2023-12-29 03:13:25,664 T0000: INFO  #### gw7  system/test_snmp.py
2023-12-29 03:13:25,665 T0000: INFO  support pre-function-prolog test_ft_snmp_dot1q_dot1db_mib  ''
2023-12-29 03:13:25,680 T0000: INFO  #### gw7  system/test_snmp.py::test_ft_snmp_dot1q_dot1db_mib
2023-12-29 03:13:25,680 T0000: INFO  support post-function-prolog test_ft_snmp_dot1q_dot1db_mib Pass ''
2023-12-29 03:13:25,767 T0000: INFO  #### gw7  system/test_snmp.py::test_ft_snmp_dot1q_dot1db_mib
2023-12-29 03:13:25,767 T0000: INFO  support pre-function-epilog test_ft_snmp_dot1q_dot1db_mib Pass 'Test case passed'
2023-12-29 03:13:25,776 T0000: INFO  #### gw7  system/test_snmp.py::test_ft_snmp_dot1q_dot1db_mib
2023-12-29 03:13:25,776 T0000: INFO  support post-function-epilog test_ft_snmp_dot1q_dot1db_mib Pass 'Test case passed'
2023-12-29 03:13:30,241 T0000: INFO  #### gw7  system/test_snmp.py
2023-12-29 03:13:30,241 T0000: INFO  support pre-function-prolog test_ft_snmp_root_node_walk  ''
2023-12-29 03:13:30,256 T0000: INFO  #### gw7  system/test_snmp.py::test_ft_snmp_root_node_walk
2023-12-29 03:13:30,256 T0000: INFO  support post-function-prolog test_ft_snmp_root_node_walk Pass ''
2023-12-29 03:13:42,591 T0000: INFO  #### gw7  system/test_snmp.py::test_ft_snmp_root_node_walk
2023-12-29 03:13:42,591 T0000: INFO  support pre-function-epilog test_ft_snmp_root_node_walk Pass 'Test case passed'
2023-12-29 03:13:42,598 T0000: INFO  #### gw7  system/test_snmp.py::test_ft_snmp_root_node_walk
2023-12-29 03:13:42,598 T0000: INFO  support post-function-epilog test_ft_snmp_root_node_walk Pass 'Test case passed'
2023-12-29 03:13:47,081 T0000: INFO  #### gw7  system/test_snmp.py
2023-12-29 03:13:47,081 T0000: INFO  support pre-function-prolog test_ft_snmp_ipAddressRowStatus_ipv6  ''
2023-12-29 03:13:47,094 T0000: INFO  #### gw7  system/test_snmp.py::test_ft_snmp_ipAddressRowStatus_ipv6
2023-12-29 03:13:47,094 T0000: INFO  support post-function-prolog test_ft_snmp_ipAddressRowStatus_ipv6 Pass ''
2023-12-29 03:13:52,998 T0000: INFO  #### gw7  system/test_snmp.py::test_ft_snmp_ipAddressRowStatus_ipv6
2023-12-29 03:13:52,998 T0000: INFO  support pre-function-epilog test_ft_snmp_ipAddressRowStatus_ipv6 Pass 'Test case passed'
2023-12-29 03:13:53,004 T0000: INFO  #### gw7  system/test_snmp.py::test_ft_snmp_ipAddressRowStatus_ipv6
2023-12-29 03:13:53,004 T0000: INFO  support post-function-epilog test_ft_snmp_ipAddressRowStatus_ipv6 Pass 'Test case passed'
2023-12-29 03:13:57,477 T0000: INFO  #### gw7  system/test_snmp.py
2023-12-29 03:13:57,477 T0000: INFO  support pre-function-prolog test_ft_snmp_ipAddressStorageType_ipv6  ''
2023-12-29 03:13:57,490 T0000: INFO  #### gw7  system/test_snmp.py::test_ft_snmp_ipAddressStorageType_ipv6
2023-12-29 03:13:57,490 T0000: INFO  support post-function-prolog test_ft_snmp_ipAddressStorageType_ipv6 Pass ''
2023-12-29 03:13:57,515 T0000: INFO  #### gw7  system/test_snmp.py::test_ft_snmp_ipAddressStorageType_ipv6
2023-12-29 03:13:57,516 T0000: INFO  support pre-function-epilog test_ft_snmp_ipAddressStorageType_ipv6 Pass 'Test case passed'
2023-12-29 03:13:57,522 T0000: INFO  #### gw7  system/test_snmp.py::test_ft_snmp_ipAddressStorageType_ipv6
2023-12-29 03:13:57,522 T0000: INFO  support post-function-epilog test_ft_snmp_ipAddressStorageType_ipv6 Pass 'Test case passed'
2023-12-29 03:14:01,957 T0000: INFO  #### gw7  system/test_snmp.py
2023-12-29 03:14:01,958 T0000: INFO  support pre-function-prolog test_ft_snmp_ipv6_If_Forward_default_HopLimit  ''
2023-12-29 03:14:01,970 T0000: INFO  #### gw7  system/test_snmp.py::test_ft_snmp_ipv6_If_Forward_default_HopLimit
2023-12-29 03:14:01,970 T0000: INFO  support post-function-prolog test_ft_snmp_ipv6_If_Forward_default_HopLimit Pass ''
2023-12-29 03:14:02,004 T0000: INFO  #### gw7  system/test_snmp.py::test_ft_snmp_ipv6_If_Forward_default_HopLimit
2023-12-29 03:14:02,004 T0000: INFO  support pre-function-epilog test_ft_snmp_ipv6_If_Forward_default_HopLimit Pass 'Test case passed'
2023-12-29 03:14:02,013 T0000: INFO  #### gw7  system/test_snmp.py::test_ft_snmp_ipv6_If_Forward_default_HopLimit
2023-12-29 03:14:02,013 T0000: INFO  support post-function-epilog test_ft_snmp_ipv6_If_Forward_default_HopLimit Pass 'Test case passed'
2023-12-29 03:14:06,556 T0000: INFO  #### gw7  system/test_snmp.py
2023-12-29 03:14:06,556 T0000: INFO  support pre-function-prolog test_ft_snmp_ipv6scope_index_table  ''
2023-12-29 03:14:06,570 T0000: INFO  #### gw7  system/test_snmp.py::test_ft_snmp_ipv6scope_index_table
2023-12-29 03:14:06,570 T0000: INFO  support post-function-prolog test_ft_snmp_ipv6scope_index_table Pass ''
2023-12-29 03:14:06,629 T0000: INFO  #### gw7  system/test_snmp.py::test_ft_snmp_ipv6scope_index_table
2023-12-29 03:14:06,629 T0000: INFO  support pre-function-epilog test_ft_snmp_ipv6scope_index_table Pass 'Test case passed'
2023-12-29 03:14:06,633 T0000: INFO  #### gw7  system/test_snmp.py::test_ft_snmp_ipv6scope_index_table
2023-12-29 03:14:06,633 T0000: INFO  support post-function-epilog test_ft_snmp_ipv6scope_index_table Pass 'Test case passed'
2023-12-29 03:14:11,169 T0000: INFO  #### gw7  system/test_snmp.py
2023-12-29 03:14:11,170 T0000: INFO  support pre-function-prolog test_ft_snmp_ip_forward_table  ''
2023-12-29 03:14:11,183 T0000: INFO  #### gw7  system/test_snmp.py::test_ft_snmp_ip_forward_table
2023-12-29 03:14:11,183 T0000: INFO  support post-function-prolog test_ft_snmp_ip_forward_table Pass ''
2023-12-29 03:14:14,053 T0000: INFO  #### gw7  system/test_snmp.py::test_ft_snmp_ip_forward_table
2023-12-29 03:14:14,054 T0000: INFO  support pre-function-epilog test_ft_snmp_ip_forward_table Pass 'Test case passed'
2023-12-29 03:14:14,058 T0000: INFO  #### gw7  system/test_snmp.py::test_ft_snmp_ip_forward_table
2023-12-29 03:14:14,058 T0000: INFO  support post-function-epilog test_ft_snmp_ip_forward_table Pass 'Test case passed'
2023-12-29 03:14:19,461 T0000: INFO  #### gw7  system/test_snmp.py
2023-12-29 03:14:19,461 T0000: INFO  support pre-function-prolog test_ft_snmp_ifx_table  ''
2023-12-29 03:14:19,476 T0000: INFO  #### gw7  system/test_snmp.py::test_ft_snmp_ifx_table
2023-12-29 03:14:19,476 T0000: INFO  support post-function-prolog test_ft_snmp_ifx_table Pass ''
2023-12-29 03:14:19,660 T0000: INFO  #### gw7  system/test_snmp.py::test_ft_snmp_ifx_table
2023-12-29 03:14:19,660 T0000: INFO  support pre-function-epilog test_ft_snmp_ifx_table Pass 'Test case passed'
2023-12-29 03:14:19,667 T0000: INFO  #### gw7  system/test_snmp.py::test_ft_snmp_ifx_table
2023-12-29 03:14:19,667 T0000: INFO  support post-function-epilog test_ft_snmp_ifx_table Pass 'Test case passed'
2023-12-29 03:14:24,241 T0000: INFO  #### gw7  system/test_snmp.py
2023-12-29 03:14:24,241 T0000: INFO  support pre-function-prolog test_ft_snmp_ip_System_Stats_Table  ''
2023-12-29 03:14:24,256 T0000: INFO  #### gw7  system/test_snmp.py::test_ft_snmp_ip_System_Stats_Table
2023-12-29 03:14:24,256 T0000: INFO  support post-function-prolog test_ft_snmp_ip_System_Stats_Table Pass ''
2023-12-29 03:14:24,306 T0000: INFO  #### gw7  system/test_snmp.py::test_ft_snmp_ip_System_Stats_Table
2023-12-29 03:14:24,306 T0000: INFO  support pre-function-epilog test_ft_snmp_ip_System_Stats_Table Pass 'Test case passed'
2023-12-29 03:14:24,310 T0000: INFO  #### gw7  system/test_snmp.py::test_ft_snmp_ip_System_Stats_Table
2023-12-29 03:14:24,310 T0000: INFO  support post-function-epilog test_ft_snmp_ip_System_Stats_Table Pass 'Test case passed'
2023-12-29 03:14:28,824 T0000: INFO  #### gw7  system/test_snmp.py
2023-12-29 03:14:28,824 T0000: INFO  support pre-function-prolog test_ft_snmp_ip_IfStats_Table  ''
2023-12-29 03:14:28,838 T0000: INFO  #### gw7  system/test_snmp.py::test_ft_snmp_ip_IfStats_Table
2023-12-29 03:14:28,838 T0000: INFO  support post-function-prolog test_ft_snmp_ip_IfStats_Table Pass ''
2023-12-29 03:14:29,133 T0000: INFO  #### gw7  system/test_snmp.py::test_ft_snmp_ip_IfStats_Table
2023-12-29 03:14:29,133 T0000: INFO  support pre-function-epilog test_ft_snmp_ip_IfStats_Table Pass 'Test case passed'
2023-12-29 03:14:29,140 T0000: INFO  #### gw7  system/test_snmp.py::test_ft_snmp_ip_IfStats_Table
2023-12-29 03:14:29,140 T0000: INFO  support post-function-epilog test_ft_snmp_ip_IfStats_Table Pass 'Test case passed'
2023-12-29 03:14:33,629 T0000: INFO  #### gw7  system/test_snmp.py
2023-12-29 03:14:33,629 T0000: INFO  support pre-function-prolog test_ft_snmp_ip_Address_Table  ''
2023-12-29 03:14:33,641 T0000: INFO  #### gw7  system/test_snmp.py::test_ft_snmp_ip_Address_Table
2023-12-29 03:14:33,642 T0000: INFO  support post-function-prolog test_ft_snmp_ip_Address_Table Pass ''
2023-12-29 03:14:33,691 T0000: INFO  #### gw7  system/test_snmp.py::test_ft_snmp_ip_Address_Table
2023-12-29 03:14:33,691 T0000: INFO  support pre-function-epilog test_ft_snmp_ip_Address_Table Pass 'Test case passed'
2023-12-29 03:14:33,695 T0000: INFO  #### gw7  system/test_snmp.py::test_ft_snmp_ip_Address_Table
2023-12-29 03:14:33,695 T0000: INFO  support post-function-epilog test_ft_snmp_ip_Address_Table Pass 'Test case passed'
2023-12-29 03:14:38,117 T0000: INFO  #### gw7  system/test_snmp.py
2023-12-29 03:14:38,117 T0000: INFO  support pre-function-prolog test_ft_snmp_ip_NetToPhysical_Table  ''
2023-12-29 03:14:38,130 T0000: INFO  #### gw7  system/test_snmp.py::test_ft_snmp_ip_NetToPhysical_Table
2023-12-29 03:14:38,130 T0000: INFO  support post-function-prolog test_ft_snmp_ip_NetToPhysical_Table Pass ''
2023-12-29 03:14:38,177 T0000: INFO  #### gw7  system/test_snmp.py::test_ft_snmp_ip_NetToPhysical_Table
2023-12-29 03:14:38,178 T0000: INFO  support pre-function-epilog test_ft_snmp_ip_NetToPhysical_Table Pass 'Test case passed'
2023-12-29 03:14:38,186 T0000: INFO  #### gw7  system/test_snmp.py::test_ft_snmp_ip_NetToPhysical_Table
2023-12-29 03:14:38,186 T0000: INFO  support post-function-epilog test_ft_snmp_ip_NetToPhysical_Table Pass 'Test case passed'
2023-12-29 03:14:42,629 T0000: INFO  #### gw7  system/test_snmp.py
2023-12-29 03:14:42,629 T0000: INFO  support pre-function-prolog test_ft_snmp_icmp_Msgs  ''
2023-12-29 03:14:42,639 T0000: INFO  #### gw7  system/test_snmp.py::test_ft_snmp_icmp_Msgs
2023-12-29 03:14:42,639 T0000: INFO  support post-function-prolog test_ft_snmp_icmp_Msgs Pass ''
2023-12-29 03:14:42,683 T0000: INFO  #### gw7  system/test_snmp.py::test_ft_snmp_icmp_Msgs
2023-12-29 03:14:42,683 T0000: INFO  support pre-function-epilog test_ft_snmp_icmp_Msgs Pass 'Test case passed'
2023-12-29 03:14:42,687 T0000: INFO  #### gw7  system/test_snmp.py::test_ft_snmp_icmp_Msgs
2023-12-29 03:14:42,687 T0000: INFO  support post-function-epilog test_ft_snmp_icmp_Msgs Pass 'Test case passed'
2023-12-29 03:14:47,314 T0000: INFO  #### gw7  system/test_snmp.py
2023-12-29 03:14:47,314 T0000: INFO  support pre-function-prolog test_ft_snmp_tcp_mib  ''
2023-12-29 03:14:47,326 T0000: INFO  #### gw7  system/test_snmp.py::test_ft_snmp_tcp_mib
2023-12-29 03:14:47,326 T0000: INFO  support post-function-prolog test_ft_snmp_tcp_mib Pass ''
2023-12-29 03:15:02,617 T0000: INFO  #### gw7  system/test_snmp.py::test_ft_snmp_tcp_mib
2023-12-29 03:15:02,617 T0000: INFO  support pre-function-epilog test_ft_snmp_tcp_mib Pass 'Test case passed'
2023-12-29 03:15:02,625 T0000: INFO  #### gw7  system/test_snmp.py::test_ft_snmp_tcp_mib
2023-12-29 03:15:02,625 T0000: INFO  support post-function-epilog test_ft_snmp_tcp_mib Pass 'Test case passed'
2023-12-29 03:15:07,052 T0000: INFO  #### gw7  system/test_snmp.py
2023-12-29 03:15:07,052 T0000: INFO  support pre-function-prolog test_ft_snmp_udp_mib  ''
2023-12-29 03:15:07,064 T0000: INFO  #### gw7  system/test_snmp.py::test_ft_snmp_udp_mib
2023-12-29 03:15:07,064 T0000: INFO  support post-function-prolog test_ft_snmp_udp_mib Pass ''
2023-12-29 03:15:07,111 T0000: INFO  #### gw7  system/test_snmp.py::test_ft_snmp_udp_mib
2023-12-29 03:15:07,111 T0000: INFO  support pre-function-epilog test_ft_snmp_udp_mib Pass 'Test case passed'
2023-12-29 03:15:07,115 T0000: INFO  #### gw7  system/test_snmp.py::test_ft_snmp_udp_mib
2023-12-29 03:15:07,115 T0000: INFO  support post-function-epilog test_ft_snmp_udp_mib Pass 'Test case passed'
2023-12-29 03:15:11,545 T0000: INFO  #### gw7  system/test_snmp.py
2023-12-29 03:15:11,545 T0000: INFO  support pre-function-prolog test_ft_snmp_snmpv2_mib  ''
2023-12-29 03:15:11,602 T0000: INFO  #### gw7  system/test_snmp.py::test_ft_snmp_snmpv2_mib
2023-12-29 03:15:11,602 T0000: INFO  support post-function-prolog test_ft_snmp_snmpv2_mib Pass ''
2023-12-29 03:15:11,634 T0000: INFO  #### gw7  system/test_snmp.py::test_ft_snmp_snmpv2_mib
2023-12-29 03:15:11,634 T0000: INFO  support pre-function-epilog test_ft_snmp_snmpv2_mib Pass 'Test case passed'
2023-12-29 03:15:11,642 T0000: INFO  #### gw7  system/test_snmp.py::test_ft_snmp_snmpv2_mib
2023-12-29 03:15:11,642 T0000: INFO  support post-function-epilog test_ft_snmp_snmpv2_mib Pass 'Test case passed'
2023-12-29 03:15:16,077 T0000: INFO  #### gw7  system/test_snmp.py
2023-12-29 03:15:16,077 T0000: INFO  support pre-function-prolog test_ft_snmp_host_resource_mib  ''
2023-12-29 03:15:16,091 T0000: INFO  #### gw7  system/test_snmp.py::test_ft_snmp_host_resource_mib
2023-12-29 03:15:16,091 T0000: INFO  support post-function-prolog test_ft_snmp_host_resource_mib Pass ''
2023-12-29 03:15:16,290 T0000: INFO  #### gw7  system/test_snmp.py::test_ft_snmp_host_resource_mib
2023-12-29 03:15:16,290 T0000: INFO  support pre-function-epilog test_ft_snmp_host_resource_mib Pass 'Test case passed'
2023-12-29 03:15:16,294 T0000: INFO  #### gw7  system/test_snmp.py::test_ft_snmp_host_resource_mib
2023-12-29 03:15:16,294 T0000: INFO  support post-function-epilog test_ft_snmp_host_resource_mib Pass 'Test case passed'
2023-12-29 03:15:20,686 T0000: INFO  #### gw7  system/test_snmp.py
2023-12-29 03:15:20,686 T0000: INFO  support pre-function-prolog test_ft_snmp_framework_mib  ''
2023-12-29 03:15:20,699 T0000: INFO  #### gw7  system/test_snmp.py::test_ft_snmp_framework_mib
2023-12-29 03:15:20,699 T0000: INFO  support post-function-prolog test_ft_snmp_framework_mib Pass ''
2023-12-29 03:15:20,720 T0000: INFO  #### gw7  system/test_snmp.py::test_ft_snmp_framework_mib
2023-12-29 03:15:20,720 T0000: INFO  support pre-function-epilog test_ft_snmp_framework_mib Pass 'Test case passed'
2023-12-29 03:15:20,726 T0000: INFO  #### gw7  system/test_snmp.py::test_ft_snmp_framework_mib
2023-12-29 03:15:20,726 T0000: INFO  support post-function-epilog test_ft_snmp_framework_mib Pass 'Test case passed'
2023-12-29 03:15:25,112 T0000: INFO  #### gw7  system/test_snmp.py
2023-12-29 03:15:25,113 T0000: INFO  support pre-function-prolog test_ft_snmp_mpd_mib  ''
2023-12-29 03:15:25,127 T0000: INFO  #### gw7  system/test_snmp.py::test_ft_snmp_mpd_mib
2023-12-29 03:15:25,127 T0000: INFO  support post-function-prolog test_ft_snmp_mpd_mib Pass ''
2023-12-29 03:15:25,149 T0000: INFO  #### gw7  system/test_snmp.py::test_ft_snmp_mpd_mib
2023-12-29 03:15:25,149 T0000: INFO  support pre-function-epilog test_ft_snmp_mpd_mib Pass 'Test case passed'
2023-12-29 03:15:25,156 T0000: INFO  #### gw7  system/test_snmp.py::test_ft_snmp_mpd_mib
2023-12-29 03:15:25,156 T0000: INFO  support post-function-epilog test_ft_snmp_mpd_mib Pass 'Test case passed'
2023-12-29 03:15:29,796 T0000: INFO  #### gw7  system/test_snmp.py
2023-12-29 03:15:29,796 T0000: INFO  support pre-function-prolog test_ft_snmp_target_mib  ''
2023-12-29 03:15:29,809 T0000: INFO  #### gw7  system/test_snmp.py::test_ft_snmp_target_mib
2023-12-29 03:15:29,809 T0000: INFO  support post-function-prolog test_ft_snmp_target_mib Pass ''
2023-12-29 03:15:29,837 T0000: INFO  #### gw7  system/test_snmp.py::test_ft_snmp_target_mib
2023-12-29 03:15:29,837 T0000: INFO  support pre-function-epilog test_ft_snmp_target_mib Pass 'Test case passed'
2023-12-29 03:15:29,845 T0000: INFO  #### gw7  system/test_snmp.py::test_ft_snmp_target_mib
2023-12-29 03:15:29,845 T0000: INFO  support post-function-epilog test_ft_snmp_target_mib Pass 'Test case passed'
2023-12-29 03:15:34,230 T0000: INFO  #### gw7  system/test_snmp.py
2023-12-29 03:15:34,230 T0000: INFO  support pre-function-prolog test_ft_snmp_notification_mib  ''
2023-12-29 03:15:34,242 T0000: INFO  #### gw7  system/test_snmp.py::test_ft_snmp_notification_mib
2023-12-29 03:15:34,242 T0000: INFO  support post-function-prolog test_ft_snmp_notification_mib Pass ''
2023-12-29 03:15:34,264 T0000: INFO  #### gw7  system/test_snmp.py::test_ft_snmp_notification_mib
2023-12-29 03:15:34,264 T0000: INFO  support pre-function-epilog test_ft_snmp_notification_mib Pass 'Test case passed'
2023-12-29 03:15:34,270 T0000: INFO  #### gw7  system/test_snmp.py::test_ft_snmp_notification_mib
2023-12-29 03:15:34,270 T0000: INFO  support post-function-epilog test_ft_snmp_notification_mib Pass 'Test case passed'
2023-12-29 03:15:38,610 T0000: INFO  #### gw7  system/test_snmp.py
2023-12-29 03:15:38,610 T0000: INFO  support pre-function-prolog test_ft_snmp_user_based_sm_mib  ''
2023-12-29 03:15:38,622 T0000: INFO  #### gw7  system/test_snmp.py::test_ft_snmp_user_based_sm_mib
2023-12-29 03:15:38,622 T0000: INFO  support post-function-prolog test_ft_snmp_user_based_sm_mib Pass ''
2023-12-29 03:15:38,645 T0000: INFO  #### gw7  system/test_snmp.py::test_ft_snmp_user_based_sm_mib
2023-12-29 03:15:38,645 T0000: INFO  support pre-function-epilog test_ft_snmp_user_based_sm_mib Pass 'Test case passed'
2023-12-29 03:15:38,652 T0000: INFO  #### gw7  system/test_snmp.py::test_ft_snmp_user_based_sm_mib
2023-12-29 03:15:38,652 T0000: INFO  support post-function-epilog test_ft_snmp_user_based_sm_mib Pass 'Test case passed'
2023-12-29 03:15:43,094 T0000: INFO  #### gw7  system/test_snmp.py
2023-12-29 03:15:43,095 T0000: INFO  support pre-function-prolog test_ft_snmp_view_based_acm_mib  ''
2023-12-29 03:15:43,109 T0000: INFO  #### gw7  system/test_snmp.py::test_ft_snmp_view_based_acm_mib
2023-12-29 03:15:43,109 T0000: INFO  support post-function-prolog test_ft_snmp_view_based_acm_mib Pass ''
2023-12-29 03:15:43,155 T0000: INFO  #### gw7  system/test_snmp.py::test_ft_snmp_view_based_acm_mib
2023-12-29 03:15:43,155 T0000: INFO  support pre-function-epilog test_ft_snmp_view_based_acm_mib Pass 'Test case passed'
2023-12-29 03:15:43,159 T0000: INFO  #### gw7  system/test_snmp.py::test_ft_snmp_view_based_acm_mib
2023-12-29 03:15:43,159 T0000: INFO  support post-function-epilog test_ft_snmp_view_based_acm_mib Pass 'Test case passed'
2023-12-29 03:15:47,552 T0000: INFO  #### gw7  system/test_snmp.py
2023-12-29 03:15:47,553 T0000: INFO  support pre-function-prolog test_ft_snmp_ent_physical_table  ''
2023-12-29 03:15:47,567 T0000: INFO  #### gw7  system/test_snmp.py::test_ft_snmp_ent_physical_table
2023-12-29 03:15:47,567 T0000: INFO  support post-function-prolog test_ft_snmp_ent_physical_table Pass ''
2023-12-29 03:15:47,615 T0000: INFO  #### gw7  system/test_snmp.py::test_ft_snmp_ent_physical_table
2023-12-29 03:15:47,615 T0000: INFO  support pre-function-epilog test_ft_snmp_ent_physical_table Pass 'Test case passed'
2023-12-29 03:15:47,621 T0000: INFO  #### gw7  system/test_snmp.py::test_ft_snmp_ent_physical_table
2023-12-29 03:15:47,621 T0000: INFO  support post-function-epilog test_ft_snmp_ent_physical_table Pass 'Test case passed'
2023-12-29 03:15:51,985 T0000: INFO  #### gw7  system/test_snmp.py
2023-12-29 03:15:51,985 T0000: INFO  support pre-function-prolog test_ft_snmp_dot3_stats_table  ''
2023-12-29 03:15:51,999 T0000: INFO  #### gw7  system/test_snmp.py::test_ft_snmp_dot3_stats_table
2023-12-29 03:15:51,999 T0000: INFO  support post-function-prolog test_ft_snmp_dot3_stats_table Pass ''
2023-12-29 03:15:52,053 T0000: INFO  #### gw7  system/test_snmp.py::test_ft_snmp_dot3_stats_table
2023-12-29 03:15:52,053 T0000: INFO  support pre-function-epilog test_ft_snmp_dot3_stats_table Pass 'Test case passed'
2023-12-29 03:15:52,058 T0000: INFO  #### gw7  system/test_snmp.py::test_ft_snmp_dot3_stats_table
2023-12-29 03:15:52,058 T0000: INFO  support post-function-epilog test_ft_snmp_dot3_stats_table Pass 'Test case passed'
2023-12-29 03:15:56,489 T0000: INFO  #### gw7  system/test_snmp.py
2023-12-29 03:15:56,489 T0000: INFO  support pre-function-prolog test_ft_net_snmp_agent_mib  ''
2023-12-29 03:15:56,503 T0000: INFO  #### gw7  system/test_snmp.py::test_ft_net_snmp_agent_mib
2023-12-29 03:15:56,503 T0000: INFO  support post-function-prolog test_ft_net_snmp_agent_mib Pass ''
2023-12-29 03:15:56,917 T0000: INFO  #### gw7  system/test_snmp.py::test_ft_net_snmp_agent_mib
2023-12-29 03:15:56,918 T0000: INFO  support pre-function-epilog test_ft_net_snmp_agent_mib Pass 'Test case passed'
2023-12-29 03:15:56,923 T0000: INFO  #### gw7  system/test_snmp.py::test_ft_net_snmp_agent_mib
2023-12-29 03:15:56,923 T0000: INFO  support post-function-epilog test_ft_net_snmp_agent_mib Pass 'Test case passed'
2023-12-29 03:16:01,449 T0000: INFO  #### gw7  system/test_snmp.py
2023-12-29 03:16:01,449 T0000: INFO  support pre-function-prolog test_ft_net_snmp_vacm_mib  ''
2023-12-29 03:16:01,465 T0000: INFO  #### gw7  system/test_snmp.py::test_ft_net_snmp_vacm_mib
2023-12-29 03:16:01,465 T0000: INFO  support post-function-prolog test_ft_net_snmp_vacm_mib Pass ''
2023-12-29 03:16:01,504 T0000: INFO  #### gw7  system/test_snmp.py::test_ft_net_snmp_vacm_mib
2023-12-29 03:16:01,504 T0000: INFO  support pre-function-epilog test_ft_net_snmp_vacm_mib Pass 'Test case passed'
2023-12-29 03:16:01,511 T0000: INFO  #### gw7  system/test_snmp.py::test_ft_net_snmp_vacm_mib
2023-12-29 03:16:01,511 T0000: INFO  support post-function-epilog test_ft_net_snmp_vacm_mib Pass 'Test case passed'
2023-12-29 03:16:06,033 T0000: INFO  #### gw7  system/test_snmp.py
2023-12-29 03:16:06,033 T0000: INFO  support pre-function-prolog test_ft_snmp_ucd_diskio_mib  ''
2023-12-29 03:16:06,045 T0000: INFO  #### gw7  system/test_snmp.py::test_ft_snmp_ucd_diskio_mib
2023-12-29 03:16:06,045 T0000: INFO  support post-function-prolog test_ft_snmp_ucd_diskio_mib Pass ''
2023-12-29 03:16:06,097 T0000: INFO  #### gw7  system/test_snmp.py::test_ft_snmp_ucd_diskio_mib
2023-12-29 03:16:06,097 T0000: INFO  support pre-function-epilog test_ft_snmp_ucd_diskio_mib Pass 'Test case passed'
2023-12-29 03:16:06,101 T0000: INFO  #### gw7  system/test_snmp.py::test_ft_snmp_ucd_diskio_mib
2023-12-29 03:16:06,101 T0000: INFO  support post-function-epilog test_ft_snmp_ucd_diskio_mib Pass 'Test case passed'
2023-12-29 03:16:10,469 T0000: INFO  #### gw7  system/test_snmp.py
2023-12-29 03:16:10,470 T0000: INFO  support pre-function-prolog test_ft_snmp_ucd_la_table  ''
2023-12-29 03:16:10,483 T0000: INFO  #### gw7  system/test_snmp.py::test_ft_snmp_ucd_la_table
2023-12-29 03:16:10,483 T0000: INFO  support post-function-prolog test_ft_snmp_ucd_la_table Pass ''
2023-12-29 03:16:10,518 T0000: INFO  #### gw7  system/test_snmp.py::test_ft_snmp_ucd_la_table
2023-12-29 03:16:10,518 T0000: INFO  support pre-function-epilog test_ft_snmp_ucd_la_table Pass 'Test case passed'
2023-12-29 03:16:10,524 T0000: INFO  #### gw7  system/test_snmp.py::test_ft_snmp_ucd_la_table
2023-12-29 03:16:10,524 T0000: INFO  support post-function-epilog test_ft_snmp_ucd_la_table Pass 'Test case passed'
2023-12-29 03:16:14,854 T0000: INFO  #### gw7  system/test_snmp.py
2023-12-29 03:16:14,854 T0000: INFO  support pre-function-prolog test_ft_snmp_ucd_system_stats  ''
2023-12-29 03:16:14,866 T0000: INFO  #### gw7  system/test_snmp.py::test_ft_snmp_ucd_system_stats
2023-12-29 03:16:14,866 T0000: INFO  support post-function-prolog test_ft_snmp_ucd_system_stats Pass ''
2023-12-29 03:16:14,898 T0000: INFO  #### gw7  system/test_snmp.py::test_ft_snmp_ucd_system_stats
2023-12-29 03:16:14,898 T0000: INFO  support pre-function-epilog test_ft_snmp_ucd_system_stats Pass 'Test case passed'
2023-12-29 03:16:14,903 T0000: INFO  #### gw7  system/test_snmp.py::test_ft_snmp_ucd_system_stats
2023-12-29 03:16:14,904 T0000: INFO  support post-function-epilog test_ft_snmp_ucd_system_stats Pass 'Test case passed'
2023-12-29 03:16:19,268 T0000: INFO  #### gw7  system/test_snmp.py
2023-12-29 03:16:19,269 T0000: INFO  support pre-function-prolog test_ft_snmp_dot1q_tp_fdb_port  ''
2023-12-29 03:16:19,282 T0000: INFO  #### gw7  system/test_snmp.py::test_ft_snmp_dot1q_tp_fdb_port
2023-12-29 03:16:19,282 T0000: INFO  support post-function-prolog test_ft_snmp_dot1q_tp_fdb_port Pass ''
2023-12-29 03:16:20,509 T0000: WARN  #### gw7  system/test_snmp.py::test_ft_snmp_dot1q_tp_fdb_port
2023-12-29 03:16:20,509 T0000: WARN  support pre-function-epilog test_ft_snmp_dot1q_tp_fdb_port Fail 'SNMP output is not found after walk of dot1qTpFdbPort OID'
2023-12-29 03:16:20,887 T0000: WARN  #### gw7  system/test_snmp.py::test_ft_snmp_dot1q_tp_fdb_port
2023-12-29 03:16:20,887 T0000: WARN  support post-function-epilog test_ft_snmp_dot1q_tp_fdb_port ignore 'SNMP output is not found after walk of dot1qTpFdbPort OID'
2023-12-29 03:16:25,319 T0000: INFO  #### gw7  system/test_snmp.py
2023-12-29 03:16:25,319 T0000: INFO  support pre-function-prolog test_ft_snmp_dot1q_tp_fdb_address  ''
2023-12-29 03:16:25,332 T0000: INFO  #### gw7  system/test_snmp.py::test_ft_snmp_dot1q_tp_fdb_address
2023-12-29 03:16:25,332 T0000: INFO  support post-function-prolog test_ft_snmp_dot1q_tp_fdb_address Pass ''
2023-12-29 03:16:25,762 T0000: INFO  #### gw7  system/test_snmp.py::test_ft_snmp_dot1q_tp_fdb_address
2023-12-29 03:16:25,762 T0000: INFO  support pre-function-epilog test_ft_snmp_dot1q_tp_fdb_address Pass 'Test case passed'
2023-12-29 03:16:25,774 T0000: INFO  #### gw7  system/test_snmp.py::test_ft_snmp_dot1q_tp_fdb_address
2023-12-29 03:16:25,774 T0000: INFO  support post-function-epilog test_ft_snmp_dot1q_tp_fdb_address Pass 'Test case passed'
2023-12-29 03:16:30,349 T0000: INFO  #### gw7  system/test_snmp.py
2023-12-29 03:16:30,349 T0000: INFO  support pre-function-prolog test_ft_snmp_coldstart_trap  ''
2023-12-29 03:16:30,362 T0000: INFO  #### gw7  system/test_snmp.py::test_ft_snmp_coldstart_trap
2023-12-29 03:16:30,362 T0000: INFO  support post-function-prolog test_ft_snmp_coldstart_trap Pass ''
2023-12-29 03:16:44,158 T0000: WARN  #### gw7  system/test_snmp.py::test_ft_snmp_coldstart_trap
2023-12-29 03:16:44,158 T0000: WARN  support pre-function-epilog test_ft_snmp_coldstart_trap EnvFail 'Test case Failed Couldn't get the snmptrapd process details from snmp trap server. Please check the snmp trap server process in the server.'
2023-12-29 03:16:44,610 T0000: WARN  #### gw7  system/test_snmp.py::test_ft_snmp_coldstart_trap
2023-12-29 03:16:44,610 T0000: WARN  support post-function-epilog test_ft_snmp_coldstart_trap ignore 'Test case Failed Couldn't get the snmptrapd process details from snmp trap server. Please check the snmp trap server process in the server.'
2023-12-29 03:16:49,013 T0000: INFO  #### gw7  system/test_snmp.py
2023-12-29 03:16:49,014 T0000: INFO  support pre-function-prolog test_ft_snmp_docker_restart  ''
2023-12-29 03:16:49,026 T0000: INFO  #### gw7  system/test_snmp.py::test_ft_snmp_docker_restart
2023-12-29 03:16:49,026 T0000: INFO  support post-function-prolog test_ft_snmp_docker_restart Pass ''
2023-12-29 03:17:01,536 T0000: WARN  #### gw7  system/test_snmp.py::test_ft_snmp_docker_restart
2023-12-29 03:17:01,537 T0000: WARN  support pre-function-epilog test_ft_snmp_docker_restart Fail 'sysname output is not in sync between system and snmp after docker restart'
2023-12-29 03:17:01,913 T0000: WARN  #### gw7  system/test_snmp.py::test_ft_snmp_docker_restart
2023-12-29 03:17:01,913 T0000: WARN  support post-function-epilog test_ft_snmp_docker_restart ignore 'sysname output is not in sync between system and snmp after docker restart'
2023-12-29 03:17:01,946 T0000: WARN  #### gw7  system/test_snmp.py::test_ft_snmp_docker_restart
2023-12-29 03:17:01,946 T0000: WARN  support pre-module-epilog system/test_snmp.py fail ''
2023-12-29 03:17:52,066 T0000: WARN  #### gw7  system/test_snmp.py::test_ft_snmp_docker_restart
2023-12-29 03:17:52,066 T0000: WARN  support post-module-epilog system/test_snmp.py fail ''
2023-12-29 03:19:30,830 T0000: WARN  #### gw7  batch/test_spytest_infra_1.py::test_spytest_infra_last
2023-12-29 03:19:30,830 T0000: WARN  support session-epilog session pass ''
2023-12-29 03:11:22,117 T0000: WARN  #### gw6
2023-12-29 03:11:22,117 T0000: WARN  support post-session-prolog session pass ''
2023-12-29 03:12:08,654 T0000: INFO  #### gw6
2023-12-29 03:12:08,654 T0000: INFO  support pre-module-prolog system/test_ntp.py  ''
2023-12-29 03:12:32,319 T0000: INFO  #### gw6  system/test_ntp.py
2023-12-29 03:12:32,319 T0000: INFO  support post-module-prolog system/test_ntp.py Pass ''
2023-12-29 03:13:03,280 T0000: INFO  #### gw6  system/test_ntp.py
2023-12-29 03:13:03,280 T0000: INFO  support pre-function-prolog test_ft_ntp_disable_enable_with_message_log  ''
2023-12-29 03:13:03,299 T0000: INFO  #### gw6  system/test_ntp.py::test_ft_ntp_disable_enable_with_message_log
2023-12-29 03:13:03,299 T0000: INFO  support post-function-prolog test_ft_ntp_disable_enable_with_message_log Pass ''
2023-12-29 03:18:05,723 T0000: INFO  #### gw6  system/test_ntp.py::test_ft_ntp_disable_enable_with_message_log
2023-12-29 03:18:05,723 T0000: INFO  support pre-function-epilog test_ft_ntp_disable_enable_with_message_log Pass 'Test case passed'
2023-12-29 03:18:05,729 T0000: INFO  #### gw6  system/test_ntp.py::test_ft_ntp_disable_enable_with_message_log
2023-12-29 03:18:05,729 T0000: INFO  support post-function-epilog test_ft_ntp_disable_enable_with_message_log Pass 'Test case passed'
2023-12-29 03:18:10,060 T0000: INFO  #### gw6  system/test_ntp.py
2023-12-29 03:18:10,060 T0000: INFO  support pre-function-prolog test_ntp_exists_config  ''
2023-12-29 03:18:10,072 T0000: INFO  #### gw6  system/test_ntp.py::test_ntp_exists_config
2023-12-29 03:18:10,072 T0000: INFO  support post-function-prolog test_ntp_exists_config Pass ''
2023-12-29 03:18:15,752 T0000: INFO  #### gw6  system/test_ntp.py::test_ntp_exists_config
2023-12-29 03:18:15,752 T0000: INFO  support pre-function-epilog test_ntp_exists_config Pass 'Test case passed'
2023-12-29 03:18:15,756 T0000: INFO  #### gw6  system/test_ntp.py::test_ntp_exists_config
2023-12-29 03:18:15,756 T0000: INFO  support post-function-epilog test_ntp_exists_config Pass 'Test case passed'
2023-12-29 03:18:15,773 T0000: WARN  #### gw6  system/test_ntp.py::test_ntp_exists_config
2023-12-29 03:18:15,773 T0000: WARN  support pre-module-epilog system/test_ntp.py pass ''
2023-12-29 03:18:39,344 T0000: WARN  #### gw6  system/test_ntp.py::test_ntp_exists_config
2023-12-29 03:18:39,344 T0000: WARN  support post-module-epilog system/test_ntp.py pass ''
2023-12-29 03:20:21,625 T0000: WARN  #### gw6  batch/test_spytest_infra_1.py::test_spytest_infra_last
2023-12-29 03:20:21,626 T0000: WARN  support session-epilog session pass ''
2023-12-29 02:46:25,636 T0025: WARN  #### gw2
2023-12-29 02:46:25,637 T0025: WARN  support post-session-prolog session pass ''
2023-12-29 02:46:25,638 T0026: WARN  #### gw2
2023-12-29 02:46:25,639 T0026: WARN  support post-session-prolog session pass ''
2023-12-29 02:47:13,499 T0079: INFO  #### gw2
2023-12-29 02:47:13,499 T0079: INFO  support pre-module-prolog switching/test_vlan.py  ''
2023-12-29 02:47:13,501 T0080: INFO  #### gw2
2023-12-29 02:47:13,501 T0080: INFO  support pre-module-prolog switching/test_vlan.py  ''
2023-12-29 02:47:47,093 T0098: INFO  #### gw2  switching/test_vlan.py
2023-12-29 02:47:47,093 T0098: INFO  support post-module-prolog switching/test_vlan.py Pass ''
2023-12-29 02:47:47,096 T0099: INFO  #### gw2  switching/test_vlan.py
2023-12-29 02:47:47,096 T0099: INFO  support post-module-prolog switching/test_vlan.py Pass ''
2023-12-29 02:48:18,659 T0123: INFO  #### gw2  switching/test_vlan.py
2023-12-29 02:48:18,659 T0123: INFO  support pre-function-prolog test_ft_add_unknownvlan_interface  ''
2023-12-29 02:48:18,663 T0124: INFO  #### gw2  switching/test_vlan.py
2023-12-29 02:48:18,663 T0124: INFO  support pre-function-prolog test_ft_add_unknownvlan_interface  ''
2023-12-29 02:48:18,676 T0125: INFO  #### gw2  switching/test_vlan.py::test_ft_add_unknownvlan_interface
2023-12-29 02:48:18,676 T0125: INFO  support post-function-prolog test_ft_add_unknownvlan_interface Pass ''
2023-12-29 02:48:18,678 T0126: INFO  #### gw2  switching/test_vlan.py::test_ft_add_unknownvlan_interface
2023-12-29 02:48:18,678 T0126: INFO  support post-function-prolog test_ft_add_unknownvlan_interface Pass ''
2023-12-29 02:48:19,756 T0000: WARN  #### gw2 IGNORED ERROR switching/test_vlan.py::test_ft_add_unknownvlan_interface
2023-12-29 02:48:19,756 T0000: WARN  Skipped error checking but detected pattern: containing_error command: sudo -s config vlan member add 1373 Ethernet16 -u
2023-12-29 02:48:21,871 T0127: INFO  #### gw2  switching/test_vlan.py::test_ft_add_unknownvlan_interface
2023-12-29 02:48:21,871 T0127: INFO  support pre-function-epilog test_ft_add_unknownvlan_interface Pass 'Test case passed'
2023-12-29 02:48:21,872 T0128: INFO  #### gw2  switching/test_vlan.py::test_ft_add_unknownvlan_interface
2023-12-29 02:48:21,872 T0128: INFO  support pre-function-epilog test_ft_add_unknownvlan_interface Pass 'Test case passed'
2023-12-29 02:48:21,881 T0129: INFO  #### gw2  switching/test_vlan.py::test_ft_add_unknownvlan_interface
2023-12-29 02:48:21,881 T0129: INFO  support post-function-epilog test_ft_add_unknownvlan_interface Pass 'Test case passed'
2023-12-29 02:48:21,882 T0130: INFO  #### gw2  switching/test_vlan.py::test_ft_add_unknownvlan_interface
2023-12-29 02:48:21,882 T0130: INFO  support post-function-epilog test_ft_add_unknownvlan_interface Pass 'Test case passed'
2023-12-29 02:48:26,661 T0136: INFO  #### gw2  switching/test_vlan.py
2023-12-29 02:48:26,661 T0136: INFO  support pre-function-prolog test_ft_vlan_delete_with_member  ''
2023-12-29 02:48:26,665 T0137: INFO  #### gw2  switching/test_vlan.py
2023-12-29 02:48:26,665 T0137: INFO  support pre-function-prolog test_ft_vlan_delete_with_member  ''
2023-12-29 02:48:26,676 T0138: INFO  #### gw2  switching/test_vlan.py::test_ft_vlan_delete_with_member
2023-12-29 02:48:26,676 T0138: INFO  support post-function-prolog test_ft_vlan_delete_with_member Pass ''
2023-12-29 02:48:26,678 T0139: INFO  #### gw2  switching/test_vlan.py::test_ft_vlan_delete_with_member
2023-12-29 02:48:26,678 T0139: INFO  support post-function-prolog test_ft_vlan_delete_with_member Pass ''
2023-12-29 02:48:29,864 T0000: WARN  #### gw2 IGNORED ERROR switching/test_vlan.py::test_ft_vlan_delete_with_member
2023-12-29 02:48:29,864 T0000: WARN  Skipped error checking but detected pattern: containing_error command: sudo -s config vlan del 1373
2023-12-29 02:48:34,170 T0140: INFO  #### gw2  switching/test_vlan.py::test_ft_vlan_delete_with_member
2023-12-29 02:48:34,170 T0140: INFO  support pre-function-epilog test_ft_vlan_delete_with_member Pass 'Test case passed'
2023-12-29 02:48:34,171 T0141: INFO  #### gw2  switching/test_vlan.py::test_ft_vlan_delete_with_member
2023-12-29 02:48:34,171 T0141: INFO  support pre-function-epilog test_ft_vlan_delete_with_member Pass 'Test case passed'
2023-12-29 02:48:34,179 T0142: INFO  #### gw2  switching/test_vlan.py::test_ft_vlan_delete_with_member
2023-12-29 02:48:34,179 T0142: INFO  support post-function-epilog test_ft_vlan_delete_with_member Pass 'Test case passed'
2023-12-29 02:48:34,181 T0143: INFO  #### gw2  switching/test_vlan.py::test_ft_vlan_delete_with_member
2023-12-29 02:48:34,181 T0143: INFO  support post-function-epilog test_ft_vlan_delete_with_member Pass 'Test case passed'
2023-12-29 02:48:39,014 T0149: INFO  #### gw2  switching/test_vlan.py
2023-12-29 02:48:39,015 T0149: INFO  support pre-function-prolog test_ft_vlan_trunk_tagged  ''
2023-12-29 02:48:39,019 T0150: INFO  #### gw2  switching/test_vlan.py
2023-12-29 02:48:39,019 T0150: INFO  support pre-function-prolog test_ft_vlan_trunk_tagged  ''
2023-12-29 02:48:39,030 T0151: INFO  #### gw2  switching/test_vlan.py::test_ft_vlan_trunk_tagged
2023-12-29 02:48:39,031 T0151: INFO  support post-function-prolog test_ft_vlan_trunk_tagged Pass ''
2023-12-29 02:48:39,032 T0152: INFO  #### gw2  switching/test_vlan.py::test_ft_vlan_trunk_tagged
2023-12-29 02:48:39,032 T0152: INFO  support post-function-prolog test_ft_vlan_trunk_tagged Pass ''
2023-12-29 02:50:00,164 T0153: INFO  #### gw2  switching/test_vlan.py::test_ft_vlan_trunk_tagged
2023-12-29 02:50:00,164 T0153: INFO  support pre-function-epilog test_ft_vlan_trunk_tagged Pass 'Test case passed'
2023-12-29 02:50:00,168 T0154: INFO  #### gw2  switching/test_vlan.py::test_ft_vlan_trunk_tagged
2023-12-29 02:50:00,169 T0154: INFO  support pre-function-epilog test_ft_vlan_trunk_tagged Pass 'Test case passed'
2023-12-29 02:50:00,179 T0155: INFO  #### gw2  switching/test_vlan.py::test_ft_vlan_trunk_tagged
2023-12-29 02:50:00,179 T0155: INFO  support post-function-epilog test_ft_vlan_trunk_tagged Pass 'Test case passed'
2023-12-29 02:50:00,180 T0156: INFO  #### gw2  switching/test_vlan.py::test_ft_vlan_trunk_tagged
2023-12-29 02:50:00,181 T0156: INFO  support post-function-epilog test_ft_vlan_trunk_tagged Pass 'Test case passed'
2023-12-29 02:50:05,017 T0162: INFO  #### gw2  switching/test_vlan.py
2023-12-29 02:50:05,018 T0162: INFO  support pre-function-prolog test_ft_vlan_save_config_warm_and_fast_reboot  ''
2023-12-29 02:50:05,022 T0163: INFO  #### gw2  switching/test_vlan.py
2023-12-29 02:50:05,022 T0163: INFO  support pre-function-prolog test_ft_vlan_save_config_warm_and_fast_reboot  ''
2023-12-29 02:50:05,032 T0164: INFO  #### gw2  switching/test_vlan.py::test_ft_vlan_save_config_warm_and_fast_reboot
2023-12-29 02:50:05,032 T0164: INFO  support post-function-prolog test_ft_vlan_save_config_warm_and_fast_reboot Pass ''
2023-12-29 02:50:05,034 T0165: INFO  #### gw2  switching/test_vlan.py::test_ft_vlan_save_config_warm_and_fast_reboot
2023-12-29 02:50:05,034 T0165: INFO  support post-function-prolog test_ft_vlan_save_config_warm_and_fast_reboot Pass ''
2023-12-29 02:53:00,932 T0000: WARN  #### gw2 IGNORED ERROR switching/test_vlan.py::test_ft_vlan_save_config_warm_and_fast_reboot
2023-12-29 02:53:00,932 T0000: WARN  Skipped error checking but detected pattern: containing_failed command: sudo -s reboot
2023-12-29 02:54:19,381 T0000: WARN  #### gw2 IGNORED ERROR switching/test_vlan.py::test_ft_vlan_save_config_warm_and_fast_reboot
2023-12-29 02:54:19,381 T0000: WARN  Skipped error checking but detected pattern: containing_python_traceback command: sudo -s fast-reboot
2023-12-29 02:55:13,041 T0000: ERROR #### gw2 Exception switching/test_vlan.py::test_ft_vlan_save_config_warm_and_fast_reboot
2023-12-29 02:55:13,041 T0000: ERROR Exception TypeError 'NoneType' object is not subscriptable in file /apis/system/basic.py at line 1389
2023-12-29 02:55:13,041 T0000: ERROR [0] /apis/system/basic.py:1389 is_warm_boot_support return bool(platform.lower() in features_support_data[key])
2023-12-29 02:55:13,041 T0000: ERROR [1] /apis/system/reboot.py:83 warm_reboot if (st.getenv("SPYTEST_UNSUPPORT_TD4_WARM_REBOOT") and basic.is_td4_platform(dut)) or basic.is_warm_boot_support(dut, is_support=False):
2023-12-29 02:55:13,041 T0000: ERROR [2] /tests/switching/test_vlan.py:906 test_ft_vlan_save_config_warm_and_fast_reboot reboot.warm_reboot(vars.D1)
2023-12-29 02:55:13,043 T0166: WARN  #### gw2  switching/test_vlan.py::test_ft_vlan_save_config_warm_and_fast_reboot
2023-12-29 02:55:13,043 T0166: WARN  support post-function-epilog test_ft_vlan_save_config_warm_and_fast_reboot ScriptError 'Exception TypeError 'NoneType' object is not subscriptable in file /apis/system/basic.py at line 1389'
2023-12-29 02:55:13,045 T0167: WARN  #### gw2  switching/test_vlan.py::test_ft_vlan_save_config_warm_and_fast_reboot
2023-12-29 02:55:13,045 T0167: WARN  support post-function-epilog test_ft_vlan_save_config_warm_and_fast_reboot ScriptError 'Exception TypeError 'NoneType' object is not subscriptable in file /apis/system/basic.py at line 1389'
2023-12-29 02:55:13,064 T0000: ERROR #### gw2  switching/test_vlan.py::test_ft_vlan_save_config_warm_and_fast_reboot
2023-12-29 02:55:13,064 T0000: ERROR

==================== REMOTE ALERTS ============================
################################################################################
drop the rate from 2000 to 100
################################################################################
################################################################################
drop the rate from 2000 to 100
################################################################################
################################################################################
drop the rate from 2000 to 100
################################################################################
===============================================================


2023-12-29 02:55:13,088 T0168: WARN  #### gw2  switching/test_vlan.py::test_ft_vlan_save_config_warm_and_fast_reboot
2023-12-29 02:55:13,088 T0168: WARN  support pre-module-epilog switching/test_vlan.py fail ''
2023-12-29 02:55:13,090 T0169: WARN  #### gw2  switching/test_vlan.py::test_ft_vlan_save_config_warm_and_fast_reboot
2023-12-29 02:55:13,090 T0169: WARN  support pre-module-epilog switching/test_vlan.py fail ''
2023-12-29 02:55:38,736 T0186: WARN  #### gw2  switching/test_vlan.py::test_ft_vlan_save_config_warm_and_fast_reboot
2023-12-29 02:55:38,736 T0186: WARN  support post-module-epilog switching/test_vlan.py fail ''
2023-12-29 02:55:38,738 T0187: WARN  #### gw2  switching/test_vlan.py::test_ft_vlan_save_config_warm_and_fast_reboot
2023-12-29 02:55:38,739 T0187: WARN  support post-module-epilog switching/test_vlan.py fail ''
2023-12-29 02:59:49,710 T0249: INFO  #### gw2
2023-12-29 02:59:49,710 T0249: INFO  support pre-module-prolog system/test_lldp.py  ''
2023-12-29 02:59:49,712 T0250: INFO  #### gw2
2023-12-29 02:59:49,712 T0250: INFO  support pre-module-prolog system/test_lldp.py  ''
2023-12-29 03:01:34,554 T0267: WARN  #### gw2  system/test_lldp.py
2023-12-29 03:01:34,555 T0267: WARN  support post-module-epilog system/test_lldp.py fail ''
2023-12-29 03:01:34,557 T0268: WARN  #### gw2  system/test_lldp.py
2023-12-29 03:01:34,557 T0268: WARN  support post-module-epilog system/test_lldp.py fail ''
2023-12-29 03:03:40,186 T0324: INFO  #### gw2
2023-12-29 03:03:40,187 T0324: INFO  support pre-module-prolog system/test_interface.py  ''
2023-12-29 03:03:40,189 T0325: INFO  #### gw2
2023-12-29 03:03:40,189 T0325: INFO  support pre-module-prolog system/test_interface.py  ''
2023-12-29 03:04:21,980 T0342: INFO  #### gw2  system/test_interface.py
2023-12-29 03:04:21,980 T0342: INFO  support post-module-prolog system/test_interface.py Pass ''
2023-12-29 03:04:21,982 T0343: INFO  #### gw2  system/test_interface.py
2023-12-29 03:04:21,983 T0343: INFO  support post-module-prolog system/test_interface.py Pass ''
2023-12-29 03:04:52,956 T0367: INFO  #### gw2  system/test_interface.py
2023-12-29 03:04:52,957 T0367: INFO  support pre-function-prolog test_ft_port_fn_verify_shut_noshut  ''
2023-12-29 03:04:52,960 T0368: INFO  #### gw2  system/test_interface.py
2023-12-29 03:04:52,961 T0368: INFO  support pre-function-prolog test_ft_port_fn_verify_shut_noshut  ''
2023-12-29 03:04:52,972 T0369: INFO  #### gw2  system/test_interface.py::test_ft_port_fn_verify_shut_noshut
2023-12-29 03:04:52,972 T0369: INFO  support post-function-prolog test_ft_port_fn_verify_shut_noshut Pass ''
2023-12-29 03:04:52,974 T0370: INFO  #### gw2  system/test_interface.py::test_ft_port_fn_verify_shut_noshut
2023-12-29 03:04:52,974 T0370: INFO  support post-function-prolog test_ft_port_fn_verify_shut_noshut Pass ''
2023-12-29 03:05:34,093 T0371: WARN  #### gw2  system/test_interface.py::test_ft_port_fn_verify_shut_noshut
2023-12-29 03:05:34,094 T0371: WARN  support pre-function-epilog test_ft_port_fn_verify_shut_noshut DUTFail 'config command 'sudo -s config interface ip remove Ethernet16 11.11.11.11/24' failed'
2023-12-29 03:05:34,095 T0372: WARN  #### gw2  system/test_interface.py::test_ft_port_fn_verify_shut_noshut
2023-12-29 03:05:34,095 T0372: WARN  support pre-function-epilog test_ft_port_fn_verify_shut_noshut DUTFail 'config command 'sudo -s config interface ip remove Ethernet16 11.11.11.11/24' failed'
2023-12-29 03:05:35,022 T0373: WARN  #### gw2  system/test_interface.py::test_ft_port_fn_verify_shut_noshut
2023-12-29 03:05:35,022 T0373: WARN  support post-function-epilog test_ft_port_fn_verify_shut_noshut ignore 'config command 'sudo -s config interface ip remove Ethernet16 11.11.11.11/24' failed'
2023-12-29 03:05:35,024 T0374: WARN  #### gw2  system/test_interface.py::test_ft_port_fn_verify_shut_noshut
2023-12-29 03:05:35,024 T0374: WARN  support post-function-epilog test_ft_port_fn_verify_shut_noshut ignore 'config command 'sudo -s config interface ip remove Ethernet16 11.11.11.11/24' failed'
2023-12-29 03:05:35,063 T0375: WARN  #### gw2  system/test_interface.py::test_ft_port_fn_verify_shut_noshut
2023-12-29 03:05:35,063 T0375: WARN  support pre-module-epilog system/test_interface.py fail ''
2023-12-29 03:05:35,065 T0376: WARN  #### gw2  system/test_interface.py::test_ft_port_fn_verify_shut_noshut
2023-12-29 03:05:35,065 T0376: WARN  support pre-module-epilog system/test_interface.py fail ''
2023-12-29 03:06:03,480 T0395: WARN  #### gw2  system/test_interface.py::test_ft_port_fn_verify_shut_noshut
2023-12-29 03:06:03,480 T0395: WARN  support post-module-epilog system/test_interface.py fail ''
2023-12-29 03:06:03,484 T0396: WARN  #### gw2  system/test_interface.py::test_ft_port_fn_verify_shut_noshut
2023-12-29 03:06:03,485 T0396: WARN  support post-module-epilog system/test_interface.py fail ''
2023-12-29 03:08:43,104 T0441: WARN  #### gw2  batch/test_spytest_infra_1.py::test_spytest_infra_last
2023-12-29 03:08:43,104 T0441: WARN  support session-epilog session pass ''
2023-12-29 03:08:43,106 T0442: WARN  #### gw2  batch/test_spytest_infra_1.py::test_spytest_infra_last
2023-12-29 03:08:43,106 T0442: WARN  support session-epilog session pass ''
2023-12-29 02:46:25,784 T0025: WARN  #### gw3
2023-12-29 02:46:25,785 T0025: WARN  support post-session-prolog session pass ''
2023-12-29 02:46:25,786 T0026: WARN  #### gw3
2023-12-29 02:46:25,786 T0026: WARN  support post-session-prolog session pass ''
2023-12-29 02:47:14,185 T0079: INFO  #### gw3
2023-12-29 02:47:14,185 T0079: INFO  support pre-module-prolog switching/test_portchannel.py  ''
2023-12-29 02:47:14,187 T0080: INFO  #### gw3
2023-12-29 02:47:14,188 T0080: INFO  support pre-module-prolog switching/test_portchannel.py  ''
2023-12-29 02:47:57,049 T0104: INFO  #### gw3  switching/test_portchannel.py
2023-12-29 02:47:57,049 T0104: INFO  support post-module-prolog switching/test_portchannel.py Pass ''
2023-12-29 02:47:57,053 T0105: INFO  #### gw3  switching/test_portchannel.py
2023-12-29 02:47:57,054 T0105: INFO  support post-module-prolog switching/test_portchannel.py Pass ''
2023-12-29 02:48:28,232 T0129: INFO  #### gw3  switching/test_portchannel.py
2023-12-29 02:48:28,233 T0129: INFO  support pre-function-prolog test_ft_portchannel_with_vlan_variations  ''
2023-12-29 02:48:28,236 T0130: INFO  #### gw3  switching/test_portchannel.py
2023-12-29 02:48:28,237 T0130: INFO  support pre-function-prolog test_ft_portchannel_with_vlan_variations  ''
2023-12-29 02:48:32,405 T0133: INFO  #### gw3  switching/test_portchannel.py::test_ft_portchannel_with_vlan_variations
2023-12-29 02:48:32,405 T0133: INFO  support post-function-prolog test_ft_portchannel_with_vlan_variations Pass ''
2023-12-29 02:48:32,408 T0134: INFO  #### gw3  switching/test_portchannel.py::test_ft_portchannel_with_vlan_variations
2023-12-29 02:48:32,408 T0134: INFO  support post-function-prolog test_ft_portchannel_with_vlan_variations Pass ''
2023-12-29 02:50:13,067 T0149: WARN  #### gw3  switching/test_portchannel.py::test_ft_portchannel_with_vlan_variations
2023-12-29 02:50:13,067 T0149: WARN  support pre-function-epilog test_ft_portchannel_with_vlan_variations Fail 'Portchannel PortChannel7 on V4 with member ['Ethernet48', 'Ethernet52'] verification failed'
2023-12-29 02:50:13,070 T0150: WARN  #### gw3  switching/test_portchannel.py::test_ft_portchannel_with_vlan_variations
2023-12-29 02:50:13,071 T0150: WARN  support pre-function-epilog test_ft_portchannel_with_vlan_variations Fail 'Portchannel PortChannel7 on V4 with member ['Ethernet48', 'Ethernet52'] verification failed'
2023-12-29 02:50:15,234 T0153: WARN  #### gw3  switching/test_portchannel.py::test_ft_portchannel_with_vlan_variations
2023-12-29 02:50:15,235 T0153: WARN  support post-function-epilog test_ft_portchannel_with_vlan_variations ignore 'Portchannel PortChannel7 on V4 with member ['Ethernet48', 'Ethernet52'] verification failed'
2023-12-29 02:50:15,238 T0154: WARN  #### gw3  switching/test_portchannel.py::test_ft_portchannel_with_vlan_variations
2023-12-29 02:50:15,238 T0154: WARN  support post-function-epilog test_ft_portchannel_with_vlan_variations ignore 'Portchannel PortChannel7 on V4 with member ['Ethernet48', 'Ethernet52'] verification failed'
2023-12-29 02:50:20,293 T0160: INFO  #### gw3  switching/test_portchannel.py
2023-12-29 02:50:20,293 T0160: INFO  support pre-function-prolog test_ft_verify_min_links_functionality_by_flapping_all_member_ports_007  ''
2023-12-29 02:50:20,298 T0161: INFO  #### gw3  switching/test_portchannel.py
2023-12-29 02:50:20,298 T0161: INFO  support pre-function-prolog test_ft_verify_min_links_functionality_by_flapping_all_member_ports_007  ''
2023-12-29 02:50:53,884 T0164: WARN  #### gw3  switching/test_portchannel.py::test_ft_verify_min_links_functionality_by_flapping_all_member_ports_007
2023-12-29 02:50:53,884 T0164: WARN  support post-function-prolog test_ft_verify_min_links_functionality_by_flapping_all_member_ports_007 Fail 'Invalid error code PortChannel Verification Failed : unknown message identifier 'PortChannel Verification Failed''
2023-12-29 02:50:53,889 T0165: WARN  #### gw3  switching/test_portchannel.py::test_ft_verify_min_links_functionality_by_flapping_all_member_ports_007
2023-12-29 02:50:53,889 T0165: WARN  support post-function-prolog test_ft_verify_min_links_functionality_by_flapping_all_member_ports_007 Fail 'Invalid error code PortChannel Verification Failed : unknown message identifier 'PortChannel Verification Failed''
2023-12-29 02:50:54,298 T0166: WARN  #### gw3  switching/test_portchannel.py::test_ft_verify_min_links_functionality_by_flapping_all_member_ports_007
2023-12-29 02:50:54,298 T0166: WARN  support post-function-epilog test_ft_verify_min_links_functionality_by_flapping_all_member_ports_007 ConfigFail 'pre-test configuration failed Invalid error code PortChannel Verification Failed : unknown message identifier 'PortChannel Verification Failed' @5430'
2023-12-29 02:50:54,299 T0167: WARN  #### gw3  switching/test_portchannel.py::test_ft_verify_min_links_functionality_by_flapping_all_member_ports_007
2023-12-29 02:50:54,300 T0167: WARN  support post-function-epilog test_ft_verify_min_links_functionality_by_flapping_all_member_ports_007 ConfigFail 'pre-test configuration failed Invalid error code PortChannel Verification Failed : unknown message identifier 'PortChannel Verification Failed' @5430'
2023-12-29 02:50:54,338 T0168: WARN  #### gw3  switching/test_portchannel.py::test_ft_verify_min_links_functionality_by_flapping_all_member_ports_007
2023-12-29 02:50:54,338 T0168: WARN  support pre-module-epilog switching/test_portchannel.py fail ''
2023-12-29 02:50:54,340 T0169: WARN  #### gw3  switching/test_portchannel.py::test_ft_verify_min_links_functionality_by_flapping_all_member_ports_007
2023-12-29 02:50:54,341 T0169: WARN  support pre-module-epilog switching/test_portchannel.py fail ''
2023-12-29 02:51:26,074 T0189: ERROR #### gw3 ERROR switching/test_portchannel.py::test_ft_verify_min_links_functionality_by_flapping_all_member_ports_007
2023-12-29 02:51:26,074 T0189: ERROR detected pattern: containing_error executing 'sudo -s config portchannel del PortChannel7'
2023-12-29 02:51:26,174 T0188: ERROR #### gw3 ERROR switching/test_portchannel.py::test_ft_verify_min_links_functionality_by_flapping_all_member_ports_007
2023-12-29 02:51:26,174 T0188: ERROR detected pattern: containing_error executing 'sudo -s config portchannel del PortChannel7'
2023-12-29 02:51:26,179 T0190: WARN  #### gw3  switching/test_portchannel.py::test_ft_verify_min_links_functionality_by_flapping_all_member_ports_007
2023-12-29 02:51:26,179 T0190: WARN  support post-module-epilog switching/test_portchannel.py fail ''
2023-12-29 02:51:26,184 T0191: WARN  #### gw3  switching/test_portchannel.py::test_ft_verify_min_links_functionality_by_flapping_all_member_ports_007
2023-12-29 02:51:26,184 T0191: WARN  support post-module-epilog switching/test_portchannel.py fail ''
2023-12-29 02:53:33,370 T0247: INFO  #### gw3
2023-12-29 02:53:33,370 T0247: INFO  support pre-module-prolog system/test_ssh.py  ''
2023-12-29 02:53:33,372 T0248: INFO  #### gw3
2023-12-29 02:53:33,372 T0248: INFO  support pre-module-prolog system/test_ssh.py  ''
2023-12-29 02:54:10,594 T0275: INFO  #### gw3  system/test_ssh.py
2023-12-29 02:54:10,594 T0275: INFO  support post-module-prolog system/test_ssh.py Pass ''
2023-12-29 02:54:10,600 T0276: INFO  #### gw3  system/test_ssh.py
2023-12-29 02:54:10,601 T0276: INFO  support post-module-prolog system/test_ssh.py Pass ''
2023-12-29 02:54:41,757 T0300: INFO  #### gw3  system/test_ssh.py
2023-12-29 02:54:41,757 T0300: INFO  support pre-function-prolog test_ft_ssh_service_disable  ''
2023-12-29 02:54:41,761 T0301: INFO  #### gw3  system/test_ssh.py
2023-12-29 02:54:41,761 T0301: INFO  support pre-function-prolog test_ft_ssh_service_disable  ''
2023-12-29 02:54:41,773 T0302: INFO  #### gw3  system/test_ssh.py::test_ft_ssh_service_disable
2023-12-29 02:54:41,773 T0302: INFO  support post-function-prolog test_ft_ssh_service_disable Pass ''
2023-12-29 02:54:41,775 T0303: INFO  #### gw3  system/test_ssh.py::test_ft_ssh_service_disable
2023-12-29 02:54:41,775 T0303: INFO  support post-function-prolog test_ft_ssh_service_disable Pass ''
2023-12-29 02:54:44,512 T0304: INFO  #### gw3  system/test_ssh.py::test_ft_ssh_service_disable
2023-12-29 02:54:44,512 T0304: INFO  support pre-function-epilog test_ft_ssh_service_disable Pass 'Test case passed'
2023-12-29 02:54:44,514 T0305: INFO  #### gw3  system/test_ssh.py::test_ft_ssh_service_disable
2023-12-29 02:54:44,514 T0305: INFO  support pre-function-epilog test_ft_ssh_service_disable Pass 'Test case passed'
2023-12-29 02:54:44,524 T0306: INFO  #### gw3  system/test_ssh.py::test_ft_ssh_service_disable
2023-12-29 02:54:44,524 T0306: INFO  support post-function-epilog test_ft_ssh_service_disable Pass 'Test case passed'
2023-12-29 02:54:44,526 T0307: INFO  #### gw3  system/test_ssh.py::test_ft_ssh_service_disable
2023-12-29 02:54:44,526 T0307: INFO  support post-function-epilog test_ft_ssh_service_disable Pass 'Test case passed'
2023-12-29 02:54:49,397 T0313: INFO  #### gw3  system/test_ssh.py
2023-12-29 02:54:49,397 T0313: INFO  support pre-function-prolog test_ft_ssh_add_user_verify  ''
2023-12-29 02:54:49,401 T0314: INFO  #### gw3  system/test_ssh.py
2023-12-29 02:54:49,402 T0314: INFO  support pre-function-prolog test_ft_ssh_add_user_verify  ''
2023-12-29 02:54:49,415 T0315: INFO  #### gw3  system/test_ssh.py::test_ft_ssh_add_user_verify
2023-12-29 02:54:49,415 T0315: INFO  support post-function-prolog test_ft_ssh_add_user_verify Pass ''
2023-12-29 02:54:49,417 T0316: INFO  #### gw3  system/test_ssh.py::test_ft_ssh_add_user_verify
2023-12-29 02:54:49,418 T0316: INFO  support post-function-prolog test_ft_ssh_add_user_verify Pass ''
2023-12-29 02:59:52,386 T0000: WARN  #### gw3 IGNORED ERROR system/test_ssh.py::test_ft_ssh_add_user_verify
2023-12-29 02:59:52,386 T0000: WARN  Skipped error checking but detected pattern: containing_python_traceback command: sudo -s fast-reboot
2023-12-29 03:01:54,052 T0323: INFO  #### gw3  system/test_ssh.py::test_ft_ssh_add_user_verify
2023-12-29 03:01:54,052 T0323: INFO  support testcase test_ft_controlplane_acl_service_sshv4 Pass 'SSH failed'
2023-12-29 03:01:54,054 T0324: INFO  #### gw3  system/test_ssh.py::test_ft_ssh_add_user_verify
2023-12-29 03:01:54,054 T0324: INFO  support testcase test_ft_controlplane_acl_service_sshv4 Pass 'SSH failed'
2023-12-29 03:01:54,061 T0325: INFO  #### gw3  system/test_ssh.py::test_ft_ssh_add_user_verify
2023-12-29 03:01:54,061 T0325: INFO  support testcase test_ft_controlplane_acl_service_sshv6 Pass 'SSH failed'
2023-12-29 03:01:54,063 T0326: INFO  #### gw3  system/test_ssh.py::test_ft_ssh_add_user_verify
2023-12-29 03:01:54,063 T0326: INFO  support testcase test_ft_controlplane_acl_service_sshv6 Pass 'SSH failed'
2023-12-29 03:01:54,070 T0327: WARN  #### gw3  system/test_ssh.py::test_ft_ssh_add_user_verify
2023-12-29 03:01:54,070 T0327: WARN  support testcase test_ft_controlplane_acl_service_snmp Fail 'SNMP output is not found after walk of with control plane ACL service SNMP after reboot OID'
2023-12-29 03:01:54,071 T0328: WARN  #### gw3  system/test_ssh.py::test_ft_ssh_add_user_verify
2023-12-29 03:01:54,072 T0328: WARN  support testcase test_ft_controlplane_acl_service_snmp Fail 'SNMP output is not found after walk of with control plane ACL service SNMP after reboot OID'
2023-12-29 03:03:57,680 T0333: WARN  #### gw3  system/test_ssh.py::test_ft_ssh_add_user_verify
2023-12-29 03:03:57,681 T0333: WARN  support pre-function-epilog test_ft_ssh_add_user_verify Fail 'Test case Failed.'
2023-12-29 03:03:57,683 T0334: WARN  #### gw3  system/test_ssh.py::test_ft_ssh_add_user_verify
2023-12-29 03:03:57,683 T0334: WARN  support pre-function-epilog test_ft_ssh_add_user_verify Fail 'Test case Failed.'
2023-12-29 03:03:58,087 T0335: WARN  #### gw3  system/test_ssh.py::test_ft_ssh_add_user_verify
2023-12-29 03:03:58,087 T0335: WARN  support post-function-epilog test_ft_ssh_add_user_verify ignore 'Test case Failed.'
2023-12-29 03:03:58,089 T0336: WARN  #### gw3  system/test_ssh.py::test_ft_ssh_add_user_verify
2023-12-29 03:03:58,089 T0336: WARN  support post-function-epilog test_ft_ssh_add_user_verify ignore 'Test case Failed.'
2023-12-29 03:04:03,029 T0342: INFO  #### gw3  system/test_ssh.py
2023-12-29 03:04:03,029 T0342: INFO  support pre-function-prolog test_ft_verify_logs_at_the_time_of_ssh_login_success  ''
2023-12-29 03:04:03,034 T0343: INFO  #### gw3  system/test_ssh.py
2023-12-29 03:04:03,034 T0343: INFO  support pre-function-prolog test_ft_verify_logs_at_the_time_of_ssh_login_success  ''
2023-12-29 03:04:03,047 T0344: INFO  #### gw3  system/test_ssh.py::test_ft_verify_logs_at_the_time_of_ssh_login_success
2023-12-29 03:04:03,048 T0344: INFO  support post-function-prolog test_ft_verify_logs_at_the_time_of_ssh_login_success Pass ''
2023-12-29 03:04:03,049 T0345: INFO  #### gw3  system/test_ssh.py::test_ft_verify_logs_at_the_time_of_ssh_login_success
2023-12-29 03:04:03,050 T0345: INFO  support post-function-prolog test_ft_verify_logs_at_the_time_of_ssh_login_success Pass ''
2023-12-29 03:04:18,665 T0000: WARN  #### gw3 IGNORED ERROR system/test_ssh.py::test_ft_verify_logs_at_the_time_of_ssh_login_success
2023-12-29 03:04:18,665 T0000: WARN  Skipped error checking but detected pattern: containing_failed command: sudo cat /var/log/auth.log
2023-12-29 03:04:18,702 T0348: INFO  #### gw3  system/test_ssh.py::test_ft_verify_logs_at_the_time_of_ssh_login_success
2023-12-29 03:04:18,703 T0348: INFO  support pre-function-epilog test_ft_verify_logs_at_the_time_of_ssh_login_success Pass 'Test case passed'
2023-12-29 03:04:18,705 T0349: INFO  #### gw3  system/test_ssh.py::test_ft_verify_logs_at_the_time_of_ssh_login_success
2023-12-29 03:04:18,705 T0349: INFO  support pre-function-epilog test_ft_verify_logs_at_the_time_of_ssh_login_success Pass 'Test case passed'
2023-12-29 03:04:18,718 T0350: INFO  #### gw3  system/test_ssh.py::test_ft_verify_logs_at_the_time_of_ssh_login_success
2023-12-29 03:04:18,718 T0350: INFO  support post-function-epilog test_ft_verify_logs_at_the_time_of_ssh_login_success Pass 'Test case passed'
2023-12-29 03:04:18,720 T0351: INFO  #### gw3  system/test_ssh.py::test_ft_verify_logs_at_the_time_of_ssh_login_success
2023-12-29 03:04:18,720 T0351: INFO  support post-function-epilog test_ft_verify_logs_at_the_time_of_ssh_login_success Pass 'Test case passed'
2023-12-29 03:04:18,750 T0352: WARN  #### gw3  system/test_ssh.py::test_ft_verify_logs_at_the_time_of_ssh_login_success
2023-12-29 03:04:18,750 T0352: WARN  support pre-module-epilog system/test_ssh.py fail ''
2023-12-29 03:04:18,752 T0353: WARN  #### gw3  system/test_ssh.py::test_ft_verify_logs_at_the_time_of_ssh_login_success
2023-12-29 03:04:18,752 T0353: WARN  support pre-module-epilog system/test_ssh.py fail ''
2023-12-29 03:05:09,576 T0378: WARN  #### gw3  system/test_ssh.py::test_ft_verify_logs_at_the_time_of_ssh_login_success
2023-12-29 03:05:09,577 T0378: WARN  support post-module-epilog system/test_ssh.py fail ''
2023-12-29 03:05:09,579 T0379: WARN  #### gw3  system/test_ssh.py::test_ft_verify_logs_at_the_time_of_ssh_login_success
2023-12-29 03:05:09,579 T0379: WARN  support post-module-epilog system/test_ssh.py fail ''
2023-12-29 03:06:45,819 T0424: WARN  #### gw3  batch/test_spytest_infra_1.py::test_spytest_infra_last
2023-12-29 03:06:45,820 T0424: WARN  support session-epilog session pass ''
2023-12-29 03:06:45,821 T0425: WARN  #### gw3  batch/test_spytest_infra_1.py::test_spytest_infra_last
2023-12-29 03:06:45,821 T0425: WARN  support session-epilog session pass ''