2023-12-25 22:31:55.974039 = START
2023-12-25 22:31:57.116578 = device connections start
2023-12-25 22:32:49.470557 = device connections finish
2023-12-25 22:32:49.475430 = session init start
2023-12-25 22:36:14.210547 = report file generation start
2023-12-25 22:36:14.304993 = report file generation end
2023-12-25 22:36:38.158404 = session init end
2023-12-25 22:36:38.162594 = Framework Module Hook Start
2023-12-25 22:36:39.835329 = module test_spytest_infra_1.py init start
2023-12-25 22:36:44.219457 = module test_spytest_infra_1.py init end
2023-12-25 22:36:44.219738 = Framework Module Hook end
2023-12-25 22:36:44.220063 = Framework Function Hook Start
2023-12-25 22:36:48.528221 = function batch/test_spytest_infra_1.py::test_spytest_infra_first init start
2023-12-25 22:36:54.645768 = function batch/test_spytest_infra_1.py::test_spytest_infra_first init end
2023-12-25 22:36:54.646470 = Framework Function Hook end
2023-12-25 22:36:54.648709 = Module Config Time (2023-12-25 22:36:38.162726 - 2023-12-25 22:36:44.220144) Published
2023-12-25 22:36:54.650558 = function batch/test_spytest_infra_1.py::test_spytest_infra_first clean start
2023-12-25 22:36:54.687264 = Test Time (2023-12-25 22:36:48.528501 - 2023-12-25 22:36:54.687252) Published
2023-12-25 22:36:54.693184 = function batch/test_spytest_infra_1.py::test_spytest_infra_first clean end
2023-12-25 22:36:54.693543 = Framework Function Hook Finalize
2023-12-25 22:36:54.888347 = Framework Function Hook Start
2023-12-25 22:36:54.889563 = function batch/test_spytest_infra_1.py::test_spytest_infra_second init start
2023-12-25 22:37:01.210473 = function batch/test_spytest_infra_1.py::test_spytest_infra_second init end
2023-12-25 22:37:01.211985 = Framework Function Hook end
2023-12-25 22:37:01.217326 = function batch/test_spytest_infra_1.py::test_spytest_infra_second clean start
2023-12-25 22:37:01.245667 = Test Time (2023-12-25 22:36:54.889741 - 2023-12-25 22:37:01.245660) Published
2023-12-25 22:37:01.250545 = function batch/test_spytest_infra_1.py::test_spytest_infra_second clean end
2023-12-25 22:37:01.250798 = Framework Function Hook Finalize
2023-12-25 22:37:01.250946 = module test_spytest_infra_1.py clean start
2023-12-25 22:37:03.760366 = report file generation start
2023-12-25 22:37:04.343837 = report file generation end
2023-12-25 22:37:04.354171 = module test_spytest_infra_1.py clean end
2023-12-25 22:37:04.354665 = Framework Module Hook Finalize
2023-12-25 22:37:04.358638 = Framework Module Hook Start
2023-12-25 22:37:06.020076 = module test_bgp_4node.py init start
2023-12-25 22:37:34.467403 = module test_bgp_4node.py init end
2023-12-25 22:37:34.468023 = Framework Module Hook end
2023-12-25 22:37:34.468606 = User Module routing/BGP/test_bgp_4node.py Hook Start
2023-12-25 22:37:58.827059 = User Module routing/BGP/test_bgp_4node.py Hook end
2023-12-25 22:37:58.827279 = User Class routing/BGP/test_bgp_4node.py Hook Start
2023-12-25 22:38:46.893881 = User Class routing/BGP/test_bgp_4node.py Hook end
2023-12-25 22:38:46.894735 = Framework Function Hook Start
2023-12-25 22:39:16.559707 = function routing/BGP/test_bgp_4node.py::TestBGPConfed::test_ipv6_confed_route_distribution init start
2023-12-25 22:39:22.743700 = function routing/BGP/test_bgp_4node.py::TestBGPConfed::test_ipv6_confed_route_distribution init end
2023-12-25 22:39:22.744310 = Framework Function Hook end
2023-12-25 22:39:22.746496 = Module Config Time (2023-12-25 22:37:04.358730 - 2023-12-25 22:38:46.894874) Published
2023-12-25 22:39:38.329358 = function routing/BGP/test_bgp_4node.py::TestBGPConfed::test_ipv6_confed_route_distribution clean start
2023-12-25 22:39:38.393544 = Test Time (2023-12-25 22:39:16.559995 - 2023-12-25 22:39:38.393535) Published
2023-12-25 22:39:38.398501 = function routing/BGP/test_bgp_4node.py::TestBGPConfed::test_ipv6_confed_route_distribution clean end
2023-12-25 22:39:38.398793 = Framework Function Hook Finalize
2023-12-25 22:39:38.399939 = Framework Function Hook Start
2023-12-25 22:39:38.400332 = function routing/BGP/test_bgp_4node.py::TestBGPConfed::test_ipv6_confed_with_rr init start
2023-12-25 22:39:45.894167 = function routing/BGP/test_bgp_4node.py::TestBGPConfed::test_ipv6_confed_with_rr init end
2023-12-25 22:39:45.894588 = Framework Function Hook end
2023-12-25 22:40:25.644956 = function routing/BGP/test_bgp_4node.py::TestBGPConfed::test_ipv6_confed_with_rr clean start
2023-12-25 22:40:25.709310 = Test Time (2023-12-25 22:39:38.400400 - 2023-12-25 22:40:25.709301) Published
2023-12-25 22:40:25.714208 = function routing/BGP/test_bgp_4node.py::TestBGPConfed::test_ipv6_confed_with_rr clean end
2023-12-25 22:40:25.714530 = Framework Function Hook Finalize
2023-12-25 22:40:25.715470 = Framework Function Hook Start
2023-12-25 22:40:25.715869 = function routing/BGP/test_bgp_4node.py::TestBGPConfed::test_confed_route_distribution_with_rmap init start
2023-12-25 22:40:33.235771 = function routing/BGP/test_bgp_4node.py::TestBGPConfed::test_confed_route_distribution_with_rmap init end
2023-12-25 22:40:33.236273 = Framework Function Hook end
2023-12-25 22:41:04.028041 = function routing/BGP/test_bgp_4node.py::TestBGPConfed::test_confed_route_distribution_with_rmap clean start
2023-12-25 22:41:04.086394 = Test Time (2023-12-25 22:40:25.715929 - 2023-12-25 22:41:04.086383) Published
2023-12-25 22:41:04.092130 = function routing/BGP/test_bgp_4node.py::TestBGPConfed::test_confed_route_distribution_with_rmap clean end
2023-12-25 22:41:04.092515 = Framework Function Hook Finalize
2023-12-25 22:41:10.077115 = User Class routing/BGP/test_bgp_4node.py Hook Finalize
2023-12-25 22:41:10.095300 = User Class routing/BGP/test_bgp_4node.py Hook Finalize
2023-12-25 22:41:10.112257 = User Class routing/BGP/test_bgp_4node.py Hook Finalize
2023-12-25 22:41:10.113577 = Framework Function Hook Start
2023-12-25 22:41:10.114118 = function routing/BGP/test_bgp_4node.py::test_ft_bgp_ibgp_RR_Loop init start
2023-12-25 22:41:17.421784 = function routing/BGP/test_bgp_4node.py::test_ft_bgp_ibgp_RR_Loop init end
2023-12-25 22:41:17.422435 = Framework Function Hook end
2023-12-25 22:41:17.422953 = User Function routing/BGP/test_bgp_4node.py::test_ft_bgp_ibgp_RR_Loop Hook Start
2023-12-25 22:41:17.440639 = User Function routing/BGP/test_bgp_4node.py::test_ft_bgp_ibgp_RR_Loop Hook end
2023-12-25 22:41:47.455869 = User Function routing/BGP/test_bgp_4node.py::test_ft_bgp_ibgp_RR_Loop Hook Finalize
2023-12-25 22:41:47.456155 = function routing/BGP/test_bgp_4node.py::test_ft_bgp_ibgp_RR_Loop clean start
2023-12-25 22:41:47.523887 = Test Time (2023-12-25 22:41:10.114184 - 2023-12-25 22:41:47.523879) Published
2023-12-25 22:41:47.529023 = function routing/BGP/test_bgp_4node.py::test_ft_bgp_ibgp_RR_Loop clean end
2023-12-25 22:41:47.529341 = Framework Function Hook Finalize
2023-12-25 22:41:47.530276 = Framework Function Hook Start
2023-12-25 22:41:47.530674 = function routing/BGP/test_bgp_4node.py::test_ft_bgp_ebgp_community_map init start
2023-12-25 22:41:54.760217 = function routing/BGP/test_bgp_4node.py::test_ft_bgp_ebgp_community_map init end
2023-12-25 22:41:54.761387 = Framework Function Hook end
2023-12-25 22:41:54.762759 = User Function routing/BGP/test_bgp_4node.py::test_ft_bgp_ebgp_community_map Hook Start
2023-12-25 22:41:54.782878 = User Function routing/BGP/test_bgp_4node.py::test_ft_bgp_ebgp_community_map Hook end
2023-12-25 22:46:05.545531 = User Function routing/BGP/test_bgp_4node.py::test_ft_bgp_ebgp_community_map Hook Finalize
2023-12-25 22:46:05.545734 = function routing/BGP/test_bgp_4node.py::test_ft_bgp_ebgp_community_map clean start
2023-12-25 22:46:05.597513 = Test Time (2023-12-25 22:41:47.530734 - 2023-12-25 22:46:05.597505) Published
2023-12-25 22:46:05.602792 = function routing/BGP/test_bgp_4node.py::test_ft_bgp_ebgp_community_map clean end
2023-12-25 22:46:05.603090 = Framework Function Hook Finalize
2023-12-25 22:46:39.425884 = User Module routing/BGP/test_bgp_4node.py Hook Finalize
2023-12-25 22:46:39.426360 = module test_bgp_4node.py clean start
2023-12-25 22:47:05.958479 = report file generation start
2023-12-25 22:47:06.053764 = report file generation end
2023-12-25 22:47:06.058981 = module test_bgp_4node.py clean end
2023-12-25 22:47:06.060143 = Framework Module Hook Finalize
2023-12-25 22:47:06.144350 = Framework Module Hook Start
2023-12-25 22:47:07.819140 = module test_spytest_infra_1.py init start
2023-12-25 22:48:25.668032 = module test_spytest_infra_1.py init end
2023-12-25 22:48:25.668378 = Framework Module Hook end
2023-12-25 22:48:25.668757 = Framework Function Hook Start
2023-12-25 22:48:29.970183 = function batch/test_spytest_infra_1.py::test_spytest_infra_last init start
2023-12-25 22:48:36.082095 = function batch/test_spytest_infra_1.py::test_spytest_infra_last init end
2023-12-25 22:48:36.083110 = Framework Function Hook end
2023-12-25 22:48:36.084448 = Module Config Time (2023-12-25 22:47:06.144521 - 2023-12-25 22:48:25.668850) Published
2023-12-25 22:48:36.086903 = function batch/test_spytest_infra_1.py::test_spytest_infra_last clean start
2023-12-25 22:48:36.116372 = Test Time (2023-12-25 22:48:29.970515 - 2023-12-25 22:48:36.116365) Published
2023-12-25 22:48:36.121305 = function batch/test_spytest_infra_1.py::test_spytest_infra_last clean end
2023-12-25 22:48:36.121574 = Framework Function Hook Finalize
2023-12-25 22:48:36.121716 = module test_spytest_infra_1.py clean start
2023-12-25 22:48:38.560121 = report file generation start
2023-12-25 22:48:38.650385 = report file generation end
2023-12-25 22:48:38.655104 = module test_spytest_infra_1.py clean end
2023-12-25 22:48:38.655437 = Framework Module Hook Finalize
2023-12-25 22:48:38.655829 = session clean start
2023-12-25 22:48:38.691634 = report file generation start
2023-12-25 22:48:38.778825 = report file generation end
2023-12-25 22:48:39.473792 = session clean end
