2023-12-31 00:37:07,359 T0000: WARN  #### gw7  
2023-12-31 00:37:07,359 T0000: WARN  support post-session-prolog session pass ''
2023-12-31 00:37:57,452 T0000: INFO  #### gw7  
2023-12-31 00:37:57,452 T0000: INFO  support pre-module-prolog qos/test_qos_save_reboot.py  ''
2023-12-31 00:40:54,511 T0000: INFO  #### gw7  qos/test_qos_save_reboot.py
2023-12-31 00:40:54,511 T0000: INFO  support post-module-prolog qos/test_qos_save_reboot.py Pass ''
2023-12-31 00:41:27,737 T0000: INFO  #### gw7  qos/test_qos_save_reboot.py
2023-12-31 00:41:27,738 T0000: INFO  support pre-function-prolog test_ft_qos_config_mgmt_verifying_config_with_save_reboot  ''
2023-12-31 00:41:27,749 T0000: INFO  #### gw7  qos/test_qos_save_reboot.py::test_ft_qos_config_mgmt_verifying_config_with_save_reboot
2023-12-31 00:41:27,749 T0000: INFO  support post-function-prolog test_ft_qos_config_mgmt_verifying_config_with_save_reboot Pass ''
2023-12-31 00:49:09,955 T0000: INFO  #### gw7  qos/test_qos_save_reboot.py::test_ft_qos_config_mgmt_verifying_config_with_save_reboot
2023-12-31 00:49:09,955 T0000: INFO  support pre-function-epilog test_ft_qos_config_mgmt_verifying_config_with_save_reboot Pass 'Test case passed'
2023-12-31 00:49:09,960 T0000: INFO  #### gw7  qos/test_qos_save_reboot.py::test_ft_qos_config_mgmt_verifying_config_with_save_reboot
2023-12-31 00:49:09,960 T0000: INFO  support post-function-epilog test_ft_qos_config_mgmt_verifying_config_with_save_reboot Pass 'Test case passed'
2023-12-31 00:49:09,980 T0000: WARN  #### gw7  qos/test_qos_save_reboot.py::test_ft_qos_config_mgmt_verifying_config_with_save_reboot
2023-12-31 00:49:09,980 T0000: WARN  support pre-module-epilog qos/test_qos_save_reboot.py pass ''
2023-12-31 00:49:36,713 T0000: WARN  #### gw7  qos/test_qos_save_reboot.py::test_ft_qos_config_mgmt_verifying_config_with_save_reboot
2023-12-31 00:49:36,713 T0000: WARN  support post-module-epilog qos/test_qos_save_reboot.py pass ''
2023-12-31 00:51:33,253 T0000: WARN  #### gw7  batch/test_spytest_infra_1.py::test_spytest_infra_last
2023-12-31 00:51:33,253 T0000: WARN  support session-epilog session pass ''
