2024-01-06 01:26:44,835 T0000: WARN  #### gw4  
2024-01-06 01:26:44,835 T0000: WARN  support post-session-prolog session pass ''
2024-01-06 01:27:35,005 T0000: INFO  #### gw4  
2024-01-06 01:27:35,005 T0000: INFO  support pre-module-prolog system/test_snapshot.py  ''
2024-01-06 01:28:25,136 T0000: INFO  #### gw4  system/test_snapshot.py
2024-01-06 01:28:25,136 T0000: INFO  support post-module-prolog system/test_snapshot.py Pass ''
2024-01-06 01:28:58,418 T0000: INFO  #### gw4  system/test_snapshot.py
2024-01-06 01:28:58,418 T0000: INFO  support pre-function-prolog test_ft_watermark_telemetry_interval  ''
2024-01-06 01:28:58,430 T0000: INFO  #### gw4  system/test_snapshot.py::test_ft_watermark_telemetry_interval
2024-01-06 01:28:58,431 T0000: INFO  support post-function-prolog test_ft_watermark_telemetry_interval Pass ''
2024-01-06 01:29:09,139 T0000: WARN  #### gw4  system/test_snapshot.py::test_ft_watermark_telemetry_interval
2024-01-06 01:29:09,139 T0000: WARN  support testcase ft_sf_snapshot_tam_Error_Logs Fail 'Error logs are getting generated on the device'
2024-01-06 01:29:09,156 T0000: INFO  #### gw4  system/test_snapshot.py::test_ft_watermark_telemetry_interval
2024-01-06 01:29:09,156 T0000: INFO  support pre-function-epilog test_ft_watermark_telemetry_interval Pass 'verification of configured telemetry interval and reset to default interval is successful'
2024-01-06 01:29:09,159 T0000: INFO  #### gw4  system/test_snapshot.py::test_ft_watermark_telemetry_interval
2024-01-06 01:29:09,159 T0000: INFO  support post-function-epilog test_ft_watermark_telemetry_interval Pass 'verification of configured telemetry interval and reset to default interval is successful'
2024-01-06 01:29:09,179 T0000: WARN  #### gw4  system/test_snapshot.py::test_ft_watermark_telemetry_interval
2024-01-06 01:29:09,179 T0000: WARN  support pre-module-epilog system/test_snapshot.py pass ''
2024-01-06 01:29:42,776 T0000: WARN  #### gw4  system/test_snapshot.py::test_ft_watermark_telemetry_interval
2024-01-06 01:29:42,777 T0000: WARN  support post-module-epilog system/test_snapshot.py pass ''
2024-01-06 01:34:14,203 T0000: INFO  #### gw4  
2024-01-06 01:34:14,203 T0000: INFO  support pre-module-prolog system/test_ntp.py  ''
2024-01-06 01:34:37,628 T0000: INFO  #### gw4  system/test_ntp.py
2024-01-06 01:34:37,628 T0000: INFO  support post-module-prolog system/test_ntp.py Pass ''
2024-01-06 01:35:10,844 T0000: INFO  #### gw4  system/test_ntp.py
2024-01-06 01:35:10,844 T0000: INFO  support pre-function-prolog test_ft_ntp_disable_enable_with_message_log  ''
2024-01-06 01:35:10,861 T0000: INFO  #### gw4  system/test_ntp.py::test_ft_ntp_disable_enable_with_message_log
2024-01-06 01:35:10,861 T0000: INFO  support post-function-prolog test_ft_ntp_disable_enable_with_message_log Pass ''
2024-01-06 01:40:04,929 T0000: ERROR #### gw4 Exception system/test_ntp.py::test_ft_ntp_disable_enable_with_message_log
2024-01-06 01:40:04,929 T0000: ERROR Exception IndexError list index out of range in file /apis/system/ntp.py at line 347
2024-01-06 01:40:04,929 T0000: ERROR [0] /apis/system/ntp.py:347 show_clock return output[0]
2024-01-06 01:40:04,929 T0000: ERROR [1] /tests/system/test_ntp.py:103 test_ft_ntp_disable_enable_with_message_log ntp_obj.show_clock(vars.D1)
2024-01-06 01:40:04,930 T0000: WARN  #### gw4  system/test_ntp.py::test_ft_ntp_disable_enable_with_message_log
2024-01-06 01:40:04,930 T0000: WARN  support post-function-epilog test_ft_ntp_disable_enable_with_message_log ScriptError 'Exception IndexError list index out of range in file /apis/system/ntp.py at line 347'
2024-01-06 01:40:09,739 T0000: INFO  #### gw4  system/test_ntp.py
2024-01-06 01:40:09,739 T0000: INFO  support pre-function-prolog test_ntp_exists_config  ''
2024-01-06 01:40:09,754 T0000: INFO  #### gw4  system/test_ntp.py::test_ntp_exists_config
2024-01-06 01:40:09,754 T0000: INFO  support post-function-prolog test_ntp_exists_config Pass ''
2024-01-06 01:40:18,459 T0000: INFO  #### gw4  system/test_ntp.py::test_ntp_exists_config
2024-01-06 01:40:18,459 T0000: INFO  support pre-function-epilog test_ntp_exists_config Pass 'Test case passed'
2024-01-06 01:40:18,462 T0000: INFO  #### gw4  system/test_ntp.py::test_ntp_exists_config
2024-01-06 01:40:18,462 T0000: INFO  support post-function-epilog test_ntp_exists_config Pass 'Test case passed'
2024-01-06 01:40:18,480 T0000: WARN  #### gw4  system/test_ntp.py::test_ntp_exists_config
2024-01-06 01:40:18,480 T0000: WARN  support pre-module-epilog system/test_ntp.py fail ''
2024-01-06 01:40:47,501 T0000: WARN  #### gw4  system/test_ntp.py::test_ntp_exists_config
2024-01-06 01:40:47,501 T0000: WARN  support post-module-epilog system/test_ntp.py fail ''
2024-01-06 01:42:43,296 T0000: WARN  #### gw4  batch/test_spytest_infra_1.py::test_spytest_infra_last
2024-01-06 01:42:43,296 T0000: WARN  support session-epilog session pass ''
