2023-12-28 02:36:19,004 T0006: [D2-V2] ['export TMOUT=0', 'stty cols 5000', 'uptime']
2023-12-28 02:36:19,010 T0005: [D1-V1] ['export TMOUT=0', 'stty cols 5000', 'uptime']
2023-12-28 02:36:19,674 T0006: [D2-V2] cat /proc/uptime
2023-12-28 02:36:19,682 T0005: [D1-V1] cat /proc/uptime
2023-12-28 02:36:20,339 T0006: [D2-V2] sudo vtysh -c 'show running-config | include hostname'
2023-12-28 02:36:20,348 T0005: [D1-V1] sudo vtysh -c 'show running-config | include hostname'
2023-12-28 02:36:22,995 T0005: [D1-V1] /sbin/ip link set dev eth0 up
2023-12-28 02:36:23,032 T0006: [D2-V2] /sbin/ip link set dev eth0 up
2023-12-28 02:36:23,667 T0005: [D1-V1] /sbin/ip route list dev eth0
2023-12-28 02:36:23,695 T0006: [D2-V2] /sbin/ip route list dev eth0
2023-12-28 02:36:39,547 T0006: [D2-V2] /sbin/ip link set dev eth0 up
2023-12-28 02:36:39,549 T0005: [D1-V1] /sbin/ip link set dev eth0 up
2023-12-28 02:36:40,223 T0006: [D2-V2] /sbin/ip route list dev eth0
2023-12-28 02:36:40,231 T0005: [D1-V1] /sbin/ip route list dev eth0
2023-12-28 02:36:40,916 T0005: [D1-V1] ['export TMOUT=0', 'stty cols 5000', 'uptime']
2023-12-28 02:36:40,918 T0006: [D2-V2] ['export TMOUT=0', 'stty cols 5000', 'uptime']
2023-12-28 02:36:43,078 T0006: [D2-V2] /sbin/ip link set dev eth0 up
2023-12-28 02:36:43,079 T0005: [D1-V1] /sbin/ip link set dev eth0 up
2023-12-28 02:36:43,757 T0005: [D1-V1] /sbin/ip route list dev eth0
2023-12-28 02:36:43,765 T0006: [D2-V2] /sbin/ip route list dev eth0
2023-12-28 02:36:45,129 T0005: [D1-V1] show version
2023-12-28 02:36:45,133 T0006: [D2-V2] show version
2023-12-28 02:36:47,209 T0005: [D1-V1] /sbin/ip link set dev eth0 up
2023-12-28 02:36:47,209 T0006: [D2-V2] /sbin/ip link set dev eth0 up
2023-12-28 02:36:47,886 T0005: [D1-V1] /sbin/ip route list dev eth0
2023-12-28 02:36:47,893 T0006: [D2-V2] /sbin/ip route list dev eth0
2023-12-28 02:36:50,058 T0005: [D1-V1] /sbin/ip link set dev eth0 up
2023-12-28 02:36:50,063 T0006: [D2-V2] /sbin/ip link set dev eth0 up
2023-12-28 02:36:50,733 T0005: [D1-V1] /sbin/ip route list dev eth0
2023-12-28 02:36:50,741 T0006: [D2-V2] /sbin/ip route list dev eth0
2023-12-28 02:40:07,351 T0017: [D1-V1] sudo show interfaces status
2023-12-28 02:40:07,356 T0018: [D2-V2] sudo show interfaces status
2023-12-28 02:40:09,135 T0017: [D1-V1] config interface startup Ethernet0
2023-12-28 02:40:09,137 T0018: [D2-V2] config interface startup Ethernet16
2023-12-28 02:40:10,208 T0018: [D2-V2] config interface startup Ethernet20
2023-12-28 02:40:10,215 T0017: [D1-V1] config interface startup Ethernet4
2023-12-28 02:40:11,277 T0018: [D2-V2] config interface startup Ethernet24
2023-12-28 02:40:11,284 T0017: [D1-V1] config interface startup Ethernet8
2023-12-28 02:40:12,346 T0018: [D2-V2] config interface startup Ethernet28
2023-12-28 02:40:12,354 T0017: [D1-V1] config interface startup Ethernet12
2023-12-28 02:40:13,414 T0018: [D2-V2] config interface startup Ethernet32
2023-12-28 02:40:13,420 T0017: [D1-V1] config interface startup Ethernet16
2023-12-28 02:40:14,485 T0018: [D2-V2] config interface startup Ethernet36
2023-12-28 02:40:14,539 T0017: [D1-V1] config interface startup Ethernet20
2023-12-28 02:40:15,557 T0018: [D2-V2] config interface startup Ethernet0
2023-12-28 02:40:15,565 T0017: [D1-V1] config interface startup Ethernet24
2023-12-28 02:40:16,592 T0017: [D1-V1] config interface startup Ethernet28
2023-12-28 02:40:16,641 T0018: [D2-V2] config interface startup Ethernet4
2023-12-28 02:40:17,663 T0017: [D1-V1] config interface startup Ethernet32
2023-12-28 02:40:17,713 T0018: [D2-V2] config interface startup Ethernet8
2023-12-28 02:40:18,684 T0017: [D1-V1] config interface startup Ethernet36
2023-12-28 02:40:18,784 T0018: [D2-V2] config interface startup Ethernet12
2023-12-28 02:40:19,710 T0017: [D1-V1] config interface shutdown Ethernet40
2023-12-28 02:40:19,856 T0018: [D2-V2] config interface shutdown Ethernet40
2023-12-28 02:40:20,781 T0017: [D1-V1] config interface shutdown Ethernet44
2023-12-28 02:40:20,972 T0018: [D2-V2] config interface shutdown Ethernet44
2023-12-28 02:40:21,851 T0017: [D1-V1] config interface shutdown Ethernet48
2023-12-28 02:40:22,038 T0018: [D2-V2] config interface shutdown Ethernet48
2023-12-28 02:40:22,871 T0017: [D1-V1] config interface shutdown Ethernet52
2023-12-28 02:40:23,053 T0018: [D2-V2] config interface shutdown Ethernet52
2023-12-28 02:40:23,892 T0017: [D1-V1] config interface shutdown Ethernet56
2023-12-28 02:40:24,068 T0018: [D2-V2] config interface shutdown Ethernet56
2023-12-28 02:40:24,912 T0017: [D1-V1] config interface shutdown Ethernet60
2023-12-28 02:40:25,138 T0018: [D2-V2] config interface shutdown Ethernet60
2023-12-28 02:40:25,934 T0017: [D1-V1] config interface shutdown Ethernet64
2023-12-28 02:40:26,159 T0018: [D2-V2] config interface shutdown Ethernet64
2023-12-28 02:40:26,955 T0017: [D1-V1] config interface shutdown Ethernet68
2023-12-28 02:40:27,179 T0018: [D2-V2] config interface shutdown Ethernet68
2023-12-28 02:40:27,976 T0017: [D1-V1] config interface shutdown Ethernet72
2023-12-28 02:40:28,200 T0018: [D2-V2] config interface shutdown Ethernet72
2023-12-28 02:40:29,047 T0017: [D1-V1] config interface shutdown Ethernet76
2023-12-28 02:40:29,271 T0018: [D2-V2] config interface shutdown Ethernet76
2023-12-28 02:40:30,068 T0017: [D1-V1] config interface shutdown Ethernet80
2023-12-28 02:40:30,346 T0018: [D2-V2] config interface shutdown Ethernet80
2023-12-28 02:40:31,089 T0017: [D1-V1] config interface shutdown Ethernet84
2023-12-28 02:40:31,415 T0018: [D2-V2] config interface shutdown Ethernet84
2023-12-28 02:40:32,107 T0017: [D1-V1] config interface shutdown Ethernet88
2023-12-28 02:40:32,536 T0018: [D2-V2] config interface shutdown Ethernet88
2023-12-28 02:40:33,123 T0017: [D1-V1] config interface shutdown Ethernet92
2023-12-28 02:40:33,555 T0018: [D2-V2] config interface shutdown Ethernet92
2023-12-28 02:40:34,141 T0017: [D1-V1] config interface shutdown Ethernet96
2023-12-28 02:40:34,626 T0018: [D2-V2] config interface shutdown Ethernet96
2023-12-28 02:40:35,213 T0017: [D1-V1] config interface shutdown Ethernet100
2023-12-28 02:40:35,696 T0018: [D2-V2] config interface shutdown Ethernet100
2023-12-28 02:40:36,333 T0017: [D1-V1] config interface shutdown Ethernet104
2023-12-28 02:40:36,768 T0018: [D2-V2] config interface shutdown Ethernet104
2023-12-28 02:40:37,404 T0017: [D1-V1] config interface shutdown Ethernet108
2023-12-28 02:40:37,890 T0018: [D2-V2] config interface shutdown Ethernet108
2023-12-28 02:40:38,425 T0017: [D1-V1] config interface shutdown Ethernet112
2023-12-28 02:40:38,910 T0018: [D2-V2] config interface shutdown Ethernet112
2023-12-28 02:40:39,496 T0017: [D1-V1] config interface shutdown Ethernet116
2023-12-28 02:40:39,930 T0018: [D2-V2] config interface shutdown Ethernet116
2023-12-28 02:40:40,516 T0017: [D1-V1] config interface shutdown Ethernet120
2023-12-28 02:40:40,951 T0018: [D2-V2] config interface shutdown Ethernet120
2023-12-28 02:40:41,635 T0017: [D1-V1] config interface shutdown Ethernet124
2023-12-28 02:40:42,022 T0018: [D2-V2] config interface shutdown Ethernet124
2023-12-28 02:40:49,097 T0019: [D1-V1] show version
2023-12-28 02:40:49,100 T0020: [D2-V2] show version
2023-12-28 02:40:51,159 T0020: [D2-V2] cat /var/run/redis/sonic-db/database_config.json
2023-12-28 02:40:51,974 T0019: [D1-V1] cat /var/run/redis/sonic-db/database_config.json
2023-12-28 02:40:52,314 T0020: [D2-V2] /sbin/ifconfig eth0
2023-12-28 02:40:52,669 T0019: [D1-V1] /sbin/ifconfig eth0
2023-12-28 02:40:52,992 T0020: [D2-V2] ls /etc/sonic/bcmsim.cfg
2023-12-28 02:40:53,347 T0019: [D1-V1] ls /etc/sonic/bcmsim.cfg
2023-12-28 02:40:54,026 T0021: [D1-V1] no router bgp
2023-12-28 02:40:54,030 T0022: [D2-V2] no router bgp
2023-12-28 02:40:55,865 T0021: [D1-V1] config feature state sflow enabled
2023-12-28 02:40:55,873 T0022: [D2-V2] config feature state sflow enabled
2023-12-28 02:40:57,842 T0021: [D1-V1] config feature state nat enabled
2023-12-28 02:40:57,849 T0022: [D2-V2] config feature state nat enabled
2023-12-28 02:41:02,071 T0025: [D1-V1] config save /tmp/config-db-V1-post-session-prolog-session.json -y
2023-12-28 02:41:02,076 T0026: [D2-V2] config save /tmp/config-db-V2-post-session-prolog-session.json -y
2023-12-28 02:41:03,309 T0026: [D2-V2] chmod 777 /tmp/config-db-V2-post-session-prolog-session.json
2023-12-28 02:41:03,356 T0025: [D1-V1] chmod 777 /tmp/config-db-V1-post-session-prolog-session.json
2023-12-28 02:41:04,785 T0026: [D2-V2] /sbin/ip link set dev eth0 up
2023-12-28 02:41:04,831 T0025: [D1-V1] /sbin/ip link set dev eth0 up
2023-12-28 02:41:05,453 T0026: [D2-V2] /sbin/ip route list dev eth0
2023-12-28 02:41:05,499 T0025: [D1-V1] /sbin/ip route list dev eth0
2023-12-28 02:41:13,811 T0026: [D2-V2] sudo vtysh -c 'show running-config' > /tmp/vtysh-runcfg-V2-post-session-prolog-session.txt
2023-12-28 02:41:13,832 T0025: [D1-V1] sudo vtysh -c 'show running-config' > /tmp/vtysh-runcfg-V1-post-session-prolog-session.txt
2023-12-28 02:41:14,681 T0026: [D2-V2] chmod 777 /tmp/vtysh-runcfg-V2-post-session-prolog-session.txt
2023-12-28 02:41:14,700 T0025: [D1-V1] chmod 777 /tmp/vtysh-runcfg-V1-post-session-prolog-session.txt
2023-12-28 02:41:16,157 T0026: [D2-V2] /sbin/ip link set dev eth0 up
2023-12-28 02:41:16,175 T0025: [D1-V1] /sbin/ip link set dev eth0 up
2023-12-28 02:41:16,827 T0026: [D2-V2] /sbin/ip route list dev eth0
2023-12-28 02:41:16,845 T0025: [D1-V1] /sbin/ip route list dev eth0
2023-12-28 02:41:26,239 T0000: 
================== Framework Module Hook: batch/test_spytest_infra_1.py ==================
2023-12-28 02:41:26,265 T0049: [D1-V1] sudo show interfaces status Ethernet124
2023-12-28 02:41:26,271 T0050: [D2-V2] sudo show interfaces status Ethernet124
2023-12-28 02:41:28,690 T0052: [D1-V1] sudo show interfaces status
2023-12-28 02:41:28,692 T0053: [D2-V2] sudo show interfaces status
2023-12-28 02:41:30,393 T0000: 
================== Framework Module Hook Finish: batch/test_spytest_infra_1.py ==================
2023-12-28 02:41:30,394 T0000: 
================== Framework Function Hook: batch/test_spytest_infra_1.py::test_spytest_infra_first ==================
2023-12-28 02:41:33,485 T0057: [D1-V1] sudo show interfaces status
2023-12-28 02:41:33,489 T0058: [D2-V2] sudo show interfaces status
2023-12-28 02:41:35,198 T0059: [D1-V1] sudo show interfaces status Ethernet124
2023-12-28 02:41:35,201 T0060: [D2-V2] sudo show interfaces status Ethernet124
2023-12-28 02:41:38,317 T0000: 
================== Framework Function Hook Finish: batch/test_spytest_infra_1.py::test_spytest_infra_first ==================
2023-12-28 02:41:38,320 T0000: 
================== Test Execution: batch/test_spytest_infra_1.py::test_spytest_infra_first ==================
2023-12-28 02:41:38,345 T0000: 
================== Framework Function Hook Finalize: batch/test_spytest_infra_1.py::test_spytest_infra_first ==================
2023-12-28 02:41:38,549 T0000: 
================== Framework Function Hook: batch/test_spytest_infra_1.py::test_spytest_infra_second ==================
2023-12-28 02:41:38,575 T0062: [D1-V1] sudo show interfaces status
2023-12-28 02:41:38,577 T0063: [D2-V2] sudo show interfaces status
2023-12-28 02:41:40,281 T0064: [D1-V1] sudo show interfaces status Ethernet124
2023-12-28 02:41:40,285 T0065: [D2-V2] sudo show interfaces status Ethernet124
2023-12-28 02:41:43,536 T0000: 
================== Framework Function Hook Finish: batch/test_spytest_infra_1.py::test_spytest_infra_second ==================
2023-12-28 02:41:43,537 T0000: 
================== Test Execution: batch/test_spytest_infra_1.py::test_spytest_infra_second ==================
2023-12-28 02:41:43,562 T0000: 
================== Framework Function Hook Finalize: batch/test_spytest_infra_1.py::test_spytest_infra_second ==================
2023-12-28 02:41:43,569 T0066: [D1-V1] sudo show interfaces status Ethernet124
2023-12-28 02:41:43,576 T0067: [D2-V2] sudo show interfaces status Ethernet124
2023-12-28 02:41:45,930 T0000: 
================== Framework Module Hook Finalize: batch/test_spytest_infra_1.py Pass: 2/2 ==================
2023-12-28 02:41:45,931 T0000: 
================== Devices used: batch/test_spytest_infra_1.py 2 ['V1', 'V2'] ==================
2023-12-28 02:41:46,768 T0000: 
================== Framework Module Hook: switching/test_portchannel.py ==================
2023-12-28 02:41:46,789 T0074: [D1-V1] sudo show interfaces status Ethernet124
2023-12-28 02:41:46,797 T0075: [D2-V2] sudo show interfaces status Ethernet124
2023-12-28 02:41:49,031 T0077: [D1-V1] sudo show interfaces status
2023-12-28 02:41:49,033 T0078: [D2-V2] sudo show interfaces status
2023-12-28 02:41:50,732 T0079: [D1-V1] config save /tmp/config-db-V1-pre-module-prolog-switching-test_portchannel.py.json -y
2023-12-28 02:41:50,734 T0080: [D2-V2] config save /tmp/config-db-V2-pre-module-prolog-switching-test_portchannel.py.json -y
2023-12-28 02:41:51,968 T0079: [D1-V1] chmod 777 /tmp/config-db-V1-pre-module-prolog-switching-test_portchannel.py.json
2023-12-28 02:41:52,017 T0080: [D2-V2] chmod 777 /tmp/config-db-V2-pre-module-prolog-switching-test_portchannel.py.json
2023-12-28 02:41:53,444 T0079: [D1-V1] /sbin/ip link set dev eth0 up
2023-12-28 02:41:53,492 T0080: [D2-V2] /sbin/ip link set dev eth0 up
2023-12-28 02:41:54,113 T0079: [D1-V1] /sbin/ip route list dev eth0
2023-12-28 02:41:54,161 T0080: [D2-V2] /sbin/ip route list dev eth0
2023-12-28 02:42:02,489 T0080: [D2-V2] sudo vtysh -c 'show running-config' > /tmp/vtysh-runcfg-V2-pre-module-prolog-switching-test_portchannel.py.txt
2023-12-28 02:42:02,659 T0079: [D1-V1] sudo vtysh -c 'show running-config' > /tmp/vtysh-runcfg-V1-pre-module-prolog-switching-test_portchannel.py.txt
2023-12-28 02:42:03,359 T0080: [D2-V2] chmod 777 /tmp/vtysh-runcfg-V2-pre-module-prolog-switching-test_portchannel.py.txt
2023-12-28 02:42:03,529 T0079: [D1-V1] chmod 777 /tmp/vtysh-runcfg-V1-pre-module-prolog-switching-test_portchannel.py.txt
2023-12-28 02:42:04,835 T0080: [D2-V2] /sbin/ip link set dev eth0 up
2023-12-28 02:42:05,005 T0079: [D1-V1] /sbin/ip link set dev eth0 up
2023-12-28 02:42:05,506 T0080: [D2-V2] /sbin/ip route list dev eth0
2023-12-28 02:42:05,675 T0079: [D1-V1] /sbin/ip route list dev eth0
2023-12-28 02:42:14,012 T0000: 
================== Framework Module Hook Finish: switching/test_portchannel.py ==================
2023-12-28 02:42:14,013 T0000: 
================== Module Hook: switching/test_portchannel.py portchannel_module_hooks ==================
2023-12-28 02:42:14,026 T0000: [D1-V1] /sbin/ifconfig Ethernet0
2023-12-28 02:42:14,754 T0098: [D1-V1] config portchannel add PortChannel7  
2023-12-28 02:42:14,759 T0099: [D2-V2] config portchannel add PortChannel7  
2023-12-28 02:42:15,794 T0098: [D1-V1] config portchannel member add PortChannel7 Ethernet16
2023-12-28 02:42:15,797 T0099: [D2-V2] config portchannel member add PortChannel7 Ethernet16
2023-12-28 02:42:16,820 T0098: [D1-V1] config portchannel member add PortChannel7 Ethernet20
2023-12-28 02:42:16,828 T0099: [D2-V2] config portchannel member add PortChannel7 Ethernet20
2023-12-28 02:42:17,851 T0098: [D1-V1] config portchannel member add PortChannel7 Ethernet24
2023-12-28 02:42:17,858 T0099: [D2-V2] config portchannel member add PortChannel7 Ethernet24
2023-12-28 02:42:18,880 T0098: [D1-V1] config portchannel member add PortChannel7 Ethernet28
2023-12-28 02:42:18,888 T0099: [D2-V2] config portchannel member add PortChannel7 Ethernet28
2023-12-28 02:42:19,956 T0100: [D1-V1] ['config vlan add 3424']
2023-12-28 02:42:19,959 T0101: [D2-V2] ['config vlan add 3424']
2023-12-28 02:42:20,989 T0102: [D1-V1] config vlan member add 3424 Ethernet0
2023-12-28 02:42:20,994 T0103: [D2-V2] config vlan member add 3424 Ethernet0
2023-12-28 02:42:22,020 T0102: [D1-V1] config vlan member add 3424 PortChannel7
2023-12-28 02:42:22,027 T0103: [D2-V2] config vlan member add 3424 PortChannel7
2023-12-28 02:42:33,723 T0000: 
================== Module Hook Finish: switching/test_portchannel.py portchannel_module_hooks ==================
2023-12-28 02:42:33,726 T0000: 
================== Framework Function Hook: switching/test_portchannel.py::test_ft_portchannel_with_vlan_variations ==================
2023-12-28 02:42:33,732 T0104: [D1-V1] config save /tmp/config-db-V1-post-module-prolog-switching-test_portchannel.py.json -y
2023-12-28 02:42:33,737 T0105: [D2-V2] config save /tmp/config-db-V2-post-module-prolog-switching-test_portchannel.py.json -y
2023-12-28 02:42:34,969 T0104: [D1-V1] chmod 777 /tmp/config-db-V1-post-module-prolog-switching-test_portchannel.py.json
2023-12-28 02:42:34,977 T0105: [D2-V2] chmod 777 /tmp/config-db-V2-post-module-prolog-switching-test_portchannel.py.json
2023-12-28 02:42:36,456 T0104: [D1-V1] /sbin/ip link set dev eth0 up
2023-12-28 02:42:36,457 T0105: [D2-V2] /sbin/ip link set dev eth0 up
2023-12-28 02:42:37,139 T0104: [D1-V1] /sbin/ip route list dev eth0
2023-12-28 02:42:37,147 T0105: [D2-V2] /sbin/ip route list dev eth0
2023-12-28 02:42:45,509 T0105: [D2-V2] sudo vtysh -c 'show running-config' > /tmp/vtysh-runcfg-V2-post-module-prolog-switching-test_portchannel.py.txt
2023-12-28 02:42:45,964 T0104: [D1-V1] sudo vtysh -c 'show running-config' > /tmp/vtysh-runcfg-V1-post-module-prolog-switching-test_portchannel.py.txt
2023-12-28 02:42:46,431 T0105: [D2-V2] chmod 777 /tmp/vtysh-runcfg-V2-post-module-prolog-switching-test_portchannel.py.txt
2023-12-28 02:42:47,035 T0104: [D1-V1] chmod 777 /tmp/vtysh-runcfg-V1-post-module-prolog-switching-test_portchannel.py.txt
2023-12-28 02:42:47,908 T0105: [D2-V2] /sbin/ip link set dev eth0 up
2023-12-28 02:42:48,513 T0104: [D1-V1] /sbin/ip link set dev eth0 up
2023-12-28 02:42:48,578 T0105: [D2-V2] /sbin/ip route list dev eth0
2023-12-28 02:42:49,184 T0104: [D1-V1] /sbin/ip route list dev eth0
2023-12-28 02:43:00,643 T0125: [D1-V1] sudo show interfaces status
2023-12-28 02:43:00,644 T0126: [D2-V2] sudo show interfaces status
2023-12-28 02:43:02,304 T0127: [D1-V1] sudo show interfaces status Ethernet124
2023-12-28 02:43:02,308 T0128: [D2-V2] sudo show interfaces status Ethernet124
2023-12-28 02:43:05,415 T0000: 
================== Framework Function Hook Finish: switching/test_portchannel.py::test_ft_portchannel_with_vlan_variations ==================
2023-12-28 02:43:05,415 T0000: 
================== Function Hook: switching/test_portchannel.py portchannel_func_hooks ==================
2023-12-28 02:43:07,430 T0131: [D1-V1] config portchannel member del PortChannel7 Ethernet24
2023-12-28 02:43:07,437 T0132: [D2-V2] config portchannel member del PortChannel7 Ethernet24
2023-12-28 02:43:08,456 T0131: [D1-V1] config portchannel member del PortChannel7 Ethernet28
2023-12-28 02:43:08,464 T0132: [D2-V2] config portchannel member del PortChannel7 Ethernet28
2023-12-28 02:43:09,498 T0000: 
================== Function Hook Finish: switching/test_portchannel.py portchannel_func_hooks ==================
2023-12-28 02:43:09,499 T0000: 
================== Test Execution: switching/test_portchannel.py::test_ft_portchannel_with_vlan_variations ==================
2023-12-28 02:43:11,512 T0136: [D2-V2] show interfaces portchannel | grep -w PortChannel7
2023-12-28 02:43:11,515 T0135: [D1-V1] show interfaces portchannel | grep -w PortChannel7
2023-12-28 02:43:14,620 T0135: [D1-V1] show interfaces portchannel | grep -w PortChannel7
2023-12-28 02:43:14,623 T0136: [D2-V2] show interfaces portchannel | grep -w PortChannel7
2023-12-28 02:43:17,721 T0136: [D2-V2] show interfaces portchannel | grep -w PortChannel7
2023-12-28 02:43:17,724 T0135: [D1-V1] show interfaces portchannel | grep -w PortChannel7
2023-12-28 02:43:20,822 T0135: [D1-V1] show interfaces portchannel | grep -w PortChannel7
2023-12-28 02:43:20,826 T0136: [D2-V2] show interfaces portchannel | grep -w PortChannel7
2023-12-28 02:43:23,968 T0136: [D2-V2] show interfaces portchannel | grep -w PortChannel7
2023-12-28 02:43:24,116 T0135: [D1-V1] show interfaces portchannel | grep -w PortChannel7
2023-12-28 02:43:27,102 T0136: [D2-V2] show interfaces portchannel | grep -w PortChannel7
2023-12-28 02:43:27,201 T0135: [D1-V1] show interfaces portchannel | grep -w PortChannel7
2023-12-28 02:43:30,187 T0136: [D2-V2] show interfaces portchannel | grep -w PortChannel7
2023-12-28 02:43:30,286 T0135: [D1-V1] show interfaces portchannel | grep -w PortChannel7
2023-12-28 02:43:33,271 T0136: [D2-V2] show interfaces portchannel | grep -w PortChannel7
2023-12-28 02:43:33,422 T0135: [D1-V1] show interfaces portchannel | grep -w PortChannel7
2023-12-28 02:43:36,356 T0136: [D2-V2] show interfaces portchannel | grep -w PortChannel7
2023-12-28 02:43:36,509 T0135: [D1-V1] show interfaces portchannel | grep -w PortChannel7
2023-12-28 02:43:37,644 T0137: [D1-V1] config portchannel add PortChannel8  
2023-12-28 02:43:37,650 T0138: [D2-V2] config portchannel add PortChannel8  
2023-12-28 02:43:38,682 T0137: [D1-V1] config portchannel member add PortChannel8 Ethernet24
2023-12-28 02:43:38,684 T0138: [D2-V2] config portchannel member add PortChannel8 Ethernet24
2023-12-28 02:43:39,708 T0137: [D1-V1] config portchannel member add PortChannel8 Ethernet28
2023-12-28 02:43:39,715 T0138: [D2-V2] config portchannel member add PortChannel8 Ethernet28
2023-12-28 02:43:42,755 T0140: [D2-V2] show interfaces portchannel | grep -w PortChannel8
2023-12-28 02:43:42,758 T0139: [D1-V1] show interfaces portchannel | grep -w PortChannel8
2023-12-28 02:43:45,857 T0139: [D1-V1] show interfaces portchannel | grep -w PortChannel8
2023-12-28 02:43:45,859 T0140: [D2-V2] show interfaces portchannel | grep -w PortChannel8
2023-12-28 02:43:48,957 T0140: [D2-V2] show interfaces portchannel | grep -w PortChannel8
2023-12-28 02:43:48,960 T0139: [D1-V1] show interfaces portchannel | grep -w PortChannel8
2023-12-28 02:43:52,058 T0140: [D2-V2] show interfaces portchannel | grep -w PortChannel8
2023-12-28 02:43:52,063 T0139: [D1-V1] show interfaces portchannel | grep -w PortChannel8
2023-12-28 02:43:55,159 T0139: [D1-V1] show interfaces portchannel | grep -w PortChannel8
2023-12-28 02:43:55,162 T0140: [D2-V2] show interfaces portchannel | grep -w PortChannel8
2023-12-28 02:43:58,261 T0140: [D2-V2] show interfaces portchannel | grep -w PortChannel8
2023-12-28 02:43:58,265 T0139: [D1-V1] show interfaces portchannel | grep -w PortChannel8
2023-12-28 02:44:01,363 T0139: [D1-V1] show interfaces portchannel | grep -w PortChannel8
2023-12-28 02:44:01,367 T0140: [D2-V2] show interfaces portchannel | grep -w PortChannel8
2023-12-28 02:44:04,457 T0140: [D2-V2] show interfaces portchannel | grep -w PortChannel8
2023-12-28 02:44:04,505 T0139: [D1-V1] show interfaces portchannel | grep -w PortChannel8
2023-12-28 02:44:07,544 T0140: [D2-V2] show interfaces portchannel | grep -w PortChannel8
2023-12-28 02:44:07,589 T0139: [D1-V1] show interfaces portchannel | grep -w PortChannel8
2023-12-28 02:44:08,667 T0000: [D1-V1] ['config vlan add 2534']
2023-12-28 02:44:09,736 T0000: [D1-V1] config vlan member add 2534 PortChannel8
2023-12-28 02:44:10,837 T0000: [D2-V2] ['config vlan add 2534']
2023-12-28 02:44:11,944 T0000: [D2-V2] config vlan member add 2534 PortChannel8
2023-12-28 02:44:15,009 T0142: [D2-V2] show interfaces portchannel | grep -w PortChannel8
2023-12-28 02:44:15,013 T0141: [D1-V1] show interfaces portchannel | grep -w PortChannel8
2023-12-28 02:44:18,101 T0141: [D1-V1] show interfaces portchannel | grep -w PortChannel8
2023-12-28 02:44:18,150 T0142: [D2-V2] show interfaces portchannel | grep -w PortChannel8
2023-12-28 02:44:21,190 T0141: [D1-V1] show interfaces portchannel | grep -w PortChannel8
2023-12-28 02:44:21,233 T0142: [D2-V2] show interfaces portchannel | grep -w PortChannel8
2023-12-28 02:44:24,277 T0141: [D1-V1] show interfaces portchannel | grep -w PortChannel8
2023-12-28 02:44:24,318 T0142: [D2-V2] show interfaces portchannel | grep -w PortChannel8
2023-12-28 02:44:27,361 T0141: [D1-V1] show interfaces portchannel | grep -w PortChannel8
2023-12-28 02:44:27,401 T0142: [D2-V2] show interfaces portchannel | grep -w PortChannel8
2023-12-28 02:44:30,446 T0141: [D1-V1] show interfaces portchannel | grep -w PortChannel8
2023-12-28 02:44:30,484 T0142: [D2-V2] show interfaces portchannel | grep -w PortChannel8
2023-12-28 02:44:33,530 T0141: [D1-V1] show interfaces portchannel | grep -w PortChannel8
2023-12-28 02:44:33,565 T0142: [D2-V2] show interfaces portchannel | grep -w PortChannel8
2023-12-28 02:44:36,649 T0142: [D2-V2] show interfaces portchannel | grep -w PortChannel8
2023-12-28 02:44:36,817 T0141: [D1-V1] show interfaces portchannel | grep -w PortChannel8
2023-12-28 02:44:39,733 T0142: [D2-V2] show interfaces portchannel | grep -w PortChannel8
2023-12-28 02:44:39,950 T0141: [D1-V1] show interfaces portchannel | grep -w PortChannel8
2023-12-28 02:44:41,080 T0143: [D1-V1] config vlan member del 2534 PortChannel8
2023-12-28 02:44:41,082 T0144: [D2-V2] config vlan member del 2534 PortChannel8
2023-12-28 02:44:42,115 T0145: [D1-V1] show vlan config
2023-12-28 02:44:42,120 T0146: [D2-V2] show vlan config
2023-12-28 02:44:43,203 T0145: [D1-V1] ['config vlan del 2534']
2023-12-28 02:44:43,208 T0146: [D2-V2] ['config vlan del 2534']
2023-12-28 02:44:44,226 T0146: [D2-V2] show vlan config
2023-12-28 02:44:44,272 T0145: [D1-V1] show vlan config
2023-12-28 02:44:45,355 T0147: [D1-V1] config portchannel member del PortChannel8 Ethernet24
2023-12-28 02:44:45,361 T0148: [D2-V2] config portchannel member del PortChannel8 Ethernet24
2023-12-28 02:44:46,379 T0148: [D2-V2] config portchannel member del PortChannel8 Ethernet28
2023-12-28 02:44:46,425 T0147: [D1-V1] config portchannel member del PortChannel8 Ethernet28
2023-12-28 02:44:47,401 T0148: [D2-V2] ['config portchannel del PortChannel8']
2023-12-28 02:44:47,445 T0147: [D1-V1] ['config portchannel del PortChannel8']
2023-12-28 02:44:48,422 T0148: [D2-V2] show interfaces portchannel | grep -w PortChannel8
2023-12-28 02:44:48,466 T0147: [D1-V1] show interfaces portchannel | grep -w PortChannel8
2023-12-28 02:44:49,569 T0151: [D1-V1] config portchannel member add PortChannel7 Ethernet24
2023-12-28 02:44:49,574 T0152: [D2-V2] config portchannel member add PortChannel7 Ethernet24
2023-12-28 02:44:50,595 T0151: [D1-V1] config portchannel member add PortChannel7 Ethernet28
2023-12-28 02:44:50,602 T0152: [D2-V2] config portchannel member add PortChannel7 Ethernet28
2023-12-28 02:44:51,674 T0000: 
================== Function Hook Finalize: switching/test_portchannel.py portchannel_func_hooks ==================
2023-12-28 02:44:51,722 T0000: 
================== Framework Function Hook Finalize: switching/test_portchannel.py::test_ft_portchannel_with_vlan_variations ==================
2023-12-28 02:44:51,723 T0000: 
================== Framework Function Hook: switching/test_portchannel.py::test_ft_verify_min_links_functionality_by_flapping_all_member_ports_007 ==================
2023-12-28 02:44:51,739 T0156: [D1-V1] sudo show interfaces status
2023-12-28 02:44:51,742 T0157: [D2-V2] sudo show interfaces status
2023-12-28 02:44:53,547 T0158: [D1-V1] sudo show interfaces status Ethernet124
2023-12-28 02:44:53,554 T0159: [D2-V2] sudo show interfaces status Ethernet124
2023-12-28 02:44:56,670 T0000: 
================== Framework Function Hook Finish: switching/test_portchannel.py::test_ft_verify_min_links_functionality_by_flapping_all_member_ports_007 ==================
2023-12-28 02:44:56,671 T0000: 
================== Function Hook: switching/test_portchannel.py portchannel_func_hooks ==================
2023-12-28 02:44:58,684 T0162: [D1-V1] show interfaces portchannel
2023-12-28 02:44:58,689 T0163: [D2-V2] show interfaces portchannel
2023-12-28 02:45:00,793 T0163: [D2-V2] show interfaces portchannel
2023-12-28 02:45:00,798 T0162: [D1-V1] show interfaces portchannel
2023-12-28 02:45:02,891 T0162: [D1-V1] show interfaces portchannel
2023-12-28 02:45:02,936 T0163: [D2-V2] show interfaces portchannel
2023-12-28 02:45:04,978 T0162: [D1-V1] show interfaces portchannel
2023-12-28 02:45:05,024 T0163: [D2-V2] show interfaces portchannel
2023-12-28 02:45:07,063 T0162: [D1-V1] show interfaces portchannel
2023-12-28 02:45:07,103 T0163: [D2-V2] show interfaces portchannel
2023-12-28 02:45:09,150 T0162: [D1-V1] show interfaces portchannel
2023-12-28 02:45:09,241 T0163: [D2-V2] show interfaces portchannel
2023-12-28 02:45:11,231 T0162: [D1-V1] show interfaces portchannel
2023-12-28 02:45:11,378 T0163: [D2-V2] show interfaces portchannel
2023-12-28 02:45:13,316 T0162: [D1-V1] show interfaces portchannel
2023-12-28 02:45:13,466 T0163: [D2-V2] show interfaces portchannel
2023-12-28 02:45:15,402 T0162: [D1-V1] show interfaces portchannel
2023-12-28 02:45:15,602 T0163: [D2-V2] show interfaces portchannel
2023-12-28 02:45:17,487 T0162: [D1-V1] show interfaces portchannel
2023-12-28 02:45:17,694 T0163: [D2-V2] show interfaces portchannel
2023-12-28 02:45:19,574 T0162: [D1-V1] show interfaces portchannel
2023-12-28 02:45:19,780 T0163: [D2-V2] show interfaces portchannel
2023-12-28 02:45:21,662 T0162: [D1-V1] show interfaces portchannel
2023-12-28 02:45:21,868 T0163: [D2-V2] show interfaces portchannel
2023-12-28 02:45:23,747 T0162: [D1-V1] show interfaces portchannel
2023-12-28 02:45:23,955 T0163: [D2-V2] show interfaces portchannel
2023-12-28 02:45:25,832 T0162: [D1-V1] show interfaces portchannel
2023-12-28 02:45:26,039 T0163: [D2-V2] show interfaces portchannel
2023-12-28 02:45:27,919 T0162: [D1-V1] show interfaces portchannel
2023-12-28 02:45:28,332 T0163: [D2-V2] show interfaces portchannel
2023-12-28 02:45:30,439 T0000: 
================== Function Hook Finish: switching/test_portchannel.py portchannel_func_hooks ==================
2023-12-28 02:45:30,856 T0000: 
================== Function Hook Finalize: switching/test_portchannel.py portchannel_func_hooks ==================
2023-12-28 02:45:30,895 T0000: 
================== Framework Function Hook Finalize: switching/test_portchannel.py::test_ft_verify_min_links_functionality_by_flapping_all_member_ports_007 ==================
2023-12-28 02:45:30,901 T0168: [D1-V1] config save /tmp/config-db-V1-pre-module-epilog-switching-test_portchannel.py.json -y
2023-12-28 02:45:30,905 T0169: [D2-V2] config save /tmp/config-db-V2-pre-module-epilog-switching-test_portchannel.py.json -y
2023-12-28 02:45:32,140 T0168: [D1-V1] chmod 777 /tmp/config-db-V1-pre-module-epilog-switching-test_portchannel.py.json
2023-12-28 02:45:32,186 T0169: [D2-V2] chmod 777 /tmp/config-db-V2-pre-module-epilog-switching-test_portchannel.py.json
2023-12-28 02:45:33,618 T0168: [D1-V1] /sbin/ip link set dev eth0 up
2023-12-28 02:45:33,661 T0169: [D2-V2] /sbin/ip link set dev eth0 up
2023-12-28 02:45:34,288 T0168: [D1-V1] /sbin/ip route list dev eth0
2023-12-28 02:45:34,330 T0169: [D2-V2] /sbin/ip route list dev eth0
2023-12-28 02:45:42,634 T0169: [D2-V2] sudo vtysh -c 'show running-config' > /tmp/vtysh-runcfg-V2-pre-module-epilog-switching-test_portchannel.py.txt
2023-12-28 02:45:42,683 T0168: [D1-V1] sudo vtysh -c 'show running-config' > /tmp/vtysh-runcfg-V1-pre-module-epilog-switching-test_portchannel.py.txt
2023-12-28 02:45:43,506 T0169: [D2-V2] chmod 777 /tmp/vtysh-runcfg-V2-pre-module-epilog-switching-test_portchannel.py.txt
2023-12-28 02:45:43,603 T0168: [D1-V1] chmod 777 /tmp/vtysh-runcfg-V1-pre-module-epilog-switching-test_portchannel.py.txt
2023-12-28 02:45:44,984 T0169: [D2-V2] /sbin/ip link set dev eth0 up
2023-12-28 02:45:45,081 T0168: [D1-V1] /sbin/ip link set dev eth0 up
2023-12-28 02:45:45,655 T0169: [D2-V2] /sbin/ip route list dev eth0
2023-12-28 02:45:45,751 T0168: [D1-V1] /sbin/ip route list dev eth0
2023-12-28 02:45:54,146 T0186: [D1-V1] show vlan config
2023-12-28 02:45:54,151 T0187: [D2-V2] show vlan config
2023-12-28 02:45:55,239 T0186: [D1-V1] []
2023-12-28 02:45:55,240 T0187: [D2-V2] []
2023-12-28 02:45:55,246 T0188: [D1-V1] show interfaces portchannel
2023-12-28 02:45:55,253 T0189: [D2-V2] show interfaces portchannel
2023-12-28 02:45:56,354 T0188: [D1-V1] show interfaces portchannel | grep -w PortChannel7
2023-12-28 02:45:56,355 T0189: [D2-V2] show interfaces portchannel | grep -w PortChannel7
2023-12-28 02:45:57,447 T0188: [D1-V1] config portchannel member del PortChannel7 Ethernet24
2023-12-28 02:45:57,449 T0189: [D2-V2] config portchannel member del PortChannel7 Ethernet20
2023-12-28 02:45:58,471 T0188: [D1-V1] config portchannel member del PortChannel7 Ethernet16
2023-12-28 02:45:58,478 T0189: [D2-V2] config portchannel member del PortChannel7 Ethernet16
2023-12-28 02:45:59,492 T0188: [D1-V1] config portchannel member del PortChannel7 Ethernet28
2023-12-28 02:45:59,547 T0189: [D2-V2] config portchannel member del PortChannel7 Ethernet28
2023-12-28 02:46:00,557 T0188: [D1-V1] config portchannel member del PortChannel7 Ethernet20
2023-12-28 02:46:00,617 T0189: [D2-V2] config portchannel member del PortChannel7 Ethernet24
2023-12-28 02:46:01,575 T0188: [D1-V1] ['config portchannel del PortChannel7']
2023-12-28 02:46:01,639 T0189: [D2-V2] ['config portchannel del PortChannel7']
2023-12-28 02:46:02,720 T0000: 
================== Module Hook Finalize: switching/test_portchannel.py portchannel_module_hooks ==================
2023-12-28 02:46:02,726 T0190: [D1-V1] config save /tmp/config-db-V1-post-module-epilog-switching-test_portchannel.py.json -y
2023-12-28 02:46:02,731 T0191: [D2-V2] config save /tmp/config-db-V2-post-module-epilog-switching-test_portchannel.py.json -y
2023-12-28 02:46:04,006 T0190: [D1-V1] chmod 777 /tmp/config-db-V1-post-module-epilog-switching-test_portchannel.py.json
2023-12-28 02:46:04,016 T0191: [D2-V2] chmod 777 /tmp/config-db-V2-post-module-epilog-switching-test_portchannel.py.json
2023-12-28 02:46:05,487 T0190: [D1-V1] /sbin/ip link set dev eth0 up
2023-12-28 02:46:05,492 T0191: [D2-V2] /sbin/ip link set dev eth0 up
2023-12-28 02:46:06,159 T0190: [D1-V1] /sbin/ip route list dev eth0
2023-12-28 02:46:06,169 T0191: [D2-V2] /sbin/ip route list dev eth0
2023-12-28 02:46:14,550 T0191: [D2-V2] sudo vtysh -c 'show running-config' > /tmp/vtysh-runcfg-V2-post-module-epilog-switching-test_portchannel.py.txt
2023-12-28 02:46:14,567 T0190: [D1-V1] sudo vtysh -c 'show running-config' > /tmp/vtysh-runcfg-V1-post-module-epilog-switching-test_portchannel.py.txt
2023-12-28 02:46:15,437 T0190: [D1-V1] chmod 777 /tmp/vtysh-runcfg-V1-post-module-epilog-switching-test_portchannel.py.txt
2023-12-28 02:46:15,469 T0191: [D2-V2] chmod 777 /tmp/vtysh-runcfg-V2-post-module-epilog-switching-test_portchannel.py.txt
2023-12-28 02:46:16,913 T0190: [D1-V1] /sbin/ip link set dev eth0 up
2023-12-28 02:46:16,944 T0191: [D2-V2] /sbin/ip link set dev eth0 up
2023-12-28 02:46:17,583 T0190: [D1-V1] /sbin/ip route list dev eth0
2023-12-28 02:46:17,612 T0191: [D2-V2] /sbin/ip route list dev eth0
2023-12-28 02:46:26,011 T0209: [D2-V2] sudo show interfaces status Ethernet124
2023-12-28 02:46:26,016 T0208: [D1-V1] sudo show interfaces status Ethernet124
2023-12-28 02:46:28,476 T0000: 
================== Framework Module Hook Finalize: switching/test_portchannel.py Pass: 0/2 ==================
2023-12-28 02:46:28,477 T0000: 
================== Devices used: switching/test_portchannel.py 2 ['V1', 'V2'] ==================
2023-12-28 02:46:29,460 T0000: 
================== Framework Module Hook: batch/test_spytest_infra_1.py ==================
2023-12-28 02:46:29,479 T0216: [D1-V1] no router bgp
2023-12-28 02:46:29,485 T0217: [D2-V2] no router bgp
2023-12-28 02:46:31,317 T0216: [D1-V1] config feature state sflow enabled
2023-12-28 02:46:31,327 T0217: [D2-V2] config feature state sflow enabled
2023-12-28 02:46:33,297 T0217: [D2-V2] config feature state nat enabled
2023-12-28 02:46:33,496 T0216: [D1-V1] config feature state nat enabled
2023-12-28 02:47:09,897 T0217: [D2-V2] /sbin/ip link set dev eth0 up
2023-12-28 02:47:10,568 T0217: [D2-V2] /sbin/ip route list dev eth0
2023-12-28 02:47:11,247 T0217: [D2-V2] sudo show interfaces status Ethernet124
2023-12-28 02:47:13,647 T0216: [D1-V1] /sbin/ip link set dev eth0 up
2023-12-28 02:47:14,317 T0216: [D1-V1] /sbin/ip route list dev eth0
2023-12-28 02:47:14,995 T0216: [D1-V1] sudo show interfaces status Ethernet124
2023-12-28 02:47:17,252 T0219: [D1-V1] sudo show interfaces status
2023-12-28 02:47:17,253 T0220: [D2-V2] sudo show interfaces status
2023-12-28 02:47:24,007 T0222: [D1-V1] sudo show interfaces status
2023-12-28 02:47:24,009 T0223: [D2-V2] sudo show interfaces status
2023-12-28 02:47:30,727 T0225: [D1-V1] sudo show interfaces status
2023-12-28 02:47:30,729 T0226: [D2-V2] sudo show interfaces status
2023-12-28 02:47:32,397 T0000: 
================== Framework Module Hook Finish: batch/test_spytest_infra_1.py ==================
2023-12-28 02:47:32,398 T0000: 
================== Framework Function Hook: batch/test_spytest_infra_1.py::test_spytest_infra_last ==================
2023-12-28 02:47:35,498 T0230: [D1-V1] sudo show interfaces status
2023-12-28 02:47:35,500 T0231: [D2-V2] sudo show interfaces status
2023-12-28 02:47:37,173 T0232: [D1-V1] sudo show interfaces status Ethernet124
2023-12-28 02:47:37,180 T0233: [D2-V2] sudo show interfaces status Ethernet124
2023-12-28 02:47:40,293 T0000: 
================== Framework Function Hook Finish: batch/test_spytest_infra_1.py::test_spytest_infra_last ==================
2023-12-28 02:47:40,295 T0000: 
================== Test Execution: batch/test_spytest_infra_1.py::test_spytest_infra_last ==================
2023-12-28 02:47:40,320 T0000: 
================== Framework Function Hook Finalize: batch/test_spytest_infra_1.py::test_spytest_infra_last ==================
2023-12-28 02:47:40,329 T0235: [D2-V2] sudo show interfaces status Ethernet124
2023-12-28 02:47:40,333 T0234: [D1-V1] sudo show interfaces status Ethernet124
2023-12-28 02:47:42,700 T0000: 
================== Framework Module Hook Finalize: batch/test_spytest_infra_1.py Pass: 1/1 ==================
2023-12-28 02:47:42,701 T0000: 
================== Devices used: batch/test_spytest_infra_1.py 2 ['V2', 'V1'] ==================
2023-12-28 02:47:43,539 T0000: 
================== Framework Module Hook: system/test_interface.py ==================
2023-12-28 02:47:43,564 T0242: [D1-V1] no router bgp
2023-12-28 02:47:43,570 T0243: [D2-V2] no router bgp
2023-12-28 02:47:45,398 T0242: [D1-V1] config feature state sflow enabled
2023-12-28 02:47:45,408 T0243: [D2-V2] config feature state sflow enabled
2023-12-28 02:47:47,377 T0243: [D2-V2] config feature state nat enabled
2023-12-28 02:47:47,431 T0242: [D1-V1] config feature state nat enabled
2023-12-28 02:48:07,136 T0242: [D1-V1] /sbin/ip link set dev eth0 up
2023-12-28 02:48:07,805 T0242: [D1-V1] /sbin/ip route list dev eth0
2023-12-28 02:48:08,292 T0243: [D2-V2] /sbin/ip link set dev eth0 up
2023-12-28 02:48:08,484 T0242: [D1-V1] sudo show interfaces status Ethernet124
2023-12-28 02:48:08,961 T0243: [D2-V2] /sbin/ip route list dev eth0
2023-12-28 02:48:09,642 T0243: [D2-V2] sudo show interfaces status Ethernet124
2023-12-28 02:48:11,847 T0245: [D1-V1] sudo show interfaces status
2023-12-28 02:48:11,849 T0246: [D2-V2] sudo show interfaces status
2023-12-28 02:48:13,532 T0247: [D1-V1] config save /tmp/config-db-V1-pre-module-prolog-system-test_interface.py.json -y
2023-12-28 02:48:13,537 T0248: [D2-V2] config save /tmp/config-db-V2-pre-module-prolog-system-test_interface.py.json -y
2023-12-28 02:48:14,816 T0248: [D2-V2] chmod 777 /tmp/config-db-V2-pre-module-prolog-system-test_interface.py.json
2023-12-28 02:48:14,824 T0247: [D1-V1] chmod 777 /tmp/config-db-V1-pre-module-prolog-system-test_interface.py.json
2023-12-28 02:48:16,294 T0248: [D2-V2] /sbin/ip link set dev eth0 up
2023-12-28 02:48:16,300 T0247: [D1-V1] /sbin/ip link set dev eth0 up
2023-12-28 02:48:16,963 T0248: [D2-V2] /sbin/ip route list dev eth0
2023-12-28 02:48:16,972 T0247: [D1-V1] /sbin/ip route list dev eth0
2023-12-28 02:48:25,366 T0247: [D1-V1] sudo vtysh -c 'show running-config' > /tmp/vtysh-runcfg-V1-pre-module-prolog-system-test_interface.py.txt
2023-12-28 02:48:25,373 T0248: [D2-V2] sudo vtysh -c 'show running-config' > /tmp/vtysh-runcfg-V2-pre-module-prolog-system-test_interface.py.txt
2023-12-28 02:48:26,247 T0247: [D1-V1] chmod 777 /tmp/vtysh-runcfg-V1-pre-module-prolog-system-test_interface.py.txt
2023-12-28 02:48:26,254 T0248: [D2-V2] chmod 777 /tmp/vtysh-runcfg-V2-pre-module-prolog-system-test_interface.py.txt
2023-12-28 02:48:27,746 T0247: [D1-V1] /sbin/ip link set dev eth0 up
2023-12-28 02:48:27,746 T0248: [D2-V2] /sbin/ip link set dev eth0 up
2023-12-28 02:48:28,428 T0247: [D1-V1] /sbin/ip route list dev eth0
2023-12-28 02:48:28,436 T0248: [D2-V2] /sbin/ip route list dev eth0
2023-12-28 02:48:36,837 T0000: 
================== Framework Module Hook Finish: system/test_interface.py ==================
2023-12-28 02:48:36,838 T0000: 
================== Module Hook: system/test_interface.py interface_module_hooks ==================
2023-12-28 02:48:36,839 T0000: [D1-V1] sudo show interfaces status Ethernet0
2023-12-28 02:48:38,430 T0000: [D1-V1] /sbin/ifconfig Ethernet0
2023-12-28 02:48:39,153 T0000: [D1-V1] show platform summary
2023-12-28 02:48:40,274 T0000: [D1-V1] ['config vlan add 1187']
2023-12-28 02:48:41,384 T0000: [D1-V1] config vlan member add 1187 Ethernet0 -u 
2023-12-28 02:48:42,489 T0000: [D1-V1] config vlan member add 1187 Ethernet4 -u 
2023-12-28 02:48:55,669 T0000: 
================== Module Hook Finish: system/test_interface.py interface_module_hooks ==================
2023-12-28 02:48:55,670 T0000: 
================== Framework Function Hook: system/test_interface.py::test_ft_port_fn_verify_shut_noshut ==================
2023-12-28 02:48:55,676 T0265: [D1-V1] config save /tmp/config-db-V1-post-module-prolog-system-test_interface.py.json -y
2023-12-28 02:48:55,682 T0266: [D2-V2] config save /tmp/config-db-V2-post-module-prolog-system-test_interface.py.json -y
2023-12-28 02:48:56,964 T0265: [D1-V1] chmod 777 /tmp/config-db-V1-post-module-prolog-system-test_interface.py.json
2023-12-28 02:48:56,972 T0266: [D2-V2] chmod 777 /tmp/config-db-V2-post-module-prolog-system-test_interface.py.json
2023-12-28 02:48:58,451 T0265: [D1-V1] /sbin/ip link set dev eth0 up
2023-12-28 02:48:58,453 T0266: [D2-V2] /sbin/ip link set dev eth0 up
2023-12-28 02:48:59,132 T0265: [D1-V1] /sbin/ip route list dev eth0
2023-12-28 02:48:59,141 T0266: [D2-V2] /sbin/ip route list dev eth0
2023-12-28 02:49:07,506 T0266: [D2-V2] sudo vtysh -c 'show running-config' > /tmp/vtysh-runcfg-V2-post-module-prolog-system-test_interface.py.txt
2023-12-28 02:49:07,519 T0265: [D1-V1] sudo vtysh -c 'show running-config' > /tmp/vtysh-runcfg-V1-post-module-prolog-system-test_interface.py.txt
2023-12-28 02:49:08,377 T0266: [D2-V2] chmod 777 /tmp/vtysh-runcfg-V2-post-module-prolog-system-test_interface.py.txt
2023-12-28 02:49:08,388 T0265: [D1-V1] chmod 777 /tmp/vtysh-runcfg-V1-post-module-prolog-system-test_interface.py.txt
2023-12-28 02:49:09,855 T0266: [D2-V2] /sbin/ip link set dev eth0 up
2023-12-28 02:49:09,865 T0265: [D1-V1] /sbin/ip link set dev eth0 up
2023-12-28 02:49:10,525 T0266: [D2-V2] /sbin/ip route list dev eth0
2023-12-28 02:49:10,535 T0265: [D1-V1] /sbin/ip route list dev eth0
2023-12-28 02:49:22,053 T0286: [D1-V1] sudo show interfaces status
2023-12-28 02:49:22,055 T0287: [D2-V2] sudo show interfaces status
2023-12-28 02:49:23,743 T0288: [D1-V1] sudo show interfaces status Ethernet124
2023-12-28 02:49:23,747 T0289: [D2-V2] sudo show interfaces status Ethernet124
2023-12-28 02:49:26,891 T0000: 
================== Framework Function Hook Finish: system/test_interface.py::test_ft_port_fn_verify_shut_noshut ==================
2023-12-28 02:49:26,892 T0000: 
================== Function Hook: system/test_interface.py interface_func_hooks ==================
2023-12-28 02:49:26,900 T0000: 
================== Function Hook Finish: system/test_interface.py interface_func_hooks ==================
2023-12-28 02:49:26,902 T0000: 
================== Test Execution: system/test_interface.py::test_ft_port_fn_verify_shut_noshut ==================
2023-12-28 02:49:26,913 T0000: [D1-V1] config interface ip add Ethernet16 11.11.11.11/24
2023-12-28 02:49:27,972 T0000: [D2-V2] config interface ip add Ethernet16 11.11.11.9/24
2023-12-28 02:49:29,026 T0000: [D1-V1] ping -4 11.11.11.9 -c 3 -W 10 
2023-12-28 02:49:31,748 T0000: [D2-V2] ping -4 11.11.11.11 -c 1 
2023-12-28 02:49:32,456 T0000: [D1-V1] config interface shutdown Ethernet16
2023-12-28 02:49:33,565 T0000: [D1-V1] config interface startup Ethernet16
2023-12-28 02:49:34,625 T0000: [D1-V1] config interface shutdown Ethernet16
2023-12-28 02:49:35,736 T0000: [D1-V1] config interface startup Ethernet16
2023-12-28 02:49:36,845 T0000: [D1-V1] config interface shutdown Ethernet16
2023-12-28 02:49:37,960 T0000: [D1-V1] config interface startup Ethernet16
2023-12-28 02:49:39,065 T0000: [D1-V1] ping -4 11.11.11.9 -c 5 -W 10 
2023-12-28 02:49:43,801 T0000: [D2-V2] ping -4 11.11.11.11 -c 1 
2023-12-28 02:50:07,240 T0000: [D1-V1] sudo show interfaces status Ethernet124
2023-12-28 02:50:09,133 T0000: [D1-V1] config interface ip remove Ethernet16 11.11.11.11/24
2023-12-28 02:50:10,709 T0000: [D2-V2] config interface ip remove Ethernet16 11.11.11.9/24
2023-12-28 02:50:12,225 T0000: [D1-V1] config interface shutdown Ethernet16
2023-12-28 02:50:13,387 T0000: [D1-V1] config interface startup Ethernet16
2023-12-28 02:50:14,551 T0000: [D1-V1] config interface shutdown Ethernet16
2023-12-28 02:50:15,816 T0000: [D1-V1] config interface startup Ethernet16
2023-12-28 02:50:17,937 T0000: [D1-V1] config interface shutdown Ethernet16
2023-12-28 02:50:19,101 T0000: [D1-V1] config interface startup Ethernet16
2023-12-28 02:50:20,162 T0000: [D1-V1] sudo show interfaces status Ethernet16
2023-12-28 02:50:22,553 T0000: [D1-V1] sudo show interfaces status Ethernet16
2023-12-28 02:50:25,198 T0000: [D1-V1] sudo show interfaces status Ethernet16
2023-12-28 02:50:27,942 T0000: [D1-V1] sudo show interfaces status Ethernet16
2023-12-28 02:50:30,789 T0000: [D1-V1] sudo show interfaces status Ethernet16
2023-12-28 02:50:33,482 T0000: [D1-V1] sudo show interfaces status Ethernet16
2023-12-28 02:50:36,122 T0000: [D1-V1] sudo show interfaces status Ethernet16
2023-12-28 02:50:39,229 T0000: 
================== Function Hook Finalize: system/test_interface.py interface_func_hooks ==================
2023-12-28 02:50:39,274 T0000: 
================== Framework Function Hook Finalize: system/test_interface.py::test_ft_port_fn_verify_shut_noshut ==================
2023-12-28 02:50:39,278 T0298: [D1-V1] config save /tmp/config-db-V1-pre-module-epilog-system-test_interface.py.json -y
2023-12-28 02:50:39,283 T0299: [D2-V2] config save /tmp/config-db-V2-pre-module-epilog-system-test_interface.py.json -y
2023-12-28 02:50:40,564 T0299: [D2-V2] chmod 777 /tmp/config-db-V2-pre-module-epilog-system-test_interface.py.json
2023-12-28 02:50:40,612 T0298: [D1-V1] chmod 777 /tmp/config-db-V1-pre-module-epilog-system-test_interface.py.json
2023-12-28 02:50:42,038 T0299: [D2-V2] /sbin/ip link set dev eth0 up
2023-12-28 02:50:42,087 T0298: [D1-V1] /sbin/ip link set dev eth0 up
2023-12-28 02:50:42,706 T0299: [D2-V2] /sbin/ip route list dev eth0
2023-12-28 02:50:42,755 T0298: [D1-V1] /sbin/ip route list dev eth0
2023-12-28 02:50:51,102 T0299: [D2-V2] sudo vtysh -c 'show running-config' > /tmp/vtysh-runcfg-V2-pre-module-epilog-system-test_interface.py.txt
2023-12-28 02:50:51,125 T0298: [D1-V1] sudo vtysh -c 'show running-config' > /tmp/vtysh-runcfg-V1-pre-module-epilog-system-test_interface.py.txt
2023-12-28 02:50:52,023 T0299: [D2-V2] chmod 777 /tmp/vtysh-runcfg-V2-pre-module-epilog-system-test_interface.py.txt
2023-12-28 02:50:52,043 T0298: [D1-V1] chmod 777 /tmp/vtysh-runcfg-V1-pre-module-epilog-system-test_interface.py.txt
2023-12-28 02:50:53,499 T0299: [D2-V2] /sbin/ip link set dev eth0 up
2023-12-28 02:50:53,519 T0298: [D1-V1] /sbin/ip link set dev eth0 up
2023-12-28 02:50:54,169 T0299: [D2-V2] /sbin/ip route list dev eth0
2023-12-28 02:50:54,187 T0298: [D1-V1] /sbin/ip route list dev eth0
2023-12-28 02:51:02,597 T0316: [D1-V1] show vlan config
2023-12-28 02:51:02,603 T0317: [D2-V2] show vlan config
2023-12-28 02:51:03,740 T0316: [D1-V1] []
2023-12-28 02:51:03,741 T0317: [D2-V2] []
2023-12-28 02:51:07,758 T0000: 
================== Module Hook Finalize: system/test_interface.py interface_module_hooks ==================
2023-12-28 02:51:07,764 T0318: [D1-V1] config save /tmp/config-db-V1-post-module-epilog-system-test_interface.py.json -y
2023-12-28 02:51:07,769 T0319: [D2-V2] config save /tmp/config-db-V2-post-module-epilog-system-test_interface.py.json -y
2023-12-28 02:51:09,046 T0319: [D2-V2] chmod 777 /tmp/config-db-V2-post-module-epilog-system-test_interface.py.json
2023-12-28 02:51:09,092 T0318: [D1-V1] chmod 777 /tmp/config-db-V1-post-module-epilog-system-test_interface.py.json
2023-12-28 02:51:10,525 T0319: [D2-V2] /sbin/ip link set dev eth0 up
2023-12-28 02:51:10,568 T0318: [D1-V1] /sbin/ip link set dev eth0 up
2023-12-28 02:51:11,195 T0319: [D2-V2] /sbin/ip route list dev eth0
2023-12-28 02:51:11,236 T0318: [D1-V1] /sbin/ip route list dev eth0
2023-12-28 02:51:19,503 T0319: [D2-V2] sudo vtysh -c 'show running-config' > /tmp/vtysh-runcfg-V2-post-module-epilog-system-test_interface.py.txt
2023-12-28 02:51:19,569 T0318: [D1-V1] sudo vtysh -c 'show running-config' > /tmp/vtysh-runcfg-V1-post-module-epilog-system-test_interface.py.txt
2023-12-28 02:51:20,374 T0319: [D2-V2] chmod 777 /tmp/vtysh-runcfg-V2-post-module-epilog-system-test_interface.py.txt
2023-12-28 02:51:20,438 T0318: [D1-V1] chmod 777 /tmp/vtysh-runcfg-V1-post-module-epilog-system-test_interface.py.txt
2023-12-28 02:51:21,851 T0319: [D2-V2] /sbin/ip link set dev eth0 up
2023-12-28 02:51:21,914 T0318: [D1-V1] /sbin/ip link set dev eth0 up
2023-12-28 02:51:22,521 T0319: [D2-V2] /sbin/ip route list dev eth0
2023-12-28 02:51:22,584 T0318: [D1-V1] /sbin/ip route list dev eth0
2023-12-28 02:51:30,990 T0336: [D1-V1] sudo show interfaces status Ethernet124
2023-12-28 02:51:30,997 T0337: [D2-V2] sudo show interfaces status Ethernet124
2023-12-28 02:51:33,357 T0000: 
================== Framework Module Hook Finalize: system/test_interface.py Pass: 0/1 ==================
2023-12-28 02:51:33,357 T0000: 
================== Devices used: system/test_interface.py 2 ['V1', 'V2'] ==================
2023-12-28 02:51:34,380 T0000: 
================== Framework Module Hook: batch/test_spytest_infra_1.py ==================
2023-12-28 02:51:34,402 T0344: [D1-V1] no router bgp
2023-12-28 02:51:34,407 T0345: [D2-V2] no router bgp
2023-12-28 02:51:36,232 T0344: [D1-V1] config feature state sflow enabled
2023-12-28 02:51:36,240 T0345: [D2-V2] config feature state sflow enabled
2023-12-28 02:51:38,210 T0344: [D1-V1] config feature state nat enabled
2023-12-28 02:51:38,218 T0345: [D2-V2] config feature state nat enabled
2023-12-28 02:52:13,584 T0345: [D2-V2] /sbin/ip link set dev eth0 up
2023-12-28 02:52:14,254 T0345: [D2-V2] /sbin/ip route list dev eth0
2023-12-28 02:52:14,932 T0345: [D2-V2] sudo show interfaces status Ethernet124
2023-12-28 02:52:19,267 T0345: [D2-V2] sudo show interfaces status Ethernet124
2023-12-28 02:52:54,449 T0344: [D1-V1] /sbin/ip link set dev eth0 up
2023-12-28 02:52:55,120 T0344: [D1-V1] /sbin/ip route list dev eth0
2023-12-28 02:52:55,799 T0344: [D1-V1] sudo show interfaces status Ethernet124
2023-12-28 02:52:58,062 T0347: [D1-V1] sudo show interfaces status
2023-12-28 02:52:58,065 T0348: [D2-V2] sudo show interfaces status
2023-12-28 02:53:04,812 T0350: [D1-V1] sudo show interfaces status
2023-12-28 02:53:04,814 T0351: [D2-V2] sudo show interfaces status
2023-12-28 02:53:11,526 T0353: [D1-V1] sudo show interfaces status
2023-12-28 02:53:11,528 T0354: [D2-V2] sudo show interfaces status
2023-12-28 02:53:13,322 T0000: 
================== Framework Module Hook Finish: batch/test_spytest_infra_1.py ==================
2023-12-28 02:53:13,323 T0000: 
================== Framework Function Hook: batch/test_spytest_infra_1.py::test_spytest_infra_last ==================
2023-12-28 02:53:16,418 T0358: [D1-V1] sudo show interfaces status
2023-12-28 02:53:16,420 T0359: [D2-V2] sudo show interfaces status
2023-12-28 02:53:18,121 T0360: [D1-V1] sudo show interfaces status Ethernet124
2023-12-28 02:53:18,126 T0361: [D2-V2] sudo show interfaces status Ethernet124
2023-12-28 02:53:21,196 T0000: 
================== Framework Function Hook Finish: batch/test_spytest_infra_1.py::test_spytest_infra_last ==================
2023-12-28 02:53:21,198 T0000: 
================== Test Execution: batch/test_spytest_infra_1.py::test_spytest_infra_last ==================
2023-12-28 02:53:21,222 T0000: 
================== Framework Function Hook Finalize: batch/test_spytest_infra_1.py::test_spytest_infra_last ==================
2023-12-28 02:53:21,229 T0363: [D2-V2] sudo show interfaces status Ethernet124
2023-12-28 02:53:21,234 T0362: [D1-V1] sudo show interfaces status Ethernet124
2023-12-28 02:53:23,630 T0000: 
================== Framework Module Hook Finalize: batch/test_spytest_infra_1.py Pass: 1/1 ==================
2023-12-28 02:53:23,631 T0000: 
================== Devices used: batch/test_spytest_infra_1.py 2 ['V2', 'V1'] ==================
2023-12-28 02:53:24,463 T0000: 
================== Framework Module Hook: system/test_lldp.py ==================
2023-12-28 02:53:24,484 T0370: [D1-V1] no router bgp
2023-12-28 02:53:24,490 T0371: [D2-V2] no router bgp
2023-12-28 02:53:26,313 T0370: [D1-V1] config feature state sflow enabled
2023-12-28 02:53:26,321 T0371: [D2-V2] config feature state sflow enabled
2023-12-28 02:53:28,273 T0370: [D1-V1] config feature state nat enabled
2023-12-28 02:53:28,281 T0371: [D2-V2] config feature state nat enabled
2023-12-28 02:53:49,216 T0370: [D1-V1] /sbin/ip link set dev eth0 up
2023-12-28 02:53:49,885 T0370: [D1-V1] /sbin/ip route list dev eth0
2023-12-28 02:53:50,563 T0370: [D1-V1] sudo show interfaces status Ethernet124
2023-12-28 02:54:44,504 T0371: [D2-V2] /sbin/ip link set dev eth0 up
2023-12-28 02:54:45,174 T0371: [D2-V2] /sbin/ip route list dev eth0
2023-12-28 02:54:45,852 T0371: [D2-V2] sudo show interfaces status Ethernet124
2023-12-28 02:54:48,170 T0373: [D1-V1] sudo show interfaces status
2023-12-28 02:54:48,174 T0374: [D2-V2] sudo show interfaces status
2023-12-28 02:54:54,929 T0376: [D1-V1] sudo show interfaces status
2023-12-28 02:54:54,931 T0377: [D2-V2] sudo show interfaces status
2023-12-28 02:55:01,686 T0379: [D1-V1] sudo show interfaces status
2023-12-28 02:55:01,688 T0380: [D2-V2] sudo show interfaces status
2023-12-28 02:55:03,415 T0381: [D1-V1] config save /tmp/config-db-V1-pre-module-prolog-system-test_lldp.py.json -y
2023-12-28 02:55:03,420 T0382: [D2-V2] config save /tmp/config-db-V2-pre-module-prolog-system-test_lldp.py.json -y
2023-12-28 02:55:04,696 T0381: [D1-V1] chmod 777 /tmp/config-db-V1-pre-module-prolog-system-test_lldp.py.json
2023-12-28 02:55:04,705 T0382: [D2-V2] chmod 777 /tmp/config-db-V2-pre-module-prolog-system-test_lldp.py.json
2023-12-28 02:55:06,187 T0382: [D2-V2] /sbin/ip link set dev eth0 up
2023-12-28 02:55:06,187 T0381: [D1-V1] /sbin/ip link set dev eth0 up
2023-12-28 02:55:06,860 T0382: [D2-V2] /sbin/ip route list dev eth0
2023-12-28 02:55:06,867 T0381: [D1-V1] /sbin/ip route list dev eth0
2023-12-28 02:55:15,234 T0381: [D1-V1] sudo vtysh -c 'show running-config' > /tmp/vtysh-runcfg-V1-pre-module-prolog-system-test_lldp.py.txt
2023-12-28 02:55:15,303 T0382: [D2-V2] sudo vtysh -c 'show running-config' > /tmp/vtysh-runcfg-V2-pre-module-prolog-system-test_lldp.py.txt
2023-12-28 02:55:16,105 T0381: [D1-V1] chmod 777 /tmp/vtysh-runcfg-V1-pre-module-prolog-system-test_lldp.py.txt
2023-12-28 02:55:16,172 T0382: [D2-V2] chmod 777 /tmp/vtysh-runcfg-V2-pre-module-prolog-system-test_lldp.py.txt
2023-12-28 02:55:17,582 T0381: [D1-V1] /sbin/ip link set dev eth0 up
2023-12-28 02:55:17,647 T0382: [D2-V2] /sbin/ip link set dev eth0 up
2023-12-28 02:55:18,252 T0381: [D1-V1] /sbin/ip route list dev eth0
2023-12-28 02:55:18,318 T0382: [D2-V2] /sbin/ip route list dev eth0
2023-12-28 02:55:26,651 T0000: 
================== Framework Module Hook Finish: system/test_lldp.py ==================
2023-12-28 02:55:26,652 T0000: 
================== Module Hook: system/test_lldp.py lldp_snmp_module_hooks ==================
2023-12-28 02:55:26,676 T0000: [D1-V1] /sbin/ifconfig eth0
2023-12-28 02:55:27,411 T0000: [D2-V2] /sbin/ifconfig eth0
2023-12-28 02:55:28,139 T0000: [D1-V1] sudo show interfaces status
2023-12-28 02:55:29,861 T0000: [D2-V2] sudo show interfaces status
2023-12-28 02:55:31,533 T0000: [D1-V1] show lldp neighbors Ethernet16
2023-12-28 02:55:33,918 T0000: [D1-V1] show lldp neighbors Ethernet16
2023-12-28 02:55:36,357 T0000: [D1-V1] show lldp neighbors Ethernet16
2023-12-28 02:55:38,793 T0000: [D1-V1] show lldp neighbors Ethernet16
2023-12-28 02:55:41,236 T0000: [D1-V1] show lldp neighbors Ethernet16
2023-12-28 02:55:43,632 T0000: [D1-V1] show lldp neighbors Ethernet16
2023-12-28 02:55:46,071 T0000: [D1-V1] show lldp neighbors Ethernet16
2023-12-28 02:55:48,457 T0000: [D1-V1] show lldp neighbors Ethernet16
2023-12-28 02:55:50,844 T0000: [D1-V1] show lldp neighbors Ethernet16
2023-12-28 02:55:53,232 T0000: [D1-V1] show lldp neighbors Ethernet16
2023-12-28 02:55:55,622 T0000: [D1-V1] show lldp neighbors Ethernet16
2023-12-28 02:55:58,008 T0000: [D1-V1] show lldp neighbors Ethernet16
2023-12-28 02:56:00,394 T0000: [D1-V1] show lldp neighbors Ethernet16
2023-12-28 02:56:02,829 T0000: [D1-V1] show lldp neighbors Ethernet16
2023-12-28 02:56:05,273 T0000: [D1-V1] show lldp neighbors Ethernet16
2023-12-28 02:56:07,709 T0000: [D1-V1] show lldp neighbors Ethernet16
2023-12-28 02:56:10,148 T0000: [D1-V1] show lldp neighbors Ethernet16
2023-12-28 02:56:12,535 T0000: [D1-V1] show lldp neighbors Ethernet16
2023-12-28 02:56:14,977 T0000: [D1-V1] show lldp neighbors Ethernet16
2023-12-28 02:56:17,420 T0000: [D1-V1] show lldp neighbors Ethernet16
2023-12-28 02:56:19,909 T0000: [D1-V1] show lldp neighbors Ethernet16
2023-12-28 02:56:22,297 T0000: [D1-V1] show lldp neighbors Ethernet16
2023-12-28 02:56:24,737 T0000: [D1-V1] show lldp neighbors Ethernet16
2023-12-28 02:56:27,122 T0000: [D1-V1] show lldp neighbors Ethernet16
2023-12-28 02:56:29,507 T0000: [D1-V1] show lldp neighbors Ethernet16
2023-12-28 02:56:31,893 T0000: [D1-V1] show lldp neighbors Ethernet16
2023-12-28 02:56:34,332 T0000: [D1-V1] show lldp neighbors Ethernet16
2023-12-28 02:56:36,776 T0000: [D1-V1] show lldp neighbors Ethernet16
2023-12-28 02:56:39,213 T0000: [D1-V1] show lldp neighbors Ethernet16
2023-12-28 02:56:41,652 T0000: [D1-V1] show lldp neighbors Ethernet16
2023-12-28 02:56:44,090 T0000: [D1-V1] show lldp neighbors Ethernet16
2023-12-28 02:56:45,475 T0000: 
================== Module Hook Finish: system/test_lldp.py lldp_snmp_module_hooks ==================
2023-12-28 02:56:49,758 T0000: 
================== Module Hook Finalize: system/test_lldp.py lldp_snmp_module_hooks ==================
2023-12-28 02:56:49,764 T0399: [D1-V1] config save /tmp/config-db-V1-post-module-epilog-system-test_lldp.py.json -y
2023-12-28 02:56:49,769 T0400: [D2-V2] config save /tmp/config-db-V2-post-module-epilog-system-test_lldp.py.json -y
2023-12-28 02:56:51,000 T0400: [D2-V2] chmod 777 /tmp/config-db-V2-post-module-epilog-system-test_lldp.py.json
2023-12-28 02:56:51,050 T0399: [D1-V1] chmod 777 /tmp/config-db-V1-post-module-epilog-system-test_lldp.py.json
2023-12-28 02:56:52,477 T0400: [D2-V2] /sbin/ip link set dev eth0 up
2023-12-28 02:56:52,525 T0399: [D1-V1] /sbin/ip link set dev eth0 up
2023-12-28 02:56:53,146 T0400: [D2-V2] /sbin/ip route list dev eth0
2023-12-28 02:56:53,194 T0399: [D1-V1] /sbin/ip route list dev eth0
2023-12-28 02:57:01,466 T0400: [D2-V2] sudo vtysh -c 'show running-config' > /tmp/vtysh-runcfg-V2-post-module-epilog-system-test_lldp.py.txt
2023-12-28 02:57:01,524 T0399: [D1-V1] sudo vtysh -c 'show running-config' > /tmp/vtysh-runcfg-V1-post-module-epilog-system-test_lldp.py.txt
2023-12-28 02:57:02,385 T0400: [D2-V2] chmod 777 /tmp/vtysh-runcfg-V2-post-module-epilog-system-test_lldp.py.txt
2023-12-28 02:57:02,393 T0399: [D1-V1] chmod 777 /tmp/vtysh-runcfg-V1-post-module-epilog-system-test_lldp.py.txt
2023-12-28 02:57:03,861 T0400: [D2-V2] /sbin/ip link set dev eth0 up
2023-12-28 02:57:03,866 T0399: [D1-V1] /sbin/ip link set dev eth0 up
2023-12-28 02:57:04,535 T0400: [D2-V2] /sbin/ip route list dev eth0
2023-12-28 02:57:04,545 T0399: [D1-V1] /sbin/ip route list dev eth0
2023-12-28 02:57:12,982 T0417: [D1-V1] sudo show interfaces status Ethernet124
2023-12-28 02:57:12,990 T0418: [D2-V2] sudo show interfaces status Ethernet124
2023-12-28 02:57:15,351 T0000: 
================== Framework Module Hook Finalize: system/test_lldp.py Pass: 0/0 ==================
2023-12-28 02:57:15,352 T0000: 
================== Devices used: system/test_lldp.py 2 ['V1', 'V2'] ==================
2023-12-28 02:57:16,272 T0000: 
================== Framework Module Hook: batch/test_spytest_infra_1.py ==================
2023-12-28 02:57:16,293 T0425: [D1-V1] no router bgp
2023-12-28 02:57:16,300 T0426: [D2-V2] no router bgp
2023-12-28 02:57:18,125 T0425: [D1-V1] config feature state sflow enabled
2023-12-28 02:57:18,136 T0426: [D2-V2] config feature state sflow enabled
2023-12-28 02:57:20,075 T0425: [D1-V1] config feature state nat enabled
2023-12-28 02:57:20,083 T0426: [D2-V2] config feature state nat enabled
2023-12-28 02:57:54,225 T0426: [D2-V2] /sbin/ip link set dev eth0 up
2023-12-28 02:57:54,895 T0426: [D2-V2] /sbin/ip route list dev eth0
2023-12-28 02:57:55,575 T0426: [D2-V2] sudo show interfaces status Ethernet124
2023-12-28 02:57:56,624 T0425: [D1-V1] /sbin/ip link set dev eth0 up
2023-12-28 02:57:57,294 T0425: [D1-V1] /sbin/ip route list dev eth0
2023-12-28 02:57:57,969 T0425: [D1-V1] sudo show interfaces status Ethernet124
2023-12-28 02:57:59,911 T0426: [D2-V2] sudo show interfaces status Ethernet124
2023-12-28 02:58:02,272 T0428: [D1-V1] sudo show interfaces status
2023-12-28 02:58:02,276 T0429: [D2-V2] sudo show interfaces status
2023-12-28 02:58:09,072 T0431: [D1-V1] sudo show interfaces status
2023-12-28 02:58:09,074 T0432: [D2-V2] sudo show interfaces status
2023-12-28 02:58:15,870 T0434: [D1-V1] sudo show interfaces status
2023-12-28 02:58:15,873 T0435: [D2-V2] sudo show interfaces status
2023-12-28 02:58:17,555 T0000: 
================== Framework Module Hook Finish: batch/test_spytest_infra_1.py ==================
2023-12-28 02:58:17,556 T0000: 
================== Framework Function Hook: batch/test_spytest_infra_1.py::test_spytest_infra_last ==================
2023-12-28 02:58:20,639 T0439: [D1-V1] sudo show interfaces status
2023-12-28 02:58:20,641 T0440: [D2-V2] sudo show interfaces status
2023-12-28 02:58:22,350 T0442: [D2-V2] sudo show interfaces status Ethernet124
2023-12-28 02:58:22,354 T0441: [D1-V1] sudo show interfaces status Ethernet124
2023-12-28 02:58:25,477 T0000: 
================== Framework Function Hook Finish: batch/test_spytest_infra_1.py::test_spytest_infra_last ==================
2023-12-28 02:58:25,480 T0000: 
================== Test Execution: batch/test_spytest_infra_1.py::test_spytest_infra_last ==================
2023-12-28 02:58:25,504 T0000: 
================== Framework Function Hook Finalize: batch/test_spytest_infra_1.py::test_spytest_infra_last ==================
2023-12-28 02:58:25,510 T0443: [D1-V1] sudo show interfaces status Ethernet124
2023-12-28 02:58:25,518 T0444: [D2-V2] sudo show interfaces status Ethernet124
2023-12-28 02:58:27,904 T0000: 
================== Framework Module Hook Finalize: batch/test_spytest_infra_1.py Pass: 1/1 ==================
2023-12-28 02:58:27,904 T0000: 
================== Devices used: batch/test_spytest_infra_1.py 2 ['V1', 'V2'] ==================
2023-12-28 02:58:28,013 T0449: [D1-V1] ['stty cols 80']
2023-12-28 02:58:28,016 T0450: [D2-V2] ['stty cols 80']
