2024-01-03 03:14:23,897 T0000: WARN  #### gw6  
2024-01-03 03:14:23,897 T0000: WARN  support post-session-prolog session pass ''
2024-01-03 03:15:10,366 T0000: INFO  #### gw6  
2024-01-03 03:15:10,366 T0000: INFO  support pre-module-prolog system/test_snapshot.py  ''
2024-01-03 03:15:58,385 T0000: INFO  #### gw6  system/test_snapshot.py
2024-01-03 03:15:58,385 T0000: INFO  support post-module-prolog system/test_snapshot.py Pass ''
2024-01-03 03:16:29,301 T0000: INFO  #### gw6  system/test_snapshot.py
2024-01-03 03:16:29,301 T0000: INFO  support pre-function-prolog test_ft_watermark_telemetry_interval  ''
2024-01-03 03:16:29,317 T0000: INFO  #### gw6  system/test_snapshot.py::test_ft_watermark_telemetry_interval
2024-01-03 03:16:29,317 T0000: INFO  support post-function-prolog test_ft_watermark_telemetry_interval Pass ''
2024-01-03 03:16:39,381 T0000: WARN  #### gw6  system/test_snapshot.py::test_ft_watermark_telemetry_interval
2024-01-03 03:16:39,381 T0000: WARN  support testcase ft_sf_snapshot_tam_Error_Logs Fail 'Error logs are getting generated on the device'
2024-01-03 03:16:39,398 T0000: INFO  #### gw6  system/test_snapshot.py::test_ft_watermark_telemetry_interval
2024-01-03 03:16:39,398 T0000: INFO  support pre-function-epilog test_ft_watermark_telemetry_interval Pass 'verification of configured telemetry interval and reset to default interval is successful'
2024-01-03 03:16:39,402 T0000: INFO  #### gw6  system/test_snapshot.py::test_ft_watermark_telemetry_interval
2024-01-03 03:16:39,402 T0000: INFO  support post-function-epilog test_ft_watermark_telemetry_interval Pass 'verification of configured telemetry interval and reset to default interval is successful'
2024-01-03 03:16:39,426 T0000: WARN  #### gw6  system/test_snapshot.py::test_ft_watermark_telemetry_interval
2024-01-03 03:16:39,426 T0000: WARN  support pre-module-epilog system/test_snapshot.py pass ''
2024-01-03 03:17:10,688 T0000: WARN  #### gw6  system/test_snapshot.py::test_ft_watermark_telemetry_interval
2024-01-03 03:17:10,688 T0000: WARN  support post-module-epilog system/test_snapshot.py pass ''
2024-01-03 03:19:19,257 T0000: INFO  #### gw6  
2024-01-03 03:19:19,257 T0000: INFO  support pre-module-prolog security/test_tacacs.py  ''
2024-01-03 03:19:46,814 T0000: INFO  #### gw6  security/test_tacacs.py
2024-01-03 03:19:46,814 T0000: INFO  support post-module-prolog security/test_tacacs.py Pass ''
2024-01-03 03:20:17,649 T0000: INFO  #### gw6  security/test_tacacs.py
2024-01-03 03:20:17,649 T0000: INFO  support pre-function-prolog test_ft_tacacs_ssh_login_with_tacacs_operations  ''
2024-01-03 03:20:17,664 T0000: INFO  #### gw6  security/test_tacacs.py::test_ft_tacacs_ssh_login_with_tacacs_operations
2024-01-03 03:20:17,664 T0000: INFO  support post-function-prolog test_ft_tacacs_ssh_login_with_tacacs_operations Pass ''
2024-01-03 03:20:18,367 T0000: WARN  #### gw6  security/test_tacacs.py::test_ft_tacacs_ssh_login_with_tacacs_operations
2024-01-03 03:20:18,367 T0000: WARN  support pre-function-epilog test_ft_tacacs_ssh_login_with_tacacs_operations Fail 'PAM file is not created'
2024-01-03 03:20:18,796 T0000: WARN  #### gw6  security/test_tacacs.py::test_ft_tacacs_ssh_login_with_tacacs_operations
2024-01-03 03:20:18,796 T0000: WARN  support post-function-epilog test_ft_tacacs_ssh_login_with_tacacs_operations ignore 'PAM file is not created'
2024-01-03 03:20:18,833 T0000: WARN  #### gw6  security/test_tacacs.py::test_ft_tacacs_ssh_login_with_tacacs_operations
2024-01-03 03:20:18,833 T0000: WARN  support pre-module-epilog security/test_tacacs.py fail ''
2024-01-03 03:20:57,204 T0000: WARN  #### gw6  security/test_tacacs.py::test_ft_tacacs_ssh_login_with_tacacs_operations
2024-01-03 03:20:57,204 T0000: WARN  support post-module-epilog security/test_tacacs.py fail ''
2024-01-03 03:23:03,058 T0000: INFO  #### gw6  
2024-01-03 03:23:03,058 T0000: INFO  support pre-module-prolog system/test_ntp.py  ''
2024-01-03 03:23:26,682 T0000: INFO  #### gw6  system/test_ntp.py
2024-01-03 03:23:26,683 T0000: INFO  support post-module-prolog system/test_ntp.py Pass ''
2024-01-03 03:23:57,845 T0000: INFO  #### gw6  system/test_ntp.py
2024-01-03 03:23:57,845 T0000: INFO  support pre-function-prolog test_ft_ntp_disable_enable_with_message_log  ''
2024-01-03 03:23:57,858 T0000: INFO  #### gw6  system/test_ntp.py::test_ft_ntp_disable_enable_with_message_log
2024-01-03 03:23:57,858 T0000: INFO  support post-function-prolog test_ft_ntp_disable_enable_with_message_log Pass ''
2024-01-03 03:29:00,054 T0000: INFO  #### gw6  system/test_ntp.py::test_ft_ntp_disable_enable_with_message_log
2024-01-03 03:29:00,054 T0000: INFO  support pre-function-epilog test_ft_ntp_disable_enable_with_message_log Pass 'Test case passed'
2024-01-03 03:29:00,059 T0000: INFO  #### gw6  system/test_ntp.py::test_ft_ntp_disable_enable_with_message_log
2024-01-03 03:29:00,059 T0000: INFO  support post-function-epilog test_ft_ntp_disable_enable_with_message_log Pass 'Test case passed'
2024-01-03 03:29:04,480 T0000: INFO  #### gw6  system/test_ntp.py
2024-01-03 03:29:04,481 T0000: INFO  support pre-function-prolog test_ntp_exists_config  ''
2024-01-03 03:29:04,493 T0000: INFO  #### gw6  system/test_ntp.py::test_ntp_exists_config
2024-01-03 03:29:04,493 T0000: INFO  support post-function-prolog test_ntp_exists_config Pass ''
2024-01-03 03:29:10,237 T0000: INFO  #### gw6  system/test_ntp.py::test_ntp_exists_config
2024-01-03 03:29:10,237 T0000: INFO  support pre-function-epilog test_ntp_exists_config Pass 'Test case passed'
2024-01-03 03:29:10,241 T0000: INFO  #### gw6  system/test_ntp.py::test_ntp_exists_config
2024-01-03 03:29:10,241 T0000: INFO  support post-function-epilog test_ntp_exists_config Pass 'Test case passed'
2024-01-03 03:29:10,258 T0000: WARN  #### gw6  system/test_ntp.py::test_ntp_exists_config
2024-01-03 03:29:10,258 T0000: WARN  support pre-module-epilog system/test_ntp.py pass ''
2024-01-03 03:29:33,792 T0000: WARN  #### gw6  system/test_ntp.py::test_ntp_exists_config
2024-01-03 03:29:33,792 T0000: WARN  support post-module-epilog system/test_ntp.py pass ''
2024-01-03 03:31:10,902 T0000: WARN  #### gw6  batch/test_spytest_infra_1.py::test_spytest_infra_last
2024-01-03 03:31:10,902 T0000: WARN  support session-epilog session pass ''
