2023-12-31 01:26:19.911627 = START
2023-12-31 01:26:21.086913 = device connections start
2023-12-31 01:26:54.334311 = device connections finish
2023-12-31 01:26:54.341454 = session init start
2023-12-31 01:29:06.372679 = report file generation start
2023-12-31 01:29:06.460400 = report file generation end
2023-12-31 01:29:30.618360 = session init end
2023-12-31 01:29:30.620124 = Framework Module Hook Start
2023-12-31 01:29:31.031696 = module test_spytest_infra_1.py init start
2023-12-31 01:29:35.286944 = module test_spytest_infra_1.py init end
2023-12-31 01:29:35.287713 = Framework Module Hook end
2023-12-31 01:29:35.288532 = Framework Function Hook Start
2023-12-31 01:29:39.571567 = function batch/test_spytest_infra_1.py::test_spytest_infra_first init start
2023-12-31 01:29:44.189221 = function batch/test_spytest_infra_1.py::test_spytest_infra_first init end
2023-12-31 01:29:44.190206 = Framework Function Hook end
2023-12-31 01:29:44.193395 = Module Config Time (2023-12-31 01:29:30.620193 - 2023-12-31 01:29:35.289327) Published
2023-12-31 01:29:44.196649 = function batch/test_spytest_infra_1.py::test_spytest_infra_first clean start
2023-12-31 01:29:44.207004 = Test Time (2023-12-31 01:29:39.571654 - 2023-12-31 01:29:44.206997) Published
2023-12-31 01:29:44.213886 = function batch/test_spytest_infra_1.py::test_spytest_infra_first clean end
2023-12-31 01:29:44.214177 = Framework Function Hook Finalize
2023-12-31 01:29:44.356743 = Framework Function Hook Start
2023-12-31 01:29:44.357890 = function batch/test_spytest_infra_1.py::test_spytest_infra_second init start
2023-12-31 01:29:49.136272 = function batch/test_spytest_infra_1.py::test_spytest_infra_second init end
2023-12-31 01:29:49.137333 = Framework Function Hook end
2023-12-31 01:29:49.140919 = function batch/test_spytest_infra_1.py::test_spytest_infra_second clean start
2023-12-31 01:29:49.153295 = Test Time (2023-12-31 01:29:44.358082 - 2023-12-31 01:29:49.153289) Published
2023-12-31 01:29:49.159742 = function batch/test_spytest_infra_1.py::test_spytest_infra_second clean end
2023-12-31 01:29:49.160030 = Framework Function Hook Finalize
2023-12-31 01:29:49.160176 = module test_spytest_infra_1.py clean start
2023-12-31 01:29:51.656037 = report file generation start
2023-12-31 01:29:51.737766 = report file generation end
2023-12-31 01:29:51.744154 = module test_spytest_infra_1.py clean end
2023-12-31 01:29:51.744506 = Framework Module Hook Finalize
2023-12-31 01:29:51.746794 = Framework Module Hook Start
2023-12-31 01:29:52.156924 = module test_snmp.py init start
2023-12-31 01:30:20.555777 = module test_snmp.py init end
2023-12-31 01:30:20.556317 = Framework Module Hook end
2023-12-31 01:30:20.556870 = User Module system/test_snmp.py Hook Start
2023-12-31 01:31:37.265125 = User Module system/test_snmp.py Hook end
2023-12-31 01:31:37.265973 = Framework Function Hook Start
2023-12-31 01:32:05.727359 = function system/test_snmp.py::test_ft_snmp_sysName init start
2023-12-31 01:32:10.402237 = function system/test_snmp.py::test_ft_snmp_sysName init end
2023-12-31 01:32:10.404246 = Framework Function Hook end
2023-12-31 01:32:10.407763 = User Function system/test_snmp.py::test_ft_snmp_sysName Hook Start
2023-12-31 01:32:10.412041 = User Function system/test_snmp.py::test_ft_snmp_sysName Hook end
2023-12-31 01:32:10.414028 = Module Config Time (2023-12-31 01:29:51.746853 - 2023-12-31 01:31:37.266076) Published
2023-12-31 01:32:11.538092 = User Function system/test_snmp.py::test_ft_snmp_sysName Hook Finalize
2023-12-31 01:32:11.538455 = function system/test_snmp.py::test_ft_snmp_sysName clean start
2023-12-31 01:32:11.580581 = Test Time (2023-12-31 01:32:05.727457 - 2023-12-31 01:32:11.580570) Published
2023-12-31 01:32:11.587592 = function system/test_snmp.py::test_ft_snmp_sysName clean end
2023-12-31 01:32:11.588312 = Framework Function Hook Finalize
2023-12-31 01:32:11.591273 = Framework Function Hook Start
2023-12-31 01:32:11.592479 = function system/test_snmp.py::test_ft_snmp_test_syUpTime init start
2023-12-31 01:32:16.327908 = function system/test_snmp.py::test_ft_snmp_test_syUpTime init end
2023-12-31 01:32:16.328284 = Framework Function Hook end
2023-12-31 01:32:16.328612 = User Function system/test_snmp.py::test_ft_snmp_test_syUpTime Hook Start
2023-12-31 01:32:16.331258 = User Function system/test_snmp.py::test_ft_snmp_test_syUpTime Hook end
2023-12-31 01:32:17.639910 = User Function system/test_snmp.py::test_ft_snmp_test_syUpTime Hook Finalize
2023-12-31 01:32:17.640098 = function system/test_snmp.py::test_ft_snmp_test_syUpTime clean start
2023-12-31 01:32:17.652632 = Test Time (2023-12-31 01:32:11.592638 - 2023-12-31 01:32:17.652623) Published
2023-12-31 01:32:17.658309 = function system/test_snmp.py::test_ft_snmp_test_syUpTime clean end
2023-12-31 01:32:17.658636 = Framework Function Hook Finalize
2023-12-31 01:32:17.659860 = Framework Function Hook Start
2023-12-31 01:32:17.660250 = function system/test_snmp.py::test_ft_snmp_sysDescr init start
2023-12-31 01:32:22.379047 = function system/test_snmp.py::test_ft_snmp_sysDescr init end
2023-12-31 01:32:22.380115 = Framework Function Hook end
2023-12-31 01:32:22.381001 = User Function system/test_snmp.py::test_ft_snmp_sysDescr Hook Start
2023-12-31 01:32:22.389337 = User Function system/test_snmp.py::test_ft_snmp_sysDescr Hook end
2023-12-31 01:32:25.099627 = User Function system/test_snmp.py::test_ft_snmp_sysDescr Hook Finalize
2023-12-31 01:32:25.099815 = function system/test_snmp.py::test_ft_snmp_sysDescr clean start
2023-12-31 01:32:25.116876 = Test Time (2023-12-31 01:32:17.660312 - 2023-12-31 01:32:25.116867) Published
2023-12-31 01:32:25.122671 = function system/test_snmp.py::test_ft_snmp_sysDescr clean end
2023-12-31 01:32:25.122965 = Framework Function Hook Finalize
2023-12-31 01:32:25.124049 = Framework Function Hook Start
2023-12-31 01:32:25.124459 = function system/test_snmp.py::test_ft_snmp_mib_2 init start
2023-12-31 01:32:29.894732 = function system/test_snmp.py::test_ft_snmp_mib_2 init end
2023-12-31 01:32:29.895791 = Framework Function Hook end
2023-12-31 01:32:29.896648 = User Function system/test_snmp.py::test_ft_snmp_mib_2 Hook Start
2023-12-31 01:32:29.904977 = User Function system/test_snmp.py::test_ft_snmp_mib_2 Hook end
2023-12-31 01:32:32.139314 = User Function system/test_snmp.py::test_ft_snmp_mib_2 Hook Finalize
2023-12-31 01:32:32.139614 = function system/test_snmp.py::test_ft_snmp_mib_2 clean start
2023-12-31 01:32:32.218047 = Test Time (2023-12-31 01:32:25.124521 - 2023-12-31 01:32:32.218038) Published
2023-12-31 01:32:32.223509 = function system/test_snmp.py::test_ft_snmp_mib_2 clean end
2023-12-31 01:32:32.223823 = Framework Function Hook Finalize
2023-12-31 01:32:32.224768 = Framework Function Hook Start
2023-12-31 01:32:32.225194 = function system/test_snmp.py::test_ft_snmp_if_mib_all init start
2023-12-31 01:32:37.184071 = function system/test_snmp.py::test_ft_snmp_if_mib_all init end
2023-12-31 01:32:37.186605 = Framework Function Hook end
2023-12-31 01:32:37.190031 = User Function system/test_snmp.py::test_ft_snmp_if_mib_all Hook Start
2023-12-31 01:32:37.197900 = User Function system/test_snmp.py::test_ft_snmp_if_mib_all Hook end
2023-12-31 01:32:37.362115 = User Function system/test_snmp.py::test_ft_snmp_if_mib_all Hook Finalize
2023-12-31 01:32:37.362409 = function system/test_snmp.py::test_ft_snmp_if_mib_all clean start
2023-12-31 01:32:37.379267 = Test Time (2023-12-31 01:32:32.225258 - 2023-12-31 01:32:37.379258) Published
2023-12-31 01:32:37.385051 = function system/test_snmp.py::test_ft_snmp_if_mib_all clean end
2023-12-31 01:32:37.385396 = Framework Function Hook Finalize
2023-12-31 01:32:37.386787 = Framework Function Hook Start
2023-12-31 01:32:37.387212 = function system/test_snmp.py::test_ft_snmp_entity_mib_all init start
2023-12-31 01:32:42.134209 = function system/test_snmp.py::test_ft_snmp_entity_mib_all init end
2023-12-31 01:32:42.135277 = Framework Function Hook end
2023-12-31 01:32:42.136122 = User Function system/test_snmp.py::test_ft_snmp_entity_mib_all Hook Start
2023-12-31 01:32:42.144797 = User Function system/test_snmp.py::test_ft_snmp_entity_mib_all Hook end
2023-12-31 01:32:42.204052 = User Function system/test_snmp.py::test_ft_snmp_entity_mib_all Hook Finalize
2023-12-31 01:32:42.204266 = function system/test_snmp.py::test_ft_snmp_entity_mib_all clean start
2023-12-31 01:32:42.219648 = Test Time (2023-12-31 01:32:37.387273 - 2023-12-31 01:32:42.219641) Published
2023-12-31 01:32:42.225261 = function system/test_snmp.py::test_ft_snmp_entity_mib_all clean end
2023-12-31 01:32:42.225561 = Framework Function Hook Finalize
2023-12-31 01:32:42.226723 = Framework Function Hook Start
2023-12-31 01:32:42.227147 = function system/test_snmp.py::test_ft_snmp_dot1q_dot1db_mib init start
2023-12-31 01:32:46.941670 = function system/test_snmp.py::test_ft_snmp_dot1q_dot1db_mib init end
2023-12-31 01:32:46.942062 = Framework Function Hook end
2023-12-31 01:32:46.942414 = User Function system/test_snmp.py::test_ft_snmp_dot1q_dot1db_mib Hook Start
2023-12-31 01:32:46.945304 = User Function system/test_snmp.py::test_ft_snmp_dot1q_dot1db_mib Hook end
2023-12-31 01:32:47.040137 = User Function system/test_snmp.py::test_ft_snmp_dot1q_dot1db_mib Hook Finalize
2023-12-31 01:32:47.040351 = function system/test_snmp.py::test_ft_snmp_dot1q_dot1db_mib clean start
2023-12-31 01:32:47.056688 = Test Time (2023-12-31 01:32:42.227209 - 2023-12-31 01:32:47.056680) Published
2023-12-31 01:32:47.062276 = function system/test_snmp.py::test_ft_snmp_dot1q_dot1db_mib clean end
2023-12-31 01:32:47.062558 = Framework Function Hook Finalize
2023-12-31 01:32:47.063620 = Framework Function Hook Start
2023-12-31 01:32:47.064013 = function system/test_snmp.py::test_ft_snmp_root_node_walk init start
2023-12-31 01:32:51.703580 = function system/test_snmp.py::test_ft_snmp_root_node_walk init end
2023-12-31 01:32:51.704773 = Framework Function Hook end
2023-12-31 01:32:51.705731 = User Function system/test_snmp.py::test_ft_snmp_root_node_walk Hook Start
2023-12-31 01:32:51.713549 = User Function system/test_snmp.py::test_ft_snmp_root_node_walk Hook end
2023-12-31 01:32:55.257310 = User Function system/test_snmp.py::test_ft_snmp_root_node_walk Hook Finalize
2023-12-31 01:32:55.257621 = function system/test_snmp.py::test_ft_snmp_root_node_walk clean start
2023-12-31 01:32:55.285081 = Test Time (2023-12-31 01:32:47.064073 - 2023-12-31 01:32:55.285074) Published
2023-12-31 01:32:55.290770 = function system/test_snmp.py::test_ft_snmp_root_node_walk clean end
2023-12-31 01:32:55.291082 = Framework Function Hook Finalize
2023-12-31 01:32:55.292358 = Framework Function Hook Start
2023-12-31 01:32:55.292910 = function system/test_snmp.py::test_ft_snmp_ipAddressRowStatus_ipv6 init start
2023-12-31 01:33:00.047632 = function system/test_snmp.py::test_ft_snmp_ipAddressRowStatus_ipv6 init end
2023-12-31 01:33:00.048607 = Framework Function Hook end
2023-12-31 01:33:00.049463 = User Function system/test_snmp.py::test_ft_snmp_ipAddressRowStatus_ipv6 Hook Start
2023-12-31 01:33:00.055908 = User Function system/test_snmp.py::test_ft_snmp_ipAddressRowStatus_ipv6 Hook end
2023-12-31 01:33:06.605194 = User Function system/test_snmp.py::test_ft_snmp_ipAddressRowStatus_ipv6 Hook Finalize
2023-12-31 01:33:06.605369 = function system/test_snmp.py::test_ft_snmp_ipAddressRowStatus_ipv6 clean start
2023-12-31 01:33:06.617250 = Test Time (2023-12-31 01:32:55.292987 - 2023-12-31 01:33:06.617242) Published
2023-12-31 01:33:06.622758 = function system/test_snmp.py::test_ft_snmp_ipAddressRowStatus_ipv6 clean end
2023-12-31 01:33:06.623040 = Framework Function Hook Finalize
2023-12-31 01:33:06.624070 = Framework Function Hook Start
2023-12-31 01:33:06.624467 = function system/test_snmp.py::test_ft_snmp_ipAddressStorageType_ipv6 init start
2023-12-31 01:33:11.341255 = function system/test_snmp.py::test_ft_snmp_ipAddressStorageType_ipv6 init end
2023-12-31 01:33:11.341851 = Framework Function Hook end
2023-12-31 01:33:11.342608 = User Function system/test_snmp.py::test_ft_snmp_ipAddressStorageType_ipv6 Hook Start
2023-12-31 01:33:11.345498 = User Function system/test_snmp.py::test_ft_snmp_ipAddressStorageType_ipv6 Hook end
2023-12-31 01:33:11.377474 = User Function system/test_snmp.py::test_ft_snmp_ipAddressStorageType_ipv6 Hook Finalize
2023-12-31 01:33:11.377663 = function system/test_snmp.py::test_ft_snmp_ipAddressStorageType_ipv6 clean start
2023-12-31 01:33:11.392545 = Test Time (2023-12-31 01:33:06.624528 - 2023-12-31 01:33:11.392538) Published
2023-12-31 01:33:11.398221 = function system/test_snmp.py::test_ft_snmp_ipAddressStorageType_ipv6 clean end
2023-12-31 01:33:11.398487 = Framework Function Hook Finalize
2023-12-31 01:33:11.399562 = Framework Function Hook Start
2023-12-31 01:33:11.399934 = function system/test_snmp.py::test_ft_snmp_ipv6_If_Forward_default_HopLimit init start
2023-12-31 01:33:16.067667 = function system/test_snmp.py::test_ft_snmp_ipv6_If_Forward_default_HopLimit init end
2023-12-31 01:33:16.068341 = Framework Function Hook end
2023-12-31 01:33:16.068917 = User Function system/test_snmp.py::test_ft_snmp_ipv6_If_Forward_default_HopLimit Hook Start
2023-12-31 01:33:16.073413 = User Function system/test_snmp.py::test_ft_snmp_ipv6_If_Forward_default_HopLimit Hook end
2023-12-31 01:33:16.115737 = User Function system/test_snmp.py::test_ft_snmp_ipv6_If_Forward_default_HopLimit Hook Finalize
2023-12-31 01:33:16.116043 = function system/test_snmp.py::test_ft_snmp_ipv6_If_Forward_default_HopLimit clean start
2023-12-31 01:33:16.135570 = Test Time (2023-12-31 01:33:11.399993 - 2023-12-31 01:33:16.135562) Published
2023-12-31 01:33:16.141780 = function system/test_snmp.py::test_ft_snmp_ipv6_If_Forward_default_HopLimit clean end
2023-12-31 01:33:16.142091 = Framework Function Hook Finalize
2023-12-31 01:33:16.143102 = Framework Function Hook Start
2023-12-31 01:33:16.143485 = function system/test_snmp.py::test_ft_snmp_ipv6scope_index_table init start
2023-12-31 01:33:20.858969 = function system/test_snmp.py::test_ft_snmp_ipv6scope_index_table init end
2023-12-31 01:33:20.859779 = Framework Function Hook end
2023-12-31 01:33:20.860367 = User Function system/test_snmp.py::test_ft_snmp_ipv6scope_index_table Hook Start
2023-12-31 01:33:20.867097 = User Function system/test_snmp.py::test_ft_snmp_ipv6scope_index_table Hook end
2023-12-31 01:33:20.926510 = User Function system/test_snmp.py::test_ft_snmp_ipv6scope_index_table Hook Finalize
2023-12-31 01:33:20.926703 = function system/test_snmp.py::test_ft_snmp_ipv6scope_index_table clean start
2023-12-31 01:33:20.942419 = Test Time (2023-12-31 01:33:16.143544 - 2023-12-31 01:33:20.942411) Published
2023-12-31 01:33:20.947938 = function system/test_snmp.py::test_ft_snmp_ipv6scope_index_table clean end
2023-12-31 01:33:20.948305 = Framework Function Hook Finalize
2023-12-31 01:33:20.949447 = Framework Function Hook Start
2023-12-31 01:33:20.949847 = function system/test_snmp.py::test_ft_snmp_ip_forward_table init start
2023-12-31 01:33:25.621130 = function system/test_snmp.py::test_ft_snmp_ip_forward_table init end
2023-12-31 01:33:25.622008 = Framework Function Hook end
2023-12-31 01:33:25.622651 = User Function system/test_snmp.py::test_ft_snmp_ip_forward_table Hook Start
2023-12-31 01:33:25.627201 = User Function system/test_snmp.py::test_ft_snmp_ip_forward_table Hook end
2023-12-31 01:33:28.367566 = User Function system/test_snmp.py::test_ft_snmp_ip_forward_table Hook Finalize
2023-12-31 01:33:28.367773 = function system/test_snmp.py::test_ft_snmp_ip_forward_table clean start
2023-12-31 01:33:28.381078 = Test Time (2023-12-31 01:33:20.949906 - 2023-12-31 01:33:28.381071) Published
2023-12-31 01:33:28.386812 = function system/test_snmp.py::test_ft_snmp_ip_forward_table clean end
2023-12-31 01:33:28.387100 = Framework Function Hook Finalize
2023-12-31 01:33:28.388380 = Framework Function Hook Start
2023-12-31 01:33:28.388829 = function system/test_snmp.py::test_ft_snmp_ifx_table init start
2023-12-31 01:33:34.037952 = function system/test_snmp.py::test_ft_snmp_ifx_table init end
2023-12-31 01:33:34.039080 = Framework Function Hook end
2023-12-31 01:33:34.039959 = User Function system/test_snmp.py::test_ft_snmp_ifx_table Hook Start
2023-12-31 01:33:34.048282 = User Function system/test_snmp.py::test_ft_snmp_ifx_table Hook end
2023-12-31 01:33:34.234904 = User Function system/test_snmp.py::test_ft_snmp_ifx_table Hook Finalize
2023-12-31 01:33:34.235114 = function system/test_snmp.py::test_ft_snmp_ifx_table clean start
2023-12-31 01:33:34.251063 = Test Time (2023-12-31 01:33:28.388892 - 2023-12-31 01:33:34.251054) Published
2023-12-31 01:33:34.256617 = function system/test_snmp.py::test_ft_snmp_ifx_table clean end
2023-12-31 01:33:34.256959 = Framework Function Hook Finalize
2023-12-31 01:33:34.258154 = Framework Function Hook Start
2023-12-31 01:33:34.258580 = function system/test_snmp.py::test_ft_snmp_ip_System_Stats_Table init start
2023-12-31 01:33:39.041519 = function system/test_snmp.py::test_ft_snmp_ip_System_Stats_Table init end
2023-12-31 01:33:39.042625 = Framework Function Hook end
2023-12-31 01:33:39.043490 = User Function system/test_snmp.py::test_ft_snmp_ip_System_Stats_Table Hook Start
2023-12-31 01:33:39.050338 = User Function system/test_snmp.py::test_ft_snmp_ip_System_Stats_Table Hook end
2023-12-31 01:33:39.104560 = User Function system/test_snmp.py::test_ft_snmp_ip_System_Stats_Table Hook Finalize
2023-12-31 01:33:39.104736 = function system/test_snmp.py::test_ft_snmp_ip_System_Stats_Table clean start
2023-12-31 01:33:39.120431 = Test Time (2023-12-31 01:33:34.258641 - 2023-12-31 01:33:39.120423) Published
2023-12-31 01:33:39.125896 = function system/test_snmp.py::test_ft_snmp_ip_System_Stats_Table clean end
2023-12-31 01:33:39.126178 = Framework Function Hook Finalize
2023-12-31 01:33:39.127200 = Framework Function Hook Start
2023-12-31 01:33:39.127632 = function system/test_snmp.py::test_ft_snmp_ip_IfStats_Table init start
2023-12-31 01:33:43.873044 = function system/test_snmp.py::test_ft_snmp_ip_IfStats_Table init end
2023-12-31 01:33:43.874154 = Framework Function Hook end
2023-12-31 01:33:43.875003 = User Function system/test_snmp.py::test_ft_snmp_ip_IfStats_Table Hook Start
2023-12-31 01:33:43.880803 = User Function system/test_snmp.py::test_ft_snmp_ip_IfStats_Table Hook end
2023-12-31 01:33:44.207919 = User Function system/test_snmp.py::test_ft_snmp_ip_IfStats_Table Hook Finalize
2023-12-31 01:33:44.208182 = function system/test_snmp.py::test_ft_snmp_ip_IfStats_Table clean start
2023-12-31 01:33:44.229408 = Test Time (2023-12-31 01:33:39.127693 - 2023-12-31 01:33:44.229400) Published
2023-12-31 01:33:44.234943 = function system/test_snmp.py::test_ft_snmp_ip_IfStats_Table clean end
2023-12-31 01:33:44.235242 = Framework Function Hook Finalize
2023-12-31 01:33:44.236574 = Framework Function Hook Start
2023-12-31 01:33:44.237082 = function system/test_snmp.py::test_ft_snmp_ip_Address_Table init start
2023-12-31 01:33:48.861565 = function system/test_snmp.py::test_ft_snmp_ip_Address_Table init end
2023-12-31 01:33:48.862695 = Framework Function Hook end
2023-12-31 01:33:48.863718 = User Function system/test_snmp.py::test_ft_snmp_ip_Address_Table Hook Start
2023-12-31 01:33:48.869970 = User Function system/test_snmp.py::test_ft_snmp_ip_Address_Table Hook end
2023-12-31 01:33:48.926629 = User Function system/test_snmp.py::test_ft_snmp_ip_Address_Table Hook Finalize
2023-12-31 01:33:48.926829 = function system/test_snmp.py::test_ft_snmp_ip_Address_Table clean start
2023-12-31 01:33:48.942659 = Test Time (2023-12-31 01:33:44.237153 - 2023-12-31 01:33:48.942651) Published
2023-12-31 01:33:48.948019 = function system/test_snmp.py::test_ft_snmp_ip_Address_Table clean end
2023-12-31 01:33:48.948302 = Framework Function Hook Finalize
2023-12-31 01:33:48.949393 = Framework Function Hook Start
2023-12-31 01:33:48.949809 = function system/test_snmp.py::test_ft_snmp_ip_NetToPhysical_Table init start
2023-12-31 01:33:53.663003 = function system/test_snmp.py::test_ft_snmp_ip_NetToPhysical_Table init end
2023-12-31 01:33:53.663900 = Framework Function Hook end
2023-12-31 01:33:53.664684 = User Function system/test_snmp.py::test_ft_snmp_ip_NetToPhysical_Table Hook Start
2023-12-31 01:33:53.667687 = User Function system/test_snmp.py::test_ft_snmp_ip_NetToPhysical_Table Hook end
2023-12-31 01:33:53.715484 = User Function system/test_snmp.py::test_ft_snmp_ip_NetToPhysical_Table Hook Finalize
2023-12-31 01:33:53.715668 = function system/test_snmp.py::test_ft_snmp_ip_NetToPhysical_Table clean start
2023-12-31 01:33:53.731096 = Test Time (2023-12-31 01:33:48.949872 - 2023-12-31 01:33:53.731088) Published
2023-12-31 01:33:53.736388 = function system/test_snmp.py::test_ft_snmp_ip_NetToPhysical_Table clean end
2023-12-31 01:33:53.736669 = Framework Function Hook Finalize
2023-12-31 01:33:53.737719 = Framework Function Hook Start
2023-12-31 01:33:53.738118 = function system/test_snmp.py::test_ft_snmp_icmp_Msgs init start
2023-12-31 01:33:58.507623 = function system/test_snmp.py::test_ft_snmp_icmp_Msgs init end
2023-12-31 01:33:58.508181 = Framework Function Hook end
2023-12-31 01:33:58.508578 = User Function system/test_snmp.py::test_ft_snmp_icmp_Msgs Hook Start
2023-12-31 01:33:58.511718 = User Function system/test_snmp.py::test_ft_snmp_icmp_Msgs Hook end
2023-12-31 01:33:58.570025 = User Function system/test_snmp.py::test_ft_snmp_icmp_Msgs Hook Finalize
2023-12-31 01:33:58.570262 = function system/test_snmp.py::test_ft_snmp_icmp_Msgs clean start
2023-12-31 01:33:58.588605 = Test Time (2023-12-31 01:33:53.738179 - 2023-12-31 01:33:58.588594) Published
2023-12-31 01:33:58.594487 = function system/test_snmp.py::test_ft_snmp_icmp_Msgs clean end
2023-12-31 01:33:58.594898 = Framework Function Hook Finalize
2023-12-31 01:33:58.597447 = Framework Function Hook Start
2023-12-31 01:33:58.598912 = function system/test_snmp.py::test_ft_snmp_tcp_mib init start
2023-12-31 01:34:03.379822 = function system/test_snmp.py::test_ft_snmp_tcp_mib init end
2023-12-31 01:34:03.380805 = Framework Function Hook end
2023-12-31 01:34:03.381632 = User Function system/test_snmp.py::test_ft_snmp_tcp_mib Hook Start
2023-12-31 01:34:03.387267 = User Function system/test_snmp.py::test_ft_snmp_tcp_mib Hook end
2023-12-31 01:34:05.444666 = User Function system/test_snmp.py::test_ft_snmp_tcp_mib Hook Finalize
2023-12-31 01:34:05.444920 = function system/test_snmp.py::test_ft_snmp_tcp_mib clean start
2023-12-31 01:34:05.464579 = Test Time (2023-12-31 01:33:58.599098 - 2023-12-31 01:34:05.464572) Published
2023-12-31 01:34:05.470054 = function system/test_snmp.py::test_ft_snmp_tcp_mib clean end
2023-12-31 01:34:05.470338 = Framework Function Hook Finalize
2023-12-31 01:34:05.471596 = Framework Function Hook Start
2023-12-31 01:34:05.472054 = function system/test_snmp.py::test_ft_snmp_udp_mib init start
2023-12-31 01:34:10.235663 = function system/test_snmp.py::test_ft_snmp_udp_mib init end
2023-12-31 01:34:10.237093 = Framework Function Hook end
2023-12-31 01:34:10.238029 = User Function system/test_snmp.py::test_ft_snmp_udp_mib Hook Start
2023-12-31 01:34:10.246401 = User Function system/test_snmp.py::test_ft_snmp_udp_mib Hook end
2023-12-31 01:34:10.315832 = User Function system/test_snmp.py::test_ft_snmp_udp_mib Hook Finalize
2023-12-31 01:34:10.316042 = function system/test_snmp.py::test_ft_snmp_udp_mib clean start
2023-12-31 01:34:10.337041 = Test Time (2023-12-31 01:34:05.472114 - 2023-12-31 01:34:10.337033) Published
2023-12-31 01:34:10.342429 = function system/test_snmp.py::test_ft_snmp_udp_mib clean end
2023-12-31 01:34:10.342729 = Framework Function Hook Finalize
2023-12-31 01:34:10.343832 = Framework Function Hook Start
2023-12-31 01:34:10.344237 = function system/test_snmp.py::test_ft_snmp_snmpv2_mib init start
2023-12-31 01:34:15.114696 = function system/test_snmp.py::test_ft_snmp_snmpv2_mib init end
2023-12-31 01:34:15.115778 = Framework Function Hook end
2023-12-31 01:34:15.116614 = User Function system/test_snmp.py::test_ft_snmp_snmpv2_mib Hook Start
2023-12-31 01:34:15.125110 = User Function system/test_snmp.py::test_ft_snmp_snmpv2_mib Hook end
2023-12-31 01:34:15.168556 = User Function system/test_snmp.py::test_ft_snmp_snmpv2_mib Hook Finalize
2023-12-31 01:34:15.168778 = function system/test_snmp.py::test_ft_snmp_snmpv2_mib clean start
2023-12-31 01:34:15.184401 = Test Time (2023-12-31 01:34:10.344297 - 2023-12-31 01:34:15.184394) Published
2023-12-31 01:34:15.189718 = function system/test_snmp.py::test_ft_snmp_snmpv2_mib clean end
2023-12-31 01:34:15.190011 = Framework Function Hook Finalize
2023-12-31 01:34:15.191074 = Framework Function Hook Start
2023-12-31 01:34:15.191469 = function system/test_snmp.py::test_ft_snmp_host_resource_mib init start
2023-12-31 01:34:19.856539 = function system/test_snmp.py::test_ft_snmp_host_resource_mib init end
2023-12-31 01:34:19.857672 = Framework Function Hook end
2023-12-31 01:34:19.858523 = User Function system/test_snmp.py::test_ft_snmp_host_resource_mib Hook Start
2023-12-31 01:34:19.866644 = User Function system/test_snmp.py::test_ft_snmp_host_resource_mib Hook end
2023-12-31 01:34:20.088183 = User Function system/test_snmp.py::test_ft_snmp_host_resource_mib Hook Finalize
2023-12-31 01:34:20.088394 = function system/test_snmp.py::test_ft_snmp_host_resource_mib clean start
2023-12-31 01:34:20.103667 = Test Time (2023-12-31 01:34:15.191528 - 2023-12-31 01:34:20.103659) Published
2023-12-31 01:34:20.109274 = function system/test_snmp.py::test_ft_snmp_host_resource_mib clean end
2023-12-31 01:34:20.109581 = Framework Function Hook Finalize
2023-12-31 01:34:20.110666 = Framework Function Hook Start
2023-12-31 01:34:20.111067 = function system/test_snmp.py::test_ft_snmp_framework_mib init start
2023-12-31 01:34:24.862471 = function system/test_snmp.py::test_ft_snmp_framework_mib init end
2023-12-31 01:34:24.863589 = Framework Function Hook end
2023-12-31 01:34:24.864437 = User Function system/test_snmp.py::test_ft_snmp_framework_mib Hook Start
2023-12-31 01:34:24.872043 = User Function system/test_snmp.py::test_ft_snmp_framework_mib Hook end
2023-12-31 01:34:24.905091 = User Function system/test_snmp.py::test_ft_snmp_framework_mib Hook Finalize
2023-12-31 01:34:24.905311 = function system/test_snmp.py::test_ft_snmp_framework_mib clean start
2023-12-31 01:34:24.921840 = Test Time (2023-12-31 01:34:20.111128 - 2023-12-31 01:34:24.921832) Published
2023-12-31 01:34:24.927200 = function system/test_snmp.py::test_ft_snmp_framework_mib clean end
2023-12-31 01:34:24.927479 = Framework Function Hook Finalize
2023-12-31 01:34:24.928529 = Framework Function Hook Start
2023-12-31 01:34:24.928919 = function system/test_snmp.py::test_ft_snmp_mpd_mib init start
2023-12-31 01:34:29.763355 = function system/test_snmp.py::test_ft_snmp_mpd_mib init end
2023-12-31 01:34:29.764009 = Framework Function Hook end
2023-12-31 01:34:29.764764 = User Function system/test_snmp.py::test_ft_snmp_mpd_mib Hook Start
2023-12-31 01:34:29.768151 = User Function system/test_snmp.py::test_ft_snmp_mpd_mib Hook end
2023-12-31 01:34:29.829062 = User Function system/test_snmp.py::test_ft_snmp_mpd_mib Hook Finalize
2023-12-31 01:34:29.829517 = function system/test_snmp.py::test_ft_snmp_mpd_mib clean start
2023-12-31 01:34:29.846598 = Test Time (2023-12-31 01:34:24.929007 - 2023-12-31 01:34:29.846589) Published
2023-12-31 01:34:29.852181 = function system/test_snmp.py::test_ft_snmp_mpd_mib clean end
2023-12-31 01:34:29.852487 = Framework Function Hook Finalize
2023-12-31 01:34:29.853811 = Framework Function Hook Start
2023-12-31 01:34:29.854248 = function system/test_snmp.py::test_ft_snmp_target_mib init start
2023-12-31 01:34:34.687513 = function system/test_snmp.py::test_ft_snmp_target_mib init end
2023-12-31 01:34:34.688512 = Framework Function Hook end
2023-12-31 01:34:34.689287 = User Function system/test_snmp.py::test_ft_snmp_target_mib Hook Start
2023-12-31 01:34:34.694488 = User Function system/test_snmp.py::test_ft_snmp_target_mib Hook end
2023-12-31 01:34:34.729677 = User Function system/test_snmp.py::test_ft_snmp_target_mib Hook Finalize
2023-12-31 01:34:34.729855 = function system/test_snmp.py::test_ft_snmp_target_mib clean start
2023-12-31 01:34:34.746578 = Test Time (2023-12-31 01:34:29.854311 - 2023-12-31 01:34:34.746570) Published
2023-12-31 01:34:34.752130 = function system/test_snmp.py::test_ft_snmp_target_mib clean end
2023-12-31 01:34:34.752418 = Framework Function Hook Finalize
2023-12-31 01:34:34.753495 = Framework Function Hook Start
2023-12-31 01:34:34.753924 = function system/test_snmp.py::test_ft_snmp_notification_mib init start
2023-12-31 01:34:39.571351 = function system/test_snmp.py::test_ft_snmp_notification_mib init end
2023-12-31 01:34:39.572257 = Framework Function Hook end
2023-12-31 01:34:39.573057 = User Function system/test_snmp.py::test_ft_snmp_notification_mib Hook Start
2023-12-31 01:34:39.578545 = User Function system/test_snmp.py::test_ft_snmp_notification_mib Hook end
2023-12-31 01:34:39.609612 = User Function system/test_snmp.py::test_ft_snmp_notification_mib Hook Finalize
2023-12-31 01:34:39.609926 = function system/test_snmp.py::test_ft_snmp_notification_mib clean start
2023-12-31 01:34:39.626531 = Test Time (2023-12-31 01:34:34.753997 - 2023-12-31 01:34:39.626524) Published
2023-12-31 01:34:39.631792 = function system/test_snmp.py::test_ft_snmp_notification_mib clean end
2023-12-31 01:34:39.632059 = Framework Function Hook Finalize
2023-12-31 01:34:39.633017 = Framework Function Hook Start
2023-12-31 01:34:39.633392 = function system/test_snmp.py::test_ft_snmp_user_based_sm_mib init start
2023-12-31 01:34:44.365029 = function system/test_snmp.py::test_ft_snmp_user_based_sm_mib init end
2023-12-31 01:34:44.365575 = Framework Function Hook end
2023-12-31 01:34:44.365896 = User Function system/test_snmp.py::test_ft_snmp_user_based_sm_mib Hook Start
2023-12-31 01:34:44.368557 = User Function system/test_snmp.py::test_ft_snmp_user_based_sm_mib Hook end
2023-12-31 01:34:44.395658 = User Function system/test_snmp.py::test_ft_snmp_user_based_sm_mib Hook Finalize
2023-12-31 01:34:44.395953 = function system/test_snmp.py::test_ft_snmp_user_based_sm_mib clean start
2023-12-31 01:34:44.416188 = Test Time (2023-12-31 01:34:39.633452 - 2023-12-31 01:34:44.416181) Published
2023-12-31 01:34:44.421446 = function system/test_snmp.py::test_ft_snmp_user_based_sm_mib clean end
2023-12-31 01:34:44.421718 = Framework Function Hook Finalize
2023-12-31 01:34:44.422729 = Framework Function Hook Start
2023-12-31 01:34:44.423100 = function system/test_snmp.py::test_ft_snmp_view_based_acm_mib init start
2023-12-31 01:34:49.298558 = function system/test_snmp.py::test_ft_snmp_view_based_acm_mib init end
2023-12-31 01:34:49.299464 = Framework Function Hook end
2023-12-31 01:34:49.300234 = User Function system/test_snmp.py::test_ft_snmp_view_based_acm_mib Hook Start
2023-12-31 01:34:49.303454 = User Function system/test_snmp.py::test_ft_snmp_view_based_acm_mib Hook end
2023-12-31 01:34:49.348646 = User Function system/test_snmp.py::test_ft_snmp_view_based_acm_mib Hook Finalize
2023-12-31 01:34:49.348820 = function system/test_snmp.py::test_ft_snmp_view_based_acm_mib clean start
2023-12-31 01:34:49.365629 = Test Time (2023-12-31 01:34:44.423158 - 2023-12-31 01:34:49.365622) Published
2023-12-31 01:34:49.371163 = function system/test_snmp.py::test_ft_snmp_view_based_acm_mib clean end
2023-12-31 01:34:49.371523 = Framework Function Hook Finalize
2023-12-31 01:34:49.372901 = Framework Function Hook Start
2023-12-31 01:34:49.373427 = function system/test_snmp.py::test_ft_snmp_ent_physical_table init start
2023-12-31 01:34:54.153776 = function system/test_snmp.py::test_ft_snmp_ent_physical_table init end
2023-12-31 01:34:54.154122 = Framework Function Hook end
2023-12-31 01:34:54.154428 = User Function system/test_snmp.py::test_ft_snmp_ent_physical_table Hook Start
2023-12-31 01:34:54.157012 = User Function system/test_snmp.py::test_ft_snmp_ent_physical_table Hook end
2023-12-31 01:34:54.210265 = User Function system/test_snmp.py::test_ft_snmp_ent_physical_table Hook Finalize
2023-12-31 01:34:54.210458 = function system/test_snmp.py::test_ft_snmp_ent_physical_table clean start
2023-12-31 01:34:54.227764 = Test Time (2023-12-31 01:34:49.373509 - 2023-12-31 01:34:54.227756) Published
2023-12-31 01:34:54.233428 = function system/test_snmp.py::test_ft_snmp_ent_physical_table clean end
2023-12-31 01:34:54.233703 = Framework Function Hook Finalize
2023-12-31 01:34:54.234731 = Framework Function Hook Start
2023-12-31 01:34:54.235109 = function system/test_snmp.py::test_ft_snmp_dot3_stats_table init start
2023-12-31 01:34:58.281889 = function system/test_snmp.py::test_ft_snmp_dot3_stats_table init end
2023-12-31 01:34:58.282991 = Framework Function Hook end
2023-12-31 01:34:58.283840 = User Function system/test_snmp.py::test_ft_snmp_dot3_stats_table Hook Start
2023-12-31 01:34:58.301557 = User Function system/test_snmp.py::test_ft_snmp_dot3_stats_table Hook end
2023-12-31 01:34:58.358983 = User Function system/test_snmp.py::test_ft_snmp_dot3_stats_table Hook Finalize
2023-12-31 01:34:58.359182 = function system/test_snmp.py::test_ft_snmp_dot3_stats_table clean start
2023-12-31 01:34:58.377973 = Test Time (2023-12-31 01:34:54.235168 - 2023-12-31 01:34:58.377966) Published
2023-12-31 01:34:58.383421 = function system/test_snmp.py::test_ft_snmp_dot3_stats_table clean end
2023-12-31 01:34:58.383700 = Framework Function Hook Finalize
2023-12-31 01:34:58.384840 = Framework Function Hook Start
2023-12-31 01:34:58.385227 = function system/test_snmp.py::test_ft_net_snmp_agent_mib init start
2023-12-31 01:35:03.112844 = function system/test_snmp.py::test_ft_net_snmp_agent_mib init end
2023-12-31 01:35:03.113310 = Framework Function Hook end
2023-12-31 01:35:03.113650 = User Function system/test_snmp.py::test_ft_net_snmp_agent_mib Hook Start
2023-12-31 01:35:03.116108 = User Function system/test_snmp.py::test_ft_net_snmp_agent_mib Hook end
2023-12-31 01:35:03.807587 = User Function system/test_snmp.py::test_ft_net_snmp_agent_mib Hook Finalize
2023-12-31 01:35:03.807789 = function system/test_snmp.py::test_ft_net_snmp_agent_mib clean start
2023-12-31 01:35:03.850618 = Test Time (2023-12-31 01:34:58.385286 - 2023-12-31 01:35:03.850588) Published
2023-12-31 01:35:03.856687 = function system/test_snmp.py::test_ft_net_snmp_agent_mib clean end
2023-12-31 01:35:03.857782 = Framework Function Hook Finalize
2023-12-31 01:35:03.861504 = Framework Function Hook Start
2023-12-31 01:35:03.862191 = function system/test_snmp.py::test_ft_net_snmp_vacm_mib init start
2023-12-31 01:35:08.539431 = function system/test_snmp.py::test_ft_net_snmp_vacm_mib init end
2023-12-31 01:35:08.540665 = Framework Function Hook end
2023-12-31 01:35:08.541232 = User Function system/test_snmp.py::test_ft_net_snmp_vacm_mib Hook Start
2023-12-31 01:35:08.543789 = User Function system/test_snmp.py::test_ft_net_snmp_vacm_mib Hook end
2023-12-31 01:35:08.586252 = User Function system/test_snmp.py::test_ft_net_snmp_vacm_mib Hook Finalize
2023-12-31 01:35:08.586595 = function system/test_snmp.py::test_ft_net_snmp_vacm_mib clean start
2023-12-31 01:35:08.604284 = Test Time (2023-12-31 01:35:03.862256 - 2023-12-31 01:35:08.604276) Published
2023-12-31 01:35:08.609839 = function system/test_snmp.py::test_ft_net_snmp_vacm_mib clean end
2023-12-31 01:35:08.610108 = Framework Function Hook Finalize
2023-12-31 01:35:08.611246 = Framework Function Hook Start
2023-12-31 01:35:08.611637 = function system/test_snmp.py::test_ft_snmp_ucd_diskio_mib init start
2023-12-31 01:35:13.296017 = function system/test_snmp.py::test_ft_snmp_ucd_diskio_mib init end
2023-12-31 01:35:13.297266 = Framework Function Hook end
2023-12-31 01:35:13.298121 = User Function system/test_snmp.py::test_ft_snmp_ucd_diskio_mib Hook Start
2023-12-31 01:35:13.307708 = User Function system/test_snmp.py::test_ft_snmp_ucd_diskio_mib Hook end
2023-12-31 01:35:13.367716 = User Function system/test_snmp.py::test_ft_snmp_ucd_diskio_mib Hook Finalize
2023-12-31 01:35:13.367920 = function system/test_snmp.py::test_ft_snmp_ucd_diskio_mib clean start
2023-12-31 01:35:13.387089 = Test Time (2023-12-31 01:35:08.611696 - 2023-12-31 01:35:13.387080) Published
2023-12-31 01:35:13.393093 = function system/test_snmp.py::test_ft_snmp_ucd_diskio_mib clean end
2023-12-31 01:35:13.393384 = Framework Function Hook Finalize
2023-12-31 01:35:13.394542 = Framework Function Hook Start
2023-12-31 01:35:13.394968 = function system/test_snmp.py::test_ft_snmp_ucd_la_table init start
2023-12-31 01:35:18.201497 = function system/test_snmp.py::test_ft_snmp_ucd_la_table init end
2023-12-31 01:35:18.201883 = Framework Function Hook end
2023-12-31 01:35:18.202232 = User Function system/test_snmp.py::test_ft_snmp_ucd_la_table Hook Start
2023-12-31 01:35:18.204835 = User Function system/test_snmp.py::test_ft_snmp_ucd_la_table Hook end
2023-12-31 01:35:18.240939 = User Function system/test_snmp.py::test_ft_snmp_ucd_la_table Hook Finalize
2023-12-31 01:35:18.241173 = function system/test_snmp.py::test_ft_snmp_ucd_la_table clean start
2023-12-31 01:35:18.258026 = Test Time (2023-12-31 01:35:13.395030 - 2023-12-31 01:35:18.258019) Published
2023-12-31 01:35:18.263414 = function system/test_snmp.py::test_ft_snmp_ucd_la_table clean end
2023-12-31 01:35:18.263689 = Framework Function Hook Finalize
2023-12-31 01:35:18.264763 = Framework Function Hook Start
2023-12-31 01:35:18.265164 = function system/test_snmp.py::test_ft_snmp_ucd_system_stats init start
2023-12-31 01:35:23.247975 = function system/test_snmp.py::test_ft_snmp_ucd_system_stats init end
2023-12-31 01:35:23.248451 = Framework Function Hook end
2023-12-31 01:35:23.248897 = User Function system/test_snmp.py::test_ft_snmp_ucd_system_stats Hook Start
2023-12-31 01:35:23.252431 = User Function system/test_snmp.py::test_ft_snmp_ucd_system_stats Hook end
2023-12-31 01:35:23.291193 = User Function system/test_snmp.py::test_ft_snmp_ucd_system_stats Hook Finalize
2023-12-31 01:35:23.291544 = function system/test_snmp.py::test_ft_snmp_ucd_system_stats clean start
2023-12-31 01:35:23.307946 = Test Time (2023-12-31 01:35:18.265236 - 2023-12-31 01:35:23.307938) Published
2023-12-31 01:35:23.314762 = function system/test_snmp.py::test_ft_snmp_ucd_system_stats clean end
2023-12-31 01:35:23.316059 = Framework Function Hook Finalize
2023-12-31 01:35:23.318611 = Framework Function Hook Start
2023-12-31 01:35:23.319212 = function system/test_snmp.py::test_ft_snmp_dot1q_tp_fdb_port init start
2023-12-31 01:35:28.053566 = function system/test_snmp.py::test_ft_snmp_dot1q_tp_fdb_port init end
2023-12-31 01:35:28.054689 = Framework Function Hook end
2023-12-31 01:35:28.055618 = User Function system/test_snmp.py::test_ft_snmp_dot1q_tp_fdb_port Hook Start
2023-12-31 01:35:28.061983 = User Function system/test_snmp.py::test_ft_snmp_dot1q_tp_fdb_port Hook end
2023-12-31 01:35:29.932253 = User Function system/test_snmp.py::test_ft_snmp_dot1q_tp_fdb_port Hook Finalize
2023-12-31 01:35:29.932463 = function system/test_snmp.py::test_ft_snmp_dot1q_tp_fdb_port clean start
2023-12-31 01:35:29.964149 = Test Time (2023-12-31 01:35:23.319274 - 2023-12-31 01:35:29.964139) Published
2023-12-31 01:35:29.970504 = function system/test_snmp.py::test_ft_snmp_dot1q_tp_fdb_port clean end
2023-12-31 01:35:29.970861 = Framework Function Hook Finalize
2023-12-31 01:35:29.972068 = Framework Function Hook Start
2023-12-31 01:35:29.972534 = function system/test_snmp.py::test_ft_snmp_dot1q_tp_fdb_address init start
2023-12-31 01:35:34.705114 = function system/test_snmp.py::test_ft_snmp_dot1q_tp_fdb_address init end
2023-12-31 01:35:34.705670 = Framework Function Hook end
2023-12-31 01:35:34.706157 = User Function system/test_snmp.py::test_ft_snmp_dot1q_tp_fdb_address Hook Start
2023-12-31 01:35:34.710415 = User Function system/test_snmp.py::test_ft_snmp_dot1q_tp_fdb_address Hook end
2023-12-31 01:35:35.116648 = User Function system/test_snmp.py::test_ft_snmp_dot1q_tp_fdb_address Hook Finalize
2023-12-31 01:35:35.117023 = function system/test_snmp.py::test_ft_snmp_dot1q_tp_fdb_address clean start
2023-12-31 01:35:35.134023 = Test Time (2023-12-31 01:35:29.972610 - 2023-12-31 01:35:35.134015) Published
2023-12-31 01:35:35.139392 = function system/test_snmp.py::test_ft_snmp_dot1q_tp_fdb_address clean end
2023-12-31 01:35:35.139673 = Framework Function Hook Finalize
2023-12-31 01:35:35.140824 = Framework Function Hook Start
2023-12-31 01:35:35.141227 = function system/test_snmp.py::test_ft_snmp_coldstart_trap init start
2023-12-31 01:35:39.916371 = function system/test_snmp.py::test_ft_snmp_coldstart_trap init end
2023-12-31 01:35:39.916785 = Framework Function Hook end
2023-12-31 01:35:39.917139 = User Function system/test_snmp.py::test_ft_snmp_coldstart_trap Hook Start
2023-12-31 01:35:39.919853 = User Function system/test_snmp.py::test_ft_snmp_coldstart_trap Hook end
2023-12-31 01:35:53.218773 = User Function system/test_snmp.py::test_ft_snmp_coldstart_trap Hook Finalize
2023-12-31 01:35:53.218975 = function system/test_snmp.py::test_ft_snmp_coldstart_trap clean start
2023-12-31 01:35:53.258119 = Test Time (2023-12-31 01:35:35.141288 - 2023-12-31 01:35:53.258109) Published
2023-12-31 01:35:53.263653 = function system/test_snmp.py::test_ft_snmp_coldstart_trap clean end
2023-12-31 01:35:53.264073 = Framework Function Hook Finalize
2023-12-31 01:35:53.265247 = Framework Function Hook Start
2023-12-31 01:35:53.265668 = function system/test_snmp.py::test_ft_snmp_docker_restart init start
2023-12-31 01:35:58.123951 = function system/test_snmp.py::test_ft_snmp_docker_restart init end
2023-12-31 01:35:58.124950 = Framework Function Hook end
2023-12-31 01:35:58.125945 = User Function system/test_snmp.py::test_ft_snmp_docker_restart Hook Start
2023-12-31 01:35:58.132031 = User Function system/test_snmp.py::test_ft_snmp_docker_restart Hook end
2023-12-31 01:36:12.225311 = User Function system/test_snmp.py::test_ft_snmp_docker_restart Hook Finalize
2023-12-31 01:36:12.225511 = function system/test_snmp.py::test_ft_snmp_docker_restart clean start
2023-12-31 01:36:12.262431 = Test Time (2023-12-31 01:35:53.265734 - 2023-12-31 01:36:12.262419) Published
2023-12-31 01:36:12.268958 = function system/test_snmp.py::test_ft_snmp_docker_restart clean end
2023-12-31 01:36:12.269419 = Framework Function Hook Finalize
2023-12-31 01:37:03.824003 = User Module system/test_snmp.py Hook Finalize
2023-12-31 01:37:03.824574 = module test_snmp.py clean start
2023-12-31 01:37:30.653238 = report file generation start
2023-12-31 01:37:30.745735 = report file generation end
2023-12-31 01:37:30.751405 = module test_snmp.py clean end
2023-12-31 01:37:30.752138 = Framework Module Hook Finalize
2023-12-31 01:37:30.895410 = Framework Module Hook Start
2023-12-31 01:37:31.311555 = module test_spytest_infra_1.py init start
2023-12-31 01:41:36.658149 = module test_spytest_infra_1.py init end
2023-12-31 01:41:36.658985 = Framework Module Hook end
2023-12-31 01:41:36.659883 = Framework Function Hook Start
2023-12-31 01:41:40.947098 = function batch/test_spytest_infra_1.py::test_spytest_infra_last init start
2023-12-31 01:41:46.317015 = function batch/test_spytest_infra_1.py::test_spytest_infra_last init end
2023-12-31 01:41:46.318091 = Framework Function Hook end
2023-12-31 01:41:46.319653 = Module Config Time (2023-12-31 01:37:30.895580 - 2023-12-31 01:41:36.660138) Published
2023-12-31 01:41:46.322061 = function batch/test_spytest_infra_1.py::test_spytest_infra_last clean start
2023-12-31 01:41:46.335630 = Test Time (2023-12-31 01:41:40.947194 - 2023-12-31 01:41:46.335623) Published
2023-12-31 01:41:46.341079 = function batch/test_spytest_infra_1.py::test_spytest_infra_last clean end
2023-12-31 01:41:46.341400 = Framework Function Hook Finalize
2023-12-31 01:41:46.341567 = module test_spytest_infra_1.py clean start
2023-12-31 01:41:48.893538 = report file generation start
2023-12-31 01:41:48.992580 = report file generation end
2023-12-31 01:41:48.997809 = module test_spytest_infra_1.py clean end
2023-12-31 01:41:48.998239 = Framework Module Hook Finalize
2023-12-31 01:41:49.000470 = Framework Module Hook Start
2023-12-31 01:41:49.411793 = module test_tacacs.py init start
2023-12-31 01:44:42.774734 = module test_tacacs.py init end
2023-12-31 01:44:42.775334 = Framework Module Hook end
2023-12-31 01:44:42.776019 = User Module security/test_tacacs.py Hook Start
2023-12-31 01:44:47.290843 = User Module security/test_tacacs.py Hook end
2023-12-31 01:44:47.291724 = Framework Function Hook Start
2023-12-31 01:45:15.598630 = function security/test_tacacs.py::test_ft_tacacs_ssh_login_with_tacacs_operations init start
2023-12-31 01:45:20.273928 = function security/test_tacacs.py::test_ft_tacacs_ssh_login_with_tacacs_operations init end
2023-12-31 01:45:20.275563 = Framework Function Hook end
2023-12-31 01:45:20.276594 = User Function security/test_tacacs.py::test_ft_tacacs_ssh_login_with_tacacs_operations Hook Start
2023-12-31 01:45:20.281108 = User Function security/test_tacacs.py::test_ft_tacacs_ssh_login_with_tacacs_operations Hook end
2023-12-31 01:45:20.283086 = Module Config Time (2023-12-31 01:41:49.000531 - 2023-12-31 01:44:47.291842) Published
2023-12-31 01:45:21.349708 = User Function security/test_tacacs.py::test_ft_tacacs_ssh_login_with_tacacs_operations Hook Finalize
2023-12-31 01:45:21.349910 = function security/test_tacacs.py::test_ft_tacacs_ssh_login_with_tacacs_operations clean start
2023-12-31 01:45:21.377039 = Test Time (2023-12-31 01:45:15.598725 - 2023-12-31 01:45:21.377031) Published
2023-12-31 01:45:21.382388 = function security/test_tacacs.py::test_ft_tacacs_ssh_login_with_tacacs_operations clean end
2023-12-31 01:45:21.382682 = Framework Function Hook Finalize
2023-12-31 01:46:03.131657 = User Module security/test_tacacs.py Hook Finalize
2023-12-31 01:46:03.131808 = module test_tacacs.py clean start
2023-12-31 01:46:29.774636 = report file generation start
2023-12-31 01:46:29.868480 = report file generation end
2023-12-31 01:46:29.874006 = module test_tacacs.py clean end
2023-12-31 01:46:29.874657 = Framework Module Hook Finalize
2023-12-31 01:46:29.961682 = Framework Module Hook Start
2023-12-31 01:46:30.376284 = module test_spytest_infra_1.py init start
2023-12-31 01:47:52.145778 = module test_spytest_infra_1.py init end
2023-12-31 01:47:52.146541 = Framework Module Hook end
2023-12-31 01:47:52.147368 = Framework Function Hook Start
2023-12-31 01:47:56.435449 = function batch/test_spytest_infra_1.py::test_spytest_infra_last init start
2023-12-31 01:48:01.099382 = function batch/test_spytest_infra_1.py::test_spytest_infra_last init end
2023-12-31 01:48:01.100527 = Framework Function Hook end
2023-12-31 01:48:01.102239 = Module Config Time (2023-12-31 01:46:29.961879 - 2023-12-31 01:47:52.147594) Published
2023-12-31 01:48:01.105443 = function batch/test_spytest_infra_1.py::test_spytest_infra_last clean start
2023-12-31 01:48:01.121288 = Test Time (2023-12-31 01:47:56.435535 - 2023-12-31 01:48:01.121279) Published
2023-12-31 01:48:01.126941 = function batch/test_spytest_infra_1.py::test_spytest_infra_last clean end
2023-12-31 01:48:01.127313 = Framework Function Hook Finalize
2023-12-31 01:48:01.127473 = module test_spytest_infra_1.py clean start
2023-12-31 01:48:03.630990 = report file generation start
2023-12-31 01:48:03.725215 = report file generation end
2023-12-31 01:48:03.731286 = module test_spytest_infra_1.py clean end
2023-12-31 01:48:03.731868 = Framework Module Hook Finalize
2023-12-31 01:48:03.732344 = session clean start
2023-12-31 01:48:03.740647 = report file generation start
2023-12-31 01:48:03.840227 = report file generation end
2023-12-31 01:48:04.541389 = session clean end
