2023-12-28 02:59:03,482 T0002: [D1-V2] ['export TMOUT=0', 'stty cols 5000', 'uptime']
2023-12-28 02:59:04,149 T0002: [D1-V2] cat /proc/uptime
2023-12-28 02:59:04,816 T0002: [D1-V2] sudo vtysh -c 'show running-config | include hostname'
2023-12-28 02:59:10,995 T0002: [D1-V2] /sbin/ip link set dev eth0 up
2023-12-28 02:59:11,665 T0002: [D1-V2] /sbin/ip route list dev eth0
2023-12-28 02:59:12,343 T0002: [D1-V2] ['export TMOUT=0', 'stty cols 5000', 'uptime']
2023-12-28 02:59:14,489 T0002: [D1-V2] /sbin/ip link set dev eth0 up
2023-12-28 02:59:15,157 T0002: [D1-V2] /sbin/ip route list dev eth0
2023-12-28 02:59:16,501 T0002: [D1-V2] show version
2023-12-28 02:59:18,528 T0002: [D1-V2] /sbin/ip link set dev eth0 up
2023-12-28 02:59:19,197 T0002: [D1-V2] /sbin/ip route list dev eth0
2023-12-28 02:59:21,349 T0002: [D1-V2] /sbin/ip link set dev eth0 up
2023-12-28 02:59:22,017 T0002: [D1-V2] /sbin/ip route list dev eth0
2023-12-28 03:00:32,429 T0000: [D1-V2] sudo show interfaces status
2023-12-28 03:00:34,168 T0000: [D1-V2] config interface startup Ethernet0
2023-12-28 03:00:35,273 T0000: [D1-V2] config interface startup Ethernet4
2023-12-28 03:00:36,329 T0000: [D1-V2] config interface startup Ethernet8
2023-12-28 03:00:37,434 T0000: [D1-V2] config interface startup Ethernet12
2023-12-28 03:00:38,564 T0000: [D1-V2] config interface shutdown Ethernet16
2023-12-28 03:00:39,723 T0000: [D1-V2] config interface shutdown Ethernet20
2023-12-28 03:00:40,835 T0000: [D1-V2] config interface shutdown Ethernet24
2023-12-28 03:00:41,949 T0000: [D1-V2] config interface shutdown Ethernet28
2023-12-28 03:00:43,054 T0000: [D1-V2] config interface shutdown Ethernet32
2023-12-28 03:00:44,209 T0000: [D1-V2] config interface shutdown Ethernet36
2023-12-28 03:00:45,262 T0000: [D1-V2] config interface shutdown Ethernet40
2023-12-28 03:00:46,314 T0000: [D1-V2] config interface shutdown Ethernet44
2023-12-28 03:00:47,418 T0000: [D1-V2] config interface shutdown Ethernet48
2023-12-28 03:00:48,522 T0000: [D1-V2] config interface shutdown Ethernet52
2023-12-28 03:00:49,574 T0000: [D1-V2] config interface shutdown Ethernet56
2023-12-28 03:00:50,829 T0000: [D1-V2] config interface shutdown Ethernet60
2023-12-28 03:00:51,882 T0000: [D1-V2] config interface shutdown Ethernet64
2023-12-28 03:00:52,934 T0000: [D1-V2] config interface shutdown Ethernet68
2023-12-28 03:00:53,986 T0000: [D1-V2] config interface shutdown Ethernet72
2023-12-28 03:00:55,041 T0000: [D1-V2] config interface shutdown Ethernet76
2023-12-28 03:00:56,146 T0000: [D1-V2] config interface shutdown Ethernet80
2023-12-28 03:00:57,251 T0000: [D1-V2] config interface shutdown Ethernet84
2023-12-28 03:00:58,306 T0000: [D1-V2] config interface shutdown Ethernet88
2023-12-28 03:00:59,361 T0000: [D1-V2] config interface shutdown Ethernet92
2023-12-28 03:01:00,418 T0000: [D1-V2] config interface shutdown Ethernet96
2023-12-28 03:01:01,526 T0000: [D1-V2] config interface shutdown Ethernet100
2023-12-28 03:01:02,581 T0000: [D1-V2] config interface shutdown Ethernet104
2023-12-28 03:01:03,636 T0000: [D1-V2] config interface shutdown Ethernet108
2023-12-28 03:01:04,691 T0000: [D1-V2] config interface shutdown Ethernet112
2023-12-28 03:01:05,797 T0000: [D1-V2] config interface shutdown Ethernet116
2023-12-28 03:01:06,953 T0000: [D1-V2] config interface shutdown Ethernet120
2023-12-28 03:01:08,058 T0000: [D1-V2] config interface shutdown Ethernet124
2023-12-28 03:01:15,240 T0000: [D1-V2] show version
2023-12-28 03:01:17,227 T0000: [D1-V2] cat /var/run/redis/sonic-db/database_config.json
2023-12-28 03:01:18,013 T0000: [D1-V2] /sbin/ifconfig eth0
2023-12-28 03:01:18,741 T0000: [D1-V2] ls /etc/sonic/bcmsim.cfg
2023-12-28 03:01:19,470 T0000: [D1-V2] no router bgp
2023-12-28 03:01:21,363 T0000: [D1-V2] config feature state sflow enabled
2023-12-28 03:01:23,400 T0000: [D1-V2] config feature state nat enabled
2023-12-28 03:01:27,620 T0000: [D1-V2] config save /tmp/config-db-V2-post-session-prolog-session.json -y
2023-12-28 03:01:28,878 T0000: [D1-V2] chmod 777 /tmp/config-db-V2-post-session-prolog-session.json
2023-12-28 03:01:30,404 T0000: [D1-V2] /sbin/ip link set dev eth0 up
2023-12-28 03:01:31,111 T0000: [D1-V2] /sbin/ip route list dev eth0
2023-12-28 03:01:39,596 T0000: [D1-V2] sudo vtysh -c 'show running-config' > /tmp/vtysh-runcfg-V2-post-session-prolog-session.txt
2023-12-28 03:01:40,498 T0000: [D1-V2] chmod 777 /tmp/vtysh-runcfg-V2-post-session-prolog-session.txt
2023-12-28 03:01:42,023 T0000: [D1-V2] /sbin/ip link set dev eth0 up
2023-12-28 03:01:42,729 T0000: [D1-V2] /sbin/ip route list dev eth0
2023-12-28 03:01:51,551 T0000: 
================== Framework Module Hook: batch/test_spytest_infra_1.py ==================
2023-12-28 03:01:51,571 T0012: [D1-V2] sudo show interfaces status Ethernet124
2023-12-28 03:01:53,780 T0013: [D1-V2] sudo show interfaces status
2023-12-28 03:01:55,366 T0000: 
================== Framework Module Hook Finish: batch/test_spytest_infra_1.py ==================
2023-12-28 03:01:55,368 T0000: 
================== Framework Function Hook: batch/test_spytest_infra_1.py::test_spytest_infra_first ==================
2023-12-28 03:01:58,462 T0014: [D1-V2] sudo show interfaces status
2023-12-28 03:02:00,065 T0000: [D1-V2] sudo show interfaces status Ethernet124
2023-12-28 03:02:02,781 T0000: 
================== Framework Function Hook Finish: batch/test_spytest_infra_1.py::test_spytest_infra_first ==================
2023-12-28 03:02:02,784 T0000: 
================== Test Execution: batch/test_spytest_infra_1.py::test_spytest_infra_first ==================
2023-12-28 03:02:02,801 T0000: 
================== Framework Function Hook Finalize: batch/test_spytest_infra_1.py::test_spytest_infra_first ==================
2023-12-28 03:02:02,970 T0000: 
================== Framework Function Hook: batch/test_spytest_infra_1.py::test_spytest_infra_second ==================
2023-12-28 03:02:02,986 T0015: [D1-V2] sudo show interfaces status
2023-12-28 03:02:04,596 T0000: [D1-V2] sudo show interfaces status Ethernet124
2023-12-28 03:02:07,297 T0000: 
================== Framework Function Hook Finish: batch/test_spytest_infra_1.py::test_spytest_infra_second ==================
2023-12-28 03:02:07,299 T0000: 
================== Test Execution: batch/test_spytest_infra_1.py::test_spytest_infra_second ==================
2023-12-28 03:02:07,319 T0000: 
================== Framework Function Hook Finalize: batch/test_spytest_infra_1.py::test_spytest_infra_second ==================
2023-12-28 03:02:07,334 T0000: [D1-V2] sudo show interfaces status Ethernet124
2023-12-28 03:02:09,704 T0000: 
================== Framework Module Hook Finalize: batch/test_spytest_infra_1.py Pass: 2/2 ==================
2023-12-28 03:02:09,704 T0000: 
================== Devices used: batch/test_spytest_infra_1.py 1 ['V2'] ==================
2023-12-28 03:02:10,116 T0000: 
================== Framework Module Hook: system/test_snapshot.py ==================
2023-12-28 03:02:10,130 T0016: [D1-V2] sudo show interfaces status Ethernet124
2023-12-28 03:02:12,338 T0017: [D1-V2] sudo show interfaces status
2023-12-28 03:02:13,931 T0000: [D1-V2] config save /tmp/config-db-V2-pre-module-prolog-system-test_snapshot.py.json -y
2023-12-28 03:02:15,194 T0000: [D1-V2] chmod 777 /tmp/config-db-V2-pre-module-prolog-system-test_snapshot.py.json
2023-12-28 03:02:16,720 T0000: [D1-V2] /sbin/ip link set dev eth0 up
2023-12-28 03:02:17,430 T0000: [D1-V2] /sbin/ip route list dev eth0
2023-12-28 03:02:25,813 T0000: [D1-V2] sudo vtysh -c 'show running-config' > /tmp/vtysh-runcfg-V2-pre-module-prolog-system-test_snapshot.py.txt
2023-12-28 03:02:26,717 T0000: [D1-V2] chmod 777 /tmp/vtysh-runcfg-V2-pre-module-prolog-system-test_snapshot.py.txt
2023-12-28 03:02:28,244 T0000: [D1-V2] /sbin/ip link set dev eth0 up
2023-12-28 03:02:28,953 T0000: [D1-V2] /sbin/ip route list dev eth0
2023-12-28 03:02:37,384 T0000: 
================== Framework Module Hook Finish: system/test_snapshot.py ==================
2023-12-28 03:02:37,384 T0000: 
================== Module Hook: system/test_snapshot.py snapshot_feature_module_hooks ==================
2023-12-28 03:02:37,392 T0000: [D1-V2] /sbin/ifconfig Ethernet0
2023-12-28 03:02:38,113 T0000: [D1-V2] show platform summary
2023-12-28 03:02:39,436 T0000: [D1-V2] show vlan config
2023-12-28 03:02:40,556 T0000: [D1-V2] []
2023-12-28 03:02:40,557 T0000: [D1-V2] ['config vlan add 1110']
2023-12-28 03:02:41,668 T0000: [D1-V2] config vlan member add 1110 Ethernet0
2023-12-28 03:02:42,721 T0000: [D1-V2] config vlan member add 1110 Ethernet4
2023-12-28 03:02:43,774 T0000: [D1-V2] config vlan member add 1110 Ethernet8
2023-12-28 03:02:44,825 T0000: [D1-V2] config vlan member add 1110 Ethernet12
2023-12-28 03:03:01,938 T0000: 
================== Module Hook Finish: system/test_snapshot.py snapshot_feature_module_hooks ==================
2023-12-28 03:03:01,939 T0000: 
================== Framework Function Hook: system/test_snapshot.py::test_ft_watermark_telemetry_interval ==================
2023-12-28 03:03:01,949 T0000: [D1-V2] config save /tmp/config-db-V2-post-module-prolog-system-test_snapshot.py.json -y
2023-12-28 03:03:03,257 T0000: [D1-V2] chmod 777 /tmp/config-db-V2-post-module-prolog-system-test_snapshot.py.json
2023-12-28 03:03:04,784 T0000: [D1-V2] /sbin/ip link set dev eth0 up
2023-12-28 03:03:05,490 T0000: [D1-V2] /sbin/ip route list dev eth0
2023-12-28 03:03:13,889 T0000: [D1-V2] sudo vtysh -c 'show running-config' > /tmp/vtysh-runcfg-V2-post-module-prolog-system-test_snapshot.py.txt
2023-12-28 03:03:14,793 T0000: [D1-V2] chmod 777 /tmp/vtysh-runcfg-V2-post-module-prolog-system-test_snapshot.py.txt
2023-12-28 03:03:16,320 T0000: [D1-V2] /sbin/ip link set dev eth0 up
2023-12-28 03:03:17,030 T0000: [D1-V2] /sbin/ip route list dev eth0
2023-12-28 03:03:28,490 T0034: [D1-V2] sudo show interfaces status
2023-12-28 03:03:30,137 T0000: [D1-V2] sudo show interfaces status Ethernet124
2023-12-28 03:03:32,836 T0000: 
================== Framework Function Hook Finish: system/test_snapshot.py::test_ft_watermark_telemetry_interval ==================
2023-12-28 03:03:32,838 T0000: 
================== Function Hook: system/test_snapshot.py snapshot_feature_func_hooks ==================
2023-12-28 03:03:32,840 T0000: 
================== Function Hook Finish: system/test_snapshot.py snapshot_feature_func_hooks ==================
2023-12-28 03:03:32,841 T0000: 
================== Test Execution: system/test_snapshot.py::test_ft_watermark_telemetry_interval ==================
2023-12-28 03:03:32,842 T0000: [D1-V2] config watermark telemetry interval 30
2023-12-28 03:03:33,945 T0000: [D1-V2] show watermark telemetry interval
2023-12-28 03:03:35,112 T0000: [D1-V2] config watermark telemetry interval 120
2023-12-28 03:03:36,414 T0000: [D1-V2] show watermark telemetry interval
2023-12-28 03:03:37,580 T0000: [D1-V2] show logging | grep 'ERR' | grep -i 'brcm_sai_tam'
2023-12-28 03:03:43,053 T0000: 
================== Function Hook Finalize: system/test_snapshot.py snapshot_feature_func_hooks ==================
2023-12-28 03:03:43,070 T0000: 
================== Framework Function Hook Finalize: system/test_snapshot.py::test_ft_watermark_telemetry_interval ==================
2023-12-28 03:03:43,078 T0000: [D1-V2] config save /tmp/config-db-V2-pre-module-epilog-system-test_snapshot.py.json -y
2023-12-28 03:03:44,335 T0000: [D1-V2] chmod 777 /tmp/config-db-V2-pre-module-epilog-system-test_snapshot.py.json
2023-12-28 03:03:45,860 T0000: [D1-V2] /sbin/ip link set dev eth0 up
2023-12-28 03:03:46,567 T0000: [D1-V2] /sbin/ip route list dev eth0
2023-12-28 03:03:54,951 T0000: [D1-V2] sudo vtysh -c 'show running-config' > /tmp/vtysh-runcfg-V2-pre-module-epilog-system-test_snapshot.py.txt
2023-12-28 03:03:55,855 T0000: [D1-V2] chmod 777 /tmp/vtysh-runcfg-V2-pre-module-epilog-system-test_snapshot.py.txt
2023-12-28 03:03:57,380 T0000: [D1-V2] /sbin/ip link set dev eth0 up
2023-12-28 03:03:58,090 T0000: [D1-V2] /sbin/ip route list dev eth0
2023-12-28 03:04:06,483 T0000: [D1-V2] config vlan member del 1110 Ethernet0
2023-12-28 03:04:07,532 T0000: [D1-V2] config vlan member del 1110 Ethernet4
2023-12-28 03:04:08,585 T0000: [D1-V2] config vlan member del 1110 Ethernet8
2023-12-28 03:04:09,638 T0000: [D1-V2] config vlan member del 1110 Ethernet12
2023-12-28 03:04:10,696 T0000: [D1-V2] show vlan config
2023-12-28 03:04:11,763 T0000: [D1-V2] ['config vlan del 1110']
2023-12-28 03:04:12,828 T0000: [D1-V2] show vlan config
2023-12-28 03:04:13,947 T0000: 
================== Module Hook Finalize: system/test_snapshot.py snapshot_feature_module_hooks ==================
2023-12-28 03:04:13,955 T0000: [D1-V2] config save /tmp/config-db-V2-post-module-epilog-system-test_snapshot.py.json -y
2023-12-28 03:04:15,211 T0000: [D1-V2] chmod 777 /tmp/config-db-V2-post-module-epilog-system-test_snapshot.py.json
2023-12-28 03:04:16,744 T0000: [D1-V2] /sbin/ip link set dev eth0 up
2023-12-28 03:04:17,453 T0000: [D1-V2] /sbin/ip route list dev eth0
2023-12-28 03:04:25,924 T0000: [D1-V2] sudo vtysh -c 'show running-config' > /tmp/vtysh-runcfg-V2-post-module-epilog-system-test_snapshot.py.txt
2023-12-28 03:04:26,826 T0000: [D1-V2] chmod 777 /tmp/vtysh-runcfg-V2-post-module-epilog-system-test_snapshot.py.txt
2023-12-28 03:04:28,352 T0000: [D1-V2] /sbin/ip link set dev eth0 up
2023-12-28 03:04:29,061 T0000: [D1-V2] /sbin/ip route list dev eth0
2023-12-28 03:04:37,496 T0000: [D1-V2] sudo show interfaces status Ethernet124
2023-12-28 03:04:39,864 T0000: 
================== Framework Module Hook Finalize: system/test_snapshot.py Pass: 1/1 ==================
2023-12-28 03:04:39,864 T0000: 
================== Devices used: system/test_snapshot.py 1 ['V2'] ==================
2023-12-28 03:04:40,409 T0000: 
================== Framework Module Hook: batch/test_spytest_infra_1.py ==================
2023-12-28 03:04:40,421 T0051: [D1-V2] no router bgp
2023-12-28 03:04:42,226 T0051: [D1-V2] config feature state sflow enabled
2023-12-28 03:04:44,174 T0051: [D1-V2] config feature state nat enabled
2023-12-28 03:05:19,525 T0051: [D1-V2] /sbin/ip link set dev eth0 up
2023-12-28 03:05:20,192 T0051: [D1-V2] /sbin/ip route list dev eth0
2023-12-28 03:05:20,871 T0051: [D1-V2] sudo show interfaces status Ethernet124
2023-12-28 03:05:25,156 T0051: [D1-V2] sudo show interfaces status Ethernet124
2023-12-28 03:05:27,415 T0052: [D1-V2] sudo show interfaces status
2023-12-28 03:05:34,099 T0053: [D1-V2] sudo show interfaces status
2023-12-28 03:05:40,789 T0054: [D1-V2] sudo show interfaces status
2023-12-28 03:05:42,617 T0000: 
================== Framework Module Hook Finish: batch/test_spytest_infra_1.py ==================
2023-12-28 03:05:42,618 T0000: 
================== Framework Function Hook: batch/test_spytest_infra_1.py::test_spytest_infra_last ==================
2023-12-28 03:05:45,710 T0055: [D1-V2] sudo show interfaces status
2023-12-28 03:05:47,363 T0000: [D1-V2] sudo show interfaces status Ethernet124
2023-12-28 03:05:50,053 T0000: 
================== Framework Function Hook Finish: batch/test_spytest_infra_1.py::test_spytest_infra_last ==================
2023-12-28 03:05:50,055 T0000: 
================== Test Execution: batch/test_spytest_infra_1.py::test_spytest_infra_last ==================
2023-12-28 03:05:50,075 T0000: 
================== Framework Function Hook Finalize: batch/test_spytest_infra_1.py::test_spytest_infra_last ==================
2023-12-28 03:05:50,089 T0000: [D1-V2] sudo show interfaces status Ethernet124
2023-12-28 03:05:52,455 T0000: 
================== Framework Module Hook Finalize: batch/test_spytest_infra_1.py Pass: 1/1 ==================
2023-12-28 03:05:52,455 T0000: 
================== Devices used: batch/test_spytest_infra_1.py 1 ['V2'] ==================
2023-12-28 03:05:52,872 T0000: 
================== Framework Module Hook: system/test_ntp.py ==================
2023-12-28 03:05:52,888 T0056: [D1-V2] no router bgp
2023-12-28 03:05:54,690 T0056: [D1-V2] config feature state sflow enabled
2023-12-28 03:05:56,638 T0056: [D1-V2] config feature state nat enabled
2023-12-28 03:06:17,600 T0056: [D1-V2] /sbin/ip link set dev eth0 up
2023-12-28 03:06:18,270 T0056: [D1-V2] /sbin/ip route list dev eth0
2023-12-28 03:06:18,951 T0056: [D1-V2] sudo show interfaces status Ethernet124
2023-12-28 03:06:21,207 T0057: [D1-V2] sudo show interfaces status
2023-12-28 03:06:22,797 T0000: [D1-V2] config save /tmp/config-db-V2-pre-module-prolog-system-test_ntp.py.json -y
2023-12-28 03:06:24,106 T0000: [D1-V2] chmod 777 /tmp/config-db-V2-pre-module-prolog-system-test_ntp.py.json
2023-12-28 03:06:25,635 T0000: [D1-V2] /sbin/ip link set dev eth0 up
2023-12-28 03:06:26,346 T0000: [D1-V2] /sbin/ip route list dev eth0
2023-12-28 03:06:34,752 T0000: [D1-V2] sudo vtysh -c 'show running-config' > /tmp/vtysh-runcfg-V2-pre-module-prolog-system-test_ntp.py.txt
2023-12-28 03:06:35,654 T0000: [D1-V2] chmod 777 /tmp/vtysh-runcfg-V2-pre-module-prolog-system-test_ntp.py.txt
2023-12-28 03:06:37,180 T0000: [D1-V2] /sbin/ip link set dev eth0 up
2023-12-28 03:06:37,889 T0000: [D1-V2] /sbin/ip route list dev eth0
2023-12-28 03:06:46,307 T0000: 
================== Framework Module Hook Finish: system/test_ntp.py ==================
2023-12-28 03:06:46,308 T0000: 
================== Module Hook: system/test_ntp.py ntp_module_hooks ==================
2023-12-28 03:06:46,308 T0000: 
================== Module Hook Finish: system/test_ntp.py ntp_module_hooks ==================
2023-12-28 03:06:46,309 T0000: 
================== Framework Function Hook: system/test_ntp.py::test_ft_ntp_disable_enable_with_message_log ==================
2023-12-28 03:06:46,316 T0000: [D1-V2] config save /tmp/config-db-V2-post-module-prolog-system-test_ntp.py.json -y
2023-12-28 03:06:47,575 T0000: [D1-V2] chmod 777 /tmp/config-db-V2-post-module-prolog-system-test_ntp.py.json
2023-12-28 03:06:49,104 T0000: [D1-V2] /sbin/ip link set dev eth0 up
2023-12-28 03:06:49,810 T0000: [D1-V2] /sbin/ip route list dev eth0
2023-12-28 03:06:58,197 T0000: [D1-V2] sudo vtysh -c 'show running-config' > /tmp/vtysh-runcfg-V2-post-module-prolog-system-test_ntp.py.txt
2023-12-28 03:06:59,150 T0000: [D1-V2] chmod 777 /tmp/vtysh-runcfg-V2-post-module-prolog-system-test_ntp.py.txt
2023-12-28 03:07:00,677 T0000: [D1-V2] /sbin/ip link set dev eth0 up
2023-12-28 03:07:01,385 T0000: [D1-V2] /sbin/ip route list dev eth0
2023-12-28 03:07:12,874 T0074: [D1-V2] sudo show interfaces status
2023-12-28 03:07:14,637 T0000: [D1-V2] sudo show interfaces status Ethernet124
2023-12-28 03:07:17,461 T0000: 
================== Framework Function Hook Finish: system/test_ntp.py::test_ft_ntp_disable_enable_with_message_log ==================
2023-12-28 03:07:17,461 T0000: 
================== Function Hook: system/test_ntp.py ntp_func_hooks ==================
2023-12-28 03:07:17,464 T0000: 
================== Function Hook Finish: system/test_ntp.py ntp_func_hooks ==================
2023-12-28 03:07:17,465 T0000: 
================== Test Execution: system/test_ntp.py::test_ft_ntp_disable_enable_with_message_log ==================
2023-12-28 03:07:17,465 T0000: [D1-V2] date --set='Thu December 28 03:07:17 UTC 2023'
2023-12-28 03:07:18,175 T0000: [D1-V2] show logging -l 1
2023-12-28 03:07:31,732 T0000: [D1-V2] ls -lrt /tmp/tmps92k3faf
2023-12-28 03:07:32,437 T0000: [D1-V2] config load -y /tmp/tmps92k3faf
2023-12-28 03:07:33,742 T0000: [D1-V2] systemctl restart ntp-config
2023-12-28 03:07:34,845 T0000: [D1-V2] date --set='Thu December 28 03:07:34 UTC 2023'
2023-12-28 03:07:35,552 T0000: [D1-V2] config save -y
2023-12-28 03:07:36,858 T0000: [D1-V2] do copy running-config startup-config
2023-12-28 03:07:38,754 T0000: [D1-V2] service ntp status | grep Active
2023-12-28 03:07:40,450 T0000: [D1-V2] show ntp
2023-12-28 03:07:42,875 T0000: [D1-V2] show ntp
2023-12-28 03:07:45,302 T0000: [D1-V2] show ntp
2023-12-28 03:07:47,731 T0000: [D1-V2] show ntp
2023-12-28 03:07:50,162 T0000: [D1-V2] show ntp
2023-12-28 03:07:52,599 T0000: [D1-V2] service ntp status | grep Active
2023-12-28 03:07:53,308 T0000: [D1-V2] ping -4 216.239.35.4 -c 3 
2023-12-28 03:07:56,081 T0000: [D1-V2] ping -4 192.111.144.114 -c 3 
2023-12-28 03:08:08,849 T0000: [D1-V2] ping -4 216.239.35.12 -c 3 
2023-12-28 03:08:11,619 T0000: [D1-V2] uname -a
2023-12-28 03:08:12,321 T0000: [D1-V2] ntpstat
2023-12-28 03:08:15,038 T0000: [D1-V2] uname -a
2023-12-28 03:08:15,745 T0000: [D1-V2] ntpstat
2023-12-28 03:08:18,466 T0000: [D1-V2] uname -a
2023-12-28 03:08:19,177 T0000: [D1-V2] ntpstat
2023-12-28 03:08:21,898 T0000: [D1-V2] uname -a
2023-12-28 03:08:22,609 T0000: [D1-V2] ntpstat
2023-12-28 03:08:25,326 T0000: [D1-V2] uname -a
2023-12-28 03:08:26,034 T0000: [D1-V2] ntpstat
2023-12-28 03:08:28,751 T0000: [D1-V2] uname -a
2023-12-28 03:08:29,461 T0000: [D1-V2] ntpstat
2023-12-28 03:08:32,181 T0000: [D1-V2] uname -a
2023-12-28 03:08:32,881 T0000: [D1-V2] ntpstat
2023-12-28 03:08:35,593 T0000: [D1-V2] uname -a
2023-12-28 03:08:36,302 T0000: [D1-V2] ntpstat
2023-12-28 03:08:39,019 T0000: [D1-V2] uname -a
2023-12-28 03:08:39,725 T0000: [D1-V2] ntpstat
2023-12-28 03:08:42,442 T0000: [D1-V2] uname -a
2023-12-28 03:08:43,149 T0000: [D1-V2] ntpstat
2023-12-28 03:08:45,864 T0000: [D1-V2] uname -a
2023-12-28 03:08:46,570 T0000: [D1-V2] ntpstat
2023-12-28 03:08:49,287 T0000: [D1-V2] uname -a
2023-12-28 03:08:49,995 T0000: [D1-V2] ntpstat
2023-12-28 03:08:52,710 T0000: [D1-V2] uname -a
2023-12-28 03:08:53,418 T0000: [D1-V2] ntpstat
2023-12-28 03:08:56,135 T0000: [D1-V2] uname -a
2023-12-28 03:08:56,842 T0000: [D1-V2] ntpstat
2023-12-28 03:08:59,557 T0000: [D1-V2] uname -a
2023-12-28 03:09:00,265 T0000: [D1-V2] ntpstat
2023-12-28 03:09:02,981 T0000: [D1-V2] uname -a
2023-12-28 03:09:03,690 T0000: [D1-V2] ntpstat
2023-12-28 03:09:06,405 T0000: [D1-V2] uname -a
2023-12-28 03:09:07,113 T0000: [D1-V2] ntpstat
2023-12-28 03:09:09,830 T0000: [D1-V2] uname -a
2023-12-28 03:09:10,536 T0000: [D1-V2] ntpstat
2023-12-28 03:09:13,255 T0000: [D1-V2] uname -a
2023-12-28 03:09:13,962 T0000: [D1-V2] ntpstat
2023-12-28 03:09:16,677 T0000: [D1-V2] uname -a
2023-12-28 03:09:17,389 T0000: [D1-V2] ntpstat
2023-12-28 03:09:20,113 T0000: [D1-V2] uname -a
2023-12-28 03:09:20,827 T0000: [D1-V2] ntpstat
2023-12-28 03:09:23,553 T0000: [D1-V2] uname -a
2023-12-28 03:09:24,272 T0000: [D1-V2] ntpstat
2023-12-28 03:09:26,994 T0000: [D1-V2] uname -a
2023-12-28 03:09:27,710 T0000: [D1-V2] ntpstat
2023-12-28 03:09:30,427 T0000: [D1-V2] uname -a
2023-12-28 03:09:31,139 T0000: [D1-V2] ntpstat
2023-12-28 03:09:33,855 T0000: [D1-V2] uname -a
2023-12-28 03:09:34,566 T0000: [D1-V2] ntpstat
2023-12-28 03:09:37,283 T0000: [D1-V2] uname -a
2023-12-28 03:09:37,990 T0000: [D1-V2] ntpstat
2023-12-28 03:09:40,715 T0000: [D1-V2] uname -a
2023-12-28 03:09:41,429 T0000: [D1-V2] ntpstat
2023-12-28 03:09:44,147 T0000: [D1-V2] uname -a
2023-12-28 03:09:44,858 T0000: [D1-V2] ntpstat
2023-12-28 03:09:47,575 T0000: [D1-V2] uname -a
2023-12-28 03:09:48,286 T0000: [D1-V2] ntpstat
2023-12-28 03:09:51,001 T0000: [D1-V2] uname -a
2023-12-28 03:09:51,713 T0000: [D1-V2] ntpstat
2023-12-28 03:09:54,439 T0000: [D1-V2] uname -a
2023-12-28 03:09:55,150 T0000: [D1-V2] ntpstat
2023-12-28 03:09:57,867 T0000: [D1-V2] uname -a
2023-12-28 03:09:58,574 T0000: [D1-V2] ntpstat
2023-12-28 03:10:01,295 T0000: [D1-V2] uname -a
2023-12-28 03:10:02,000 T0000: [D1-V2] ntpstat
2023-12-28 03:10:04,723 T0000: [D1-V2] uname -a
2023-12-28 03:10:05,433 T0000: [D1-V2] ntpstat
2023-12-28 03:10:08,144 T0000: [D1-V2] uname -a
2023-12-28 03:10:08,850 T0000: [D1-V2] ntpstat
2023-12-28 03:10:11,566 T0000: [D1-V2] uname -a
2023-12-28 03:10:12,274 T0000: [D1-V2] ntpstat
2023-12-28 03:10:14,994 T0000: [D1-V2] uname -a
2023-12-28 03:10:15,701 T0000: [D1-V2] ntpstat
2023-12-28 03:10:18,418 T0000: [D1-V2] uname -a
2023-12-28 03:10:19,124 T0000: [D1-V2] ntpstat
2023-12-28 03:10:21,838 T0000: [D1-V2] uname -a
2023-12-28 03:10:22,545 T0000: [D1-V2] ntpstat
2023-12-28 03:10:25,265 T0000: [D1-V2] uname -a
2023-12-28 03:10:25,980 T0000: [D1-V2] ntpstat
2023-12-28 03:10:28,699 T0000: [D1-V2] uname -a
2023-12-28 03:10:29,414 T0000: [D1-V2] ntpstat
2023-12-28 03:10:32,131 T0000: [D1-V2] uname -a
2023-12-28 03:10:32,838 T0000: [D1-V2] ntpstat
2023-12-28 03:10:35,551 T0000: [D1-V2] uname -a
2023-12-28 03:10:36,258 T0000: [D1-V2] ntpstat
2023-12-28 03:10:38,975 T0000: [D1-V2] uname -a
2023-12-28 03:10:39,682 T0000: [D1-V2] ntpstat
2023-12-28 03:10:42,402 T0000: [D1-V2] uname -a
2023-12-28 03:10:43,110 T0000: [D1-V2] ntpstat
2023-12-28 03:10:45,825 T0000: [D1-V2] uname -a
2023-12-28 03:10:46,529 T0000: [D1-V2] ntpstat
2023-12-28 03:10:49,252 T0000: [D1-V2] uname -a
2023-12-28 03:10:49,960 T0000: [D1-V2] ntpstat
2023-12-28 03:10:52,694 T0000: [D1-V2] uname -a
2023-12-28 03:10:53,393 T0000: [D1-V2] ntpstat
2023-12-28 03:10:56,105 T0000: [D1-V2] uname -a
2023-12-28 03:10:56,813 T0000: [D1-V2] ntpstat
2023-12-28 03:10:59,525 T0000: [D1-V2] uname -a
2023-12-28 03:11:00,233 T0000: [D1-V2] ntpstat
2023-12-28 03:11:02,950 T0000: [D1-V2] uname -a
2023-12-28 03:11:03,664 T0000: [D1-V2] ntpstat
2023-12-28 03:11:06,383 T0000: [D1-V2] uname -a
2023-12-28 03:11:07,093 T0000: [D1-V2] ntpstat
2023-12-28 03:11:09,810 T0000: [D1-V2] uname -a
2023-12-28 03:11:10,517 T0000: [D1-V2] ntpstat
2023-12-28 03:11:13,230 T0000: [D1-V2] uname -a
2023-12-28 03:11:13,937 T0000: [D1-V2] ntpstat
2023-12-28 03:11:16,649 T0000: [D1-V2] uname -a
2023-12-28 03:11:17,358 T0000: [D1-V2] ntpstat
2023-12-28 03:11:20,073 T0000: [D1-V2] uname -a
2023-12-28 03:11:20,782 T0000: [D1-V2] ntpstat
2023-12-28 03:11:23,498 T0000: [D1-V2] uname -a
2023-12-28 03:11:24,205 T0000: [D1-V2] ntpstat
2023-12-28 03:11:26,917 T0000: [D1-V2] uname -a
2023-12-28 03:11:27,625 T0000: [D1-V2] ntpstat
2023-12-28 03:11:30,338 T0000: [D1-V2] uname -a
2023-12-28 03:11:31,049 T0000: [D1-V2] ntpstat
2023-12-28 03:11:33,765 T0000: [D1-V2] uname -a
2023-12-28 03:11:34,473 T0000: [D1-V2] ntpstat
2023-12-28 03:11:37,185 T0000: [D1-V2] uname -a
2023-12-28 03:11:37,893 T0000: [D1-V2] ntpstat
2023-12-28 03:11:40,609 T0000: [D1-V2] uname -a
2023-12-28 03:11:41,317 T0000: [D1-V2] ntpstat
2023-12-28 03:11:44,030 T0000: [D1-V2] uname -a
2023-12-28 03:11:44,741 T0000: [D1-V2] ntpstat
2023-12-28 03:11:47,457 T0000: [D1-V2] uname -a
2023-12-28 03:11:48,165 T0000: [D1-V2] ntpstat
2023-12-28 03:11:50,882 T0000: [D1-V2] uname -a
2023-12-28 03:11:51,586 T0000: [D1-V2] ntpstat
2023-12-28 03:11:54,306 T0000: [D1-V2] uname -a
2023-12-28 03:11:55,014 T0000: [D1-V2] ntpstat
2023-12-28 03:11:57,730 T0000: [D1-V2] uname -a
2023-12-28 03:11:58,437 T0000: [D1-V2] ntpstat
2023-12-28 03:11:59,147 T0000: [D1-V2] sudo truncate -s 0 /var/log/syslog
2023-12-28 03:11:59,845 T0000: [D1-V2] sudo truncate -s 0 /var/log/syslog.1
2023-12-28 03:12:00,545 T0000: [D1-V2] logger Iam Testing NTP
2023-12-28 03:12:01,244 T0000: [D1-V2] show logging | grep -i 'Iam Testing NTP'
2023-12-28 03:12:06,698 T0000: [D1-V2] show clock
2023-12-28 03:12:07,816 T0000: [D1-V2] sudo service ntp stop
2023-12-28 03:12:09,373 T0000: [D1-V2] service ntp status | grep Active
2023-12-28 03:12:10,084 T0000: [D1-V2] sudo service ntp restart
2023-12-28 03:12:11,237 T0000: [D1-V2] service ntp status | grep Active
2023-12-28 03:12:11,986 T0000: [D1-V2] uname -a
2023-12-28 03:12:12,684 T0000: [D1-V2] ntpstat
2023-12-28 03:12:15,398 T0000: [D1-V2] uname -a
2023-12-28 03:12:16,107 T0000: [D1-V2] ntpstat
2023-12-28 03:12:18,822 T0000: [D1-V2] uname -a
2023-12-28 03:12:19,534 T0000: [D1-V2] ntpstat
2023-12-28 03:12:20,255 T0000: 
================== Function Hook Finalize: system/test_ntp.py ntp_func_hooks ==================
2023-12-28 03:12:20,279 T0000: 
================== Framework Function Hook Finalize: system/test_ntp.py::test_ft_ntp_disable_enable_with_message_log ==================
2023-12-28 03:12:20,280 T0000: 
================== Framework Function Hook: system/test_ntp.py::test_ntp_exists_config ==================
2023-12-28 03:12:20,290 T0079: [D1-V2] sudo show interfaces status
2023-12-28 03:12:22,086 T0000: [D1-V2] sudo show interfaces status Ethernet124
2023-12-28 03:12:24,793 T0000: 
================== Framework Function Hook Finish: system/test_ntp.py::test_ntp_exists_config ==================
2023-12-28 03:12:24,794 T0000: 
================== Function Hook: system/test_ntp.py ntp_func_hooks ==================
2023-12-28 03:12:24,796 T0000: 
================== Function Hook Finish: system/test_ntp.py ntp_func_hooks ==================
2023-12-28 03:12:24,797 T0000: 
================== Test Execution: system/test_ntp.py::test_ntp_exists_config ==================
2023-12-28 03:12:24,797 T0000: [D1-V2] show ntp
2023-12-28 03:12:26,222 T0000: [D1-V2] show ntp
2023-12-28 03:12:27,646 T0000: [D1-V2] show ntp
2023-12-28 03:12:29,073 T0000: [D1-V2] ['config ntp add 216.239.35.8']
2023-12-28 03:12:30,533 T0000: 
================== Function Hook Finalize: system/test_ntp.py ntp_func_hooks ==================
2023-12-28 03:12:30,551 T0000: 
================== Framework Function Hook Finalize: system/test_ntp.py::test_ntp_exists_config ==================
2023-12-28 03:12:30,558 T0000: [D1-V2] config save /tmp/config-db-V2-pre-module-epilog-system-test_ntp.py.json -y
2023-12-28 03:12:31,867 T0000: [D1-V2] chmod 777 /tmp/config-db-V2-pre-module-epilog-system-test_ntp.py.json
2023-12-28 03:12:33,396 T0000: [D1-V2] /sbin/ip link set dev eth0 up
2023-12-28 03:12:34,105 T0000: [D1-V2] /sbin/ip route list dev eth0
2023-12-28 03:12:42,578 T0000: [D1-V2] sudo vtysh -c 'show running-config' > /tmp/vtysh-runcfg-V2-pre-module-epilog-system-test_ntp.py.txt
2023-12-28 03:12:43,485 T0000: [D1-V2] chmod 777 /tmp/vtysh-runcfg-V2-pre-module-epilog-system-test_ntp.py.txt
2023-12-28 03:12:45,014 T0000: [D1-V2] /sbin/ip link set dev eth0 up
2023-12-28 03:12:45,717 T0000: [D1-V2] /sbin/ip route list dev eth0
2023-12-28 03:12:54,148 T0000: 
================== Module Hook Finalize: system/test_ntp.py ntp_module_hooks ==================
2023-12-28 03:12:54,156 T0000: [D1-V2] config save /tmp/config-db-V2-post-module-epilog-system-test_ntp.py.json -y
2023-12-28 03:12:55,414 T0000: [D1-V2] chmod 777 /tmp/config-db-V2-post-module-epilog-system-test_ntp.py.json
2023-12-28 03:12:56,939 T0000: [D1-V2] /sbin/ip link set dev eth0 up
2023-12-28 03:12:57,645 T0000: [D1-V2] /sbin/ip route list dev eth0
2023-12-28 03:13:06,093 T0000: [D1-V2] sudo vtysh -c 'show running-config' > /tmp/vtysh-runcfg-V2-post-module-epilog-system-test_ntp.py.txt
2023-12-28 03:13:06,995 T0000: [D1-V2] chmod 777 /tmp/vtysh-runcfg-V2-post-module-epilog-system-test_ntp.py.txt
2023-12-28 03:13:08,521 T0000: [D1-V2] /sbin/ip link set dev eth0 up
2023-12-28 03:13:09,228 T0000: [D1-V2] /sbin/ip route list dev eth0
2023-12-28 03:13:17,676 T0000: [D1-V2] sudo show interfaces status Ethernet124
2023-12-28 03:13:20,050 T0000: 
================== Framework Module Hook Finalize: system/test_ntp.py Pass: 2/2 ==================
2023-12-28 03:13:20,050 T0000: 
================== Devices used: system/test_ntp.py 1 ['V2'] ==================
2023-12-28 03:13:20,544 T0000: 
================== Framework Module Hook: batch/test_spytest_infra_1.py ==================
2023-12-28 03:13:20,558 T0096: [D1-V2] no router bgp
2023-12-28 03:13:22,364 T0096: [D1-V2] config feature state sflow enabled
2023-12-28 03:13:24,311 T0096: [D1-V2] config feature state nat enabled
2023-12-28 03:13:59,656 T0096: [D1-V2] /sbin/ip link set dev eth0 up
2023-12-28 03:14:00,325 T0096: [D1-V2] /sbin/ip route list dev eth0
2023-12-28 03:14:01,003 T0096: [D1-V2] sudo show interfaces status Ethernet124
2023-12-28 03:14:05,339 T0096: [D1-V2] sudo show interfaces status Ethernet124
2023-12-28 03:14:07,548 T0097: [D1-V2] sudo show interfaces status
2023-12-28 03:14:14,230 T0098: [D1-V2] sudo show interfaces status
2023-12-28 03:14:20,862 T0099: [D1-V2] sudo show interfaces status
2023-12-28 03:14:22,552 T0000: 
================== Framework Module Hook Finish: batch/test_spytest_infra_1.py ==================
2023-12-28 03:14:22,553 T0000: 
================== Framework Function Hook: batch/test_spytest_infra_1.py::test_spytest_infra_last ==================
2023-12-28 03:14:25,648 T0100: [D1-V2] sudo show interfaces status
2023-12-28 03:14:27,297 T0000: [D1-V2] sudo show interfaces status Ethernet124
2023-12-28 03:14:29,985 T0000: 
================== Framework Function Hook Finish: batch/test_spytest_infra_1.py::test_spytest_infra_last ==================
2023-12-28 03:14:29,987 T0000: 
================== Test Execution: batch/test_spytest_infra_1.py::test_spytest_infra_last ==================
2023-12-28 03:14:30,006 T0000: 
================== Framework Function Hook Finalize: batch/test_spytest_infra_1.py::test_spytest_infra_last ==================
2023-12-28 03:14:30,020 T0000: [D1-V2] sudo show interfaces status Ethernet124
2023-12-28 03:14:32,394 T0000: 
================== Framework Module Hook Finalize: batch/test_spytest_infra_1.py Pass: 1/1 ==================
2023-12-28 03:14:32,394 T0000: 
================== Devices used: batch/test_spytest_infra_1.py 1 ['V2'] ==================
2023-12-28 03:14:32,483 T0000: [D1-V2] ['stty cols 80']
