2023-12-28 02:58:48.492164 = START
2023-12-28 02:58:49.546379 = device connections start
2023-12-28 02:59:22.693435 = device connections finish
2023-12-28 02:59:22.697638 = session init start
2023-12-28 03:01:27.529429 = report file generation start
2023-12-28 03:01:27.611889 = report file generation end
2023-12-28 03:01:51.139695 = session init end
2023-12-28 03:01:51.141263 = Framework Module Hook Start
2023-12-28 03:01:51.552275 = module test_spytest_infra_1.py init start
2023-12-28 03:01:55.365500 = module test_spytest_infra_1.py init end
2023-12-28 03:01:55.366257 = Framework Module Hook end
2023-12-28 03:01:55.367086 = Framework Function Hook Start
2023-12-28 03:01:58.453131 = function batch/test_spytest_infra_1.py::test_spytest_infra_first init start
2023-12-28 03:02:02.780296 = function batch/test_spytest_infra_1.py::test_spytest_infra_first init end
2023-12-28 03:02:02.781233 = Framework Function Hook end
2023-12-28 03:02:02.784109 = Module Config Time (2023-12-28 03:01:51.141326 - 2023-12-28 03:01:55.367833) Published
2023-12-28 03:02:02.786954 = function batch/test_spytest_infra_1.py::test_spytest_infra_first clean start
2023-12-28 03:02:02.796266 = Test Time (2023-12-28 03:01:58.453223 - 2023-12-28 03:02:02.796259) Published
2023-12-28 03:02:02.801683 = function batch/test_spytest_infra_1.py::test_spytest_infra_first clean end
2023-12-28 03:02:02.801982 = Framework Function Hook Finalize
2023-12-28 03:02:02.969580 = Framework Function Hook Start
2023-12-28 03:02:02.970588 = function batch/test_spytest_infra_1.py::test_spytest_infra_second init start
2023-12-28 03:02:07.296393 = function batch/test_spytest_infra_1.py::test_spytest_infra_second init end
2023-12-28 03:02:07.297456 = Framework Function Hook end
2023-12-28 03:02:07.301296 = function batch/test_spytest_infra_1.py::test_spytest_infra_second clean start
2023-12-28 03:02:07.314721 = Test Time (2023-12-28 03:02:02.970751 - 2023-12-28 03:02:07.314713) Published
2023-12-28 03:02:07.319611 = function batch/test_spytest_infra_1.py::test_spytest_infra_second clean end
2023-12-28 03:02:07.319892 = Framework Function Hook Finalize
2023-12-28 03:02:07.320041 = module test_spytest_infra_1.py clean start
2023-12-28 03:02:09.621325 = report file generation start
2023-12-28 03:02:09.699094 = report file generation end
2023-12-28 03:02:09.703982 = module test_spytest_infra_1.py clean end
2023-12-28 03:02:09.704313 = Framework Module Hook Finalize
2023-12-28 03:02:09.706725 = Framework Module Hook Start
2023-12-28 03:02:10.117098 = module test_snapshot.py init start
2023-12-28 03:02:37.383764 = module test_snapshot.py init end
2023-12-28 03:02:37.384170 = Framework Module Hook end
2023-12-28 03:02:37.384509 = User Module system/test_snapshot.py Hook Start
2023-12-28 03:03:01.938327 = User Module system/test_snapshot.py Hook end
2023-12-28 03:03:01.938970 = Framework Function Hook Start
2023-12-28 03:03:28.481006 = function system/test_snapshot.py::test_ft_watermark_telemetry_interval init start
2023-12-28 03:03:32.835215 = function system/test_snapshot.py::test_ft_watermark_telemetry_interval init end
2023-12-28 03:03:32.836277 = Framework Function Hook end
2023-12-28 03:03:32.837510 = User Function system/test_snapshot.py::test_ft_watermark_telemetry_interval Hook Start
2023-12-28 03:03:32.840492 = User Function system/test_snapshot.py::test_ft_watermark_telemetry_interval Hook end
2023-12-28 03:03:32.841563 = Module Config Time (2023-12-28 03:02:09.706785 - 2023-12-28 03:03:01.939075) Published
2023-12-28 03:03:43.053377 = User Function system/test_snapshot.py::test_ft_watermark_telemetry_interval Hook Finalize
2023-12-28 03:03:43.053525 = function system/test_snapshot.py::test_ft_watermark_telemetry_interval clean start
2023-12-28 03:03:43.065541 = Test Time (2023-12-28 03:03:28.481098 - 2023-12-28 03:03:43.065533) Published
2023-12-28 03:03:43.070631 = function system/test_snapshot.py::test_ft_watermark_telemetry_interval clean end
2023-12-28 03:03:43.070925 = Framework Function Hook Finalize
2023-12-28 03:04:13.948084 = User Module system/test_snapshot.py Hook Finalize
2023-12-28 03:04:13.948331 = module test_snapshot.py clean start
2023-12-28 03:04:39.780185 = report file generation start
2023-12-28 03:04:39.858902 = report file generation end
2023-12-28 03:04:39.863908 = module test_snapshot.py clean end
2023-12-28 03:04:39.864315 = Framework Module Hook Finalize
2023-12-28 03:04:39.993285 = Framework Module Hook Start
2023-12-28 03:04:40.409524 = module test_spytest_infra_1.py init start
2023-12-28 03:05:42.616466 = module test_spytest_infra_1.py init end
2023-12-28 03:05:42.617230 = Framework Module Hook end
2023-12-28 03:05:42.618092 = Framework Function Hook Start
2023-12-28 03:05:45.701703 = function batch/test_spytest_infra_1.py::test_spytest_infra_last init start
2023-12-28 03:05:50.052666 = function batch/test_spytest_infra_1.py::test_spytest_infra_last init end
2023-12-28 03:05:50.053667 = Framework Function Hook end
2023-12-28 03:05:50.055187 = Module Config Time (2023-12-28 03:04:39.993484 - 2023-12-28 03:05:42.618324) Published
2023-12-28 03:05:50.057817 = function batch/test_spytest_infra_1.py::test_spytest_infra_last clean start
2023-12-28 03:05:50.070308 = Test Time (2023-12-28 03:05:45.701797 - 2023-12-28 03:05:50.070301) Published
2023-12-28 03:05:50.075076 = function batch/test_spytest_infra_1.py::test_spytest_infra_last clean end
2023-12-28 03:05:50.075349 = Framework Function Hook Finalize
2023-12-28 03:05:50.075501 = module test_spytest_infra_1.py clean start
2023-12-28 03:05:52.368540 = report file generation start
2023-12-28 03:05:52.449213 = report file generation end
2023-12-28 03:05:52.454292 = module test_spytest_infra_1.py clean end
2023-12-28 03:05:52.455180 = Framework Module Hook Finalize
2023-12-28 03:05:52.458406 = Framework Module Hook Start
2023-12-28 03:05:52.872710 = module test_ntp.py init start
2023-12-28 03:06:46.307071 = module test_ntp.py init end
2023-12-28 03:06:46.307488 = Framework Module Hook end
2023-12-28 03:06:46.307833 = User Module system/test_ntp.py Hook Start
2023-12-28 03:06:46.308768 = User Module system/test_ntp.py Hook end
2023-12-28 03:06:46.308996 = Framework Function Hook Start
2023-12-28 03:07:12.865399 = function system/test_ntp.py::test_ft_ntp_disable_enable_with_message_log init start
2023-12-28 03:07:17.460518 = function system/test_ntp.py::test_ft_ntp_disable_enable_with_message_log init end
2023-12-28 03:07:17.461067 = Framework Function Hook end
2023-12-28 03:07:17.461526 = User Function system/test_ntp.py::test_ft_ntp_disable_enable_with_message_log Hook Start
2023-12-28 03:07:17.464031 = User Function system/test_ntp.py::test_ft_ntp_disable_enable_with_message_log Hook end
2023-12-28 03:07:17.464883 = Module Config Time (2023-12-28 03:05:52.458470 - 2023-12-28 03:06:46.309069) Published
2023-12-28 03:12:20.255212 = User Function system/test_ntp.py::test_ft_ntp_disable_enable_with_message_log Hook Finalize
2023-12-28 03:12:20.255421 = function system/test_ntp.py::test_ft_ntp_disable_enable_with_message_log clean start
2023-12-28 03:12:20.273009 = Test Time (2023-12-28 03:07:12.865505 - 2023-12-28 03:12:20.273000) Published
2023-12-28 03:12:20.278946 = function system/test_ntp.py::test_ft_ntp_disable_enable_with_message_log clean end
2023-12-28 03:12:20.279224 = Framework Function Hook Finalize
2023-12-28 03:12:20.280358 = Framework Function Hook Start
2023-12-28 03:12:20.280830 = function system/test_ntp.py::test_ntp_exists_config init start
2023-12-28 03:12:24.792616 = function system/test_ntp.py::test_ntp_exists_config init end
2023-12-28 03:12:24.793520 = Framework Function Hook end
2023-12-28 03:12:24.794204 = User Function system/test_ntp.py::test_ntp_exists_config Hook Start
2023-12-28 03:12:24.796735 = User Function system/test_ntp.py::test_ntp_exists_config Hook end
2023-12-28 03:12:30.533678 = User Function system/test_ntp.py::test_ntp_exists_config Hook Finalize
2023-12-28 03:12:30.533825 = function system/test_ntp.py::test_ntp_exists_config clean start
2023-12-28 03:12:30.546198 = Test Time (2023-12-28 03:12:20.280897 - 2023-12-28 03:12:30.546191) Published
2023-12-28 03:12:30.551035 = function system/test_ntp.py::test_ntp_exists_config clean end
2023-12-28 03:12:30.551331 = Framework Function Hook Finalize
2023-12-28 03:12:54.148738 = User Module system/test_ntp.py Hook Finalize
2023-12-28 03:12:54.148907 = module test_ntp.py clean start
2023-12-28 03:13:19.961371 = report file generation start
2023-12-28 03:13:20.044563 = report file generation end
2023-12-28 03:13:20.049704 = module test_ntp.py clean end
2023-12-28 03:13:20.050380 = Framework Module Hook Finalize
2023-12-28 03:13:20.128033 = Framework Module Hook Start
2023-12-28 03:13:20.544634 = module test_spytest_infra_1.py init start
2023-12-28 03:14:22.551388 = module test_spytest_infra_1.py init end
2023-12-28 03:14:22.552138 = Framework Module Hook end
2023-12-28 03:14:22.552981 = Framework Function Hook Start
2023-12-28 03:14:25.639370 = function batch/test_spytest_infra_1.py::test_spytest_infra_last init start
2023-12-28 03:14:29.985187 = function batch/test_spytest_infra_1.py::test_spytest_infra_last init end
2023-12-28 03:14:29.986035 = Framework Function Hook end
2023-12-28 03:14:29.987378 = Module Config Time (2023-12-28 03:13:20.128195 - 2023-12-28 03:14:22.553207) Published
2023-12-28 03:14:29.989732 = function batch/test_spytest_infra_1.py::test_spytest_infra_last clean start
2023-12-28 03:14:30.000914 = Test Time (2023-12-28 03:14:25.639460 - 2023-12-28 03:14:30.000903) Published
2023-12-28 03:14:30.006245 = function batch/test_spytest_infra_1.py::test_spytest_infra_last clean end
2023-12-28 03:14:30.006523 = Framework Function Hook Finalize
2023-12-28 03:14:30.006669 = module test_spytest_infra_1.py clean start
2023-12-28 03:14:32.307587 = report file generation start
2023-12-28 03:14:32.388695 = report file generation end
2023-12-28 03:14:32.393606 = module test_spytest_infra_1.py clean end
2023-12-28 03:14:32.394109 = Framework Module Hook Finalize
2023-12-28 03:14:32.394534 = session clean start
2023-12-28 03:14:32.403226 = report file generation start
2023-12-28 03:14:32.483528 = report file generation end
2023-12-28 03:14:33.185601 = session clean end
