2023-12-28 22:26:27,610 T0052: WARN  #### gw1  
2023-12-28 22:26:27,610 T0052: WARN  support post-session-prolog session pass ''
2023-12-28 22:26:27,612 T0053: WARN  #### gw1  
2023-12-28 22:26:27,613 T0053: WARN  support post-session-prolog session pass ''
2023-12-28 22:26:27,615 T0054: WARN  #### gw1  
2023-12-28 22:26:27,615 T0054: WARN  support post-session-prolog session pass ''
2023-12-28 22:26:27,620 T0055: WARN  #### gw1  
2023-12-28 22:26:27,620 T0055: WARN  support post-session-prolog session pass ''
2023-12-28 22:27:23,986 T0156: INFO  #### gw1  
2023-12-28 22:27:23,987 T0156: INFO  support pre-module-prolog routing/BGP/test_bgp_4node.py  ''
2023-12-28 22:27:23,989 T0157: INFO  #### gw1  
2023-12-28 22:27:23,989 T0157: INFO  support pre-module-prolog routing/BGP/test_bgp_4node.py  ''
2023-12-28 22:27:23,993 T0158: INFO  #### gw1  
2023-12-28 22:27:23,994 T0158: INFO  support pre-module-prolog routing/BGP/test_bgp_4node.py  ''
2023-12-28 22:27:23,996 T0159: INFO  #### gw1  
2023-12-28 22:27:23,997 T0159: INFO  support pre-module-prolog routing/BGP/test_bgp_4node.py  ''
2023-12-28 22:29:00,322 T0204: INFO  #### gw1  routing/BGP/test_bgp_4node.py
2023-12-28 22:29:00,323 T0204: INFO  support post-class-prolog routing/BGP/test_bgp_4node.py Pass ''
2023-12-28 22:29:00,324 T0205: INFO  #### gw1  routing/BGP/test_bgp_4node.py
2023-12-28 22:29:00,325 T0205: INFO  support post-class-prolog routing/BGP/test_bgp_4node.py Pass ''
2023-12-28 22:29:00,326 T0206: INFO  #### gw1  routing/BGP/test_bgp_4node.py
2023-12-28 22:29:00,327 T0206: INFO  support post-class-prolog routing/BGP/test_bgp_4node.py Pass ''
2023-12-28 22:29:00,328 T0207: INFO  #### gw1  routing/BGP/test_bgp_4node.py
2023-12-28 22:29:00,329 T0207: INFO  support post-class-prolog routing/BGP/test_bgp_4node.py Pass ''
2023-12-28 22:29:00,346 T0208: INFO  #### gw1  routing/BGP/test_bgp_4node.py
2023-12-28 22:29:00,346 T0208: INFO  support post-module-prolog routing/BGP/test_bgp_4node.py Pass ''
2023-12-28 22:29:00,348 T0209: INFO  #### gw1  routing/BGP/test_bgp_4node.py
2023-12-28 22:29:00,349 T0209: INFO  support post-module-prolog routing/BGP/test_bgp_4node.py Pass ''
2023-12-28 22:29:00,352 T0210: INFO  #### gw1  routing/BGP/test_bgp_4node.py
2023-12-28 22:29:00,353 T0210: INFO  support post-module-prolog routing/BGP/test_bgp_4node.py Pass ''
2023-12-28 22:29:00,356 T0211: INFO  #### gw1  routing/BGP/test_bgp_4node.py
2023-12-28 22:29:00,356 T0211: INFO  support post-module-prolog routing/BGP/test_bgp_4node.py Pass ''
2023-12-28 22:29:36,638 T0257: INFO  #### gw1  routing/BGP/test_bgp_4node.py
2023-12-28 22:29:36,639 T0257: INFO  support pre-function-prolog TestBGPConfed.test_ipv6_confed_route_distribution  ''
2023-12-28 22:29:36,643 T0258: INFO  #### gw1  routing/BGP/test_bgp_4node.py
2023-12-28 22:29:36,643 T0258: INFO  support pre-function-prolog TestBGPConfed.test_ipv6_confed_route_distribution  ''
2023-12-28 22:29:36,647 T0259: INFO  #### gw1  routing/BGP/test_bgp_4node.py
2023-12-28 22:29:36,648 T0259: INFO  support pre-function-prolog TestBGPConfed.test_ipv6_confed_route_distribution  ''
2023-12-28 22:29:36,652 T0260: INFO  #### gw1  routing/BGP/test_bgp_4node.py
2023-12-28 22:29:36,652 T0260: INFO  support pre-function-prolog TestBGPConfed.test_ipv6_confed_route_distribution  ''
2023-12-28 22:29:51,877 T0261: WARN  #### gw1  routing/BGP/test_bgp_4node.py::TestBGPConfed::test_ipv6_confed_route_distribution
2023-12-28 22:29:51,877 T0261: WARN  support pre-function-epilog TestBGPConfed.test_ipv6_confed_route_distribution Fail 'Fail: Route advertised by DUT1 not found on DUT3'
2023-12-28 22:29:51,878 T0262: WARN  #### gw1  routing/BGP/test_bgp_4node.py::TestBGPConfed::test_ipv6_confed_route_distribution
2023-12-28 22:29:51,879 T0262: WARN  support pre-function-epilog TestBGPConfed.test_ipv6_confed_route_distribution Fail 'Fail: Route advertised by DUT1 not found on DUT3'
2023-12-28 22:29:51,880 T0263: WARN  #### gw1  routing/BGP/test_bgp_4node.py::TestBGPConfed::test_ipv6_confed_route_distribution
2023-12-28 22:29:51,881 T0263: WARN  support pre-function-epilog TestBGPConfed.test_ipv6_confed_route_distribution Fail 'Fail: Route advertised by DUT1 not found on DUT3'
2023-12-28 22:29:51,882 T0264: WARN  #### gw1  routing/BGP/test_bgp_4node.py::TestBGPConfed::test_ipv6_confed_route_distribution
2023-12-28 22:29:51,883 T0264: WARN  support pre-function-epilog TestBGPConfed.test_ipv6_confed_route_distribution Fail 'Fail: Route advertised by DUT1 not found on DUT3'
2023-12-28 22:29:52,286 T0265: WARN  #### gw1  routing/BGP/test_bgp_4node.py::TestBGPConfed::test_ipv6_confed_route_distribution
2023-12-28 22:29:52,286 T0265: WARN  support post-function-epilog TestBGPConfed.test_ipv6_confed_route_distribution ignore 'Fail: Route advertised by DUT1 not found on DUT3'
2023-12-28 22:29:52,288 T0266: WARN  #### gw1  routing/BGP/test_bgp_4node.py::TestBGPConfed::test_ipv6_confed_route_distribution
2023-12-28 22:29:52,288 T0266: WARN  support post-function-epilog TestBGPConfed.test_ipv6_confed_route_distribution ignore 'Fail: Route advertised by DUT1 not found on DUT3'
2023-12-28 22:29:52,290 T0267: WARN  #### gw1  routing/BGP/test_bgp_4node.py::TestBGPConfed::test_ipv6_confed_route_distribution
2023-12-28 22:29:52,290 T0267: WARN  support post-function-epilog TestBGPConfed.test_ipv6_confed_route_distribution ignore 'Fail: Route advertised by DUT1 not found on DUT3'
2023-12-28 22:29:52,292 T0268: WARN  #### gw1  routing/BGP/test_bgp_4node.py::TestBGPConfed::test_ipv6_confed_route_distribution
2023-12-28 22:29:52,293 T0268: WARN  support post-function-epilog TestBGPConfed.test_ipv6_confed_route_distribution ignore 'Fail: Route advertised by DUT1 not found on DUT3'
2023-12-28 22:29:59,911 T0278: INFO  #### gw1  routing/BGP/test_bgp_4node.py
2023-12-28 22:29:59,911 T0278: INFO  support pre-function-prolog TestBGPConfed.test_ipv6_confed_with_rr  ''
2023-12-28 22:29:59,915 T0279: INFO  #### gw1  routing/BGP/test_bgp_4node.py
2023-12-28 22:29:59,916 T0279: INFO  support pre-function-prolog TestBGPConfed.test_ipv6_confed_with_rr  ''
2023-12-28 22:29:59,919 T0280: INFO  #### gw1  routing/BGP/test_bgp_4node.py
2023-12-28 22:29:59,920 T0280: INFO  support pre-function-prolog TestBGPConfed.test_ipv6_confed_with_rr  ''
2023-12-28 22:29:59,921 T0281: INFO  #### gw1  routing/BGP/test_bgp_4node.py
2023-12-28 22:29:59,922 T0281: INFO  support pre-function-prolog TestBGPConfed.test_ipv6_confed_with_rr  ''
2023-12-28 22:30:39,380 T0282: WARN  #### gw1  routing/BGP/test_bgp_4node.py::TestBGPConfed::test_ipv6_confed_with_rr
2023-12-28 22:30:39,380 T0282: WARN  support pre-function-epilog TestBGPConfed.test_ipv6_confed_with_rr Fail 'Fail: DUT4 did not learn the routes advertised by peer DUT2'
2023-12-28 22:30:39,382 T0283: WARN  #### gw1  routing/BGP/test_bgp_4node.py::TestBGPConfed::test_ipv6_confed_with_rr
2023-12-28 22:30:39,382 T0283: WARN  support pre-function-epilog TestBGPConfed.test_ipv6_confed_with_rr Fail 'Fail: DUT4 did not learn the routes advertised by peer DUT2'
2023-12-28 22:30:39,383 T0284: WARN  #### gw1  routing/BGP/test_bgp_4node.py::TestBGPConfed::test_ipv6_confed_with_rr
2023-12-28 22:30:39,384 T0284: WARN  support pre-function-epilog TestBGPConfed.test_ipv6_confed_with_rr Fail 'Fail: DUT4 did not learn the routes advertised by peer DUT2'
2023-12-28 22:30:39,385 T0285: WARN  #### gw1  routing/BGP/test_bgp_4node.py::TestBGPConfed::test_ipv6_confed_with_rr
2023-12-28 22:30:39,386 T0285: WARN  support pre-function-epilog TestBGPConfed.test_ipv6_confed_with_rr Fail 'Fail: DUT4 did not learn the routes advertised by peer DUT2'
2023-12-28 22:30:39,815 T0286: WARN  #### gw1  routing/BGP/test_bgp_4node.py::TestBGPConfed::test_ipv6_confed_with_rr
2023-12-28 22:30:39,815 T0286: WARN  support post-function-epilog TestBGPConfed.test_ipv6_confed_with_rr ignore 'Fail: DUT4 did not learn the routes advertised by peer DUT2'
2023-12-28 22:30:39,817 T0287: WARN  #### gw1  routing/BGP/test_bgp_4node.py::TestBGPConfed::test_ipv6_confed_with_rr
2023-12-28 22:30:39,817 T0287: WARN  support post-function-epilog TestBGPConfed.test_ipv6_confed_with_rr ignore 'Fail: DUT4 did not learn the routes advertised by peer DUT2'
2023-12-28 22:30:39,818 T0288: WARN  #### gw1  routing/BGP/test_bgp_4node.py::TestBGPConfed::test_ipv6_confed_with_rr
2023-12-28 22:30:39,819 T0288: WARN  support post-function-epilog TestBGPConfed.test_ipv6_confed_with_rr ignore 'Fail: DUT4 did not learn the routes advertised by peer DUT2'
2023-12-28 22:30:39,821 T0289: WARN  #### gw1  routing/BGP/test_bgp_4node.py::TestBGPConfed::test_ipv6_confed_with_rr
2023-12-28 22:30:39,822 T0289: WARN  support post-function-epilog TestBGPConfed.test_ipv6_confed_with_rr ignore 'Fail: DUT4 did not learn the routes advertised by peer DUT2'
2023-12-28 22:30:47,514 T0299: INFO  #### gw1  routing/BGP/test_bgp_4node.py
2023-12-28 22:30:47,515 T0299: INFO  support pre-function-prolog TestBGPConfed.test_confed_route_distribution_with_rmap  ''
2023-12-28 22:30:47,518 T0300: INFO  #### gw1  routing/BGP/test_bgp_4node.py
2023-12-28 22:30:47,519 T0300: INFO  support pre-function-prolog TestBGPConfed.test_confed_route_distribution_with_rmap  ''
2023-12-28 22:30:47,524 T0301: INFO  #### gw1  routing/BGP/test_bgp_4node.py
2023-12-28 22:30:47,524 T0301: INFO  support pre-function-prolog TestBGPConfed.test_confed_route_distribution_with_rmap  ''
2023-12-28 22:30:47,527 T0302: INFO  #### gw1  routing/BGP/test_bgp_4node.py
2023-12-28 22:30:47,528 T0302: INFO  support pre-function-prolog TestBGPConfed.test_confed_route_distribution_with_rmap  ''
2023-12-28 22:31:18,242 T0303: INFO  #### gw1  routing/BGP/test_bgp_4node.py::TestBGPConfed::test_confed_route_distribution_with_rmap
2023-12-28 22:31:18,242 T0303: INFO  support pre-function-epilog TestBGPConfed.test_confed_route_distribution_with_rmap Pass 'Test case passed'
2023-12-28 22:31:18,244 T0304: INFO  #### gw1  routing/BGP/test_bgp_4node.py::TestBGPConfed::test_confed_route_distribution_with_rmap
2023-12-28 22:31:18,245 T0304: INFO  support pre-function-epilog TestBGPConfed.test_confed_route_distribution_with_rmap Pass 'Test case passed'
2023-12-28 22:31:18,247 T0305: INFO  #### gw1  routing/BGP/test_bgp_4node.py::TestBGPConfed::test_confed_route_distribution_with_rmap
2023-12-28 22:31:18,247 T0305: INFO  support pre-function-epilog TestBGPConfed.test_confed_route_distribution_with_rmap Pass 'Test case passed'
2023-12-28 22:31:18,249 T0306: INFO  #### gw1  routing/BGP/test_bgp_4node.py::TestBGPConfed::test_confed_route_distribution_with_rmap
2023-12-28 22:31:18,249 T0306: INFO  support pre-function-epilog TestBGPConfed.test_confed_route_distribution_with_rmap Pass 'Test case passed'
2023-12-28 22:31:18,263 T0307: INFO  #### gw1  routing/BGP/test_bgp_4node.py::TestBGPConfed::test_confed_route_distribution_with_rmap
2023-12-28 22:31:18,263 T0307: INFO  support post-function-epilog TestBGPConfed.test_confed_route_distribution_with_rmap Pass 'Test case passed'
2023-12-28 22:31:18,265 T0308: INFO  #### gw1  routing/BGP/test_bgp_4node.py::TestBGPConfed::test_confed_route_distribution_with_rmap
2023-12-28 22:31:18,265 T0308: INFO  support post-function-epilog TestBGPConfed.test_confed_route_distribution_with_rmap Pass 'Test case passed'
2023-12-28 22:31:18,267 T0309: INFO  #### gw1  routing/BGP/test_bgp_4node.py::TestBGPConfed::test_confed_route_distribution_with_rmap
2023-12-28 22:31:18,267 T0309: INFO  support post-function-epilog TestBGPConfed.test_confed_route_distribution_with_rmap Pass 'Test case passed'
2023-12-28 22:31:18,269 T0310: INFO  #### gw1  routing/BGP/test_bgp_4node.py::TestBGPConfed::test_confed_route_distribution_with_rmap
2023-12-28 22:31:18,269 T0310: INFO  support post-function-epilog TestBGPConfed.test_confed_route_distribution_with_rmap Pass 'Test case passed'
2023-12-28 22:31:24,236 T0311: WARN  #### gw1  routing/BGP/test_bgp_4node.py::TestBGPConfed::test_confed_route_distribution_with_rmap
2023-12-28 22:31:24,236 T0311: WARN  support post-class-epilog routing/BGP/test_bgp_4node.py pass ''
2023-12-28 22:31:24,238 T0312: WARN  #### gw1  routing/BGP/test_bgp_4node.py::TestBGPConfed::test_confed_route_distribution_with_rmap
2023-12-28 22:31:24,238 T0312: WARN  support post-class-epilog routing/BGP/test_bgp_4node.py pass ''
2023-12-28 22:31:24,239 T0313: WARN  #### gw1  routing/BGP/test_bgp_4node.py::TestBGPConfed::test_confed_route_distribution_with_rmap
2023-12-28 22:31:24,239 T0313: WARN  support post-class-epilog routing/BGP/test_bgp_4node.py pass ''
2023-12-28 22:31:24,240 T0314: WARN  #### gw1  routing/BGP/test_bgp_4node.py::TestBGPConfed::test_confed_route_distribution_with_rmap
2023-12-28 22:31:24,241 T0314: WARN  support post-class-epilog routing/BGP/test_bgp_4node.py pass ''
2023-12-28 22:31:24,252 T0315: WARN  #### gw1  routing/BGP/test_bgp_4node.py::TestBGPConfed::test_confed_route_distribution_with_rmap
2023-12-28 22:31:24,252 T0315: WARN  support post-class-epilog routing/BGP/test_bgp_4node.py pass ''
2023-12-28 22:31:24,254 T0316: WARN  #### gw1  routing/BGP/test_bgp_4node.py::TestBGPConfed::test_confed_route_distribution_with_rmap
2023-12-28 22:31:24,254 T0316: WARN  support post-class-epilog routing/BGP/test_bgp_4node.py pass ''
2023-12-28 22:31:24,257 T0317: WARN  #### gw1  routing/BGP/test_bgp_4node.py::TestBGPConfed::test_confed_route_distribution_with_rmap
2023-12-28 22:31:24,257 T0317: WARN  support post-class-epilog routing/BGP/test_bgp_4node.py pass ''
2023-12-28 22:31:24,259 T0318: WARN  #### gw1  routing/BGP/test_bgp_4node.py::TestBGPConfed::test_confed_route_distribution_with_rmap
2023-12-28 22:31:24,259 T0318: WARN  support post-class-epilog routing/BGP/test_bgp_4node.py pass ''
2023-12-28 22:31:24,272 T0319: WARN  #### gw1  routing/BGP/test_bgp_4node.py::TestBGPConfed::test_confed_route_distribution_with_rmap
2023-12-28 22:31:24,272 T0319: WARN  support post-class-epilog routing/BGP/test_bgp_4node.py pass ''
2023-12-28 22:31:24,275 T0320: WARN  #### gw1  routing/BGP/test_bgp_4node.py::TestBGPConfed::test_confed_route_distribution_with_rmap
2023-12-28 22:31:24,275 T0320: WARN  support post-class-epilog routing/BGP/test_bgp_4node.py pass ''
2023-12-28 22:31:24,278 T0321: WARN  #### gw1  routing/BGP/test_bgp_4node.py::TestBGPConfed::test_confed_route_distribution_with_rmap
2023-12-28 22:31:24,278 T0321: WARN  support post-class-epilog routing/BGP/test_bgp_4node.py pass ''
2023-12-28 22:31:24,280 T0322: WARN  #### gw1  routing/BGP/test_bgp_4node.py::TestBGPConfed::test_confed_route_distribution_with_rmap
2023-12-28 22:31:24,280 T0322: WARN  support post-class-epilog routing/BGP/test_bgp_4node.py pass ''
2023-12-28 22:31:31,871 T0332: INFO  #### gw1  routing/BGP/test_bgp_4node.py
2023-12-28 22:31:31,872 T0332: INFO  support pre-function-prolog test_ft_bgp_ibgp_RR_Loop  ''
2023-12-28 22:31:31,874 T0333: INFO  #### gw1  routing/BGP/test_bgp_4node.py
2023-12-28 22:31:31,875 T0333: INFO  support pre-function-prolog test_ft_bgp_ibgp_RR_Loop  ''
2023-12-28 22:31:31,877 T0334: INFO  #### gw1  routing/BGP/test_bgp_4node.py
2023-12-28 22:31:31,877 T0334: INFO  support pre-function-prolog test_ft_bgp_ibgp_RR_Loop  ''
2023-12-28 22:31:31,879 T0335: INFO  #### gw1  routing/BGP/test_bgp_4node.py
2023-12-28 22:31:31,879 T0335: INFO  support pre-function-prolog test_ft_bgp_ibgp_RR_Loop  ''
2023-12-28 22:31:31,896 T0336: INFO  #### gw1  routing/BGP/test_bgp_4node.py::test_ft_bgp_ibgp_RR_Loop
2023-12-28 22:31:31,896 T0336: INFO  support post-function-prolog test_ft_bgp_ibgp_RR_Loop Pass ''
2023-12-28 22:31:31,898 T0337: INFO  #### gw1  routing/BGP/test_bgp_4node.py::test_ft_bgp_ibgp_RR_Loop
2023-12-28 22:31:31,898 T0337: INFO  support post-function-prolog test_ft_bgp_ibgp_RR_Loop Pass ''
2023-12-28 22:31:31,900 T0338: INFO  #### gw1  routing/BGP/test_bgp_4node.py::test_ft_bgp_ibgp_RR_Loop
2023-12-28 22:31:31,900 T0338: INFO  support post-function-prolog test_ft_bgp_ibgp_RR_Loop Pass ''
2023-12-28 22:31:31,902 T0339: INFO  #### gw1  routing/BGP/test_bgp_4node.py::test_ft_bgp_ibgp_RR_Loop
2023-12-28 22:31:31,902 T0339: INFO  support post-function-prolog test_ft_bgp_ibgp_RR_Loop Pass ''
2023-12-28 22:31:58,567 T0000: ERROR #### gw1 Exception routing/BGP/test_bgp_4node.py::test_ft_bgp_ibgp_RR_Loop
2023-12-28 22:31:58,567 T0000: ERROR Exception IndexError list index out of range in file /tests/routing/BGP/test_bgp_4node.py at line 690
2023-12-28 22:31:58,567 T0000: ERROR [0] /tests/routing/BGP/test_bgp_4node.py:690 test_ft_bgp_ibgp_RR_Loop if not (net1[0]['next_hop'] == '0.0.0.0'):
2023-12-28 22:32:02,140 T0362: WARN  #### gw1  routing/BGP/test_bgp_4node.py::test_ft_bgp_ibgp_RR_Loop
2023-12-28 22:32:02,140 T0362: WARN  support post-function-epilog test_ft_bgp_ibgp_RR_Loop ScriptError 'Exception IndexError list index out of range in file /tests/routing/BGP/test_bgp_4node.py at line 690'
2023-12-28 22:32:02,144 T0363: WARN  #### gw1  routing/BGP/test_bgp_4node.py::test_ft_bgp_ibgp_RR_Loop
2023-12-28 22:32:02,144 T0363: WARN  support post-function-epilog test_ft_bgp_ibgp_RR_Loop ScriptError 'Exception IndexError list index out of range in file /tests/routing/BGP/test_bgp_4node.py at line 690'
2023-12-28 22:32:02,148 T0364: WARN  #### gw1  routing/BGP/test_bgp_4node.py::test_ft_bgp_ibgp_RR_Loop
2023-12-28 22:32:02,148 T0364: WARN  support post-function-epilog test_ft_bgp_ibgp_RR_Loop ScriptError 'Exception IndexError list index out of range in file /tests/routing/BGP/test_bgp_4node.py at line 690'
2023-12-28 22:32:02,152 T0365: WARN  #### gw1  routing/BGP/test_bgp_4node.py::test_ft_bgp_ibgp_RR_Loop
2023-12-28 22:32:02,152 T0365: WARN  support post-function-epilog test_ft_bgp_ibgp_RR_Loop ScriptError 'Exception IndexError list index out of range in file /tests/routing/BGP/test_bgp_4node.py at line 690'
2023-12-28 22:32:09,402 T0375: INFO  #### gw1  routing/BGP/test_bgp_4node.py
2023-12-28 22:32:09,403 T0375: INFO  support pre-function-prolog test_ft_bgp_ebgp_community_map  ''
2023-12-28 22:32:09,407 T0376: INFO  #### gw1  routing/BGP/test_bgp_4node.py
2023-12-28 22:32:09,407 T0376: INFO  support pre-function-prolog test_ft_bgp_ebgp_community_map  ''
2023-12-28 22:32:09,411 T0377: INFO  #### gw1  routing/BGP/test_bgp_4node.py
2023-12-28 22:32:09,411 T0377: INFO  support pre-function-prolog test_ft_bgp_ebgp_community_map  ''
2023-12-28 22:32:09,413 T0378: INFO  #### gw1  routing/BGP/test_bgp_4node.py
2023-12-28 22:32:09,413 T0378: INFO  support pre-function-prolog test_ft_bgp_ebgp_community_map  ''
2023-12-28 22:32:09,426 T0379: INFO  #### gw1  routing/BGP/test_bgp_4node.py::test_ft_bgp_ebgp_community_map
2023-12-28 22:32:09,426 T0379: INFO  support post-function-prolog test_ft_bgp_ebgp_community_map Pass ''
2023-12-28 22:32:09,428 T0380: INFO  #### gw1  routing/BGP/test_bgp_4node.py::test_ft_bgp_ebgp_community_map
2023-12-28 22:32:09,428 T0380: INFO  support post-function-prolog test_ft_bgp_ebgp_community_map Pass ''
2023-12-28 22:32:09,430 T0381: INFO  #### gw1  routing/BGP/test_bgp_4node.py::test_ft_bgp_ebgp_community_map
2023-12-28 22:32:09,430 T0381: INFO  support post-function-prolog test_ft_bgp_ebgp_community_map Pass ''
2023-12-28 22:32:09,432 T0382: INFO  #### gw1  routing/BGP/test_bgp_4node.py::test_ft_bgp_ebgp_community_map
2023-12-28 22:32:09,432 T0382: INFO  support post-function-prolog test_ft_bgp_ebgp_community_map Pass ''
2023-12-28 22:36:11,608 T0395: INFO  #### gw1  routing/BGP/test_bgp_4node.py::test_ft_bgp_ebgp_community_map
2023-12-28 22:36:11,608 T0395: INFO  support pre-function-epilog test_ft_bgp_ebgp_community_map Pass 'Test case passed'
2023-12-28 22:36:11,610 T0396: INFO  #### gw1  routing/BGP/test_bgp_4node.py::test_ft_bgp_ebgp_community_map
2023-12-28 22:36:11,611 T0396: INFO  support pre-function-epilog test_ft_bgp_ebgp_community_map Pass 'Test case passed'
2023-12-28 22:36:11,612 T0397: INFO  #### gw1  routing/BGP/test_bgp_4node.py::test_ft_bgp_ebgp_community_map
2023-12-28 22:36:11,612 T0397: INFO  support pre-function-epilog test_ft_bgp_ebgp_community_map Pass 'Test case passed'
2023-12-28 22:36:11,614 T0398: INFO  #### gw1  routing/BGP/test_bgp_4node.py::test_ft_bgp_ebgp_community_map
2023-12-28 22:36:11,614 T0398: INFO  support pre-function-epilog test_ft_bgp_ebgp_community_map Pass 'Test case passed'
2023-12-28 22:36:20,095 T0405: INFO  #### gw1  routing/BGP/test_bgp_4node.py::test_ft_bgp_ebgp_community_map
2023-12-28 22:36:20,096 T0405: INFO  support post-function-epilog test_ft_bgp_ebgp_community_map Pass 'Test case passed'
2023-12-28 22:36:20,097 T0406: INFO  #### gw1  routing/BGP/test_bgp_4node.py::test_ft_bgp_ebgp_community_map
2023-12-28 22:36:20,097 T0406: INFO  support post-function-epilog test_ft_bgp_ebgp_community_map Pass 'Test case passed'
2023-12-28 22:36:20,099 T0407: INFO  #### gw1  routing/BGP/test_bgp_4node.py::test_ft_bgp_ebgp_community_map
2023-12-28 22:36:20,099 T0407: INFO  support post-function-epilog test_ft_bgp_ebgp_community_map Pass 'Test case passed'
2023-12-28 22:36:20,101 T0408: INFO  #### gw1  routing/BGP/test_bgp_4node.py::test_ft_bgp_ebgp_community_map
2023-12-28 22:36:20,101 T0408: INFO  support post-function-epilog test_ft_bgp_ebgp_community_map Pass 'Test case passed'
2023-12-28 22:36:20,153 T0409: WARN  #### gw1  routing/BGP/test_bgp_4node.py::test_ft_bgp_ebgp_community_map
2023-12-28 22:36:20,153 T0409: WARN  support pre-module-epilog routing/BGP/test_bgp_4node.py fail ''
2023-12-28 22:36:20,155 T0410: WARN  #### gw1  routing/BGP/test_bgp_4node.py::test_ft_bgp_ebgp_community_map
2023-12-28 22:36:20,155 T0410: WARN  support pre-module-epilog routing/BGP/test_bgp_4node.py fail ''
2023-12-28 22:36:20,158 T0411: WARN  #### gw1  routing/BGP/test_bgp_4node.py::test_ft_bgp_ebgp_community_map
2023-12-28 22:36:20,159 T0411: WARN  support pre-module-epilog routing/BGP/test_bgp_4node.py fail ''
2023-12-28 22:36:20,162 T0412: WARN  #### gw1  routing/BGP/test_bgp_4node.py::test_ft_bgp_ebgp_community_map
2023-12-28 22:36:20,162 T0412: WARN  support pre-module-epilog routing/BGP/test_bgp_4node.py fail ''
2023-12-28 22:36:55,829 T0457: WARN  #### gw1  routing/BGP/test_bgp_4node.py::test_ft_bgp_ebgp_community_map
2023-12-28 22:36:55,830 T0457: WARN  support post-module-epilog routing/BGP/test_bgp_4node.py fail ''
2023-12-28 22:36:55,835 T0458: WARN  #### gw1  routing/BGP/test_bgp_4node.py::test_ft_bgp_ebgp_community_map
2023-12-28 22:36:55,836 T0458: WARN  support post-module-epilog routing/BGP/test_bgp_4node.py fail ''
2023-12-28 22:36:55,840 T0459: WARN  #### gw1  routing/BGP/test_bgp_4node.py::test_ft_bgp_ebgp_community_map
2023-12-28 22:36:55,840 T0459: WARN  support post-module-epilog routing/BGP/test_bgp_4node.py fail ''
2023-12-28 22:36:55,842 T0460: WARN  #### gw1  routing/BGP/test_bgp_4node.py::test_ft_bgp_ebgp_community_map
2023-12-28 22:36:55,843 T0460: WARN  support post-module-epilog routing/BGP/test_bgp_4node.py fail ''
2023-12-28 22:39:08,690 T0550: WARN  #### gw1  batch/test_spytest_infra_1.py::test_spytest_infra_last
2023-12-28 22:39:08,690 T0550: WARN  support session-epilog session pass ''
2023-12-28 22:39:08,691 T0551: WARN  #### gw1  batch/test_spytest_infra_1.py::test_spytest_infra_last
2023-12-28 22:39:08,692 T0551: WARN  support session-epilog session pass ''
2023-12-28 22:39:08,693 T0552: WARN  #### gw1  batch/test_spytest_infra_1.py::test_spytest_infra_last
2023-12-28 22:39:08,694 T0552: WARN  support session-epilog session pass ''
2023-12-28 22:39:08,695 T0553: WARN  #### gw1  batch/test_spytest_infra_1.py::test_spytest_infra_last
2023-12-28 22:39:08,695 T0553: WARN  support session-epilog session pass ''
