2023-12-28 22:22:04.774097 = START
2023-12-28 22:22:05.905593 = device connections start
2023-12-28 22:22:58.675300 = device connections finish
2023-12-28 22:22:58.680463 = session init start
2023-12-28 22:26:27.516727 = report file generation start
2023-12-28 22:26:27.609002 = report file generation end
2023-12-28 22:26:51.488335 = session init end
2023-12-28 22:26:51.491634 = Framework Module Hook Start
2023-12-28 22:26:53.160954 = module test_spytest_infra_1.py init start
2023-12-28 22:26:57.728609 = module test_spytest_infra_1.py init end
2023-12-28 22:26:57.728986 = Framework Module Hook end
2023-12-28 22:26:57.729389 = Framework Function Hook Start
2023-12-28 22:27:02.035540 = function batch/test_spytest_infra_1.py::test_spytest_infra_first init start
2023-12-28 22:27:08.216189 = function batch/test_spytest_infra_1.py::test_spytest_infra_first init end
2023-12-28 22:27:08.217269 = Framework Function Hook end
2023-12-28 22:27:08.221646 = Module Config Time (2023-12-28 22:26:51.491736 - 2023-12-28 22:26:57.729496) Published
2023-12-28 22:27:08.223499 = function batch/test_spytest_infra_1.py::test_spytest_infra_first clean start
2023-12-28 22:27:08.252391 = Test Time (2023-12-28 22:27:02.035761 - 2023-12-28 22:27:08.252381) Published
2023-12-28 22:27:08.258176 = function batch/test_spytest_infra_1.py::test_spytest_infra_first clean end
2023-12-28 22:27:08.258516 = Framework Function Hook Finalize
2023-12-28 22:27:08.434018 = Framework Function Hook Start
2023-12-28 22:27:08.435327 = function batch/test_spytest_infra_1.py::test_spytest_infra_second init start
2023-12-28 22:27:14.568833 = function batch/test_spytest_infra_1.py::test_spytest_infra_second init end
2023-12-28 22:27:14.570003 = Framework Function Hook end
2023-12-28 22:27:14.574544 = function batch/test_spytest_infra_1.py::test_spytest_infra_second clean start
2023-12-28 22:27:14.605333 = Test Time (2023-12-28 22:27:08.435528 - 2023-12-28 22:27:14.605324) Published
2023-12-28 22:27:14.610711 = function batch/test_spytest_infra_1.py::test_spytest_infra_second clean end
2023-12-28 22:27:14.611029 = Framework Function Hook Finalize
2023-12-28 22:27:14.611251 = module test_spytest_infra_1.py clean start
2023-12-28 22:27:17.136464 = report file generation start
2023-12-28 22:27:17.708792 = report file generation end
2023-12-28 22:27:17.720819 = module test_spytest_infra_1.py clean end
2023-12-28 22:27:17.721376 = Framework Module Hook Finalize
2023-12-28 22:27:17.724504 = Framework Module Hook Start
2023-12-28 22:27:19.421074 = module test_bgp_4node.py init start
2023-12-28 22:27:47.846279 = module test_bgp_4node.py init end
2023-12-28 22:27:47.847623 = Framework Module Hook end
2023-12-28 22:27:47.848097 = User Module routing/BGP/test_bgp_4node.py Hook Start
2023-12-28 22:28:12.373576 = User Module routing/BGP/test_bgp_4node.py Hook end
2023-12-28 22:28:12.373826 = User Class routing/BGP/test_bgp_4node.py Hook Start
2023-12-28 22:29:00.341620 = User Class routing/BGP/test_bgp_4node.py Hook end
2023-12-28 22:29:00.342524 = Framework Function Hook Start
2023-12-28 22:29:30.424583 = function routing/BGP/test_bgp_4node.py::TestBGPConfed::test_ipv6_confed_route_distribution init start
2023-12-28 22:29:36.663300 = function routing/BGP/test_bgp_4node.py::TestBGPConfed::test_ipv6_confed_route_distribution init end
2023-12-28 22:29:36.663894 = Framework Function Hook end
2023-12-28 22:29:36.666001 = Module Config Time (2023-12-28 22:27:17.724568 - 2023-12-28 22:29:00.342674) Published
2023-12-28 22:29:52.285478 = function routing/BGP/test_bgp_4node.py::TestBGPConfed::test_ipv6_confed_route_distribution clean start
2023-12-28 22:29:52.349426 = Test Time (2023-12-28 22:29:30.424862 - 2023-12-28 22:29:52.349402) Published
2023-12-28 22:29:52.354518 = function routing/BGP/test_bgp_4node.py::TestBGPConfed::test_ipv6_confed_route_distribution clean end
2023-12-28 22:29:52.354812 = Framework Function Hook Finalize
2023-12-28 22:29:52.356026 = Framework Function Hook Start
2023-12-28 22:29:52.356433 = function routing/BGP/test_bgp_4node.py::TestBGPConfed::test_ipv6_confed_with_rr init start
2023-12-28 22:29:59.933105 = function routing/BGP/test_bgp_4node.py::TestBGPConfed::test_ipv6_confed_with_rr init end
2023-12-28 22:29:59.933592 = Framework Function Hook end
2023-12-28 22:30:39.814117 = function routing/BGP/test_bgp_4node.py::TestBGPConfed::test_ipv6_confed_with_rr clean start
2023-12-28 22:30:39.874338 = Test Time (2023-12-28 22:29:52.356514 - 2023-12-28 22:30:39.874330) Published
2023-12-28 22:30:39.879239 = function routing/BGP/test_bgp_4node.py::TestBGPConfed::test_ipv6_confed_with_rr clean end
2023-12-28 22:30:39.879515 = Framework Function Hook Finalize
2023-12-28 22:30:39.880401 = Framework Function Hook Start
2023-12-28 22:30:39.880787 = function routing/BGP/test_bgp_4node.py::TestBGPConfed::test_confed_route_distribution_with_rmap init start
2023-12-28 22:30:47.539430 = function routing/BGP/test_bgp_4node.py::TestBGPConfed::test_confed_route_distribution_with_rmap init end
2023-12-28 22:30:47.539941 = Framework Function Hook end
2023-12-28 22:31:18.262082 = function routing/BGP/test_bgp_4node.py::TestBGPConfed::test_confed_route_distribution_with_rmap clean start
2023-12-28 22:31:18.330135 = Test Time (2023-12-28 22:30:39.880847 - 2023-12-28 22:31:18.330119) Published
2023-12-28 22:31:18.336100 = function routing/BGP/test_bgp_4node.py::TestBGPConfed::test_confed_route_distribution_with_rmap clean end
2023-12-28 22:31:18.336582 = Framework Function Hook Finalize
2023-12-28 22:31:24.251377 = User Class routing/BGP/test_bgp_4node.py Hook Finalize
2023-12-28 22:31:24.270559 = User Class routing/BGP/test_bgp_4node.py Hook Finalize
2023-12-28 22:31:24.290285 = User Class routing/BGP/test_bgp_4node.py Hook Finalize
2023-12-28 22:31:24.291873 = Framework Function Hook Start
2023-12-28 22:31:24.292544 = function routing/BGP/test_bgp_4node.py::test_ft_bgp_ibgp_RR_Loop init start
2023-12-28 22:31:31.893330 = function routing/BGP/test_bgp_4node.py::test_ft_bgp_ibgp_RR_Loop init end
2023-12-28 22:31:31.893940 = Framework Function Hook end
2023-12-28 22:31:31.894461 = User Function routing/BGP/test_bgp_4node.py::test_ft_bgp_ibgp_RR_Loop Hook Start
2023-12-28 22:31:31.914348 = User Function routing/BGP/test_bgp_4node.py::test_ft_bgp_ibgp_RR_Loop Hook end
2023-12-28 22:32:02.138432 = User Function routing/BGP/test_bgp_4node.py::test_ft_bgp_ibgp_RR_Loop Hook Finalize
2023-12-28 22:32:02.138814 = function routing/BGP/test_bgp_4node.py::test_ft_bgp_ibgp_RR_Loop clean start
2023-12-28 22:32:02.204347 = Test Time (2023-12-28 22:31:24.292639 - 2023-12-28 22:32:02.204336) Published
2023-12-28 22:32:02.209562 = function routing/BGP/test_bgp_4node.py::test_ft_bgp_ibgp_RR_Loop clean end
2023-12-28 22:32:02.209949 = Framework Function Hook Finalize
2023-12-28 22:32:02.210942 = Framework Function Hook Start
2023-12-28 22:32:02.211410 = function routing/BGP/test_bgp_4node.py::test_ft_bgp_ebgp_community_map init start
2023-12-28 22:32:09.424204 = function routing/BGP/test_bgp_4node.py::test_ft_bgp_ebgp_community_map init end
2023-12-28 22:32:09.424702 = Framework Function Hook end
2023-12-28 22:32:09.425091 = User Function routing/BGP/test_bgp_4node.py::test_ft_bgp_ebgp_community_map Hook Start
2023-12-28 22:32:09.443217 = User Function routing/BGP/test_bgp_4node.py::test_ft_bgp_ebgp_community_map Hook end
2023-12-28 22:36:20.094693 = User Function routing/BGP/test_bgp_4node.py::test_ft_bgp_ebgp_community_map Hook Finalize
2023-12-28 22:36:20.094913 = function routing/BGP/test_bgp_4node.py::test_ft_bgp_ebgp_community_map clean start
2023-12-28 22:36:20.146825 = Test Time (2023-12-28 22:32:02.211476 - 2023-12-28 22:36:20.146817) Published
2023-12-28 22:36:20.152000 = function routing/BGP/test_bgp_4node.py::test_ft_bgp_ebgp_community_map clean end
2023-12-28 22:36:20.152303 = Framework Function Hook Finalize
2023-12-28 22:36:55.827349 = User Module routing/BGP/test_bgp_4node.py Hook Finalize
2023-12-28 22:36:55.827839 = module test_bgp_4node.py clean start
2023-12-28 22:37:23.147907 = report file generation start
2023-12-28 22:37:23.237143 = report file generation end
2023-12-28 22:37:23.242315 = module test_bgp_4node.py clean end
2023-12-28 22:37:23.242775 = Framework Module Hook Finalize
2023-12-28 22:37:23.323414 = Framework Module Hook Start
2023-12-28 22:37:24.989937 = module test_spytest_infra_1.py init start
2023-12-28 22:38:55.433710 = module test_spytest_infra_1.py init end
2023-12-28 22:38:55.434015 = Framework Module Hook end
2023-12-28 22:38:55.434381 = Framework Function Hook Start
2023-12-28 22:38:59.755302 = function batch/test_spytest_infra_1.py::test_spytest_infra_last init start
2023-12-28 22:39:06.024874 = function batch/test_spytest_infra_1.py::test_spytest_infra_last init end
2023-12-28 22:39:06.025937 = Framework Function Hook end
2023-12-28 22:39:06.027369 = Module Config Time (2023-12-28 22:37:23.323572 - 2023-12-28 22:38:55.434462) Published
2023-12-28 22:39:06.029682 = function batch/test_spytest_infra_1.py::test_spytest_infra_last clean start
2023-12-28 22:39:06.058164 = Test Time (2023-12-28 22:38:59.755583 - 2023-12-28 22:39:06.058158) Published
2023-12-28 22:39:06.063065 = function batch/test_spytest_infra_1.py::test_spytest_infra_last clean end
2023-12-28 22:39:06.063361 = Framework Function Hook Finalize
2023-12-28 22:39:06.063501 = module test_spytest_infra_1.py clean start
2023-12-28 22:39:08.592808 = report file generation start
2023-12-28 22:39:08.683648 = report file generation end
2023-12-28 22:39:08.688586 = module test_spytest_infra_1.py clean end
2023-12-28 22:39:08.688919 = Framework Module Hook Finalize
2023-12-28 22:39:08.689329 = session clean start
2023-12-28 22:39:08.725077 = report file generation start
2023-12-28 22:39:08.810657 = report file generation end
2023-12-28 22:39:09.506499 = session clean end
