2024-01-01 00:37:52,818 T0000: WARN  #### gw5  
2024-01-01 00:37:52,818 T0000: WARN  support post-session-prolog session pass ''
2024-01-01 00:38:44,435 T0000: INFO  #### gw5  
2024-01-01 00:38:44,435 T0000: INFO  support pre-module-prolog routing/test_ndp.py  ''
2024-01-01 00:40:18,456 T0000: INFO  #### gw5  routing/test_ndp.py
2024-01-01 00:40:18,456 T0000: INFO  support post-module-prolog routing/test_ndp.py Pass ''
2024-01-01 00:40:51,719 T0000: INFO  #### gw5  routing/test_ndp.py
2024-01-01 00:40:51,719 T0000: INFO  support pre-function-prolog test_ft_ipv6_neighbor_entry  ''
2024-01-01 00:40:51,730 T0000: INFO  #### gw5  routing/test_ndp.py::test_ft_ipv6_neighbor_entry
2024-01-01 00:40:51,730 T0000: INFO  support post-function-prolog test_ft_ipv6_neighbor_entry Pass ''
2024-01-01 00:41:04,004 T0000: INFO  #### gw5  routing/test_ndp.py::test_ft_ipv6_neighbor_entry
2024-01-01 00:41:04,004 T0000: INFO  support pre-function-epilog test_ft_ipv6_neighbor_entry Pass 'Test case passed'
2024-01-01 00:41:04,009 T0000: INFO  #### gw5  routing/test_ndp.py::test_ft_ipv6_neighbor_entry
2024-01-01 00:41:04,009 T0000: INFO  support post-function-epilog test_ft_ipv6_neighbor_entry Pass 'Test case passed'
2024-01-01 00:41:04,028 T0000: WARN  #### gw5  routing/test_ndp.py::test_ft_ipv6_neighbor_entry
2024-01-01 00:41:04,028 T0000: WARN  support pre-module-epilog routing/test_ndp.py pass ''
2024-01-01 00:41:35,715 T0000: WARN  #### gw5  routing/test_ndp.py::test_ft_ipv6_neighbor_entry
2024-01-01 00:41:35,715 T0000: WARN  support post-module-epilog routing/test_ndp.py pass ''
2024-01-01 00:43:41,266 T0000: WARN  #### gw5  batch/test_spytest_infra_1.py::test_spytest_infra_last
2024-01-01 00:43:41,266 T0000: WARN  support session-epilog session pass ''
