2024-01-03 00:20:44,906 T0002: [D1-V4] ['export TMOUT=0', 'stty cols 5000', 'uptime']
2024-01-03 00:20:45,574 T0002: [D1-V4] cat /proc/uptime
2024-01-03 00:20:46,241 T0002: [D1-V4] sudo vtysh -c 'show running-config | include hostname'
2024-01-03 00:20:52,475 T0002: [D1-V4] /sbin/ip link set dev eth0 up
2024-01-03 00:20:53,143 T0002: [D1-V4] /sbin/ip route list dev eth0
2024-01-03 00:20:53,820 T0002: [D1-V4] ['export TMOUT=0', 'stty cols 5000', 'uptime']
2024-01-03 00:20:55,966 T0002: [D1-V4] /sbin/ip link set dev eth0 up
2024-01-03 00:20:56,635 T0002: [D1-V4] /sbin/ip route list dev eth0
2024-01-03 00:20:57,982 T0002: [D1-V4] show version
2024-01-03 00:21:00,006 T0002: [D1-V4] /sbin/ip link set dev eth0 up
2024-01-03 00:21:00,674 T0002: [D1-V4] /sbin/ip route list dev eth0
2024-01-03 00:21:02,831 T0002: [D1-V4] /sbin/ip link set dev eth0 up
2024-01-03 00:21:03,499 T0002: [D1-V4] /sbin/ip route list dev eth0
2024-01-03 00:22:36,716 T0000: [D1-V4] sudo show interfaces status
2024-01-03 00:22:38,440 T0000: [D1-V4] config interface startup Ethernet0
2024-01-03 00:22:39,545 T0000: [D1-V4] config interface startup Ethernet4
2024-01-03 00:22:40,649 T0000: [D1-V4] config interface startup Ethernet8
2024-01-03 00:22:41,760 T0000: [D1-V4] config interface startup Ethernet12
2024-01-03 00:22:42,835 T0000: [D1-V4] config interface shutdown Ethernet16
2024-01-03 00:22:43,941 T0000: [D1-V4] config interface shutdown Ethernet20
2024-01-03 00:22:44,994 T0000: [D1-V4] config interface shutdown Ethernet24
2024-01-03 00:22:46,101 T0000: [D1-V4] config interface shutdown Ethernet28
2024-01-03 00:22:47,205 T0000: [D1-V4] config interface shutdown Ethernet32
2024-01-03 00:22:48,309 T0000: [D1-V4] config interface shutdown Ethernet36
2024-01-03 00:22:49,413 T0000: [D1-V4] config interface shutdown Ethernet40
2024-01-03 00:22:50,517 T0000: [D1-V4] config interface shutdown Ethernet44
2024-01-03 00:22:51,618 T0000: [D1-V4] config interface shutdown Ethernet48
2024-01-03 00:22:52,721 T0000: [D1-V4] config interface shutdown Ethernet52
2024-01-03 00:22:53,826 T0000: [D1-V4] config interface shutdown Ethernet56
2024-01-03 00:22:54,929 T0000: [D1-V4] config interface shutdown Ethernet60
2024-01-03 00:22:56,036 T0000: [D1-V4] config interface shutdown Ethernet64
2024-01-03 00:22:57,142 T0000: [D1-V4] config interface shutdown Ethernet68
2024-01-03 00:22:58,249 T0000: [D1-V4] config interface shutdown Ethernet72
2024-01-03 00:22:59,305 T0000: [D1-V4] config interface shutdown Ethernet76
2024-01-03 00:23:00,413 T0000: [D1-V4] config interface shutdown Ethernet80
2024-01-03 00:23:01,465 T0000: [D1-V4] config interface shutdown Ethernet84
2024-01-03 00:23:02,569 T0000: [D1-V4] config interface shutdown Ethernet88
2024-01-03 00:23:03,622 T0000: [D1-V4] config interface shutdown Ethernet92
2024-01-03 00:23:04,725 T0000: [D1-V4] config interface shutdown Ethernet96
2024-01-03 00:23:05,777 T0000: [D1-V4] config interface shutdown Ethernet100
2024-01-03 00:23:06,881 T0000: [D1-V4] config interface shutdown Ethernet104
2024-01-03 00:23:07,986 T0000: [D1-V4] config interface shutdown Ethernet108
2024-01-03 00:23:09,042 T0000: [D1-V4] config interface shutdown Ethernet112
2024-01-03 00:23:10,098 T0000: [D1-V4] config interface shutdown Ethernet116
2024-01-03 00:23:11,201 T0000: [D1-V4] config interface shutdown Ethernet120
2024-01-03 00:23:12,257 T0000: [D1-V4] config interface shutdown Ethernet124
2024-01-03 00:23:19,492 T0000: [D1-V4] show version
2024-01-03 00:23:21,455 T0000: [D1-V4] cat /var/run/redis/sonic-db/database_config.json
2024-01-03 00:23:22,252 T0000: [D1-V4] /sbin/ifconfig eth0
2024-01-03 00:23:22,976 T0000: [D1-V4] ls /etc/sonic/bcmsim.cfg
2024-01-03 00:23:23,708 T0000: [D1-V4] no router bgp
2024-01-03 00:23:25,607 T0000: [D1-V4] config feature state sflow enabled
2024-01-03 00:23:27,700 T0000: [D1-V4] config feature state nat enabled
2024-01-03 00:23:31,925 T0000: [D1-V4] config save /tmp/config-db-V4-post-session-prolog-session.json -y
2024-01-03 00:23:33,186 T0000: [D1-V4] chmod 777 /tmp/config-db-V4-post-session-prolog-session.json
2024-01-03 00:23:34,711 T0000: [D1-V4] /sbin/ip link set dev eth0 up
2024-01-03 00:23:35,417 T0000: [D1-V4] /sbin/ip route list dev eth0
2024-01-03 00:23:43,824 T0000: [D1-V4] sudo vtysh -c 'show running-config' > /tmp/vtysh-runcfg-V4-post-session-prolog-session.txt
2024-01-03 00:23:44,777 T0000: [D1-V4] chmod 777 /tmp/vtysh-runcfg-V4-post-session-prolog-session.txt
2024-01-03 00:23:46,300 T0000: [D1-V4] /sbin/ip link set dev eth0 up
2024-01-03 00:23:47,001 T0000: [D1-V4] /sbin/ip route list dev eth0
2024-01-03 00:23:55,821 T0000: 
================== Framework Module Hook: batch/test_spytest_infra_1.py ==================
2024-01-03 00:23:55,841 T0012: [D1-V4] sudo show interfaces status Ethernet124
2024-01-03 00:23:58,052 T0013: [D1-V4] sudo show interfaces status
2024-01-03 00:23:59,699 T0000: 
================== Framework Module Hook Finish: batch/test_spytest_infra_1.py ==================
2024-01-03 00:23:59,701 T0000: 
================== Framework Function Hook: batch/test_spytest_infra_1.py::test_spytest_infra_first ==================
2024-01-03 00:24:02,792 T0014: [D1-V4] sudo show interfaces status
2024-01-03 00:24:04,439 T0000: [D1-V4] sudo show interfaces status Ethernet124
2024-01-03 00:24:07,133 T0000: 
================== Framework Function Hook Finish: batch/test_spytest_infra_1.py::test_spytest_infra_first ==================
2024-01-03 00:24:07,137 T0000: 
================== Test Execution: batch/test_spytest_infra_1.py::test_spytest_infra_first ==================
2024-01-03 00:24:07,156 T0000: 
================== Framework Function Hook Finalize: batch/test_spytest_infra_1.py::test_spytest_infra_first ==================
2024-01-03 00:24:07,283 T0000: 
================== Framework Function Hook: batch/test_spytest_infra_1.py::test_spytest_infra_second ==================
2024-01-03 00:24:07,298 T0015: [D1-V4] sudo show interfaces status
2024-01-03 00:24:08,956 T0000: [D1-V4] sudo show interfaces status Ethernet124
2024-01-03 00:24:11,653 T0000: 
================== Framework Function Hook Finish: batch/test_spytest_infra_1.py::test_spytest_infra_second ==================
2024-01-03 00:24:11,655 T0000: 
================== Test Execution: batch/test_spytest_infra_1.py::test_spytest_infra_second ==================
2024-01-03 00:24:11,673 T0000: 
================== Framework Function Hook Finalize: batch/test_spytest_infra_1.py::test_spytest_infra_second ==================
2024-01-03 00:24:11,687 T0000: [D1-V4] sudo show interfaces status Ethernet124
2024-01-03 00:24:14,056 T0000: 
================== Framework Module Hook Finalize: batch/test_spytest_infra_1.py Pass: 2/2 ==================
2024-01-03 00:24:14,056 T0000: 
================== Devices used: batch/test_spytest_infra_1.py 1 ['V4'] ==================
2024-01-03 00:24:14,468 T0000: 
================== Framework Module Hook: routing/NAT/test_nat.py ==================
2024-01-03 00:24:14,479 T0016: [D1-V4] sudo show interfaces status Ethernet124
2024-01-03 00:24:16,686 T0017: [D1-V4] sudo show interfaces status
2024-01-03 00:24:18,271 T0000: [D1-V4] config save /tmp/config-db-V4-pre-module-prolog-routing-NAT-test_nat.py.json -y
2024-01-03 00:24:19,530 T0000: [D1-V4] chmod 777 /tmp/config-db-V4-pre-module-prolog-routing-NAT-test_nat.py.json
2024-01-03 00:24:21,060 T0000: [D1-V4] /sbin/ip link set dev eth0 up
2024-01-03 00:24:21,769 T0000: [D1-V4] /sbin/ip route list dev eth0
2024-01-03 00:24:30,249 T0000: [D1-V4] sudo vtysh -c 'show running-config' > /tmp/vtysh-runcfg-V4-pre-module-prolog-routing-NAT-test_nat.py.txt
2024-01-03 00:24:31,202 T0000: [D1-V4] chmod 777 /tmp/vtysh-runcfg-V4-pre-module-prolog-routing-NAT-test_nat.py.txt
2024-01-03 00:24:32,733 T0000: [D1-V4] /sbin/ip link set dev eth0 up
2024-01-03 00:24:33,441 T0000: [D1-V4] /sbin/ip route list dev eth0
2024-01-03 00:24:41,879 T0000: 
================== Framework Module Hook Finish: routing/NAT/test_nat.py ==================
2024-01-03 00:24:41,879 T0000: 
================== Module Hook: routing/NAT/test_nat.py nat_module_config ==================
2024-01-03 00:24:41,881 T0000: [D1-V4] show platform summary
2024-01-03 00:24:43,012 T0026: [D1-V4] config interface ip add Ethernet0 12.12.0.1/16
2024-01-03 00:24:44,034 T0026: [D1-V4] config interface ip add Ethernet4 125.56.90.12/24
2024-01-03 00:24:45,053 T0026: [D1-V4] config interface ip add Ethernet4 125.56.90.13/24
2024-01-03 00:24:46,075 T0026: [D1-V4] config interface ip add Ethernet4 125.56.90.14/24
2024-01-03 00:24:47,096 T0026: [D1-V4] config interface ip add Ethernet4 125.56.90.15/24
2024-01-03 00:24:48,117 T0026: [D1-V4] config interface ip add Ethernet4 125.56.90.23/24
2024-01-03 00:24:49,139 T0026: [D1-V4] config interface ip add Ethernet4 125.56.90.24/24
2024-01-03 00:24:50,211 T0026: [D1-V4] /sbin/ifconfig Ethernet0
2024-01-03 00:24:50,892 T0026: [D1-V4] ip route 129.2.30.0/24 125.56.90.1
2024-01-03 00:24:52,738 T0026: [D1-V4] ip route 88.98.128.0/24 12.12.0.2
2024-01-03 00:24:53,455 T0026: [D1-V4] ip route 99.99.99.0/24 125.56.90.1
2024-01-03 00:24:54,166 T0026: [D1-V4] config nat feature enable
2024-01-03 00:24:56,097 T0026: [D1-V4] config nat add interface Ethernet0 -nat_zone 0
2024-01-03 00:24:57,113 T0026: [D1-V4] config nat add interface Ethernet4 -nat_zone 1
2024-01-03 00:24:58,127 T0026: [D1-V4] config nat add static basic 125.56.90.12 12.12.0.2  -nat_type dnat
2024-01-03 00:24:59,140 T0026: [D1-V4] config nat add static tcp 125.56.90.13 100 12.12.0.3 1002 -nat_type dnat
2024-01-03 00:25:00,153 T0026: [D1-V4] config nat add static udp 12.12.0.4 7781 125.56.90.14 7811 -nat_type snat
2024-01-03 00:25:01,217 T0026: [D1-V4] config nat add static basic 88.98.128.2 11.11.11.2  -nat_type snat
2024-01-03 00:25:02,282 T0026: [D1-V4] config nat add static basic 125.56.90.15 12.12.0.5  -nat_type dnat -twice_nat_id 100
2024-01-03 00:25:03,295 T0026: [D1-V4] config nat add static basic 99.99.99.1 15.15.0.1  -nat_type snat -twice_nat_id 100
2024-01-03 00:25:04,308 T0026: [D1-V4] show nat translations
2024-01-03 00:25:05,447 T0026: [D1-V4] config nat add pool pool_123_nat  125.56.90.23-125.56.90.24 333-334
2024-01-03 00:25:06,460 T0026: [D1-V4] config nat add binding bind_1 pool_123_nat
2024-01-03 00:25:20,567 T0000: 
================== Module Hook Finish: routing/NAT/test_nat.py nat_module_config ==================
2024-01-03 00:25:20,568 T0000: 
================== Framework Function Hook: routing/NAT/test_nat.py::test_ft_nat_docker_restart ==================
2024-01-03 00:25:20,576 T0000: [D1-V4] config save /tmp/config-db-V4-post-module-prolog-routing-NAT-test_nat.py.json -y
2024-01-03 00:25:21,887 T0000: [D1-V4] chmod 777 /tmp/config-db-V4-post-module-prolog-routing-NAT-test_nat.py.json
2024-01-03 00:25:23,415 T0000: [D1-V4] /sbin/ip link set dev eth0 up
2024-01-03 00:25:24,127 T0000: [D1-V4] /sbin/ip route list dev eth0
2024-01-03 00:25:32,552 T0000: [D1-V4] sudo vtysh -c 'show running-config' > /tmp/vtysh-runcfg-V4-post-module-prolog-routing-NAT-test_nat.py.txt
2024-01-03 00:25:33,508 T0000: [D1-V4] chmod 777 /tmp/vtysh-runcfg-V4-post-module-prolog-routing-NAT-test_nat.py.txt
2024-01-03 00:25:35,034 T0000: [D1-V4] /sbin/ip link set dev eth0 up
2024-01-03 00:25:35,742 T0000: [D1-V4] /sbin/ip route list dev eth0
2024-01-03 00:25:47,226 T0035: [D1-V4] sudo show interfaces status
2024-01-03 00:25:48,937 T0000: [D1-V4] sudo show interfaces status Ethernet124
2024-01-03 00:25:51,802 T0000: 
================== Framework Function Hook Finish: routing/NAT/test_nat.py::test_ft_nat_docker_restart ==================
2024-01-03 00:25:51,802 T0000: 
================== Function Hook: routing/NAT/test_nat.py nat_func_hooks ==================
2024-01-03 00:25:51,810 T0000: [D1-V4] sonic-clear counters
2024-01-03 00:25:53,317 T0000: [D1-V4] sonic-clear nat statistics
2024-01-03 00:25:54,474 T0000: 
================== Function Hook Finish: routing/NAT/test_nat.py nat_func_hooks ==================
2024-01-03 00:25:54,475 T0000: 
================== Test Execution: routing/NAT/test_nat.py::test_ft_nat_docker_restart ==================
2024-01-03 00:26:03,519 T0000: [D1-V4] systemctl stop nat
2024-01-03 00:26:24,612 T0000: [D1-V4] systemctl start nat
2024-01-03 00:26:35,784 T0000: [D1-V4] show nat translations
2024-01-03 00:26:37,039 T0000: [D1-V4] show nat translations
2024-01-03 00:26:38,259 T0000: 
================== Function Hook Finalize: routing/NAT/test_nat.py nat_func_hooks ==================
2024-01-03 00:26:38,278 T0000: 
================== Framework Function Hook Finalize: routing/NAT/test_nat.py::test_ft_nat_docker_restart ==================
2024-01-03 00:26:38,285 T0000: [D1-V4] config save /tmp/config-db-V4-pre-module-epilog-routing-NAT-test_nat.py.json -y
2024-01-03 00:26:39,741 T0000: [D1-V4] chmod 777 /tmp/config-db-V4-pre-module-epilog-routing-NAT-test_nat.py.json
2024-01-03 00:26:41,271 T0000: [D1-V4] /sbin/ip link set dev eth0 up
2024-01-03 00:26:41,980 T0000: [D1-V4] /sbin/ip route list dev eth0
2024-01-03 00:26:50,415 T0000: [D1-V4] sudo vtysh -c 'show running-config' > /tmp/vtysh-runcfg-V4-pre-module-epilog-routing-NAT-test_nat.py.txt
2024-01-03 00:26:51,373 T0000: [D1-V4] chmod 777 /tmp/vtysh-runcfg-V4-pre-module-epilog-routing-NAT-test_nat.py.txt
2024-01-03 00:26:52,903 T0000: [D1-V4] /sbin/ip link set dev eth0 up
2024-01-03 00:26:53,613 T0000: [D1-V4] /sbin/ip route list dev eth0
2024-01-03 00:27:02,020 T0000: [D1-V4] config nat remove interface Ethernet0
2024-01-03 00:27:03,073 T0000: [D1-V4] config nat remove interface Ethernet4
2024-01-03 00:27:04,128 T0000: [D1-V4] sudo config nat remove static all;sudo config nat remove bindings;sudo config nat remove pools;
2024-01-03 00:27:05,886 T0000: [D1-V4] config nat feature disable
2024-01-03 00:27:06,937 T0000: [D1-V4] no ip route 129.2.30.0/24 125.56.90.1
2024-01-03 00:27:08,876 T0000: [D1-V4] show ip interface
2024-01-03 00:27:11,379 T0000: [D1-V4] config interface ip remove Ethernet0 12.12.0.1/16
2024-01-03 00:27:12,713 T0000: 
================== Module Hook Finalize: routing/NAT/test_nat.py nat_module_config ==================
2024-01-03 00:27:12,720 T0000: [D1-V4] config save /tmp/config-db-V4-post-module-epilog-routing-NAT-test_nat.py.json -y
2024-01-03 00:27:13,978 T0000: [D1-V4] chmod 777 /tmp/config-db-V4-post-module-epilog-routing-NAT-test_nat.py.json
2024-01-03 00:27:15,504 T0000: [D1-V4] /sbin/ip link set dev eth0 up
2024-01-03 00:27:16,213 T0000: [D1-V4] /sbin/ip route list dev eth0
2024-01-03 00:27:24,620 T0000: [D1-V4] sudo vtysh -c 'show running-config' > /tmp/vtysh-runcfg-V4-post-module-epilog-routing-NAT-test_nat.py.txt
2024-01-03 00:27:25,522 T0000: [D1-V4] chmod 777 /tmp/vtysh-runcfg-V4-post-module-epilog-routing-NAT-test_nat.py.txt
2024-01-03 00:27:27,048 T0000: [D1-V4] /sbin/ip link set dev eth0 up
2024-01-03 00:27:27,761 T0000: [D1-V4] /sbin/ip route list dev eth0
2024-01-03 00:27:36,343 T0000: [D1-V4] sudo show interfaces status Ethernet124
2024-01-03 00:27:38,717 T0000: 
================== Framework Module Hook Finalize: routing/NAT/test_nat.py Pass: 1/1 ==================
2024-01-03 00:27:38,717 T0000: 
================== Devices used: routing/NAT/test_nat.py 1 ['V4'] ==================
2024-01-03 00:27:39,828 T0000: 
================== Framework Module Hook: batch/test_spytest_infra_1.py ==================
2024-01-03 00:27:39,842 T0052: [D1-V4] no router bgp
2024-01-03 00:27:41,647 T0052: [D1-V4] config feature state sflow enabled
2024-01-03 00:27:43,595 T0052: [D1-V4] config feature state nat enabled
2024-01-03 00:29:10,600 T0052: [D1-V4] /sbin/ip link set dev eth0 up
2024-01-03 00:29:11,268 T0052: [D1-V4] /sbin/ip route list dev eth0
2024-01-03 00:29:11,947 T0052: [D1-V4] sudo show interfaces status Ethernet124
2024-01-03 00:29:14,099 T0053: [D1-V4] sudo show interfaces status
2024-01-03 00:29:15,742 T0000: 
================== Framework Module Hook Finish: batch/test_spytest_infra_1.py ==================
2024-01-03 00:29:15,743 T0000: 
================== Framework Function Hook: batch/test_spytest_infra_1.py::test_spytest_infra_last ==================
2024-01-03 00:29:18,837 T0054: [D1-V4] sudo show interfaces status
2024-01-03 00:29:20,495 T0000: [D1-V4] sudo show interfaces status Ethernet124
2024-01-03 00:29:23,242 T0000: 
================== Framework Function Hook Finish: batch/test_spytest_infra_1.py::test_spytest_infra_last ==================
2024-01-03 00:29:23,244 T0000: 
================== Test Execution: batch/test_spytest_infra_1.py::test_spytest_infra_last ==================
2024-01-03 00:29:23,263 T0000: 
================== Framework Function Hook Finalize: batch/test_spytest_infra_1.py::test_spytest_infra_last ==================
2024-01-03 00:29:23,277 T0000: [D1-V4] sudo show interfaces status Ethernet124
2024-01-03 00:29:25,643 T0000: 
================== Framework Module Hook Finalize: batch/test_spytest_infra_1.py Pass: 1/1 ==================
2024-01-03 00:29:25,643 T0000: 
================== Devices used: batch/test_spytest_infra_1.py 1 ['V4'] ==================
2024-01-03 00:29:26,055 T0000: 
================== Framework Module Hook: system/test_device_mgmt.py ==================
2024-01-03 00:29:26,069 T0055: [D1-V4] no router bgp
2024-01-03 00:29:27,874 T0055: [D1-V4] config feature state sflow enabled
2024-01-03 00:29:29,817 T0055: [D1-V4] config feature state nat enabled
2024-01-03 00:30:35,181 T0055: [D1-V4] /sbin/ip link set dev eth0 up
2024-01-03 00:30:35,852 T0055: [D1-V4] /sbin/ip route list dev eth0
2024-01-03 00:30:36,531 T0055: [D1-V4] sudo show interfaces status Ethernet124
2024-01-03 00:30:38,789 T0056: [D1-V4] sudo show interfaces status
2024-01-03 00:30:40,378 T0000: [D1-V4] config save /tmp/config-db-V4-pre-module-prolog-system-test_device_mgmt.py.json -y
2024-01-03 00:30:41,641 T0000: [D1-V4] chmod 777 /tmp/config-db-V4-pre-module-prolog-system-test_device_mgmt.py.json
2024-01-03 00:30:43,185 T0000: [D1-V4] /sbin/ip link set dev eth0 up
2024-01-03 00:30:43,893 T0000: [D1-V4] /sbin/ip route list dev eth0
2024-01-03 00:30:52,331 T0000: [D1-V4] sudo vtysh -c 'show running-config' > /tmp/vtysh-runcfg-V4-pre-module-prolog-system-test_device_mgmt.py.txt
2024-01-03 00:30:53,286 T0000: [D1-V4] chmod 777 /tmp/vtysh-runcfg-V4-pre-module-prolog-system-test_device_mgmt.py.txt
2024-01-03 00:30:54,820 T0000: [D1-V4] /sbin/ip link set dev eth0 up
2024-01-03 00:30:55,527 T0000: [D1-V4] /sbin/ip route list dev eth0
2024-01-03 00:31:03,955 T0000: 
================== Framework Module Hook Finish: system/test_device_mgmt.py ==================
2024-01-03 00:31:03,956 T0000: 
================== Module Hook: system/test_device_mgmt.py mgmt_module_hooks ==================
2024-01-03 00:31:03,957 T0000: 
================== Module Hook Finish: system/test_device_mgmt.py mgmt_module_hooks ==================
2024-01-03 00:31:03,958 T0000: 
================== Framework Function Hook: system/test_device_mgmt.py::test_ft_ip_static_ip_on_mgmt_intrf ==================
2024-01-03 00:31:03,965 T0000: [D1-V4] config save /tmp/config-db-V4-post-module-prolog-system-test_device_mgmt.py.json -y
2024-01-03 00:31:05,222 T0000: [D1-V4] chmod 777 /tmp/config-db-V4-post-module-prolog-system-test_device_mgmt.py.json
2024-01-03 00:31:06,753 T0000: [D1-V4] /sbin/ip link set dev eth0 up
2024-01-03 00:31:07,517 T0000: [D1-V4] /sbin/ip route list dev eth0
2024-01-03 00:31:15,956 T0000: [D1-V4] sudo vtysh -c 'show running-config' > /tmp/vtysh-runcfg-V4-post-module-prolog-system-test_device_mgmt.py.txt
2024-01-03 00:31:16,910 T0000: [D1-V4] chmod 777 /tmp/vtysh-runcfg-V4-post-module-prolog-system-test_device_mgmt.py.txt
2024-01-03 00:31:18,436 T0000: [D1-V4] /sbin/ip link set dev eth0 up
2024-01-03 00:31:19,145 T0000: [D1-V4] /sbin/ip route list dev eth0
2024-01-03 00:31:30,654 T0073: [D1-V4] sudo show interfaces status
2024-01-03 00:31:32,300 T0000: [D1-V4] sudo show interfaces status Ethernet124
2024-01-03 00:31:35,007 T0000: 
================== Framework Function Hook Finish: system/test_device_mgmt.py::test_ft_ip_static_ip_on_mgmt_intrf ==================
2024-01-03 00:31:35,007 T0000: 
================== Function Hook: system/test_device_mgmt.py mgmt_func_hooks ==================
2024-01-03 00:31:35,010 T0000: 
================== Function Hook Finish: system/test_device_mgmt.py mgmt_func_hooks ==================
2024-01-03 00:31:35,011 T0000: 
================== Test Execution: system/test_device_mgmt.py::test_ft_ip_static_ip_on_mgmt_intrf ==================
2024-01-03 00:31:35,012 T0000: [D1-V4] dhclient  eth0
2024-01-03 00:31:40,839 T0000: [D1-V4] /sbin/ifconfig eth0
2024-01-03 00:31:41,569 T0000: [D1-V4] /sbin/ifconfig eth0
2024-01-03 00:31:42,288 T0000: [D1-V4] sudo route -n
2024-01-03 00:31:43,006 T0000: [D1-V4] ifconfig eth0 192.168.122.136 netmask 255.255.255.0
2024-01-03 00:31:43,704 T0000: [D1-V4] ip route add default via 192.168.122.1
2024-01-03 00:31:44,407 T0000: [D1-V4] ping -4 192.168.122.1 -c 3 
2024-01-03 00:31:47,179 T0000: [D1-V4] ip addr del 192.168.122.136/255.255.255.0 dev eth0
2024-01-03 00:31:47,888 T0000: [D1-V4] /sbin/ifconfig eth0
2024-01-03 00:31:48,604 T0000: [D1-V4] dhclient  eth0
2024-01-03 00:31:49,453 T0000: [D1-V4] ping -4 192.168.122.1 -c 3 
2024-01-03 00:31:52,223 T0000: 
================== Function Hook Finalize: system/test_device_mgmt.py mgmt_func_hooks ==================
2024-01-03 00:31:52,241 T0000: 
================== Framework Function Hook Finalize: system/test_device_mgmt.py::test_ft_ip_static_ip_on_mgmt_intrf ==================
2024-01-03 00:31:52,248 T0000: [D1-V4] config save /tmp/config-db-V4-pre-module-epilog-system-test_device_mgmt.py.json -y
2024-01-03 00:31:53,506 T0000: [D1-V4] chmod 777 /tmp/config-db-V4-pre-module-epilog-system-test_device_mgmt.py.json
2024-01-03 00:31:55,032 T0000: [D1-V4] /sbin/ip link set dev eth0 up
2024-01-03 00:31:55,741 T0000: [D1-V4] /sbin/ip route list dev eth0
2024-01-03 00:32:04,168 T0000: [D1-V4] sudo vtysh -c 'show running-config' > /tmp/vtysh-runcfg-V4-pre-module-epilog-system-test_device_mgmt.py.txt
2024-01-03 00:32:05,121 T0000: [D1-V4] chmod 777 /tmp/vtysh-runcfg-V4-pre-module-epilog-system-test_device_mgmt.py.txt
2024-01-03 00:32:06,647 T0000: [D1-V4] /sbin/ip link set dev eth0 up
2024-01-03 00:32:07,357 T0000: [D1-V4] /sbin/ip route list dev eth0
2024-01-03 00:32:15,759 T0000: 
================== Module Hook Finalize: system/test_device_mgmt.py mgmt_module_hooks ==================
2024-01-03 00:32:15,766 T0000: [D1-V4] config save /tmp/config-db-V4-post-module-epilog-system-test_device_mgmt.py.json -y
2024-01-03 00:32:17,075 T0000: [D1-V4] chmod 777 /tmp/config-db-V4-post-module-epilog-system-test_device_mgmt.py.json
2024-01-03 00:32:18,603 T0000: [D1-V4] /sbin/ip link set dev eth0 up
2024-01-03 00:32:19,309 T0000: [D1-V4] /sbin/ip route list dev eth0
2024-01-03 00:32:27,720 T0000: [D1-V4] sudo vtysh -c 'show running-config' > /tmp/vtysh-runcfg-V4-post-module-epilog-system-test_device_mgmt.py.txt
2024-01-03 00:32:28,673 T0000: [D1-V4] chmod 777 /tmp/vtysh-runcfg-V4-post-module-epilog-system-test_device_mgmt.py.txt
2024-01-03 00:32:30,199 T0000: [D1-V4] /sbin/ip link set dev eth0 up
2024-01-03 00:32:30,909 T0000: [D1-V4] /sbin/ip route list dev eth0
2024-01-03 00:32:39,354 T0000: [D1-V4] sudo show interfaces status Ethernet124
2024-01-03 00:32:41,726 T0000: 
================== Framework Module Hook Finalize: system/test_device_mgmt.py Pass: 1/1 ==================
2024-01-03 00:32:41,726 T0000: 
================== Devices used: system/test_device_mgmt.py 1 ['V4'] ==================
2024-01-03 00:32:42,228 T0000: 
================== Framework Module Hook: batch/test_spytest_infra_1.py ==================
2024-01-03 00:32:42,241 T0090: [D1-V4] no router bgp
2024-01-03 00:32:44,043 T0090: [D1-V4] config feature state sflow enabled
2024-01-03 00:32:45,989 T0090: [D1-V4] config feature state nat enabled
2024-01-03 00:33:52,556 T0090: [D1-V4] /sbin/ip link set dev eth0 up
2024-01-03 00:33:53,226 T0090: [D1-V4] /sbin/ip route list dev eth0
2024-01-03 00:33:53,903 T0090: [D1-V4] sudo show interfaces status Ethernet124
2024-01-03 00:33:56,058 T0091: [D1-V4] sudo show interfaces status
2024-01-03 00:33:57,743 T0000: 
================== Framework Module Hook Finish: batch/test_spytest_infra_1.py ==================
2024-01-03 00:33:57,745 T0000: 
================== Framework Function Hook: batch/test_spytest_infra_1.py::test_spytest_infra_last ==================
2024-01-03 00:34:00,837 T0092: [D1-V4] sudo show interfaces status
2024-01-03 00:34:02,585 T0000: [D1-V4] sudo show interfaces status Ethernet124
2024-01-03 00:34:05,278 T0000: 
================== Framework Function Hook Finish: batch/test_spytest_infra_1.py::test_spytest_infra_last ==================
2024-01-03 00:34:05,280 T0000: 
================== Test Execution: batch/test_spytest_infra_1.py::test_spytest_infra_last ==================
2024-01-03 00:34:05,299 T0000: 
================== Framework Function Hook Finalize: batch/test_spytest_infra_1.py::test_spytest_infra_last ==================
2024-01-03 00:34:05,313 T0000: [D1-V4] sudo show interfaces status Ethernet124
2024-01-03 00:34:07,680 T0000: 
================== Framework Module Hook Finalize: batch/test_spytest_infra_1.py Pass: 1/1 ==================
2024-01-03 00:34:07,680 T0000: 
================== Devices used: batch/test_spytest_infra_1.py 1 ['V4'] ==================
2024-01-03 00:34:07,766 T0000: [D1-V4] ['stty cols 80']
