2024-01-06 03:19:09.987102 = START
2024-01-06 03:19:11.053349 = device connections start
2024-01-06 03:19:44.128449 = device connections finish
2024-01-06 03:19:44.133283 = session init start
2024-01-06 03:21:42.089838 = report file generation start
2024-01-06 03:21:42.169298 = report file generation end
2024-01-06 03:22:05.788056 = session init end
2024-01-06 03:22:05.790025 = Framework Module Hook Start
2024-01-06 03:22:06.200962 = module test_spytest_infra_1.py init start
2024-01-06 03:22:10.104712 = module test_spytest_infra_1.py init end
2024-01-06 03:22:10.105489 = Framework Module Hook end
2024-01-06 03:22:10.106338 = Framework Function Hook Start
2024-01-06 03:22:13.189880 = function batch/test_spytest_infra_1.py::test_spytest_infra_first init start
2024-01-06 03:22:17.486512 = function batch/test_spytest_infra_1.py::test_spytest_infra_first init end
2024-01-06 03:22:17.487405 = Framework Function Hook end
2024-01-06 03:22:17.490574 = Module Config Time (2024-01-06 03:22:05.790094 - 2024-01-06 03:22:10.107097) Published
2024-01-06 03:22:17.493708 = function batch/test_spytest_infra_1.py::test_spytest_infra_first clean start
2024-01-06 03:22:17.504696 = Test Time (2024-01-06 03:22:13.189984 - 2024-01-06 03:22:17.504689) Published
2024-01-06 03:22:17.509888 = function batch/test_spytest_infra_1.py::test_spytest_infra_first clean end
2024-01-06 03:22:17.510143 = Framework Function Hook Finalize
2024-01-06 03:22:17.588894 = Framework Function Hook Start
2024-01-06 03:22:17.589916 = function batch/test_spytest_infra_1.py::test_spytest_infra_second init start
2024-01-06 03:22:21.902791 = function batch/test_spytest_infra_1.py::test_spytest_infra_second init end
2024-01-06 03:22:21.903808 = Framework Function Hook end
2024-01-06 03:22:21.907389 = function batch/test_spytest_infra_1.py::test_spytest_infra_second clean start
2024-01-06 03:22:21.920050 = Test Time (2024-01-06 03:22:17.590102 - 2024-01-06 03:22:21.920043) Published
2024-01-06 03:22:21.924779 = function batch/test_spytest_infra_1.py::test_spytest_infra_second clean end
2024-01-06 03:22:21.925042 = Framework Function Hook Finalize
2024-01-06 03:22:21.925187 = module test_spytest_infra_1.py clean start
2024-01-06 03:22:24.221453 = report file generation start
2024-01-06 03:22:24.299947 = report file generation end
2024-01-06 03:22:24.304743 = module test_spytest_infra_1.py clean end
2024-01-06 03:22:24.305068 = Framework Module Hook Finalize
2024-01-06 03:22:24.305517 = session clean start
2024-01-06 03:22:24.319186 = report file generation start
2024-01-06 03:22:24.406215 = report file generation end
2024-01-06 03:22:25.113467 = session clean end
