2024-01-05 03:13:59.067624 = START
2024-01-05 03:14:00.113628 = device connections start
2024-01-05 03:14:33.313432 = device connections finish
2024-01-05 03:14:33.318088 = session init start
2024-01-05 03:16:18.164052 = report file generation start
2024-01-05 03:16:18.247855 = report file generation end
2024-01-05 03:16:41.780787 = session init end
2024-01-05 03:16:41.782504 = Framework Module Hook Start
2024-01-05 03:16:42.192524 = module test_spytest_infra_1.py init start
2024-01-05 03:16:46.002437 = module test_spytest_infra_1.py init end
2024-01-05 03:16:46.003174 = Framework Module Hook end
2024-01-05 03:16:46.003978 = Framework Function Hook Start
2024-01-05 03:16:49.104576 = function batch/test_spytest_infra_1.py::test_spytest_infra_first init start
2024-01-05 03:16:53.472922 = function batch/test_spytest_infra_1.py::test_spytest_infra_first init end
2024-01-05 03:16:53.474415 = Framework Function Hook end
2024-01-05 03:16:53.478868 = Module Config Time (2024-01-05 03:16:41.782566 - 2024-01-05 03:16:46.004724) Published
2024-01-05 03:16:53.482253 = function batch/test_spytest_infra_1.py::test_spytest_infra_first clean start
2024-01-05 03:16:53.491381 = Test Time (2024-01-05 03:16:49.104728 - 2024-01-05 03:16:53.491374) Published
2024-01-05 03:16:53.496605 = function batch/test_spytest_infra_1.py::test_spytest_infra_first clean end
2024-01-05 03:16:53.496862 = Framework Function Hook Finalize
2024-01-05 03:16:53.625601 = Framework Function Hook Start
2024-01-05 03:16:53.626104 = function batch/test_spytest_infra_1.py::test_spytest_infra_second init start
2024-01-05 03:16:57.976010 = function batch/test_spytest_infra_1.py::test_spytest_infra_second init end
2024-01-05 03:16:57.976912 = Framework Function Hook end
2024-01-05 03:16:57.980526 = function batch/test_spytest_infra_1.py::test_spytest_infra_second clean start
2024-01-05 03:16:57.992815 = Test Time (2024-01-05 03:16:53.626176 - 2024-01-05 03:16:57.992808) Published
2024-01-05 03:16:57.997599 = function batch/test_spytest_infra_1.py::test_spytest_infra_second clean end
2024-01-05 03:16:57.997865 = Framework Function Hook Finalize
2024-01-05 03:16:57.998013 = module test_spytest_infra_1.py clean start
2024-01-05 03:17:00.342581 = report file generation start
2024-01-05 03:17:00.419234 = report file generation end
2024-01-05 03:17:00.423832 = module test_spytest_infra_1.py clean end
2024-01-05 03:17:00.424155 = Framework Module Hook Finalize
2024-01-05 03:17:00.426541 = Framework Module Hook Start
2024-01-05 03:17:00.836291 = module test_snapshot.py init start
2024-01-05 03:17:28.348346 = module test_snapshot.py init end
2024-01-05 03:17:28.348848 = Framework Module Hook end
2024-01-05 03:17:28.349387 = User Module system/test_snapshot.py Hook Start
2024-01-05 03:17:52.688679 = User Module system/test_snapshot.py Hook end
2024-01-05 03:17:52.688987 = Framework Function Hook Start
2024-01-05 03:18:19.346467 = function system/test_snapshot.py::test_ft_watermark_telemetry_interval init start
2024-01-05 03:18:23.671685 = function system/test_snapshot.py::test_ft_watermark_telemetry_interval init end
2024-01-05 03:18:23.673420 = Framework Function Hook end
2024-01-05 03:18:23.674181 = User Function system/test_snapshot.py::test_ft_watermark_telemetry_interval Hook Start
2024-01-05 03:18:23.676809 = User Function system/test_snapshot.py::test_ft_watermark_telemetry_interval Hook end
2024-01-05 03:18:23.677988 = Module Config Time (2024-01-05 03:17:00.426602 - 2024-01-05 03:17:52.689067) Published
2024-01-05 03:18:33.702543 = User Function system/test_snapshot.py::test_ft_watermark_telemetry_interval Hook Finalize
2024-01-05 03:18:33.702746 = function system/test_snapshot.py::test_ft_watermark_telemetry_interval clean start
2024-01-05 03:18:33.715033 = Test Time (2024-01-05 03:18:19.346559 - 2024-01-05 03:18:33.715024) Published
2024-01-05 03:18:33.720166 = function system/test_snapshot.py::test_ft_watermark_telemetry_interval clean end
2024-01-05 03:18:33.720450 = Framework Function Hook Finalize
2024-01-05 03:19:04.827408 = User Module system/test_snapshot.py Hook Finalize
2024-01-05 03:19:04.827669 = module test_snapshot.py clean start
2024-01-05 03:19:30.924238 = report file generation start
2024-01-05 03:19:31.010996 = report file generation end
2024-01-05 03:19:31.016121 = module test_snapshot.py clean end
2024-01-05 03:19:31.017209 = Framework Module Hook Finalize
2024-01-05 03:19:31.153433 = Framework Module Hook Start
2024-01-05 03:19:31.575197 = module test_spytest_infra_1.py init start
2024-01-05 03:20:29.198601 = module test_spytest_infra_1.py init end
2024-01-05 03:20:29.199379 = Framework Module Hook end
2024-01-05 03:20:29.200229 = Framework Function Hook Start
2024-01-05 03:20:32.284514 = function batch/test_spytest_infra_1.py::test_spytest_infra_last init start
2024-01-05 03:20:36.782835 = function batch/test_spytest_infra_1.py::test_spytest_infra_last init end
2024-01-05 03:20:36.783771 = Framework Function Hook end
2024-01-05 03:20:36.785233 = Module Config Time (2024-01-05 03:19:31.153611 - 2024-01-05 03:20:29.200459) Published
2024-01-05 03:20:36.787806 = function batch/test_spytest_infra_1.py::test_spytest_infra_last clean start
2024-01-05 03:20:36.797975 = Test Time (2024-01-05 03:20:32.284603 - 2024-01-05 03:20:36.797968) Published
2024-01-05 03:20:36.802715 = function batch/test_spytest_infra_1.py::test_spytest_infra_last clean end
2024-01-05 03:20:36.802963 = Framework Function Hook Finalize
2024-01-05 03:20:36.803099 = module test_spytest_infra_1.py clean start
2024-01-05 03:20:39.145947 = report file generation start
2024-01-05 03:20:39.222811 = report file generation end
2024-01-05 03:20:39.227628 = module test_spytest_infra_1.py clean end
2024-01-05 03:20:39.227946 = Framework Module Hook Finalize
2024-01-05 03:20:39.229983 = Framework Module Hook Start
2024-01-05 03:20:39.639985 = module test_ntp.py init start
2024-01-05 03:21:33.167925 = module test_ntp.py init end
2024-01-05 03:21:33.169668 = Framework Module Hook end
2024-01-05 03:21:33.171783 = User Module system/test_ntp.py Hook Start
2024-01-05 03:21:33.175242 = User Module system/test_ntp.py Hook end
2024-01-05 03:21:33.175961 = Framework Function Hook Start
2024-01-05 03:21:59.861122 = function system/test_ntp.py::test_ft_ntp_disable_enable_with_message_log init start
2024-01-05 03:22:04.294842 = function system/test_ntp.py::test_ft_ntp_disable_enable_with_message_log init end
2024-01-05 03:22:04.296561 = Framework Function Hook end
2024-01-05 03:22:04.299189 = User Function system/test_ntp.py::test_ft_ntp_disable_enable_with_message_log Hook Start
2024-01-05 03:22:04.307380 = User Function system/test_ntp.py::test_ft_ntp_disable_enable_with_message_log Hook end
2024-01-05 03:22:04.310254 = Module Config Time (2024-01-05 03:20:39.230042 - 2024-01-05 03:21:33.176188) Published
2024-01-05 03:27:06.824432 = User Function system/test_ntp.py::test_ft_ntp_disable_enable_with_message_log Hook Finalize
2024-01-05 03:27:06.824682 = function system/test_ntp.py::test_ft_ntp_disable_enable_with_message_log clean start
2024-01-05 03:27:06.854811 = Test Time (2024-01-05 03:21:59.861327 - 2024-01-05 03:27:06.854797) Published
2024-01-05 03:27:06.860323 = function system/test_ntp.py::test_ft_ntp_disable_enable_with_message_log clean end
2024-01-05 03:27:06.861172 = Framework Function Hook Finalize
2024-01-05 03:27:06.864136 = Framework Function Hook Start
2024-01-05 03:27:06.864694 = function system/test_ntp.py::test_ntp_exists_config init start
2024-01-05 03:27:11.944464 = function system/test_ntp.py::test_ntp_exists_config init end
2024-01-05 03:27:11.945401 = Framework Function Hook end
2024-01-05 03:27:11.945828 = User Function system/test_ntp.py::test_ntp_exists_config Hook Start
2024-01-05 03:27:11.948426 = User Function system/test_ntp.py::test_ntp_exists_config Hook end
2024-01-05 03:27:18.283431 = User Function system/test_ntp.py::test_ntp_exists_config Hook Finalize
2024-01-05 03:27:18.283593 = function system/test_ntp.py::test_ntp_exists_config clean start
2024-01-05 03:27:18.294129 = Test Time (2024-01-05 03:27:06.864757 - 2024-01-05 03:27:18.294121) Published
2024-01-05 03:27:18.299107 = function system/test_ntp.py::test_ntp_exists_config clean end
2024-01-05 03:27:18.299392 = Framework Function Hook Finalize
2024-01-05 03:27:44.440819 = User Module system/test_ntp.py Hook Finalize
2024-01-05 03:27:44.441014 = module test_ntp.py clean start
2024-01-05 03:28:11.728379 = report file generation start
2024-01-05 03:28:11.811663 = report file generation end
2024-01-05 03:28:11.816924 = module test_ntp.py clean end
2024-01-05 03:28:11.817985 = Framework Module Hook Finalize
2024-01-05 03:28:11.902218 = Framework Module Hook Start
2024-01-05 03:28:12.320051 = module test_spytest_infra_1.py init start
2024-01-05 03:29:14.525136 = module test_spytest_infra_1.py init end
2024-01-05 03:29:14.525925 = Framework Module Hook end
2024-01-05 03:29:14.526845 = Framework Function Hook Start
2024-01-05 03:29:17.610898 = function batch/test_spytest_infra_1.py::test_spytest_infra_last init start
2024-01-05 03:29:21.955583 = function batch/test_spytest_infra_1.py::test_spytest_infra_last init end
2024-01-05 03:29:21.956584 = Framework Function Hook end
2024-01-05 03:29:21.958142 = Module Config Time (2024-01-05 03:28:11.902403 - 2024-01-05 03:29:14.527082) Published
2024-01-05 03:29:21.960729 = function batch/test_spytest_infra_1.py::test_spytest_infra_last clean start
2024-01-05 03:29:21.970480 = Test Time (2024-01-05 03:29:17.610982 - 2024-01-05 03:29:21.970473) Published
2024-01-05 03:29:21.975041 = function batch/test_spytest_infra_1.py::test_spytest_infra_last clean end
2024-01-05 03:29:21.975298 = Framework Function Hook Finalize
2024-01-05 03:29:21.975431 = module test_spytest_infra_1.py clean start
2024-01-05 03:29:24.270912 = report file generation start
2024-01-05 03:29:24.350737 = report file generation end
2024-01-05 03:29:24.355550 = module test_spytest_infra_1.py clean end
2024-01-05 03:29:24.355906 = Framework Module Hook Finalize
2024-01-05 03:29:24.356295 = session clean start
2024-01-05 03:29:24.364050 = report file generation start
2024-01-05 03:29:24.448112 = report file generation end
2024-01-05 03:29:25.154199 = session clean end
