2023-12-31 00:29:17.625115 = START
2023-12-31 00:29:18.728105 = device connections start
2023-12-31 00:29:52.065153 = device connections finish
2023-12-31 00:29:52.069817 = session init start
2023-12-31 00:32:15.053977 = report file generation start
2023-12-31 00:32:15.137833 = report file generation end
2023-12-31 00:32:39.351859 = session init end
2023-12-31 00:32:39.353910 = Framework Module Hook Start
2023-12-31 00:32:39.765895 = module test_spytest_infra_1.py init start
2023-12-31 00:32:44.036927 = module test_spytest_infra_1.py init end
2023-12-31 00:32:44.037702 = Framework Module Hook end
2023-12-31 00:32:44.038538 = Framework Function Hook Start
2023-12-31 00:32:48.328981 = function batch/test_spytest_infra_1.py::test_spytest_infra_first init start
2023-12-31 00:32:53.045573 = function batch/test_spytest_infra_1.py::test_spytest_infra_first init end
2023-12-31 00:32:53.046412 = Framework Function Hook end
2023-12-31 00:32:53.048476 = Module Config Time (2023-12-31 00:32:39.353985 - 2023-12-31 00:32:44.039316) Published
2023-12-31 00:32:53.050364 = function batch/test_spytest_infra_1.py::test_spytest_infra_first clean start
2023-12-31 00:32:53.065307 = Test Time (2023-12-31 00:32:48.329123 - 2023-12-31 00:32:53.065299) Published
2023-12-31 00:32:53.071300 = function batch/test_spytest_infra_1.py::test_spytest_infra_first clean end
2023-12-31 00:32:53.071702 = Framework Function Hook Finalize
2023-12-31 00:32:53.236758 = Framework Function Hook Start
2023-12-31 00:32:53.237827 = function batch/test_spytest_infra_1.py::test_spytest_infra_second init start
2023-12-31 00:32:58.172654 = function batch/test_spytest_infra_1.py::test_spytest_infra_second init end
2023-12-31 00:32:58.173719 = Framework Function Hook end
2023-12-31 00:32:58.177290 = function batch/test_spytest_infra_1.py::test_spytest_infra_second clean start
2023-12-31 00:32:58.189669 = Test Time (2023-12-31 00:32:53.237986 - 2023-12-31 00:32:58.189661) Published
2023-12-31 00:32:58.194728 = function batch/test_spytest_infra_1.py::test_spytest_infra_second clean end
2023-12-31 00:32:58.195079 = Framework Function Hook Finalize
2023-12-31 00:32:58.195250 = module test_spytest_infra_1.py clean start
2023-12-31 00:33:00.696485 = report file generation start
2023-12-31 00:33:00.777545 = report file generation end
2023-12-31 00:33:00.782582 = module test_spytest_infra_1.py clean end
2023-12-31 00:33:00.782996 = Framework Module Hook Finalize
2023-12-31 00:33:00.785047 = Framework Module Hook Start
2023-12-31 00:33:01.196337 = module test_l3_performance.py init start
2023-12-31 00:33:29.936032 = module test_l3_performance.py init end
2023-12-31 00:33:29.936577 = Framework Module Hook end
2023-12-31 00:33:29.937158 = User Module routing/test_l3_performance.py Hook Start
2023-12-31 00:33:50.398253 = User Module routing/test_l3_performance.py Hook end
2023-12-31 00:33:50.398886 = Framework Function Hook Start
2023-12-31 00:34:20.482594 = function routing/test_l3_performance.py::test_ft_l3_performance_enhancements_v4_route_intstall_withdraw init start
2023-12-31 00:34:25.199806 = function routing/test_l3_performance.py::test_ft_l3_performance_enhancements_v4_route_intstall_withdraw init end
2023-12-31 00:34:25.200906 = Framework Function Hook end
2023-12-31 00:34:25.201539 = User Function routing/test_l3_performance.py::test_ft_l3_performance_enhancements_v4_route_intstall_withdraw Hook Start
2023-12-31 00:34:25.204313 = User Function routing/test_l3_performance.py::test_ft_l3_performance_enhancements_v4_route_intstall_withdraw Hook end
2023-12-31 00:34:25.204461 = User Function routing/test_l3_performance.py::test_ft_l3_performance_enhancements_v4_route_intstall_withdraw Hook Start
2023-12-31 00:35:38.455934 = User Function routing/test_l3_performance.py::test_ft_l3_performance_enhancements_v4_route_intstall_withdraw Hook end
2023-12-31 00:35:38.457506 = Module Config Time (2023-12-31 00:33:00.785109 - 2023-12-31 00:33:50.398980) Published
2023-12-31 00:36:21.365936 = User Function routing/test_l3_performance.py::test_ft_l3_performance_enhancements_v4_route_intstall_withdraw Hook Finalize
2023-12-31 00:36:21.366716 = User Function routing/test_l3_performance.py::test_ft_l3_performance_enhancements_v4_route_intstall_withdraw Hook Finalize
2023-12-31 00:36:21.367057 = function routing/test_l3_performance.py::test_ft_l3_performance_enhancements_v4_route_intstall_withdraw clean start
2023-12-31 00:36:21.401558 = Test Time (2023-12-31 00:34:20.482682 - 2023-12-31 00:36:21.401550) Published
2023-12-31 00:36:21.406590 = function routing/test_l3_performance.py::test_ft_l3_performance_enhancements_v4_route_intstall_withdraw clean end
2023-12-31 00:36:21.406876 = Framework Function Hook Finalize
2023-12-31 00:36:21.407964 = Framework Function Hook Start
2023-12-31 00:36:21.408565 = function routing/test_l3_performance.py::test_cli_validation_ip_address init start
2023-12-31 00:36:26.802381 = function routing/test_l3_performance.py::test_cli_validation_ip_address init end
2023-12-31 00:36:26.803265 = Framework Function Hook end
2023-12-31 00:36:26.804017 = User Function routing/test_l3_performance.py::test_cli_validation_ip_address Hook Start
2023-12-31 00:36:26.807333 = User Function routing/test_l3_performance.py::test_cli_validation_ip_address Hook end
2023-12-31 00:37:43.764233 = User Function routing/test_l3_performance.py::test_cli_validation_ip_address Hook Finalize
2023-12-31 00:37:43.764449 = function routing/test_l3_performance.py::test_cli_validation_ip_address clean start
2023-12-31 00:37:43.778230 = Test Time (2023-12-31 00:36:21.408627 - 2023-12-31 00:37:43.778219) Published
2023-12-31 00:37:43.783461 = function routing/test_l3_performance.py::test_cli_validation_ip_address clean end
2023-12-31 00:37:43.783855 = Framework Function Hook Finalize
2023-12-31 00:37:43.784983 = Framework Function Hook Start
2023-12-31 00:37:43.785434 = function routing/test_l3_performance.py::test_cli_validation_bgp_router_config init start
2023-12-31 00:37:48.614332 = function routing/test_l3_performance.py::test_cli_validation_bgp_router_config init end
2023-12-31 00:37:48.615320 = Framework Function Hook end
2023-12-31 00:37:48.615902 = User Function routing/test_l3_performance.py::test_cli_validation_bgp_router_config Hook Start
2023-12-31 00:37:48.622646 = User Function routing/test_l3_performance.py::test_cli_validation_bgp_router_config Hook end
2023-12-31 00:38:05.858671 = User Function routing/test_l3_performance.py::test_cli_validation_bgp_router_config Hook Finalize
2023-12-31 00:38:05.858812 = function routing/test_l3_performance.py::test_cli_validation_bgp_router_config clean start
2023-12-31 00:38:05.869784 = Test Time (2023-12-31 00:37:43.785496 - 2023-12-31 00:38:05.869775) Published
2023-12-31 00:38:05.874921 = function routing/test_l3_performance.py::test_cli_validation_bgp_router_config clean end
2023-12-31 00:38:05.875219 = Framework Function Hook Finalize
2023-12-31 00:38:43.444595 = User Module routing/test_l3_performance.py Hook Finalize
2023-12-31 00:38:43.444774 = module test_l3_performance.py clean start
2023-12-31 00:39:11.163973 = report file generation start
2023-12-31 00:39:11.244848 = report file generation end
2023-12-31 00:39:11.249925 = module test_l3_performance.py clean end
2023-12-31 00:39:11.250308 = Framework Module Hook Finalize
2023-12-31 00:39:11.387468 = Framework Module Hook Start
2023-12-31 00:39:11.803242 = module test_spytest_infra_1.py init start
2023-12-31 00:40:30.311145 = module test_spytest_infra_1.py init end
2023-12-31 00:40:30.311933 = Framework Module Hook end
2023-12-31 00:40:30.312724 = Framework Function Hook Start
2023-12-31 00:40:34.604136 = function batch/test_spytest_infra_1.py::test_spytest_infra_last init start
2023-12-31 00:40:39.318856 = function batch/test_spytest_infra_1.py::test_spytest_infra_last init end
2023-12-31 00:40:39.319782 = Framework Function Hook end
2023-12-31 00:40:39.321117 = Module Config Time (2023-12-31 00:39:11.387629 - 2023-12-31 00:40:30.312962) Published
2023-12-31 00:40:39.323347 = function batch/test_spytest_infra_1.py::test_spytest_infra_last clean start
2023-12-31 00:40:39.334169 = Test Time (2023-12-31 00:40:34.604231 - 2023-12-31 00:40:39.334162) Published
2023-12-31 00:40:39.339202 = function batch/test_spytest_infra_1.py::test_spytest_infra_last clean end
2023-12-31 00:40:39.339476 = Framework Function Hook Finalize
2023-12-31 00:40:39.339610 = module test_spytest_infra_1.py clean start
2023-12-31 00:40:41.835995 = report file generation start
2023-12-31 00:40:41.918160 = report file generation end
2023-12-31 00:40:41.923108 = module test_spytest_infra_1.py clean end
2023-12-31 00:40:41.923444 = Framework Module Hook Finalize
2023-12-31 00:40:41.925642 = Framework Module Hook Start
2023-12-31 00:40:42.335302 = module test_device_mgmt.py init start
2023-12-31 00:43:38.456103 = module test_device_mgmt.py init end
2023-12-31 00:43:38.456651 = Framework Module Hook end
2023-12-31 00:43:38.457237 = User Module system/test_device_mgmt.py Hook Start
2023-12-31 00:43:38.458186 = User Module system/test_device_mgmt.py Hook end
2023-12-31 00:43:38.458424 = Framework Function Hook Start
2023-12-31 00:44:07.040374 = function system/test_device_mgmt.py::test_ft_ip_static_ip_on_mgmt_intrf init start
2023-12-31 00:44:11.808814 = function system/test_device_mgmt.py::test_ft_ip_static_ip_on_mgmt_intrf init end
2023-12-31 00:44:11.809460 = Framework Function Hook end
2023-12-31 00:44:11.810206 = User Function system/test_device_mgmt.py::test_ft_ip_static_ip_on_mgmt_intrf Hook Start
2023-12-31 00:44:11.813707 = User Function system/test_device_mgmt.py::test_ft_ip_static_ip_on_mgmt_intrf Hook end
2023-12-31 00:44:11.814954 = Module Config Time (2023-12-31 00:40:41.925701 - 2023-12-31 00:43:38.458504) Published
2023-12-31 00:44:29.116094 = User Function system/test_device_mgmt.py::test_ft_ip_static_ip_on_mgmt_intrf Hook Finalize
2023-12-31 00:44:29.116302 = function system/test_device_mgmt.py::test_ft_ip_static_ip_on_mgmt_intrf clean start
2023-12-31 00:44:29.129745 = Test Time (2023-12-31 00:44:07.040487 - 2023-12-31 00:44:29.129736) Published
2023-12-31 00:44:29.135040 = function system/test_device_mgmt.py::test_ft_ip_static_ip_on_mgmt_intrf clean end
2023-12-31 00:44:29.135400 = Framework Function Hook Finalize
2023-12-31 00:44:53.478734 = User Module system/test_device_mgmt.py Hook Finalize
2023-12-31 00:44:53.478896 = module test_device_mgmt.py clean start
2023-12-31 00:45:20.296575 = report file generation start
2023-12-31 00:45:20.384401 = report file generation end
2023-12-31 00:45:20.389475 = module test_device_mgmt.py clean end
2023-12-31 00:45:20.389941 = Framework Module Hook Finalize
2023-12-31 00:45:20.475492 = Framework Module Hook Start
2023-12-31 00:45:20.893093 = module test_spytest_infra_1.py init start
2023-12-31 00:46:39.042692 = module test_spytest_infra_1.py init end
2023-12-31 00:46:39.044170 = Framework Module Hook end
2023-12-31 00:46:39.045996 = Framework Function Hook Start
2023-12-31 00:46:43.335590 = function batch/test_spytest_infra_1.py::test_spytest_infra_last init start
2023-12-31 00:46:47.944573 = function batch/test_spytest_infra_1.py::test_spytest_infra_last init end
2023-12-31 00:46:47.945617 = Framework Function Hook end
2023-12-31 00:46:47.948134 = Module Config Time (2023-12-31 00:45:20.475689 - 2023-12-31 00:46:39.046243) Published
2023-12-31 00:46:47.951341 = function batch/test_spytest_infra_1.py::test_spytest_infra_last clean start
2023-12-31 00:46:47.962477 = Test Time (2023-12-31 00:46:43.335697 - 2023-12-31 00:46:47.962470) Published
2023-12-31 00:46:47.968128 = function batch/test_spytest_infra_1.py::test_spytest_infra_last clean end
2023-12-31 00:46:47.968492 = Framework Function Hook Finalize
2023-12-31 00:46:47.968680 = module test_spytest_infra_1.py clean start
2023-12-31 00:46:50.417853 = report file generation start
2023-12-31 00:46:50.503795 = report file generation end
2023-12-31 00:46:50.508664 = module test_spytest_infra_1.py clean end
2023-12-31 00:46:50.509009 = Framework Module Hook Finalize
2023-12-31 00:46:50.509654 = session clean start
2023-12-31 00:46:50.519156 = report file generation start
2023-12-31 00:46:50.602983 = report file generation end
2023-12-31 00:46:51.306670 = session clean end
