2023-12-31 00:29:32,663 T0002: [D1-V1] ['export TMOUT=0', 'stty cols 5000', 'uptime']
2023-12-31 00:29:33,328 T0002: [D1-V1] cat /proc/uptime
2023-12-31 00:29:33,997 T0002: [D1-V1] sudo vtysh -c 'show running-config | include hostname'
2023-12-31 00:29:40,286 T0002: [D1-V1] /sbin/ip link set dev eth0 up
2023-12-31 00:29:40,956 T0002: [D1-V1] /sbin/ip route list dev eth0
2023-12-31 00:29:41,632 T0002: [D1-V1] ['export TMOUT=0', 'stty cols 5000', 'uptime']
2023-12-31 00:29:43,770 T0002: [D1-V1] /sbin/ip link set dev eth0 up
2023-12-31 00:29:44,436 T0002: [D1-V1] /sbin/ip route list dev eth0
2023-12-31 00:29:45,775 T0002: [D1-V1] show version
2023-12-31 00:29:47,913 T0002: [D1-V1] /sbin/ip link set dev eth0 up
2023-12-31 00:29:48,581 T0002: [D1-V1] /sbin/ip route list dev eth0
2023-12-31 00:29:50,729 T0002: [D1-V1] /sbin/ip link set dev eth0 up
2023-12-31 00:29:51,396 T0002: [D1-V1] /sbin/ip route list dev eth0
2023-12-31 00:31:11,382 T0000: [D1-V1] sudo show interfaces status
2023-12-31 00:31:13,593 T0000: [D1-V1] config interface startup Ethernet0
2023-12-31 00:31:14,949 T0000: [D1-V1] config interface startup Ethernet4
2023-12-31 00:31:16,410 T0000: [D1-V1] config interface startup Ethernet8
2023-12-31 00:31:17,774 T0000: [D1-V1] config interface startup Ethernet12
2023-12-31 00:31:19,125 T0000: [D1-V1] config interface shutdown Ethernet16
2023-12-31 00:31:20,536 T0000: [D1-V1] config interface shutdown Ethernet20
2023-12-31 00:31:21,951 T0000: [D1-V1] config interface shutdown Ethernet24
2023-12-31 00:31:23,226 T0000: [D1-V1] config interface shutdown Ethernet28
2023-12-31 00:31:24,532 T0000: [D1-V1] config interface shutdown Ethernet32
2023-12-31 00:31:25,840 T0000: [D1-V1] config interface shutdown Ethernet36
2023-12-31 00:31:27,145 T0000: [D1-V1] config interface shutdown Ethernet40
2023-12-31 00:31:28,400 T0000: [D1-V1] config interface shutdown Ethernet44
2023-12-31 00:31:29,704 T0000: [D1-V1] config interface shutdown Ethernet48
2023-12-31 00:31:31,017 T0000: [D1-V1] config interface shutdown Ethernet52
2023-12-31 00:31:32,324 T0000: [D1-V1] config interface shutdown Ethernet56
2023-12-31 00:31:33,627 T0000: [D1-V1] config interface shutdown Ethernet60
2023-12-31 00:31:34,936 T0000: [D1-V1] config interface shutdown Ethernet64
2023-12-31 00:31:36,245 T0000: [D1-V1] config interface shutdown Ethernet68
2023-12-31 00:31:37,612 T0000: [D1-V1] config interface shutdown Ethernet72
2023-12-31 00:31:39,018 T0000: [D1-V1] config interface shutdown Ethernet76
2023-12-31 00:31:40,376 T0000: [D1-V1] config interface shutdown Ethernet80
2023-12-31 00:31:41,683 T0000: [D1-V1] config interface shutdown Ethernet84
2023-12-31 00:31:42,992 T0000: [D1-V1] config interface shutdown Ethernet88
2023-12-31 00:31:44,298 T0000: [D1-V1] config interface shutdown Ethernet92
2023-12-31 00:31:45,549 T0000: [D1-V1] config interface shutdown Ethernet96
2023-12-31 00:31:46,852 T0000: [D1-V1] config interface shutdown Ethernet100
2023-12-31 00:31:48,161 T0000: [D1-V1] config interface shutdown Ethernet104
2023-12-31 00:31:49,466 T0000: [D1-V1] config interface shutdown Ethernet108
2023-12-31 00:31:50,782 T0000: [D1-V1] config interface shutdown Ethernet112
2023-12-31 00:31:52,092 T0000: [D1-V1] config interface shutdown Ethernet116
2023-12-31 00:31:53,345 T0000: [D1-V1] config interface shutdown Ethernet120
2023-12-31 00:31:54,641 T0000: [D1-V1] config interface shutdown Ethernet124
2023-12-31 00:32:02,079 T0000: [D1-V1] show version
2023-12-31 00:32:04,208 T0000: [D1-V1] cat /var/run/redis/sonic-db/database_config.json
2023-12-31 00:32:04,999 T0000: [D1-V1] /sbin/ifconfig eth0
2023-12-31 00:32:05,724 T0000: [D1-V1] ls /etc/sonic/bcmsim.cfg
2023-12-31 00:32:06,460 T0000: [D1-V1] no router bgp
2023-12-31 00:32:08,325 T0000: [D1-V1] config feature state sflow enabled
2023-12-31 00:32:10,673 T0000: [D1-V1] config feature state nat enabled
2023-12-31 00:32:15,146 T0000: [D1-V1] config save /tmp/config-db-V1-post-session-prolog-session.json -y
2023-12-31 00:32:16,801 T0000: [D1-V1] chmod 777 /tmp/config-db-V1-post-session-prolog-session.json
2023-12-31 00:32:18,330 T0000: [D1-V1] /sbin/ip link set dev eth0 up
2023-12-31 00:32:19,030 T0000: [D1-V1] /sbin/ip route list dev eth0
2023-12-31 00:32:27,596 T0000: [D1-V1] sudo vtysh -c 'show running-config' > /tmp/vtysh-runcfg-V1-post-session-prolog-session.txt
2023-12-31 00:32:28,497 T0000: [D1-V1] chmod 777 /tmp/vtysh-runcfg-V1-post-session-prolog-session.txt
2023-12-31 00:32:30,028 T0000: [D1-V1] /sbin/ip link set dev eth0 up
2023-12-31 00:32:30,750 T0000: [D1-V1] /sbin/ip route list dev eth0
2023-12-31 00:32:39,765 T0000: 
================== Framework Module Hook: batch/test_spytest_infra_1.py ==================
2023-12-31 00:32:39,782 T0012: [D1-V1] sudo show interfaces status Ethernet124
2023-12-31 00:32:42,245 T0013: [D1-V1] sudo show interfaces status
2023-12-31 00:32:44,037 T0000: 
================== Framework Module Hook Finish: batch/test_spytest_infra_1.py ==================
2023-12-31 00:32:44,039 T0000: 
================== Framework Function Hook: batch/test_spytest_infra_1.py::test_spytest_infra_first ==================
2023-12-31 00:32:48,338 T0014: [D1-V1] sudo show interfaces status
2023-12-31 00:32:50,145 T0000: [D1-V1] sudo show interfaces status Ethernet124
2023-12-31 00:32:53,046 T0000: 
================== Framework Function Hook Finish: batch/test_spytest_infra_1.py::test_spytest_infra_first ==================
2023-12-31 00:32:53,048 T0000: 
================== Test Execution: batch/test_spytest_infra_1.py::test_spytest_infra_first ==================
2023-12-31 00:32:53,071 T0000: 
================== Framework Function Hook Finalize: batch/test_spytest_infra_1.py::test_spytest_infra_first ==================
2023-12-31 00:32:53,237 T0000: 
================== Framework Function Hook: batch/test_spytest_infra_1.py::test_spytest_infra_second ==================
2023-12-31 00:32:53,254 T0015: [D1-V1] sudo show interfaces status
2023-12-31 00:32:55,165 T0000: [D1-V1] sudo show interfaces status Ethernet124
2023-12-31 00:32:58,173 T0000: 
================== Framework Function Hook Finish: batch/test_spytest_infra_1.py::test_spytest_infra_second ==================
2023-12-31 00:32:58,175 T0000: 
================== Test Execution: batch/test_spytest_infra_1.py::test_spytest_infra_second ==================
2023-12-31 00:32:58,195 T0000: 
================== Framework Function Hook Finalize: batch/test_spytest_infra_1.py::test_spytest_infra_second ==================
2023-12-31 00:32:58,209 T0000: [D1-V1] sudo show interfaces status Ethernet124
2023-12-31 00:33:00,782 T0000: 
================== Framework Module Hook Finalize: batch/test_spytest_infra_1.py Pass: 2/2 ==================
2023-12-31 00:33:00,783 T0000: 
================== Devices used: batch/test_spytest_infra_1.py 1 ['V1'] ==================
2023-12-31 00:33:01,196 T0000: 
================== Framework Module Hook: routing/test_l3_performance.py ==================
2023-12-31 00:33:01,206 T0016: [D1-V1] sudo show interfaces status Ethernet124
2023-12-31 00:33:03,614 T0017: [D1-V1] sudo show interfaces status
2023-12-31 00:33:05,509 T0000: [D1-V1] config save /tmp/config-db-V1-pre-module-prolog-routing-test_l3_performance.py.json -y
2023-12-31 00:33:07,274 T0000: [D1-V1] chmod 777 /tmp/config-db-V1-pre-module-prolog-routing-test_l3_performance.py.json
2023-12-31 00:33:08,810 T0000: [D1-V1] /sbin/ip link set dev eth0 up
2023-12-31 00:33:09,520 T0000: [D1-V1] /sbin/ip route list dev eth0
2023-12-31 00:33:18,102 T0000: [D1-V1] sudo vtysh -c 'show running-config' > /tmp/vtysh-runcfg-V1-pre-module-prolog-routing-test_l3_performance.py.txt
2023-12-31 00:33:19,103 T0000: [D1-V1] chmod 777 /tmp/vtysh-runcfg-V1-pre-module-prolog-routing-test_l3_performance.py.txt
2023-12-31 00:33:20,636 T0000: [D1-V1] /sbin/ip link set dev eth0 up
2023-12-31 00:33:21,346 T0000: [D1-V1] /sbin/ip route list dev eth0
2023-12-31 00:33:29,936 T0000: 
================== Framework Module Hook Finish: routing/test_l3_performance.py ==================
2023-12-31 00:33:29,937 T0000: 
================== Module Hook: routing/test_l3_performance.py l3_performance_enhancements_module_hooks ==================
2023-12-31 00:33:29,941 T0000: [D1-V1] show platform summary
2023-12-31 00:33:31,279 T0000: [D1-V1] sysctl -w net.ipv6.conf.all.disable_ipv6=0
2023-12-31 00:33:31,981 T0000: [D1-V1] sysctl -w net.ipv6.conf.default.disable_ipv6=0
2023-12-31 00:33:32,678 T0000: [D1-V1] sysctl -w net.ipv6.conf.lo.disable_ipv6=0
2023-12-31 00:33:33,381 T0000: [D1-V1] config interface ip add Ethernet0 10.10.10.1/24
2023-12-31 00:33:34,702 T0000: [D1-V1] config interface ip add Ethernet0 2000::1/64
2023-12-31 00:33:36,019 T0000: [D1-V1] config interface ip add Ethernet4 20.20.20.1/24
2023-12-31 00:33:37,283 T0000: [D1-V1] config interface ip add Ethernet4 3000::1/64
2023-12-31 00:33:38,595 T0000: [D1-V1]  router bgp 100
 no bgp ebgp-requires-policy
2023-12-31 00:33:41,192 T0000: [D1-V1] timers bgp 60 180

2023-12-31 00:33:41,902 T0000: [D1-V1]  router bgp 100
 no bgp ebgp-requires-policy
2023-12-31 00:33:43,348 T0000: [D1-V1] neighbor 10.10.10.2 remote-as 200
2023-12-31 00:33:44,040 T0000: [D1-V1] neighbor 10.10.10.2 timers 60 180
2023-12-31 00:33:44,735 T0000: [D1-V1] address-family ipv4 unicast
2023-12-31 00:33:45,437 T0000: [D1-V1] neighbor 10.10.10.2 activate
2023-12-31 00:33:46,145 T0000: [D1-V1]  router bgp 100
 no bgp ebgp-requires-policy
2023-12-31 00:33:47,597 T0000: [D1-V1] neighbor 2000::2 remote-as 200
2023-12-31 00:33:48,297 T0000: [D1-V1] neighbor 2000::2 timers 60 180
2023-12-31 00:33:48,997 T0000: [D1-V1] address-family ipv6 unicast
2023-12-31 00:33:49,696 T0000: [D1-V1] neighbor 2000::2 activate
2023-12-31 00:33:50,398 T0000: 
================== Module Hook Finish: routing/test_l3_performance.py l3_performance_enhancements_module_hooks ==================
2023-12-31 00:33:50,399 T0000: 
================== Framework Function Hook: routing/test_l3_performance.py::test_ft_l3_performance_enhancements_v4_route_intstall_withdraw ==================
2023-12-31 00:33:50,407 T0000: [D1-V1] config save /tmp/config-db-V1-post-module-prolog-routing-test_l3_performance.py.json -y
2023-12-31 00:33:53,681 T0000: [D1-V1] chmod 777 /tmp/config-db-V1-post-module-prolog-routing-test_l3_performance.py.json
2023-12-31 00:33:55,208 T0000: [D1-V1] /sbin/ip link set dev eth0 up
2023-12-31 00:33:55,925 T0000: [D1-V1] /sbin/ip route list dev eth0
2023-12-31 00:34:04,493 T0000: [D1-V1] sudo vtysh -c 'show running-config' > /tmp/vtysh-runcfg-V1-post-module-prolog-routing-test_l3_performance.py.txt
2023-12-31 00:34:05,401 T0000: [D1-V1] chmod 777 /tmp/vtysh-runcfg-V1-post-module-prolog-routing-test_l3_performance.py.txt
2023-12-31 00:34:06,928 T0000: [D1-V1] /sbin/ip link set dev eth0 up
2023-12-31 00:34:07,637 T0000: [D1-V1] /sbin/ip route list dev eth0
2023-12-31 00:34:20,491 T0034: [D1-V1] sudo show interfaces status
2023-12-31 00:34:22,240 T0000: [D1-V1] sudo show interfaces status Ethernet124
2023-12-31 00:34:25,200 T0000: 
================== Framework Function Hook Finish: routing/test_l3_performance.py::test_ft_l3_performance_enhancements_v4_route_intstall_withdraw ==================
2023-12-31 00:34:25,201 T0000: 
================== Function Hook: routing/test_l3_performance.py l3_performance_enhancements_func_hooks ==================
2023-12-31 00:34:25,204 T0000: 
================== Function Hook Finish: routing/test_l3_performance.py l3_performance_enhancements_func_hooks ==================
2023-12-31 00:34:25,204 T0000: 
================== Function Hook: routing/test_l3_performance.py fixture_v4 ==================
2023-12-31 00:35:36,808 T0000: [D1-V1] show bgp ipv4 summary
2023-12-31 00:35:38,455 T0000: 
================== Function Hook Finish: routing/test_l3_performance.py fixture_v4 ==================
2023-12-31 00:35:38,457 T0000: 
================== Test Execution: routing/test_l3_performance.py::test_ft_l3_performance_enhancements_v4_route_intstall_withdraw ==================
2023-12-31 00:35:40,519 T0000: [D1-V1] show bgp ipv4 summary
2023-12-31 00:36:08,551 T0000: [D1-V1] show ip route
2023-12-31 00:36:12,747 T0000: [D1-V1] show ip route
2023-12-31 00:36:16,028 T0000: [D1-V1] show bgp ipv4 summary
2023-12-31 00:36:21,365 T0000: 
================== Function Hook Finalize: routing/test_l3_performance.py fixture_v4 ==================
2023-12-31 00:36:21,366 T0000: 
================== Function Hook Finalize: routing/test_l3_performance.py l3_performance_enhancements_func_hooks ==================
2023-12-31 00:36:21,406 T0000: 
================== Framework Function Hook Finalize: routing/test_l3_performance.py::test_ft_l3_performance_enhancements_v4_route_intstall_withdraw ==================
2023-12-31 00:36:21,408 T0000: 
================== Framework Function Hook: routing/test_l3_performance.py::test_cli_validation_ip_address ==================
2023-12-31 00:36:21,417 T0035: [D1-V1] sudo show interfaces status
2023-12-31 00:36:23,895 T0000: [D1-V1] sudo show interfaces status Ethernet124
2023-12-31 00:36:26,803 T0000: 
================== Framework Function Hook Finish: routing/test_l3_performance.py::test_cli_validation_ip_address ==================
2023-12-31 00:36:26,804 T0000: 
================== Function Hook: routing/test_l3_performance.py l3_performance_enhancements_func_hooks ==================
2023-12-31 00:36:26,807 T0000: 
================== Function Hook Finish: routing/test_l3_performance.py l3_performance_enhancements_func_hooks ==================
2023-12-31 00:36:26,807 T0000: 
================== Test Execution: routing/test_l3_performance.py::test_cli_validation_ip_address ==================
2023-12-31 00:36:26,815 T0000: [D1-V1] ['config vlan add 101', 'config vlan add 102', 'config vlan add 103', 'config vlan add 104', 'config vlan add 105', 'config vlan add 106', 'config vlan add 107', 'config vlan add 108', 'config vlan add 109', 'config vlan add 110', 'config vlan add 111', 'config vlan add 112', 'config vlan add 113', 'config vlan add 114', 'config vlan add 115', 'config vlan add 116', 'config vlan add 117', 'config vlan add 118', 'config vlan add 119', 'config vlan add 120', 'config vlan add 121']
2023-12-31 00:36:43,151 T0000: [D1-V1] ['config interface ip add Vlan101 192.168.101.1/31']
2023-12-31 00:36:44,456 T0000: [D1-V1] ['config interface ip add Vlan102 192.168.102.1/31']
2023-12-31 00:36:45,805 T0000: [D1-V1] ['config interface ip add Vlan103 192.168.103.1/31']
2023-12-31 00:36:47,109 T0000: [D1-V1] ['config interface ip add Vlan104 192.168.104.1/31']
2023-12-31 00:36:48,369 T0000: [D1-V1] ['config interface ip add Vlan105 192.168.105.1/31']
2023-12-31 00:36:49,622 T0000: [D1-V1] ['config interface ip add Vlan106 192.168.106.1/31']
2023-12-31 00:36:50,877 T0000: [D1-V1] ['config interface ip add Vlan107 192.168.107.1/31']
2023-12-31 00:36:52,181 T0000: [D1-V1] ['config interface ip add Vlan108 192.168.108.1/31']
2023-12-31 00:36:53,486 T0000: [D1-V1] ['config interface ip add Vlan109 192.168.109.1/31']
2023-12-31 00:36:54,783 T0000: [D1-V1] ['config interface ip add Vlan110 192.168.110.1/31']
2023-12-31 00:36:56,089 T0000: [D1-V1] ['config interface ip add Vlan111 192.168.111.1/31']
2023-12-31 00:36:57,392 T0000: [D1-V1] ['config interface ip add Vlan112 192.168.112.1/31']
2023-12-31 00:36:58,648 T0000: [D1-V1] ['config interface ip add Vlan113 192.168.113.1/31']
2023-12-31 00:36:59,953 T0000: [D1-V1] ['config interface ip add Vlan114 192.168.114.1/31']
2023-12-31 00:37:01,212 T0000: [D1-V1] ['config interface ip add Vlan115 192.168.115.1/31']
2023-12-31 00:37:02,516 T0000: [D1-V1] ['config interface ip add Vlan116 192.168.116.1/31']
2023-12-31 00:37:03,815 T0000: [D1-V1] ['config interface ip add Vlan117 192.168.117.1/31']
2023-12-31 00:37:05,124 T0000: [D1-V1] ['config interface ip add Vlan118 192.168.118.1/31']
2023-12-31 00:37:06,434 T0000: [D1-V1] ['config interface ip add Vlan119 192.168.119.1/31']
2023-12-31 00:37:07,738 T0000: [D1-V1] ['config interface ip add Vlan120 192.168.120.1/31']
2023-12-31 00:37:09,245 T0000: [D1-V1] ['config interface ip remove Vlan101 192.168.101.1/31']
2023-12-31 00:37:10,950 T0000: [D1-V1] ['config interface ip remove Vlan102 192.168.102.1/31']
2023-12-31 00:37:12,654 T0000: [D1-V1] ['config interface ip remove Vlan103 192.168.103.1/31']
2023-12-31 00:37:14,413 T0000: [D1-V1] ['config interface ip remove Vlan104 192.168.104.1/31']
2023-12-31 00:37:16,117 T0000: [D1-V1] ['config interface ip remove Vlan105 192.168.105.1/31']
2023-12-31 00:37:17,925 T0000: [D1-V1] ['config interface ip remove Vlan106 192.168.106.1/31']
2023-12-31 00:37:19,684 T0000: [D1-V1] ['config interface ip remove Vlan107 192.168.107.1/31']
2023-12-31 00:37:21,340 T0000: [D1-V1] ['config interface ip remove Vlan108 192.168.108.1/31']
2023-12-31 00:37:23,101 T0000: [D1-V1] ['config interface ip remove Vlan109 192.168.109.1/31']
2023-12-31 00:37:24,812 T0000: [D1-V1] ['config interface ip remove Vlan110 192.168.110.1/31']
2023-12-31 00:37:26,568 T0000: [D1-V1] ['config interface ip remove Vlan111 192.168.111.1/31']
2023-12-31 00:37:28,282 T0000: [D1-V1] ['config interface ip remove Vlan112 192.168.112.1/31']
2023-12-31 00:37:30,041 T0000: [D1-V1] ['config interface ip remove Vlan113 192.168.113.1/31']
2023-12-31 00:37:31,752 T0000: [D1-V1] ['config interface ip remove Vlan114 192.168.114.1/31']
2023-12-31 00:37:33,460 T0000: [D1-V1] ['config interface ip remove Vlan115 192.168.115.1/31']
2023-12-31 00:37:35,169 T0000: [D1-V1] ['config interface ip remove Vlan116 192.168.116.1/31']
2023-12-31 00:37:36,876 T0000: [D1-V1] ['config interface ip remove Vlan117 192.168.117.1/31']
2023-12-31 00:37:38,687 T0000: [D1-V1] ['config interface ip remove Vlan118 192.168.118.1/31']
2023-12-31 00:37:40,339 T0000: [D1-V1] ['config interface ip remove Vlan119 192.168.119.1/31']
2023-12-31 00:37:42,049 T0000: [D1-V1] ['config interface ip remove Vlan120 192.168.120.1/31']
2023-12-31 00:37:43,764 T0000: 
================== Function Hook Finalize: routing/test_l3_performance.py l3_performance_enhancements_func_hooks ==================
2023-12-31 00:37:43,783 T0000: 
================== Framework Function Hook Finalize: routing/test_l3_performance.py::test_cli_validation_ip_address ==================
2023-12-31 00:37:43,785 T0000: 
================== Framework Function Hook: routing/test_l3_performance.py::test_cli_validation_bgp_router_config ==================
2023-12-31 00:37:43,795 T0036: [D1-V1] sudo show interfaces status
2023-12-31 00:37:45,656 T0000: [D1-V1] sudo show interfaces status Ethernet124
2023-12-31 00:37:48,615 T0000: 
================== Framework Function Hook Finish: routing/test_l3_performance.py::test_cli_validation_bgp_router_config ==================
2023-12-31 00:37:48,616 T0000: 
================== Function Hook: routing/test_l3_performance.py l3_performance_enhancements_func_hooks ==================
2023-12-31 00:37:48,622 T0000: 
================== Function Hook Finish: routing/test_l3_performance.py l3_performance_enhancements_func_hooks ==================
2023-12-31 00:37:48,623 T0000: 
================== Test Execution: routing/test_l3_performance.py::test_cli_validation_bgp_router_config ==================
2023-12-31 00:37:48,624 T0000: [D1-V1] router bgp 100
2023-12-31 00:37:50,492 T0000: [D1-V1] neighbor 192.168.101.2 remote-as 300
2023-12-31 00:37:51,191 T0000: [D1-V1] neighbor 192.168.102.2 remote-as 300
2023-12-31 00:37:51,887 T0000: [D1-V1] neighbor 192.168.103.2 remote-as 300
2023-12-31 00:37:52,589 T0000: [D1-V1] neighbor 192.168.104.2 remote-as 300
2023-12-31 00:37:53,287 T0000: [D1-V1] neighbor 192.168.105.2 remote-as 300
2023-12-31 00:37:53,988 T0000: [D1-V1] neighbor 192.168.106.2 remote-as 300
2023-12-31 00:37:54,688 T0000: [D1-V1] neighbor 192.168.107.2 remote-as 300
2023-12-31 00:37:55,385 T0000: [D1-V1] neighbor 192.168.108.2 remote-as 300
2023-12-31 00:37:56,083 T0000: [D1-V1] neighbor 192.168.109.2 remote-as 300
2023-12-31 00:37:56,783 T0000: [D1-V1] neighbor 192.168.110.2 remote-as 300
2023-12-31 00:37:57,480 T0000: [D1-V1] neighbor 192.168.111.2 remote-as 300
2023-12-31 00:37:58,179 T0000: [D1-V1] neighbor 192.168.112.2 remote-as 300
2023-12-31 00:37:58,882 T0000: [D1-V1] neighbor 192.168.113.2 remote-as 300
2023-12-31 00:37:59,585 T0000: [D1-V1] neighbor 192.168.114.2 remote-as 300
2023-12-31 00:38:00,278 T0000: [D1-V1] neighbor 192.168.115.2 remote-as 300
2023-12-31 00:38:00,975 T0000: [D1-V1] neighbor 192.168.116.2 remote-as 300
2023-12-31 00:38:01,670 T0000: [D1-V1] neighbor 192.168.117.2 remote-as 300
2023-12-31 00:38:02,367 T0000: [D1-V1] neighbor 192.168.118.2 remote-as 300
2023-12-31 00:38:03,067 T0000: [D1-V1] neighbor 192.168.119.2 remote-as 300
2023-12-31 00:38:03,764 T0000: [D1-V1] neighbor 192.168.120.2 remote-as 300
2023-12-31 00:38:04,461 T0000: [D1-V1] exit
2023-12-31 00:38:05,158 T0000: [D1-V1] no router bgp
2023-12-31 00:38:05,858 T0000: 
================== Function Hook Finalize: routing/test_l3_performance.py l3_performance_enhancements_func_hooks ==================
2023-12-31 00:38:05,875 T0000: 
================== Framework Function Hook Finalize: routing/test_l3_performance.py::test_cli_validation_bgp_router_config ==================
2023-12-31 00:38:05,882 T0000: [D1-V1] config save /tmp/config-db-V1-pre-module-epilog-routing-test_l3_performance.py.json -y
2023-12-31 00:38:08,577 T0000: [D1-V1] chmod 777 /tmp/config-db-V1-pre-module-epilog-routing-test_l3_performance.py.json
2023-12-31 00:38:10,106 T0000: [D1-V1] /sbin/ip link set dev eth0 up
2023-12-31 00:38:10,815 T0000: [D1-V1] /sbin/ip route list dev eth0
2023-12-31 00:38:19,362 T0000: [D1-V1] sudo vtysh -c 'show running-config' > /tmp/vtysh-runcfg-V1-pre-module-epilog-routing-test_l3_performance.py.txt
2023-12-31 00:38:20,320 T0000: [D1-V1] chmod 777 /tmp/vtysh-runcfg-V1-pre-module-epilog-routing-test_l3_performance.py.txt
2023-12-31 00:38:21,858 T0000: [D1-V1] /sbin/ip link set dev eth0 up
2023-12-31 00:38:22,563 T0000: [D1-V1] /sbin/ip route list dev eth0
2023-12-31 00:38:31,171 T0000: [D1-V1] config interface ip remove Ethernet0 10.10.10.1/24
2023-12-31 00:38:32,535 T0000: [D1-V1] config interface ip remove Ethernet0 2000::1/64
2023-12-31 00:38:34,248 T0000: [D1-V1] config interface ip remove Ethernet4 20.20.20.1/24
2023-12-31 00:38:35,562 T0000: [D1-V1] config interface ip remove Ethernet4 3000::1/64
2023-12-31 00:38:37,279 T0000: [D1-V1]  router bgp 100
 no bgp ebgp-requires-policy
2023-12-31 00:38:39,874 T0000: [D1-V1] no neighbor 10.10.10.2 remote-as 200
2023-12-31 00:38:40,579 T0000: [D1-V1]  router bgp 100
 no bgp ebgp-requires-policy
2023-12-31 00:38:42,030 T0000: [D1-V1] no neighbor 2000::2 remote-as 200
2023-12-31 00:38:42,732 T0000: [D1-V1] no router bgp
2023-12-31 00:38:43,444 T0000: 
================== Module Hook Finalize: routing/test_l3_performance.py l3_performance_enhancements_module_hooks ==================
2023-12-31 00:38:43,452 T0000: [D1-V1] config save /tmp/config-db-V1-post-module-epilog-routing-test_l3_performance.py.json -y
2023-12-31 00:38:46,160 T0000: [D1-V1] chmod 777 /tmp/config-db-V1-post-module-epilog-routing-test_l3_performance.py.json
2023-12-31 00:38:47,687 T0000: [D1-V1] /sbin/ip link set dev eth0 up
2023-12-31 00:38:48,397 T0000: [D1-V1] /sbin/ip route list dev eth0
2023-12-31 00:38:56,952 T0000: [D1-V1] sudo vtysh -c 'show running-config' > /tmp/vtysh-runcfg-V1-post-module-epilog-routing-test_l3_performance.py.txt
2023-12-31 00:38:57,857 T0000: [D1-V1] chmod 777 /tmp/vtysh-runcfg-V1-post-module-epilog-routing-test_l3_performance.py.txt
2023-12-31 00:38:59,384 T0000: [D1-V1] /sbin/ip link set dev eth0 up
2023-12-31 00:39:00,094 T0000: [D1-V1] /sbin/ip route list dev eth0
2023-12-31 00:39:08,729 T0000: [D1-V1] sudo show interfaces status Ethernet124
2023-12-31 00:39:11,250 T0000: 
================== Framework Module Hook Finalize: routing/test_l3_performance.py Pass: 2/3 ==================
2023-12-31 00:39:11,250 T0000: 
================== Devices used: routing/test_l3_performance.py 1 ['V1'] ==================
2023-12-31 00:39:11,802 T0000: 
================== Framework Module Hook: batch/test_spytest_infra_1.py ==================
2023-12-31 00:39:11,815 T0053: [D1-V1] no router bgp
2023-12-31 00:39:13,570 T0053: [D1-V1] config feature state sflow enabled
2023-12-31 00:39:15,718 T0053: [D1-V1] config feature state nat enabled
2023-12-31 00:40:10,491 T0053: [D1-V1] /sbin/ip link set dev eth0 up
2023-12-31 00:40:11,160 T0053: [D1-V1] /sbin/ip route list dev eth0
2023-12-31 00:40:11,838 T0053: [D1-V1] sudo show interfaces status Ethernet124
2023-12-31 00:40:14,294 T0054: [D1-V1] sudo show interfaces status
2023-12-31 00:40:21,330 T0055: [D1-V1] sudo show interfaces status
2023-12-31 00:40:28,482 T0056: [D1-V1] sudo show interfaces status
2023-12-31 00:40:30,311 T0000: 
================== Framework Module Hook Finish: batch/test_spytest_infra_1.py ==================
2023-12-31 00:40:30,313 T0000: 
================== Framework Function Hook: batch/test_spytest_infra_1.py::test_spytest_infra_last ==================
2023-12-31 00:40:34,613 T0057: [D1-V1] sudo show interfaces status
2023-12-31 00:40:36,421 T0000: [D1-V1] sudo show interfaces status Ethernet124
2023-12-31 00:40:39,319 T0000: 
================== Framework Function Hook Finish: batch/test_spytest_infra_1.py::test_spytest_infra_last ==================
2023-12-31 00:40:39,321 T0000: 
================== Test Execution: batch/test_spytest_infra_1.py::test_spytest_infra_last ==================
2023-12-31 00:40:39,339 T0000: 
================== Framework Function Hook Finalize: batch/test_spytest_infra_1.py::test_spytest_infra_last ==================
2023-12-31 00:40:39,353 T0000: [D1-V1] sudo show interfaces status Ethernet124
2023-12-31 00:40:41,923 T0000: 
================== Framework Module Hook Finalize: batch/test_spytest_infra_1.py Pass: 1/1 ==================
2023-12-31 00:40:41,923 T0000: 
================== Devices used: batch/test_spytest_infra_1.py 1 ['V1'] ==================
2023-12-31 00:40:42,335 T0000: 
================== Framework Module Hook: system/test_device_mgmt.py ==================
2023-12-31 00:40:42,345 T0058: [D1-V1] no router bgp
2023-12-31 00:40:44,101 T0058: [D1-V1] config feature state sflow enabled
2023-12-31 00:40:46,300 T0058: [D1-V1] config feature state nat enabled
2023-12-31 00:42:54,379 T0058: [D1-V1] /sbin/ip link set dev eth0 up
2023-12-31 00:42:55,050 T0058: [D1-V1] /sbin/ip route list dev eth0
2023-12-31 00:42:55,731 T0058: [D1-V1] sudo show interfaces status Ethernet124
2023-12-31 00:42:58,188 T0059: [D1-V1] sudo show interfaces status
2023-12-31 00:43:04,978 T0060: [D1-V1] sudo show interfaces status
2023-12-31 00:43:12,202 T0061: [D1-V1] sudo show interfaces status
2023-12-31 00:43:14,054 T0000: [D1-V1] config save /tmp/config-db-V1-pre-module-prolog-system-test_device_mgmt.py.json -y
2023-12-31 00:43:15,818 T0000: [D1-V1] chmod 777 /tmp/config-db-V1-pre-module-prolog-system-test_device_mgmt.py.json
2023-12-31 00:43:17,359 T0000: [D1-V1] /sbin/ip link set dev eth0 up
2023-12-31 00:43:18,065 T0000: [D1-V1] /sbin/ip route list dev eth0
2023-12-31 00:43:26,678 T0000: [D1-V1] sudo vtysh -c 'show running-config' > /tmp/vtysh-runcfg-V1-pre-module-prolog-system-test_device_mgmt.py.txt
2023-12-31 00:43:27,634 T0000: [D1-V1] chmod 777 /tmp/vtysh-runcfg-V1-pre-module-prolog-system-test_device_mgmt.py.txt
2023-12-31 00:43:29,170 T0000: [D1-V1] /sbin/ip link set dev eth0 up
2023-12-31 00:43:29,882 T0000: [D1-V1] /sbin/ip route list dev eth0
2023-12-31 00:43:38,456 T0000: 
================== Framework Module Hook Finish: system/test_device_mgmt.py ==================
2023-12-31 00:43:38,457 T0000: 
================== Module Hook: system/test_device_mgmt.py mgmt_module_hooks ==================
2023-12-31 00:43:38,458 T0000: 
================== Module Hook Finish: system/test_device_mgmt.py mgmt_module_hooks ==================
2023-12-31 00:43:38,459 T0000: 
================== Framework Function Hook: system/test_device_mgmt.py::test_ft_ip_static_ip_on_mgmt_intrf ==================
2023-12-31 00:43:38,466 T0000: [D1-V1] config save /tmp/config-db-V1-post-module-prolog-system-test_device_mgmt.py.json -y
2023-12-31 00:43:40,176 T0000: [D1-V1] chmod 777 /tmp/config-db-V1-post-module-prolog-system-test_device_mgmt.py.json
2023-12-31 00:43:41,709 T0000: [D1-V1] /sbin/ip link set dev eth0 up
2023-12-31 00:43:42,420 T0000: [D1-V1] /sbin/ip route list dev eth0
2023-12-31 00:43:51,058 T0000: [D1-V1] sudo vtysh -c 'show running-config' > /tmp/vtysh-runcfg-V1-post-module-prolog-system-test_device_mgmt.py.txt
2023-12-31 00:43:51,965 T0000: [D1-V1] chmod 777 /tmp/vtysh-runcfg-V1-post-module-prolog-system-test_device_mgmt.py.txt
2023-12-31 00:43:53,491 T0000: [D1-V1] /sbin/ip link set dev eth0 up
2023-12-31 00:43:54,202 T0000: [D1-V1] /sbin/ip route list dev eth0
2023-12-31 00:44:07,049 T0078: [D1-V1] sudo show interfaces status
2023-12-31 00:44:08,850 T0000: [D1-V1] sudo show interfaces status Ethernet124
2023-12-31 00:44:11,809 T0000: 
================== Framework Function Hook Finish: system/test_device_mgmt.py::test_ft_ip_static_ip_on_mgmt_intrf ==================
2023-12-31 00:44:11,810 T0000: 
================== Function Hook: system/test_device_mgmt.py mgmt_func_hooks ==================
2023-12-31 00:44:11,813 T0000: 
================== Function Hook Finish: system/test_device_mgmt.py mgmt_func_hooks ==================
2023-12-31 00:44:11,815 T0000: 
================== Test Execution: system/test_device_mgmt.py::test_ft_ip_static_ip_on_mgmt_intrf ==================
2023-12-31 00:44:11,815 T0000: [D1-V1] dhclient  eth0
2023-12-31 00:44:17,647 T0000: [D1-V1] /sbin/ifconfig eth0
2023-12-31 00:44:18,385 T0000: [D1-V1] /sbin/ifconfig eth0
2023-12-31 00:44:19,105 T0000: [D1-V1] sudo route -n
2023-12-31 00:44:19,825 T0000: [D1-V1] ifconfig eth0 192.168.122.174 netmask 255.255.255.0
2023-12-31 00:44:20,530 T0000: [D1-V1] ip route add default via 192.168.122.1
2023-12-31 00:44:21,240 T0000: [D1-V1] ping -4 192.168.122.1 -c 3 
2023-12-31 00:44:24,159 T0000: [D1-V1] ip addr del 192.168.122.174/255.255.255.0 dev eth0
2023-12-31 00:44:24,869 T0000: [D1-V1] /sbin/ifconfig eth0
2023-12-31 00:44:25,588 T0000: [D1-V1] dhclient  eth0
2023-12-31 00:44:26,389 T0000: [D1-V1] ping -4 192.168.122.1 -c 3 
2023-12-31 00:44:29,116 T0000: 
================== Function Hook Finalize: system/test_device_mgmt.py mgmt_func_hooks ==================
2023-12-31 00:44:29,135 T0000: 
================== Framework Function Hook Finalize: system/test_device_mgmt.py::test_ft_ip_static_ip_on_mgmt_intrf ==================
2023-12-31 00:44:29,143 T0000: [D1-V1] config save /tmp/config-db-V1-pre-module-epilog-system-test_device_mgmt.py.json -y
2023-12-31 00:44:30,909 T0000: [D1-V1] chmod 777 /tmp/config-db-V1-pre-module-epilog-system-test_device_mgmt.py.json
2023-12-31 00:44:32,442 T0000: [D1-V1] /sbin/ip link set dev eth0 up
2023-12-31 00:44:33,149 T0000: [D1-V1] /sbin/ip route list dev eth0
2023-12-31 00:44:41,699 T0000: [D1-V1] sudo vtysh -c 'show running-config' > /tmp/vtysh-runcfg-V1-pre-module-epilog-system-test_device_mgmt.py.txt
2023-12-31 00:44:42,656 T0000: [D1-V1] chmod 777 /tmp/vtysh-runcfg-V1-pre-module-epilog-system-test_device_mgmt.py.txt
2023-12-31 00:44:44,189 T0000: [D1-V1] /sbin/ip link set dev eth0 up
2023-12-31 00:44:44,902 T0000: [D1-V1] /sbin/ip route list dev eth0
2023-12-31 00:44:53,478 T0000: 
================== Module Hook Finalize: system/test_device_mgmt.py mgmt_module_hooks ==================
2023-12-31 00:44:53,486 T0000: [D1-V1] config save /tmp/config-db-V1-post-module-epilog-system-test_device_mgmt.py.json -y
2023-12-31 00:44:55,197 T0000: [D1-V1] chmod 777 /tmp/config-db-V1-post-module-epilog-system-test_device_mgmt.py.json
2023-12-31 00:44:56,724 T0000: [D1-V1] /sbin/ip link set dev eth0 up
2023-12-31 00:44:57,434 T0000: [D1-V1] /sbin/ip route list dev eth0
2023-12-31 00:45:05,985 T0000: [D1-V1] sudo vtysh -c 'show running-config' > /tmp/vtysh-runcfg-V1-post-module-epilog-system-test_device_mgmt.py.txt
2023-12-31 00:45:06,936 T0000: [D1-V1] chmod 777 /tmp/vtysh-runcfg-V1-post-module-epilog-system-test_device_mgmt.py.txt
2023-12-31 00:45:08,464 T0000: [D1-V1] /sbin/ip link set dev eth0 up
2023-12-31 00:45:09,172 T0000: [D1-V1] /sbin/ip route list dev eth0
2023-12-31 00:45:17,806 T0000: [D1-V1] sudo show interfaces status Ethernet124
2023-12-31 00:45:20,389 T0000: 
================== Framework Module Hook Finalize: system/test_device_mgmt.py Pass: 1/1 ==================
2023-12-31 00:45:20,390 T0000: 
================== Devices used: system/test_device_mgmt.py 1 ['V1'] ==================
2023-12-31 00:45:20,892 T0000: 
================== Framework Module Hook: batch/test_spytest_infra_1.py ==================
2023-12-31 00:45:20,908 T0095: [D1-V1] no router bgp
2023-12-31 00:45:22,661 T0095: [D1-V1] config feature state sflow enabled
2023-12-31 00:45:24,861 T0095: [D1-V1] config feature state nat enabled
2023-12-31 00:46:19,677 T0095: [D1-V1] /sbin/ip link set dev eth0 up
2023-12-31 00:46:20,342 T0095: [D1-V1] /sbin/ip route list dev eth0
2023-12-31 00:46:21,023 T0095: [D1-V1] sudo show interfaces status Ethernet124
2023-12-31 00:46:23,481 T0096: [D1-V1] sudo show interfaces status
2023-12-31 00:46:30,293 T0097: [D1-V1] sudo show interfaces status
2023-12-31 00:46:37,263 T0098: [D1-V1] sudo show interfaces status
2023-12-31 00:46:39,044 T0000: 
================== Framework Module Hook Finish: batch/test_spytest_infra_1.py ==================
2023-12-31 00:46:39,046 T0000: 
================== Framework Function Hook: batch/test_spytest_infra_1.py::test_spytest_infra_last ==================
2023-12-31 00:46:43,344 T0099: [D1-V1] sudo show interfaces status
2023-12-31 00:46:45,099 T0000: [D1-V1] sudo show interfaces status Ethernet124
2023-12-31 00:46:47,945 T0000: 
================== Framework Function Hook Finish: batch/test_spytest_infra_1.py::test_spytest_infra_last ==================
2023-12-31 00:46:47,948 T0000: 
================== Test Execution: batch/test_spytest_infra_1.py::test_spytest_infra_last ==================
2023-12-31 00:46:47,968 T0000: 
================== Framework Function Hook Finalize: batch/test_spytest_infra_1.py::test_spytest_infra_last ==================
2023-12-31 00:46:47,985 T0000: [D1-V1] sudo show interfaces status Ethernet124
2023-12-31 00:46:50,508 T0000: 
================== Framework Module Hook Finalize: batch/test_spytest_infra_1.py Pass: 1/1 ==================
2023-12-31 00:46:50,509 T0000: 
================== Devices used: batch/test_spytest_infra_1.py 1 ['V1'] ==================
2023-12-31 00:46:50,603 T0000: [D1-V1] ['stty cols 80']
