2023-12-25 01:27:12,827 T0000: WARN  #### gw4
2023-12-25 01:27:12,827 T0000: WARN  support post-session-prolog session pass ''
2023-12-25 01:28:02,908 T0000: INFO  #### gw4
2023-12-25 01:28:02,908 T0000: INFO  support pre-module-prolog system/test_snmp.py  ''
2023-12-25 01:29:44,043 T0000: INFO  #### gw4  system/test_snmp.py
2023-12-25 01:29:44,043 T0000: INFO  support post-module-prolog system/test_snmp.py Pass ''
2023-12-25 01:30:17,214 T0000: INFO  #### gw4  system/test_snmp.py
2023-12-25 01:30:17,214 T0000: INFO  support pre-function-prolog test_ft_snmp_sysName  ''
2023-12-25 01:30:17,233 T0000: INFO  #### gw4  system/test_snmp.py::test_ft_snmp_sysName
2023-12-25 01:30:17,233 T0000: INFO  support post-function-prolog test_ft_snmp_sysName Pass ''
2023-12-25 01:30:17,965 T0000: WARN  #### gw4  system/test_snmp.py::test_ft_snmp_sysName
2023-12-25 01:30:17,965 T0000: WARN  support pre-function-epilog test_ft_snmp_sysName Fail 'sysname output is not in sync between system and snmp'
2023-12-25 01:30:18,430 T0000: WARN  #### gw4  system/test_snmp.py::test_ft_snmp_sysName
2023-12-25 01:30:18,430 T0000: WARN  support post-function-epilog test_ft_snmp_sysName ignore 'sysname output is not in sync between system and snmp'
2023-12-25 01:30:23,227 T0000: INFO  #### gw4  system/test_snmp.py
2023-12-25 01:30:23,227 T0000: INFO  support pre-function-prolog test_ft_snmp_test_syUpTime  ''
2023-12-25 01:30:23,240 T0000: INFO  #### gw4  system/test_snmp.py::test_ft_snmp_test_syUpTime
2023-12-25 01:30:23,240 T0000: INFO  support post-function-prolog test_ft_snmp_test_syUpTime Pass ''
2023-12-25 01:30:24,560 T0000: INFO  #### gw4  system/test_snmp.py::test_ft_snmp_test_syUpTime
2023-12-25 01:30:24,561 T0000: INFO  support pre-function-epilog test_ft_snmp_test_syUpTime Pass 'Test case passed'
2023-12-25 01:30:24,566 T0000: INFO  #### gw4  system/test_snmp.py::test_ft_snmp_test_syUpTime
2023-12-25 01:30:24,566 T0000: INFO  support post-function-epilog test_ft_snmp_test_syUpTime Pass 'Test case passed'
2023-12-25 01:30:29,345 T0000: INFO  #### gw4  system/test_snmp.py
2023-12-25 01:30:29,345 T0000: INFO  support pre-function-prolog test_ft_snmp_sysDescr  ''
2023-12-25 01:30:29,358 T0000: INFO  #### gw4  system/test_snmp.py::test_ft_snmp_sysDescr
2023-12-25 01:30:29,358 T0000: INFO  support post-function-prolog test_ft_snmp_sysDescr Pass ''
2023-12-25 01:30:32,057 T0000: INFO  #### gw4  system/test_snmp.py::test_ft_snmp_sysDescr
2023-12-25 01:30:32,057 T0000: INFO  support pre-function-epilog test_ft_snmp_sysDescr Pass 'Test case passed'
2023-12-25 01:30:32,068 T0000: INFO  #### gw4  system/test_snmp.py::test_ft_snmp_sysDescr
2023-12-25 01:30:32,069 T0000: INFO  support post-function-epilog test_ft_snmp_sysDescr Pass 'Test case passed'
2023-12-25 01:30:36,810 T0000: INFO  #### gw4  system/test_snmp.py
2023-12-25 01:30:36,810 T0000: INFO  support pre-function-prolog test_ft_snmp_mib_2  ''
2023-12-25 01:30:36,821 T0000: INFO  #### gw4  system/test_snmp.py::test_ft_snmp_mib_2
2023-12-25 01:30:36,821 T0000: INFO  support post-function-prolog test_ft_snmp_mib_2 Pass ''
2023-12-25 01:30:38,944 T0000: INFO  #### gw4  system/test_snmp.py::test_ft_snmp_mib_2
2023-12-25 01:30:38,944 T0000: INFO  support pre-function-epilog test_ft_snmp_mib_2 Pass 'Test case passed'
2023-12-25 01:30:38,956 T0000: INFO  #### gw4  system/test_snmp.py::test_ft_snmp_mib_2
2023-12-25 01:30:38,956 T0000: INFO  support post-function-epilog test_ft_snmp_mib_2 Pass 'Test case passed'
2023-12-25 01:30:43,840 T0000: INFO  #### gw4  system/test_snmp.py
2023-12-25 01:30:43,840 T0000: INFO  support pre-function-prolog test_ft_snmp_if_mib_all  ''
2023-12-25 01:30:43,855 T0000: INFO  #### gw4  system/test_snmp.py::test_ft_snmp_if_mib_all
2023-12-25 01:30:43,855 T0000: INFO  support post-function-prolog test_ft_snmp_if_mib_all Pass ''
2023-12-25 01:30:44,010 T0000: INFO  #### gw4  system/test_snmp.py::test_ft_snmp_if_mib_all
2023-12-25 01:30:44,010 T0000: INFO  support pre-function-epilog test_ft_snmp_if_mib_all Pass 'Test case passed'
2023-12-25 01:30:44,017 T0000: INFO  #### gw4  system/test_snmp.py::test_ft_snmp_if_mib_all
2023-12-25 01:30:44,017 T0000: INFO  support post-function-epilog test_ft_snmp_if_mib_all Pass 'Test case passed'
2023-12-25 01:30:48,853 T0000: INFO  #### gw4  system/test_snmp.py
2023-12-25 01:30:48,853 T0000: INFO  support pre-function-prolog test_ft_snmp_entity_mib_all  ''
2023-12-25 01:30:48,863 T0000: INFO  #### gw4  system/test_snmp.py::test_ft_snmp_entity_mib_all
2023-12-25 01:30:48,863 T0000: INFO  support post-function-prolog test_ft_snmp_entity_mib_all Pass ''
2023-12-25 01:30:48,914 T0000: INFO  #### gw4  system/test_snmp.py::test_ft_snmp_entity_mib_all
2023-12-25 01:30:48,914 T0000: INFO  support pre-function-epilog test_ft_snmp_entity_mib_all Pass 'Test case passed'
2023-12-25 01:30:48,922 T0000: INFO  #### gw4  system/test_snmp.py::test_ft_snmp_entity_mib_all
2023-12-25 01:30:48,922 T0000: INFO  support post-function-epilog test_ft_snmp_entity_mib_all Pass 'Test case passed'
2023-12-25 01:30:53,813 T0000: INFO  #### gw4  system/test_snmp.py
2023-12-25 01:30:53,813 T0000: INFO  support pre-function-prolog test_ft_snmp_dot1q_dot1db_mib  ''
2023-12-25 01:30:53,825 T0000: INFO  #### gw4  system/test_snmp.py::test_ft_snmp_dot1q_dot1db_mib
2023-12-25 01:30:53,825 T0000: INFO  support post-function-prolog test_ft_snmp_dot1q_dot1db_mib Pass ''
2023-12-25 01:30:53,910 T0000: INFO  #### gw4  system/test_snmp.py::test_ft_snmp_dot1q_dot1db_mib
2023-12-25 01:30:53,911 T0000: INFO  support pre-function-epilog test_ft_snmp_dot1q_dot1db_mib Pass 'Test case passed'
2023-12-25 01:30:53,920 T0000: INFO  #### gw4  system/test_snmp.py::test_ft_snmp_dot1q_dot1db_mib
2023-12-25 01:30:53,920 T0000: INFO  support post-function-epilog test_ft_snmp_dot1q_dot1db_mib Pass 'Test case passed'
2023-12-25 01:30:58,752 T0000: INFO  #### gw4  system/test_snmp.py
2023-12-25 01:30:58,752 T0000: INFO  support pre-function-prolog test_ft_snmp_root_node_walk  ''
2023-12-25 01:30:58,763 T0000: INFO  #### gw4  system/test_snmp.py::test_ft_snmp_root_node_walk
2023-12-25 01:30:58,763 T0000: INFO  support post-function-prolog test_ft_snmp_root_node_walk Pass ''
2023-12-25 01:31:02,212 T0000: INFO  #### gw4  system/test_snmp.py::test_ft_snmp_root_node_walk
2023-12-25 01:31:02,212 T0000: INFO  support pre-function-epilog test_ft_snmp_root_node_walk Pass 'Test case passed'
2023-12-25 01:31:02,218 T0000: INFO  #### gw4  system/test_snmp.py::test_ft_snmp_root_node_walk
2023-12-25 01:31:02,218 T0000: INFO  support post-function-epilog test_ft_snmp_root_node_walk Pass 'Test case passed'
2023-12-25 01:31:06,988 T0000: INFO  #### gw4  system/test_snmp.py
2023-12-25 01:31:06,989 T0000: INFO  support pre-function-prolog test_ft_snmp_ipAddressRowStatus_ipv6  ''
2023-12-25 01:31:06,999 T0000: INFO  #### gw4  system/test_snmp.py::test_ft_snmp_ipAddressRowStatus_ipv6
2023-12-25 01:31:06,999 T0000: INFO  support post-function-prolog test_ft_snmp_ipAddressRowStatus_ipv6 Pass ''
2023-12-25 01:31:13,619 T0000: INFO  #### gw4  system/test_snmp.py::test_ft_snmp_ipAddressRowStatus_ipv6
2023-12-25 01:31:13,619 T0000: INFO  support pre-function-epilog test_ft_snmp_ipAddressRowStatus_ipv6 Pass 'Test case passed'
2023-12-25 01:31:13,624 T0000: INFO  #### gw4  system/test_snmp.py::test_ft_snmp_ipAddressRowStatus_ipv6
2023-12-25 01:31:13,624 T0000: INFO  support post-function-epilog test_ft_snmp_ipAddressRowStatus_ipv6 Pass 'Test case passed'
2023-12-25 01:31:18,512 T0000: INFO  #### gw4  system/test_snmp.py
2023-12-25 01:31:18,512 T0000: INFO  support pre-function-prolog test_ft_snmp_ipAddressStorageType_ipv6  ''
2023-12-25 01:31:18,527 T0000: INFO  #### gw4  system/test_snmp.py::test_ft_snmp_ipAddressStorageType_ipv6
2023-12-25 01:31:18,527 T0000: INFO  support post-function-prolog test_ft_snmp_ipAddressStorageType_ipv6 Pass ''
2023-12-25 01:31:18,556 T0000: INFO  #### gw4  system/test_snmp.py::test_ft_snmp_ipAddressStorageType_ipv6
2023-12-25 01:31:18,556 T0000: INFO  support pre-function-epilog test_ft_snmp_ipAddressStorageType_ipv6 Pass 'Test case passed'
2023-12-25 01:31:18,564 T0000: INFO  #### gw4  system/test_snmp.py::test_ft_snmp_ipAddressStorageType_ipv6
2023-12-25 01:31:18,564 T0000: INFO  support post-function-epilog test_ft_snmp_ipAddressStorageType_ipv6 Pass 'Test case passed'
2023-12-25 01:31:23,535 T0000: INFO  #### gw4  system/test_snmp.py
2023-12-25 01:31:23,535 T0000: INFO  support pre-function-prolog test_ft_snmp_ipv6_If_Forward_default_HopLimit  ''
2023-12-25 01:31:23,546 T0000: INFO  #### gw4  system/test_snmp.py::test_ft_snmp_ipv6_If_Forward_default_HopLimit
2023-12-25 01:31:23,546 T0000: INFO  support post-function-prolog test_ft_snmp_ipv6_If_Forward_default_HopLimit Pass ''
2023-12-25 01:31:23,587 T0000: INFO  #### gw4  system/test_snmp.py::test_ft_snmp_ipv6_If_Forward_default_HopLimit
2023-12-25 01:31:23,587 T0000: INFO  support pre-function-epilog test_ft_snmp_ipv6_If_Forward_default_HopLimit Pass 'Test case passed'
2023-12-25 01:31:23,598 T0000: INFO  #### gw4  system/test_snmp.py::test_ft_snmp_ipv6_If_Forward_default_HopLimit
2023-12-25 01:31:23,598 T0000: INFO  support post-function-epilog test_ft_snmp_ipv6_If_Forward_default_HopLimit Pass 'Test case passed'
2023-12-25 01:31:28,549 T0000: INFO  #### gw4  system/test_snmp.py
2023-12-25 01:31:28,549 T0000: INFO  support pre-function-prolog test_ft_snmp_ipv6scope_index_table  ''
2023-12-25 01:31:28,561 T0000: INFO  #### gw4  system/test_snmp.py::test_ft_snmp_ipv6scope_index_table
2023-12-25 01:31:28,561 T0000: INFO  support post-function-prolog test_ft_snmp_ipv6scope_index_table Pass ''
2023-12-25 01:31:28,616 T0000: INFO  #### gw4  system/test_snmp.py::test_ft_snmp_ipv6scope_index_table
2023-12-25 01:31:28,616 T0000: INFO  support pre-function-epilog test_ft_snmp_ipv6scope_index_table Pass 'Test case passed'
2023-12-25 01:31:28,621 T0000: INFO  #### gw4  system/test_snmp.py::test_ft_snmp_ipv6scope_index_table
2023-12-25 01:31:28,621 T0000: INFO  support post-function-epilog test_ft_snmp_ipv6scope_index_table Pass 'Test case passed'
2023-12-25 01:31:33,484 T0000: INFO  #### gw4  system/test_snmp.py
2023-12-25 01:31:33,484 T0000: INFO  support pre-function-prolog test_ft_snmp_ip_forward_table  ''
2023-12-25 01:31:33,497 T0000: INFO  #### gw4  system/test_snmp.py::test_ft_snmp_ip_forward_table
2023-12-25 01:31:33,497 T0000: INFO  support post-function-prolog test_ft_snmp_ip_forward_table Pass ''
2023-12-25 01:31:36,134 T0000: INFO  #### gw4  system/test_snmp.py::test_ft_snmp_ip_forward_table
2023-12-25 01:31:36,134 T0000: INFO  support pre-function-epilog test_ft_snmp_ip_forward_table Pass 'Test case passed'
2023-12-25 01:31:36,138 T0000: INFO  #### gw4  system/test_snmp.py::test_ft_snmp_ip_forward_table
2023-12-25 01:31:36,138 T0000: INFO  support post-function-epilog test_ft_snmp_ip_forward_table Pass 'Test case passed'
2023-12-25 01:31:41,911 T0000: INFO  #### gw4  system/test_snmp.py
2023-12-25 01:31:41,912 T0000: INFO  support pre-function-prolog test_ft_snmp_ifx_table  ''
2023-12-25 01:31:41,927 T0000: INFO  #### gw4  system/test_snmp.py::test_ft_snmp_ifx_table
2023-12-25 01:31:41,927 T0000: INFO  support post-function-prolog test_ft_snmp_ifx_table Pass ''
2023-12-25 01:31:42,110 T0000: INFO  #### gw4  system/test_snmp.py::test_ft_snmp_ifx_table
2023-12-25 01:31:42,110 T0000: INFO  support pre-function-epilog test_ft_snmp_ifx_table Pass 'Test case passed'
2023-12-25 01:31:42,117 T0000: INFO  #### gw4  system/test_snmp.py::test_ft_snmp_ifx_table
2023-12-25 01:31:42,117 T0000: INFO  support post-function-epilog test_ft_snmp_ifx_table Pass 'Test case passed'
2023-12-25 01:31:47,112 T0000: INFO  #### gw4  system/test_snmp.py
2023-12-25 01:31:47,112 T0000: INFO  support pre-function-prolog test_ft_snmp_ip_System_Stats_Table  ''
2023-12-25 01:31:47,125 T0000: INFO  #### gw4  system/test_snmp.py::test_ft_snmp_ip_System_Stats_Table
2023-12-25 01:31:47,125 T0000: INFO  support post-function-prolog test_ft_snmp_ip_System_Stats_Table Pass ''
2023-12-25 01:31:47,178 T0000: INFO  #### gw4  system/test_snmp.py::test_ft_snmp_ip_System_Stats_Table
2023-12-25 01:31:47,178 T0000: INFO  support pre-function-epilog test_ft_snmp_ip_System_Stats_Table Pass 'Test case passed'
2023-12-25 01:31:47,185 T0000: INFO  #### gw4  system/test_snmp.py::test_ft_snmp_ip_System_Stats_Table
2023-12-25 01:31:47,185 T0000: INFO  support post-function-epilog test_ft_snmp_ip_System_Stats_Table Pass 'Test case passed'
2023-12-25 01:31:52,133 T0000: INFO  #### gw4  system/test_snmp.py
2023-12-25 01:31:52,133 T0000: INFO  support pre-function-prolog test_ft_snmp_ip_IfStats_Table  ''
2023-12-25 01:31:52,146 T0000: INFO  #### gw4  system/test_snmp.py::test_ft_snmp_ip_IfStats_Table
2023-12-25 01:31:52,147 T0000: INFO  support post-function-prolog test_ft_snmp_ip_IfStats_Table Pass ''
2023-12-25 01:31:52,498 T0000: INFO  #### gw4  system/test_snmp.py::test_ft_snmp_ip_IfStats_Table
2023-12-25 01:31:52,498 T0000: INFO  support pre-function-epilog test_ft_snmp_ip_IfStats_Table Pass 'Test case passed'
2023-12-25 01:31:52,504 T0000: INFO  #### gw4  system/test_snmp.py::test_ft_snmp_ip_IfStats_Table
2023-12-25 01:31:52,504 T0000: INFO  support post-function-epilog test_ft_snmp_ip_IfStats_Table Pass 'Test case passed'
2023-12-25 01:31:57,497 T0000: INFO  #### gw4  system/test_snmp.py
2023-12-25 01:31:57,497 T0000: INFO  support pre-function-prolog test_ft_snmp_ip_Address_Table  ''
2023-12-25 01:31:57,507 T0000: INFO  #### gw4  system/test_snmp.py::test_ft_snmp_ip_Address_Table
2023-12-25 01:31:57,507 T0000: INFO  support post-function-prolog test_ft_snmp_ip_Address_Table Pass ''
2023-12-25 01:31:57,558 T0000: INFO  #### gw4  system/test_snmp.py::test_ft_snmp_ip_Address_Table
2023-12-25 01:31:57,558 T0000: INFO  support pre-function-epilog test_ft_snmp_ip_Address_Table Pass 'Test case passed'
2023-12-25 01:31:57,563 T0000: INFO  #### gw4  system/test_snmp.py::test_ft_snmp_ip_Address_Table
2023-12-25 01:31:57,563 T0000: INFO  support post-function-epilog test_ft_snmp_ip_Address_Table Pass 'Test case passed'
2023-12-25 01:32:02,410 T0000: INFO  #### gw4  system/test_snmp.py
2023-12-25 01:32:02,411 T0000: INFO  support pre-function-prolog test_ft_snmp_ip_NetToPhysical_Table  ''
2023-12-25 01:32:02,425 T0000: INFO  #### gw4  system/test_snmp.py::test_ft_snmp_ip_NetToPhysical_Table
2023-12-25 01:32:02,425 T0000: INFO  support post-function-prolog test_ft_snmp_ip_NetToPhysical_Table Pass ''
2023-12-25 01:32:02,464 T0000: INFO  #### gw4  system/test_snmp.py::test_ft_snmp_ip_NetToPhysical_Table
2023-12-25 01:32:02,464 T0000: INFO  support pre-function-epilog test_ft_snmp_ip_NetToPhysical_Table Pass 'Test case passed'
2023-12-25 01:32:02,472 T0000: INFO  #### gw4  system/test_snmp.py::test_ft_snmp_ip_NetToPhysical_Table
2023-12-25 01:32:02,472 T0000: INFO  support post-function-epilog test_ft_snmp_ip_NetToPhysical_Table Pass 'Test case passed'
2023-12-25 01:32:07,404 T0000: INFO  #### gw4  system/test_snmp.py
2023-12-25 01:32:07,404 T0000: INFO  support pre-function-prolog test_ft_snmp_icmp_Msgs  ''
2023-12-25 01:32:07,417 T0000: INFO  #### gw4  system/test_snmp.py::test_ft_snmp_icmp_Msgs
2023-12-25 01:32:07,417 T0000: INFO  support post-function-prolog test_ft_snmp_icmp_Msgs Pass ''
2023-12-25 01:32:07,472 T0000: INFO  #### gw4  system/test_snmp.py::test_ft_snmp_icmp_Msgs
2023-12-25 01:32:07,472 T0000: INFO  support pre-function-epilog test_ft_snmp_icmp_Msgs Pass 'Test case passed'
2023-12-25 01:32:07,477 T0000: INFO  #### gw4  system/test_snmp.py::test_ft_snmp_icmp_Msgs
2023-12-25 01:32:07,477 T0000: INFO  support post-function-epilog test_ft_snmp_icmp_Msgs Pass 'Test case passed'
2023-12-25 01:32:12,307 T0000: INFO  #### gw4  system/test_snmp.py
2023-12-25 01:32:12,307 T0000: INFO  support pre-function-prolog test_ft_snmp_tcp_mib  ''
2023-12-25 01:32:12,320 T0000: INFO  #### gw4  system/test_snmp.py::test_ft_snmp_tcp_mib
2023-12-25 01:32:12,320 T0000: INFO  support post-function-prolog test_ft_snmp_tcp_mib Pass ''
2023-12-25 01:32:14,565 T0000: INFO  #### gw4  system/test_snmp.py::test_ft_snmp_tcp_mib
2023-12-25 01:32:14,565 T0000: INFO  support pre-function-epilog test_ft_snmp_tcp_mib Pass 'Test case passed'
2023-12-25 01:32:14,578 T0000: INFO  #### gw4  system/test_snmp.py::test_ft_snmp_tcp_mib
2023-12-25 01:32:14,578 T0000: INFO  support post-function-epilog test_ft_snmp_tcp_mib Pass 'Test case passed'
2023-12-25 01:32:19,558 T0000: INFO  #### gw4  system/test_snmp.py
2023-12-25 01:32:19,558 T0000: INFO  support pre-function-prolog test_ft_snmp_udp_mib  ''
2023-12-25 01:32:19,575 T0000: INFO  #### gw4  system/test_snmp.py::test_ft_snmp_udp_mib
2023-12-25 01:32:19,575 T0000: INFO  support post-function-prolog test_ft_snmp_udp_mib Pass ''
2023-12-25 01:32:19,642 T0000: INFO  #### gw4  system/test_snmp.py::test_ft_snmp_udp_mib
2023-12-25 01:32:19,642 T0000: INFO  support pre-function-epilog test_ft_snmp_udp_mib Pass 'Test case passed'
2023-12-25 01:32:19,650 T0000: INFO  #### gw4  system/test_snmp.py::test_ft_snmp_udp_mib
2023-12-25 01:32:19,650 T0000: INFO  support post-function-epilog test_ft_snmp_udp_mib Pass 'Test case passed'
2023-12-25 01:32:24,385 T0000: INFO  #### gw4  system/test_snmp.py
2023-12-25 01:32:24,385 T0000: INFO  support pre-function-prolog test_ft_snmp_snmpv2_mib  ''
2023-12-25 01:32:24,397 T0000: INFO  #### gw4  system/test_snmp.py::test_ft_snmp_snmpv2_mib
2023-12-25 01:32:24,397 T0000: INFO  support post-function-prolog test_ft_snmp_snmpv2_mib Pass ''
2023-12-25 01:32:24,433 T0000: INFO  #### gw4  system/test_snmp.py::test_ft_snmp_snmpv2_mib
2023-12-25 01:32:24,433 T0000: INFO  support pre-function-epilog test_ft_snmp_snmpv2_mib Pass 'Test case passed'
2023-12-25 01:32:24,440 T0000: INFO  #### gw4  system/test_snmp.py::test_ft_snmp_snmpv2_mib
2023-12-25 01:32:24,441 T0000: INFO  support post-function-epilog test_ft_snmp_snmpv2_mib Pass 'Test case passed'
2023-12-25 01:32:29,281 T0000: INFO  #### gw4  system/test_snmp.py
2023-12-25 01:32:29,281 T0000: INFO  support pre-function-prolog test_ft_snmp_host_resource_mib  ''
2023-12-25 01:32:29,293 T0000: INFO  #### gw4  system/test_snmp.py::test_ft_snmp_host_resource_mib
2023-12-25 01:32:29,293 T0000: INFO  support post-function-prolog test_ft_snmp_host_resource_mib Pass ''
2023-12-25 01:32:29,519 T0000: INFO  #### gw4  system/test_snmp.py::test_ft_snmp_host_resource_mib
2023-12-25 01:32:29,519 T0000: INFO  support pre-function-epilog test_ft_snmp_host_resource_mib Pass 'Test case passed'
2023-12-25 01:32:29,524 T0000: INFO  #### gw4  system/test_snmp.py::test_ft_snmp_host_resource_mib
2023-12-25 01:32:29,524 T0000: INFO  support post-function-epilog test_ft_snmp_host_resource_mib Pass 'Test case passed'
2023-12-25 01:32:34,369 T0000: INFO  #### gw4  system/test_snmp.py
2023-12-25 01:32:34,369 T0000: INFO  support pre-function-prolog test_ft_snmp_framework_mib  ''
2023-12-25 01:32:34,378 T0000: INFO  #### gw4  system/test_snmp.py::test_ft_snmp_framework_mib
2023-12-25 01:32:34,378 T0000: INFO  support post-function-prolog test_ft_snmp_framework_mib Pass ''
2023-12-25 01:32:34,401 T0000: INFO  #### gw4  system/test_snmp.py::test_ft_snmp_framework_mib
2023-12-25 01:32:34,401 T0000: INFO  support pre-function-epilog test_ft_snmp_framework_mib Pass 'Test case passed'
2023-12-25 01:32:34,411 T0000: INFO  #### gw4  system/test_snmp.py::test_ft_snmp_framework_mib
2023-12-25 01:32:34,411 T0000: INFO  support post-function-epilog test_ft_snmp_framework_mib Pass 'Test case passed'
2023-12-25 01:32:39,247 T0000: INFO  #### gw4  system/test_snmp.py
2023-12-25 01:32:39,247 T0000: INFO  support pre-function-prolog test_ft_snmp_mpd_mib  ''
2023-12-25 01:32:39,259 T0000: INFO  #### gw4  system/test_snmp.py::test_ft_snmp_mpd_mib
2023-12-25 01:32:39,259 T0000: INFO  support post-function-prolog test_ft_snmp_mpd_mib Pass ''
2023-12-25 01:32:39,279 T0000: INFO  #### gw4  system/test_snmp.py::test_ft_snmp_mpd_mib
2023-12-25 01:32:39,280 T0000: INFO  support pre-function-epilog test_ft_snmp_mpd_mib Pass 'Test case passed'
2023-12-25 01:32:39,286 T0000: INFO  #### gw4  system/test_snmp.py::test_ft_snmp_mpd_mib
2023-12-25 01:32:39,286 T0000: INFO  support post-function-epilog test_ft_snmp_mpd_mib Pass 'Test case passed'
2023-12-25 01:32:44,186 T0000: INFO  #### gw4  system/test_snmp.py
2023-12-25 01:32:44,186 T0000: INFO  support pre-function-prolog test_ft_snmp_target_mib  ''
2023-12-25 01:32:44,195 T0000: INFO  #### gw4  system/test_snmp.py::test_ft_snmp_target_mib
2023-12-25 01:32:44,195 T0000: INFO  support post-function-prolog test_ft_snmp_target_mib Pass ''
2023-12-25 01:32:44,223 T0000: INFO  #### gw4  system/test_snmp.py::test_ft_snmp_target_mib
2023-12-25 01:32:44,223 T0000: INFO  support pre-function-epilog test_ft_snmp_target_mib Pass 'Test case passed'
2023-12-25 01:32:44,229 T0000: INFO  #### gw4  system/test_snmp.py::test_ft_snmp_target_mib
2023-12-25 01:32:44,229 T0000: INFO  support post-function-epilog test_ft_snmp_target_mib Pass 'Test case passed'
2023-12-25 01:32:49,041 T0000: INFO  #### gw4  system/test_snmp.py
2023-12-25 01:32:49,041 T0000: INFO  support pre-function-prolog test_ft_snmp_notification_mib  ''
2023-12-25 01:32:49,052 T0000: INFO  #### gw4  system/test_snmp.py::test_ft_snmp_notification_mib
2023-12-25 01:32:49,053 T0000: INFO  support post-function-prolog test_ft_snmp_notification_mib Pass ''
2023-12-25 01:32:49,082 T0000: INFO  #### gw4  system/test_snmp.py::test_ft_snmp_notification_mib
2023-12-25 01:32:49,082 T0000: INFO  support pre-function-epilog test_ft_snmp_notification_mib Pass 'Test case passed'
2023-12-25 01:32:49,088 T0000: INFO  #### gw4  system/test_snmp.py::test_ft_snmp_notification_mib
2023-12-25 01:32:49,088 T0000: INFO  support post-function-epilog test_ft_snmp_notification_mib Pass 'Test case passed'
2023-12-25 01:32:53,822 T0000: INFO  #### gw4  system/test_snmp.py
2023-12-25 01:32:53,822 T0000: INFO  support pre-function-prolog test_ft_snmp_user_based_sm_mib  ''
2023-12-25 01:32:53,839 T0000: INFO  #### gw4  system/test_snmp.py::test_ft_snmp_user_based_sm_mib
2023-12-25 01:32:53,839 T0000: INFO  support post-function-prolog test_ft_snmp_user_based_sm_mib Pass ''
2023-12-25 01:32:53,866 T0000: INFO  #### gw4  system/test_snmp.py::test_ft_snmp_user_based_sm_mib
2023-12-25 01:32:53,866 T0000: INFO  support pre-function-epilog test_ft_snmp_user_based_sm_mib Pass 'Test case passed'
2023-12-25 01:32:53,872 T0000: INFO  #### gw4  system/test_snmp.py::test_ft_snmp_user_based_sm_mib
2023-12-25 01:32:53,872 T0000: INFO  support post-function-epilog test_ft_snmp_user_based_sm_mib Pass 'Test case passed'
2023-12-25 01:32:58,687 T0000: INFO  #### gw4  system/test_snmp.py
2023-12-25 01:32:58,687 T0000: INFO  support pre-function-prolog test_ft_snmp_view_based_acm_mib  ''
2023-12-25 01:32:58,698 T0000: INFO  #### gw4  system/test_snmp.py::test_ft_snmp_view_based_acm_mib
2023-12-25 01:32:58,698 T0000: INFO  support post-function-prolog test_ft_snmp_view_based_acm_mib Pass ''
2023-12-25 01:32:58,746 T0000: INFO  #### gw4  system/test_snmp.py::test_ft_snmp_view_based_acm_mib
2023-12-25 01:32:58,746 T0000: INFO  support pre-function-epilog test_ft_snmp_view_based_acm_mib Pass 'Test case passed'
2023-12-25 01:32:58,751 T0000: INFO  #### gw4  system/test_snmp.py::test_ft_snmp_view_based_acm_mib
2023-12-25 01:32:58,751 T0000: INFO  support post-function-epilog test_ft_snmp_view_based_acm_mib Pass 'Test case passed'
2023-12-25 01:33:03,584 T0000: INFO  #### gw4  system/test_snmp.py
2023-12-25 01:33:03,584 T0000: INFO  support pre-function-prolog test_ft_snmp_ent_physical_table  ''
2023-12-25 01:33:03,598 T0000: INFO  #### gw4  system/test_snmp.py::test_ft_snmp_ent_physical_table
2023-12-25 01:33:03,598 T0000: INFO  support post-function-prolog test_ft_snmp_ent_physical_table Pass ''
2023-12-25 01:33:03,644 T0000: INFO  #### gw4  system/test_snmp.py::test_ft_snmp_ent_physical_table
2023-12-25 01:33:03,645 T0000: INFO  support pre-function-epilog test_ft_snmp_ent_physical_table Pass 'Test case passed'
2023-12-25 01:33:03,652 T0000: INFO  #### gw4  system/test_snmp.py::test_ft_snmp_ent_physical_table
2023-12-25 01:33:03,652 T0000: INFO  support post-function-epilog test_ft_snmp_ent_physical_table Pass 'Test case passed'
2023-12-25 01:33:08,405 T0000: INFO  #### gw4  system/test_snmp.py
2023-12-25 01:33:08,405 T0000: INFO  support pre-function-prolog test_ft_snmp_dot3_stats_table  ''
2023-12-25 01:33:08,419 T0000: INFO  #### gw4  system/test_snmp.py::test_ft_snmp_dot3_stats_table
2023-12-25 01:33:08,419 T0000: INFO  support post-function-prolog test_ft_snmp_dot3_stats_table Pass ''
2023-12-25 01:33:08,475 T0000: INFO  #### gw4  system/test_snmp.py::test_ft_snmp_dot3_stats_table
2023-12-25 01:33:08,475 T0000: INFO  support pre-function-epilog test_ft_snmp_dot3_stats_table Pass 'Test case passed'
2023-12-25 01:33:08,480 T0000: INFO  #### gw4  system/test_snmp.py::test_ft_snmp_dot3_stats_table
2023-12-25 01:33:08,480 T0000: INFO  support post-function-epilog test_ft_snmp_dot3_stats_table Pass 'Test case passed'
2023-12-25 01:33:13,237 T0000: INFO  #### gw4  system/test_snmp.py
2023-12-25 01:33:13,237 T0000: INFO  support pre-function-prolog test_ft_net_snmp_agent_mib  ''
2023-12-25 01:33:13,250 T0000: INFO  #### gw4  system/test_snmp.py::test_ft_net_snmp_agent_mib
2023-12-25 01:33:13,250 T0000: INFO  support post-function-prolog test_ft_net_snmp_agent_mib Pass ''
2023-12-25 01:33:13,942 T0000: INFO  #### gw4  system/test_snmp.py::test_ft_net_snmp_agent_mib
2023-12-25 01:33:13,942 T0000: INFO  support pre-function-epilog test_ft_net_snmp_agent_mib Pass 'Test case passed'
2023-12-25 01:33:13,947 T0000: INFO  #### gw4  system/test_snmp.py::test_ft_net_snmp_agent_mib
2023-12-25 01:33:13,947 T0000: INFO  support post-function-epilog test_ft_net_snmp_agent_mib Pass 'Test case passed'
2023-12-25 01:33:18,739 T0000: INFO  #### gw4  system/test_snmp.py
2023-12-25 01:33:18,739 T0000: INFO  support pre-function-prolog test_ft_net_snmp_vacm_mib  ''
2023-12-25 01:33:18,751 T0000: INFO  #### gw4  system/test_snmp.py::test_ft_net_snmp_vacm_mib
2023-12-25 01:33:18,751 T0000: INFO  support post-function-prolog test_ft_net_snmp_vacm_mib Pass ''
2023-12-25 01:33:18,790 T0000: INFO  #### gw4  system/test_snmp.py::test_ft_net_snmp_vacm_mib
2023-12-25 01:33:18,790 T0000: INFO  support pre-function-epilog test_ft_net_snmp_vacm_mib Pass 'Test case passed'
2023-12-25 01:33:18,794 T0000: INFO  #### gw4  system/test_snmp.py::test_ft_net_snmp_vacm_mib
2023-12-25 01:33:18,794 T0000: INFO  support post-function-epilog test_ft_net_snmp_vacm_mib Pass 'Test case passed'
2023-12-25 01:33:23,487 T0000: INFO  #### gw4  system/test_snmp.py
2023-12-25 01:33:23,488 T0000: INFO  support pre-function-prolog test_ft_snmp_ucd_diskio_mib  ''
2023-12-25 01:33:23,503 T0000: INFO  #### gw4  system/test_snmp.py::test_ft_snmp_ucd_diskio_mib
2023-12-25 01:33:23,503 T0000: INFO  support post-function-prolog test_ft_snmp_ucd_diskio_mib Pass ''
2023-12-25 01:33:23,558 T0000: INFO  #### gw4  system/test_snmp.py::test_ft_snmp_ucd_diskio_mib
2023-12-25 01:33:23,558 T0000: INFO  support pre-function-epilog test_ft_snmp_ucd_diskio_mib Pass 'Test case passed'
2023-12-25 01:33:23,562 T0000: INFO  #### gw4  system/test_snmp.py::test_ft_snmp_ucd_diskio_mib
2023-12-25 01:33:23,562 T0000: INFO  support post-function-epilog test_ft_snmp_ucd_diskio_mib Pass 'Test case passed'
2023-12-25 01:33:28,308 T0000: INFO  #### gw4  system/test_snmp.py
2023-12-25 01:33:28,309 T0000: INFO  support pre-function-prolog test_ft_snmp_ucd_la_table  ''
2023-12-25 01:33:28,319 T0000: INFO  #### gw4  system/test_snmp.py::test_ft_snmp_ucd_la_table
2023-12-25 01:33:28,320 T0000: INFO  support post-function-prolog test_ft_snmp_ucd_la_table Pass ''
2023-12-25 01:33:28,351 T0000: INFO  #### gw4  system/test_snmp.py::test_ft_snmp_ucd_la_table
2023-12-25 01:33:28,351 T0000: INFO  support pre-function-epilog test_ft_snmp_ucd_la_table Pass 'Test case passed'
2023-12-25 01:33:28,357 T0000: INFO  #### gw4  system/test_snmp.py::test_ft_snmp_ucd_la_table
2023-12-25 01:33:28,357 T0000: INFO  support post-function-epilog test_ft_snmp_ucd_la_table Pass 'Test case passed'
2023-12-25 01:33:33,199 T0000: INFO  #### gw4  system/test_snmp.py
2023-12-25 01:33:33,199 T0000: INFO  support pre-function-prolog test_ft_snmp_ucd_system_stats  ''
2023-12-25 01:33:33,210 T0000: INFO  #### gw4  system/test_snmp.py::test_ft_snmp_ucd_system_stats
2023-12-25 01:33:33,210 T0000: INFO  support post-function-prolog test_ft_snmp_ucd_system_stats Pass ''
2023-12-25 01:33:33,244 T0000: INFO  #### gw4  system/test_snmp.py::test_ft_snmp_ucd_system_stats
2023-12-25 01:33:33,244 T0000: INFO  support pre-function-epilog test_ft_snmp_ucd_system_stats Pass 'Test case passed'
2023-12-25 01:33:33,251 T0000: INFO  #### gw4  system/test_snmp.py::test_ft_snmp_ucd_system_stats
2023-12-25 01:33:33,251 T0000: INFO  support post-function-epilog test_ft_snmp_ucd_system_stats Pass 'Test case passed'
2023-12-25 01:33:38,063 T0000: INFO  #### gw4  system/test_snmp.py
2023-12-25 01:33:38,063 T0000: INFO  support pre-function-prolog test_ft_snmp_dot1q_tp_fdb_port  ''
2023-12-25 01:33:38,075 T0000: INFO  #### gw4  system/test_snmp.py::test_ft_snmp_dot1q_tp_fdb_port
2023-12-25 01:33:38,075 T0000: INFO  support post-function-prolog test_ft_snmp_dot1q_tp_fdb_port Pass ''
2023-12-25 01:33:39,513 T0000: WARN  #### gw4  system/test_snmp.py::test_ft_snmp_dot1q_tp_fdb_port
2023-12-25 01:33:39,513 T0000: WARN  support pre-function-epilog test_ft_snmp_dot1q_tp_fdb_port Fail 'SNMP output is not found after walk of dot1qTpFdbPort OID'
2023-12-25 01:33:39,948 T0000: WARN  #### gw4  system/test_snmp.py::test_ft_snmp_dot1q_tp_fdb_port
2023-12-25 01:33:39,948 T0000: WARN  support post-function-epilog test_ft_snmp_dot1q_tp_fdb_port ignore 'SNMP output is not found after walk of dot1qTpFdbPort OID'
2023-12-25 01:33:44,749 T0000: INFO  #### gw4  system/test_snmp.py
2023-12-25 01:33:44,749 T0000: INFO  support pre-function-prolog test_ft_snmp_dot1q_tp_fdb_address  ''
2023-12-25 01:33:44,762 T0000: INFO  #### gw4  system/test_snmp.py::test_ft_snmp_dot1q_tp_fdb_address
2023-12-25 01:33:44,762 T0000: INFO  support post-function-prolog test_ft_snmp_dot1q_tp_fdb_address Pass ''
2023-12-25 01:33:45,148 T0000: INFO  #### gw4  system/test_snmp.py::test_ft_snmp_dot1q_tp_fdb_address
2023-12-25 01:33:45,148 T0000: INFO  support pre-function-epilog test_ft_snmp_dot1q_tp_fdb_address Pass 'Test case passed'
2023-12-25 01:33:45,158 T0000: INFO  #### gw4  system/test_snmp.py::test_ft_snmp_dot1q_tp_fdb_address
2023-12-25 01:33:45,158 T0000: INFO  support post-function-epilog test_ft_snmp_dot1q_tp_fdb_address Pass 'Test case passed'
2023-12-25 01:33:50,045 T0000: INFO  #### gw4  system/test_snmp.py
2023-12-25 01:33:50,046 T0000: INFO  support pre-function-prolog test_ft_snmp_coldstart_trap  ''
2023-12-25 01:33:50,058 T0000: INFO  #### gw4  system/test_snmp.py::test_ft_snmp_coldstart_trap
2023-12-25 01:33:50,058 T0000: INFO  support post-function-prolog test_ft_snmp_coldstart_trap Pass ''
2023-12-25 01:34:03,857 T0000: WARN  #### gw4  system/test_snmp.py::test_ft_snmp_coldstart_trap
2023-12-25 01:34:03,857 T0000: WARN  support pre-function-epilog test_ft_snmp_coldstart_trap EnvFail 'Test case Failed Couldn't get the snmptrapd process details from snmp trap server. Please check the snmp trap server process in the server.'
2023-12-25 01:34:04,316 T0000: WARN  #### gw4  system/test_snmp.py::test_ft_snmp_coldstart_trap
2023-12-25 01:34:04,316 T0000: WARN  support post-function-epilog test_ft_snmp_coldstart_trap ignore 'Test case Failed Couldn't get the snmptrapd process details from snmp trap server. Please check the snmp trap server process in the server.'
2023-12-25 01:34:09,154 T0000: INFO  #### gw4  system/test_snmp.py
2023-12-25 01:34:09,154 T0000: INFO  support pre-function-prolog test_ft_snmp_docker_restart  ''
2023-12-25 01:34:09,171 T0000: INFO  #### gw4  system/test_snmp.py::test_ft_snmp_docker_restart
2023-12-25 01:34:09,171 T0000: INFO  support post-function-prolog test_ft_snmp_docker_restart Pass ''
2023-12-25 01:34:22,360 T0000: WARN  #### gw4  system/test_snmp.py::test_ft_snmp_docker_restart
2023-12-25 01:34:22,360 T0000: WARN  support pre-function-epilog test_ft_snmp_docker_restart Fail 'sysname output is not in sync between system and snmp after docker restart'
2023-12-25 01:34:22,806 T0000: WARN  #### gw4  system/test_snmp.py::test_ft_snmp_docker_restart
2023-12-25 01:34:22,806 T0000: WARN  support post-function-epilog test_ft_snmp_docker_restart ignore 'sysname output is not in sync between system and snmp after docker restart'
2023-12-25 01:34:22,840 T0000: WARN  #### gw4  system/test_snmp.py::test_ft_snmp_docker_restart
2023-12-25 01:34:22,840 T0000: WARN  support pre-module-epilog system/test_snmp.py fail ''
2023-12-25 01:35:18,263 T0000: WARN  #### gw4  system/test_snmp.py::test_ft_snmp_docker_restart
2023-12-25 01:35:18,263 T0000: WARN  support post-module-epilog system/test_snmp.py fail ''
2023-12-25 01:39:08,437 T0096: ERROR #### gw4 WARN
2023-12-25 01:39:08,437 T0096: ERROR Traceback (most recent call last):
2023-12-25 01:39:08,437 T0096: ERROR   File "/repo/spytest/net.py", line 1910, in _try
2023-12-25 01:39:08,437 T0096: ERROR     output = hndl.send_command_new(fcli, new_cmd, expect_string,
2023-12-25 01:39:08,437 T0096: ERROR   File "/repo/spytest/access/netmiko_connection.py", line 725, in send_command_new
2023-12-25 01:39:08,437 T0096: ERROR     raise IOError(self.dmsg_str(dbg_msg, msg1))
2023-12-25 01:39:08,437 T0096: ERROR OSError: Prompt Not Detected in DF 2.0: '(sonic|sonic)\(config(-s)?\)#'
2023-12-25 01:39:08,437 T0096: ERROR =======================FASTER-CLI-DBG===================
2023-12-25 01:39:08,437 T0096: ERROR command_string: configure terminal<LF>
2023-12-25 01:39:08,437 T0096: ERROR search_pattern: (sonic|sonic)\(config(-s)?\)#
2023-12-25 01:39:08,437 T0096: ERROR cmd_issued: False
2023-12-25 01:39:08,437 T0096: ERROR CMP-OUT: configure terminal<LF>-bash: configure: command not found<LF>admin@sonic:~$ <LF>admin@sonic:~$
2023-12-25 01:39:08,437 T0096: ERROR CMP-CMD: configure terminal<LF>
2023-12-25 01:39:08,437 T0096: ERROR ECHOED OUTPUT: -bash: configure: command not found<LF>admin@sonic:~$ <LF>admin@sonic:~$
2023-12-25 01:39:08,437 T0096: ERROR CMP-PROMPT: (sonic|sonic)\(config(-s)?\)#
2023-12-25 01:39:08,437 T0096: ERROR CMP-OUTPUT: -bash: configure: command not found
2023-12-25 01:39:08,437 T0096: ERROR CMP-OUTPUT: admin@sonic:~$
2023-12-25 01:39:08,437 T0096: ERROR CMP-OUTPUT: admin@sonic:~$
2023-12-25 01:39:08,437 T0096: ERROR Read Data: configure terminal
2023-12-25 01:39:08,437 T0096: ERROR Read Data: -bash: configure: command not found
2023-12-25 01:39:08,437 T0096: ERROR Read Data: admin@sonic:~$
2023-12-25 01:39:08,437 T0096: ERROR Read Data: admin@sonic:~$
2023-12-25 01:39:08,437 T0096: ERROR Truncated...
2023-12-25 01:42:32,808 T0096: ERROR #### gw4 WARN
2023-12-25 01:42:32,808 T0096: ERROR Traceback (most recent call last):
2023-12-25 01:42:32,808 T0096: ERROR   File "/repo/spytest/net.py", line 1910, in _try
2023-12-25 01:42:32,808 T0096: ERROR     output = hndl.send_command_new(fcli, new_cmd, expect_string,
2023-12-25 01:42:32,808 T0096: ERROR   File "/repo/spytest/access/netmiko_connection.py", line 725, in send_command_new
2023-12-25 01:42:32,808 T0096: ERROR     raise IOError(self.dmsg_str(dbg_msg, msg1))
2023-12-25 01:42:32,808 T0096: ERROR OSError: Prompt Not Detected in DF 2.0: '(sonic|sonic)\(config(-s)?\)#'
2023-12-25 01:42:32,808 T0096: ERROR =======================FASTER-CLI-DBG===================
2023-12-25 01:42:32,808 T0096: ERROR command_string: configure terminal<LF>
2023-12-25 01:42:32,808 T0096: ERROR search_pattern: (sonic|sonic)\(config(-s)?\)#
2023-12-25 01:42:32,808 T0096: ERROR cmd_issued: False
2023-12-25 01:42:32,808 T0096: ERROR CMP-OUT: configure terminal<LF>-bash: configure: command not found<LF>admin@sonic:~$ <LF>admin@sonic:~$
2023-12-25 01:42:32,808 T0096: ERROR CMP-CMD: configure terminal<LF>
2023-12-25 01:42:32,808 T0096: ERROR ECHOED OUTPUT: -bash: configure: command not found<LF>admin@sonic:~$ <LF>admin@sonic:~$
2023-12-25 01:42:32,808 T0096: ERROR CMP-PROMPT: (sonic|sonic)\(config(-s)?\)#
2023-12-25 01:42:32,808 T0096: ERROR CMP-OUTPUT: -bash: configure: command not found
2023-12-25 01:42:32,808 T0096: ERROR CMP-OUTPUT: admin@sonic:~$
2023-12-25 01:42:32,808 T0096: ERROR CMP-OUTPUT: admin@sonic:~$
2023-12-25 01:42:32,808 T0096: ERROR Read Data: configure terminal
2023-12-25 01:42:32,808 T0096: ERROR Read Data: -bash: configure: command not found
2023-12-25 01:42:32,808 T0096: ERROR Read Data: admin@sonic:~$
2023-12-25 01:42:32,808 T0096: ERROR Read Data: admin@sonic:~$
2023-12-25 01:42:32,808 T0096: ERROR Truncated...
2023-12-25 01:42:35,531 T0096: WARN  #### gw4
2023-12-25 01:42:35,532 T0096: WARN  support function  ConfigFail 'Command 'configure terminal' failed to give required prompt, recovered using CR'
2023-12-25 01:27:11,772 T0000: WARN  #### gw5
2023-12-25 01:27:11,772 T0000: WARN  support post-session-prolog session pass ''
2023-12-25 01:28:01,945 T0000: INFO  #### gw5
2023-12-25 01:28:01,945 T0000: INFO  support pre-module-prolog system/test_snapshot.py  ''
2023-12-25 01:28:52,144 T0000: INFO  #### gw5  system/test_snapshot.py
2023-12-25 01:28:52,144 T0000: INFO  support post-module-prolog system/test_snapshot.py Pass ''
2023-12-25 01:29:25,379 T0000: INFO  #### gw5  system/test_snapshot.py
2023-12-25 01:29:25,380 T0000: INFO  support pre-function-prolog test_ft_watermark_telemetry_interval  ''
2023-12-25 01:29:25,393 T0000: INFO  #### gw5  system/test_snapshot.py::test_ft_watermark_telemetry_interval
2023-12-25 01:29:25,394 T0000: INFO  support post-function-prolog test_ft_watermark_telemetry_interval Pass ''
2023-12-25 01:29:36,288 T0000: WARN  #### gw5  system/test_snapshot.py::test_ft_watermark_telemetry_interval
2023-12-25 01:29:36,288 T0000: WARN  support testcase ft_sf_snapshot_tam_Error_Logs Fail 'Error logs are getting generated on the device'
2023-12-25 01:29:36,305 T0000: INFO  #### gw5  system/test_snapshot.py::test_ft_watermark_telemetry_interval
2023-12-25 01:29:36,305 T0000: INFO  support pre-function-epilog test_ft_watermark_telemetry_interval Pass 'verification of configured telemetry interval and reset to default interval is successful'
2023-12-25 01:29:36,310 T0000: INFO  #### gw5  system/test_snapshot.py::test_ft_watermark_telemetry_interval
2023-12-25 01:29:36,310 T0000: INFO  support post-function-epilog test_ft_watermark_telemetry_interval Pass 'verification of configured telemetry interval and reset to default interval is successful'
2023-12-25 01:29:36,343 T0000: WARN  #### gw5  system/test_snapshot.py::test_ft_watermark_telemetry_interval
2023-12-25 01:29:36,343 T0000: WARN  support pre-module-epilog system/test_snapshot.py pass ''
2023-12-25 01:30:10,420 T0000: WARN  #### gw5  system/test_snapshot.py::test_ft_watermark_telemetry_interval
2023-12-25 01:30:10,420 T0000: WARN  support post-module-epilog system/test_snapshot.py pass ''
2023-12-25 01:34:45,784 T0000: INFO  #### gw5
2023-12-25 01:34:45,785 T0000: INFO  support pre-module-prolog system/test_ntp.py  ''
2023-12-25 01:35:10,094 T0000: INFO  #### gw5  system/test_ntp.py
2023-12-25 01:35:10,094 T0000: INFO  support post-module-prolog system/test_ntp.py Pass ''
2023-12-25 01:35:43,268 T0000: INFO  #### gw5  system/test_ntp.py
2023-12-25 01:35:43,268 T0000: INFO  support pre-function-prolog test_ft_ntp_disable_enable_with_message_log  ''
2023-12-25 01:35:43,282 T0000: INFO  #### gw5  system/test_ntp.py::test_ft_ntp_disable_enable_with_message_log
2023-12-25 01:35:43,282 T0000: INFO  support post-function-prolog test_ft_ntp_disable_enable_with_message_log Pass ''
2023-12-25 01:40:36,399 T0000: ERROR #### gw5 Exception system/test_ntp.py::test_ft_ntp_disable_enable_with_message_log
2023-12-25 01:40:36,399 T0000: ERROR Exception IndexError list index out of range in file /apis/system/ntp.py at line 347
2023-12-25 01:40:36,399 T0000: ERROR [0] /apis/system/ntp.py:347 show_clock return output[0]
2023-12-25 01:40:36,399 T0000: ERROR [1] /tests/system/test_ntp.py:103 test_ft_ntp_disable_enable_with_message_log ntp_obj.show_clock(vars.D1)
2023-12-25 01:40:36,400 T0000: WARN  #### gw5  system/test_ntp.py::test_ft_ntp_disable_enable_with_message_log
2023-12-25 01:40:36,400 T0000: WARN  support post-function-epilog test_ft_ntp_disable_enable_with_message_log ScriptError 'Exception IndexError list index out of range in file /apis/system/ntp.py at line 347'
2023-12-25 01:40:41,093 T0000: INFO  #### gw5  system/test_ntp.py
2023-12-25 01:40:41,093 T0000: INFO  support pre-function-prolog test_ntp_exists_config  ''
2023-12-25 01:40:41,106 T0000: INFO  #### gw5  system/test_ntp.py::test_ntp_exists_config
2023-12-25 01:40:41,106 T0000: INFO  support post-function-prolog test_ntp_exists_config Pass ''
2023-12-25 01:40:49,746 T0000: INFO  #### gw5  system/test_ntp.py::test_ntp_exists_config
2023-12-25 01:40:49,746 T0000: INFO  support pre-function-epilog test_ntp_exists_config Pass 'Test case passed'
2023-12-25 01:40:49,749 T0000: INFO  #### gw5  system/test_ntp.py::test_ntp_exists_config
2023-12-25 01:40:49,749 T0000: INFO  support post-function-epilog test_ntp_exists_config Pass 'Test case passed'
2023-12-25 01:40:49,767 T0000: WARN  #### gw5  system/test_ntp.py::test_ntp_exists_config
2023-12-25 01:40:49,767 T0000: WARN  support pre-module-epilog system/test_ntp.py fail ''
2023-12-25 01:41:14,059 T0000: WARN  #### gw5  system/test_ntp.py::test_ntp_exists_config
2023-12-25 01:41:14,059 T0000: WARN  support post-module-epilog system/test_ntp.py fail ''
2023-12-25 01:43:17,798 T0000: WARN  #### gw5  batch/test_spytest_infra_1.py::test_spytest_infra_last
2023-12-25 01:43:17,798 T0000: WARN  support session-epilog session pass ''
2023-12-25 01:03:29,403 T0025: WARN  #### gw2
2023-12-25 01:03:29,403 T0025: WARN  support post-session-prolog session pass ''
2023-12-25 01:03:29,405 T0026: WARN  #### gw2
2023-12-25 01:03:29,406 T0026: WARN  support post-session-prolog session pass ''
2023-12-25 01:04:20,944 T0079: INFO  #### gw2
2023-12-25 01:04:20,945 T0079: INFO  support pre-module-prolog switching/test_portchannel.py  ''
2023-12-25 01:04:20,947 T0080: INFO  #### gw2
2023-12-25 01:04:20,947 T0080: INFO  support pre-module-prolog switching/test_portchannel.py  ''
2023-12-25 01:05:04,407 T0104: INFO  #### gw2  switching/test_portchannel.py
2023-12-25 01:05:04,407 T0104: INFO  support post-module-prolog switching/test_portchannel.py Pass ''
2023-12-25 01:05:04,410 T0105: INFO  #### gw2  switching/test_portchannel.py
2023-12-25 01:05:04,410 T0105: INFO  support post-module-prolog switching/test_portchannel.py Pass ''
2023-12-25 01:05:37,966 T0129: INFO  #### gw2  switching/test_portchannel.py
2023-12-25 01:05:37,967 T0129: INFO  support pre-function-prolog test_ft_portchannel_with_vlan_variations  ''
2023-12-25 01:05:37,971 T0130: INFO  #### gw2  switching/test_portchannel.py
2023-12-25 01:05:37,971 T0130: INFO  support pre-function-prolog test_ft_portchannel_with_vlan_variations  ''
2023-12-25 01:05:42,646 T0133: INFO  #### gw2  switching/test_portchannel.py::test_ft_portchannel_with_vlan_variations
2023-12-25 01:05:42,646 T0133: INFO  support post-function-prolog test_ft_portchannel_with_vlan_variations Pass ''
2023-12-25 01:05:42,648 T0134: INFO  #### gw2  switching/test_portchannel.py::test_ft_portchannel_with_vlan_variations
2023-12-25 01:05:42,648 T0134: INFO  support post-function-prolog test_ft_portchannel_with_vlan_variations Pass ''
2023-12-25 01:06:12,428 T0149: INFO  #### gw2  switching/test_portchannel.py::test_ft_portchannel_with_vlan_variations
2023-12-25 01:06:12,428 T0149: INFO  support pre-function-epilog test_ft_portchannel_with_vlan_variations Pass 'Test case passed'
2023-12-25 01:06:12,432 T0150: INFO  #### gw2  switching/test_portchannel.py::test_ft_portchannel_with_vlan_variations
2023-12-25 01:06:12,432 T0150: INFO  support pre-function-epilog test_ft_portchannel_with_vlan_variations Pass 'Test case passed'
2023-12-25 01:06:15,059 T0153: INFO  #### gw2  switching/test_portchannel.py::test_ft_portchannel_with_vlan_variations
2023-12-25 01:06:15,060 T0153: INFO  support post-function-epilog test_ft_portchannel_with_vlan_variations Pass 'Test case passed'
2023-12-25 01:06:15,063 T0154: INFO  #### gw2  switching/test_portchannel.py::test_ft_portchannel_with_vlan_variations
2023-12-25 01:06:15,063 T0154: INFO  support post-function-epilog test_ft_portchannel_with_vlan_variations Pass 'Test case passed'
2023-12-25 01:06:20,423 T0160: INFO  #### gw2  switching/test_portchannel.py
2023-12-25 01:06:20,423 T0160: INFO  support pre-function-prolog test_ft_verify_min_links_functionality_by_flapping_all_member_ports_007  ''
2023-12-25 01:06:20,427 T0161: INFO  #### gw2  switching/test_portchannel.py
2023-12-25 01:06:20,427 T0161: INFO  support pre-function-prolog test_ft_verify_min_links_functionality_by_flapping_all_member_ports_007  ''
2023-12-25 01:06:23,804 T0164: INFO  #### gw2  switching/test_portchannel.py::test_ft_verify_min_links_functionality_by_flapping_all_member_ports_007
2023-12-25 01:06:23,804 T0164: INFO  support post-function-prolog test_ft_verify_min_links_functionality_by_flapping_all_member_ports_007 Pass ''
2023-12-25 01:06:23,808 T0165: INFO  #### gw2  switching/test_portchannel.py::test_ft_verify_min_links_functionality_by_flapping_all_member_ports_007
2023-12-25 01:06:23,808 T0165: INFO  support post-function-prolog test_ft_verify_min_links_functionality_by_flapping_all_member_ports_007 Pass ''
2023-12-25 01:06:25,106 T0167: WARN  #### gw2 IGNORED ERROR switching/test_portchannel.py::test_ft_verify_min_links_functionality_by_flapping_all_member_ports_007
2023-12-25 01:06:25,106 T0167: WARN  Skipped error checking but detected pattern: containing_error command: sudo -s config portchannel add PortChannel7  --min-links 4
2023-12-25 01:06:25,108 T0166: WARN  #### gw2 IGNORED ERROR switching/test_portchannel.py::test_ft_verify_min_links_functionality_by_flapping_all_member_ports_007
2023-12-25 01:06:25,108 T0166: WARN  Skipped error checking but detected pattern: containing_error command: sudo -s config portchannel add PortChannel7  --min-links 4
2023-12-25 01:06:38,133 T0172: INFO  #### gw2  switching/test_portchannel.py::test_ft_verify_min_links_functionality_by_flapping_all_member_ports_007
2023-12-25 01:06:38,133 T0172: INFO  support pre-function-epilog test_ft_verify_min_links_functionality_by_flapping_all_member_ports_007 Pass 'Test case passed'
2023-12-25 01:06:38,137 T0173: INFO  #### gw2  switching/test_portchannel.py::test_ft_verify_min_links_functionality_by_flapping_all_member_ports_007
2023-12-25 01:06:38,137 T0173: INFO  support pre-function-epilog test_ft_verify_min_links_functionality_by_flapping_all_member_ports_007 Pass 'Test case passed'
2023-12-25 01:06:39,437 T0175: WARN  #### gw2 IGNORED ERROR switching/test_portchannel.py::test_ft_verify_min_links_functionality_by_flapping_all_member_ports_007
2023-12-25 01:06:39,437 T0175: WARN  Skipped error checking but detected pattern: containing_error command: sudo -s config portchannel add PortChannel7  --min-links True
2023-12-25 01:06:39,487 T0174: WARN  #### gw2 IGNORED ERROR switching/test_portchannel.py::test_ft_verify_min_links_functionality_by_flapping_all_member_ports_007
2023-12-25 01:06:39,487 T0174: WARN  Skipped error checking but detected pattern: containing_error command: sudo -s config portchannel add PortChannel7  --min-links True
2023-12-25 01:06:39,491 T0176: INFO  #### gw2  switching/test_portchannel.py::test_ft_verify_min_links_functionality_by_flapping_all_member_ports_007
2023-12-25 01:06:39,491 T0176: INFO  support post-function-epilog test_ft_verify_min_links_functionality_by_flapping_all_member_ports_007 Pass 'Test case passed'
2023-12-25 01:06:39,495 T0177: INFO  #### gw2  switching/test_portchannel.py::test_ft_verify_min_links_functionality_by_flapping_all_member_ports_007
2023-12-25 01:06:39,495 T0177: INFO  support post-function-epilog test_ft_verify_min_links_functionality_by_flapping_all_member_ports_007 Pass 'Test case passed'
2023-12-25 01:06:39,529 T0178: WARN  #### gw2  switching/test_portchannel.py::test_ft_verify_min_links_functionality_by_flapping_all_member_ports_007
2023-12-25 01:06:39,529 T0178: WARN  support pre-module-epilog switching/test_portchannel.py pass ''
2023-12-25 01:06:39,531 T0179: WARN  #### gw2  switching/test_portchannel.py::test_ft_verify_min_links_functionality_by_flapping_all_member_ports_007
2023-12-25 01:06:39,531 T0179: WARN  support pre-module-epilog switching/test_portchannel.py pass ''
2023-12-25 01:07:13,803 T0198: ERROR #### gw2 ERROR switching/test_portchannel.py::test_ft_verify_min_links_functionality_by_flapping_all_member_ports_007
2023-12-25 01:07:13,803 T0198: ERROR detected pattern: containing_error executing 'sudo -s config portchannel del PortChannel7'
2023-12-25 01:07:13,849 T0199: ERROR #### gw2 ERROR switching/test_portchannel.py::test_ft_verify_min_links_functionality_by_flapping_all_member_ports_007
2023-12-25 01:07:13,849 T0199: ERROR detected pattern: containing_error executing 'sudo -s config portchannel del PortChannel7'
2023-12-25 01:07:13,854 T0200: WARN  #### gw2  switching/test_portchannel.py::test_ft_verify_min_links_functionality_by_flapping_all_member_ports_007
2023-12-25 01:07:13,855 T0200: WARN  support post-module-epilog switching/test_portchannel.py pass ''
2023-12-25 01:07:13,858 T0201: WARN  #### gw2  switching/test_portchannel.py::test_ft_verify_min_links_functionality_by_flapping_all_member_ports_007
2023-12-25 01:07:13,858 T0201: WARN  support post-module-epilog switching/test_portchannel.py pass ''
2023-12-25 01:11:49,842 T0269: INFO  #### gw2
2023-12-25 01:11:49,842 T0269: INFO  support pre-module-prolog system/test_interface.py  ''
2023-12-25 01:11:49,845 T0270: INFO  #### gw2
2023-12-25 01:11:49,845 T0270: INFO  support pre-module-prolog system/test_interface.py  ''
2023-12-25 01:12:33,610 T0287: INFO  #### gw2  system/test_interface.py
2023-12-25 01:12:33,610 T0287: INFO  support post-module-prolog system/test_interface.py Pass ''
2023-12-25 01:12:33,612 T0288: INFO  #### gw2  system/test_interface.py
2023-12-25 01:12:33,613 T0288: INFO  support post-module-prolog system/test_interface.py Pass ''
2023-12-25 01:13:07,266 T0312: INFO  #### gw2  system/test_interface.py
2023-12-25 01:13:07,266 T0312: INFO  support pre-function-prolog test_ft_port_fn_verify_shut_noshut  ''
2023-12-25 01:13:07,270 T0313: INFO  #### gw2  system/test_interface.py
2023-12-25 01:13:07,270 T0313: INFO  support pre-function-prolog test_ft_port_fn_verify_shut_noshut  ''
2023-12-25 01:13:07,282 T0314: INFO  #### gw2  system/test_interface.py::test_ft_port_fn_verify_shut_noshut
2023-12-25 01:13:07,282 T0314: INFO  support post-function-prolog test_ft_port_fn_verify_shut_noshut Pass ''
2023-12-25 01:13:07,284 T0315: INFO  #### gw2  system/test_interface.py::test_ft_port_fn_verify_shut_noshut
2023-12-25 01:13:07,284 T0315: INFO  support post-function-prolog test_ft_port_fn_verify_shut_noshut Pass ''
2023-12-25 01:14:02,084 T0316: WARN  #### gw2  system/test_interface.py::test_ft_port_fn_verify_shut_noshut
2023-12-25 01:14:02,084 T0316: WARN  support pre-function-epilog test_ft_port_fn_verify_shut_noshut DUTFail 'Error response from daemon: Container is not running'
2023-12-25 01:14:02,086 T0317: WARN  #### gw2  system/test_interface.py::test_ft_port_fn_verify_shut_noshut
2023-12-25 01:14:02,086 T0317: WARN  support pre-function-epilog test_ft_port_fn_verify_shut_noshut DUTFail 'Error response from daemon: Container is not running'
2023-12-25 01:14:03,153 T0318: WARN  #### gw2  system/test_interface.py::test_ft_port_fn_verify_shut_noshut
2023-12-25 01:14:03,154 T0318: WARN  support post-function-epilog test_ft_port_fn_verify_shut_noshut ignore 'Error response from daemon: Container is not running'
2023-12-25 01:14:03,158 T0319: WARN  #### gw2  system/test_interface.py::test_ft_port_fn_verify_shut_noshut
2023-12-25 01:14:03,158 T0319: WARN  support post-function-epilog test_ft_port_fn_verify_shut_noshut ignore 'Error response from daemon: Container is not running'
2023-12-25 01:14:03,199 T0320: WARN  #### gw2  system/test_interface.py::test_ft_port_fn_verify_shut_noshut
2023-12-25 01:14:03,200 T0320: WARN  support pre-module-epilog system/test_interface.py fail ''
2023-12-25 01:14:03,201 T0321: WARN  #### gw2  system/test_interface.py::test_ft_port_fn_verify_shut_noshut
2023-12-25 01:14:03,202 T0321: WARN  support pre-module-epilog system/test_interface.py fail ''
2023-12-25 01:14:32,569 T0340: WARN  #### gw2  system/test_interface.py::test_ft_port_fn_verify_shut_noshut
2023-12-25 01:14:32,569 T0340: WARN  support post-module-epilog system/test_interface.py fail ''
2023-12-25 01:14:32,574 T0341: WARN  #### gw2  system/test_interface.py::test_ft_port_fn_verify_shut_noshut
2023-12-25 01:14:32,574 T0341: WARN  support post-module-epilog system/test_interface.py fail ''
2023-12-25 01:20:00,080 T0403: INFO  #### gw2
2023-12-25 01:20:00,081 T0403: INFO  support pre-module-prolog system/test_lldp.py  ''
2023-12-25 01:20:00,083 T0404: INFO  #### gw2
2023-12-25 01:20:00,083 T0404: INFO  support pre-module-prolog system/test_lldp.py  ''
2023-12-25 01:22:00,673 T0421: WARN  #### gw2  system/test_lldp.py
2023-12-25 01:22:00,674 T0421: WARN  support post-module-epilog system/test_lldp.py fail ''
2023-12-25 01:22:00,675 T0422: WARN  #### gw2  system/test_lldp.py
2023-12-25 01:22:00,676 T0422: WARN  support post-module-epilog system/test_lldp.py fail ''
2023-12-25 01:24:05,980 T0470: WARN  #### gw2  batch/test_spytest_infra_1.py::test_spytest_infra_last
2023-12-25 01:24:05,981 T0470: WARN  support session-epilog session pass ''
2023-12-25 01:24:05,982 T0471: WARN  #### gw2  batch/test_spytest_infra_1.py::test_spytest_infra_last
2023-12-25 01:24:05,983 T0471: WARN  support session-epilog session pass ''
2023-12-25 01:03:28,183 T0025: WARN  #### gw3
2023-12-25 01:03:28,183 T0025: WARN  support post-session-prolog session pass ''
2023-12-25 01:03:28,186 T0026: WARN  #### gw3
2023-12-25 01:03:28,186 T0026: WARN  support post-session-prolog session pass ''
2023-12-25 01:04:19,878 T0079: INFO  #### gw3
2023-12-25 01:04:19,878 T0079: INFO  support pre-module-prolog switching/test_vlan.py  ''
2023-12-25 01:04:19,881 T0080: INFO  #### gw3
2023-12-25 01:04:19,881 T0080: INFO  support pre-module-prolog switching/test_vlan.py  ''
2023-12-25 01:04:54,598 T0098: INFO  #### gw3  switching/test_vlan.py
2023-12-25 01:04:54,599 T0098: INFO  support post-module-prolog switching/test_vlan.py Pass ''
2023-12-25 01:04:54,601 T0099: INFO  #### gw3  switching/test_vlan.py
2023-12-25 01:04:54,601 T0099: INFO  support post-module-prolog switching/test_vlan.py Pass ''
2023-12-25 01:05:28,048 T0123: INFO  #### gw3  switching/test_vlan.py
2023-12-25 01:05:28,049 T0123: INFO  support pre-function-prolog test_ft_add_unknownvlan_interface  ''
2023-12-25 01:05:28,053 T0124: INFO  #### gw3  switching/test_vlan.py
2023-12-25 01:05:28,053 T0124: INFO  support pre-function-prolog test_ft_add_unknownvlan_interface  ''
2023-12-25 01:05:28,069 T0125: INFO  #### gw3  switching/test_vlan.py::test_ft_add_unknownvlan_interface
2023-12-25 01:05:28,069 T0125: INFO  support post-function-prolog test_ft_add_unknownvlan_interface Pass ''
2023-12-25 01:05:28,071 T0126: INFO  #### gw3  switching/test_vlan.py::test_ft_add_unknownvlan_interface
2023-12-25 01:05:28,071 T0126: INFO  support post-function-prolog test_ft_add_unknownvlan_interface Pass ''
2023-12-25 01:05:29,403 T0000: WARN  #### gw3 IGNORED ERROR switching/test_vlan.py::test_ft_add_unknownvlan_interface
2023-12-25 01:05:29,403 T0000: WARN  Skipped error checking but detected pattern: containing_error command: sudo -s config vlan member add 1438 Ethernet16 -u
2023-12-25 01:05:32,035 T0127: INFO  #### gw3  switching/test_vlan.py::test_ft_add_unknownvlan_interface
2023-12-25 01:05:32,035 T0127: INFO  support pre-function-epilog test_ft_add_unknownvlan_interface Pass 'Test case passed'
2023-12-25 01:05:32,036 T0128: INFO  #### gw3  switching/test_vlan.py::test_ft_add_unknownvlan_interface
2023-12-25 01:05:32,037 T0128: INFO  support pre-function-epilog test_ft_add_unknownvlan_interface Pass 'Test case passed'
2023-12-25 01:05:32,045 T0129: INFO  #### gw3  switching/test_vlan.py::test_ft_add_unknownvlan_interface
2023-12-25 01:05:32,046 T0129: INFO  support post-function-epilog test_ft_add_unknownvlan_interface Pass 'Test case passed'
2023-12-25 01:05:32,047 T0130: INFO  #### gw3  switching/test_vlan.py::test_ft_add_unknownvlan_interface
2023-12-25 01:05:32,047 T0130: INFO  support post-function-epilog test_ft_add_unknownvlan_interface Pass 'Test case passed'
2023-12-25 01:05:37,365 T0136: INFO  #### gw3  switching/test_vlan.py
2023-12-25 01:05:37,366 T0136: INFO  support pre-function-prolog test_ft_vlan_delete_with_member  ''
2023-12-25 01:05:37,370 T0137: INFO  #### gw3  switching/test_vlan.py
2023-12-25 01:05:37,370 T0137: INFO  support pre-function-prolog test_ft_vlan_delete_with_member  ''
2023-12-25 01:05:37,380 T0138: INFO  #### gw3  switching/test_vlan.py::test_ft_vlan_delete_with_member
2023-12-25 01:05:37,380 T0138: INFO  support post-function-prolog test_ft_vlan_delete_with_member Pass ''
2023-12-25 01:05:37,382 T0139: INFO  #### gw3  switching/test_vlan.py::test_ft_vlan_delete_with_member
2023-12-25 01:05:37,382 T0139: INFO  support post-function-prolog test_ft_vlan_delete_with_member Pass ''
2023-12-25 01:05:41,388 T0000: WARN  #### gw3 IGNORED ERROR switching/test_vlan.py::test_ft_vlan_delete_with_member
2023-12-25 01:05:41,388 T0000: WARN  Skipped error checking but detected pattern: containing_error command: sudo -s config vlan del 1438
2023-12-25 01:05:46,604 T0140: INFO  #### gw3  switching/test_vlan.py::test_ft_vlan_delete_with_member
2023-12-25 01:05:46,604 T0140: INFO  support pre-function-epilog test_ft_vlan_delete_with_member Pass 'Test case passed'
2023-12-25 01:05:46,605 T0141: INFO  #### gw3  switching/test_vlan.py::test_ft_vlan_delete_with_member
2023-12-25 01:05:46,606 T0141: INFO  support pre-function-epilog test_ft_vlan_delete_with_member Pass 'Test case passed'
2023-12-25 01:05:46,613 T0142: INFO  #### gw3  switching/test_vlan.py::test_ft_vlan_delete_with_member
2023-12-25 01:05:46,614 T0142: INFO  support post-function-epilog test_ft_vlan_delete_with_member Pass 'Test case passed'
2023-12-25 01:05:46,615 T0143: INFO  #### gw3  switching/test_vlan.py::test_ft_vlan_delete_with_member
2023-12-25 01:05:46,616 T0143: INFO  support post-function-epilog test_ft_vlan_delete_with_member Pass 'Test case passed'
2023-12-25 01:05:51,905 T0149: INFO  #### gw3  switching/test_vlan.py
2023-12-25 01:05:51,905 T0149: INFO  support pre-function-prolog test_ft_vlan_trunk_tagged  ''
2023-12-25 01:05:51,909 T0150: INFO  #### gw3  switching/test_vlan.py
2023-12-25 01:05:51,909 T0150: INFO  support pre-function-prolog test_ft_vlan_trunk_tagged  ''
2023-12-25 01:05:51,921 T0151: INFO  #### gw3  switching/test_vlan.py::test_ft_vlan_trunk_tagged
2023-12-25 01:05:51,922 T0151: INFO  support post-function-prolog test_ft_vlan_trunk_tagged Pass ''
2023-12-25 01:05:51,924 T0152: INFO  #### gw3  switching/test_vlan.py::test_ft_vlan_trunk_tagged
2023-12-25 01:05:51,924 T0152: INFO  support post-function-prolog test_ft_vlan_trunk_tagged Pass ''
2023-12-25 01:07:13,453 T0153: INFO  #### gw3  switching/test_vlan.py::test_ft_vlan_trunk_tagged
2023-12-25 01:07:13,454 T0153: INFO  support pre-function-epilog test_ft_vlan_trunk_tagged Pass 'Test case passed'
2023-12-25 01:07:13,457 T0154: INFO  #### gw3  switching/test_vlan.py::test_ft_vlan_trunk_tagged
2023-12-25 01:07:13,458 T0154: INFO  support pre-function-epilog test_ft_vlan_trunk_tagged Pass 'Test case passed'
2023-12-25 01:07:13,468 T0155: INFO  #### gw3  switching/test_vlan.py::test_ft_vlan_trunk_tagged
2023-12-25 01:07:13,468 T0155: INFO  support post-function-epilog test_ft_vlan_trunk_tagged Pass 'Test case passed'
2023-12-25 01:07:13,470 T0156: INFO  #### gw3  switching/test_vlan.py::test_ft_vlan_trunk_tagged
2023-12-25 01:07:13,470 T0156: INFO  support post-function-epilog test_ft_vlan_trunk_tagged Pass 'Test case passed'
2023-12-25 01:07:18,833 T0162: INFO  #### gw3  switching/test_vlan.py
2023-12-25 01:07:18,833 T0162: INFO  support pre-function-prolog test_ft_vlan_save_config_warm_and_fast_reboot  ''
2023-12-25 01:07:18,837 T0163: INFO  #### gw3  switching/test_vlan.py
2023-12-25 01:07:18,837 T0163: INFO  support pre-function-prolog test_ft_vlan_save_config_warm_and_fast_reboot  ''
2023-12-25 01:07:18,850 T0164: INFO  #### gw3  switching/test_vlan.py::test_ft_vlan_save_config_warm_and_fast_reboot
2023-12-25 01:07:18,850 T0164: INFO  support post-function-prolog test_ft_vlan_save_config_warm_and_fast_reboot Pass ''
2023-12-25 01:07:18,851 T0165: INFO  #### gw3  switching/test_vlan.py::test_ft_vlan_save_config_warm_and_fast_reboot
2023-12-25 01:07:18,852 T0165: INFO  support post-function-prolog test_ft_vlan_save_config_warm_and_fast_reboot Pass ''
2023-12-25 01:18:30,476 T0000: WARN  #### gw3 IGNORED ERROR switching/test_vlan.py::test_ft_vlan_save_config_warm_and_fast_reboot
2023-12-25 01:18:30,476 T0000: WARN  Skipped error checking but detected pattern: containing_python_traceback command: sudo -s fast-reboot
2023-12-25 01:18:37,831 T0000: WARN  #### gw3 IGNORED ERROR switching/test_vlan.py::test_ft_vlan_save_config_warm_and_fast_reboot
2023-12-25 01:18:37,831 T0000: WARN  Skipped error checking but detected pattern: containing_no_response_from_container command: sudo vtysh -c 'show running-config | include hostname'
2023-12-25 01:19:22,803 T0000: ERROR #### gw3 Exception switching/test_vlan.py::test_ft_vlan_save_config_warm_and_fast_reboot
2023-12-25 01:19:22,803 T0000: ERROR Exception TypeError 'NoneType' object is not subscriptable in file /apis/system/basic.py at line 1389
2023-12-25 01:19:22,803 T0000: ERROR [0] /apis/system/basic.py:1389 is_warm_boot_support return bool(platform.lower() in features_support_data[key])
2023-12-25 01:19:22,803 T0000: ERROR [1] /apis/system/reboot.py:83 warm_reboot if (st.getenv("SPYTEST_UNSUPPORT_TD4_WARM_REBOOT") and basic.is_td4_platform(dut)) or basic.is_warm_boot_support(dut, is_support=False):
2023-12-25 01:19:22,803 T0000: ERROR [2] /tests/switching/test_vlan.py:906 test_ft_vlan_save_config_warm_and_fast_reboot reboot.warm_reboot(vars.D1)
2023-12-25 01:19:22,805 T0166: WARN  #### gw3  switching/test_vlan.py::test_ft_vlan_save_config_warm_and_fast_reboot
2023-12-25 01:19:22,805 T0166: WARN  support post-function-epilog test_ft_vlan_save_config_warm_and_fast_reboot ScriptError 'Exception TypeError 'NoneType' object is not subscriptable in file /apis/system/basic.py at line 1389'
2023-12-25 01:19:22,806 T0167: WARN  #### gw3  switching/test_vlan.py::test_ft_vlan_save_config_warm_and_fast_reboot
2023-12-25 01:19:22,807 T0167: WARN  support post-function-epilog test_ft_vlan_save_config_warm_and_fast_reboot ScriptError 'Exception TypeError 'NoneType' object is not subscriptable in file /apis/system/basic.py at line 1389'
2023-12-25 01:19:22,825 T0000: ERROR #### gw3  switching/test_vlan.py::test_ft_vlan_save_config_warm_and_fast_reboot
2023-12-25 01:19:22,825 T0000: ERROR

==================== REMOTE ALERTS ============================
################################################################################
drop the rate from 2000 to 100
################################################################################
################################################################################
drop the rate from 2000 to 100
################################################################################
################################################################################
drop the rate from 2000 to 100
################################################################################
===============================================================


2023-12-25 01:19:22,855 T0168: WARN  #### gw3  switching/test_vlan.py::test_ft_vlan_save_config_warm_and_fast_reboot
2023-12-25 01:19:22,855 T0168: WARN  support pre-module-epilog switching/test_vlan.py fail ''
2023-12-25 01:19:22,858 T0169: WARN  #### gw3  switching/test_vlan.py::test_ft_vlan_save_config_warm_and_fast_reboot
2023-12-25 01:19:22,858 T0169: WARN  support pre-module-epilog switching/test_vlan.py fail ''
2023-12-25 01:19:48,026 T0186: WARN  #### gw3  switching/test_vlan.py::test_ft_vlan_save_config_warm_and_fast_reboot
2023-12-25 01:19:48,026 T0186: WARN  support post-module-epilog switching/test_vlan.py fail ''
2023-12-25 01:19:48,028 T0187: WARN  #### gw3  switching/test_vlan.py::test_ft_vlan_save_config_warm_and_fast_reboot
2023-12-25 01:19:48,028 T0187: WARN  support post-module-epilog switching/test_vlan.py fail ''
2023-12-25 01:24:31,547 T0252: INFO  #### gw3
2023-12-25 01:24:31,547 T0252: INFO  support pre-module-prolog system/test_ssh.py  ''
2023-12-25 01:24:31,550 T0253: INFO  #### gw3
2023-12-25 01:24:31,550 T0253: INFO  support pre-module-prolog system/test_ssh.py  ''
2023-12-25 01:25:10,549 T0280: INFO  #### gw3  system/test_ssh.py
2023-12-25 01:25:10,549 T0280: INFO  support post-module-prolog system/test_ssh.py Pass ''
2023-12-25 01:25:10,553 T0281: INFO  #### gw3  system/test_ssh.py
2023-12-25 01:25:10,554 T0281: INFO  support post-module-prolog system/test_ssh.py Pass ''
2023-12-25 01:25:44,174 T0305: INFO  #### gw3  system/test_ssh.py
2023-12-25 01:25:44,174 T0305: INFO  support pre-function-prolog test_ft_ssh_service_disable  ''
2023-12-25 01:25:44,178 T0306: INFO  #### gw3  system/test_ssh.py
2023-12-25 01:25:44,178 T0306: INFO  support pre-function-prolog test_ft_ssh_service_disable  ''
2023-12-25 01:25:44,189 T0307: INFO  #### gw3  system/test_ssh.py::test_ft_ssh_service_disable
2023-12-25 01:25:44,189 T0307: INFO  support post-function-prolog test_ft_ssh_service_disable Pass ''
2023-12-25 01:25:44,191 T0308: INFO  #### gw3  system/test_ssh.py::test_ft_ssh_service_disable
2023-12-25 01:25:44,191 T0308: INFO  support post-function-prolog test_ft_ssh_service_disable Pass ''
2023-12-25 01:25:46,979 T0309: INFO  #### gw3  system/test_ssh.py::test_ft_ssh_service_disable
2023-12-25 01:25:46,980 T0309: INFO  support pre-function-epilog test_ft_ssh_service_disable Pass 'Test case passed'
2023-12-25 01:25:46,981 T0310: INFO  #### gw3  system/test_ssh.py::test_ft_ssh_service_disable
2023-12-25 01:25:46,982 T0310: INFO  support pre-function-epilog test_ft_ssh_service_disable Pass 'Test case passed'
2023-12-25 01:25:46,990 T0311: INFO  #### gw3  system/test_ssh.py::test_ft_ssh_service_disable
2023-12-25 01:25:46,990 T0311: INFO  support post-function-epilog test_ft_ssh_service_disable Pass 'Test case passed'
2023-12-25 01:25:46,993 T0312: INFO  #### gw3  system/test_ssh.py::test_ft_ssh_service_disable
2023-12-25 01:25:46,993 T0312: INFO  support post-function-epilog test_ft_ssh_service_disable Pass 'Test case passed'
2023-12-25 01:25:52,530 T0318: INFO  #### gw3  system/test_ssh.py
2023-12-25 01:25:52,531 T0318: INFO  support pre-function-prolog test_ft_ssh_add_user_verify  ''
2023-12-25 01:25:52,534 T0319: INFO  #### gw3  system/test_ssh.py
2023-12-25 01:25:52,535 T0319: INFO  support pre-function-prolog test_ft_ssh_add_user_verify  ''
2023-12-25 01:25:52,544 T0320: INFO  #### gw3  system/test_ssh.py::test_ft_ssh_add_user_verify
2023-12-25 01:25:52,544 T0320: INFO  support post-function-prolog test_ft_ssh_add_user_verify Pass ''
2023-12-25 01:25:52,546 T0321: INFO  #### gw3  system/test_ssh.py::test_ft_ssh_add_user_verify
2023-12-25 01:25:52,546 T0321: INFO  support post-function-prolog test_ft_ssh_add_user_verify Pass ''
2023-12-25 01:32:07,929 T0000: WARN  #### gw3 IGNORED ERROR system/test_ssh.py::test_ft_ssh_add_user_verify
2023-12-25 01:32:07,929 T0000: WARN  Skipped error checking but detected pattern: containing_python_traceback command: sudo -s fast-reboot
2023-12-25 01:32:15,337 T0000: WARN  #### gw3 IGNORED ERROR system/test_ssh.py::test_ft_ssh_add_user_verify
2023-12-25 01:32:15,337 T0000: WARN  Skipped error checking but detected pattern: containing_no_response_from_container command: sudo vtysh -c 'show running-config | include hostname'
2023-12-25 01:34:11,795 T0328: INFO  #### gw3  system/test_ssh.py::test_ft_ssh_add_user_verify
2023-12-25 01:34:11,796 T0328: INFO  support testcase test_ft_controlplane_acl_service_sshv4 Pass 'SSH failed'
2023-12-25 01:34:11,797 T0329: INFO  #### gw3  system/test_ssh.py::test_ft_ssh_add_user_verify
2023-12-25 01:34:11,797 T0329: INFO  support testcase test_ft_controlplane_acl_service_sshv4 Pass 'SSH failed'
2023-12-25 01:34:11,805 T0330: INFO  #### gw3  system/test_ssh.py::test_ft_ssh_add_user_verify
2023-12-25 01:34:11,806 T0330: INFO  support testcase test_ft_controlplane_acl_service_sshv6 Pass 'SSH failed'
2023-12-25 01:34:11,807 T0331: INFO  #### gw3  system/test_ssh.py::test_ft_ssh_add_user_verify
2023-12-25 01:34:11,808 T0331: INFO  support testcase test_ft_controlplane_acl_service_sshv6 Pass 'SSH failed'
2023-12-25 01:34:11,814 T0332: WARN  #### gw3  system/test_ssh.py::test_ft_ssh_add_user_verify
2023-12-25 01:34:11,814 T0332: WARN  support testcase test_ft_controlplane_acl_service_snmp Fail 'SNMP output is not found after walk of with control plane ACL service SNMP after reboot OID'
2023-12-25 01:34:11,816 T0333: WARN  #### gw3  system/test_ssh.py::test_ft_ssh_add_user_verify
2023-12-25 01:34:11,816 T0333: WARN  support testcase test_ft_controlplane_acl_service_snmp Fail 'SNMP output is not found after walk of with control plane ACL service SNMP after reboot OID'
2023-12-25 01:36:14,614 T0338: WARN  #### gw3  system/test_ssh.py::test_ft_ssh_add_user_verify
2023-12-25 01:36:14,614 T0338: WARN  support pre-function-epilog test_ft_ssh_add_user_verify Fail 'Test case Failed.'
2023-12-25 01:36:14,616 T0339: WARN  #### gw3  system/test_ssh.py::test_ft_ssh_add_user_verify
2023-12-25 01:36:14,616 T0339: WARN  support pre-function-epilog test_ft_ssh_add_user_verify Fail 'Test case Failed.'
2023-12-25 01:36:15,002 T0340: WARN  #### gw3  system/test_ssh.py::test_ft_ssh_add_user_verify
2023-12-25 01:36:15,003 T0340: WARN  support post-function-epilog test_ft_ssh_add_user_verify ignore 'Test case Failed.'
2023-12-25 01:36:15,004 T0341: WARN  #### gw3  system/test_ssh.py::test_ft_ssh_add_user_verify
2023-12-25 01:36:15,004 T0341: WARN  support post-function-epilog test_ft_ssh_add_user_verify ignore 'Test case Failed.'
2023-12-25 01:36:20,229 T0347: INFO  #### gw3  system/test_ssh.py
2023-12-25 01:36:20,229 T0347: INFO  support pre-function-prolog test_ft_verify_logs_at_the_time_of_ssh_login_success  ''
2023-12-25 01:36:20,233 T0348: INFO  #### gw3  system/test_ssh.py
2023-12-25 01:36:20,234 T0348: INFO  support pre-function-prolog test_ft_verify_logs_at_the_time_of_ssh_login_success  ''
2023-12-25 01:36:20,246 T0349: INFO  #### gw3  system/test_ssh.py::test_ft_verify_logs_at_the_time_of_ssh_login_success
2023-12-25 01:36:20,246 T0349: INFO  support post-function-prolog test_ft_verify_logs_at_the_time_of_ssh_login_success Pass ''
2023-12-25 01:36:20,248 T0350: INFO  #### gw3  system/test_ssh.py::test_ft_verify_logs_at_the_time_of_ssh_login_success
2023-12-25 01:36:20,248 T0350: INFO  support post-function-prolog test_ft_verify_logs_at_the_time_of_ssh_login_success Pass ''
2023-12-25 01:36:40,236 T0353: INFO  #### gw3  system/test_ssh.py::test_ft_verify_logs_at_the_time_of_ssh_login_success
2023-12-25 01:36:40,236 T0353: INFO  support pre-function-epilog test_ft_verify_logs_at_the_time_of_ssh_login_success Pass 'Test case passed'
2023-12-25 01:36:40,239 T0354: INFO  #### gw3  system/test_ssh.py::test_ft_verify_logs_at_the_time_of_ssh_login_success
2023-12-25 01:36:40,239 T0354: INFO  support pre-function-epilog test_ft_verify_logs_at_the_time_of_ssh_login_success Pass 'Test case passed'
2023-12-25 01:36:40,251 T0355: INFO  #### gw3  system/test_ssh.py::test_ft_verify_logs_at_the_time_of_ssh_login_success
2023-12-25 01:36:40,251 T0355: INFO  support post-function-epilog test_ft_verify_logs_at_the_time_of_ssh_login_success Pass 'Test case passed'
2023-12-25 01:36:40,253 T0356: INFO  #### gw3  system/test_ssh.py::test_ft_verify_logs_at_the_time_of_ssh_login_success
2023-12-25 01:36:40,253 T0356: INFO  support post-function-epilog test_ft_verify_logs_at_the_time_of_ssh_login_success Pass 'Test case passed'
2023-12-25 01:36:40,285 T0357: WARN  #### gw3  system/test_ssh.py::test_ft_verify_logs_at_the_time_of_ssh_login_success
2023-12-25 01:36:40,285 T0357: WARN  support pre-module-epilog system/test_ssh.py fail ''
2023-12-25 01:36:40,287 T0358: WARN  #### gw3  system/test_ssh.py::test_ft_verify_logs_at_the_time_of_ssh_login_success
2023-12-25 01:36:40,288 T0358: WARN  support pre-module-epilog system/test_ssh.py fail ''
2023-12-25 01:37:33,171 T0383: WARN  #### gw3  system/test_ssh.py::test_ft_verify_logs_at_the_time_of_ssh_login_success
2023-12-25 01:37:33,171 T0383: WARN  support post-module-epilog system/test_ssh.py fail ''
2023-12-25 01:37:33,173 T0384: WARN  #### gw3  system/test_ssh.py::test_ft_verify_logs_at_the_time_of_ssh_login_success
2023-12-25 01:37:33,174 T0384: WARN  support post-module-epilog system/test_ssh.py fail ''
2023-12-25 01:39:30,277 T0429: WARN  #### gw3  batch/test_spytest_infra_1.py::test_spytest_infra_last
2023-12-25 01:39:30,277 T0429: WARN  support session-epilog session pass ''
2023-12-25 01:39:30,279 T0430: WARN  #### gw3  batch/test_spytest_infra_1.py::test_spytest_infra_last
2023-12-25 01:39:30,279 T0430: WARN  support session-epilog session pass ''