2024-01-06 00:58:35,646 T0006: [D2-V4] ['export TMOUT=0', 'stty cols 5000', 'uptime']
2024-01-06 00:58:35,653 T0005: [D1-V3] ['export TMOUT=0', 'stty cols 5000', 'uptime']
2024-01-06 00:58:36,318 T0006: [D2-V4] cat /proc/uptime
2024-01-06 00:58:36,369 T0005: [D1-V3] cat /proc/uptime
2024-01-06 00:58:36,982 T0006: [D2-V4] sudo vtysh -c 'show running-config | include hostname'
2024-01-06 00:58:37,186 T0005: [D1-V3] sudo vtysh -c 'show running-config | include hostname'
2024-01-06 00:58:40,087 T0006: [D2-V4] /sbin/ip link set dev eth0 up
2024-01-06 00:58:40,856 T0006: [D2-V4] /sbin/ip route list dev eth0
2024-01-06 00:58:46,644 T0005: [D1-V3] /sbin/ip link set dev eth0 up
2024-01-06 00:58:47,466 T0005: [D1-V3] /sbin/ip route list dev eth0
2024-01-06 00:59:07,578 T0006: [D2-V4] /sbin/ip link set dev eth0 up
2024-01-06 00:59:08,249 T0006: [D2-V4] /sbin/ip route list dev eth0
2024-01-06 00:59:08,928 T0006: [D2-V4] ['export TMOUT=0', 'stty cols 5000', 'uptime']
2024-01-06 00:59:11,113 T0006: [D2-V4] /sbin/ip link set dev eth0 up
2024-01-06 00:59:11,776 T0006: [D2-V4] /sbin/ip route list dev eth0
2024-01-06 00:59:11,840 T0005: [D1-V3] /sbin/ip link set dev eth0 up
2024-01-06 00:59:12,505 T0005: [D1-V3] /sbin/ip route list dev eth0
2024-01-06 00:59:13,112 T0006: [D2-V4] show version
2024-01-06 00:59:13,175 T0005: [D1-V3] ['export TMOUT=0', 'stty cols 5000', 'uptime']
2024-01-06 00:59:15,374 T0006: [D2-V4] /sbin/ip link set dev eth0 up
2024-01-06 00:59:15,374 T0005: [D1-V3] /sbin/ip link set dev eth0 up
2024-01-06 00:59:16,048 T0006: [D2-V4] /sbin/ip route list dev eth0
2024-01-06 00:59:16,053 T0005: [D1-V3] /sbin/ip route list dev eth0
2024-01-06 00:59:17,406 T0005: [D1-V3] show version
2024-01-06 00:59:18,206 T0006: [D2-V4] /sbin/ip link set dev eth0 up
2024-01-06 00:59:18,876 T0006: [D2-V4] /sbin/ip route list dev eth0
2024-01-06 00:59:19,693 T0005: [D1-V3] /sbin/ip link set dev eth0 up
2024-01-06 00:59:20,360 T0005: [D1-V3] /sbin/ip route list dev eth0
2024-01-06 00:59:22,506 T0005: [D1-V3] /sbin/ip link set dev eth0 up
2024-01-06 00:59:23,170 T0005: [D1-V3] /sbin/ip route list dev eth0
2024-01-06 01:01:37,272 T0017: [D1-V3] sudo show interfaces status
2024-01-06 01:01:37,278 T0018: [D2-V4] sudo show interfaces status
2024-01-06 01:01:39,316 T0018: [D2-V4] config interface startup Ethernet48
2024-01-06 01:01:39,363 T0017: [D1-V3] config interface startup Ethernet0
2024-01-06 01:01:40,835 T0018: [D2-V4] config interface startup Ethernet52
2024-01-06 01:01:40,840 T0017: [D1-V3] config interface startup Ethernet4
2024-01-06 01:01:42,163 T0017: [D1-V3] config interface startup Ethernet8
2024-01-06 01:01:42,265 T0018: [D2-V4] config interface startup Ethernet56
2024-01-06 01:01:43,531 T0017: [D1-V3] config interface startup Ethernet12
2024-01-06 01:01:43,637 T0018: [D2-V4] config interface startup Ethernet60
2024-01-06 01:01:44,853 T0017: [D1-V3] config interface startup Ethernet48
2024-01-06 01:01:45,109 T0018: [D2-V4] config interface startup Ethernet64
2024-01-06 01:01:46,277 T0017: [D1-V3] config interface startup Ethernet52
2024-01-06 01:01:46,480 T0018: [D2-V4] config interface startup Ethernet68
2024-01-06 01:01:47,603 T0017: [D1-V3] config interface startup Ethernet56
2024-01-06 01:01:47,804 T0018: [D2-V4] config interface startup Ethernet0
2024-01-06 01:01:49,125 T0017: [D1-V3] config interface startup Ethernet60
2024-01-06 01:01:49,176 T0018: [D2-V4] config interface startup Ethernet4
2024-01-06 01:01:50,447 T0017: [D1-V3] config interface startup Ethernet64
2024-01-06 01:01:50,451 T0018: [D2-V4] config interface startup Ethernet8
2024-01-06 01:01:51,780 T0018: [D2-V4] config interface startup Ethernet12
2024-01-06 01:01:51,788 T0017: [D1-V3] config interface startup Ethernet68
2024-01-06 01:01:53,113 T0018: [D2-V4] config interface shutdown Ethernet16
2024-01-06 01:01:53,120 T0017: [D1-V3] config interface shutdown Ethernet16
2024-01-06 01:01:54,395 T0018: [D2-V4] config interface shutdown Ethernet20
2024-01-06 01:01:54,402 T0017: [D1-V3] config interface shutdown Ethernet20
2024-01-06 01:01:55,676 T0017: [D1-V3] config interface shutdown Ethernet24
2024-01-06 01:01:55,731 T0018: [D2-V4] config interface shutdown Ethernet24
2024-01-06 01:01:56,946 T0017: [D1-V3] config interface shutdown Ethernet28
2024-01-06 01:01:57,055 T0018: [D2-V4] config interface shutdown Ethernet28
2024-01-06 01:01:58,218 T0017: [D1-V3] config interface shutdown Ethernet32
2024-01-06 01:01:58,377 T0018: [D2-V4] config interface shutdown Ethernet32
2024-01-06 01:01:59,488 T0017: [D1-V3] config interface shutdown Ethernet36
2024-01-06 01:01:59,651 T0018: [D2-V4] config interface shutdown Ethernet36
2024-01-06 01:02:00,757 T0017: [D1-V3] config interface shutdown Ethernet40
2024-01-06 01:02:01,024 T0018: [D2-V4] config interface shutdown Ethernet40
2024-01-06 01:02:02,025 T0017: [D1-V3] config interface shutdown Ethernet44
2024-01-06 01:02:02,343 T0018: [D2-V4] config interface shutdown Ethernet44
2024-01-06 01:02:03,291 T0017: [D1-V3] config interface shutdown Ethernet72
2024-01-06 01:02:03,665 T0018: [D2-V4] config interface shutdown Ethernet72
2024-01-06 01:02:04,562 T0017: [D1-V3] config interface shutdown Ethernet76
2024-01-06 01:02:04,935 T0018: [D2-V4] config interface shutdown Ethernet76
2024-01-06 01:02:05,882 T0017: [D1-V3] config interface shutdown Ethernet80
2024-01-06 01:02:06,211 T0018: [D2-V4] config interface shutdown Ethernet80
2024-01-06 01:02:07,152 T0017: [D1-V3] config interface shutdown Ethernet84
2024-01-06 01:02:07,533 T0018: [D2-V4] config interface shutdown Ethernet84
2024-01-06 01:02:08,420 T0017: [D1-V3] config interface shutdown Ethernet88
2024-01-06 01:02:08,906 T0018: [D2-V4] config interface shutdown Ethernet88
2024-01-06 01:02:09,745 T0017: [D1-V3] config interface shutdown Ethernet92
2024-01-06 01:02:10,181 T0018: [D2-V4] config interface shutdown Ethernet92
2024-01-06 01:02:11,013 T0017: [D1-V3] config interface shutdown Ethernet96
2024-01-06 01:02:11,455 T0018: [D2-V4] config interface shutdown Ethernet96
2024-01-06 01:02:12,286 T0017: [D1-V3] config interface shutdown Ethernet100
2024-01-06 01:02:12,728 T0018: [D2-V4] config interface shutdown Ethernet100
2024-01-06 01:02:13,607 T0017: [D1-V3] config interface shutdown Ethernet104
2024-01-06 01:02:14,052 T0018: [D2-V4] config interface shutdown Ethernet104
2024-01-06 01:02:14,878 T0017: [D1-V3] config interface shutdown Ethernet108
2024-01-06 01:02:15,323 T0018: [D2-V4] config interface shutdown Ethernet108
2024-01-06 01:02:16,149 T0017: [D1-V3] config interface shutdown Ethernet112
2024-01-06 01:02:16,593 T0018: [D2-V4] config interface shutdown Ethernet112
2024-01-06 01:02:17,422 T0017: [D1-V3] config interface shutdown Ethernet116
2024-01-06 01:02:17,916 T0018: [D2-V4] config interface shutdown Ethernet116
2024-01-06 01:02:18,647 T0017: [D1-V3] config interface shutdown Ethernet120
2024-01-06 01:02:19,190 T0018: [D2-V4] config interface shutdown Ethernet120
2024-01-06 01:02:19,920 T0017: [D1-V3] config interface shutdown Ethernet124
2024-01-06 01:02:20,414 T0018: [D2-V4] config interface shutdown Ethernet124
2024-01-06 01:02:27,741 T0019: [D1-V3] show version
2024-01-06 01:02:27,747 T0020: [D2-V4] show version
2024-01-06 01:02:29,959 T0019: [D1-V3] cat /var/run/redis/sonic-db/database_config.json
2024-01-06 01:02:30,812 T0020: [D2-V4] cat /var/run/redis/sonic-db/database_config.json
2024-01-06 01:02:31,159 T0019: [D1-V3] /sbin/ifconfig eth0
2024-01-06 01:02:31,581 T0020: [D2-V4] /sbin/ifconfig eth0
2024-01-06 01:02:31,856 T0019: [D1-V3] ls /etc/sonic/bcmsim.cfg
2024-01-06 01:02:32,260 T0020: [D2-V4] ls /etc/sonic/bcmsim.cfg
2024-01-06 01:02:32,945 T0021: [D1-V3] no router bgp
2024-01-06 01:02:32,952 T0022: [D2-V4] no router bgp
2024-01-06 01:02:34,774 T0021: [D1-V3] config feature state sflow enabled
2024-01-06 01:02:34,784 T0022: [D2-V4] config feature state sflow enabled
2024-01-06 01:02:36,980 T0021: [D1-V3] config feature state nat enabled
2024-01-06 01:02:36,987 T0022: [D2-V4] config feature state nat enabled
2024-01-06 01:02:43,852 T0025: [D1-V3] config save /tmp/config-db-V3-post-session-prolog-session.json -y
2024-01-06 01:02:43,857 T0026: [D2-V4] config save /tmp/config-db-V4-post-session-prolog-session.json -y
2024-01-06 01:02:45,636 T0025: [D1-V3] chmod 777 /tmp/config-db-V3-post-session-prolog-session.json
2024-01-06 01:02:45,644 T0026: [D2-V4] chmod 777 /tmp/config-db-V4-post-session-prolog-session.json
2024-01-06 01:02:47,111 T0025: [D1-V3] /sbin/ip link set dev eth0 up
2024-01-06 01:02:47,115 T0026: [D2-V4] /sbin/ip link set dev eth0 up
2024-01-06 01:02:47,790 T0025: [D1-V3] /sbin/ip route list dev eth0
2024-01-06 01:02:47,798 T0026: [D2-V4] /sbin/ip route list dev eth0
2024-01-06 01:02:56,267 T0025: [D1-V3] sudo vtysh -c 'show running-config' > /tmp/vtysh-runcfg-V3-post-session-prolog-session.txt
2024-01-06 01:02:56,700 T0026: [D2-V4] sudo vtysh -c 'show running-config' > /tmp/vtysh-runcfg-V4-post-session-prolog-session.txt
2024-01-06 01:02:57,137 T0025: [D1-V3] chmod 777 /tmp/vtysh-runcfg-V3-post-session-prolog-session.txt
2024-01-06 01:02:57,518 T0026: [D2-V4] chmod 777 /tmp/vtysh-runcfg-V4-post-session-prolog-session.txt
2024-01-06 01:02:58,610 T0025: [D1-V3] /sbin/ip link set dev eth0 up
2024-01-06 01:02:58,990 T0026: [D2-V4] /sbin/ip link set dev eth0 up
2024-01-06 01:02:59,279 T0025: [D1-V3] /sbin/ip route list dev eth0
2024-01-06 01:02:59,658 T0026: [D2-V4] /sbin/ip route list dev eth0
2024-01-06 01:03:08,969 T0000: 
================== Framework Module Hook: batch/test_spytest_infra_1.py ==================
2024-01-06 01:03:08,994 T0049: [D1-V3] sudo show interfaces status Ethernet124
2024-01-06 01:03:09,000 T0050: [D2-V4] sudo show interfaces status Ethernet124
2024-01-06 01:03:11,506 T0052: [D1-V3] sudo show interfaces status
2024-01-06 01:03:11,509 T0053: [D2-V4] sudo show interfaces status
2024-01-06 01:03:13,933 T0000: 
================== Framework Module Hook Finish: batch/test_spytest_infra_1.py ==================
2024-01-06 01:03:13,933 T0000: 
================== Framework Function Hook: batch/test_spytest_infra_1.py::test_spytest_infra_first ==================
2024-01-06 01:03:18,224 T0057: [D1-V3] sudo show interfaces status
2024-01-06 01:03:18,227 T0058: [D2-V4] sudo show interfaces status
2024-01-06 01:03:24,665 T0059: [D1-V3] sudo show interfaces status Ethernet124
2024-01-06 01:03:24,672 T0060: [D2-V4] sudo show interfaces status Ethernet124
2024-01-06 01:03:27,980 T0000: 
================== Framework Function Hook Finish: batch/test_spytest_infra_1.py::test_spytest_infra_first ==================
2024-01-06 01:03:27,984 T0000: 
================== Test Execution: batch/test_spytest_infra_1.py::test_spytest_infra_first ==================
2024-01-06 01:03:28,011 T0000: 
================== Framework Function Hook Finalize: batch/test_spytest_infra_1.py::test_spytest_infra_first ==================
2024-01-06 01:03:28,181 T0000: 
================== Framework Function Hook: batch/test_spytest_infra_1.py::test_spytest_infra_second ==================
2024-01-06 01:03:28,205 T0062: [D1-V3] sudo show interfaces status
2024-01-06 01:03:28,207 T0063: [D2-V4] sudo show interfaces status
2024-01-06 01:03:30,070 T0064: [D1-V3] sudo show interfaces status Ethernet124
2024-01-06 01:03:30,078 T0065: [D2-V4] sudo show interfaces status Ethernet124
2024-01-06 01:03:33,335 T0000: 
================== Framework Function Hook Finish: batch/test_spytest_infra_1.py::test_spytest_infra_second ==================
2024-01-06 01:03:33,337 T0000: 
================== Test Execution: batch/test_spytest_infra_1.py::test_spytest_infra_second ==================
2024-01-06 01:03:33,365 T0000: 
================== Framework Function Hook Finalize: batch/test_spytest_infra_1.py::test_spytest_infra_second ==================
2024-01-06 01:03:33,371 T0066: [D1-V3] sudo show interfaces status Ethernet124
2024-01-06 01:03:33,379 T0067: [D2-V4] sudo show interfaces status Ethernet124
2024-01-06 01:03:35,941 T0000: 
================== Framework Module Hook Finalize: batch/test_spytest_infra_1.py Pass: 2/2 ==================
2024-01-06 01:03:35,941 T0000: 
================== Devices used: batch/test_spytest_infra_1.py 2 ['V3', 'V4'] ==================
2024-01-06 01:03:36,770 T0000: 
================== Framework Module Hook: switching/test_vlan.py ==================
2024-01-06 01:03:36,792 T0074: [D1-V3] sudo show interfaces status Ethernet124
2024-01-06 01:03:36,801 T0075: [D2-V4] sudo show interfaces status Ethernet124
2024-01-06 01:03:39,230 T0077: [D1-V3] sudo show interfaces status
2024-01-06 01:03:39,233 T0078: [D2-V4] sudo show interfaces status
2024-01-06 01:03:41,297 T0079: [D1-V3] config save /tmp/config-db-V3-pre-module-prolog-switching-test_vlan.py.json -y
2024-01-06 01:03:41,303 T0080: [D2-V4] config save /tmp/config-db-V4-pre-module-prolog-switching-test_vlan.py.json -y
2024-01-06 01:03:42,985 T0080: [D2-V4] chmod 777 /tmp/config-db-V4-pre-module-prolog-switching-test_vlan.py.json
2024-01-06 01:03:42,992 T0079: [D1-V3] chmod 777 /tmp/config-db-V3-pre-module-prolog-switching-test_vlan.py.json
2024-01-06 01:03:44,472 T0080: [D2-V4] /sbin/ip link set dev eth0 up
2024-01-06 01:03:44,475 T0079: [D1-V3] /sbin/ip link set dev eth0 up
2024-01-06 01:03:45,151 T0080: [D2-V4] /sbin/ip route list dev eth0
2024-01-06 01:03:45,156 T0079: [D1-V3] /sbin/ip route list dev eth0
2024-01-06 01:03:53,648 T0080: [D2-V4] sudo vtysh -c 'show running-config' > /tmp/vtysh-runcfg-V4-pre-module-prolog-switching-test_vlan.py.txt
2024-01-06 01:03:53,654 T0079: [D1-V3] sudo vtysh -c 'show running-config' > /tmp/vtysh-runcfg-V3-pre-module-prolog-switching-test_vlan.py.txt
2024-01-06 01:03:54,529 T0080: [D2-V4] chmod 777 /tmp/vtysh-runcfg-V4-pre-module-prolog-switching-test_vlan.py.txt
2024-01-06 01:03:54,537 T0079: [D1-V3] chmod 777 /tmp/vtysh-runcfg-V3-pre-module-prolog-switching-test_vlan.py.txt
2024-01-06 01:03:56,029 T0079: [D1-V3] /sbin/ip link set dev eth0 up
2024-01-06 01:03:56,030 T0080: [D2-V4] /sbin/ip link set dev eth0 up
2024-01-06 01:03:56,712 T0080: [D2-V4] /sbin/ip route list dev eth0
2024-01-06 01:03:56,720 T0079: [D1-V3] /sbin/ip route list dev eth0
2024-01-06 01:04:05,197 T0000: 
================== Framework Module Hook Finish: switching/test_vlan.py ==================
2024-01-06 01:04:05,198 T0000: 
================== Module Hook: switching/test_vlan.py vlan_module_hooks ==================
2024-01-06 01:04:05,198 T0000: [D1-V3] show version
2024-01-06 01:04:06,892 T0000: [D1-V3] show platform summary
2024-01-06 01:04:08,224 T0097: [D1-V3] ['config vlan add 277']
2024-01-06 01:04:09,699 T0097: [D1-V3] config vlan member add 277 Ethernet0
2024-01-06 01:04:10,970 T0097: [D1-V3] config vlan member add 277 Ethernet4
2024-01-06 01:04:16,251 T0000: 
================== Module Hook Finish: switching/test_vlan.py vlan_module_hooks ==================
2024-01-06 01:04:16,252 T0000: 
================== Framework Function Hook: switching/test_vlan.py::test_ft_add_unknownvlan_interface ==================
2024-01-06 01:04:16,258 T0098: [D1-V3] config save /tmp/config-db-V3-post-module-prolog-switching-test_vlan.py.json -y
2024-01-06 01:04:16,263 T0099: [D2-V4] config save /tmp/config-db-V4-post-module-prolog-switching-test_vlan.py.json -y
2024-01-06 01:04:18,041 T0099: [D2-V4] chmod 777 /tmp/config-db-V4-post-module-prolog-switching-test_vlan.py.json
2024-01-06 01:04:18,341 T0098: [D1-V3] chmod 777 /tmp/config-db-V3-post-module-prolog-switching-test_vlan.py.json
2024-01-06 01:04:19,514 T0099: [D2-V4] /sbin/ip link set dev eth0 up
2024-01-06 01:04:20,117 T0098: [D1-V3] /sbin/ip link set dev eth0 up
2024-01-06 01:04:20,178 T0099: [D2-V4] /sbin/ip route list dev eth0
2024-01-06 01:04:20,786 T0098: [D1-V3] /sbin/ip route list dev eth0
2024-01-06 01:04:28,648 T0099: [D2-V4] sudo vtysh -c 'show running-config' > /tmp/vtysh-runcfg-V4-post-module-prolog-switching-test_vlan.py.txt
2024-01-06 01:04:29,242 T0098: [D1-V3] sudo vtysh -c 'show running-config' > /tmp/vtysh-runcfg-V3-post-module-prolog-switching-test_vlan.py.txt
2024-01-06 01:04:29,515 T0099: [D2-V4] chmod 777 /tmp/vtysh-runcfg-V4-post-module-prolog-switching-test_vlan.py.txt
2024-01-06 01:04:30,112 T0098: [D1-V3] chmod 777 /tmp/vtysh-runcfg-V3-post-module-prolog-switching-test_vlan.py.txt
2024-01-06 01:04:30,991 T0099: [D2-V4] /sbin/ip link set dev eth0 up
2024-01-06 01:04:31,590 T0098: [D1-V3] /sbin/ip link set dev eth0 up
2024-01-06 01:04:31,662 T0099: [D2-V4] /sbin/ip route list dev eth0
2024-01-06 01:04:32,259 T0098: [D1-V3] /sbin/ip route list dev eth0
2024-01-06 01:04:45,065 T0119: [D1-V3] sudo show interfaces status
2024-01-06 01:04:45,067 T0120: [D2-V4] sudo show interfaces status
2024-01-06 01:04:46,985 T0121: [D1-V3] sudo show interfaces status Ethernet124
2024-01-06 01:04:46,991 T0122: [D2-V4] sudo show interfaces status Ethernet124
2024-01-06 01:04:50,384 T0000: 
================== Framework Function Hook Finish: switching/test_vlan.py::test_ft_add_unknownvlan_interface ==================
2024-01-06 01:04:50,385 T0000: 
================== Function Hook: switching/test_vlan.py vlan_func_hooks ==================
2024-01-06 01:04:50,395 T0000: 
================== Function Hook Finish: switching/test_vlan.py vlan_func_hooks ==================
2024-01-06 01:04:50,397 T0000: 
================== Test Execution: switching/test_vlan.py::test_ft_add_unknownvlan_interface ==================
2024-01-06 01:04:50,407 T0000: [D1-V3] config vlan member add 597 Ethernet48 -u 
2024-01-06 01:04:51,737 T0000: [D1-V3] config vlan member add 277 Ethernet48
2024-01-06 01:04:53,050 T0000: [D1-V3] config vlan member del 277 Ethernet48
2024-01-06 01:04:54,361 T0000: 
================== Function Hook Finalize: switching/test_vlan.py vlan_func_hooks ==================
2024-01-06 01:04:54,406 T0000: 
================== Framework Function Hook Finalize: switching/test_vlan.py::test_ft_add_unknownvlan_interface ==================
2024-01-06 01:04:54,409 T0000: 
================== Framework Function Hook: switching/test_vlan.py::test_ft_vlan_delete_with_member ==================
2024-01-06 01:04:54,429 T0132: [D1-V3] sudo show interfaces status
2024-01-06 01:04:54,431 T0133: [D2-V4] sudo show interfaces status
2024-01-06 01:04:56,400 T0134: [D1-V3] sudo show interfaces status Ethernet124
2024-01-06 01:04:56,407 T0135: [D2-V4] sudo show interfaces status Ethernet124
2024-01-06 01:04:59,691 T0000: 
================== Framework Function Hook Finish: switching/test_vlan.py::test_ft_vlan_delete_with_member ==================
2024-01-06 01:04:59,692 T0000: 
================== Function Hook: switching/test_vlan.py vlan_func_hooks ==================
2024-01-06 01:04:59,703 T0000: 
================== Function Hook Finish: switching/test_vlan.py vlan_func_hooks ==================
2024-01-06 01:04:59,704 T0000: 
================== Test Execution: switching/test_vlan.py::test_ft_vlan_delete_with_member ==================
2024-01-06 01:04:59,704 T0000: [D1-V3] ['config vlan add 597']
2024-01-06 01:05:01,065 T0000: [D1-V3] config vlan member add 597 Ethernet72
2024-01-06 01:05:02,387 T0000: [D1-V3] ['config vlan del 597']
2024-01-06 01:05:03,716 T0000: [D1-V3] config vlan member del 597 Ethernet72
2024-01-06 01:05:05,031 T0000: [D1-V3] show vlan config
2024-01-06 01:05:06,353 T0000: [D1-V3] ['config vlan del 597']
2024-01-06 01:05:07,655 T0000: [D1-V3] show vlan config
2024-01-06 01:05:08,983 T0000: 
================== Function Hook Finalize: switching/test_vlan.py vlan_func_hooks ==================
2024-01-06 01:05:09,019 T0000: 
================== Framework Function Hook Finalize: switching/test_vlan.py::test_ft_vlan_delete_with_member ==================
2024-01-06 01:05:09,020 T0000: 
================== Framework Function Hook: switching/test_vlan.py::test_ft_vlan_trunk_tagged ==================
2024-01-06 01:05:09,051 T0145: [D1-V3] sudo show interfaces status
2024-01-06 01:05:09,054 T0146: [D2-V4] sudo show interfaces status
2024-01-06 01:05:11,005 T0147: [D1-V3] sudo show interfaces status Ethernet124
2024-01-06 01:05:11,008 T0148: [D2-V4] sudo show interfaces status Ethernet124
2024-01-06 01:05:14,334 T0000: 
================== Framework Function Hook Finish: switching/test_vlan.py::test_ft_vlan_trunk_tagged ==================
2024-01-06 01:05:14,335 T0000: 
================== Function Hook: switching/test_vlan.py vlan_func_hooks ==================
2024-01-06 01:05:14,343 T0000: 
================== Function Hook Finish: switching/test_vlan.py vlan_func_hooks ==================
2024-01-06 01:05:14,343 T0000: 
================== Test Execution: switching/test_vlan.py::test_ft_vlan_trunk_tagged ==================
2024-01-06 01:05:14,352 T0000: [D1-V3] sonic-clear counters
2024-01-06 01:05:40,196 T0000: [D1-V3] show mac
2024-01-06 01:06:35,791 T0000: 
================== Function Hook Finalize: switching/test_vlan.py vlan_func_hooks ==================
2024-01-06 01:06:35,825 T0000: 
================== Framework Function Hook Finalize: switching/test_vlan.py::test_ft_vlan_trunk_tagged ==================
2024-01-06 01:06:35,826 T0000: 
================== Framework Function Hook: switching/test_vlan.py::test_ft_vlan_save_config_warm_and_fast_reboot ==================
2024-01-06 01:06:35,843 T0158: [D1-V3] sudo show interfaces status
2024-01-06 01:06:35,846 T0159: [D2-V4] sudo show interfaces status
2024-01-06 01:06:37,800 T0160: [D1-V3] sudo show interfaces status Ethernet124
2024-01-06 01:06:37,807 T0161: [D2-V4] sudo show interfaces status Ethernet124
2024-01-06 01:06:41,211 T0000: 
================== Framework Function Hook Finish: switching/test_vlan.py::test_ft_vlan_save_config_warm_and_fast_reboot ==================
2024-01-06 01:06:41,211 T0000: 
================== Function Hook: switching/test_vlan.py vlan_func_hooks ==================
2024-01-06 01:06:41,224 T0000: 
================== Function Hook Finish: switching/test_vlan.py vlan_func_hooks ==================
2024-01-06 01:06:41,225 T0000: 
================== Test Execution: switching/test_vlan.py::test_ft_vlan_save_config_warm_and_fast_reboot ==================
2024-01-06 01:06:41,236 T0000: [D1-V3] ['config vlan add 1', 'config vlan add 2', 'config vlan add 3', 'config vlan add 4', 'config vlan add 5', 'config vlan add 6', 'config vlan add 7', 'config vlan add 8', 'config vlan add 9', 'config vlan add 10', 'config vlan add 11', 'config vlan add 12', 'config vlan add 13', 'config vlan add 14', 'config vlan add 15', 'config vlan add 16', 'config vlan add 17', 'config vlan add 18', 'config vlan add 19', 'config vlan add 20', 'config vlan add 21', 'config vlan add 22', 'config vlan add 23', 'config vlan add 24', 'config vlan add 25', 'config vlan add 26', 'config vlan add 27', 'config vlan add 28', 'config vlan add 29', 'config vlan add 30', 'config vlan add 31', 'config vlan add 32', 'config vlan add 33', 'config vlan add 34', 'config vlan add 35', 'config vlan add 36', 'config vlan add 37', 'config vlan add 38', 'config vlan add 39', 'config vlan add 40', 'config vlan add 41', 'config vlan add 42', 'config vlan add 43', 'config vlan add 44', 'config vlan add 45', 'config vlan add 46', 'config vlan add 47', 'config vlan add 48', 'config vlan add 49', 'config vlan add 50', 'config vlan add 51', 'config vlan add 52', 'config vlan add 53', 'config vlan add 54', 'config vlan add 55', 'config vlan add 56', 'config vlan add 57', 'config vlan add 58', 'config vlan add 59', 'config vlan add 60', 'config vlan add 61', 'config vlan add 62', 'config vlan add 63', 'config vlan add 64', 'config vlan add 65', 'config vlan add 66', 'config vlan add 67', 'config vlan add 68', 'config vlan add 69', 'config vlan add 70', 'config vlan add 71', 'config vlan add 72', 'config vlan add 73', 'config vlan add 74', 'config vlan add 75', 'config vlan add 76', 'config vlan add 77', 'config vlan add 78', 'config vlan add 79', 'config vlan add 80', 'config vlan add 81', 'config vlan add 82', 'config vlan add 83', 'config vlan add 84', 'config vlan add 85', 'config vlan add 86', 'config vlan add 87', 'config vlan add 88', 'config vlan add 89', 'config vlan add 90', 'config vlan add 91', 'config vlan add 92', 'config vlan add 93', 'config vlan add 94', 'config vlan add 95', 'config vlan add 96', 'config vlan add 97', 'config vlan add 98', 'config vlan add 99', 'config vlan add 100']
2024-01-06 01:07:50,292 T0000: [D1-V3] show vlan config
2024-01-06 01:07:51,704 T0000: [D1-V3] ['config vlan member add 1 Ethernet0', 'config vlan member add 2 Ethernet0', 'config vlan member add 3 Ethernet0', 'config vlan member add 4 Ethernet0', 'config vlan member add 5 Ethernet0', 'config vlan member add 6 Ethernet0', 'config vlan member add 7 Ethernet0', 'config vlan member add 8 Ethernet0', 'config vlan member add 9 Ethernet0', 'config vlan member add 10 Ethernet0', 'config vlan member add 11 Ethernet0', 'config vlan member add 12 Ethernet0', 'config vlan member add 13 Ethernet0', 'config vlan member add 14 Ethernet0', 'config vlan member add 15 Ethernet0', 'config vlan member add 16 Ethernet0', 'config vlan member add 17 Ethernet0', 'config vlan member add 18 Ethernet0', 'config vlan member add 19 Ethernet0', 'config vlan member add 20 Ethernet0', 'config vlan member add 21 Ethernet0', 'config vlan member add 22 Ethernet0', 'config vlan member add 23 Ethernet0', 'config vlan member add 24 Ethernet0', 'config vlan member add 25 Ethernet0', 'config vlan member add 26 Ethernet0', 'config vlan member add 27 Ethernet0', 'config vlan member add 28 Ethernet0', 'config vlan member add 29 Ethernet0', 'config vlan member add 30 Ethernet0', 'config vlan member add 31 Ethernet0', 'config vlan member add 32 Ethernet0', 'config vlan member add 33 Ethernet0', 'config vlan member add 34 Ethernet0', 'config vlan member add 35 Ethernet0', 'config vlan member add 36 Ethernet0', 'config vlan member add 37 Ethernet0', 'config vlan member add 38 Ethernet0', 'config vlan member add 39 Ethernet0', 'config vlan member add 40 Ethernet0', 'config vlan member add 41 Ethernet0', 'config vlan member add 42 Ethernet0', 'config vlan member add 43 Ethernet0', 'config vlan member add 44 Ethernet0', 'config vlan member add 45 Ethernet0', 'config vlan member add 46 Ethernet0', 'config vlan member add 47 Ethernet0', 'config vlan member add 48 Ethernet0', 'config vlan member add 49 Ethernet0', 'config vlan member add 50 Ethernet0', 'config vlan member add 51 Ethernet0', 'config vlan member add 52 Ethernet0', 'config vlan member add 53 Ethernet0', 'config vlan member add 54 Ethernet0', 'config vlan member add 55 Ethernet0', 'config vlan member add 56 Ethernet0', 'config vlan member add 57 Ethernet0', 'config vlan member add 58 Ethernet0', 'config vlan member add 59 Ethernet0', 'config vlan member add 60 Ethernet0', 'config vlan member add 61 Ethernet0', 'config vlan member add 62 Ethernet0', 'config vlan member add 63 Ethernet0', 'config vlan member add 64 Ethernet0', 'config vlan member add 65 Ethernet0', 'config vlan member add 66 Ethernet0', 'config vlan member add 67 Ethernet0', 'config vlan member add 68 Ethernet0', 'config vlan member add 69 Ethernet0', 'config vlan member add 70 Ethernet0', 'config vlan member add 71 Ethernet0', 'config vlan member add 72 Ethernet0', 'config vlan member add 73 Ethernet0', 'config vlan member add 74 Ethernet0', 'config vlan member add 75 Ethernet0', 'config vlan member add 76 Ethernet0', 'config vlan member add 77 Ethernet0', 'config vlan member add 78 Ethernet0', 'config vlan member add 79 Ethernet0', 'config vlan member add 80 Ethernet0', 'config vlan member add 81 Ethernet0', 'config vlan member add 82 Ethernet0', 'config vlan member add 83 Ethernet0', 'config vlan member add 84 Ethernet0', 'config vlan member add 85 Ethernet0', 'config vlan member add 86 Ethernet0', 'config vlan member add 87 Ethernet0', 'config vlan member add 88 Ethernet0', 'config vlan member add 89 Ethernet0', 'config vlan member add 90 Ethernet0', 'config vlan member add 91 Ethernet0', 'config vlan member add 92 Ethernet0', 'config vlan member add 93 Ethernet0', 'config vlan member add 94 Ethernet0', 'config vlan member add 95 Ethernet0', 'config vlan member add 96 Ethernet0', 'config vlan member add 97 Ethernet0', 'config vlan member add 98 Ethernet0', 'config vlan member add 99 Ethernet0', 'config vlan member add 100 Ethernet0']
2024-01-06 01:09:05,600 T0000: [D1-V3] ['config vlan member add 1 Ethernet4', 'config vlan member add 2 Ethernet4', 'config vlan member add 3 Ethernet4', 'config vlan member add 4 Ethernet4', 'config vlan member add 5 Ethernet4', 'config vlan member add 6 Ethernet4', 'config vlan member add 7 Ethernet4', 'config vlan member add 8 Ethernet4', 'config vlan member add 9 Ethernet4', 'config vlan member add 10 Ethernet4', 'config vlan member add 11 Ethernet4', 'config vlan member add 12 Ethernet4', 'config vlan member add 13 Ethernet4', 'config vlan member add 14 Ethernet4', 'config vlan member add 15 Ethernet4', 'config vlan member add 16 Ethernet4', 'config vlan member add 17 Ethernet4', 'config vlan member add 18 Ethernet4', 'config vlan member add 19 Ethernet4', 'config vlan member add 20 Ethernet4', 'config vlan member add 21 Ethernet4', 'config vlan member add 22 Ethernet4', 'config vlan member add 23 Ethernet4', 'config vlan member add 24 Ethernet4', 'config vlan member add 25 Ethernet4', 'config vlan member add 26 Ethernet4', 'config vlan member add 27 Ethernet4', 'config vlan member add 28 Ethernet4', 'config vlan member add 29 Ethernet4', 'config vlan member add 30 Ethernet4', 'config vlan member add 31 Ethernet4', 'config vlan member add 32 Ethernet4', 'config vlan member add 33 Ethernet4', 'config vlan member add 34 Ethernet4', 'config vlan member add 35 Ethernet4', 'config vlan member add 36 Ethernet4', 'config vlan member add 37 Ethernet4', 'config vlan member add 38 Ethernet4', 'config vlan member add 39 Ethernet4', 'config vlan member add 40 Ethernet4', 'config vlan member add 41 Ethernet4', 'config vlan member add 42 Ethernet4', 'config vlan member add 43 Ethernet4', 'config vlan member add 44 Ethernet4', 'config vlan member add 45 Ethernet4', 'config vlan member add 46 Ethernet4', 'config vlan member add 47 Ethernet4', 'config vlan member add 48 Ethernet4', 'config vlan member add 49 Ethernet4', 'config vlan member add 50 Ethernet4', 'config vlan member add 51 Ethernet4', 'config vlan member add 52 Ethernet4', 'config vlan member add 53 Ethernet4', 'config vlan member add 54 Ethernet4', 'config vlan member add 55 Ethernet4', 'config vlan member add 56 Ethernet4', 'config vlan member add 57 Ethernet4', 'config vlan member add 58 Ethernet4', 'config vlan member add 59 Ethernet4', 'config vlan member add 60 Ethernet4', 'config vlan member add 61 Ethernet4', 'config vlan member add 62 Ethernet4', 'config vlan member add 63 Ethernet4', 'config vlan member add 64 Ethernet4', 'config vlan member add 65 Ethernet4', 'config vlan member add 66 Ethernet4', 'config vlan member add 67 Ethernet4', 'config vlan member add 68 Ethernet4', 'config vlan member add 69 Ethernet4', 'config vlan member add 70 Ethernet4', 'config vlan member add 71 Ethernet4', 'config vlan member add 72 Ethernet4', 'config vlan member add 73 Ethernet4', 'config vlan member add 74 Ethernet4', 'config vlan member add 75 Ethernet4', 'config vlan member add 76 Ethernet4', 'config vlan member add 77 Ethernet4', 'config vlan member add 78 Ethernet4', 'config vlan member add 79 Ethernet4', 'config vlan member add 80 Ethernet4', 'config vlan member add 81 Ethernet4', 'config vlan member add 82 Ethernet4', 'config vlan member add 83 Ethernet4', 'config vlan member add 84 Ethernet4', 'config vlan member add 85 Ethernet4', 'config vlan member add 86 Ethernet4', 'config vlan member add 87 Ethernet4', 'config vlan member add 88 Ethernet4', 'config vlan member add 89 Ethernet4', 'config vlan member add 90 Ethernet4', 'config vlan member add 91 Ethernet4', 'config vlan member add 92 Ethernet4', 'config vlan member add 93 Ethernet4', 'config vlan member add 94 Ethernet4', 'config vlan member add 95 Ethernet4', 'config vlan member add 96 Ethernet4', 'config vlan member add 97 Ethernet4', 'config vlan member add 98 Ethernet4', 'config vlan member add 99 Ethernet4', 'config vlan member add 100 Ethernet4']
2024-01-06 01:10:15,886 T0000: [D1-V3] config save -y
2024-01-06 01:10:17,645 T0000: [D1-V3] do copy running-config startup-config
2024-01-06 01:10:20,603 T0000: [D1-V3] reboot
2024-01-06 01:15:37,661 T0000: [D1-V3] ['export TMOUT=0', 'stty cols 5000', 'uptime']
2024-01-06 01:15:38,363 T0000: [D1-V3] cat /proc/uptime
2024-01-06 01:15:39,919 T0000: [D1-V3] ['export TMOUT=0', 'stty cols 5000', 'uptime']
2024-01-06 01:15:40,621 T0000: [D1-V3] cat /proc/uptime
2024-01-06 01:15:41,327 T0000: [D1-V3] sudo vtysh -c 'show running-config | include hostname'
2024-01-06 01:15:42,255 T0000: [D1-V3] sudo show interfaces status Ethernet124
2024-01-06 01:15:45,063 T0000: [D1-V3] /sbin/ip link set dev eth0 up
2024-01-06 01:15:45,768 T0000: [D1-V3] /sbin/ip route list dev eth0
2024-01-06 01:15:46,491 T0000: [D1-V3] ['export TMOUT=0', 'stty cols 5000', 'uptime']
2024-01-06 01:15:48,752 T0000: [D1-V3] /sbin/ip link set dev eth0 up
2024-01-06 01:15:49,462 T0000: [D1-V3] /sbin/ip route list dev eth0
2024-01-06 01:15:50,892 T0000: [D1-V3] show vlan config
2024-01-06 01:16:10,409 T0000: [D1-V3] show mac
2024-01-06 01:16:12,050 T0000: [D1-V3] fast-reboot
2024-01-06 01:18:03,772 T0000: [D1-V3] ['export TMOUT=0', 'stty cols 5000', 'uptime']
2024-01-06 01:18:04,476 T0000: [D1-V3] cat /proc/uptime
2024-01-06 01:18:06,025 T0000: [D1-V3] ['export TMOUT=0', 'stty cols 5000', 'uptime']
2024-01-06 01:18:06,727 T0000: [D1-V3] cat /proc/uptime
2024-01-06 01:18:07,455 T0000: [D1-V3] sudo vtysh -c 'show running-config | include hostname'
2024-01-06 01:18:13,239 T0000: [D1-V3] sudo vtysh -c 'show running-config | include hostname'
2024-01-06 01:18:14,181 T0000: [D1-V3] sudo show interfaces status Ethernet124
2024-01-06 01:18:17,091 T0000: [D1-V3] /sbin/ip link set dev eth0 up
2024-01-06 01:18:17,802 T0000: [D1-V3] /sbin/ip route list dev eth0
2024-01-06 01:18:18,526 T0000: [D1-V3] ['export TMOUT=0', 'stty cols 5000', 'uptime']
2024-01-06 01:18:20,767 T0000: [D1-V3] /sbin/ip link set dev eth0 up
2024-01-06 01:18:21,475 T0000: [D1-V3] /sbin/ip route list dev eth0
2024-01-06 01:18:22,911 T0000: [D1-V3] show vlan config
2024-01-06 01:18:34,430 T0000: [D1-V3] show mac
2024-01-06 01:18:35,928 T0000: [D1-V3] sonic-clear counters
2024-01-06 01:18:39,684 T0000: [D1-V3] show interfaces counters -a
2024-01-06 01:18:51,752 T0000: [D1-V3] show platform summary
2024-01-06 01:18:53,219 T0000: 
================== Function Hook Finalize: switching/test_vlan.py vlan_func_hooks ==================
2024-01-06 01:18:53,289 T0000: 
================== Framework Function Hook Finalize: switching/test_vlan.py::test_ft_vlan_save_config_warm_and_fast_reboot ==================
2024-01-06 01:18:53,294 T0168: [D1-V3] config save /tmp/config-db-V3-pre-module-epilog-switching-test_vlan.py.json -y
2024-01-06 01:18:53,299 T0169: [D2-V4] config save /tmp/config-db-V4-pre-module-epilog-switching-test_vlan.py.json -y
2024-01-06 01:18:55,027 T0169: [D2-V4] chmod 777 /tmp/config-db-V4-pre-module-epilog-switching-test_vlan.py.json
2024-01-06 01:18:55,077 T0168: [D1-V3] chmod 777 /tmp/config-db-V3-pre-module-epilog-switching-test_vlan.py.json
2024-01-06 01:18:56,500 T0169: [D2-V4] /sbin/ip link set dev eth0 up
2024-01-06 01:18:56,551 T0168: [D1-V3] /sbin/ip link set dev eth0 up
2024-01-06 01:18:57,167 T0169: [D2-V4] /sbin/ip route list dev eth0
2024-01-06 01:18:57,220 T0168: [D1-V3] /sbin/ip route list dev eth0
2024-01-06 01:19:05,620 T0169: [D2-V4] sudo vtysh -c 'show running-config' > /tmp/vtysh-runcfg-V4-pre-module-epilog-switching-test_vlan.py.txt
2024-01-06 01:19:05,698 T0168: [D1-V3] sudo vtysh -c 'show running-config' > /tmp/vtysh-runcfg-V3-pre-module-epilog-switching-test_vlan.py.txt
2024-01-06 01:19:06,565 T0168: [D1-V3] chmod 777 /tmp/vtysh-runcfg-V3-pre-module-epilog-switching-test_vlan.py.txt
2024-01-06 01:19:07,145 T0169: [D2-V4] chmod 777 /tmp/vtysh-runcfg-V4-pre-module-epilog-switching-test_vlan.py.txt
2024-01-06 01:19:08,041 T0168: [D1-V3] /sbin/ip link set dev eth0 up
2024-01-06 01:19:08,620 T0169: [D2-V4] /sbin/ip link set dev eth0 up
2024-01-06 01:19:08,710 T0168: [D1-V3] /sbin/ip route list dev eth0
2024-01-06 01:19:09,285 T0169: [D2-V4] /sbin/ip route list dev eth0
2024-01-06 01:19:17,757 T0000: [D1-V3] show vlan config
2024-01-06 01:19:19,244 T0000: [D1-V3] []
2024-01-06 01:19:19,245 T0000: [D2-V4] show vlan config
2024-01-06 01:19:21,830 T0000: [D2-V4] []
2024-01-06 01:19:21,831 T0000: 
================== Module Hook Finalize: switching/test_vlan.py vlan_module_hooks ==================
2024-01-06 01:19:21,836 T0186: [D1-V3] config save /tmp/config-db-V3-post-module-epilog-switching-test_vlan.py.json -y
2024-01-06 01:19:21,841 T0187: [D2-V4] config save /tmp/config-db-V4-post-module-epilog-switching-test_vlan.py.json -y
2024-01-06 01:19:23,625 T0187: [D2-V4] chmod 777 /tmp/config-db-V4-post-module-epilog-switching-test_vlan.py.json
2024-01-06 01:19:23,667 T0186: [D1-V3] chmod 777 /tmp/config-db-V3-post-module-epilog-switching-test_vlan.py.json
2024-01-06 01:19:25,096 T0187: [D2-V4] /sbin/ip link set dev eth0 up
2024-01-06 01:19:25,135 T0186: [D1-V3] /sbin/ip link set dev eth0 up
2024-01-06 01:19:25,767 T0187: [D2-V4] /sbin/ip route list dev eth0
2024-01-06 01:19:25,798 T0186: [D1-V3] /sbin/ip route list dev eth0
2024-01-06 01:19:34,215 T0187: [D2-V4] sudo vtysh -c 'show running-config' > /tmp/vtysh-runcfg-V4-post-module-epilog-switching-test_vlan.py.txt
2024-01-06 01:19:34,277 T0186: [D1-V3] sudo vtysh -c 'show running-config' > /tmp/vtysh-runcfg-V3-post-module-epilog-switching-test_vlan.py.txt
2024-01-06 01:19:35,084 T0187: [D2-V4] chmod 777 /tmp/vtysh-runcfg-V4-post-module-epilog-switching-test_vlan.py.txt
2024-01-06 01:19:35,144 T0186: [D1-V3] chmod 777 /tmp/vtysh-runcfg-V3-post-module-epilog-switching-test_vlan.py.txt
2024-01-06 01:19:36,563 T0187: [D2-V4] /sbin/ip link set dev eth0 up
2024-01-06 01:19:36,620 T0186: [D1-V3] /sbin/ip link set dev eth0 up
2024-01-06 01:19:37,233 T0187: [D2-V4] /sbin/ip route list dev eth0
2024-01-06 01:19:37,289 T0186: [D1-V3] /sbin/ip route list dev eth0
2024-01-06 01:19:46,713 T0205: [D2-V4] sudo show interfaces status Ethernet124
2024-01-06 01:19:46,716 T0204: [D1-V3] sudo show interfaces status Ethernet124
2024-01-06 01:19:49,983 T0000: 
================== Framework Module Hook Finalize: switching/test_vlan.py Pass: 3/4 ==================
2024-01-06 01:19:49,984 T0000: 
================== Devices used: switching/test_vlan.py 2 ['V3', 'V4'] ==================
2024-01-06 01:19:51,045 T0000: 
================== Framework Module Hook: batch/test_spytest_infra_1.py ==================
2024-01-06 01:19:51,062 T0212: [D1-V3] no router bgp
2024-01-06 01:19:51,065 T0213: [D2-V4] no router bgp
2024-01-06 01:19:52,827 T0212: [D1-V3] config feature state sflow enabled
2024-01-06 01:19:52,876 T0213: [D2-V4] config feature state sflow enabled
2024-01-06 01:19:54,977 T0212: [D1-V3] config feature state nat enabled
2024-01-06 01:19:55,081 T0213: [D2-V4] config feature state nat enabled
2024-01-06 01:20:48,697 T0213: [D2-V4] /sbin/ip link set dev eth0 up
2024-01-06 01:20:49,367 T0213: [D2-V4] /sbin/ip route list dev eth0
2024-01-06 01:20:50,047 T0213: [D2-V4] sudo show interfaces status Ethernet124
2024-01-06 01:20:50,150 T0212: [D1-V3] /sbin/ip link set dev eth0 up
2024-01-06 01:20:50,818 T0212: [D1-V3] /sbin/ip route list dev eth0
2024-01-06 01:20:51,492 T0212: [D1-V3] sudo show interfaces status Ethernet124
2024-01-06 01:20:54,144 T0215: [D1-V3] sudo show interfaces status
2024-01-06 01:20:54,146 T0216: [D2-V4] sudo show interfaces status
2024-01-06 01:21:01,089 T0218: [D1-V3] sudo show interfaces status
2024-01-06 01:21:01,092 T0219: [D2-V4] sudo show interfaces status
2024-01-06 01:21:08,300 T0221: [D1-V3] sudo show interfaces status
2024-01-06 01:21:08,305 T0222: [D2-V4] sudo show interfaces status
2024-01-06 01:21:10,351 T0000: 
================== Framework Module Hook Finish: batch/test_spytest_infra_1.py ==================
2024-01-06 01:21:10,352 T0000: 
================== Framework Function Hook: batch/test_spytest_infra_1.py::test_spytest_infra_last ==================
2024-01-06 01:21:14,638 T0226: [D1-V3] sudo show interfaces status
2024-01-06 01:21:14,639 T0227: [D2-V4] sudo show interfaces status
2024-01-06 01:21:16,506 T0228: [D1-V3] sudo show interfaces status Ethernet124
2024-01-06 01:21:16,509 T0229: [D2-V4] sudo show interfaces status Ethernet124
2024-01-06 01:21:19,861 T0000: 
================== Framework Function Hook Finish: batch/test_spytest_infra_1.py::test_spytest_infra_last ==================
2024-01-06 01:21:19,864 T0000: 
================== Test Execution: batch/test_spytest_infra_1.py::test_spytest_infra_last ==================
2024-01-06 01:21:19,890 T0000: 
================== Framework Function Hook Finalize: batch/test_spytest_infra_1.py::test_spytest_infra_last ==================
2024-01-06 01:21:19,897 T0230: [D1-V3] sudo show interfaces status Ethernet124
2024-01-06 01:21:19,903 T0231: [D2-V4] sudo show interfaces status Ethernet124
2024-01-06 01:21:22,443 T0000: 
================== Framework Module Hook Finalize: batch/test_spytest_infra_1.py Pass: 1/1 ==================
2024-01-06 01:21:22,444 T0000: 
================== Devices used: batch/test_spytest_infra_1.py 2 ['V3', 'V4'] ==================
2024-01-06 01:21:23,268 T0000: 
================== Framework Module Hook: system/test_ssh.py ==================
2024-01-06 01:21:23,293 T0238: [D1-V3] no router bgp
2024-01-06 01:21:23,297 T0239: [D2-V4] no router bgp
2024-01-06 01:21:25,068 T0238: [D1-V3] config feature state sflow enabled
2024-01-06 01:21:25,096 T0239: [D2-V4] config feature state sflow enabled
2024-01-06 01:21:27,263 T0238: [D1-V3] config feature state nat enabled
2024-01-06 01:21:27,290 T0239: [D2-V4] config feature state nat enabled
2024-01-06 01:23:35,455 T0238: [D1-V3] /sbin/ip link set dev eth0 up
2024-01-06 01:23:35,456 T0239: [D2-V4] /sbin/ip link set dev eth0 up
2024-01-06 01:23:36,131 T0238: [D1-V3] /sbin/ip route list dev eth0
2024-01-06 01:23:36,137 T0239: [D2-V4] /sbin/ip route list dev eth0
2024-01-06 01:23:36,822 T0238: [D1-V3] sudo show interfaces status Ethernet124
2024-01-06 01:23:36,823 T0239: [D2-V4] sudo show interfaces status Ethernet124
2024-01-06 01:23:39,350 T0241: [D1-V3] sudo show interfaces status
2024-01-06 01:23:39,353 T0242: [D2-V4] sudo show interfaces status
2024-01-06 01:23:46,254 T0244: [D1-V3] sudo show interfaces status
2024-01-06 01:23:46,257 T0245: [D2-V4] sudo show interfaces status
2024-01-06 01:23:53,262 T0247: [D1-V3] sudo show interfaces status
2024-01-06 01:23:53,264 T0248: [D2-V4] sudo show interfaces status
2024-01-06 01:23:55,137 T0249: [D1-V3] config save /tmp/config-db-V3-pre-module-prolog-system-test_ssh.py.json -y
2024-01-06 01:23:55,142 T0250: [D2-V4] config save /tmp/config-db-V4-pre-module-prolog-system-test_ssh.py.json -y
2024-01-06 01:23:56,823 T0249: [D1-V3] chmod 777 /tmp/config-db-V3-pre-module-prolog-system-test_ssh.py.json
2024-01-06 01:23:56,831 T0250: [D2-V4] chmod 777 /tmp/config-db-V4-pre-module-prolog-system-test_ssh.py.json
2024-01-06 01:23:58,298 T0249: [D1-V3] /sbin/ip link set dev eth0 up
2024-01-06 01:23:58,304 T0250: [D2-V4] /sbin/ip link set dev eth0 up
2024-01-06 01:23:58,966 T0249: [D1-V3] /sbin/ip route list dev eth0
2024-01-06 01:23:58,974 T0250: [D2-V4] /sbin/ip route list dev eth0
2024-01-06 01:24:07,451 T0250: [D2-V4] sudo vtysh -c 'show running-config' > /tmp/vtysh-runcfg-V4-pre-module-prolog-system-test_ssh.py.txt
2024-01-06 01:24:07,487 T0249: [D1-V3] sudo vtysh -c 'show running-config' > /tmp/vtysh-runcfg-V3-pre-module-prolog-system-test_ssh.py.txt
2024-01-06 01:24:08,321 T0250: [D2-V4] chmod 777 /tmp/vtysh-runcfg-V4-pre-module-prolog-system-test_ssh.py.txt
2024-01-06 01:24:08,356 T0249: [D1-V3] chmod 777 /tmp/vtysh-runcfg-V3-pre-module-prolog-system-test_ssh.py.txt
2024-01-06 01:24:09,796 T0250: [D2-V4] /sbin/ip link set dev eth0 up
2024-01-06 01:24:09,836 T0249: [D1-V3] /sbin/ip link set dev eth0 up
2024-01-06 01:24:10,464 T0250: [D2-V4] /sbin/ip route list dev eth0
2024-01-06 01:24:10,506 T0249: [D1-V3] /sbin/ip route list dev eth0
2024-01-06 01:24:18,987 T0000: 
================== Framework Module Hook Finish: system/test_ssh.py ==================
2024-01-06 01:24:18,989 T0000: 
================== Module Hook: system/test_ssh.py ssh_module_hooks ==================
2024-01-06 01:24:18,991 T0000: [D1-V3] /etc/init.d/ssh start
2024-01-06 01:24:28,669 T0269: [D1-V3] config interface ip add Ethernet48 2.2.2.1/24
2024-01-06 01:24:28,674 T0270: [D2-V4] config interface ip add Ethernet48 2.2.2.2/24
2024-01-06 01:24:29,956 T0271: [D1-V3] config interface ip add Ethernet52 2.2.3.1/24
2024-01-06 01:24:29,961 T0272: [D2-V4] config interface ip add Ethernet52 2.2.3.2/24
2024-01-06 01:24:31,232 T0273: [D1-V3] config interface ip add Ethernet48 1001::1/64
2024-01-06 01:24:31,237 T0274: [D2-V4] config interface ip add Ethernet48 1001::2/64
2024-01-06 01:24:32,512 T0275: [D1-V3] config interface ip add Ethernet52 2001::1/64
2024-01-06 01:24:32,517 T0276: [D2-V4] config interface ip add Ethernet52 2001::2/64
2024-01-06 01:24:33,794 T0000: 
================== Module Hook Finish: system/test_ssh.py ssh_module_hooks ==================
2024-01-06 01:24:33,799 T0000: 
================== Framework Function Hook: system/test_ssh.py::test_ft_ssh_service_disable ==================
2024-01-06 01:24:33,805 T0277: [D1-V3] config save /tmp/config-db-V3-post-module-prolog-system-test_ssh.py.json -y
2024-01-06 01:24:33,812 T0278: [D2-V4] config save /tmp/config-db-V4-post-module-prolog-system-test_ssh.py.json -y
2024-01-06 01:24:35,538 T0277: [D1-V3] chmod 777 /tmp/config-db-V3-post-module-prolog-system-test_ssh.py.json
2024-01-06 01:24:35,546 T0278: [D2-V4] chmod 777 /tmp/config-db-V4-post-module-prolog-system-test_ssh.py.json
2024-01-06 01:24:37,031 T0277: [D1-V3] /sbin/ip link set dev eth0 up
2024-01-06 01:24:37,031 T0278: [D2-V4] /sbin/ip link set dev eth0 up
2024-01-06 01:24:37,705 T0277: [D1-V3] /sbin/ip route list dev eth0
2024-01-06 01:24:37,714 T0278: [D2-V4] /sbin/ip route list dev eth0
2024-01-06 01:24:46,168 T0277: [D1-V3] sudo vtysh -c 'show running-config' > /tmp/vtysh-runcfg-V3-post-module-prolog-system-test_ssh.py.txt
2024-01-06 01:24:46,178 T0278: [D2-V4] sudo vtysh -c 'show running-config' > /tmp/vtysh-runcfg-V4-post-module-prolog-system-test_ssh.py.txt
2024-01-06 01:24:47,038 T0277: [D1-V3] chmod 777 /tmp/vtysh-runcfg-V3-post-module-prolog-system-test_ssh.py.txt
2024-01-06 01:24:47,044 T0278: [D2-V4] chmod 777 /tmp/vtysh-runcfg-V4-post-module-prolog-system-test_ssh.py.txt
2024-01-06 01:24:48,518 T0278: [D2-V4] /sbin/ip link set dev eth0 up
2024-01-06 01:24:48,566 T0277: [D1-V3] /sbin/ip link set dev eth0 up
2024-01-06 01:24:49,188 T0278: [D2-V4] /sbin/ip route list dev eth0
2024-01-06 01:24:49,235 T0277: [D1-V3] /sbin/ip route list dev eth0
2024-01-06 01:25:02,033 T0298: [D1-V3] sudo show interfaces status
2024-01-06 01:25:02,035 T0299: [D2-V4] sudo show interfaces status
2024-01-06 01:25:03,889 T0300: [D1-V3] sudo show interfaces status Ethernet124
2024-01-06 01:25:03,892 T0301: [D2-V4] sudo show interfaces status Ethernet124
2024-01-06 01:25:07,232 T0000: 
================== Framework Function Hook Finish: system/test_ssh.py::test_ft_ssh_service_disable ==================
2024-01-06 01:25:07,233 T0000: 
================== Function Hook: system/test_ssh.py ssh_func_hooks ==================
2024-01-06 01:25:07,246 T0000: 
================== Function Hook Finish: system/test_ssh.py ssh_func_hooks ==================
2024-01-06 01:25:07,248 T0000: 
================== Test Execution: system/test_ssh.py::test_ft_ssh_service_disable ==================
2024-01-06 01:25:07,249 T0000: [D1-V3] /etc/init.d/ssh stop
2024-01-06 01:25:09,223 T0000: [D1-V3] /etc/init.d/ssh start
2024-01-06 01:25:10,039 T0000: 
================== Function Hook Finalize: system/test_ssh.py ssh_func_hooks ==================
2024-01-06 01:25:10,074 T0000: 
================== Framework Function Hook Finalize: system/test_ssh.py::test_ft_ssh_service_disable ==================
2024-01-06 01:25:10,076 T0000: 
================== Framework Function Hook: system/test_ssh.py::test_ft_ssh_add_user_verify ==================
2024-01-06 01:25:10,093 T0311: [D1-V3] sudo show interfaces status
2024-01-06 01:25:10,096 T0312: [D2-V4] sudo show interfaces status
2024-01-06 01:25:12,005 T0313: [D1-V3] sudo show interfaces status Ethernet124
2024-01-06 01:25:12,011 T0314: [D2-V4] sudo show interfaces status Ethernet124
2024-01-06 01:25:15,328 T0000: 
================== Framework Function Hook Finish: system/test_ssh.py::test_ft_ssh_add_user_verify ==================
2024-01-06 01:25:15,328 T0000: 
================== Function Hook: system/test_ssh.py ssh_func_hooks ==================
2024-01-06 01:25:15,335 T0000: 
================== Function Hook Finish: system/test_ssh.py ssh_func_hooks ==================
2024-01-06 01:25:15,336 T0000: 
================== Test Execution: system/test_ssh.py::test_ft_ssh_add_user_verify ==================
2024-01-06 01:25:15,337 T0000: [D1-V3] cat /etc/sonic/snmp.yml
2024-01-06 01:25:16,067 T0000: [D1-V3] sudo sed -i '/^snmp_rocommunity:/ c snmp_rocommunity: test_123' /etc/sonic/snmp.yml
2024-01-06 01:25:17,521 T0000: [D1-V3] sudo sed -i '/^snmp_location:/ c snmp_location: hyderabad' /etc/sonic/snmp.yml
2024-01-06 01:25:18,975 T0000: [D1-V3] cat /etc/sonic/snmp.yml
2024-01-06 01:25:19,681 T0000: [D1-V3] sudo service snmp restart
2024-01-06 01:25:37,544 T0000: [D1-V3] sudo show interfaces status Ethernet124
2024-01-06 01:25:40,301 T0000: [D1-V3] /sbin/ip link set dev eth0 up
2024-01-06 01:25:41,012 T0000: [D1-V3] /sbin/ip route list dev eth0
2024-01-06 01:25:41,758 T0000: [D1-V3] useradd c81xi0naqaeh0ol6
2024-01-06 01:25:48,327 T0000: [D1-V3] config save -y
2024-01-06 01:25:50,188 T0000: [D1-V3] do copy running-config startup-config
2024-01-06 01:27:51,856 T0000: [D2-V4] which sshpass
2024-01-06 01:27:52,565 T0000: [D2-V4] sudo apt-get update;sudo apt-get -f install -y sshpass
2024-01-06 01:28:01,730 T0000: [D2-V4] sshpass -p 'YourPaSsWoRd' ssh -o UserKnownHostsFile=/dev/null -o StrictHostKeyChecking=no -o ConnectTimeout=30 admin@2.2.3.1 sudo show vlan config
2024-01-06 01:28:06,390 T0000: [D1-V3] config load -y /tmp/apply_json2.json
2024-01-06 01:28:11,103 T0000: [D1-V3] show acl table
2024-01-06 01:28:12,939 T0000: [D1-V3] show acl rule
2024-01-06 01:28:14,780 T0000: [D1-V3] show acl rule SNMP_SSH
2024-01-06 01:28:16,601 T0000: [D1-V3] show acl rule SNMP_SSH
2024-01-06 01:28:18,444 T0000: [D1-V3] show acl rule V6_SSH_ONLY
2024-01-06 01:28:20,227 T0000: [D1-V3] hostname
2024-01-06 01:28:27,848 T0000: [D2-V4] which sshpass
2024-01-06 01:28:28,566 T0000: [D2-V4] sshpass -p 'YourPaSsWoRd' ssh -o UserKnownHostsFile=/dev/null -o StrictHostKeyChecking=no -o ConnectTimeout=30 admin@2.2.3.1 sudo show vlan config
2024-01-06 01:28:59,284 T0000: [D2-V4] which sshpass
2024-01-06 01:28:59,989 T0000: [D2-V4] sshpass -p 'YourPaSsWoRd' ssh -o UserKnownHostsFile=/dev/null -o StrictHostKeyChecking=no -o ConnectTimeout=30 admin@2001::1 sudo show vlan config
2024-01-06 01:29:30,766 T0000: [D2-V4] which sshpass
2024-01-06 01:29:31,471 T0000: [D2-V4] sshpass -p 'YourPaSsWoRd' ssh -o UserKnownHostsFile=/dev/null -o StrictHostKeyChecking=no -o ConnectTimeout=30 admin@2.2.2.1 sudo show vlan config
2024-01-06 01:29:33,187 T0000: [D2-V4] which sshpass
2024-01-06 01:29:33,895 T0000: [D2-V4] sshpass -p 'YourPaSsWoRd' ssh -o UserKnownHostsFile=/dev/null -o StrictHostKeyChecking=no -o ConnectTimeout=30 admin@1001::1 sudo show vlan config
2024-01-06 01:29:35,556 T0000: [D2-V4] which sshpass
2024-01-06 01:29:36,262 T0000: [D2-V4] sshpass -p 'lcwT#3yD*' ssh -o UserKnownHostsFile=/dev/null -o StrictHostKeyChecking=no -o ConnectTimeout=30 c81xi0naqaeh0ol6@2.2.2.1 sudo show vlan config
2024-01-06 01:29:37,373 T0000: [D2-V4] which sshpass
2024-01-06 01:29:38,081 T0000: [D2-V4] sshpass -p 'lcwT#3yD*' ssh -o UserKnownHostsFile=/dev/null -o StrictHostKeyChecking=no -o ConnectTimeout=30 c81xi0naqaeh0ol6@1001::1 sudo show vlan config
2024-01-06 01:29:39,200 T0000: [D1-V3] config save -y
2024-01-06 01:29:40,912 T0000: [D1-V3] do copy running-config startup-config
2024-01-06 01:29:42,813 T0000: [D1-V3] fast-reboot
2024-01-06 01:31:57,565 T0000: [D1-V3] ['export TMOUT=0', 'stty cols 5000', 'uptime']
2024-01-06 01:31:58,267 T0000: [D1-V3] cat /proc/uptime
2024-01-06 01:31:59,827 T0000: [D1-V3] ['export TMOUT=0', 'stty cols 5000', 'uptime']
2024-01-06 01:32:00,530 T0000: [D1-V3] cat /proc/uptime
2024-01-06 01:32:01,246 T0000: [D1-V3] sudo vtysh -c 'show running-config | include hostname'
2024-01-06 01:32:07,463 T0000: [D1-V3] sudo vtysh -c 'show running-config | include hostname'
2024-01-06 01:32:08,397 T0000: [D1-V3] sudo show interfaces status Ethernet124
2024-01-06 01:32:11,202 T0000: [D1-V3] /sbin/ip link set dev eth0 up
2024-01-06 01:32:11,908 T0000: [D1-V3] /sbin/ip route list dev eth0
2024-01-06 01:32:12,651 T0000: [D1-V3] ['export TMOUT=0', 'stty cols 5000', 'uptime']
2024-01-06 01:32:14,911 T0000: [D1-V3] /sbin/ip link set dev eth0 up
2024-01-06 01:32:15,635 T0000: [D1-V3] /sbin/ip route list dev eth0
2024-01-06 01:32:17,064 T0000: [D1-V3] show acl table
2024-01-06 01:32:18,891 T0000: [D1-V3] show acl rule
2024-01-06 01:32:20,639 T0000: [D1-V3] show acl rule SNMP_SSH
2024-01-06 01:32:22,519 T0000: [D1-V3] show acl rule V6_SSH_ONLY
2024-01-06 01:32:24,355 T0000: [D1-V3] show acl rule SNMP_SSH
2024-01-06 01:32:26,144 T0000: [D1-V3] ping -4 127.0.0.1 -c 3 
2024-01-06 01:32:28,865 T0000: [D1-V3] hostname
2024-01-06 01:32:36,304 T0000: [D1-V3] show acl table
2024-01-06 01:32:38,052 T0000: [D1-V3] sudo config acl remove table SNMP_SSH;
2024-01-06 01:32:39,361 T0000: [D1-V3] sudo config acl remove table V6_SSH_ONLY;
2024-01-06 01:32:42,143 T0000: [D1-V3] config load -y /tmp/apply_json2.json
2024-01-06 01:32:50,736 T0000: [D2-V4] which sshpass
2024-01-06 01:32:51,452 T0000: [D2-V4] sshpass -p 'YourPaSsWoRd' ssh -o UserKnownHostsFile=/dev/null -o StrictHostKeyChecking=no -o ConnectTimeout=30 admin@2.2.3.1 sudo show vlan config
2024-01-06 01:33:22,167 T0000: [D2-V4] which sshpass
2024-01-06 01:33:22,878 T0000: [D2-V4] sshpass -p 'YourPaSsWoRd' ssh -o UserKnownHostsFile=/dev/null -o StrictHostKeyChecking=no -o ConnectTimeout=30 admin@2001::1 sudo show vlan config
2024-01-06 01:33:52,630 T0000: [D2-V4] which sshpass
2024-01-06 01:33:53,336 T0000: [D2-V4] sshpass -p 'YourPaSsWoRd' ssh -o UserKnownHostsFile=/dev/null -o StrictHostKeyChecking=no -o ConnectTimeout=30 admin@2.2.2.1 sudo show vlan config
2024-01-06 01:33:55,044 T0000: [D2-V4] which sshpass
2024-01-06 01:33:55,754 T0000: [D2-V4] sshpass -p 'YourPaSsWoRd' ssh -o UserKnownHostsFile=/dev/null -o StrictHostKeyChecking=no -o ConnectTimeout=30 admin@1001::1 sudo show vlan config
2024-01-06 01:33:57,448 T0000: [D1-V3] show acl table
2024-01-06 01:33:59,247 T0000: [D1-V3] sudo config acl remove table SNMP_SSH;
2024-01-06 01:34:00,561 T0000: [D1-V3] sudo config acl remove table V6_SSH_ONLY;
2024-01-06 01:36:00,758 T0000: [D1-V3] userdel c81xi0naqaeh0ol6
2024-01-06 01:36:01,886 T0000: 
================== Function Hook Finalize: system/test_ssh.py ssh_func_hooks ==================
2024-01-06 01:36:01,928 T0000: 
================== Framework Function Hook Finalize: system/test_ssh.py::test_ft_ssh_add_user_verify ==================
2024-01-06 01:36:01,929 T0000: 
================== Framework Function Hook: system/test_ssh.py::test_ft_verify_logs_at_the_time_of_ssh_login_success ==================
2024-01-06 01:36:01,948 T0340: [D1-V3] sudo show interfaces status
2024-01-06 01:36:01,950 T0341: [D2-V4] sudo show interfaces status
2024-01-06 01:36:03,810 T0343: [D2-V4] sudo show interfaces status Ethernet124
2024-01-06 01:36:03,812 T0342: [D1-V3] sudo show interfaces status Ethernet124
2024-01-06 01:36:07,090 T0000: 
================== Framework Function Hook Finish: system/test_ssh.py::test_ft_verify_logs_at_the_time_of_ssh_login_success ==================
2024-01-06 01:36:07,091 T0000: 
================== Function Hook: system/test_ssh.py ssh_func_hooks ==================
2024-01-06 01:36:07,137 T0000: 
================== Function Hook Finish: system/test_ssh.py ssh_func_hooks ==================
2024-01-06 01:36:07,138 T0000: 
================== Test Execution: system/test_ssh.py::test_ft_verify_logs_at_the_time_of_ssh_login_success ==================
2024-01-06 01:36:16,218 T0000: [D1-V3] sudo cat /var/log/auth.log
2024-01-06 01:36:27,252 T0000: 
================== Function Hook Finalize: system/test_ssh.py ssh_func_hooks ==================
2024-01-06 01:36:27,291 T0000: 
================== Framework Function Hook Finalize: system/test_ssh.py::test_ft_verify_logs_at_the_time_of_ssh_login_success ==================
2024-01-06 01:36:27,297 T0354: [D1-V3] config save /tmp/config-db-V3-pre-module-epilog-system-test_ssh.py.json -y
2024-01-06 01:36:27,303 T0355: [D2-V4] config save /tmp/config-db-V4-pre-module-epilog-system-test_ssh.py.json -y
2024-01-06 01:36:29,036 T0354: [D1-V3] chmod 777 /tmp/config-db-V3-pre-module-epilog-system-test_ssh.py.json
2024-01-06 01:36:29,044 T0355: [D2-V4] chmod 777 /tmp/config-db-V4-pre-module-epilog-system-test_ssh.py.json
2024-01-06 01:36:30,508 T0354: [D1-V3] /sbin/ip link set dev eth0 up
2024-01-06 01:36:30,518 T0355: [D2-V4] /sbin/ip link set dev eth0 up
2024-01-06 01:36:31,177 T0354: [D1-V3] /sbin/ip route list dev eth0
2024-01-06 01:36:31,186 T0355: [D2-V4] /sbin/ip route list dev eth0
2024-01-06 01:36:39,728 T0355: [D2-V4] sudo vtysh -c 'show running-config' > /tmp/vtysh-runcfg-V4-pre-module-epilog-system-test_ssh.py.txt
2024-01-06 01:36:39,733 T0354: [D1-V3] sudo vtysh -c 'show running-config' > /tmp/vtysh-runcfg-V3-pre-module-epilog-system-test_ssh.py.txt
2024-01-06 01:36:40,556 T0354: [D1-V3] chmod 777 /tmp/vtysh-runcfg-V3-pre-module-epilog-system-test_ssh.py.txt
2024-01-06 01:36:40,602 T0355: [D2-V4] chmod 777 /tmp/vtysh-runcfg-V4-pre-module-epilog-system-test_ssh.py.txt
2024-01-06 01:36:42,032 T0354: [D1-V3] /sbin/ip link set dev eth0 up
2024-01-06 01:36:42,077 T0355: [D2-V4] /sbin/ip link set dev eth0 up
2024-01-06 01:36:42,701 T0354: [D1-V3] /sbin/ip route list dev eth0
2024-01-06 01:36:42,745 T0355: [D2-V4] /sbin/ip route list dev eth0
2024-01-06 01:36:51,216 T0372: [D1-V3] config interface ip remove Ethernet48 2.2.2.1/24
2024-01-06 01:36:51,221 T0373: [D2-V4] config interface ip remove Ethernet48 2.2.2.2/24
2024-01-06 01:36:52,654 T0374: [D1-V3] config interface ip remove Ethernet52 2.2.3.1/24
2024-01-06 01:36:52,660 T0375: [D2-V4] config interface ip remove Ethernet52 2.2.3.2/24
2024-01-06 01:36:53,945 T0376: [D1-V3] config interface ip remove Ethernet48 1001::1/64
2024-01-06 01:36:53,951 T0377: [D2-V4] config interface ip remove Ethernet48 1001::2/64
2024-01-06 01:36:55,585 T0378: [D1-V3] config interface ip remove Ethernet52 2001::1/64
2024-01-06 01:36:55,589 T0379: [D2-V4] config interface ip remove Ethernet52 2001::2/64
2024-01-06 01:36:57,222 T0000: [D1-V3] show acl table
2024-01-06 01:36:58,962 T0000: [D1-V3] cat /etc/sonic/snmp.yml
2024-01-06 01:36:59,677 T0000: [D1-V3] sudo sed -i '/^snmp_rocommunity:/ c snmp_rocommunity: NotConfigured' /etc/sonic/snmp.yml
2024-01-06 01:37:01,129 T0000: [D1-V3] sudo sed -i '/^snmp_rocommunity6:/ c snmp_rocommunity6: NotConfigured' /etc/sonic/snmp.yml
2024-01-06 01:37:02,588 T0000: [D1-V3] sudo sed -i '/^snmp_location:/ c snmp_location: NotConfigured' /etc/sonic/snmp.yml
2024-01-06 01:37:04,039 T0000: [D1-V3] sudo sed -i '/^snmp_syscontact:/ c snmp_syscontact: NotConfigured' /etc/sonic/snmp.yml
2024-01-06 01:37:05,486 T0000: [D1-V3] sudo sed -i '/^v1_trap_dest:/ c v1_trap_dest: NotConfigured' /etc/sonic/snmp.yml
2024-01-06 01:37:06,942 T0000: [D1-V3] sudo sed -i '/^v2_trap_dest:/ c v2_trap_dest: NotConfigured' /etc/sonic/snmp.yml
2024-01-06 01:37:08,394 T0000: [D1-V3] sudo sed -i '/^v3_trap_dest:/ c v3_trap_dest: NotConfigured' /etc/sonic/snmp.yml
2024-01-06 01:37:09,843 T0000: [D1-V3] cat /etc/sonic/snmp.yml
2024-01-06 01:37:10,539 T0000: [D1-V3] sudo service snmp restart
2024-01-06 01:37:21,970 T0000: 
================== Module Hook Finalize: system/test_ssh.py ssh_module_hooks ==================
2024-01-06 01:37:21,976 T0380: [D1-V3] config save /tmp/config-db-V3-post-module-epilog-system-test_ssh.py.json -y
2024-01-06 01:37:21,984 T0381: [D2-V4] config save /tmp/config-db-V4-post-module-epilog-system-test_ssh.py.json -y
2024-01-06 01:37:23,658 T0380: [D1-V3] chmod 777 /tmp/config-db-V3-post-module-epilog-system-test_ssh.py.json
2024-01-06 01:37:23,665 T0381: [D2-V4] chmod 777 /tmp/config-db-V4-post-module-epilog-system-test_ssh.py.json
2024-01-06 01:37:25,139 T0380: [D1-V3] /sbin/ip link set dev eth0 up
2024-01-06 01:37:25,141 T0381: [D2-V4] /sbin/ip link set dev eth0 up
2024-01-06 01:37:25,815 T0381: [D2-V4] /sbin/ip route list dev eth0
2024-01-06 01:37:25,823 T0380: [D1-V3] /sbin/ip route list dev eth0
2024-01-06 01:37:34,310 T0381: [D2-V4] sudo vtysh -c 'show running-config' > /tmp/vtysh-runcfg-V4-post-module-epilog-system-test_ssh.py.txt
2024-01-06 01:37:34,328 T0380: [D1-V3] sudo vtysh -c 'show running-config' > /tmp/vtysh-runcfg-V3-post-module-epilog-system-test_ssh.py.txt
2024-01-06 01:37:35,179 T0381: [D2-V4] chmod 777 /tmp/vtysh-runcfg-V4-post-module-epilog-system-test_ssh.py.txt
2024-01-06 01:37:35,190 T0380: [D1-V3] chmod 777 /tmp/vtysh-runcfg-V3-post-module-epilog-system-test_ssh.py.txt
2024-01-06 01:37:36,655 T0381: [D2-V4] /sbin/ip link set dev eth0 up
2024-01-06 01:37:36,662 T0380: [D1-V3] /sbin/ip link set dev eth0 up
2024-01-06 01:37:37,322 T0381: [D2-V4] /sbin/ip route list dev eth0
2024-01-06 01:37:37,330 T0380: [D1-V3] /sbin/ip route list dev eth0
2024-01-06 01:37:46,750 T0398: [D1-V3] sudo show interfaces status Ethernet124
2024-01-06 01:37:46,755 T0399: [D2-V4] sudo show interfaces status Ethernet124
2024-01-06 01:37:49,346 T0000: 
================== Framework Module Hook Finalize: system/test_ssh.py Pass: 2/3 ==================
2024-01-06 01:37:49,346 T0000: 
================== Devices used: system/test_ssh.py 2 ['V3', 'V4'] ==================
2024-01-06 01:37:50,261 T0000: 
================== Framework Module Hook: batch/test_spytest_infra_1.py ==================
2024-01-06 01:37:50,287 T0406: [D1-V3] no router bgp
2024-01-06 01:37:50,292 T0407: [D2-V4] no router bgp
2024-01-06 01:37:52,055 T0406: [D1-V3] config feature state sflow enabled
2024-01-06 01:37:52,102 T0407: [D2-V4] config feature state sflow enabled
2024-01-06 01:37:54,251 T0406: [D1-V3] config feature state nat enabled
2024-01-06 01:37:54,298 T0407: [D2-V4] config feature state nat enabled
2024-01-06 01:38:40,658 T0406: [D1-V3] /sbin/ip link set dev eth0 up
2024-01-06 01:38:41,326 T0406: [D1-V3] /sbin/ip route list dev eth0
2024-01-06 01:38:42,005 T0406: [D1-V3] sudo show interfaces status Ethernet124
2024-01-06 01:38:46,702 T0407: [D2-V4] /sbin/ip link set dev eth0 up
2024-01-06 01:38:47,370 T0407: [D2-V4] /sbin/ip route list dev eth0
2024-01-06 01:38:48,045 T0407: [D2-V4] sudo show interfaces status Ethernet124
2024-01-06 01:38:50,451 T0409: [D1-V3] sudo show interfaces status
2024-01-06 01:38:50,453 T0410: [D2-V4] sudo show interfaces status
2024-01-06 01:38:57,623 T0412: [D1-V3] sudo show interfaces status
2024-01-06 01:38:57,625 T0413: [D2-V4] sudo show interfaces status
2024-01-06 01:39:04,735 T0415: [D1-V3] sudo show interfaces status
2024-01-06 01:39:04,738 T0416: [D2-V4] sudo show interfaces status
2024-01-06 01:39:06,589 T0000: 
================== Framework Module Hook Finish: batch/test_spytest_infra_1.py ==================
2024-01-06 01:39:06,590 T0000: 
================== Framework Function Hook: batch/test_spytest_infra_1.py::test_spytest_infra_last ==================
2024-01-06 01:39:10,881 T0420: [D1-V3] sudo show interfaces status
2024-01-06 01:39:10,882 T0421: [D2-V4] sudo show interfaces status
2024-01-06 01:39:12,692 T0422: [D1-V3] sudo show interfaces status Ethernet124
2024-01-06 01:39:12,694 T0423: [D2-V4] sudo show interfaces status Ethernet124
2024-01-06 01:39:15,960 T0000: 
================== Framework Function Hook Finish: batch/test_spytest_infra_1.py::test_spytest_infra_last ==================
2024-01-06 01:39:15,962 T0000: 
================== Test Execution: batch/test_spytest_infra_1.py::test_spytest_infra_last ==================
2024-01-06 01:39:16,003 T0000: 
================== Framework Function Hook Finalize: batch/test_spytest_infra_1.py::test_spytest_infra_last ==================
2024-01-06 01:39:16,013 T0424: [D1-V3] sudo show interfaces status Ethernet124
2024-01-06 01:39:16,018 T0425: [D2-V4] sudo show interfaces status Ethernet124
2024-01-06 01:39:18,583 T0000: 
================== Framework Module Hook Finalize: batch/test_spytest_infra_1.py Pass: 1/1 ==================
2024-01-06 01:39:18,584 T0000: 
================== Devices used: batch/test_spytest_infra_1.py 2 ['V3', 'V4'] ==================
2024-01-06 01:39:18,693 T0430: [D1-V3] ['stty cols 80']
2024-01-06 01:39:18,696 T0431: [D2-V4] ['stty cols 80']
