2024-01-02 01:00:53,031 T0025: WARN  #### gw2  
2024-01-02 01:00:53,032 T0025: WARN  support post-session-prolog session pass ''
2024-01-02 01:00:53,033 T0026: WARN  #### gw2  
2024-01-02 01:00:53,033 T0026: WARN  support post-session-prolog session pass ''
2024-01-02 01:01:41,875 T0079: INFO  #### gw2  
2024-01-02 01:01:41,875 T0079: INFO  support pre-module-prolog switching/test_vlan.py  ''
2024-01-02 01:01:41,877 T0080: INFO  #### gw2  
2024-01-02 01:01:41,877 T0080: INFO  support pre-module-prolog switching/test_vlan.py  ''
2024-01-02 01:02:16,004 T0098: INFO  #### gw2  switching/test_vlan.py
2024-01-02 01:02:16,005 T0098: INFO  support post-module-prolog switching/test_vlan.py Pass ''
2024-01-02 01:02:16,007 T0099: INFO  #### gw2  switching/test_vlan.py
2024-01-02 01:02:16,007 T0099: INFO  support post-module-prolog switching/test_vlan.py Pass ''
2024-01-02 01:02:48,807 T0123: INFO  #### gw2  switching/test_vlan.py
2024-01-02 01:02:48,807 T0123: INFO  support pre-function-prolog test_ft_add_unknownvlan_interface  ''
2024-01-02 01:02:48,811 T0124: INFO  #### gw2  switching/test_vlan.py
2024-01-02 01:02:48,811 T0124: INFO  support pre-function-prolog test_ft_add_unknownvlan_interface  ''
2024-01-02 01:02:48,824 T0125: INFO  #### gw2  switching/test_vlan.py::test_ft_add_unknownvlan_interface
2024-01-02 01:02:48,824 T0125: INFO  support post-function-prolog test_ft_add_unknownvlan_interface Pass ''
2024-01-02 01:02:48,826 T0126: INFO  #### gw2  switching/test_vlan.py::test_ft_add_unknownvlan_interface
2024-01-02 01:02:48,826 T0126: INFO  support post-function-prolog test_ft_add_unknownvlan_interface Pass ''
2024-01-02 01:02:49,906 T0000: WARN  #### gw2 IGNORED ERROR switching/test_vlan.py::test_ft_add_unknownvlan_interface
2024-01-02 01:02:49,906 T0000: WARN  Skipped error checking but detected pattern: containing_error command: sudo -s config vlan member add 971 Ethernet16 -u
2024-01-02 01:02:52,026 T0127: INFO  #### gw2  switching/test_vlan.py::test_ft_add_unknownvlan_interface
2024-01-02 01:02:52,026 T0127: INFO  support pre-function-epilog test_ft_add_unknownvlan_interface Pass 'Test case passed'
2024-01-02 01:02:52,028 T0128: INFO  #### gw2  switching/test_vlan.py::test_ft_add_unknownvlan_interface
2024-01-02 01:02:52,028 T0128: INFO  support pre-function-epilog test_ft_add_unknownvlan_interface Pass 'Test case passed'
2024-01-02 01:02:52,038 T0129: INFO  #### gw2  switching/test_vlan.py::test_ft_add_unknownvlan_interface
2024-01-02 01:02:52,039 T0129: INFO  support post-function-epilog test_ft_add_unknownvlan_interface Pass 'Test case passed'
2024-01-02 01:02:52,040 T0130: INFO  #### gw2  switching/test_vlan.py::test_ft_add_unknownvlan_interface
2024-01-02 01:02:52,041 T0130: INFO  support post-function-epilog test_ft_add_unknownvlan_interface Pass 'Test case passed'
2024-01-02 01:02:56,905 T0136: INFO  #### gw2  switching/test_vlan.py
2024-01-02 01:02:56,905 T0136: INFO  support pre-function-prolog test_ft_vlan_delete_with_member  ''
2024-01-02 01:02:56,909 T0137: INFO  #### gw2  switching/test_vlan.py
2024-01-02 01:02:56,909 T0137: INFO  support pre-function-prolog test_ft_vlan_delete_with_member  ''
2024-01-02 01:02:56,920 T0138: INFO  #### gw2  switching/test_vlan.py::test_ft_vlan_delete_with_member
2024-01-02 01:02:56,921 T0138: INFO  support post-function-prolog test_ft_vlan_delete_with_member Pass ''
2024-01-02 01:02:56,922 T0139: INFO  #### gw2  switching/test_vlan.py::test_ft_vlan_delete_with_member
2024-01-02 01:02:56,922 T0139: INFO  support post-function-prolog test_ft_vlan_delete_with_member Pass ''
2024-01-02 01:03:00,165 T0000: WARN  #### gw2 IGNORED ERROR switching/test_vlan.py::test_ft_vlan_delete_with_member
2024-01-02 01:03:00,166 T0000: WARN  Skipped error checking but detected pattern: containing_error command: sudo -s config vlan del 971
2024-01-02 01:03:04,583 T0140: INFO  #### gw2  switching/test_vlan.py::test_ft_vlan_delete_with_member
2024-01-02 01:03:04,584 T0140: INFO  support pre-function-epilog test_ft_vlan_delete_with_member Pass 'Test case passed'
2024-01-02 01:03:04,585 T0141: INFO  #### gw2  switching/test_vlan.py::test_ft_vlan_delete_with_member
2024-01-02 01:03:04,586 T0141: INFO  support pre-function-epilog test_ft_vlan_delete_with_member Pass 'Test case passed'
2024-01-02 01:03:04,595 T0142: INFO  #### gw2  switching/test_vlan.py::test_ft_vlan_delete_with_member
2024-01-02 01:03:04,595 T0142: INFO  support post-function-epilog test_ft_vlan_delete_with_member Pass 'Test case passed'
2024-01-02 01:03:04,597 T0143: INFO  #### gw2  switching/test_vlan.py::test_ft_vlan_delete_with_member
2024-01-02 01:03:04,597 T0143: INFO  support post-function-epilog test_ft_vlan_delete_with_member Pass 'Test case passed'
2024-01-02 01:03:09,450 T0149: INFO  #### gw2  switching/test_vlan.py
2024-01-02 01:03:09,451 T0149: INFO  support pre-function-prolog test_ft_vlan_trunk_tagged  ''
2024-01-02 01:03:09,454 T0150: INFO  #### gw2  switching/test_vlan.py
2024-01-02 01:03:09,454 T0150: INFO  support pre-function-prolog test_ft_vlan_trunk_tagged  ''
2024-01-02 01:03:09,466 T0151: INFO  #### gw2  switching/test_vlan.py::test_ft_vlan_trunk_tagged
2024-01-02 01:03:09,466 T0151: INFO  support post-function-prolog test_ft_vlan_trunk_tagged Pass ''
2024-01-02 01:03:09,468 T0152: INFO  #### gw2  switching/test_vlan.py::test_ft_vlan_trunk_tagged
2024-01-02 01:03:09,468 T0152: INFO  support post-function-prolog test_ft_vlan_trunk_tagged Pass ''
2024-01-02 01:04:30,494 T0153: INFO  #### gw2  switching/test_vlan.py::test_ft_vlan_trunk_tagged
2024-01-02 01:04:30,495 T0153: INFO  support pre-function-epilog test_ft_vlan_trunk_tagged Pass 'Test case passed'
2024-01-02 01:04:30,498 T0154: INFO  #### gw2  switching/test_vlan.py::test_ft_vlan_trunk_tagged
2024-01-02 01:04:30,498 T0154: INFO  support pre-function-epilog test_ft_vlan_trunk_tagged Pass 'Test case passed'
2024-01-02 01:04:30,506 T0155: INFO  #### gw2  switching/test_vlan.py::test_ft_vlan_trunk_tagged
2024-01-02 01:04:30,506 T0155: INFO  support post-function-epilog test_ft_vlan_trunk_tagged Pass 'Test case passed'
2024-01-02 01:04:30,508 T0156: INFO  #### gw2  switching/test_vlan.py::test_ft_vlan_trunk_tagged
2024-01-02 01:04:30,508 T0156: INFO  support post-function-epilog test_ft_vlan_trunk_tagged Pass 'Test case passed'
2024-01-02 01:04:35,761 T0162: INFO  #### gw2  switching/test_vlan.py
2024-01-02 01:04:35,762 T0162: INFO  support pre-function-prolog test_ft_vlan_save_config_warm_and_fast_reboot  ''
2024-01-02 01:04:35,765 T0163: INFO  #### gw2  switching/test_vlan.py
2024-01-02 01:04:35,766 T0163: INFO  support pre-function-prolog test_ft_vlan_save_config_warm_and_fast_reboot  ''
2024-01-02 01:04:35,777 T0164: INFO  #### gw2  switching/test_vlan.py::test_ft_vlan_save_config_warm_and_fast_reboot
2024-01-02 01:04:35,777 T0164: INFO  support post-function-prolog test_ft_vlan_save_config_warm_and_fast_reboot Pass ''
2024-01-02 01:04:35,779 T0165: INFO  #### gw2  switching/test_vlan.py::test_ft_vlan_save_config_warm_and_fast_reboot
2024-01-02 01:04:35,779 T0165: INFO  support post-function-prolog test_ft_vlan_save_config_warm_and_fast_reboot Pass ''
2024-01-02 01:07:44,849 T0000: WARN  #### gw2 IGNORED ERROR switching/test_vlan.py::test_ft_vlan_save_config_warm_and_fast_reboot
2024-01-02 01:07:44,849 T0000: WARN  Skipped error checking but detected pattern: containing_failed command: sudo -s reboot
2024-01-02 01:09:11,566 T0000: WARN  #### gw2 IGNORED ERROR switching/test_vlan.py::test_ft_vlan_save_config_warm_and_fast_reboot
2024-01-02 01:09:11,566 T0000: WARN  Skipped error checking but detected pattern: containing_python_traceback command: sudo -s fast-reboot
2024-01-02 01:10:05,643 T0000: ERROR #### gw2 Exception switching/test_vlan.py::test_ft_vlan_save_config_warm_and_fast_reboot
2024-01-02 01:10:05,643 T0000: ERROR Exception TypeError 'NoneType' object is not subscriptable in file /apis/system/basic.py at line 1389
2024-01-02 01:10:05,643 T0000: ERROR [0] /apis/system/basic.py:1389 is_warm_boot_support return bool(platform.lower() in features_support_data[key])
2024-01-02 01:10:05,643 T0000: ERROR [1] /apis/system/reboot.py:83 warm_reboot if (st.getenv("SPYTEST_UNSUPPORT_TD4_WARM_REBOOT") and basic.is_td4_platform(dut)) or basic.is_warm_boot_support(dut, is_support=False):
2024-01-02 01:10:05,643 T0000: ERROR [2] /tests/switching/test_vlan.py:906 test_ft_vlan_save_config_warm_and_fast_reboot reboot.warm_reboot(vars.D1)
2024-01-02 01:10:05,645 T0166: WARN  #### gw2  switching/test_vlan.py::test_ft_vlan_save_config_warm_and_fast_reboot
2024-01-02 01:10:05,645 T0166: WARN  support post-function-epilog test_ft_vlan_save_config_warm_and_fast_reboot ScriptError 'Exception TypeError 'NoneType' object is not subscriptable in file /apis/system/basic.py at line 1389'
2024-01-02 01:10:05,647 T0167: WARN  #### gw2  switching/test_vlan.py::test_ft_vlan_save_config_warm_and_fast_reboot
2024-01-02 01:10:05,647 T0167: WARN  support post-function-epilog test_ft_vlan_save_config_warm_and_fast_reboot ScriptError 'Exception TypeError 'NoneType' object is not subscriptable in file /apis/system/basic.py at line 1389'
2024-01-02 01:10:05,666 T0000: ERROR #### gw2  switching/test_vlan.py::test_ft_vlan_save_config_warm_and_fast_reboot
2024-01-02 01:10:05,666 T0000: ERROR 

==================== REMOTE ALERTS ============================
################################################################################
drop the rate from 2000 to 100
################################################################################
################################################################################
drop the rate from 2000 to 100
################################################################################
################################################################################
drop the rate from 2000 to 100
################################################################################
===============================================================


2024-01-02 01:10:05,689 T0168: WARN  #### gw2  switching/test_vlan.py::test_ft_vlan_save_config_warm_and_fast_reboot
2024-01-02 01:10:05,689 T0168: WARN  support pre-module-epilog switching/test_vlan.py fail ''
2024-01-02 01:10:05,691 T0169: WARN  #### gw2  switching/test_vlan.py::test_ft_vlan_save_config_warm_and_fast_reboot
2024-01-02 01:10:05,691 T0169: WARN  support pre-module-epilog switching/test_vlan.py fail ''
2024-01-02 01:10:34,351 T0186: WARN  #### gw2  switching/test_vlan.py::test_ft_vlan_save_config_warm_and_fast_reboot
2024-01-02 01:10:34,351 T0186: WARN  support post-module-epilog switching/test_vlan.py fail ''
2024-01-02 01:10:34,353 T0187: WARN  #### gw2  switching/test_vlan.py::test_ft_vlan_save_config_warm_and_fast_reboot
2024-01-02 01:10:34,353 T0187: WARN  support post-module-epilog switching/test_vlan.py fail ''
2024-01-02 01:14:28,987 T0252: INFO  #### gw2  
2024-01-02 01:14:28,987 T0252: INFO  support pre-module-prolog system/test_ssh.py  ''
2024-01-02 01:14:28,988 T0253: INFO  #### gw2  
2024-01-02 01:14:28,989 T0253: INFO  support pre-module-prolog system/test_ssh.py  ''
2024-01-02 01:15:06,288 T0280: INFO  #### gw2  system/test_ssh.py
2024-01-02 01:15:06,289 T0280: INFO  support post-module-prolog system/test_ssh.py Pass ''
2024-01-02 01:15:06,293 T0281: INFO  #### gw2  system/test_ssh.py
2024-01-02 01:15:06,293 T0281: INFO  support post-module-prolog system/test_ssh.py Pass ''
2024-01-02 01:15:37,473 T0305: INFO  #### gw2  system/test_ssh.py
2024-01-02 01:15:37,473 T0305: INFO  support pre-function-prolog test_ft_ssh_service_disable  ''
2024-01-02 01:15:37,477 T0306: INFO  #### gw2  system/test_ssh.py
2024-01-02 01:15:37,478 T0306: INFO  support pre-function-prolog test_ft_ssh_service_disable  ''
2024-01-02 01:15:37,491 T0307: INFO  #### gw2  system/test_ssh.py::test_ft_ssh_service_disable
2024-01-02 01:15:37,491 T0307: INFO  support post-function-prolog test_ft_ssh_service_disable Pass ''
2024-01-02 01:15:37,493 T0308: INFO  #### gw2  system/test_ssh.py::test_ft_ssh_service_disable
2024-01-02 01:15:37,493 T0308: INFO  support post-function-prolog test_ft_ssh_service_disable Pass ''
2024-01-02 01:15:40,255 T0309: INFO  #### gw2  system/test_ssh.py::test_ft_ssh_service_disable
2024-01-02 01:15:40,255 T0309: INFO  support pre-function-epilog test_ft_ssh_service_disable Pass 'Test case passed'
2024-01-02 01:15:40,257 T0310: INFO  #### gw2  system/test_ssh.py::test_ft_ssh_service_disable
2024-01-02 01:15:40,257 T0310: INFO  support pre-function-epilog test_ft_ssh_service_disable Pass 'Test case passed'
2024-01-02 01:15:40,267 T0311: INFO  #### gw2  system/test_ssh.py::test_ft_ssh_service_disable
2024-01-02 01:15:40,267 T0311: INFO  support post-function-epilog test_ft_ssh_service_disable Pass 'Test case passed'
2024-01-02 01:15:40,269 T0312: INFO  #### gw2  system/test_ssh.py::test_ft_ssh_service_disable
2024-01-02 01:15:40,269 T0312: INFO  support post-function-epilog test_ft_ssh_service_disable Pass 'Test case passed'
2024-01-02 01:15:45,332 T0318: INFO  #### gw2  system/test_ssh.py
2024-01-02 01:15:45,333 T0318: INFO  support pre-function-prolog test_ft_ssh_add_user_verify  ''
2024-01-02 01:15:45,337 T0319: INFO  #### gw2  system/test_ssh.py
2024-01-02 01:15:45,337 T0319: INFO  support pre-function-prolog test_ft_ssh_add_user_verify  ''
2024-01-02 01:15:45,350 T0320: INFO  #### gw2  system/test_ssh.py::test_ft_ssh_add_user_verify
2024-01-02 01:15:45,350 T0320: INFO  support post-function-prolog test_ft_ssh_add_user_verify Pass ''
2024-01-02 01:15:45,352 T0321: INFO  #### gw2  system/test_ssh.py::test_ft_ssh_add_user_verify
2024-01-02 01:15:45,352 T0321: INFO  support post-function-prolog test_ft_ssh_add_user_verify Pass ''
2024-01-02 01:21:01,990 T0000: WARN  #### gw2 IGNORED ERROR system/test_ssh.py::test_ft_ssh_add_user_verify
2024-01-02 01:21:01,990 T0000: WARN  Skipped error checking but detected pattern: containing_python_traceback command: sudo -s fast-reboot
2024-01-02 01:23:05,915 T0328: INFO  #### gw2  system/test_ssh.py::test_ft_ssh_add_user_verify
2024-01-02 01:23:05,915 T0328: INFO  support testcase test_ft_controlplane_acl_service_sshv4 Pass 'SSH failed'
2024-01-02 01:23:05,917 T0329: INFO  #### gw2  system/test_ssh.py::test_ft_ssh_add_user_verify
2024-01-02 01:23:05,918 T0329: INFO  support testcase test_ft_controlplane_acl_service_sshv4 Pass 'SSH failed'
2024-01-02 01:23:05,926 T0330: INFO  #### gw2  system/test_ssh.py::test_ft_ssh_add_user_verify
2024-01-02 01:23:05,926 T0330: INFO  support testcase test_ft_controlplane_acl_service_sshv6 Pass 'SSH failed'
2024-01-02 01:23:05,928 T0331: INFO  #### gw2  system/test_ssh.py::test_ft_ssh_add_user_verify
2024-01-02 01:23:05,928 T0331: INFO  support testcase test_ft_controlplane_acl_service_sshv6 Pass 'SSH failed'
2024-01-02 01:23:05,934 T0332: WARN  #### gw2  system/test_ssh.py::test_ft_ssh_add_user_verify
2024-01-02 01:23:05,934 T0332: WARN  support testcase test_ft_controlplane_acl_service_snmp Fail 'SNMP output is not found after walk of with control plane ACL service SNMP after reboot OID'
2024-01-02 01:23:05,935 T0333: WARN  #### gw2  system/test_ssh.py::test_ft_ssh_add_user_verify
2024-01-02 01:23:05,936 T0333: WARN  support testcase test_ft_controlplane_acl_service_snmp Fail 'SNMP output is not found after walk of with control plane ACL service SNMP after reboot OID'
2024-01-02 01:25:08,783 T0338: WARN  #### gw2  system/test_ssh.py::test_ft_ssh_add_user_verify
2024-01-02 01:25:08,783 T0338: WARN  support pre-function-epilog test_ft_ssh_add_user_verify Fail 'Test case Failed.'
2024-01-02 01:25:08,785 T0339: WARN  #### gw2  system/test_ssh.py::test_ft_ssh_add_user_verify
2024-01-02 01:25:08,786 T0339: WARN  support pre-function-epilog test_ft_ssh_add_user_verify Fail 'Test case Failed.'
2024-01-02 01:25:09,168 T0340: WARN  #### gw2  system/test_ssh.py::test_ft_ssh_add_user_verify
2024-01-02 01:25:09,168 T0340: WARN  support post-function-epilog test_ft_ssh_add_user_verify ignore 'Test case Failed.'
2024-01-02 01:25:09,170 T0341: WARN  #### gw2  system/test_ssh.py::test_ft_ssh_add_user_verify
2024-01-02 01:25:09,171 T0341: WARN  support post-function-epilog test_ft_ssh_add_user_verify ignore 'Test case Failed.'
2024-01-02 01:25:16,578 T0347: INFO  #### gw2  system/test_ssh.py
2024-01-02 01:25:16,578 T0347: INFO  support pre-function-prolog test_ft_verify_logs_at_the_time_of_ssh_login_success  ''
2024-01-02 01:25:16,582 T0348: INFO  #### gw2  system/test_ssh.py
2024-01-02 01:25:16,582 T0348: INFO  support pre-function-prolog test_ft_verify_logs_at_the_time_of_ssh_login_success  ''
2024-01-02 01:25:16,593 T0349: INFO  #### gw2  system/test_ssh.py::test_ft_verify_logs_at_the_time_of_ssh_login_success
2024-01-02 01:25:16,593 T0349: INFO  support post-function-prolog test_ft_verify_logs_at_the_time_of_ssh_login_success Pass ''
2024-01-02 01:25:16,595 T0350: INFO  #### gw2  system/test_ssh.py::test_ft_verify_logs_at_the_time_of_ssh_login_success
2024-01-02 01:25:16,595 T0350: INFO  support post-function-prolog test_ft_verify_logs_at_the_time_of_ssh_login_success Pass ''
2024-01-02 01:25:35,723 T0353: INFO  #### gw2  system/test_ssh.py::test_ft_verify_logs_at_the_time_of_ssh_login_success
2024-01-02 01:25:35,723 T0353: INFO  support pre-function-epilog test_ft_verify_logs_at_the_time_of_ssh_login_success Pass 'Test case passed'
2024-01-02 01:25:35,725 T0354: INFO  #### gw2  system/test_ssh.py::test_ft_verify_logs_at_the_time_of_ssh_login_success
2024-01-02 01:25:35,725 T0354: INFO  support pre-function-epilog test_ft_verify_logs_at_the_time_of_ssh_login_success Pass 'Test case passed'
2024-01-02 01:25:35,737 T0355: INFO  #### gw2  system/test_ssh.py::test_ft_verify_logs_at_the_time_of_ssh_login_success
2024-01-02 01:25:35,737 T0355: INFO  support post-function-epilog test_ft_verify_logs_at_the_time_of_ssh_login_success Pass 'Test case passed'
2024-01-02 01:25:35,739 T0356: INFO  #### gw2  system/test_ssh.py::test_ft_verify_logs_at_the_time_of_ssh_login_success
2024-01-02 01:25:35,739 T0356: INFO  support post-function-epilog test_ft_verify_logs_at_the_time_of_ssh_login_success Pass 'Test case passed'
2024-01-02 01:25:35,773 T0357: WARN  #### gw2  system/test_ssh.py::test_ft_verify_logs_at_the_time_of_ssh_login_success
2024-01-02 01:25:35,773 T0357: WARN  support pre-module-epilog system/test_ssh.py fail ''
2024-01-02 01:25:35,775 T0358: WARN  #### gw2  system/test_ssh.py::test_ft_verify_logs_at_the_time_of_ssh_login_success
2024-01-02 01:25:35,775 T0358: WARN  support pre-module-epilog system/test_ssh.py fail ''
2024-01-02 01:26:28,413 T0383: WARN  #### gw2  system/test_ssh.py::test_ft_verify_logs_at_the_time_of_ssh_login_success
2024-01-02 01:26:28,414 T0383: WARN  support post-module-epilog system/test_ssh.py fail ''
2024-01-02 01:26:28,416 T0384: WARN  #### gw2  system/test_ssh.py::test_ft_verify_logs_at_the_time_of_ssh_login_success
2024-01-02 01:26:28,416 T0384: WARN  support post-module-epilog system/test_ssh.py fail ''
2024-01-02 01:28:11,149 T0432: WARN  #### gw2  batch/test_spytest_infra_1.py::test_spytest_infra_last
2024-01-02 01:28:11,149 T0432: WARN  support session-epilog session pass ''
2024-01-02 01:28:11,150 T0433: WARN  #### gw2  batch/test_spytest_infra_1.py::test_spytest_infra_last
2024-01-02 01:28:11,151 T0433: WARN  support session-epilog session pass ''
