2024-01-08 01:30:08,719 T0002: [D1-V1] ['export TMOUT=0', 'stty cols 5000', 'uptime']
2024-01-08 01:30:09,384 T0002: [D1-V1] cat /proc/uptime
2024-01-08 01:30:10,054 T0002: [D1-V1] sudo vtysh -c 'show running-config | include hostname'
2024-01-08 01:30:15,205 T0002: [D1-V1] /sbin/ip link set dev eth0 up
2024-01-08 01:30:15,875 T0002: [D1-V1] /sbin/ip route list dev eth0
2024-01-08 01:30:16,549 T0002: [D1-V1] ['export TMOUT=0', 'stty cols 5000', 'uptime']
2024-01-08 01:30:18,695 T0002: [D1-V1] /sbin/ip link set dev eth0 up
2024-01-08 01:30:19,364 T0002: [D1-V1] /sbin/ip route list dev eth0
2024-01-08 01:30:20,710 T0002: [D1-V1] show version
2024-01-08 01:30:22,890 T0002: [D1-V1] /sbin/ip link set dev eth0 up
2024-01-08 01:30:23,557 T0002: [D1-V1] /sbin/ip route list dev eth0
2024-01-08 01:30:25,705 T0002: [D1-V1] /sbin/ip link set dev eth0 up
2024-01-08 01:30:26,373 T0002: [D1-V1] /sbin/ip route list dev eth0
2024-01-08 01:31:34,377 T0000: [D1-V1] sudo show interfaces status
2024-01-08 01:31:36,628 T0000: [D1-V1] config interface startup Ethernet0
2024-01-08 01:31:38,090 T0000: [D1-V1] config interface startup Ethernet4
2024-01-08 01:31:39,510 T0000: [D1-V1] config interface startup Ethernet8
2024-01-08 01:31:40,973 T0000: [D1-V1] config interface startup Ethernet12
2024-01-08 01:31:42,560 T0000: [D1-V1] config interface shutdown Ethernet16
2024-01-08 01:31:43,969 T0000: [D1-V1] config interface shutdown Ethernet20
2024-01-08 01:31:45,389 T0000: [D1-V1] config interface shutdown Ethernet24
2024-01-08 01:31:46,749 T0000: [D1-V1] config interface shutdown Ethernet28
2024-01-08 01:31:48,162 T0000: [D1-V1] config interface shutdown Ethernet32
2024-01-08 01:31:49,575 T0000: [D1-V1] config interface shutdown Ethernet36
2024-01-08 01:31:50,934 T0000: [D1-V1] config interface shutdown Ethernet40
2024-01-08 01:31:52,302 T0000: [D1-V1] config interface shutdown Ethernet44
2024-01-08 01:31:53,659 T0000: [D1-V1] config interface shutdown Ethernet48
2024-01-08 01:31:55,037 T0000: [D1-V1] config interface shutdown Ethernet52
2024-01-08 01:31:56,403 T0000: [D1-V1] config interface shutdown Ethernet56
2024-01-08 01:31:57,763 T0000: [D1-V1] config interface shutdown Ethernet60
2024-01-08 01:31:59,126 T0000: [D1-V1] config interface shutdown Ethernet64
2024-01-08 01:32:00,438 T0000: [D1-V1] config interface shutdown Ethernet68
2024-01-08 01:32:01,859 T0000: [D1-V1] config interface shutdown Ethernet72
2024-01-08 01:32:03,225 T0000: [D1-V1] config interface shutdown Ethernet76
2024-01-08 01:32:04,594 T0000: [D1-V1] config interface shutdown Ethernet80
2024-01-08 01:32:06,000 T0000: [D1-V1] config interface shutdown Ethernet84
2024-01-08 01:32:07,310 T0000: [D1-V1] config interface shutdown Ethernet88
2024-01-08 01:32:08,618 T0000: [D1-V1] config interface shutdown Ethernet92
2024-01-08 01:32:09,938 T0000: [D1-V1] config interface shutdown Ethernet96
2024-01-08 01:32:11,297 T0000: [D1-V1] config interface shutdown Ethernet100
2024-01-08 01:32:12,656 T0000: [D1-V1] config interface shutdown Ethernet104
2024-01-08 01:32:13,975 T0000: [D1-V1] config interface shutdown Ethernet108
2024-01-08 01:32:15,283 T0000: [D1-V1] config interface shutdown Ethernet112
2024-01-08 01:32:16,642 T0000: [D1-V1] config interface shutdown Ethernet116
2024-01-08 01:32:18,008 T0000: [D1-V1] config interface shutdown Ethernet120
2024-01-08 01:32:19,321 T0000: [D1-V1] config interface shutdown Ethernet124
2024-01-08 01:32:26,791 T0000: [D1-V1] show version
2024-01-08 01:32:29,023 T0000: [D1-V1] cat /var/run/redis/sonic-db/database_config.json
2024-01-08 01:32:29,767 T0000: [D1-V1] /sbin/ifconfig eth0
2024-01-08 01:32:30,493 T0000: [D1-V1] ls /etc/sonic/bcmsim.cfg
2024-01-08 01:32:31,223 T0000: [D1-V1] no router bgp
2024-01-08 01:32:33,131 T0000: [D1-V1] config feature state sflow enabled
2024-01-08 01:32:35,434 T0000: [D1-V1] config feature state nat enabled
2024-01-08 01:32:41,172 T0000: [D1-V1] config save /tmp/config-db-V1-post-session-prolog-session.json -y
2024-01-08 01:32:42,988 T0000: [D1-V1] chmod 777 /tmp/config-db-V1-post-session-prolog-session.json
2024-01-08 01:32:44,517 T0000: [D1-V1] /sbin/ip link set dev eth0 up
2024-01-08 01:32:45,238 T0000: [D1-V1] /sbin/ip route list dev eth0
2024-01-08 01:32:53,810 T0000: [D1-V1] sudo vtysh -c 'show running-config' > /tmp/vtysh-runcfg-V1-post-session-prolog-session.txt
2024-01-08 01:32:54,723 T0000: [D1-V1] chmod 777 /tmp/vtysh-runcfg-V1-post-session-prolog-session.txt
2024-01-08 01:32:56,260 T0000: [D1-V1] /sbin/ip link set dev eth0 up
2024-01-08 01:32:56,971 T0000: [D1-V1] /sbin/ip route list dev eth0
2024-01-08 01:33:05,933 T0000: 
================== Framework Module Hook: batch/test_spytest_infra_1.py ==================
2024-01-08 01:33:05,953 T0012: [D1-V1] sudo show interfaces status Ethernet124
2024-01-08 01:33:08,367 T0013: [D1-V1] sudo show interfaces status
2024-01-08 01:33:10,255 T0000: 
================== Framework Module Hook Finish: batch/test_spytest_infra_1.py ==================
2024-01-08 01:33:10,256 T0000: 
================== Framework Function Hook: batch/test_spytest_infra_1.py::test_spytest_infra_first ==================
2024-01-08 01:33:14,552 T0014: [D1-V1] sudo show interfaces status
2024-01-08 01:33:16,413 T0000: [D1-V1] sudo show interfaces status Ethernet124
2024-01-08 01:33:19,367 T0000: 
================== Framework Function Hook Finish: batch/test_spytest_infra_1.py::test_spytest_infra_first ==================
2024-01-08 01:33:19,371 T0000: 
================== Test Execution: batch/test_spytest_infra_1.py::test_spytest_infra_first ==================
2024-01-08 01:33:19,392 T0000: 
================== Framework Function Hook Finalize: batch/test_spytest_infra_1.py::test_spytest_infra_first ==================
2024-01-08 01:33:19,475 T0000: 
================== Framework Function Hook: batch/test_spytest_infra_1.py::test_spytest_infra_second ==================
2024-01-08 01:33:19,491 T0015: [D1-V1] sudo show interfaces status
2024-01-08 01:33:21,405 T0000: [D1-V1] sudo show interfaces status Ethernet124
2024-01-08 01:33:24,311 T0000: 
================== Framework Function Hook Finish: batch/test_spytest_infra_1.py::test_spytest_infra_second ==================
2024-01-08 01:33:24,314 T0000: 
================== Test Execution: batch/test_spytest_infra_1.py::test_spytest_infra_second ==================
2024-01-08 01:33:24,337 T0000: 
================== Framework Function Hook Finalize: batch/test_spytest_infra_1.py::test_spytest_infra_second ==================
2024-01-08 01:33:24,356 T0000: [D1-V1] sudo show interfaces status Ethernet124
2024-01-08 01:33:26,989 T0000: 
================== Framework Module Hook Finalize: batch/test_spytest_infra_1.py Pass: 2/2 ==================
2024-01-08 01:33:26,989 T0000: 
================== Devices used: batch/test_spytest_infra_1.py 1 ['V1'] ==================
2024-01-08 01:33:27,075 T0000: [D1-V1] ['stty cols 80']
