2023-12-25 03:02:27,981 T0025: WARN  #### gw3  
2023-12-25 03:02:27,982 T0025: WARN  support post-session-prolog session pass ''
2023-12-25 03:02:27,984 T0026: WARN  #### gw3  
2023-12-25 03:02:27,984 T0026: WARN  support post-session-prolog session pass ''
2023-12-25 03:03:16,303 T0079: INFO  #### gw3  
2023-12-25 03:03:16,304 T0079: INFO  support pre-module-prolog switching/test_vlan.py  ''
2023-12-25 03:03:16,306 T0080: INFO  #### gw3  
2023-12-25 03:03:16,306 T0080: INFO  support pre-module-prolog switching/test_vlan.py  ''
2023-12-25 03:03:49,956 T0098: INFO  #### gw3  switching/test_vlan.py
2023-12-25 03:03:49,957 T0098: INFO  support post-module-prolog switching/test_vlan.py Pass ''
2023-12-25 03:03:49,959 T0099: INFO  #### gw3  switching/test_vlan.py
2023-12-25 03:03:49,959 T0099: INFO  support post-module-prolog switching/test_vlan.py Pass ''
2023-12-25 03:04:21,221 T0123: INFO  #### gw3  switching/test_vlan.py
2023-12-25 03:04:21,222 T0123: INFO  support pre-function-prolog test_ft_add_unknownvlan_interface  ''
2023-12-25 03:04:21,225 T0124: INFO  #### gw3  switching/test_vlan.py
2023-12-25 03:04:21,226 T0124: INFO  support pre-function-prolog test_ft_add_unknownvlan_interface  ''
2023-12-25 03:04:21,238 T0125: INFO  #### gw3  switching/test_vlan.py::test_ft_add_unknownvlan_interface
2023-12-25 03:04:21,238 T0125: INFO  support post-function-prolog test_ft_add_unknownvlan_interface Pass ''
2023-12-25 03:04:21,240 T0126: INFO  #### gw3  switching/test_vlan.py::test_ft_add_unknownvlan_interface
2023-12-25 03:04:21,240 T0126: INFO  support post-function-prolog test_ft_add_unknownvlan_interface Pass ''
2023-12-25 03:04:22,320 T0000: WARN  #### gw3 IGNORED ERROR switching/test_vlan.py::test_ft_add_unknownvlan_interface
2023-12-25 03:04:22,320 T0000: WARN  Skipped error checking but detected pattern: containing_error command: sudo -s config vlan member add 855 Ethernet48 -u
2023-12-25 03:04:24,438 T0127: INFO  #### gw3  switching/test_vlan.py::test_ft_add_unknownvlan_interface
2023-12-25 03:04:24,438 T0127: INFO  support pre-function-epilog test_ft_add_unknownvlan_interface Pass 'Test case passed'
2023-12-25 03:04:24,440 T0128: INFO  #### gw3  switching/test_vlan.py::test_ft_add_unknownvlan_interface
2023-12-25 03:04:24,440 T0128: INFO  support pre-function-epilog test_ft_add_unknownvlan_interface Pass 'Test case passed'
2023-12-25 03:04:24,448 T0129: INFO  #### gw3  switching/test_vlan.py::test_ft_add_unknownvlan_interface
2023-12-25 03:04:24,448 T0129: INFO  support post-function-epilog test_ft_add_unknownvlan_interface Pass 'Test case passed'
2023-12-25 03:04:24,450 T0130: INFO  #### gw3  switching/test_vlan.py::test_ft_add_unknownvlan_interface
2023-12-25 03:04:24,450 T0130: INFO  support post-function-epilog test_ft_add_unknownvlan_interface Pass 'Test case passed'
2023-12-25 03:04:29,284 T0136: INFO  #### gw3  switching/test_vlan.py
2023-12-25 03:04:29,285 T0136: INFO  support pre-function-prolog test_ft_vlan_delete_with_member  ''
2023-12-25 03:04:29,289 T0137: INFO  #### gw3  switching/test_vlan.py
2023-12-25 03:04:29,289 T0137: INFO  support pre-function-prolog test_ft_vlan_delete_with_member  ''
2023-12-25 03:04:29,300 T0138: INFO  #### gw3  switching/test_vlan.py::test_ft_vlan_delete_with_member
2023-12-25 03:04:29,300 T0138: INFO  support post-function-prolog test_ft_vlan_delete_with_member Pass ''
2023-12-25 03:04:29,301 T0139: INFO  #### gw3  switching/test_vlan.py::test_ft_vlan_delete_with_member
2023-12-25 03:04:29,302 T0139: INFO  support post-function-prolog test_ft_vlan_delete_with_member Pass ''
2023-12-25 03:04:32,496 T0000: WARN  #### gw3 IGNORED ERROR switching/test_vlan.py::test_ft_vlan_delete_with_member
2023-12-25 03:04:32,496 T0000: WARN  Skipped error checking but detected pattern: containing_error command: sudo -s config vlan del 855
2023-12-25 03:04:36,795 T0140: INFO  #### gw3  switching/test_vlan.py::test_ft_vlan_delete_with_member
2023-12-25 03:04:36,795 T0140: INFO  support pre-function-epilog test_ft_vlan_delete_with_member Pass 'Test case passed'
2023-12-25 03:04:36,796 T0141: INFO  #### gw3  switching/test_vlan.py::test_ft_vlan_delete_with_member
2023-12-25 03:04:36,797 T0141: INFO  support pre-function-epilog test_ft_vlan_delete_with_member Pass 'Test case passed'
2023-12-25 03:04:36,804 T0142: INFO  #### gw3  switching/test_vlan.py::test_ft_vlan_delete_with_member
2023-12-25 03:04:36,805 T0142: INFO  support post-function-epilog test_ft_vlan_delete_with_member Pass 'Test case passed'
2023-12-25 03:04:36,807 T0143: INFO  #### gw3  switching/test_vlan.py::test_ft_vlan_delete_with_member
2023-12-25 03:04:36,807 T0143: INFO  support post-function-epilog test_ft_vlan_delete_with_member Pass 'Test case passed'
2023-12-25 03:04:41,665 T0149: INFO  #### gw3  switching/test_vlan.py
2023-12-25 03:04:41,665 T0149: INFO  support pre-function-prolog test_ft_vlan_trunk_tagged  ''
2023-12-25 03:04:41,669 T0150: INFO  #### gw3  switching/test_vlan.py
2023-12-25 03:04:41,669 T0150: INFO  support pre-function-prolog test_ft_vlan_trunk_tagged  ''
2023-12-25 03:04:41,680 T0151: INFO  #### gw3  switching/test_vlan.py::test_ft_vlan_trunk_tagged
2023-12-25 03:04:41,680 T0151: INFO  support post-function-prolog test_ft_vlan_trunk_tagged Pass ''
2023-12-25 03:04:41,682 T0152: INFO  #### gw3  switching/test_vlan.py::test_ft_vlan_trunk_tagged
2023-12-25 03:04:41,682 T0152: INFO  support post-function-prolog test_ft_vlan_trunk_tagged Pass ''
2023-12-25 03:06:02,653 T0153: INFO  #### gw3  switching/test_vlan.py::test_ft_vlan_trunk_tagged
2023-12-25 03:06:02,654 T0153: INFO  support pre-function-epilog test_ft_vlan_trunk_tagged Pass 'Test case passed'
2023-12-25 03:06:02,657 T0154: INFO  #### gw3  switching/test_vlan.py::test_ft_vlan_trunk_tagged
2023-12-25 03:06:02,657 T0154: INFO  support pre-function-epilog test_ft_vlan_trunk_tagged Pass 'Test case passed'
2023-12-25 03:06:02,665 T0155: INFO  #### gw3  switching/test_vlan.py::test_ft_vlan_trunk_tagged
2023-12-25 03:06:02,665 T0155: INFO  support post-function-epilog test_ft_vlan_trunk_tagged Pass 'Test case passed'
2023-12-25 03:06:02,667 T0156: INFO  #### gw3  switching/test_vlan.py::test_ft_vlan_trunk_tagged
2023-12-25 03:06:02,667 T0156: INFO  support post-function-epilog test_ft_vlan_trunk_tagged Pass 'Test case passed'
2023-12-25 03:06:07,585 T0162: INFO  #### gw3  switching/test_vlan.py
2023-12-25 03:06:07,586 T0162: INFO  support pre-function-prolog test_ft_vlan_save_config_warm_and_fast_reboot  ''
2023-12-25 03:06:07,589 T0163: INFO  #### gw3  switching/test_vlan.py
2023-12-25 03:06:07,590 T0163: INFO  support pre-function-prolog test_ft_vlan_save_config_warm_and_fast_reboot  ''
2023-12-25 03:06:07,601 T0164: INFO  #### gw3  switching/test_vlan.py::test_ft_vlan_save_config_warm_and_fast_reboot
2023-12-25 03:06:07,601 T0164: INFO  support post-function-prolog test_ft_vlan_save_config_warm_and_fast_reboot Pass ''
2023-12-25 03:06:07,603 T0165: INFO  #### gw3  switching/test_vlan.py::test_ft_vlan_save_config_warm_and_fast_reboot
2023-12-25 03:06:07,603 T0165: INFO  support post-function-prolog test_ft_vlan_save_config_warm_and_fast_reboot Pass ''
2023-12-25 03:09:07,759 T0000: WARN  #### gw3 IGNORED ERROR switching/test_vlan.py::test_ft_vlan_save_config_warm_and_fast_reboot
2023-12-25 03:09:07,759 T0000: WARN  Skipped error checking but detected pattern: containing_failed command: sudo -s reboot
2023-12-25 03:10:26,756 T0000: WARN  #### gw3 IGNORED ERROR switching/test_vlan.py::test_ft_vlan_save_config_warm_and_fast_reboot
2023-12-25 03:10:26,756 T0000: WARN  Skipped error checking but detected pattern: containing_python_traceback command: sudo -s fast-reboot
2023-12-25 03:11:20,616 T0000: ERROR #### gw3 Exception switching/test_vlan.py::test_ft_vlan_save_config_warm_and_fast_reboot
2023-12-25 03:11:20,616 T0000: ERROR Exception TypeError 'NoneType' object is not subscriptable in file /apis/system/basic.py at line 1389
2023-12-25 03:11:20,616 T0000: ERROR [0] /apis/system/basic.py:1389 is_warm_boot_support return bool(platform.lower() in features_support_data[key])
2023-12-25 03:11:20,616 T0000: ERROR [1] /apis/system/reboot.py:83 warm_reboot if (st.getenv("SPYTEST_UNSUPPORT_TD4_WARM_REBOOT") and basic.is_td4_platform(dut)) or basic.is_warm_boot_support(dut, is_support=False):
2023-12-25 03:11:20,616 T0000: ERROR [2] /tests/switching/test_vlan.py:906 test_ft_vlan_save_config_warm_and_fast_reboot reboot.warm_reboot(vars.D1)
2023-12-25 03:11:20,618 T0166: WARN  #### gw3  switching/test_vlan.py::test_ft_vlan_save_config_warm_and_fast_reboot
2023-12-25 03:11:20,618 T0166: WARN  support post-function-epilog test_ft_vlan_save_config_warm_and_fast_reboot ScriptError 'Exception TypeError 'NoneType' object is not subscriptable in file /apis/system/basic.py at line 1389'
2023-12-25 03:11:20,619 T0167: WARN  #### gw3  switching/test_vlan.py::test_ft_vlan_save_config_warm_and_fast_reboot
2023-12-25 03:11:20,620 T0167: WARN  support post-function-epilog test_ft_vlan_save_config_warm_and_fast_reboot ScriptError 'Exception TypeError 'NoneType' object is not subscriptable in file /apis/system/basic.py at line 1389'
2023-12-25 03:11:20,639 T0000: ERROR #### gw3  switching/test_vlan.py::test_ft_vlan_save_config_warm_and_fast_reboot
2023-12-25 03:11:20,639 T0000: ERROR 

==================== REMOTE ALERTS ============================
################################################################################
drop the rate from 2000 to 100
################################################################################
################################################################################
drop the rate from 2000 to 100
################################################################################
################################################################################
drop the rate from 2000 to 100
################################################################################
===============================================================


2023-12-25 03:11:20,664 T0168: WARN  #### gw3  switching/test_vlan.py::test_ft_vlan_save_config_warm_and_fast_reboot
2023-12-25 03:11:20,664 T0168: WARN  support pre-module-epilog switching/test_vlan.py fail ''
2023-12-25 03:11:20,666 T0169: WARN  #### gw3  switching/test_vlan.py::test_ft_vlan_save_config_warm_and_fast_reboot
2023-12-25 03:11:20,666 T0169: WARN  support pre-module-epilog switching/test_vlan.py fail ''
2023-12-25 03:11:46,328 T0186: WARN  #### gw3  switching/test_vlan.py::test_ft_vlan_save_config_warm_and_fast_reboot
2023-12-25 03:11:46,329 T0186: WARN  support post-module-epilog switching/test_vlan.py fail ''
2023-12-25 03:11:46,331 T0187: WARN  #### gw3  switching/test_vlan.py::test_ft_vlan_save_config_warm_and_fast_reboot
2023-12-25 03:11:46,331 T0187: WARN  support post-module-epilog switching/test_vlan.py fail ''
2023-12-25 03:16:05,839 T0252: INFO  #### gw3  
2023-12-25 03:16:05,840 T0252: INFO  support pre-module-prolog system/test_interface.py  ''
2023-12-25 03:16:05,842 T0253: INFO  #### gw3  
2023-12-25 03:16:05,842 T0253: INFO  support pre-module-prolog system/test_interface.py  ''
2023-12-25 03:16:47,890 T0270: INFO  #### gw3  system/test_interface.py
2023-12-25 03:16:47,891 T0270: INFO  support post-module-prolog system/test_interface.py Pass ''
2023-12-25 03:16:47,893 T0271: INFO  #### gw3  system/test_interface.py
2023-12-25 03:16:47,894 T0271: INFO  support post-module-prolog system/test_interface.py Pass ''
2023-12-25 03:17:19,055 T0295: INFO  #### gw3  system/test_interface.py
2023-12-25 03:17:19,056 T0295: INFO  support pre-function-prolog test_ft_port_fn_verify_shut_noshut  ''
2023-12-25 03:17:19,060 T0296: INFO  #### gw3  system/test_interface.py
2023-12-25 03:17:19,060 T0296: INFO  support pre-function-prolog test_ft_port_fn_verify_shut_noshut  ''
2023-12-25 03:17:19,072 T0297: INFO  #### gw3  system/test_interface.py::test_ft_port_fn_verify_shut_noshut
2023-12-25 03:17:19,072 T0297: INFO  support post-function-prolog test_ft_port_fn_verify_shut_noshut Pass ''
2023-12-25 03:17:19,074 T0298: INFO  #### gw3  system/test_interface.py::test_ft_port_fn_verify_shut_noshut
2023-12-25 03:17:19,074 T0298: INFO  support post-function-prolog test_ft_port_fn_verify_shut_noshut Pass ''
2023-12-25 03:18:02,349 T0299: WARN  #### gw3  system/test_interface.py::test_ft_port_fn_verify_shut_noshut
2023-12-25 03:18:02,349 T0299: WARN  support pre-function-epilog test_ft_port_fn_verify_shut_noshut DUTFail 'config command 'sudo -s config interface ip remove Ethernet48 11.11.11.11/24' failed'
2023-12-25 03:18:02,351 T0300: WARN  #### gw3  system/test_interface.py::test_ft_port_fn_verify_shut_noshut
2023-12-25 03:18:02,351 T0300: WARN  support pre-function-epilog test_ft_port_fn_verify_shut_noshut DUTFail 'config command 'sudo -s config interface ip remove Ethernet48 11.11.11.11/24' failed'
2023-12-25 03:18:03,314 T0301: WARN  #### gw3  system/test_interface.py::test_ft_port_fn_verify_shut_noshut
2023-12-25 03:18:03,315 T0301: WARN  support post-function-epilog test_ft_port_fn_verify_shut_noshut ignore 'config command 'sudo -s config interface ip remove Ethernet48 11.11.11.11/24' failed'
2023-12-25 03:18:03,317 T0302: WARN  #### gw3  system/test_interface.py::test_ft_port_fn_verify_shut_noshut
2023-12-25 03:18:03,317 T0302: WARN  support post-function-epilog test_ft_port_fn_verify_shut_noshut ignore 'config command 'sudo -s config interface ip remove Ethernet48 11.11.11.11/24' failed'
2023-12-25 03:18:03,355 T0303: WARN  #### gw3  system/test_interface.py::test_ft_port_fn_verify_shut_noshut
2023-12-25 03:18:03,355 T0303: WARN  support pre-module-epilog system/test_interface.py fail ''
2023-12-25 03:18:03,356 T0304: WARN  #### gw3  system/test_interface.py::test_ft_port_fn_verify_shut_noshut
2023-12-25 03:18:03,357 T0304: WARN  support pre-module-epilog system/test_interface.py fail ''
2023-12-25 03:18:32,123 T0323: WARN  #### gw3  system/test_interface.py::test_ft_port_fn_verify_shut_noshut
2023-12-25 03:18:32,123 T0323: WARN  support post-module-epilog system/test_interface.py fail ''
2023-12-25 03:18:32,127 T0324: WARN  #### gw3  system/test_interface.py::test_ft_port_fn_verify_shut_noshut
2023-12-25 03:18:32,128 T0324: WARN  support post-module-epilog system/test_interface.py fail ''
2023-12-25 03:21:11,667 T0369: WARN  #### gw3  batch/test_spytest_infra_1.py::test_spytest_infra_last
2023-12-25 03:21:11,667 T0369: WARN  support session-epilog session pass ''
2023-12-25 03:21:11,669 T0370: WARN  #### gw3  batch/test_spytest_infra_1.py::test_spytest_infra_last
2023-12-25 03:21:11,669 T0370: WARN  support session-epilog session pass ''
