2024-01-02 00:59:59,542 T0025: WARN  #### gw2  
2024-01-02 00:59:59,542 T0025: WARN  support post-session-prolog session pass ''
2024-01-02 00:59:59,544 T0026: WARN  #### gw2  
2024-01-02 00:59:59,544 T0026: WARN  support post-session-prolog session pass ''
2024-01-02 01:00:51,023 T0079: INFO  #### gw2  
2024-01-02 01:00:51,024 T0079: INFO  support pre-module-prolog switching/test_vlan.py  ''
2024-01-02 01:00:51,026 T0080: INFO  #### gw2  
2024-01-02 01:00:51,026 T0080: INFO  support pre-module-prolog switching/test_vlan.py  ''
2024-01-02 01:01:25,477 T0098: INFO  #### gw2  switching/test_vlan.py
2024-01-02 01:01:25,477 T0098: INFO  support post-module-prolog switching/test_vlan.py Pass ''
2024-01-02 01:01:25,479 T0099: INFO  #### gw2  switching/test_vlan.py
2024-01-02 01:01:25,480 T0099: INFO  support post-module-prolog switching/test_vlan.py Pass ''
2024-01-02 01:01:59,530 T0123: INFO  #### gw2  switching/test_vlan.py
2024-01-02 01:01:59,531 T0123: INFO  support pre-function-prolog test_ft_add_unknownvlan_interface  ''
2024-01-02 01:01:59,534 T0124: INFO  #### gw2  switching/test_vlan.py
2024-01-02 01:01:59,535 T0124: INFO  support pre-function-prolog test_ft_add_unknownvlan_interface  ''
2024-01-02 01:01:59,547 T0125: INFO  #### gw2  switching/test_vlan.py::test_ft_add_unknownvlan_interface
2024-01-02 01:01:59,547 T0125: INFO  support post-function-prolog test_ft_add_unknownvlan_interface Pass ''
2024-01-02 01:01:59,549 T0126: INFO  #### gw2  switching/test_vlan.py::test_ft_add_unknownvlan_interface
2024-01-02 01:01:59,549 T0126: INFO  support post-function-prolog test_ft_add_unknownvlan_interface Pass ''
2024-01-02 01:02:00,878 T0000: WARN  #### gw2 IGNORED ERROR switching/test_vlan.py::test_ft_add_unknownvlan_interface
2024-01-02 01:02:00,878 T0000: WARN  Skipped error checking but detected pattern: containing_error command: sudo -s config vlan member add 394 Ethernet48 -u
2024-01-02 01:02:03,403 T0127: INFO  #### gw2  switching/test_vlan.py::test_ft_add_unknownvlan_interface
2024-01-02 01:02:03,403 T0127: INFO  support pre-function-epilog test_ft_add_unknownvlan_interface Pass 'Test case passed'
2024-01-02 01:02:03,404 T0128: INFO  #### gw2  switching/test_vlan.py::test_ft_add_unknownvlan_interface
2024-01-02 01:02:03,405 T0128: INFO  support pre-function-epilog test_ft_add_unknownvlan_interface Pass 'Test case passed'
2024-01-02 01:02:03,412 T0129: INFO  #### gw2  switching/test_vlan.py::test_ft_add_unknownvlan_interface
2024-01-02 01:02:03,413 T0129: INFO  support post-function-epilog test_ft_add_unknownvlan_interface Pass 'Test case passed'
2024-01-02 01:02:03,414 T0130: INFO  #### gw2  switching/test_vlan.py::test_ft_add_unknownvlan_interface
2024-01-02 01:02:03,415 T0130: INFO  support post-function-epilog test_ft_add_unknownvlan_interface Pass 'Test case passed'
2024-01-02 01:02:08,830 T0136: INFO  #### gw2  switching/test_vlan.py
2024-01-02 01:02:08,830 T0136: INFO  support pre-function-prolog test_ft_vlan_delete_with_member  ''
2024-01-02 01:02:08,833 T0137: INFO  #### gw2  switching/test_vlan.py
2024-01-02 01:02:08,834 T0137: INFO  support pre-function-prolog test_ft_vlan_delete_with_member  ''
2024-01-02 01:02:08,844 T0138: INFO  #### gw2  switching/test_vlan.py::test_ft_vlan_delete_with_member
2024-01-02 01:02:08,844 T0138: INFO  support post-function-prolog test_ft_vlan_delete_with_member Pass ''
2024-01-02 01:02:08,846 T0139: INFO  #### gw2  switching/test_vlan.py::test_ft_vlan_delete_with_member
2024-01-02 01:02:08,846 T0139: INFO  support post-function-prolog test_ft_vlan_delete_with_member Pass ''
2024-01-02 01:02:12,753 T0000: WARN  #### gw2 IGNORED ERROR switching/test_vlan.py::test_ft_vlan_delete_with_member
2024-01-02 01:02:12,753 T0000: WARN  Skipped error checking but detected pattern: containing_error command: sudo -s config vlan del 394
2024-01-02 01:02:17,869 T0140: INFO  #### gw2  switching/test_vlan.py::test_ft_vlan_delete_with_member
2024-01-02 01:02:17,869 T0140: INFO  support pre-function-epilog test_ft_vlan_delete_with_member Pass 'Test case passed'
2024-01-02 01:02:17,870 T0141: INFO  #### gw2  switching/test_vlan.py::test_ft_vlan_delete_with_member
2024-01-02 01:02:17,871 T0141: INFO  support pre-function-epilog test_ft_vlan_delete_with_member Pass 'Test case passed'
2024-01-02 01:02:17,879 T0142: INFO  #### gw2  switching/test_vlan.py::test_ft_vlan_delete_with_member
2024-01-02 01:02:17,879 T0142: INFO  support post-function-epilog test_ft_vlan_delete_with_member Pass 'Test case passed'
2024-01-02 01:02:17,880 T0143: INFO  #### gw2  switching/test_vlan.py::test_ft_vlan_delete_with_member
2024-01-02 01:02:17,881 T0143: INFO  support post-function-epilog test_ft_vlan_delete_with_member Pass 'Test case passed'
2024-01-02 01:02:22,993 T0149: INFO  #### gw2  switching/test_vlan.py
2024-01-02 01:02:22,993 T0149: INFO  support pre-function-prolog test_ft_vlan_trunk_tagged  ''
2024-01-02 01:02:22,995 T0150: INFO  #### gw2  switching/test_vlan.py
2024-01-02 01:02:22,995 T0150: INFO  support pre-function-prolog test_ft_vlan_trunk_tagged  ''
2024-01-02 01:02:23,007 T0151: INFO  #### gw2  switching/test_vlan.py::test_ft_vlan_trunk_tagged
2024-01-02 01:02:23,007 T0151: INFO  support post-function-prolog test_ft_vlan_trunk_tagged Pass ''
2024-01-02 01:02:23,009 T0152: INFO  #### gw2  switching/test_vlan.py::test_ft_vlan_trunk_tagged
2024-01-02 01:02:23,009 T0152: INFO  support post-function-prolog test_ft_vlan_trunk_tagged Pass ''
2024-01-02 01:03:44,396 T0153: INFO  #### gw2  switching/test_vlan.py::test_ft_vlan_trunk_tagged
2024-01-02 01:03:44,397 T0153: INFO  support pre-function-epilog test_ft_vlan_trunk_tagged Pass 'Test case passed'
2024-01-02 01:03:44,400 T0154: INFO  #### gw2  switching/test_vlan.py::test_ft_vlan_trunk_tagged
2024-01-02 01:03:44,401 T0154: INFO  support pre-function-epilog test_ft_vlan_trunk_tagged Pass 'Test case passed'
2024-01-02 01:03:44,407 T0155: INFO  #### gw2  switching/test_vlan.py::test_ft_vlan_trunk_tagged
2024-01-02 01:03:44,407 T0155: INFO  support post-function-epilog test_ft_vlan_trunk_tagged Pass 'Test case passed'
2024-01-02 01:03:44,409 T0156: INFO  #### gw2  switching/test_vlan.py::test_ft_vlan_trunk_tagged
2024-01-02 01:03:44,409 T0156: INFO  support post-function-epilog test_ft_vlan_trunk_tagged Pass 'Test case passed'
2024-01-02 01:03:49,590 T0162: INFO  #### gw2  switching/test_vlan.py
2024-01-02 01:03:49,591 T0162: INFO  support pre-function-prolog test_ft_vlan_save_config_warm_and_fast_reboot  ''
2024-01-02 01:03:49,595 T0163: INFO  #### gw2  switching/test_vlan.py
2024-01-02 01:03:49,595 T0163: INFO  support pre-function-prolog test_ft_vlan_save_config_warm_and_fast_reboot  ''
2024-01-02 01:03:49,607 T0164: INFO  #### gw2  switching/test_vlan.py::test_ft_vlan_save_config_warm_and_fast_reboot
2024-01-02 01:03:49,607 T0164: INFO  support post-function-prolog test_ft_vlan_save_config_warm_and_fast_reboot Pass ''
2024-01-02 01:03:49,609 T0165: INFO  #### gw2  switching/test_vlan.py::test_ft_vlan_save_config_warm_and_fast_reboot
2024-01-02 01:03:49,609 T0165: INFO  support post-function-prolog test_ft_vlan_save_config_warm_and_fast_reboot Pass ''
2024-01-02 01:15:21,585 T0000: WARN  #### gw2 IGNORED ERROR switching/test_vlan.py::test_ft_vlan_save_config_warm_and_fast_reboot
2024-01-02 01:15:21,585 T0000: WARN  Skipped error checking but detected pattern: containing_python_traceback command: sudo -s fast-reboot
2024-01-02 01:16:14,059 T0000: ERROR #### gw2 Exception switching/test_vlan.py::test_ft_vlan_save_config_warm_and_fast_reboot
2024-01-02 01:16:14,059 T0000: ERROR Exception TypeError 'NoneType' object is not subscriptable in file /apis/system/basic.py at line 1389
2024-01-02 01:16:14,059 T0000: ERROR [0] /apis/system/basic.py:1389 is_warm_boot_support return bool(platform.lower() in features_support_data[key])
2024-01-02 01:16:14,059 T0000: ERROR [1] /apis/system/reboot.py:83 warm_reboot if (st.getenv("SPYTEST_UNSUPPORT_TD4_WARM_REBOOT") and basic.is_td4_platform(dut)) or basic.is_warm_boot_support(dut, is_support=False):
2024-01-02 01:16:14,059 T0000: ERROR [2] /tests/switching/test_vlan.py:906 test_ft_vlan_save_config_warm_and_fast_reboot reboot.warm_reboot(vars.D1)
2024-01-02 01:16:14,061 T0166: WARN  #### gw2  switching/test_vlan.py::test_ft_vlan_save_config_warm_and_fast_reboot
2024-01-02 01:16:14,061 T0166: WARN  support post-function-epilog test_ft_vlan_save_config_warm_and_fast_reboot ScriptError 'Exception TypeError 'NoneType' object is not subscriptable in file /apis/system/basic.py at line 1389'
2024-01-02 01:16:14,063 T0167: WARN  #### gw2  switching/test_vlan.py::test_ft_vlan_save_config_warm_and_fast_reboot
2024-01-02 01:16:14,063 T0167: WARN  support post-function-epilog test_ft_vlan_save_config_warm_and_fast_reboot ScriptError 'Exception TypeError 'NoneType' object is not subscriptable in file /apis/system/basic.py at line 1389'
2024-01-02 01:16:14,085 T0000: ERROR #### gw2  switching/test_vlan.py::test_ft_vlan_save_config_warm_and_fast_reboot
2024-01-02 01:16:14,085 T0000: ERROR 

==================== REMOTE ALERTS ============================
################################################################################
drop the rate from 2000 to 100
################################################################################
################################################################################
drop the rate from 2000 to 100
################################################################################
################################################################################
drop the rate from 2000 to 100
################################################################################
===============================================================


2024-01-02 01:16:14,108 T0168: WARN  #### gw2  switching/test_vlan.py::test_ft_vlan_save_config_warm_and_fast_reboot
2024-01-02 01:16:14,109 T0168: WARN  support pre-module-epilog switching/test_vlan.py fail ''
2024-01-02 01:16:14,110 T0169: WARN  #### gw2  switching/test_vlan.py::test_ft_vlan_save_config_warm_and_fast_reboot
2024-01-02 01:16:14,110 T0169: WARN  support pre-module-epilog switching/test_vlan.py fail ''
2024-01-02 01:16:40,922 T0186: WARN  #### gw2  switching/test_vlan.py::test_ft_vlan_save_config_warm_and_fast_reboot
2024-01-02 01:16:40,923 T0186: WARN  support post-module-epilog switching/test_vlan.py fail ''
2024-01-02 01:16:40,925 T0187: WARN  #### gw2  switching/test_vlan.py::test_ft_vlan_save_config_warm_and_fast_reboot
2024-01-02 01:16:40,925 T0187: WARN  support post-module-epilog switching/test_vlan.py fail ''
2024-01-02 01:21:16,602 T0249: INFO  #### gw2  
2024-01-02 01:21:16,602 T0249: INFO  support pre-module-prolog system/test_ssh.py  ''
2024-01-02 01:21:16,604 T0250: INFO  #### gw2  
2024-01-02 01:21:16,605 T0250: INFO  support pre-module-prolog system/test_ssh.py  ''
2024-01-02 01:21:55,376 T0277: INFO  #### gw2  system/test_ssh.py
2024-01-02 01:21:55,377 T0277: INFO  support post-module-prolog system/test_ssh.py Pass ''
2024-01-02 01:21:55,382 T0278: INFO  #### gw2  system/test_ssh.py
2024-01-02 01:21:55,382 T0278: INFO  support post-module-prolog system/test_ssh.py Pass ''
2024-01-02 01:22:28,610 T0302: INFO  #### gw2  system/test_ssh.py
2024-01-02 01:22:28,611 T0302: INFO  support pre-function-prolog test_ft_ssh_service_disable  ''
2024-01-02 01:22:28,614 T0303: INFO  #### gw2  system/test_ssh.py
2024-01-02 01:22:28,614 T0303: INFO  support pre-function-prolog test_ft_ssh_service_disable  ''
2024-01-02 01:22:28,627 T0304: INFO  #### gw2  system/test_ssh.py::test_ft_ssh_service_disable
2024-01-02 01:22:28,627 T0304: INFO  support post-function-prolog test_ft_ssh_service_disable Pass ''
2024-01-02 01:22:28,629 T0305: INFO  #### gw2  system/test_ssh.py::test_ft_ssh_service_disable
2024-01-02 01:22:28,629 T0305: INFO  support post-function-prolog test_ft_ssh_service_disable Pass ''
2024-01-02 01:22:31,427 T0306: INFO  #### gw2  system/test_ssh.py::test_ft_ssh_service_disable
2024-01-02 01:22:31,427 T0306: INFO  support pre-function-epilog test_ft_ssh_service_disable Pass 'Test case passed'
2024-01-02 01:22:31,429 T0307: INFO  #### gw2  system/test_ssh.py::test_ft_ssh_service_disable
2024-01-02 01:22:31,429 T0307: INFO  support pre-function-epilog test_ft_ssh_service_disable Pass 'Test case passed'
2024-01-02 01:22:31,438 T0308: INFO  #### gw2  system/test_ssh.py::test_ft_ssh_service_disable
2024-01-02 01:22:31,439 T0308: INFO  support post-function-epilog test_ft_ssh_service_disable Pass 'Test case passed'
2024-01-02 01:22:31,441 T0309: INFO  #### gw2  system/test_ssh.py::test_ft_ssh_service_disable
2024-01-02 01:22:31,441 T0309: INFO  support post-function-epilog test_ft_ssh_service_disable Pass 'Test case passed'
2024-01-02 01:22:36,726 T0315: INFO  #### gw2  system/test_ssh.py
2024-01-02 01:22:36,727 T0315: INFO  support pre-function-prolog test_ft_ssh_add_user_verify  ''
2024-01-02 01:22:36,731 T0316: INFO  #### gw2  system/test_ssh.py
2024-01-02 01:22:36,731 T0316: INFO  support pre-function-prolog test_ft_ssh_add_user_verify  ''
2024-01-02 01:22:36,743 T0317: INFO  #### gw2  system/test_ssh.py::test_ft_ssh_add_user_verify
2024-01-02 01:22:36,744 T0317: INFO  support post-function-prolog test_ft_ssh_add_user_verify Pass ''
2024-01-02 01:22:36,745 T0318: INFO  #### gw2  system/test_ssh.py::test_ft_ssh_add_user_verify
2024-01-02 01:22:36,746 T0318: INFO  support post-function-prolog test_ft_ssh_add_user_verify Pass ''
2024-01-02 01:28:58,815 T0000: WARN  #### gw2 IGNORED ERROR system/test_ssh.py::test_ft_ssh_add_user_verify
2024-01-02 01:28:58,815 T0000: WARN  Skipped error checking but detected pattern: containing_python_traceback command: sudo -s fast-reboot
2024-01-02 01:31:02,557 T0325: INFO  #### gw2  system/test_ssh.py::test_ft_ssh_add_user_verify
2024-01-02 01:31:02,557 T0325: INFO  support testcase test_ft_controlplane_acl_service_sshv4 Pass 'SSH failed'
2024-01-02 01:31:02,559 T0326: INFO  #### gw2  system/test_ssh.py::test_ft_ssh_add_user_verify
2024-01-02 01:31:02,559 T0326: INFO  support testcase test_ft_controlplane_acl_service_sshv4 Pass 'SSH failed'
2024-01-02 01:31:02,567 T0327: INFO  #### gw2  system/test_ssh.py::test_ft_ssh_add_user_verify
2024-01-02 01:31:02,567 T0327: INFO  support testcase test_ft_controlplane_acl_service_sshv6 Pass 'SSH failed'
2024-01-02 01:31:02,568 T0328: INFO  #### gw2  system/test_ssh.py::test_ft_ssh_add_user_verify
2024-01-02 01:31:02,569 T0328: INFO  support testcase test_ft_controlplane_acl_service_sshv6 Pass 'SSH failed'
2024-01-02 01:31:02,575 T0329: WARN  #### gw2  system/test_ssh.py::test_ft_ssh_add_user_verify
2024-01-02 01:31:02,575 T0329: WARN  support testcase test_ft_controlplane_acl_service_snmp Fail 'SNMP output is not found after walk of with control plane ACL service SNMP after reboot OID'
2024-01-02 01:31:02,577 T0330: WARN  #### gw2  system/test_ssh.py::test_ft_ssh_add_user_verify
2024-01-02 01:31:02,577 T0330: WARN  support testcase test_ft_controlplane_acl_service_snmp Fail 'SNMP output is not found after walk of with control plane ACL service SNMP after reboot OID'
2024-01-02 01:33:07,117 T0335: WARN  #### gw2  system/test_ssh.py::test_ft_ssh_add_user_verify
2024-01-02 01:33:07,117 T0335: WARN  support pre-function-epilog test_ft_ssh_add_user_verify Fail 'Test case Failed.'
2024-01-02 01:33:07,119 T0336: WARN  #### gw2  system/test_ssh.py::test_ft_ssh_add_user_verify
2024-01-02 01:33:07,119 T0336: WARN  support pre-function-epilog test_ft_ssh_add_user_verify Fail 'Test case Failed.'
2024-01-02 01:33:07,559 T0337: WARN  #### gw2  system/test_ssh.py::test_ft_ssh_add_user_verify
2024-01-02 01:33:07,559 T0337: WARN  support post-function-epilog test_ft_ssh_add_user_verify ignore 'Test case Failed.'
2024-01-02 01:33:07,562 T0338: WARN  #### gw2  system/test_ssh.py::test_ft_ssh_add_user_verify
2024-01-02 01:33:07,562 T0338: WARN  support post-function-epilog test_ft_ssh_add_user_verify ignore 'Test case Failed.'
2024-01-02 01:33:12,804 T0344: INFO  #### gw2  system/test_ssh.py
2024-01-02 01:33:12,804 T0344: INFO  support pre-function-prolog test_ft_verify_logs_at_the_time_of_ssh_login_success  ''
2024-01-02 01:33:12,806 T0345: INFO  #### gw2  system/test_ssh.py
2024-01-02 01:33:12,806 T0345: INFO  support pre-function-prolog test_ft_verify_logs_at_the_time_of_ssh_login_success  ''
2024-01-02 01:33:12,821 T0346: INFO  #### gw2  system/test_ssh.py::test_ft_verify_logs_at_the_time_of_ssh_login_success
2024-01-02 01:33:12,821 T0346: INFO  support post-function-prolog test_ft_verify_logs_at_the_time_of_ssh_login_success Pass ''
2024-01-02 01:33:12,823 T0347: INFO  #### gw2  system/test_ssh.py::test_ft_verify_logs_at_the_time_of_ssh_login_success
2024-01-02 01:33:12,823 T0347: INFO  support post-function-prolog test_ft_verify_logs_at_the_time_of_ssh_login_success Pass ''
2024-01-02 01:33:33,008 T0350: INFO  #### gw2  system/test_ssh.py::test_ft_verify_logs_at_the_time_of_ssh_login_success
2024-01-02 01:33:33,008 T0350: INFO  support pre-function-epilog test_ft_verify_logs_at_the_time_of_ssh_login_success Pass 'Test case passed'
2024-01-02 01:33:33,011 T0351: INFO  #### gw2  system/test_ssh.py::test_ft_verify_logs_at_the_time_of_ssh_login_success
2024-01-02 01:33:33,011 T0351: INFO  support pre-function-epilog test_ft_verify_logs_at_the_time_of_ssh_login_success Pass 'Test case passed'
2024-01-02 01:33:33,023 T0352: INFO  #### gw2  system/test_ssh.py::test_ft_verify_logs_at_the_time_of_ssh_login_success
2024-01-02 01:33:33,023 T0352: INFO  support post-function-epilog test_ft_verify_logs_at_the_time_of_ssh_login_success Pass 'Test case passed'
2024-01-02 01:33:33,025 T0353: INFO  #### gw2  system/test_ssh.py::test_ft_verify_logs_at_the_time_of_ssh_login_success
2024-01-02 01:33:33,026 T0353: INFO  support post-function-epilog test_ft_verify_logs_at_the_time_of_ssh_login_success Pass 'Test case passed'
2024-01-02 01:33:33,062 T0354: WARN  #### gw2  system/test_ssh.py::test_ft_verify_logs_at_the_time_of_ssh_login_success
2024-01-02 01:33:33,062 T0354: WARN  support pre-module-epilog system/test_ssh.py fail ''
2024-01-02 01:33:33,064 T0355: WARN  #### gw2  system/test_ssh.py::test_ft_verify_logs_at_the_time_of_ssh_login_success
2024-01-02 01:33:33,064 T0355: WARN  support pre-module-epilog system/test_ssh.py fail ''
2024-01-02 01:34:26,791 T0380: WARN  #### gw2  system/test_ssh.py::test_ft_verify_logs_at_the_time_of_ssh_login_success
2024-01-02 01:34:26,791 T0380: WARN  support post-module-epilog system/test_ssh.py fail ''
2024-01-02 01:34:26,793 T0381: WARN  #### gw2  system/test_ssh.py::test_ft_verify_logs_at_the_time_of_ssh_login_success
2024-01-02 01:34:26,793 T0381: WARN  support post-module-epilog system/test_ssh.py fail ''
2024-01-02 01:36:30,791 T0429: WARN  #### gw2  batch/test_spytest_infra_1.py::test_spytest_infra_last
2024-01-02 01:36:30,791 T0429: WARN  support session-epilog session pass ''
2024-01-02 01:36:30,793 T0430: WARN  #### gw2  batch/test_spytest_infra_1.py::test_spytest_infra_last
2024-01-02 01:36:30,793 T0430: WARN  support session-epilog session pass ''
