2023-12-28 01:06:52,904 T0025: WARN  #### gw3  
2023-12-28 01:06:52,904 T0025: WARN  support post-session-prolog session pass ''
2023-12-28 01:06:52,906 T0026: WARN  #### gw3  
2023-12-28 01:06:52,906 T0026: WARN  support post-session-prolog session pass ''
2023-12-28 01:07:44,891 T0079: INFO  #### gw3  
2023-12-28 01:07:44,891 T0079: INFO  support pre-module-prolog switching/test_vlan.py  ''
2023-12-28 01:07:44,894 T0080: INFO  #### gw3  
2023-12-28 01:07:44,894 T0080: INFO  support pre-module-prolog switching/test_vlan.py  ''
2023-12-28 01:08:19,365 T0098: INFO  #### gw3  switching/test_vlan.py
2023-12-28 01:08:19,366 T0098: INFO  support post-module-prolog switching/test_vlan.py Pass ''
2023-12-28 01:08:19,368 T0099: INFO  #### gw3  switching/test_vlan.py
2023-12-28 01:08:19,368 T0099: INFO  support post-module-prolog switching/test_vlan.py Pass ''
2023-12-28 01:08:52,797 T0123: INFO  #### gw3  switching/test_vlan.py
2023-12-28 01:08:52,798 T0123: INFO  support pre-function-prolog test_ft_add_unknownvlan_interface  ''
2023-12-28 01:08:52,800 T0124: INFO  #### gw3  switching/test_vlan.py
2023-12-28 01:08:52,801 T0124: INFO  support pre-function-prolog test_ft_add_unknownvlan_interface  ''
2023-12-28 01:08:52,815 T0125: INFO  #### gw3  switching/test_vlan.py::test_ft_add_unknownvlan_interface
2023-12-28 01:08:52,815 T0125: INFO  support post-function-prolog test_ft_add_unknownvlan_interface Pass ''
2023-12-28 01:08:52,817 T0126: INFO  #### gw3  switching/test_vlan.py::test_ft_add_unknownvlan_interface
2023-12-28 01:08:52,817 T0126: INFO  support post-function-prolog test_ft_add_unknownvlan_interface Pass ''
2023-12-28 01:08:54,150 T0000: WARN  #### gw3 IGNORED ERROR switching/test_vlan.py::test_ft_add_unknownvlan_interface
2023-12-28 01:08:54,150 T0000: WARN  Skipped error checking but detected pattern: containing_error command: sudo -s config vlan member add 182 Ethernet16 -u
2023-12-28 01:08:56,834 T0127: INFO  #### gw3  switching/test_vlan.py::test_ft_add_unknownvlan_interface
2023-12-28 01:08:56,834 T0127: INFO  support pre-function-epilog test_ft_add_unknownvlan_interface Pass 'Test case passed'
2023-12-28 01:08:56,835 T0128: INFO  #### gw3  switching/test_vlan.py::test_ft_add_unknownvlan_interface
2023-12-28 01:08:56,835 T0128: INFO  support pre-function-epilog test_ft_add_unknownvlan_interface Pass 'Test case passed'
2023-12-28 01:08:56,844 T0129: INFO  #### gw3  switching/test_vlan.py::test_ft_add_unknownvlan_interface
2023-12-28 01:08:56,844 T0129: INFO  support post-function-epilog test_ft_add_unknownvlan_interface Pass 'Test case passed'
2023-12-28 01:08:56,846 T0130: INFO  #### gw3  switching/test_vlan.py::test_ft_add_unknownvlan_interface
2023-12-28 01:08:56,846 T0130: INFO  support post-function-epilog test_ft_add_unknownvlan_interface Pass 'Test case passed'
2023-12-28 01:09:02,234 T0136: INFO  #### gw3  switching/test_vlan.py
2023-12-28 01:09:02,234 T0136: INFO  support pre-function-prolog test_ft_vlan_delete_with_member  ''
2023-12-28 01:09:02,238 T0137: INFO  #### gw3  switching/test_vlan.py
2023-12-28 01:09:02,238 T0137: INFO  support pre-function-prolog test_ft_vlan_delete_with_member  ''
2023-12-28 01:09:02,250 T0138: INFO  #### gw3  switching/test_vlan.py::test_ft_vlan_delete_with_member
2023-12-28 01:09:02,250 T0138: INFO  support post-function-prolog test_ft_vlan_delete_with_member Pass ''
2023-12-28 01:09:02,252 T0139: INFO  #### gw3  switching/test_vlan.py::test_ft_vlan_delete_with_member
2023-12-28 01:09:02,253 T0139: INFO  support post-function-prolog test_ft_vlan_delete_with_member Pass ''
2023-12-28 01:09:06,202 T0000: WARN  #### gw3 IGNORED ERROR switching/test_vlan.py::test_ft_vlan_delete_with_member
2023-12-28 01:09:06,202 T0000: WARN  Skipped error checking but detected pattern: containing_error command: sudo -s config vlan del 182
2023-12-28 01:09:11,440 T0140: INFO  #### gw3  switching/test_vlan.py::test_ft_vlan_delete_with_member
2023-12-28 01:09:11,440 T0140: INFO  support pre-function-epilog test_ft_vlan_delete_with_member Pass 'Test case passed'
2023-12-28 01:09:11,441 T0141: INFO  #### gw3  switching/test_vlan.py::test_ft_vlan_delete_with_member
2023-12-28 01:09:11,442 T0141: INFO  support pre-function-epilog test_ft_vlan_delete_with_member Pass 'Test case passed'
2023-12-28 01:09:11,450 T0142: INFO  #### gw3  switching/test_vlan.py::test_ft_vlan_delete_with_member
2023-12-28 01:09:11,450 T0142: INFO  support post-function-epilog test_ft_vlan_delete_with_member Pass 'Test case passed'
2023-12-28 01:09:11,452 T0143: INFO  #### gw3  switching/test_vlan.py::test_ft_vlan_delete_with_member
2023-12-28 01:09:11,452 T0143: INFO  support post-function-epilog test_ft_vlan_delete_with_member Pass 'Test case passed'
2023-12-28 01:09:16,863 T0149: INFO  #### gw3  switching/test_vlan.py
2023-12-28 01:09:16,864 T0149: INFO  support pre-function-prolog test_ft_vlan_trunk_tagged  ''
2023-12-28 01:09:16,867 T0150: INFO  #### gw3  switching/test_vlan.py
2023-12-28 01:09:16,868 T0150: INFO  support pre-function-prolog test_ft_vlan_trunk_tagged  ''
2023-12-28 01:09:16,882 T0151: INFO  #### gw3  switching/test_vlan.py::test_ft_vlan_trunk_tagged
2023-12-28 01:09:16,883 T0151: INFO  support post-function-prolog test_ft_vlan_trunk_tagged Pass ''
2023-12-28 01:09:16,885 T0152: INFO  #### gw3  switching/test_vlan.py::test_ft_vlan_trunk_tagged
2023-12-28 01:09:16,885 T0152: INFO  support post-function-prolog test_ft_vlan_trunk_tagged Pass ''
2023-12-28 01:10:38,411 T0153: INFO  #### gw3  switching/test_vlan.py::test_ft_vlan_trunk_tagged
2023-12-28 01:10:38,412 T0153: INFO  support pre-function-epilog test_ft_vlan_trunk_tagged Pass 'Test case passed'
2023-12-28 01:10:38,415 T0154: INFO  #### gw3  switching/test_vlan.py::test_ft_vlan_trunk_tagged
2023-12-28 01:10:38,415 T0154: INFO  support pre-function-epilog test_ft_vlan_trunk_tagged Pass 'Test case passed'
2023-12-28 01:10:38,424 T0155: INFO  #### gw3  switching/test_vlan.py::test_ft_vlan_trunk_tagged
2023-12-28 01:10:38,424 T0155: INFO  support post-function-epilog test_ft_vlan_trunk_tagged Pass 'Test case passed'
2023-12-28 01:10:38,426 T0156: INFO  #### gw3  switching/test_vlan.py::test_ft_vlan_trunk_tagged
2023-12-28 01:10:38,426 T0156: INFO  support post-function-epilog test_ft_vlan_trunk_tagged Pass 'Test case passed'
2023-12-28 01:10:43,734 T0162: INFO  #### gw3  switching/test_vlan.py
2023-12-28 01:10:43,734 T0162: INFO  support pre-function-prolog test_ft_vlan_save_config_warm_and_fast_reboot  ''
2023-12-28 01:10:43,738 T0163: INFO  #### gw3  switching/test_vlan.py
2023-12-28 01:10:43,738 T0163: INFO  support pre-function-prolog test_ft_vlan_save_config_warm_and_fast_reboot  ''
2023-12-28 01:10:43,749 T0164: INFO  #### gw3  switching/test_vlan.py::test_ft_vlan_save_config_warm_and_fast_reboot
2023-12-28 01:10:43,749 T0164: INFO  support post-function-prolog test_ft_vlan_save_config_warm_and_fast_reboot Pass ''
2023-12-28 01:10:43,751 T0165: INFO  #### gw3  switching/test_vlan.py::test_ft_vlan_save_config_warm_and_fast_reboot
2023-12-28 01:10:43,751 T0165: INFO  support post-function-prolog test_ft_vlan_save_config_warm_and_fast_reboot Pass ''
2023-12-28 01:21:50,963 T0000: WARN  #### gw3 IGNORED ERROR switching/test_vlan.py::test_ft_vlan_save_config_warm_and_fast_reboot
2023-12-28 01:21:50,963 T0000: WARN  Skipped error checking but detected pattern: containing_python_traceback command: sudo -s fast-reboot
2023-12-28 01:21:58,372 T0000: WARN  #### gw3 IGNORED ERROR switching/test_vlan.py::test_ft_vlan_save_config_warm_and_fast_reboot
2023-12-28 01:21:58,372 T0000: WARN  Skipped error checking but detected pattern: containing_no_response_from_container command: sudo vtysh -c 'show running-config | include hostname'
2023-12-28 01:22:43,093 T0000: ERROR #### gw3 Exception switching/test_vlan.py::test_ft_vlan_save_config_warm_and_fast_reboot
2023-12-28 01:22:43,093 T0000: ERROR Exception TypeError 'NoneType' object is not subscriptable in file /apis/system/basic.py at line 1389
2023-12-28 01:22:43,093 T0000: ERROR [0] /apis/system/basic.py:1389 is_warm_boot_support return bool(platform.lower() in features_support_data[key])
2023-12-28 01:22:43,093 T0000: ERROR [1] /apis/system/reboot.py:83 warm_reboot if (st.getenv("SPYTEST_UNSUPPORT_TD4_WARM_REBOOT") and basic.is_td4_platform(dut)) or basic.is_warm_boot_support(dut, is_support=False):
2023-12-28 01:22:43,093 T0000: ERROR [2] /tests/switching/test_vlan.py:906 test_ft_vlan_save_config_warm_and_fast_reboot reboot.warm_reboot(vars.D1)
2023-12-28 01:22:43,095 T0166: WARN  #### gw3  switching/test_vlan.py::test_ft_vlan_save_config_warm_and_fast_reboot
2023-12-28 01:22:43,095 T0166: WARN  support post-function-epilog test_ft_vlan_save_config_warm_and_fast_reboot ScriptError 'Exception TypeError 'NoneType' object is not subscriptable in file /apis/system/basic.py at line 1389'
2023-12-28 01:22:43,097 T0167: WARN  #### gw3  switching/test_vlan.py::test_ft_vlan_save_config_warm_and_fast_reboot
2023-12-28 01:22:43,097 T0167: WARN  support post-function-epilog test_ft_vlan_save_config_warm_and_fast_reboot ScriptError 'Exception TypeError 'NoneType' object is not subscriptable in file /apis/system/basic.py at line 1389'
2023-12-28 01:22:43,119 T0000: ERROR #### gw3  switching/test_vlan.py::test_ft_vlan_save_config_warm_and_fast_reboot
2023-12-28 01:22:43,119 T0000: ERROR 

==================== REMOTE ALERTS ============================
################################################################################
drop the rate from 2000 to 100
################################################################################
################################################################################
drop the rate from 2000 to 100
################################################################################
################################################################################
drop the rate from 2000 to 100
################################################################################
===============================================================


2023-12-28 01:22:43,147 T0168: WARN  #### gw3  switching/test_vlan.py::test_ft_vlan_save_config_warm_and_fast_reboot
2023-12-28 01:22:43,147 T0168: WARN  support pre-module-epilog switching/test_vlan.py fail ''
2023-12-28 01:22:43,148 T0169: WARN  #### gw3  switching/test_vlan.py::test_ft_vlan_save_config_warm_and_fast_reboot
2023-12-28 01:22:43,149 T0169: WARN  support pre-module-epilog switching/test_vlan.py fail ''
2023-12-28 01:23:10,027 T0186: WARN  #### gw3  switching/test_vlan.py::test_ft_vlan_save_config_warm_and_fast_reboot
2023-12-28 01:23:10,028 T0186: WARN  support post-module-epilog switching/test_vlan.py fail ''
2023-12-28 01:23:10,030 T0187: WARN  #### gw3  switching/test_vlan.py::test_ft_vlan_save_config_warm_and_fast_reboot
2023-12-28 01:23:10,030 T0187: WARN  support post-module-epilog switching/test_vlan.py fail ''
2023-12-28 01:27:50,889 T0252: INFO  #### gw3  
2023-12-28 01:27:50,889 T0252: INFO  support pre-module-prolog system/test_ssh.py  ''
2023-12-28 01:27:50,891 T0253: INFO  #### gw3  
2023-12-28 01:27:50,891 T0253: INFO  support pre-module-prolog system/test_ssh.py  ''
2023-12-28 01:28:29,773 T0280: INFO  #### gw3  system/test_ssh.py
2023-12-28 01:28:29,774 T0280: INFO  support post-module-prolog system/test_ssh.py Pass ''
2023-12-28 01:28:29,779 T0281: INFO  #### gw3  system/test_ssh.py
2023-12-28 01:28:29,779 T0281: INFO  support post-module-prolog system/test_ssh.py Pass ''
2023-12-28 01:29:03,207 T0305: INFO  #### gw3  system/test_ssh.py
2023-12-28 01:29:03,207 T0305: INFO  support pre-function-prolog test_ft_ssh_service_disable  ''
2023-12-28 01:29:03,209 T0306: INFO  #### gw3  system/test_ssh.py
2023-12-28 01:29:03,209 T0306: INFO  support pre-function-prolog test_ft_ssh_service_disable  ''
2023-12-28 01:29:03,225 T0307: INFO  #### gw3  system/test_ssh.py::test_ft_ssh_service_disable
2023-12-28 01:29:03,226 T0307: INFO  support post-function-prolog test_ft_ssh_service_disable Pass ''
2023-12-28 01:29:03,227 T0308: INFO  #### gw3  system/test_ssh.py::test_ft_ssh_service_disable
2023-12-28 01:29:03,228 T0308: INFO  support post-function-prolog test_ft_ssh_service_disable Pass ''
2023-12-28 01:29:06,162 T0309: INFO  #### gw3  system/test_ssh.py::test_ft_ssh_service_disable
2023-12-28 01:29:06,162 T0309: INFO  support pre-function-epilog test_ft_ssh_service_disable Pass 'Test case passed'
2023-12-28 01:29:06,164 T0310: INFO  #### gw3  system/test_ssh.py::test_ft_ssh_service_disable
2023-12-28 01:29:06,164 T0310: INFO  support pre-function-epilog test_ft_ssh_service_disable Pass 'Test case passed'
2023-12-28 01:29:06,173 T0311: INFO  #### gw3  system/test_ssh.py::test_ft_ssh_service_disable
2023-12-28 01:29:06,174 T0311: INFO  support post-function-epilog test_ft_ssh_service_disable Pass 'Test case passed'
2023-12-28 01:29:06,175 T0312: INFO  #### gw3  system/test_ssh.py::test_ft_ssh_service_disable
2023-12-28 01:29:06,176 T0312: INFO  support post-function-epilog test_ft_ssh_service_disable Pass 'Test case passed'
2023-12-28 01:29:11,451 T0318: INFO  #### gw3  system/test_ssh.py
2023-12-28 01:29:11,451 T0318: INFO  support pre-function-prolog test_ft_ssh_add_user_verify  ''
2023-12-28 01:29:11,456 T0319: INFO  #### gw3  system/test_ssh.py
2023-12-28 01:29:11,456 T0319: INFO  support pre-function-prolog test_ft_ssh_add_user_verify  ''
2023-12-28 01:29:11,468 T0320: INFO  #### gw3  system/test_ssh.py::test_ft_ssh_add_user_verify
2023-12-28 01:29:11,469 T0320: INFO  support post-function-prolog test_ft_ssh_add_user_verify Pass ''
2023-12-28 01:29:11,470 T0321: INFO  #### gw3  system/test_ssh.py::test_ft_ssh_add_user_verify
2023-12-28 01:29:11,470 T0321: INFO  support post-function-prolog test_ft_ssh_add_user_verify Pass ''
2023-12-28 01:35:27,745 T0000: WARN  #### gw3 IGNORED ERROR system/test_ssh.py::test_ft_ssh_add_user_verify
2023-12-28 01:35:27,745 T0000: WARN  Skipped error checking but detected pattern: containing_python_traceback command: sudo -s fast-reboot
2023-12-28 01:37:31,998 T0328: INFO  #### gw3  system/test_ssh.py::test_ft_ssh_add_user_verify
2023-12-28 01:37:32,000 T0328: INFO  support testcase test_ft_controlplane_acl_service_sshv4 Pass 'SSH failed'
2023-12-28 01:37:32,002 T0329: INFO  #### gw3  system/test_ssh.py::test_ft_ssh_add_user_verify
2023-12-28 01:37:32,002 T0329: INFO  support testcase test_ft_controlplane_acl_service_sshv4 Pass 'SSH failed'
2023-12-28 01:37:32,011 T0330: INFO  #### gw3  system/test_ssh.py::test_ft_ssh_add_user_verify
2023-12-28 01:37:32,012 T0330: INFO  support testcase test_ft_controlplane_acl_service_sshv6 Pass 'SSH failed'
2023-12-28 01:37:32,015 T0331: INFO  #### gw3  system/test_ssh.py::test_ft_ssh_add_user_verify
2023-12-28 01:37:32,015 T0331: INFO  support testcase test_ft_controlplane_acl_service_sshv6 Pass 'SSH failed'
2023-12-28 01:37:32,024 T0332: WARN  #### gw3  system/test_ssh.py::test_ft_ssh_add_user_verify
2023-12-28 01:37:32,025 T0332: WARN  support testcase test_ft_controlplane_acl_service_snmp Fail 'SNMP output is not found after walk of with control plane ACL service SNMP after reboot OID'
2023-12-28 01:37:32,026 T0333: WARN  #### gw3  system/test_ssh.py::test_ft_ssh_add_user_verify
2023-12-28 01:37:32,027 T0333: WARN  support testcase test_ft_controlplane_acl_service_snmp Fail 'SNMP output is not found after walk of with control plane ACL service SNMP after reboot OID'
2023-12-28 01:39:36,965 T0338: WARN  #### gw3  system/test_ssh.py::test_ft_ssh_add_user_verify
2023-12-28 01:39:36,965 T0338: WARN  support pre-function-epilog test_ft_ssh_add_user_verify Fail 'Test case Failed.'
2023-12-28 01:39:36,967 T0339: WARN  #### gw3  system/test_ssh.py::test_ft_ssh_add_user_verify
2023-12-28 01:39:36,967 T0339: WARN  support pre-function-epilog test_ft_ssh_add_user_verify Fail 'Test case Failed.'
2023-12-28 01:39:37,393 T0340: WARN  #### gw3  system/test_ssh.py::test_ft_ssh_add_user_verify
2023-12-28 01:39:37,393 T0340: WARN  support post-function-epilog test_ft_ssh_add_user_verify ignore 'Test case Failed.'
2023-12-28 01:39:37,395 T0341: WARN  #### gw3  system/test_ssh.py::test_ft_ssh_add_user_verify
2023-12-28 01:39:37,395 T0341: WARN  support post-function-epilog test_ft_ssh_add_user_verify ignore 'Test case Failed.'
2023-12-28 01:39:42,876 T0347: INFO  #### gw3  system/test_ssh.py
2023-12-28 01:39:42,877 T0347: INFO  support pre-function-prolog test_ft_verify_logs_at_the_time_of_ssh_login_success  ''
2023-12-28 01:39:42,881 T0348: INFO  #### gw3  system/test_ssh.py
2023-12-28 01:39:42,881 T0348: INFO  support pre-function-prolog test_ft_verify_logs_at_the_time_of_ssh_login_success  ''
2023-12-28 01:39:42,892 T0349: INFO  #### gw3  system/test_ssh.py::test_ft_verify_logs_at_the_time_of_ssh_login_success
2023-12-28 01:39:42,893 T0349: INFO  support post-function-prolog test_ft_verify_logs_at_the_time_of_ssh_login_success Pass ''
2023-12-28 01:39:42,894 T0350: INFO  #### gw3  system/test_ssh.py::test_ft_verify_logs_at_the_time_of_ssh_login_success
2023-12-28 01:39:42,894 T0350: INFO  support post-function-prolog test_ft_verify_logs_at_the_time_of_ssh_login_success Pass ''
2023-12-28 01:40:03,208 T0353: INFO  #### gw3  system/test_ssh.py::test_ft_verify_logs_at_the_time_of_ssh_login_success
2023-12-28 01:40:03,208 T0353: INFO  support pre-function-epilog test_ft_verify_logs_at_the_time_of_ssh_login_success Pass 'Test case passed'
2023-12-28 01:40:03,211 T0354: INFO  #### gw3  system/test_ssh.py::test_ft_verify_logs_at_the_time_of_ssh_login_success
2023-12-28 01:40:03,211 T0354: INFO  support pre-function-epilog test_ft_verify_logs_at_the_time_of_ssh_login_success Pass 'Test case passed'
2023-12-28 01:40:03,225 T0355: INFO  #### gw3  system/test_ssh.py::test_ft_verify_logs_at_the_time_of_ssh_login_success
2023-12-28 01:40:03,225 T0355: INFO  support post-function-epilog test_ft_verify_logs_at_the_time_of_ssh_login_success Pass 'Test case passed'
2023-12-28 01:40:03,227 T0356: INFO  #### gw3  system/test_ssh.py::test_ft_verify_logs_at_the_time_of_ssh_login_success
2023-12-28 01:40:03,227 T0356: INFO  support post-function-epilog test_ft_verify_logs_at_the_time_of_ssh_login_success Pass 'Test case passed'
2023-12-28 01:40:03,260 T0357: WARN  #### gw3  system/test_ssh.py::test_ft_verify_logs_at_the_time_of_ssh_login_success
2023-12-28 01:40:03,260 T0357: WARN  support pre-module-epilog system/test_ssh.py fail ''
2023-12-28 01:40:03,262 T0358: WARN  #### gw3  system/test_ssh.py::test_ft_verify_logs_at_the_time_of_ssh_login_success
2023-12-28 01:40:03,262 T0358: WARN  support pre-module-epilog system/test_ssh.py fail ''
2023-12-28 01:40:58,805 T0383: WARN  #### gw3  system/test_ssh.py::test_ft_verify_logs_at_the_time_of_ssh_login_success
2023-12-28 01:40:58,805 T0383: WARN  support post-module-epilog system/test_ssh.py fail ''
2023-12-28 01:40:58,808 T0384: WARN  #### gw3  system/test_ssh.py::test_ft_verify_logs_at_the_time_of_ssh_login_success
2023-12-28 01:40:58,808 T0384: WARN  support post-module-epilog system/test_ssh.py fail ''
2023-12-28 01:43:01,891 T0432: WARN  #### gw3  batch/test_spytest_infra_1.py::test_spytest_infra_last
2023-12-28 01:43:01,891 T0432: WARN  support session-epilog session pass ''
2023-12-28 01:43:01,893 T0433: WARN  #### gw3  batch/test_spytest_infra_1.py::test_spytest_infra_last
2023-12-28 01:43:01,893 T0433: WARN  support session-epilog session pass ''
