2024-01-03 02:49:13,958 T0005: [D1-V1] ['export TMOUT=0', 'stty cols 5000', 'uptime']
2024-01-03 02:49:13,976 T0006: [D2-V2] ['export TMOUT=0', 'stty cols 5000', 'uptime']
2024-01-03 02:49:14,625 T0005: [D1-V1] cat /proc/uptime
2024-01-03 02:49:14,644 T0006: [D2-V2] cat /proc/uptime
2024-01-03 02:49:15,293 T0005: [D1-V1] sudo vtysh -c 'show running-config | include hostname'
2024-01-03 02:49:15,311 T0006: [D2-V2] sudo vtysh -c 'show running-config | include hostname'
2024-01-03 02:49:17,901 T0005: [D1-V1] /sbin/ip link set dev eth0 up
2024-01-03 02:49:18,067 T0006: [D2-V2] /sbin/ip link set dev eth0 up
2024-01-03 02:49:18,572 T0005: [D1-V1] /sbin/ip route list dev eth0
2024-01-03 02:49:18,737 T0006: [D2-V2] /sbin/ip route list dev eth0
2024-01-03 02:49:34,444 T0005: [D1-V1] /sbin/ip link set dev eth0 up
2024-01-03 02:49:34,548 T0006: [D2-V2] /sbin/ip link set dev eth0 up
2024-01-03 02:49:35,114 T0005: [D1-V1] /sbin/ip route list dev eth0
2024-01-03 02:49:35,216 T0006: [D2-V2] /sbin/ip route list dev eth0
2024-01-03 02:49:35,790 T0005: [D1-V1] ['export TMOUT=0', 'stty cols 5000', 'uptime']
2024-01-03 02:49:35,893 T0006: [D2-V2] ['export TMOUT=0', 'stty cols 5000', 'uptime']
2024-01-03 02:49:37,938 T0005: [D1-V1] /sbin/ip link set dev eth0 up
2024-01-03 02:49:38,037 T0006: [D2-V2] /sbin/ip link set dev eth0 up
2024-01-03 02:49:38,605 T0005: [D1-V1] /sbin/ip route list dev eth0
2024-01-03 02:49:38,705 T0006: [D2-V2] /sbin/ip route list dev eth0
2024-01-03 02:49:39,948 T0005: [D1-V1] show version
2024-01-03 02:49:40,048 T0006: [D2-V2] show version
2024-01-03 02:49:41,977 T0005: [D1-V1] /sbin/ip link set dev eth0 up
2024-01-03 02:49:42,123 T0006: [D2-V2] /sbin/ip link set dev eth0 up
2024-01-03 02:49:42,644 T0005: [D1-V1] /sbin/ip route list dev eth0
2024-01-03 02:49:42,790 T0006: [D2-V2] /sbin/ip route list dev eth0
2024-01-03 02:49:44,791 T0005: [D1-V1] /sbin/ip link set dev eth0 up
2024-01-03 02:49:44,943 T0006: [D2-V2] /sbin/ip link set dev eth0 up
2024-01-03 02:49:45,459 T0005: [D1-V1] /sbin/ip route list dev eth0
2024-01-03 02:49:45,611 T0006: [D2-V2] /sbin/ip route list dev eth0
2024-01-03 02:53:02,241 T0017: [D1-V1] sudo show interfaces status
2024-01-03 02:53:02,247 T0018: [D2-V2] sudo show interfaces status
2024-01-03 02:53:03,828 T0017: [D1-V1] config interface startup Ethernet0
2024-01-03 02:53:03,981 T0018: [D2-V2] config interface startup Ethernet16
2024-01-03 02:53:04,848 T0017: [D1-V1] config interface startup Ethernet4
2024-01-03 02:53:05,001 T0018: [D2-V2] config interface startup Ethernet20
2024-01-03 02:53:05,869 T0017: [D1-V1] config interface startup Ethernet8
2024-01-03 02:53:06,023 T0018: [D2-V2] config interface startup Ethernet24
2024-01-03 02:53:06,891 T0017: [D1-V1] config interface startup Ethernet12
2024-01-03 02:53:07,198 T0018: [D2-V2] config interface startup Ethernet28
2024-01-03 02:53:07,963 T0017: [D1-V1] config interface startup Ethernet16
2024-01-03 02:53:08,270 T0018: [D2-V2] config interface startup Ethernet32
2024-01-03 02:53:09,034 T0017: [D1-V1] config interface startup Ethernet20
2024-01-03 02:53:09,338 T0018: [D2-V2] config interface startup Ethernet36
2024-01-03 02:53:10,106 T0017: [D1-V1] config interface startup Ethernet24
2024-01-03 02:53:10,357 T0018: [D2-V2] config interface startup Ethernet0
2024-01-03 02:53:11,126 T0017: [D1-V1] config interface startup Ethernet28
2024-01-03 02:53:11,376 T0018: [D2-V2] config interface startup Ethernet4
2024-01-03 02:53:12,145 T0017: [D1-V1] config interface startup Ethernet32
2024-01-03 02:53:12,394 T0018: [D2-V2] config interface startup Ethernet8
2024-01-03 02:53:13,165 T0017: [D1-V1] config interface startup Ethernet36
2024-01-03 02:53:13,414 T0018: [D2-V2] config interface startup Ethernet12
2024-01-03 02:53:14,190 T0017: [D1-V1] config interface shutdown Ethernet40
2024-01-03 02:53:14,438 T0018: [D2-V2] config interface shutdown Ethernet40
2024-01-03 02:53:15,209 T0017: [D1-V1] config interface shutdown Ethernet44
2024-01-03 02:53:15,458 T0018: [D2-V2] config interface shutdown Ethernet44
2024-01-03 02:53:16,228 T0017: [D1-V1] config interface shutdown Ethernet48
2024-01-03 02:53:16,478 T0018: [D2-V2] config interface shutdown Ethernet48
2024-01-03 02:53:17,248 T0017: [D1-V1] config interface shutdown Ethernet52
2024-01-03 02:53:17,548 T0018: [D2-V2] config interface shutdown Ethernet52
2024-01-03 02:53:18,267 T0017: [D1-V1] config interface shutdown Ethernet56
2024-01-03 02:53:18,618 T0018: [D2-V2] config interface shutdown Ethernet56
2024-01-03 02:53:19,286 T0017: [D1-V1] config interface shutdown Ethernet60
2024-01-03 02:53:19,688 T0018: [D2-V2] config interface shutdown Ethernet60
2024-01-03 02:53:20,305 T0017: [D1-V1] config interface shutdown Ethernet64
2024-01-03 02:53:20,758 T0018: [D2-V2] config interface shutdown Ethernet64
2024-01-03 02:53:21,325 T0017: [D1-V1] config interface shutdown Ethernet68
2024-01-03 02:53:21,828 T0018: [D2-V2] config interface shutdown Ethernet68
2024-01-03 02:53:22,345 T0017: [D1-V1] config interface shutdown Ethernet72
2024-01-03 02:53:22,898 T0018: [D2-V2] config interface shutdown Ethernet72
2024-01-03 02:53:23,366 T0017: [D1-V1] config interface shutdown Ethernet76
2024-01-03 02:53:23,918 T0018: [D2-V2] config interface shutdown Ethernet76
2024-01-03 02:53:24,386 T0017: [D1-V1] config interface shutdown Ethernet80
2024-01-03 02:53:24,989 T0018: [D2-V2] config interface shutdown Ethernet80
2024-01-03 02:53:25,405 T0017: [D1-V1] config interface shutdown Ethernet84
2024-01-03 02:53:26,008 T0018: [D2-V2] config interface shutdown Ethernet84
2024-01-03 02:53:26,425 T0017: [D1-V1] config interface shutdown Ethernet88
2024-01-03 02:53:27,029 T0018: [D2-V2] config interface shutdown Ethernet88
2024-01-03 02:53:27,444 T0017: [D1-V1] config interface shutdown Ethernet92
2024-01-03 02:53:28,099 T0018: [D2-V2] config interface shutdown Ethernet92
2024-01-03 02:53:28,464 T0017: [D1-V1] config interface shutdown Ethernet96
2024-01-03 02:53:29,119 T0018: [D2-V2] config interface shutdown Ethernet96
2024-01-03 02:53:29,484 T0017: [D1-V1] config interface shutdown Ethernet100
2024-01-03 02:53:30,139 T0018: [D2-V2] config interface shutdown Ethernet100
2024-01-03 02:53:30,505 T0017: [D1-V1] config interface shutdown Ethernet104
2024-01-03 02:53:31,159 T0018: [D2-V2] config interface shutdown Ethernet104
2024-01-03 02:53:31,525 T0017: [D1-V1] config interface shutdown Ethernet108
2024-01-03 02:53:32,229 T0018: [D2-V2] config interface shutdown Ethernet108
2024-01-03 02:53:32,544 T0017: [D1-V1] config interface shutdown Ethernet112
2024-01-03 02:53:33,450 T0018: [D2-V2] config interface shutdown Ethernet112
2024-01-03 02:53:33,563 T0017: [D1-V1] config interface shutdown Ethernet116
2024-01-03 02:53:34,470 T0018: [D2-V2] config interface shutdown Ethernet116
2024-01-03 02:53:34,583 T0017: [D1-V1] config interface shutdown Ethernet120
2024-01-03 02:53:35,491 T0018: [D2-V2] config interface shutdown Ethernet120
2024-01-03 02:53:35,603 T0017: [D1-V1] config interface shutdown Ethernet124
2024-01-03 02:53:36,562 T0018: [D2-V2] config interface shutdown Ethernet124
2024-01-03 02:53:43,636 T0019: [D1-V1] show version
2024-01-03 02:53:43,640 T0020: [D2-V2] show version
2024-01-03 02:53:45,603 T0019: [D1-V1] cat /var/run/redis/sonic-db/database_config.json
2024-01-03 02:53:46,420 T0020: [D2-V2] cat /var/run/redis/sonic-db/database_config.json
2024-01-03 02:53:46,712 T0019: [D1-V1] /sbin/ifconfig eth0
2024-01-03 02:53:47,112 T0020: [D2-V2] /sbin/ifconfig eth0
2024-01-03 02:53:47,392 T0019: [D1-V1] ls /etc/sonic/bcmsim.cfg
2024-01-03 02:53:47,791 T0020: [D2-V2] ls /etc/sonic/bcmsim.cfg
2024-01-03 02:53:48,471 T0021: [D1-V1] no router bgp
2024-01-03 02:53:48,478 T0022: [D2-V2] no router bgp
2024-01-03 02:53:50,291 T0021: [D1-V1] config feature state sflow enabled
2024-01-03 02:53:50,299 T0022: [D2-V2] config feature state sflow enabled
2024-01-03 02:53:52,251 T0021: [D1-V1] config feature state nat enabled
2024-01-03 02:53:52,302 T0022: [D2-V2] config feature state nat enabled
2024-01-03 02:53:56,472 T0025: [D1-V1] config save /tmp/config-db-V1-post-session-prolog-session.json -y
2024-01-03 02:53:56,477 T0026: [D2-V2] config save /tmp/config-db-V2-post-session-prolog-session.json -y
2024-01-03 02:53:57,708 T0025: [D1-V1] chmod 777 /tmp/config-db-V1-post-session-prolog-session.json
2024-01-03 02:53:57,760 T0026: [D2-V2] chmod 777 /tmp/config-db-V2-post-session-prolog-session.json
2024-01-03 02:53:59,185 T0025: [D1-V1] /sbin/ip link set dev eth0 up
2024-01-03 02:53:59,236 T0026: [D2-V2] /sbin/ip link set dev eth0 up
2024-01-03 02:53:59,854 T0025: [D1-V1] /sbin/ip route list dev eth0
2024-01-03 02:53:59,904 T0026: [D2-V2] /sbin/ip route list dev eth0
2024-01-03 02:54:08,245 T0025: [D1-V1] sudo vtysh -c 'show running-config' > /tmp/vtysh-runcfg-V1-post-session-prolog-session.txt
2024-01-03 02:54:08,255 T0026: [D2-V2] sudo vtysh -c 'show running-config' > /tmp/vtysh-runcfg-V2-post-session-prolog-session.txt
2024-01-03 02:54:09,115 T0025: [D1-V1] chmod 777 /tmp/vtysh-runcfg-V1-post-session-prolog-session.txt
2024-01-03 02:54:09,173 T0026: [D2-V2] chmod 777 /tmp/vtysh-runcfg-V2-post-session-prolog-session.txt
2024-01-03 02:54:10,591 T0025: [D1-V1] /sbin/ip link set dev eth0 up
2024-01-03 02:54:10,647 T0026: [D2-V2] /sbin/ip link set dev eth0 up
2024-01-03 02:54:11,261 T0025: [D1-V1] /sbin/ip route list dev eth0
2024-01-03 02:54:11,316 T0026: [D2-V2] /sbin/ip route list dev eth0
2024-01-03 02:54:20,494 T0000: 
================== Framework Module Hook: batch/test_spytest_infra_1.py ==================
2024-01-03 02:54:20,519 T0049: [D1-V1] sudo show interfaces status Ethernet124
2024-01-03 02:54:20,526 T0050: [D2-V2] sudo show interfaces status Ethernet124
2024-01-03 02:54:22,737 T0052: [D1-V1] sudo show interfaces status
2024-01-03 02:54:22,739 T0053: [D2-V2] sudo show interfaces status
2024-01-03 02:54:24,466 T0000: 
================== Framework Module Hook Finish: batch/test_spytest_infra_1.py ==================
2024-01-03 02:54:24,467 T0000: 
================== Framework Function Hook: batch/test_spytest_infra_1.py::test_spytest_infra_first ==================
2024-01-03 02:54:27,559 T0057: [D1-V1] sudo show interfaces status
2024-01-03 02:54:27,562 T0058: [D2-V2] sudo show interfaces status
2024-01-03 02:54:29,213 T0059: [D1-V1] sudo show interfaces status Ethernet124
2024-01-03 02:54:29,219 T0060: [D2-V2] sudo show interfaces status Ethernet124
2024-01-03 02:54:32,291 T0000: 
================== Framework Function Hook Finish: batch/test_spytest_infra_1.py::test_spytest_infra_first ==================
2024-01-03 02:54:32,294 T0000: 
================== Test Execution: batch/test_spytest_infra_1.py::test_spytest_infra_first ==================
2024-01-03 02:54:32,317 T0000: 
================== Framework Function Hook Finalize: batch/test_spytest_infra_1.py::test_spytest_infra_first ==================
2024-01-03 02:54:32,486 T0000: 
================== Framework Function Hook: batch/test_spytest_infra_1.py::test_spytest_infra_second ==================
2024-01-03 02:54:32,509 T0062: [D1-V1] sudo show interfaces status
2024-01-03 02:54:32,511 T0063: [D2-V2] sudo show interfaces status
2024-01-03 02:54:34,169 T0064: [D1-V1] sudo show interfaces status Ethernet124
2024-01-03 02:54:34,174 T0065: [D2-V2] sudo show interfaces status Ethernet124
2024-01-03 02:54:37,243 T0000: 
================== Framework Function Hook Finish: batch/test_spytest_infra_1.py::test_spytest_infra_second ==================
2024-01-03 02:54:37,245 T0000: 
================== Test Execution: batch/test_spytest_infra_1.py::test_spytest_infra_second ==================
2024-01-03 02:54:37,269 T0000: 
================== Framework Function Hook Finalize: batch/test_spytest_infra_1.py::test_spytest_infra_second ==================
2024-01-03 02:54:37,275 T0066: [D1-V1] sudo show interfaces status Ethernet124
2024-01-03 02:54:37,282 T0067: [D2-V2] sudo show interfaces status Ethernet124
2024-01-03 02:54:39,630 T0000: 
================== Framework Module Hook Finalize: batch/test_spytest_infra_1.py Pass: 2/2 ==================
2024-01-03 02:54:39,630 T0000: 
================== Devices used: batch/test_spytest_infra_1.py 2 ['V1', 'V2'] ==================
2024-01-03 02:54:40,459 T0000: 
================== Framework Module Hook: switching/test_vlan.py ==================
2024-01-03 02:54:40,478 T0074: [D1-V1] sudo show interfaces status Ethernet124
2024-01-03 02:54:40,483 T0075: [D2-V2] sudo show interfaces status Ethernet124
2024-01-03 02:54:42,713 T0077: [D1-V1] sudo show interfaces status
2024-01-03 02:54:42,714 T0078: [D2-V2] sudo show interfaces status
2024-01-03 02:54:44,360 T0079: [D1-V1] config save /tmp/config-db-V1-pre-module-prolog-switching-test_vlan.py.json -y
2024-01-03 02:54:44,364 T0080: [D2-V2] config save /tmp/config-db-V2-pre-module-prolog-switching-test_vlan.py.json -y
2024-01-03 02:54:45,597 T0079: [D1-V1] chmod 777 /tmp/config-db-V1-pre-module-prolog-switching-test_vlan.py.json
2024-01-03 02:54:45,604 T0080: [D2-V2] chmod 777 /tmp/config-db-V2-pre-module-prolog-switching-test_vlan.py.json
2024-01-03 02:54:47,105 T0080: [D2-V2] /sbin/ip link set dev eth0 up
2024-01-03 02:54:47,105 T0079: [D1-V1] /sbin/ip link set dev eth0 up
2024-01-03 02:54:47,789 T0079: [D1-V1] /sbin/ip route list dev eth0
2024-01-03 02:54:47,798 T0080: [D2-V2] /sbin/ip route list dev eth0
2024-01-03 02:54:56,173 T0079: [D1-V1] sudo vtysh -c 'show running-config' > /tmp/vtysh-runcfg-V1-pre-module-prolog-switching-test_vlan.py.txt
2024-01-03 02:54:56,178 T0080: [D2-V2] sudo vtysh -c 'show running-config' > /tmp/vtysh-runcfg-V2-pre-module-prolog-switching-test_vlan.py.txt
2024-01-03 02:54:57,054 T0079: [D1-V1] chmod 777 /tmp/vtysh-runcfg-V1-pre-module-prolog-switching-test_vlan.py.txt
2024-01-03 02:54:57,061 T0080: [D2-V2] chmod 777 /tmp/vtysh-runcfg-V2-pre-module-prolog-switching-test_vlan.py.txt
2024-01-03 02:54:58,542 T0079: [D1-V1] /sbin/ip link set dev eth0 up
2024-01-03 02:54:58,544 T0080: [D2-V2] /sbin/ip link set dev eth0 up
2024-01-03 02:54:59,220 T0079: [D1-V1] /sbin/ip route list dev eth0
2024-01-03 02:54:59,228 T0080: [D2-V2] /sbin/ip route list dev eth0
2024-01-03 02:55:07,618 T0000: 
================== Framework Module Hook Finish: switching/test_vlan.py ==================
2024-01-03 02:55:07,619 T0000: 
================== Module Hook: switching/test_vlan.py vlan_module_hooks ==================
2024-01-03 02:55:07,620 T0000: [D1-V1] show version
2024-01-03 02:55:09,051 T0000: [D1-V1] show platform summary
2024-01-03 02:55:10,174 T0097: [D1-V1] ['config vlan add 1741']
2024-01-03 02:55:11,196 T0097: [D1-V1] config vlan member add 1741 Ethernet0
2024-01-03 02:55:12,215 T0097: [D1-V1] config vlan member add 1741 Ethernet4
2024-01-03 02:55:18,201 T0000: 
================== Module Hook Finish: switching/test_vlan.py vlan_module_hooks ==================
2024-01-03 02:55:18,202 T0000: 
================== Framework Function Hook: switching/test_vlan.py::test_ft_add_unknownvlan_interface ==================
2024-01-03 02:55:18,208 T0098: [D1-V1] config save /tmp/config-db-V1-post-module-prolog-switching-test_vlan.py.json -y
2024-01-03 02:55:18,213 T0099: [D2-V2] config save /tmp/config-db-V2-post-module-prolog-switching-test_vlan.py.json -y
2024-01-03 02:55:19,445 T0098: [D1-V1] chmod 777 /tmp/config-db-V1-post-module-prolog-switching-test_vlan.py.json
2024-01-03 02:55:19,453 T0099: [D2-V2] chmod 777 /tmp/config-db-V2-post-module-prolog-switching-test_vlan.py.json
2024-01-03 02:55:20,927 T0098: [D1-V1] /sbin/ip link set dev eth0 up
2024-01-03 02:55:20,931 T0099: [D2-V2] /sbin/ip link set dev eth0 up
2024-01-03 02:55:21,600 T0098: [D1-V1] /sbin/ip route list dev eth0
2024-01-03 02:55:21,609 T0099: [D2-V2] /sbin/ip route list dev eth0
2024-01-03 02:55:29,961 T0099: [D2-V2] sudo vtysh -c 'show running-config' > /tmp/vtysh-runcfg-V2-post-module-prolog-switching-test_vlan.py.txt
2024-01-03 02:55:29,976 T0098: [D1-V1] sudo vtysh -c 'show running-config' > /tmp/vtysh-runcfg-V1-post-module-prolog-switching-test_vlan.py.txt
2024-01-03 02:55:30,832 T0099: [D2-V2] chmod 777 /tmp/vtysh-runcfg-V2-post-module-prolog-switching-test_vlan.py.txt
2024-01-03 02:55:30,841 T0098: [D1-V1] chmod 777 /tmp/vtysh-runcfg-V1-post-module-prolog-switching-test_vlan.py.txt
2024-01-03 02:55:32,307 T0099: [D2-V2] /sbin/ip link set dev eth0 up
2024-01-03 02:55:32,315 T0098: [D1-V1] /sbin/ip link set dev eth0 up
2024-01-03 02:55:32,977 T0099: [D2-V2] /sbin/ip route list dev eth0
2024-01-03 02:55:32,985 T0098: [D1-V1] /sbin/ip route list dev eth0
2024-01-03 02:55:44,435 T0119: [D1-V1] sudo show interfaces status
2024-01-03 02:55:44,437 T0120: [D2-V2] sudo show interfaces status
2024-01-03 02:55:46,141 T0121: [D1-V1] sudo show interfaces status Ethernet124
2024-01-03 02:55:46,150 T0122: [D2-V2] sudo show interfaces status Ethernet124
2024-01-03 02:55:49,222 T0000: 
================== Framework Function Hook Finish: switching/test_vlan.py::test_ft_add_unknownvlan_interface ==================
2024-01-03 02:55:49,223 T0000: 
================== Function Hook: switching/test_vlan.py vlan_func_hooks ==================
2024-01-03 02:55:49,232 T0000: 
================== Function Hook Finish: switching/test_vlan.py vlan_func_hooks ==================
2024-01-03 02:55:49,233 T0000: 
================== Test Execution: switching/test_vlan.py::test_ft_add_unknownvlan_interface ==================
2024-01-03 02:55:49,243 T0000: [D1-V1] config vlan member add 368 Ethernet16 -u 
2024-01-03 02:55:50,310 T0000: [D1-V1] config vlan member add 1741 Ethernet16
2024-01-03 02:55:51,366 T0000: [D1-V1] config vlan member del 1741 Ethernet16
2024-01-03 02:55:52,430 T0000: 
================== Function Hook Finalize: switching/test_vlan.py vlan_func_hooks ==================
2024-01-03 02:55:52,462 T0000: 
================== Framework Function Hook Finalize: switching/test_vlan.py::test_ft_add_unknownvlan_interface ==================
2024-01-03 02:55:52,464 T0000: 
================== Framework Function Hook: switching/test_vlan.py::test_ft_vlan_delete_with_member ==================
2024-01-03 02:55:52,480 T0132: [D1-V1] sudo show interfaces status
2024-01-03 02:55:52,482 T0133: [D2-V2] sudo show interfaces status
2024-01-03 02:55:54,175 T0134: [D1-V1] sudo show interfaces status Ethernet124
2024-01-03 02:55:54,179 T0135: [D2-V2] sudo show interfaces status Ethernet124
2024-01-03 02:55:57,281 T0000: 
================== Framework Function Hook Finish: switching/test_vlan.py::test_ft_vlan_delete_with_member ==================
2024-01-03 02:55:57,282 T0000: 
================== Function Hook: switching/test_vlan.py vlan_func_hooks ==================
2024-01-03 02:55:57,290 T0000: 
================== Function Hook Finish: switching/test_vlan.py vlan_func_hooks ==================
2024-01-03 02:55:57,291 T0000: 
================== Test Execution: switching/test_vlan.py::test_ft_vlan_delete_with_member ==================
2024-01-03 02:55:57,292 T0000: [D1-V1] ['config vlan add 368']
2024-01-03 02:55:58,354 T0000: [D1-V1] config vlan member add 368 Ethernet72
2024-01-03 02:55:59,410 T0000: [D1-V1] ['config vlan del 368']
2024-01-03 02:56:00,474 T0000: [D1-V1] config vlan member del 368 Ethernet72
2024-01-03 02:56:01,531 T0000: [D1-V1] show vlan config
2024-01-03 02:56:02,651 T0000: [D1-V1] ['config vlan del 368']
2024-01-03 02:56:03,704 T0000: [D1-V1] show vlan config
2024-01-03 02:56:04,783 T0000: 
================== Function Hook Finalize: switching/test_vlan.py vlan_func_hooks ==================
2024-01-03 02:56:04,815 T0000: 
================== Framework Function Hook Finalize: switching/test_vlan.py::test_ft_vlan_delete_with_member ==================
2024-01-03 02:56:04,816 T0000: 
================== Framework Function Hook: switching/test_vlan.py::test_ft_vlan_trunk_tagged ==================
2024-01-03 02:56:04,832 T0145: [D1-V1] sudo show interfaces status
2024-01-03 02:56:04,834 T0146: [D2-V2] sudo show interfaces status
2024-01-03 02:56:06,540 T0147: [D1-V1] sudo show interfaces status Ethernet124
2024-01-03 02:56:06,547 T0148: [D2-V2] sudo show interfaces status Ethernet124
2024-01-03 02:56:09,757 T0000: 
================== Framework Function Hook Finish: switching/test_vlan.py::test_ft_vlan_trunk_tagged ==================
2024-01-03 02:56:09,757 T0000: 
================== Function Hook: switching/test_vlan.py vlan_func_hooks ==================
2024-01-03 02:56:09,767 T0000: 
================== Function Hook Finish: switching/test_vlan.py vlan_func_hooks ==================
2024-01-03 02:56:09,767 T0000: 
================== Test Execution: switching/test_vlan.py::test_ft_vlan_trunk_tagged ==================
2024-01-03 02:56:09,777 T0000: [D1-V1] sonic-clear counters
2024-01-03 02:56:35,338 T0000: [D1-V1] show mac
2024-01-03 02:57:30,740 T0000: 
================== Function Hook Finalize: switching/test_vlan.py vlan_func_hooks ==================
2024-01-03 02:57:30,771 T0000: 
================== Framework Function Hook Finalize: switching/test_vlan.py::test_ft_vlan_trunk_tagged ==================
2024-01-03 02:57:30,772 T0000: 
================== Framework Function Hook: switching/test_vlan.py::test_ft_vlan_save_config_warm_and_fast_reboot ==================
2024-01-03 02:57:30,788 T0158: [D1-V1] sudo show interfaces status
2024-01-03 02:57:30,790 T0159: [D2-V2] sudo show interfaces status
2024-01-03 02:57:32,454 T0160: [D1-V1] sudo show interfaces status Ethernet124
2024-01-03 02:57:32,461 T0161: [D2-V2] sudo show interfaces status Ethernet124
2024-01-03 02:57:35,573 T0000: 
================== Framework Function Hook Finish: switching/test_vlan.py::test_ft_vlan_save_config_warm_and_fast_reboot ==================
2024-01-03 02:57:35,574 T0000: 
================== Function Hook: switching/test_vlan.py vlan_func_hooks ==================
2024-01-03 02:57:35,582 T0000: 
================== Function Hook Finish: switching/test_vlan.py vlan_func_hooks ==================
2024-01-03 02:57:35,583 T0000: 
================== Test Execution: switching/test_vlan.py::test_ft_vlan_save_config_warm_and_fast_reboot ==================
2024-01-03 02:57:35,593 T0000: [D1-V1] ['config vlan add 1', 'config vlan add 2', 'config vlan add 3', 'config vlan add 4', 'config vlan add 5', 'config vlan add 6', 'config vlan add 7', 'config vlan add 8', 'config vlan add 9', 'config vlan add 10', 'config vlan add 11', 'config vlan add 12', 'config vlan add 13', 'config vlan add 14', 'config vlan add 15', 'config vlan add 16', 'config vlan add 17', 'config vlan add 18', 'config vlan add 19', 'config vlan add 20', 'config vlan add 21', 'config vlan add 22', 'config vlan add 23', 'config vlan add 24', 'config vlan add 25', 'config vlan add 26', 'config vlan add 27', 'config vlan add 28', 'config vlan add 29', 'config vlan add 30', 'config vlan add 31', 'config vlan add 32', 'config vlan add 33', 'config vlan add 34', 'config vlan add 35', 'config vlan add 36', 'config vlan add 37', 'config vlan add 38', 'config vlan add 39', 'config vlan add 40', 'config vlan add 41', 'config vlan add 42', 'config vlan add 43', 'config vlan add 44', 'config vlan add 45', 'config vlan add 46', 'config vlan add 47', 'config vlan add 48', 'config vlan add 49', 'config vlan add 50', 'config vlan add 51', 'config vlan add 52', 'config vlan add 53', 'config vlan add 54', 'config vlan add 55', 'config vlan add 56', 'config vlan add 57', 'config vlan add 58', 'config vlan add 59', 'config vlan add 60', 'config vlan add 61', 'config vlan add 62', 'config vlan add 63', 'config vlan add 64', 'config vlan add 65', 'config vlan add 66', 'config vlan add 67', 'config vlan add 68', 'config vlan add 69', 'config vlan add 70', 'config vlan add 71', 'config vlan add 72', 'config vlan add 73', 'config vlan add 74', 'config vlan add 75', 'config vlan add 76', 'config vlan add 77', 'config vlan add 78', 'config vlan add 79', 'config vlan add 80', 'config vlan add 81', 'config vlan add 82', 'config vlan add 83', 'config vlan add 84', 'config vlan add 85', 'config vlan add 86', 'config vlan add 87', 'config vlan add 88', 'config vlan add 89', 'config vlan add 90', 'config vlan add 91', 'config vlan add 92', 'config vlan add 93', 'config vlan add 94', 'config vlan add 95', 'config vlan add 96', 'config vlan add 97', 'config vlan add 98', 'config vlan add 99', 'config vlan add 100']
2024-01-03 02:58:16,413 T0000: [D1-V1] show vlan config
2024-01-03 02:58:17,557 T0000: [D1-V1] ['config vlan member add 1 Ethernet0', 'config vlan member add 2 Ethernet0', 'config vlan member add 3 Ethernet0', 'config vlan member add 4 Ethernet0', 'config vlan member add 5 Ethernet0', 'config vlan member add 6 Ethernet0', 'config vlan member add 7 Ethernet0', 'config vlan member add 8 Ethernet0', 'config vlan member add 9 Ethernet0', 'config vlan member add 10 Ethernet0', 'config vlan member add 11 Ethernet0', 'config vlan member add 12 Ethernet0', 'config vlan member add 13 Ethernet0', 'config vlan member add 14 Ethernet0', 'config vlan member add 15 Ethernet0', 'config vlan member add 16 Ethernet0', 'config vlan member add 17 Ethernet0', 'config vlan member add 18 Ethernet0', 'config vlan member add 19 Ethernet0', 'config vlan member add 20 Ethernet0', 'config vlan member add 21 Ethernet0', 'config vlan member add 22 Ethernet0', 'config vlan member add 23 Ethernet0', 'config vlan member add 24 Ethernet0', 'config vlan member add 25 Ethernet0', 'config vlan member add 26 Ethernet0', 'config vlan member add 27 Ethernet0', 'config vlan member add 28 Ethernet0', 'config vlan member add 29 Ethernet0', 'config vlan member add 30 Ethernet0', 'config vlan member add 31 Ethernet0', 'config vlan member add 32 Ethernet0', 'config vlan member add 33 Ethernet0', 'config vlan member add 34 Ethernet0', 'config vlan member add 35 Ethernet0', 'config vlan member add 36 Ethernet0', 'config vlan member add 37 Ethernet0', 'config vlan member add 38 Ethernet0', 'config vlan member add 39 Ethernet0', 'config vlan member add 40 Ethernet0', 'config vlan member add 41 Ethernet0', 'config vlan member add 42 Ethernet0', 'config vlan member add 43 Ethernet0', 'config vlan member add 44 Ethernet0', 'config vlan member add 45 Ethernet0', 'config vlan member add 46 Ethernet0', 'config vlan member add 47 Ethernet0', 'config vlan member add 48 Ethernet0', 'config vlan member add 49 Ethernet0', 'config vlan member add 50 Ethernet0', 'config vlan member add 51 Ethernet0', 'config vlan member add 52 Ethernet0', 'config vlan member add 53 Ethernet0', 'config vlan member add 54 Ethernet0', 'config vlan member add 55 Ethernet0', 'config vlan member add 56 Ethernet0', 'config vlan member add 57 Ethernet0', 'config vlan member add 58 Ethernet0', 'config vlan member add 59 Ethernet0', 'config vlan member add 60 Ethernet0', 'config vlan member add 61 Ethernet0', 'config vlan member add 62 Ethernet0', 'config vlan member add 63 Ethernet0', 'config vlan member add 64 Ethernet0', 'config vlan member add 65 Ethernet0', 'config vlan member add 66 Ethernet0', 'config vlan member add 67 Ethernet0', 'config vlan member add 68 Ethernet0', 'config vlan member add 69 Ethernet0', 'config vlan member add 70 Ethernet0', 'config vlan member add 71 Ethernet0', 'config vlan member add 72 Ethernet0', 'config vlan member add 73 Ethernet0', 'config vlan member add 74 Ethernet0', 'config vlan member add 75 Ethernet0', 'config vlan member add 76 Ethernet0', 'config vlan member add 77 Ethernet0', 'config vlan member add 78 Ethernet0', 'config vlan member add 79 Ethernet0', 'config vlan member add 80 Ethernet0', 'config vlan member add 81 Ethernet0', 'config vlan member add 82 Ethernet0', 'config vlan member add 83 Ethernet0', 'config vlan member add 84 Ethernet0', 'config vlan member add 85 Ethernet0', 'config vlan member add 86 Ethernet0', 'config vlan member add 87 Ethernet0', 'config vlan member add 88 Ethernet0', 'config vlan member add 89 Ethernet0', 'config vlan member add 90 Ethernet0', 'config vlan member add 91 Ethernet0', 'config vlan member add 92 Ethernet0', 'config vlan member add 93 Ethernet0', 'config vlan member add 94 Ethernet0', 'config vlan member add 95 Ethernet0', 'config vlan member add 96 Ethernet0', 'config vlan member add 97 Ethernet0', 'config vlan member add 98 Ethernet0', 'config vlan member add 99 Ethernet0', 'config vlan member add 100 Ethernet0']
2024-01-03 02:58:58,986 T0000: [D1-V1] ['config vlan member add 1 Ethernet4', 'config vlan member add 2 Ethernet4', 'config vlan member add 3 Ethernet4', 'config vlan member add 4 Ethernet4', 'config vlan member add 5 Ethernet4', 'config vlan member add 6 Ethernet4', 'config vlan member add 7 Ethernet4', 'config vlan member add 8 Ethernet4', 'config vlan member add 9 Ethernet4', 'config vlan member add 10 Ethernet4', 'config vlan member add 11 Ethernet4', 'config vlan member add 12 Ethernet4', 'config vlan member add 13 Ethernet4', 'config vlan member add 14 Ethernet4', 'config vlan member add 15 Ethernet4', 'config vlan member add 16 Ethernet4', 'config vlan member add 17 Ethernet4', 'config vlan member add 18 Ethernet4', 'config vlan member add 19 Ethernet4', 'config vlan member add 20 Ethernet4', 'config vlan member add 21 Ethernet4', 'config vlan member add 22 Ethernet4', 'config vlan member add 23 Ethernet4', 'config vlan member add 24 Ethernet4', 'config vlan member add 25 Ethernet4', 'config vlan member add 26 Ethernet4', 'config vlan member add 27 Ethernet4', 'config vlan member add 28 Ethernet4', 'config vlan member add 29 Ethernet4', 'config vlan member add 30 Ethernet4', 'config vlan member add 31 Ethernet4', 'config vlan member add 32 Ethernet4', 'config vlan member add 33 Ethernet4', 'config vlan member add 34 Ethernet4', 'config vlan member add 35 Ethernet4', 'config vlan member add 36 Ethernet4', 'config vlan member add 37 Ethernet4', 'config vlan member add 38 Ethernet4', 'config vlan member add 39 Ethernet4', 'config vlan member add 40 Ethernet4', 'config vlan member add 41 Ethernet4', 'config vlan member add 42 Ethernet4', 'config vlan member add 43 Ethernet4', 'config vlan member add 44 Ethernet4', 'config vlan member add 45 Ethernet4', 'config vlan member add 46 Ethernet4', 'config vlan member add 47 Ethernet4', 'config vlan member add 48 Ethernet4', 'config vlan member add 49 Ethernet4', 'config vlan member add 50 Ethernet4', 'config vlan member add 51 Ethernet4', 'config vlan member add 52 Ethernet4', 'config vlan member add 53 Ethernet4', 'config vlan member add 54 Ethernet4', 'config vlan member add 55 Ethernet4', 'config vlan member add 56 Ethernet4', 'config vlan member add 57 Ethernet4', 'config vlan member add 58 Ethernet4', 'config vlan member add 59 Ethernet4', 'config vlan member add 60 Ethernet4', 'config vlan member add 61 Ethernet4', 'config vlan member add 62 Ethernet4', 'config vlan member add 63 Ethernet4', 'config vlan member add 64 Ethernet4', 'config vlan member add 65 Ethernet4', 'config vlan member add 66 Ethernet4', 'config vlan member add 67 Ethernet4', 'config vlan member add 68 Ethernet4', 'config vlan member add 69 Ethernet4', 'config vlan member add 70 Ethernet4', 'config vlan member add 71 Ethernet4', 'config vlan member add 72 Ethernet4', 'config vlan member add 73 Ethernet4', 'config vlan member add 74 Ethernet4', 'config vlan member add 75 Ethernet4', 'config vlan member add 76 Ethernet4', 'config vlan member add 77 Ethernet4', 'config vlan member add 78 Ethernet4', 'config vlan member add 79 Ethernet4', 'config vlan member add 80 Ethernet4', 'config vlan member add 81 Ethernet4', 'config vlan member add 82 Ethernet4', 'config vlan member add 83 Ethernet4', 'config vlan member add 84 Ethernet4', 'config vlan member add 85 Ethernet4', 'config vlan member add 86 Ethernet4', 'config vlan member add 87 Ethernet4', 'config vlan member add 88 Ethernet4', 'config vlan member add 89 Ethernet4', 'config vlan member add 90 Ethernet4', 'config vlan member add 91 Ethernet4', 'config vlan member add 92 Ethernet4', 'config vlan member add 93 Ethernet4', 'config vlan member add 94 Ethernet4', 'config vlan member add 95 Ethernet4', 'config vlan member add 96 Ethernet4', 'config vlan member add 97 Ethernet4', 'config vlan member add 98 Ethernet4', 'config vlan member add 99 Ethernet4', 'config vlan member add 100 Ethernet4']
2024-01-03 02:59:41,627 T0000: [D1-V1] config save -y
2024-01-03 02:59:42,936 T0000: [D1-V1] do copy running-config startup-config
2024-01-03 02:59:44,826 T0000: [D1-V1] reboot
2024-01-03 03:00:35,580 T0000: [D1-V1] ['export TMOUT=0', 'stty cols 5000', 'uptime']
2024-01-03 03:00:36,280 T0000: [D1-V1] cat /proc/uptime
2024-01-03 03:00:37,825 T0000: [D1-V1] ['export TMOUT=0', 'stty cols 5000', 'uptime']
2024-01-03 03:00:38,524 T0000: [D1-V1] cat /proc/uptime
2024-01-03 03:00:39,231 T0000: [D1-V1] sudo vtysh -c 'show running-config | include hostname'
2024-01-03 03:00:40,205 T0000: [D1-V1] sudo show interfaces status Ethernet124
2024-01-03 03:00:45,292 T0000: [D1-V1] sudo show interfaces status Ethernet124
2024-01-03 03:00:49,680 T0000: [D1-V1] sudo show interfaces status Ethernet124
2024-01-03 03:00:52,191 T0000: [D1-V1] /sbin/ip link set dev eth0 up
2024-01-03 03:00:52,900 T0000: [D1-V1] /sbin/ip route list dev eth0
2024-01-03 03:00:53,623 T0000: [D1-V1] ['export TMOUT=0', 'stty cols 5000', 'uptime']
2024-01-03 03:00:55,858 T0000: [D1-V1] /sbin/ip link set dev eth0 up
2024-01-03 03:00:56,566 T0000: [D1-V1] /sbin/ip route list dev eth0
2024-01-03 03:00:57,996 T0000: [D1-V1] show vlan config
2024-01-03 03:01:17,341 T0000: [D1-V1] show mac
2024-01-03 03:01:18,614 T0000: [D1-V1] fast-reboot
2024-01-03 03:01:52,260 T0000: [D1-V1] ['export TMOUT=0', 'stty cols 5000', 'uptime']
2024-01-03 03:01:52,960 T0000: [D1-V1] cat /proc/uptime
2024-01-03 03:01:54,505 T0000: [D1-V1] ['export TMOUT=0', 'stty cols 5000', 'uptime']
2024-01-03 03:01:55,204 T0000: [D1-V1] cat /proc/uptime
2024-01-03 03:01:55,915 T0000: [D1-V1] sudo vtysh -c 'show running-config | include hostname'
2024-01-03 03:01:56,888 T0000: [D1-V1] sudo show interfaces status Ethernet124
2024-01-03 03:02:01,368 T0000: [D1-V1] sudo show interfaces status Ethernet124
2024-01-03 03:02:05,756 T0000: [D1-V1] sudo show interfaces status Ethernet124
2024-01-03 03:02:08,219 T0000: [D1-V1] /sbin/ip link set dev eth0 up
2024-01-03 03:02:08,928 T0000: [D1-V1] /sbin/ip route list dev eth0
2024-01-03 03:02:09,648 T0000: [D1-V1] ['export TMOUT=0', 'stty cols 5000', 'uptime']
2024-01-03 03:02:11,882 T0000: [D1-V1] /sbin/ip link set dev eth0 up
2024-01-03 03:02:12,588 T0000: [D1-V1] /sbin/ip route list dev eth0
2024-01-03 03:02:14,019 T0000: [D1-V1] show vlan config
2024-01-03 03:02:25,305 T0000: [D1-V1] show mac
2024-01-03 03:02:26,585 T0000: [D1-V1] sonic-clear counters
2024-01-03 03:02:30,144 T0000: [D1-V1] show interfaces counters -a
2024-01-03 03:02:41,899 T0000: [D1-V1] show platform summary
2024-01-03 03:02:43,148 T0000: 
================== Function Hook Finalize: switching/test_vlan.py vlan_func_hooks ==================
2024-01-03 03:02:43,193 T0000: 
================== Framework Function Hook Finalize: switching/test_vlan.py::test_ft_vlan_save_config_warm_and_fast_reboot ==================
2024-01-03 03:02:43,198 T0168: [D1-V1] config save /tmp/config-db-V1-pre-module-epilog-switching-test_vlan.py.json -y
2024-01-03 03:02:43,203 T0169: [D2-V2] config save /tmp/config-db-V2-pre-module-epilog-switching-test_vlan.py.json -y
2024-01-03 03:02:44,487 T0169: [D2-V2] chmod 777 /tmp/config-db-V2-pre-module-epilog-switching-test_vlan.py.json
2024-01-03 03:02:44,535 T0168: [D1-V1] chmod 777 /tmp/config-db-V1-pre-module-epilog-switching-test_vlan.py.json
2024-01-03 03:02:45,962 T0169: [D2-V2] /sbin/ip link set dev eth0 up
2024-01-03 03:02:46,010 T0168: [D1-V1] /sbin/ip link set dev eth0 up
2024-01-03 03:02:46,632 T0169: [D2-V2] /sbin/ip route list dev eth0
2024-01-03 03:02:46,679 T0168: [D1-V1] /sbin/ip route list dev eth0
2024-01-03 03:02:54,984 T0169: [D2-V2] sudo vtysh -c 'show running-config' > /tmp/vtysh-runcfg-V2-pre-module-epilog-switching-test_vlan.py.txt
2024-01-03 03:02:55,005 T0168: [D1-V1] sudo vtysh -c 'show running-config' > /tmp/vtysh-runcfg-V1-pre-module-epilog-switching-test_vlan.py.txt
2024-01-03 03:02:55,853 T0169: [D2-V2] chmod 777 /tmp/vtysh-runcfg-V2-pre-module-epilog-switching-test_vlan.py.txt
2024-01-03 03:02:55,869 T0168: [D1-V1] chmod 777 /tmp/vtysh-runcfg-V1-pre-module-epilog-switching-test_vlan.py.txt
2024-01-03 03:02:57,330 T0169: [D2-V2] /sbin/ip link set dev eth0 up
2024-01-03 03:02:57,336 T0168: [D1-V1] /sbin/ip link set dev eth0 up
2024-01-03 03:02:58,001 T0169: [D2-V2] /sbin/ip route list dev eth0
2024-01-03 03:02:58,010 T0168: [D1-V1] /sbin/ip route list dev eth0
2024-01-03 03:03:06,386 T0000: [D1-V1] show vlan config
2024-01-03 03:03:07,662 T0000: [D1-V1] []
2024-01-03 03:03:07,663 T0000: [D2-V2] show vlan config
2024-01-03 03:03:08,779 T0000: [D2-V2] []
2024-01-03 03:03:08,779 T0000: 
================== Module Hook Finalize: switching/test_vlan.py vlan_module_hooks ==================
2024-01-03 03:03:08,785 T0186: [D1-V1] config save /tmp/config-db-V1-post-module-epilog-switching-test_vlan.py.json -y
2024-01-03 03:03:08,790 T0187: [D2-V2] config save /tmp/config-db-V2-post-module-epilog-switching-test_vlan.py.json -y
2024-01-03 03:03:10,074 T0186: [D1-V1] chmod 777 /tmp/config-db-V1-post-module-epilog-switching-test_vlan.py.json
2024-01-03 03:03:10,086 T0187: [D2-V2] chmod 777 /tmp/config-db-V2-post-module-epilog-switching-test_vlan.py.json
2024-01-03 03:03:11,554 T0186: [D1-V1] /sbin/ip link set dev eth0 up
2024-01-03 03:03:11,562 T0187: [D2-V2] /sbin/ip link set dev eth0 up
2024-01-03 03:03:12,224 T0186: [D1-V1] /sbin/ip route list dev eth0
2024-01-03 03:03:12,234 T0187: [D2-V2] /sbin/ip route list dev eth0
2024-01-03 03:03:20,576 T0186: [D1-V1] sudo vtysh -c 'show running-config' > /tmp/vtysh-runcfg-V1-post-module-epilog-switching-test_vlan.py.txt
2024-01-03 03:03:20,591 T0187: [D2-V2] sudo vtysh -c 'show running-config' > /tmp/vtysh-runcfg-V2-post-module-epilog-switching-test_vlan.py.txt
2024-01-03 03:03:21,496 T0186: [D1-V1] chmod 777 /tmp/vtysh-runcfg-V1-post-module-epilog-switching-test_vlan.py.txt
2024-01-03 03:03:21,511 T0187: [D2-V2] chmod 777 /tmp/vtysh-runcfg-V2-post-module-epilog-switching-test_vlan.py.txt
2024-01-03 03:03:22,990 T0187: [D2-V2] /sbin/ip link set dev eth0 up
2024-01-03 03:03:23,023 T0186: [D1-V1] /sbin/ip link set dev eth0 up
2024-01-03 03:03:23,661 T0187: [D2-V2] /sbin/ip route list dev eth0
2024-01-03 03:03:23,692 T0186: [D1-V1] /sbin/ip route list dev eth0
2024-01-03 03:03:32,124 T0205: [D2-V2] sudo show interfaces status Ethernet124
2024-01-03 03:03:32,129 T0204: [D1-V1] sudo show interfaces status Ethernet124
2024-01-03 03:03:34,536 T0000: 
================== Framework Module Hook Finalize: switching/test_vlan.py Pass: 3/4 ==================
2024-01-03 03:03:34,536 T0000: 
================== Devices used: switching/test_vlan.py 2 ['V1', 'V2'] ==================
2024-01-03 03:03:35,574 T0000: 
================== Framework Module Hook: batch/test_spytest_infra_1.py ==================
2024-01-03 03:03:35,594 T0212: [D1-V1] no router bgp
2024-01-03 03:03:35,599 T0213: [D2-V2] no router bgp
2024-01-03 03:03:37,428 T0212: [D1-V1] config feature state sflow enabled
2024-01-03 03:03:37,437 T0213: [D2-V2] config feature state sflow enabled
2024-01-03 03:03:39,405 T0212: [D1-V1] config feature state nat enabled
2024-01-03 03:03:39,413 T0213: [D2-V2] config feature state nat enabled
2024-01-03 03:04:14,785 T0213: [D2-V2] /sbin/ip link set dev eth0 up
2024-01-03 03:04:15,454 T0213: [D2-V2] /sbin/ip route list dev eth0
2024-01-03 03:04:16,131 T0213: [D2-V2] sudo show interfaces status Ethernet124
2024-01-03 03:04:20,466 T0213: [D2-V2] sudo show interfaces status Ethernet124
2024-01-03 03:05:52,112 T0212: [D1-V1] /sbin/ip link set dev eth0 up
2024-01-03 03:05:52,776 T0212: [D1-V1] /sbin/ip route list dev eth0
2024-01-03 03:05:53,447 T0212: [D1-V1] sudo show interfaces status Ethernet124
2024-01-03 03:05:57,726 T0212: [D1-V1] sudo show interfaces status Ethernet124
2024-01-03 03:05:59,984 T0215: [D1-V1] sudo show interfaces status
2024-01-03 03:05:59,986 T0216: [D2-V2] sudo show interfaces status
2024-01-03 03:06:06,696 T0218: [D1-V1] sudo show interfaces status
2024-01-03 03:06:06,699 T0219: [D2-V2] sudo show interfaces status
2024-01-03 03:06:13,390 T0221: [D1-V1] sudo show interfaces status
2024-01-03 03:06:13,393 T0222: [D2-V2] sudo show interfaces status
2024-01-03 03:06:15,054 T0000: 
================== Framework Module Hook Finish: batch/test_spytest_infra_1.py ==================
2024-01-03 03:06:15,054 T0000: 
================== Framework Function Hook: batch/test_spytest_infra_1.py::test_spytest_infra_last ==================
2024-01-03 03:06:18,144 T0226: [D1-V1] sudo show interfaces status
2024-01-03 03:06:18,147 T0227: [D2-V2] sudo show interfaces status
2024-01-03 03:06:19,819 T0228: [D1-V1] sudo show interfaces status Ethernet124
2024-01-03 03:06:19,826 T0229: [D2-V2] sudo show interfaces status Ethernet124
2024-01-03 03:06:22,895 T0000: 
================== Framework Function Hook Finish: batch/test_spytest_infra_1.py::test_spytest_infra_last ==================
2024-01-03 03:06:22,897 T0000: 
================== Test Execution: batch/test_spytest_infra_1.py::test_spytest_infra_last ==================
2024-01-03 03:06:22,920 T0000: 
================== Framework Function Hook Finalize: batch/test_spytest_infra_1.py::test_spytest_infra_last ==================
2024-01-03 03:06:22,926 T0230: [D1-V1] sudo show interfaces status Ethernet124
2024-01-03 03:06:22,934 T0231: [D2-V2] sudo show interfaces status Ethernet124
2024-01-03 03:06:25,291 T0000: 
================== Framework Module Hook Finalize: batch/test_spytest_infra_1.py Pass: 1/1 ==================
2024-01-03 03:06:25,291 T0000: 
================== Devices used: batch/test_spytest_infra_1.py 2 ['V1', 'V2'] ==================
2024-01-03 03:06:26,122 T0000: 
================== Framework Module Hook: system/test_ssh.py ==================
2024-01-03 03:06:26,144 T0238: [D1-V1] no router bgp
2024-01-03 03:06:26,150 T0239: [D2-V2] no router bgp
2024-01-03 03:06:27,978 T0238: [D1-V1] config feature state sflow enabled
2024-01-03 03:06:27,987 T0239: [D2-V2] config feature state sflow enabled
2024-01-03 03:06:29,926 T0238: [D1-V1] config feature state nat enabled
2024-01-03 03:06:29,985 T0239: [D2-V2] config feature state nat enabled
2024-01-03 03:06:50,839 T0238: [D1-V1] /sbin/ip link set dev eth0 up
2024-01-03 03:06:51,509 T0238: [D1-V1] /sbin/ip route list dev eth0
2024-01-03 03:06:52,186 T0238: [D1-V1] sudo show interfaces status Ethernet124
2024-01-03 03:07:06,529 T0239: [D2-V2] /sbin/ip link set dev eth0 up
2024-01-03 03:07:07,199 T0239: [D2-V2] /sbin/ip route list dev eth0
2024-01-03 03:07:07,878 T0239: [D2-V2] sudo show interfaces status Ethernet124
2024-01-03 03:07:10,181 T0241: [D1-V1] sudo show interfaces status
2024-01-03 03:07:10,182 T0242: [D2-V2] sudo show interfaces status
2024-01-03 03:07:16,896 T0244: [D1-V1] sudo show interfaces status
2024-01-03 03:07:16,899 T0245: [D2-V2] sudo show interfaces status
2024-01-03 03:07:23,594 T0247: [D1-V1] sudo show interfaces status
2024-01-03 03:07:23,596 T0248: [D2-V2] sudo show interfaces status
2024-01-03 03:07:25,287 T0249: [D1-V1] config save /tmp/config-db-V1-pre-module-prolog-system-test_ssh.py.json -y
2024-01-03 03:07:25,292 T0250: [D2-V2] config save /tmp/config-db-V2-pre-module-prolog-system-test_ssh.py.json -y
2024-01-03 03:07:26,525 T0250: [D2-V2] chmod 777 /tmp/config-db-V2-pre-module-prolog-system-test_ssh.py.json
2024-01-03 03:07:26,574 T0249: [D1-V1] chmod 777 /tmp/config-db-V1-pre-module-prolog-system-test_ssh.py.json
2024-01-03 03:07:28,000 T0250: [D2-V2] /sbin/ip link set dev eth0 up
2024-01-03 03:07:28,052 T0249: [D1-V1] /sbin/ip link set dev eth0 up
2024-01-03 03:07:28,669 T0250: [D2-V2] /sbin/ip route list dev eth0
2024-01-03 03:07:28,723 T0249: [D1-V1] /sbin/ip route list dev eth0
2024-01-03 03:07:36,997 T0250: [D2-V2] sudo vtysh -c 'show running-config' > /tmp/vtysh-runcfg-V2-pre-module-prolog-system-test_ssh.py.txt
2024-01-03 03:07:37,071 T0249: [D1-V1] sudo vtysh -c 'show running-config' > /tmp/vtysh-runcfg-V1-pre-module-prolog-system-test_ssh.py.txt
2024-01-03 03:07:37,868 T0250: [D2-V2] chmod 777 /tmp/vtysh-runcfg-V2-pre-module-prolog-system-test_ssh.py.txt
2024-01-03 03:07:37,990 T0249: [D1-V1] chmod 777 /tmp/vtysh-runcfg-V1-pre-module-prolog-system-test_ssh.py.txt
2024-01-03 03:07:39,346 T0250: [D2-V2] /sbin/ip link set dev eth0 up
2024-01-03 03:07:39,463 T0249: [D1-V1] /sbin/ip link set dev eth0 up
2024-01-03 03:07:40,016 T0250: [D2-V2] /sbin/ip route list dev eth0
2024-01-03 03:07:40,132 T0249: [D1-V1] /sbin/ip route list dev eth0
2024-01-03 03:07:48,488 T0000: 
================== Framework Module Hook Finish: system/test_ssh.py ==================
2024-01-03 03:07:48,489 T0000: 
================== Module Hook: system/test_ssh.py ssh_module_hooks ==================
2024-01-03 03:07:48,491 T0000: [D1-V1] /etc/init.d/ssh start
2024-01-03 03:07:58,092 T0269: [D1-V1] config interface ip add Ethernet16 2.2.2.1/24
2024-01-03 03:07:58,097 T0270: [D2-V2] config interface ip add Ethernet16 2.2.2.2/24
2024-01-03 03:07:59,175 T0271: [D1-V1] config interface ip add Ethernet20 2.2.3.1/24
2024-01-03 03:07:59,180 T0272: [D2-V2] config interface ip add Ethernet20 2.2.3.2/24
2024-01-03 03:08:00,208 T0273: [D1-V1] config interface ip add Ethernet16 1001::1/64
2024-01-03 03:08:00,212 T0274: [D2-V2] config interface ip add Ethernet16 1001::2/64
2024-01-03 03:08:01,244 T0275: [D1-V1] config interface ip add Ethernet20 2001::1/64
2024-01-03 03:08:01,249 T0276: [D2-V2] config interface ip add Ethernet20 2001::2/64
2024-01-03 03:08:02,326 T0000: 
================== Module Hook Finish: system/test_ssh.py ssh_module_hooks ==================
2024-01-03 03:08:02,331 T0000: 
================== Framework Function Hook: system/test_ssh.py::test_ft_ssh_service_disable ==================
2024-01-03 03:08:02,339 T0277: [D1-V1] config save /tmp/config-db-V1-post-module-prolog-system-test_ssh.py.json -y
2024-01-03 03:08:02,344 T0278: [D2-V2] config save /tmp/config-db-V2-post-module-prolog-system-test_ssh.py.json -y
2024-01-03 03:08:03,626 T0277: [D1-V1] chmod 777 /tmp/config-db-V1-post-module-prolog-system-test_ssh.py.json
2024-01-03 03:08:03,635 T0278: [D2-V2] chmod 777 /tmp/config-db-V2-post-module-prolog-system-test_ssh.py.json
2024-01-03 03:08:05,105 T0277: [D1-V1] /sbin/ip link set dev eth0 up
2024-01-03 03:08:05,110 T0278: [D2-V2] /sbin/ip link set dev eth0 up
2024-01-03 03:08:05,774 T0277: [D1-V1] /sbin/ip route list dev eth0
2024-01-03 03:08:05,784 T0278: [D2-V2] /sbin/ip route list dev eth0
2024-01-03 03:08:14,145 T0277: [D1-V1] sudo vtysh -c 'show running-config' > /tmp/vtysh-runcfg-V1-post-module-prolog-system-test_ssh.py.txt
2024-01-03 03:08:14,155 T0278: [D2-V2] sudo vtysh -c 'show running-config' > /tmp/vtysh-runcfg-V2-post-module-prolog-system-test_ssh.py.txt
2024-01-03 03:08:15,015 T0277: [D1-V1] chmod 777 /tmp/vtysh-runcfg-V1-post-module-prolog-system-test_ssh.py.txt
2024-01-03 03:08:15,023 T0278: [D2-V2] chmod 777 /tmp/vtysh-runcfg-V2-post-module-prolog-system-test_ssh.py.txt
2024-01-03 03:08:16,491 T0277: [D1-V1] /sbin/ip link set dev eth0 up
2024-01-03 03:08:16,498 T0278: [D2-V2] /sbin/ip link set dev eth0 up
2024-01-03 03:08:17,161 T0277: [D1-V1] /sbin/ip route list dev eth0
2024-01-03 03:08:17,169 T0278: [D2-V2] /sbin/ip route list dev eth0
2024-01-03 03:08:28,637 T0298: [D1-V1] sudo show interfaces status
2024-01-03 03:08:28,639 T0299: [D2-V2] sudo show interfaces status
2024-01-03 03:08:30,293 T0300: [D1-V1] sudo show interfaces status Ethernet124
2024-01-03 03:08:30,299 T0301: [D2-V2] sudo show interfaces status Ethernet124
2024-01-03 03:08:33,407 T0000: 
================== Framework Function Hook Finish: system/test_ssh.py::test_ft_ssh_service_disable ==================
2024-01-03 03:08:33,408 T0000: 
================== Function Hook: system/test_ssh.py ssh_func_hooks ==================
2024-01-03 03:08:33,416 T0000: 
================== Function Hook Finish: system/test_ssh.py ssh_func_hooks ==================
2024-01-03 03:08:33,418 T0000: 
================== Test Execution: system/test_ssh.py::test_ft_ssh_service_disable ==================
2024-01-03 03:08:33,418 T0000: [D1-V1] /etc/init.d/ssh stop
2024-01-03 03:08:35,346 T0000: [D1-V1] /etc/init.d/ssh start
2024-01-03 03:08:36,160 T0000: 
================== Function Hook Finalize: system/test_ssh.py ssh_func_hooks ==================
2024-01-03 03:08:36,194 T0000: 
================== Framework Function Hook Finalize: system/test_ssh.py::test_ft_ssh_service_disable ==================
2024-01-03 03:08:36,196 T0000: 
================== Framework Function Hook: system/test_ssh.py::test_ft_ssh_add_user_verify ==================
2024-01-03 03:08:36,212 T0311: [D1-V1] sudo show interfaces status
2024-01-03 03:08:36,214 T0312: [D2-V2] sudo show interfaces status
2024-01-03 03:08:37,870 T0313: [D1-V1] sudo show interfaces status Ethernet124
2024-01-03 03:08:37,875 T0314: [D2-V2] sudo show interfaces status Ethernet124
2024-01-03 03:08:40,953 T0000: 
================== Framework Function Hook Finish: system/test_ssh.py::test_ft_ssh_add_user_verify ==================
2024-01-03 03:08:40,954 T0000: 
================== Function Hook: system/test_ssh.py ssh_func_hooks ==================
2024-01-03 03:08:40,962 T0000: 
================== Function Hook Finish: system/test_ssh.py ssh_func_hooks ==================
2024-01-03 03:08:40,963 T0000: 
================== Test Execution: system/test_ssh.py::test_ft_ssh_add_user_verify ==================
2024-01-03 03:08:40,965 T0000: [D1-V1] cat /etc/sonic/snmp.yml
2024-01-03 03:08:41,681 T0000: [D1-V1] sudo sed -i '/^snmp_rocommunity:/ c snmp_rocommunity: test_123' /etc/sonic/snmp.yml
2024-01-03 03:08:43,129 T0000: [D1-V1] sudo sed -i '/^snmp_location:/ c snmp_location: hyderabad' /etc/sonic/snmp.yml
2024-01-03 03:08:44,577 T0000: [D1-V1] cat /etc/sonic/snmp.yml
2024-01-03 03:08:45,276 T0000: [D1-V1] sudo service snmp restart
2024-01-03 03:09:02,247 T0000: [D1-V1] sudo show interfaces status Ethernet124
2024-01-03 03:09:04,655 T0000: [D1-V1] /sbin/ip link set dev eth0 up
2024-01-03 03:09:05,361 T0000: [D1-V1] /sbin/ip route list dev eth0
2024-01-03 03:09:06,077 T0000: [D1-V1] useradd d725voqx7jzfn1qp65gj
2024-01-03 03:09:12,583 T0000: [D1-V1] config save -y
2024-01-03 03:09:13,840 T0000: [D1-V1] do copy running-config startup-config
2024-01-03 03:11:15,189 T0000: [D2-V2] which sshpass
2024-01-03 03:11:15,899 T0000: [D2-V2] sudo apt-get update;sudo apt-get -f install -y sshpass
2024-01-03 03:11:22,654 T0000: [D2-V2] sshpass -p 'YourPaSsWoRd' ssh -o UserKnownHostsFile=/dev/null -o StrictHostKeyChecking=no -o ConnectTimeout=30 admin@2.2.3.1 sudo show vlan config
2024-01-03 03:11:26,900 T0000: [D1-V1] config load -y /tmp/apply_json2.json
2024-01-03 03:11:31,160 T0000: [D1-V1] show acl table
2024-01-03 03:11:32,440 T0000: [D1-V1] show acl rule
2024-01-03 03:11:33,677 T0000: [D1-V1] show acl rule SNMP_SSH
2024-01-03 03:11:34,955 T0000: [D1-V1] show acl rule SNMP_SSH
2024-01-03 03:11:36,231 T0000: [D1-V1] show acl rule V6_SSH_ONLY
2024-01-03 03:11:37,504 T0000: [D1-V1] hostname
2024-01-03 03:11:45,125 T0000: [D2-V2] which sshpass
2024-01-03 03:11:45,839 T0000: [D2-V2] sshpass -p 'YourPaSsWoRd' ssh -o UserKnownHostsFile=/dev/null -o StrictHostKeyChecking=no -o ConnectTimeout=30 admin@2.2.3.1 sudo show vlan config
2024-01-03 03:12:16,597 T0000: [D2-V2] which sshpass
2024-01-03 03:12:17,302 T0000: [D2-V2] sshpass -p 'YourPaSsWoRd' ssh -o UserKnownHostsFile=/dev/null -o StrictHostKeyChecking=no -o ConnectTimeout=30 admin@2001::1 sudo show vlan config
2024-01-03 03:12:48,068 T0000: [D2-V2] which sshpass
2024-01-03 03:12:48,772 T0000: [D2-V2] sshpass -p 'YourPaSsWoRd' ssh -o UserKnownHostsFile=/dev/null -o StrictHostKeyChecking=no -o ConnectTimeout=30 admin@2.2.2.1 sudo show vlan config
2024-01-03 03:12:50,080 T0000: [D2-V2] which sshpass
2024-01-03 03:12:50,787 T0000: [D2-V2] sshpass -p 'YourPaSsWoRd' ssh -o UserKnownHostsFile=/dev/null -o StrictHostKeyChecking=no -o ConnectTimeout=30 admin@1001::1 sudo show vlan config
2024-01-03 03:12:52,097 T0000: [D2-V2] which sshpass
2024-01-03 03:12:52,803 T0000: [D2-V2] sshpass -p '@%1x#5V' ssh -o UserKnownHostsFile=/dev/null -o StrictHostKeyChecking=no -o ConnectTimeout=30 d725voqx7jzfn1qp65gj@2.2.2.1 sudo show vlan config
2024-01-03 03:12:53,711 T0000: [D2-V2] which sshpass
2024-01-03 03:12:54,418 T0000: [D2-V2] sshpass -p '@%1x#5V' ssh -o UserKnownHostsFile=/dev/null -o StrictHostKeyChecking=no -o ConnectTimeout=30 d725voqx7jzfn1qp65gj@1001::1 sudo show vlan config
2024-01-03 03:12:55,339 T0000: [D1-V1] config save -y
2024-01-03 03:12:56,644 T0000: [D1-V1] do copy running-config startup-config
2024-01-03 03:12:58,538 T0000: [D1-V1] fast-reboot
2024-01-03 03:13:43,188 T0000: [D1-V1] ['export TMOUT=0', 'stty cols 5000', 'uptime']
2024-01-03 03:13:43,889 T0000: [D1-V1] cat /proc/uptime
2024-01-03 03:13:45,441 T0000: [D1-V1] ['export TMOUT=0', 'stty cols 5000', 'uptime']
2024-01-03 03:13:46,139 T0000: [D1-V1] cat /proc/uptime
2024-01-03 03:13:46,847 T0000: [D1-V1] sudo vtysh -c 'show running-config | include hostname'
2024-01-03 03:13:47,773 T0000: [D1-V1] sudo show interfaces status Ethernet124
2024-01-03 03:13:52,353 T0000: [D1-V1] sudo show interfaces status Ethernet124
2024-01-03 03:13:56,837 T0000: [D1-V1] sudo show interfaces status Ethernet124
2024-01-03 03:13:59,250 T0000: [D1-V1] /sbin/ip link set dev eth0 up
2024-01-03 03:13:59,956 T0000: [D1-V1] /sbin/ip route list dev eth0
2024-01-03 03:14:00,696 T0000: [D1-V1] ['export TMOUT=0', 'stty cols 5000', 'uptime']
2024-01-03 03:14:02,933 T0000: [D1-V1] /sbin/ip link set dev eth0 up
2024-01-03 03:14:03,640 T0000: [D1-V1] /sbin/ip route list dev eth0
2024-01-03 03:14:05,065 T0000: [D1-V1] show acl table
2024-01-03 03:14:06,338 T0000: [D1-V1] show acl rule
2024-01-03 03:14:07,620 T0000: [D1-V1] show acl rule SNMP_SSH
2024-01-03 03:14:08,899 T0000: [D1-V1] show acl rule V6_SSH_ONLY
2024-01-03 03:14:10,175 T0000: [D1-V1] show acl rule SNMP_SSH
2024-01-03 03:14:11,453 T0000: [D1-V1] ping -4 127.0.0.1 -c 3 
2024-01-03 03:14:14,223 T0000: [D1-V1] hostname
2024-01-03 03:14:21,840 T0000: [D1-V1] show acl table
2024-01-03 03:14:23,113 T0000: [D1-V1] sudo config acl remove table SNMP_SSH;
2024-01-03 03:14:24,216 T0000: [D1-V1] sudo config acl remove table V6_SSH_ONLY;
2024-01-03 03:14:26,762 T0000: [D1-V1] config load -y /tmp/apply_json2.json
2024-01-03 03:14:34,947 T0000: [D2-V2] which sshpass
2024-01-03 03:14:35,658 T0000: [D2-V2] sshpass -p 'YourPaSsWoRd' ssh -o UserKnownHostsFile=/dev/null -o StrictHostKeyChecking=no -o ConnectTimeout=30 admin@2.2.3.1 sudo show vlan config
2024-01-03 03:15:06,424 T0000: [D2-V2] which sshpass
2024-01-03 03:15:07,131 T0000: [D2-V2] sshpass -p 'YourPaSsWoRd' ssh -o UserKnownHostsFile=/dev/null -o StrictHostKeyChecking=no -o ConnectTimeout=30 admin@2001::1 sudo show vlan config
2024-01-03 03:15:37,896 T0000: [D2-V2] which sshpass
2024-01-03 03:15:38,602 T0000: [D2-V2] sshpass -p 'YourPaSsWoRd' ssh -o UserKnownHostsFile=/dev/null -o StrictHostKeyChecking=no -o ConnectTimeout=30 admin@2.2.2.1 sudo show vlan config
2024-01-03 03:15:39,961 T0000: [D2-V2] which sshpass
2024-01-03 03:15:40,669 T0000: [D2-V2] sshpass -p 'YourPaSsWoRd' ssh -o UserKnownHostsFile=/dev/null -o StrictHostKeyChecking=no -o ConnectTimeout=30 admin@1001::1 sudo show vlan config
2024-01-03 03:15:41,960 T0000: [D1-V1] show acl table
2024-01-03 03:15:43,188 T0000: [D1-V1] sudo config acl remove table SNMP_SSH;
2024-01-03 03:15:44,241 T0000: [D1-V1] sudo config acl remove table V6_SSH_ONLY;
2024-01-03 03:17:44,696 T0000: [D1-V1] userdel d725voqx7jzfn1qp65gj
2024-01-03 03:17:45,784 T0000: 
================== Function Hook Finalize: system/test_ssh.py ssh_func_hooks ==================
2024-01-03 03:17:45,831 T0000: 
================== Framework Function Hook Finalize: system/test_ssh.py::test_ft_ssh_add_user_verify ==================
2024-01-03 03:17:45,833 T0000: 
================== Framework Function Hook: system/test_ssh.py::test_ft_verify_logs_at_the_time_of_ssh_login_success ==================
2024-01-03 03:17:45,850 T0340: [D1-V1] sudo show interfaces status
2024-01-03 03:17:45,853 T0341: [D2-V2] sudo show interfaces status
2024-01-03 03:17:47,546 T0342: [D1-V1] sudo show interfaces status Ethernet124
2024-01-03 03:17:47,553 T0343: [D2-V2] sudo show interfaces status Ethernet124
2024-01-03 03:17:50,813 T0000: 
================== Framework Function Hook Finish: system/test_ssh.py::test_ft_verify_logs_at_the_time_of_ssh_login_success ==================
2024-01-03 03:17:50,813 T0000: 
================== Function Hook: system/test_ssh.py ssh_func_hooks ==================
2024-01-03 03:17:50,821 T0000: 
================== Function Hook Finish: system/test_ssh.py ssh_func_hooks ==================
2024-01-03 03:17:50,822 T0000: 
================== Test Execution: system/test_ssh.py::test_ft_verify_logs_at_the_time_of_ssh_login_success ==================
2024-01-03 03:17:59,685 T0000: [D1-V1] sudo cat /var/log/auth.log
2024-01-03 03:18:10,033 T0000: 
================== Function Hook Finalize: system/test_ssh.py ssh_func_hooks ==================
2024-01-03 03:18:10,073 T0000: 
================== Framework Function Hook Finalize: system/test_ssh.py::test_ft_verify_logs_at_the_time_of_ssh_login_success ==================
2024-01-03 03:18:10,078 T0354: [D1-V1] config save /tmp/config-db-V1-pre-module-epilog-system-test_ssh.py.json -y
2024-01-03 03:18:10,083 T0355: [D2-V2] config save /tmp/config-db-V2-pre-module-epilog-system-test_ssh.py.json -y
2024-01-03 03:18:11,400 T0354: [D1-V1] chmod 777 /tmp/config-db-V1-pre-module-epilog-system-test_ssh.py.json
2024-01-03 03:18:11,410 T0355: [D2-V2] chmod 777 /tmp/config-db-V2-pre-module-epilog-system-test_ssh.py.json
2024-01-03 03:18:12,867 T0354: [D1-V1] /sbin/ip link set dev eth0 up
2024-01-03 03:18:12,887 T0355: [D2-V2] /sbin/ip link set dev eth0 up
2024-01-03 03:18:13,529 T0354: [D1-V1] /sbin/ip route list dev eth0
2024-01-03 03:18:13,557 T0355: [D2-V2] /sbin/ip route list dev eth0
2024-01-03 03:18:21,889 T0354: [D1-V1] sudo vtysh -c 'show running-config' > /tmp/vtysh-runcfg-V1-pre-module-epilog-system-test_ssh.py.txt
2024-01-03 03:18:21,902 T0355: [D2-V2] sudo vtysh -c 'show running-config' > /tmp/vtysh-runcfg-V2-pre-module-epilog-system-test_ssh.py.txt
2024-01-03 03:18:22,769 T0355: [D2-V2] chmod 777 /tmp/vtysh-runcfg-V2-pre-module-epilog-system-test_ssh.py.txt
2024-01-03 03:18:22,809 T0354: [D1-V1] chmod 777 /tmp/vtysh-runcfg-V1-pre-module-epilog-system-test_ssh.py.txt
2024-01-03 03:18:24,245 T0355: [D2-V2] /sbin/ip link set dev eth0 up
2024-01-03 03:18:24,283 T0354: [D1-V1] /sbin/ip link set dev eth0 up
2024-01-03 03:18:24,915 T0355: [D2-V2] /sbin/ip route list dev eth0
2024-01-03 03:18:24,953 T0354: [D1-V1] /sbin/ip route list dev eth0
2024-01-03 03:18:33,286 T0372: [D1-V1] config interface ip remove Ethernet16 2.2.2.1/24
2024-01-03 03:18:33,291 T0373: [D2-V2] config interface ip remove Ethernet16 2.2.2.2/24
2024-01-03 03:18:34,368 T0374: [D1-V1] config interface ip remove Ethernet20 2.2.3.1/24
2024-01-03 03:18:34,371 T0375: [D2-V2] config interface ip remove Ethernet20 2.2.3.2/24
2024-01-03 03:18:35,453 T0376: [D1-V1] config interface ip remove Ethernet16 1001::1/64
2024-01-03 03:18:35,458 T0377: [D2-V2] config interface ip remove Ethernet16 1001::2/64
2024-01-03 03:18:37,037 T0378: [D1-V1] config interface ip remove Ethernet20 2001::1/64
2024-01-03 03:18:37,042 T0379: [D2-V2] config interface ip remove Ethernet20 2001::2/64
2024-01-03 03:18:38,568 T0000: [D1-V1] show acl table
2024-01-03 03:18:39,847 T0000: [D1-V1] cat /etc/sonic/snmp.yml
2024-01-03 03:18:40,562 T0000: [D1-V1] sudo sed -i '/^snmp_rocommunity:/ c snmp_rocommunity: NotConfigured' /etc/sonic/snmp.yml
2024-01-03 03:18:42,015 T0000: [D1-V1] sudo sed -i '/^snmp_rocommunity6:/ c snmp_rocommunity6: NotConfigured' /etc/sonic/snmp.yml
2024-01-03 03:18:43,463 T0000: [D1-V1] sudo sed -i '/^snmp_location:/ c snmp_location: NotConfigured' /etc/sonic/snmp.yml
2024-01-03 03:18:44,914 T0000: [D1-V1] sudo sed -i '/^snmp_syscontact:/ c snmp_syscontact: NotConfigured' /etc/sonic/snmp.yml
2024-01-03 03:18:46,365 T0000: [D1-V1] sudo sed -i '/^v1_trap_dest:/ c v1_trap_dest: NotConfigured' /etc/sonic/snmp.yml
2024-01-03 03:18:47,815 T0000: [D1-V1] sudo sed -i '/^v2_trap_dest:/ c v2_trap_dest: NotConfigured' /etc/sonic/snmp.yml
2024-01-03 03:18:49,267 T0000: [D1-V1] sudo sed -i '/^v3_trap_dest:/ c v3_trap_dest: NotConfigured' /etc/sonic/snmp.yml
2024-01-03 03:18:50,717 T0000: [D1-V1] cat /etc/sonic/snmp.yml
2024-01-03 03:18:51,420 T0000: [D1-V1] sudo service snmp restart
2024-01-03 03:19:00,976 T0000: 
================== Module Hook Finalize: system/test_ssh.py ssh_module_hooks ==================
2024-01-03 03:19:00,983 T0380: [D1-V1] config save /tmp/config-db-V1-post-module-epilog-system-test_ssh.py.json -y
2024-01-03 03:19:00,988 T0381: [D2-V2] config save /tmp/config-db-V2-post-module-epilog-system-test_ssh.py.json -y
2024-01-03 03:19:02,219 T0380: [D1-V1] chmod 777 /tmp/config-db-V1-post-module-epilog-system-test_ssh.py.json
2024-01-03 03:19:02,271 T0381: [D2-V2] chmod 777 /tmp/config-db-V2-post-module-epilog-system-test_ssh.py.json
2024-01-03 03:19:03,697 T0380: [D1-V1] /sbin/ip link set dev eth0 up
2024-01-03 03:19:03,745 T0381: [D2-V2] /sbin/ip link set dev eth0 up
2024-01-03 03:19:04,366 T0380: [D1-V1] /sbin/ip route list dev eth0
2024-01-03 03:19:04,411 T0381: [D2-V2] /sbin/ip route list dev eth0
2024-01-03 03:19:12,714 T0381: [D2-V2] sudo vtysh -c 'show running-config' > /tmp/vtysh-runcfg-V2-post-module-epilog-system-test_ssh.py.txt
2024-01-03 03:19:12,720 T0380: [D1-V1] sudo vtysh -c 'show running-config' > /tmp/vtysh-runcfg-V1-post-module-epilog-system-test_ssh.py.txt
2024-01-03 03:19:13,596 T0381: [D2-V2] chmod 777 /tmp/vtysh-runcfg-V2-post-module-epilog-system-test_ssh.py.txt
2024-01-03 03:19:13,603 T0380: [D1-V1] chmod 777 /tmp/vtysh-runcfg-V1-post-module-epilog-system-test_ssh.py.txt
2024-01-03 03:19:15,076 T0381: [D2-V2] /sbin/ip link set dev eth0 up
2024-01-03 03:19:15,081 T0380: [D1-V1] /sbin/ip link set dev eth0 up
2024-01-03 03:19:15,751 T0381: [D2-V2] /sbin/ip route list dev eth0
2024-01-03 03:19:15,759 T0380: [D1-V1] /sbin/ip route list dev eth0
2024-01-03 03:19:24,156 T0398: [D1-V1] sudo show interfaces status Ethernet124
2024-01-03 03:19:24,189 T0399: [D2-V2] sudo show interfaces status Ethernet124
2024-01-03 03:19:26,544 T0000: 
================== Framework Module Hook Finalize: system/test_ssh.py Pass: 2/3 ==================
2024-01-03 03:19:26,544 T0000: 
================== Devices used: system/test_ssh.py 2 ['V1', 'V2'] ==================
2024-01-03 03:19:27,482 T0000: 
================== Framework Module Hook: batch/test_spytest_infra_1.py ==================
2024-01-03 03:19:27,503 T0406: [D1-V1] no router bgp
2024-01-03 03:19:27,509 T0407: [D2-V2] no router bgp
2024-01-03 03:19:29,337 T0406: [D1-V1] config feature state sflow enabled
2024-01-03 03:19:29,348 T0407: [D2-V2] config feature state sflow enabled
2024-01-03 03:19:31,285 T0406: [D1-V1] config feature state nat enabled
2024-01-03 03:19:31,343 T0407: [D2-V2] config feature state nat enabled
2024-01-03 03:20:05,426 T0406: [D1-V1] /sbin/ip link set dev eth0 up
2024-01-03 03:20:06,095 T0406: [D1-V1] /sbin/ip route list dev eth0
2024-01-03 03:20:06,774 T0406: [D1-V1] sudo show interfaces status Ethernet124
2024-01-03 03:20:07,888 T0407: [D2-V2] /sbin/ip link set dev eth0 up
2024-01-03 03:20:08,558 T0407: [D2-V2] /sbin/ip route list dev eth0
2024-01-03 03:20:09,238 T0407: [D2-V2] sudo show interfaces status Ethernet124
2024-01-03 03:20:11,112 T0406: [D1-V1] sudo show interfaces status Ethernet124
2024-01-03 03:20:13,371 T0409: [D1-V1] sudo show interfaces status
2024-01-03 03:20:13,374 T0410: [D2-V2] sudo show interfaces status
2024-01-03 03:20:20,121 T0412: [D1-V1] sudo show interfaces status
2024-01-03 03:20:20,123 T0413: [D2-V2] sudo show interfaces status
2024-01-03 03:20:26,780 T0415: [D1-V1] sudo show interfaces status
2024-01-03 03:20:26,782 T0416: [D2-V2] sudo show interfaces status
2024-01-03 03:20:28,535 T0000: 
================== Framework Module Hook Finish: batch/test_spytest_infra_1.py ==================
2024-01-03 03:20:28,537 T0000: 
================== Framework Function Hook: batch/test_spytest_infra_1.py::test_spytest_infra_last ==================
2024-01-03 03:20:31,619 T0420: [D1-V1] sudo show interfaces status
2024-01-03 03:20:31,621 T0421: [D2-V2] sudo show interfaces status
2024-01-03 03:20:33,309 T0422: [D1-V1] sudo show interfaces status Ethernet124
2024-01-03 03:20:33,315 T0423: [D2-V2] sudo show interfaces status Ethernet124
2024-01-03 03:20:36,407 T0000: 
================== Framework Function Hook Finish: batch/test_spytest_infra_1.py::test_spytest_infra_last ==================
2024-01-03 03:20:36,409 T0000: 
================== Test Execution: batch/test_spytest_infra_1.py::test_spytest_infra_last ==================
2024-01-03 03:20:36,435 T0000: 
================== Framework Function Hook Finalize: batch/test_spytest_infra_1.py::test_spytest_infra_last ==================
2024-01-03 03:20:36,443 T0425: [D2-V2] sudo show interfaces status Ethernet124
2024-01-03 03:20:36,448 T0424: [D1-V1] sudo show interfaces status Ethernet124
2024-01-03 03:20:38,803 T0000: 
================== Framework Module Hook Finalize: batch/test_spytest_infra_1.py Pass: 1/1 ==================
2024-01-03 03:20:38,803 T0000: 
================== Devices used: batch/test_spytest_infra_1.py 2 ['V1', 'V2'] ==================
2024-01-03 03:20:38,910 T0430: [D1-V1] ['stty cols 80']
2024-01-03 03:20:38,913 T0431: [D2-V2] ['stty cols 80']
