2024-01-03 02:53:56,467 T0025: WARN  #### gw3  
2024-01-03 02:53:56,468 T0025: WARN  support post-session-prolog session pass ''
2024-01-03 02:53:56,470 T0026: WARN  #### gw3  
2024-01-03 02:53:56,470 T0026: WARN  support post-session-prolog session pass ''
2024-01-03 02:54:44,355 T0079: INFO  #### gw3  
2024-01-03 02:54:44,355 T0079: INFO  support pre-module-prolog switching/test_vlan.py  ''
2024-01-03 02:54:44,357 T0080: INFO  #### gw3  
2024-01-03 02:54:44,357 T0080: INFO  support pre-module-prolog switching/test_vlan.py  ''
2024-01-03 02:55:18,203 T0098: INFO  #### gw3  switching/test_vlan.py
2024-01-03 02:55:18,204 T0098: INFO  support post-module-prolog switching/test_vlan.py Pass ''
2024-01-03 02:55:18,206 T0099: INFO  #### gw3  switching/test_vlan.py
2024-01-03 02:55:18,206 T0099: INFO  support post-module-prolog switching/test_vlan.py Pass ''
2024-01-03 02:55:49,208 T0123: INFO  #### gw3  switching/test_vlan.py
2024-01-03 02:55:49,208 T0123: INFO  support pre-function-prolog test_ft_add_unknownvlan_interface  ''
2024-01-03 02:55:49,212 T0124: INFO  #### gw3  switching/test_vlan.py
2024-01-03 02:55:49,212 T0124: INFO  support pre-function-prolog test_ft_add_unknownvlan_interface  ''
2024-01-03 02:55:49,224 T0125: INFO  #### gw3  switching/test_vlan.py::test_ft_add_unknownvlan_interface
2024-01-03 02:55:49,224 T0125: INFO  support post-function-prolog test_ft_add_unknownvlan_interface Pass ''
2024-01-03 02:55:49,226 T0126: INFO  #### gw3  switching/test_vlan.py::test_ft_add_unknownvlan_interface
2024-01-03 02:55:49,226 T0126: INFO  support post-function-prolog test_ft_add_unknownvlan_interface Pass ''
2024-01-03 02:55:50,303 T0000: WARN  #### gw3 IGNORED ERROR switching/test_vlan.py::test_ft_add_unknownvlan_interface
2024-01-03 02:55:50,303 T0000: WARN  Skipped error checking but detected pattern: containing_error command: sudo -s config vlan member add 368 Ethernet16 -u
2024-01-03 02:55:52,421 T0127: INFO  #### gw3  switching/test_vlan.py::test_ft_add_unknownvlan_interface
2024-01-03 02:55:52,421 T0127: INFO  support pre-function-epilog test_ft_add_unknownvlan_interface Pass 'Test case passed'
2024-01-03 02:55:52,422 T0128: INFO  #### gw3  switching/test_vlan.py::test_ft_add_unknownvlan_interface
2024-01-03 02:55:52,422 T0128: INFO  support pre-function-epilog test_ft_add_unknownvlan_interface Pass 'Test case passed'
2024-01-03 02:55:52,431 T0129: INFO  #### gw3  switching/test_vlan.py::test_ft_add_unknownvlan_interface
2024-01-03 02:55:52,431 T0129: INFO  support post-function-epilog test_ft_add_unknownvlan_interface Pass 'Test case passed'
2024-01-03 02:55:52,432 T0130: INFO  #### gw3  switching/test_vlan.py::test_ft_add_unknownvlan_interface
2024-01-03 02:55:52,433 T0130: INFO  support post-function-epilog test_ft_add_unknownvlan_interface Pass 'Test case passed'
2024-01-03 02:55:57,268 T0136: INFO  #### gw3  switching/test_vlan.py
2024-01-03 02:55:57,268 T0136: INFO  support pre-function-prolog test_ft_vlan_delete_with_member  ''
2024-01-03 02:55:57,272 T0137: INFO  #### gw3  switching/test_vlan.py
2024-01-03 02:55:57,272 T0137: INFO  support pre-function-prolog test_ft_vlan_delete_with_member  ''
2024-01-03 02:55:57,283 T0138: INFO  #### gw3  switching/test_vlan.py::test_ft_vlan_delete_with_member
2024-01-03 02:55:57,283 T0138: INFO  support post-function-prolog test_ft_vlan_delete_with_member Pass ''
2024-01-03 02:55:57,285 T0139: INFO  #### gw3  switching/test_vlan.py::test_ft_vlan_delete_with_member
2024-01-03 02:55:57,285 T0139: INFO  support post-function-prolog test_ft_vlan_delete_with_member Pass ''
2024-01-03 02:56:00,468 T0000: WARN  #### gw3 IGNORED ERROR switching/test_vlan.py::test_ft_vlan_delete_with_member
2024-01-03 02:56:00,468 T0000: WARN  Skipped error checking but detected pattern: containing_error command: sudo -s config vlan del 368
2024-01-03 02:56:04,774 T0140: INFO  #### gw3  switching/test_vlan.py::test_ft_vlan_delete_with_member
2024-01-03 02:56:04,774 T0140: INFO  support pre-function-epilog test_ft_vlan_delete_with_member Pass 'Test case passed'
2024-01-03 02:56:04,776 T0141: INFO  #### gw3  switching/test_vlan.py::test_ft_vlan_delete_with_member
2024-01-03 02:56:04,776 T0141: INFO  support pre-function-epilog test_ft_vlan_delete_with_member Pass 'Test case passed'
2024-01-03 02:56:04,784 T0142: INFO  #### gw3  switching/test_vlan.py::test_ft_vlan_delete_with_member
2024-01-03 02:56:04,784 T0142: INFO  support post-function-epilog test_ft_vlan_delete_with_member Pass 'Test case passed'
2024-01-03 02:56:04,786 T0143: INFO  #### gw3  switching/test_vlan.py::test_ft_vlan_delete_with_member
2024-01-03 02:56:04,786 T0143: INFO  support post-function-epilog test_ft_vlan_delete_with_member Pass 'Test case passed'
2024-01-03 02:56:09,743 T0149: INFO  #### gw3  switching/test_vlan.py
2024-01-03 02:56:09,744 T0149: INFO  support pre-function-prolog test_ft_vlan_trunk_tagged  ''
2024-01-03 02:56:09,747 T0150: INFO  #### gw3  switching/test_vlan.py
2024-01-03 02:56:09,748 T0150: INFO  support pre-function-prolog test_ft_vlan_trunk_tagged  ''
2024-01-03 02:56:09,759 T0151: INFO  #### gw3  switching/test_vlan.py::test_ft_vlan_trunk_tagged
2024-01-03 02:56:09,759 T0151: INFO  support post-function-prolog test_ft_vlan_trunk_tagged Pass ''
2024-01-03 02:56:09,761 T0152: INFO  #### gw3  switching/test_vlan.py::test_ft_vlan_trunk_tagged
2024-01-03 02:56:09,761 T0152: INFO  support post-function-prolog test_ft_vlan_trunk_tagged Pass ''
2024-01-03 02:57:30,729 T0153: INFO  #### gw3  switching/test_vlan.py::test_ft_vlan_trunk_tagged
2024-01-03 02:57:30,730 T0153: INFO  support pre-function-epilog test_ft_vlan_trunk_tagged Pass 'Test case passed'
2024-01-03 02:57:30,733 T0154: INFO  #### gw3  switching/test_vlan.py::test_ft_vlan_trunk_tagged
2024-01-03 02:57:30,734 T0154: INFO  support pre-function-epilog test_ft_vlan_trunk_tagged Pass 'Test case passed'
2024-01-03 02:57:30,741 T0155: INFO  #### gw3  switching/test_vlan.py::test_ft_vlan_trunk_tagged
2024-01-03 02:57:30,741 T0155: INFO  support post-function-epilog test_ft_vlan_trunk_tagged Pass 'Test case passed'
2024-01-03 02:57:30,743 T0156: INFO  #### gw3  switching/test_vlan.py::test_ft_vlan_trunk_tagged
2024-01-03 02:57:30,743 T0156: INFO  support post-function-epilog test_ft_vlan_trunk_tagged Pass 'Test case passed'
2024-01-03 02:57:35,560 T0162: INFO  #### gw3  switching/test_vlan.py
2024-01-03 02:57:35,560 T0162: INFO  support pre-function-prolog test_ft_vlan_save_config_warm_and_fast_reboot  ''
2024-01-03 02:57:35,564 T0163: INFO  #### gw3  switching/test_vlan.py
2024-01-03 02:57:35,564 T0163: INFO  support pre-function-prolog test_ft_vlan_save_config_warm_and_fast_reboot  ''
2024-01-03 02:57:35,575 T0164: INFO  #### gw3  switching/test_vlan.py::test_ft_vlan_save_config_warm_and_fast_reboot
2024-01-03 02:57:35,575 T0164: INFO  support post-function-prolog test_ft_vlan_save_config_warm_and_fast_reboot Pass ''
2024-01-03 02:57:35,577 T0165: INFO  #### gw3  switching/test_vlan.py::test_ft_vlan_save_config_warm_and_fast_reboot
2024-01-03 02:57:35,577 T0165: INFO  support post-function-prolog test_ft_vlan_save_config_warm_and_fast_reboot Pass ''
2024-01-03 03:00:32,660 T0000: WARN  #### gw3 IGNORED ERROR switching/test_vlan.py::test_ft_vlan_save_config_warm_and_fast_reboot
2024-01-03 03:00:32,660 T0000: WARN  Skipped error checking but detected pattern: containing_failed command: sudo -s reboot
2024-01-03 03:01:49,349 T0000: WARN  #### gw3 IGNORED ERROR switching/test_vlan.py::test_ft_vlan_save_config_warm_and_fast_reboot
2024-01-03 03:01:49,349 T0000: WARN  Skipped error checking but detected pattern: containing_python_traceback command: sudo -s fast-reboot
2024-01-03 03:02:43,148 T0000: ERROR #### gw3 Exception switching/test_vlan.py::test_ft_vlan_save_config_warm_and_fast_reboot
2024-01-03 03:02:43,148 T0000: ERROR Exception TypeError 'NoneType' object is not subscriptable in file /apis/system/basic.py at line 1389
2024-01-03 03:02:43,148 T0000: ERROR [0] /apis/system/basic.py:1389 is_warm_boot_support return bool(platform.lower() in features_support_data[key])
2024-01-03 03:02:43,148 T0000: ERROR [1] /apis/system/reboot.py:83 warm_reboot if (st.getenv("SPYTEST_UNSUPPORT_TD4_WARM_REBOOT") and basic.is_td4_platform(dut)) or basic.is_warm_boot_support(dut, is_support=False):
2024-01-03 03:02:43,148 T0000: ERROR [2] /tests/switching/test_vlan.py:906 test_ft_vlan_save_config_warm_and_fast_reboot reboot.warm_reboot(vars.D1)
2024-01-03 03:02:43,149 T0166: WARN  #### gw3  switching/test_vlan.py::test_ft_vlan_save_config_warm_and_fast_reboot
2024-01-03 03:02:43,150 T0166: WARN  support post-function-epilog test_ft_vlan_save_config_warm_and_fast_reboot ScriptError 'Exception TypeError 'NoneType' object is not subscriptable in file /apis/system/basic.py at line 1389'
2024-01-03 03:02:43,151 T0167: WARN  #### gw3  switching/test_vlan.py::test_ft_vlan_save_config_warm_and_fast_reboot
2024-01-03 03:02:43,151 T0167: WARN  support post-function-epilog test_ft_vlan_save_config_warm_and_fast_reboot ScriptError 'Exception TypeError 'NoneType' object is not subscriptable in file /apis/system/basic.py at line 1389'
2024-01-03 03:02:43,170 T0000: ERROR #### gw3  switching/test_vlan.py::test_ft_vlan_save_config_warm_and_fast_reboot
2024-01-03 03:02:43,170 T0000: ERROR 

==================== REMOTE ALERTS ============================
################################################################################
drop the rate from 2000 to 100
################################################################################
################################################################################
drop the rate from 2000 to 100
################################################################################
################################################################################
drop the rate from 2000 to 100
################################################################################
===============================================================


2024-01-03 03:02:43,194 T0168: WARN  #### gw3  switching/test_vlan.py::test_ft_vlan_save_config_warm_and_fast_reboot
2024-01-03 03:02:43,194 T0168: WARN  support pre-module-epilog switching/test_vlan.py fail ''
2024-01-03 03:02:43,196 T0169: WARN  #### gw3  switching/test_vlan.py::test_ft_vlan_save_config_warm_and_fast_reboot
2024-01-03 03:02:43,196 T0169: WARN  support pre-module-epilog switching/test_vlan.py fail ''
2024-01-03 03:03:08,780 T0186: WARN  #### gw3  switching/test_vlan.py::test_ft_vlan_save_config_warm_and_fast_reboot
2024-01-03 03:03:08,781 T0186: WARN  support post-module-epilog switching/test_vlan.py fail ''
2024-01-03 03:03:08,783 T0187: WARN  #### gw3  switching/test_vlan.py::test_ft_vlan_save_config_warm_and_fast_reboot
2024-01-03 03:03:08,783 T0187: WARN  support post-module-epilog switching/test_vlan.py fail ''
2024-01-03 03:07:25,282 T0249: INFO  #### gw3  
2024-01-03 03:07:25,282 T0249: INFO  support pre-module-prolog system/test_ssh.py  ''
2024-01-03 03:07:25,285 T0250: INFO  #### gw3  
2024-01-03 03:07:25,285 T0250: INFO  support pre-module-prolog system/test_ssh.py  ''
2024-01-03 03:08:02,334 T0277: INFO  #### gw3  system/test_ssh.py
2024-01-03 03:08:02,334 T0277: INFO  support post-module-prolog system/test_ssh.py Pass ''
2024-01-03 03:08:02,336 T0278: INFO  #### gw3  system/test_ssh.py
2024-01-03 03:08:02,337 T0278: INFO  support post-module-prolog system/test_ssh.py Pass ''
2024-01-03 03:08:33,392 T0302: INFO  #### gw3  system/test_ssh.py
2024-01-03 03:08:33,392 T0302: INFO  support pre-function-prolog test_ft_ssh_service_disable  ''
2024-01-03 03:08:33,396 T0303: INFO  #### gw3  system/test_ssh.py
2024-01-03 03:08:33,396 T0303: INFO  support pre-function-prolog test_ft_ssh_service_disable  ''
2024-01-03 03:08:33,409 T0304: INFO  #### gw3  system/test_ssh.py::test_ft_ssh_service_disable
2024-01-03 03:08:33,409 T0304: INFO  support post-function-prolog test_ft_ssh_service_disable Pass ''
2024-01-03 03:08:33,411 T0305: INFO  #### gw3  system/test_ssh.py::test_ft_ssh_service_disable
2024-01-03 03:08:33,411 T0305: INFO  support post-function-prolog test_ft_ssh_service_disable Pass ''
2024-01-03 03:08:36,149 T0306: INFO  #### gw3  system/test_ssh.py::test_ft_ssh_service_disable
2024-01-03 03:08:36,149 T0306: INFO  support pre-function-epilog test_ft_ssh_service_disable Pass 'Test case passed'
2024-01-03 03:08:36,151 T0307: INFO  #### gw3  system/test_ssh.py::test_ft_ssh_service_disable
2024-01-03 03:08:36,151 T0307: INFO  support pre-function-epilog test_ft_ssh_service_disable Pass 'Test case passed'
2024-01-03 03:08:36,161 T0308: INFO  #### gw3  system/test_ssh.py::test_ft_ssh_service_disable
2024-01-03 03:08:36,161 T0308: INFO  support post-function-epilog test_ft_ssh_service_disable Pass 'Test case passed'
2024-01-03 03:08:36,163 T0309: INFO  #### gw3  system/test_ssh.py::test_ft_ssh_service_disable
2024-01-03 03:08:36,163 T0309: INFO  support post-function-epilog test_ft_ssh_service_disable Pass 'Test case passed'
2024-01-03 03:08:40,939 T0315: INFO  #### gw3  system/test_ssh.py
2024-01-03 03:08:40,940 T0315: INFO  support pre-function-prolog test_ft_ssh_add_user_verify  ''
2024-01-03 03:08:40,944 T0316: INFO  #### gw3  system/test_ssh.py
2024-01-03 03:08:40,944 T0316: INFO  support pre-function-prolog test_ft_ssh_add_user_verify  ''
2024-01-03 03:08:40,955 T0317: INFO  #### gw3  system/test_ssh.py::test_ft_ssh_add_user_verify
2024-01-03 03:08:40,955 T0317: INFO  support post-function-prolog test_ft_ssh_add_user_verify Pass ''
2024-01-03 03:08:40,957 T0318: INFO  #### gw3  system/test_ssh.py::test_ft_ssh_add_user_verify
2024-01-03 03:08:40,957 T0318: INFO  support post-function-prolog test_ft_ssh_add_user_verify Pass ''
2024-01-03 03:13:40,275 T0000: WARN  #### gw3 IGNORED ERROR system/test_ssh.py::test_ft_ssh_add_user_verify
2024-01-03 03:13:40,275 T0000: WARN  Skipped error checking but detected pattern: containing_python_traceback command: sudo -s fast-reboot
2024-01-03 03:15:41,926 T0325: INFO  #### gw3  system/test_ssh.py::test_ft_ssh_add_user_verify
2024-01-03 03:15:41,926 T0325: INFO  support testcase test_ft_controlplane_acl_service_sshv4 Pass 'SSH failed'
2024-01-03 03:15:41,928 T0326: INFO  #### gw3  system/test_ssh.py::test_ft_ssh_add_user_verify
2024-01-03 03:15:41,928 T0326: INFO  support testcase test_ft_controlplane_acl_service_sshv4 Pass 'SSH failed'
2024-01-03 03:15:41,937 T0327: INFO  #### gw3  system/test_ssh.py::test_ft_ssh_add_user_verify
2024-01-03 03:15:41,937 T0327: INFO  support testcase test_ft_controlplane_acl_service_sshv6 Pass 'SSH failed'
2024-01-03 03:15:41,939 T0328: INFO  #### gw3  system/test_ssh.py::test_ft_ssh_add_user_verify
2024-01-03 03:15:41,939 T0328: INFO  support testcase test_ft_controlplane_acl_service_sshv6 Pass 'SSH failed'
2024-01-03 03:15:41,944 T0329: WARN  #### gw3  system/test_ssh.py::test_ft_ssh_add_user_verify
2024-01-03 03:15:41,945 T0329: WARN  support testcase test_ft_controlplane_acl_service_snmp Fail 'SNMP output is not found after walk of with control plane ACL service SNMP after reboot OID'
2024-01-03 03:15:41,946 T0330: WARN  #### gw3  system/test_ssh.py::test_ft_ssh_add_user_verify
2024-01-03 03:15:41,946 T0330: WARN  support testcase test_ft_controlplane_acl_service_snmp Fail 'SNMP output is not found after walk of with control plane ACL service SNMP after reboot OID'
2024-01-03 03:17:45,396 T0335: WARN  #### gw3  system/test_ssh.py::test_ft_ssh_add_user_verify
2024-01-03 03:17:45,397 T0335: WARN  support pre-function-epilog test_ft_ssh_add_user_verify Fail 'Test case Failed.'
2024-01-03 03:17:45,398 T0336: WARN  #### gw3  system/test_ssh.py::test_ft_ssh_add_user_verify
2024-01-03 03:17:45,398 T0336: WARN  support pre-function-epilog test_ft_ssh_add_user_verify Fail 'Test case Failed.'
2024-01-03 03:17:45,785 T0337: WARN  #### gw3  system/test_ssh.py::test_ft_ssh_add_user_verify
2024-01-03 03:17:45,785 T0337: WARN  support post-function-epilog test_ft_ssh_add_user_verify ignore 'Test case Failed.'
2024-01-03 03:17:45,787 T0338: WARN  #### gw3  system/test_ssh.py::test_ft_ssh_add_user_verify
2024-01-03 03:17:45,787 T0338: WARN  support post-function-epilog test_ft_ssh_add_user_verify ignore 'Test case Failed.'
2024-01-03 03:17:50,800 T0344: INFO  #### gw3  system/test_ssh.py
2024-01-03 03:17:50,800 T0344: INFO  support pre-function-prolog test_ft_verify_logs_at_the_time_of_ssh_login_success  ''
2024-01-03 03:17:50,804 T0345: INFO  #### gw3  system/test_ssh.py
2024-01-03 03:17:50,804 T0345: INFO  support pre-function-prolog test_ft_verify_logs_at_the_time_of_ssh_login_success  ''
2024-01-03 03:17:50,814 T0346: INFO  #### gw3  system/test_ssh.py::test_ft_verify_logs_at_the_time_of_ssh_login_success
2024-01-03 03:17:50,815 T0346: INFO  support post-function-prolog test_ft_verify_logs_at_the_time_of_ssh_login_success Pass ''
2024-01-03 03:17:50,817 T0347: INFO  #### gw3  system/test_ssh.py::test_ft_verify_logs_at_the_time_of_ssh_login_success
2024-01-03 03:17:50,817 T0347: INFO  support post-function-prolog test_ft_verify_logs_at_the_time_of_ssh_login_success Pass ''
2024-01-03 03:18:10,019 T0350: INFO  #### gw3  system/test_ssh.py::test_ft_verify_logs_at_the_time_of_ssh_login_success
2024-01-03 03:18:10,020 T0350: INFO  support pre-function-epilog test_ft_verify_logs_at_the_time_of_ssh_login_success Pass 'Test case passed'
2024-01-03 03:18:10,022 T0351: INFO  #### gw3  system/test_ssh.py::test_ft_verify_logs_at_the_time_of_ssh_login_success
2024-01-03 03:18:10,022 T0351: INFO  support pre-function-epilog test_ft_verify_logs_at_the_time_of_ssh_login_success Pass 'Test case passed'
2024-01-03 03:18:10,035 T0352: INFO  #### gw3  system/test_ssh.py::test_ft_verify_logs_at_the_time_of_ssh_login_success
2024-01-03 03:18:10,035 T0352: INFO  support post-function-epilog test_ft_verify_logs_at_the_time_of_ssh_login_success Pass 'Test case passed'
2024-01-03 03:18:10,037 T0353: INFO  #### gw3  system/test_ssh.py::test_ft_verify_logs_at_the_time_of_ssh_login_success
2024-01-03 03:18:10,037 T0353: INFO  support post-function-epilog test_ft_verify_logs_at_the_time_of_ssh_login_success Pass 'Test case passed'
2024-01-03 03:18:10,074 T0354: WARN  #### gw3  system/test_ssh.py::test_ft_verify_logs_at_the_time_of_ssh_login_success
2024-01-03 03:18:10,074 T0354: WARN  support pre-module-epilog system/test_ssh.py fail ''
2024-01-03 03:18:10,076 T0355: WARN  #### gw3  system/test_ssh.py::test_ft_verify_logs_at_the_time_of_ssh_login_success
2024-01-03 03:18:10,076 T0355: WARN  support pre-module-epilog system/test_ssh.py fail ''
2024-01-03 03:19:00,977 T0380: WARN  #### gw3  system/test_ssh.py::test_ft_verify_logs_at_the_time_of_ssh_login_success
2024-01-03 03:19:00,978 T0380: WARN  support post-module-epilog system/test_ssh.py fail ''
2024-01-03 03:19:00,981 T0381: WARN  #### gw3  system/test_ssh.py::test_ft_verify_logs_at_the_time_of_ssh_login_success
2024-01-03 03:19:00,981 T0381: WARN  support post-module-epilog system/test_ssh.py fail ''
2024-01-03 03:20:38,804 T0426: WARN  #### gw3  batch/test_spytest_infra_1.py::test_spytest_infra_last
2024-01-03 03:20:38,804 T0426: WARN  support session-epilog session pass ''
2024-01-03 03:20:38,806 T0427: WARN  #### gw3  batch/test_spytest_infra_1.py::test_spytest_infra_last
2024-01-03 03:20:38,806 T0427: WARN  support session-epilog session pass ''
