2024-01-01 22:55:52.447069 = START
2024-01-01 22:55:53.591838 = device connections start
2024-01-01 22:56:27.281811 = device connections finish
2024-01-01 22:56:27.286066 = session init start
2024-01-01 22:58:17.135074 = report file generation start
2024-01-01 22:58:17.228767 = report file generation end
2024-01-01 22:58:40.564017 = session init end
2024-01-01 22:58:40.570314 = Framework Module Hook Start
2024-01-01 22:58:41.408931 = module test_spytest_infra_1.py init start
2024-01-01 22:58:45.717209 = module test_spytest_infra_1.py init end
2024-01-01 22:58:45.717843 = Framework Module Hook end
2024-01-01 22:58:45.718458 = Framework Function Hook Start
2024-01-01 22:58:48.785606 = function batch/test_spytest_infra_1.py::test_spytest_infra_first init start
2024-01-01 22:58:53.718699 = function batch/test_spytest_infra_1.py::test_spytest_infra_first init end
2024-01-01 22:58:53.719786 = Framework Function Hook end
2024-01-01 22:58:53.723791 = Module Config Time (2024-01-01 22:58:40.571104 - 2024-01-01 22:58:45.718628) Published
2024-01-01 22:58:53.727518 = function batch/test_spytest_infra_1.py::test_spytest_infra_first clean start
2024-01-01 22:58:53.743422 = Test Time (2024-01-01 22:58:48.785780 - 2024-01-01 22:58:53.743415) Published
2024-01-01 22:58:53.748993 = function batch/test_spytest_infra_1.py::test_spytest_infra_first clean end
2024-01-01 22:58:53.749304 = Framework Function Hook Finalize
2024-01-01 22:58:53.914634 = Framework Function Hook Start
2024-01-01 22:58:53.915732 = function batch/test_spytest_infra_1.py::test_spytest_infra_second init start
2024-01-01 22:58:58.900398 = function batch/test_spytest_infra_1.py::test_spytest_infra_second init end
2024-01-01 22:58:58.901177 = Framework Function Hook end
2024-01-01 22:58:58.904299 = function batch/test_spytest_infra_1.py::test_spytest_infra_second clean start
2024-01-01 22:58:58.934697 = Test Time (2024-01-01 22:58:53.915907 - 2024-01-01 22:58:58.934682) Published
2024-01-01 22:58:58.940449 = function batch/test_spytest_infra_1.py::test_spytest_infra_second clean end
2024-01-01 22:58:58.940961 = Framework Function Hook Finalize
2024-01-01 22:58:58.941218 = module test_spytest_infra_1.py clean start
2024-01-01 22:59:01.261725 = report file generation start
2024-01-01 22:59:01.354361 = report file generation end
2024-01-01 22:59:01.359468 = module test_spytest_infra_1.py clean end
2024-01-01 22:59:01.359901 = Framework Module Hook Finalize
2024-01-01 22:59:01.361911 = Framework Module Hook Start
2024-01-01 22:59:02.189606 = module test_vrf.py init start
2024-01-01 22:59:29.610140 = module test_vrf.py init end
2024-01-01 22:59:29.610733 = Framework Module Hook end
2024-01-01 22:59:29.611177 = User Module routing/VRF/test_vrf.py Hook Start
2024-01-01 23:07:10.837106 = User Module routing/VRF/test_vrf.py Hook end
2024-01-01 23:07:10.838953 = Framework Function Hook Start
2024-01-01 23:07:38.887679 = function routing/VRF/test_vrf.py::test_VrfFun001_06 init start
2024-01-01 23:07:43.953539 = function routing/VRF/test_vrf.py::test_VrfFun001_06 init end
2024-01-01 23:07:43.954039 = Framework Function Hook end
2024-01-01 23:07:43.955846 = Module Config Time (2024-01-01 22:59:01.361971 - 2024-01-01 23:07:10.839087) Published
2024-01-01 23:08:18.810564 = function routing/VRF/test_vrf.py::test_VrfFun001_06 clean start
2024-01-01 23:08:18.851437 = Test Time (2024-01-01 23:07:38.887957 - 2024-01-01 23:08:18.851427) Published
2024-01-01 23:08:18.856533 = function routing/VRF/test_vrf.py::test_VrfFun001_06 clean end
2024-01-01 23:08:18.856840 = Framework Function Hook Finalize
2024-01-01 23:08:18.857955 = Framework Function Hook Start
2024-01-01 23:08:18.858339 = function routing/VRF/test_vrf.py::test_VrfFun_26_27 init start
2024-01-01 23:08:24.057016 = function routing/VRF/test_vrf.py::test_VrfFun_26_27 init end
2024-01-01 23:08:24.057409 = Framework Function Hook end
2024-01-01 23:08:47.147759 = function routing/VRF/test_vrf.py::test_VrfFun_26_27 clean start
2024-01-01 23:08:47.177731 = Test Time (2024-01-01 23:08:18.858402 - 2024-01-01 23:08:47.177720) Published
2024-01-01 23:08:47.183038 = function routing/VRF/test_vrf.py::test_VrfFun_26_27 clean end
2024-01-01 23:08:47.183424 = Framework Function Hook Finalize
2024-01-01 23:08:47.184375 = Framework Function Hook Start
2024-01-01 23:08:47.184774 = function routing/VRF/test_vrf.py::test_VrfFun_10_12_14 init start
2024-01-01 23:08:53.666434 = function routing/VRF/test_vrf.py::test_VrfFun_10_12_14 init end
2024-01-01 23:08:53.667087 = Framework Function Hook end
2024-01-01 23:08:53.667804 = User Function routing/VRF/test_vrf.py::test_VrfFun_10_12_14 Hook Start
2024-01-01 23:08:53.677863 = User Function routing/VRF/test_vrf.py::test_VrfFun_10_12_14 Hook end
2024-01-01 23:11:04.279361 = User Function routing/VRF/test_vrf.py::test_VrfFun_10_12_14 Hook Finalize
2024-01-01 23:11:04.279552 = function routing/VRF/test_vrf.py::test_VrfFun_10_12_14 clean start
2024-01-01 23:11:04.328761 = Test Time (2024-01-01 23:08:47.184835 - 2024-01-01 23:11:04.328746) Published
2024-01-01 23:11:04.334387 = function routing/VRF/test_vrf.py::test_VrfFun_10_12_14 clean end
2024-01-01 23:11:04.335200 = Framework Function Hook Finalize
2024-01-01 23:11:04.337381 = Framework Function Hook Start
2024-01-01 23:11:04.337944 = function routing/VRF/test_vrf.py::test_VrfFun_20_24_25_32_33_44_45 init start
2024-01-01 23:11:10.590465 = function routing/VRF/test_vrf.py::test_VrfFun_20_24_25_32_33_44_45 init end
2024-01-01 23:11:10.590907 = Framework Function Hook end
2024-01-01 23:11:10.591292 = User Function routing/VRF/test_vrf.py::test_VrfFun_20_24_25_32_33_44_45 Hook Start
2024-01-01 23:11:10.599474 = User Function routing/VRF/test_vrf.py::test_VrfFun_20_24_25_32_33_44_45 Hook end
2024-01-01 23:12:05.501086 = User Function routing/VRF/test_vrf.py::test_VrfFun_20_24_25_32_33_44_45 Hook Finalize
2024-01-01 23:12:05.502515 = function routing/VRF/test_vrf.py::test_VrfFun_20_24_25_32_33_44_45 clean start
2024-01-01 23:12:05.547280 = Test Time (2024-01-01 23:11:04.338010 - 2024-01-01 23:12:05.547270) Published
2024-01-01 23:12:05.552674 = function routing/VRF/test_vrf.py::test_VrfFun_20_24_25_32_33_44_45 clean end
2024-01-01 23:12:05.553017 = Framework Function Hook Finalize
2024-01-01 23:12:05.554336 = Framework Function Hook Start
2024-01-01 23:12:05.554815 = function routing/VRF/test_vrf.py::test_VrfFun_05_50 init start
2024-01-01 23:12:11.834540 = function routing/VRF/test_vrf.py::test_VrfFun_05_50 init end
2024-01-01 23:12:11.835045 = Framework Function Hook end
2024-01-01 23:19:01.126324 = function routing/VRF/test_vrf.py::test_VrfFun_05_50 clean start
2024-01-01 23:19:01.165611 = Test Time (2024-01-01 23:12:05.554880 - 2024-01-01 23:19:01.165600) Published
2024-01-01 23:19:01.170806 = function routing/VRF/test_vrf.py::test_VrfFun_05_50 clean end
2024-01-01 23:19:01.171137 = Framework Function Hook Finalize
2024-01-01 23:19:24.551915 = User Function routing/VRF/test_vrf.py::test_VrfFun_20_24_25_32_33_44_45 Hook Finalize
2024-01-01 23:19:24.552208 = User Function routing/VRF/test_vrf.py::test_VrfFun_10_12_14 Hook Finalize
2024-01-01 23:19:24.552751 = User Module routing/VRF/test_vrf.py Hook Finalize
2024-01-01 23:19:24.552896 = module test_vrf.py clean start
2024-01-01 23:19:52.072512 = report file generation start
2024-01-01 23:19:52.166226 = report file generation end
2024-01-01 23:19:52.171638 = module test_vrf.py clean end
2024-01-01 23:19:52.172447 = Framework Module Hook Finalize
2024-01-01 23:19:52.388919 = Framework Module Hook Start
2024-01-01 23:19:53.229004 = module test_spytest_infra_1.py init start
2024-01-01 23:21:04.423771 = module test_spytest_infra_1.py init end
2024-01-01 23:21:04.424544 = Framework Module Hook end
2024-01-01 23:21:04.425364 = Framework Function Hook Start
2024-01-01 23:21:07.489363 = function batch/test_spytest_infra_1.py::test_spytest_infra_last init start
2024-01-01 23:21:12.413413 = function batch/test_spytest_infra_1.py::test_spytest_infra_last init end
2024-01-01 23:21:12.414552 = Framework Function Hook end
2024-01-01 23:21:12.416089 = Module Config Time (2024-01-01 23:19:52.389081 - 2024-01-01 23:21:04.425592) Published
2024-01-01 23:21:12.418734 = function batch/test_spytest_infra_1.py::test_spytest_infra_last clean start
2024-01-01 23:21:12.437132 = Test Time (2024-01-01 23:21:07.489630 - 2024-01-01 23:21:12.437124) Published
2024-01-01 23:21:12.442214 = function batch/test_spytest_infra_1.py::test_spytest_infra_last clean end
2024-01-01 23:21:12.442521 = Framework Function Hook Finalize
2024-01-01 23:21:12.442676 = module test_spytest_infra_1.py clean start
2024-01-01 23:21:14.905376 = report file generation start
2024-01-01 23:21:14.998134 = report file generation end
2024-01-01 23:21:15.003188 = module test_spytest_infra_1.py clean end
2024-01-01 23:21:15.003619 = Framework Module Hook Finalize
2024-01-01 23:21:15.005708 = Framework Module Hook Start
2024-01-01 23:21:15.833525 = module test_vrf_scale.py init start
2024-01-01 23:22:09.539673 = module test_vrf_scale.py init end
2024-01-01 23:22:09.540662 = Framework Module Hook end
2024-01-01 23:22:09.541440 = User Module routing/VRF/test_vrf_scale.py Hook Start
2024-01-01 23:44:37.495831 = User Module routing/VRF/test_vrf_scale.py Hook end
2024-01-01 23:44:37.496890 = Framework Function Hook Start
2024-01-01 23:45:06.907033 = function routing/VRF/test_vrf_scale.py::test_vrf_scale init start
2024-01-01 23:45:13.489918 = function routing/VRF/test_vrf_scale.py::test_vrf_scale init end
2024-01-01 23:45:13.490402 = Framework Function Hook end
2024-01-01 23:45:13.490956 = User Function routing/VRF/test_vrf_scale.py::test_vrf_scale Hook Start
2024-01-01 23:45:13.499636 = User Function routing/VRF/test_vrf_scale.py::test_vrf_scale Hook end
2024-01-01 23:45:13.500974 = Module Config Time (2024-01-01 23:21:15.005767 - 2024-01-01 23:44:37.497147) Published
2024-01-01 23:52:45.896916 = User Function routing/VRF/test_vrf_scale.py::test_vrf_scale Hook Finalize
2024-01-01 23:52:45.897134 = function routing/VRF/test_vrf_scale.py::test_vrf_scale clean start
2024-01-01 23:52:45.931599 = Test Time (2024-01-01 23:45:06.907313 - 2024-01-01 23:52:45.931588) Published
2024-01-01 23:52:45.936869 = function routing/VRF/test_vrf_scale.py::test_vrf_scale clean end
2024-01-01 23:52:45.937262 = Framework Function Hook Finalize
2024-01-01 23:52:45.938332 = Framework Function Hook Start
2024-01-01 23:52:45.938820 = function routing/VRF/test_vrf_scale.py::test_vrf_route_leak init start
2024-01-01 23:52:52.445933 = function routing/VRF/test_vrf_scale.py::test_vrf_route_leak init end
2024-01-01 23:52:52.446381 = Framework Function Hook end
2024-01-01 23:54:53.797956 = function routing/VRF/test_vrf_scale.py::test_vrf_route_leak clean start
2024-01-01 23:54:53.830789 = Test Time (2024-01-01 23:52:45.938886 - 2024-01-01 23:54:53.830781) Published
2024-01-01 23:54:53.835970 = function routing/VRF/test_vrf_scale.py::test_vrf_route_leak clean end
2024-01-01 23:54:53.836274 = Framework Function Hook Finalize
2024-01-01 23:54:53.837458 = Framework Function Hook Start
2024-01-01 23:54:53.837883 = function routing/VRF/test_vrf_scale.py::test_vrf_bgp init start
2024-01-01 23:55:01.477945 = function routing/VRF/test_vrf_scale.py::test_vrf_bgp init end
2024-01-01 23:55:01.478376 = Framework Function Hook end
2024-01-02 00:07:39.233925 = function routing/VRF/test_vrf_scale.py::test_vrf_bgp clean start
2024-01-02 00:07:39.271038 = Test Time (2024-01-01 23:54:53.837950 - 2024-01-02 00:07:39.271028) Published
2024-01-02 00:07:39.276133 = function routing/VRF/test_vrf_scale.py::test_vrf_bgp clean end
2024-01-02 00:07:39.276431 = Framework Function Hook Finalize
2024-01-02 00:07:39.277343 = Framework Function Hook Start
2024-01-02 00:07:39.277726 = function routing/VRF/test_vrf_scale.py::test_vrf_reload init start
2024-01-02 00:07:47.108716 = function routing/VRF/test_vrf_scale.py::test_vrf_reload init end
2024-01-02 00:07:47.109140 = Framework Function Hook end
2024-01-02 00:17:47.821212 = function routing/VRF/test_vrf_scale.py::test_vrf_reload clean start
2024-01-02 00:17:47.857570 = Test Time (2024-01-02 00:07:39.277787 - 2024-01-02 00:17:47.857561) Published
2024-01-02 00:17:47.862640 = function routing/VRF/test_vrf_scale.py::test_vrf_reload clean end
2024-01-02 00:17:47.862971 = Framework Function Hook Finalize
2024-01-02 00:18:12.271931 = User Function routing/VRF/test_vrf_scale.py::test_vrf_scale Hook Finalize
2024-01-02 00:18:12.273669 = User Module routing/VRF/test_vrf_scale.py Hook Finalize
2024-01-02 00:18:12.274042 = module test_vrf_scale.py clean start
2024-01-02 00:18:39.728408 = report file generation start
2024-01-02 00:18:39.869326 = report file generation end
2024-01-02 00:18:39.874568 = module test_vrf_scale.py clean end
2024-01-02 00:18:39.874975 = Framework Module Hook Finalize
2024-01-02 00:18:39.961523 = Framework Module Hook Start
2024-01-02 00:18:40.799660 = module test_spytest_infra_1.py init start
2024-01-02 00:20:39.239024 = module test_spytest_infra_1.py init end
2024-01-02 00:20:39.239325 = Framework Module Hook end
2024-01-02 00:20:39.239638 = Framework Function Hook Start
2024-01-02 00:20:54.308051 = function batch/test_spytest_infra_1.py::test_spytest_infra_last init start
2024-01-02 00:20:59.899843 = function batch/test_spytest_infra_1.py::test_spytest_infra_last init end
2024-01-02 00:20:59.900878 = Framework Function Hook end
2024-01-02 00:20:59.903180 = Module Config Time (2024-01-02 00:18:39.961709 - 2024-01-02 00:20:39.239716) Published
2024-01-02 00:20:59.905601 = function batch/test_spytest_infra_1.py::test_spytest_infra_last clean start
2024-01-02 00:20:59.921858 = Test Time (2024-01-02 00:20:54.308334 - 2024-01-02 00:20:59.921851) Published
2024-01-02 00:20:59.926824 = function batch/test_spytest_infra_1.py::test_spytest_infra_last clean end
2024-01-02 00:20:59.927087 = Framework Function Hook Finalize
2024-01-02 00:20:59.927227 = module test_spytest_infra_1.py clean start
2024-01-02 00:21:02.494048 = report file generation start
2024-01-02 00:21:02.585897 = report file generation end
2024-01-02 00:21:02.590887 = module test_spytest_infra_1.py clean end
2024-01-02 00:21:02.591236 = Framework Module Hook Finalize
2024-01-02 00:21:02.591638 = session clean start
2024-01-02 00:21:02.610645 = report file generation start
2024-01-02 00:21:02.696857 = report file generation end
2024-01-02 00:21:03.380742 = session clean end
