2024-01-08 00:26:36.393772 = START
2024-01-08 00:26:37.516734 = device connections start
2024-01-08 00:27:10.738399 = device connections finish
2024-01-08 00:27:10.742510 = session init start
2024-01-08 00:29:32.512767 = report file generation start
2024-01-08 00:29:32.597803 = report file generation end
2024-01-08 00:29:56.866553 = session init end
2024-01-08 00:29:56.868374 = Framework Module Hook Start
2024-01-08 00:29:57.279812 = module test_spytest_infra_1.py init start
2024-01-08 00:30:01.602347 = module test_spytest_infra_1.py init end
2024-01-08 00:30:01.603098 = Framework Module Hook end
2024-01-08 00:30:01.604004 = Framework Function Hook Start
2024-01-08 00:30:05.892418 = function batch/test_spytest_infra_1.py::test_spytest_infra_first init start
2024-01-08 00:30:10.697070 = function batch/test_spytest_infra_1.py::test_spytest_infra_first init end
2024-01-08 00:30:10.698223 = Framework Function Hook end
2024-01-08 00:30:10.701471 = Module Config Time (2024-01-08 00:29:56.868442 - 2024-01-08 00:30:01.604768) Published
2024-01-08 00:30:10.705735 = function batch/test_spytest_infra_1.py::test_spytest_infra_first clean start
2024-01-08 00:30:10.716062 = Test Time (2024-01-08 00:30:05.892521 - 2024-01-08 00:30:10.716054) Published
2024-01-08 00:30:10.721768 = function batch/test_spytest_infra_1.py::test_spytest_infra_first clean end
2024-01-08 00:30:10.722075 = Framework Function Hook Finalize
2024-01-08 00:30:10.849442 = Framework Function Hook Start
2024-01-08 00:30:10.850227 = function batch/test_spytest_infra_1.py::test_spytest_infra_second init start
2024-01-08 00:30:15.675512 = function batch/test_spytest_infra_1.py::test_spytest_infra_second init end
2024-01-08 00:30:15.677399 = Framework Function Hook end
2024-01-08 00:30:15.685051 = function batch/test_spytest_infra_1.py::test_spytest_infra_second clean start
2024-01-08 00:30:15.693525 = Test Time (2024-01-08 00:30:10.850336 - 2024-01-08 00:30:15.693517) Published
2024-01-08 00:30:15.698922 = function batch/test_spytest_infra_1.py::test_spytest_infra_second clean end
2024-01-08 00:30:15.699229 = Framework Function Hook Finalize
2024-01-08 00:30:15.699402 = module test_spytest_infra_1.py clean start
2024-01-08 00:30:18.251196 = report file generation start
2024-01-08 00:30:18.333134 = report file generation end
2024-01-08 00:30:18.338208 = module test_spytest_infra_1.py clean end
2024-01-08 00:30:18.338608 = Framework Module Hook Finalize
2024-01-08 00:30:18.341363 = Framework Module Hook Start
2024-01-08 00:30:18.752178 = module test_device_mgmt.py init start
2024-01-08 00:30:47.374423 = module test_device_mgmt.py init end
2024-01-08 00:30:47.374842 = Framework Module Hook end
2024-01-08 00:30:47.375207 = User Module system/test_device_mgmt.py Hook Start
2024-01-08 00:30:47.376075 = User Module system/test_device_mgmt.py Hook end
2024-01-08 00:30:47.376330 = Framework Function Hook Start
2024-01-08 00:31:15.888774 = function system/test_device_mgmt.py::test_ft_ip_static_ip_on_mgmt_intrf init start
2024-01-08 00:31:20.659177 = function system/test_device_mgmt.py::test_ft_ip_static_ip_on_mgmt_intrf init end
2024-01-08 00:31:20.659640 = Framework Function Hook end
2024-01-08 00:31:20.660262 = User Function system/test_device_mgmt.py::test_ft_ip_static_ip_on_mgmt_intrf Hook Start
2024-01-08 00:31:20.662761 = User Function system/test_device_mgmt.py::test_ft_ip_static_ip_on_mgmt_intrf Hook end
2024-01-08 00:31:20.663820 = Module Config Time (2024-01-08 00:30:18.341427 - 2024-01-08 00:30:47.376413) Published
2024-01-08 00:31:37.793214 = User Function system/test_device_mgmt.py::test_ft_ip_static_ip_on_mgmt_intrf Hook Finalize
2024-01-08 00:31:37.793419 = function system/test_device_mgmt.py::test_ft_ip_static_ip_on_mgmt_intrf clean start
2024-01-08 00:31:37.805605 = Test Time (2024-01-08 00:31:15.888885 - 2024-01-08 00:31:37.805597) Published
2024-01-08 00:31:37.810828 = function system/test_device_mgmt.py::test_ft_ip_static_ip_on_mgmt_intrf clean end
2024-01-08 00:31:37.811100 = Framework Function Hook Finalize
2024-01-08 00:32:02.147465 = User Module system/test_device_mgmt.py Hook Finalize
2024-01-08 00:32:02.147624 = module test_device_mgmt.py clean start
2024-01-08 00:32:28.936573 = report file generation start
2024-01-08 00:32:29.019739 = report file generation end
2024-01-08 00:32:29.025134 = module test_device_mgmt.py clean end
2024-01-08 00:32:29.025947 = Framework Module Hook Finalize
2024-01-08 00:32:29.158014 = Framework Module Hook Start
2024-01-08 00:32:29.576498 = module test_spytest_infra_1.py init start
2024-01-08 00:33:58.604516 = module test_spytest_infra_1.py init end
2024-01-08 00:33:58.605406 = Framework Module Hook end
2024-01-08 00:33:58.606270 = Framework Function Hook Start
2024-01-08 00:34:02.901058 = function batch/test_spytest_infra_1.py::test_spytest_infra_last init start
2024-01-08 00:34:07.616659 = function batch/test_spytest_infra_1.py::test_spytest_infra_last init end
2024-01-08 00:34:07.617800 = Framework Function Hook end
2024-01-08 00:34:07.619295 = Module Config Time (2024-01-08 00:32:29.158222 - 2024-01-08 00:33:58.606515) Published
2024-01-08 00:34:07.621949 = function batch/test_spytest_infra_1.py::test_spytest_infra_last clean start
2024-01-08 00:34:07.634055 = Test Time (2024-01-08 00:34:02.901173 - 2024-01-08 00:34:07.634048) Published
2024-01-08 00:34:07.639247 = function batch/test_spytest_infra_1.py::test_spytest_infra_last clean end
2024-01-08 00:34:07.639557 = Framework Function Hook Finalize
2024-01-08 00:34:07.639708 = module test_spytest_infra_1.py clean start
2024-01-08 00:34:10.139987 = report file generation start
2024-01-08 00:34:10.221256 = report file generation end
2024-01-08 00:34:10.226274 = module test_spytest_infra_1.py clean end
2024-01-08 00:34:10.226654 = Framework Module Hook Finalize
2024-01-08 00:34:10.228677 = Framework Module Hook Start
2024-01-08 00:34:10.639283 = module test_arp.py init start
2024-01-08 00:37:00.332401 = module test_arp.py init end
2024-01-08 00:37:00.332929 = Framework Module Hook end
2024-01-08 00:37:00.333526 = User Module routing/test_arp.py Hook Start
2024-01-08 00:37:21.845612 = User Module routing/test_arp.py Hook end
2024-01-08 00:37:21.846421 = Framework Function Hook Start
2024-01-08 00:37:50.336791 = function routing/test_arp.py::test_ft_arp_dynamic_renew_traffic_test init start
2024-01-08 00:37:55.072662 = function routing/test_arp.py::test_ft_arp_dynamic_renew_traffic_test init end
2024-01-08 00:37:55.073197 = Framework Function Hook end
2024-01-08 00:37:55.074013 = User Function routing/test_arp.py::test_ft_arp_dynamic_renew_traffic_test Hook Start
2024-01-08 00:37:55.077166 = User Function routing/test_arp.py::test_ft_arp_dynamic_renew_traffic_test Hook end
2024-01-08 00:37:55.077403 = User Function routing/test_arp.py::test_ft_arp_dynamic_renew_traffic_test Hook Start
2024-01-08 00:37:55.080442 = User Function routing/test_arp.py::test_ft_arp_dynamic_renew_traffic_test Hook end
2024-01-08 00:37:55.081596 = Module Config Time (2024-01-08 00:34:10.228738 - 2024-01-08 00:37:21.846670) Published
2024-01-08 00:38:49.475698 = User Function routing/test_arp.py::test_ft_arp_dynamic_renew_traffic_test Hook Finalize
2024-01-08 00:38:49.476033 = User Function routing/test_arp.py::test_ft_arp_dynamic_renew_traffic_test Hook Finalize
2024-01-08 00:38:49.476173 = function routing/test_arp.py::test_ft_arp_dynamic_renew_traffic_test clean start
2024-01-08 00:38:49.488708 = Test Time (2024-01-08 00:37:50.336882 - 2024-01-08 00:38:49.488700) Published
2024-01-08 00:38:49.494002 = function routing/test_arp.py::test_ft_arp_dynamic_renew_traffic_test clean end
2024-01-08 00:38:49.494299 = Framework Function Hook Finalize
2024-01-08 00:39:20.393928 = User Module routing/test_arp.py Hook Finalize
2024-01-08 00:39:20.394186 = module test_arp.py clean start
2024-01-08 00:39:47.189212 = report file generation start
2024-01-08 00:39:47.280981 = report file generation end
2024-01-08 00:39:47.286390 = module test_arp.py clean end
2024-01-08 00:39:47.287131 = Framework Module Hook Finalize
2024-01-08 00:39:47.379353 = Framework Module Hook Start
2024-01-08 00:39:47.796291 = module test_spytest_infra_1.py init start
2024-01-08 00:41:11.638262 = module test_spytest_infra_1.py init end
2024-01-08 00:41:11.639490 = Framework Module Hook end
2024-01-08 00:41:11.639996 = Framework Function Hook Start
2024-01-08 00:41:15.933357 = function batch/test_spytest_infra_1.py::test_spytest_infra_last init start
2024-01-08 00:41:20.980782 = function batch/test_spytest_infra_1.py::test_spytest_infra_last init end
2024-01-08 00:41:20.981825 = Framework Function Hook end
2024-01-08 00:41:20.983731 = Module Config Time (2024-01-08 00:39:47.379525 - 2024-01-08 00:41:11.640117) Published
2024-01-08 00:41:20.985263 = function batch/test_spytest_infra_1.py::test_spytest_infra_last clean start
2024-01-08 00:41:20.993072 = Test Time (2024-01-08 00:41:15.933482 - 2024-01-08 00:41:20.993064) Published
2024-01-08 00:41:20.999386 = function batch/test_spytest_infra_1.py::test_spytest_infra_last clean end
2024-01-08 00:41:20.999718 = Framework Function Hook Finalize
2024-01-08 00:41:20.999892 = module test_spytest_infra_1.py clean start
2024-01-08 00:41:23.781612 = report file generation start
2024-01-08 00:41:23.883074 = report file generation end
2024-01-08 00:41:23.888577 = module test_spytest_infra_1.py clean end
2024-01-08 00:41:23.889071 = Framework Module Hook Finalize
2024-01-08 00:41:23.889629 = session clean start
2024-01-08 00:41:24.399703 = report file generation start
2024-01-08 00:41:24.492073 = report file generation end
2024-01-08 00:41:25.213282 = session clean end
