2023-12-27 03:15:02.598659 = START
2023-12-27 03:15:03.670934 = device connections start
2023-12-27 03:15:36.879774 = device connections finish
2023-12-27 03:15:36.884297 = session init start
2023-12-27 03:17:42.811827 = report file generation start
2023-12-27 03:17:42.932069 = report file generation end
2023-12-27 03:18:06.444906 = session init end
2023-12-27 03:18:06.446602 = Framework Module Hook Start
2023-12-27 03:18:06.857484 = module test_spytest_infra_1.py init start
2023-12-27 03:18:10.909922 = module test_spytest_infra_1.py init end
2023-12-27 03:18:10.910653 = Framework Module Hook end
2023-12-27 03:18:10.911515 = Framework Function Hook Start
2023-12-27 03:18:14.000003 = function batch/test_spytest_infra_1.py::test_spytest_infra_first init start
2023-12-27 03:18:18.306190 = function batch/test_spytest_infra_1.py::test_spytest_infra_first init end
2023-12-27 03:18:18.307773 = Framework Function Hook end
2023-12-27 03:18:18.312393 = Module Config Time (2023-12-27 03:18:06.446664 - 2023-12-27 03:18:10.912267) Published
2023-12-27 03:18:18.316246 = function batch/test_spytest_infra_1.py::test_spytest_infra_first clean start
2023-12-27 03:18:18.325488 = Test Time (2023-12-27 03:18:14.000102 - 2023-12-27 03:18:18.325481) Published
2023-12-27 03:18:18.331058 = function batch/test_spytest_infra_1.py::test_spytest_infra_first clean end
2023-12-27 03:18:18.331324 = Framework Function Hook Finalize
2023-12-27 03:18:18.455325 = Framework Function Hook Start
2023-12-27 03:18:18.456328 = function batch/test_spytest_infra_1.py::test_spytest_infra_second init start
2023-12-27 03:18:22.714644 = function batch/test_spytest_infra_1.py::test_spytest_infra_second init end
2023-12-27 03:18:22.715703 = Framework Function Hook end
2023-12-27 03:18:22.719334 = function batch/test_spytest_infra_1.py::test_spytest_infra_second clean start
2023-12-27 03:18:22.729314 = Test Time (2023-12-27 03:18:18.456496 - 2023-12-27 03:18:22.729307) Published
2023-12-27 03:18:22.734417 = function batch/test_spytest_infra_1.py::test_spytest_infra_second clean end
2023-12-27 03:18:22.734700 = Framework Function Hook Finalize
2023-12-27 03:18:22.734848 = module test_spytest_infra_1.py clean start
2023-12-27 03:18:25.033481 = report file generation start
2023-12-27 03:18:25.113945 = report file generation end
2023-12-27 03:18:25.118837 = module test_spytest_infra_1.py clean end
2023-12-27 03:18:25.119186 = Framework Module Hook Finalize
2023-12-27 03:18:25.121663 = Framework Module Hook Start
2023-12-27 03:18:25.531852 = module test_snapshot.py init start
2023-12-27 03:18:52.994316 = module test_snapshot.py init end
2023-12-27 03:18:52.994857 = Framework Module Hook end
2023-12-27 03:18:52.995367 = User Module system/test_snapshot.py Hook Start
2023-12-27 03:19:17.346311 = User Module system/test_snapshot.py Hook end
2023-12-27 03:19:17.346609 = Framework Function Hook Start
2023-12-27 03:19:43.964495 = function system/test_snapshot.py::test_ft_watermark_telemetry_interval init start
2023-12-27 03:19:48.317466 = function system/test_snapshot.py::test_ft_watermark_telemetry_interval init end
2023-12-27 03:19:48.318793 = Framework Function Hook end
2023-12-27 03:19:48.319430 = User Function system/test_snapshot.py::test_ft_watermark_telemetry_interval Hook Start
2023-12-27 03:19:48.321972 = User Function system/test_snapshot.py::test_ft_watermark_telemetry_interval Hook end
2023-12-27 03:19:48.323121 = Module Config Time (2023-12-27 03:18:25.121723 - 2023-12-27 03:19:17.346700) Published
2023-12-27 03:19:58.486115 = User Function system/test_snapshot.py::test_ft_watermark_telemetry_interval Hook Finalize
2023-12-27 03:19:58.486276 = function system/test_snapshot.py::test_ft_watermark_telemetry_interval clean start
2023-12-27 03:19:58.498635 = Test Time (2023-12-27 03:19:43.964593 - 2023-12-27 03:19:58.498627) Published
2023-12-27 03:19:58.503826 = function system/test_snapshot.py::test_ft_watermark_telemetry_interval clean end
2023-12-27 03:19:58.504170 = Framework Function Hook Finalize
2023-12-27 03:20:29.747108 = User Module system/test_snapshot.py Hook Finalize
2023-12-27 03:20:29.747348 = module test_snapshot.py clean start
2023-12-27 03:20:55.620911 = report file generation start
2023-12-27 03:20:55.702247 = report file generation end
2023-12-27 03:20:55.707086 = module test_snapshot.py clean end
2023-12-27 03:20:55.707520 = Framework Module Hook Finalize
2023-12-27 03:20:55.850751 = Framework Module Hook Start
2023-12-27 03:20:56.268115 = module test_spytest_infra_1.py init start
2023-12-27 03:22:00.825251 = module test_spytest_infra_1.py init end
2023-12-27 03:22:00.826011 = Framework Module Hook end
2023-12-27 03:22:00.826889 = Framework Function Hook Start
2023-12-27 03:22:03.921373 = function batch/test_spytest_infra_1.py::test_spytest_infra_last init start
2023-12-27 03:22:08.320452 = function batch/test_spytest_infra_1.py::test_spytest_infra_last init end
2023-12-27 03:22:08.321834 = Framework Function Hook end
2023-12-27 03:22:08.325124 = Module Config Time (2023-12-27 03:20:55.850861 - 2023-12-27 03:22:00.827127) Published
2023-12-27 03:22:08.328365 = function batch/test_spytest_infra_1.py::test_spytest_infra_last clean start
2023-12-27 03:22:08.336950 = Test Time (2023-12-27 03:22:03.921504 - 2023-12-27 03:22:08.336943) Published
2023-12-27 03:22:08.341978 = function batch/test_spytest_infra_1.py::test_spytest_infra_last clean end
2023-12-27 03:22:08.342243 = Framework Function Hook Finalize
2023-12-27 03:22:08.342385 = module test_spytest_infra_1.py clean start
2023-12-27 03:22:10.685048 = report file generation start
2023-12-27 03:22:10.763998 = report file generation end
2023-12-27 03:22:10.768846 = module test_spytest_infra_1.py clean end
2023-12-27 03:22:10.769156 = Framework Module Hook Finalize
2023-12-27 03:22:10.771390 = Framework Module Hook Start
2023-12-27 03:22:11.181302 = module test_snmp.py init start
2023-12-27 03:23:03.289250 = module test_snmp.py init end
2023-12-27 03:23:03.289765 = Framework Module Hook end
2023-12-27 03:23:03.290267 = User Module system/test_snmp.py Hook Start
2023-12-27 03:24:20.841972 = User Module system/test_snmp.py Hook end
2023-12-27 03:24:20.842706 = Framework Function Hook Start
2023-12-27 03:24:47.456747 = function system/test_snmp.py::test_ft_snmp_sysName init start
2023-12-27 03:24:51.823731 = function system/test_snmp.py::test_ft_snmp_sysName init end
2023-12-27 03:24:51.824257 = Framework Function Hook end
2023-12-27 03:24:51.824917 = User Function system/test_snmp.py::test_ft_snmp_sysName Hook Start
2023-12-27 03:24:51.827448 = User Function system/test_snmp.py::test_ft_snmp_sysName Hook end
2023-12-27 03:24:51.828640 = Module Config Time (2023-12-27 03:22:10.771452 - 2023-12-27 03:24:20.842805) Published
2023-12-27 03:24:52.973078 = User Function system/test_snmp.py::test_ft_snmp_sysName Hook Finalize
2023-12-27 03:24:52.973282 = function system/test_snmp.py::test_ft_snmp_sysName clean start
2023-12-27 03:24:52.999109 = Test Time (2023-12-27 03:24:47.456897 - 2023-12-27 03:24:52.999102) Published
2023-12-27 03:24:53.004128 = function system/test_snmp.py::test_ft_snmp_sysName clean end
2023-12-27 03:24:53.004430 = Framework Function Hook Finalize
2023-12-27 03:24:53.005426 = Framework Function Hook Start
2023-12-27 03:24:53.005795 = function system/test_snmp.py::test_ft_snmp_test_syUpTime init start
2023-12-27 03:24:57.472470 = function system/test_snmp.py::test_ft_snmp_test_syUpTime init end
2023-12-27 03:24:57.473419 = Framework Function Hook end
2023-12-27 03:24:57.474191 = User Function system/test_snmp.py::test_ft_snmp_test_syUpTime Hook Start
2023-12-27 03:24:57.477104 = User Function system/test_snmp.py::test_ft_snmp_test_syUpTime Hook end
2023-12-27 03:24:58.638563 = User Function system/test_snmp.py::test_ft_snmp_test_syUpTime Hook Finalize
2023-12-27 03:24:58.638780 = function system/test_snmp.py::test_ft_snmp_test_syUpTime clean start
2023-12-27 03:24:58.652321 = Test Time (2023-12-27 03:24:53.005854 - 2023-12-27 03:24:58.652314) Published
2023-12-27 03:24:58.657596 = function system/test_snmp.py::test_ft_snmp_test_syUpTime clean end
2023-12-27 03:24:58.657888 = Framework Function Hook Finalize
2023-12-27 03:24:58.659228 = Framework Function Hook Start
2023-12-27 03:24:58.659651 = function system/test_snmp.py::test_ft_snmp_sysDescr init start
2023-12-27 03:25:03.163533 = function system/test_snmp.py::test_ft_snmp_sysDescr init end
2023-12-27 03:25:03.164333 = Framework Function Hook end
2023-12-27 03:25:03.165495 = User Function system/test_snmp.py::test_ft_snmp_sysDescr Hook Start
2023-12-27 03:25:03.168815 = User Function system/test_snmp.py::test_ft_snmp_sysDescr Hook end
2023-12-27 03:25:06.346068 = User Function system/test_snmp.py::test_ft_snmp_sysDescr Hook Finalize
2023-12-27 03:25:06.346328 = function system/test_snmp.py::test_ft_snmp_sysDescr clean start
2023-12-27 03:25:06.362938 = Test Time (2023-12-27 03:24:58.659713 - 2023-12-27 03:25:06.362930) Published
2023-12-27 03:25:06.368597 = function system/test_snmp.py::test_ft_snmp_sysDescr clean end
2023-12-27 03:25:06.368880 = Framework Function Hook Finalize
2023-12-27 03:25:06.370430 = Framework Function Hook Start
2023-12-27 03:25:06.370920 = function system/test_snmp.py::test_ft_snmp_mib_2 init start
2023-12-27 03:25:10.952544 = function system/test_snmp.py::test_ft_snmp_mib_2 init end
2023-12-27 03:25:10.953092 = Framework Function Hook end
2023-12-27 03:25:10.953644 = User Function system/test_snmp.py::test_ft_snmp_mib_2 Hook Start
2023-12-27 03:25:10.958006 = User Function system/test_snmp.py::test_ft_snmp_mib_2 Hook end
2023-12-27 03:25:17.227516 = User Function system/test_snmp.py::test_ft_snmp_mib_2 Hook Finalize
2023-12-27 03:25:17.227836 = function system/test_snmp.py::test_ft_snmp_mib_2 clean start
2023-12-27 03:25:17.351513 = Test Time (2023-12-27 03:25:06.370988 - 2023-12-27 03:25:17.351500) Published
2023-12-27 03:25:17.357252 = function system/test_snmp.py::test_ft_snmp_mib_2 clean end
2023-12-27 03:25:17.357697 = Framework Function Hook Finalize
2023-12-27 03:25:17.359181 = Framework Function Hook Start
2023-12-27 03:25:17.359790 = function system/test_snmp.py::test_ft_snmp_if_mib_all init start
2023-12-27 03:25:21.790376 = function system/test_snmp.py::test_ft_snmp_if_mib_all init end
2023-12-27 03:25:21.791392 = Framework Function Hook end
2023-12-27 03:25:21.792018 = User Function system/test_snmp.py::test_ft_snmp_if_mib_all Hook Start
2023-12-27 03:25:21.794814 = User Function system/test_snmp.py::test_ft_snmp_if_mib_all Hook end
2023-12-27 03:25:21.957448 = User Function system/test_snmp.py::test_ft_snmp_if_mib_all Hook Finalize
2023-12-27 03:25:21.957687 = function system/test_snmp.py::test_ft_snmp_if_mib_all clean start
2023-12-27 03:25:21.979584 = Test Time (2023-12-27 03:25:17.359888 - 2023-12-27 03:25:21.979576) Published
2023-12-27 03:25:21.984782 = function system/test_snmp.py::test_ft_snmp_if_mib_all clean end
2023-12-27 03:25:21.985050 = Framework Function Hook Finalize
2023-12-27 03:25:21.986185 = Framework Function Hook Start
2023-12-27 03:25:21.986566 = function system/test_snmp.py::test_ft_snmp_entity_mib_all init start
2023-12-27 03:25:26.399736 = function system/test_snmp.py::test_ft_snmp_entity_mib_all init end
2023-12-27 03:25:26.400086 = Framework Function Hook end
2023-12-27 03:25:26.400390 = User Function system/test_snmp.py::test_ft_snmp_entity_mib_all Hook Start
2023-12-27 03:25:26.402911 = User Function system/test_snmp.py::test_ft_snmp_entity_mib_all Hook end
2023-12-27 03:25:26.456851 = User Function system/test_snmp.py::test_ft_snmp_entity_mib_all Hook Finalize
2023-12-27 03:25:26.457240 = function system/test_snmp.py::test_ft_snmp_entity_mib_all clean start
2023-12-27 03:25:26.473827 = Test Time (2023-12-27 03:25:21.986625 - 2023-12-27 03:25:26.473820) Published
2023-12-27 03:25:26.478849 = function system/test_snmp.py::test_ft_snmp_entity_mib_all clean end
2023-12-27 03:25:26.479131 = Framework Function Hook Finalize
2023-12-27 03:25:26.480147 = Framework Function Hook Start
2023-12-27 03:25:26.480525 = function system/test_snmp.py::test_ft_snmp_dot1q_dot1db_mib init start
2023-12-27 03:25:30.895456 = function system/test_snmp.py::test_ft_snmp_dot1q_dot1db_mib init end
2023-12-27 03:25:30.895841 = Framework Function Hook end
2023-12-27 03:25:30.896171 = User Function system/test_snmp.py::test_ft_snmp_dot1q_dot1db_mib Hook Start
2023-12-27 03:25:30.898817 = User Function system/test_snmp.py::test_ft_snmp_dot1q_dot1db_mib Hook end
2023-12-27 03:25:31.012813 = User Function system/test_snmp.py::test_ft_snmp_dot1q_dot1db_mib Hook Finalize
2023-12-27 03:25:31.013232 = function system/test_snmp.py::test_ft_snmp_dot1q_dot1db_mib clean start
2023-12-27 03:25:31.029006 = Test Time (2023-12-27 03:25:26.480585 - 2023-12-27 03:25:31.028999) Published
2023-12-27 03:25:31.034001 = function system/test_snmp.py::test_ft_snmp_dot1q_dot1db_mib clean end
2023-12-27 03:25:31.034291 = Framework Function Hook Finalize
2023-12-27 03:25:31.035359 = Framework Function Hook Start
2023-12-27 03:25:31.035750 = function system/test_snmp.py::test_ft_snmp_root_node_walk init start
2023-12-27 03:25:35.453923 = function system/test_snmp.py::test_ft_snmp_root_node_walk init end
2023-12-27 03:25:35.454882 = Framework Function Hook end
2023-12-27 03:25:35.455234 = User Function system/test_snmp.py::test_ft_snmp_root_node_walk Hook Start
2023-12-27 03:25:35.457933 = User Function system/test_snmp.py::test_ft_snmp_root_node_walk Hook end
2023-12-27 03:25:47.138167 = User Function system/test_snmp.py::test_ft_snmp_root_node_walk Hook Finalize
2023-12-27 03:25:47.138484 = function system/test_snmp.py::test_ft_snmp_root_node_walk clean start
2023-12-27 03:25:47.173503 = Test Time (2023-12-27 03:25:31.035812 - 2023-12-27 03:25:47.173494) Published
2023-12-27 03:25:47.178812 = function system/test_snmp.py::test_ft_snmp_root_node_walk clean end
2023-12-27 03:25:47.179148 = Framework Function Hook Finalize
2023-12-27 03:25:47.180542 = Framework Function Hook Start
2023-12-27 03:25:47.181043 = function system/test_snmp.py::test_ft_snmp_ipAddressRowStatus_ipv6 init start
2023-12-27 03:25:51.602104 = function system/test_snmp.py::test_ft_snmp_ipAddressRowStatus_ipv6 init end
2023-12-27 03:25:51.603052 = Framework Function Hook end
2023-12-27 03:25:51.603479 = User Function system/test_snmp.py::test_ft_snmp_ipAddressRowStatus_ipv6 Hook Start
2023-12-27 03:25:51.606272 = User Function system/test_snmp.py::test_ft_snmp_ipAddressRowStatus_ipv6 Hook end
2023-12-27 03:25:57.583535 = User Function system/test_snmp.py::test_ft_snmp_ipAddressRowStatus_ipv6 Hook Finalize
2023-12-27 03:25:57.583713 = function system/test_snmp.py::test_ft_snmp_ipAddressRowStatus_ipv6 clean start
2023-12-27 03:25:57.597253 = Test Time (2023-12-27 03:25:47.181105 - 2023-12-27 03:25:57.597245) Published
2023-12-27 03:25:57.602577 = function system/test_snmp.py::test_ft_snmp_ipAddressRowStatus_ipv6 clean end
2023-12-27 03:25:57.602935 = Framework Function Hook Finalize
2023-12-27 03:25:57.604016 = Framework Function Hook Start
2023-12-27 03:25:57.604424 = function system/test_snmp.py::test_ft_snmp_ipAddressStorageType_ipv6 init start
2023-12-27 03:26:02.020762 = function system/test_snmp.py::test_ft_snmp_ipAddressStorageType_ipv6 init end
2023-12-27 03:26:02.021155 = Framework Function Hook end
2023-12-27 03:26:02.021491 = User Function system/test_snmp.py::test_ft_snmp_ipAddressStorageType_ipv6 Hook Start
2023-12-27 03:26:02.024332 = User Function system/test_snmp.py::test_ft_snmp_ipAddressStorageType_ipv6 Hook end
2023-12-27 03:26:02.056080 = User Function system/test_snmp.py::test_ft_snmp_ipAddressStorageType_ipv6 Hook Finalize
2023-12-27 03:26:02.056253 = function system/test_snmp.py::test_ft_snmp_ipAddressStorageType_ipv6 clean start
2023-12-27 03:26:02.072274 = Test Time (2023-12-27 03:25:57.604489 - 2023-12-27 03:26:02.072267) Published
2023-12-27 03:26:02.077401 = function system/test_snmp.py::test_ft_snmp_ipAddressStorageType_ipv6 clean end
2023-12-27 03:26:02.077677 = Framework Function Hook Finalize
2023-12-27 03:26:02.078664 = Framework Function Hook Start
2023-12-27 03:26:02.079054 = function system/test_snmp.py::test_ft_snmp_ipv6_If_Forward_default_HopLimit init start
2023-12-27 03:26:06.512594 = function system/test_snmp.py::test_ft_snmp_ipv6_If_Forward_default_HopLimit init end
2023-12-27 03:26:06.513040 = Framework Function Hook end
2023-12-27 03:26:06.513612 = User Function system/test_snmp.py::test_ft_snmp_ipv6_If_Forward_default_HopLimit Hook Start
2023-12-27 03:26:06.516198 = User Function system/test_snmp.py::test_ft_snmp_ipv6_If_Forward_default_HopLimit Hook end
2023-12-27 03:26:06.558236 = User Function system/test_snmp.py::test_ft_snmp_ipv6_If_Forward_default_HopLimit Hook Finalize
2023-12-27 03:26:06.558574 = function system/test_snmp.py::test_ft_snmp_ipv6_If_Forward_default_HopLimit clean start
2023-12-27 03:26:06.573559 = Test Time (2023-12-27 03:26:02.079114 - 2023-12-27 03:26:06.573551) Published
2023-12-27 03:26:06.578620 = function system/test_snmp.py::test_ft_snmp_ipv6_If_Forward_default_HopLimit clean end
2023-12-27 03:26:06.578901 = Framework Function Hook Finalize
2023-12-27 03:26:06.579959 = Framework Function Hook Start
2023-12-27 03:26:06.580330 = function system/test_snmp.py::test_ft_snmp_ipv6scope_index_table init start
2023-12-27 03:26:11.055946 = function system/test_snmp.py::test_ft_snmp_ipv6scope_index_table init end
2023-12-27 03:26:11.056342 = Framework Function Hook end
2023-12-27 03:26:11.056674 = User Function system/test_snmp.py::test_ft_snmp_ipv6scope_index_table Hook Start
2023-12-27 03:26:11.059628 = User Function system/test_snmp.py::test_ft_snmp_ipv6scope_index_table Hook end
2023-12-27 03:26:11.115433 = User Function system/test_snmp.py::test_ft_snmp_ipv6scope_index_table Hook Finalize
2023-12-27 03:26:11.115620 = function system/test_snmp.py::test_ft_snmp_ipv6scope_index_table clean start
2023-12-27 03:26:11.130750 = Test Time (2023-12-27 03:26:06.580388 - 2023-12-27 03:26:11.130742) Published
2023-12-27 03:26:11.135815 = function system/test_snmp.py::test_ft_snmp_ipv6scope_index_table clean end
2023-12-27 03:26:11.136067 = Framework Function Hook Finalize
2023-12-27 03:26:11.137015 = Framework Function Hook Start
2023-12-27 03:26:11.137385 = function system/test_snmp.py::test_ft_snmp_ip_forward_table init start
2023-12-27 03:26:15.548504 = function system/test_snmp.py::test_ft_snmp_ip_forward_table init end
2023-12-27 03:26:15.548830 = Framework Function Hook end
2023-12-27 03:26:15.549129 = User Function system/test_snmp.py::test_ft_snmp_ip_forward_table Hook Start
2023-12-27 03:26:15.551642 = User Function system/test_snmp.py::test_ft_snmp_ip_forward_table Hook end
2023-12-27 03:26:18.225440 = User Function system/test_snmp.py::test_ft_snmp_ip_forward_table Hook Finalize
2023-12-27 03:26:18.225616 = function system/test_snmp.py::test_ft_snmp_ip_forward_table clean start
2023-12-27 03:26:18.237800 = Test Time (2023-12-27 03:26:11.137444 - 2023-12-27 03:26:18.237793) Published
2023-12-27 03:26:18.242786 = function system/test_snmp.py::test_ft_snmp_ip_forward_table clean end
2023-12-27 03:26:18.243050 = Framework Function Hook Finalize
2023-12-27 03:26:18.244019 = Framework Function Hook Start
2023-12-27 03:26:18.244390 = function system/test_snmp.py::test_ft_snmp_ifx_table init start
2023-12-27 03:26:23.697504 = function system/test_snmp.py::test_ft_snmp_ifx_table init end
2023-12-27 03:26:23.697849 = Framework Function Hook end
2023-12-27 03:26:23.698151 = User Function system/test_snmp.py::test_ft_snmp_ifx_table Hook Start
2023-12-27 03:26:23.700664 = User Function system/test_snmp.py::test_ft_snmp_ifx_table Hook end
2023-12-27 03:26:23.859589 = User Function system/test_snmp.py::test_ft_snmp_ifx_table Hook Finalize
2023-12-27 03:26:23.859776 = function system/test_snmp.py::test_ft_snmp_ifx_table clean start
2023-12-27 03:26:23.874861 = Test Time (2023-12-27 03:26:18.244449 - 2023-12-27 03:26:23.874853) Published
2023-12-27 03:26:23.879883 = function system/test_snmp.py::test_ft_snmp_ifx_table clean end
2023-12-27 03:26:23.880157 = Framework Function Hook Finalize
2023-12-27 03:26:23.881201 = Framework Function Hook Start
2023-12-27 03:26:23.881596 = function system/test_snmp.py::test_ft_snmp_ip_System_Stats_Table init start
2023-12-27 03:26:28.245514 = function system/test_snmp.py::test_ft_snmp_ip_System_Stats_Table init end
2023-12-27 03:26:28.245932 = Framework Function Hook end
2023-12-27 03:26:28.246338 = User Function system/test_snmp.py::test_ft_snmp_ip_System_Stats_Table Hook Start
2023-12-27 03:26:28.249750 = User Function system/test_snmp.py::test_ft_snmp_ip_System_Stats_Table Hook end
2023-12-27 03:26:28.298331 = User Function system/test_snmp.py::test_ft_snmp_ip_System_Stats_Table Hook Finalize
2023-12-27 03:26:28.298509 = function system/test_snmp.py::test_ft_snmp_ip_System_Stats_Table clean start
2023-12-27 03:26:28.314420 = Test Time (2023-12-27 03:26:23.881654 - 2023-12-27 03:26:28.314413) Published
2023-12-27 03:26:28.319379 = function system/test_snmp.py::test_ft_snmp_ip_System_Stats_Table clean end
2023-12-27 03:26:28.319647 = Framework Function Hook Finalize
2023-12-27 03:26:28.320651 = Framework Function Hook Start
2023-12-27 03:26:28.321043 = function system/test_snmp.py::test_ft_snmp_ip_IfStats_Table init start
2023-12-27 03:26:32.749238 = function system/test_snmp.py::test_ft_snmp_ip_IfStats_Table init end
2023-12-27 03:26:32.750145 = Framework Function Hook end
2023-12-27 03:26:32.750946 = User Function system/test_snmp.py::test_ft_snmp_ip_IfStats_Table Hook Start
2023-12-27 03:26:32.753666 = User Function system/test_snmp.py::test_ft_snmp_ip_IfStats_Table Hook end
2023-12-27 03:26:33.041129 = User Function system/test_snmp.py::test_ft_snmp_ip_IfStats_Table Hook Finalize
2023-12-27 03:26:33.041358 = function system/test_snmp.py::test_ft_snmp_ip_IfStats_Table clean start
2023-12-27 03:26:33.057202 = Test Time (2023-12-27 03:26:28.321102 - 2023-12-27 03:26:33.057194) Published
2023-12-27 03:26:33.062237 = function system/test_snmp.py::test_ft_snmp_ip_IfStats_Table clean end
2023-12-27 03:26:33.062508 = Framework Function Hook Finalize
2023-12-27 03:26:33.063513 = Framework Function Hook Start
2023-12-27 03:26:33.063893 = function system/test_snmp.py::test_ft_snmp_ip_Address_Table init start
2023-12-27 03:26:37.475378 = function system/test_snmp.py::test_ft_snmp_ip_Address_Table init end
2023-12-27 03:26:37.475956 = Framework Function Hook end
2023-12-27 03:26:37.476455 = User Function system/test_snmp.py::test_ft_snmp_ip_Address_Table Hook Start
2023-12-27 03:26:37.481142 = User Function system/test_snmp.py::test_ft_snmp_ip_Address_Table Hook end
2023-12-27 03:26:37.534770 = User Function system/test_snmp.py::test_ft_snmp_ip_Address_Table Hook Finalize
2023-12-27 03:26:37.535001 = function system/test_snmp.py::test_ft_snmp_ip_Address_Table clean start
2023-12-27 03:26:37.552181 = Test Time (2023-12-27 03:26:33.063952 - 2023-12-27 03:26:37.552173) Published
2023-12-27 03:26:37.557558 = function system/test_snmp.py::test_ft_snmp_ip_Address_Table clean end
2023-12-27 03:26:37.557813 = Framework Function Hook Finalize
2023-12-27 03:26:37.558879 = Framework Function Hook Start
2023-12-27 03:26:37.559277 = function system/test_snmp.py::test_ft_snmp_ip_NetToPhysical_Table init start
2023-12-27 03:26:41.990606 = function system/test_snmp.py::test_ft_snmp_ip_NetToPhysical_Table init end
2023-12-27 03:26:41.991116 = Framework Function Hook end
2023-12-27 03:26:41.991721 = User Function system/test_snmp.py::test_ft_snmp_ip_NetToPhysical_Table Hook Start
2023-12-27 03:26:41.994576 = User Function system/test_snmp.py::test_ft_snmp_ip_NetToPhysical_Table Hook end
2023-12-27 03:26:42.033464 = User Function system/test_snmp.py::test_ft_snmp_ip_NetToPhysical_Table Hook Finalize
2023-12-27 03:26:42.033718 = function system/test_snmp.py::test_ft_snmp_ip_NetToPhysical_Table clean start
2023-12-27 03:26:42.050906 = Test Time (2023-12-27 03:26:37.559339 - 2023-12-27 03:26:42.050899) Published
2023-12-27 03:26:42.056126 = function system/test_snmp.py::test_ft_snmp_ip_NetToPhysical_Table clean end
2023-12-27 03:26:42.056394 = Framework Function Hook Finalize
2023-12-27 03:26:42.057456 = Framework Function Hook Start
2023-12-27 03:26:42.057838 = function system/test_snmp.py::test_ft_snmp_icmp_Msgs init start
2023-12-27 03:26:46.485420 = function system/test_snmp.py::test_ft_snmp_icmp_Msgs init end
2023-12-27 03:26:46.485833 = Framework Function Hook end
2023-12-27 03:26:46.486137 = User Function system/test_snmp.py::test_ft_snmp_icmp_Msgs Hook Start
2023-12-27 03:26:46.488671 = User Function system/test_snmp.py::test_ft_snmp_icmp_Msgs Hook end
2023-12-27 03:26:46.531551 = User Function system/test_snmp.py::test_ft_snmp_icmp_Msgs Hook Finalize
2023-12-27 03:26:46.531763 = function system/test_snmp.py::test_ft_snmp_icmp_Msgs clean start
2023-12-27 03:26:46.546828 = Test Time (2023-12-27 03:26:42.057898 - 2023-12-27 03:26:46.546820) Published
2023-12-27 03:26:46.552369 = function system/test_snmp.py::test_ft_snmp_icmp_Msgs clean end
2023-12-27 03:26:46.552637 = Framework Function Hook Finalize
2023-12-27 03:26:46.553589 = Framework Function Hook Start
2023-12-27 03:26:46.553971 = function system/test_snmp.py::test_ft_snmp_tcp_mib init start
2023-12-27 03:26:51.022824 = function system/test_snmp.py::test_ft_snmp_tcp_mib init end
2023-12-27 03:26:51.023172 = Framework Function Hook end
2023-12-27 03:26:51.023477 = User Function system/test_snmp.py::test_ft_snmp_tcp_mib Hook Start
2023-12-27 03:26:51.025896 = User Function system/test_snmp.py::test_ft_snmp_tcp_mib Hook end
2023-12-27 03:27:06.685821 = User Function system/test_snmp.py::test_ft_snmp_tcp_mib Hook Finalize
2023-12-27 03:27:06.686094 = function system/test_snmp.py::test_ft_snmp_tcp_mib clean start
2023-12-27 03:27:06.724213 = Test Time (2023-12-27 03:26:46.554031 - 2023-12-27 03:27:06.724202) Published
2023-12-27 03:27:06.729771 = function system/test_snmp.py::test_ft_snmp_tcp_mib clean end
2023-12-27 03:27:06.730113 = Framework Function Hook Finalize
2023-12-27 03:27:06.731813 = Framework Function Hook Start
2023-12-27 03:27:06.732416 = function system/test_snmp.py::test_ft_snmp_udp_mib init start
2023-12-27 03:27:11.205578 = function system/test_snmp.py::test_ft_snmp_udp_mib init end
2023-12-27 03:27:11.206421 = Framework Function Hook end
2023-12-27 03:27:11.207073 = User Function system/test_snmp.py::test_ft_snmp_udp_mib Hook Start
2023-12-27 03:27:11.209516 = User Function system/test_snmp.py::test_ft_snmp_udp_mib Hook end
2023-12-27 03:27:11.260142 = User Function system/test_snmp.py::test_ft_snmp_udp_mib Hook Finalize
2023-12-27 03:27:11.260321 = function system/test_snmp.py::test_ft_snmp_udp_mib clean start
2023-12-27 03:27:11.274777 = Test Time (2023-12-27 03:27:06.732482 - 2023-12-27 03:27:11.274769) Published
2023-12-27 03:27:11.279866 = function system/test_snmp.py::test_ft_snmp_udp_mib clean end
2023-12-27 03:27:11.280133 = Framework Function Hook Finalize
2023-12-27 03:27:11.281165 = Framework Function Hook Start
2023-12-27 03:27:11.281543 = function system/test_snmp.py::test_ft_snmp_snmpv2_mib init start
2023-12-27 03:27:15.742994 = function system/test_snmp.py::test_ft_snmp_snmpv2_mib init end
2023-12-27 03:27:15.743372 = Framework Function Hook end
2023-12-27 03:27:15.743715 = User Function system/test_snmp.py::test_ft_snmp_snmpv2_mib Hook Start
2023-12-27 03:27:15.746586 = User Function system/test_snmp.py::test_ft_snmp_snmpv2_mib Hook end
2023-12-27 03:27:15.785305 = User Function system/test_snmp.py::test_ft_snmp_snmpv2_mib Hook Finalize
2023-12-27 03:27:15.785481 = function system/test_snmp.py::test_ft_snmp_snmpv2_mib clean start
2023-12-27 03:27:15.804279 = Test Time (2023-12-27 03:27:11.281602 - 2023-12-27 03:27:15.804271) Published
2023-12-27 03:27:15.809619 = function system/test_snmp.py::test_ft_snmp_snmpv2_mib clean end
2023-12-27 03:27:15.809880 = Framework Function Hook Finalize
2023-12-27 03:27:15.810901 = Framework Function Hook Start
2023-12-27 03:27:15.811285 = function system/test_snmp.py::test_ft_snmp_host_resource_mib init start
2023-12-27 03:27:20.193239 = function system/test_snmp.py::test_ft_snmp_host_resource_mib init end
2023-12-27 03:27:20.193735 = Framework Function Hook end
2023-12-27 03:27:20.194326 = User Function system/test_snmp.py::test_ft_snmp_host_resource_mib Hook Start
2023-12-27 03:27:20.196865 = User Function system/test_snmp.py::test_ft_snmp_host_resource_mib Hook end
2023-12-27 03:27:20.395786 = User Function system/test_snmp.py::test_ft_snmp_host_resource_mib Hook Finalize
2023-12-27 03:27:20.395988 = function system/test_snmp.py::test_ft_snmp_host_resource_mib clean start
2023-12-27 03:27:20.412434 = Test Time (2023-12-27 03:27:15.811345 - 2023-12-27 03:27:20.412427) Published
2023-12-27 03:27:20.417726 = function system/test_snmp.py::test_ft_snmp_host_resource_mib clean end
2023-12-27 03:27:20.417998 = Framework Function Hook Finalize
2023-12-27 03:27:20.419103 = Framework Function Hook Start
2023-12-27 03:27:20.419505 = function system/test_snmp.py::test_ft_snmp_framework_mib init start
2023-12-27 03:27:24.784509 = function system/test_snmp.py::test_ft_snmp_framework_mib init end
2023-12-27 03:27:24.784887 = Framework Function Hook end
2023-12-27 03:27:24.785218 = User Function system/test_snmp.py::test_ft_snmp_framework_mib Hook Start
2023-12-27 03:27:24.787875 = User Function system/test_snmp.py::test_ft_snmp_framework_mib Hook end
2023-12-27 03:27:24.815860 = User Function system/test_snmp.py::test_ft_snmp_framework_mib Hook Finalize
2023-12-27 03:27:24.816165 = function system/test_snmp.py::test_ft_snmp_framework_mib clean start
2023-12-27 03:27:24.832526 = Test Time (2023-12-27 03:27:20.419563 - 2023-12-27 03:27:24.832518) Published
2023-12-27 03:27:24.837619 = function system/test_snmp.py::test_ft_snmp_framework_mib clean end
2023-12-27 03:27:24.837903 = Framework Function Hook Finalize
2023-12-27 03:27:24.838939 = Framework Function Hook Start
2023-12-27 03:27:24.839352 = function system/test_snmp.py::test_ft_snmp_mpd_mib init start
2023-12-27 03:27:29.315477 = function system/test_snmp.py::test_ft_snmp_mpd_mib init end
2023-12-27 03:27:29.316419 = Framework Function Hook end
2023-12-27 03:27:29.317219 = User Function system/test_snmp.py::test_ft_snmp_mpd_mib Hook Start
2023-12-27 03:27:29.321126 = User Function system/test_snmp.py::test_ft_snmp_mpd_mib Hook end
2023-12-27 03:27:29.343822 = User Function system/test_snmp.py::test_ft_snmp_mpd_mib Hook Finalize
2023-12-27 03:27:29.344081 = function system/test_snmp.py::test_ft_snmp_mpd_mib clean start
2023-12-27 03:27:29.361413 = Test Time (2023-12-27 03:27:24.839416 - 2023-12-27 03:27:29.361405) Published
2023-12-27 03:27:29.366478 = function system/test_snmp.py::test_ft_snmp_mpd_mib clean end
2023-12-27 03:27:29.366771 = Framework Function Hook Finalize
2023-12-27 03:27:29.367796 = Framework Function Hook Start
2023-12-27 03:27:29.368196 = function system/test_snmp.py::test_ft_snmp_target_mib init start
2023-12-27 03:27:33.732425 = function system/test_snmp.py::test_ft_snmp_target_mib init end
2023-12-27 03:27:33.733268 = Framework Function Hook end
2023-12-27 03:27:33.733989 = User Function system/test_snmp.py::test_ft_snmp_target_mib Hook Start
2023-12-27 03:27:33.737238 = User Function system/test_snmp.py::test_ft_snmp_target_mib Hook end
2023-12-27 03:27:33.771318 = User Function system/test_snmp.py::test_ft_snmp_target_mib Hook Finalize
2023-12-27 03:27:33.771492 = function system/test_snmp.py::test_ft_snmp_target_mib clean start
2023-12-27 03:27:33.787632 = Test Time (2023-12-27 03:27:29.368258 - 2023-12-27 03:27:33.787625) Published
2023-12-27 03:27:33.792770 = function system/test_snmp.py::test_ft_snmp_target_mib clean end
2023-12-27 03:27:33.793045 = Framework Function Hook Finalize
2023-12-27 03:27:33.794058 = Framework Function Hook Start
2023-12-27 03:27:33.794448 = function system/test_snmp.py::test_ft_snmp_notification_mib init start
2023-12-27 03:27:38.231933 = function system/test_snmp.py::test_ft_snmp_notification_mib init end
2023-12-27 03:27:38.232785 = Framework Function Hook end
2023-12-27 03:27:38.233507 = User Function system/test_snmp.py::test_ft_snmp_notification_mib Hook Start
2023-12-27 03:27:38.237069 = User Function system/test_snmp.py::test_ft_snmp_notification_mib Hook end
2023-12-27 03:27:38.261748 = User Function system/test_snmp.py::test_ft_snmp_notification_mib Hook Finalize
2023-12-27 03:27:38.262013 = function system/test_snmp.py::test_ft_snmp_notification_mib clean start
2023-12-27 03:27:38.279523 = Test Time (2023-12-27 03:27:33.794511 - 2023-12-27 03:27:38.279516) Published
2023-12-27 03:27:38.284602 = function system/test_snmp.py::test_ft_snmp_notification_mib clean end
2023-12-27 03:27:38.284872 = Framework Function Hook Finalize
2023-12-27 03:27:38.285833 = Framework Function Hook Start
2023-12-27 03:27:38.286211 = function system/test_snmp.py::test_ft_snmp_user_based_sm_mib init start
2023-12-27 03:27:42.649630 = function system/test_snmp.py::test_ft_snmp_user_based_sm_mib init end
2023-12-27 03:27:42.649984 = Framework Function Hook end
2023-12-27 03:27:42.650307 = User Function system/test_snmp.py::test_ft_snmp_user_based_sm_mib Hook Start
2023-12-27 03:27:42.652830 = User Function system/test_snmp.py::test_ft_snmp_user_based_sm_mib Hook end
2023-12-27 03:27:42.683955 = User Function system/test_snmp.py::test_ft_snmp_user_based_sm_mib Hook Finalize
2023-12-27 03:27:42.684133 = function system/test_snmp.py::test_ft_snmp_user_based_sm_mib clean start
2023-12-27 03:27:42.700083 = Test Time (2023-12-27 03:27:38.286271 - 2023-12-27 03:27:42.700076) Published
2023-12-27 03:27:42.705147 = function system/test_snmp.py::test_ft_snmp_user_based_sm_mib clean end
2023-12-27 03:27:42.705414 = Framework Function Hook Finalize
2023-12-27 03:27:42.706416 = Framework Function Hook Start
2023-12-27 03:27:42.706904 = function system/test_snmp.py::test_ft_snmp_view_based_acm_mib init start
2023-12-27 03:27:47.130597 = function system/test_snmp.py::test_ft_snmp_view_based_acm_mib init end
2023-12-27 03:27:47.131423 = Framework Function Hook end
2023-12-27 03:27:47.131825 = User Function system/test_snmp.py::test_ft_snmp_view_based_acm_mib Hook Start
2023-12-27 03:27:47.135499 = User Function system/test_snmp.py::test_ft_snmp_view_based_acm_mib Hook end
2023-12-27 03:27:47.184311 = User Function system/test_snmp.py::test_ft_snmp_view_based_acm_mib Hook Finalize
2023-12-27 03:27:47.184496 = function system/test_snmp.py::test_ft_snmp_view_based_acm_mib clean start
2023-12-27 03:27:47.203204 = Test Time (2023-12-27 03:27:42.706970 - 2023-12-27 03:27:47.203197) Published
2023-12-27 03:27:47.208247 = function system/test_snmp.py::test_ft_snmp_view_based_acm_mib clean end
2023-12-27 03:27:47.208515 = Framework Function Hook Finalize
2023-12-27 03:27:47.209767 = Framework Function Hook Start
2023-12-27 03:27:47.210178 = function system/test_snmp.py::test_ft_snmp_ent_physical_table init start
2023-12-27 03:27:51.624299 = function system/test_snmp.py::test_ft_snmp_ent_physical_table init end
2023-12-27 03:27:51.625161 = Framework Function Hook end
2023-12-27 03:27:51.625930 = User Function system/test_snmp.py::test_ft_snmp_ent_physical_table Hook Start
2023-12-27 03:27:51.629078 = User Function system/test_snmp.py::test_ft_snmp_ent_physical_table Hook end
2023-12-27 03:27:51.677796 = User Function system/test_snmp.py::test_ft_snmp_ent_physical_table Hook Finalize
2023-12-27 03:27:51.678016 = function system/test_snmp.py::test_ft_snmp_ent_physical_table clean start
2023-12-27 03:27:51.694675 = Test Time (2023-12-27 03:27:47.210238 - 2023-12-27 03:27:51.694668) Published
2023-12-27 03:27:51.699757 = function system/test_snmp.py::test_ft_snmp_ent_physical_table clean end
2023-12-27 03:27:51.700039 = Framework Function Hook Finalize
2023-12-27 03:27:51.701073 = Framework Function Hook Start
2023-12-27 03:27:51.701457 = function system/test_snmp.py::test_ft_snmp_dot3_stats_table init start
2023-12-27 03:27:56.144845 = function system/test_snmp.py::test_ft_snmp_dot3_stats_table init end
2023-12-27 03:27:56.145465 = Framework Function Hook end
2023-12-27 03:27:56.146171 = User Function system/test_snmp.py::test_ft_snmp_dot3_stats_table Hook Start
2023-12-27 03:27:56.148903 = User Function system/test_snmp.py::test_ft_snmp_dot3_stats_table Hook end
2023-12-27 03:27:56.207235 = User Function system/test_snmp.py::test_ft_snmp_dot3_stats_table Hook Finalize
2023-12-27 03:27:56.207428 = function system/test_snmp.py::test_ft_snmp_dot3_stats_table clean start
2023-12-27 03:27:56.222799 = Test Time (2023-12-27 03:27:51.701518 - 2023-12-27 03:27:56.222792) Published
2023-12-27 03:27:56.228267 = function system/test_snmp.py::test_ft_snmp_dot3_stats_table clean end
2023-12-27 03:27:56.228538 = Framework Function Hook Finalize
2023-12-27 03:27:56.229766 = Framework Function Hook Start
2023-12-27 03:27:56.230151 = function system/test_snmp.py::test_ft_net_snmp_agent_mib init start
2023-12-27 03:28:00.796407 = function system/test_snmp.py::test_ft_net_snmp_agent_mib init end
2023-12-27 03:28:00.797291 = Framework Function Hook end
2023-12-27 03:28:00.798065 = User Function system/test_snmp.py::test_ft_net_snmp_agent_mib Hook Start
2023-12-27 03:28:00.801240 = User Function system/test_snmp.py::test_ft_net_snmp_agent_mib Hook end
2023-12-27 03:28:01.234493 = User Function system/test_snmp.py::test_ft_net_snmp_agent_mib Hook Finalize
2023-12-27 03:28:01.234697 = function system/test_snmp.py::test_ft_net_snmp_agent_mib clean start
2023-12-27 03:28:01.250025 = Test Time (2023-12-27 03:27:56.230213 - 2023-12-27 03:28:01.250017) Published
2023-12-27 03:28:01.255021 = function system/test_snmp.py::test_ft_net_snmp_agent_mib clean end
2023-12-27 03:28:01.255291 = Framework Function Hook Finalize
2023-12-27 03:28:01.256297 = Framework Function Hook Start
2023-12-27 03:28:01.256684 = function system/test_snmp.py::test_ft_net_snmp_vacm_mib init start
2023-12-27 03:28:05.718005 = function system/test_snmp.py::test_ft_net_snmp_vacm_mib init end
2023-12-27 03:28:05.719144 = Framework Function Hook end
2023-12-27 03:28:05.719502 = User Function system/test_snmp.py::test_ft_net_snmp_vacm_mib Hook Start
2023-12-27 03:28:05.722032 = User Function system/test_snmp.py::test_ft_net_snmp_vacm_mib Hook end
2023-12-27 03:28:05.761671 = User Function system/test_snmp.py::test_ft_net_snmp_vacm_mib Hook Finalize
2023-12-27 03:28:05.761908 = function system/test_snmp.py::test_ft_net_snmp_vacm_mib clean start
2023-12-27 03:28:05.779354 = Test Time (2023-12-27 03:28:01.256744 - 2023-12-27 03:28:05.779343) Published
2023-12-27 03:28:05.784503 = function system/test_snmp.py::test_ft_net_snmp_vacm_mib clean end
2023-12-27 03:28:05.784773 = Framework Function Hook Finalize
2023-12-27 03:28:05.785817 = Framework Function Hook Start
2023-12-27 03:28:05.786207 = function system/test_snmp.py::test_ft_snmp_ucd_diskio_mib init start
2023-12-27 03:28:10.249330 = function system/test_snmp.py::test_ft_snmp_ucd_diskio_mib init end
2023-12-27 03:28:10.250413 = Framework Function Hook end
2023-12-27 03:28:10.251285 = User Function system/test_snmp.py::test_ft_snmp_ucd_diskio_mib Hook Start
2023-12-27 03:28:10.259104 = User Function system/test_snmp.py::test_ft_snmp_ucd_diskio_mib Hook end
2023-12-27 03:28:10.319965 = User Function system/test_snmp.py::test_ft_snmp_ucd_diskio_mib Hook Finalize
2023-12-27 03:28:10.320151 = function system/test_snmp.py::test_ft_snmp_ucd_diskio_mib clean start
2023-12-27 03:28:10.336878 = Test Time (2023-12-27 03:28:05.786269 - 2023-12-27 03:28:10.336871) Published
2023-12-27 03:28:10.342106 = function system/test_snmp.py::test_ft_snmp_ucd_diskio_mib clean end
2023-12-27 03:28:10.342383 = Framework Function Hook Finalize
2023-12-27 03:28:10.343441 = Framework Function Hook Start
2023-12-27 03:28:10.343856 = function system/test_snmp.py::test_ft_snmp_ucd_la_table init start
2023-12-27 03:28:14.719717 = function system/test_snmp.py::test_ft_snmp_ucd_la_table init end
2023-12-27 03:28:14.720190 = Framework Function Hook end
2023-12-27 03:28:14.720755 = User Function system/test_snmp.py::test_ft_snmp_ucd_la_table Hook Start
2023-12-27 03:28:14.723392 = User Function system/test_snmp.py::test_ft_snmp_ucd_la_table Hook end
2023-12-27 03:28:14.758488 = User Function system/test_snmp.py::test_ft_snmp_ucd_la_table Hook Finalize
2023-12-27 03:28:14.758716 = function system/test_snmp.py::test_ft_snmp_ucd_la_table clean start
2023-12-27 03:28:14.774561 = Test Time (2023-12-27 03:28:10.343919 - 2023-12-27 03:28:14.774554) Published
2023-12-27 03:28:14.779657 = function system/test_snmp.py::test_ft_snmp_ucd_la_table clean end
2023-12-27 03:28:14.779917 = Framework Function Hook Finalize
2023-12-27 03:28:14.780965 = Framework Function Hook Start
2023-12-27 03:28:14.781352 = function system/test_snmp.py::test_ft_snmp_ucd_system_stats init start
2023-12-27 03:28:19.161546 = function system/test_snmp.py::test_ft_snmp_ucd_system_stats init end
2023-12-27 03:28:19.162437 = Framework Function Hook end
2023-12-27 03:28:19.163227 = User Function system/test_snmp.py::test_ft_snmp_ucd_system_stats Hook Start
2023-12-27 03:28:19.165797 = User Function system/test_snmp.py::test_ft_snmp_ucd_system_stats Hook end
2023-12-27 03:28:19.201489 = User Function system/test_snmp.py::test_ft_snmp_ucd_system_stats Hook Finalize
2023-12-27 03:28:19.201807 = function system/test_snmp.py::test_ft_snmp_ucd_system_stats clean start
2023-12-27 03:28:19.216145 = Test Time (2023-12-27 03:28:14.781418 - 2023-12-27 03:28:19.216138) Published
2023-12-27 03:28:19.221108 = function system/test_snmp.py::test_ft_snmp_ucd_system_stats clean end
2023-12-27 03:28:19.221379 = Framework Function Hook Finalize
2023-12-27 03:28:19.222331 = Framework Function Hook Start
2023-12-27 03:28:19.222705 = function system/test_snmp.py::test_ft_snmp_dot1q_tp_fdb_port init start
2023-12-27 03:28:23.658274 = function system/test_snmp.py::test_ft_snmp_dot1q_tp_fdb_port init end
2023-12-27 03:28:23.658620 = Framework Function Hook end
2023-12-27 03:28:23.658947 = User Function system/test_snmp.py::test_ft_snmp_dot1q_tp_fdb_port Hook Start
2023-12-27 03:28:23.661377 = User Function system/test_snmp.py::test_ft_snmp_dot1q_tp_fdb_port Hook end
2023-12-27 03:28:24.932306 = User Function system/test_snmp.py::test_ft_snmp_dot1q_tp_fdb_port Hook Finalize
2023-12-27 03:28:24.932487 = function system/test_snmp.py::test_ft_snmp_dot1q_tp_fdb_port clean start
2023-12-27 03:28:24.946155 = Test Time (2023-12-27 03:28:19.222766 - 2023-12-27 03:28:24.946147) Published
2023-12-27 03:28:24.951376 = function system/test_snmp.py::test_ft_snmp_dot1q_tp_fdb_port clean end
2023-12-27 03:28:24.951658 = Framework Function Hook Finalize
2023-12-27 03:28:24.952675 = Framework Function Hook Start
2023-12-27 03:28:24.953064 = function system/test_snmp.py::test_ft_snmp_dot1q_tp_fdb_address init start
2023-12-27 03:28:29.380921 = function system/test_snmp.py::test_ft_snmp_dot1q_tp_fdb_address init end
2023-12-27 03:28:29.381318 = Framework Function Hook end
2023-12-27 03:28:29.381653 = User Function system/test_snmp.py::test_ft_snmp_dot1q_tp_fdb_address Hook Start
2023-12-27 03:28:29.384632 = User Function system/test_snmp.py::test_ft_snmp_dot1q_tp_fdb_address Hook end
2023-12-27 03:28:29.763950 = User Function system/test_snmp.py::test_ft_snmp_dot1q_tp_fdb_address Hook Finalize
2023-12-27 03:28:29.764170 = function system/test_snmp.py::test_ft_snmp_dot1q_tp_fdb_address clean start
2023-12-27 03:28:29.780557 = Test Time (2023-12-27 03:28:24.953126 - 2023-12-27 03:28:29.780550) Published
2023-12-27 03:28:29.785627 = function system/test_snmp.py::test_ft_snmp_dot1q_tp_fdb_address clean end
2023-12-27 03:28:29.785894 = Framework Function Hook Finalize
2023-12-27 03:28:29.786910 = Framework Function Hook Start
2023-12-27 03:28:29.787291 = function system/test_snmp.py::test_ft_snmp_coldstart_trap init start
2023-12-27 03:28:34.271807 = function system/test_snmp.py::test_ft_snmp_coldstart_trap init end
2023-12-27 03:28:34.272742 = Framework Function Hook end
2023-12-27 03:28:34.273535 = User Function system/test_snmp.py::test_ft_snmp_coldstart_trap Hook Start
2023-12-27 03:28:34.277293 = User Function system/test_snmp.py::test_ft_snmp_coldstart_trap Hook end
2023-12-27 03:28:48.493946 = User Function system/test_snmp.py::test_ft_snmp_coldstart_trap Hook Finalize
2023-12-27 03:28:48.494144 = function system/test_snmp.py::test_ft_snmp_coldstart_trap clean start
2023-12-27 03:28:48.519984 = Test Time (2023-12-27 03:28:29.787350 - 2023-12-27 03:28:48.519975) Published
2023-12-27 03:28:48.524978 = function system/test_snmp.py::test_ft_snmp_coldstart_trap clean end
2023-12-27 03:28:48.525277 = Framework Function Hook Finalize
2023-12-27 03:28:48.526265 = Framework Function Hook Start
2023-12-27 03:28:48.526645 = function system/test_snmp.py::test_ft_snmp_docker_restart init start
2023-12-27 03:28:52.989794 = function system/test_snmp.py::test_ft_snmp_docker_restart init end
2023-12-27 03:28:52.990618 = Framework Function Hook end
2023-12-27 03:28:52.991081 = User Function system/test_snmp.py::test_ft_snmp_docker_restart Hook Start
2023-12-27 03:28:52.993554 = User Function system/test_snmp.py::test_ft_snmp_docker_restart Hook end
2023-12-27 03:29:04.707770 = User Function system/test_snmp.py::test_ft_snmp_docker_restart Hook Finalize
2023-12-27 03:29:04.707948 = function system/test_snmp.py::test_ft_snmp_docker_restart clean start
2023-12-27 03:29:04.732561 = Test Time (2023-12-27 03:28:48.526716 - 2023-12-27 03:29:04.732552) Published
2023-12-27 03:29:04.737463 = function system/test_snmp.py::test_ft_snmp_docker_restart clean end
2023-12-27 03:29:04.737741 = Framework Function Hook Finalize
2023-12-27 03:29:48.045096 = User Module system/test_snmp.py Hook Finalize
2023-12-27 03:29:48.045501 = module test_snmp.py clean start
2023-12-27 03:30:14.150342 = report file generation start
2023-12-27 03:30:14.241972 = report file generation end
2023-12-27 03:30:14.247142 = module test_snmp.py clean end
2023-12-27 03:30:14.247787 = Framework Module Hook Finalize
2023-12-27 03:30:14.336496 = Framework Module Hook Start
2023-12-27 03:30:14.750775 = module test_spytest_infra_1.py init start
2023-12-27 03:31:16.781129 = module test_spytest_infra_1.py init end
2023-12-27 03:31:16.782599 = Framework Module Hook end
2023-12-27 03:31:16.784481 = Framework Function Hook Start
2023-12-27 03:31:19.869550 = function batch/test_spytest_infra_1.py::test_spytest_infra_last init start
2023-12-27 03:31:24.221103 = function batch/test_spytest_infra_1.py::test_spytest_infra_last init end
2023-12-27 03:31:24.222007 = Framework Function Hook end
2023-12-27 03:31:24.224414 = Module Config Time (2023-12-27 03:30:14.336668 - 2023-12-27 03:31:16.784728) Published
2023-12-27 03:31:24.227483 = function batch/test_spytest_infra_1.py::test_spytest_infra_last clean start
2023-12-27 03:31:24.236353 = Test Time (2023-12-27 03:31:19.869639 - 2023-12-27 03:31:24.236346) Published
2023-12-27 03:31:24.241285 = function batch/test_spytest_infra_1.py::test_spytest_infra_last clean end
2023-12-27 03:31:24.241538 = Framework Function Hook Finalize
2023-12-27 03:31:24.241687 = module test_spytest_infra_1.py clean start
2023-12-27 03:31:26.584150 = report file generation start
2023-12-27 03:31:26.673748 = report file generation end
2023-12-27 03:31:26.678445 = module test_spytest_infra_1.py clean end
2023-12-27 03:31:26.678802 = Framework Module Hook Finalize
2023-12-27 03:31:26.679228 = session clean start
2023-12-27 03:31:26.688129 = report file generation start
2023-12-27 03:31:26.775682 = report file generation end
2023-12-27 03:31:27.476943 = session clean end
