2023-12-27 03:15:17,611 T0002: [D1-V1] ['export TMOUT=0', 'stty cols 5000', 'uptime']
2023-12-27 03:15:18,279 T0002: [D1-V1] cat /proc/uptime
2023-12-27 03:15:18,946 T0002: [D1-V1] sudo vtysh -c 'show running-config | include hostname'
2023-12-27 03:15:25,179 T0002: [D1-V1] /sbin/ip link set dev eth0 up
2023-12-27 03:15:25,850 T0002: [D1-V1] /sbin/ip route list dev eth0
2023-12-27 03:15:26,528 T0002: [D1-V1] ['export TMOUT=0', 'stty cols 5000', 'uptime']
2023-12-27 03:15:28,675 T0002: [D1-V1] /sbin/ip link set dev eth0 up
2023-12-27 03:15:29,344 T0002: [D1-V1] /sbin/ip route list dev eth0
2023-12-27 03:15:30,687 T0002: [D1-V1] show version
2023-12-27 03:15:32,716 T0002: [D1-V1] /sbin/ip link set dev eth0 up
2023-12-27 03:15:33,384 T0002: [D1-V1] /sbin/ip route list dev eth0
2023-12-27 03:15:35,537 T0002: [D1-V1] /sbin/ip link set dev eth0 up
2023-12-27 03:15:36,204 T0002: [D1-V1] /sbin/ip route list dev eth0
2023-12-27 03:16:47,818 T0000: [D1-V1] sudo show interfaces status
2023-12-27 03:16:49,664 T0000: [D1-V1] config interface startup Ethernet0
2023-12-27 03:16:50,771 T0000: [D1-V1] config interface startup Ethernet4
2023-12-27 03:16:51,874 T0000: [D1-V1] config interface startup Ethernet8
2023-12-27 03:16:52,979 T0000: [D1-V1] config interface startup Ethernet12
2023-12-27 03:16:54,159 T0000: [D1-V1] config interface shutdown Ethernet16
2023-12-27 03:16:55,215 T0000: [D1-V1] config interface shutdown Ethernet20
2023-12-27 03:16:56,318 T0000: [D1-V1] config interface shutdown Ethernet24
2023-12-27 03:16:57,370 T0000: [D1-V1] config interface shutdown Ethernet28
2023-12-27 03:16:58,474 T0000: [D1-V1] config interface shutdown Ethernet32
2023-12-27 03:16:59,521 T0000: [D1-V1] config interface shutdown Ethernet36
2023-12-27 03:17:00,577 T0000: [D1-V1] config interface shutdown Ethernet40
2023-12-27 03:17:01,630 T0000: [D1-V1] config interface shutdown Ethernet44
2023-12-27 03:17:02,683 T0000: [D1-V1] config interface shutdown Ethernet48
2023-12-27 03:17:03,786 T0000: [D1-V1] config interface shutdown Ethernet52
2023-12-27 03:17:04,884 T0000: [D1-V1] config interface shutdown Ethernet56
2023-12-27 03:17:05,990 T0000: [D1-V1] config interface shutdown Ethernet60
2023-12-27 03:17:07,046 T0000: [D1-V1] config interface shutdown Ethernet64
2023-12-27 03:17:08,150 T0000: [D1-V1] config interface shutdown Ethernet68
2023-12-27 03:17:09,254 T0000: [D1-V1] config interface shutdown Ethernet72
2023-12-27 03:17:10,306 T0000: [D1-V1] config interface shutdown Ethernet76
2023-12-27 03:17:11,357 T0000: [D1-V1] config interface shutdown Ethernet80
2023-12-27 03:17:12,411 T0000: [D1-V1] config interface shutdown Ethernet84
2023-12-27 03:17:13,459 T0000: [D1-V1] config interface shutdown Ethernet88
2023-12-27 03:17:14,514 T0000: [D1-V1] config interface shutdown Ethernet92
2023-12-27 03:17:15,618 T0000: [D1-V1] config interface shutdown Ethernet96
2023-12-27 03:17:16,722 T0000: [D1-V1] config interface shutdown Ethernet100
2023-12-27 03:17:17,826 T0000: [D1-V1] config interface shutdown Ethernet104
2023-12-27 03:17:18,878 T0000: [D1-V1] config interface shutdown Ethernet108
2023-12-27 03:17:19,930 T0000: [D1-V1] config interface shutdown Ethernet112
2023-12-27 03:17:21,034 T0000: [D1-V1] config interface shutdown Ethernet116
2023-12-27 03:17:22,190 T0000: [D1-V1] config interface shutdown Ethernet120
2023-12-27 03:17:23,298 T0000: [D1-V1] config interface shutdown Ethernet124
2023-12-27 03:17:30,525 T0000: [D1-V1] show version
2023-12-27 03:17:32,553 T0000: [D1-V1] cat /var/run/redis/sonic-db/database_config.json
2023-12-27 03:17:33,307 T0000: [D1-V1] /sbin/ifconfig eth0
2023-12-27 03:17:34,028 T0000: [D1-V1] ls /etc/sonic/bcmsim.cfg
2023-12-27 03:17:34,755 T0000: [D1-V1] no router bgp
2023-12-27 03:17:36,648 T0000: [D1-V1] config feature state sflow enabled
2023-12-27 03:17:38,687 T0000: [D1-V1] config feature state nat enabled
2023-12-27 03:17:42,939 T0000: [D1-V1] config save /tmp/config-db-V1-post-session-prolog-session.json -y
2023-12-27 03:17:44,245 T0000: [D1-V1] chmod 777 /tmp/config-db-V1-post-session-prolog-session.json
2023-12-27 03:17:45,777 T0000: [D1-V1] /sbin/ip link set dev eth0 up
2023-12-27 03:17:46,486 T0000: [D1-V1] /sbin/ip route list dev eth0
2023-12-27 03:17:54,897 T0000: [D1-V1] sudo vtysh -c 'show running-config' > /tmp/vtysh-runcfg-V1-post-session-prolog-session.txt
2023-12-27 03:17:55,799 T0000: [D1-V1] chmod 777 /tmp/vtysh-runcfg-V1-post-session-prolog-session.txt
2023-12-27 03:17:57,322 T0000: [D1-V1] /sbin/ip link set dev eth0 up
2023-12-27 03:17:58,034 T0000: [D1-V1] /sbin/ip route list dev eth0
2023-12-27 03:18:06,856 T0000: 
================== Framework Module Hook: batch/test_spytest_infra_1.py ==================
2023-12-27 03:18:06,876 T0012: [D1-V1] sudo show interfaces status Ethernet124
2023-12-27 03:18:09,135 T0013: [D1-V1] sudo show interfaces status
2023-12-27 03:18:10,910 T0000: 
================== Framework Module Hook Finish: batch/test_spytest_infra_1.py ==================
2023-12-27 03:18:10,912 T0000: 
================== Framework Function Hook: batch/test_spytest_infra_1.py::test_spytest_infra_first ==================
2023-12-27 03:18:14,008 T0014: [D1-V1] sudo show interfaces status
2023-12-27 03:18:15,611 T0000: [D1-V1] sudo show interfaces status Ethernet124
2023-12-27 03:18:18,307 T0000: 
================== Framework Function Hook Finish: batch/test_spytest_infra_1.py::test_spytest_infra_first ==================
2023-12-27 03:18:18,313 T0000: 
================== Test Execution: batch/test_spytest_infra_1.py::test_spytest_infra_first ==================
2023-12-27 03:18:18,331 T0000: 
================== Framework Function Hook Finalize: batch/test_spytest_infra_1.py::test_spytest_infra_first ==================
2023-12-27 03:18:18,456 T0000: 
================== Framework Function Hook: batch/test_spytest_infra_1.py::test_spytest_infra_second ==================
2023-12-27 03:18:18,472 T0015: [D1-V1] sudo show interfaces status
2023-12-27 03:18:20,074 T0000: [D1-V1] sudo show interfaces status Ethernet124
2023-12-27 03:18:22,715 T0000: 
================== Framework Function Hook Finish: batch/test_spytest_infra_1.py::test_spytest_infra_second ==================
2023-12-27 03:18:22,717 T0000: 
================== Test Execution: batch/test_spytest_infra_1.py::test_spytest_infra_second ==================
2023-12-27 03:18:22,734 T0000: 
================== Framework Function Hook Finalize: batch/test_spytest_infra_1.py::test_spytest_infra_second ==================
2023-12-27 03:18:22,748 T0000: [D1-V1] sudo show interfaces status Ethernet124
2023-12-27 03:18:25,119 T0000: 
================== Framework Module Hook Finalize: batch/test_spytest_infra_1.py Pass: 2/2 ==================
2023-12-27 03:18:25,119 T0000: 
================== Devices used: batch/test_spytest_infra_1.py 1 ['V1'] ==================
2023-12-27 03:18:25,531 T0000: 
================== Framework Module Hook: system/test_snapshot.py ==================
2023-12-27 03:18:25,545 T0016: [D1-V1] sudo show interfaces status Ethernet124
2023-12-27 03:18:27,752 T0017: [D1-V1] sudo show interfaces status
2023-12-27 03:18:29,390 T0000: [D1-V1] config save /tmp/config-db-V1-pre-module-prolog-system-test_snapshot.py.json -y
2023-12-27 03:18:30,699 T0000: [D1-V1] chmod 777 /tmp/config-db-V1-pre-module-prolog-system-test_snapshot.py.json
2023-12-27 03:18:32,235 T0000: [D1-V1] /sbin/ip link set dev eth0 up
2023-12-27 03:18:32,949 T0000: [D1-V1] /sbin/ip route list dev eth0
2023-12-27 03:18:41,365 T0000: [D1-V1] sudo vtysh -c 'show running-config' > /tmp/vtysh-runcfg-V1-pre-module-prolog-system-test_snapshot.py.txt
2023-12-27 03:18:42,324 T0000: [D1-V1] chmod 777 /tmp/vtysh-runcfg-V1-pre-module-prolog-system-test_snapshot.py.txt
2023-12-27 03:18:43,853 T0000: [D1-V1] /sbin/ip link set dev eth0 up
2023-12-27 03:18:44,562 T0000: [D1-V1] /sbin/ip route list dev eth0
2023-12-27 03:18:52,994 T0000: 
================== Framework Module Hook Finish: system/test_snapshot.py ==================
2023-12-27 03:18:52,995 T0000: 
================== Module Hook: system/test_snapshot.py snapshot_feature_module_hooks ==================
2023-12-27 03:18:53,003 T0000: [D1-V1] /sbin/ifconfig Ethernet0
2023-12-27 03:18:53,722 T0000: [D1-V1] show platform summary
2023-12-27 03:18:54,844 T0000: [D1-V1] show vlan config
2023-12-27 03:18:55,965 T0000: [D1-V1] []
2023-12-27 03:18:55,965 T0000: [D1-V1] ['config vlan add 1504']
2023-12-27 03:18:57,033 T0000: [D1-V1] config vlan member add 1504 Ethernet0
2023-12-27 03:18:58,134 T0000: [D1-V1] config vlan member add 1504 Ethernet4
2023-12-27 03:18:59,183 T0000: [D1-V1] config vlan member add 1504 Ethernet8
2023-12-27 03:19:00,234 T0000: [D1-V1] config vlan member add 1504 Ethernet12
2023-12-27 03:19:17,346 T0000: 
================== Module Hook Finish: system/test_snapshot.py snapshot_feature_module_hooks ==================
2023-12-27 03:19:17,347 T0000: 
================== Framework Function Hook: system/test_snapshot.py::test_ft_watermark_telemetry_interval ==================
2023-12-27 03:19:17,356 T0000: [D1-V1] config save /tmp/config-db-V1-post-module-prolog-system-test_snapshot.py.json -y
2023-12-27 03:19:18,663 T0000: [D1-V1] chmod 777 /tmp/config-db-V1-post-module-prolog-system-test_snapshot.py.json
2023-12-27 03:19:20,188 T0000: [D1-V1] /sbin/ip link set dev eth0 up
2023-12-27 03:19:20,894 T0000: [D1-V1] /sbin/ip route list dev eth0
2023-12-27 03:19:29,329 T0000: [D1-V1] sudo vtysh -c 'show running-config' > /tmp/vtysh-runcfg-V1-post-module-prolog-system-test_snapshot.py.txt
2023-12-27 03:19:30,231 T0000: [D1-V1] chmod 777 /tmp/vtysh-runcfg-V1-post-module-prolog-system-test_snapshot.py.txt
2023-12-27 03:19:31,757 T0000: [D1-V1] /sbin/ip link set dev eth0 up
2023-12-27 03:19:32,466 T0000: [D1-V1] /sbin/ip route list dev eth0
2023-12-27 03:19:43,973 T0034: [D1-V1] sudo show interfaces status
2023-12-27 03:19:45,617 T0000: [D1-V1] sudo show interfaces status Ethernet124
2023-12-27 03:19:48,318 T0000: 
================== Framework Function Hook Finish: system/test_snapshot.py::test_ft_watermark_telemetry_interval ==================
2023-12-27 03:19:48,319 T0000: 
================== Function Hook: system/test_snapshot.py snapshot_feature_func_hooks ==================
2023-12-27 03:19:48,321 T0000: 
================== Function Hook Finish: system/test_snapshot.py snapshot_feature_func_hooks ==================
2023-12-27 03:19:48,323 T0000: 
================== Test Execution: system/test_snapshot.py::test_ft_watermark_telemetry_interval ==================
2023-12-27 03:19:48,324 T0000: [D1-V1] config watermark telemetry interval 30
2023-12-27 03:19:49,477 T0000: [D1-V1] show watermark telemetry interval
2023-12-27 03:19:50,644 T0000: [D1-V1] config watermark telemetry interval 120
2023-12-27 03:19:51,798 T0000: [D1-V1] show watermark telemetry interval
2023-12-27 03:19:53,015 T0000: [D1-V1] show logging | grep 'ERR' | grep -i 'brcm_sai_tam'
2023-12-27 03:19:58,486 T0000: 
================== Function Hook Finalize: system/test_snapshot.py snapshot_feature_func_hooks ==================
2023-12-27 03:19:58,504 T0000: 
================== Framework Function Hook Finalize: system/test_snapshot.py::test_ft_watermark_telemetry_interval ==================
2023-12-27 03:19:58,511 T0000: [D1-V1] config save /tmp/config-db-V1-pre-module-epilog-system-test_snapshot.py.json -y
2023-12-27 03:19:59,828 T0000: [D1-V1] chmod 777 /tmp/config-db-V1-pre-module-epilog-system-test_snapshot.py.json
2023-12-27 03:20:01,356 T0000: [D1-V1] /sbin/ip link set dev eth0 up
2023-12-27 03:20:02,067 T0000: [D1-V1] /sbin/ip route list dev eth0
2023-12-27 03:20:10,478 T0000: [D1-V1] sudo vtysh -c 'show running-config' > /tmp/vtysh-runcfg-V1-pre-module-epilog-system-test_snapshot.py.txt
2023-12-27 03:20:11,381 T0000: [D1-V1] chmod 777 /tmp/vtysh-runcfg-V1-pre-module-epilog-system-test_snapshot.py.txt
2023-12-27 03:20:12,908 T0000: [D1-V1] /sbin/ip link set dev eth0 up
2023-12-27 03:20:13,618 T0000: [D1-V1] /sbin/ip route list dev eth0
2023-12-27 03:20:22,034 T0000: [D1-V1] config vlan member del 1504 Ethernet0
2023-12-27 03:20:23,138 T0000: [D1-V1] config vlan member del 1504 Ethernet4
2023-12-27 03:20:24,190 T0000: [D1-V1] config vlan member del 1504 Ethernet8
2023-12-27 03:20:25,240 T0000: [D1-V1] config vlan member del 1504 Ethernet12
2023-12-27 03:20:26,352 T0000: [D1-V1] show vlan config
2023-12-27 03:20:27,472 T0000: [D1-V1] ['config vlan del 1504']
2023-12-27 03:20:28,620 T0000: [D1-V1] show vlan config
2023-12-27 03:20:29,746 T0000: 
================== Module Hook Finalize: system/test_snapshot.py snapshot_feature_module_hooks ==================
2023-12-27 03:20:29,754 T0000: [D1-V1] config save /tmp/config-db-V1-post-module-epilog-system-test_snapshot.py.json -y
2023-12-27 03:20:31,060 T0000: [D1-V1] chmod 777 /tmp/config-db-V1-post-module-epilog-system-test_snapshot.py.json
2023-12-27 03:20:32,589 T0000: [D1-V1] /sbin/ip link set dev eth0 up
2023-12-27 03:20:33,295 T0000: [D1-V1] /sbin/ip route list dev eth0
2023-12-27 03:20:41,720 T0000: [D1-V1] sudo vtysh -c 'show running-config' > /tmp/vtysh-runcfg-V1-post-module-epilog-system-test_snapshot.py.txt
2023-12-27 03:20:42,623 T0000: [D1-V1] chmod 777 /tmp/vtysh-runcfg-V1-post-module-epilog-system-test_snapshot.py.txt
2023-12-27 03:20:44,152 T0000: [D1-V1] /sbin/ip link set dev eth0 up
2023-12-27 03:20:44,855 T0000: [D1-V1] /sbin/ip route list dev eth0
2023-12-27 03:20:53,289 T0000: [D1-V1] sudo show interfaces status Ethernet124
2023-12-27 03:20:55,707 T0000: 
================== Framework Module Hook Finalize: system/test_snapshot.py Pass: 1/1 ==================
2023-12-27 03:20:55,707 T0000: 
================== Devices used: system/test_snapshot.py 1 ['V1'] ==================
2023-12-27 03:20:56,267 T0000: 
================== Framework Module Hook: batch/test_spytest_infra_1.py ==================
2023-12-27 03:20:56,282 T0051: [D1-V1] no router bgp
2023-12-27 03:20:58,085 T0051: [D1-V1] config feature state sflow enabled
2023-12-27 03:21:00,032 T0051: [D1-V1] config feature state nat enabled
2023-12-27 03:21:35,374 T0051: [D1-V1] /sbin/ip link set dev eth0 up
2023-12-27 03:21:36,044 T0051: [D1-V1] /sbin/ip route list dev eth0
2023-12-27 03:21:36,720 T0051: [D1-V1] sudo show interfaces status Ethernet124
2023-12-27 03:21:39,079 T0052: [D1-V1] sudo show interfaces status
2023-12-27 03:21:45,816 T0053: [D1-V1] sudo show interfaces status
2023-12-27 03:21:52,456 T0054: [D1-V1] sudo show interfaces status
2023-12-27 03:21:59,140 T0055: [D1-V1] sudo show interfaces status
2023-12-27 03:22:00,825 T0000: 
================== Framework Module Hook Finish: batch/test_spytest_infra_1.py ==================
2023-12-27 03:22:00,827 T0000: 
================== Framework Function Hook: batch/test_spytest_infra_1.py::test_spytest_infra_last ==================
2023-12-27 03:22:03,931 T0056: [D1-V1] sudo show interfaces status
2023-12-27 03:22:05,631 T0000: [D1-V1] sudo show interfaces status Ethernet124
2023-12-27 03:22:08,321 T0000: 
================== Framework Function Hook Finish: batch/test_spytest_infra_1.py::test_spytest_infra_last ==================
2023-12-27 03:22:08,325 T0000: 
================== Test Execution: batch/test_spytest_infra_1.py::test_spytest_infra_last ==================
2023-12-27 03:22:08,342 T0000: 
================== Framework Function Hook Finalize: batch/test_spytest_infra_1.py::test_spytest_infra_last ==================
2023-12-27 03:22:08,355 T0000: [D1-V1] sudo show interfaces status Ethernet124
2023-12-27 03:22:10,769 T0000: 
================== Framework Module Hook Finalize: batch/test_spytest_infra_1.py Pass: 1/1 ==================
2023-12-27 03:22:10,769 T0000: 
================== Devices used: batch/test_spytest_infra_1.py 1 ['V1'] ==================
2023-12-27 03:22:11,180 T0000: 
================== Framework Module Hook: system/test_snmp.py ==================
2023-12-27 03:22:11,195 T0057: [D1-V1] no router bgp
2023-12-27 03:22:12,999 T0057: [D1-V1] config feature state sflow enabled
2023-12-27 03:22:14,951 T0057: [D1-V1] config feature state nat enabled
2023-12-27 03:22:34,660 T0057: [D1-V1] /sbin/ip link set dev eth0 up
2023-12-27 03:22:35,329 T0057: [D1-V1] /sbin/ip route list dev eth0
2023-12-27 03:22:36,007 T0057: [D1-V1] sudo show interfaces status Ethernet124
2023-12-27 03:22:38,218 T0058: [D1-V1] sudo show interfaces status
2023-12-27 03:22:39,803 T0000: [D1-V1] config save /tmp/config-db-V1-pre-module-prolog-system-test_snmp.py.json -y
2023-12-27 03:22:41,058 T0000: [D1-V1] chmod 777 /tmp/config-db-V1-pre-module-prolog-system-test_snmp.py.json
2023-12-27 03:22:42,585 T0000: [D1-V1] /sbin/ip link set dev eth0 up
2023-12-27 03:22:43,290 T0000: [D1-V1] /sbin/ip route list dev eth0
2023-12-27 03:22:51,725 T0000: [D1-V1] sudo vtysh -c 'show running-config' > /tmp/vtysh-runcfg-V1-pre-module-prolog-system-test_snmp.py.txt
2023-12-27 03:22:52,626 T0000: [D1-V1] chmod 777 /tmp/vtysh-runcfg-V1-pre-module-prolog-system-test_snmp.py.txt
2023-12-27 03:22:54,152 T0000: [D1-V1] /sbin/ip link set dev eth0 up
2023-12-27 03:22:54,858 T0000: [D1-V1] /sbin/ip route list dev eth0
2023-12-27 03:23:03,289 T0000: 
================== Framework Module Hook Finish: system/test_snmp.py ==================
2023-12-27 03:23:03,290 T0000: 
================== Module Hook: system/test_snmp.py snmp_module_hooks ==================
2023-12-27 03:23:03,304 T0000: [D1-V1] /sbin/ifconfig eth0
2023-12-27 03:23:04,023 T0000: [D1-V1] cat /etc/sonic/snmp.yml
2023-12-27 03:23:04,738 T0000: [D1-V1] sudo sed -i '/^snmp_rocommunity:/ c snmp_rocommunity: test_123' /etc/sonic/snmp.yml
2023-12-27 03:23:06,184 T0000: [D1-V1] sudo sed -i '/^snmp_location:/ c snmp_location: hyderabad' /etc/sonic/snmp.yml
2023-12-27 03:23:07,637 T0000: [D1-V1] cat /etc/sonic/snmp.yml
2023-12-27 03:23:08,338 T0000: [D1-V1] sudo service snmp restart
2023-12-27 03:23:19,934 T0000: [D1-V1] config interface ip add Loopback0 67.66.66.66/32
2023-12-27 03:23:24,108 T0000: [D1-V1] ['config vlan add 2811']
2023-12-27 03:23:36,214 T0000: [D1-V1] docker cp /tmp/swss_config.json swss:/swss_config.json
2023-12-27 03:23:37,062 T0000: [D1-V1] docker exec -it swss bash -c 'swssconfig /swss_config.json'
2023-12-27 03:23:37,868 T0000: [D1-V1] config vlan member add 2811 Ethernet0 -u 
2023-12-27 03:23:38,925 T0000: [D1-V1] config vlan member add 2811 Ethernet4
2023-12-27 03:23:48,031 T0000: [D1-V1] sonic-clear counters
2023-12-27 03:24:02,578 T0000: [D1-V1] show mac
2023-12-27 03:24:11,316 T0000: [D1-V1] ['config snmptrap modify 2 127.0.0.1 -p 162 -v None -c test_123']
2023-12-27 03:24:20,841 T0000: 
================== Module Hook Finish: system/test_snmp.py snmp_module_hooks ==================
2023-12-27 03:24:20,843 T0000: 
================== Framework Function Hook: system/test_snmp.py::test_ft_snmp_sysName ==================
2023-12-27 03:24:20,850 T0000: [D1-V1] config save /tmp/config-db-V1-post-module-prolog-system-test_snmp.py.json -y
2023-12-27 03:24:22,159 T0000: [D1-V1] chmod 777 /tmp/config-db-V1-post-module-prolog-system-test_snmp.py.json
2023-12-27 03:24:23,684 T0000: [D1-V1] /sbin/ip link set dev eth0 up
2023-12-27 03:24:24,389 T0000: [D1-V1] /sbin/ip route list dev eth0
2023-12-27 03:24:32,815 T0000: [D1-V1] sudo vtysh -c 'show running-config' > /tmp/vtysh-runcfg-V1-post-module-prolog-system-test_snmp.py.txt
2023-12-27 03:24:33,718 T0000: [D1-V1] chmod 777 /tmp/vtysh-runcfg-V1-post-module-prolog-system-test_snmp.py.txt
2023-12-27 03:24:35,245 T0000: [D1-V1] /sbin/ip link set dev eth0 up
2023-12-27 03:24:35,952 T0000: [D1-V1] /sbin/ip route list dev eth0
2023-12-27 03:24:47,467 T0081: [D1-V1] sudo show interfaces status
2023-12-27 03:24:49,116 T0000: [D1-V1] sudo show interfaces status Ethernet124
2023-12-27 03:24:51,824 T0000: 
================== Framework Function Hook Finish: system/test_snmp.py::test_ft_snmp_sysName ==================
2023-12-27 03:24:51,825 T0000: 
================== Function Hook: system/test_snmp.py snmp_func_hooks ==================
2023-12-27 03:24:51,827 T0000: 
================== Function Hook Finish: system/test_snmp.py snmp_func_hooks ==================
2023-12-27 03:24:51,828 T0000: 
================== Test Execution: system/test_snmp.py::test_ft_snmp_sysName ==================
2023-12-27 03:24:51,829 T0000: [D1-V1] hostname
2023-12-27 03:24:52,973 T0000: 
================== Function Hook Finalize: system/test_snmp.py snmp_func_hooks ==================
2023-12-27 03:24:53,004 T0000: 
================== Framework Function Hook Finalize: system/test_snmp.py::test_ft_snmp_sysName ==================
2023-12-27 03:24:53,005 T0000: 
================== Framework Function Hook: system/test_snmp.py::test_ft_snmp_test_syUpTime ==================
2023-12-27 03:24:53,014 T0082: [D1-V1] sudo show interfaces status
2023-12-27 03:24:54,721 T0000: [D1-V1] sudo show interfaces status Ethernet124
2023-12-27 03:24:57,473 T0000: 
================== Framework Function Hook Finish: system/test_snmp.py::test_ft_snmp_test_syUpTime ==================
2023-12-27 03:24:57,474 T0000: 
================== Function Hook: system/test_snmp.py snmp_func_hooks ==================
2023-12-27 03:24:57,477 T0000: 
================== Function Hook Finish: system/test_snmp.py snmp_func_hooks ==================
2023-12-27 03:24:57,477 T0000: 
================== Test Execution: system/test_snmp.py::test_ft_snmp_test_syUpTime ==================
2023-12-27 03:24:57,495 T0000: [D1-V1] show uptime
2023-12-27 03:24:58,638 T0000: 
================== Function Hook Finalize: system/test_snmp.py snmp_func_hooks ==================
2023-12-27 03:24:58,657 T0000: 
================== Framework Function Hook Finalize: system/test_snmp.py::test_ft_snmp_test_syUpTime ==================
2023-12-27 03:24:58,659 T0000: 
================== Framework Function Hook: system/test_snmp.py::test_ft_snmp_sysDescr ==================
2023-12-27 03:24:58,678 T0083: [D1-V1] sudo show interfaces status
2023-12-27 03:25:00,339 T0000: [D1-V1] sudo show interfaces status Ethernet124
2023-12-27 03:25:03,164 T0000: 
================== Framework Function Hook Finish: system/test_snmp.py::test_ft_snmp_sysDescr ==================
2023-12-27 03:25:03,165 T0000: 
================== Function Hook: system/test_snmp.py snmp_func_hooks ==================
2023-12-27 03:25:03,168 T0000: 
================== Function Hook Finish: system/test_snmp.py snmp_func_hooks ==================
2023-12-27 03:25:03,170 T0000: 
================== Test Execution: system/test_snmp.py::test_ft_snmp_sysDescr ==================
2023-12-27 03:25:03,171 T0000: [D1-V1] show version
2023-12-27 03:25:04,442 T0000: [D1-V1] show platform summary
2023-12-27 03:25:06,346 T0000: 
================== Function Hook Finalize: system/test_snmp.py snmp_func_hooks ==================
2023-12-27 03:25:06,368 T0000: 
================== Framework Function Hook Finalize: system/test_snmp.py::test_ft_snmp_sysDescr ==================
2023-12-27 03:25:06,370 T0000: 
================== Framework Function Hook: system/test_snmp.py::test_ft_snmp_mib_2 ==================
2023-12-27 03:25:06,380 T0084: [D1-V1] sudo show interfaces status
2023-12-27 03:25:08,046 T0000: [D1-V1] sudo show interfaces status Ethernet124
2023-12-27 03:25:10,953 T0000: 
================== Framework Function Hook Finish: system/test_snmp.py::test_ft_snmp_mib_2 ==================
2023-12-27 03:25:10,953 T0000: 
================== Function Hook: system/test_snmp.py snmp_func_hooks ==================
2023-12-27 03:25:10,957 T0000: 
================== Function Hook Finish: system/test_snmp.py snmp_func_hooks ==================
2023-12-27 03:25:10,959 T0000: 
================== Test Execution: system/test_snmp.py::test_ft_snmp_mib_2 ==================
2023-12-27 03:25:17,227 T0000: 
================== Function Hook Finalize: system/test_snmp.py snmp_func_hooks ==================
2023-12-27 03:25:17,357 T0000: 
================== Framework Function Hook Finalize: system/test_snmp.py::test_ft_snmp_mib_2 ==================
2023-12-27 03:25:17,359 T0000: 
================== Framework Function Hook: system/test_snmp.py::test_ft_snmp_if_mib_all ==================
2023-12-27 03:25:17,371 T0085: [D1-V1] sudo show interfaces status
2023-12-27 03:25:19,026 T0000: [D1-V1] sudo show interfaces status Ethernet124
2023-12-27 03:25:21,791 T0000: 
================== Framework Function Hook Finish: system/test_snmp.py::test_ft_snmp_if_mib_all ==================
2023-12-27 03:25:21,792 T0000: 
================== Function Hook: system/test_snmp.py snmp_func_hooks ==================
2023-12-27 03:25:21,794 T0000: 
================== Function Hook Finish: system/test_snmp.py snmp_func_hooks ==================
2023-12-27 03:25:21,795 T0000: 
================== Test Execution: system/test_snmp.py::test_ft_snmp_if_mib_all ==================
2023-12-27 03:25:21,957 T0000: 
================== Function Hook Finalize: system/test_snmp.py snmp_func_hooks ==================
2023-12-27 03:25:21,985 T0000: 
================== Framework Function Hook Finalize: system/test_snmp.py::test_ft_snmp_if_mib_all ==================
2023-12-27 03:25:21,986 T0000: 
================== Framework Function Hook: system/test_snmp.py::test_ft_snmp_entity_mib_all ==================
2023-12-27 03:25:21,995 T0086: [D1-V1] sudo show interfaces status
2023-12-27 03:25:23,646 T0000: [D1-V1] sudo show interfaces status Ethernet124
2023-12-27 03:25:26,400 T0000: 
================== Framework Function Hook Finish: system/test_snmp.py::test_ft_snmp_entity_mib_all ==================
2023-12-27 03:25:26,400 T0000: 
================== Function Hook: system/test_snmp.py snmp_func_hooks ==================
2023-12-27 03:25:26,402 T0000: 
================== Function Hook Finish: system/test_snmp.py snmp_func_hooks ==================
2023-12-27 03:25:26,403 T0000: 
================== Test Execution: system/test_snmp.py::test_ft_snmp_entity_mib_all ==================
2023-12-27 03:25:26,456 T0000: 
================== Function Hook Finalize: system/test_snmp.py snmp_func_hooks ==================
2023-12-27 03:25:26,479 T0000: 
================== Framework Function Hook Finalize: system/test_snmp.py::test_ft_snmp_entity_mib_all ==================
2023-12-27 03:25:26,480 T0000: 
================== Framework Function Hook: system/test_snmp.py::test_ft_snmp_dot1q_dot1db_mib ==================
2023-12-27 03:25:26,490 T0087: [D1-V1] sudo show interfaces status
2023-12-27 03:25:28,137 T0000: [D1-V1] sudo show interfaces status Ethernet124
2023-12-27 03:25:30,895 T0000: 
================== Framework Function Hook Finish: system/test_snmp.py::test_ft_snmp_dot1q_dot1db_mib ==================
2023-12-27 03:25:30,896 T0000: 
================== Function Hook: system/test_snmp.py snmp_func_hooks ==================
2023-12-27 03:25:30,898 T0000: 
================== Function Hook Finish: system/test_snmp.py snmp_func_hooks ==================
2023-12-27 03:25:30,899 T0000: 
================== Test Execution: system/test_snmp.py::test_ft_snmp_dot1q_dot1db_mib ==================
2023-12-27 03:25:31,012 T0000: 
================== Function Hook Finalize: system/test_snmp.py snmp_func_hooks ==================
2023-12-27 03:25:31,034 T0000: 
================== Framework Function Hook Finalize: system/test_snmp.py::test_ft_snmp_dot1q_dot1db_mib ==================
2023-12-27 03:25:31,035 T0000: 
================== Framework Function Hook: system/test_snmp.py::test_ft_snmp_root_node_walk ==================
2023-12-27 03:25:31,044 T0088: [D1-V1] sudo show interfaces status
2023-12-27 03:25:32,748 T0000: [D1-V1] sudo show interfaces status Ethernet124
2023-12-27 03:25:35,454 T0000: 
================== Framework Function Hook Finish: system/test_snmp.py::test_ft_snmp_root_node_walk ==================
2023-12-27 03:25:35,455 T0000: 
================== Function Hook: system/test_snmp.py snmp_func_hooks ==================
2023-12-27 03:25:35,457 T0000: 
================== Function Hook Finish: system/test_snmp.py snmp_func_hooks ==================
2023-12-27 03:25:35,458 T0000: 
================== Test Execution: system/test_snmp.py::test_ft_snmp_root_node_walk ==================
2023-12-27 03:25:47,138 T0000: 
================== Function Hook Finalize: system/test_snmp.py snmp_func_hooks ==================
2023-12-27 03:25:47,179 T0000: 
================== Framework Function Hook Finalize: system/test_snmp.py::test_ft_snmp_root_node_walk ==================
2023-12-27 03:25:47,180 T0000: 
================== Framework Function Hook: system/test_snmp.py::test_ft_snmp_ipAddressRowStatus_ipv6 ==================
2023-12-27 03:25:47,191 T0089: [D1-V1] sudo show interfaces status
2023-12-27 03:25:48,848 T0000: [D1-V1] sudo show interfaces status Ethernet124
2023-12-27 03:25:51,602 T0000: 
================== Framework Function Hook Finish: system/test_snmp.py::test_ft_snmp_ipAddressRowStatus_ipv6 ==================
2023-12-27 03:25:51,603 T0000: 
================== Function Hook: system/test_snmp.py snmp_func_hooks ==================
2023-12-27 03:25:51,606 T0000: 
================== Function Hook Finish: system/test_snmp.py snmp_func_hooks ==================
2023-12-27 03:25:51,606 T0000: 
================== Test Execution: system/test_snmp.py::test_ft_snmp_ipAddressRowStatus_ipv6 ==================
2023-12-27 03:25:51,620 T0000: [D1-V1] config interface ip add Loopback0 5551::1/128
2023-12-27 03:25:54,676 T0000: [D1-V1] show ipv6 interface
2023-12-27 03:25:56,322 T0000: [D1-V1] config interface ip remove Loopback0 5551::1/128
2023-12-27 03:25:57,583 T0000: 
================== Function Hook Finalize: system/test_snmp.py snmp_func_hooks ==================
2023-12-27 03:25:57,602 T0000: 
================== Framework Function Hook Finalize: system/test_snmp.py::test_ft_snmp_ipAddressRowStatus_ipv6 ==================
2023-12-27 03:25:57,604 T0000: 
================== Framework Function Hook: system/test_snmp.py::test_ft_snmp_ipAddressStorageType_ipv6 ==================
2023-12-27 03:25:57,613 T0090: [D1-V1] sudo show interfaces status
2023-12-27 03:25:59,260 T0000: [D1-V1] sudo show interfaces status Ethernet124
2023-12-27 03:26:02,021 T0000: 
================== Framework Function Hook Finish: system/test_snmp.py::test_ft_snmp_ipAddressStorageType_ipv6 ==================
2023-12-27 03:26:02,021 T0000: 
================== Function Hook: system/test_snmp.py snmp_func_hooks ==================
2023-12-27 03:26:02,024 T0000: 
================== Function Hook Finish: system/test_snmp.py snmp_func_hooks ==================
2023-12-27 03:26:02,024 T0000: 
================== Test Execution: system/test_snmp.py::test_ft_snmp_ipAddressStorageType_ipv6 ==================
2023-12-27 03:26:02,056 T0000: 
================== Function Hook Finalize: system/test_snmp.py snmp_func_hooks ==================
2023-12-27 03:26:02,077 T0000: 
================== Framework Function Hook Finalize: system/test_snmp.py::test_ft_snmp_ipAddressStorageType_ipv6 ==================
2023-12-27 03:26:02,078 T0000: 
================== Framework Function Hook: system/test_snmp.py::test_ft_snmp_ipv6_If_Forward_default_HopLimit ==================
2023-12-27 03:26:02,087 T0091: [D1-V1] sudo show interfaces status
2023-12-27 03:26:03,749 T0000: [D1-V1] sudo show interfaces status Ethernet124
2023-12-27 03:26:06,513 T0000: 
================== Framework Function Hook Finish: system/test_snmp.py::test_ft_snmp_ipv6_If_Forward_default_HopLimit ==================
2023-12-27 03:26:06,513 T0000: 
================== Function Hook: system/test_snmp.py snmp_func_hooks ==================
2023-12-27 03:26:06,516 T0000: 
================== Function Hook Finish: system/test_snmp.py snmp_func_hooks ==================
2023-12-27 03:26:06,517 T0000: 
================== Test Execution: system/test_snmp.py::test_ft_snmp_ipv6_If_Forward_default_HopLimit ==================
2023-12-27 03:26:06,558 T0000: 
================== Function Hook Finalize: system/test_snmp.py snmp_func_hooks ==================
2023-12-27 03:26:06,578 T0000: 
================== Framework Function Hook Finalize: system/test_snmp.py::test_ft_snmp_ipv6_If_Forward_default_HopLimit ==================
2023-12-27 03:26:06,580 T0000: 
================== Framework Function Hook: system/test_snmp.py::test_ft_snmp_ipv6scope_index_table ==================
2023-12-27 03:26:06,589 T0092: [D1-V1] sudo show interfaces status
2023-12-27 03:26:08,292 T0000: [D1-V1] sudo show interfaces status Ethernet124
2023-12-27 03:26:11,056 T0000: 
================== Framework Function Hook Finish: system/test_snmp.py::test_ft_snmp_ipv6scope_index_table ==================
2023-12-27 03:26:11,056 T0000: 
================== Function Hook: system/test_snmp.py snmp_func_hooks ==================
2023-12-27 03:26:11,059 T0000: 
================== Function Hook Finish: system/test_snmp.py snmp_func_hooks ==================
2023-12-27 03:26:11,060 T0000: 
================== Test Execution: system/test_snmp.py::test_ft_snmp_ipv6scope_index_table ==================
2023-12-27 03:26:11,115 T0000: 
================== Function Hook Finalize: system/test_snmp.py snmp_func_hooks ==================
2023-12-27 03:26:11,136 T0000: 
================== Framework Function Hook Finalize: system/test_snmp.py::test_ft_snmp_ipv6scope_index_table ==================
2023-12-27 03:26:11,137 T0000: 
================== Framework Function Hook: system/test_snmp.py::test_ft_snmp_ip_forward_table ==================
2023-12-27 03:26:11,146 T0093: [D1-V1] sudo show interfaces status
2023-12-27 03:26:12,794 T0000: [D1-V1] sudo show interfaces status Ethernet124
2023-12-27 03:26:15,548 T0000: 
================== Framework Function Hook Finish: system/test_snmp.py::test_ft_snmp_ip_forward_table ==================
2023-12-27 03:26:15,549 T0000: 
================== Function Hook: system/test_snmp.py snmp_func_hooks ==================
2023-12-27 03:26:15,551 T0000: 
================== Function Hook Finish: system/test_snmp.py snmp_func_hooks ==================
2023-12-27 03:26:15,552 T0000: 
================== Test Execution: system/test_snmp.py::test_ft_snmp_ip_forward_table ==================
2023-12-27 03:26:15,552 T0000: [D1-V1]  agentx
2023-12-27 03:26:17,518 T0000: [D1-V1] no agentx
2023-12-27 03:26:18,225 T0000: 
================== Function Hook Finalize: system/test_snmp.py snmp_func_hooks ==================
2023-12-27 03:26:18,243 T0000: 
================== Framework Function Hook Finalize: system/test_snmp.py::test_ft_snmp_ip_forward_table ==================
2023-12-27 03:26:18,244 T0000: 
================== Framework Function Hook: system/test_snmp.py::test_ft_snmp_ifx_table ==================
2023-12-27 03:26:18,253 T0094: [D1-V1] sudo show interfaces status
2023-12-27 03:26:20,941 T0000: [D1-V1] sudo show interfaces status Ethernet124
2023-12-27 03:26:23,697 T0000: 
================== Framework Function Hook Finish: system/test_snmp.py::test_ft_snmp_ifx_table ==================
2023-12-27 03:26:23,698 T0000: 
================== Function Hook: system/test_snmp.py snmp_func_hooks ==================
2023-12-27 03:26:23,700 T0000: 
================== Function Hook Finish: system/test_snmp.py snmp_func_hooks ==================
2023-12-27 03:26:23,701 T0000: 
================== Test Execution: system/test_snmp.py::test_ft_snmp_ifx_table ==================
2023-12-27 03:26:23,859 T0000: 
================== Function Hook Finalize: system/test_snmp.py snmp_func_hooks ==================
2023-12-27 03:26:23,880 T0000: 
================== Framework Function Hook Finalize: system/test_snmp.py::test_ft_snmp_ifx_table ==================
2023-12-27 03:26:23,881 T0000: 
================== Framework Function Hook: system/test_snmp.py::test_ft_snmp_ip_System_Stats_Table ==================
2023-12-27 03:26:23,890 T0095: [D1-V1] sudo show interfaces status
2023-12-27 03:26:25,542 T0000: [D1-V1] sudo show interfaces status Ethernet124
2023-12-27 03:26:28,245 T0000: 
================== Framework Function Hook Finish: system/test_snmp.py::test_ft_snmp_ip_System_Stats_Table ==================
2023-12-27 03:26:28,246 T0000: 
================== Function Hook: system/test_snmp.py snmp_func_hooks ==================
2023-12-27 03:26:28,249 T0000: 
================== Function Hook Finish: system/test_snmp.py snmp_func_hooks ==================
2023-12-27 03:26:28,250 T0000: 
================== Test Execution: system/test_snmp.py::test_ft_snmp_ip_System_Stats_Table ==================
2023-12-27 03:26:28,298 T0000: 
================== Function Hook Finalize: system/test_snmp.py snmp_func_hooks ==================
2023-12-27 03:26:28,319 T0000: 
================== Framework Function Hook Finalize: system/test_snmp.py::test_ft_snmp_ip_System_Stats_Table ==================
2023-12-27 03:26:28,320 T0000: 
================== Framework Function Hook: system/test_snmp.py::test_ft_snmp_ip_IfStats_Table ==================
2023-12-27 03:26:28,329 T0096: [D1-V1] sudo show interfaces status
2023-12-27 03:26:29,996 T0000: [D1-V1] sudo show interfaces status Ethernet124
2023-12-27 03:26:32,750 T0000: 
================== Framework Function Hook Finish: system/test_snmp.py::test_ft_snmp_ip_IfStats_Table ==================
2023-12-27 03:26:32,751 T0000: 
================== Function Hook: system/test_snmp.py snmp_func_hooks ==================
2023-12-27 03:26:32,753 T0000: 
================== Function Hook Finish: system/test_snmp.py snmp_func_hooks ==================
2023-12-27 03:26:32,754 T0000: 
================== Test Execution: system/test_snmp.py::test_ft_snmp_ip_IfStats_Table ==================
2023-12-27 03:26:33,041 T0000: 
================== Function Hook Finalize: system/test_snmp.py snmp_func_hooks ==================
2023-12-27 03:26:33,062 T0000: 
================== Framework Function Hook Finalize: system/test_snmp.py::test_ft_snmp_ip_IfStats_Table ==================
2023-12-27 03:26:33,063 T0000: 
================== Framework Function Hook: system/test_snmp.py::test_ft_snmp_ip_Address_Table ==================
2023-12-27 03:26:33,072 T0097: [D1-V1] sudo show interfaces status
2023-12-27 03:26:34,772 T0000: [D1-V1] sudo show interfaces status Ethernet124
2023-12-27 03:26:37,475 T0000: 
================== Framework Function Hook Finish: system/test_snmp.py::test_ft_snmp_ip_Address_Table ==================
2023-12-27 03:26:37,476 T0000: 
================== Function Hook: system/test_snmp.py snmp_func_hooks ==================
2023-12-27 03:26:37,481 T0000: 
================== Function Hook Finish: system/test_snmp.py snmp_func_hooks ==================
2023-12-27 03:26:37,482 T0000: 
================== Test Execution: system/test_snmp.py::test_ft_snmp_ip_Address_Table ==================
2023-12-27 03:26:37,534 T0000: 
================== Function Hook Finalize: system/test_snmp.py snmp_func_hooks ==================
2023-12-27 03:26:37,557 T0000: 
================== Framework Function Hook Finalize: system/test_snmp.py::test_ft_snmp_ip_Address_Table ==================
2023-12-27 03:26:37,559 T0000: 
================== Framework Function Hook: system/test_snmp.py::test_ft_snmp_ip_NetToPhysical_Table ==================
2023-12-27 03:26:37,569 T0098: [D1-V1] sudo show interfaces status
2023-12-27 03:26:39,217 T0000: [D1-V1] sudo show interfaces status Ethernet124
2023-12-27 03:26:41,991 T0000: 
================== Framework Function Hook Finish: system/test_snmp.py::test_ft_snmp_ip_NetToPhysical_Table ==================
2023-12-27 03:26:41,991 T0000: 
================== Function Hook: system/test_snmp.py snmp_func_hooks ==================
2023-12-27 03:26:41,994 T0000: 
================== Function Hook Finish: system/test_snmp.py snmp_func_hooks ==================
2023-12-27 03:26:41,995 T0000: 
================== Test Execution: system/test_snmp.py::test_ft_snmp_ip_NetToPhysical_Table ==================
2023-12-27 03:26:42,033 T0000: 
================== Function Hook Finalize: system/test_snmp.py snmp_func_hooks ==================
2023-12-27 03:26:42,056 T0000: 
================== Framework Function Hook Finalize: system/test_snmp.py::test_ft_snmp_ip_NetToPhysical_Table ==================
2023-12-27 03:26:42,057 T0000: 
================== Framework Function Hook: system/test_snmp.py::test_ft_snmp_icmp_Msgs ==================
2023-12-27 03:26:42,068 T0099: [D1-V1] sudo show interfaces status
2023-12-27 03:26:43,732 T0000: [D1-V1] sudo show interfaces status Ethernet124
2023-12-27 03:26:46,485 T0000: 
================== Framework Function Hook Finish: system/test_snmp.py::test_ft_snmp_icmp_Msgs ==================
2023-12-27 03:26:46,486 T0000: 
================== Function Hook: system/test_snmp.py snmp_func_hooks ==================
2023-12-27 03:26:46,488 T0000: 
================== Function Hook Finish: system/test_snmp.py snmp_func_hooks ==================
2023-12-27 03:26:46,489 T0000: 
================== Test Execution: system/test_snmp.py::test_ft_snmp_icmp_Msgs ==================
2023-12-27 03:26:46,531 T0000: 
================== Function Hook Finalize: system/test_snmp.py snmp_func_hooks ==================
2023-12-27 03:26:46,552 T0000: 
================== Framework Function Hook Finalize: system/test_snmp.py::test_ft_snmp_icmp_Msgs ==================
2023-12-27 03:26:46,553 T0000: 
================== Framework Function Hook: system/test_snmp.py::test_ft_snmp_tcp_mib ==================
2023-12-27 03:26:46,563 T0100: [D1-V1] sudo show interfaces status
2023-12-27 03:26:48,267 T0000: [D1-V1] sudo show interfaces status Ethernet124
2023-12-27 03:26:51,023 T0000: 
================== Framework Function Hook Finish: system/test_snmp.py::test_ft_snmp_tcp_mib ==================
2023-12-27 03:26:51,023 T0000: 
================== Function Hook: system/test_snmp.py snmp_func_hooks ==================
2023-12-27 03:26:51,025 T0000: 
================== Function Hook Finish: system/test_snmp.py snmp_func_hooks ==================
2023-12-27 03:26:51,026 T0000: 
================== Test Execution: system/test_snmp.py::test_ft_snmp_tcp_mib ==================
2023-12-27 03:27:06,685 T0000: 
================== Function Hook Finalize: system/test_snmp.py snmp_func_hooks ==================
2023-12-27 03:27:06,730 T0000: 
================== Framework Function Hook Finalize: system/test_snmp.py::test_ft_snmp_tcp_mib ==================
2023-12-27 03:27:06,732 T0000: 
================== Framework Function Hook: system/test_snmp.py::test_ft_snmp_udp_mib ==================
2023-12-27 03:27:06,743 T0101: [D1-V1] sudo show interfaces status
2023-12-27 03:27:08,453 T0000: [D1-V1] sudo show interfaces status Ethernet124
2023-12-27 03:27:11,206 T0000: 
================== Framework Function Hook Finish: system/test_snmp.py::test_ft_snmp_udp_mib ==================
2023-12-27 03:27:11,207 T0000: 
================== Function Hook: system/test_snmp.py snmp_func_hooks ==================
2023-12-27 03:27:11,209 T0000: 
================== Function Hook Finish: system/test_snmp.py snmp_func_hooks ==================
2023-12-27 03:27:11,210 T0000: 
================== Test Execution: system/test_snmp.py::test_ft_snmp_udp_mib ==================
2023-12-27 03:27:11,260 T0000: 
================== Function Hook Finalize: system/test_snmp.py snmp_func_hooks ==================
2023-12-27 03:27:11,280 T0000: 
================== Framework Function Hook Finalize: system/test_snmp.py::test_ft_snmp_udp_mib ==================
2023-12-27 03:27:11,281 T0000: 
================== Framework Function Hook: system/test_snmp.py::test_ft_snmp_snmpv2_mib ==================
2023-12-27 03:27:11,290 T0102: [D1-V1] sudo show interfaces status
2023-12-27 03:27:12,989 T0000: [D1-V1] sudo show interfaces status Ethernet124
2023-12-27 03:27:15,743 T0000: 
================== Framework Function Hook Finish: system/test_snmp.py::test_ft_snmp_snmpv2_mib ==================
2023-12-27 03:27:15,743 T0000: 
================== Function Hook: system/test_snmp.py snmp_func_hooks ==================
2023-12-27 03:27:15,746 T0000: 
================== Function Hook Finish: system/test_snmp.py snmp_func_hooks ==================
2023-12-27 03:27:15,747 T0000: 
================== Test Execution: system/test_snmp.py::test_ft_snmp_snmpv2_mib ==================
2023-12-27 03:27:15,785 T0000: 
================== Function Hook Finalize: system/test_snmp.py snmp_func_hooks ==================
2023-12-27 03:27:15,809 T0000: 
================== Framework Function Hook Finalize: system/test_snmp.py::test_ft_snmp_snmpv2_mib ==================
2023-12-27 03:27:15,811 T0000: 
================== Framework Function Hook: system/test_snmp.py::test_ft_snmp_host_resource_mib ==================
2023-12-27 03:27:15,820 T0103: [D1-V1] sudo show interfaces status
2023-12-27 03:27:17,473 T0000: [D1-V1] sudo show interfaces status Ethernet124
2023-12-27 03:27:20,193 T0000: 
================== Framework Function Hook Finish: system/test_snmp.py::test_ft_snmp_host_resource_mib ==================
2023-12-27 03:27:20,194 T0000: 
================== Function Hook: system/test_snmp.py snmp_func_hooks ==================
2023-12-27 03:27:20,196 T0000: 
================== Function Hook Finish: system/test_snmp.py snmp_func_hooks ==================
2023-12-27 03:27:20,197 T0000: 
================== Test Execution: system/test_snmp.py::test_ft_snmp_host_resource_mib ==================
2023-12-27 03:27:20,395 T0000: 
================== Function Hook Finalize: system/test_snmp.py snmp_func_hooks ==================
2023-12-27 03:27:20,417 T0000: 
================== Framework Function Hook Finalize: system/test_snmp.py::test_ft_snmp_host_resource_mib ==================
2023-12-27 03:27:20,419 T0000: 
================== Framework Function Hook: system/test_snmp.py::test_ft_snmp_framework_mib ==================
2023-12-27 03:27:20,429 T0104: [D1-V1] sudo show interfaces status
2023-12-27 03:27:22,081 T0000: [D1-V1] sudo show interfaces status Ethernet124
2023-12-27 03:27:24,784 T0000: 
================== Framework Function Hook Finish: system/test_snmp.py::test_ft_snmp_framework_mib ==================
2023-12-27 03:27:24,785 T0000: 
================== Function Hook: system/test_snmp.py snmp_func_hooks ==================
2023-12-27 03:27:24,787 T0000: 
================== Function Hook Finish: system/test_snmp.py snmp_func_hooks ==================
2023-12-27 03:27:24,788 T0000: 
================== Test Execution: system/test_snmp.py::test_ft_snmp_framework_mib ==================
2023-12-27 03:27:24,815 T0000: 
================== Function Hook Finalize: system/test_snmp.py snmp_func_hooks ==================
2023-12-27 03:27:24,837 T0000: 
================== Framework Function Hook Finalize: system/test_snmp.py::test_ft_snmp_framework_mib ==================
2023-12-27 03:27:24,839 T0000: 
================== Framework Function Hook: system/test_snmp.py::test_ft_snmp_mpd_mib ==================
2023-12-27 03:27:24,848 T0105: [D1-V1] sudo show interfaces status
2023-12-27 03:27:26,561 T0000: [D1-V1] sudo show interfaces status Ethernet124
2023-12-27 03:27:29,316 T0000: 
================== Framework Function Hook Finish: system/test_snmp.py::test_ft_snmp_mpd_mib ==================
2023-12-27 03:27:29,317 T0000: 
================== Function Hook: system/test_snmp.py snmp_func_hooks ==================
2023-12-27 03:27:29,321 T0000: 
================== Function Hook Finish: system/test_snmp.py snmp_func_hooks ==================
2023-12-27 03:27:29,321 T0000: 
================== Test Execution: system/test_snmp.py::test_ft_snmp_mpd_mib ==================
2023-12-27 03:27:29,343 T0000: 
================== Function Hook Finalize: system/test_snmp.py snmp_func_hooks ==================
2023-12-27 03:27:29,366 T0000: 
================== Framework Function Hook Finalize: system/test_snmp.py::test_ft_snmp_mpd_mib ==================
2023-12-27 03:27:29,368 T0000: 
================== Framework Function Hook: system/test_snmp.py::test_ft_snmp_target_mib ==================
2023-12-27 03:27:29,377 T0106: [D1-V1] sudo show interfaces status
2023-12-27 03:27:31,029 T0000: [D1-V1] sudo show interfaces status Ethernet124
2023-12-27 03:27:33,733 T0000: 
================== Framework Function Hook Finish: system/test_snmp.py::test_ft_snmp_target_mib ==================
2023-12-27 03:27:33,734 T0000: 
================== Function Hook: system/test_snmp.py snmp_func_hooks ==================
2023-12-27 03:27:33,737 T0000: 
================== Function Hook Finish: system/test_snmp.py snmp_func_hooks ==================
2023-12-27 03:27:33,737 T0000: 
================== Test Execution: system/test_snmp.py::test_ft_snmp_target_mib ==================
2023-12-27 03:27:33,771 T0000: 
================== Function Hook Finalize: system/test_snmp.py snmp_func_hooks ==================
2023-12-27 03:27:33,793 T0000: 
================== Framework Function Hook Finalize: system/test_snmp.py::test_ft_snmp_target_mib ==================
2023-12-27 03:27:33,794 T0000: 
================== Framework Function Hook: system/test_snmp.py::test_ft_snmp_notification_mib ==================
2023-12-27 03:27:33,803 T0107: [D1-V1] sudo show interfaces status
2023-12-27 03:27:35,481 T0000: [D1-V1] sudo show interfaces status Ethernet124
2023-12-27 03:27:38,232 T0000: 
================== Framework Function Hook Finish: system/test_snmp.py::test_ft_snmp_notification_mib ==================
2023-12-27 03:27:38,234 T0000: 
================== Function Hook: system/test_snmp.py snmp_func_hooks ==================
2023-12-27 03:27:38,237 T0000: 
================== Function Hook Finish: system/test_snmp.py snmp_func_hooks ==================
2023-12-27 03:27:38,237 T0000: 
================== Test Execution: system/test_snmp.py::test_ft_snmp_notification_mib ==================
2023-12-27 03:27:38,261 T0000: 
================== Function Hook Finalize: system/test_snmp.py snmp_func_hooks ==================
2023-12-27 03:27:38,284 T0000: 
================== Framework Function Hook Finalize: system/test_snmp.py::test_ft_snmp_notification_mib ==================
2023-12-27 03:27:38,286 T0000: 
================== Framework Function Hook: system/test_snmp.py::test_ft_snmp_user_based_sm_mib ==================
2023-12-27 03:27:38,295 T0108: [D1-V1] sudo show interfaces status
2023-12-27 03:27:39,945 T0000: [D1-V1] sudo show interfaces status Ethernet124
2023-12-27 03:27:42,649 T0000: 
================== Framework Function Hook Finish: system/test_snmp.py::test_ft_snmp_user_based_sm_mib ==================
2023-12-27 03:27:42,650 T0000: 
================== Function Hook: system/test_snmp.py snmp_func_hooks ==================
2023-12-27 03:27:42,652 T0000: 
================== Function Hook Finish: system/test_snmp.py snmp_func_hooks ==================
2023-12-27 03:27:42,653 T0000: 
================== Test Execution: system/test_snmp.py::test_ft_snmp_user_based_sm_mib ==================
2023-12-27 03:27:42,683 T0000: 
================== Function Hook Finalize: system/test_snmp.py snmp_func_hooks ==================
2023-12-27 03:27:42,705 T0000: 
================== Framework Function Hook Finalize: system/test_snmp.py::test_ft_snmp_user_based_sm_mib ==================
2023-12-27 03:27:42,706 T0000: 
================== Framework Function Hook: system/test_snmp.py::test_ft_snmp_view_based_acm_mib ==================
2023-12-27 03:27:42,715 T0109: [D1-V1] sudo show interfaces status
2023-12-27 03:27:44,361 T0000: [D1-V1] sudo show interfaces status Ethernet124
2023-12-27 03:27:47,131 T0000: 
================== Framework Function Hook Finish: system/test_snmp.py::test_ft_snmp_view_based_acm_mib ==================
2023-12-27 03:27:47,132 T0000: 
================== Function Hook: system/test_snmp.py snmp_func_hooks ==================
2023-12-27 03:27:47,135 T0000: 
================== Function Hook Finish: system/test_snmp.py snmp_func_hooks ==================
2023-12-27 03:27:47,136 T0000: 
================== Test Execution: system/test_snmp.py::test_ft_snmp_view_based_acm_mib ==================
2023-12-27 03:27:47,184 T0000: 
================== Function Hook Finalize: system/test_snmp.py snmp_func_hooks ==================
2023-12-27 03:27:47,208 T0000: 
================== Framework Function Hook Finalize: system/test_snmp.py::test_ft_snmp_view_based_acm_mib ==================
2023-12-27 03:27:47,210 T0000: 
================== Framework Function Hook: system/test_snmp.py::test_ft_snmp_ent_physical_table ==================
2023-12-27 03:27:47,219 T0110: [D1-V1] sudo show interfaces status
2023-12-27 03:27:48,866 T0000: [D1-V1] sudo show interfaces status Ethernet124
2023-12-27 03:27:51,625 T0000: 
================== Framework Function Hook Finish: system/test_snmp.py::test_ft_snmp_ent_physical_table ==================
2023-12-27 03:27:51,626 T0000: 
================== Function Hook: system/test_snmp.py snmp_func_hooks ==================
2023-12-27 03:27:51,629 T0000: 
================== Function Hook Finish: system/test_snmp.py snmp_func_hooks ==================
2023-12-27 03:27:51,629 T0000: 
================== Test Execution: system/test_snmp.py::test_ft_snmp_ent_physical_table ==================
2023-12-27 03:27:51,677 T0000: 
================== Function Hook Finalize: system/test_snmp.py snmp_func_hooks ==================
2023-12-27 03:27:51,700 T0000: 
================== Framework Function Hook Finalize: system/test_snmp.py::test_ft_snmp_ent_physical_table ==================
2023-12-27 03:27:51,701 T0000: 
================== Framework Function Hook: system/test_snmp.py::test_ft_snmp_dot3_stats_table ==================
2023-12-27 03:27:51,712 T0111: [D1-V1] sudo show interfaces status
2023-12-27 03:27:53,365 T0000: [D1-V1] sudo show interfaces status Ethernet124
2023-12-27 03:27:56,145 T0000: 
================== Framework Function Hook Finish: system/test_snmp.py::test_ft_snmp_dot3_stats_table ==================
2023-12-27 03:27:56,146 T0000: 
================== Function Hook: system/test_snmp.py snmp_func_hooks ==================
2023-12-27 03:27:56,148 T0000: 
================== Function Hook Finish: system/test_snmp.py snmp_func_hooks ==================
2023-12-27 03:27:56,149 T0000: 
================== Test Execution: system/test_snmp.py::test_ft_snmp_dot3_stats_table ==================
2023-12-27 03:27:56,207 T0000: 
================== Function Hook Finalize: system/test_snmp.py snmp_func_hooks ==================
2023-12-27 03:27:56,228 T0000: 
================== Framework Function Hook Finalize: system/test_snmp.py::test_ft_snmp_dot3_stats_table ==================
2023-12-27 03:27:56,230 T0000: 
================== Framework Function Hook: system/test_snmp.py::test_ft_net_snmp_agent_mib ==================
2023-12-27 03:27:56,240 T0112: [D1-V1] sudo show interfaces status
2023-12-27 03:27:57,891 T0000: [D1-V1] sudo show interfaces status Ethernet124
2023-12-27 03:28:00,797 T0000: 
================== Framework Function Hook Finish: system/test_snmp.py::test_ft_net_snmp_agent_mib ==================
2023-12-27 03:28:00,798 T0000: 
================== Function Hook: system/test_snmp.py snmp_func_hooks ==================
2023-12-27 03:28:00,801 T0000: 
================== Function Hook Finish: system/test_snmp.py snmp_func_hooks ==================
2023-12-27 03:28:00,801 T0000: 
================== Test Execution: system/test_snmp.py::test_ft_net_snmp_agent_mib ==================
2023-12-27 03:28:01,234 T0000: 
================== Function Hook Finalize: system/test_snmp.py snmp_func_hooks ==================
2023-12-27 03:28:01,255 T0000: 
================== Framework Function Hook Finalize: system/test_snmp.py::test_ft_net_snmp_agent_mib ==================
2023-12-27 03:28:01,256 T0000: 
================== Framework Function Hook: system/test_snmp.py::test_ft_net_snmp_vacm_mib ==================
2023-12-27 03:28:01,265 T0113: [D1-V1] sudo show interfaces status
2023-12-27 03:28:02,962 T0000: [D1-V1] sudo show interfaces status Ethernet124
2023-12-27 03:28:05,719 T0000: 
================== Framework Function Hook Finish: system/test_snmp.py::test_ft_net_snmp_vacm_mib ==================
2023-12-27 03:28:05,719 T0000: 
================== Function Hook: system/test_snmp.py snmp_func_hooks ==================
2023-12-27 03:28:05,722 T0000: 
================== Function Hook Finish: system/test_snmp.py snmp_func_hooks ==================
2023-12-27 03:28:05,722 T0000: 
================== Test Execution: system/test_snmp.py::test_ft_net_snmp_vacm_mib ==================
2023-12-27 03:28:05,761 T0000: 
================== Function Hook Finalize: system/test_snmp.py snmp_func_hooks ==================
2023-12-27 03:28:05,784 T0000: 
================== Framework Function Hook Finalize: system/test_snmp.py::test_ft_net_snmp_vacm_mib ==================
2023-12-27 03:28:05,786 T0000: 
================== Framework Function Hook: system/test_snmp.py::test_ft_snmp_ucd_diskio_mib ==================
2023-12-27 03:28:05,797 T0114: [D1-V1] sudo show interfaces status
2023-12-27 03:28:07,497 T0000: [D1-V1] sudo show interfaces status Ethernet124
2023-12-27 03:28:10,250 T0000: 
================== Framework Function Hook Finish: system/test_snmp.py::test_ft_snmp_ucd_diskio_mib ==================
2023-12-27 03:28:10,251 T0000: 
================== Function Hook: system/test_snmp.py snmp_func_hooks ==================
2023-12-27 03:28:10,259 T0000: 
================== Function Hook Finish: system/test_snmp.py snmp_func_hooks ==================
2023-12-27 03:28:10,260 T0000: 
================== Test Execution: system/test_snmp.py::test_ft_snmp_ucd_diskio_mib ==================
2023-12-27 03:28:10,319 T0000: 
================== Function Hook Finalize: system/test_snmp.py snmp_func_hooks ==================
2023-12-27 03:28:10,342 T0000: 
================== Framework Function Hook Finalize: system/test_snmp.py::test_ft_snmp_ucd_diskio_mib ==================
2023-12-27 03:28:10,343 T0000: 
================== Framework Function Hook: system/test_snmp.py::test_ft_snmp_ucd_la_table ==================
2023-12-27 03:28:10,352 T0115: [D1-V1] sudo show interfaces status
2023-12-27 03:28:12,009 T0000: [D1-V1] sudo show interfaces status Ethernet124
2023-12-27 03:28:14,720 T0000: 
================== Framework Function Hook Finish: system/test_snmp.py::test_ft_snmp_ucd_la_table ==================
2023-12-27 03:28:14,720 T0000: 
================== Function Hook: system/test_snmp.py snmp_func_hooks ==================
2023-12-27 03:28:14,723 T0000: 
================== Function Hook Finish: system/test_snmp.py snmp_func_hooks ==================
2023-12-27 03:28:14,724 T0000: 
================== Test Execution: system/test_snmp.py::test_ft_snmp_ucd_la_table ==================
2023-12-27 03:28:14,758 T0000: 
================== Function Hook Finalize: system/test_snmp.py snmp_func_hooks ==================
2023-12-27 03:28:14,779 T0000: 
================== Framework Function Hook Finalize: system/test_snmp.py::test_ft_snmp_ucd_la_table ==================
2023-12-27 03:28:14,781 T0000: 
================== Framework Function Hook: system/test_snmp.py::test_ft_snmp_ucd_system_stats ==================
2023-12-27 03:28:14,790 T0116: [D1-V1] sudo show interfaces status
2023-12-27 03:28:16,445 T0000: [D1-V1] sudo show interfaces status Ethernet124
2023-12-27 03:28:19,162 T0000: 
================== Framework Function Hook Finish: system/test_snmp.py::test_ft_snmp_ucd_system_stats ==================
2023-12-27 03:28:19,163 T0000: 
================== Function Hook: system/test_snmp.py snmp_func_hooks ==================
2023-12-27 03:28:19,165 T0000: 
================== Function Hook Finish: system/test_snmp.py snmp_func_hooks ==================
2023-12-27 03:28:19,166 T0000: 
================== Test Execution: system/test_snmp.py::test_ft_snmp_ucd_system_stats ==================
2023-12-27 03:28:19,201 T0000: 
================== Function Hook Finalize: system/test_snmp.py snmp_func_hooks ==================
2023-12-27 03:28:19,221 T0000: 
================== Framework Function Hook Finalize: system/test_snmp.py::test_ft_snmp_ucd_system_stats ==================
2023-12-27 03:28:19,222 T0000: 
================== Framework Function Hook: system/test_snmp.py::test_ft_snmp_dot1q_tp_fdb_port ==================
2023-12-27 03:28:19,231 T0117: [D1-V1] sudo show interfaces status
2023-12-27 03:28:20,893 T0000: [D1-V1] sudo show interfaces status Ethernet124
2023-12-27 03:28:23,658 T0000: 
================== Framework Function Hook Finish: system/test_snmp.py::test_ft_snmp_dot1q_tp_fdb_port ==================
2023-12-27 03:28:23,659 T0000: 
================== Function Hook: system/test_snmp.py snmp_func_hooks ==================
2023-12-27 03:28:23,661 T0000: 
================== Function Hook Finish: system/test_snmp.py snmp_func_hooks ==================
2023-12-27 03:28:23,661 T0000: 
================== Test Execution: system/test_snmp.py::test_ft_snmp_dot1q_tp_fdb_port ==================
2023-12-27 03:28:23,691 T0000: [D1-V1] show mac
2023-12-27 03:28:24,932 T0000: 
================== Function Hook Finalize: system/test_snmp.py snmp_func_hooks ==================
2023-12-27 03:28:24,951 T0000: 
================== Framework Function Hook Finalize: system/test_snmp.py::test_ft_snmp_dot1q_tp_fdb_port ==================
2023-12-27 03:28:24,952 T0000: 
================== Framework Function Hook: system/test_snmp.py::test_ft_snmp_dot1q_tp_fdb_address ==================
2023-12-27 03:28:24,962 T0118: [D1-V1] sudo show interfaces status
2023-12-27 03:28:26,625 T0000: [D1-V1] sudo show interfaces status Ethernet124
2023-12-27 03:28:29,381 T0000: 
================== Framework Function Hook Finish: system/test_snmp.py::test_ft_snmp_dot1q_tp_fdb_address ==================
2023-12-27 03:28:29,381 T0000: 
================== Function Hook: system/test_snmp.py snmp_func_hooks ==================
2023-12-27 03:28:29,384 T0000: 
================== Function Hook Finish: system/test_snmp.py snmp_func_hooks ==================
2023-12-27 03:28:29,385 T0000: 
================== Test Execution: system/test_snmp.py::test_ft_snmp_dot1q_tp_fdb_address ==================
2023-12-27 03:28:29,763 T0000: 
================== Function Hook Finalize: system/test_snmp.py snmp_func_hooks ==================
2023-12-27 03:28:29,785 T0000: 
================== Framework Function Hook Finalize: system/test_snmp.py::test_ft_snmp_dot1q_tp_fdb_address ==================
2023-12-27 03:28:29,787 T0000: 
================== Framework Function Hook: system/test_snmp.py::test_ft_snmp_coldstart_trap ==================
2023-12-27 03:28:29,796 T0119: [D1-V1] sudo show interfaces status
2023-12-27 03:28:31,497 T0000: [D1-V1] sudo show interfaces status Ethernet124
2023-12-27 03:28:34,272 T0000: 
================== Framework Function Hook Finish: system/test_snmp.py::test_ft_snmp_coldstart_trap ==================
2023-12-27 03:28:34,274 T0000: 
================== Function Hook: system/test_snmp.py snmp_func_hooks ==================
2023-12-27 03:28:34,277 T0000: 
================== Function Hook Finish: system/test_snmp.py snmp_func_hooks ==================
2023-12-27 03:28:34,277 T0000: 
================== Test Execution: system/test_snmp.py::test_ft_snmp_coldstart_trap ==================
2023-12-27 03:28:48,493 T0000: 
================== Function Hook Finalize: system/test_snmp.py snmp_func_hooks ==================
2023-12-27 03:28:48,525 T0000: 
================== Framework Function Hook Finalize: system/test_snmp.py::test_ft_snmp_coldstart_trap ==================
2023-12-27 03:28:48,526 T0000: 
================== Framework Function Hook: system/test_snmp.py::test_ft_snmp_docker_restart ==================
2023-12-27 03:28:48,535 T0120: [D1-V1] sudo show interfaces status
2023-12-27 03:28:50,239 T0000: [D1-V1] sudo show interfaces status Ethernet124
2023-12-27 03:28:52,990 T0000: 
================== Framework Function Hook Finish: system/test_snmp.py::test_ft_snmp_docker_restart ==================
2023-12-27 03:28:52,991 T0000: 
================== Function Hook: system/test_snmp.py snmp_func_hooks ==================
2023-12-27 03:28:52,993 T0000: 
================== Function Hook Finish: system/test_snmp.py snmp_func_hooks ==================
2023-12-27 03:28:52,994 T0000: 
================== Test Execution: system/test_snmp.py::test_ft_snmp_docker_restart ==================
2023-12-27 03:28:52,994 T0000: [D1-V1] systemctl restart snmp
2023-12-27 03:29:01,973 T0000: [D1-V1] sudo show interfaces status Ethernet124
2023-12-27 03:29:03,599 T0000: [D1-V1] systemctl is-active snmp
2023-12-27 03:29:04,707 T0000: 
================== Function Hook Finalize: system/test_snmp.py snmp_func_hooks ==================
2023-12-27 03:29:04,737 T0000: 
================== Framework Function Hook Finalize: system/test_snmp.py::test_ft_snmp_docker_restart ==================
2023-12-27 03:29:04,744 T0000: [D1-V1] config save /tmp/config-db-V1-pre-module-epilog-system-test_snmp.py.json -y
2023-12-27 03:29:06,052 T0000: [D1-V1] chmod 777 /tmp/config-db-V1-pre-module-epilog-system-test_snmp.py.json
2023-12-27 03:29:07,577 T0000: [D1-V1] /sbin/ip link set dev eth0 up
2023-12-27 03:29:08,286 T0000: [D1-V1] /sbin/ip route list dev eth0
2023-12-27 03:29:16,726 T0000: [D1-V1] sudo vtysh -c 'show running-config' > /tmp/vtysh-runcfg-V1-pre-module-epilog-system-test_snmp.py.txt
2023-12-27 03:29:17,630 T0000: [D1-V1] chmod 777 /tmp/vtysh-runcfg-V1-pre-module-epilog-system-test_snmp.py.txt
2023-12-27 03:29:19,157 T0000: [D1-V1] /sbin/ip link set dev eth0 up
2023-12-27 03:29:19,867 T0000: [D1-V1] /sbin/ip route list dev eth0
2023-12-27 03:29:28,317 T0000: [D1-V1] cat /etc/sonic/snmp.yml
2023-12-27 03:29:29,032 T0000: [D1-V1] sudo sed -i '/^snmp_rocommunity:/ c snmp_rocommunity: NotConfigured' /etc/sonic/snmp.yml
2023-12-27 03:29:30,482 T0000: [D1-V1] sudo sed -i '/^snmp_rocommunity6:/ c snmp_rocommunity6: NotConfigured' /etc/sonic/snmp.yml
2023-12-27 03:29:31,933 T0000: [D1-V1] sudo sed -i '/^snmp_location:/ c snmp_location: NotConfigured' /etc/sonic/snmp.yml
2023-12-27 03:29:33,383 T0000: [D1-V1] sudo sed -i '/^snmp_syscontact:/ c snmp_syscontact: NotConfigured' /etc/sonic/snmp.yml
2023-12-27 03:29:34,830 T0000: [D1-V1] sudo sed -i '/^v1_trap_dest:/ c v1_trap_dest: NotConfigured' /etc/sonic/snmp.yml
2023-12-27 03:29:36,278 T0000: [D1-V1] sudo sed -i '/^v2_trap_dest:/ c v2_trap_dest: NotConfigured' /etc/sonic/snmp.yml
2023-12-27 03:29:37,726 T0000: [D1-V1] sudo sed -i '/^v3_trap_dest:/ c v3_trap_dest: NotConfigured' /etc/sonic/snmp.yml
2023-12-27 03:29:39,175 T0000: [D1-V1] cat /etc/sonic/snmp.yml
2023-12-27 03:29:39,875 T0000: [D1-V1] sudo service snmp restart
2023-12-27 03:29:40,581 T0000: [D1-V1] sonic-clear fdb all
2023-12-27 03:29:41,740 T0000: [D1-V1] config vlan member del 2811 Ethernet0
2023-12-27 03:29:42,797 T0000: [D1-V1] config vlan member del 2811 Ethernet4
2023-12-27 03:29:43,856 T0000: [D1-V1] show vlan config
2023-12-27 03:29:44,972 T0000: [D1-V1] ['config vlan del 2811']
2023-12-27 03:29:46,022 T0000: [D1-V1] show vlan config
2023-12-27 03:29:48,044 T0000: 
================== Module Hook Finalize: system/test_snmp.py snmp_module_hooks ==================
2023-12-27 03:29:48,058 T0000: [D1-V1] config save /tmp/config-db-V1-post-module-epilog-system-test_snmp.py.json -y
2023-12-27 03:29:49,367 T0000: [D1-V1] chmod 777 /tmp/config-db-V1-post-module-epilog-system-test_snmp.py.json
2023-12-27 03:29:50,892 T0000: [D1-V1] /sbin/ip link set dev eth0 up
2023-12-27 03:29:51,599 T0000: [D1-V1] /sbin/ip route list dev eth0
2023-12-27 03:30:00,022 T0000: [D1-V1] sudo vtysh -c 'show running-config' > /tmp/vtysh-runcfg-V1-post-module-epilog-system-test_snmp.py.txt
2023-12-27 03:30:00,973 T0000: [D1-V1] chmod 777 /tmp/vtysh-runcfg-V1-post-module-epilog-system-test_snmp.py.txt
2023-12-27 03:30:02,501 T0000: [D1-V1] /sbin/ip link set dev eth0 up
2023-12-27 03:30:03,210 T0000: [D1-V1] /sbin/ip route list dev eth0
2023-12-27 03:30:11,818 T0000: [D1-V1] sudo show interfaces status Ethernet124
2023-12-27 03:30:14,247 T0000: 
================== Framework Module Hook Finalize: system/test_snmp.py Pass: 37/40 ==================
2023-12-27 03:30:14,248 T0000: 
================== Devices used: system/test_snmp.py 1 ['V1'] ==================
2023-12-27 03:30:14,750 T0000: 
================== Framework Module Hook: batch/test_spytest_infra_1.py ==================
2023-12-27 03:30:14,766 T0137: [D1-V1] no router bgp
2023-12-27 03:30:16,570 T0137: [D1-V1] config feature state sflow enabled
2023-12-27 03:30:18,516 T0137: [D1-V1] config feature state nat enabled
2023-12-27 03:30:53,859 T0137: [D1-V1] /sbin/ip link set dev eth0 up
2023-12-27 03:30:54,530 T0137: [D1-V1] /sbin/ip route list dev eth0
2023-12-27 03:30:55,209 T0137: [D1-V1] sudo show interfaces status Ethernet124
2023-12-27 03:30:59,547 T0137: [D1-V1] sudo show interfaces status Ethernet124
2023-12-27 03:31:01,755 T0138: [D1-V1] sudo show interfaces status
2023-12-27 03:31:08,404 T0139: [D1-V1] sudo show interfaces status
2023-12-27 03:31:15,101 T0140: [D1-V1] sudo show interfaces status
2023-12-27 03:31:16,782 T0000: 
================== Framework Module Hook Finish: batch/test_spytest_infra_1.py ==================
2023-12-27 03:31:16,785 T0000: 
================== Framework Function Hook: batch/test_spytest_infra_1.py::test_spytest_infra_last ==================
2023-12-27 03:31:19,877 T0141: [D1-V1] sudo show interfaces status
2023-12-27 03:31:21,524 T0000: [D1-V1] sudo show interfaces status Ethernet124
2023-12-27 03:31:24,221 T0000: 
================== Framework Function Hook Finish: batch/test_spytest_infra_1.py::test_spytest_infra_last ==================
2023-12-27 03:31:24,225 T0000: 
================== Test Execution: batch/test_spytest_infra_1.py::test_spytest_infra_last ==================
2023-12-27 03:31:24,241 T0000: 
================== Framework Function Hook Finalize: batch/test_spytest_infra_1.py::test_spytest_infra_last ==================
2023-12-27 03:31:24,254 T0000: [D1-V1] sudo show interfaces status Ethernet124
2023-12-27 03:31:26,678 T0000: 
================== Framework Module Hook Finalize: batch/test_spytest_infra_1.py Pass: 1/1 ==================
2023-12-27 03:31:26,679 T0000: 
================== Devices used: batch/test_spytest_infra_1.py 1 ['V1'] ==================
2023-12-27 03:31:26,775 T0000: [D1-V1] ['stty cols 80']
