2024-01-04 22:42:31,205 T0000: NOTICE Execution Start Time: 2024-01-04 22:42:31.205180
2024-01-04 22:42:31,205 T0000: NOTICE LOGS PATH: /data/work/logs/vm-master-447617-l3
2024-01-04 22:42:31,719 T0000: NOTICE VERSION: UNKNOWN UNKNOWN UNKNOWN
2024-01-04 22:42:31,719 T0000: NOTICE HOST: sonicmgmtmaster MEM: 376gb 50.9%
2024-01-04 22:42:31,719 T0000: NOTICE ROOT_PATH: /repo
2024-01-04 22:42:31,719 T0000: NOTICE Python: 3.8.10
2024-01-04 22:42:31,719 T0000: NOTICE Topology unknown: D1T1:4,D1D2:6,D1D3:4,D1D4:4,D2T1:4,D2D3:4,D2D4:4,D3T1:4,D3D4:6,D4T1:4
2024-01-04 22:42:31,719 T0000: DEBUG 
SUITE ARGS: --load-image none --max-time module 9000 --max-time function 5400 --max-time session 3600 --logs-level=debug --topology-check=function --env SPYTEST_TESTBED_IGNORE_CONSTRAINTS TG,TGCARD,TGSPEED,CHIP,MODEL --noop --env SPYTEST_RESET_CONSOLES 0 --noop --env SPYTEST_ONREBOOT_RENEW_MGMT_IP 1 --noop --env SPYTEST_RECOVERY_CR_PER_CMD_POST_OP 1 --noop --env SPYTEST_BATCH_POLL_STATUS_TIME 300 --noop --env SPYTEST_BATCH_DEAD_NODE_MAX_TIME 7200 --noop --breakout-mode none --env SPYTEST_SHUTDOWN_FREE_PORTS 1 --env SPYTEST_HOOKS_BREAKOUT_UITYPE click --env SPYTEST_ONREBOOT_RENEW_MGMT_IP 0 --env SPYTEST_VERIFY_CSV_MIN_TOPOLOGY 1 --env SPYTEST_CMD_FAIL_RESULT_SUPPORT 0 --env SPYTEST_ROUTING_CONFIG_MODE split --env SPYTEST_CLEAR_DEVICE_METADATA_BGP_ASN 1 --env SPYTEST_TEXTFSM_USE_BUNDLED_PARSER 1 --feature-group master --ifname-type native --feature-disable bcmcmd --feature-disable warm-reboot --save config-db module --tclist-csv TestBGPConfed.test_confed_route_distribution_with_rmap,TestBGPConfed.test_ipv6_confed_route_distribution,TestBGPConfed.test_ipv6_confed_with_rr,TestBGPIPvxRouteAdvertisementFilter.test_bgp_ebgp4_nbr_authentication,TestBGPIPvxRouteAdvertisementFilter.test_bgp_ebgp4_nbr_update_source,TestBGPIPvxRouteAdvertisementFilter.test_bgp_route_map_with_community,TestBGPIPvxRouteAdvertisementFilter.test_default_originate_ipv4,TestBGPIPvxRouteAdvertisementFilter.test_distribute_list_in_ipv4,TestBGPIPvxRouteAdvertisementFilter.test_distribute_list_in_ipv6,TestBGPIPvxRouteAdvertisementFilter.test_filter_list_in_ipv4,TestBGPIPvxRouteAdvertisementFilter.test_filter_list_in_ipv6,TestBGPIPvxRouteAdvertisementFilter.test_filter_list_out_ipv6,TestBGPIPvxRouteAdvertisementFilter.test_prefix_list_out_ipv4,TestBGPIPvxRouteAdvertisementFilter.test_prefix_list_out_ipv6,TestBGPIPvxRouteAdvertisementFilter.test_route_aggregate_ipv6,TestBGPIPvxRouteAdvertisementFilter.test_route_map_in_ipv4,TestBGPIPvxRouteAdvertisementFilter.test_route_map_in_ipv6,TestBGPIPvxRouteAdvertisementFilter.test_static_blackhole_rt_redistribute_with_routemap_ipv6,TestBGPL3Lag.test_ft_bgp_l3lag_peer_traffic_check,TestBGPRif.test_bgp_route_aggregation_4byteASN,TestBGPRif.test_ft_bgp_clear,TestBGPRif.test_ft_bgp_graceful_restart_and_aware_routers,TestBGPRif.test_ft_bgp_peer_traffic_check,TestBGPRif.test_ft_bgp_rmap,TestBGPRif.test_ft_bgp_v4_dyn_nbr,TestBGPRif.test_ft_bgp_v6_dyn_nbr,TestBGPRif.test_ft_bgp_v6_link_local_bgp,TestBGPRrTraffic.test_ft_bgp6_rr_traffic_check,TestBGPVeLag.test_ft_bgp_clear,TestBGPVeLag.test_ft_bgp_peer_traffic_check,test_VrfFun001_06,test_VrfFun_05_50,test_VrfFun_10_12_14,test_VrfFun_20_24_25_32_33_44_45,test_VrfFun_26_27,test_cli_validation_bgp_router_config,test_cli_validation_ip_address,test_ft_arp_dynamic_renew_traffic_test,test_ft_bgp_ebgp_community_map,test_ft_bgp_ibgp_RR_Loop,test_ft_ip6_static_route_traffic_forward_blackhole,test_ft_ip_static_ip_on_mgmt_intrf,test_ft_ip_static_route_traffic_forward,test_ft_ip_v4_v6_L2_L3_translation,test_ft_ipv6_neighbor_entry,test_ft_l3_performance_enhancements_v4_route_intstall_withdraw,test_ft_nat_docker_restart,test_ft_ping_v4_v6_after_ip_change_pc,test_ft_ping_v4_v6_vlan,test_ft_qos_config_mgmt_verifying_config_with_save_reboot,test_ft_sflow_max_sflow_collector_config,test_ft_sflow_sampling_v6_sFlow_collector,test_ft_system_config_mgmt_verifying_config_with_save_reboot_sflow,test_ft_verify_interfaces_order,test_l2_to_l3_port,test_l3_v4_route_po_1,test_vrf_bgp,test_vrf_reload,test_vrf_route_leak,test_vrf_scale,TestBGPRif.test_ft_bgp_ipv4_no_route_aggregation_for_exact_prefix_match,TestBGPRif.test_ft_bgp_ipv4_route_aggregation_atomic_aggregate_without_as_set,TestBGPRif.test_ft_bgp_ipv6_route_aggregation_with_as_set,TestBGPRif.test_ft_bgp_v4_max_dyn_nbr,TestBGPIPvxRouteAdvertisementFilter.test_redistribute_connected_ipv4,TestBGPIPvxRouteAdvertisementFilter.test_redistribute_static_ipv4,TestBGPIPvxRouteAdvertisementFilter.test_redistribute_connected_ipv6,TestBGPIPvxRouteAdvertisementFilter.test_redistribute_static_ipv6,TestBGPIPvxRouteAdvertisementFilter.test_default_originate_ipv6,test_spytest_infra_first,test_spytest_infra_second,test_spytest_infra_last --noop

2024-01-04 22:42:31,719 T0000: NOTICE ARGS: --logs-level debug --results-prefix=results --get-tech-support none --fetch-core-files none --syslog-check none --save config-db module --topology-check module --logs-path logs/2024-01-04-22-42-25 --continue-on-collection-errors --max-time session 0 --max-time module 0 --max-time function 0 --noop --tryssh=0 --testbed-file testbed.yaml --env SPYTEST_RPS_DEBUG 0 --tclist-bucket 1,2,4 --test-suite community-vs-l3 --email rama.kristipati@broadcom.com --env SPYTEST_SCAPY_DBG_LVL 2 --noop --env SPYTEST_EMAIL_FROM SPyTest-VSNet@broadcom.com --noop --logs-path logs/vm-master-447617-l3 --env SPYTEST_EMAIL_BODY_PREFIX http://10.193.81.56:8080/sonic_mgmt_master/work/logs/vm-master-447617-l3/dashboard.html --email-subject-nargs VSNet-sonic_mgmt_master-VM-L3-{{bldver}} : {{passrate}}: {{pass_cnt}}/{{executed}} vm-master-447617-l3 --noop --feature-group master
2024-01-04 22:42:35,461 T0000: INFO  TRY-1 qos/test_qos_save_reboot.py 1 1 D1T1:1 TGEN=ixia
2024-01-04 22:42:35,463 T0000: INFO  matched testbed gw4 to execute bucket 1 qos/test_qos_save_reboot.py D1T1:1 TGEN=ixia
2024-01-04 22:42:35,463 T0000: INFO  matched testbed gw5 to execute bucket 1 qos/test_qos_save_reboot.py D1T1:1 TGEN=ixia
2024-01-04 22:42:35,463 T0000: INFO  matched testbed gw6 to execute bucket 1 qos/test_qos_save_reboot.py D1T1:1 TGEN=ixia
2024-01-04 22:42:35,464 T0000: INFO  matched testbed gw7 to execute bucket 1 qos/test_qos_save_reboot.py D1T1:1 TGEN=ixia
2024-01-04 22:42:35,464 T0000: INFO  TRY-1 routing/test_ndp.py 1 1 D1T1:2 TGEN=ixia
2024-01-04 22:42:35,464 T0000: INFO  matched testbed gw4 to execute bucket 1 routing/test_ndp.py D1T1:2 TGEN=ixia
2024-01-04 22:42:35,465 T0000: INFO  matched testbed gw5 to execute bucket 1 routing/test_ndp.py D1T1:2 TGEN=ixia
2024-01-04 22:42:35,465 T0000: INFO  matched testbed gw6 to execute bucket 1 routing/test_ndp.py D1T1:2 TGEN=ixia
2024-01-04 22:42:35,465 T0000: INFO  matched testbed gw7 to execute bucket 1 routing/test_ndp.py D1T1:2 TGEN=ixia
2024-01-04 22:42:35,466 T0000: INFO  TRY-1 routing/NAT/test_nat.py 1 1 D1T1:2 CHIP=TD2|TD3|TH2|TH1 MODEL1=ent TGEN=ixia CHIP_REV=NA|X5|X7
2024-01-04 22:42:35,466 T0000: INFO  matched testbed gw4 to execute bucket 1 routing/NAT/test_nat.py D1T1:2 CHIP=TD2|TD3|TH2|TH1 MODEL1=ent TGEN=ixia CHIP_REV=NA|X5|X7
2024-01-04 22:42:35,467 T0000: INFO  matched testbed gw5 to execute bucket 1 routing/NAT/test_nat.py D1T1:2 CHIP=TD2|TD3|TH2|TH1 MODEL1=ent TGEN=ixia CHIP_REV=NA|X5|X7
2024-01-04 22:42:35,467 T0000: INFO  matched testbed gw6 to execute bucket 1 routing/NAT/test_nat.py D1T1:2 CHIP=TD2|TD3|TH2|TH1 MODEL1=ent TGEN=ixia CHIP_REV=NA|X5|X7
2024-01-04 22:42:35,468 T0000: INFO  matched testbed gw7 to execute bucket 1 routing/NAT/test_nat.py D1T1:2 CHIP=TD2|TD3|TH2|TH1 MODEL1=ent TGEN=ixia CHIP_REV=NA|X5|X7
2024-01-04 22:42:35,468 T0000: INFO  TRY-1 system/test_sflow.py 2 1 D1T1:1 D2T1:2 D1D2:1 TGCARD=stc|novus10
2024-01-04 22:42:35,469 T0000: INFO  matched testbed gw2 to execute bucket 2 system/test_sflow.py D1T1:1 D2T1:2 D1D2:1 TGCARD=stc|novus10
2024-01-04 22:42:35,469 T0000: INFO  matched testbed gw3 to execute bucket 2 system/test_sflow.py D1T1:1 D2T1:2 D1D2:1 TGCARD=stc|novus10
2024-01-04 22:42:35,470 T0000: INFO  TRY-1 routing/test_arp.py 1 1 D1T1:2 TGEN=ixia
2024-01-04 22:42:35,470 T0000: INFO  matched testbed gw4 to execute bucket 1 routing/test_arp.py D1T1:2 TGEN=ixia
2024-01-04 22:42:35,471 T0000: INFO  matched testbed gw5 to execute bucket 1 routing/test_arp.py D1T1:2 TGEN=ixia
2024-01-04 22:42:35,471 T0000: INFO  matched testbed gw6 to execute bucket 1 routing/test_arp.py D1T1:2 TGEN=ixia
2024-01-04 22:42:35,471 T0000: INFO  matched testbed gw7 to execute bucket 1 routing/test_arp.py D1T1:2 TGEN=ixia
2024-01-04 22:42:35,471 T0000: INFO  TRY-1 routing/VRF/test_vrf.py 2 1 D1D2:4 D1T1:2 D2T1:2 TGEN=ixia
2024-01-04 22:42:35,472 T0000: INFO  matched testbed gw2 to execute bucket 2 routing/VRF/test_vrf.py D1D2:4 D1T1:2 D2T1:2 TGEN=ixia
2024-01-04 22:42:35,472 T0000: INFO  matched testbed gw3 to execute bucket 2 routing/VRF/test_vrf.py D1D2:4 D1T1:2 D2T1:2 TGEN=ixia
2024-01-04 22:42:35,473 T0000: INFO  TRY-1 routing/test_l3_performance.py 1 1 D1T1:2 CHIP_REV=!X2
2024-01-04 22:42:35,473 T0000: INFO  matched testbed gw4 to execute bucket 1 routing/test_l3_performance.py D1T1:2 CHIP_REV=!X2
2024-01-04 22:42:35,473 T0000: INFO  matched testbed gw5 to execute bucket 1 routing/test_l3_performance.py D1T1:2 CHIP_REV=!X2
2024-01-04 22:42:35,474 T0000: INFO  matched testbed gw6 to execute bucket 1 routing/test_l3_performance.py D1T1:2 CHIP_REV=!X2
2024-01-04 22:42:35,474 T0000: INFO  matched testbed gw7 to execute bucket 1 routing/test_l3_performance.py D1T1:2 CHIP_REV=!X2
2024-01-04 22:42:35,474 T0000: INFO  TRY-1 routing/VRF/test_vrf_scale.py 2 1 D1D2:4 D1T1:2 D2T1:2 CHIP_REV=!X2
2024-01-04 22:42:35,475 T0000: INFO  matched testbed gw2 to execute bucket 2 routing/VRF/test_vrf_scale.py D1D2:4 D1T1:2 D2T1:2 CHIP_REV=!X2
2024-01-04 22:42:35,476 T0000: INFO  matched testbed gw3 to execute bucket 2 routing/VRF/test_vrf_scale.py D1D2:4 D1T1:2 D2T1:2 CHIP_REV=!X2
2024-01-04 22:42:35,476 T0000: INFO  TRY-1 routing/BGP/test_bgp_rr_traffic.py 2 1 D1D2:1 D1T1:1 D2T1:1 TGEN=ixia
2024-01-04 22:42:35,476 T0000: INFO  matched testbed gw2 to execute bucket 2 routing/BGP/test_bgp_rr_traffic.py D1D2:1 D1T1:1 D2T1:1 TGEN=ixia
2024-01-04 22:42:35,477 T0000: INFO  matched testbed gw3 to execute bucket 2 routing/BGP/test_bgp_rr_traffic.py D1D2:1 D1T1:1 D2T1:1 TGEN=ixia
2024-01-04 22:42:35,477 T0000: INFO  TRY-1 routing/test_ip.py 2 1 D1T1:2 D2T1:2 D1D2:4 CHIP=TD3 TGEN=ixia
2024-01-04 22:42:35,478 T0000: INFO  matched testbed gw2 to execute bucket 2 routing/test_ip.py D1T1:2 D2T1:2 D1D2:4 CHIP=TD3 TGEN=ixia
2024-01-04 22:42:35,478 T0000: INFO  matched testbed gw3 to execute bucket 2 routing/test_ip.py D1T1:2 D2T1:2 D1D2:4 CHIP=TD3 TGEN=ixia
2024-01-04 22:42:35,479 T0000: INFO  TRY-1 routing/BGP/test_bgp.py 2 1 D1D2:1 D1T1:1 D2T1:1 TGEN=ixia
2024-01-04 22:42:35,479 T0000: INFO  matched testbed gw2 to execute bucket 2 routing/BGP/test_bgp.py D1D2:1 D1T1:1 D2T1:1 TGEN=ixia
2024-01-04 22:42:35,480 T0000: INFO  matched testbed gw3 to execute bucket 2 routing/BGP/test_bgp.py D1D2:1 D1T1:1 D2T1:1 TGEN=ixia
2024-01-04 22:42:35,480 T0000: INFO  TRY-1 sanity/test_sanity_l3.py 2 1 D1D2:1 D1T1:1 D2T1:1
2024-01-04 22:42:35,480 T0000: INFO  matched testbed gw2 to execute bucket 2 sanity/test_sanity_l3.py D1D2:1 D1T1:1 D2T1:1
2024-01-04 22:42:35,481 T0000: INFO  matched testbed gw3 to execute bucket 2 sanity/test_sanity_l3.py D1D2:1 D1T1:1 D2T1:1
2024-01-04 22:42:35,481 T0000: INFO  TRY-1 system/test_device_mgmt.py 1 1 D1
2024-01-04 22:42:35,481 T0000: INFO  matched testbed gw4 to execute bucket 1 system/test_device_mgmt.py D1
2024-01-04 22:42:35,482 T0000: INFO  matched testbed gw5 to execute bucket 1 system/test_device_mgmt.py D1
2024-01-04 22:42:35,482 T0000: INFO  matched testbed gw6 to execute bucket 1 system/test_device_mgmt.py D1
2024-01-04 22:42:35,482 T0000: INFO  matched testbed gw7 to execute bucket 1 system/test_device_mgmt.py D1
2024-01-04 22:42:35,482 T0000: INFO  TRY-1 routing/BGP/test_bgp_4node.py 4 1 D1D2:1 D2D3:1 D2D4:1 D3D4:1 D3D1:1 TGEN=ixia
2024-01-04 22:42:35,483 T0000: INFO  matched testbed gw1 to execute bucket 4 routing/BGP/test_bgp_4node.py D1D2:1 D2D3:1 D2D4:1 D3D4:1 D3D1:1 TGEN=ixia
2024-01-04 22:42:35,517 T0000: INFO  Start Monitoring poll_time=300 max_time=7200 DBG=0
2024-01-04 22:42:35,523 T0000: INFO  ============== NODE(gw0) FINISH gw0
2024-01-04 22:42:35,524 T0000: INFO  ============== Completed gw0  
2024-01-04 22:42:35,525 T0000: INFO  [gw1]: ===== Assigned Pre-Tests
2024-01-04 22:51:28,624 T0000: INFO  [gw1]: EXEC: routing/BGP/test_bgp_4node.py::TestBGPConfed::test_ipv6_confed_route_distribution
2024-01-04 22:51:44,302 T0000: INFO  [gw1]: XFAIL: routing/BGP/test_bgp_4node.py::TestBGPConfed::test_ipv6_confed_route_distribution
2024-01-04 22:51:52,019 T0000: INFO  [gw1]: EXEC: routing/BGP/test_bgp_4node.py::TestBGPConfed::test_ipv6_confed_with_rr
2024-01-04 22:52:32,001 T0000: INFO  [gw1]: XFAIL: routing/BGP/test_bgp_4node.py::TestBGPConfed::test_ipv6_confed_with_rr
2024-01-04 22:52:40,148 T0000: INFO  [gw1]: EXEC: routing/BGP/test_bgp_4node.py::TestBGPConfed::test_confed_route_distribution_with_rmap
2024-01-04 22:53:10,836 T0000: INFO  [gw1]: PASSED: routing/BGP/test_bgp_4node.py::TestBGPConfed::test_confed_route_distribution_with_rmap
2024-01-04 22:53:25,556 T0000: INFO  [gw1]: EXEC: routing/BGP/test_bgp_4node.py::test_ft_bgp_ibgp_RR_Loop
2024-01-04 22:53:52,102 T0000: INFO  [gw1]: FAILED: routing/BGP/test_bgp_4node.py::test_ft_bgp_ibgp_RR_Loop
2024-01-04 22:54:02,933 T0000: INFO  [gw1]: EXEC: routing/BGP/test_bgp_4node.py::test_ft_bgp_ebgp_community_map
2024-01-04 22:58:05,178 T0000: INFO  [gw1]: PASSED: routing/BGP/test_bgp_4node.py::test_ft_bgp_ebgp_community_map
2024-01-04 23:01:30,952 T0000: INFO  ============== NODE(gw1) FINISH gw1
2024-01-04 23:01:30,953 T0000: INFO  ============== Completed gw1  
2024-01-04 23:01:30,982 T0000: INFO  [gw2]: ===== Assigned Pre-Tests
2024-01-04 23:01:30,984 T0000: INFO  [gw3]: ===== Assigned Pre-Tests
2024-01-04 23:14:00,305 T0000: INFO  [gw3]: EXEC: routing/VRF/test_vrf.py::test_VrfFun001_06
2024-01-04 23:14:21,008 T0000: INFO  [gw3]: PASSED: routing/VRF/test_vrf.py::test_VrfFun001_06
2024-01-04 23:14:27,060 T0000: INFO  [gw3]: EXEC: routing/VRF/test_vrf.py::test_VrfFun_26_27
2024-01-04 23:14:50,139 T0000: INFO  [gw3]: PASSED: routing/VRF/test_vrf.py::test_VrfFun_26_27
2024-01-04 23:14:56,957 T0000: INFO  [gw3]: EXEC: routing/VRF/test_vrf.py::test_VrfFun_10_12_14
2024-01-04 23:15:26,046 T0000: INFO  [gw3]: PASSED: routing/VRF/test_vrf.py::test_VrfFun_10_12_14
2024-01-04 23:16:47,472 T0000: INFO  [gw3]: EXEC: routing/VRF/test_vrf.py::test_VrfFun_20_24_25_32_33_44_45
2024-01-04 23:17:12,993 T0000: INFO  [gw3]: PASSED: routing/VRF/test_vrf.py::test_VrfFun_20_24_25_32_33_44_45
2024-01-04 23:17:32,232 T0000: INFO  [gw3]: EXEC: routing/VRF/test_vrf.py::test_VrfFun_05_50
2024-01-04 23:20:56,478 T0000: INFO  [gw3]: PASSED: routing/VRF/test_vrf.py::test_VrfFun_05_50
2024-01-04 23:30:30,470 T0000: INFO  [gw3]: EXEC: routing/BGP/test_bgp.py::TestBGPRif::test_ft_bgp_v6_link_local_bgp
2024-01-04 23:30:46,245 T0000: INFO  [gw3]: PASSED: routing/BGP/test_bgp.py::TestBGPRif::test_ft_bgp_v6_link_local_bgp
2024-01-04 23:30:52,876 T0000: INFO  [gw3]: EXEC: routing/BGP/test_bgp.py::TestBGPRif::test_ft_bgp_clear
2024-01-04 23:31:02,123 T0000: INFO  [gw3]: PASSED: routing/BGP/test_bgp.py::TestBGPRif::test_ft_bgp_clear
2024-01-04 23:31:08,238 T0000: INFO  [gw3]: EXEC: routing/BGP/test_bgp.py::TestBGPRif::test_ft_bgp_peer_traffic_check
2024-01-04 23:33:31,273 T0000: INFO  [gw2]: EXEC: routing/VRF/test_vrf_scale.py::test_vrf_scale
2024-01-04 23:34:30,350 T0000: INFO  [gw3]: PASSED: routing/BGP/test_bgp.py::TestBGPRif::test_ft_bgp_peer_traffic_check
2024-01-04 23:34:40,181 T0000: INFO  [gw3]: EXEC: routing/BGP/test_bgp.py::TestBGPRif::test_ft_bgp_graceful_restart_and_aware_routers
2024-01-04 23:34:46,377 T0000: INFO  [gw3]: PASSED: routing/BGP/test_bgp.py::TestBGPRif::test_ft_bgp_graceful_restart_and_aware_routers
2024-01-04 23:34:52,803 T0000: INFO  [gw3]: EXEC: routing/BGP/test_bgp.py::TestBGPRif::test_ft_bgp_ipv4_no_route_aggregation_for_exact_prefix_match
2024-01-04 23:36:27,553 T0000: INFO  [gw3]: XFAIL: routing/BGP/test_bgp.py::TestBGPRif::test_ft_bgp_ipv4_no_route_aggregation_for_exact_prefix_match
2024-01-04 23:36:33,639 T0000: INFO  [gw3]: EXEC: routing/BGP/test_bgp.py::TestBGPRif::test_ft_bgp_ipv4_route_aggregation_atomic_aggregate_without_as_set
2024-01-04 23:37:34,465 T0000: INFO  [gw2]: PASSED: routing/VRF/test_vrf_scale.py::test_vrf_scale
2024-01-04 23:37:40,293 T0000: INFO  [gw2]: EXEC: routing/VRF/test_vrf_scale.py::test_vrf_route_leak
2024-01-04 23:38:13,903 T0000: INFO  [gw3]: XFAIL: routing/BGP/test_bgp.py::TestBGPRif::test_ft_bgp_ipv4_route_aggregation_atomic_aggregate_without_as_set
2024-01-04 23:38:20,800 T0000: INFO  [gw3]: EXEC: routing/BGP/test_bgp.py::TestBGPRif::test_bgp_route_aggregation_4byteASN
2024-01-04 23:39:35,673 T0000: INFO  [gw3]: XFAIL: routing/BGP/test_bgp.py::TestBGPRif::test_bgp_route_aggregation_4byteASN
2024-01-04 23:39:42,621 T0000: INFO  [gw3]: EXEC: routing/BGP/test_bgp.py::TestBGPRif::test_ft_bgp_ipv6_route_aggregation_with_as_set
2024-01-04 23:39:43,376 T0000: INFO  [gw2]: PASSED: routing/VRF/test_vrf_scale.py::test_vrf_route_leak
2024-01-04 23:39:50,028 T0000: INFO  [gw2]: EXEC: routing/VRF/test_vrf_scale.py::test_vrf_bgp
2024-01-04 23:40:31,317 T0000: INFO  [gw3]: XFAIL: routing/BGP/test_bgp.py::TestBGPRif::test_ft_bgp_ipv6_route_aggregation_with_as_set
2024-01-04 23:40:38,109 T0000: INFO  [gw3]: EXEC: routing/BGP/test_bgp.py::TestBGPRif::test_ft_bgp_v4_dyn_nbr
2024-01-04 23:41:05,421 T0000: INFO  [gw3]: PASSED: routing/BGP/test_bgp.py::TestBGPRif::test_ft_bgp_v4_dyn_nbr
2024-01-04 23:41:10,764 T0000: INFO  [gw3]: EXEC: routing/BGP/test_bgp.py::TestBGPRif::test_ft_bgp_v6_dyn_nbr
2024-01-04 23:41:38,737 T0000: INFO  [gw3]: PASSED: routing/BGP/test_bgp.py::TestBGPRif::test_ft_bgp_v6_dyn_nbr
2024-01-04 23:41:44,244 T0000: INFO  [gw3]: EXEC: routing/BGP/test_bgp.py::TestBGPRif::test_ft_bgp_v4_max_dyn_nbr
2024-01-04 23:44:00,423 T0000: INFO  [gw3]: PASSED: routing/BGP/test_bgp.py::TestBGPRif::test_ft_bgp_v4_max_dyn_nbr
2024-01-04 23:44:05,751 T0000: INFO  [gw3]: EXEC: routing/BGP/test_bgp.py::TestBGPRif::test_ft_bgp_rmap
2024-01-04 23:44:19,989 T0000: INFO  [gw3]: PASSED: routing/BGP/test_bgp.py::TestBGPRif::test_ft_bgp_rmap
2024-01-04 23:46:07,335 T0000: INFO  [gw3]: EXEC: routing/BGP/test_bgp.py::TestBGPIPvxRouteAdvertisementFilter::test_redistribute_connected_ipv4
2024-01-04 23:46:20,612 T0000: INFO  [gw3]: XFAIL: routing/BGP/test_bgp.py::TestBGPIPvxRouteAdvertisementFilter::test_redistribute_connected_ipv4
2024-01-04 23:46:27,344 T0000: INFO  [gw3]: EXEC: routing/BGP/test_bgp.py::TestBGPIPvxRouteAdvertisementFilter::test_redistribute_static_ipv4
2024-01-04 23:46:42,125 T0000: INFO  [gw3]: XFAIL: routing/BGP/test_bgp.py::TestBGPIPvxRouteAdvertisementFilter::test_redistribute_static_ipv4
2024-01-04 23:46:48,265 T0000: INFO  [gw3]: EXEC: routing/BGP/test_bgp.py::TestBGPIPvxRouteAdvertisementFilter::test_distribute_list_in_ipv4
2024-01-04 23:46:57,200 T0000: INFO  [gw3]: PASSED: routing/BGP/test_bgp.py::TestBGPIPvxRouteAdvertisementFilter::test_distribute_list_in_ipv4
2024-01-04 23:47:03,608 T0000: INFO  [gw3]: EXEC: routing/BGP/test_bgp.py::TestBGPIPvxRouteAdvertisementFilter::test_filter_list_in_ipv4
2024-01-04 23:47:13,188 T0000: INFO  [gw3]: PASSED: routing/BGP/test_bgp.py::TestBGPIPvxRouteAdvertisementFilter::test_filter_list_in_ipv4
2024-01-04 23:47:20,947 T0000: INFO  [gw3]: EXEC: routing/BGP/test_bgp.py::TestBGPIPvxRouteAdvertisementFilter::test_prefix_list_out_ipv4
2024-01-04 23:47:43,483 T0000: INFO  [gw3]: PASSED: routing/BGP/test_bgp.py::TestBGPIPvxRouteAdvertisementFilter::test_prefix_list_out_ipv4
2024-01-04 23:47:50,242 T0000: INFO  [gw3]: EXEC: routing/BGP/test_bgp.py::TestBGPIPvxRouteAdvertisementFilter::test_default_originate_ipv4
2024-01-04 23:48:00,326 T0000: INFO  [gw3]: XFAIL: routing/BGP/test_bgp.py::TestBGPIPvxRouteAdvertisementFilter::test_default_originate_ipv4
2024-01-04 23:48:06,842 T0000: INFO  [gw3]: EXEC: routing/BGP/test_bgp.py::TestBGPIPvxRouteAdvertisementFilter::test_route_map_in_ipv4
2024-01-04 23:48:07,834 T0000: INFO  [gw3]: XFAIL: routing/BGP/test_bgp.py::TestBGPIPvxRouteAdvertisementFilter::test_route_map_in_ipv4
2024-01-04 23:48:18,710 T0000: INFO  [gw3]: EXEC: routing/BGP/test_bgp.py::TestBGPIPvxRouteAdvertisementFilter::test_redistribute_connected_ipv6
2024-01-04 23:48:32,810 T0000: INFO  [gw3]: XFAIL: routing/BGP/test_bgp.py::TestBGPIPvxRouteAdvertisementFilter::test_redistribute_connected_ipv6
2024-01-04 23:48:39,585 T0000: INFO  [gw3]: EXEC: routing/BGP/test_bgp.py::TestBGPIPvxRouteAdvertisementFilter::test_redistribute_static_ipv6
2024-01-04 23:48:54,485 T0000: INFO  [gw3]: XFAIL: routing/BGP/test_bgp.py::TestBGPIPvxRouteAdvertisementFilter::test_redistribute_static_ipv6
2024-01-04 23:49:00,740 T0000: INFO  [gw3]: EXEC: routing/BGP/test_bgp.py::TestBGPIPvxRouteAdvertisementFilter::test_distribute_list_in_ipv6
2024-01-04 23:49:09,686 T0000: INFO  [gw3]: PASSED: routing/BGP/test_bgp.py::TestBGPIPvxRouteAdvertisementFilter::test_distribute_list_in_ipv6
2024-01-04 23:49:16,310 T0000: INFO  [gw3]: EXEC: routing/BGP/test_bgp.py::TestBGPIPvxRouteAdvertisementFilter::test_filter_list_in_ipv6
2024-01-04 23:49:25,214 T0000: INFO  [gw3]: PASSED: routing/BGP/test_bgp.py::TestBGPIPvxRouteAdvertisementFilter::test_filter_list_in_ipv6
2024-01-04 23:49:26,389 T0000: INFO  [gw2]: PASSED: routing/VRF/test_vrf_scale.py::test_vrf_bgp
2024-01-04 23:49:31,900 T0000: INFO  [gw3]: EXEC: routing/BGP/test_bgp.py::TestBGPIPvxRouteAdvertisementFilter::test_prefix_list_out_ipv6
2024-01-04 23:49:33,236 T0000: INFO  [gw2]: EXEC: routing/VRF/test_vrf_scale.py::test_vrf_reload
2024-01-04 23:49:41,202 T0000: INFO  [gw3]: PASSED: routing/BGP/test_bgp.py::TestBGPIPvxRouteAdvertisementFilter::test_prefix_list_out_ipv6
2024-01-04 23:49:47,815 T0000: INFO  [gw3]: EXEC: routing/BGP/test_bgp.py::TestBGPIPvxRouteAdvertisementFilter::test_filter_list_out_ipv6
2024-01-04 23:49:57,153 T0000: INFO  [gw3]: PASSED: routing/BGP/test_bgp.py::TestBGPIPvxRouteAdvertisementFilter::test_filter_list_out_ipv6
2024-01-04 23:50:03,710 T0000: INFO  [gw3]: EXEC: routing/BGP/test_bgp.py::TestBGPIPvxRouteAdvertisementFilter::test_default_originate_ipv6
2024-01-04 23:50:13,494 T0000: INFO  [gw3]: XFAIL: routing/BGP/test_bgp.py::TestBGPIPvxRouteAdvertisementFilter::test_default_originate_ipv6
2024-01-04 23:50:24,189 T0000: INFO  [gw3]: EXEC: routing/BGP/test_bgp.py::TestBGPIPvxRouteAdvertisementFilter::test_route_map_in_ipv6
2024-01-04 23:50:28,956 T0000: INFO  [gw3]: XFAIL: routing/BGP/test_bgp.py::TestBGPIPvxRouteAdvertisementFilter::test_route_map_in_ipv6
2024-01-04 23:50:41,409 T0000: INFO  [gw3]: EXEC: routing/BGP/test_bgp.py::TestBGPIPvxRouteAdvertisementFilter::test_bgp_route_map_with_community
2024-01-04 23:50:59,701 T0000: INFO  [gw3]: PASSED: routing/BGP/test_bgp.py::TestBGPIPvxRouteAdvertisementFilter::test_bgp_route_map_with_community
2024-01-04 23:51:06,054 T0000: INFO  [gw3]: EXEC: routing/BGP/test_bgp.py::TestBGPIPvxRouteAdvertisementFilter::test_bgp_ebgp4_nbr_update_source
2024-01-04 23:51:23,681 T0000: INFO  [gw3]: PASSED: routing/BGP/test_bgp.py::TestBGPIPvxRouteAdvertisementFilter::test_bgp_ebgp4_nbr_update_source
2024-01-04 23:51:40,408 T0000: INFO  [gw3]: EXEC: routing/BGP/test_bgp.py::TestBGPIPvxRouteAdvertisementFilter::test_bgp_ebgp4_nbr_authentication
2024-01-04 23:56:57,337 T0000: INFO  [gw2]: PASSED: routing/VRF/test_vrf_scale.py::test_vrf_reload
2024-01-04 23:57:43,483 T0000: INFO  [gw3]: PASSED: routing/BGP/test_bgp.py::TestBGPIPvxRouteAdvertisementFilter::test_bgp_ebgp4_nbr_authentication
2024-01-04 23:57:50,207 T0000: INFO  [gw3]: EXEC: routing/BGP/test_bgp.py::TestBGPIPvxRouteAdvertisementFilter::test_route_aggregate_ipv6
2024-01-04 23:58:10,039 T0000: INFO  [gw3]: XFAIL: routing/BGP/test_bgp.py::TestBGPIPvxRouteAdvertisementFilter::test_route_aggregate_ipv6
2024-01-04 23:58:16,816 T0000: INFO  [gw3]: EXEC: routing/BGP/test_bgp.py::TestBGPIPvxRouteAdvertisementFilter::test_static_blackhole_rt_redistribute_with_routemap_ipv6
2024-01-04 23:58:25,062 T0000: INFO  [gw3]: XFAIL: routing/BGP/test_bgp.py::TestBGPIPvxRouteAdvertisementFilter::test_static_blackhole_rt_redistribute_with_routemap_ipv6
2024-01-05 00:00:10,730 T0000: INFO  [gw3]: EXEC: routing/BGP/test_bgp.py::TestBGPVeLag::test_ft_bgp_clear
2024-01-05 00:00:18,224 T0000: INFO  [gw3]: PASSED: routing/BGP/test_bgp.py::TestBGPVeLag::test_ft_bgp_clear
2024-01-05 00:00:24,249 T0000: INFO  [gw3]: EXEC: routing/BGP/test_bgp.py::TestBGPVeLag::test_ft_bgp_peer_traffic_check
2024-01-05 00:03:45,625 T0000: INFO  [gw3]: PASSED: routing/BGP/test_bgp.py::TestBGPVeLag::test_ft_bgp_peer_traffic_check
2024-01-05 00:03:50,219 T0000: INFO  [gw2]: EXEC: system/test_sflow.py::test_ft_sflow_sampling_v6_sFlow_collector
2024-01-05 00:05:03,891 T0000: INFO  [gw3]: EXEC: routing/BGP/test_bgp.py::TestBGPL3Lag::test_ft_bgp_l3lag_peer_traffic_check
2024-01-05 00:06:05,758 T0000: INFO  [gw2]: XFAIL: system/test_sflow.py::test_ft_sflow_sampling_v6_sFlow_collector
2024-01-05 00:06:17,799 T0000: INFO  [gw2]: EXEC: system/test_sflow.py::test_ft_sflow_max_sflow_collector_config
2024-01-05 00:06:47,779 T0000: INFO  [gw2]: PASSED: system/test_sflow.py::test_ft_sflow_max_sflow_collector_config
2024-01-05 00:06:53,316 T0000: INFO  [gw2]: EXEC: system/test_sflow.py::test_ft_system_config_mgmt_verifying_config_with_save_reboot_sflow
2024-01-05 00:08:25,206 T0000: INFO  [gw3]: PASSED: routing/BGP/test_bgp.py::TestBGPL3Lag::test_ft_bgp_l3lag_peer_traffic_check
2024-01-05 00:10:21,182 T0000: INFO  [gw2]: XFAIL: system/test_sflow.py::test_ft_system_config_mgmt_verifying_config_with_save_reboot_sflow
2024-01-05 00:15:41,103 T0000: INFO  [gw3]: EXEC: routing/test_ip.py::test_l3_v4_route_po_1
2024-01-05 00:18:05,630 T0000: INFO  [gw3]: XFAIL: routing/test_ip.py::test_l3_v4_route_po_1
2024-01-05 00:18:11,034 T0000: INFO  [gw3]: EXEC: routing/test_ip.py::test_ft_ping_v4_v6_vlan
2024-01-05 00:18:12,451 T0000: INFO  [gw3]: PASSED: routing/test_ip.py::test_ft_ping_v4_v6_vlan
2024-01-05 00:18:17,943 T0000: INFO  [gw3]: EXEC: routing/test_ip.py::test_ft_ping_v4_v6_after_ip_change_pc
2024-01-05 00:18:36,686 T0000: INFO  [gw3]: PASSED: routing/test_ip.py::test_ft_ping_v4_v6_after_ip_change_pc
2024-01-05 00:18:42,217 T0000: INFO  [gw3]: EXEC: routing/test_ip.py::test_ft_ip6_static_route_traffic_forward_blackhole
2024-01-05 00:19:20,771 T0000: INFO  [gw2]: EXEC: routing/BGP/test_bgp_rr_traffic.py::TestBGPRrTraffic::test_ft_bgp6_rr_traffic_check
2024-01-05 00:19:47,179 T0000: INFO  [gw3]: XFAIL: routing/test_ip.py::test_ft_ip6_static_route_traffic_forward_blackhole
2024-01-05 00:19:52,506 T0000: INFO  [gw3]: EXEC: routing/test_ip.py::test_ft_ip_static_route_traffic_forward
2024-01-05 00:20:43,626 T0000: INFO  [gw3]: PASSED: routing/test_ip.py::test_ft_ip_static_route_traffic_forward
2024-01-05 00:20:48,986 T0000: INFO  [gw3]: EXEC: routing/test_ip.py::test_ft_ip_v4_v6_L2_L3_translation
2024-01-05 00:21:50,770 T0000: INFO  [gw2]: PASSED: routing/BGP/test_bgp_rr_traffic.py::TestBGPRrTraffic::test_ft_bgp6_rr_traffic_check
2024-01-05 00:22:20,287 T0000: INFO  [gw3]: PASSED: routing/test_ip.py::test_ft_ip_v4_v6_L2_L3_translation
2024-01-05 00:22:26,573 T0000: INFO  [gw3]: EXEC: routing/test_ip.py::test_ft_verify_interfaces_order
2024-01-05 00:22:40,978 T0000: INFO  [gw3]: PASSED: routing/test_ip.py::test_ft_verify_interfaces_order
2024-01-05 00:26:14,254 T0000: INFO  ============== NODE(gw3) FINISH gw3
2024-01-05 00:26:14,254 T0000: INFO  ============== Completed gw3  
2024-01-05 00:26:14,283 T0000: INFO  [gw7]: ===== Assigned Pre-Tests
2024-01-05 00:26:14,284 T0000: INFO  [gw5]: ===== Assigned Pre-Tests
2024-01-05 00:29:01,171 T0000: INFO  [gw2]: EXEC: sanity/test_sanity_l3.py::test_l2_to_l3_port
2024-01-05 00:29:50,582 T0000: INFO  [gw2]: XFAIL: sanity/test_sanity_l3.py::test_l2_to_l3_port
2024-01-05 00:31:35,045 T0000: INFO  [gw7]: EXEC: routing/NAT/test_nat.py::test_ft_nat_docker_restart
2024-01-05 00:32:13,407 T0000: INFO  [gw7]: PASSED: routing/NAT/test_nat.py::test_ft_nat_docker_restart
2024-01-05 00:32:28,672 T0000: INFO  [gw5]: EXEC: routing/test_l3_performance.py::test_ft_l3_performance_enhancements_v4_route_intstall_withdraw
2024-01-05 00:32:54,834 T0000: INFO  ============== NODE(gw2) FINISH gw2
2024-01-05 00:32:54,834 T0000: INFO  ============== Completed gw2  
2024-01-05 00:32:54,837 T0000: INFO  [gw4]: ===== Assigned Pre-Tests
2024-01-05 00:32:54,840 T0000: INFO  [gw6]: ===== Assigned Pre-Tests
2024-01-05 00:33:07,685 T0000: INFO  [gw5]: XFAIL: routing/test_l3_performance.py::test_ft_l3_performance_enhancements_v4_route_intstall_withdraw
2024-01-05 00:33:17,361 T0000: INFO  [gw5]: EXEC: routing/test_l3_performance.py::test_cli_validation_ip_address
2024-01-05 00:34:36,497 T0000: INFO  [gw5]: PASSED: routing/test_l3_performance.py::test_cli_validation_ip_address
2024-01-05 00:34:41,494 T0000: INFO  [gw5]: EXEC: routing/test_l3_performance.py::test_cli_validation_bgp_router_config
2024-01-05 00:34:58,741 T0000: INFO  [gw5]: PASSED: routing/test_l3_performance.py::test_cli_validation_bgp_router_config
2024-01-05 00:37:49,483 T0000: INFO  [gw4]: EXEC: system/test_device_mgmt.py::test_ft_ip_static_ip_on_mgmt_intrf
2024-01-05 00:37:51,747 T0000: INFO  [gw6]: EXEC: routing/test_arp.py::test_ft_arp_dynamic_renew_traffic_test
2024-01-05 00:38:06,693 T0000: INFO  [gw4]: PASSED: system/test_device_mgmt.py::test_ft_ip_static_ip_on_mgmt_intrf
2024-01-05 00:38:45,389 T0000: INFO  [gw6]: PASSED: routing/test_arp.py::test_ft_arp_dynamic_renew_traffic_test
2024-01-05 00:40:46,251 T0000: INFO  ============== NODE(gw4) FINISH gw4
2024-01-05 00:40:46,252 T0000: INFO  ============== Completed gw4  
2024-01-05 00:40:53,938 T0000: INFO  [gw7]: EXEC: qos/test_qos_save_reboot.py::test_ft_qos_config_mgmt_verifying_config_with_save_reboot
2024-01-05 00:41:27,842 T0000: INFO  ============== NODE(gw6) FINISH gw6
2024-01-05 00:41:27,843 T0000: INFO  ============== Completed gw6  
2024-01-05 00:42:15,730 T0000: INFO  [gw5]: EXEC: routing/test_ndp.py::test_ft_ipv6_neighbor_entry
2024-01-05 00:42:28,556 T0000: INFO  [gw5]: PASSED: routing/test_ndp.py::test_ft_ipv6_neighbor_entry
2024-01-05 00:45:15,685 T0000: INFO  ============== NODE(gw5) FINISH gw5
2024-01-05 00:45:15,686 T0000: INFO  ============== Completed gw5  
2024-01-05 00:48:34,225 T0000: INFO  [gw7]: PASSED: qos/test_qos_save_reboot.py::test_ft_qos_config_mgmt_verifying_config_with_save_reboot
2024-01-05 00:51:17,733 T0000: INFO  ============== NODE(gw7) FINISH gw7
2024-01-05 00:51:17,734 T0000: INFO  ============== Completed gw7  
2024-01-05 00:51:17,788 T0000: INFO  update free pod devices ['V1', 'V2', 'V3', 'V4']
2024-01-05 00:51:17,806 T0000: INFO  update free pod devices ['unknown:V1', 'unknown:V2', 'unknown:V3', 'unknown:V4']
