2024-01-05 00:36:01,030 T0000: WARN  #### gw4  
2024-01-05 00:36:01,030 T0000: WARN  support post-session-prolog session pass ''
2024-01-05 00:36:51,750 T0000: INFO  #### gw4  
2024-01-05 00:36:51,750 T0000: INFO  support pre-module-prolog system/test_device_mgmt.py  ''
2024-01-05 00:37:16,165 T0000: INFO  #### gw4  system/test_device_mgmt.py
2024-01-05 00:37:16,165 T0000: INFO  support post-module-prolog system/test_device_mgmt.py Pass ''
2024-01-05 00:37:49,465 T0000: INFO  #### gw4  system/test_device_mgmt.py
2024-01-05 00:37:49,465 T0000: INFO  support pre-function-prolog test_ft_ip_static_ip_on_mgmt_intrf  ''
2024-01-05 00:37:49,478 T0000: INFO  #### gw4  system/test_device_mgmt.py::test_ft_ip_static_ip_on_mgmt_intrf
2024-01-05 00:37:49,478 T0000: INFO  support post-function-prolog test_ft_ip_static_ip_on_mgmt_intrf Pass ''
2024-01-05 00:38:06,687 T0000: INFO  #### gw4  system/test_device_mgmt.py::test_ft_ip_static_ip_on_mgmt_intrf
2024-01-05 00:38:06,687 T0000: INFO  support pre-function-epilog test_ft_ip_static_ip_on_mgmt_intrf Pass 'Test case passed'
2024-01-05 00:38:06,691 T0000: INFO  #### gw4  system/test_device_mgmt.py::test_ft_ip_static_ip_on_mgmt_intrf
2024-01-05 00:38:06,691 T0000: INFO  support post-function-epilog test_ft_ip_static_ip_on_mgmt_intrf Pass 'Test case passed'
2024-01-05 00:38:06,709 T0000: WARN  #### gw4  system/test_device_mgmt.py::test_ft_ip_static_ip_on_mgmt_intrf
2024-01-05 00:38:06,709 T0000: WARN  support pre-module-epilog system/test_device_mgmt.py pass ''
2024-01-05 00:38:31,020 T0000: WARN  #### gw4  system/test_device_mgmt.py::test_ft_ip_static_ip_on_mgmt_intrf
2024-01-05 00:38:31,020 T0000: WARN  support post-module-epilog system/test_device_mgmt.py pass ''
2024-01-05 00:40:34,096 T0000: WARN  #### gw4  batch/test_spytest_infra_1.py::test_spytest_infra_last
2024-01-05 00:40:34,096 T0000: WARN  support session-epilog session pass ''
