2023-12-25 03:02:33,779 T0025: WARN  #### gw2  
2023-12-25 03:02:33,779 T0025: WARN  support post-session-prolog session pass ''
2023-12-25 03:02:33,782 T0026: WARN  #### gw2  
2023-12-25 03:02:33,782 T0026: WARN  support post-session-prolog session pass ''
2023-12-25 03:03:21,690 T0079: INFO  #### gw2  
2023-12-25 03:03:21,691 T0079: INFO  support pre-module-prolog switching/test_portchannel.py  ''
2023-12-25 03:03:21,693 T0080: INFO  #### gw2  
2023-12-25 03:03:21,693 T0080: INFO  support pre-module-prolog switching/test_portchannel.py  ''
2023-12-25 03:04:04,606 T0104: INFO  #### gw2  switching/test_portchannel.py
2023-12-25 03:04:04,606 T0104: INFO  support post-module-prolog switching/test_portchannel.py Pass ''
2023-12-25 03:04:04,608 T0105: INFO  #### gw2  switching/test_portchannel.py
2023-12-25 03:04:04,608 T0105: INFO  support post-module-prolog switching/test_portchannel.py Pass ''
2023-12-25 03:04:35,689 T0129: INFO  #### gw2  switching/test_portchannel.py
2023-12-25 03:04:35,690 T0129: INFO  support pre-function-prolog test_ft_portchannel_with_vlan_variations  ''
2023-12-25 03:04:35,694 T0130: INFO  #### gw2  switching/test_portchannel.py
2023-12-25 03:04:35,694 T0130: INFO  support pre-function-prolog test_ft_portchannel_with_vlan_variations  ''
2023-12-25 03:04:39,826 T0133: INFO  #### gw2  switching/test_portchannel.py::test_ft_portchannel_with_vlan_variations
2023-12-25 03:04:39,827 T0133: INFO  support post-function-prolog test_ft_portchannel_with_vlan_variations Pass ''
2023-12-25 03:04:39,829 T0134: INFO  #### gw2  switching/test_portchannel.py::test_ft_portchannel_with_vlan_variations
2023-12-25 03:04:39,830 T0134: INFO  support post-function-prolog test_ft_portchannel_with_vlan_variations Pass ''
2023-12-25 03:06:19,895 T0149: WARN  #### gw2  switching/test_portchannel.py::test_ft_portchannel_with_vlan_variations
2023-12-25 03:06:19,895 T0149: WARN  support pre-function-epilog test_ft_portchannel_with_vlan_variations Fail 'Portchannel PortChannel7 on V2 with member ['Ethernet16', 'Ethernet20'] verification failed'
2023-12-25 03:06:19,899 T0150: WARN  #### gw2  switching/test_portchannel.py::test_ft_portchannel_with_vlan_variations
2023-12-25 03:06:19,899 T0150: WARN  support pre-function-epilog test_ft_portchannel_with_vlan_variations Fail 'Portchannel PortChannel7 on V2 with member ['Ethernet16', 'Ethernet20'] verification failed'
2023-12-25 03:06:22,061 T0153: WARN  #### gw2  switching/test_portchannel.py::test_ft_portchannel_with_vlan_variations
2023-12-25 03:06:22,061 T0153: WARN  support post-function-epilog test_ft_portchannel_with_vlan_variations ignore 'Portchannel PortChannel7 on V2 with member ['Ethernet16', 'Ethernet20'] verification failed'
2023-12-25 03:06:22,063 T0154: WARN  #### gw2  switching/test_portchannel.py::test_ft_portchannel_with_vlan_variations
2023-12-25 03:06:22,063 T0154: WARN  support post-function-epilog test_ft_portchannel_with_vlan_variations ignore 'Portchannel PortChannel7 on V2 with member ['Ethernet16', 'Ethernet20'] verification failed'
2023-12-25 03:06:26,973 T0160: INFO  #### gw2  switching/test_portchannel.py
2023-12-25 03:06:26,973 T0160: INFO  support pre-function-prolog test_ft_verify_min_links_functionality_by_flapping_all_member_ports_007  ''
2023-12-25 03:06:26,978 T0161: INFO  #### gw2  switching/test_portchannel.py
2023-12-25 03:06:26,978 T0161: INFO  support pre-function-prolog test_ft_verify_min_links_functionality_by_flapping_all_member_ports_007  ''
2023-12-25 03:07:00,699 T0164: WARN  #### gw2  switching/test_portchannel.py::test_ft_verify_min_links_functionality_by_flapping_all_member_ports_007
2023-12-25 03:07:00,700 T0164: WARN  support post-function-prolog test_ft_verify_min_links_functionality_by_flapping_all_member_ports_007 Fail 'Invalid error code PortChannel Verification Failed : unknown message identifier 'PortChannel Verification Failed''
2023-12-25 03:07:00,704 T0165: WARN  #### gw2  switching/test_portchannel.py::test_ft_verify_min_links_functionality_by_flapping_all_member_ports_007
2023-12-25 03:07:00,704 T0165: WARN  support post-function-prolog test_ft_verify_min_links_functionality_by_flapping_all_member_ports_007 Fail 'Invalid error code PortChannel Verification Failed : unknown message identifier 'PortChannel Verification Failed''
2023-12-25 03:07:01,093 T0166: WARN  #### gw2  switching/test_portchannel.py::test_ft_verify_min_links_functionality_by_flapping_all_member_ports_007
2023-12-25 03:07:01,093 T0166: WARN  support post-function-epilog test_ft_verify_min_links_functionality_by_flapping_all_member_ports_007 ConfigFail 'pre-test configuration failed Invalid error code PortChannel Verification Failed : unknown message identifier 'PortChannel Verification Failed' @5430'
2023-12-25 03:07:01,095 T0167: WARN  #### gw2  switching/test_portchannel.py::test_ft_verify_min_links_functionality_by_flapping_all_member_ports_007
2023-12-25 03:07:01,095 T0167: WARN  support post-function-epilog test_ft_verify_min_links_functionality_by_flapping_all_member_ports_007 ConfigFail 'pre-test configuration failed Invalid error code PortChannel Verification Failed : unknown message identifier 'PortChannel Verification Failed' @5430'
2023-12-25 03:07:01,133 T0168: WARN  #### gw2  switching/test_portchannel.py::test_ft_verify_min_links_functionality_by_flapping_all_member_ports_007
2023-12-25 03:07:01,133 T0168: WARN  support pre-module-epilog switching/test_portchannel.py fail ''
2023-12-25 03:07:01,135 T0169: WARN  #### gw2  switching/test_portchannel.py::test_ft_verify_min_links_functionality_by_flapping_all_member_ports_007
2023-12-25 03:07:01,135 T0169: WARN  support pre-module-epilog switching/test_portchannel.py fail ''
2023-12-25 03:07:33,003 T0189: ERROR #### gw2 ERROR switching/test_portchannel.py::test_ft_verify_min_links_functionality_by_flapping_all_member_ports_007
2023-12-25 03:07:33,003 T0189: ERROR detected pattern: containing_error executing 'sudo -s config portchannel del PortChannel7'
2023-12-25 03:07:33,159 T0188: ERROR #### gw2 ERROR switching/test_portchannel.py::test_ft_verify_min_links_functionality_by_flapping_all_member_ports_007
2023-12-25 03:07:33,159 T0188: ERROR detected pattern: containing_error executing 'sudo -s config portchannel del PortChannel7'
2023-12-25 03:07:33,164 T0190: WARN  #### gw2  switching/test_portchannel.py::test_ft_verify_min_links_functionality_by_flapping_all_member_ports_007
2023-12-25 03:07:33,164 T0190: WARN  support post-module-epilog switching/test_portchannel.py fail ''
2023-12-25 03:07:33,168 T0191: WARN  #### gw2  switching/test_portchannel.py::test_ft_verify_min_links_functionality_by_flapping_all_member_ports_007
2023-12-25 03:07:33,168 T0191: WARN  support post-module-epilog switching/test_portchannel.py fail ''
2023-12-25 03:09:42,923 T0247: INFO  #### gw2  
2023-12-25 03:09:42,923 T0247: INFO  support pre-module-prolog system/test_lldp.py  ''
2023-12-25 03:09:42,926 T0248: INFO  #### gw2  
2023-12-25 03:09:42,926 T0248: INFO  support pre-module-prolog system/test_lldp.py  ''
2023-12-25 03:11:28,602 T0265: WARN  #### gw2  system/test_lldp.py
2023-12-25 03:11:28,602 T0265: WARN  support post-module-epilog system/test_lldp.py fail ''
2023-12-25 03:11:28,604 T0266: WARN  #### gw2  system/test_lldp.py
2023-12-25 03:11:28,604 T0266: WARN  support post-module-epilog system/test_lldp.py fail ''
2023-12-25 03:13:38,611 T0322: INFO  #### gw2  
2023-12-25 03:13:38,611 T0322: INFO  support pre-module-prolog system/test_ssh.py  ''
2023-12-25 03:13:38,613 T0323: INFO  #### gw2  
2023-12-25 03:13:38,614 T0323: INFO  support pre-module-prolog system/test_ssh.py  ''
2023-12-25 03:14:15,558 T0350: INFO  #### gw2  system/test_ssh.py
2023-12-25 03:14:15,558 T0350: INFO  support post-module-prolog system/test_ssh.py Pass ''
2023-12-25 03:14:15,563 T0351: INFO  #### gw2  system/test_ssh.py
2023-12-25 03:14:15,563 T0351: INFO  support post-module-prolog system/test_ssh.py Pass ''
2023-12-25 03:14:46,777 T0375: INFO  #### gw2  system/test_ssh.py
2023-12-25 03:14:46,777 T0375: INFO  support pre-function-prolog test_ft_ssh_service_disable  ''
2023-12-25 03:14:46,781 T0376: INFO  #### gw2  system/test_ssh.py
2023-12-25 03:14:46,781 T0376: INFO  support pre-function-prolog test_ft_ssh_service_disable  ''
2023-12-25 03:14:46,796 T0377: INFO  #### gw2  system/test_ssh.py::test_ft_ssh_service_disable
2023-12-25 03:14:46,796 T0377: INFO  support post-function-prolog test_ft_ssh_service_disable Pass ''
2023-12-25 03:14:46,798 T0378: INFO  #### gw2  system/test_ssh.py::test_ft_ssh_service_disable
2023-12-25 03:14:46,798 T0378: INFO  support post-function-prolog test_ft_ssh_service_disable Pass ''
2023-12-25 03:14:49,555 T0379: INFO  #### gw2  system/test_ssh.py::test_ft_ssh_service_disable
2023-12-25 03:14:49,555 T0379: INFO  support pre-function-epilog test_ft_ssh_service_disable Pass 'Test case passed'
2023-12-25 03:14:49,557 T0380: INFO  #### gw2  system/test_ssh.py::test_ft_ssh_service_disable
2023-12-25 03:14:49,557 T0380: INFO  support pre-function-epilog test_ft_ssh_service_disable Pass 'Test case passed'
2023-12-25 03:14:49,567 T0381: INFO  #### gw2  system/test_ssh.py::test_ft_ssh_service_disable
2023-12-25 03:14:49,567 T0381: INFO  support post-function-epilog test_ft_ssh_service_disable Pass 'Test case passed'
2023-12-25 03:14:49,569 T0382: INFO  #### gw2  system/test_ssh.py::test_ft_ssh_service_disable
2023-12-25 03:14:49,569 T0382: INFO  support post-function-epilog test_ft_ssh_service_disable Pass 'Test case passed'
2023-12-25 03:14:54,369 T0388: INFO  #### gw2  system/test_ssh.py
2023-12-25 03:14:54,369 T0388: INFO  support pre-function-prolog test_ft_ssh_add_user_verify  ''
2023-12-25 03:14:54,373 T0389: INFO  #### gw2  system/test_ssh.py
2023-12-25 03:14:54,373 T0389: INFO  support pre-function-prolog test_ft_ssh_add_user_verify  ''
2023-12-25 03:14:54,384 T0390: INFO  #### gw2  system/test_ssh.py::test_ft_ssh_add_user_verify
2023-12-25 03:14:54,384 T0390: INFO  support post-function-prolog test_ft_ssh_add_user_verify Pass ''
2023-12-25 03:14:54,386 T0391: INFO  #### gw2  system/test_ssh.py::test_ft_ssh_add_user_verify
2023-12-25 03:14:54,386 T0391: INFO  support post-function-prolog test_ft_ssh_add_user_verify Pass ''
2023-12-25 03:19:55,885 T0000: WARN  #### gw2 IGNORED ERROR system/test_ssh.py::test_ft_ssh_add_user_verify
2023-12-25 03:19:55,885 T0000: WARN  Skipped error checking but detected pattern: containing_python_traceback command: sudo -s fast-reboot
2023-12-25 03:21:57,079 T0398: INFO  #### gw2  system/test_ssh.py::test_ft_ssh_add_user_verify
2023-12-25 03:21:57,080 T0398: INFO  support testcase test_ft_controlplane_acl_service_sshv4 Pass 'SSH failed'
2023-12-25 03:21:57,082 T0399: INFO  #### gw2  system/test_ssh.py::test_ft_ssh_add_user_verify
2023-12-25 03:21:57,082 T0399: INFO  support testcase test_ft_controlplane_acl_service_sshv4 Pass 'SSH failed'
2023-12-25 03:21:57,091 T0400: INFO  #### gw2  system/test_ssh.py::test_ft_ssh_add_user_verify
2023-12-25 03:21:57,091 T0400: INFO  support testcase test_ft_controlplane_acl_service_sshv6 Pass 'SSH failed'
2023-12-25 03:21:57,092 T0401: INFO  #### gw2  system/test_ssh.py::test_ft_ssh_add_user_verify
2023-12-25 03:21:57,093 T0401: INFO  support testcase test_ft_controlplane_acl_service_sshv6 Pass 'SSH failed'
2023-12-25 03:21:57,098 T0402: WARN  #### gw2  system/test_ssh.py::test_ft_ssh_add_user_verify
2023-12-25 03:21:57,098 T0402: WARN  support testcase test_ft_controlplane_acl_service_snmp Fail 'SNMP output is not found after walk of with control plane ACL service SNMP after reboot OID'
2023-12-25 03:21:57,099 T0403: WARN  #### gw2  system/test_ssh.py::test_ft_ssh_add_user_verify
2023-12-25 03:21:57,100 T0403: WARN  support testcase test_ft_controlplane_acl_service_snmp Fail 'SNMP output is not found after walk of with control plane ACL service SNMP after reboot OID'
2023-12-25 03:23:58,599 T0408: WARN  #### gw2  system/test_ssh.py::test_ft_ssh_add_user_verify
2023-12-25 03:23:58,599 T0408: WARN  support pre-function-epilog test_ft_ssh_add_user_verify Fail 'Test case Failed.'
2023-12-25 03:23:58,601 T0409: WARN  #### gw2  system/test_ssh.py::test_ft_ssh_add_user_verify
2023-12-25 03:23:58,601 T0409: WARN  support pre-function-epilog test_ft_ssh_add_user_verify Fail 'Test case Failed.'
2023-12-25 03:23:58,964 T0410: WARN  #### gw2  system/test_ssh.py::test_ft_ssh_add_user_verify
2023-12-25 03:23:58,964 T0410: WARN  support post-function-epilog test_ft_ssh_add_user_verify ignore 'Test case Failed.'
2023-12-25 03:23:58,966 T0411: WARN  #### gw2  system/test_ssh.py::test_ft_ssh_add_user_verify
2023-12-25 03:23:58,966 T0411: WARN  support post-function-epilog test_ft_ssh_add_user_verify ignore 'Test case Failed.'
2023-12-25 03:24:03,850 T0417: INFO  #### gw2  system/test_ssh.py
2023-12-25 03:24:03,851 T0417: INFO  support pre-function-prolog test_ft_verify_logs_at_the_time_of_ssh_login_success  ''
2023-12-25 03:24:03,855 T0418: INFO  #### gw2  system/test_ssh.py
2023-12-25 03:24:03,856 T0418: INFO  support pre-function-prolog test_ft_verify_logs_at_the_time_of_ssh_login_success  ''
2023-12-25 03:24:03,870 T0419: INFO  #### gw2  system/test_ssh.py::test_ft_verify_logs_at_the_time_of_ssh_login_success
2023-12-25 03:24:03,870 T0419: INFO  support post-function-prolog test_ft_verify_logs_at_the_time_of_ssh_login_success Pass ''
2023-12-25 03:24:03,872 T0420: INFO  #### gw2  system/test_ssh.py::test_ft_verify_logs_at_the_time_of_ssh_login_success
2023-12-25 03:24:03,872 T0420: INFO  support post-function-prolog test_ft_verify_logs_at_the_time_of_ssh_login_success Pass ''
2023-12-25 03:24:20,227 T0423: INFO  #### gw2  system/test_ssh.py::test_ft_verify_logs_at_the_time_of_ssh_login_success
2023-12-25 03:24:20,228 T0423: INFO  support pre-function-epilog test_ft_verify_logs_at_the_time_of_ssh_login_success Pass 'Test case passed'
2023-12-25 03:24:20,230 T0424: INFO  #### gw2  system/test_ssh.py::test_ft_verify_logs_at_the_time_of_ssh_login_success
2023-12-25 03:24:20,230 T0424: INFO  support pre-function-epilog test_ft_verify_logs_at_the_time_of_ssh_login_success Pass 'Test case passed'
2023-12-25 03:24:20,242 T0425: INFO  #### gw2  system/test_ssh.py::test_ft_verify_logs_at_the_time_of_ssh_login_success
2023-12-25 03:24:20,242 T0425: INFO  support post-function-epilog test_ft_verify_logs_at_the_time_of_ssh_login_success Pass 'Test case passed'
2023-12-25 03:24:20,244 T0426: INFO  #### gw2  system/test_ssh.py::test_ft_verify_logs_at_the_time_of_ssh_login_success
2023-12-25 03:24:20,244 T0426: INFO  support post-function-epilog test_ft_verify_logs_at_the_time_of_ssh_login_success Pass 'Test case passed'
2023-12-25 03:24:20,277 T0427: WARN  #### gw2  system/test_ssh.py::test_ft_verify_logs_at_the_time_of_ssh_login_success
2023-12-25 03:24:20,277 T0427: WARN  support pre-module-epilog system/test_ssh.py fail ''
2023-12-25 03:24:20,279 T0428: WARN  #### gw2  system/test_ssh.py::test_ft_verify_logs_at_the_time_of_ssh_login_success
2023-12-25 03:24:20,279 T0428: WARN  support pre-module-epilog system/test_ssh.py fail ''
2023-12-25 03:25:10,872 T0453: WARN  #### gw2  system/test_ssh.py::test_ft_verify_logs_at_the_time_of_ssh_login_success
2023-12-25 03:25:10,872 T0453: WARN  support post-module-epilog system/test_ssh.py fail ''
2023-12-25 03:25:10,875 T0454: WARN  #### gw2  system/test_ssh.py::test_ft_verify_logs_at_the_time_of_ssh_login_success
2023-12-25 03:25:10,875 T0454: WARN  support post-module-epilog system/test_ssh.py fail ''
2023-12-25 03:26:51,353 T0499: WARN  #### gw2  batch/test_spytest_infra_1.py::test_spytest_infra_last
2023-12-25 03:26:51,353 T0499: WARN  support session-epilog session pass ''
2023-12-25 03:26:51,354 T0500: WARN  #### gw2  batch/test_spytest_infra_1.py::test_spytest_infra_last
2023-12-25 03:26:51,355 T0500: WARN  support session-epilog session pass ''
