2023-12-29 00:15:18,354 T0000: WARN  #### gw5  
2023-12-29 00:15:18,354 T0000: WARN  support post-session-prolog session pass ''
2023-12-29 00:16:08,135 T0000: INFO  #### gw5  
2023-12-29 00:16:08,135 T0000: INFO  support pre-module-prolog routing/test_l3_performance.py  ''
2023-12-29 00:16:51,639 T0000: INFO  #### gw5  routing/test_l3_performance.py
2023-12-29 00:16:51,639 T0000: INFO  support post-module-prolog routing/test_l3_performance.py Pass ''
2023-12-29 00:17:25,000 T0000: INFO  #### gw5  routing/test_l3_performance.py
2023-12-29 00:17:25,000 T0000: INFO  support pre-function-prolog test_ft_l3_performance_enhancements_v4_route_intstall_withdraw  ''
2023-12-29 00:17:25,013 T0000: INFO  #### gw5  routing/test_l3_performance.py::test_ft_l3_performance_enhancements_v4_route_intstall_withdraw
2023-12-29 00:17:25,013 T0000: INFO  support post-function-prolog test_ft_l3_performance_enhancements_v4_route_intstall_withdraw Pass ''
2023-12-29 00:18:38,413 T0000: INFO  #### gw5  routing/test_l3_performance.py::test_ft_l3_performance_enhancements_v4_route_intstall_withdraw
2023-12-29 00:18:38,413 T0000: INFO  support post-function-prolog test_ft_l3_performance_enhancements_v4_route_intstall_withdraw Pass ''
2023-12-29 00:19:08,513 T0000: INFO  #### gw5  routing/test_l3_performance.py::test_ft_l3_performance_enhancements_v4_route_intstall_withdraw
2023-12-29 00:19:08,513 T0000: INFO  support testcase FtOpSoRtPerfFn025 Pass 'Test case passed'
2023-12-29 00:19:12,620 T0000: INFO  #### gw5  routing/test_l3_performance.py::test_ft_l3_performance_enhancements_v4_route_intstall_withdraw
2023-12-29 00:19:12,620 T0000: INFO  support testcase FtOpSoRtPerfFn053 Pass 'Test case passed'
2023-12-29 00:19:17,212 T0000: WARN  #### gw5  routing/test_l3_performance.py::test_ft_l3_performance_enhancements_v4_route_intstall_withdraw
2023-12-29 00:19:17,212 T0000: WARN  support pre-function-epilog test_ft_l3_performance_enhancements_v4_route_intstall_withdraw Fail 'Route table is not updated after advertising of routes on TG'
2023-12-29 00:19:21,820 T0000: WARN  #### gw5  routing/test_l3_performance.py::test_ft_l3_performance_enhancements_v4_route_intstall_withdraw
2023-12-29 00:19:21,820 T0000: WARN  support post-function-epilog test_ft_l3_performance_enhancements_v4_route_intstall_withdraw ignore 'Route table is not updated after advertising of routes on TG'
2023-12-29 00:19:27,640 T0000: INFO  #### gw5  routing/test_l3_performance.py
2023-12-29 00:19:27,640 T0000: INFO  support pre-function-prolog test_cli_validation_ip_address  ''
2023-12-29 00:19:27,652 T0000: INFO  #### gw5  routing/test_l3_performance.py::test_cli_validation_ip_address
2023-12-29 00:19:27,652 T0000: INFO  support post-function-prolog test_cli_validation_ip_address Pass ''
2023-12-29 00:20:35,707 T0000: INFO  #### gw5  routing/test_l3_performance.py::test_cli_validation_ip_address
2023-12-29 00:20:35,708 T0000: INFO  support testcase FtOpSoRtPerfFn054 Pass 'Test case passed'
2023-12-29 00:20:35,710 T0000: INFO  #### gw5  routing/test_l3_performance.py::test_cli_validation_ip_address
2023-12-29 00:20:35,710 T0000: INFO  support pre-function-epilog test_cli_validation_ip_address Pass 'Test case passed'
2023-12-29 00:20:35,714 T0000: INFO  #### gw5  routing/test_l3_performance.py::test_cli_validation_ip_address
2023-12-29 00:20:35,714 T0000: INFO  support post-function-epilog test_cli_validation_ip_address Pass 'Test case passed'
2023-12-29 00:20:40,761 T0000: INFO  #### gw5  routing/test_l3_performance.py
2023-12-29 00:20:40,761 T0000: INFO  support pre-function-prolog test_cli_validation_bgp_router_config  ''
2023-12-29 00:20:40,772 T0000: INFO  #### gw5  routing/test_l3_performance.py::test_cli_validation_bgp_router_config
2023-12-29 00:20:40,772 T0000: INFO  support post-function-prolog test_cli_validation_bgp_router_config Pass ''
2023-12-29 00:20:58,090 T0000: INFO  #### gw5  routing/test_l3_performance.py::test_cli_validation_bgp_router_config
2023-12-29 00:20:58,090 T0000: INFO  support testcase FtOpSoRtPerfFn056 Pass 'Test case passed'
2023-12-29 00:20:58,094 T0000: INFO  #### gw5  routing/test_l3_performance.py::test_cli_validation_bgp_router_config
2023-12-29 00:20:58,094 T0000: INFO  support pre-function-epilog test_cli_validation_bgp_router_config Pass 'Test case passed'
2023-12-29 00:20:58,098 T0000: INFO  #### gw5  routing/test_l3_performance.py::test_cli_validation_bgp_router_config
2023-12-29 00:20:58,098 T0000: INFO  support post-function-epilog test_cli_validation_bgp_router_config Pass 'Test case passed'
2023-12-29 00:20:58,120 T0000: WARN  #### gw5  routing/test_l3_performance.py::test_cli_validation_bgp_router_config
2023-12-29 00:20:58,120 T0000: WARN  support pre-module-epilog routing/test_l3_performance.py fail ''
2023-12-29 00:21:34,872 T0000: WARN  #### gw5  routing/test_l3_performance.py::test_cli_validation_bgp_router_config
2023-12-29 00:21:34,872 T0000: WARN  support post-module-epilog routing/test_l3_performance.py fail ''
2023-12-29 00:23:49,170 T0000: INFO  #### gw5  
2023-12-29 00:23:49,170 T0000: INFO  support pre-module-prolog system/test_device_mgmt.py  ''
2023-12-29 00:24:12,926 T0000: INFO  #### gw5  system/test_device_mgmt.py
2023-12-29 00:24:12,926 T0000: INFO  support post-module-prolog system/test_device_mgmt.py Pass ''
2023-12-29 00:24:44,786 T0000: INFO  #### gw5  system/test_device_mgmt.py
2023-12-29 00:24:44,786 T0000: INFO  support pre-function-prolog test_ft_ip_static_ip_on_mgmt_intrf  ''
2023-12-29 00:24:44,797 T0000: INFO  #### gw5  system/test_device_mgmt.py::test_ft_ip_static_ip_on_mgmt_intrf
2023-12-29 00:24:44,797 T0000: INFO  support post-function-prolog test_ft_ip_static_ip_on_mgmt_intrf Pass ''
2023-12-29 00:25:01,990 T0000: INFO  #### gw5  system/test_device_mgmt.py::test_ft_ip_static_ip_on_mgmt_intrf
2023-12-29 00:25:01,990 T0000: INFO  support pre-function-epilog test_ft_ip_static_ip_on_mgmt_intrf Pass 'Test case passed'
2023-12-29 00:25:01,996 T0000: INFO  #### gw5  system/test_device_mgmt.py::test_ft_ip_static_ip_on_mgmt_intrf
2023-12-29 00:25:01,996 T0000: INFO  support post-function-epilog test_ft_ip_static_ip_on_mgmt_intrf Pass 'Test case passed'
2023-12-29 00:25:02,019 T0000: WARN  #### gw5  system/test_device_mgmt.py::test_ft_ip_static_ip_on_mgmt_intrf
2023-12-29 00:25:02,019 T0000: WARN  support pre-module-epilog system/test_device_mgmt.py pass ''
2023-12-29 00:25:25,793 T0000: WARN  #### gw5  system/test_device_mgmt.py::test_ft_ip_static_ip_on_mgmt_intrf
2023-12-29 00:25:25,793 T0000: WARN  support post-module-epilog system/test_device_mgmt.py pass ''
2023-12-29 00:26:34,690 T0000: WARN  #### gw5  batch/test_spytest_infra_1.py::test_spytest_infra_last
2023-12-29 00:26:34,690 T0000: WARN  support session-epilog session pass ''
