2023-12-29 00:12:57.531104 = START
2023-12-29 00:12:58.673166 = device connections start
2023-12-29 00:13:32.033766 = device connections finish
2023-12-29 00:13:32.037135 = session init start
2023-12-29 00:15:18.264942 = report file generation start
2023-12-29 00:15:18.354599 = report file generation end
2023-12-29 00:15:42.277311 = session init end
2023-12-29 00:15:42.279252 = Framework Module Hook Start
2023-12-29 00:15:42.691392 = module test_spytest_infra_1.py init start
2023-12-29 00:15:47.158428 = module test_spytest_infra_1.py init end
2023-12-29 00:15:47.159187 = Framework Module Hook end
2023-12-29 00:15:47.160000 = Framework Function Hook Start
2023-12-29 00:15:50.248605 = function batch/test_spytest_infra_1.py::test_spytest_infra_first init start
2023-12-29 00:15:55.247253 = function batch/test_spytest_infra_1.py::test_spytest_infra_first init end
2023-12-29 00:15:55.248230 = Framework Function Hook end
2023-12-29 00:15:55.251433 = Module Config Time (2023-12-29 00:15:42.279329 - 2023-12-29 00:15:47.160780) Published
2023-12-29 00:15:55.254570 = function batch/test_spytest_infra_1.py::test_spytest_infra_first clean start
2023-12-29 00:15:55.265167 = Test Time (2023-12-29 00:15:50.248697 - 2023-12-29 00:15:55.265160) Published
2023-12-29 00:15:55.270797 = function batch/test_spytest_infra_1.py::test_spytest_infra_first clean end
2023-12-29 00:15:55.271107 = Framework Function Hook Finalize
2023-12-29 00:15:55.430679 = Framework Function Hook Start
2023-12-29 00:15:55.431880 = function batch/test_spytest_infra_1.py::test_spytest_infra_second init start
2023-12-29 00:16:00.468872 = function batch/test_spytest_infra_1.py::test_spytest_infra_second init end
2023-12-29 00:16:00.469877 = Framework Function Hook end
2023-12-29 00:16:00.480747 = function batch/test_spytest_infra_1.py::test_spytest_infra_second clean start
2023-12-29 00:16:00.492843 = Test Time (2023-12-29 00:15:55.432070 - 2023-12-29 00:16:00.492834) Published
2023-12-29 00:16:00.498116 = function batch/test_spytest_infra_1.py::test_spytest_infra_second clean end
2023-12-29 00:16:00.498437 = Framework Function Hook Finalize
2023-12-29 00:16:00.498640 = module test_spytest_infra_1.py clean start
2023-12-29 00:16:03.167394 = report file generation start
2023-12-29 00:16:03.251144 = report file generation end
2023-12-29 00:16:03.256310 = module test_spytest_infra_1.py clean end
2023-12-29 00:16:03.256789 = Framework Module Hook Finalize
2023-12-29 00:16:03.259437 = Framework Module Hook Start
2023-12-29 00:16:03.671669 = module test_l3_performance.py init start
2023-12-29 00:16:31.869705 = module test_l3_performance.py init end
2023-12-29 00:16:31.870112 = Framework Module Hook end
2023-12-29 00:16:31.870447 = User Module routing/test_l3_performance.py Hook Start
2023-12-29 00:16:51.637247 = User Module routing/test_l3_performance.py Hook end
2023-12-29 00:16:51.637886 = Framework Function Hook Start
2023-12-29 00:17:20.094360 = function routing/test_l3_performance.py::test_ft_l3_performance_enhancements_v4_route_intstall_withdraw init start
2023-12-29 00:17:25.011574 = function routing/test_l3_performance.py::test_ft_l3_performance_enhancements_v4_route_intstall_withdraw init end
2023-12-29 00:17:25.012209 = Framework Function Hook end
2023-12-29 00:17:25.012874 = User Function routing/test_l3_performance.py::test_ft_l3_performance_enhancements_v4_route_intstall_withdraw Hook Start
2023-12-29 00:17:25.016241 = User Function routing/test_l3_performance.py::test_ft_l3_performance_enhancements_v4_route_intstall_withdraw Hook end
2023-12-29 00:17:25.016421 = User Function routing/test_l3_performance.py::test_ft_l3_performance_enhancements_v4_route_intstall_withdraw Hook Start
2023-12-29 00:18:38.415920 = User Function routing/test_l3_performance.py::test_ft_l3_performance_enhancements_v4_route_intstall_withdraw Hook end
2023-12-29 00:18:38.417233 = Module Config Time (2023-12-29 00:16:03.259505 - 2023-12-29 00:16:51.637993) Published
2023-12-29 00:19:21.818546 = User Function routing/test_l3_performance.py::test_ft_l3_performance_enhancements_v4_route_intstall_withdraw Hook Finalize
2023-12-29 00:19:21.819127 = User Function routing/test_l3_performance.py::test_ft_l3_performance_enhancements_v4_route_intstall_withdraw Hook Finalize
2023-12-29 00:19:21.819408 = function routing/test_l3_performance.py::test_ft_l3_performance_enhancements_v4_route_intstall_withdraw clean start
2023-12-29 00:19:21.856411 = Test Time (2023-12-29 00:17:20.094515 - 2023-12-29 00:19:21.856402) Published
2023-12-29 00:19:21.861597 = function routing/test_l3_performance.py::test_ft_l3_performance_enhancements_v4_route_intstall_withdraw clean end
2023-12-29 00:19:21.861934 = Framework Function Hook Finalize
2023-12-29 00:19:21.863351 = Framework Function Hook Start
2023-12-29 00:19:21.864082 = function routing/test_l3_performance.py::test_cli_validation_ip_address init start
2023-12-29 00:19:27.650695 = function routing/test_l3_performance.py::test_cli_validation_ip_address init end
2023-12-29 00:19:27.651557 = Framework Function Hook end
2023-12-29 00:19:27.651887 = User Function routing/test_l3_performance.py::test_cli_validation_ip_address Hook Start
2023-12-29 00:19:27.655961 = User Function routing/test_l3_performance.py::test_cli_validation_ip_address Hook end
2023-12-29 00:20:35.713959 = User Function routing/test_l3_performance.py::test_cli_validation_ip_address Hook Finalize
2023-12-29 00:20:35.714114 = function routing/test_l3_performance.py::test_cli_validation_ip_address clean start
2023-12-29 00:20:35.727783 = Test Time (2023-12-29 00:19:21.864164 - 2023-12-29 00:20:35.727774) Published
2023-12-29 00:20:35.733072 = function routing/test_l3_performance.py::test_cli_validation_ip_address clean end
2023-12-29 00:20:35.733421 = Framework Function Hook Finalize
2023-12-29 00:20:35.734320 = Framework Function Hook Start
2023-12-29 00:20:35.734719 = function routing/test_l3_performance.py::test_cli_validation_bgp_router_config init start
2023-12-29 00:20:40.771476 = function routing/test_l3_performance.py::test_cli_validation_bgp_router_config init end
2023-12-29 00:20:40.771895 = Framework Function Hook end
2023-12-29 00:20:40.772316 = User Function routing/test_l3_performance.py::test_cli_validation_bgp_router_config Hook Start
2023-12-29 00:20:40.775107 = User Function routing/test_l3_performance.py::test_cli_validation_bgp_router_config Hook end
2023-12-29 00:20:58.098452 = User Function routing/test_l3_performance.py::test_cli_validation_bgp_router_config Hook Finalize
2023-12-29 00:20:58.098652 = function routing/test_l3_performance.py::test_cli_validation_bgp_router_config clean start
2023-12-29 00:20:58.113812 = Test Time (2023-12-29 00:20:35.734781 - 2023-12-29 00:20:58.113803) Published
2023-12-29 00:20:58.119369 = function routing/test_l3_performance.py::test_cli_validation_bgp_router_config clean end
2023-12-29 00:20:58.119841 = Framework Function Hook Finalize
2023-12-29 00:21:34.871707 = User Module routing/test_l3_performance.py Hook Finalize
2023-12-29 00:21:34.872019 = module test_l3_performance.py clean start
2023-12-29 00:22:02.306835 = report file generation start
2023-12-29 00:22:02.390865 = report file generation end
2023-12-29 00:22:02.395961 = module test_l3_performance.py clean end
2023-12-29 00:22:02.396458 = Framework Module Hook Finalize
2023-12-29 00:22:02.555000 = Framework Module Hook Start
2023-12-29 00:22:02.972967 = module test_spytest_infra_1.py init start
2023-12-29 00:23:08.513802 = module test_spytest_infra_1.py init end
2023-12-29 00:23:08.514550 = Framework Module Hook end
2023-12-29 00:23:08.515338 = Framework Function Hook Start
2023-12-29 00:23:11.595574 = function batch/test_spytest_infra_1.py::test_spytest_infra_last init start
2023-12-29 00:23:16.563485 = function batch/test_spytest_infra_1.py::test_spytest_infra_last init end
2023-12-29 00:23:16.564525 = Framework Function Hook end
2023-12-29 00:23:16.565949 = Module Config Time (2023-12-29 00:22:02.555256 - 2023-12-29 00:23:08.515569) Published
2023-12-29 00:23:16.568394 = function batch/test_spytest_infra_1.py::test_spytest_infra_last clean start
2023-12-29 00:23:16.579810 = Test Time (2023-12-29 00:23:11.595679 - 2023-12-29 00:23:16.579801) Published
2023-12-29 00:23:16.585094 = function batch/test_spytest_infra_1.py::test_spytest_infra_last clean end
2023-12-29 00:23:16.585440 = Framework Function Hook Finalize
2023-12-29 00:23:16.585603 = module test_spytest_infra_1.py clean start
2023-12-29 00:23:19.147180 = report file generation start
2023-12-29 00:23:19.233633 = report file generation end
2023-12-29 00:23:19.239224 = module test_spytest_infra_1.py clean end
2023-12-29 00:23:19.239866 = Framework Module Hook Finalize
2023-12-29 00:23:19.243264 = Framework Module Hook Start
2023-12-29 00:23:19.654221 = module test_device_mgmt.py init start
2023-12-29 00:24:12.923732 = module test_device_mgmt.py init end
2023-12-29 00:24:12.924158 = Framework Module Hook end
2023-12-29 00:24:12.924518 = User Module system/test_device_mgmt.py Hook Start
2023-12-29 00:24:12.925330 = User Module system/test_device_mgmt.py Hook end
2023-12-29 00:24:12.925574 = Framework Function Hook Start
2023-12-29 00:24:39.713814 = function system/test_device_mgmt.py::test_ft_ip_static_ip_on_mgmt_intrf init start
2023-12-29 00:24:44.795901 = function system/test_device_mgmt.py::test_ft_ip_static_ip_on_mgmt_intrf init end
2023-12-29 00:24:44.796391 = Framework Function Hook end
2023-12-29 00:24:44.797017 = User Function system/test_device_mgmt.py::test_ft_ip_static_ip_on_mgmt_intrf Hook Start
2023-12-29 00:24:44.799911 = User Function system/test_device_mgmt.py::test_ft_ip_static_ip_on_mgmt_intrf Hook end
2023-12-29 00:24:44.801021 = Module Config Time (2023-12-29 00:23:19.243329 - 2023-12-29 00:24:12.925650) Published
2023-12-29 00:25:01.996147 = User Function system/test_device_mgmt.py::test_ft_ip_static_ip_on_mgmt_intrf Hook Finalize
2023-12-29 00:25:01.996409 = function system/test_device_mgmt.py::test_ft_ip_static_ip_on_mgmt_intrf clean start
2023-12-29 00:25:02.012741 = Test Time (2023-12-29 00:24:39.713915 - 2023-12-29 00:25:02.012732) Published
2023-12-29 00:25:02.018376 = function system/test_device_mgmt.py::test_ft_ip_static_ip_on_mgmt_intrf clean end
2023-12-29 00:25:02.018842 = Framework Function Hook Finalize
2023-12-29 00:25:25.793135 = User Module system/test_device_mgmt.py Hook Finalize
2023-12-29 00:25:25.793321 = module test_device_mgmt.py clean start
2023-12-29 00:25:52.342775 = report file generation start
2023-12-29 00:25:52.425847 = report file generation end
2023-12-29 00:25:52.431037 = module test_device_mgmt.py clean end
2023-12-29 00:25:52.431521 = Framework Module Hook Finalize
2023-12-29 00:25:52.526573 = Framework Module Hook Start
2023-12-29 00:25:52.943166 = module test_spytest_infra_1.py init start
2023-12-29 00:26:23.925204 = module test_spytest_infra_1.py init end
2023-12-29 00:26:23.925664 = Framework Module Hook end
2023-12-29 00:26:23.926144 = Framework Function Hook Start
2023-12-29 00:26:27.010808 = function batch/test_spytest_infra_1.py::test_spytest_infra_last init start
2023-12-29 00:26:31.924429 = function batch/test_spytest_infra_1.py::test_spytest_infra_last init end
2023-12-29 00:26:31.925418 = Framework Function Hook end
2023-12-29 00:26:31.926949 = Module Config Time (2023-12-29 00:25:52.526774 - 2023-12-29 00:26:23.926272) Published
2023-12-29 00:26:31.929588 = function batch/test_spytest_infra_1.py::test_spytest_infra_last clean start
2023-12-29 00:26:31.940460 = Test Time (2023-12-29 00:26:27.010899 - 2023-12-29 00:26:31.940453) Published
2023-12-29 00:26:31.945564 = function batch/test_spytest_infra_1.py::test_spytest_infra_last clean end
2023-12-29 00:26:31.945840 = Framework Function Hook Finalize
2023-12-29 00:26:31.945983 = module test_spytest_infra_1.py clean start
2023-12-29 00:26:34.601741 = report file generation start
2023-12-29 00:26:34.684158 = report file generation end
2023-12-29 00:26:34.689144 = module test_spytest_infra_1.py clean end
2023-12-29 00:26:34.689521 = Framework Module Hook Finalize
2023-12-29 00:26:34.689908 = session clean start
2023-12-29 00:26:34.697496 = report file generation start
2023-12-29 00:26:34.778478 = report file generation end
2023-12-29 00:26:35.483174 = session clean end
