2024-01-07 22:56:00.743104 = START
2024-01-07 22:56:01.985914 = device connections start
2024-01-07 22:56:35.734582 = device connections finish
2024-01-07 22:56:35.738755 = session init start
2024-01-07 22:58:26.942063 = report file generation start
2024-01-07 22:58:27.038324 = report file generation end
2024-01-07 22:58:50.348670 = session init end
2024-01-07 22:58:50.351682 = Framework Module Hook Start
2024-01-07 22:58:51.188553 = module test_spytest_infra_1.py init start
2024-01-07 22:58:55.289988 = module test_spytest_infra_1.py init end
2024-01-07 22:58:55.290319 = Framework Module Hook end
2024-01-07 22:58:55.290640 = Framework Function Hook Start
2024-01-07 22:58:58.358254 = function batch/test_spytest_infra_1.py::test_spytest_infra_first init start
2024-01-07 22:59:03.260140 = function batch/test_spytest_infra_1.py::test_spytest_infra_first init end
2024-01-07 22:59:03.261207 = Framework Function Hook end
2024-01-07 22:59:03.264391 = Module Config Time (2024-01-07 22:58:50.351761 - 2024-01-07 22:58:55.290722) Published
2024-01-07 22:59:03.267501 = function batch/test_spytest_infra_1.py::test_spytest_infra_first clean start
2024-01-07 22:59:03.285660 = Test Time (2024-01-07 22:58:58.358513 - 2024-01-07 22:59:03.285652) Published
2024-01-07 22:59:03.291327 = function batch/test_spytest_infra_1.py::test_spytest_infra_first clean end
2024-01-07 22:59:03.291660 = Framework Function Hook Finalize
2024-01-07 22:59:03.445932 = Framework Function Hook Start
2024-01-07 22:59:03.447017 = function batch/test_spytest_infra_1.py::test_spytest_infra_second init start
2024-01-07 22:59:08.394786 = function batch/test_spytest_infra_1.py::test_spytest_infra_second init end
2024-01-07 22:59:08.395852 = Framework Function Hook end
2024-01-07 22:59:08.399545 = function batch/test_spytest_infra_1.py::test_spytest_infra_second clean start
2024-01-07 22:59:08.417358 = Test Time (2024-01-07 22:59:03.447193 - 2024-01-07 22:59:08.417348) Published
2024-01-07 22:59:08.422620 = function batch/test_spytest_infra_1.py::test_spytest_infra_second clean end
2024-01-07 22:59:08.423010 = Framework Function Hook Finalize
2024-01-07 22:59:08.423182 = module test_spytest_infra_1.py clean start
2024-01-07 22:59:10.854933 = report file generation start
2024-01-07 22:59:10.947136 = report file generation end
2024-01-07 22:59:10.952234 = module test_spytest_infra_1.py clean end
2024-01-07 22:59:10.952620 = Framework Module Hook Finalize
2024-01-07 22:59:10.954657 = Framework Module Hook Start
2024-01-07 22:59:11.783664 = module test_vrf_scale.py init start
2024-01-07 22:59:39.299057 = module test_vrf_scale.py init end
2024-01-07 22:59:39.299435 = Framework Module Hook end
2024-01-07 22:59:39.299689 = User Module routing/VRF/test_vrf_scale.py Hook Start
2024-01-07 23:22:11.114890 = User Module routing/VRF/test_vrf_scale.py Hook end
2024-01-07 23:22:11.116849 = Framework Function Hook Start
2024-01-07 23:22:39.519915 = function routing/VRF/test_vrf_scale.py::test_vrf_scale init start
2024-01-07 23:22:45.813241 = function routing/VRF/test_vrf_scale.py::test_vrf_scale init end
2024-01-07 23:22:45.813902 = Framework Function Hook end
2024-01-07 23:22:45.814573 = User Function routing/VRF/test_vrf_scale.py::test_vrf_scale Hook Start
2024-01-07 23:22:45.824241 = User Function routing/VRF/test_vrf_scale.py::test_vrf_scale Hook end
2024-01-07 23:22:45.825655 = Module Config Time (2024-01-07 22:59:10.954716 - 2024-01-07 23:22:11.117131) Published
2024-01-07 23:30:05.499819 = User Function routing/VRF/test_vrf_scale.py::test_vrf_scale Hook Finalize
2024-01-07 23:30:05.500025 = function routing/VRF/test_vrf_scale.py::test_vrf_scale clean start
2024-01-07 23:30:05.539109 = Test Time (2024-01-07 23:22:39.520188 - 2024-01-07 23:30:05.539100) Published
2024-01-07 23:30:05.544213 = function routing/VRF/test_vrf_scale.py::test_vrf_scale clean end
2024-01-07 23:30:05.544502 = Framework Function Hook Finalize
2024-01-07 23:30:05.545473 = Framework Function Hook Start
2024-01-07 23:30:05.545860 = function routing/VRF/test_vrf_scale.py::test_vrf_route_leak init start
2024-01-07 23:30:11.925872 = function routing/VRF/test_vrf_scale.py::test_vrf_route_leak init end
2024-01-07 23:30:11.926305 = Framework Function Hook end
2024-01-07 23:32:15.349557 = function routing/VRF/test_vrf_scale.py::test_vrf_route_leak clean start
2024-01-07 23:32:15.379723 = Test Time (2024-01-07 23:30:05.545923 - 2024-01-07 23:32:15.379715) Published
2024-01-07 23:32:15.384761 = function routing/VRF/test_vrf_scale.py::test_vrf_route_leak clean end
2024-01-07 23:32:15.385072 = Framework Function Hook Finalize
2024-01-07 23:32:15.385891 = Framework Function Hook Start
2024-01-07 23:32:15.386251 = function routing/VRF/test_vrf_scale.py::test_vrf_bgp init start
2024-01-07 23:32:23.030598 = function routing/VRF/test_vrf_scale.py::test_vrf_bgp init end
2024-01-07 23:32:23.031063 = Framework Function Hook end
2024-01-07 23:45:01.319506 = function routing/VRF/test_vrf_scale.py::test_vrf_bgp clean start
2024-01-07 23:45:01.364429 = Test Time (2024-01-07 23:32:15.386311 - 2024-01-07 23:45:01.364416) Published
2024-01-07 23:45:01.370009 = function routing/VRF/test_vrf_scale.py::test_vrf_bgp clean end
2024-01-07 23:45:01.370384 = Framework Function Hook Finalize
2024-01-07 23:45:01.371475 = Framework Function Hook Start
2024-01-07 23:45:01.372010 = function routing/VRF/test_vrf_scale.py::test_vrf_reload init start
2024-01-07 23:45:09.269634 = function routing/VRF/test_vrf_scale.py::test_vrf_reload init end
2024-01-07 23:45:09.270166 = Framework Function Hook end
2024-01-07 23:54:52.216537 = function routing/VRF/test_vrf_scale.py::test_vrf_reload clean start
2024-01-07 23:54:52.255127 = Test Time (2024-01-07 23:45:01.372072 - 2024-01-07 23:54:52.255118) Published
2024-01-07 23:54:52.260256 = function routing/VRF/test_vrf_scale.py::test_vrf_reload clean end
2024-01-07 23:54:52.260598 = Framework Function Hook Finalize
2024-01-07 23:55:16.554412 = User Function routing/VRF/test_vrf_scale.py::test_vrf_scale Hook Finalize
2024-01-07 23:55:16.555159 = User Module routing/VRF/test_vrf_scale.py Hook Finalize
2024-01-07 23:55:16.555319 = module test_vrf_scale.py clean start
2024-01-07 23:55:46.259544 = report file generation start
2024-01-07 23:55:46.351631 = report file generation end
2024-01-07 23:55:46.356887 = module test_vrf_scale.py clean end
2024-01-07 23:55:46.357434 = Framework Module Hook Finalize
2024-01-07 23:55:46.515618 = Framework Module Hook Start
2024-01-07 23:55:47.351617 = module test_spytest_infra_1.py init start
2024-01-07 23:57:50.005697 = module test_spytest_infra_1.py init end
2024-01-07 23:57:50.005991 = Framework Module Hook end
2024-01-07 23:57:50.006313 = Framework Function Hook Start
2024-01-07 23:58:01.466891 = function batch/test_spytest_infra_1.py::test_spytest_infra_last init start
2024-01-07 23:58:07.130214 = function batch/test_spytest_infra_1.py::test_spytest_infra_last init end
2024-01-07 23:58:07.131273 = Framework Function Hook end
2024-01-07 23:58:07.133608 = Module Config Time (2024-01-07 23:55:46.515812 - 2024-01-07 23:57:50.006388) Published
2024-01-07 23:58:07.135347 = function batch/test_spytest_infra_1.py::test_spytest_infra_last clean start
2024-01-07 23:58:07.154272 = Test Time (2024-01-07 23:58:01.467165 - 2024-01-07 23:58:07.154265) Published
2024-01-07 23:58:07.159653 = function batch/test_spytest_infra_1.py::test_spytest_infra_last clean end
2024-01-07 23:58:07.159952 = Framework Function Hook Finalize
2024-01-07 23:58:07.160102 = module test_spytest_infra_1.py clean start
2024-01-07 23:58:09.661889 = report file generation start
2024-01-07 23:58:09.759810 = report file generation end
2024-01-07 23:58:09.764958 = module test_spytest_infra_1.py clean end
2024-01-07 23:58:09.765355 = Framework Module Hook Finalize
2024-01-07 23:58:09.767736 = Framework Module Hook Start
2024-01-07 23:58:10.597195 = module test_sflow.py init start
