2023-12-29 01:06:26,591 T0002: [D1-V3] ['export TMOUT=0', 'stty cols 5000', 'uptime']
2023-12-29 01:06:27,260 T0002: [D1-V3] cat /proc/uptime
2023-12-29 01:06:27,928 T0002: [D1-V3] sudo vtysh -c 'show running-config | include hostname'
2023-12-29 01:06:34,056 T0002: [D1-V3] /sbin/ip link set dev eth0 up
2023-12-29 01:06:34,722 T0002: [D1-V3] /sbin/ip route list dev eth0
2023-12-29 01:06:35,397 T0002: [D1-V3] ['export TMOUT=0', 'stty cols 5000', 'uptime']
2023-12-29 01:06:37,542 T0002: [D1-V3] /sbin/ip link set dev eth0 up
2023-12-29 01:06:38,209 T0002: [D1-V3] /sbin/ip route list dev eth0
2023-12-29 01:06:39,555 T0002: [D1-V3] show version
2023-12-29 01:06:41,736 T0002: [D1-V3] /sbin/ip link set dev eth0 up
2023-12-29 01:06:42,404 T0002: [D1-V3] /sbin/ip route list dev eth0
2023-12-29 01:06:44,554 T0002: [D1-V3] /sbin/ip link set dev eth0 up
2023-12-29 01:06:45,221 T0002: [D1-V3] /sbin/ip route list dev eth0
2023-12-29 01:07:56,864 T0000: [D1-V3] sudo show interfaces status
2023-12-29 01:07:59,211 T0000: [D1-V3] config interface startup Ethernet0
2023-12-29 01:08:00,884 T0000: [D1-V3] config interface startup Ethernet4
2023-12-29 01:08:02,344 T0000: [D1-V3] config interface startup Ethernet8
2023-12-29 01:08:03,757 T0000: [D1-V3] config interface startup Ethernet12
2023-12-29 01:08:05,191 T0000: [D1-V3] config interface shutdown Ethernet16
2023-12-29 01:08:06,547 T0000: [D1-V3] config interface shutdown Ethernet20
2023-12-29 01:08:07,965 T0000: [D1-V3] config interface shutdown Ethernet24
2023-12-29 01:08:09,323 T0000: [D1-V3] config interface shutdown Ethernet28
2023-12-29 01:08:10,682 T0000: [D1-V3] config interface shutdown Ethernet32
2023-12-29 01:08:11,995 T0000: [D1-V3] config interface shutdown Ethernet36
2023-12-29 01:08:13,358 T0000: [D1-V3] config interface shutdown Ethernet40
2023-12-29 01:08:14,679 T0000: [D1-V3] config interface shutdown Ethernet44
2023-12-29 01:08:16,035 T0000: [D1-V3] config interface shutdown Ethernet48
2023-12-29 01:08:17,411 T0000: [D1-V3] config interface shutdown Ethernet52
2023-12-29 01:08:18,680 T0000: [D1-V3] config interface shutdown Ethernet56
2023-12-29 01:08:19,948 T0000: [D1-V3] config interface shutdown Ethernet60
2023-12-29 01:08:21,257 T0000: [D1-V3] config interface shutdown Ethernet64
2023-12-29 01:08:22,567 T0000: [D1-V3] config interface shutdown Ethernet68
2023-12-29 01:08:23,931 T0000: [D1-V3] config interface shutdown Ethernet72
2023-12-29 01:08:25,188 T0000: [D1-V3] config interface shutdown Ethernet76
2023-12-29 01:08:26,607 T0000: [D1-V3] config interface shutdown Ethernet80
2023-12-29 01:08:27,912 T0000: [D1-V3] config interface shutdown Ethernet84
2023-12-29 01:08:29,169 T0000: [D1-V3] config interface shutdown Ethernet88
2023-12-29 01:08:30,482 T0000: [D1-V3] config interface shutdown Ethernet92
2023-12-29 01:08:31,787 T0000: [D1-V3] config interface shutdown Ethernet96
2023-12-29 01:08:33,102 T0000: [D1-V3] config interface shutdown Ethernet100
2023-12-29 01:08:34,410 T0000: [D1-V3] config interface shutdown Ethernet104
2023-12-29 01:08:35,718 T0000: [D1-V3] config interface shutdown Ethernet108
2023-12-29 01:08:36,978 T0000: [D1-V3] config interface shutdown Ethernet112
2023-12-29 01:08:38,227 T0000: [D1-V3] config interface shutdown Ethernet116
2023-12-29 01:08:39,534 T0000: [D1-V3] config interface shutdown Ethernet120
2023-12-29 01:08:40,807 T0000: [D1-V3] config interface shutdown Ethernet124
2023-12-29 01:08:48,261 T0000: [D1-V3] show version
2023-12-29 01:08:50,353 T0000: [D1-V3] cat /var/run/redis/sonic-db/database_config.json
2023-12-29 01:08:51,144 T0000: [D1-V3] /sbin/ifconfig eth0
2023-12-29 01:08:51,870 T0000: [D1-V3] ls /etc/sonic/bcmsim.cfg
2023-12-29 01:08:52,603 T0000: [D1-V3] no router bgp
2023-12-29 01:08:54,456 T0000: [D1-V3] config feature state sflow enabled
2023-12-29 01:08:56,803 T0000: [D1-V3] config feature state nat enabled
2023-12-29 01:09:01,246 T0000: [D1-V3] config save /tmp/config-db-V3-post-session-prolog-session.json -y
2023-12-29 01:09:02,910 T0000: [D1-V3] chmod 777 /tmp/config-db-V3-post-session-prolog-session.json
2023-12-29 01:09:04,437 T0000: [D1-V3] /sbin/ip link set dev eth0 up
2023-12-29 01:09:05,147 T0000: [D1-V3] /sbin/ip route list dev eth0
2023-12-29 01:09:13,664 T0000: [D1-V3] sudo vtysh -c 'show running-config' > /tmp/vtysh-runcfg-V3-post-session-prolog-session.txt
2023-12-29 01:09:14,517 T0000: [D1-V3] chmod 777 /tmp/vtysh-runcfg-V3-post-session-prolog-session.txt
2023-12-29 01:09:16,056 T0000: [D1-V3] /sbin/ip link set dev eth0 up
2023-12-29 01:09:16,767 T0000: [D1-V3] /sbin/ip route list dev eth0
2023-12-29 01:09:25,667 T0000: 
================== Framework Module Hook: batch/test_spytest_infra_1.py ==================
2023-12-29 01:09:25,683 T0012: [D1-V3] sudo show interfaces status Ethernet124
2023-12-29 01:09:28,143 T0013: [D1-V3] sudo show interfaces status
2023-12-29 01:09:29,985 T0000: 
================== Framework Module Hook Finish: batch/test_spytest_infra_1.py ==================
2023-12-29 01:09:29,987 T0000: 
================== Framework Function Hook: batch/test_spytest_infra_1.py::test_spytest_infra_first ==================
2023-12-29 01:09:34,280 T0014: [D1-V3] sudo show interfaces status
2023-12-29 01:09:36,187 T0000: [D1-V3] sudo show interfaces status Ethernet124
2023-12-29 01:09:39,159 T0000: 
================== Framework Function Hook Finish: batch/test_spytest_infra_1.py::test_spytest_infra_first ==================
2023-12-29 01:09:39,161 T0000: 
================== Test Execution: batch/test_spytest_infra_1.py::test_spytest_infra_first ==================
2023-12-29 01:09:39,184 T0000: 
================== Framework Function Hook Finalize: batch/test_spytest_infra_1.py::test_spytest_infra_first ==================
2023-12-29 01:09:39,334 T0000: 
================== Framework Function Hook: batch/test_spytest_infra_1.py::test_spytest_infra_second ==================
2023-12-29 01:09:39,352 T0015: [D1-V3] sudo show interfaces status
2023-12-29 01:09:41,233 T0000: [D1-V3] sudo show interfaces status Ethernet124
2023-12-29 01:09:44,237 T0000: 
================== Framework Function Hook Finish: batch/test_spytest_infra_1.py::test_spytest_infra_second ==================
2023-12-29 01:09:44,240 T0000: 
================== Test Execution: batch/test_spytest_infra_1.py::test_spytest_infra_second ==================
2023-12-29 01:09:44,263 T0000: 
================== Framework Function Hook Finalize: batch/test_spytest_infra_1.py::test_spytest_infra_second ==================
2023-12-29 01:09:44,283 T0000: [D1-V3] sudo show interfaces status Ethernet124
2023-12-29 01:09:46,920 T0000: 
================== Framework Module Hook Finalize: batch/test_spytest_infra_1.py Pass: 2/2 ==================
2023-12-29 01:09:46,920 T0000: 
================== Devices used: batch/test_spytest_infra_1.py 1 ['V3'] ==================
2023-12-29 01:09:47,333 T0000: 
================== Framework Module Hook: system/test_ntp.py ==================
2023-12-29 01:09:47,344 T0016: [D1-V3] sudo show interfaces status Ethernet124
2023-12-29 01:09:49,748 T0017: [D1-V3] sudo show interfaces status
2023-12-29 01:09:51,512 T0000: [D1-V3] config save /tmp/config-db-V3-pre-module-prolog-system-test_ntp.py.json -y
2023-12-29 01:09:53,173 T0000: [D1-V3] chmod 777 /tmp/config-db-V3-pre-module-prolog-system-test_ntp.py.json
2023-12-29 01:09:54,717 T0000: [D1-V3] /sbin/ip link set dev eth0 up
2023-12-29 01:09:55,431 T0000: [D1-V3] /sbin/ip route list dev eth0
2023-12-29 01:10:03,947 T0000: [D1-V3] sudo vtysh -c 'show running-config' > /tmp/vtysh-runcfg-V3-pre-module-prolog-system-test_ntp.py.txt
2023-12-29 01:10:04,802 T0000: [D1-V3] chmod 777 /tmp/vtysh-runcfg-V3-pre-module-prolog-system-test_ntp.py.txt
2023-12-29 01:10:06,330 T0000: [D1-V3] /sbin/ip link set dev eth0 up
2023-12-29 01:10:07,043 T0000: [D1-V3] /sbin/ip route list dev eth0
2023-12-29 01:10:15,635 T0000: 
================== Framework Module Hook Finish: system/test_ntp.py ==================
2023-12-29 01:10:15,635 T0000: 
================== Module Hook: system/test_ntp.py ntp_module_hooks ==================
2023-12-29 01:10:15,636 T0000: 
================== Module Hook Finish: system/test_ntp.py ntp_module_hooks ==================
2023-12-29 01:10:15,637 T0000: 
================== Framework Function Hook: system/test_ntp.py::test_ft_ntp_disable_enable_with_message_log ==================
2023-12-29 01:10:15,645 T0000: [D1-V3] config save /tmp/config-db-V3-post-module-prolog-system-test_ntp.py.json -y
2023-12-29 01:10:17,363 T0000: [D1-V3] chmod 777 /tmp/config-db-V3-post-module-prolog-system-test_ntp.py.json
2023-12-29 01:10:18,894 T0000: [D1-V3] /sbin/ip link set dev eth0 up
2023-12-29 01:10:19,607 T0000: [D1-V3] /sbin/ip route list dev eth0
2023-12-29 01:10:28,079 T0000: [D1-V3] sudo vtysh -c 'show running-config' > /tmp/vtysh-runcfg-V3-post-module-prolog-system-test_ntp.py.txt
2023-12-29 01:10:28,977 T0000: [D1-V3] chmod 777 /tmp/vtysh-runcfg-V3-post-module-prolog-system-test_ntp.py.txt
2023-12-29 01:10:30,515 T0000: [D1-V3] /sbin/ip link set dev eth0 up
2023-12-29 01:10:31,229 T0000: [D1-V3] /sbin/ip route list dev eth0
2023-12-29 01:10:44,043 T0034: [D1-V3] sudo show interfaces status
2023-12-29 01:10:46,046 T0000: [D1-V3] sudo show interfaces status Ethernet124
2023-12-29 01:10:49,152 T0000: 
================== Framework Function Hook Finish: system/test_ntp.py::test_ft_ntp_disable_enable_with_message_log ==================
2023-12-29 01:10:49,153 T0000: 
================== Function Hook: system/test_ntp.py ntp_func_hooks ==================
2023-12-29 01:10:49,157 T0000: 
================== Function Hook Finish: system/test_ntp.py ntp_func_hooks ==================
2023-12-29 01:10:49,159 T0000: 
================== Test Execution: system/test_ntp.py::test_ft_ntp_disable_enable_with_message_log ==================
2023-12-29 01:10:49,160 T0000: [D1-V3] date --set='Fri December 29 01:10:49 UTC 2023'
2023-12-29 01:10:49,880 T0000: [D1-V3] show logging -l 1
2023-12-29 01:11:03,548 T0000: [D1-V3] ls -lrt /tmp/tmpqpncuj1s
2023-12-29 01:11:04,256 T0000: [D1-V3] config load -y /tmp/tmpqpncuj1s
2023-12-29 01:11:06,017 T0000: [D1-V3] systemctl restart ntp-config
2023-12-29 01:11:07,678 T0000: [D1-V3] date --set='Fri December 29 01:11:07 UTC 2023'
2023-12-29 01:11:08,399 T0000: [D1-V3] config save -y
2023-12-29 01:11:10,211 T0000: [D1-V3] do copy running-config startup-config
2023-12-29 01:11:12,133 T0000: [D1-V3] service ntp status | grep Active
2023-12-29 01:11:13,827 T0000: [D1-V3] show ntp
2023-12-29 01:11:16,557 T0000: [D1-V3] show ntp
2023-12-29 01:11:19,243 T0000: [D1-V3] show ntp
2023-12-29 01:11:21,971 T0000: [D1-V3] show ntp
2023-12-29 01:11:24,813 T0000: [D1-V3] show ntp
2023-12-29 01:11:27,647 T0000: [D1-V3] service ntp status | grep Active
2023-12-29 01:11:28,353 T0000: [D1-V3] ping -4 216.239.35.4 -c 3 
2023-12-29 01:11:31,128 T0000: [D1-V3] ping -4 192.111.144.114 -c 3 
2023-12-29 01:11:43,875 T0000: [D1-V3] ping -4 216.239.35.12 -c 3 
2023-12-29 01:11:46,648 T0000: [D1-V3] uname -a
2023-12-29 01:11:47,345 T0000: [D1-V3] ntpstat
2023-12-29 01:11:50,071 T0000: [D1-V3] uname -a
2023-12-29 01:11:50,782 T0000: [D1-V3] ntpstat
2023-12-29 01:11:53,502 T0000: [D1-V3] uname -a
2023-12-29 01:11:54,204 T0000: [D1-V3] ntpstat
2023-12-29 01:11:56,919 T0000: [D1-V3] uname -a
2023-12-29 01:11:57,643 T0000: [D1-V3] ntpstat
2023-12-29 01:12:00,378 T0000: [D1-V3] uname -a
2023-12-29 01:12:01,081 T0000: [D1-V3] ntpstat
2023-12-29 01:12:03,804 T0000: [D1-V3] uname -a
2023-12-29 01:12:04,519 T0000: [D1-V3] ntpstat
2023-12-29 01:12:07,237 T0000: [D1-V3] uname -a
2023-12-29 01:12:07,946 T0000: [D1-V3] ntpstat
2023-12-29 01:12:10,666 T0000: [D1-V3] uname -a
2023-12-29 01:12:11,371 T0000: [D1-V3] ntpstat
2023-12-29 01:12:14,098 T0000: [D1-V3] uname -a
2023-12-29 01:12:14,805 T0000: [D1-V3] ntpstat
2023-12-29 01:12:17,523 T0000: [D1-V3] uname -a
2023-12-29 01:12:18,235 T0000: [D1-V3] ntpstat
2023-12-29 01:12:20,952 T0000: [D1-V3] uname -a
2023-12-29 01:12:21,659 T0000: [D1-V3] ntpstat
2023-12-29 01:12:24,384 T0000: [D1-V3] uname -a
2023-12-29 01:12:25,095 T0000: [D1-V3] ntpstat
2023-12-29 01:12:27,812 T0000: [D1-V3] uname -a
2023-12-29 01:12:28,519 T0000: [D1-V3] ntpstat
2023-12-29 01:12:31,239 T0000: [D1-V3] uname -a
2023-12-29 01:12:31,947 T0000: [D1-V3] ntpstat
2023-12-29 01:12:34,666 T0000: [D1-V3] uname -a
2023-12-29 01:12:35,373 T0000: [D1-V3] ntpstat
2023-12-29 01:12:38,094 T0000: [D1-V3] uname -a
2023-12-29 01:12:38,793 T0000: [D1-V3] ntpstat
2023-12-29 01:12:41,510 T0000: [D1-V3] uname -a
2023-12-29 01:12:42,216 T0000: [D1-V3] ntpstat
2023-12-29 01:12:44,932 T0000: [D1-V3] uname -a
2023-12-29 01:12:45,639 T0000: [D1-V3] ntpstat
2023-12-29 01:12:48,356 T0000: [D1-V3] uname -a
2023-12-29 01:12:49,063 T0000: [D1-V3] ntpstat
2023-12-29 01:12:51,782 T0000: [D1-V3] uname -a
2023-12-29 01:12:52,491 T0000: [D1-V3] ntpstat
2023-12-29 01:12:55,209 T0000: [D1-V3] uname -a
2023-12-29 01:12:55,920 T0000: [D1-V3] ntpstat
2023-12-29 01:12:58,642 T0000: [D1-V3] uname -a
2023-12-29 01:12:59,352 T0000: [D1-V3] ntpstat
2023-12-29 01:13:02,079 T0000: [D1-V3] uname -a
2023-12-29 01:13:02,779 T0000: [D1-V3] ntpstat
2023-12-29 01:13:05,520 T0000: [D1-V3] uname -a
2023-12-29 01:13:06,236 T0000: [D1-V3] ntpstat
2023-12-29 01:13:08,950 T0000: [D1-V3] uname -a
2023-12-29 01:13:09,658 T0000: [D1-V3] ntpstat
2023-12-29 01:13:12,387 T0000: [D1-V3] uname -a
2023-12-29 01:13:13,098 T0000: [D1-V3] ntpstat
2023-12-29 01:13:15,823 T0000: [D1-V3] uname -a
2023-12-29 01:13:16,534 T0000: [D1-V3] ntpstat
2023-12-29 01:13:19,259 T0000: [D1-V3] uname -a
2023-12-29 01:13:19,972 T0000: [D1-V3] ntpstat
2023-12-29 01:13:22,692 T0000: [D1-V3] uname -a
2023-12-29 01:13:23,408 T0000: [D1-V3] ntpstat
2023-12-29 01:13:26,158 T0000: [D1-V3] uname -a
2023-12-29 01:13:26,882 T0000: [D1-V3] ntpstat
2023-12-29 01:13:29,623 T0000: [D1-V3] uname -a
2023-12-29 01:13:30,336 T0000: [D1-V3] ntpstat
2023-12-29 01:13:33,056 T0000: [D1-V3] uname -a
2023-12-29 01:13:33,766 T0000: [D1-V3] ntpstat
2023-12-29 01:13:36,487 T0000: [D1-V3] uname -a
2023-12-29 01:13:37,198 T0000: [D1-V3] ntpstat
2023-12-29 01:13:39,918 T0000: [D1-V3] uname -a
2023-12-29 01:13:40,621 T0000: [D1-V3] ntpstat
2023-12-29 01:13:43,339 T0000: [D1-V3] uname -a
2023-12-29 01:13:44,056 T0000: [D1-V3] ntpstat
2023-12-29 01:13:46,791 T0000: [D1-V3] uname -a
2023-12-29 01:13:47,498 T0000: [D1-V3] ntpstat
2023-12-29 01:13:50,219 T0000: [D1-V3] uname -a
2023-12-29 01:13:50,934 T0000: [D1-V3] ntpstat
2023-12-29 01:13:53,655 T0000: [D1-V3] uname -a
2023-12-29 01:13:54,363 T0000: [D1-V3] ntpstat
2023-12-29 01:13:57,094 T0000: [D1-V3] uname -a
2023-12-29 01:13:57,805 T0000: [D1-V3] ntpstat
2023-12-29 01:14:00,535 T0000: [D1-V3] uname -a
2023-12-29 01:14:01,241 T0000: [D1-V3] ntpstat
2023-12-29 01:14:03,963 T0000: [D1-V3] uname -a
2023-12-29 01:14:04,676 T0000: [D1-V3] ntpstat
2023-12-29 01:14:07,399 T0000: [D1-V3] uname -a
2023-12-29 01:14:08,105 T0000: [D1-V3] ntpstat
2023-12-29 01:14:10,823 T0000: [D1-V3] uname -a
2023-12-29 01:14:11,531 T0000: [D1-V3] ntpstat
2023-12-29 01:14:14,248 T0000: [D1-V3] uname -a
2023-12-29 01:14:14,956 T0000: [D1-V3] ntpstat
2023-12-29 01:14:17,675 T0000: [D1-V3] uname -a
2023-12-29 01:14:18,387 T0000: [D1-V3] ntpstat
2023-12-29 01:14:21,107 T0000: [D1-V3] uname -a
2023-12-29 01:14:21,817 T0000: [D1-V3] ntpstat
2023-12-29 01:14:24,543 T0000: [D1-V3] uname -a
2023-12-29 01:14:25,255 T0000: [D1-V3] ntpstat
2023-12-29 01:14:27,975 T0000: [D1-V3] uname -a
2023-12-29 01:14:28,681 T0000: [D1-V3] ntpstat
2023-12-29 01:14:31,399 T0000: [D1-V3] uname -a
2023-12-29 01:14:32,105 T0000: [D1-V3] ntpstat
2023-12-29 01:14:34,820 T0000: [D1-V3] uname -a
2023-12-29 01:14:35,528 T0000: [D1-V3] ntpstat
2023-12-29 01:14:38,250 T0000: [D1-V3] uname -a
2023-12-29 01:14:38,958 T0000: [D1-V3] ntpstat
2023-12-29 01:14:41,677 T0000: [D1-V3] uname -a
2023-12-29 01:14:42,390 T0000: [D1-V3] ntpstat
2023-12-29 01:14:45,104 T0000: [D1-V3] uname -a
2023-12-29 01:14:45,816 T0000: [D1-V3] ntpstat
2023-12-29 01:14:48,546 T0000: [D1-V3] uname -a
2023-12-29 01:14:49,258 T0000: [D1-V3] ntpstat
2023-12-29 01:14:51,979 T0000: [D1-V3] uname -a
2023-12-29 01:14:52,690 T0000: [D1-V3] ntpstat
2023-12-29 01:14:55,407 T0000: [D1-V3] uname -a
2023-12-29 01:14:56,118 T0000: [D1-V3] ntpstat
2023-12-29 01:14:58,831 T0000: [D1-V3] uname -a
2023-12-29 01:14:59,541 T0000: [D1-V3] ntpstat
2023-12-29 01:15:02,255 T0000: [D1-V3] uname -a
2023-12-29 01:15:02,964 T0000: [D1-V3] ntpstat
2023-12-29 01:15:05,684 T0000: [D1-V3] uname -a
2023-12-29 01:15:06,395 T0000: [D1-V3] ntpstat
2023-12-29 01:15:09,113 T0000: [D1-V3] uname -a
2023-12-29 01:15:09,823 T0000: [D1-V3] ntpstat
2023-12-29 01:15:12,543 T0000: [D1-V3] uname -a
2023-12-29 01:15:13,256 T0000: [D1-V3] ntpstat
2023-12-29 01:15:15,970 T0000: [D1-V3] uname -a
2023-12-29 01:15:16,682 T0000: [D1-V3] ntpstat
2023-12-29 01:15:19,398 T0000: [D1-V3] uname -a
2023-12-29 01:15:20,108 T0000: [D1-V3] ntpstat
2023-12-29 01:15:22,820 T0000: [D1-V3] uname -a
2023-12-29 01:15:23,527 T0000: [D1-V3] ntpstat
2023-12-29 01:15:26,245 T0000: [D1-V3] uname -a
2023-12-29 01:15:26,955 T0000: [D1-V3] ntpstat
2023-12-29 01:15:29,673 T0000: [D1-V3] uname -a
2023-12-29 01:15:30,383 T0000: [D1-V3] ntpstat
2023-12-29 01:15:33,102 T0000: [D1-V3] uname -a
2023-12-29 01:15:33,821 T0000: [D1-V3] ntpstat
2023-12-29 01:15:34,538 T0000: [D1-V3] sudo truncate -s 0 /var/log/syslog
2023-12-29 01:15:35,240 T0000: [D1-V3] sudo truncate -s 0 /var/log/syslog.1
2023-12-29 01:15:35,939 T0000: [D1-V3] logger Iam Testing NTP
2023-12-29 01:15:36,639 T0000: [D1-V3] show logging | grep -i 'Iam Testing NTP'
2023-12-29 01:15:42,094 T0000: [D1-V3] show clock
2023-12-29 01:15:43,467 T0000: 
================== Function Hook Finalize: system/test_ntp.py ntp_func_hooks ==================
2023-12-29 01:15:43,522 T0000: 
================== Framework Function Hook Finalize: system/test_ntp.py::test_ft_ntp_disable_enable_with_message_log ==================
2023-12-29 01:15:43,523 T0000: 
================== Framework Function Hook: system/test_ntp.py::test_ntp_exists_config ==================
2023-12-29 01:15:43,532 T0039: [D1-V3] sudo show interfaces status
2023-12-29 01:15:45,433 T0000: [D1-V3] sudo show interfaces status Ethernet124
2023-12-29 01:15:48,448 T0000: 
================== Framework Function Hook Finish: system/test_ntp.py::test_ntp_exists_config ==================
2023-12-29 01:15:48,448 T0000: 
================== Function Hook: system/test_ntp.py ntp_func_hooks ==================
2023-12-29 01:15:48,451 T0000: 
================== Function Hook Finish: system/test_ntp.py ntp_func_hooks ==================
2023-12-29 01:15:48,451 T0000: 
================== Test Execution: system/test_ntp.py::test_ntp_exists_config ==================
2023-12-29 01:15:48,452 T0000: [D1-V3] show ntp
2023-12-29 01:15:50,129 T0000: [D1-V3] show ntp
2023-12-29 01:15:51,859 T0000: [D1-V3] show ntp
2023-12-29 01:15:53,637 T0000: [D1-V3] ['config ntp add 216.239.35.4', 'config ntp add 216.239.35.8', 'config ntp add 216.239.35.12']
2023-12-29 01:15:57,114 T0000: 
================== Function Hook Finalize: system/test_ntp.py ntp_func_hooks ==================
2023-12-29 01:15:57,137 T0000: 
================== Framework Function Hook Finalize: system/test_ntp.py::test_ntp_exists_config ==================
2023-12-29 01:15:57,152 T0000: [D1-V3] config save /tmp/config-db-V3-pre-module-epilog-system-test_ntp.py.json -y
2023-12-29 01:15:58,969 T0000: [D1-V3] chmod 777 /tmp/config-db-V3-pre-module-epilog-system-test_ntp.py.json
2023-12-29 01:16:00,498 T0000: [D1-V3] /sbin/ip link set dev eth0 up
2023-12-29 01:16:01,200 T0000: [D1-V3] /sbin/ip route list dev eth0
2023-12-29 01:16:09,750 T0000: [D1-V3] sudo vtysh -c 'show running-config' > /tmp/vtysh-runcfg-V3-pre-module-epilog-system-test_ntp.py.txt
2023-12-29 01:16:10,607 T0000: [D1-V3] chmod 777 /tmp/vtysh-runcfg-V3-pre-module-epilog-system-test_ntp.py.txt
2023-12-29 01:16:12,147 T0000: [D1-V3] /sbin/ip link set dev eth0 up
2023-12-29 01:16:12,856 T0000: [D1-V3] /sbin/ip route list dev eth0
2023-12-29 01:16:21,409 T0000: 
================== Module Hook Finalize: system/test_ntp.py ntp_module_hooks ==================
2023-12-29 01:16:21,425 T0000: [D1-V3] config save /tmp/config-db-V3-post-module-epilog-system-test_ntp.py.json -y
2023-12-29 01:16:23,156 T0000: [D1-V3] chmod 777 /tmp/config-db-V3-post-module-epilog-system-test_ntp.py.json
2023-12-29 01:16:24,686 T0000: [D1-V3] /sbin/ip link set dev eth0 up
2023-12-29 01:16:25,398 T0000: [D1-V3] /sbin/ip route list dev eth0
2023-12-29 01:16:33,963 T0000: [D1-V3] sudo vtysh -c 'show running-config' > /tmp/vtysh-runcfg-V3-post-module-epilog-system-test_ntp.py.txt
2023-12-29 01:16:34,816 T0000: [D1-V3] chmod 777 /tmp/vtysh-runcfg-V3-post-module-epilog-system-test_ntp.py.txt
2023-12-29 01:16:36,353 T0000: [D1-V3] /sbin/ip link set dev eth0 up
2023-12-29 01:16:37,062 T0000: [D1-V3] /sbin/ip route list dev eth0
2023-12-29 01:16:45,660 T0000: [D1-V3] sudo show interfaces status Ethernet124
2023-12-29 01:16:48,297 T0000: 
================== Framework Module Hook Finalize: system/test_ntp.py Pass: 1/2 ==================
2023-12-29 01:16:48,297 T0000: 
================== Devices used: system/test_ntp.py 1 ['V3'] ==================
2023-12-29 01:16:48,859 T0000: 
================== Framework Module Hook: batch/test_spytest_infra_1.py ==================
2023-12-29 01:16:48,874 T0056: [D1-V3] no router bgp
2023-12-29 01:16:50,681 T0056: [D1-V3] config feature state sflow enabled
2023-12-29 01:16:52,834 T0056: [D1-V3] config feature state nat enabled
2023-12-29 01:17:47,691 T0056: [D1-V3] /sbin/ip link set dev eth0 up
2023-12-29 01:17:48,360 T0056: [D1-V3] /sbin/ip route list dev eth0
2023-12-29 01:17:49,036 T0056: [D1-V3] sudo show interfaces status Ethernet124
2023-12-29 01:17:51,588 T0057: [D1-V3] sudo show interfaces status
2023-12-29 01:17:58,485 T0058: [D1-V3] sudo show interfaces status
2023-12-29 01:18:05,593 T0059: [D1-V3] sudo show interfaces status
2023-12-29 01:18:12,718 T0060: [D1-V3] sudo show interfaces status
2023-12-29 01:18:13,815 T0000: 
================== Framework Module Hook Finish: batch/test_spytest_infra_1.py ==================
2023-12-29 01:18:13,816 T0000: 
================== Framework Function Hook: batch/test_spytest_infra_1.py::test_spytest_infra_last ==================
2023-12-29 01:18:18,109 T0061: [D1-V3] sudo show interfaces status
2023-12-29 01:18:19,963 T0000: [D1-V3] sudo show interfaces status Ethernet124
2023-12-29 01:18:22,867 T0000: 
================== Framework Function Hook Finish: batch/test_spytest_infra_1.py::test_spytest_infra_last ==================
2023-12-29 01:18:22,869 T0000: 
================== Test Execution: batch/test_spytest_infra_1.py::test_spytest_infra_last ==================
2023-12-29 01:18:22,888 T0000: 
================== Framework Function Hook Finalize: batch/test_spytest_infra_1.py::test_spytest_infra_last ==================
2023-12-29 01:18:22,904 T0000: [D1-V3] sudo show interfaces status Ethernet124
2023-12-29 01:18:25,487 T0000: 
================== Framework Module Hook Finalize: batch/test_spytest_infra_1.py Pass: 1/1 ==================
2023-12-29 01:18:25,488 T0000: 
================== Devices used: batch/test_spytest_infra_1.py 1 ['V3'] ==================
2023-12-29 01:18:25,901 T0000: 
================== Framework Module Hook: security/test_tacacs.py ==================
2023-12-29 01:18:25,914 T0062: [D1-V3] no router bgp
2023-12-29 01:18:27,665 T0062: [D1-V3] config feature state sflow enabled
2023-12-29 01:18:29,865 T0062: [D1-V3] config feature state nat enabled
2023-12-29 01:20:23,808 T0062: [D1-V3] /sbin/ip link set dev eth0 up
2023-12-29 01:20:24,470 T0062: [D1-V3] /sbin/ip route list dev eth0
2023-12-29 01:20:25,146 T0062: [D1-V3] sudo show interfaces status Ethernet124
2023-12-29 01:20:27,794 T0063: [D1-V3] sudo show interfaces status
2023-12-29 01:20:34,748 T0064: [D1-V3] sudo show interfaces status
2023-12-29 01:20:41,888 T0065: [D1-V3] sudo show interfaces status
2023-12-29 01:20:49,241 T0066: [D1-V3] sudo show interfaces status
2023-12-29 01:20:51,089 T0000: [D1-V3] config save /tmp/config-db-V3-pre-module-prolog-security-test_tacacs.py.json -y
2023-12-29 01:20:52,804 T0000: [D1-V3] chmod 777 /tmp/config-db-V3-pre-module-prolog-security-test_tacacs.py.json
2023-12-29 01:20:54,350 T0000: [D1-V3] /sbin/ip link set dev eth0 up
2023-12-29 01:20:55,060 T0000: [D1-V3] /sbin/ip route list dev eth0
2023-12-29 01:21:03,667 T0000: [D1-V3] sudo vtysh -c 'show running-config' > /tmp/vtysh-runcfg-V3-pre-module-prolog-security-test_tacacs.py.txt
2023-12-29 01:21:04,578 T0000: [D1-V3] chmod 777 /tmp/vtysh-runcfg-V3-pre-module-prolog-security-test_tacacs.py.txt
2023-12-29 01:21:06,118 T0000: [D1-V3] /sbin/ip link set dev eth0 up
2023-12-29 01:21:06,830 T0000: [D1-V3] /sbin/ip route list dev eth0
2023-12-29 01:21:15,473 T0000: 
================== Framework Module Hook Finish: security/test_tacacs.py ==================
2023-12-29 01:21:15,478 T0000: 
================== Module Hook: security/test_tacacs.py tacacs_module_hooks ==================
2023-12-29 01:21:15,503 T0000: [D1-V3] /sbin/ifconfig eth0
2023-12-29 01:21:16,230 T0000: [D1-V3] config aaa  authentication failthrough enable
2023-12-29 01:21:17,602 T0000: [D1-V3] config tacacs add 10.193.81.61 -o 49 -t 5 -k lvl7india -a pap -p 3
2023-12-29 01:21:18,922 T0000: [D1-V3] config aaa  authentication login tacacs+ local
2023-12-29 01:21:20,279 T0000: 
================== Module Hook Finish: security/test_tacacs.py tacacs_module_hooks ==================
2023-12-29 01:21:20,280 T0000: 
================== Framework Function Hook: security/test_tacacs.py::test_ft_tacacs_ssh_login_with_tacacs_operations ==================
2023-12-29 01:21:20,288 T0000: [D1-V3] config save /tmp/config-db-V3-post-module-prolog-security-test_tacacs.py.json -y
2023-12-29 01:21:22,053 T0000: [D1-V3] chmod 777 /tmp/config-db-V3-post-module-prolog-security-test_tacacs.py.json
2023-12-29 01:21:23,584 T0000: [D1-V3] /sbin/ip link set dev eth0 up
2023-12-29 01:21:24,290 T0000: [D1-V3] /sbin/ip route list dev eth0
2023-12-29 01:21:32,829 T0000: [D1-V3] sudo vtysh -c 'show running-config' > /tmp/vtysh-runcfg-V3-post-module-prolog-security-test_tacacs.py.txt
2023-12-29 01:21:33,739 T0000: [D1-V3] chmod 777 /tmp/vtysh-runcfg-V3-post-module-prolog-security-test_tacacs.py.txt
2023-12-29 01:21:35,270 T0000: [D1-V3] /sbin/ip link set dev eth0 up
2023-12-29 01:21:35,983 T0000: [D1-V3] /sbin/ip route list dev eth0
2023-12-29 01:21:48,728 T0083: [D1-V3] sudo show interfaces status
2023-12-29 01:21:50,592 T0000: [D1-V3] sudo show interfaces status Ethernet124
2023-12-29 01:21:53,555 T0000: 
================== Framework Function Hook Finish: security/test_tacacs.py::test_ft_tacacs_ssh_login_with_tacacs_operations ==================
2023-12-29 01:21:53,556 T0000: 
================== Function Hook: security/test_tacacs.py tacacs_func_hooks ==================
2023-12-29 01:21:53,559 T0000: 
================== Function Hook Finish: security/test_tacacs.py tacacs_func_hooks ==================
2023-12-29 01:21:53,561 T0000: 
================== Test Execution: security/test_tacacs.py::test_ft_tacacs_ssh_login_with_tacacs_operations ==================
2023-12-29 01:21:53,561 T0000: [D1-V3] [ -f /etc/pam.d/common-auth ] && echo 1 || echo 0
2023-12-29 01:21:54,689 T0000: 
================== Function Hook Finalize: security/test_tacacs.py tacacs_func_hooks ==================
2023-12-29 01:21:54,726 T0000: 
================== Framework Function Hook Finalize: security/test_tacacs.py::test_ft_tacacs_ssh_login_with_tacacs_operations ==================
2023-12-29 01:21:54,734 T0000: [D1-V3] config save /tmp/config-db-V3-pre-module-epilog-security-test_tacacs.py.json -y
2023-12-29 01:21:56,501 T0000: [D1-V3] chmod 777 /tmp/config-db-V3-pre-module-epilog-security-test_tacacs.py.json
2023-12-29 01:21:58,031 T0000: [D1-V3] /sbin/ip link set dev eth0 up
2023-12-29 01:21:58,735 T0000: [D1-V3] /sbin/ip route list dev eth0
2023-12-29 01:22:07,212 T0000: [D1-V3] sudo vtysh -c 'show running-config' > /tmp/vtysh-runcfg-V3-pre-module-epilog-security-test_tacacs.py.txt
2023-12-29 01:22:08,118 T0000: [D1-V3] chmod 777 /tmp/vtysh-runcfg-V3-pre-module-epilog-security-test_tacacs.py.txt
2023-12-29 01:22:09,653 T0000: [D1-V3] /sbin/ip link set dev eth0 up
2023-12-29 01:22:10,362 T0000: [D1-V3] /sbin/ip route list dev eth0
2023-12-29 01:22:18,835 T0000: [D1-V3] config tacacs default authtype
2023-12-29 01:22:20,141 T0000: [D1-V3] config tacacs default passkey
2023-12-29 01:22:21,453 T0000: [D1-V3] config tacacs default timeout
2023-12-29 01:22:22,763 T0000: [D1-V3] config tacacs delete 10.193.81.61 
2023-12-29 01:22:24,066 T0000: [D1-V3] config tacacs delete 10.52.139.138 
2023-12-29 01:22:25,325 T0000: [D1-V3] config tacacs delete 10.52.145.178 
2023-12-29 01:22:26,576 T0000: [D1-V3] config tacacs delete 10.52.140.51 
2023-12-29 01:22:27,880 T0000: [D1-V3] config tacacs delete 10.2.3.4 
2023-12-29 01:22:29,338 T0000: [D1-V3] config tacacs delete 10.2.3.5 
2023-12-29 01:22:30,649 T0000: [D1-V3] config tacacs delete 10.2.3.6 
2023-12-29 01:22:31,964 T0000: [D1-V3] config tacacs delete 10.2.3.7 
2023-12-29 01:22:33,221 T0000: [D1-V3] config aaa  authentication login default
2023-12-29 01:22:34,524 T0000: [D1-V3] config aaa  authentication failthrough default
2023-12-29 01:22:35,833 T0000: [D1-V3] show vlan config
2023-12-29 01:22:37,114 T0000: [D1-V3] []
2023-12-29 01:22:37,115 T0000: 
================== Module Hook Finalize: security/test_tacacs.py tacacs_module_hooks ==================
2023-12-29 01:22:37,123 T0000: [D1-V3] config save /tmp/config-db-V3-post-module-epilog-security-test_tacacs.py.json -y
2023-12-29 01:22:39,046 T0000: [D1-V3] chmod 777 /tmp/config-db-V3-post-module-epilog-security-test_tacacs.py.json
2023-12-29 01:22:40,584 T0000: [D1-V3] /sbin/ip link set dev eth0 up
2023-12-29 01:22:41,298 T0000: [D1-V3] /sbin/ip route list dev eth0
2023-12-29 01:22:49,851 T0000: [D1-V3] sudo vtysh -c 'show running-config' > /tmp/vtysh-runcfg-V3-post-module-epilog-security-test_tacacs.py.txt
2023-12-29 01:22:50,704 T0000: [D1-V3] chmod 777 /tmp/vtysh-runcfg-V3-post-module-epilog-security-test_tacacs.py.txt
2023-12-29 01:22:52,237 T0000: [D1-V3] /sbin/ip link set dev eth0 up
2023-12-29 01:22:52,949 T0000: [D1-V3] /sbin/ip route list dev eth0
2023-12-29 01:23:01,487 T0000: [D1-V3] sudo show interfaces status Ethernet124
2023-12-29 01:23:04,069 T0000: 
================== Framework Module Hook Finalize: security/test_tacacs.py Pass: 0/1 ==================
2023-12-29 01:23:04,069 T0000: 
================== Devices used: security/test_tacacs.py 1 ['V3'] ==================
2023-12-29 01:23:04,563 T0000: 
================== Framework Module Hook: batch/test_spytest_infra_1.py ==================
2023-12-29 01:23:04,577 T0100: [D1-V3] no router bgp
2023-12-29 01:23:06,377 T0100: [D1-V3] config feature state sflow enabled
2023-12-29 01:23:08,577 T0100: [D1-V3] config feature state nat enabled
2023-12-29 01:24:03,389 T0100: [D1-V3] /sbin/ip link set dev eth0 up
2023-12-29 01:24:04,054 T0100: [D1-V3] /sbin/ip route list dev eth0
2023-12-29 01:24:04,727 T0100: [D1-V3] sudo show interfaces status Ethernet124
2023-12-29 01:24:07,182 T0101: [D1-V3] sudo show interfaces status
2023-12-29 01:24:13,972 T0102: [D1-V3] sudo show interfaces status
2023-12-29 01:24:21,013 T0103: [D1-V3] sudo show interfaces status
2023-12-29 01:24:22,844 T0000: 
================== Framework Module Hook Finish: batch/test_spytest_infra_1.py ==================
2023-12-29 01:24:22,845 T0000: 
================== Framework Function Hook: batch/test_spytest_infra_1.py::test_spytest_infra_last ==================
2023-12-29 01:24:27,149 T0104: [D1-V3] sudo show interfaces status
2023-12-29 01:24:28,951 T0000: [D1-V3] sudo show interfaces status Ethernet124
2023-12-29 01:24:31,804 T0000: 
================== Framework Function Hook Finish: batch/test_spytest_infra_1.py::test_spytest_infra_last ==================
2023-12-29 01:24:31,806 T0000: 
================== Test Execution: batch/test_spytest_infra_1.py::test_spytest_infra_last ==================
2023-12-29 01:24:31,826 T0000: 
================== Framework Function Hook Finalize: batch/test_spytest_infra_1.py::test_spytest_infra_last ==================
2023-12-29 01:24:31,842 T0000: [D1-V3] sudo show interfaces status Ethernet124
2023-12-29 01:24:34,378 T0000: 
================== Framework Module Hook Finalize: batch/test_spytest_infra_1.py Pass: 1/1 ==================
2023-12-29 01:24:34,379 T0000: 
================== Devices used: batch/test_spytest_infra_1.py 1 ['V3'] ==================
2023-12-29 01:24:34,472 T0000: [D1-V3] ['stty cols 80']
