2024-01-08 03:22:11,158 T0002: [D1-V2] ['export TMOUT=0', 'stty cols 5000', 'uptime']
2024-01-08 03:22:11,827 T0002: [D1-V2] cat /proc/uptime
2024-01-08 03:22:12,494 T0002: [D1-V2] sudo vtysh -c 'show running-config | include hostname'
2024-01-08 03:22:18,674 T0002: [D1-V2] /sbin/ip link set dev eth0 up
2024-01-08 03:22:19,344 T0002: [D1-V2] /sbin/ip route list dev eth0
2024-01-08 03:22:20,023 T0002: [D1-V2] ['export TMOUT=0', 'stty cols 5000', 'uptime']
2024-01-08 03:22:22,169 T0002: [D1-V2] /sbin/ip link set dev eth0 up
2024-01-08 03:22:22,838 T0002: [D1-V2] /sbin/ip route list dev eth0
2024-01-08 03:22:24,183 T0002: [D1-V2] show version
2024-01-08 03:22:26,216 T0002: [D1-V2] /sbin/ip link set dev eth0 up
2024-01-08 03:22:26,884 T0002: [D1-V2] /sbin/ip route list dev eth0
2024-01-08 03:22:29,036 T0002: [D1-V2] /sbin/ip link set dev eth0 up
2024-01-08 03:22:29,704 T0002: [D1-V2] /sbin/ip route list dev eth0
2024-01-08 03:23:40,120 T0000: [D1-V2] sudo show interfaces status
2024-01-08 03:23:41,919 T0000: [D1-V2] config interface startup Ethernet0
2024-01-08 03:23:42,975 T0000: [D1-V2] config interface startup Ethernet4
2024-01-08 03:23:44,080 T0000: [D1-V2] config interface startup Ethernet8
2024-01-08 03:23:45,185 T0000: [D1-V2] config interface startup Ethernet12
2024-01-08 03:23:46,257 T0000: [D1-V2] config interface shutdown Ethernet16
2024-01-08 03:23:47,312 T0000: [D1-V2] config interface shutdown Ethernet20
2024-01-08 03:23:48,420 T0000: [D1-V2] config interface shutdown Ethernet24
2024-01-08 03:23:49,533 T0000: [D1-V2] config interface shutdown Ethernet28
2024-01-08 03:23:50,647 T0000: [D1-V2] config interface shutdown Ethernet32
2024-01-08 03:23:51,704 T0000: [D1-V2] config interface shutdown Ethernet36
2024-01-08 03:23:52,769 T0000: [D1-V2] config interface shutdown Ethernet40
2024-01-08 03:23:53,825 T0000: [D1-V2] config interface shutdown Ethernet44
2024-01-08 03:23:54,884 T0000: [D1-V2] config interface shutdown Ethernet48
2024-01-08 03:23:55,944 T0000: [D1-V2] config interface shutdown Ethernet52
2024-01-08 03:23:57,004 T0000: [D1-V2] config interface shutdown Ethernet56
2024-01-08 03:23:58,058 T0000: [D1-V2] config interface shutdown Ethernet60
2024-01-08 03:23:59,121 T0000: [D1-V2] config interface shutdown Ethernet64
2024-01-08 03:24:00,178 T0000: [D1-V2] config interface shutdown Ethernet68
2024-01-08 03:24:01,284 T0000: [D1-V2] config interface shutdown Ethernet72
2024-01-08 03:24:02,341 T0000: [D1-V2] config interface shutdown Ethernet76
2024-01-08 03:24:03,400 T0000: [D1-V2] config interface shutdown Ethernet80
2024-01-08 03:24:04,459 T0000: [D1-V2] config interface shutdown Ethernet84
2024-01-08 03:24:05,521 T0000: [D1-V2] config interface shutdown Ethernet88
2024-01-08 03:24:06,573 T0000: [D1-V2] config interface shutdown Ethernet92
2024-01-08 03:24:07,628 T0000: [D1-V2] config interface shutdown Ethernet96
2024-01-08 03:24:08,685 T0000: [D1-V2] config interface shutdown Ethernet100
2024-01-08 03:24:09,737 T0000: [D1-V2] config interface shutdown Ethernet104
2024-01-08 03:24:10,788 T0000: [D1-V2] config interface shutdown Ethernet108
2024-01-08 03:24:11,892 T0000: [D1-V2] config interface shutdown Ethernet112
2024-01-08 03:24:12,946 T0000: [D1-V2] config interface shutdown Ethernet116
2024-01-08 03:24:14,000 T0000: [D1-V2] config interface shutdown Ethernet120
2024-01-08 03:24:15,062 T0000: [D1-V2] config interface shutdown Ethernet124
2024-01-08 03:24:22,240 T0000: [D1-V2] show version
2024-01-08 03:24:24,225 T0000: [D1-V2] cat /var/run/redis/sonic-db/database_config.json
2024-01-08 03:24:25,022 T0000: [D1-V2] /sbin/ifconfig eth0
2024-01-08 03:24:25,741 T0000: [D1-V2] ls /etc/sonic/bcmsim.cfg
2024-01-08 03:24:26,464 T0000: [D1-V2] no router bgp
2024-01-08 03:24:28,359 T0000: [D1-V2] config feature state sflow enabled
2024-01-08 03:24:30,404 T0000: [D1-V2] config feature state nat enabled
2024-01-08 03:24:34,624 T0000: [D1-V2] config save /tmp/config-db-V2-post-session-prolog-session.json -y
2024-01-08 03:24:35,933 T0000: [D1-V2] chmod 777 /tmp/config-db-V2-post-session-prolog-session.json
2024-01-08 03:24:37,472 T0000: [D1-V2] /sbin/ip link set dev eth0 up
2024-01-08 03:24:38,181 T0000: [D1-V2] /sbin/ip route list dev eth0
2024-01-08 03:24:46,615 T0000: [D1-V2] sudo vtysh -c 'show running-config' > /tmp/vtysh-runcfg-V2-post-session-prolog-session.txt
2024-01-08 03:24:47,517 T0000: [D1-V2] chmod 777 /tmp/vtysh-runcfg-V2-post-session-prolog-session.txt
2024-01-08 03:24:49,044 T0000: [D1-V2] /sbin/ip link set dev eth0 up
2024-01-08 03:24:49,753 T0000: [D1-V2] /sbin/ip route list dev eth0
2024-01-08 03:24:58,582 T0000: 
================== Framework Module Hook: batch/test_spytest_infra_1.py ==================
2024-01-08 03:24:58,601 T0012: [D1-V2] sudo show interfaces status Ethernet124
2024-01-08 03:25:00,810 T0013: [D1-V2] sudo show interfaces status
2024-01-08 03:25:02,444 T0000: 
================== Framework Module Hook Finish: batch/test_spytest_infra_1.py ==================
2024-01-08 03:25:02,446 T0000: 
================== Framework Function Hook: batch/test_spytest_infra_1.py::test_spytest_infra_first ==================
2024-01-08 03:25:05,538 T0014: [D1-V2] sudo show interfaces status
2024-01-08 03:25:07,187 T0000: [D1-V2] sudo show interfaces status Ethernet124
2024-01-08 03:25:09,881 T0000: 
================== Framework Function Hook Finish: batch/test_spytest_infra_1.py::test_spytest_infra_first ==================
2024-01-08 03:25:09,885 T0000: 
================== Test Execution: batch/test_spytest_infra_1.py::test_spytest_infra_first ==================
2024-01-08 03:25:09,904 T0000: 
================== Framework Function Hook Finalize: batch/test_spytest_infra_1.py::test_spytest_infra_first ==================
2024-01-08 03:25:10,057 T0000: 
================== Framework Function Hook: batch/test_spytest_infra_1.py::test_spytest_infra_second ==================
2024-01-08 03:25:10,074 T0015: [D1-V2] sudo show interfaces status
2024-01-08 03:25:11,824 T0000: [D1-V2] sudo show interfaces status Ethernet124
2024-01-08 03:25:14,521 T0000: 
================== Framework Function Hook Finish: batch/test_spytest_infra_1.py::test_spytest_infra_second ==================
2024-01-08 03:25:14,523 T0000: 
================== Test Execution: batch/test_spytest_infra_1.py::test_spytest_infra_second ==================
2024-01-08 03:25:14,542 T0000: 
================== Framework Function Hook Finalize: batch/test_spytest_infra_1.py::test_spytest_infra_second ==================
2024-01-08 03:25:14,556 T0000: [D1-V2] sudo show interfaces status Ethernet124
2024-01-08 03:25:16,924 T0000: 
================== Framework Module Hook Finalize: batch/test_spytest_infra_1.py Pass: 2/2 ==================
2024-01-08 03:25:16,924 T0000: 
================== Devices used: batch/test_spytest_infra_1.py 1 ['V2'] ==================
2024-01-08 03:25:17,336 T0000: 
================== Framework Module Hook: system/test_snmp.py ==================
2024-01-08 03:25:17,349 T0016: [D1-V2] sudo show interfaces status Ethernet124
2024-01-08 03:25:19,610 T0017: [D1-V2] sudo show interfaces status
2024-01-08 03:25:21,256 T0000: [D1-V2] config save /tmp/config-db-V2-pre-module-prolog-system-test_snmp.py.json -y
2024-01-08 03:25:22,569 T0000: [D1-V2] chmod 777 /tmp/config-db-V2-pre-module-prolog-system-test_snmp.py.json
2024-01-08 03:25:24,100 T0000: [D1-V2] /sbin/ip link set dev eth0 up
2024-01-08 03:25:24,811 T0000: [D1-V2] /sbin/ip route list dev eth0
2024-01-08 03:25:33,240 T0000: [D1-V2] sudo vtysh -c 'show running-config' > /tmp/vtysh-runcfg-V2-pre-module-prolog-system-test_snmp.py.txt
2024-01-08 03:25:34,141 T0000: [D1-V2] chmod 777 /tmp/vtysh-runcfg-V2-pre-module-prolog-system-test_snmp.py.txt
2024-01-08 03:25:35,671 T0000: [D1-V2] /sbin/ip link set dev eth0 up
2024-01-08 03:25:36,380 T0000: [D1-V2] /sbin/ip route list dev eth0
2024-01-08 03:25:44,791 T0000: 
================== Framework Module Hook Finish: system/test_snmp.py ==================
2024-01-08 03:25:44,792 T0000: 
================== Module Hook: system/test_snmp.py snmp_module_hooks ==================
2024-01-08 03:25:44,806 T0000: [D1-V2] /sbin/ifconfig eth0
2024-01-08 03:25:45,525 T0000: [D1-V2] cat /etc/sonic/snmp.yml
2024-01-08 03:25:46,246 T0000: [D1-V2] sudo sed -i '/^snmp_rocommunity:/ c snmp_rocommunity: test_123' /etc/sonic/snmp.yml
2024-01-08 03:25:47,697 T0000: [D1-V2] sudo sed -i '/^snmp_location:/ c snmp_location: hyderabad' /etc/sonic/snmp.yml
2024-01-08 03:25:49,145 T0000: [D1-V2] cat /etc/sonic/snmp.yml
2024-01-08 03:25:49,843 T0000: [D1-V2] sudo service snmp restart
2024-01-08 03:25:58,021 T0000: [D1-V2] config interface ip add Loopback0 67.66.66.66/32
2024-01-08 03:26:01,166 T0000: [D1-V2] ['config vlan add 1591']
2024-01-08 03:26:13,272 T0000: [D1-V2] docker cp /tmp/swss_config.json swss:/swss_config.json
2024-01-08 03:26:14,124 T0000: [D1-V2] docker exec -it swss bash -c 'swssconfig /swss_config.json'
2024-01-08 03:26:14,935 T0000: [D1-V2] config vlan member add 1591 Ethernet0 -u 
2024-01-08 03:26:15,993 T0000: [D1-V2] config vlan member add 1591 Ethernet4
2024-01-08 03:26:25,096 T0000: [D1-V2] sonic-clear counters
2024-01-08 03:26:39,636 T0000: [D1-V2] show mac
2024-01-08 03:26:48,383 T0000: [D1-V2] ['config snmptrap modify 2 127.0.0.1 -p 162 -v None -c test_123']
2024-01-08 03:26:59,782 T0000: 
================== Module Hook Finish: system/test_snmp.py snmp_module_hooks ==================
2024-01-08 03:26:59,783 T0000: 
================== Framework Function Hook: system/test_snmp.py::test_ft_snmp_sysName ==================
2024-01-08 03:26:59,791 T0000: [D1-V2] config save /tmp/config-db-V2-post-module-prolog-system-test_snmp.py.json -y
2024-01-08 03:27:01,098 T0000: [D1-V2] chmod 777 /tmp/config-db-V2-post-module-prolog-system-test_snmp.py.json
2024-01-08 03:27:02,632 T0000: [D1-V2] /sbin/ip link set dev eth0 up
2024-01-08 03:27:03,341 T0000: [D1-V2] /sbin/ip route list dev eth0
2024-01-08 03:27:11,760 T0000: [D1-V2] sudo vtysh -c 'show running-config' > /tmp/vtysh-runcfg-V2-post-module-prolog-system-test_snmp.py.txt
2024-01-08 03:27:12,665 T0000: [D1-V2] chmod 777 /tmp/vtysh-runcfg-V2-post-module-prolog-system-test_snmp.py.txt
2024-01-08 03:27:14,190 T0000: [D1-V2] /sbin/ip link set dev eth0 up
2024-01-08 03:27:14,897 T0000: [D1-V2] /sbin/ip route list dev eth0
2024-01-08 03:27:26,412 T0040: [D1-V2] sudo show interfaces status
2024-01-08 03:27:28,111 T0000: [D1-V2] sudo show interfaces status Ethernet124
2024-01-08 03:27:31,025 T0000: 
================== Framework Function Hook Finish: system/test_snmp.py::test_ft_snmp_sysName ==================
2024-01-08 03:27:31,026 T0000: 
================== Function Hook: system/test_snmp.py snmp_func_hooks ==================
2024-01-08 03:27:31,028 T0000: 
================== Function Hook Finish: system/test_snmp.py snmp_func_hooks ==================
2024-01-08 03:27:31,029 T0000: 
================== Test Execution: system/test_snmp.py::test_ft_snmp_sysName ==================
2024-01-08 03:27:31,030 T0000: [D1-V2] hostname
2024-01-08 03:27:32,135 T0000: 
================== Function Hook Finalize: system/test_snmp.py snmp_func_hooks ==================
2024-01-08 03:27:32,172 T0000: 
================== Framework Function Hook Finalize: system/test_snmp.py::test_ft_snmp_sysName ==================
2024-01-08 03:27:32,173 T0000: 
================== Framework Function Hook: system/test_snmp.py::test_ft_snmp_test_syUpTime ==================
2024-01-08 03:27:32,183 T0041: [D1-V2] sudo show interfaces status
2024-01-08 03:27:33,839 T0000: [D1-V2] sudo show interfaces status Ethernet124
2024-01-08 03:27:36,543 T0000: 
================== Framework Function Hook Finish: system/test_snmp.py::test_ft_snmp_test_syUpTime ==================
2024-01-08 03:27:36,544 T0000: 
================== Function Hook: system/test_snmp.py snmp_func_hooks ==================
2024-01-08 03:27:36,547 T0000: 
================== Function Hook Finish: system/test_snmp.py snmp_func_hooks ==================
2024-01-08 03:27:36,547 T0000: 
================== Test Execution: system/test_snmp.py::test_ft_snmp_test_syUpTime ==================
2024-01-08 03:27:36,564 T0000: [D1-V2] show uptime
2024-01-08 03:27:37,703 T0000: 
================== Function Hook Finalize: system/test_snmp.py snmp_func_hooks ==================
2024-01-08 03:27:37,722 T0000: 
================== Framework Function Hook Finalize: system/test_snmp.py::test_ft_snmp_test_syUpTime ==================
2024-01-08 03:27:37,723 T0000: 
================== Framework Function Hook: system/test_snmp.py::test_ft_snmp_sysDescr ==================
2024-01-08 03:27:37,732 T0042: [D1-V2] sudo show interfaces status
2024-01-08 03:27:39,437 T0000: [D1-V2] sudo show interfaces status Ethernet124
2024-01-08 03:27:42,200 T0000: 
================== Framework Function Hook Finish: system/test_snmp.py::test_ft_snmp_sysDescr ==================
2024-01-08 03:27:42,201 T0000: 
================== Function Hook: system/test_snmp.py snmp_func_hooks ==================
2024-01-08 03:27:42,204 T0000: 
================== Function Hook Finish: system/test_snmp.py snmp_func_hooks ==================
2024-01-08 03:27:42,204 T0000: 
================== Test Execution: system/test_snmp.py::test_ft_snmp_sysDescr ==================
2024-01-08 03:27:42,205 T0000: [D1-V2] show version
2024-01-08 03:27:43,411 T0000: [D1-V2] show platform summary
2024-01-08 03:27:45,271 T0000: 
================== Function Hook Finalize: system/test_snmp.py snmp_func_hooks ==================
2024-01-08 03:27:45,293 T0000: 
================== Framework Function Hook Finalize: system/test_snmp.py::test_ft_snmp_sysDescr ==================
2024-01-08 03:27:45,294 T0000: 
================== Framework Function Hook: system/test_snmp.py::test_ft_snmp_mib_2 ==================
2024-01-08 03:27:45,303 T0043: [D1-V2] sudo show interfaces status
2024-01-08 03:27:46,955 T0000: [D1-V2] sudo show interfaces status Ethernet124
2024-01-08 03:27:49,719 T0000: 
================== Framework Function Hook Finish: system/test_snmp.py::test_ft_snmp_mib_2 ==================
2024-01-08 03:27:49,721 T0000: 
================== Function Hook: system/test_snmp.py snmp_func_hooks ==================
2024-01-08 03:27:49,724 T0000: 
================== Function Hook Finish: system/test_snmp.py snmp_func_hooks ==================
2024-01-08 03:27:49,725 T0000: 
================== Test Execution: system/test_snmp.py::test_ft_snmp_mib_2 ==================
2024-01-08 03:27:55,947 T0000: 
================== Function Hook Finalize: system/test_snmp.py snmp_func_hooks ==================
2024-01-08 03:27:56,023 T0000: 
================== Framework Function Hook Finalize: system/test_snmp.py::test_ft_snmp_mib_2 ==================
2024-01-08 03:27:56,025 T0000: 
================== Framework Function Hook: system/test_snmp.py::test_ft_snmp_if_mib_all ==================
2024-01-08 03:27:56,035 T0044: [D1-V2] sudo show interfaces status
2024-01-08 03:27:57,700 T0000: [D1-V2] sudo show interfaces status Ethernet124
2024-01-08 03:28:00,616 T0000: 
================== Framework Function Hook Finish: system/test_snmp.py::test_ft_snmp_if_mib_all ==================
2024-01-08 03:28:00,617 T0000: 
================== Function Hook: system/test_snmp.py snmp_func_hooks ==================
2024-01-08 03:28:00,621 T0000: 
================== Function Hook Finish: system/test_snmp.py snmp_func_hooks ==================
2024-01-08 03:28:00,622 T0000: 
================== Test Execution: system/test_snmp.py::test_ft_snmp_if_mib_all ==================
2024-01-08 03:28:00,783 T0000: 
================== Function Hook Finalize: system/test_snmp.py snmp_func_hooks ==================
2024-01-08 03:28:00,805 T0000: 
================== Framework Function Hook Finalize: system/test_snmp.py::test_ft_snmp_if_mib_all ==================
2024-01-08 03:28:00,806 T0000: 
================== Framework Function Hook: system/test_snmp.py::test_ft_snmp_entity_mib_all ==================
2024-01-08 03:28:00,817 T0045: [D1-V2] sudo show interfaces status
2024-01-08 03:28:02,487 T0000: [D1-V2] sudo show interfaces status Ethernet124
2024-01-08 03:28:05,443 T0000: 
================== Framework Function Hook Finish: system/test_snmp.py::test_ft_snmp_entity_mib_all ==================
2024-01-08 03:28:05,444 T0000: 
================== Function Hook: system/test_snmp.py snmp_func_hooks ==================
2024-01-08 03:28:05,447 T0000: 
================== Function Hook Finish: system/test_snmp.py snmp_func_hooks ==================
2024-01-08 03:28:05,447 T0000: 
================== Test Execution: system/test_snmp.py::test_ft_snmp_entity_mib_all ==================
2024-01-08 03:28:05,497 T0000: 
================== Function Hook Finalize: system/test_snmp.py snmp_func_hooks ==================
2024-01-08 03:28:05,519 T0000: 
================== Framework Function Hook Finalize: system/test_snmp.py::test_ft_snmp_entity_mib_all ==================
2024-01-08 03:28:05,520 T0000: 
================== Framework Function Hook: system/test_snmp.py::test_ft_snmp_dot1q_dot1db_mib ==================
2024-01-08 03:28:05,530 T0046: [D1-V2] sudo show interfaces status
2024-01-08 03:28:07,177 T0000: [D1-V2] sudo show interfaces status Ethernet124
2024-01-08 03:28:09,879 T0000: 
================== Framework Function Hook Finish: system/test_snmp.py::test_ft_snmp_dot1q_dot1db_mib ==================
2024-01-08 03:28:09,881 T0000: 
================== Function Hook: system/test_snmp.py snmp_func_hooks ==================
2024-01-08 03:28:09,883 T0000: 
================== Function Hook Finish: system/test_snmp.py snmp_func_hooks ==================
2024-01-08 03:28:09,884 T0000: 
================== Test Execution: system/test_snmp.py::test_ft_snmp_dot1q_dot1db_mib ==================
2024-01-08 03:28:09,980 T0000: 
================== Function Hook Finalize: system/test_snmp.py snmp_func_hooks ==================
2024-01-08 03:28:10,004 T0000: 
================== Framework Function Hook Finalize: system/test_snmp.py::test_ft_snmp_dot1q_dot1db_mib ==================
2024-01-08 03:28:10,005 T0000: 
================== Framework Function Hook: system/test_snmp.py::test_ft_snmp_root_node_walk ==================
2024-01-08 03:28:10,014 T0047: [D1-V2] sudo show interfaces status
2024-01-08 03:28:11,812 T0000: [D1-V2] sudo show interfaces status Ethernet124
2024-01-08 03:28:14,572 T0000: 
================== Framework Function Hook Finish: system/test_snmp.py::test_ft_snmp_root_node_walk ==================
2024-01-08 03:28:14,573 T0000: 
================== Function Hook: system/test_snmp.py snmp_func_hooks ==================
2024-01-08 03:28:14,575 T0000: 
================== Function Hook Finish: system/test_snmp.py snmp_func_hooks ==================
2024-01-08 03:28:14,576 T0000: 
================== Test Execution: system/test_snmp.py::test_ft_snmp_root_node_walk ==================
2024-01-08 03:28:26,262 T0000: 
================== Function Hook Finalize: system/test_snmp.py snmp_func_hooks ==================
2024-01-08 03:28:26,291 T0000: 
================== Framework Function Hook Finalize: system/test_snmp.py::test_ft_snmp_root_node_walk ==================
2024-01-08 03:28:26,293 T0000: 
================== Framework Function Hook: system/test_snmp.py::test_ft_snmp_ipAddressRowStatus_ipv6 ==================
2024-01-08 03:28:26,302 T0048: [D1-V2] sudo show interfaces status
2024-01-08 03:28:28,000 T0000: [D1-V2] sudo show interfaces status Ethernet124
2024-01-08 03:28:30,808 T0000: 
================== Framework Function Hook Finish: system/test_snmp.py::test_ft_snmp_ipAddressRowStatus_ipv6 ==================
2024-01-08 03:28:30,809 T0000: 
================== Function Hook: system/test_snmp.py snmp_func_hooks ==================
2024-01-08 03:28:30,811 T0000: 
================== Function Hook Finish: system/test_snmp.py snmp_func_hooks ==================
2024-01-08 03:28:30,812 T0000: 
================== Test Execution: system/test_snmp.py::test_ft_snmp_ipAddressRowStatus_ipv6 ==================
2024-01-08 03:28:30,826 T0000: [D1-V2] config interface ip add Loopback0 5551::1/128
2024-01-08 03:28:33,929 T0000: [D1-V2] show ipv6 interface
2024-01-08 03:28:35,623 T0000: [D1-V2] config interface ip remove Loopback0 5551::1/128
2024-01-08 03:28:36,729 T0000: 
================== Function Hook Finalize: system/test_snmp.py snmp_func_hooks ==================
2024-01-08 03:28:36,748 T0000: 
================== Framework Function Hook Finalize: system/test_snmp.py::test_ft_snmp_ipAddressRowStatus_ipv6 ==================
2024-01-08 03:28:36,749 T0000: 
================== Framework Function Hook: system/test_snmp.py::test_ft_snmp_ipAddressStorageType_ipv6 ==================
2024-01-08 03:28:36,758 T0049: [D1-V2] sudo show interfaces status
2024-01-08 03:28:38,423 T0000: [D1-V2] sudo show interfaces status Ethernet124
2024-01-08 03:28:41,187 T0000: 
================== Framework Function Hook Finish: system/test_snmp.py::test_ft_snmp_ipAddressStorageType_ipv6 ==================
2024-01-08 03:28:41,187 T0000: 
================== Function Hook: system/test_snmp.py snmp_func_hooks ==================
2024-01-08 03:28:41,190 T0000: 
================== Function Hook Finish: system/test_snmp.py snmp_func_hooks ==================
2024-01-08 03:28:41,191 T0000: 
================== Test Execution: system/test_snmp.py::test_ft_snmp_ipAddressStorageType_ipv6 ==================
2024-01-08 03:28:41,222 T0000: 
================== Function Hook Finalize: system/test_snmp.py snmp_func_hooks ==================
2024-01-08 03:28:41,244 T0000: 
================== Framework Function Hook Finalize: system/test_snmp.py::test_ft_snmp_ipAddressStorageType_ipv6 ==================
2024-01-08 03:28:41,245 T0000: 
================== Framework Function Hook: system/test_snmp.py::test_ft_snmp_ipv6_If_Forward_default_HopLimit ==================
2024-01-08 03:28:41,255 T0050: [D1-V2] sudo show interfaces status
2024-01-08 03:28:43,007 T0000: [D1-V2] sudo show interfaces status Ethernet124
2024-01-08 03:28:45,813 T0000: 
================== Framework Function Hook Finish: system/test_snmp.py::test_ft_snmp_ipv6_If_Forward_default_HopLimit ==================
2024-01-08 03:28:45,813 T0000: 
================== Function Hook: system/test_snmp.py snmp_func_hooks ==================
2024-01-08 03:28:45,816 T0000: 
================== Function Hook Finish: system/test_snmp.py snmp_func_hooks ==================
2024-01-08 03:28:45,816 T0000: 
================== Test Execution: system/test_snmp.py::test_ft_snmp_ipv6_If_Forward_default_HopLimit ==================
2024-01-08 03:28:45,855 T0000: 
================== Function Hook Finalize: system/test_snmp.py snmp_func_hooks ==================
2024-01-08 03:28:45,879 T0000: 
================== Framework Function Hook Finalize: system/test_snmp.py::test_ft_snmp_ipv6_If_Forward_default_HopLimit ==================
2024-01-08 03:28:45,880 T0000: 
================== Framework Function Hook: system/test_snmp.py::test_ft_snmp_ipv6scope_index_table ==================
2024-01-08 03:28:45,889 T0051: [D1-V2] sudo show interfaces status
2024-01-08 03:28:47,543 T0000: [D1-V2] sudo show interfaces status Ethernet124
2024-01-08 03:28:50,247 T0000: 
================== Framework Function Hook Finish: system/test_snmp.py::test_ft_snmp_ipv6scope_index_table ==================
2024-01-08 03:28:50,247 T0000: 
================== Function Hook: system/test_snmp.py snmp_func_hooks ==================
2024-01-08 03:28:50,249 T0000: 
================== Function Hook Finish: system/test_snmp.py snmp_func_hooks ==================
2024-01-08 03:28:50,250 T0000: 
================== Test Execution: system/test_snmp.py::test_ft_snmp_ipv6scope_index_table ==================
2024-01-08 03:28:50,305 T0000: 
================== Function Hook Finalize: system/test_snmp.py snmp_func_hooks ==================
2024-01-08 03:28:50,330 T0000: 
================== Framework Function Hook Finalize: system/test_snmp.py::test_ft_snmp_ipv6scope_index_table ==================
2024-01-08 03:28:50,331 T0000: 
================== Framework Function Hook: system/test_snmp.py::test_ft_snmp_ip_forward_table ==================
2024-01-08 03:28:50,341 T0052: [D1-V2] sudo show interfaces status
2024-01-08 03:28:51,999 T0000: [D1-V2] sudo show interfaces status Ethernet124
2024-01-08 03:28:54,748 T0000: 
================== Framework Function Hook Finish: system/test_snmp.py::test_ft_snmp_ip_forward_table ==================
2024-01-08 03:28:54,748 T0000: 
================== Function Hook: system/test_snmp.py snmp_func_hooks ==================
2024-01-08 03:28:54,751 T0000: 
================== Function Hook Finish: system/test_snmp.py snmp_func_hooks ==================
2024-01-08 03:28:54,751 T0000: 
================== Test Execution: system/test_snmp.py::test_ft_snmp_ip_forward_table ==================
2024-01-08 03:28:54,752 T0000: [D1-V2]  agentx
2024-01-08 03:28:56,714 T0000: [D1-V2] no agentx
2024-01-08 03:28:57,423 T0000: 
================== Function Hook Finalize: system/test_snmp.py snmp_func_hooks ==================
2024-01-08 03:28:57,442 T0000: 
================== Framework Function Hook Finalize: system/test_snmp.py::test_ft_snmp_ip_forward_table ==================
2024-01-08 03:28:57,443 T0000: 
================== Framework Function Hook: system/test_snmp.py::test_ft_snmp_ifx_table ==================
2024-01-08 03:28:57,452 T0053: [D1-V2] sudo show interfaces status
2024-01-08 03:29:00,083 T0000: [D1-V2] sudo show interfaces status Ethernet124
2024-01-08 03:29:02,888 T0000: 
================== Framework Function Hook Finish: system/test_snmp.py::test_ft_snmp_ifx_table ==================
2024-01-08 03:29:02,889 T0000: 
================== Function Hook: system/test_snmp.py snmp_func_hooks ==================
2024-01-08 03:29:02,891 T0000: 
================== Function Hook Finish: system/test_snmp.py snmp_func_hooks ==================
2024-01-08 03:29:02,892 T0000: 
================== Test Execution: system/test_snmp.py::test_ft_snmp_ifx_table ==================
2024-01-08 03:29:03,050 T0000: 
================== Function Hook Finalize: system/test_snmp.py snmp_func_hooks ==================
2024-01-08 03:29:03,071 T0000: 
================== Framework Function Hook Finalize: system/test_snmp.py::test_ft_snmp_ifx_table ==================
2024-01-08 03:29:03,072 T0000: 
================== Framework Function Hook: system/test_snmp.py::test_ft_snmp_ip_System_Stats_Table ==================
2024-01-08 03:29:03,082 T0054: [D1-V2] sudo show interfaces status
2024-01-08 03:29:04,783 T0000: [D1-V2] sudo show interfaces status Ethernet124
2024-01-08 03:29:07,539 T0000: 
================== Framework Function Hook Finish: system/test_snmp.py::test_ft_snmp_ip_System_Stats_Table ==================
2024-01-08 03:29:07,540 T0000: 
================== Function Hook: system/test_snmp.py snmp_func_hooks ==================
2024-01-08 03:29:07,542 T0000: 
================== Function Hook Finish: system/test_snmp.py snmp_func_hooks ==================
2024-01-08 03:29:07,543 T0000: 
================== Test Execution: system/test_snmp.py::test_ft_snmp_ip_System_Stats_Table ==================
2024-01-08 03:29:07,591 T0000: 
================== Function Hook Finalize: system/test_snmp.py snmp_func_hooks ==================
2024-01-08 03:29:07,615 T0000: 
================== Framework Function Hook Finalize: system/test_snmp.py::test_ft_snmp_ip_System_Stats_Table ==================
2024-01-08 03:29:07,617 T0000: 
================== Framework Function Hook: system/test_snmp.py::test_ft_snmp_ip_IfStats_Table ==================
2024-01-08 03:29:07,626 T0055: [D1-V2] sudo show interfaces status
2024-01-08 03:29:09,327 T0000: [D1-V2] sudo show interfaces status Ethernet124
2024-01-08 03:29:12,085 T0000: 
================== Framework Function Hook Finish: system/test_snmp.py::test_ft_snmp_ip_IfStats_Table ==================
2024-01-08 03:29:12,085 T0000: 
================== Function Hook: system/test_snmp.py snmp_func_hooks ==================
2024-01-08 03:29:12,087 T0000: 
================== Function Hook Finish: system/test_snmp.py snmp_func_hooks ==================
2024-01-08 03:29:12,088 T0000: 
================== Test Execution: system/test_snmp.py::test_ft_snmp_ip_IfStats_Table ==================
2024-01-08 03:29:12,383 T0000: 
================== Function Hook Finalize: system/test_snmp.py snmp_func_hooks ==================
2024-01-08 03:29:12,403 T0000: 
================== Framework Function Hook Finalize: system/test_snmp.py::test_ft_snmp_ip_IfStats_Table ==================
2024-01-08 03:29:12,405 T0000: 
================== Framework Function Hook: system/test_snmp.py::test_ft_snmp_ip_Address_Table ==================
2024-01-08 03:29:12,414 T0056: [D1-V2] sudo show interfaces status
2024-01-08 03:29:14,064 T0000: [D1-V2] sudo show interfaces status Ethernet124
2024-01-08 03:29:16,777 T0000: 
================== Framework Function Hook Finish: system/test_snmp.py::test_ft_snmp_ip_Address_Table ==================
2024-01-08 03:29:16,777 T0000: 
================== Function Hook: system/test_snmp.py snmp_func_hooks ==================
2024-01-08 03:29:16,780 T0000: 
================== Function Hook Finish: system/test_snmp.py snmp_func_hooks ==================
2024-01-08 03:29:16,780 T0000: 
================== Test Execution: system/test_snmp.py::test_ft_snmp_ip_Address_Table ==================
2024-01-08 03:29:16,827 T0000: 
================== Function Hook Finalize: system/test_snmp.py snmp_func_hooks ==================
2024-01-08 03:29:16,847 T0000: 
================== Framework Function Hook Finalize: system/test_snmp.py::test_ft_snmp_ip_Address_Table ==================
2024-01-08 03:29:16,848 T0000: 
================== Framework Function Hook: system/test_snmp.py::test_ft_snmp_ip_NetToPhysical_Table ==================
2024-01-08 03:29:16,857 T0057: [D1-V2] sudo show interfaces status
2024-01-08 03:29:18,559 T0000: [D1-V2] sudo show interfaces status Ethernet124
2024-01-08 03:29:21,313 T0000: 
================== Framework Function Hook Finish: system/test_snmp.py::test_ft_snmp_ip_NetToPhysical_Table ==================
2024-01-08 03:29:21,314 T0000: 
================== Function Hook: system/test_snmp.py snmp_func_hooks ==================
2024-01-08 03:29:21,317 T0000: 
================== Function Hook Finish: system/test_snmp.py snmp_func_hooks ==================
2024-01-08 03:29:21,317 T0000: 
================== Test Execution: system/test_snmp.py::test_ft_snmp_ip_NetToPhysical_Table ==================
2024-01-08 03:29:21,359 T0000: 
================== Function Hook Finalize: system/test_snmp.py snmp_func_hooks ==================
2024-01-08 03:29:21,382 T0000: 
================== Framework Function Hook Finalize: system/test_snmp.py::test_ft_snmp_ip_NetToPhysical_Table ==================
2024-01-08 03:29:21,383 T0000: 
================== Framework Function Hook: system/test_snmp.py::test_ft_snmp_icmp_Msgs ==================
2024-01-08 03:29:21,392 T0058: [D1-V2] sudo show interfaces status
2024-01-08 03:29:23,091 T0000: [D1-V2] sudo show interfaces status Ethernet124
2024-01-08 03:29:25,851 T0000: 
================== Framework Function Hook Finish: system/test_snmp.py::test_ft_snmp_icmp_Msgs ==================
2024-01-08 03:29:25,851 T0000: 
================== Function Hook: system/test_snmp.py snmp_func_hooks ==================
2024-01-08 03:29:25,854 T0000: 
================== Function Hook Finish: system/test_snmp.py snmp_func_hooks ==================
2024-01-08 03:29:25,854 T0000: 
================== Test Execution: system/test_snmp.py::test_ft_snmp_icmp_Msgs ==================
2024-01-08 03:29:25,898 T0000: 
================== Function Hook Finalize: system/test_snmp.py snmp_func_hooks ==================
2024-01-08 03:29:25,919 T0000: 
================== Framework Function Hook Finalize: system/test_snmp.py::test_ft_snmp_icmp_Msgs ==================
2024-01-08 03:29:25,920 T0000: 
================== Framework Function Hook: system/test_snmp.py::test_ft_snmp_tcp_mib ==================
2024-01-08 03:29:25,929 T0059: [D1-V2] sudo show interfaces status
2024-01-08 03:29:27,584 T0000: [D1-V2] sudo show interfaces status Ethernet124
2024-01-08 03:29:30,354 T0000: 
================== Framework Function Hook Finish: system/test_snmp.py::test_ft_snmp_tcp_mib ==================
2024-01-08 03:29:30,355 T0000: 
================== Function Hook: system/test_snmp.py snmp_func_hooks ==================
2024-01-08 03:29:30,359 T0000: 
================== Function Hook Finish: system/test_snmp.py snmp_func_hooks ==================
2024-01-08 03:29:30,360 T0000: 
================== Test Execution: system/test_snmp.py::test_ft_snmp_tcp_mib ==================
2024-01-08 03:29:45,517 T0000: 
================== Function Hook Finalize: system/test_snmp.py snmp_func_hooks ==================
2024-01-08 03:29:45,548 T0000: 
================== Framework Function Hook Finalize: system/test_snmp.py::test_ft_snmp_tcp_mib ==================
2024-01-08 03:29:45,550 T0000: 
================== Framework Function Hook: system/test_snmp.py::test_ft_snmp_udp_mib ==================
2024-01-08 03:29:45,560 T0060: [D1-V2] sudo show interfaces status
2024-01-08 03:29:47,212 T0000: [D1-V2] sudo show interfaces status Ethernet124
2024-01-08 03:29:49,967 T0000: 
================== Framework Function Hook Finish: system/test_snmp.py::test_ft_snmp_udp_mib ==================
2024-01-08 03:29:49,969 T0000: 
================== Function Hook: system/test_snmp.py snmp_func_hooks ==================
2024-01-08 03:29:49,971 T0000: 
================== Function Hook Finish: system/test_snmp.py snmp_func_hooks ==================
2024-01-08 03:29:49,972 T0000: 
================== Test Execution: system/test_snmp.py::test_ft_snmp_udp_mib ==================
2024-01-08 03:29:50,023 T0000: 
================== Function Hook Finalize: system/test_snmp.py snmp_func_hooks ==================
2024-01-08 03:29:50,044 T0000: 
================== Framework Function Hook Finalize: system/test_snmp.py::test_ft_snmp_udp_mib ==================
2024-01-08 03:29:50,046 T0000: 
================== Framework Function Hook: system/test_snmp.py::test_ft_snmp_snmpv2_mib ==================
2024-01-08 03:29:50,058 T0061: [D1-V2] sudo show interfaces status
2024-01-08 03:29:51,768 T0000: [D1-V2] sudo show interfaces status Ethernet124
2024-01-08 03:29:54,525 T0000: 
================== Framework Function Hook Finish: system/test_snmp.py::test_ft_snmp_snmpv2_mib ==================
2024-01-08 03:29:54,525 T0000: 
================== Function Hook: system/test_snmp.py snmp_func_hooks ==================
2024-01-08 03:29:54,528 T0000: 
================== Function Hook Finish: system/test_snmp.py snmp_func_hooks ==================
2024-01-08 03:29:54,528 T0000: 
================== Test Execution: system/test_snmp.py::test_ft_snmp_snmpv2_mib ==================
2024-01-08 03:29:54,565 T0000: 
================== Function Hook Finalize: system/test_snmp.py snmp_func_hooks ==================
2024-01-08 03:29:54,589 T0000: 
================== Framework Function Hook Finalize: system/test_snmp.py::test_ft_snmp_snmpv2_mib ==================
2024-01-08 03:29:54,590 T0000: 
================== Framework Function Hook: system/test_snmp.py::test_ft_snmp_host_resource_mib ==================
2024-01-08 03:29:54,600 T0062: [D1-V2] sudo show interfaces status
2024-01-08 03:29:56,265 T0000: [D1-V2] sudo show interfaces status Ethernet124
2024-01-08 03:29:59,021 T0000: 
================== Framework Function Hook Finish: system/test_snmp.py::test_ft_snmp_host_resource_mib ==================
2024-01-08 03:29:59,023 T0000: 
================== Function Hook: system/test_snmp.py snmp_func_hooks ==================
2024-01-08 03:29:59,027 T0000: 
================== Function Hook Finish: system/test_snmp.py snmp_func_hooks ==================
2024-01-08 03:29:59,027 T0000: 
================== Test Execution: system/test_snmp.py::test_ft_snmp_host_resource_mib ==================
2024-01-08 03:29:59,237 T0000: 
================== Function Hook Finalize: system/test_snmp.py snmp_func_hooks ==================
2024-01-08 03:29:59,258 T0000: 
================== Framework Function Hook Finalize: system/test_snmp.py::test_ft_snmp_host_resource_mib ==================
2024-01-08 03:29:59,260 T0000: 
================== Framework Function Hook: system/test_snmp.py::test_ft_snmp_framework_mib ==================
2024-01-08 03:29:59,269 T0063: [D1-V2] sudo show interfaces status
2024-01-08 03:30:00,986 T0000: [D1-V2] sudo show interfaces status Ethernet124
2024-01-08 03:30:03,739 T0000: 
================== Framework Function Hook Finish: system/test_snmp.py::test_ft_snmp_framework_mib ==================
2024-01-08 03:30:03,740 T0000: 
================== Function Hook: system/test_snmp.py snmp_func_hooks ==================
2024-01-08 03:30:03,743 T0000: 
================== Function Hook Finish: system/test_snmp.py snmp_func_hooks ==================
2024-01-08 03:30:03,743 T0000: 
================== Test Execution: system/test_snmp.py::test_ft_snmp_framework_mib ==================
2024-01-08 03:30:03,767 T0000: 
================== Function Hook Finalize: system/test_snmp.py snmp_func_hooks ==================
2024-01-08 03:30:03,794 T0000: 
================== Framework Function Hook Finalize: system/test_snmp.py::test_ft_snmp_framework_mib ==================
2024-01-08 03:30:03,795 T0000: 
================== Framework Function Hook: system/test_snmp.py::test_ft_snmp_mpd_mib ==================
2024-01-08 03:30:03,804 T0064: [D1-V2] sudo show interfaces status
2024-01-08 03:30:05,606 T0000: [D1-V2] sudo show interfaces status Ethernet124
2024-01-08 03:30:08,613 T0000: 
================== Framework Function Hook Finish: system/test_snmp.py::test_ft_snmp_mpd_mib ==================
2024-01-08 03:30:08,614 T0000: 
================== Function Hook: system/test_snmp.py snmp_func_hooks ==================
2024-01-08 03:30:08,616 T0000: 
================== Function Hook Finish: system/test_snmp.py snmp_func_hooks ==================
2024-01-08 03:30:08,617 T0000: 
================== Test Execution: system/test_snmp.py::test_ft_snmp_mpd_mib ==================
2024-01-08 03:30:08,639 T0000: 
================== Function Hook Finalize: system/test_snmp.py snmp_func_hooks ==================
2024-01-08 03:30:08,662 T0000: 
================== Framework Function Hook Finalize: system/test_snmp.py::test_ft_snmp_mpd_mib ==================
2024-01-08 03:30:08,663 T0000: 
================== Framework Function Hook: system/test_snmp.py::test_ft_snmp_target_mib ==================
2024-01-08 03:30:08,673 T0065: [D1-V2] sudo show interfaces status
2024-01-08 03:30:10,369 T0000: [D1-V2] sudo show interfaces status Ethernet124
2024-01-08 03:30:13,076 T0000: 
================== Framework Function Hook Finish: system/test_snmp.py::test_ft_snmp_target_mib ==================
2024-01-08 03:30:13,077 T0000: 
================== Function Hook: system/test_snmp.py snmp_func_hooks ==================
2024-01-08 03:30:13,081 T0000: 
================== Function Hook Finish: system/test_snmp.py snmp_func_hooks ==================
2024-01-08 03:30:13,081 T0000: 
================== Test Execution: system/test_snmp.py::test_ft_snmp_target_mib ==================
2024-01-08 03:30:13,113 T0000: 
================== Function Hook Finalize: system/test_snmp.py snmp_func_hooks ==================
2024-01-08 03:30:13,134 T0000: 
================== Framework Function Hook Finalize: system/test_snmp.py::test_ft_snmp_target_mib ==================
2024-01-08 03:30:13,135 T0000: 
================== Framework Function Hook: system/test_snmp.py::test_ft_snmp_notification_mib ==================
2024-01-08 03:30:13,144 T0066: [D1-V2] sudo show interfaces status
2024-01-08 03:30:14,796 T0000: [D1-V2] sudo show interfaces status Ethernet124
2024-01-08 03:30:17,514 T0000: 
================== Framework Function Hook Finish: system/test_snmp.py::test_ft_snmp_notification_mib ==================
2024-01-08 03:30:17,514 T0000: 
================== Function Hook: system/test_snmp.py snmp_func_hooks ==================
2024-01-08 03:30:17,517 T0000: 
================== Function Hook Finish: system/test_snmp.py snmp_func_hooks ==================
2024-01-08 03:30:17,518 T0000: 
================== Test Execution: system/test_snmp.py::test_ft_snmp_notification_mib ==================
2024-01-08 03:30:17,541 T0000: 
================== Function Hook Finalize: system/test_snmp.py snmp_func_hooks ==================
2024-01-08 03:30:17,564 T0000: 
================== Framework Function Hook Finalize: system/test_snmp.py::test_ft_snmp_notification_mib ==================
2024-01-08 03:30:17,565 T0000: 
================== Framework Function Hook: system/test_snmp.py::test_ft_snmp_user_based_sm_mib ==================
2024-01-08 03:30:17,575 T0067: [D1-V2] sudo show interfaces status
2024-01-08 03:30:19,236 T0000: [D1-V2] sudo show interfaces status Ethernet124
2024-01-08 03:30:21,997 T0000: 
================== Framework Function Hook Finish: system/test_snmp.py::test_ft_snmp_user_based_sm_mib ==================
2024-01-08 03:30:21,997 T0000: 
================== Function Hook: system/test_snmp.py snmp_func_hooks ==================
2024-01-08 03:30:22,001 T0000: 
================== Function Hook Finish: system/test_snmp.py snmp_func_hooks ==================
2024-01-08 03:30:22,002 T0000: 
================== Test Execution: system/test_snmp.py::test_ft_snmp_user_based_sm_mib ==================
2024-01-08 03:30:22,028 T0000: 
================== Function Hook Finalize: system/test_snmp.py snmp_func_hooks ==================
2024-01-08 03:30:22,053 T0000: 
================== Framework Function Hook Finalize: system/test_snmp.py::test_ft_snmp_user_based_sm_mib ==================
2024-01-08 03:30:22,054 T0000: 
================== Framework Function Hook: system/test_snmp.py::test_ft_snmp_view_based_acm_mib ==================
2024-01-08 03:30:22,064 T0068: [D1-V2] sudo show interfaces status
2024-01-08 03:30:23,764 T0000: [D1-V2] sudo show interfaces status Ethernet124
2024-01-08 03:30:26,510 T0000: 
================== Framework Function Hook Finish: system/test_snmp.py::test_ft_snmp_view_based_acm_mib ==================
2024-01-08 03:30:26,511 T0000: 
================== Function Hook: system/test_snmp.py snmp_func_hooks ==================
2024-01-08 03:30:26,513 T0000: 
================== Function Hook Finish: system/test_snmp.py snmp_func_hooks ==================
2024-01-08 03:30:26,514 T0000: 
================== Test Execution: system/test_snmp.py::test_ft_snmp_view_based_acm_mib ==================
2024-01-08 03:30:26,561 T0000: 
================== Function Hook Finalize: system/test_snmp.py snmp_func_hooks ==================
2024-01-08 03:30:26,580 T0000: 
================== Framework Function Hook Finalize: system/test_snmp.py::test_ft_snmp_view_based_acm_mib ==================
2024-01-08 03:30:26,582 T0000: 
================== Framework Function Hook: system/test_snmp.py::test_ft_snmp_ent_physical_table ==================
2024-01-08 03:30:26,591 T0069: [D1-V2] sudo show interfaces status
2024-01-08 03:30:28,386 T0000: [D1-V2] sudo show interfaces status Ethernet124
2024-01-08 03:30:31,160 T0000: 
================== Framework Function Hook Finish: system/test_snmp.py::test_ft_snmp_ent_physical_table ==================
2024-01-08 03:30:31,160 T0000: 
================== Function Hook: system/test_snmp.py snmp_func_hooks ==================
2024-01-08 03:30:31,165 T0000: 
================== Function Hook Finish: system/test_snmp.py snmp_func_hooks ==================
2024-01-08 03:30:31,165 T0000: 
================== Test Execution: system/test_snmp.py::test_ft_snmp_ent_physical_table ==================
2024-01-08 03:30:31,223 T0000: 
================== Function Hook Finalize: system/test_snmp.py snmp_func_hooks ==================
2024-01-08 03:30:31,254 T0000: 
================== Framework Function Hook Finalize: system/test_snmp.py::test_ft_snmp_ent_physical_table ==================
2024-01-08 03:30:31,255 T0000: 
================== Framework Function Hook: system/test_snmp.py::test_ft_snmp_dot3_stats_table ==================
2024-01-08 03:30:31,270 T0070: [D1-V2] sudo show interfaces status
2024-01-08 03:30:32,924 T0000: [D1-V2] sudo show interfaces status Ethernet124
2024-01-08 03:30:35,628 T0000: 
================== Framework Function Hook Finish: system/test_snmp.py::test_ft_snmp_dot3_stats_table ==================
2024-01-08 03:30:35,629 T0000: 
================== Function Hook: system/test_snmp.py snmp_func_hooks ==================
2024-01-08 03:30:35,631 T0000: 
================== Function Hook Finish: system/test_snmp.py snmp_func_hooks ==================
2024-01-08 03:30:35,632 T0000: 
================== Test Execution: system/test_snmp.py::test_ft_snmp_dot3_stats_table ==================
2024-01-08 03:30:35,687 T0000: 
================== Function Hook Finalize: system/test_snmp.py snmp_func_hooks ==================
2024-01-08 03:30:35,708 T0000: 
================== Framework Function Hook Finalize: system/test_snmp.py::test_ft_snmp_dot3_stats_table ==================
2024-01-08 03:30:35,709 T0000: 
================== Framework Function Hook: system/test_snmp.py::test_ft_net_snmp_agent_mib ==================
2024-01-08 03:30:35,718 T0071: [D1-V2] sudo show interfaces status
2024-01-08 03:30:37,366 T0000: [D1-V2] sudo show interfaces status Ethernet124
2024-01-08 03:30:40,113 T0000: 
================== Framework Function Hook Finish: system/test_snmp.py::test_ft_net_snmp_agent_mib ==================
2024-01-08 03:30:40,114 T0000: 
================== Function Hook: system/test_snmp.py snmp_func_hooks ==================
2024-01-08 03:30:40,118 T0000: 
================== Function Hook Finish: system/test_snmp.py snmp_func_hooks ==================
2024-01-08 03:30:40,119 T0000: 
================== Test Execution: system/test_snmp.py::test_ft_net_snmp_agent_mib ==================
2024-01-08 03:30:40,550 T0000: 
================== Function Hook Finalize: system/test_snmp.py snmp_func_hooks ==================
2024-01-08 03:30:40,581 T0000: 
================== Framework Function Hook Finalize: system/test_snmp.py::test_ft_net_snmp_agent_mib ==================
2024-01-08 03:30:40,582 T0000: 
================== Framework Function Hook: system/test_snmp.py::test_ft_net_snmp_vacm_mib ==================
2024-01-08 03:30:40,599 T0072: [D1-V2] sudo show interfaces status
2024-01-08 03:30:42,247 T0000: [D1-V2] sudo show interfaces status Ethernet124
2024-01-08 03:30:45,001 T0000: 
================== Framework Function Hook Finish: system/test_snmp.py::test_ft_net_snmp_vacm_mib ==================
2024-01-08 03:30:45,002 T0000: 
================== Function Hook: system/test_snmp.py snmp_func_hooks ==================
2024-01-08 03:30:45,004 T0000: 
================== Function Hook Finish: system/test_snmp.py snmp_func_hooks ==================
2024-01-08 03:30:45,005 T0000: 
================== Test Execution: system/test_snmp.py::test_ft_net_snmp_vacm_mib ==================
2024-01-08 03:30:45,047 T0000: 
================== Function Hook Finalize: system/test_snmp.py snmp_func_hooks ==================
2024-01-08 03:30:45,069 T0000: 
================== Framework Function Hook Finalize: system/test_snmp.py::test_ft_net_snmp_vacm_mib ==================
2024-01-08 03:30:45,070 T0000: 
================== Framework Function Hook: system/test_snmp.py::test_ft_snmp_ucd_diskio_mib ==================
2024-01-08 03:30:45,079 T0073: [D1-V2] sudo show interfaces status
2024-01-08 03:30:46,782 T0000: [D1-V2] sudo show interfaces status Ethernet124
2024-01-08 03:30:49,487 T0000: 
================== Framework Function Hook Finish: system/test_snmp.py::test_ft_snmp_ucd_diskio_mib ==================
2024-01-08 03:30:49,488 T0000: 
================== Function Hook: system/test_snmp.py snmp_func_hooks ==================
2024-01-08 03:30:49,491 T0000: 
================== Function Hook Finish: system/test_snmp.py snmp_func_hooks ==================
2024-01-08 03:30:49,491 T0000: 
================== Test Execution: system/test_snmp.py::test_ft_snmp_ucd_diskio_mib ==================
2024-01-08 03:30:49,545 T0000: 
================== Function Hook Finalize: system/test_snmp.py snmp_func_hooks ==================
2024-01-08 03:30:49,565 T0000: 
================== Framework Function Hook Finalize: system/test_snmp.py::test_ft_snmp_ucd_diskio_mib ==================
2024-01-08 03:30:49,566 T0000: 
================== Framework Function Hook: system/test_snmp.py::test_ft_snmp_ucd_la_table ==================
2024-01-08 03:30:49,575 T0074: [D1-V2] sudo show interfaces status
2024-01-08 03:30:51,279 T0000: [D1-V2] sudo show interfaces status Ethernet124
2024-01-08 03:30:54,030 T0000: 
================== Framework Function Hook Finish: system/test_snmp.py::test_ft_snmp_ucd_la_table ==================
2024-01-08 03:30:54,032 T0000: 
================== Function Hook: system/test_snmp.py snmp_func_hooks ==================
2024-01-08 03:30:54,035 T0000: 
================== Function Hook Finish: system/test_snmp.py snmp_func_hooks ==================
2024-01-08 03:30:54,036 T0000: 
================== Test Execution: system/test_snmp.py::test_ft_snmp_ucd_la_table ==================
2024-01-08 03:30:54,070 T0000: 
================== Function Hook Finalize: system/test_snmp.py snmp_func_hooks ==================
2024-01-08 03:30:54,091 T0000: 
================== Framework Function Hook Finalize: system/test_snmp.py::test_ft_snmp_ucd_la_table ==================
2024-01-08 03:30:54,093 T0000: 
================== Framework Function Hook: system/test_snmp.py::test_ft_snmp_ucd_system_stats ==================
2024-01-08 03:30:54,102 T0075: [D1-V2] sudo show interfaces status
2024-01-08 03:30:55,799 T0000: [D1-V2] sudo show interfaces status Ethernet124
2024-01-08 03:30:58,549 T0000: 
================== Framework Function Hook Finish: system/test_snmp.py::test_ft_snmp_ucd_system_stats ==================
2024-01-08 03:30:58,550 T0000: 
================== Function Hook: system/test_snmp.py snmp_func_hooks ==================
2024-01-08 03:30:58,552 T0000: 
================== Function Hook Finish: system/test_snmp.py snmp_func_hooks ==================
2024-01-08 03:30:58,552 T0000: 
================== Test Execution: system/test_snmp.py::test_ft_snmp_ucd_system_stats ==================
2024-01-08 03:30:58,582 T0000: 
================== Function Hook Finalize: system/test_snmp.py snmp_func_hooks ==================
2024-01-08 03:30:58,603 T0000: 
================== Framework Function Hook Finalize: system/test_snmp.py::test_ft_snmp_ucd_system_stats ==================
2024-01-08 03:30:58,605 T0000: 
================== Framework Function Hook: system/test_snmp.py::test_ft_snmp_dot1q_tp_fdb_port ==================
2024-01-08 03:30:58,614 T0076: [D1-V2] sudo show interfaces status
2024-01-08 03:31:00,263 T0000: [D1-V2] sudo show interfaces status Ethernet124
2024-01-08 03:31:02,977 T0000: 
================== Framework Function Hook Finish: system/test_snmp.py::test_ft_snmp_dot1q_tp_fdb_port ==================
2024-01-08 03:31:02,977 T0000: 
================== Function Hook: system/test_snmp.py snmp_func_hooks ==================
2024-01-08 03:31:02,980 T0000: 
================== Function Hook Finish: system/test_snmp.py snmp_func_hooks ==================
2024-01-08 03:31:02,981 T0000: 
================== Test Execution: system/test_snmp.py::test_ft_snmp_dot1q_tp_fdb_port ==================
2024-01-08 03:31:03,010 T0000: [D1-V2] show mac
2024-01-08 03:31:04,626 T0000: 
================== Function Hook Finalize: system/test_snmp.py snmp_func_hooks ==================
2024-01-08 03:31:04,659 T0000: 
================== Framework Function Hook Finalize: system/test_snmp.py::test_ft_snmp_dot1q_tp_fdb_port ==================
2024-01-08 03:31:04,660 T0000: 
================== Framework Function Hook: system/test_snmp.py::test_ft_snmp_dot1q_tp_fdb_address ==================
2024-01-08 03:31:04,669 T0077: [D1-V2] sudo show interfaces status
2024-01-08 03:31:06,331 T0000: [D1-V2] sudo show interfaces status Ethernet124
2024-01-08 03:31:09,084 T0000: 
================== Framework Function Hook Finish: system/test_snmp.py::test_ft_snmp_dot1q_tp_fdb_address ==================
2024-01-08 03:31:09,085 T0000: 
================== Function Hook: system/test_snmp.py snmp_func_hooks ==================
2024-01-08 03:31:09,087 T0000: 
================== Function Hook Finish: system/test_snmp.py snmp_func_hooks ==================
2024-01-08 03:31:09,088 T0000: 
================== Test Execution: system/test_snmp.py::test_ft_snmp_dot1q_tp_fdb_address ==================
2024-01-08 03:31:09,486 T0000: 
================== Function Hook Finalize: system/test_snmp.py snmp_func_hooks ==================
2024-01-08 03:31:09,509 T0000: 
================== Framework Function Hook Finalize: system/test_snmp.py::test_ft_snmp_dot1q_tp_fdb_address ==================
2024-01-08 03:31:09,510 T0000: 
================== Framework Function Hook: system/test_snmp.py::test_ft_snmp_coldstart_trap ==================
2024-01-08 03:31:09,520 T0078: [D1-V2] sudo show interfaces status
2024-01-08 03:31:11,180 T0000: [D1-V2] sudo show interfaces status Ethernet124
2024-01-08 03:31:13,986 T0000: 
================== Framework Function Hook Finish: system/test_snmp.py::test_ft_snmp_coldstart_trap ==================
2024-01-08 03:31:13,988 T0000: 
================== Function Hook: system/test_snmp.py snmp_func_hooks ==================
2024-01-08 03:31:13,991 T0000: 
================== Function Hook Finish: system/test_snmp.py snmp_func_hooks ==================
2024-01-08 03:31:13,991 T0000: 
================== Test Execution: system/test_snmp.py::test_ft_snmp_coldstart_trap ==================
2024-01-08 03:31:28,212 T0000: 
================== Function Hook Finalize: system/test_snmp.py snmp_func_hooks ==================
2024-01-08 03:31:28,246 T0000: 
================== Framework Function Hook Finalize: system/test_snmp.py::test_ft_snmp_coldstart_trap ==================
2024-01-08 03:31:28,247 T0000: 
================== Framework Function Hook: system/test_snmp.py::test_ft_snmp_docker_restart ==================
2024-01-08 03:31:28,256 T0079: [D1-V2] sudo show interfaces status
2024-01-08 03:31:29,960 T0000: [D1-V2] sudo show interfaces status Ethernet124
2024-01-08 03:31:32,719 T0000: 
================== Framework Function Hook Finish: system/test_snmp.py::test_ft_snmp_docker_restart ==================
2024-01-08 03:31:32,721 T0000: 
================== Function Hook: system/test_snmp.py snmp_func_hooks ==================
2024-01-08 03:31:32,723 T0000: 
================== Function Hook Finish: system/test_snmp.py snmp_func_hooks ==================
2024-01-08 03:31:32,724 T0000: 
================== Test Execution: system/test_snmp.py::test_ft_snmp_docker_restart ==================
2024-01-08 03:31:32,724 T0000: [D1-V2] systemctl restart snmp
2024-01-08 03:31:42,953 T0000: [D1-V2] sudo show interfaces status Ethernet124
2024-01-08 03:31:44,577 T0000: [D1-V2] systemctl is-active snmp
2024-01-08 03:31:45,276 T0000: [D1-V2] hostname
2024-01-08 03:31:47,427 T0000: 
================== Function Hook Finalize: system/test_snmp.py snmp_func_hooks ==================
2024-01-08 03:31:47,471 T0000: 
================== Framework Function Hook Finalize: system/test_snmp.py::test_ft_snmp_docker_restart ==================
2024-01-08 03:31:47,478 T0000: [D1-V2] config save /tmp/config-db-V2-pre-module-epilog-system-test_snmp.py.json -y
2024-01-08 03:31:48,737 T0000: [D1-V2] chmod 777 /tmp/config-db-V2-pre-module-epilog-system-test_snmp.py.json
2024-01-08 03:31:50,262 T0000: [D1-V2] /sbin/ip link set dev eth0 up
2024-01-08 03:31:50,973 T0000: [D1-V2] /sbin/ip route list dev eth0
2024-01-08 03:31:59,376 T0000: [D1-V2] sudo vtysh -c 'show running-config' > /tmp/vtysh-runcfg-V2-pre-module-epilog-system-test_snmp.py.txt
2024-01-08 03:32:00,277 T0000: [D1-V2] chmod 777 /tmp/vtysh-runcfg-V2-pre-module-epilog-system-test_snmp.py.txt
2024-01-08 03:32:01,804 T0000: [D1-V2] /sbin/ip link set dev eth0 up
2024-01-08 03:32:02,513 T0000: [D1-V2] /sbin/ip route list dev eth0
2024-01-08 03:32:10,949 T0000: [D1-V2] cat /etc/sonic/snmp.yml
2024-01-08 03:32:11,662 T0000: [D1-V2] sudo sed -i '/^snmp_rocommunity:/ c snmp_rocommunity: NotConfigured' /etc/sonic/snmp.yml
2024-01-08 03:32:13,113 T0000: [D1-V2] sudo sed -i '/^snmp_rocommunity6:/ c snmp_rocommunity6: NotConfigured' /etc/sonic/snmp.yml
2024-01-08 03:32:14,561 T0000: [D1-V2] sudo sed -i '/^snmp_location:/ c snmp_location: NotConfigured' /etc/sonic/snmp.yml
2024-01-08 03:32:16,013 T0000: [D1-V2] sudo sed -i '/^snmp_syscontact:/ c snmp_syscontact: NotConfigured' /etc/sonic/snmp.yml
2024-01-08 03:32:17,461 T0000: [D1-V2] sudo sed -i '/^v1_trap_dest:/ c v1_trap_dest: NotConfigured' /etc/sonic/snmp.yml
2024-01-08 03:32:18,914 T0000: [D1-V2] sudo sed -i '/^v2_trap_dest:/ c v2_trap_dest: NotConfigured' /etc/sonic/snmp.yml
2024-01-08 03:32:20,368 T0000: [D1-V2] sudo sed -i '/^v3_trap_dest:/ c v3_trap_dest: NotConfigured' /etc/sonic/snmp.yml
2024-01-08 03:32:21,821 T0000: [D1-V2] cat /etc/sonic/snmp.yml
2024-01-08 03:32:22,520 T0000: [D1-V2] sudo service snmp restart
2024-01-08 03:32:31,082 T0000: [D1-V2] sonic-clear fdb all
2024-01-08 03:32:32,192 T0000: [D1-V2] config vlan member del 1591 Ethernet0
2024-01-08 03:32:33,247 T0000: [D1-V2] config vlan member del 1591 Ethernet4
2024-01-08 03:32:34,307 T0000: [D1-V2] show vlan config
2024-01-08 03:32:35,428 T0000: [D1-V2] ['config vlan del 1591']
2024-01-08 03:32:36,532 T0000: [D1-V2] show vlan config
2024-01-08 03:32:38,515 T0000: 
================== Module Hook Finalize: system/test_snmp.py snmp_module_hooks ==================
2024-01-08 03:32:38,530 T0000: [D1-V2] config save /tmp/config-db-V2-post-module-epilog-system-test_snmp.py.json -y
2024-01-08 03:32:39,841 T0000: [D1-V2] chmod 777 /tmp/config-db-V2-post-module-epilog-system-test_snmp.py.json
2024-01-08 03:32:41,368 T0000: [D1-V2] /sbin/ip link set dev eth0 up
2024-01-08 03:32:42,073 T0000: [D1-V2] /sbin/ip route list dev eth0
2024-01-08 03:32:50,484 T0000: [D1-V2] sudo vtysh -c 'show running-config' > /tmp/vtysh-runcfg-V2-post-module-epilog-system-test_snmp.py.txt
2024-01-08 03:32:51,440 T0000: [D1-V2] chmod 777 /tmp/vtysh-runcfg-V2-post-module-epilog-system-test_snmp.py.txt
2024-01-08 03:32:52,968 T0000: [D1-V2] /sbin/ip link set dev eth0 up
2024-01-08 03:32:53,677 T0000: [D1-V2] /sbin/ip route list dev eth0
2024-01-08 03:33:02,302 T0000: [D1-V2] sudo show interfaces status Ethernet124
2024-01-08 03:33:04,737 T0000: 
================== Framework Module Hook Finalize: system/test_snmp.py Pass: 36/40 ==================
2024-01-08 03:33:04,738 T0000: 
================== Devices used: system/test_snmp.py 1 ['V2'] ==================
2024-01-08 03:33:05,237 T0000: 
================== Framework Module Hook: batch/test_spytest_infra_1.py ==================
2024-01-08 03:33:05,249 T0096: [D1-V2] no router bgp
2024-01-08 03:33:07,053 T0096: [D1-V2] config feature state sflow enabled
2024-01-08 03:33:09,002 T0096: [D1-V2] config feature state nat enabled
2024-01-08 03:36:08,556 T0096: [D1-V2] /sbin/ip link set dev eth0 up
2024-01-08 03:36:09,226 T0096: [D1-V2] /sbin/ip route list dev eth0
2024-01-08 03:36:09,906 T0096: [D1-V2] sudo show interfaces status Ethernet124
2024-01-08 03:36:12,163 T0097: [D1-V2] sudo show interfaces status
2024-01-08 03:36:18,851 T0098: [D1-V2] sudo show interfaces status
2024-01-08 03:36:25,588 T0099: [D1-V2] sudo show interfaces status
2024-01-08 03:36:32,274 T0100: [D1-V2] sudo show interfaces status
2024-01-08 03:36:33,903 T0000: 
================== Framework Module Hook Finish: batch/test_spytest_infra_1.py ==================
2024-01-08 03:36:33,905 T0000: 
================== Framework Function Hook: batch/test_spytest_infra_1.py::test_spytest_infra_last ==================
2024-01-08 03:36:36,999 T0101: [D1-V2] sudo show interfaces status
2024-01-08 03:36:38,655 T0000: [D1-V2] sudo show interfaces status Ethernet124
2024-01-08 03:36:41,352 T0000: 
================== Framework Function Hook Finish: batch/test_spytest_infra_1.py::test_spytest_infra_last ==================
2024-01-08 03:36:41,354 T0000: 
================== Test Execution: batch/test_spytest_infra_1.py::test_spytest_infra_last ==================
2024-01-08 03:36:41,371 T0000: 
================== Framework Function Hook Finalize: batch/test_spytest_infra_1.py::test_spytest_infra_last ==================
2024-01-08 03:36:41,385 T0000: [D1-V2] sudo show interfaces status Ethernet124
2024-01-08 03:36:43,763 T0000: 
================== Framework Module Hook Finalize: batch/test_spytest_infra_1.py Pass: 1/1 ==================
2024-01-08 03:36:43,763 T0000: 
================== Devices used: batch/test_spytest_infra_1.py 1 ['V2'] ==================
2024-01-08 03:36:43,860 T0000: [D1-V2] ['stty cols 80']
