2023-12-31 23:02:49,068 T0017: WARN  #### gw3  
2023-12-31 23:02:49,068 T0017: WARN  support post-session-prolog session pass ''
2023-12-31 23:02:49,070 T0018: WARN  #### gw3  
2023-12-31 23:02:49,070 T0018: WARN  support post-session-prolog session pass ''
2023-12-31 23:03:40,553 T0071: INFO  #### gw3  
2023-12-31 23:03:40,554 T0071: INFO  support pre-module-prolog routing/VRF/test_vrf_scale.py  ''
2023-12-31 23:03:40,557 T0072: INFO  #### gw3  
2023-12-31 23:03:40,557 T0072: INFO  support pre-module-prolog routing/VRF/test_vrf_scale.py  ''
2023-12-31 23:30:12,637 T0117: INFO  #### gw3  routing/VRF/test_vrf_scale.py
2023-12-31 23:30:12,637 T0117: INFO  support post-module-prolog routing/VRF/test_vrf_scale.py Pass ''
2023-12-31 23:30:12,642 T0118: INFO  #### gw3  routing/VRF/test_vrf_scale.py
2023-12-31 23:30:12,643 T0118: INFO  support post-module-prolog routing/VRF/test_vrf_scale.py Pass ''
2023-12-31 23:30:47,368 T0142: INFO  #### gw3  routing/VRF/test_vrf_scale.py
2023-12-31 23:30:47,368 T0142: INFO  support pre-function-prolog test_vrf_scale  ''
2023-12-31 23:30:47,372 T0143: INFO  #### gw3  routing/VRF/test_vrf_scale.py
2023-12-31 23:30:47,372 T0143: INFO  support pre-function-prolog test_vrf_scale  ''
2023-12-31 23:30:47,385 T0144: INFO  #### gw3  routing/VRF/test_vrf_scale.py::test_vrf_scale
2023-12-31 23:30:47,385 T0144: INFO  support post-function-prolog test_vrf_scale Pass ''
2023-12-31 23:30:47,387 T0145: INFO  #### gw3  routing/VRF/test_vrf_scale.py::test_vrf_scale
2023-12-31 23:30:47,387 T0145: INFO  support post-function-prolog test_vrf_scale Pass ''
2023-12-31 23:34:34,276 T0146: INFO  #### gw3  routing/VRF/test_vrf_scale.py::test_vrf_scale
2023-12-31 23:34:34,277 T0146: INFO  support pre-function-epilog test_vrf_scale Pass 'Test case passed'
2023-12-31 23:34:34,278 T0147: INFO  #### gw3  routing/VRF/test_vrf_scale.py::test_vrf_scale
2023-12-31 23:34:34,279 T0147: INFO  support pre-function-epilog test_vrf_scale Pass 'Test case passed'
2023-12-31 23:34:34,289 T0148: INFO  #### gw3  routing/VRF/test_vrf_scale.py::test_vrf_scale
2023-12-31 23:34:34,289 T0148: INFO  support post-function-epilog test_vrf_scale Pass 'Test case passed'
2023-12-31 23:34:34,290 T0149: INFO  #### gw3  routing/VRF/test_vrf_scale.py::test_vrf_scale
2023-12-31 23:34:34,291 T0149: INFO  support post-function-epilog test_vrf_scale Pass 'Test case passed'
2023-12-31 23:34:40,001 T0155: INFO  #### gw3  routing/VRF/test_vrf_scale.py
2023-12-31 23:34:40,001 T0155: INFO  support pre-function-prolog test_vrf_route_leak  ''
2023-12-31 23:34:40,005 T0156: INFO  #### gw3  routing/VRF/test_vrf_scale.py
2023-12-31 23:34:40,006 T0156: INFO  support pre-function-prolog test_vrf_route_leak  ''
2023-12-31 23:36:41,226 T0161: INFO  #### gw3  routing/VRF/test_vrf_scale.py::test_vrf_route_leak
2023-12-31 23:36:41,226 T0161: INFO  support pre-function-epilog test_vrf_route_leak Pass 'Test case passed'
2023-12-31 23:36:41,228 T0162: INFO  #### gw3  routing/VRF/test_vrf_scale.py::test_vrf_route_leak
2023-12-31 23:36:41,228 T0162: INFO  support pre-function-epilog test_vrf_route_leak Pass 'Test case passed'
2023-12-31 23:36:41,235 T0163: INFO  #### gw3  routing/VRF/test_vrf_scale.py::test_vrf_route_leak
2023-12-31 23:36:41,235 T0163: INFO  support post-function-epilog test_vrf_route_leak Pass 'Test case passed'
2023-12-31 23:36:41,237 T0164: INFO  #### gw3  routing/VRF/test_vrf_scale.py::test_vrf_route_leak
2023-12-31 23:36:41,238 T0164: INFO  support post-function-epilog test_vrf_route_leak Pass 'Test case passed'
2023-12-31 23:36:47,897 T0170: INFO  #### gw3  routing/VRF/test_vrf_scale.py
2023-12-31 23:36:47,897 T0170: INFO  support pre-function-prolog test_vrf_bgp  ''
2023-12-31 23:36:47,901 T0171: INFO  #### gw3  routing/VRF/test_vrf_scale.py
2023-12-31 23:36:47,902 T0171: INFO  support pre-function-prolog test_vrf_bgp  ''
2023-12-31 23:46:23,939 T0564: INFO  #### gw3  routing/VRF/test_vrf_scale.py::test_vrf_bgp
2023-12-31 23:46:23,940 T0564: INFO  support pre-function-epilog test_vrf_bgp Pass 'Test case passed'
2023-12-31 23:46:23,941 T0565: INFO  #### gw3  routing/VRF/test_vrf_scale.py::test_vrf_bgp
2023-12-31 23:46:23,941 T0565: INFO  support pre-function-epilog test_vrf_bgp Pass 'Test case passed'
2023-12-31 23:46:23,950 T0566: INFO  #### gw3  routing/VRF/test_vrf_scale.py::test_vrf_bgp
2023-12-31 23:46:23,951 T0566: INFO  support post-function-epilog test_vrf_bgp Pass 'Test case passed'
2023-12-31 23:46:23,952 T0567: INFO  #### gw3  routing/VRF/test_vrf_scale.py::test_vrf_bgp
2023-12-31 23:46:23,953 T0567: INFO  support post-function-epilog test_vrf_bgp Pass 'Test case passed'
2023-12-31 23:46:30,854 T0573: INFO  #### gw3  routing/VRF/test_vrf_scale.py
2023-12-31 23:46:30,854 T0573: INFO  support pre-function-prolog test_vrf_reload  ''
2023-12-31 23:46:30,858 T0574: INFO  #### gw3  routing/VRF/test_vrf_scale.py
2023-12-31 23:46:30,858 T0574: INFO  support pre-function-prolog test_vrf_reload  ''
2023-12-31 23:48:32,136 T0000: WARN  #### gw3 IGNORED ERROR routing/VRF/test_vrf_scale.py::test_vrf_reload
2023-12-31 23:48:32,136 T0000: WARN  Skipped error checking but detected pattern: containing_python_traceback command: sudo -s fast-reboot
2023-12-31 23:48:39,485 T0000: WARN  #### gw3 IGNORED ERROR routing/VRF/test_vrf_scale.py::test_vrf_reload
2023-12-31 23:48:39,485 T0000: WARN  Skipped error checking but detected pattern: containing_no_response_from_container command: sudo vtysh -c 'show running-config | include hostname'
2023-12-31 23:51:21,519 T0575: INFO  #### gw3  routing/VRF/test_vrf_scale.py::test_vrf_reload
2023-12-31 23:51:21,519 T0575: INFO  support pre-function-epilog test_vrf_reload Pass 'Test case passed'
2023-12-31 23:51:21,521 T0576: INFO  #### gw3  routing/VRF/test_vrf_scale.py::test_vrf_reload
2023-12-31 23:51:21,521 T0576: INFO  support pre-function-epilog test_vrf_reload Pass 'Test case passed'
2023-12-31 23:51:21,530 T0577: INFO  #### gw3  routing/VRF/test_vrf_scale.py::test_vrf_reload
2023-12-31 23:51:21,530 T0577: INFO  support post-function-epilog test_vrf_reload Pass 'Test case passed'
2023-12-31 23:51:21,532 T0578: INFO  #### gw3  routing/VRF/test_vrf_scale.py::test_vrf_reload
2023-12-31 23:51:21,532 T0578: INFO  support post-function-epilog test_vrf_reload Pass 'Test case passed'
2023-12-31 23:51:21,567 T0579: WARN  #### gw3  routing/VRF/test_vrf_scale.py::test_vrf_reload
2023-12-31 23:51:21,567 T0579: WARN  support pre-module-epilog routing/VRF/test_vrf_scale.py pass ''
2023-12-31 23:51:21,570 T0580: WARN  #### gw3  routing/VRF/test_vrf_scale.py::test_vrf_reload
2023-12-31 23:51:21,570 T0580: WARN  support pre-module-epilog routing/VRF/test_vrf_scale.py pass ''
2023-12-31 23:51:47,090 T0597: WARN  #### gw3  routing/VRF/test_vrf_scale.py::test_vrf_scale
2023-12-31 23:51:47,090 T0597: WARN  support post-module-epilog routing/VRF/test_vrf_scale.py pass ''
2023-12-31 23:51:47,092 T0598: WARN  #### gw3  routing/VRF/test_vrf_scale.py::test_vrf_scale
2023-12-31 23:51:47,093 T0598: WARN  support post-module-epilog routing/VRF/test_vrf_scale.py pass ''
2023-12-31 23:57:07,590 T0623: WARN  #### gw3 IGNORED ERROR 
2023-12-31 23:57:07,590 T0623: WARN  Skipped error checking but detected pattern: containing_error command: sudo python /etc/spytest/remote/spytest-helper.py --apply-base-config  --load-config-method reload --no-swss-copp-config  
2024-01-01 00:10:28,549 T0669: INFO  #### gw3  
2024-01-01 00:10:28,550 T0669: INFO  support pre-module-prolog routing/test_ip.py  ''
2024-01-01 00:10:28,552 T0670: INFO  #### gw3  
2024-01-01 00:10:28,552 T0670: INFO  support pre-module-prolog routing/test_ip.py  ''
2024-01-01 00:11:32,661 T0687: INFO  #### gw3  routing/test_ip.py
2024-01-01 00:11:32,661 T0687: INFO  support post-module-prolog routing/test_ip.py Pass ''
2024-01-01 00:11:32,663 T0688: INFO  #### gw3  routing/test_ip.py
2024-01-01 00:11:32,663 T0688: INFO  support post-module-prolog routing/test_ip.py Pass ''
2024-01-01 00:12:07,029 T0712: INFO  #### gw3  routing/test_ip.py
2024-01-01 00:12:07,030 T0712: INFO  support pre-function-prolog test_l3_v4_route_po_1  ''
2024-01-01 00:12:07,033 T0713: INFO  #### gw3  routing/test_ip.py
2024-01-01 00:12:07,033 T0713: INFO  support pre-function-prolog test_l3_v4_route_po_1  ''
2024-01-01 00:12:07,046 T0714: INFO  #### gw3  routing/test_ip.py::test_l3_v4_route_po_1
2024-01-01 00:12:07,046 T0714: INFO  support post-function-prolog test_l3_v4_route_po_1 Pass ''
2024-01-01 00:12:07,048 T0715: INFO  #### gw3  routing/test_ip.py::test_l3_v4_route_po_1
2024-01-01 00:12:07,048 T0715: INFO  support post-function-prolog test_l3_v4_route_po_1 Pass ''
2024-01-01 00:14:30,997 T0716: WARN  #### gw3  routing/test_ip.py::test_l3_v4_route_po_1
2024-01-01 00:14:30,997 T0716: WARN  support pre-function-epilog test_l3_v4_route_po_1 Fail 'Test case Failed.'
2024-01-01 00:14:30,999 T0717: WARN  #### gw3  routing/test_ip.py::test_l3_v4_route_po_1
2024-01-01 00:14:30,999 T0717: WARN  support pre-function-epilog test_l3_v4_route_po_1 Fail 'Test case Failed.'
2024-01-01 00:14:31,421 T0718: WARN  #### gw3  routing/test_ip.py::test_l3_v4_route_po_1
2024-01-01 00:14:31,422 T0718: WARN  support post-function-epilog test_l3_v4_route_po_1 ignore 'Test case Failed.'
2024-01-01 00:14:31,423 T0719: WARN  #### gw3  routing/test_ip.py::test_l3_v4_route_po_1
2024-01-01 00:14:31,423 T0719: WARN  support post-function-epilog test_l3_v4_route_po_1 ignore 'Test case Failed.'
2024-01-01 00:14:36,766 T0725: INFO  #### gw3  routing/test_ip.py
2024-01-01 00:14:36,766 T0725: INFO  support pre-function-prolog test_ft_ping_v4_v6_vlan  ''
2024-01-01 00:14:36,770 T0726: INFO  #### gw3  routing/test_ip.py
2024-01-01 00:14:36,770 T0726: INFO  support pre-function-prolog test_ft_ping_v4_v6_vlan  ''
2024-01-01 00:14:36,782 T0727: INFO  #### gw3  routing/test_ip.py::test_ft_ping_v4_v6_vlan
2024-01-01 00:14:36,783 T0727: INFO  support post-function-prolog test_ft_ping_v4_v6_vlan Pass ''
2024-01-01 00:14:36,784 T0728: INFO  #### gw3  routing/test_ip.py::test_ft_ping_v4_v6_vlan
2024-01-01 00:14:36,784 T0728: INFO  support post-function-prolog test_ft_ping_v4_v6_vlan Pass ''
2024-01-01 00:14:38,263 T0729: INFO  #### gw3  routing/test_ip.py::test_ft_ping_v4_v6_vlan
2024-01-01 00:14:38,264 T0729: INFO  support pre-function-epilog test_ft_ping_v4_v6_vlan Pass 'Test case passed'
2024-01-01 00:14:38,267 T0730: INFO  #### gw3  routing/test_ip.py::test_ft_ping_v4_v6_vlan
2024-01-01 00:14:38,268 T0730: INFO  support pre-function-epilog test_ft_ping_v4_v6_vlan Pass 'Test case passed'
2024-01-01 00:14:38,279 T0731: INFO  #### gw3  routing/test_ip.py::test_ft_ping_v4_v6_vlan
2024-01-01 00:14:38,279 T0731: INFO  support post-function-epilog test_ft_ping_v4_v6_vlan Pass 'Test case passed'
2024-01-01 00:14:38,280 T0732: INFO  #### gw3  routing/test_ip.py::test_ft_ping_v4_v6_vlan
2024-01-01 00:14:38,281 T0732: INFO  support post-function-epilog test_ft_ping_v4_v6_vlan Pass 'Test case passed'
2024-01-01 00:14:43,618 T0738: INFO  #### gw3  routing/test_ip.py
2024-01-01 00:14:43,619 T0738: INFO  support pre-function-prolog test_ft_ping_v4_v6_after_ip_change_pc  ''
2024-01-01 00:14:43,622 T0739: INFO  #### gw3  routing/test_ip.py
2024-01-01 00:14:43,622 T0739: INFO  support pre-function-prolog test_ft_ping_v4_v6_after_ip_change_pc  ''
2024-01-01 00:14:43,634 T0740: INFO  #### gw3  routing/test_ip.py::test_ft_ping_v4_v6_after_ip_change_pc
2024-01-01 00:14:43,634 T0740: INFO  support post-function-prolog test_ft_ping_v4_v6_after_ip_change_pc Pass ''
2024-01-01 00:14:43,636 T0741: INFO  #### gw3  routing/test_ip.py::test_ft_ping_v4_v6_after_ip_change_pc
2024-01-01 00:14:43,636 T0741: INFO  support post-function-prolog test_ft_ping_v4_v6_after_ip_change_pc Pass ''
2024-01-01 00:15:02,019 T0742: INFO  #### gw3  routing/test_ip.py::test_ft_ping_v4_v6_after_ip_change_pc
2024-01-01 00:15:02,019 T0742: INFO  support pre-function-epilog test_ft_ping_v4_v6_after_ip_change_pc Pass 'Test case passed'
2024-01-01 00:15:02,020 T0743: INFO  #### gw3  routing/test_ip.py::test_ft_ping_v4_v6_after_ip_change_pc
2024-01-01 00:15:02,020 T0743: INFO  support pre-function-epilog test_ft_ping_v4_v6_after_ip_change_pc Pass 'Test case passed'
2024-01-01 00:15:02,029 T0744: INFO  #### gw3  routing/test_ip.py::test_ft_ping_v4_v6_after_ip_change_pc
2024-01-01 00:15:02,029 T0744: INFO  support post-function-epilog test_ft_ping_v4_v6_after_ip_change_pc Pass 'Test case passed'
2024-01-01 00:15:02,030 T0745: INFO  #### gw3  routing/test_ip.py::test_ft_ping_v4_v6_after_ip_change_pc
2024-01-01 00:15:02,031 T0745: INFO  support post-function-epilog test_ft_ping_v4_v6_after_ip_change_pc Pass 'Test case passed'
2024-01-01 00:15:07,348 T0751: INFO  #### gw3  routing/test_ip.py
2024-01-01 00:15:07,349 T0751: INFO  support pre-function-prolog test_ft_ip6_static_route_traffic_forward_blackhole  ''
2024-01-01 00:15:07,352 T0752: INFO  #### gw3  routing/test_ip.py
2024-01-01 00:15:07,352 T0752: INFO  support pre-function-prolog test_ft_ip6_static_route_traffic_forward_blackhole  ''
2024-01-01 00:15:07,363 T0753: INFO  #### gw3  routing/test_ip.py::test_ft_ip6_static_route_traffic_forward_blackhole
2024-01-01 00:15:07,364 T0753: INFO  support post-function-prolog test_ft_ip6_static_route_traffic_forward_blackhole Pass ''
2024-01-01 00:15:07,366 T0754: INFO  #### gw3  routing/test_ip.py::test_ft_ip6_static_route_traffic_forward_blackhole
2024-01-01 00:15:07,366 T0754: INFO  support post-function-prolog test_ft_ip6_static_route_traffic_forward_blackhole Pass ''
2024-01-01 00:16:08,092 T0755: WARN  #### gw3  routing/test_ip.py::test_ft_ip6_static_route_traffic_forward_blackhole
2024-01-01 00:16:08,093 T0755: WARN  support testcase RIF_COUNT_FUNC_001 Unsupported 'rif counters update unsupported on Physical-Interface routing interface'
2024-01-01 00:16:08,094 T0756: WARN  #### gw3  routing/test_ip.py::test_ft_ip6_static_route_traffic_forward_blackhole
2024-01-01 00:16:08,095 T0756: WARN  support testcase RIF_COUNT_FUNC_001 Unsupported 'rif counters update unsupported on Physical-Interface routing interface'
2024-01-01 00:16:12,062 T0757: WARN  #### gw3  routing/test_ip.py::test_ft_ip6_static_route_traffic_forward_blackhole
2024-01-01 00:16:12,062 T0757: WARN  support pre-function-epilog test_ft_ip6_static_route_traffic_forward_blackhole Fail 'traffic verification is failed'
2024-01-01 00:16:12,064 T0758: WARN  #### gw3  routing/test_ip.py::test_ft_ip6_static_route_traffic_forward_blackhole
2024-01-01 00:16:12,064 T0758: WARN  support pre-function-epilog test_ft_ip6_static_route_traffic_forward_blackhole Fail 'traffic verification is failed'
2024-01-01 00:16:12,465 T0759: WARN  #### gw3  routing/test_ip.py::test_ft_ip6_static_route_traffic_forward_blackhole
2024-01-01 00:16:12,465 T0759: WARN  support post-function-epilog test_ft_ip6_static_route_traffic_forward_blackhole ignore 'traffic verification is failed'
2024-01-01 00:16:12,466 T0760: WARN  #### gw3  routing/test_ip.py::test_ft_ip6_static_route_traffic_forward_blackhole
2024-01-01 00:16:12,467 T0760: WARN  support post-function-epilog test_ft_ip6_static_route_traffic_forward_blackhole ignore 'traffic verification is failed'
2024-01-01 00:16:17,866 T0766: INFO  #### gw3  routing/test_ip.py
2024-01-01 00:16:17,866 T0766: INFO  support pre-function-prolog test_ft_ip_static_route_traffic_forward  ''
2024-01-01 00:16:17,870 T0767: INFO  #### gw3  routing/test_ip.py
2024-01-01 00:16:17,870 T0767: INFO  support pre-function-prolog test_ft_ip_static_route_traffic_forward  ''
2024-01-01 00:16:17,883 T0768: INFO  #### gw3  routing/test_ip.py::test_ft_ip_static_route_traffic_forward
2024-01-01 00:16:17,883 T0768: INFO  support post-function-prolog test_ft_ip_static_route_traffic_forward Pass ''
2024-01-01 00:16:17,886 T0769: INFO  #### gw3  routing/test_ip.py::test_ft_ip_static_route_traffic_forward
2024-01-01 00:16:17,886 T0769: INFO  support post-function-prolog test_ft_ip_static_route_traffic_forward Pass ''
2024-01-01 00:17:08,893 T0770: WARN  #### gw3  routing/test_ip.py::test_ft_ip_static_route_traffic_forward
2024-01-01 00:17:08,893 T0770: WARN  support testcase RIF_COUNT_FUNC_001 Unsupported 'rif counters update unsupported on Physical-Interface routing interface'
2024-01-01 00:17:08,898 T0771: WARN  #### gw3  routing/test_ip.py::test_ft_ip_static_route_traffic_forward
2024-01-01 00:17:08,898 T0771: WARN  support testcase RIF_COUNT_FUNC_001 Unsupported 'rif counters update unsupported on Physical-Interface routing interface'
2024-01-01 00:17:08,947 T0772: WARN  #### gw3  routing/test_ip.py::test_ft_ip_static_route_traffic_forward
2024-01-01 00:17:08,947 T0772: WARN  support testcase RIF_COUNT_FUNC_021 Unsupported 'rif counters update unsupported on Phy_Shut_noShut routing interface'
2024-01-01 00:17:08,948 T0773: WARN  #### gw3  routing/test_ip.py::test_ft_ip_static_route_traffic_forward
2024-01-01 00:17:08,949 T0773: WARN  support testcase RIF_COUNT_FUNC_021 Unsupported 'rif counters update unsupported on Phy_Shut_noShut routing interface'
2024-01-01 00:17:08,959 T0774: INFO  #### gw3  routing/test_ip.py::test_ft_ip_static_route_traffic_forward
2024-01-01 00:17:08,960 T0774: INFO  support testcase RIF_COUNT_FUNC_021 Pass 'rif counters update Successful on Phy_Shut_noShut routing interface'
2024-01-01 00:17:08,961 T0775: INFO  #### gw3  routing/test_ip.py::test_ft_ip_static_route_traffic_forward
2024-01-01 00:17:08,961 T0775: INFO  support testcase RIF_COUNT_FUNC_021 Pass 'rif counters update Successful on Phy_Shut_noShut routing interface'
2024-01-01 00:17:08,968 T0776: INFO  #### gw3  routing/test_ip.py::test_ft_ip_static_route_traffic_forward
2024-01-01 00:17:08,969 T0776: INFO  support testcase RIF_COUNT_FUNC_001 Pass 'rif counters update Successful on Physical_Interface routing interface'
2024-01-01 00:17:08,970 T0777: INFO  #### gw3  routing/test_ip.py::test_ft_ip_static_route_traffic_forward
2024-01-01 00:17:08,970 T0777: INFO  support testcase RIF_COUNT_FUNC_001 Pass 'rif counters update Successful on Physical_Interface routing interface'
2024-01-01 00:17:08,976 T0778: INFO  #### gw3  routing/test_ip.py::test_ft_ip_static_route_traffic_forward
2024-01-01 00:17:08,976 T0778: INFO  support pre-function-epilog test_ft_ip_static_route_traffic_forward Pass 'Test case passed'
2024-01-01 00:17:08,978 T0779: INFO  #### gw3  routing/test_ip.py::test_ft_ip_static_route_traffic_forward
2024-01-01 00:17:08,979 T0779: INFO  support pre-function-epilog test_ft_ip_static_route_traffic_forward Pass 'Test case passed'
2024-01-01 00:17:08,986 T0780: INFO  #### gw3  routing/test_ip.py::test_ft_ip_static_route_traffic_forward
2024-01-01 00:17:08,986 T0780: INFO  support post-function-epilog test_ft_ip_static_route_traffic_forward Pass 'Test case passed'
2024-01-01 00:17:08,988 T0781: INFO  #### gw3  routing/test_ip.py::test_ft_ip_static_route_traffic_forward
2024-01-01 00:17:08,988 T0781: INFO  support post-function-epilog test_ft_ip_static_route_traffic_forward Pass 'Test case passed'
2024-01-01 00:17:14,297 T0787: INFO  #### gw3  routing/test_ip.py
2024-01-01 00:17:14,297 T0787: INFO  support pre-function-prolog test_ft_ip_v4_v6_L2_L3_translation  ''
2024-01-01 00:17:14,301 T0788: INFO  #### gw3  routing/test_ip.py
2024-01-01 00:17:14,301 T0788: INFO  support pre-function-prolog test_ft_ip_v4_v6_L2_L3_translation  ''
2024-01-01 00:17:14,312 T0789: INFO  #### gw3  routing/test_ip.py::test_ft_ip_v4_v6_L2_L3_translation
2024-01-01 00:17:14,312 T0789: INFO  support post-function-prolog test_ft_ip_v4_v6_L2_L3_translation Pass ''
2024-01-01 00:17:14,314 T0790: INFO  #### gw3  routing/test_ip.py::test_ft_ip_v4_v6_L2_L3_translation
2024-01-01 00:17:14,314 T0790: INFO  support post-function-prolog test_ft_ip_v4_v6_L2_L3_translation Pass ''
2024-01-01 00:18:45,302 T0791: INFO  #### gw3  routing/test_ip.py::test_ft_ip_v4_v6_L2_L3_translation
2024-01-01 00:18:45,302 T0791: INFO  support pre-function-epilog test_ft_ip_v4_v6_L2_L3_translation Pass 'Test case passed'
2024-01-01 00:18:45,304 T0792: INFO  #### gw3  routing/test_ip.py::test_ft_ip_v4_v6_L2_L3_translation
2024-01-01 00:18:45,304 T0792: INFO  support pre-function-epilog test_ft_ip_v4_v6_L2_L3_translation Pass 'Test case passed'
2024-01-01 00:18:45,313 T0793: INFO  #### gw3  routing/test_ip.py::test_ft_ip_v4_v6_L2_L3_translation
2024-01-01 00:18:45,314 T0793: INFO  support post-function-epilog test_ft_ip_v4_v6_L2_L3_translation Pass 'Test case passed'
2024-01-01 00:18:45,315 T0794: INFO  #### gw3  routing/test_ip.py::test_ft_ip_v4_v6_L2_L3_translation
2024-01-01 00:18:45,315 T0794: INFO  support post-function-epilog test_ft_ip_v4_v6_L2_L3_translation Pass 'Test case passed'
2024-01-01 00:18:51,561 T0800: INFO  #### gw3  routing/test_ip.py
2024-01-01 00:18:51,561 T0800: INFO  support pre-function-prolog test_ft_verify_interfaces_order  ''
2024-01-01 00:18:51,565 T0801: INFO  #### gw3  routing/test_ip.py
2024-01-01 00:18:51,566 T0801: INFO  support pre-function-prolog test_ft_verify_interfaces_order  ''
2024-01-01 00:18:51,576 T0802: INFO  #### gw3  routing/test_ip.py::test_ft_verify_interfaces_order
2024-01-01 00:18:51,576 T0802: INFO  support post-function-prolog test_ft_verify_interfaces_order Pass ''
2024-01-01 00:18:51,578 T0803: INFO  #### gw3  routing/test_ip.py::test_ft_verify_interfaces_order
2024-01-01 00:18:51,578 T0803: INFO  support post-function-prolog test_ft_verify_interfaces_order Pass ''
2024-01-01 00:18:51,589 T0804: INFO  #### gw3  routing/test_ip.py::test_ft_verify_interfaces_order
2024-01-01 00:18:51,590 T0804: INFO  support post-function-prolog test_ft_verify_interfaces_order Pass ''
2024-01-01 00:18:51,592 T0805: INFO  #### gw3  routing/test_ip.py::test_ft_verify_interfaces_order
2024-01-01 00:18:51,592 T0805: INFO  support post-function-prolog test_ft_verify_interfaces_order Pass ''
2024-01-01 00:19:06,502 T0806: INFO  #### gw3  routing/test_ip.py::test_ft_verify_interfaces_order
2024-01-01 00:19:06,503 T0806: INFO  support pre-function-epilog test_ft_verify_interfaces_order Pass 'Test case passed'
2024-01-01 00:19:06,504 T0807: INFO  #### gw3  routing/test_ip.py::test_ft_verify_interfaces_order
2024-01-01 00:19:06,504 T0807: INFO  support pre-function-epilog test_ft_verify_interfaces_order Pass 'Test case passed'
2024-01-01 00:19:20,366 T0808: INFO  #### gw3  routing/test_ip.py::test_ft_verify_interfaces_order
2024-01-01 00:19:20,367 T0808: INFO  support post-function-epilog test_ft_verify_interfaces_order Pass 'Test case passed'
2024-01-01 00:19:20,368 T0809: INFO  #### gw3  routing/test_ip.py::test_ft_verify_interfaces_order
2024-01-01 00:19:20,368 T0809: INFO  support post-function-epilog test_ft_verify_interfaces_order Pass 'Test case passed'
2024-01-01 00:19:20,412 T0810: WARN  #### gw3  routing/test_ip.py::test_ft_verify_interfaces_order
2024-01-01 00:19:20,412 T0810: WARN  support pre-module-epilog routing/test_ip.py fail ''
2024-01-01 00:19:20,414 T0811: WARN  #### gw3  routing/test_ip.py::test_ft_verify_interfaces_order
2024-01-01 00:19:20,414 T0811: WARN  support pre-module-epilog routing/test_ip.py fail ''
2024-01-01 00:20:11,469 T0836: WARN  #### gw3  routing/test_ip.py::test_ft_verify_interfaces_order
2024-01-01 00:20:11,469 T0836: WARN  support post-module-epilog routing/test_ip.py fail ''
2024-01-01 00:20:11,473 T0837: WARN  #### gw3  routing/test_ip.py::test_ft_verify_interfaces_order
2024-01-01 00:20:11,473 T0837: WARN  support post-module-epilog routing/test_ip.py fail ''
2024-01-01 00:24:43,249 T0887: INFO  #### gw3  
2024-01-01 00:24:43,249 T0887: INFO  support pre-module-prolog routing/BGP/test_bgp_rr_traffic.py  ''
2024-01-01 00:24:43,251 T0888: INFO  #### gw3  
2024-01-01 00:24:43,251 T0888: INFO  support pre-module-prolog routing/BGP/test_bgp_rr_traffic.py  ''
2024-01-01 00:27:58,844 T0915: INFO  #### gw3  routing/BGP/test_bgp_rr_traffic.py
2024-01-01 00:27:58,844 T0915: INFO  support post-class-prolog routing/BGP/test_bgp_rr_traffic.py Pass ''
2024-01-01 00:27:58,846 T0916: INFO  #### gw3  routing/BGP/test_bgp_rr_traffic.py
2024-01-01 00:27:58,846 T0916: INFO  support post-class-prolog routing/BGP/test_bgp_rr_traffic.py Pass ''
2024-01-01 00:27:58,855 T0917: INFO  #### gw3  routing/BGP/test_bgp_rr_traffic.py
2024-01-01 00:27:58,855 T0917: INFO  support post-module-prolog routing/BGP/test_bgp_rr_traffic.py Pass ''
2024-01-01 00:27:58,858 T0918: INFO  #### gw3  routing/BGP/test_bgp_rr_traffic.py
2024-01-01 00:27:58,858 T0918: INFO  support post-module-prolog routing/BGP/test_bgp_rr_traffic.py Pass ''
2024-01-01 00:28:33,350 T0942: INFO  #### gw3  routing/BGP/test_bgp_rr_traffic.py
2024-01-01 00:28:33,350 T0942: INFO  support pre-function-prolog TestBGPRrTraffic.test_ft_bgp6_rr_traffic_check  ''
2024-01-01 00:28:33,354 T0943: INFO  #### gw3  routing/BGP/test_bgp_rr_traffic.py
2024-01-01 00:28:33,354 T0943: INFO  support pre-function-prolog TestBGPRrTraffic.test_ft_bgp6_rr_traffic_check  ''
2024-01-01 00:31:03,457 T0944: INFO  #### gw3  routing/BGP/test_bgp_rr_traffic.py::TestBGPRrTraffic::test_ft_bgp6_rr_traffic_check
2024-01-01 00:31:03,457 T0944: INFO  support pre-function-epilog TestBGPRrTraffic.test_ft_bgp6_rr_traffic_check Pass 'Test case passed'
2024-01-01 00:31:03,461 T0945: INFO  #### gw3  routing/BGP/test_bgp_rr_traffic.py::TestBGPRrTraffic::test_ft_bgp6_rr_traffic_check
2024-01-01 00:31:03,462 T0945: INFO  support pre-function-epilog TestBGPRrTraffic.test_ft_bgp6_rr_traffic_check Pass 'Test case passed'
2024-01-01 00:31:03,470 T0946: INFO  #### gw3  routing/BGP/test_bgp_rr_traffic.py::TestBGPRrTraffic::test_ft_bgp6_rr_traffic_check
2024-01-01 00:31:03,470 T0946: INFO  support post-function-epilog TestBGPRrTraffic.test_ft_bgp6_rr_traffic_check Pass 'Test case passed'
2024-01-01 00:31:03,471 T0947: INFO  #### gw3  routing/BGP/test_bgp_rr_traffic.py::TestBGPRrTraffic::test_ft_bgp6_rr_traffic_check
2024-01-01 00:31:03,472 T0947: INFO  support post-function-epilog TestBGPRrTraffic.test_ft_bgp6_rr_traffic_check Pass 'Test case passed'
2024-01-01 00:31:34,422 T0958: WARN  #### gw3  routing/BGP/test_bgp_rr_traffic.py::TestBGPRrTraffic::test_ft_bgp6_rr_traffic_check
2024-01-01 00:31:34,423 T0958: WARN  support post-class-epilog routing/BGP/test_bgp_rr_traffic.py pass ''
2024-01-01 00:31:34,426 T0959: WARN  #### gw3  routing/BGP/test_bgp_rr_traffic.py::TestBGPRrTraffic::test_ft_bgp6_rr_traffic_check
2024-01-01 00:31:34,426 T0959: WARN  support post-class-epilog routing/BGP/test_bgp_rr_traffic.py pass ''
2024-01-01 00:31:34,435 T0960: WARN  #### gw3  routing/BGP/test_bgp_rr_traffic.py::TestBGPRrTraffic::test_ft_bgp6_rr_traffic_check
2024-01-01 00:31:34,435 T0960: WARN  support pre-module-epilog routing/BGP/test_bgp_rr_traffic.py pass ''
2024-01-01 00:31:34,437 T0961: WARN  #### gw3  routing/BGP/test_bgp_rr_traffic.py::TestBGPRrTraffic::test_ft_bgp6_rr_traffic_check
2024-01-01 00:31:34,437 T0961: WARN  support pre-module-epilog routing/BGP/test_bgp_rr_traffic.py pass ''
2024-01-01 00:32:19,469 T0984: WARN  #### gw3  routing/BGP/test_bgp_rr_traffic.py::TestBGPRrTraffic::test_ft_bgp6_rr_traffic_check
2024-01-01 00:32:19,470 T0984: WARN  support post-module-epilog routing/BGP/test_bgp_rr_traffic.py pass ''
2024-01-01 00:32:19,474 T0985: WARN  #### gw3  routing/BGP/test_bgp_rr_traffic.py::TestBGPRrTraffic::test_ft_bgp6_rr_traffic_check
2024-01-01 00:32:19,474 T0985: WARN  support post-module-epilog routing/BGP/test_bgp_rr_traffic.py pass ''
2024-01-01 00:34:25,563 T1024: WARN  #### gw3  batch/test_spytest_infra_1.py::test_spytest_infra_last
2024-01-01 00:34:25,563 T1024: WARN  support session-epilog session pass ''
2024-01-01 00:34:25,565 T1025: WARN  #### gw3  batch/test_spytest_infra_1.py::test_spytest_infra_last
2024-01-01 00:34:25,565 T1025: WARN  support session-epilog session pass ''
