2024-01-02 00:23:39,136 T0002: [D1-V2] ['export TMOUT=0', 'stty cols 5000', 'uptime']
2024-01-02 00:23:39,803 T0002: [D1-V2] cat /proc/uptime
2024-01-02 00:23:40,473 T0002: [D1-V2] sudo vtysh -c 'show running-config | include hostname'
2024-01-02 00:23:46,633 T0002: [D1-V2] /sbin/ip link set dev eth0 up
2024-01-02 00:23:47,301 T0002: [D1-V2] /sbin/ip route list dev eth0
2024-01-02 00:23:47,980 T0002: [D1-V2] ['export TMOUT=0', 'stty cols 5000', 'uptime']
2024-01-02 00:23:50,128 T0002: [D1-V2] /sbin/ip link set dev eth0 up
2024-01-02 00:23:50,797 T0002: [D1-V2] /sbin/ip route list dev eth0
2024-01-02 00:23:52,140 T0002: [D1-V2] show version
2024-01-02 00:23:54,369 T0002: [D1-V2] /sbin/ip link set dev eth0 up
2024-01-02 00:23:55,037 T0002: [D1-V2] /sbin/ip route list dev eth0
2024-01-02 00:23:57,188 T0002: [D1-V2] /sbin/ip link set dev eth0 up
2024-01-02 00:23:57,853 T0002: [D1-V2] /sbin/ip route list dev eth0
2024-01-02 00:25:05,848 T0000: [D1-V2] sudo show interfaces status
2024-01-02 00:25:07,806 T0000: [D1-V2] config interface startup Ethernet0
2024-01-02 00:25:09,214 T0000: [D1-V2] config interface startup Ethernet4
2024-01-02 00:25:10,622 T0000: [D1-V2] config interface startup Ethernet8
2024-01-02 00:25:12,182 T0000: [D1-V2] config interface startup Ethernet12
2024-01-02 00:25:13,560 T0000: [D1-V2] config interface shutdown Ethernet16
2024-01-02 00:25:15,175 T0000: [D1-V2] config interface shutdown Ethernet20
2024-01-02 00:25:16,600 T0000: [D1-V2] config interface shutdown Ethernet24
2024-01-02 00:25:17,959 T0000: [D1-V2] config interface shutdown Ethernet28
2024-01-02 00:25:19,262 T0000: [D1-V2] config interface shutdown Ethernet32
2024-01-02 00:25:20,615 T0000: [D1-V2] config interface shutdown Ethernet36
2024-01-02 00:25:21,978 T0000: [D1-V2] config interface shutdown Ethernet40
2024-01-02 00:25:23,332 T0000: [D1-V2] config interface shutdown Ethernet44
2024-01-02 00:25:24,642 T0000: [D1-V2] config interface shutdown Ethernet48
2024-01-02 00:25:25,956 T0000: [D1-V2] config interface shutdown Ethernet52
2024-01-02 00:25:27,267 T0000: [D1-V2] config interface shutdown Ethernet56
2024-01-02 00:25:28,573 T0000: [D1-V2] config interface shutdown Ethernet60
2024-01-02 00:25:29,984 T0000: [D1-V2] config interface shutdown Ethernet64
2024-01-02 00:25:31,342 T0000: [D1-V2] config interface shutdown Ethernet68
2024-01-02 00:25:32,654 T0000: [D1-V2] config interface shutdown Ethernet72
2024-01-02 00:25:33,965 T0000: [D1-V2] config interface shutdown Ethernet76
2024-01-02 00:25:35,271 T0000: [D1-V2] config interface shutdown Ethernet80
2024-01-02 00:25:36,634 T0000: [D1-V2] config interface shutdown Ethernet84
2024-01-02 00:25:37,938 T0000: [D1-V2] config interface shutdown Ethernet88
2024-01-02 00:25:39,258 T0000: [D1-V2] config interface shutdown Ethernet92
2024-01-02 00:25:40,568 T0000: [D1-V2] config interface shutdown Ethernet96
2024-01-02 00:25:41,894 T0000: [D1-V2] config interface shutdown Ethernet100
2024-01-02 00:25:43,197 T0000: [D1-V2] config interface shutdown Ethernet104
2024-01-02 00:25:44,512 T0000: [D1-V2] config interface shutdown Ethernet108
2024-01-02 00:25:45,868 T0000: [D1-V2] config interface shutdown Ethernet112
2024-01-02 00:25:47,181 T0000: [D1-V2] config interface shutdown Ethernet116
2024-01-02 00:25:48,539 T0000: [D1-V2] config interface shutdown Ethernet120
2024-01-02 00:25:49,843 T0000: [D1-V2] config interface shutdown Ethernet124
2024-01-02 00:25:57,293 T0000: [D1-V2] show version
2024-01-02 00:25:59,473 T0000: [D1-V2] cat /var/run/redis/sonic-db/database_config.json
2024-01-02 00:26:00,276 T0000: [D1-V2] /sbin/ifconfig eth0
2024-01-02 00:26:01,002 T0000: [D1-V2] ls /etc/sonic/bcmsim.cfg
2024-01-02 00:26:01,744 T0000: [D1-V2] no router bgp
2024-01-02 00:26:03,599 T0000: [D1-V2] config feature state sflow enabled
2024-01-02 00:26:05,902 T0000: [D1-V2] config feature state nat enabled
2024-01-02 00:26:10,344 T0000: [D1-V2] config save /tmp/config-db-V2-post-session-prolog-session.json -y
2024-01-02 00:26:12,004 T0000: [D1-V2] chmod 777 /tmp/config-db-V2-post-session-prolog-session.json
2024-01-02 00:26:13,527 T0000: [D1-V2] /sbin/ip link set dev eth0 up
2024-01-02 00:26:14,239 T0000: [D1-V2] /sbin/ip route list dev eth0
2024-01-02 00:26:22,753 T0000: [D1-V2] sudo vtysh -c 'show running-config' > /tmp/vtysh-runcfg-V2-post-session-prolog-session.txt
2024-01-02 00:26:23,659 T0000: [D1-V2] chmod 777 /tmp/vtysh-runcfg-V2-post-session-prolog-session.txt
2024-01-02 00:26:25,189 T0000: [D1-V2] /sbin/ip link set dev eth0 up
2024-01-02 00:26:25,899 T0000: [D1-V2] /sbin/ip route list dev eth0
2024-01-02 00:26:34,840 T0000: 
================== Framework Module Hook: batch/test_spytest_infra_1.py ==================
2024-01-02 00:26:34,862 T0012: [D1-V2] sudo show interfaces status Ethernet124
2024-01-02 00:26:37,305 T0013: [D1-V2] sudo show interfaces status
2024-01-02 00:26:39,198 T0000: 
================== Framework Module Hook Finish: batch/test_spytest_infra_1.py ==================
2024-01-02 00:26:39,201 T0000: 
================== Framework Function Hook: batch/test_spytest_infra_1.py::test_spytest_infra_first ==================
2024-01-02 00:26:43,496 T0014: [D1-V2] sudo show interfaces status
2024-01-02 00:26:45,417 T0000: [D1-V2] sudo show interfaces status Ethernet124
2024-01-02 00:26:48,418 T0000: 
================== Framework Function Hook Finish: batch/test_spytest_infra_1.py::test_spytest_infra_first ==================
2024-01-02 00:26:48,419 T0000: 
================== Test Execution: batch/test_spytest_infra_1.py::test_spytest_infra_first ==================
2024-01-02 00:26:48,440 T0000: 
================== Framework Function Hook Finalize: batch/test_spytest_infra_1.py::test_spytest_infra_first ==================
2024-01-02 00:26:48,584 T0000: 
================== Framework Function Hook: batch/test_spytest_infra_1.py::test_spytest_infra_second ==================
2024-01-02 00:26:48,602 T0015: [D1-V2] sudo show interfaces status
2024-01-02 00:26:50,557 T0000: [D1-V2] sudo show interfaces status Ethernet124
2024-01-02 00:26:53,601 T0000: 
================== Framework Function Hook Finish: batch/test_spytest_infra_1.py::test_spytest_infra_second ==================
2024-01-02 00:26:53,603 T0000: 
================== Test Execution: batch/test_spytest_infra_1.py::test_spytest_infra_second ==================
2024-01-02 00:26:53,620 T0000: 
================== Framework Function Hook Finalize: batch/test_spytest_infra_1.py::test_spytest_infra_second ==================
2024-01-02 00:26:53,670 T0000: [D1-V2] sudo show interfaces status Ethernet124
2024-01-02 00:26:56,361 T0000: 
================== Framework Module Hook Finalize: batch/test_spytest_infra_1.py Pass: 2/2 ==================
2024-01-02 00:26:56,361 T0000: 
================== Devices used: batch/test_spytest_infra_1.py 1 ['V2'] ==================
2024-01-02 00:26:56,775 T0000: 
================== Framework Module Hook: routing/NAT/test_nat.py ==================
2024-01-02 00:26:56,786 T0016: [D1-V2] sudo show interfaces status Ethernet124
2024-01-02 00:26:59,247 T0017: [D1-V2] sudo show interfaces status
2024-01-02 00:27:01,141 T0000: [D1-V2] config save /tmp/config-db-V2-pre-module-prolog-routing-NAT-test_nat.py.json -y
2024-01-02 00:27:02,859 T0000: [D1-V2] chmod 777 /tmp/config-db-V2-pre-module-prolog-routing-NAT-test_nat.py.json
2024-01-02 00:27:04,399 T0000: [D1-V2] /sbin/ip link set dev eth0 up
2024-01-02 00:27:05,112 T0000: [D1-V2] /sbin/ip route list dev eth0
2024-01-02 00:27:13,626 T0000: [D1-V2] sudo vtysh -c 'show running-config' > /tmp/vtysh-runcfg-V2-pre-module-prolog-routing-NAT-test_nat.py.txt
2024-01-02 00:27:14,531 T0000: [D1-V2] chmod 777 /tmp/vtysh-runcfg-V2-pre-module-prolog-routing-NAT-test_nat.py.txt
2024-01-02 00:27:16,065 T0000: [D1-V2] /sbin/ip link set dev eth0 up
2024-01-02 00:27:16,775 T0000: [D1-V2] /sbin/ip route list dev eth0
2024-01-02 00:27:25,315 T0000: 
================== Framework Module Hook Finish: routing/NAT/test_nat.py ==================
2024-01-02 00:27:25,316 T0000: 
================== Module Hook: routing/NAT/test_nat.py nat_module_config ==================
2024-01-02 00:27:25,318 T0000: [D1-V2] show platform summary
2024-01-02 00:27:26,654 T0026: [D1-V2] config interface ip add Ethernet0 12.12.0.1/16
2024-01-02 00:27:27,976 T0026: [D1-V2] config interface ip add Ethernet4 125.56.90.12/24
2024-01-02 00:27:29,249 T0026: [D1-V2] config interface ip add Ethernet4 125.56.90.13/24
2024-01-02 00:27:30,574 T0026: [D1-V2] config interface ip add Ethernet4 125.56.90.14/24
2024-01-02 00:27:31,847 T0026: [D1-V2] config interface ip add Ethernet4 125.56.90.15/24
2024-01-02 00:27:33,121 T0026: [D1-V2] config interface ip add Ethernet4 125.56.90.23/24
2024-01-02 00:27:34,395 T0026: [D1-V2] config interface ip add Ethernet4 125.56.90.24/24
2024-01-02 00:27:35,670 T0026: [D1-V2] /sbin/ifconfig Ethernet0
2024-01-02 00:27:36,349 T0026: [D1-V2] ip route 129.2.30.0/24 125.56.90.1
2024-01-02 00:27:38,297 T0026: [D1-V2] ip route 88.98.128.0/24 12.12.0.2
2024-01-02 00:27:38,964 T0026: [D1-V2] ip route 99.99.99.0/24 125.56.90.1
2024-01-02 00:27:39,630 T0026: [D1-V2] config nat feature enable
2024-01-02 00:27:41,829 T0026: [D1-V2] config nat add interface Ethernet0 -nat_zone 0
2024-01-02 00:27:43,100 T0026: [D1-V2] config nat add interface Ethernet4 -nat_zone 1
2024-01-02 00:27:44,373 T0026: [D1-V2] config nat add static basic 125.56.90.12 12.12.0.2  -nat_type dnat
2024-01-02 00:27:45,702 T0026: [D1-V2] config nat add static tcp 125.56.90.13 100 12.12.0.3 1002 -nat_type dnat
2024-01-02 00:27:47,028 T0026: [D1-V2] config nat add static udp 12.12.0.4 7781 125.56.90.14 7811 -nat_type snat
2024-01-02 00:27:48,301 T0026: [D1-V2] config nat add static basic 88.98.128.2 11.11.11.2  -nat_type snat
2024-01-02 00:27:49,572 T0026: [D1-V2] config nat add static basic 125.56.90.15 12.12.0.5  -nat_type dnat -twice_nat_id 100
2024-01-02 00:27:50,846 T0026: [D1-V2] config nat add static basic 99.99.99.1 15.15.0.1  -nat_type snat -twice_nat_id 100
2024-01-02 00:27:52,066 T0026: [D1-V2] show nat translations
2024-01-02 00:27:53,417 T0026: [D1-V2] config nat add pool pool_123_nat  125.56.90.23-125.56.90.24 333-334
2024-01-02 00:27:54,637 T0026: [D1-V2] config nat add binding bind_1 pool_123_nat
2024-01-02 00:28:05,100 T0000: 
================== Module Hook Finish: routing/NAT/test_nat.py nat_module_config ==================
2024-01-02 00:28:05,101 T0000: 
================== Framework Function Hook: routing/NAT/test_nat.py::test_ft_nat_docker_restart ==================
2024-01-02 00:28:05,112 T0000: [D1-V2] config save /tmp/config-db-V2-post-module-prolog-routing-NAT-test_nat.py.json -y
2024-01-02 00:28:06,828 T0000: [D1-V2] chmod 777 /tmp/config-db-V2-post-module-prolog-routing-NAT-test_nat.py.json
2024-01-02 00:28:08,358 T0000: [D1-V2] /sbin/ip link set dev eth0 up
2024-01-02 00:28:09,068 T0000: [D1-V2] /sbin/ip route list dev eth0
2024-01-02 00:28:17,598 T0000: [D1-V2] sudo vtysh -c 'show running-config' > /tmp/vtysh-runcfg-V2-post-module-prolog-routing-NAT-test_nat.py.txt
2024-01-02 00:28:18,506 T0000: [D1-V2] chmod 777 /tmp/vtysh-runcfg-V2-post-module-prolog-routing-NAT-test_nat.py.txt
2024-01-02 00:28:20,038 T0000: [D1-V2] /sbin/ip link set dev eth0 up
2024-01-02 00:28:20,747 T0000: [D1-V2] /sbin/ip route list dev eth0
2024-01-02 00:28:33,569 T0035: [D1-V2] sudo show interfaces status
2024-01-02 00:28:35,421 T0000: [D1-V2] sudo show interfaces status Ethernet124
2024-01-02 00:28:38,364 T0000: 
================== Framework Function Hook Finish: routing/NAT/test_nat.py::test_ft_nat_docker_restart ==================
2024-01-02 00:28:38,365 T0000: 
================== Function Hook: routing/NAT/test_nat.py nat_func_hooks ==================
2024-01-02 00:28:38,373 T0000: [D1-V2] sonic-clear counters
2024-01-02 00:28:40,134 T0000: [D1-V2] sonic-clear nat statistics
2024-01-02 00:28:41,445 T0000: 
================== Function Hook Finish: routing/NAT/test_nat.py nat_func_hooks ==================
2024-01-02 00:28:41,446 T0000: 
================== Test Execution: routing/NAT/test_nat.py::test_ft_nat_docker_restart ==================
2024-01-02 00:28:50,487 T0000: [D1-V2] systemctl stop nat
2024-01-02 00:29:05,887 T0000: [D1-V2] systemctl start nat
2024-01-02 00:29:17,262 T0000: [D1-V2] show nat translations
2024-01-02 00:29:18,716 T0000: [D1-V2] show nat translations
2024-01-02 00:29:20,107 T0000: 
================== Function Hook Finalize: routing/NAT/test_nat.py nat_func_hooks ==================
2024-01-02 00:29:20,127 T0000: 
================== Framework Function Hook Finalize: routing/NAT/test_nat.py::test_ft_nat_docker_restart ==================
2024-01-02 00:29:20,135 T0000: [D1-V2] config save /tmp/config-db-V2-pre-module-epilog-routing-NAT-test_nat.py.json -y
2024-01-02 00:29:21,900 T0000: [D1-V2] chmod 777 /tmp/config-db-V2-pre-module-epilog-routing-NAT-test_nat.py.json
2024-01-02 00:29:23,432 T0000: [D1-V2] /sbin/ip link set dev eth0 up
2024-01-02 00:29:24,143 T0000: [D1-V2] /sbin/ip route list dev eth0
2024-01-02 00:29:32,666 T0000: [D1-V2] sudo vtysh -c 'show running-config' > /tmp/vtysh-runcfg-V2-pre-module-epilog-routing-NAT-test_nat.py.txt
2024-01-02 00:29:33,568 T0000: [D1-V2] chmod 777 /tmp/vtysh-runcfg-V2-pre-module-epilog-routing-NAT-test_nat.py.txt
2024-01-02 00:29:35,101 T0000: [D1-V2] /sbin/ip link set dev eth0 up
2024-01-02 00:29:35,819 T0000: [D1-V2] /sbin/ip route list dev eth0
2024-01-02 00:29:44,362 T0000: [D1-V2] config nat remove interface Ethernet0
2024-01-02 00:29:45,665 T0000: [D1-V2] config nat remove interface Ethernet4
2024-01-02 00:29:46,970 T0000: [D1-V2] sudo config nat remove static all;sudo config nat remove bindings;sudo config nat remove pools;
2024-01-02 00:29:49,569 T0000: [D1-V2] config nat feature disable
2024-01-02 00:29:50,878 T0000: [D1-V2] no ip route 129.2.30.0/24 125.56.90.1
2024-01-02 00:29:52,779 T0000: [D1-V2] show ip interface
2024-01-02 00:29:55,619 T0000: [D1-V2] config interface ip remove Ethernet0 12.12.0.1/16
2024-01-02 00:29:57,127 T0000: 
================== Module Hook Finalize: routing/NAT/test_nat.py nat_module_config ==================
2024-01-02 00:29:57,142 T0000: [D1-V2] config save /tmp/config-db-V2-post-module-epilog-routing-NAT-test_nat.py.json -y
2024-01-02 00:29:58,863 T0000: [D1-V2] chmod 777 /tmp/config-db-V2-post-module-epilog-routing-NAT-test_nat.py.json
2024-01-02 00:30:00,396 T0000: [D1-V2] /sbin/ip link set dev eth0 up
2024-01-02 00:30:01,110 T0000: [D1-V2] /sbin/ip route list dev eth0
2024-01-02 00:30:09,627 T0000: [D1-V2] sudo vtysh -c 'show running-config' > /tmp/vtysh-runcfg-V2-post-module-epilog-routing-NAT-test_nat.py.txt
2024-01-02 00:30:10,539 T0000: [D1-V2] chmod 777 /tmp/vtysh-runcfg-V2-post-module-epilog-routing-NAT-test_nat.py.txt
2024-01-02 00:30:12,065 T0000: [D1-V2] /sbin/ip link set dev eth0 up
2024-01-02 00:30:12,775 T0000: [D1-V2] /sbin/ip route list dev eth0
2024-01-02 00:30:21,345 T0000: [D1-V2] sudo show interfaces status Ethernet124
2024-01-02 00:30:23,928 T0000: 
================== Framework Module Hook Finalize: routing/NAT/test_nat.py Pass: 1/1 ==================
2024-01-02 00:30:23,928 T0000: 
================== Devices used: routing/NAT/test_nat.py 1 ['V2'] ==================
2024-01-02 00:30:25,045 T0000: 
================== Framework Module Hook: batch/test_spytest_infra_1.py ==================
2024-01-02 00:30:25,060 T0052: [D1-V2] no router bgp
2024-01-02 00:30:26,856 T0052: [D1-V2] config feature state sflow enabled
2024-01-02 00:30:29,057 T0052: [D1-V2] config feature state nat enabled
2024-01-02 00:31:22,620 T0052: [D1-V2] /sbin/ip link set dev eth0 up
2024-01-02 00:31:23,289 T0052: [D1-V2] /sbin/ip route list dev eth0
2024-01-02 00:31:23,969 T0052: [D1-V2] sudo show interfaces status Ethernet124
2024-01-02 00:31:26,578 T0053: [D1-V2] sudo show interfaces status
2024-01-02 00:31:33,460 T0054: [D1-V2] sudo show interfaces status
2024-01-02 00:31:40,540 T0055: [D1-V2] sudo show interfaces status
2024-01-02 00:31:47,541 T0056: [D1-V2] sudo show interfaces status
2024-01-02 00:31:49,483 T0000: 
================== Framework Module Hook Finish: batch/test_spytest_infra_1.py ==================
2024-01-02 00:31:49,484 T0000: 
================== Framework Function Hook: batch/test_spytest_infra_1.py::test_spytest_infra_last ==================
2024-01-02 00:31:53,782 T0057: [D1-V2] sudo show interfaces status
2024-01-02 00:31:55,690 T0000: [D1-V2] sudo show interfaces status Ethernet124
2024-01-02 00:31:58,700 T0000: 
================== Framework Function Hook Finish: batch/test_spytest_infra_1.py::test_spytest_infra_last ==================
2024-01-02 00:31:58,702 T0000: 
================== Test Execution: batch/test_spytest_infra_1.py::test_spytest_infra_last ==================
2024-01-02 00:31:58,726 T0000: 
================== Framework Function Hook Finalize: batch/test_spytest_infra_1.py::test_spytest_infra_last ==================
2024-01-02 00:31:58,754 T0000: [D1-V2] sudo show interfaces status Ethernet124
2024-01-02 00:32:01,353 T0000: 
================== Framework Module Hook Finalize: batch/test_spytest_infra_1.py Pass: 1/1 ==================
2024-01-02 00:32:01,354 T0000: 
================== Devices used: batch/test_spytest_infra_1.py 1 ['V2'] ==================
2024-01-02 00:32:01,767 T0000: 
================== Framework Module Hook: system/test_device_mgmt.py ==================
2024-01-02 00:32:01,779 T0058: [D1-V2] no router bgp
2024-01-02 00:32:03,536 T0058: [D1-V2] config feature state sflow enabled
2024-01-02 00:32:05,828 T0058: [D1-V2] config feature state nat enabled
2024-01-02 00:34:02,131 T0058: [D1-V2] /sbin/ip link set dev eth0 up
2024-01-02 00:34:02,800 T0058: [D1-V2] /sbin/ip route list dev eth0
2024-01-02 00:34:03,473 T0058: [D1-V2] sudo show interfaces status Ethernet124
2024-01-02 00:34:05,978 T0059: [D1-V2] sudo show interfaces status
2024-01-02 00:34:12,822 T0060: [D1-V2] sudo show interfaces status
2024-01-02 00:34:19,856 T0061: [D1-V2] sudo show interfaces status
2024-01-02 00:34:26,690 T0062: [D1-V2] sudo show interfaces status
2024-01-02 00:34:28,533 T0000: [D1-V2] config save /tmp/config-db-V2-pre-module-prolog-system-test_device_mgmt.py.json -y
2024-01-02 00:34:30,348 T0000: [D1-V2] chmod 777 /tmp/config-db-V2-pre-module-prolog-system-test_device_mgmt.py.json
2024-01-02 00:34:31,877 T0000: [D1-V2] /sbin/ip link set dev eth0 up
2024-01-02 00:34:32,587 T0000: [D1-V2] /sbin/ip route list dev eth0
2024-01-02 00:34:41,114 T0000: [D1-V2] sudo vtysh -c 'show running-config' > /tmp/vtysh-runcfg-V2-pre-module-prolog-system-test_device_mgmt.py.txt
2024-01-02 00:34:42,080 T0000: [D1-V2] chmod 777 /tmp/vtysh-runcfg-V2-pre-module-prolog-system-test_device_mgmt.py.txt
2024-01-02 00:34:43,610 T0000: [D1-V2] /sbin/ip link set dev eth0 up
2024-01-02 00:34:44,319 T0000: [D1-V2] /sbin/ip route list dev eth0
2024-01-02 00:34:52,848 T0000: 
================== Framework Module Hook Finish: system/test_device_mgmt.py ==================
2024-01-02 00:34:52,848 T0000: 
================== Module Hook: system/test_device_mgmt.py mgmt_module_hooks ==================
2024-01-02 00:34:52,849 T0000: 
================== Module Hook Finish: system/test_device_mgmt.py mgmt_module_hooks ==================
2024-01-02 00:34:52,850 T0000: 
================== Framework Function Hook: system/test_device_mgmt.py::test_ft_ip_static_ip_on_mgmt_intrf ==================
2024-01-02 00:34:52,859 T0000: [D1-V2] config save /tmp/config-db-V2-post-module-prolog-system-test_device_mgmt.py.json -y
2024-01-02 00:34:54,624 T0000: [D1-V2] chmod 777 /tmp/config-db-V2-post-module-prolog-system-test_device_mgmt.py.json
2024-01-02 00:34:56,168 T0000: [D1-V2] /sbin/ip link set dev eth0 up
2024-01-02 00:34:56,882 T0000: [D1-V2] /sbin/ip route list dev eth0
2024-01-02 00:35:05,401 T0000: [D1-V2] sudo vtysh -c 'show running-config' > /tmp/vtysh-runcfg-V2-post-module-prolog-system-test_device_mgmt.py.txt
2024-01-02 00:35:06,306 T0000: [D1-V2] chmod 777 /tmp/vtysh-runcfg-V2-post-module-prolog-system-test_device_mgmt.py.txt
2024-01-02 00:35:07,845 T0000: [D1-V2] /sbin/ip link set dev eth0 up
2024-01-02 00:35:08,556 T0000: [D1-V2] /sbin/ip route list dev eth0
2024-01-02 00:35:21,488 T0079: [D1-V2] sudo show interfaces status
2024-01-02 00:35:23,370 T0000: [D1-V2] sudo show interfaces status Ethernet124
2024-01-02 00:35:26,383 T0000: 
================== Framework Function Hook Finish: system/test_device_mgmt.py::test_ft_ip_static_ip_on_mgmt_intrf ==================
2024-01-02 00:35:26,383 T0000: 
================== Function Hook: system/test_device_mgmt.py mgmt_func_hooks ==================
2024-01-02 00:35:26,386 T0000: 
================== Function Hook Finish: system/test_device_mgmt.py mgmt_func_hooks ==================
2024-01-02 00:35:26,387 T0000: 
================== Test Execution: system/test_device_mgmt.py::test_ft_ip_static_ip_on_mgmt_intrf ==================
2024-01-02 00:35:26,388 T0000: [D1-V2] dhclient  eth0
2024-01-02 00:35:32,216 T0000: [D1-V2] /sbin/ifconfig eth0
2024-01-02 00:35:32,970 T0000: [D1-V2] /sbin/ifconfig eth0
2024-01-02 00:35:33,693 T0000: [D1-V2] sudo route -n
2024-01-02 00:35:34,408 T0000: [D1-V2] ifconfig eth0 192.168.122.10 netmask 255.255.255.0
2024-01-02 00:35:35,110 T0000: [D1-V2] ip route add default via 192.168.122.1
2024-01-02 00:35:35,817 T0000: [D1-V2] ping -4 192.168.122.1 -c 3 
2024-01-02 00:35:38,742 T0000: [D1-V2] ip addr del 192.168.122.10/255.255.255.0 dev eth0
2024-01-02 00:35:39,455 T0000: [D1-V2] /sbin/ifconfig eth0
2024-01-02 00:35:40,174 T0000: [D1-V2] dhclient  eth0
2024-01-02 00:35:41,026 T0000: [D1-V2] ping -4 192.168.122.1 -c 3 
2024-01-02 00:35:43,752 T0000: 
================== Function Hook Finalize: system/test_device_mgmt.py mgmt_func_hooks ==================
2024-01-02 00:35:43,770 T0000: 
================== Framework Function Hook Finalize: system/test_device_mgmt.py::test_ft_ip_static_ip_on_mgmt_intrf ==================
2024-01-02 00:35:43,777 T0000: [D1-V2] config save /tmp/config-db-V2-pre-module-epilog-system-test_device_mgmt.py.json -y
2024-01-02 00:35:45,492 T0000: [D1-V2] chmod 777 /tmp/config-db-V2-pre-module-epilog-system-test_device_mgmt.py.json
2024-01-02 00:35:47,021 T0000: [D1-V2] /sbin/ip link set dev eth0 up
2024-01-02 00:35:47,727 T0000: [D1-V2] /sbin/ip route list dev eth0
2024-01-02 00:35:56,256 T0000: [D1-V2] sudo vtysh -c 'show running-config' > /tmp/vtysh-runcfg-V2-pre-module-epilog-system-test_device_mgmt.py.txt
2024-01-02 00:35:57,177 T0000: [D1-V2] chmod 777 /tmp/vtysh-runcfg-V2-pre-module-epilog-system-test_device_mgmt.py.txt
2024-01-02 00:35:58,706 T0000: [D1-V2] /sbin/ip link set dev eth0 up
2024-01-02 00:35:59,421 T0000: [D1-V2] /sbin/ip route list dev eth0
2024-01-02 00:36:07,984 T0000: 
================== Module Hook Finalize: system/test_device_mgmt.py mgmt_module_hooks ==================
2024-01-02 00:36:07,992 T0000: [D1-V2] config save /tmp/config-db-V2-post-module-epilog-system-test_device_mgmt.py.json -y
2024-01-02 00:36:09,708 T0000: [D1-V2] chmod 777 /tmp/config-db-V2-post-module-epilog-system-test_device_mgmt.py.json
2024-01-02 00:36:11,238 T0000: [D1-V2] /sbin/ip link set dev eth0 up
2024-01-02 00:36:11,946 T0000: [D1-V2] /sbin/ip route list dev eth0
2024-01-02 00:36:20,476 T0000: [D1-V2] sudo vtysh -c 'show running-config' > /tmp/vtysh-runcfg-V2-post-module-epilog-system-test_device_mgmt.py.txt
2024-01-02 00:36:21,329 T0000: [D1-V2] chmod 777 /tmp/vtysh-runcfg-V2-post-module-epilog-system-test_device_mgmt.py.txt
2024-01-02 00:36:22,861 T0000: [D1-V2] /sbin/ip link set dev eth0 up
2024-01-02 00:36:23,571 T0000: [D1-V2] /sbin/ip route list dev eth0
2024-01-02 00:36:32,103 T0000: [D1-V2] sudo show interfaces status Ethernet124
2024-01-02 00:36:34,698 T0000: 
================== Framework Module Hook Finalize: system/test_device_mgmt.py Pass: 1/1 ==================
2024-01-02 00:36:34,699 T0000: 
================== Devices used: system/test_device_mgmt.py 1 ['V2'] ==================
2024-01-02 00:36:35,193 T0000: 
================== Framework Module Hook: batch/test_spytest_infra_1.py ==================
2024-01-02 00:36:35,209 T0096: [D1-V2] no router bgp
2024-01-02 00:36:37,009 T0096: [D1-V2] config feature state sflow enabled
2024-01-02 00:36:39,206 T0096: [D1-V2] config feature state nat enabled
2024-01-02 00:37:34,018 T0096: [D1-V2] /sbin/ip link set dev eth0 up
2024-01-02 00:37:34,687 T0096: [D1-V2] /sbin/ip route list dev eth0
2024-01-02 00:37:35,365 T0096: [D1-V2] sudo show interfaces status Ethernet124
2024-01-02 00:37:37,818 T0097: [D1-V2] sudo show interfaces status
2024-01-02 00:37:44,658 T0098: [D1-V2] sudo show interfaces status
2024-01-02 00:37:51,653 T0099: [D1-V2] sudo show interfaces status
2024-01-02 00:37:58,744 T0100: [D1-V2] sudo show interfaces status
2024-01-02 00:38:00,582 T0000: 
================== Framework Module Hook Finish: batch/test_spytest_infra_1.py ==================
2024-01-02 00:38:00,584 T0000: 
================== Framework Function Hook: batch/test_spytest_infra_1.py::test_spytest_infra_last ==================
2024-01-02 00:38:04,878 T0101: [D1-V2] sudo show interfaces status
2024-01-02 00:38:06,779 T0000: [D1-V2] sudo show interfaces status Ethernet124
2024-01-02 00:38:09,678 T0000: 
================== Framework Function Hook Finish: batch/test_spytest_infra_1.py::test_spytest_infra_last ==================
2024-01-02 00:38:09,680 T0000: 
================== Test Execution: batch/test_spytest_infra_1.py::test_spytest_infra_last ==================
2024-01-02 00:38:09,700 T0000: 
================== Framework Function Hook Finalize: batch/test_spytest_infra_1.py::test_spytest_infra_last ==================
2024-01-02 00:38:09,716 T0000: [D1-V2] sudo show interfaces status Ethernet124
2024-01-02 00:38:12,340 T0000: 
================== Framework Module Hook Finalize: batch/test_spytest_infra_1.py Pass: 1/1 ==================
2024-01-02 00:38:12,341 T0000: 
================== Devices used: batch/test_spytest_infra_1.py 1 ['V2'] ==================
2024-01-02 00:38:12,432 T0000: [D1-V2] ['stty cols 80']
