2024-01-08 01:29:03,170 T0000: WARN  #### gw4
2024-01-08 01:29:03,170 T0000: WARN  support post-session-prolog session pass ''
2024-01-08 01:29:52,547 T0000: INFO  #### gw4
2024-01-08 01:29:52,547 T0000: INFO  support pre-module-prolog system/test_snapshot.py  ''
2024-01-08 01:30:42,029 T0000: INFO  #### gw4  system/test_snapshot.py
2024-01-08 01:30:42,029 T0000: INFO  support post-module-prolog system/test_snapshot.py Pass ''
2024-01-08 01:31:15,456 T0000: INFO  #### gw4  system/test_snapshot.py
2024-01-08 01:31:15,456 T0000: INFO  support pre-function-prolog test_ft_watermark_telemetry_interval  ''
2024-01-08 01:31:15,469 T0000: INFO  #### gw4  system/test_snapshot.py::test_ft_watermark_telemetry_interval
2024-01-08 01:31:15,469 T0000: INFO  support post-function-prolog test_ft_watermark_telemetry_interval Pass ''
2024-01-08 01:31:26,359 T0000: WARN  #### gw4  system/test_snapshot.py::test_ft_watermark_telemetry_interval
2024-01-08 01:31:26,359 T0000: WARN  support testcase ft_sf_snapshot_tam_Error_Logs Fail 'Error logs are getting generated on the device'
2024-01-08 01:31:26,377 T0000: INFO  #### gw4  system/test_snapshot.py::test_ft_watermark_telemetry_interval
2024-01-08 01:31:26,377 T0000: INFO  support pre-function-epilog test_ft_watermark_telemetry_interval Pass 'verification of configured telemetry interval and reset to default interval is successful'
2024-01-08 01:31:26,381 T0000: INFO  #### gw4  system/test_snapshot.py::test_ft_watermark_telemetry_interval
2024-01-08 01:31:26,381 T0000: INFO  support post-function-epilog test_ft_watermark_telemetry_interval Pass 'verification of configured telemetry interval and reset to default interval is successful'
2024-01-08 01:31:26,405 T0000: WARN  #### gw4  system/test_snapshot.py::test_ft_watermark_telemetry_interval
2024-01-08 01:31:26,405 T0000: WARN  support pre-module-epilog system/test_snapshot.py pass ''
2024-01-08 01:32:00,220 T0000: WARN  #### gw4  system/test_snapshot.py::test_ft_watermark_telemetry_interval
2024-01-08 01:32:00,220 T0000: WARN  support post-module-epilog system/test_snapshot.py pass ''
2024-01-08 01:36:27,497 T0000: INFO  #### gw4
2024-01-08 01:36:27,497 T0000: INFO  support pre-module-prolog system/test_ntp.py  ''
2024-01-08 01:36:51,874 T0000: INFO  #### gw4  system/test_ntp.py
2024-01-08 01:36:51,874 T0000: INFO  support post-module-prolog system/test_ntp.py Pass ''
2024-01-08 01:37:25,118 T0000: INFO  #### gw4  system/test_ntp.py
2024-01-08 01:37:25,118 T0000: INFO  support pre-function-prolog test_ft_ntp_disable_enable_with_message_log  ''
2024-01-08 01:37:25,128 T0000: INFO  #### gw4  system/test_ntp.py::test_ft_ntp_disable_enable_with_message_log
2024-01-08 01:37:25,128 T0000: INFO  support post-function-prolog test_ft_ntp_disable_enable_with_message_log Pass ''
2024-01-08 01:42:19,271 T0000: ERROR #### gw4 Exception system/test_ntp.py::test_ft_ntp_disable_enable_with_message_log
2024-01-08 01:42:19,271 T0000: ERROR Exception IndexError list index out of range in file /apis/system/ntp.py at line 347
2024-01-08 01:42:19,271 T0000: ERROR [0] /apis/system/ntp.py:347 show_clock return output[0]
2024-01-08 01:42:19,271 T0000: ERROR [1] /tests/system/test_ntp.py:103 test_ft_ntp_disable_enable_with_message_log ntp_obj.show_clock(vars.D1)
2024-01-08 01:42:19,272 T0000: WARN  #### gw4  system/test_ntp.py::test_ft_ntp_disable_enable_with_message_log
2024-01-08 01:42:19,272 T0000: WARN  support post-function-epilog test_ft_ntp_disable_enable_with_message_log ScriptError 'Exception IndexError list index out of range in file /apis/system/ntp.py at line 347'
2024-01-08 01:42:24,250 T0000: INFO  #### gw4  system/test_ntp.py
2024-01-08 01:42:24,251 T0000: INFO  support pre-function-prolog test_ntp_exists_config  ''
2024-01-08 01:42:24,262 T0000: INFO  #### gw4  system/test_ntp.py::test_ntp_exists_config
2024-01-08 01:42:24,262 T0000: INFO  support post-function-prolog test_ntp_exists_config Pass ''
2024-01-08 01:42:33,177 T0000: INFO  #### gw4  system/test_ntp.py::test_ntp_exists_config
2024-01-08 01:42:33,177 T0000: INFO  support pre-function-epilog test_ntp_exists_config Pass 'Test case passed'
2024-01-08 01:42:33,181 T0000: INFO  #### gw4  system/test_ntp.py::test_ntp_exists_config
2024-01-08 01:42:33,181 T0000: INFO  support post-function-epilog test_ntp_exists_config Pass 'Test case passed'
2024-01-08 01:42:33,227 T0000: WARN  #### gw4  system/test_ntp.py::test_ntp_exists_config
2024-01-08 01:42:33,227 T0000: WARN  support pre-module-epilog system/test_ntp.py fail ''
2024-01-08 01:42:57,632 T0000: WARN  #### gw4  system/test_ntp.py::test_ntp_exists_config
2024-01-08 01:42:57,632 T0000: WARN  support post-module-epilog system/test_ntp.py fail ''
2024-01-08 01:44:54,256 T0000: WARN  #### gw4  batch/test_spytest_infra_1.py::test_spytest_infra_last
2024-01-08 01:44:54,256 T0000: WARN  support session-epilog session pass ''
2024-01-08 01:32:41,162 T0000: WARN  #### gw5
2024-01-08 01:32:41,163 T0000: WARN  support post-session-prolog session pass ''
2024-01-08 01:33:26,989 T0000: WARN  #### gw5  batch/test_spytest_infra_1.py::test_spytest_infra_second
2024-01-08 01:33:26,989 T0000: WARN  support session-epilog session pass ''
2024-01-08 01:29:08,342 T0000: WARN  #### gw7
2024-01-08 01:29:08,342 T0000: WARN  support post-session-prolog session pass ''
2024-01-08 01:29:58,200 T0000: INFO  #### gw7
2024-01-08 01:29:58,200 T0000: INFO  support pre-module-prolog security/test_tacacs.py  ''
2024-01-08 01:30:26,075 T0000: INFO  #### gw7  security/test_tacacs.py
2024-01-08 01:30:26,076 T0000: INFO  support post-module-prolog security/test_tacacs.py Pass ''
2024-01-08 01:30:59,306 T0000: INFO  #### gw7  security/test_tacacs.py
2024-01-08 01:30:59,306 T0000: INFO  support pre-function-prolog test_ft_tacacs_ssh_login_with_tacacs_operations  ''
2024-01-08 01:30:59,315 T0000: INFO  #### gw7  security/test_tacacs.py::test_ft_tacacs_ssh_login_with_tacacs_operations
2024-01-08 01:30:59,315 T0000: INFO  support post-function-prolog test_ft_tacacs_ssh_login_with_tacacs_operations Pass ''
2024-01-08 01:31:00,017 T0000: WARN  #### gw7  security/test_tacacs.py::test_ft_tacacs_ssh_login_with_tacacs_operations
2024-01-08 01:31:00,017 T0000: WARN  support pre-function-epilog test_ft_tacacs_ssh_login_with_tacacs_operations Fail 'PAM file is not created'
2024-01-08 01:31:00,377 T0000: WARN  #### gw7  security/test_tacacs.py::test_ft_tacacs_ssh_login_with_tacacs_operations
2024-01-08 01:31:00,377 T0000: WARN  support post-function-epilog test_ft_tacacs_ssh_login_with_tacacs_operations ignore 'PAM file is not created'
2024-01-08 01:31:00,412 T0000: WARN  #### gw7  security/test_tacacs.py::test_ft_tacacs_ssh_login_with_tacacs_operations
2024-01-08 01:31:00,412 T0000: WARN  support pre-module-epilog security/test_tacacs.py fail ''
2024-01-08 01:31:42,981 T0000: WARN  #### gw7  security/test_tacacs.py::test_ft_tacacs_ssh_login_with_tacacs_operations
2024-01-08 01:31:42,981 T0000: WARN  support post-module-epilog security/test_tacacs.py fail ''
2024-01-08 01:36:15,813 T0000: INFO  #### gw7
2024-01-08 01:36:15,813 T0000: INFO  support pre-module-prolog system/test_snmp.py  ''
2024-01-08 01:37:57,668 T0000: INFO  #### gw7  system/test_snmp.py
2024-01-08 01:37:57,668 T0000: INFO  support post-module-prolog system/test_snmp.py Pass ''
2024-01-08 01:38:31,291 T0000: INFO  #### gw7  system/test_snmp.py
2024-01-08 01:38:31,291 T0000: INFO  support pre-function-prolog test_ft_snmp_sysName  ''
2024-01-08 01:38:31,305 T0000: INFO  #### gw7  system/test_snmp.py::test_ft_snmp_sysName
2024-01-08 01:38:31,305 T0000: INFO  support post-function-prolog test_ft_snmp_sysName Pass ''
2024-01-08 01:38:32,035 T0000: WARN  #### gw7  system/test_snmp.py::test_ft_snmp_sysName
2024-01-08 01:38:32,035 T0000: WARN  support pre-function-epilog test_ft_snmp_sysName Fail 'sysname output is not in sync between system and snmp'
2024-01-08 01:38:32,446 T0000: WARN  #### gw7  system/test_snmp.py::test_ft_snmp_sysName
2024-01-08 01:38:32,446 T0000: WARN  support post-function-epilog test_ft_snmp_sysName ignore 'sysname output is not in sync between system and snmp'
2024-01-08 01:38:37,342 T0000: INFO  #### gw7  system/test_snmp.py
2024-01-08 01:38:37,342 T0000: INFO  support pre-function-prolog test_ft_snmp_test_syUpTime  ''
2024-01-08 01:38:37,355 T0000: INFO  #### gw7  system/test_snmp.py::test_ft_snmp_test_syUpTime
2024-01-08 01:38:37,355 T0000: INFO  support post-function-prolog test_ft_snmp_test_syUpTime Pass ''
2024-01-08 01:38:38,721 T0000: INFO  #### gw7  system/test_snmp.py::test_ft_snmp_test_syUpTime
2024-01-08 01:38:38,721 T0000: INFO  support pre-function-epilog test_ft_snmp_test_syUpTime Pass 'Test case passed'
2024-01-08 01:38:38,725 T0000: INFO  #### gw7  system/test_snmp.py::test_ft_snmp_test_syUpTime
2024-01-08 01:38:38,725 T0000: INFO  support post-function-epilog test_ft_snmp_test_syUpTime Pass 'Test case passed'
2024-01-08 01:38:43,581 T0000: INFO  #### gw7  system/test_snmp.py
2024-01-08 01:38:43,581 T0000: INFO  support pre-function-prolog test_ft_snmp_sysDescr  ''
2024-01-08 01:38:43,591 T0000: INFO  #### gw7  system/test_snmp.py::test_ft_snmp_sysDescr
2024-01-08 01:38:43,591 T0000: INFO  support post-function-prolog test_ft_snmp_sysDescr Pass ''
2024-01-08 01:38:46,550 T0000: INFO  #### gw7  system/test_snmp.py::test_ft_snmp_sysDescr
2024-01-08 01:38:46,550 T0000: INFO  support pre-function-epilog test_ft_snmp_sysDescr Pass 'Test case passed'
2024-01-08 01:38:46,563 T0000: INFO  #### gw7  system/test_snmp.py::test_ft_snmp_sysDescr
2024-01-08 01:38:46,563 T0000: INFO  support post-function-epilog test_ft_snmp_sysDescr Pass 'Test case passed'
2024-01-08 01:38:51,399 T0000: INFO  #### gw7  system/test_snmp.py
2024-01-08 01:38:51,400 T0000: INFO  support pre-function-prolog test_ft_snmp_mib_2  ''
2024-01-08 01:38:51,413 T0000: INFO  #### gw7  system/test_snmp.py::test_ft_snmp_mib_2
2024-01-08 01:38:51,413 T0000: INFO  support post-function-prolog test_ft_snmp_mib_2 Pass ''
2024-01-08 01:38:53,572 T0000: INFO  #### gw7  system/test_snmp.py::test_ft_snmp_mib_2
2024-01-08 01:38:53,572 T0000: INFO  support pre-function-epilog test_ft_snmp_mib_2 Pass 'Test case passed'
2024-01-08 01:38:53,582 T0000: INFO  #### gw7  system/test_snmp.py::test_ft_snmp_mib_2
2024-01-08 01:38:53,582 T0000: INFO  support post-function-epilog test_ft_snmp_mib_2 Pass 'Test case passed'
2024-01-08 01:38:58,373 T0000: INFO  #### gw7  system/test_snmp.py
2024-01-08 01:38:58,373 T0000: INFO  support pre-function-prolog test_ft_snmp_if_mib_all  ''
2024-01-08 01:38:58,385 T0000: INFO  #### gw7  system/test_snmp.py::test_ft_snmp_if_mib_all
2024-01-08 01:38:58,385 T0000: INFO  support post-function-prolog test_ft_snmp_if_mib_all Pass ''
2024-01-08 01:38:58,604 T0000: INFO  #### gw7  system/test_snmp.py::test_ft_snmp_if_mib_all
2024-01-08 01:38:58,604 T0000: INFO  support pre-function-epilog test_ft_snmp_if_mib_all Pass 'Test case passed'
2024-01-08 01:38:58,609 T0000: INFO  #### gw7  system/test_snmp.py::test_ft_snmp_if_mib_all
2024-01-08 01:38:58,609 T0000: INFO  support post-function-epilog test_ft_snmp_if_mib_all Pass 'Test case passed'
2024-01-08 01:39:03,501 T0000: INFO  #### gw7  system/test_snmp.py
2024-01-08 01:39:03,501 T0000: INFO  support pre-function-prolog test_ft_snmp_entity_mib_all  ''
2024-01-08 01:39:03,514 T0000: INFO  #### gw7  system/test_snmp.py::test_ft_snmp_entity_mib_all
2024-01-08 01:39:03,515 T0000: INFO  support post-function-prolog test_ft_snmp_entity_mib_all Pass ''
2024-01-08 01:39:03,567 T0000: INFO  #### gw7  system/test_snmp.py::test_ft_snmp_entity_mib_all
2024-01-08 01:39:03,567 T0000: INFO  support pre-function-epilog test_ft_snmp_entity_mib_all Pass 'Test case passed'
2024-01-08 01:39:03,574 T0000: INFO  #### gw7  system/test_snmp.py::test_ft_snmp_entity_mib_all
2024-01-08 01:39:03,574 T0000: INFO  support post-function-epilog test_ft_snmp_entity_mib_all Pass 'Test case passed'
2024-01-08 01:39:08,369 T0000: INFO  #### gw7  system/test_snmp.py
2024-01-08 01:39:08,369 T0000: INFO  support pre-function-prolog test_ft_snmp_dot1q_dot1db_mib  ''
2024-01-08 01:39:08,384 T0000: INFO  #### gw7  system/test_snmp.py::test_ft_snmp_dot1q_dot1db_mib
2024-01-08 01:39:08,384 T0000: INFO  support post-function-prolog test_ft_snmp_dot1q_dot1db_mib Pass ''
2024-01-08 01:39:08,463 T0000: INFO  #### gw7  system/test_snmp.py::test_ft_snmp_dot1q_dot1db_mib
2024-01-08 01:39:08,463 T0000: INFO  support pre-function-epilog test_ft_snmp_dot1q_dot1db_mib Pass 'Test case passed'
2024-01-08 01:39:08,470 T0000: INFO  #### gw7  system/test_snmp.py::test_ft_snmp_dot1q_dot1db_mib
2024-01-08 01:39:08,470 T0000: INFO  support post-function-epilog test_ft_snmp_dot1q_dot1db_mib Pass 'Test case passed'
2024-01-08 01:39:13,361 T0000: INFO  #### gw7  system/test_snmp.py
2024-01-08 01:39:13,362 T0000: INFO  support pre-function-prolog test_ft_snmp_root_node_walk  ''
2024-01-08 01:39:13,374 T0000: INFO  #### gw7  system/test_snmp.py::test_ft_snmp_root_node_walk
2024-01-08 01:39:13,374 T0000: INFO  support post-function-prolog test_ft_snmp_root_node_walk Pass ''
2024-01-08 01:39:16,980 T0000: INFO  #### gw7  system/test_snmp.py::test_ft_snmp_root_node_walk
2024-01-08 01:39:16,980 T0000: INFO  support pre-function-epilog test_ft_snmp_root_node_walk Pass 'Test case passed'
2024-01-08 01:39:16,985 T0000: INFO  #### gw7  system/test_snmp.py::test_ft_snmp_root_node_walk
2024-01-08 01:39:16,985 T0000: INFO  support post-function-epilog test_ft_snmp_root_node_walk Pass 'Test case passed'
2024-01-08 01:39:21,854 T0000: INFO  #### gw7  system/test_snmp.py
2024-01-08 01:39:21,854 T0000: INFO  support pre-function-prolog test_ft_snmp_ipAddressRowStatus_ipv6  ''
2024-01-08 01:39:21,868 T0000: INFO  #### gw7  system/test_snmp.py::test_ft_snmp_ipAddressRowStatus_ipv6
2024-01-08 01:39:21,868 T0000: INFO  support post-function-prolog test_ft_snmp_ipAddressRowStatus_ipv6 Pass ''
2024-01-08 01:39:28,594 T0000: INFO  #### gw7  system/test_snmp.py::test_ft_snmp_ipAddressRowStatus_ipv6
2024-01-08 01:39:28,594 T0000: INFO  support pre-function-epilog test_ft_snmp_ipAddressRowStatus_ipv6 Pass 'Test case passed'
2024-01-08 01:39:28,598 T0000: INFO  #### gw7  system/test_snmp.py::test_ft_snmp_ipAddressRowStatus_ipv6
2024-01-08 01:39:28,599 T0000: INFO  support post-function-epilog test_ft_snmp_ipAddressRowStatus_ipv6 Pass 'Test case passed'
2024-01-08 01:39:33,428 T0000: INFO  #### gw7  system/test_snmp.py
2024-01-08 01:39:33,428 T0000: INFO  support pre-function-prolog test_ft_snmp_ipAddressStorageType_ipv6  ''
2024-01-08 01:39:33,439 T0000: INFO  #### gw7  system/test_snmp.py::test_ft_snmp_ipAddressStorageType_ipv6
2024-01-08 01:39:33,439 T0000: INFO  support post-function-prolog test_ft_snmp_ipAddressStorageType_ipv6 Pass ''
2024-01-08 01:39:33,466 T0000: INFO  #### gw7  system/test_snmp.py::test_ft_snmp_ipAddressStorageType_ipv6
2024-01-08 01:39:33,466 T0000: INFO  support pre-function-epilog test_ft_snmp_ipAddressStorageType_ipv6 Pass 'Test case passed'
2024-01-08 01:39:33,473 T0000: INFO  #### gw7  system/test_snmp.py::test_ft_snmp_ipAddressStorageType_ipv6
2024-01-08 01:39:33,473 T0000: INFO  support post-function-epilog test_ft_snmp_ipAddressStorageType_ipv6 Pass 'Test case passed'
2024-01-08 01:39:38,310 T0000: INFO  #### gw7  system/test_snmp.py
2024-01-08 01:39:38,311 T0000: INFO  support pre-function-prolog test_ft_snmp_ipv6_If_Forward_default_HopLimit  ''
2024-01-08 01:39:38,321 T0000: INFO  #### gw7  system/test_snmp.py::test_ft_snmp_ipv6_If_Forward_default_HopLimit
2024-01-08 01:39:38,321 T0000: INFO  support post-function-prolog test_ft_snmp_ipv6_If_Forward_default_HopLimit Pass ''
2024-01-08 01:39:38,359 T0000: INFO  #### gw7  system/test_snmp.py::test_ft_snmp_ipv6_If_Forward_default_HopLimit
2024-01-08 01:39:38,359 T0000: INFO  support pre-function-epilog test_ft_snmp_ipv6_If_Forward_default_HopLimit Pass 'Test case passed'
2024-01-08 01:39:38,367 T0000: INFO  #### gw7  system/test_snmp.py::test_ft_snmp_ipv6_If_Forward_default_HopLimit
2024-01-08 01:39:38,367 T0000: INFO  support post-function-epilog test_ft_snmp_ipv6_If_Forward_default_HopLimit Pass 'Test case passed'
2024-01-08 01:39:43,217 T0000: INFO  #### gw7  system/test_snmp.py
2024-01-08 01:39:43,217 T0000: INFO  support pre-function-prolog test_ft_snmp_ipv6scope_index_table  ''
2024-01-08 01:39:43,230 T0000: INFO  #### gw7  system/test_snmp.py::test_ft_snmp_ipv6scope_index_table
2024-01-08 01:39:43,230 T0000: INFO  support post-function-prolog test_ft_snmp_ipv6scope_index_table Pass ''
2024-01-08 01:39:43,288 T0000: INFO  #### gw7  system/test_snmp.py::test_ft_snmp_ipv6scope_index_table
2024-01-08 01:39:43,288 T0000: INFO  support pre-function-epilog test_ft_snmp_ipv6scope_index_table Pass 'Test case passed'
2024-01-08 01:39:43,292 T0000: INFO  #### gw7  system/test_snmp.py::test_ft_snmp_ipv6scope_index_table
2024-01-08 01:39:43,292 T0000: INFO  support post-function-epilog test_ft_snmp_ipv6scope_index_table Pass 'Test case passed'
2024-01-08 01:39:48,174 T0000: INFO  #### gw7  system/test_snmp.py
2024-01-08 01:39:48,174 T0000: INFO  support pre-function-prolog test_ft_snmp_ip_forward_table  ''
2024-01-08 01:39:48,186 T0000: INFO  #### gw7  system/test_snmp.py::test_ft_snmp_ip_forward_table
2024-01-08 01:39:48,186 T0000: INFO  support post-function-prolog test_ft_snmp_ip_forward_table Pass ''
2024-01-08 01:39:50,862 T0000: INFO  #### gw7  system/test_snmp.py::test_ft_snmp_ip_forward_table
2024-01-08 01:39:50,862 T0000: INFO  support pre-function-epilog test_ft_snmp_ip_forward_table Pass 'Test case passed'
2024-01-08 01:39:50,867 T0000: INFO  #### gw7  system/test_snmp.py::test_ft_snmp_ip_forward_table
2024-01-08 01:39:50,867 T0000: INFO  support post-function-epilog test_ft_snmp_ip_forward_table Pass 'Test case passed'
2024-01-08 01:39:56,586 T0000: INFO  #### gw7  system/test_snmp.py
2024-01-08 01:39:56,586 T0000: INFO  support pre-function-prolog test_ft_snmp_ifx_table  ''
2024-01-08 01:39:56,598 T0000: INFO  #### gw7  system/test_snmp.py::test_ft_snmp_ifx_table
2024-01-08 01:39:56,598 T0000: INFO  support post-function-prolog test_ft_snmp_ifx_table Pass ''
2024-01-08 01:39:56,797 T0000: INFO  #### gw7  system/test_snmp.py::test_ft_snmp_ifx_table
2024-01-08 01:39:56,797 T0000: INFO  support pre-function-epilog test_ft_snmp_ifx_table Pass 'Test case passed'
2024-01-08 01:39:56,802 T0000: INFO  #### gw7  system/test_snmp.py::test_ft_snmp_ifx_table
2024-01-08 01:39:56,802 T0000: INFO  support post-function-epilog test_ft_snmp_ifx_table Pass 'Test case passed'
2024-01-08 01:40:01,662 T0000: INFO  #### gw7  system/test_snmp.py
2024-01-08 01:40:01,663 T0000: INFO  support pre-function-prolog test_ft_snmp_ip_System_Stats_Table  ''
2024-01-08 01:40:01,674 T0000: INFO  #### gw7  system/test_snmp.py::test_ft_snmp_ip_System_Stats_Table
2024-01-08 01:40:01,674 T0000: INFO  support post-function-prolog test_ft_snmp_ip_System_Stats_Table Pass ''
2024-01-08 01:40:01,731 T0000: INFO  #### gw7  system/test_snmp.py::test_ft_snmp_ip_System_Stats_Table
2024-01-08 01:40:01,731 T0000: INFO  support pre-function-epilog test_ft_snmp_ip_System_Stats_Table Pass 'Test case passed'
2024-01-08 01:40:01,736 T0000: INFO  #### gw7  system/test_snmp.py::test_ft_snmp_ip_System_Stats_Table
2024-01-08 01:40:01,737 T0000: INFO  support post-function-epilog test_ft_snmp_ip_System_Stats_Table Pass 'Test case passed'
2024-01-08 01:40:06,589 T0000: INFO  #### gw7  system/test_snmp.py
2024-01-08 01:40:06,589 T0000: INFO  support pre-function-prolog test_ft_snmp_ip_IfStats_Table  ''
2024-01-08 01:40:06,602 T0000: INFO  #### gw7  system/test_snmp.py::test_ft_snmp_ip_IfStats_Table
2024-01-08 01:40:06,602 T0000: INFO  support post-function-prolog test_ft_snmp_ip_IfStats_Table Pass ''
2024-01-08 01:40:06,937 T0000: INFO  #### gw7  system/test_snmp.py::test_ft_snmp_ip_IfStats_Table
2024-01-08 01:40:06,937 T0000: INFO  support pre-function-epilog test_ft_snmp_ip_IfStats_Table Pass 'Test case passed'
2024-01-08 01:40:06,942 T0000: INFO  #### gw7  system/test_snmp.py::test_ft_snmp_ip_IfStats_Table
2024-01-08 01:40:06,942 T0000: INFO  support post-function-epilog test_ft_snmp_ip_IfStats_Table Pass 'Test case passed'
2024-01-08 01:40:11,775 T0000: INFO  #### gw7  system/test_snmp.py
2024-01-08 01:40:11,775 T0000: INFO  support pre-function-prolog test_ft_snmp_ip_Address_Table  ''
2024-01-08 01:40:11,788 T0000: INFO  #### gw7  system/test_snmp.py::test_ft_snmp_ip_Address_Table
2024-01-08 01:40:11,788 T0000: INFO  support post-function-prolog test_ft_snmp_ip_Address_Table Pass ''
2024-01-08 01:40:11,849 T0000: INFO  #### gw7  system/test_snmp.py::test_ft_snmp_ip_Address_Table
2024-01-08 01:40:11,849 T0000: INFO  support pre-function-epilog test_ft_snmp_ip_Address_Table Pass 'Test case passed'
2024-01-08 01:40:11,854 T0000: INFO  #### gw7  system/test_snmp.py::test_ft_snmp_ip_Address_Table
2024-01-08 01:40:11,854 T0000: INFO  support post-function-epilog test_ft_snmp_ip_Address_Table Pass 'Test case passed'
2024-01-08 01:40:16,629 T0000: INFO  #### gw7  system/test_snmp.py
2024-01-08 01:40:16,630 T0000: INFO  support pre-function-prolog test_ft_snmp_ip_NetToPhysical_Table  ''
2024-01-08 01:40:16,642 T0000: INFO  #### gw7  system/test_snmp.py::test_ft_snmp_ip_NetToPhysical_Table
2024-01-08 01:40:16,642 T0000: INFO  support post-function-prolog test_ft_snmp_ip_NetToPhysical_Table Pass ''
2024-01-08 01:40:16,666 T0000: INFO  #### gw7  system/test_snmp.py::test_ft_snmp_ip_NetToPhysical_Table
2024-01-08 01:40:16,666 T0000: INFO  support pre-function-epilog test_ft_snmp_ip_NetToPhysical_Table Pass 'Test case passed'
2024-01-08 01:40:16,673 T0000: INFO  #### gw7  system/test_snmp.py::test_ft_snmp_ip_NetToPhysical_Table
2024-01-08 01:40:16,673 T0000: INFO  support post-function-epilog test_ft_snmp_ip_NetToPhysical_Table Pass 'Test case passed'
2024-01-08 01:40:21,544 T0000: INFO  #### gw7  system/test_snmp.py
2024-01-08 01:40:21,544 T0000: INFO  support pre-function-prolog test_ft_snmp_icmp_Msgs  ''
2024-01-08 01:40:21,558 T0000: INFO  #### gw7  system/test_snmp.py::test_ft_snmp_icmp_Msgs
2024-01-08 01:40:21,558 T0000: INFO  support post-function-prolog test_ft_snmp_icmp_Msgs Pass ''
2024-01-08 01:40:21,669 T0000: INFO  #### gw7  system/test_snmp.py::test_ft_snmp_icmp_Msgs
2024-01-08 01:40:21,669 T0000: INFO  support pre-function-epilog test_ft_snmp_icmp_Msgs Pass 'Test case passed'
2024-01-08 01:40:21,682 T0000: INFO  #### gw7  system/test_snmp.py::test_ft_snmp_icmp_Msgs
2024-01-08 01:40:21,682 T0000: INFO  support post-function-epilog test_ft_snmp_icmp_Msgs Pass 'Test case passed'
2024-01-08 01:40:26,495 T0000: INFO  #### gw7  system/test_snmp.py
2024-01-08 01:40:26,495 T0000: INFO  support pre-function-prolog test_ft_snmp_tcp_mib  ''
2024-01-08 01:40:26,510 T0000: INFO  #### gw7  system/test_snmp.py::test_ft_snmp_tcp_mib
2024-01-08 01:40:26,510 T0000: INFO  support post-function-prolog test_ft_snmp_tcp_mib Pass ''
2024-01-08 01:40:28,406 T0000: INFO  #### gw7  system/test_snmp.py::test_ft_snmp_tcp_mib
2024-01-08 01:40:28,406 T0000: INFO  support pre-function-epilog test_ft_snmp_tcp_mib Pass 'Test case passed'
2024-01-08 01:40:28,412 T0000: INFO  #### gw7  system/test_snmp.py::test_ft_snmp_tcp_mib
2024-01-08 01:40:28,412 T0000: INFO  support post-function-epilog test_ft_snmp_tcp_mib Pass 'Test case passed'
2024-01-08 01:40:33,261 T0000: INFO  #### gw7  system/test_snmp.py
2024-01-08 01:40:33,261 T0000: INFO  support pre-function-prolog test_ft_snmp_udp_mib  ''
2024-01-08 01:40:33,269 T0000: INFO  #### gw7  system/test_snmp.py::test_ft_snmp_udp_mib
2024-01-08 01:40:33,269 T0000: INFO  support post-function-prolog test_ft_snmp_udp_mib Pass ''
2024-01-08 01:40:33,343 T0000: INFO  #### gw7  system/test_snmp.py::test_ft_snmp_udp_mib
2024-01-08 01:40:33,343 T0000: INFO  support pre-function-epilog test_ft_snmp_udp_mib Pass 'Test case passed'
2024-01-08 01:40:33,350 T0000: INFO  #### gw7  system/test_snmp.py::test_ft_snmp_udp_mib
2024-01-08 01:40:33,350 T0000: INFO  support post-function-epilog test_ft_snmp_udp_mib Pass 'Test case passed'
2024-01-08 01:40:38,224 T0000: INFO  #### gw7  system/test_snmp.py
2024-01-08 01:40:38,224 T0000: INFO  support pre-function-prolog test_ft_snmp_snmpv2_mib  ''
2024-01-08 01:40:38,235 T0000: INFO  #### gw7  system/test_snmp.py::test_ft_snmp_snmpv2_mib
2024-01-08 01:40:38,236 T0000: INFO  support post-function-prolog test_ft_snmp_snmpv2_mib Pass ''
2024-01-08 01:40:38,271 T0000: INFO  #### gw7  system/test_snmp.py::test_ft_snmp_snmpv2_mib
2024-01-08 01:40:38,271 T0000: INFO  support pre-function-epilog test_ft_snmp_snmpv2_mib Pass 'Test case passed'
2024-01-08 01:40:38,280 T0000: INFO  #### gw7  system/test_snmp.py::test_ft_snmp_snmpv2_mib
2024-01-08 01:40:38,280 T0000: INFO  support post-function-epilog test_ft_snmp_snmpv2_mib Pass 'Test case passed'
2024-01-08 01:40:43,075 T0000: INFO  #### gw7  system/test_snmp.py
2024-01-08 01:40:43,075 T0000: INFO  support pre-function-prolog test_ft_snmp_host_resource_mib  ''
2024-01-08 01:40:43,087 T0000: INFO  #### gw7  system/test_snmp.py::test_ft_snmp_host_resource_mib
2024-01-08 01:40:43,087 T0000: INFO  support post-function-prolog test_ft_snmp_host_resource_mib Pass ''
2024-01-08 01:40:43,368 T0000: INFO  #### gw7  system/test_snmp.py::test_ft_snmp_host_resource_mib
2024-01-08 01:40:43,368 T0000: INFO  support pre-function-epilog test_ft_snmp_host_resource_mib Pass 'Test case passed'
2024-01-08 01:40:43,380 T0000: INFO  #### gw7  system/test_snmp.py::test_ft_snmp_host_resource_mib
2024-01-08 01:40:43,380 T0000: INFO  support post-function-epilog test_ft_snmp_host_resource_mib Pass 'Test case passed'
2024-01-08 01:40:48,342 T0000: INFO  #### gw7  system/test_snmp.py
2024-01-08 01:40:48,343 T0000: INFO  support pre-function-prolog test_ft_snmp_framework_mib  ''
2024-01-08 01:40:48,355 T0000: INFO  #### gw7  system/test_snmp.py::test_ft_snmp_framework_mib
2024-01-08 01:40:48,355 T0000: INFO  support post-function-prolog test_ft_snmp_framework_mib Pass ''
2024-01-08 01:40:48,380 T0000: INFO  #### gw7  system/test_snmp.py::test_ft_snmp_framework_mib
2024-01-08 01:40:48,381 T0000: INFO  support pre-function-epilog test_ft_snmp_framework_mib Pass 'Test case passed'
2024-01-08 01:40:48,391 T0000: INFO  #### gw7  system/test_snmp.py::test_ft_snmp_framework_mib
2024-01-08 01:40:48,391 T0000: INFO  support post-function-epilog test_ft_snmp_framework_mib Pass 'Test case passed'
2024-01-08 01:40:53,188 T0000: INFO  #### gw7  system/test_snmp.py
2024-01-08 01:40:53,188 T0000: INFO  support pre-function-prolog test_ft_snmp_mpd_mib  ''
2024-01-08 01:40:53,202 T0000: INFO  #### gw7  system/test_snmp.py::test_ft_snmp_mpd_mib
2024-01-08 01:40:53,202 T0000: INFO  support post-function-prolog test_ft_snmp_mpd_mib Pass ''
2024-01-08 01:40:53,232 T0000: INFO  #### gw7  system/test_snmp.py::test_ft_snmp_mpd_mib
2024-01-08 01:40:53,232 T0000: INFO  support pre-function-epilog test_ft_snmp_mpd_mib Pass 'Test case passed'
2024-01-08 01:40:53,242 T0000: INFO  #### gw7  system/test_snmp.py::test_ft_snmp_mpd_mib
2024-01-08 01:40:53,242 T0000: INFO  support post-function-epilog test_ft_snmp_mpd_mib Pass 'Test case passed'
2024-01-08 01:40:58,134 T0000: INFO  #### gw7  system/test_snmp.py
2024-01-08 01:40:58,134 T0000: INFO  support pre-function-prolog test_ft_snmp_target_mib  ''
2024-01-08 01:40:58,146 T0000: INFO  #### gw7  system/test_snmp.py::test_ft_snmp_target_mib
2024-01-08 01:40:58,146 T0000: INFO  support post-function-prolog test_ft_snmp_target_mib Pass ''
2024-01-08 01:40:58,176 T0000: INFO  #### gw7  system/test_snmp.py::test_ft_snmp_target_mib
2024-01-08 01:40:58,176 T0000: INFO  support pre-function-epilog test_ft_snmp_target_mib Pass 'Test case passed'
2024-01-08 01:40:58,182 T0000: INFO  #### gw7  system/test_snmp.py::test_ft_snmp_target_mib
2024-01-08 01:40:58,182 T0000: INFO  support post-function-epilog test_ft_snmp_target_mib Pass 'Test case passed'
2024-01-08 01:41:03,125 T0000: INFO  #### gw7  system/test_snmp.py
2024-01-08 01:41:03,126 T0000: INFO  support pre-function-prolog test_ft_snmp_notification_mib  ''
2024-01-08 01:41:03,138 T0000: INFO  #### gw7  system/test_snmp.py::test_ft_snmp_notification_mib
2024-01-08 01:41:03,138 T0000: INFO  support post-function-prolog test_ft_snmp_notification_mib Pass ''
2024-01-08 01:41:03,192 T0000: INFO  #### gw7  system/test_snmp.py::test_ft_snmp_notification_mib
2024-01-08 01:41:03,192 T0000: INFO  support pre-function-epilog test_ft_snmp_notification_mib Pass 'Test case passed'
2024-01-08 01:41:03,202 T0000: INFO  #### gw7  system/test_snmp.py::test_ft_snmp_notification_mib
2024-01-08 01:41:03,202 T0000: INFO  support post-function-epilog test_ft_snmp_notification_mib Pass 'Test case passed'
2024-01-08 01:41:08,168 T0000: INFO  #### gw7  system/test_snmp.py
2024-01-08 01:41:08,168 T0000: INFO  support pre-function-prolog test_ft_snmp_user_based_sm_mib  ''
2024-01-08 01:41:08,180 T0000: INFO  #### gw7  system/test_snmp.py::test_ft_snmp_user_based_sm_mib
2024-01-08 01:41:08,180 T0000: INFO  support post-function-prolog test_ft_snmp_user_based_sm_mib Pass ''
2024-01-08 01:41:08,206 T0000: INFO  #### gw7  system/test_snmp.py::test_ft_snmp_user_based_sm_mib
2024-01-08 01:41:08,206 T0000: INFO  support pre-function-epilog test_ft_snmp_user_based_sm_mib Pass 'Test case passed'
2024-01-08 01:41:08,216 T0000: INFO  #### gw7  system/test_snmp.py::test_ft_snmp_user_based_sm_mib
2024-01-08 01:41:08,216 T0000: INFO  support post-function-epilog test_ft_snmp_user_based_sm_mib Pass 'Test case passed'
2024-01-08 01:41:13,230 T0000: INFO  #### gw7  system/test_snmp.py
2024-01-08 01:41:13,230 T0000: INFO  support pre-function-prolog test_ft_snmp_view_based_acm_mib  ''
2024-01-08 01:41:13,242 T0000: INFO  #### gw7  system/test_snmp.py::test_ft_snmp_view_based_acm_mib
2024-01-08 01:41:13,242 T0000: INFO  support post-function-prolog test_ft_snmp_view_based_acm_mib Pass ''
2024-01-08 01:41:13,295 T0000: INFO  #### gw7  system/test_snmp.py::test_ft_snmp_view_based_acm_mib
2024-01-08 01:41:13,295 T0000: INFO  support pre-function-epilog test_ft_snmp_view_based_acm_mib Pass 'Test case passed'
2024-01-08 01:41:13,302 T0000: INFO  #### gw7  system/test_snmp.py::test_ft_snmp_view_based_acm_mib
2024-01-08 01:41:13,302 T0000: INFO  support post-function-epilog test_ft_snmp_view_based_acm_mib Pass 'Test case passed'
2024-01-08 01:41:18,251 T0000: INFO  #### gw7  system/test_snmp.py
2024-01-08 01:41:18,252 T0000: INFO  support pre-function-prolog test_ft_snmp_ent_physical_table  ''
2024-01-08 01:41:18,260 T0000: INFO  #### gw7  system/test_snmp.py::test_ft_snmp_ent_physical_table
2024-01-08 01:41:18,261 T0000: INFO  support post-function-prolog test_ft_snmp_ent_physical_table Pass ''
2024-01-08 01:41:18,314 T0000: INFO  #### gw7  system/test_snmp.py::test_ft_snmp_ent_physical_table
2024-01-08 01:41:18,314 T0000: INFO  support pre-function-epilog test_ft_snmp_ent_physical_table Pass 'Test case passed'
2024-01-08 01:41:18,321 T0000: INFO  #### gw7  system/test_snmp.py::test_ft_snmp_ent_physical_table
2024-01-08 01:41:18,321 T0000: INFO  support post-function-epilog test_ft_snmp_ent_physical_table Pass 'Test case passed'
2024-01-08 01:41:23,222 T0000: INFO  #### gw7  system/test_snmp.py
2024-01-08 01:41:23,222 T0000: INFO  support pre-function-prolog test_ft_snmp_dot3_stats_table  ''
2024-01-08 01:41:23,233 T0000: INFO  #### gw7  system/test_snmp.py::test_ft_snmp_dot3_stats_table
2024-01-08 01:41:23,233 T0000: INFO  support post-function-prolog test_ft_snmp_dot3_stats_table Pass ''
2024-01-08 01:41:23,292 T0000: INFO  #### gw7  system/test_snmp.py::test_ft_snmp_dot3_stats_table
2024-01-08 01:41:23,292 T0000: INFO  support pre-function-epilog test_ft_snmp_dot3_stats_table Pass 'Test case passed'
2024-01-08 01:41:23,297 T0000: INFO  #### gw7  system/test_snmp.py::test_ft_snmp_dot3_stats_table
2024-01-08 01:41:23,297 T0000: INFO  support post-function-epilog test_ft_snmp_dot3_stats_table Pass 'Test case passed'
2024-01-08 01:41:28,322 T0000: INFO  #### gw7  system/test_snmp.py
2024-01-08 01:41:28,322 T0000: INFO  support pre-function-prolog test_ft_net_snmp_agent_mib  ''
2024-01-08 01:41:28,334 T0000: INFO  #### gw7  system/test_snmp.py::test_ft_net_snmp_agent_mib
2024-01-08 01:41:28,334 T0000: INFO  support post-function-prolog test_ft_net_snmp_agent_mib Pass ''
2024-01-08 01:41:28,846 T0000: INFO  #### gw7  system/test_snmp.py::test_ft_net_snmp_agent_mib
2024-01-08 01:41:28,846 T0000: INFO  support pre-function-epilog test_ft_net_snmp_agent_mib Pass 'Test case passed'
2024-01-08 01:41:28,850 T0000: INFO  #### gw7  system/test_snmp.py::test_ft_net_snmp_agent_mib
2024-01-08 01:41:28,850 T0000: INFO  support post-function-epilog test_ft_net_snmp_agent_mib Pass 'Test case passed'
2024-01-08 01:41:33,802 T0000: INFO  #### gw7  system/test_snmp.py
2024-01-08 01:41:33,802 T0000: INFO  support pre-function-prolog test_ft_net_snmp_vacm_mib  ''
2024-01-08 01:41:33,813 T0000: INFO  #### gw7  system/test_snmp.py::test_ft_net_snmp_vacm_mib
2024-01-08 01:41:33,813 T0000: INFO  support post-function-prolog test_ft_net_snmp_vacm_mib Pass ''
2024-01-08 01:41:33,858 T0000: INFO  #### gw7  system/test_snmp.py::test_ft_net_snmp_vacm_mib
2024-01-08 01:41:33,858 T0000: INFO  support pre-function-epilog test_ft_net_snmp_vacm_mib Pass 'Test case passed'
2024-01-08 01:41:33,863 T0000: INFO  #### gw7  system/test_snmp.py::test_ft_net_snmp_vacm_mib
2024-01-08 01:41:33,863 T0000: INFO  support post-function-epilog test_ft_net_snmp_vacm_mib Pass 'Test case passed'
2024-01-08 01:41:38,805 T0000: INFO  #### gw7  system/test_snmp.py
2024-01-08 01:41:38,805 T0000: INFO  support pre-function-prolog test_ft_snmp_ucd_diskio_mib  ''
2024-01-08 01:41:38,819 T0000: INFO  #### gw7  system/test_snmp.py::test_ft_snmp_ucd_diskio_mib
2024-01-08 01:41:38,819 T0000: INFO  support post-function-prolog test_ft_snmp_ucd_diskio_mib Pass ''
2024-01-08 01:41:38,875 T0000: INFO  #### gw7  system/test_snmp.py::test_ft_snmp_ucd_diskio_mib
2024-01-08 01:41:38,875 T0000: INFO  support pre-function-epilog test_ft_snmp_ucd_diskio_mib Pass 'Test case passed'
2024-01-08 01:41:38,880 T0000: INFO  #### gw7  system/test_snmp.py::test_ft_snmp_ucd_diskio_mib
2024-01-08 01:41:38,880 T0000: INFO  support post-function-epilog test_ft_snmp_ucd_diskio_mib Pass 'Test case passed'
2024-01-08 01:41:43,741 T0000: INFO  #### gw7  system/test_snmp.py
2024-01-08 01:41:43,742 T0000: INFO  support pre-function-prolog test_ft_snmp_ucd_la_table  ''
2024-01-08 01:41:43,753 T0000: INFO  #### gw7  system/test_snmp.py::test_ft_snmp_ucd_la_table
2024-01-08 01:41:43,753 T0000: INFO  support post-function-prolog test_ft_snmp_ucd_la_table Pass ''
2024-01-08 01:41:43,784 T0000: INFO  #### gw7  system/test_snmp.py::test_ft_snmp_ucd_la_table
2024-01-08 01:41:43,785 T0000: INFO  support pre-function-epilog test_ft_snmp_ucd_la_table Pass 'Test case passed'
2024-01-08 01:41:43,793 T0000: INFO  #### gw7  system/test_snmp.py::test_ft_snmp_ucd_la_table
2024-01-08 01:41:43,793 T0000: INFO  support post-function-epilog test_ft_snmp_ucd_la_table Pass 'Test case passed'
2024-01-08 01:41:48,694 T0000: INFO  #### gw7  system/test_snmp.py
2024-01-08 01:41:48,695 T0000: INFO  support pre-function-prolog test_ft_snmp_ucd_system_stats  ''
2024-01-08 01:41:48,704 T0000: INFO  #### gw7  system/test_snmp.py::test_ft_snmp_ucd_system_stats
2024-01-08 01:41:48,704 T0000: INFO  support post-function-prolog test_ft_snmp_ucd_system_stats Pass ''
2024-01-08 01:41:48,740 T0000: INFO  #### gw7  system/test_snmp.py::test_ft_snmp_ucd_system_stats
2024-01-08 01:41:48,740 T0000: INFO  support pre-function-epilog test_ft_snmp_ucd_system_stats Pass 'Test case passed'
2024-01-08 01:41:48,747 T0000: INFO  #### gw7  system/test_snmp.py::test_ft_snmp_ucd_system_stats
2024-01-08 01:41:48,747 T0000: INFO  support post-function-epilog test_ft_snmp_ucd_system_stats Pass 'Test case passed'
2024-01-08 01:41:53,655 T0000: INFO  #### gw7  system/test_snmp.py
2024-01-08 01:41:53,655 T0000: INFO  support pre-function-prolog test_ft_snmp_dot1q_tp_fdb_port  ''
2024-01-08 01:41:53,668 T0000: INFO  #### gw7  system/test_snmp.py::test_ft_snmp_dot1q_tp_fdb_port
2024-01-08 01:41:53,668 T0000: INFO  support post-function-prolog test_ft_snmp_dot1q_tp_fdb_port Pass ''
2024-01-08 01:41:55,192 T0000: WARN  #### gw7  system/test_snmp.py::test_ft_snmp_dot1q_tp_fdb_port
2024-01-08 01:41:55,192 T0000: WARN  support pre-function-epilog test_ft_snmp_dot1q_tp_fdb_port Fail 'SNMP output is not found after walk of dot1qTpFdbPort OID'
2024-01-08 01:41:55,586 T0000: WARN  #### gw7  system/test_snmp.py::test_ft_snmp_dot1q_tp_fdb_port
2024-01-08 01:41:55,586 T0000: WARN  support post-function-epilog test_ft_snmp_dot1q_tp_fdb_port ignore 'SNMP output is not found after walk of dot1qTpFdbPort OID'
2024-01-08 01:42:00,434 T0000: INFO  #### gw7  system/test_snmp.py
2024-01-08 01:42:00,434 T0000: INFO  support pre-function-prolog test_ft_snmp_dot1q_tp_fdb_address  ''
2024-01-08 01:42:00,442 T0000: INFO  #### gw7  system/test_snmp.py::test_ft_snmp_dot1q_tp_fdb_address
2024-01-08 01:42:00,442 T0000: INFO  support post-function-prolog test_ft_snmp_dot1q_tp_fdb_address Pass ''
2024-01-08 01:42:00,952 T0000: INFO  #### gw7  system/test_snmp.py::test_ft_snmp_dot1q_tp_fdb_address
2024-01-08 01:42:00,952 T0000: INFO  support pre-function-epilog test_ft_snmp_dot1q_tp_fdb_address Pass 'Test case passed'
2024-01-08 01:42:00,959 T0000: INFO  #### gw7  system/test_snmp.py::test_ft_snmp_dot1q_tp_fdb_address
2024-01-08 01:42:00,959 T0000: INFO  support post-function-epilog test_ft_snmp_dot1q_tp_fdb_address Pass 'Test case passed'
2024-01-08 01:42:05,857 T0000: INFO  #### gw7  system/test_snmp.py
2024-01-08 01:42:05,858 T0000: INFO  support pre-function-prolog test_ft_snmp_coldstart_trap  ''
2024-01-08 01:42:05,870 T0000: INFO  #### gw7  system/test_snmp.py::test_ft_snmp_coldstart_trap
2024-01-08 01:42:05,870 T0000: INFO  support post-function-prolog test_ft_snmp_coldstart_trap Pass ''
2024-01-08 01:42:19,634 T0000: WARN  #### gw7  system/test_snmp.py::test_ft_snmp_coldstart_trap
2024-01-08 01:42:19,634 T0000: WARN  support pre-function-epilog test_ft_snmp_coldstart_trap EnvFail 'Test case Failed Couldn't get the snmptrapd process details from snmp trap server. Please check the snmp trap server process in the server.'
2024-01-08 01:42:20,162 T0000: WARN  #### gw7  system/test_snmp.py::test_ft_snmp_coldstart_trap
2024-01-08 01:42:20,162 T0000: WARN  support post-function-epilog test_ft_snmp_coldstart_trap ignore 'Test case Failed Couldn't get the snmptrapd process details from snmp trap server. Please check the snmp trap server process in the server.'
2024-01-08 01:42:25,221 T0000: INFO  #### gw7  system/test_snmp.py
2024-01-08 01:42:25,221 T0000: INFO  support pre-function-prolog test_ft_snmp_docker_restart  ''
2024-01-08 01:42:25,234 T0000: INFO  #### gw7  system/test_snmp.py::test_ft_snmp_docker_restart
2024-01-08 01:42:25,234 T0000: INFO  support post-function-prolog test_ft_snmp_docker_restart Pass ''
2024-01-08 01:42:37,644 T0000: WARN  #### gw7  system/test_snmp.py::test_ft_snmp_docker_restart
2024-01-08 01:42:37,644 T0000: WARN  support pre-function-epilog test_ft_snmp_docker_restart Fail 'SNMP service is not up'
2024-01-08 01:42:38,089 T0000: WARN  #### gw7  system/test_snmp.py::test_ft_snmp_docker_restart
2024-01-08 01:42:38,089 T0000: WARN  support post-function-epilog test_ft_snmp_docker_restart ignore 'SNMP service is not up'
2024-01-08 01:42:38,126 T0000: WARN  #### gw7  system/test_snmp.py::test_ft_snmp_docker_restart
2024-01-08 01:42:38,126 T0000: WARN  support pre-module-epilog system/test_snmp.py fail ''
2024-01-08 01:43:24,249 T0000: WARN  #### gw7  system/test_snmp.py::test_ft_snmp_docker_restart
2024-01-08 01:43:24,249 T0000: WARN  support post-module-epilog system/test_snmp.py fail ''
2024-01-08 01:47:14,133 T0140: ERROR #### gw7 WARN
2024-01-08 01:47:14,134 T0140: ERROR Traceback (most recent call last):
2024-01-08 01:47:14,134 T0140: ERROR   File "/repo/spytest/net.py", line 1910, in _try
2024-01-08 01:47:14,134 T0140: ERROR     output = hndl.send_command_new(fcli, new_cmd, expect_string,
2024-01-08 01:47:14,134 T0140: ERROR   File "/repo/spytest/access/netmiko_connection.py", line 725, in send_command_new
2024-01-08 01:47:14,134 T0140: ERROR     raise IOError(self.dmsg_str(dbg_msg, msg1))
2024-01-08 01:47:14,134 T0140: ERROR OSError: Prompt Not Detected in DF 2.0: '(sonic|sonic)#'
2024-01-08 01:47:14,134 T0140: ERROR =======================FASTER-CLI-DBG===================
2024-01-08 01:47:14,134 T0140: ERROR command_string: sudo vtysh<LF>
2024-01-08 01:47:14,134 T0140: ERROR search_pattern: (sonic|sonic)#
2024-01-08 01:47:14,134 T0140: ERROR cmd_issued: False
2024-01-08 01:47:14,134 T0140: ERROR CMP-OUT: sudo vtysh<LF>
2024-01-08 01:47:14,134 T0140: ERROR CMP-CMD: sudo vtysh<LF>
2024-01-08 01:47:14,134 T0140: ERROR ECHOED OUTPUT:
2024-01-08 01:47:14,134 T0140: ERROR CMP-PROMPT: (sonic|sonic)#
2024-01-08 01:47:14,134 T0140: ERROR CMP-OUTPUT:
2024-01-08 01:47:14,134 T0140: ERROR cmd_issued: True
2024-01-08 01:47:14,134 T0140: ERROR CMP-PROMPT: (sonic|sonic)#
2024-01-08 01:47:14,134 T0140: ERROR CMP-OUTPUT: Error response from daemon: Container 972d366cf951c186326778e10ba7951a9cfa0788872ff8d93a0809ee8b2cd6b7 is not running
2024-01-08 01:47:14,134 T0140: ERROR CMP-OUTPUT: admin@sonic:~$
2024-01-08 01:47:14,134 T0140: ERROR CMP-OUTPUT: admin@sonic:~$
2024-01-08 01:47:14,134 T0140: ERROR Read Data: sudo vtysh
2024-01-08 01:47:14,134 T0140: ERROR Truncated...
2024-01-08 01:47:16,856 T0140: WARN  #### gw7
2024-01-08 01:47:16,856 T0140: WARN  support function  ConfigFail 'Command 'sudo vtysh' failed to give required prompt, recovered using CR'
2024-01-08 01:32:44,308 T0000: WARN  #### gw6
2024-01-08 01:32:44,308 T0000: WARN  support post-session-prolog session pass ''
2024-01-08 01:33:30,312 T0000: WARN  #### gw6  batch/test_spytest_infra_1.py::test_spytest_infra_second
2024-01-08 01:33:30,312 T0000: WARN  support session-epilog session pass ''
2024-01-08 00:58:27,915 T0025: WARN  #### gw2
2024-01-08 00:58:27,915 T0025: WARN  support post-session-prolog session pass ''
2024-01-08 00:58:27,917 T0026: WARN  #### gw2
2024-01-08 00:58:27,917 T0026: WARN  support post-session-prolog session pass ''
2024-01-08 00:59:30,847 T0079: INFO  #### gw2
2024-01-08 00:59:30,847 T0079: INFO  support pre-module-prolog switching/test_portchannel.py  ''
2024-01-08 00:59:30,850 T0080: INFO  #### gw2
2024-01-08 00:59:30,850 T0080: INFO  support pre-module-prolog switching/test_portchannel.py  ''
2024-01-08 01:00:14,653 T0104: INFO  #### gw2  switching/test_portchannel.py
2024-01-08 01:00:14,653 T0104: INFO  support post-module-prolog switching/test_portchannel.py Pass ''
2024-01-08 01:00:14,655 T0105: INFO  #### gw2  switching/test_portchannel.py
2024-01-08 01:00:14,655 T0105: INFO  support post-module-prolog switching/test_portchannel.py Pass ''
2024-01-08 01:00:50,556 T0129: INFO  #### gw2  switching/test_portchannel.py
2024-01-08 01:00:50,557 T0129: INFO  support pre-function-prolog test_ft_portchannel_with_vlan_variations  ''
2024-01-08 01:00:50,562 T0130: INFO  #### gw2  switching/test_portchannel.py
2024-01-08 01:00:50,563 T0130: INFO  support pre-function-prolog test_ft_portchannel_with_vlan_variations  ''
2024-01-08 01:00:55,261 T0133: INFO  #### gw2  switching/test_portchannel.py::test_ft_portchannel_with_vlan_variations
2024-01-08 01:00:55,262 T0133: INFO  support post-function-prolog test_ft_portchannel_with_vlan_variations Pass ''
2024-01-08 01:00:55,266 T0134: INFO  #### gw2  switching/test_portchannel.py::test_ft_portchannel_with_vlan_variations
2024-01-08 01:00:55,266 T0134: INFO  support post-function-prolog test_ft_portchannel_with_vlan_variations Pass ''
2024-01-08 01:01:25,502 T0149: INFO  #### gw2  switching/test_portchannel.py::test_ft_portchannel_with_vlan_variations
2024-01-08 01:01:25,502 T0149: INFO  support pre-function-epilog test_ft_portchannel_with_vlan_variations Pass 'Test case passed'
2024-01-08 01:01:25,506 T0150: INFO  #### gw2  switching/test_portchannel.py::test_ft_portchannel_with_vlan_variations
2024-01-08 01:01:25,506 T0150: INFO  support pre-function-epilog test_ft_portchannel_with_vlan_variations Pass 'Test case passed'
2024-01-08 01:01:28,265 T0153: INFO  #### gw2  switching/test_portchannel.py::test_ft_portchannel_with_vlan_variations
2024-01-08 01:01:28,266 T0153: INFO  support post-function-epilog test_ft_portchannel_with_vlan_variations Pass 'Test case passed'
2024-01-08 01:01:28,269 T0154: INFO  #### gw2  switching/test_portchannel.py::test_ft_portchannel_with_vlan_variations
2024-01-08 01:01:28,270 T0154: INFO  support post-function-epilog test_ft_portchannel_with_vlan_variations Pass 'Test case passed'
2024-01-08 01:01:33,623 T0160: INFO  #### gw2  switching/test_portchannel.py
2024-01-08 01:01:33,623 T0160: INFO  support pre-function-prolog test_ft_verify_min_links_functionality_by_flapping_all_member_ports_007  ''
2024-01-08 01:01:33,627 T0161: INFO  #### gw2  switching/test_portchannel.py
2024-01-08 01:01:33,627 T0161: INFO  support pre-function-prolog test_ft_verify_min_links_functionality_by_flapping_all_member_ports_007  ''
2024-01-08 01:01:36,999 T0164: INFO  #### gw2  switching/test_portchannel.py::test_ft_verify_min_links_functionality_by_flapping_all_member_ports_007
2024-01-08 01:01:37,000 T0164: INFO  support post-function-prolog test_ft_verify_min_links_functionality_by_flapping_all_member_ports_007 Pass ''
2024-01-08 01:01:37,003 T0165: INFO  #### gw2  switching/test_portchannel.py::test_ft_verify_min_links_functionality_by_flapping_all_member_ports_007
2024-01-08 01:01:37,003 T0165: INFO  support post-function-prolog test_ft_verify_min_links_functionality_by_flapping_all_member_ports_007 Pass ''
2024-01-08 01:01:38,300 T0167: WARN  #### gw2 IGNORED ERROR switching/test_portchannel.py::test_ft_verify_min_links_functionality_by_flapping_all_member_ports_007
2024-01-08 01:01:38,300 T0167: WARN  Skipped error checking but detected pattern: containing_error command: sudo -s config portchannel add PortChannel7  --min-links 4
2024-01-08 01:01:38,302 T0166: WARN  #### gw2 IGNORED ERROR switching/test_portchannel.py::test_ft_verify_min_links_functionality_by_flapping_all_member_ports_007
2024-01-08 01:01:38,303 T0166: WARN  Skipped error checking but detected pattern: containing_error command: sudo -s config portchannel add PortChannel7  --min-links 4
2024-01-08 01:01:51,411 T0172: INFO  #### gw2  switching/test_portchannel.py::test_ft_verify_min_links_functionality_by_flapping_all_member_ports_007
2024-01-08 01:01:51,412 T0172: INFO  support pre-function-epilog test_ft_verify_min_links_functionality_by_flapping_all_member_ports_007 Pass 'Test case passed'
2024-01-08 01:01:51,415 T0173: INFO  #### gw2  switching/test_portchannel.py::test_ft_verify_min_links_functionality_by_flapping_all_member_ports_007
2024-01-08 01:01:51,415 T0173: INFO  support pre-function-epilog test_ft_verify_min_links_functionality_by_flapping_all_member_ports_007 Pass 'Test case passed'
2024-01-08 01:01:52,660 T0174: WARN  #### gw2 IGNORED ERROR switching/test_portchannel.py::test_ft_verify_min_links_functionality_by_flapping_all_member_ports_007
2024-01-08 01:01:52,660 T0174: WARN  Skipped error checking but detected pattern: containing_error command: sudo -s config portchannel add PortChannel7  --min-links True
2024-01-08 01:01:52,717 T0175: WARN  #### gw2 IGNORED ERROR switching/test_portchannel.py::test_ft_verify_min_links_functionality_by_flapping_all_member_ports_007
2024-01-08 01:01:52,717 T0175: WARN  Skipped error checking but detected pattern: containing_error command: sudo -s config portchannel add PortChannel7  --min-links True
2024-01-08 01:01:52,720 T0176: INFO  #### gw2  switching/test_portchannel.py::test_ft_verify_min_links_functionality_by_flapping_all_member_ports_007
2024-01-08 01:01:52,721 T0176: INFO  support post-function-epilog test_ft_verify_min_links_functionality_by_flapping_all_member_ports_007 Pass 'Test case passed'
2024-01-08 01:01:52,724 T0177: INFO  #### gw2  switching/test_portchannel.py::test_ft_verify_min_links_functionality_by_flapping_all_member_ports_007
2024-01-08 01:01:52,725 T0177: INFO  support post-function-epilog test_ft_verify_min_links_functionality_by_flapping_all_member_ports_007 Pass 'Test case passed'
2024-01-08 01:01:52,756 T0178: WARN  #### gw2  switching/test_portchannel.py::test_ft_verify_min_links_functionality_by_flapping_all_member_ports_007
2024-01-08 01:01:52,756 T0178: WARN  support pre-module-epilog switching/test_portchannel.py pass ''
2024-01-08 01:01:52,758 T0179: WARN  #### gw2  switching/test_portchannel.py::test_ft_verify_min_links_functionality_by_flapping_all_member_ports_007
2024-01-08 01:01:52,758 T0179: WARN  support pre-module-epilog switching/test_portchannel.py pass ''
2024-01-08 01:02:28,597 T0199: ERROR #### gw2 ERROR switching/test_portchannel.py::test_ft_verify_min_links_functionality_by_flapping_all_member_ports_007
2024-01-08 01:02:28,597 T0199: ERROR detected pattern: containing_error executing 'sudo -s config portchannel del PortChannel7'
2024-01-08 01:02:29,012 T0198: ERROR #### gw2 ERROR switching/test_portchannel.py::test_ft_verify_min_links_functionality_by_flapping_all_member_ports_007
2024-01-08 01:02:29,012 T0198: ERROR detected pattern: containing_error executing 'sudo -s config portchannel del PortChannel7'
2024-01-08 01:02:29,015 T0200: WARN  #### gw2  switching/test_portchannel.py::test_ft_verify_min_links_functionality_by_flapping_all_member_ports_007
2024-01-08 01:02:29,016 T0200: WARN  support post-module-epilog switching/test_portchannel.py pass ''
2024-01-08 01:02:29,018 T0201: WARN  #### gw2  switching/test_portchannel.py::test_ft_verify_min_links_functionality_by_flapping_all_member_ports_007
2024-01-08 01:02:29,018 T0201: WARN  support post-module-epilog switching/test_portchannel.py pass ''
2024-01-08 01:07:10,185 T0269: INFO  #### gw2
2024-01-08 01:07:10,185 T0269: INFO  support pre-module-prolog system/test_ssh.py  ''
2024-01-08 01:07:10,187 T0270: INFO  #### gw2
2024-01-08 01:07:10,187 T0270: INFO  support pre-module-prolog system/test_ssh.py  ''
2024-01-08 01:07:49,103 T0297: INFO  #### gw2  system/test_ssh.py
2024-01-08 01:07:49,103 T0297: INFO  support post-module-prolog system/test_ssh.py Pass ''
2024-01-08 01:07:49,108 T0298: INFO  #### gw2  system/test_ssh.py
2024-01-08 01:07:49,109 T0298: INFO  support post-module-prolog system/test_ssh.py Pass ''
2024-01-08 01:08:22,612 T0322: INFO  #### gw2  system/test_ssh.py
2024-01-08 01:08:22,612 T0322: INFO  support pre-function-prolog test_ft_ssh_service_disable  ''
2024-01-08 01:08:22,616 T0323: INFO  #### gw2  system/test_ssh.py
2024-01-08 01:08:22,616 T0323: INFO  support pre-function-prolog test_ft_ssh_service_disable  ''
2024-01-08 01:08:22,631 T0324: INFO  #### gw2  system/test_ssh.py::test_ft_ssh_service_disable
2024-01-08 01:08:22,632 T0324: INFO  support post-function-prolog test_ft_ssh_service_disable Pass ''
2024-01-08 01:08:22,633 T0325: INFO  #### gw2  system/test_ssh.py::test_ft_ssh_service_disable
2024-01-08 01:08:22,634 T0325: INFO  support post-function-prolog test_ft_ssh_service_disable Pass ''
2024-01-08 01:08:25,435 T0326: INFO  #### gw2  system/test_ssh.py::test_ft_ssh_service_disable
2024-01-08 01:08:25,436 T0326: INFO  support pre-function-epilog test_ft_ssh_service_disable Pass 'Test case passed'
2024-01-08 01:08:25,437 T0327: INFO  #### gw2  system/test_ssh.py::test_ft_ssh_service_disable
2024-01-08 01:08:25,437 T0327: INFO  support pre-function-epilog test_ft_ssh_service_disable Pass 'Test case passed'
2024-01-08 01:08:25,447 T0328: INFO  #### gw2  system/test_ssh.py::test_ft_ssh_service_disable
2024-01-08 01:08:25,447 T0328: INFO  support post-function-epilog test_ft_ssh_service_disable Pass 'Test case passed'
2024-01-08 01:08:25,449 T0329: INFO  #### gw2  system/test_ssh.py::test_ft_ssh_service_disable
2024-01-08 01:08:25,449 T0329: INFO  support post-function-epilog test_ft_ssh_service_disable Pass 'Test case passed'
2024-01-08 01:08:30,768 T0335: INFO  #### gw2  system/test_ssh.py
2024-01-08 01:08:30,768 T0335: INFO  support pre-function-prolog test_ft_ssh_add_user_verify  ''
2024-01-08 01:08:30,772 T0336: INFO  #### gw2  system/test_ssh.py
2024-01-08 01:08:30,773 T0336: INFO  support pre-function-prolog test_ft_ssh_add_user_verify  ''
2024-01-08 01:08:30,786 T0337: INFO  #### gw2  system/test_ssh.py::test_ft_ssh_add_user_verify
2024-01-08 01:08:30,787 T0337: INFO  support post-function-prolog test_ft_ssh_add_user_verify Pass ''
2024-01-08 01:08:30,788 T0338: INFO  #### gw2  system/test_ssh.py::test_ft_ssh_add_user_verify
2024-01-08 01:08:30,789 T0338: INFO  support post-function-prolog test_ft_ssh_add_user_verify Pass ''
2024-01-08 01:14:58,410 T0000: WARN  #### gw2 IGNORED ERROR system/test_ssh.py::test_ft_ssh_add_user_verify
2024-01-08 01:14:58,410 T0000: WARN  Skipped error checking but detected pattern: containing_python_traceback command: sudo -s fast-reboot
2024-01-08 01:15:05,791 T0000: WARN  #### gw2 IGNORED ERROR system/test_ssh.py::test_ft_ssh_add_user_verify
2024-01-08 01:15:05,791 T0000: WARN  Skipped error checking but detected pattern: containing_no_response_from_container command: sudo vtysh -c 'show running-config | include hostname'
2024-01-08 01:15:11,566 T0000: WARN  #### gw2 IGNORED ERROR system/test_ssh.py::test_ft_ssh_add_user_verify
2024-01-08 01:15:11,566 T0000: WARN  Skipped error checking but detected pattern: containing_no_response_from_container command: sudo vtysh -c 'show running-config | include hostname'
2024-01-08 01:15:17,349 T0000: WARN  #### gw2 IGNORED ERROR system/test_ssh.py::test_ft_ssh_add_user_verify
2024-01-08 01:15:17,350 T0000: WARN  Skipped error checking but detected pattern: containing_no_response_from_container command: sudo vtysh -c 'show running-config | include hostname'
2024-01-08 01:15:23,134 T0000: WARN  #### gw2 IGNORED ERROR system/test_ssh.py::test_ft_ssh_add_user_verify
2024-01-08 01:15:23,134 T0000: WARN  Skipped error checking but detected pattern: containing_no_response_from_container command: sudo vtysh -c 'show running-config | include hostname'
2024-01-08 01:15:28,912 T0000: WARN  #### gw2 IGNORED ERROR system/test_ssh.py::test_ft_ssh_add_user_verify
2024-01-08 01:15:28,912 T0000: WARN  Skipped error checking but detected pattern: containing_no_response_from_container command: sudo vtysh -c 'show running-config | include hostname'
2024-01-08 01:15:34,691 T0000: WARN  #### gw2 IGNORED ERROR system/test_ssh.py::test_ft_ssh_add_user_verify
2024-01-08 01:15:34,691 T0000: WARN  Skipped error checking but detected pattern: containing_no_response_from_container command: sudo vtysh -c 'show running-config | include hostname'
2024-01-08 01:17:28,318 T0345: INFO  #### gw2  system/test_ssh.py::test_ft_ssh_add_user_verify
2024-01-08 01:17:28,318 T0345: INFO  support testcase test_ft_controlplane_acl_service_sshv4 Pass 'SSH failed'
2024-01-08 01:17:28,320 T0346: INFO  #### gw2  system/test_ssh.py::test_ft_ssh_add_user_verify
2024-01-08 01:17:28,320 T0346: INFO  support testcase test_ft_controlplane_acl_service_sshv4 Pass 'SSH failed'
2024-01-08 01:17:28,327 T0347: INFO  #### gw2  system/test_ssh.py::test_ft_ssh_add_user_verify
2024-01-08 01:17:28,328 T0347: INFO  support testcase test_ft_controlplane_acl_service_sshv6 Pass 'SSH failed'
2024-01-08 01:17:28,330 T0348: INFO  #### gw2  system/test_ssh.py::test_ft_ssh_add_user_verify
2024-01-08 01:17:28,330 T0348: INFO  support testcase test_ft_controlplane_acl_service_sshv6 Pass 'SSH failed'
2024-01-08 01:17:28,336 T0349: WARN  #### gw2  system/test_ssh.py::test_ft_ssh_add_user_verify
2024-01-08 01:17:28,336 T0349: WARN  support testcase test_ft_controlplane_acl_service_snmp Fail 'SNMP output is not found after walk of with control plane ACL service SNMP after reboot OID'
2024-01-08 01:17:28,338 T0350: WARN  #### gw2  system/test_ssh.py::test_ft_ssh_add_user_verify
2024-01-08 01:17:28,338 T0350: WARN  support testcase test_ft_controlplane_acl_service_snmp Fail 'SNMP output is not found after walk of with control plane ACL service SNMP after reboot OID'
2024-01-08 01:19:33,045 T0355: WARN  #### gw2  system/test_ssh.py::test_ft_ssh_add_user_verify
2024-01-08 01:19:33,046 T0355: WARN  support pre-function-epilog test_ft_ssh_add_user_verify Fail 'Test case Failed.'
2024-01-08 01:19:33,048 T0356: WARN  #### gw2  system/test_ssh.py::test_ft_ssh_add_user_verify
2024-01-08 01:19:33,048 T0356: WARN  support pre-function-epilog test_ft_ssh_add_user_verify Fail 'Test case Failed.'
2024-01-08 01:19:33,491 T0357: WARN  #### gw2  system/test_ssh.py::test_ft_ssh_add_user_verify
2024-01-08 01:19:33,491 T0357: WARN  support post-function-epilog test_ft_ssh_add_user_verify ignore 'Test case Failed.'
2024-01-08 01:19:33,493 T0358: WARN  #### gw2  system/test_ssh.py::test_ft_ssh_add_user_verify
2024-01-08 01:19:33,493 T0358: WARN  support post-function-epilog test_ft_ssh_add_user_verify ignore 'Test case Failed.'
2024-01-08 01:19:38,829 T0364: INFO  #### gw2  system/test_ssh.py
2024-01-08 01:19:38,830 T0364: INFO  support pre-function-prolog test_ft_verify_logs_at_the_time_of_ssh_login_success  ''
2024-01-08 01:19:38,833 T0365: INFO  #### gw2  system/test_ssh.py
2024-01-08 01:19:38,833 T0365: INFO  support pre-function-prolog test_ft_verify_logs_at_the_time_of_ssh_login_success  ''
2024-01-08 01:19:38,846 T0366: INFO  #### gw2  system/test_ssh.py::test_ft_verify_logs_at_the_time_of_ssh_login_success
2024-01-08 01:19:38,846 T0366: INFO  support post-function-prolog test_ft_verify_logs_at_the_time_of_ssh_login_success Pass ''
2024-01-08 01:19:38,848 T0367: INFO  #### gw2  system/test_ssh.py::test_ft_verify_logs_at_the_time_of_ssh_login_success
2024-01-08 01:19:38,848 T0367: INFO  support post-function-prolog test_ft_verify_logs_at_the_time_of_ssh_login_success Pass ''
2024-01-08 01:19:55,282 T0370: INFO  #### gw2  system/test_ssh.py::test_ft_verify_logs_at_the_time_of_ssh_login_success
2024-01-08 01:19:55,282 T0370: INFO  support pre-function-epilog test_ft_verify_logs_at_the_time_of_ssh_login_success Pass 'Test case passed'
2024-01-08 01:19:55,284 T0371: INFO  #### gw2  system/test_ssh.py::test_ft_verify_logs_at_the_time_of_ssh_login_success
2024-01-08 01:19:55,285 T0371: INFO  support pre-function-epilog test_ft_verify_logs_at_the_time_of_ssh_login_success Pass 'Test case passed'
2024-01-08 01:19:55,296 T0372: INFO  #### gw2  system/test_ssh.py::test_ft_verify_logs_at_the_time_of_ssh_login_success
2024-01-08 01:19:55,296 T0372: INFO  support post-function-epilog test_ft_verify_logs_at_the_time_of_ssh_login_success Pass 'Test case passed'
2024-01-08 01:19:55,297 T0373: INFO  #### gw2  system/test_ssh.py::test_ft_verify_logs_at_the_time_of_ssh_login_success
2024-01-08 01:19:55,298 T0373: INFO  support post-function-epilog test_ft_verify_logs_at_the_time_of_ssh_login_success Pass 'Test case passed'
2024-01-08 01:19:55,331 T0374: WARN  #### gw2  system/test_ssh.py::test_ft_verify_logs_at_the_time_of_ssh_login_success
2024-01-08 01:19:55,331 T0374: WARN  support pre-module-epilog system/test_ssh.py fail ''
2024-01-08 01:19:55,334 T0375: WARN  #### gw2  system/test_ssh.py::test_ft_verify_logs_at_the_time_of_ssh_login_success
2024-01-08 01:19:55,334 T0375: WARN  support pre-module-epilog system/test_ssh.py fail ''
2024-01-08 01:20:50,624 T0400: WARN  #### gw2  system/test_ssh.py::test_ft_verify_logs_at_the_time_of_ssh_login_success
2024-01-08 01:20:50,624 T0400: WARN  support post-module-epilog system/test_ssh.py fail ''
2024-01-08 01:20:50,627 T0401: WARN  #### gw2  system/test_ssh.py::test_ft_verify_logs_at_the_time_of_ssh_login_success
2024-01-08 01:20:50,627 T0401: WARN  support post-module-epilog system/test_ssh.py fail ''
2024-01-08 01:25:25,919 T0469: INFO  #### gw2
2024-01-08 01:25:25,919 T0469: INFO  support pre-module-prolog system/test_lldp.py  ''
2024-01-08 01:25:25,921 T0470: INFO  #### gw2
2024-01-08 01:25:25,921 T0470: INFO  support pre-module-prolog system/test_lldp.py  ''
2024-01-08 01:27:26,579 T0487: WARN  #### gw2  system/test_lldp.py
2024-01-08 01:27:26,579 T0487: WARN  support post-module-epilog system/test_lldp.py fail ''
2024-01-08 01:27:26,582 T0488: WARN  #### gw2  system/test_lldp.py
2024-01-08 01:27:26,582 T0488: WARN  support post-module-epilog system/test_lldp.py fail ''
2024-01-08 01:29:31,562 T0536: WARN  #### gw2  batch/test_spytest_infra_1.py::test_spytest_infra_last
2024-01-08 01:29:31,562 T0536: WARN  support session-epilog session pass ''
2024-01-08 01:29:31,563 T0537: WARN  #### gw2  batch/test_spytest_infra_1.py::test_spytest_infra_last
2024-01-08 01:29:31,564 T0537: WARN  support session-epilog session pass ''
2024-01-08 00:58:31,988 T0025: WARN  #### gw3
2024-01-08 00:58:31,988 T0025: WARN  support post-session-prolog session pass ''
2024-01-08 00:58:31,990 T0026: WARN  #### gw3
2024-01-08 00:58:31,990 T0026: WARN  support post-session-prolog session pass ''
2024-01-08 00:59:28,857 T0079: INFO  #### gw3
2024-01-08 00:59:28,857 T0079: INFO  support pre-module-prolog switching/test_vlan.py  ''
2024-01-08 00:59:28,860 T0080: INFO  #### gw3
2024-01-08 00:59:28,860 T0080: INFO  support pre-module-prolog switching/test_vlan.py  ''
2024-01-08 01:00:03,601 T0098: INFO  #### gw3  switching/test_vlan.py
2024-01-08 01:00:03,601 T0098: INFO  support post-module-prolog switching/test_vlan.py Pass ''
2024-01-08 01:00:03,603 T0099: INFO  #### gw3  switching/test_vlan.py
2024-01-08 01:00:03,603 T0099: INFO  support post-module-prolog switching/test_vlan.py Pass ''
2024-01-08 01:00:38,107 T0123: INFO  #### gw3  switching/test_vlan.py
2024-01-08 01:00:38,108 T0123: INFO  support pre-function-prolog test_ft_add_unknownvlan_interface  ''
2024-01-08 01:00:38,110 T0124: INFO  #### gw3  switching/test_vlan.py
2024-01-08 01:00:38,110 T0124: INFO  support pre-function-prolog test_ft_add_unknownvlan_interface  ''
2024-01-08 01:00:38,123 T0125: INFO  #### gw3  switching/test_vlan.py::test_ft_add_unknownvlan_interface
2024-01-08 01:00:38,124 T0125: INFO  support post-function-prolog test_ft_add_unknownvlan_interface Pass ''
2024-01-08 01:00:38,126 T0126: INFO  #### gw3  switching/test_vlan.py::test_ft_add_unknownvlan_interface
2024-01-08 01:00:38,126 T0126: INFO  support post-function-prolog test_ft_add_unknownvlan_interface Pass ''
2024-01-08 01:00:39,510 T0000: WARN  #### gw3 IGNORED ERROR switching/test_vlan.py::test_ft_add_unknownvlan_interface
2024-01-08 01:00:39,510 T0000: WARN  Skipped error checking but detected pattern: containing_error command: sudo -s config vlan member add 2303 Ethernet48 -u
2024-01-08 01:00:42,188 T0127: INFO  #### gw3  switching/test_vlan.py::test_ft_add_unknownvlan_interface
2024-01-08 01:00:42,188 T0127: INFO  support pre-function-epilog test_ft_add_unknownvlan_interface Pass 'Test case passed'
2024-01-08 01:00:42,190 T0128: INFO  #### gw3  switching/test_vlan.py::test_ft_add_unknownvlan_interface
2024-01-08 01:00:42,190 T0128: INFO  support pre-function-epilog test_ft_add_unknownvlan_interface Pass 'Test case passed'
2024-01-08 01:00:42,198 T0129: INFO  #### gw3  switching/test_vlan.py::test_ft_add_unknownvlan_interface
2024-01-08 01:00:42,198 T0129: INFO  support post-function-epilog test_ft_add_unknownvlan_interface Pass 'Test case passed'
2024-01-08 01:00:42,200 T0130: INFO  #### gw3  switching/test_vlan.py::test_ft_add_unknownvlan_interface
2024-01-08 01:00:42,200 T0130: INFO  support post-function-epilog test_ft_add_unknownvlan_interface Pass 'Test case passed'
2024-01-08 01:00:47,435 T0136: INFO  #### gw3  switching/test_vlan.py
2024-01-08 01:00:47,436 T0136: INFO  support pre-function-prolog test_ft_vlan_delete_with_member  ''
2024-01-08 01:00:47,440 T0137: INFO  #### gw3  switching/test_vlan.py
2024-01-08 01:00:47,440 T0137: INFO  support pre-function-prolog test_ft_vlan_delete_with_member  ''
2024-01-08 01:00:47,451 T0138: INFO  #### gw3  switching/test_vlan.py::test_ft_vlan_delete_with_member
2024-01-08 01:00:47,452 T0138: INFO  support post-function-prolog test_ft_vlan_delete_with_member Pass ''
2024-01-08 01:00:47,454 T0139: INFO  #### gw3  switching/test_vlan.py::test_ft_vlan_delete_with_member
2024-01-08 01:00:47,454 T0139: INFO  support post-function-prolog test_ft_vlan_delete_with_member Pass ''
2024-01-08 01:00:51,446 T0000: WARN  #### gw3 IGNORED ERROR switching/test_vlan.py::test_ft_vlan_delete_with_member
2024-01-08 01:00:51,446 T0000: WARN  Skipped error checking but detected pattern: containing_error command: sudo -s config vlan del 2303
2024-01-08 01:00:56,866 T0140: INFO  #### gw3  switching/test_vlan.py::test_ft_vlan_delete_with_member
2024-01-08 01:00:56,866 T0140: INFO  support pre-function-epilog test_ft_vlan_delete_with_member Pass 'Test case passed'
2024-01-08 01:00:56,868 T0141: INFO  #### gw3  switching/test_vlan.py::test_ft_vlan_delete_with_member
2024-01-08 01:00:56,868 T0141: INFO  support pre-function-epilog test_ft_vlan_delete_with_member Pass 'Test case passed'
2024-01-08 01:00:56,875 T0142: INFO  #### gw3  switching/test_vlan.py::test_ft_vlan_delete_with_member
2024-01-08 01:00:56,876 T0142: INFO  support post-function-epilog test_ft_vlan_delete_with_member Pass 'Test case passed'
2024-01-08 01:00:56,877 T0143: INFO  #### gw3  switching/test_vlan.py::test_ft_vlan_delete_with_member
2024-01-08 01:00:56,878 T0143: INFO  support post-function-epilog test_ft_vlan_delete_with_member Pass 'Test case passed'
2024-01-08 01:01:02,307 T0149: INFO  #### gw3  switching/test_vlan.py
2024-01-08 01:01:02,307 T0149: INFO  support pre-function-prolog test_ft_vlan_trunk_tagged  ''
2024-01-08 01:01:02,311 T0150: INFO  #### gw3  switching/test_vlan.py
2024-01-08 01:01:02,311 T0150: INFO  support pre-function-prolog test_ft_vlan_trunk_tagged  ''
2024-01-08 01:01:02,324 T0151: INFO  #### gw3  switching/test_vlan.py::test_ft_vlan_trunk_tagged
2024-01-08 01:01:02,324 T0151: INFO  support post-function-prolog test_ft_vlan_trunk_tagged Pass ''
2024-01-08 01:01:02,326 T0152: INFO  #### gw3  switching/test_vlan.py::test_ft_vlan_trunk_tagged
2024-01-08 01:01:02,326 T0152: INFO  support post-function-prolog test_ft_vlan_trunk_tagged Pass ''
2024-01-08 01:02:23,731 T0153: INFO  #### gw3  switching/test_vlan.py::test_ft_vlan_trunk_tagged
2024-01-08 01:02:23,731 T0153: INFO  support pre-function-epilog test_ft_vlan_trunk_tagged Pass 'Test case passed'
2024-01-08 01:02:23,735 T0154: INFO  #### gw3  switching/test_vlan.py::test_ft_vlan_trunk_tagged
2024-01-08 01:02:23,735 T0154: INFO  support pre-function-epilog test_ft_vlan_trunk_tagged Pass 'Test case passed'
2024-01-08 01:02:23,743 T0155: INFO  #### gw3  switching/test_vlan.py::test_ft_vlan_trunk_tagged
2024-01-08 01:02:23,743 T0155: INFO  support post-function-epilog test_ft_vlan_trunk_tagged Pass 'Test case passed'
2024-01-08 01:02:23,745 T0156: INFO  #### gw3  switching/test_vlan.py::test_ft_vlan_trunk_tagged
2024-01-08 01:02:23,745 T0156: INFO  support post-function-epilog test_ft_vlan_trunk_tagged Pass 'Test case passed'
2024-01-08 01:02:29,047 T0162: INFO  #### gw3  switching/test_vlan.py
2024-01-08 01:02:29,047 T0162: INFO  support pre-function-prolog test_ft_vlan_save_config_warm_and_fast_reboot  ''
2024-01-08 01:02:29,051 T0163: INFO  #### gw3  switching/test_vlan.py
2024-01-08 01:02:29,051 T0163: INFO  support pre-function-prolog test_ft_vlan_save_config_warm_and_fast_reboot  ''
2024-01-08 01:02:29,063 T0164: INFO  #### gw3  switching/test_vlan.py::test_ft_vlan_save_config_warm_and_fast_reboot
2024-01-08 01:02:29,063 T0164: INFO  support post-function-prolog test_ft_vlan_save_config_warm_and_fast_reboot Pass ''
2024-01-08 01:02:29,068 T0165: INFO  #### gw3  switching/test_vlan.py::test_ft_vlan_save_config_warm_and_fast_reboot
2024-01-08 01:02:29,069 T0165: INFO  support post-function-prolog test_ft_vlan_save_config_warm_and_fast_reboot Pass ''
2024-01-08 01:14:02,823 T0000: WARN  #### gw3 IGNORED ERROR switching/test_vlan.py::test_ft_vlan_save_config_warm_and_fast_reboot
2024-01-08 01:14:02,823 T0000: WARN  Skipped error checking but detected pattern: containing_python_traceback command: sudo -s fast-reboot
2024-01-08 01:14:10,158 T0000: WARN  #### gw3 IGNORED ERROR switching/test_vlan.py::test_ft_vlan_save_config_warm_and_fast_reboot
2024-01-08 01:14:10,158 T0000: WARN  Skipped error checking but detected pattern: containing_no_response_from_container command: sudo vtysh -c 'show running-config | include hostname'
2024-01-08 01:14:55,319 T0000: ERROR #### gw3 Exception switching/test_vlan.py::test_ft_vlan_save_config_warm_and_fast_reboot
2024-01-08 01:14:55,319 T0000: ERROR Exception TypeError 'NoneType' object is not subscriptable in file /apis/system/basic.py at line 1389
2024-01-08 01:14:55,319 T0000: ERROR [0] /apis/system/basic.py:1389 is_warm_boot_support return bool(platform.lower() in features_support_data[key])
2024-01-08 01:14:55,319 T0000: ERROR [1] /apis/system/reboot.py:83 warm_reboot if (st.getenv("SPYTEST_UNSUPPORT_TD4_WARM_REBOOT") and basic.is_td4_platform(dut)) or basic.is_warm_boot_support(dut, is_support=False):
2024-01-08 01:14:55,319 T0000: ERROR [2] /tests/switching/test_vlan.py:906 test_ft_vlan_save_config_warm_and_fast_reboot reboot.warm_reboot(vars.D1)
2024-01-08 01:14:55,320 T0166: WARN  #### gw3  switching/test_vlan.py::test_ft_vlan_save_config_warm_and_fast_reboot
2024-01-08 01:14:55,321 T0166: WARN  support post-function-epilog test_ft_vlan_save_config_warm_and_fast_reboot ScriptError 'Exception TypeError 'NoneType' object is not subscriptable in file /apis/system/basic.py at line 1389'
2024-01-08 01:14:55,322 T0167: WARN  #### gw3  switching/test_vlan.py::test_ft_vlan_save_config_warm_and_fast_reboot
2024-01-08 01:14:55,322 T0167: WARN  support post-function-epilog test_ft_vlan_save_config_warm_and_fast_reboot ScriptError 'Exception TypeError 'NoneType' object is not subscriptable in file /apis/system/basic.py at line 1389'
2024-01-08 01:14:55,342 T0000: ERROR #### gw3  switching/test_vlan.py::test_ft_vlan_save_config_warm_and_fast_reboot
2024-01-08 01:14:55,343 T0000: ERROR

==================== REMOTE ALERTS ============================
################################################################################
drop the rate from 2000 to 100
################################################################################
################################################################################
drop the rate from 2000 to 100
################################################################################
################################################################################
drop the rate from 2000 to 100
################################################################################
===============================================================


2024-01-08 01:14:55,368 T0168: WARN  #### gw3  switching/test_vlan.py::test_ft_vlan_save_config_warm_and_fast_reboot
2024-01-08 01:14:55,369 T0168: WARN  support pre-module-epilog switching/test_vlan.py fail ''
2024-01-08 01:14:55,371 T0169: WARN  #### gw3  switching/test_vlan.py::test_ft_vlan_save_config_warm_and_fast_reboot
2024-01-08 01:14:55,371 T0169: WARN  support pre-module-epilog switching/test_vlan.py fail ''
2024-01-08 01:15:22,198 T0186: WARN  #### gw3  switching/test_vlan.py::test_ft_vlan_save_config_warm_and_fast_reboot
2024-01-08 01:15:22,198 T0186: WARN  support post-module-epilog switching/test_vlan.py fail ''
2024-01-08 01:15:22,200 T0187: WARN  #### gw3  switching/test_vlan.py::test_ft_vlan_save_config_warm_and_fast_reboot
2024-01-08 01:15:22,200 T0187: WARN  support post-module-epilog switching/test_vlan.py fail ''
2024-01-08 01:20:05,111 T0252: INFO  #### gw3
2024-01-08 01:20:05,111 T0252: INFO  support pre-module-prolog system/test_interface.py  ''
2024-01-08 01:20:05,113 T0253: INFO  #### gw3
2024-01-08 01:20:05,114 T0253: INFO  support pre-module-prolog system/test_interface.py  ''
2024-01-08 01:20:49,022 T0270: INFO  #### gw3  system/test_interface.py
2024-01-08 01:20:49,022 T0270: INFO  support post-module-prolog system/test_interface.py Pass ''
2024-01-08 01:20:49,024 T0271: INFO  #### gw3  system/test_interface.py
2024-01-08 01:20:49,025 T0271: INFO  support post-module-prolog system/test_interface.py Pass ''
2024-01-08 01:21:22,533 T0295: INFO  #### gw3  system/test_interface.py
2024-01-08 01:21:22,533 T0295: INFO  support pre-function-prolog test_ft_port_fn_verify_shut_noshut  ''
2024-01-08 01:21:22,537 T0296: INFO  #### gw3  system/test_interface.py
2024-01-08 01:21:22,538 T0296: INFO  support pre-function-prolog test_ft_port_fn_verify_shut_noshut  ''
2024-01-08 01:21:22,549 T0297: INFO  #### gw3  system/test_interface.py::test_ft_port_fn_verify_shut_noshut
2024-01-08 01:21:22,550 T0297: INFO  support post-function-prolog test_ft_port_fn_verify_shut_noshut Pass ''
2024-01-08 01:21:22,551 T0298: INFO  #### gw3  system/test_interface.py::test_ft_port_fn_verify_shut_noshut
2024-01-08 01:21:22,551 T0298: INFO  support post-function-prolog test_ft_port_fn_verify_shut_noshut Pass ''
2024-01-08 01:22:17,750 T0299: WARN  #### gw3  system/test_interface.py::test_ft_port_fn_verify_shut_noshut
2024-01-08 01:22:17,750 T0299: WARN  support pre-function-epilog test_ft_port_fn_verify_shut_noshut DUTFail 'Error response from daemon: Container is not running'
2024-01-08 01:22:17,752 T0300: WARN  #### gw3  system/test_interface.py::test_ft_port_fn_verify_shut_noshut
2024-01-08 01:22:17,752 T0300: WARN  support pre-function-epilog test_ft_port_fn_verify_shut_noshut DUTFail 'Error response from daemon: Container is not running'
2024-01-08 01:22:18,798 T0301: WARN  #### gw3  system/test_interface.py::test_ft_port_fn_verify_shut_noshut
2024-01-08 01:22:18,799 T0301: WARN  support post-function-epilog test_ft_port_fn_verify_shut_noshut ignore 'Error response from daemon: Container is not running'
2024-01-08 01:22:18,800 T0302: WARN  #### gw3  system/test_interface.py::test_ft_port_fn_verify_shut_noshut
2024-01-08 01:22:18,800 T0302: WARN  support post-function-epilog test_ft_port_fn_verify_shut_noshut ignore 'Error response from daemon: Container is not running'
2024-01-08 01:22:18,845 T0303: WARN  #### gw3  system/test_interface.py::test_ft_port_fn_verify_shut_noshut
2024-01-08 01:22:18,845 T0303: WARN  support pre-module-epilog system/test_interface.py fail ''
2024-01-08 01:22:18,847 T0304: WARN  #### gw3  system/test_interface.py::test_ft_port_fn_verify_shut_noshut
2024-01-08 01:22:18,847 T0304: WARN  support pre-module-epilog system/test_interface.py fail ''
2024-01-08 01:22:48,334 T0323: WARN  #### gw3  system/test_interface.py::test_ft_port_fn_verify_shut_noshut
2024-01-08 01:22:48,334 T0323: WARN  support post-module-epilog system/test_interface.py fail ''
2024-01-08 01:22:48,337 T0324: WARN  #### gw3  system/test_interface.py::test_ft_port_fn_verify_shut_noshut
2024-01-08 01:22:48,337 T0324: WARN  support post-module-epilog system/test_interface.py fail ''
2024-01-08 01:25:54,615 T0372: WARN  #### gw3  batch/test_spytest_infra_1.py::test_spytest_infra_last
2024-01-08 01:25:54,615 T0372: WARN  support session-epilog session pass ''
2024-01-08 01:25:54,616 T0373: WARN  #### gw3  batch/test_spytest_infra_1.py::test_spytest_infra_last
2024-01-08 01:25:54,617 T0373: WARN  support session-epilog session pass ''