2023-12-25 01:03:29,403 T0025: WARN  #### gw2  
2023-12-25 01:03:29,403 T0025: WARN  support post-session-prolog session pass ''
2023-12-25 01:03:29,405 T0026: WARN  #### gw2  
2023-12-25 01:03:29,406 T0026: WARN  support post-session-prolog session pass ''
2023-12-25 01:04:20,944 T0079: INFO  #### gw2  
2023-12-25 01:04:20,945 T0079: INFO  support pre-module-prolog switching/test_portchannel.py  ''
2023-12-25 01:04:20,947 T0080: INFO  #### gw2  
2023-12-25 01:04:20,947 T0080: INFO  support pre-module-prolog switching/test_portchannel.py  ''
2023-12-25 01:05:04,407 T0104: INFO  #### gw2  switching/test_portchannel.py
2023-12-25 01:05:04,407 T0104: INFO  support post-module-prolog switching/test_portchannel.py Pass ''
2023-12-25 01:05:04,410 T0105: INFO  #### gw2  switching/test_portchannel.py
2023-12-25 01:05:04,410 T0105: INFO  support post-module-prolog switching/test_portchannel.py Pass ''
2023-12-25 01:05:37,966 T0129: INFO  #### gw2  switching/test_portchannel.py
2023-12-25 01:05:37,967 T0129: INFO  support pre-function-prolog test_ft_portchannel_with_vlan_variations  ''
2023-12-25 01:05:37,971 T0130: INFO  #### gw2  switching/test_portchannel.py
2023-12-25 01:05:37,971 T0130: INFO  support pre-function-prolog test_ft_portchannel_with_vlan_variations  ''
2023-12-25 01:05:42,646 T0133: INFO  #### gw2  switching/test_portchannel.py::test_ft_portchannel_with_vlan_variations
2023-12-25 01:05:42,646 T0133: INFO  support post-function-prolog test_ft_portchannel_with_vlan_variations Pass ''
2023-12-25 01:05:42,648 T0134: INFO  #### gw2  switching/test_portchannel.py::test_ft_portchannel_with_vlan_variations
2023-12-25 01:05:42,648 T0134: INFO  support post-function-prolog test_ft_portchannel_with_vlan_variations Pass ''
2023-12-25 01:06:12,428 T0149: INFO  #### gw2  switching/test_portchannel.py::test_ft_portchannel_with_vlan_variations
2023-12-25 01:06:12,428 T0149: INFO  support pre-function-epilog test_ft_portchannel_with_vlan_variations Pass 'Test case passed'
2023-12-25 01:06:12,432 T0150: INFO  #### gw2  switching/test_portchannel.py::test_ft_portchannel_with_vlan_variations
2023-12-25 01:06:12,432 T0150: INFO  support pre-function-epilog test_ft_portchannel_with_vlan_variations Pass 'Test case passed'
2023-12-25 01:06:15,059 T0153: INFO  #### gw2  switching/test_portchannel.py::test_ft_portchannel_with_vlan_variations
2023-12-25 01:06:15,060 T0153: INFO  support post-function-epilog test_ft_portchannel_with_vlan_variations Pass 'Test case passed'
2023-12-25 01:06:15,063 T0154: INFO  #### gw2  switching/test_portchannel.py::test_ft_portchannel_with_vlan_variations
2023-12-25 01:06:15,063 T0154: INFO  support post-function-epilog test_ft_portchannel_with_vlan_variations Pass 'Test case passed'
2023-12-25 01:06:20,423 T0160: INFO  #### gw2  switching/test_portchannel.py
2023-12-25 01:06:20,423 T0160: INFO  support pre-function-prolog test_ft_verify_min_links_functionality_by_flapping_all_member_ports_007  ''
2023-12-25 01:06:20,427 T0161: INFO  #### gw2  switching/test_portchannel.py
2023-12-25 01:06:20,427 T0161: INFO  support pre-function-prolog test_ft_verify_min_links_functionality_by_flapping_all_member_ports_007  ''
2023-12-25 01:06:23,804 T0164: INFO  #### gw2  switching/test_portchannel.py::test_ft_verify_min_links_functionality_by_flapping_all_member_ports_007
2023-12-25 01:06:23,804 T0164: INFO  support post-function-prolog test_ft_verify_min_links_functionality_by_flapping_all_member_ports_007 Pass ''
2023-12-25 01:06:23,808 T0165: INFO  #### gw2  switching/test_portchannel.py::test_ft_verify_min_links_functionality_by_flapping_all_member_ports_007
2023-12-25 01:06:23,808 T0165: INFO  support post-function-prolog test_ft_verify_min_links_functionality_by_flapping_all_member_ports_007 Pass ''
2023-12-25 01:06:25,106 T0167: WARN  #### gw2 IGNORED ERROR switching/test_portchannel.py::test_ft_verify_min_links_functionality_by_flapping_all_member_ports_007
2023-12-25 01:06:25,106 T0167: WARN  Skipped error checking but detected pattern: containing_error command: sudo -s config portchannel add PortChannel7  --min-links 4
2023-12-25 01:06:25,108 T0166: WARN  #### gw2 IGNORED ERROR switching/test_portchannel.py::test_ft_verify_min_links_functionality_by_flapping_all_member_ports_007
2023-12-25 01:06:25,108 T0166: WARN  Skipped error checking but detected pattern: containing_error command: sudo -s config portchannel add PortChannel7  --min-links 4
2023-12-25 01:06:38,133 T0172: INFO  #### gw2  switching/test_portchannel.py::test_ft_verify_min_links_functionality_by_flapping_all_member_ports_007
2023-12-25 01:06:38,133 T0172: INFO  support pre-function-epilog test_ft_verify_min_links_functionality_by_flapping_all_member_ports_007 Pass 'Test case passed'
2023-12-25 01:06:38,137 T0173: INFO  #### gw2  switching/test_portchannel.py::test_ft_verify_min_links_functionality_by_flapping_all_member_ports_007
2023-12-25 01:06:38,137 T0173: INFO  support pre-function-epilog test_ft_verify_min_links_functionality_by_flapping_all_member_ports_007 Pass 'Test case passed'
2023-12-25 01:06:39,437 T0175: WARN  #### gw2 IGNORED ERROR switching/test_portchannel.py::test_ft_verify_min_links_functionality_by_flapping_all_member_ports_007
2023-12-25 01:06:39,437 T0175: WARN  Skipped error checking but detected pattern: containing_error command: sudo -s config portchannel add PortChannel7  --min-links True
2023-12-25 01:06:39,487 T0174: WARN  #### gw2 IGNORED ERROR switching/test_portchannel.py::test_ft_verify_min_links_functionality_by_flapping_all_member_ports_007
2023-12-25 01:06:39,487 T0174: WARN  Skipped error checking but detected pattern: containing_error command: sudo -s config portchannel add PortChannel7  --min-links True
2023-12-25 01:06:39,491 T0176: INFO  #### gw2  switching/test_portchannel.py::test_ft_verify_min_links_functionality_by_flapping_all_member_ports_007
2023-12-25 01:06:39,491 T0176: INFO  support post-function-epilog test_ft_verify_min_links_functionality_by_flapping_all_member_ports_007 Pass 'Test case passed'
2023-12-25 01:06:39,495 T0177: INFO  #### gw2  switching/test_portchannel.py::test_ft_verify_min_links_functionality_by_flapping_all_member_ports_007
2023-12-25 01:06:39,495 T0177: INFO  support post-function-epilog test_ft_verify_min_links_functionality_by_flapping_all_member_ports_007 Pass 'Test case passed'
2023-12-25 01:06:39,529 T0178: WARN  #### gw2  switching/test_portchannel.py::test_ft_verify_min_links_functionality_by_flapping_all_member_ports_007
2023-12-25 01:06:39,529 T0178: WARN  support pre-module-epilog switching/test_portchannel.py pass ''
2023-12-25 01:06:39,531 T0179: WARN  #### gw2  switching/test_portchannel.py::test_ft_verify_min_links_functionality_by_flapping_all_member_ports_007
2023-12-25 01:06:39,531 T0179: WARN  support pre-module-epilog switching/test_portchannel.py pass ''
2023-12-25 01:07:13,803 T0198: ERROR #### gw2 ERROR switching/test_portchannel.py::test_ft_verify_min_links_functionality_by_flapping_all_member_ports_007
2023-12-25 01:07:13,803 T0198: ERROR detected pattern: containing_error executing 'sudo -s config portchannel del PortChannel7'
2023-12-25 01:07:13,849 T0199: ERROR #### gw2 ERROR switching/test_portchannel.py::test_ft_verify_min_links_functionality_by_flapping_all_member_ports_007
2023-12-25 01:07:13,849 T0199: ERROR detected pattern: containing_error executing 'sudo -s config portchannel del PortChannel7'
2023-12-25 01:07:13,854 T0200: WARN  #### gw2  switching/test_portchannel.py::test_ft_verify_min_links_functionality_by_flapping_all_member_ports_007
2023-12-25 01:07:13,855 T0200: WARN  support post-module-epilog switching/test_portchannel.py pass ''
2023-12-25 01:07:13,858 T0201: WARN  #### gw2  switching/test_portchannel.py::test_ft_verify_min_links_functionality_by_flapping_all_member_ports_007
2023-12-25 01:07:13,858 T0201: WARN  support post-module-epilog switching/test_portchannel.py pass ''
2023-12-25 01:11:49,842 T0269: INFO  #### gw2  
2023-12-25 01:11:49,842 T0269: INFO  support pre-module-prolog system/test_interface.py  ''
2023-12-25 01:11:49,845 T0270: INFO  #### gw2  
2023-12-25 01:11:49,845 T0270: INFO  support pre-module-prolog system/test_interface.py  ''
2023-12-25 01:12:33,610 T0287: INFO  #### gw2  system/test_interface.py
2023-12-25 01:12:33,610 T0287: INFO  support post-module-prolog system/test_interface.py Pass ''
2023-12-25 01:12:33,612 T0288: INFO  #### gw2  system/test_interface.py
2023-12-25 01:12:33,613 T0288: INFO  support post-module-prolog system/test_interface.py Pass ''
2023-12-25 01:13:07,266 T0312: INFO  #### gw2  system/test_interface.py
2023-12-25 01:13:07,266 T0312: INFO  support pre-function-prolog test_ft_port_fn_verify_shut_noshut  ''
2023-12-25 01:13:07,270 T0313: INFO  #### gw2  system/test_interface.py
2023-12-25 01:13:07,270 T0313: INFO  support pre-function-prolog test_ft_port_fn_verify_shut_noshut  ''
2023-12-25 01:13:07,282 T0314: INFO  #### gw2  system/test_interface.py::test_ft_port_fn_verify_shut_noshut
2023-12-25 01:13:07,282 T0314: INFO  support post-function-prolog test_ft_port_fn_verify_shut_noshut Pass ''
2023-12-25 01:13:07,284 T0315: INFO  #### gw2  system/test_interface.py::test_ft_port_fn_verify_shut_noshut
2023-12-25 01:13:07,284 T0315: INFO  support post-function-prolog test_ft_port_fn_verify_shut_noshut Pass ''
2023-12-25 01:14:02,084 T0316: WARN  #### gw2  system/test_interface.py::test_ft_port_fn_verify_shut_noshut
2023-12-25 01:14:02,084 T0316: WARN  support pre-function-epilog test_ft_port_fn_verify_shut_noshut DUTFail 'Error response from daemon: Container is not running'
2023-12-25 01:14:02,086 T0317: WARN  #### gw2  system/test_interface.py::test_ft_port_fn_verify_shut_noshut
2023-12-25 01:14:02,086 T0317: WARN  support pre-function-epilog test_ft_port_fn_verify_shut_noshut DUTFail 'Error response from daemon: Container is not running'
2023-12-25 01:14:03,153 T0318: WARN  #### gw2  system/test_interface.py::test_ft_port_fn_verify_shut_noshut
2023-12-25 01:14:03,154 T0318: WARN  support post-function-epilog test_ft_port_fn_verify_shut_noshut ignore 'Error response from daemon: Container is not running'
2023-12-25 01:14:03,158 T0319: WARN  #### gw2  system/test_interface.py::test_ft_port_fn_verify_shut_noshut
2023-12-25 01:14:03,158 T0319: WARN  support post-function-epilog test_ft_port_fn_verify_shut_noshut ignore 'Error response from daemon: Container is not running'
2023-12-25 01:14:03,199 T0320: WARN  #### gw2  system/test_interface.py::test_ft_port_fn_verify_shut_noshut
2023-12-25 01:14:03,200 T0320: WARN  support pre-module-epilog system/test_interface.py fail ''
2023-12-25 01:14:03,201 T0321: WARN  #### gw2  system/test_interface.py::test_ft_port_fn_verify_shut_noshut
2023-12-25 01:14:03,202 T0321: WARN  support pre-module-epilog system/test_interface.py fail ''
2023-12-25 01:14:32,569 T0340: WARN  #### gw2  system/test_interface.py::test_ft_port_fn_verify_shut_noshut
2023-12-25 01:14:32,569 T0340: WARN  support post-module-epilog system/test_interface.py fail ''
2023-12-25 01:14:32,574 T0341: WARN  #### gw2  system/test_interface.py::test_ft_port_fn_verify_shut_noshut
2023-12-25 01:14:32,574 T0341: WARN  support post-module-epilog system/test_interface.py fail ''
2023-12-25 01:20:00,080 T0403: INFO  #### gw2  
2023-12-25 01:20:00,081 T0403: INFO  support pre-module-prolog system/test_lldp.py  ''
2023-12-25 01:20:00,083 T0404: INFO  #### gw2  
2023-12-25 01:20:00,083 T0404: INFO  support pre-module-prolog system/test_lldp.py  ''
2023-12-25 01:22:00,673 T0421: WARN  #### gw2  system/test_lldp.py
2023-12-25 01:22:00,674 T0421: WARN  support post-module-epilog system/test_lldp.py fail ''
2023-12-25 01:22:00,675 T0422: WARN  #### gw2  system/test_lldp.py
2023-12-25 01:22:00,676 T0422: WARN  support post-module-epilog system/test_lldp.py fail ''
2023-12-25 01:24:05,980 T0470: WARN  #### gw2  batch/test_spytest_infra_1.py::test_spytest_infra_last
2023-12-25 01:24:05,981 T0470: WARN  support session-epilog session pass ''
2023-12-25 01:24:05,982 T0471: WARN  #### gw2  batch/test_spytest_infra_1.py::test_spytest_infra_last
2023-12-25 01:24:05,983 T0471: WARN  support session-epilog session pass ''
