2023-12-28 00:35:13.128576 = START
2023-12-28 00:35:14.231868 = device connections start
2023-12-28 00:35:47.615796 = device connections finish
2023-12-28 00:35:47.617813 = session init start
2023-12-28 00:38:12.948490 = report file generation start
2023-12-28 00:38:13.062626 = report file generation end
2023-12-28 00:38:37.284602 = session init end
2023-12-28 00:38:37.286589 = Framework Module Hook Start
2023-12-28 00:38:37.698256 = module test_spytest_infra_1.py init start
2023-12-28 00:38:42.020576 = module test_spytest_infra_1.py init end
2023-12-28 00:38:42.021207 = Framework Module Hook end
2023-12-28 00:38:42.021675 = Framework Function Hook Start
2023-12-28 00:38:46.304516 = function batch/test_spytest_infra_1.py::test_spytest_infra_first init start
2023-12-28 00:38:51.052688 = function batch/test_spytest_infra_1.py::test_spytest_infra_first init end
2023-12-28 00:38:51.053766 = Framework Function Hook end
2023-12-28 00:38:51.057002 = Module Config Time (2023-12-28 00:38:37.286658 - 2023-12-28 00:38:42.022089) Published
2023-12-28 00:38:51.060188 = function batch/test_spytest_infra_1.py::test_spytest_infra_first clean start
2023-12-28 00:38:51.070715 = Test Time (2023-12-28 00:38:46.304609 - 2023-12-28 00:38:51.070708) Published
2023-12-28 00:38:51.076276 = function batch/test_spytest_infra_1.py::test_spytest_infra_first clean end
2023-12-28 00:38:51.076589 = Framework Function Hook Finalize
2023-12-28 00:38:51.208074 = Framework Function Hook Start
2023-12-28 00:38:51.209193 = function batch/test_spytest_infra_1.py::test_spytest_infra_second init start
2023-12-28 00:38:55.929626 = function batch/test_spytest_infra_1.py::test_spytest_infra_second init end
2023-12-28 00:38:55.930650 = Framework Function Hook end
2023-12-28 00:38:55.934795 = function batch/test_spytest_infra_1.py::test_spytest_infra_second clean start
2023-12-28 00:38:55.946275 = Test Time (2023-12-28 00:38:51.209369 - 2023-12-28 00:38:55.946267) Published
2023-12-28 00:38:55.951246 = function batch/test_spytest_infra_1.py::test_spytest_infra_second clean end
2023-12-28 00:38:55.951589 = Framework Function Hook Finalize
2023-12-28 00:38:55.951754 = module test_spytest_infra_1.py clean start
2023-12-28 00:38:58.503105 = report file generation start
2023-12-28 00:38:58.585073 = report file generation end
2023-12-28 00:38:58.590110 = module test_spytest_infra_1.py clean end
2023-12-28 00:38:58.590501 = Framework Module Hook Finalize
2023-12-28 00:38:58.592503 = Framework Module Hook Start
2023-12-28 00:38:59.003465 = module test_arp.py init start
2023-12-28 00:39:27.435994 = module test_arp.py init end
2023-12-28 00:39:27.436597 = Framework Module Hook end
2023-12-28 00:39:27.437198 = User Module routing/test_arp.py Hook Start
2023-12-28 00:39:48.895165 = User Module routing/test_arp.py Hook end
2023-12-28 00:39:48.896021 = Framework Function Hook Start
2023-12-28 00:40:16.759369 = function routing/test_arp.py::test_ft_arp_dynamic_renew_traffic_test init start
2023-12-28 00:40:21.614879 = function routing/test_arp.py::test_ft_arp_dynamic_renew_traffic_test init end
2023-12-28 00:40:21.615917 = Framework Function Hook end
2023-12-28 00:40:21.617263 = User Function routing/test_arp.py::test_ft_arp_dynamic_renew_traffic_test Hook Start
2023-12-28 00:40:21.623104 = User Function routing/test_arp.py::test_ft_arp_dynamic_renew_traffic_test Hook end
2023-12-28 00:40:21.623269 = User Function routing/test_arp.py::test_ft_arp_dynamic_renew_traffic_test Hook Start
2023-12-28 00:40:21.626826 = User Function routing/test_arp.py::test_ft_arp_dynamic_renew_traffic_test Hook end
2023-12-28 00:40:21.627958 = Module Config Time (2023-12-28 00:38:58.592566 - 2023-12-28 00:39:48.896281) Published
2023-12-28 00:41:15.932454 = User Function routing/test_arp.py::test_ft_arp_dynamic_renew_traffic_test Hook Finalize
2023-12-28 00:41:15.932757 = User Function routing/test_arp.py::test_ft_arp_dynamic_renew_traffic_test Hook Finalize
2023-12-28 00:41:15.932897 = function routing/test_arp.py::test_ft_arp_dynamic_renew_traffic_test clean start
2023-12-28 00:41:15.945276 = Test Time (2023-12-28 00:40:16.759480 - 2023-12-28 00:41:15.945268) Published
2023-12-28 00:41:15.951151 = function routing/test_arp.py::test_ft_arp_dynamic_renew_traffic_test clean end
2023-12-28 00:41:15.951447 = Framework Function Hook Finalize
2023-12-28 00:41:46.691688 = User Module routing/test_arp.py Hook Finalize
2023-12-28 00:41:46.691899 = module test_arp.py clean start
2023-12-28 00:42:13.682359 = report file generation start
2023-12-28 00:42:13.766034 = report file generation end
2023-12-28 00:42:13.771484 = module test_arp.py clean end
2023-12-28 00:42:13.771968 = Framework Module Hook Finalize
2023-12-28 00:42:13.862300 = Framework Module Hook Start
2023-12-28 00:42:14.280600 = module test_spytest_infra_1.py init start
2023-12-28 00:43:32.581525 = module test_spytest_infra_1.py init end
2023-12-28 00:43:32.582254 = Framework Module Hook end
2023-12-28 00:43:32.583018 = Framework Function Hook Start
2023-12-28 00:43:36.871249 = function batch/test_spytest_infra_1.py::test_spytest_infra_last init start
2023-12-28 00:43:41.760908 = function batch/test_spytest_infra_1.py::test_spytest_infra_last init end
2023-12-28 00:43:41.762604 = Framework Function Hook end
2023-12-28 00:43:41.766522 = Module Config Time (2023-12-28 00:42:13.862505 - 2023-12-28 00:43:32.583233) Published
2023-12-28 00:43:41.770004 = function batch/test_spytest_infra_1.py::test_spytest_infra_last clean start
2023-12-28 00:43:41.780489 = Test Time (2023-12-28 00:43:36.871345 - 2023-12-28 00:43:41.780481) Published
2023-12-28 00:43:41.787813 = function batch/test_spytest_infra_1.py::test_spytest_infra_last clean end
2023-12-28 00:43:41.788350 = Framework Function Hook Finalize
2023-12-28 00:43:41.788602 = module test_spytest_infra_1.py clean start
2023-12-28 00:43:44.410218 = report file generation start
2023-12-28 00:43:44.501779 = report file generation end
2023-12-28 00:43:44.509069 = module test_spytest_infra_1.py clean end
2023-12-28 00:43:44.509534 = Framework Module Hook Finalize
2023-12-28 00:43:44.510070 = session clean start
2023-12-28 00:43:44.519071 = report file generation start
2023-12-28 00:43:44.611827 = report file generation end
2023-12-28 00:43:45.323101 = session clean end
