2023-12-30 01:42:59,289 T0000: WARN  #### gw4  
2023-12-30 01:42:59,289 T0000: WARN  support post-session-prolog session pass ''
2023-12-30 01:43:50,183 T0000: INFO  #### gw4  
2023-12-30 01:43:50,183 T0000: INFO  support pre-module-prolog system/test_ntp.py  ''
2023-12-30 01:44:14,535 T0000: INFO  #### gw4  system/test_ntp.py
2023-12-30 01:44:14,535 T0000: INFO  support post-module-prolog system/test_ntp.py Pass ''
2023-12-30 01:44:47,986 T0000: INFO  #### gw4  system/test_ntp.py
2023-12-30 01:44:47,986 T0000: INFO  support pre-function-prolog test_ft_ntp_disable_enable_with_message_log  ''
2023-12-30 01:44:48,007 T0000: INFO  #### gw4  system/test_ntp.py::test_ft_ntp_disable_enable_with_message_log
2023-12-30 01:44:48,007 T0000: INFO  support post-function-prolog test_ft_ntp_disable_enable_with_message_log Pass ''
2023-12-30 01:49:42,193 T0000: ERROR #### gw4 Exception system/test_ntp.py::test_ft_ntp_disable_enable_with_message_log
2023-12-30 01:49:42,193 T0000: ERROR Exception IndexError list index out of range in file /apis/system/ntp.py at line 347
2023-12-30 01:49:42,193 T0000: ERROR [0] /apis/system/ntp.py:347 show_clock return output[0]
2023-12-30 01:49:42,193 T0000: ERROR [1] /tests/system/test_ntp.py:103 test_ft_ntp_disable_enable_with_message_log ntp_obj.show_clock(vars.D1)
2023-12-30 01:49:42,195 T0000: WARN  #### gw4  system/test_ntp.py::test_ft_ntp_disable_enable_with_message_log
2023-12-30 01:49:42,195 T0000: WARN  support post-function-epilog test_ft_ntp_disable_enable_with_message_log ScriptError 'Exception IndexError list index out of range in file /apis/system/ntp.py at line 347'
2023-12-30 01:49:46,968 T0000: INFO  #### gw4  system/test_ntp.py
2023-12-30 01:49:46,968 T0000: INFO  support pre-function-prolog test_ntp_exists_config  ''
2023-12-30 01:49:46,977 T0000: INFO  #### gw4  system/test_ntp.py::test_ntp_exists_config
2023-12-30 01:49:46,977 T0000: INFO  support post-function-prolog test_ntp_exists_config Pass ''
2023-12-30 01:49:55,779 T0000: INFO  #### gw4  system/test_ntp.py::test_ntp_exists_config
2023-12-30 01:49:55,779 T0000: INFO  support pre-function-epilog test_ntp_exists_config Pass 'Test case passed'
2023-12-30 01:49:55,784 T0000: INFO  #### gw4  system/test_ntp.py::test_ntp_exists_config
2023-12-30 01:49:55,785 T0000: INFO  support post-function-epilog test_ntp_exists_config Pass 'Test case passed'
2023-12-30 01:49:55,811 T0000: WARN  #### gw4  system/test_ntp.py::test_ntp_exists_config
2023-12-30 01:49:55,811 T0000: WARN  support pre-module-epilog system/test_ntp.py fail ''
2023-12-30 01:50:20,079 T0000: WARN  #### gw4  system/test_ntp.py::test_ntp_exists_config
2023-12-30 01:50:20,079 T0000: WARN  support post-module-epilog system/test_ntp.py fail ''
2023-12-30 01:52:13,762 T0000: WARN  #### gw4  batch/test_spytest_infra_1.py::test_spytest_infra_last
2023-12-30 01:52:13,762 T0000: WARN  support session-epilog session pass ''
