2024-01-07 01:04:59,103 T0005: WARN  #### gw2 IGNORED SESSION INIT ERROR 
2024-01-07 01:04:59,104 T0005: WARN  Skipped error checking in session init but detected pattern: containing_no_response_from_container command: sudo vtysh -c 'show running-config | include hostname'
2024-01-07 01:05:08,009 T0005: WARN  #### gw2 IGNORED SESSION INIT ERROR 
2024-01-07 01:05:08,009 T0005: WARN  Skipped error checking in session init but detected pattern: containing_no_response_from_container command: sudo vtysh -c 'show running-config | include hostname'
2024-01-07 01:05:16,104 T0005: WARN  #### gw2 IGNORED SESSION INIT ERROR 
2024-01-07 01:05:16,104 T0005: WARN  Skipped error checking in session init but detected pattern: containing_no_response_from_container command: sudo vtysh -c 'show running-config | include hostname'
2024-01-07 01:05:28,133 T0005: WARN  #### gw2 IGNORED SESSION INIT ERROR 
2024-01-07 01:05:28,133 T0005: WARN  Skipped error checking in session init but detected pattern: containing_no_response_from_container command: sudo vtysh -c 'show running-config | include hostname'
2024-01-07 01:05:37,037 T0005: WARN  #### gw2 IGNORED SESSION INIT ERROR 
2024-01-07 01:05:37,038 T0005: WARN  Skipped error checking in session init but detected pattern: containing_no_response_from_container command: sudo vtysh -c 'show running-config | include hostname'
2024-01-07 01:11:51,035 T0025: WARN  #### gw2  
2024-01-07 01:11:51,036 T0025: WARN  support post-session-prolog session pass ''
2024-01-07 01:11:51,038 T0026: WARN  #### gw2  
2024-01-07 01:11:51,038 T0026: WARN  support post-session-prolog session pass ''
2024-01-07 01:12:42,445 T0079: INFO  #### gw2  
2024-01-07 01:12:42,445 T0079: INFO  support pre-module-prolog switching/test_portchannel.py  ''
2024-01-07 01:12:42,447 T0080: INFO  #### gw2  
2024-01-07 01:12:42,447 T0080: INFO  support pre-module-prolog switching/test_portchannel.py  ''
2024-01-07 01:13:26,235 T0104: INFO  #### gw2  switching/test_portchannel.py
2024-01-07 01:13:26,235 T0104: INFO  support post-module-prolog switching/test_portchannel.py Pass ''
2024-01-07 01:13:26,237 T0105: INFO  #### gw2  switching/test_portchannel.py
2024-01-07 01:13:26,238 T0105: INFO  support post-module-prolog switching/test_portchannel.py Pass ''
2024-01-07 01:14:00,469 T0129: INFO  #### gw2  switching/test_portchannel.py
2024-01-07 01:14:00,469 T0129: INFO  support pre-function-prolog test_ft_portchannel_with_vlan_variations  ''
2024-01-07 01:14:00,473 T0130: INFO  #### gw2  switching/test_portchannel.py
2024-01-07 01:14:00,473 T0130: INFO  support pre-function-prolog test_ft_portchannel_with_vlan_variations  ''
2024-01-07 01:14:05,148 T0133: INFO  #### gw2  switching/test_portchannel.py::test_ft_portchannel_with_vlan_variations
2024-01-07 01:14:05,148 T0133: INFO  support post-function-prolog test_ft_portchannel_with_vlan_variations Pass ''
2024-01-07 01:14:05,152 T0134: INFO  #### gw2  switching/test_portchannel.py::test_ft_portchannel_with_vlan_variations
2024-01-07 01:14:05,152 T0134: INFO  support post-function-prolog test_ft_portchannel_with_vlan_variations Pass ''
2024-01-07 01:14:34,982 T0149: INFO  #### gw2  switching/test_portchannel.py::test_ft_portchannel_with_vlan_variations
2024-01-07 01:14:34,983 T0149: INFO  support pre-function-epilog test_ft_portchannel_with_vlan_variations Pass 'Test case passed'
2024-01-07 01:14:34,986 T0150: INFO  #### gw2  switching/test_portchannel.py::test_ft_portchannel_with_vlan_variations
2024-01-07 01:14:34,986 T0150: INFO  support pre-function-epilog test_ft_portchannel_with_vlan_variations Pass 'Test case passed'
2024-01-07 01:14:37,587 T0153: INFO  #### gw2  switching/test_portchannel.py::test_ft_portchannel_with_vlan_variations
2024-01-07 01:14:37,588 T0153: INFO  support post-function-epilog test_ft_portchannel_with_vlan_variations Pass 'Test case passed'
2024-01-07 01:14:37,590 T0154: INFO  #### gw2  switching/test_portchannel.py::test_ft_portchannel_with_vlan_variations
2024-01-07 01:14:37,591 T0154: INFO  support post-function-epilog test_ft_portchannel_with_vlan_variations Pass 'Test case passed'
2024-01-07 01:14:42,900 T0160: INFO  #### gw2  switching/test_portchannel.py
2024-01-07 01:14:42,900 T0160: INFO  support pre-function-prolog test_ft_verify_min_links_functionality_by_flapping_all_member_ports_007  ''
2024-01-07 01:14:42,904 T0161: INFO  #### gw2  switching/test_portchannel.py
2024-01-07 01:14:42,905 T0161: INFO  support pre-function-prolog test_ft_verify_min_links_functionality_by_flapping_all_member_ports_007  ''
2024-01-07 01:14:46,281 T0164: INFO  #### gw2  switching/test_portchannel.py::test_ft_verify_min_links_functionality_by_flapping_all_member_ports_007
2024-01-07 01:14:46,281 T0164: INFO  support post-function-prolog test_ft_verify_min_links_functionality_by_flapping_all_member_ports_007 Pass ''
2024-01-07 01:14:46,284 T0165: INFO  #### gw2  switching/test_portchannel.py::test_ft_verify_min_links_functionality_by_flapping_all_member_ports_007
2024-01-07 01:14:46,284 T0165: INFO  support post-function-prolog test_ft_verify_min_links_functionality_by_flapping_all_member_ports_007 Pass ''
2024-01-07 01:14:47,527 T0167: WARN  #### gw2 IGNORED ERROR switching/test_portchannel.py::test_ft_verify_min_links_functionality_by_flapping_all_member_ports_007
2024-01-07 01:14:47,527 T0167: WARN  Skipped error checking but detected pattern: containing_error command: sudo -s config portchannel add PortChannel7  --min-links 4
2024-01-07 01:14:47,575 T0166: WARN  #### gw2 IGNORED ERROR switching/test_portchannel.py::test_ft_verify_min_links_functionality_by_flapping_all_member_ports_007
2024-01-07 01:14:47,575 T0166: WARN  Skipped error checking but detected pattern: containing_error command: sudo -s config portchannel add PortChannel7  --min-links 4
2024-01-07 01:15:00,772 T0172: INFO  #### gw2  switching/test_portchannel.py::test_ft_verify_min_links_functionality_by_flapping_all_member_ports_007
2024-01-07 01:15:00,774 T0172: INFO  support pre-function-epilog test_ft_verify_min_links_functionality_by_flapping_all_member_ports_007 Pass 'Test case passed'
2024-01-07 01:15:00,777 T0173: INFO  #### gw2  switching/test_portchannel.py::test_ft_verify_min_links_functionality_by_flapping_all_member_ports_007
2024-01-07 01:15:00,777 T0173: INFO  support pre-function-epilog test_ft_verify_min_links_functionality_by_flapping_all_member_ports_007 Pass 'Test case passed'
2024-01-07 01:15:02,101 T0174: WARN  #### gw2 IGNORED ERROR switching/test_portchannel.py::test_ft_verify_min_links_functionality_by_flapping_all_member_ports_007
2024-01-07 01:15:02,101 T0174: WARN  Skipped error checking but detected pattern: containing_error command: sudo -s config portchannel add PortChannel7  --min-links True
2024-01-07 01:15:02,102 T0175: WARN  #### gw2 IGNORED ERROR switching/test_portchannel.py::test_ft_verify_min_links_functionality_by_flapping_all_member_ports_007
2024-01-07 01:15:02,102 T0175: WARN  Skipped error checking but detected pattern: containing_error command: sudo -s config portchannel add PortChannel7  --min-links True
2024-01-07 01:15:02,106 T0176: INFO  #### gw2  switching/test_portchannel.py::test_ft_verify_min_links_functionality_by_flapping_all_member_ports_007
2024-01-07 01:15:02,106 T0176: INFO  support post-function-epilog test_ft_verify_min_links_functionality_by_flapping_all_member_ports_007 Pass 'Test case passed'
2024-01-07 01:15:02,109 T0177: INFO  #### gw2  switching/test_portchannel.py::test_ft_verify_min_links_functionality_by_flapping_all_member_ports_007
2024-01-07 01:15:02,109 T0177: INFO  support post-function-epilog test_ft_verify_min_links_functionality_by_flapping_all_member_ports_007 Pass 'Test case passed'
2024-01-07 01:15:02,143 T0178: WARN  #### gw2  switching/test_portchannel.py::test_ft_verify_min_links_functionality_by_flapping_all_member_ports_007
2024-01-07 01:15:02,143 T0178: WARN  support pre-module-epilog switching/test_portchannel.py pass ''
2024-01-07 01:15:02,147 T0179: WARN  #### gw2  switching/test_portchannel.py::test_ft_verify_min_links_functionality_by_flapping_all_member_ports_007
2024-01-07 01:15:02,147 T0179: WARN  support pre-module-epilog switching/test_portchannel.py pass ''
2024-01-07 01:15:36,185 T0199: ERROR #### gw2 ERROR switching/test_portchannel.py::test_ft_verify_min_links_functionality_by_flapping_all_member_ports_007
2024-01-07 01:15:36,185 T0199: ERROR detected pattern: containing_error executing 'sudo -s config portchannel del PortChannel7'
2024-01-07 01:15:36,582 T0198: ERROR #### gw2 ERROR switching/test_portchannel.py::test_ft_verify_min_links_functionality_by_flapping_all_member_ports_007
2024-01-07 01:15:36,582 T0198: ERROR detected pattern: containing_error executing 'sudo -s config portchannel del PortChannel7'
2024-01-07 01:15:36,587 T0200: WARN  #### gw2  switching/test_portchannel.py::test_ft_verify_min_links_functionality_by_flapping_all_member_ports_007
2024-01-07 01:15:36,588 T0200: WARN  support post-module-epilog switching/test_portchannel.py pass ''
2024-01-07 01:15:36,592 T0201: WARN  #### gw2  switching/test_portchannel.py::test_ft_verify_min_links_functionality_by_flapping_all_member_ports_007
2024-01-07 01:15:36,592 T0201: WARN  support post-module-epilog switching/test_portchannel.py pass ''
2024-01-07 01:20:11,937 T0269: INFO  #### gw2  
2024-01-07 01:20:11,937 T0269: INFO  support pre-module-prolog system/test_ssh.py  ''
2024-01-07 01:20:11,939 T0270: INFO  #### gw2  
2024-01-07 01:20:11,940 T0270: INFO  support pre-module-prolog system/test_ssh.py  ''
2024-01-07 01:20:50,839 T0297: INFO  #### gw2  system/test_ssh.py
2024-01-07 01:20:50,840 T0297: INFO  support post-module-prolog system/test_ssh.py Pass ''
2024-01-07 01:20:50,842 T0298: INFO  #### gw2  system/test_ssh.py
2024-01-07 01:20:50,843 T0298: INFO  support post-module-prolog system/test_ssh.py Pass ''
2024-01-07 01:21:24,170 T0322: INFO  #### gw2  system/test_ssh.py
2024-01-07 01:21:24,170 T0322: INFO  support pre-function-prolog test_ft_ssh_service_disable  ''
2024-01-07 01:21:24,174 T0323: INFO  #### gw2  system/test_ssh.py
2024-01-07 01:21:24,174 T0323: INFO  support pre-function-prolog test_ft_ssh_service_disable  ''
2024-01-07 01:21:24,187 T0324: INFO  #### gw2  system/test_ssh.py::test_ft_ssh_service_disable
2024-01-07 01:21:24,187 T0324: INFO  support post-function-prolog test_ft_ssh_service_disable Pass ''
2024-01-07 01:21:24,189 T0325: INFO  #### gw2  system/test_ssh.py::test_ft_ssh_service_disable
2024-01-07 01:21:24,189 T0325: INFO  support post-function-prolog test_ft_ssh_service_disable Pass ''
2024-01-07 01:21:26,946 T0326: INFO  #### gw2  system/test_ssh.py::test_ft_ssh_service_disable
2024-01-07 01:21:26,947 T0326: INFO  support pre-function-epilog test_ft_ssh_service_disable Pass 'Test case passed'
2024-01-07 01:21:26,949 T0327: INFO  #### gw2  system/test_ssh.py::test_ft_ssh_service_disable
2024-01-07 01:21:26,949 T0327: INFO  support pre-function-epilog test_ft_ssh_service_disable Pass 'Test case passed'
2024-01-07 01:21:26,960 T0328: INFO  #### gw2  system/test_ssh.py::test_ft_ssh_service_disable
2024-01-07 01:21:26,960 T0328: INFO  support post-function-epilog test_ft_ssh_service_disable Pass 'Test case passed'
2024-01-07 01:21:26,962 T0329: INFO  #### gw2  system/test_ssh.py::test_ft_ssh_service_disable
2024-01-07 01:21:26,962 T0329: INFO  support post-function-epilog test_ft_ssh_service_disable Pass 'Test case passed'
2024-01-07 01:21:32,161 T0335: INFO  #### gw2  system/test_ssh.py
2024-01-07 01:21:32,162 T0335: INFO  support pre-function-prolog test_ft_ssh_add_user_verify  ''
2024-01-07 01:21:32,166 T0336: INFO  #### gw2  system/test_ssh.py
2024-01-07 01:21:32,166 T0336: INFO  support pre-function-prolog test_ft_ssh_add_user_verify  ''
2024-01-07 01:21:32,177 T0337: INFO  #### gw2  system/test_ssh.py::test_ft_ssh_add_user_verify
2024-01-07 01:21:32,177 T0337: INFO  support post-function-prolog test_ft_ssh_add_user_verify Pass ''
2024-01-07 01:21:32,179 T0338: INFO  #### gw2  system/test_ssh.py::test_ft_ssh_add_user_verify
2024-01-07 01:21:32,179 T0338: INFO  support post-function-prolog test_ft_ssh_add_user_verify Pass ''
2024-01-07 01:27:55,115 T0000: WARN  #### gw2 IGNORED ERROR system/test_ssh.py::test_ft_ssh_add_user_verify
2024-01-07 01:27:55,115 T0000: WARN  Skipped error checking but detected pattern: containing_python_traceback command: sudo -s fast-reboot
2024-01-07 01:28:02,471 T0000: WARN  #### gw2 IGNORED ERROR system/test_ssh.py::test_ft_ssh_add_user_verify
2024-01-07 01:28:02,471 T0000: WARN  Skipped error checking but detected pattern: containing_no_response_from_container command: sudo vtysh -c 'show running-config | include hostname'
2024-01-07 01:28:08,259 T0000: WARN  #### gw2 IGNORED ERROR system/test_ssh.py::test_ft_ssh_add_user_verify
2024-01-07 01:28:08,259 T0000: WARN  Skipped error checking but detected pattern: containing_no_response_from_container command: sudo vtysh -c 'show running-config | include hostname'
2024-01-07 01:28:14,039 T0000: WARN  #### gw2 IGNORED ERROR system/test_ssh.py::test_ft_ssh_add_user_verify
2024-01-07 01:28:14,039 T0000: WARN  Skipped error checking but detected pattern: containing_no_response_from_container command: sudo vtysh -c 'show running-config | include hostname'
2024-01-07 01:28:19,819 T0000: WARN  #### gw2 IGNORED ERROR system/test_ssh.py::test_ft_ssh_add_user_verify
2024-01-07 01:28:19,819 T0000: WARN  Skipped error checking but detected pattern: containing_no_response_from_container command: sudo vtysh -c 'show running-config | include hostname'
2024-01-07 01:28:25,593 T0000: WARN  #### gw2 IGNORED ERROR system/test_ssh.py::test_ft_ssh_add_user_verify
2024-01-07 01:28:25,593 T0000: WARN  Skipped error checking but detected pattern: containing_no_response_from_container command: sudo vtysh -c 'show running-config | include hostname'
2024-01-07 01:28:31,371 T0000: WARN  #### gw2 IGNORED ERROR system/test_ssh.py::test_ft_ssh_add_user_verify
2024-01-07 01:28:31,371 T0000: WARN  Skipped error checking but detected pattern: containing_no_response_from_container command: sudo vtysh -c 'show running-config | include hostname'
2024-01-07 01:30:35,591 T0345: INFO  #### gw2  system/test_ssh.py::test_ft_ssh_add_user_verify
2024-01-07 01:30:35,592 T0345: INFO  support testcase test_ft_controlplane_acl_service_sshv4 Pass 'SSH failed'
2024-01-07 01:30:35,594 T0346: INFO  #### gw2  system/test_ssh.py::test_ft_ssh_add_user_verify
2024-01-07 01:30:35,594 T0346: INFO  support testcase test_ft_controlplane_acl_service_sshv4 Pass 'SSH failed'
2024-01-07 01:30:35,602 T0347: INFO  #### gw2  system/test_ssh.py::test_ft_ssh_add_user_verify
2024-01-07 01:30:35,602 T0347: INFO  support testcase test_ft_controlplane_acl_service_sshv6 Pass 'SSH failed'
2024-01-07 01:30:35,604 T0348: INFO  #### gw2  system/test_ssh.py::test_ft_ssh_add_user_verify
2024-01-07 01:30:35,604 T0348: INFO  support testcase test_ft_controlplane_acl_service_sshv6 Pass 'SSH failed'
2024-01-07 01:30:35,609 T0349: WARN  #### gw2  system/test_ssh.py::test_ft_ssh_add_user_verify
2024-01-07 01:30:35,609 T0349: WARN  support testcase test_ft_controlplane_acl_service_snmp Fail 'SNMP output is not found after walk of with control plane ACL service SNMP after reboot OID'
2024-01-07 01:30:35,611 T0350: WARN  #### gw2  system/test_ssh.py::test_ft_ssh_add_user_verify
2024-01-07 01:30:35,611 T0350: WARN  support testcase test_ft_controlplane_acl_service_snmp Fail 'SNMP output is not found after walk of with control plane ACL service SNMP after reboot OID'
2024-01-07 01:32:40,599 T0355: WARN  #### gw2  system/test_ssh.py::test_ft_ssh_add_user_verify
2024-01-07 01:32:40,599 T0355: WARN  support pre-function-epilog test_ft_ssh_add_user_verify Fail 'Test case Failed.'
2024-01-07 01:32:40,601 T0356: WARN  #### gw2  system/test_ssh.py::test_ft_ssh_add_user_verify
2024-01-07 01:32:40,601 T0356: WARN  support pre-function-epilog test_ft_ssh_add_user_verify Fail 'Test case Failed.'
2024-01-07 01:32:41,037 T0357: WARN  #### gw2  system/test_ssh.py::test_ft_ssh_add_user_verify
2024-01-07 01:32:41,037 T0357: WARN  support post-function-epilog test_ft_ssh_add_user_verify ignore 'Test case Failed.'
2024-01-07 01:32:41,039 T0358: WARN  #### gw2  system/test_ssh.py::test_ft_ssh_add_user_verify
2024-01-07 01:32:41,039 T0358: WARN  support post-function-epilog test_ft_ssh_add_user_verify ignore 'Test case Failed.'
2024-01-07 01:32:46,664 T0364: INFO  #### gw2  system/test_ssh.py
2024-01-07 01:32:46,664 T0364: INFO  support pre-function-prolog test_ft_verify_logs_at_the_time_of_ssh_login_success  ''
2024-01-07 01:32:46,668 T0365: INFO  #### gw2  system/test_ssh.py
2024-01-07 01:32:46,668 T0365: INFO  support pre-function-prolog test_ft_verify_logs_at_the_time_of_ssh_login_success  ''
2024-01-07 01:32:46,678 T0366: INFO  #### gw2  system/test_ssh.py::test_ft_verify_logs_at_the_time_of_ssh_login_success
2024-01-07 01:32:46,678 T0366: INFO  support post-function-prolog test_ft_verify_logs_at_the_time_of_ssh_login_success Pass ''
2024-01-07 01:32:46,680 T0367: INFO  #### gw2  system/test_ssh.py::test_ft_verify_logs_at_the_time_of_ssh_login_success
2024-01-07 01:32:46,680 T0367: INFO  support post-function-prolog test_ft_verify_logs_at_the_time_of_ssh_login_success Pass ''
2024-01-07 01:33:03,133 T0370: INFO  #### gw2  system/test_ssh.py::test_ft_verify_logs_at_the_time_of_ssh_login_success
2024-01-07 01:33:03,133 T0370: INFO  support pre-function-epilog test_ft_verify_logs_at_the_time_of_ssh_login_success Pass 'Test case passed'
2024-01-07 01:33:03,135 T0371: INFO  #### gw2  system/test_ssh.py::test_ft_verify_logs_at_the_time_of_ssh_login_success
2024-01-07 01:33:03,135 T0371: INFO  support pre-function-epilog test_ft_verify_logs_at_the_time_of_ssh_login_success Pass 'Test case passed'
2024-01-07 01:33:03,147 T0372: INFO  #### gw2  system/test_ssh.py::test_ft_verify_logs_at_the_time_of_ssh_login_success
2024-01-07 01:33:03,147 T0372: INFO  support post-function-epilog test_ft_verify_logs_at_the_time_of_ssh_login_success Pass 'Test case passed'
2024-01-07 01:33:03,149 T0373: INFO  #### gw2  system/test_ssh.py::test_ft_verify_logs_at_the_time_of_ssh_login_success
2024-01-07 01:33:03,149 T0373: INFO  support post-function-epilog test_ft_verify_logs_at_the_time_of_ssh_login_success Pass 'Test case passed'
2024-01-07 01:33:03,188 T0374: WARN  #### gw2  system/test_ssh.py::test_ft_verify_logs_at_the_time_of_ssh_login_success
2024-01-07 01:33:03,188 T0374: WARN  support pre-module-epilog system/test_ssh.py fail ''
2024-01-07 01:33:03,190 T0375: WARN  #### gw2  system/test_ssh.py::test_ft_verify_logs_at_the_time_of_ssh_login_success
2024-01-07 01:33:03,191 T0375: WARN  support pre-module-epilog system/test_ssh.py fail ''
2024-01-07 01:33:57,417 T0400: WARN  #### gw2  system/test_ssh.py::test_ft_verify_logs_at_the_time_of_ssh_login_success
2024-01-07 01:33:57,417 T0400: WARN  support post-module-epilog system/test_ssh.py fail ''
2024-01-07 01:33:57,419 T0401: WARN  #### gw2  system/test_ssh.py::test_ft_verify_logs_at_the_time_of_ssh_login_success
2024-01-07 01:33:57,420 T0401: WARN  support post-module-epilog system/test_ssh.py fail ''
2024-01-07 01:36:03,729 T0449: WARN  #### gw2  batch/test_spytest_infra_1.py::test_spytest_infra_last
2024-01-07 01:36:03,729 T0449: WARN  support session-epilog session pass ''
2024-01-07 01:36:03,731 T0450: WARN  #### gw2  batch/test_spytest_infra_1.py::test_spytest_infra_last
2024-01-07 01:36:03,731 T0450: WARN  support session-epilog session pass ''
