2023-12-26 00:17:05,870 T0002: [D1-V4] ['export TMOUT=0', 'stty cols 5000', 'uptime']
2023-12-26 00:17:06,538 T0002: [D1-V4] cat /proc/uptime
2023-12-26 00:17:07,206 T0002: [D1-V4] sudo vtysh -c 'show running-config | include hostname'
2023-12-26 00:17:13,389 T0002: [D1-V4] /sbin/ip link set dev eth0 up
2023-12-26 00:17:14,059 T0002: [D1-V4] /sbin/ip route list dev eth0
2023-12-26 00:17:14,735 T0002: [D1-V4] ['export TMOUT=0', 'stty cols 5000', 'uptime']
2023-12-26 00:17:16,882 T0002: [D1-V4] /sbin/ip link set dev eth0 up
2023-12-26 00:17:17,551 T0002: [D1-V4] /sbin/ip route list dev eth0
2023-12-26 00:17:18,895 T0002: [D1-V4] show version
2023-12-26 00:17:21,073 T0002: [D1-V4] /sbin/ip link set dev eth0 up
2023-12-26 00:17:21,743 T0002: [D1-V4] /sbin/ip route list dev eth0
2023-12-26 00:17:23,900 T0002: [D1-V4] /sbin/ip link set dev eth0 up
2023-12-26 00:17:24,571 T0002: [D1-V4] /sbin/ip route list dev eth0
2023-12-26 00:18:32,577 T0000: [D1-V4] sudo show interfaces status
2023-12-26 00:18:34,427 T0000: [D1-V4] config interface startup Ethernet0
2023-12-26 00:18:35,489 T0000: [D1-V4] config interface startup Ethernet4
2023-12-26 00:18:36,603 T0000: [D1-V4] config interface startup Ethernet8
2023-12-26 00:18:37,670 T0000: [D1-V4] config interface startup Ethernet12
2023-12-26 00:18:38,817 T0000: [D1-V4] config interface shutdown Ethernet16
2023-12-26 00:18:39,924 T0000: [D1-V4] config interface shutdown Ethernet20
2023-12-26 00:18:41,027 T0000: [D1-V4] config interface shutdown Ethernet24
2023-12-26 00:18:42,139 T0000: [D1-V4] config interface shutdown Ethernet28
2023-12-26 00:18:43,250 T0000: [D1-V4] config interface shutdown Ethernet32
2023-12-26 00:18:44,306 T0000: [D1-V4] config interface shutdown Ethernet36
2023-12-26 00:18:45,365 T0000: [D1-V4] config interface shutdown Ethernet40
2023-12-26 00:18:46,471 T0000: [D1-V4] config interface shutdown Ethernet44
2023-12-26 00:18:47,598 T0000: [D1-V4] config interface shutdown Ethernet48
2023-12-26 00:18:48,716 T0000: [D1-V4] config interface shutdown Ethernet52
2023-12-26 00:18:49,824 T0000: [D1-V4] config interface shutdown Ethernet56
2023-12-26 00:18:50,880 T0000: [D1-V4] config interface shutdown Ethernet60
2023-12-26 00:18:51,934 T0000: [D1-V4] config interface shutdown Ethernet64
2023-12-26 00:18:52,989 T0000: [D1-V4] config interface shutdown Ethernet68
2023-12-26 00:18:54,096 T0000: [D1-V4] config interface shutdown Ethernet72
2023-12-26 00:18:55,153 T0000: [D1-V4] config interface shutdown Ethernet76
2023-12-26 00:18:56,210 T0000: [D1-V4] config interface shutdown Ethernet80
2023-12-26 00:18:57,264 T0000: [D1-V4] config interface shutdown Ethernet84
2023-12-26 00:18:58,322 T0000: [D1-V4] config interface shutdown Ethernet88
2023-12-26 00:18:59,377 T0000: [D1-V4] config interface shutdown Ethernet92
2023-12-26 00:19:00,430 T0000: [D1-V4] config interface shutdown Ethernet96
2023-12-26 00:19:01,488 T0000: [D1-V4] config interface shutdown Ethernet100
2023-12-26 00:19:02,593 T0000: [D1-V4] config interface shutdown Ethernet104
2023-12-26 00:19:03,701 T0000: [D1-V4] config interface shutdown Ethernet108
2023-12-26 00:19:04,809 T0000: [D1-V4] config interface shutdown Ethernet112
2023-12-26 00:19:05,913 T0000: [D1-V4] config interface shutdown Ethernet116
2023-12-26 00:19:06,964 T0000: [D1-V4] config interface shutdown Ethernet120
2023-12-26 00:19:08,069 T0000: [D1-V4] config interface shutdown Ethernet124
2023-12-26 00:19:15,309 T0000: [D1-V4] show version
2023-12-26 00:19:17,289 T0000: [D1-V4] cat /var/run/redis/sonic-db/database_config.json
2023-12-26 00:19:18,091 T0000: [D1-V4] /sbin/ifconfig eth0
2023-12-26 00:19:18,817 T0000: [D1-V4] ls /etc/sonic/bcmsim.cfg
2023-12-26 00:19:19,546 T0000: [D1-V4] no router bgp
2023-12-26 00:19:21,446 T0000: [D1-V4] config feature state sflow enabled
2023-12-26 00:19:23,497 T0000: [D1-V4] config feature state nat enabled
2023-12-26 00:19:27,773 T0000: [D1-V4] config save /tmp/config-db-V4-post-session-prolog-session.json -y
2023-12-26 00:19:29,082 T0000: [D1-V4] chmod 777 /tmp/config-db-V4-post-session-prolog-session.json
2023-12-26 00:19:30,612 T0000: [D1-V4] /sbin/ip link set dev eth0 up
2023-12-26 00:19:31,321 T0000: [D1-V4] /sbin/ip route list dev eth0
2023-12-26 00:19:39,732 T0000: [D1-V4] sudo vtysh -c 'show running-config' > /tmp/vtysh-runcfg-V4-post-session-prolog-session.txt
2023-12-26 00:19:40,637 T0000: [D1-V4] chmod 777 /tmp/vtysh-runcfg-V4-post-session-prolog-session.txt
2023-12-26 00:19:42,168 T0000: [D1-V4] /sbin/ip link set dev eth0 up
2023-12-26 00:19:42,881 T0000: [D1-V4] /sbin/ip route list dev eth0
2023-12-26 00:19:51,715 T0000: 
================== Framework Module Hook: batch/test_spytest_infra_1.py ==================
2023-12-26 00:19:51,734 T0012: [D1-V4] sudo show interfaces status Ethernet124
2023-12-26 00:19:53,943 T0013: [D1-V4] sudo show interfaces status
2023-12-26 00:19:55,575 T0000: 
================== Framework Module Hook Finish: batch/test_spytest_infra_1.py ==================
2023-12-26 00:19:55,576 T0000: 
================== Framework Function Hook: batch/test_spytest_infra_1.py::test_spytest_infra_first ==================
2023-12-26 00:19:58,672 T0014: [D1-V4] sudo show interfaces status
2023-12-26 00:20:00,324 T0000: [D1-V4] sudo show interfaces status Ethernet124
2023-12-26 00:20:03,122 T0000: 
================== Framework Function Hook Finish: batch/test_spytest_infra_1.py::test_spytest_infra_first ==================
2023-12-26 00:20:03,127 T0000: 
================== Test Execution: batch/test_spytest_infra_1.py::test_spytest_infra_first ==================
2023-12-26 00:20:03,147 T0000: 
================== Framework Function Hook Finalize: batch/test_spytest_infra_1.py::test_spytest_infra_first ==================
2023-12-26 00:20:03,282 T0000: 
================== Framework Function Hook: batch/test_spytest_infra_1.py::test_spytest_infra_second ==================
2023-12-26 00:20:03,299 T0015: [D1-V4] sudo show interfaces status
2023-12-26 00:20:04,940 T0000: [D1-V4] sudo show interfaces status Ethernet124
2023-12-26 00:20:07,690 T0000: 
================== Framework Function Hook Finish: batch/test_spytest_infra_1.py::test_spytest_infra_second ==================
2023-12-26 00:20:07,692 T0000: 
================== Test Execution: batch/test_spytest_infra_1.py::test_spytest_infra_second ==================
2023-12-26 00:20:07,711 T0000: 
================== Framework Function Hook Finalize: batch/test_spytest_infra_1.py::test_spytest_infra_second ==================
2023-12-26 00:20:07,725 T0000: [D1-V4] sudo show interfaces status Ethernet124
2023-12-26 00:20:10,153 T0000: 
================== Framework Module Hook Finalize: batch/test_spytest_infra_1.py Pass: 2/2 ==================
2023-12-26 00:20:10,153 T0000: 
================== Devices used: batch/test_spytest_infra_1.py 1 ['V4'] ==================
2023-12-26 00:20:10,566 T0000: 
================== Framework Module Hook: routing/NAT/test_nat.py ==================
2023-12-26 00:20:10,577 T0016: [D1-V4] sudo show interfaces status Ethernet124
2023-12-26 00:20:12,880 T0017: [D1-V4] sudo show interfaces status
2023-12-26 00:20:14,525 T0000: [D1-V4] config save /tmp/config-db-V4-pre-module-prolog-routing-NAT-test_nat.py.json -y
2023-12-26 00:20:15,895 T0000: [D1-V4] chmod 777 /tmp/config-db-V4-pre-module-prolog-routing-NAT-test_nat.py.json
2023-12-26 00:20:17,428 T0000: [D1-V4] /sbin/ip link set dev eth0 up
2023-12-26 00:20:18,140 T0000: [D1-V4] /sbin/ip route list dev eth0
2023-12-26 00:20:26,548 T0000: [D1-V4] sudo vtysh -c 'show running-config' > /tmp/vtysh-runcfg-V4-pre-module-prolog-routing-NAT-test_nat.py.txt
2023-12-26 00:20:27,450 T0000: [D1-V4] chmod 777 /tmp/vtysh-runcfg-V4-pre-module-prolog-routing-NAT-test_nat.py.txt
2023-12-26 00:20:28,983 T0000: [D1-V4] /sbin/ip link set dev eth0 up
2023-12-26 00:20:29,695 T0000: [D1-V4] /sbin/ip route list dev eth0
2023-12-26 00:20:38,125 T0000: 
================== Framework Module Hook Finish: routing/NAT/test_nat.py ==================
2023-12-26 00:20:38,126 T0000: 
================== Module Hook: routing/NAT/test_nat.py nat_module_config ==================
2023-12-26 00:20:38,128 T0000: [D1-V4] show platform summary
2023-12-26 00:20:39,315 T0026: [D1-V4] config interface ip add Ethernet0 12.12.0.1/16
2023-12-26 00:20:40,388 T0026: [D1-V4] config interface ip add Ethernet4 125.56.90.12/24
2023-12-26 00:20:41,409 T0026: [D1-V4] config interface ip add Ethernet4 125.56.90.13/24
2023-12-26 00:20:42,632 T0026: [D1-V4] config interface ip add Ethernet4 125.56.90.14/24
2023-12-26 00:20:43,653 T0026: [D1-V4] config interface ip add Ethernet4 125.56.90.15/24
2023-12-26 00:20:44,674 T0026: [D1-V4] config interface ip add Ethernet4 125.56.90.23/24
2023-12-26 00:20:45,696 T0026: [D1-V4] config interface ip add Ethernet4 125.56.90.24/24
2023-12-26 00:20:46,717 T0026: [D1-V4] /sbin/ifconfig Ethernet0
2023-12-26 00:20:47,398 T0026: [D1-V4] ip route 129.2.30.0/24 125.56.90.1
2023-12-26 00:20:49,192 T0026: [D1-V4] ip route 88.98.128.0/24 12.12.0.2
2023-12-26 00:20:49,858 T0026: [D1-V4] ip route 99.99.99.0/24 125.56.90.1
2023-12-26 00:20:50,522 T0026: [D1-V4] config nat feature enable
2023-12-26 00:20:52,462 T0026: [D1-V4] config nat add interface Ethernet0 -nat_zone 0
2023-12-26 00:20:53,482 T0026: [D1-V4] config nat add interface Ethernet4 -nat_zone 1
2023-12-26 00:20:54,552 T0026: [D1-V4] config nat add static basic 125.56.90.12 12.12.0.2  -nat_type dnat
2023-12-26 00:20:55,673 T0026: [D1-V4] config nat add static tcp 125.56.90.13 100 12.12.0.3 1002 -nat_type dnat
2023-12-26 00:20:56,693 T0026: [D1-V4] config nat add static udp 12.12.0.4 7781 125.56.90.14 7811 -nat_type snat
2023-12-26 00:20:57,764 T0026: [D1-V4] config nat add static basic 88.98.128.2 11.11.11.2  -nat_type snat
2023-12-26 00:20:58,782 T0026: [D1-V4] config nat add static basic 125.56.90.15 12.12.0.5  -nat_type dnat -twice_nat_id 100
2023-12-26 00:20:59,853 T0026: [D1-V4] config nat add static basic 99.99.99.1 15.15.0.1  -nat_type snat -twice_nat_id 100
2023-12-26 00:21:00,874 T0026: [D1-V4] show nat translations
2023-12-26 00:21:02,025 T0026: [D1-V4] config nat add pool pool_123_nat  125.56.90.23-125.56.90.24 333-334
2023-12-26 00:21:03,092 T0026: [D1-V4] config nat add binding bind_1 pool_123_nat
2023-12-26 00:21:17,033 T0000: 
================== Module Hook Finish: routing/NAT/test_nat.py nat_module_config ==================
2023-12-26 00:21:17,034 T0000: 
================== Framework Function Hook: routing/NAT/test_nat.py::test_ft_nat_docker_restart ==================
2023-12-26 00:21:17,043 T0000: [D1-V4] config save /tmp/config-db-V4-post-module-prolog-routing-NAT-test_nat.py.json -y
2023-12-26 00:21:18,353 T0000: [D1-V4] chmod 777 /tmp/config-db-V4-post-module-prolog-routing-NAT-test_nat.py.json
2023-12-26 00:21:19,890 T0000: [D1-V4] /sbin/ip link set dev eth0 up
2023-12-26 00:21:20,600 T0000: [D1-V4] /sbin/ip route list dev eth0
2023-12-26 00:21:29,006 T0000: [D1-V4] sudo vtysh -c 'show running-config' > /tmp/vtysh-runcfg-V4-post-module-prolog-routing-NAT-test_nat.py.txt
2023-12-26 00:21:29,912 T0000: [D1-V4] chmod 777 /tmp/vtysh-runcfg-V4-post-module-prolog-routing-NAT-test_nat.py.txt
2023-12-26 00:21:31,449 T0000: [D1-V4] /sbin/ip link set dev eth0 up
2023-12-26 00:21:32,162 T0000: [D1-V4] /sbin/ip route list dev eth0
2023-12-26 00:21:43,701 T0035: [D1-V4] sudo show interfaces status
2023-12-26 00:21:45,358 T0000: [D1-V4] sudo show interfaces status Ethernet124
2023-12-26 00:21:48,128 T0000: 
================== Framework Function Hook Finish: routing/NAT/test_nat.py::test_ft_nat_docker_restart ==================
2023-12-26 00:21:48,129 T0000: 
================== Function Hook: routing/NAT/test_nat.py nat_func_hooks ==================
2023-12-26 00:21:48,137 T0000: [D1-V4] sonic-clear counters
2023-12-26 00:21:49,693 T0000: [D1-V4] sonic-clear nat statistics
2023-12-26 00:21:50,855 T0000: 
================== Function Hook Finish: routing/NAT/test_nat.py nat_func_hooks ==================
2023-12-26 00:21:50,857 T0000: 
================== Test Execution: routing/NAT/test_nat.py::test_ft_nat_docker_restart ==================
2023-12-26 00:21:59,898 T0000: [D1-V4] systemctl stop nat
2023-12-26 00:22:20,997 T0000: [D1-V4] systemctl start nat
2023-12-26 00:22:32,170 T0000: [D1-V4] show nat translations
2023-12-26 00:22:33,418 T0000: [D1-V4] show nat translations
2023-12-26 00:22:34,612 T0000: 
================== Function Hook Finalize: routing/NAT/test_nat.py nat_func_hooks ==================
2023-12-26 00:22:34,631 T0000: 
================== Framework Function Hook Finalize: routing/NAT/test_nat.py::test_ft_nat_docker_restart ==================
2023-12-26 00:22:34,638 T0000: [D1-V4] config save /tmp/config-db-V4-pre-module-epilog-routing-NAT-test_nat.py.json -y
2023-12-26 00:22:35,899 T0000: [D1-V4] chmod 777 /tmp/config-db-V4-pre-module-epilog-routing-NAT-test_nat.py.json
2023-12-26 00:22:37,431 T0000: [D1-V4] /sbin/ip link set dev eth0 up
2023-12-26 00:22:38,141 T0000: [D1-V4] /sbin/ip route list dev eth0
2023-12-26 00:22:46,566 T0000: [D1-V4] sudo vtysh -c 'show running-config' > /tmp/vtysh-runcfg-V4-pre-module-epilog-routing-NAT-test_nat.py.txt
2023-12-26 00:22:47,469 T0000: [D1-V4] chmod 777 /tmp/vtysh-runcfg-V4-pre-module-epilog-routing-NAT-test_nat.py.txt
2023-12-26 00:22:49,004 T0000: [D1-V4] /sbin/ip link set dev eth0 up
2023-12-26 00:22:49,717 T0000: [D1-V4] /sbin/ip route list dev eth0
2023-12-26 00:22:58,132 T0000: [D1-V4] config nat remove interface Ethernet0
2023-12-26 00:22:59,194 T0000: [D1-V4] config nat remove interface Ethernet4
2023-12-26 00:23:00,301 T0000: [D1-V4] sudo config nat remove static all;sudo config nat remove bindings;sudo config nat remove pools;
2023-12-26 00:23:02,213 T0000: [D1-V4] config nat feature disable
2023-12-26 00:23:03,269 T0000: [D1-V4] no ip route 129.2.30.0/24 125.56.90.1
2023-12-26 00:23:05,165 T0000: [D1-V4] show ip interface
2023-12-26 00:23:07,707 T0000: [D1-V4] config interface ip remove Ethernet0 12.12.0.1/16
2023-12-26 00:23:09,054 T0000: 
================== Module Hook Finalize: routing/NAT/test_nat.py nat_module_config ==================
2023-12-26 00:23:09,062 T0000: [D1-V4] config save /tmp/config-db-V4-post-module-epilog-routing-NAT-test_nat.py.json -y
2023-12-26 00:23:10,374 T0000: [D1-V4] chmod 777 /tmp/config-db-V4-post-module-epilog-routing-NAT-test_nat.py.json
2023-12-26 00:23:11,903 T0000: [D1-V4] /sbin/ip link set dev eth0 up
2023-12-26 00:23:12,610 T0000: [D1-V4] /sbin/ip route list dev eth0
2023-12-26 00:23:21,074 T0000: [D1-V4] sudo vtysh -c 'show running-config' > /tmp/vtysh-runcfg-V4-post-module-epilog-routing-NAT-test_nat.py.txt
2023-12-26 00:23:21,976 T0000: [D1-V4] chmod 777 /tmp/vtysh-runcfg-V4-post-module-epilog-routing-NAT-test_nat.py.txt
2023-12-26 00:23:23,507 T0000: [D1-V4] /sbin/ip link set dev eth0 up
2023-12-26 00:23:24,220 T0000: [D1-V4] /sbin/ip route list dev eth0
2023-12-26 00:23:32,707 T0000: [D1-V4] sudo show interfaces status Ethernet124
2023-12-26 00:23:35,182 T0000: 
================== Framework Module Hook Finalize: routing/NAT/test_nat.py Pass: 1/1 ==================
2023-12-26 00:23:35,183 T0000: 
================== Devices used: routing/NAT/test_nat.py 1 ['V4'] ==================
2023-12-26 00:23:36,318 T0000: 
================== Framework Module Hook: batch/test_spytest_infra_1.py ==================
2023-12-26 00:23:36,332 T0052: [D1-V4] no router bgp
2023-12-26 00:23:38,137 T0052: [D1-V4] config feature state sflow enabled
2023-12-26 00:23:40,086 T0052: [D1-V4] config feature state nat enabled
2023-12-26 00:24:16,681 T0052: [D1-V4] /sbin/ip link set dev eth0 up
2023-12-26 00:24:17,347 T0052: [D1-V4] /sbin/ip route list dev eth0
2023-12-26 00:24:18,026 T0052: [D1-V4] sudo show interfaces status Ethernet124
2023-12-26 00:24:20,334 T0053: [D1-V4] sudo show interfaces status
2023-12-26 00:24:27,076 T0054: [D1-V4] sudo show interfaces status
2023-12-26 00:24:33,921 T0055: [D1-V4] sudo show interfaces status
2023-12-26 00:24:40,608 T0056: [D1-V4] sudo show interfaces status
2023-12-26 00:24:42,343 T0000: 
================== Framework Module Hook Finish: batch/test_spytest_infra_1.py ==================
2023-12-26 00:24:42,344 T0000: 
================== Framework Function Hook: batch/test_spytest_infra_1.py::test_spytest_infra_last ==================
2023-12-26 00:24:45,437 T0057: [D1-V4] sudo show interfaces status
2023-12-26 00:24:47,136 T0000: [D1-V4] sudo show interfaces status Ethernet124
2023-12-26 00:24:49,884 T0000: 
================== Framework Function Hook Finish: batch/test_spytest_infra_1.py::test_spytest_infra_last ==================
2023-12-26 00:24:49,885 T0000: 
================== Test Execution: batch/test_spytest_infra_1.py::test_spytest_infra_last ==================
2023-12-26 00:24:49,903 T0000: 
================== Framework Function Hook Finalize: batch/test_spytest_infra_1.py::test_spytest_infra_last ==================
2023-12-26 00:24:49,918 T0000: [D1-V4] sudo show interfaces status Ethernet124
2023-12-26 00:24:52,344 T0000: 
================== Framework Module Hook Finalize: batch/test_spytest_infra_1.py Pass: 1/1 ==================
2023-12-26 00:24:52,344 T0000: 
================== Devices used: batch/test_spytest_infra_1.py 1 ['V4'] ==================
2023-12-26 00:24:52,757 T0000: 
================== Framework Module Hook: routing/test_arp.py ==================
2023-12-26 00:24:52,772 T0058: [D1-V4] no router bgp
2023-12-26 00:24:54,623 T0058: [D1-V4] config feature state sflow enabled
2023-12-26 00:24:56,623 T0058: [D1-V4] config feature state nat enabled
2023-12-26 00:25:16,383 T0058: [D1-V4] /sbin/ip link set dev eth0 up
2023-12-26 00:25:17,053 T0058: [D1-V4] /sbin/ip route list dev eth0
2023-12-26 00:25:17,731 T0058: [D1-V4] sudo show interfaces status Ethernet124
2023-12-26 00:25:19,990 T0059: [D1-V4] sudo show interfaces status
2023-12-26 00:25:21,688 T0000: [D1-V4] config save /tmp/config-db-V4-pre-module-prolog-routing-test_arp.py.json -y
2023-12-26 00:25:22,995 T0000: [D1-V4] chmod 777 /tmp/config-db-V4-pre-module-prolog-routing-test_arp.py.json
2023-12-26 00:25:24,535 T0000: [D1-V4] /sbin/ip link set dev eth0 up
2023-12-26 00:25:25,243 T0000: [D1-V4] /sbin/ip route list dev eth0
2023-12-26 00:25:33,674 T0000: [D1-V4] sudo vtysh -c 'show running-config' > /tmp/vtysh-runcfg-V4-pre-module-prolog-routing-test_arp.py.txt
2023-12-26 00:25:34,589 T0000: [D1-V4] chmod 777 /tmp/vtysh-runcfg-V4-pre-module-prolog-routing-test_arp.py.txt
2023-12-26 00:25:36,133 T0000: [D1-V4] /sbin/ip link set dev eth0 up
2023-12-26 00:25:36,845 T0000: [D1-V4] /sbin/ip route list dev eth0
2023-12-26 00:25:45,272 T0000: 
================== Framework Module Hook Finish: routing/test_arp.py ==================
2023-12-26 00:25:45,273 T0000: 
================== Module Hook: routing/test_arp.py arp_module_hooks ==================
2023-12-26 00:25:45,286 T0000: [D1-V4] /sbin/ifconfig Ethernet0
2023-12-26 00:25:46,016 T0000: [D1-V4] config interface ip add Ethernet0 192.168.11.1/24
2023-12-26 00:25:47,122 T0000: [D1-V4] ['config vlan add 64']
2023-12-26 00:25:48,246 T0000: [D1-V4] config vlan member add 64 Ethernet4
2023-12-26 00:25:49,416 T0000: [D1-V4] config interface ip add Vlan64 192.168.12.1/24
2023-12-26 00:26:05,647 T0000: 
================== Module Hook Finish: routing/test_arp.py arp_module_hooks ==================
2023-12-26 00:26:05,650 T0000: 
================== Framework Function Hook: routing/test_arp.py::test_ft_arp_dynamic_renew_traffic_test ==================
2023-12-26 00:26:05,662 T0000: [D1-V4] config save /tmp/config-db-V4-post-module-prolog-routing-test_arp.py.json -y
2023-12-26 00:26:07,022 T0000: [D1-V4] chmod 777 /tmp/config-db-V4-post-module-prolog-routing-test_arp.py.json
2023-12-26 00:26:08,552 T0000: [D1-V4] /sbin/ip link set dev eth0 up
2023-12-26 00:26:09,267 T0000: [D1-V4] /sbin/ip route list dev eth0
2023-12-26 00:26:17,707 T0000: [D1-V4] sudo vtysh -c 'show running-config' > /tmp/vtysh-runcfg-V4-post-module-prolog-routing-test_arp.py.txt
2023-12-26 00:26:18,673 T0000: [D1-V4] chmod 777 /tmp/vtysh-runcfg-V4-post-module-prolog-routing-test_arp.py.txt
2023-12-26 00:26:20,206 T0000: [D1-V4] /sbin/ip link set dev eth0 up
2023-12-26 00:26:20,919 T0000: [D1-V4] /sbin/ip route list dev eth0
2023-12-26 00:26:32,439 T0076: [D1-V4] sudo show interfaces status
2023-12-26 00:26:34,201 T0000: [D1-V4] sudo show interfaces status Ethernet124
2023-12-26 00:26:37,087 T0000: 
================== Framework Function Hook Finish: routing/test_arp.py::test_ft_arp_dynamic_renew_traffic_test ==================
2023-12-26 00:26:37,088 T0000: 
================== Function Hook: routing/test_arp.py arp_func_hooks ==================
2023-12-26 00:26:37,090 T0000: 
================== Function Hook Finish: routing/test_arp.py arp_func_hooks ==================
2023-12-26 00:26:37,091 T0000: 
================== Function Hook: routing/test_arp.py fixture_ft_arp_dynamic_renew_traffic_test ==================
2023-12-26 00:26:37,093 T0000: 
================== Function Hook Finish: routing/test_arp.py fixture_ft_arp_dynamic_renew_traffic_test ==================
2023-12-26 00:26:37,094 T0000: 
================== Test Execution: routing/test_arp.py::test_ft_arp_dynamic_renew_traffic_test ==================
2023-12-26 00:26:37,095 T0000: [D1-V4] sudo bash -c 'echo 75 >/proc/sys/net/ipv4/neigh/default/gc_stale_time'
2023-12-26 00:26:45,927 T0000: [D1-V4] sonic-clear counters
2023-12-26 00:27:30,634 T0000: [D1-V4] sudo bash -c 'echo 60 >/proc/sys/net/ipv4/neigh/default/gc_stale_time'
2023-12-26 00:27:31,337 T0000: 
================== Function Hook Finalize: routing/test_arp.py fixture_ft_arp_dynamic_renew_traffic_test ==================
2023-12-26 00:27:31,337 T0000: 
================== Function Hook Finalize: routing/test_arp.py arp_func_hooks ==================
2023-12-26 00:27:31,356 T0000: 
================== Framework Function Hook Finalize: routing/test_arp.py::test_ft_arp_dynamic_renew_traffic_test ==================
2023-12-26 00:27:31,364 T0000: [D1-V4] config save /tmp/config-db-V4-pre-module-epilog-routing-test_arp.py.json -y
2023-12-26 00:27:32,722 T0000: [D1-V4] chmod 777 /tmp/config-db-V4-pre-module-epilog-routing-test_arp.py.json
2023-12-26 00:27:34,252 T0000: [D1-V4] /sbin/ip link set dev eth0 up
2023-12-26 00:27:34,965 T0000: [D1-V4] /sbin/ip route list dev eth0
2023-12-26 00:27:43,365 T0000: [D1-V4] sudo vtysh -c 'show running-config' > /tmp/vtysh-runcfg-V4-pre-module-epilog-routing-test_arp.py.txt
2023-12-26 00:27:44,269 T0000: [D1-V4] chmod 777 /tmp/vtysh-runcfg-V4-pre-module-epilog-routing-test_arp.py.txt
2023-12-26 00:27:45,796 T0000: [D1-V4] /sbin/ip link set dev eth0 up
2023-12-26 00:27:46,504 T0000: [D1-V4] /sbin/ip route list dev eth0
2023-12-26 00:27:54,927 T0000: [D1-V4] show ip interface
2023-12-26 00:27:56,461 T0000: [D1-V4] config interface ip remove Ethernet0 192.168.11.1/24
2023-12-26 00:27:58,030 T0000: [D1-V4] config interface ip remove Vlan64 192.168.12.1/24
2023-12-26 00:27:59,589 T0000: [D1-V4] show vlan config
2023-12-26 00:28:00,713 T0000: [D1-V4] []
2023-12-26 00:28:00,714 T0000: 
================== Module Hook Finalize: routing/test_arp.py arp_module_hooks ==================
2023-12-26 00:28:00,722 T0000: [D1-V4] config save /tmp/config-db-V4-post-module-epilog-routing-test_arp.py.json -y
2023-12-26 00:28:02,030 T0000: [D1-V4] chmod 777 /tmp/config-db-V4-post-module-epilog-routing-test_arp.py.json
2023-12-26 00:28:03,560 T0000: [D1-V4] /sbin/ip link set dev eth0 up
2023-12-26 00:28:04,268 T0000: [D1-V4] /sbin/ip route list dev eth0
2023-12-26 00:28:12,675 T0000: [D1-V4] sudo vtysh -c 'show running-config' > /tmp/vtysh-runcfg-V4-post-module-epilog-routing-test_arp.py.txt
2023-12-26 00:28:13,581 T0000: [D1-V4] chmod 777 /tmp/vtysh-runcfg-V4-post-module-epilog-routing-test_arp.py.txt
2023-12-26 00:28:15,106 T0000: [D1-V4] /sbin/ip link set dev eth0 up
2023-12-26 00:28:15,824 T0000: [D1-V4] /sbin/ip route list dev eth0
2023-12-26 00:28:24,270 T0000: [D1-V4] sudo show interfaces status Ethernet124
2023-12-26 00:28:26,800 T0000: 
================== Framework Module Hook Finalize: routing/test_arp.py Pass: 1/1 ==================
2023-12-26 00:28:26,801 T0000: 
================== Devices used: routing/test_arp.py 1 ['V4'] ==================
2023-12-26 00:28:27,361 T0000: 
================== Framework Module Hook: batch/test_spytest_infra_1.py ==================
2023-12-26 00:28:27,376 T0093: [D1-V4] no router bgp
2023-12-26 00:28:29,190 T0093: [D1-V4] config feature state sflow enabled
2023-12-26 00:28:31,191 T0093: [D1-V4] config feature state nat enabled
2023-12-26 00:29:07,739 T0093: [D1-V4] /sbin/ip link set dev eth0 up
2023-12-26 00:29:08,405 T0093: [D1-V4] /sbin/ip route list dev eth0
2023-12-26 00:29:09,083 T0093: [D1-V4] sudo show interfaces status Ethernet124
2023-12-26 00:29:13,466 T0093: [D1-V4] sudo show interfaces status Ethernet124
2023-12-26 00:29:15,827 T0094: [D1-V4] sudo show interfaces status
2023-12-26 00:29:22,568 T0095: [D1-V4] sudo show interfaces status
2023-12-26 00:29:29,304 T0096: [D1-V4] sudo show interfaces status
2023-12-26 00:29:30,991 T0000: 
================== Framework Module Hook Finish: batch/test_spytest_infra_1.py ==================
2023-12-26 00:29:30,993 T0000: 
================== Framework Function Hook: batch/test_spytest_infra_1.py::test_spytest_infra_last ==================
2023-12-26 00:29:34,090 T0097: [D1-V4] sudo show interfaces status
2023-12-26 00:29:35,756 T0000: [D1-V4] sudo show interfaces status Ethernet124
2023-12-26 00:29:38,509 T0000: 
================== Framework Function Hook Finish: batch/test_spytest_infra_1.py::test_spytest_infra_last ==================
2023-12-26 00:29:38,511 T0000: 
================== Test Execution: batch/test_spytest_infra_1.py::test_spytest_infra_last ==================
2023-12-26 00:29:38,531 T0000: 
================== Framework Function Hook Finalize: batch/test_spytest_infra_1.py::test_spytest_infra_last ==================
2023-12-26 00:29:38,545 T0000: [D1-V4] sudo show interfaces status Ethernet124
2023-12-26 00:29:40,970 T0000: 
================== Framework Module Hook Finalize: batch/test_spytest_infra_1.py Pass: 1/1 ==================
2023-12-26 00:29:40,970 T0000: 
================== Devices used: batch/test_spytest_infra_1.py 1 ['V4'] ==================
2023-12-26 00:29:41,383 T0000: 
================== Framework Module Hook: qos/test_qos_save_reboot.py ==================
2023-12-26 00:29:41,394 T0098: [D1-V4] no router bgp
2023-12-26 00:29:43,197 T0098: [D1-V4] config feature state sflow enabled
2023-12-26 00:29:45,195 T0098: [D1-V4] config feature state nat enabled
2023-12-26 00:30:06,155 T0098: [D1-V4] /sbin/ip link set dev eth0 up
2023-12-26 00:30:06,822 T0098: [D1-V4] /sbin/ip route list dev eth0
2023-12-26 00:30:07,502 T0098: [D1-V4] sudo show interfaces status Ethernet124
2023-12-26 00:30:09,809 T0099: [D1-V4] sudo show interfaces status
2023-12-26 00:30:11,557 T0000: [D1-V4] config save /tmp/config-db-V4-pre-module-prolog-qos-test_qos_save_reboot.py.json -y
2023-12-26 00:30:12,918 T0000: [D1-V4] chmod 777 /tmp/config-db-V4-pre-module-prolog-qos-test_qos_save_reboot.py.json
2023-12-26 00:30:14,449 T0000: [D1-V4] /sbin/ip link set dev eth0 up
2023-12-26 00:30:15,164 T0000: [D1-V4] /sbin/ip route list dev eth0
2023-12-26 00:30:23,615 T0000: [D1-V4] sudo vtysh -c 'show running-config' > /tmp/vtysh-runcfg-V4-pre-module-prolog-qos-test_qos_save_reboot.py.txt
2023-12-26 00:30:24,533 T0000: [D1-V4] chmod 777 /tmp/vtysh-runcfg-V4-pre-module-prolog-qos-test_qos_save_reboot.py.txt
2023-12-26 00:30:26,071 T0000: [D1-V4] /sbin/ip link set dev eth0 up
2023-12-26 00:30:26,780 T0000: [D1-V4] /sbin/ip route list dev eth0
2023-12-26 00:30:35,261 T0000: 
================== Framework Module Hook Finish: qos/test_qos_save_reboot.py ==================
2023-12-26 00:30:35,261 T0000: 
================== Module Hook: qos/test_qos_save_reboot.py qos_save_reboot_module_hooks ==================
2023-12-26 00:30:36,720 T0000: [D1-V4] config load -y /tmp/apply_json2.json
2023-12-26 00:30:38,081 T0000: [D1-V4] show runningconfiguration all > /tmp/running_config.json
2023-12-26 00:30:40,223 T0000: [D1-V4] /sbin/ip link set dev eth0 up
2023-12-26 00:30:40,936 T0000: [D1-V4] /sbin/ip route list dev eth0
2023-12-26 00:30:49,385 T0000: [D1-V4] show runningconfiguration all > /tmp/running_config.json
2023-12-26 00:30:51,572 T0000: [D1-V4] /sbin/ip link set dev eth0 up
2023-12-26 00:30:52,282 T0000: [D1-V4] /sbin/ip route list dev eth0
2023-12-26 00:31:02,142 T0000: [D1-V4] config load -y /tmp/apply_json2.json
2023-12-26 00:31:04,919 T0000: [D1-V4] config load -y /tmp/apply_json2.json
2023-12-26 00:31:07,684 T0000: [D1-V4] config load -y /tmp/apply_json2.json
2023-12-26 00:31:10,513 T0000: [D1-V4] config load -y /tmp/apply_json2.json
2023-12-26 00:31:11,825 T0000: [D1-V4] show acl table acl_table_v4
2023-12-26 00:31:13,150 T0000: [D1-V4] show acl rule acl_table_v4
2023-12-26 00:31:14,477 T0000: [D1-V4] show acl table acl_table_v6
2023-12-26 00:31:15,758 T0000: [D1-V4] show acl rule acl_table_v6
2023-12-26 00:31:25,162 T0000: [D1-V4] ls -lrt /tmp/tmpnk4iy6l6
2023-12-26 00:31:25,877 T0000: [D1-V4] config load -y /tmp/tmpnk4iy6l6
2023-12-26 00:31:27,186 T0000: [D1-V4] show runningconfiguration all > /tmp/running_config.json
2023-12-26 00:31:29,371 T0000: [D1-V4] /sbin/ip link set dev eth0 up
2023-12-26 00:31:30,082 T0000: [D1-V4] /sbin/ip route list dev eth0
2023-12-26 00:31:38,516 T0000: [D1-V4] show runningconfiguration all > /tmp/running_config.json
2023-12-26 00:31:40,900 T0000: [D1-V4] /sbin/ip link set dev eth0 up
2023-12-26 00:31:41,608 T0000: [D1-V4] /sbin/ip route list dev eth0
2023-12-26 00:31:50,039 T0000: [D1-V4] show runningconfiguration all > /tmp/running_config.json
2023-12-26 00:31:52,171 T0000: [D1-V4] /sbin/ip link set dev eth0 up
2023-12-26 00:31:52,886 T0000: [D1-V4] /sbin/ip route list dev eth0
2023-12-26 00:32:01,304 T0000: [D1-V4] show runningconfiguration all > /tmp/running_config.json
2023-12-26 00:32:03,495 T0000: [D1-V4] /sbin/ip link set dev eth0 up
2023-12-26 00:32:04,208 T0000: [D1-V4] /sbin/ip route list dev eth0
2023-12-26 00:32:12,617 T0000: [D1-V4] show runningconfiguration all > /tmp/running_config.json
2023-12-26 00:32:14,804 T0000: [D1-V4] /sbin/ip link set dev eth0 up
2023-12-26 00:32:15,516 T0000: [D1-V4] /sbin/ip route list dev eth0
2023-12-26 00:32:23,944 T0000: [D1-V4] show runningconfiguration all > /tmp/running_config.json
2023-12-26 00:32:26,129 T0000: [D1-V4] /sbin/ip link set dev eth0 up
2023-12-26 00:32:26,840 T0000: [D1-V4] /sbin/ip route list dev eth0
2023-12-26 00:32:35,253 T0000: [D1-V4] show runningconfiguration all > /tmp/running_config.json
2023-12-26 00:32:37,447 T0000: [D1-V4] /sbin/ip link set dev eth0 up
2023-12-26 00:32:38,158 T0000: [D1-V4] /sbin/ip route list dev eth0
2023-12-26 00:32:46,564 T0000: [D1-V4] show runningconfiguration all > /tmp/running_config.json
2023-12-26 00:32:48,756 T0000: [D1-V4] /sbin/ip link set dev eth0 up
2023-12-26 00:32:49,468 T0000: [D1-V4] /sbin/ip route list dev eth0
2023-12-26 00:32:57,892 T0000: 
================== Module Hook Finish: qos/test_qos_save_reboot.py qos_save_reboot_module_hooks ==================
2023-12-26 00:32:57,894 T0000: 
================== Framework Function Hook: qos/test_qos_save_reboot.py::test_ft_qos_config_mgmt_verifying_config_with_save_reboot ==================
2023-12-26 00:32:57,904 T0000: [D1-V4] config save /tmp/config-db-V4-post-module-prolog-qos-test_qos_save_reboot.py.json -y
2023-12-26 00:32:59,266 T0000: [D1-V4] chmod 777 /tmp/config-db-V4-post-module-prolog-qos-test_qos_save_reboot.py.json
2023-12-26 00:33:00,795 T0000: [D1-V4] /sbin/ip link set dev eth0 up
2023-12-26 00:33:01,507 T0000: [D1-V4] /sbin/ip route list dev eth0
2023-12-26 00:33:09,927 T0000: [D1-V4] sudo vtysh -c 'show running-config' > /tmp/vtysh-runcfg-V4-post-module-prolog-qos-test_qos_save_reboot.py.txt
2023-12-26 00:33:10,834 T0000: [D1-V4] chmod 777 /tmp/vtysh-runcfg-V4-post-module-prolog-qos-test_qos_save_reboot.py.txt
2023-12-26 00:33:12,367 T0000: [D1-V4] /sbin/ip link set dev eth0 up
2023-12-26 00:33:13,080 T0000: [D1-V4] /sbin/ip route list dev eth0
2023-12-26 00:33:24,597 T0160: [D1-V4] sudo show interfaces status
2023-12-26 00:33:26,295 T0000: [D1-V4] sudo show interfaces status Ethernet124
2023-12-26 00:33:29,056 T0000: 
================== Framework Function Hook Finish: qos/test_qos_save_reboot.py::test_ft_qos_config_mgmt_verifying_config_with_save_reboot ==================
2023-12-26 00:33:29,056 T0000: 
================== Function Hook: qos/test_qos_save_reboot.py qos_save_reboot_func_hooks ==================
2023-12-26 00:33:29,059 T0000: 
================== Function Hook Finish: qos/test_qos_save_reboot.py qos_save_reboot_func_hooks ==================
2023-12-26 00:33:29,060 T0000: 
================== Test Execution: qos/test_qos_save_reboot.py::test_ft_qos_config_mgmt_verifying_config_with_save_reboot ==================
2023-12-26 00:33:29,068 T0000: [D1-V4] config save -y
2023-12-26 00:33:30,377 T0000: [D1-V4] do copy running-config startup-config
2023-12-26 00:33:32,321 T0000: [D1-V4] reboot
2023-12-26 00:34:23,092 T0000: [D1-V4] ['export TMOUT=0', 'stty cols 5000', 'uptime']
2023-12-26 00:34:23,798 T0000: [D1-V4] cat /proc/uptime
2023-12-26 00:34:25,347 T0000: [D1-V4] ['export TMOUT=0', 'stty cols 5000', 'uptime']
2023-12-26 00:34:26,052 T0000: [D1-V4] cat /proc/uptime
2023-12-26 00:34:26,767 T0000: [D1-V4] sudo vtysh -c 'show running-config | include hostname'
2023-12-26 00:34:27,695 T0000: [D1-V4] sudo show interfaces status Ethernet124
2023-12-26 00:34:32,337 T0000: [D1-V4] sudo show interfaces status Ethernet124
2023-12-26 00:34:36,673 T0000: [D1-V4] sudo show interfaces status Ethernet124
2023-12-26 00:34:39,149 T0000: [D1-V4] /sbin/ip link set dev eth0 up
2023-12-26 00:34:39,861 T0000: [D1-V4] /sbin/ip route list dev eth0
2023-12-26 00:34:40,586 T0000: [D1-V4] ['export TMOUT=0', 'stty cols 5000', 'uptime']
2023-12-26 00:34:42,833 T0000: [D1-V4] /sbin/ip link set dev eth0 up
2023-12-26 00:34:43,542 T0000: [D1-V4] /sbin/ip route list dev eth0
2023-12-26 00:34:44,982 T0000: [D1-V4] show acl table acl_table_v4
2023-12-26 00:34:46,309 T0000: [D1-V4] show acl rule acl_table_v4
2023-12-26 00:34:47,638 T0000: [D1-V4] show acl table acl_table_v6
2023-12-26 00:34:48,912 T0000: [D1-V4] show acl rule acl_table_v6
2023-12-26 00:34:50,186 T0000: [D1-V4] show runningconfiguration all > /tmp/running_config.json
2023-12-26 00:34:52,370 T0000: [D1-V4] /sbin/ip link set dev eth0 up
2023-12-26 00:34:53,077 T0000: [D1-V4] /sbin/ip route list dev eth0
2023-12-26 00:35:01,528 T0000: [D1-V4] show runningconfiguration all > /tmp/running_config.json
2023-12-26 00:35:03,659 T0000: [D1-V4] /sbin/ip link set dev eth0 up
2023-12-26 00:35:04,369 T0000: [D1-V4] /sbin/ip route list dev eth0
2023-12-26 00:35:12,776 T0000: [D1-V4] show runningconfiguration all > /tmp/running_config.json
2023-12-26 00:35:15,015 T0000: [D1-V4] /sbin/ip link set dev eth0 up
2023-12-26 00:35:15,728 T0000: [D1-V4] /sbin/ip route list dev eth0
2023-12-26 00:35:24,138 T0000: [D1-V4] show runningconfiguration all > /tmp/running_config.json
2023-12-26 00:35:26,329 T0000: [D1-V4] /sbin/ip link set dev eth0 up
2023-12-26 00:35:27,041 T0000: [D1-V4] /sbin/ip route list dev eth0
2023-12-26 00:35:35,475 T0000: [D1-V4] show runningconfiguration all > /tmp/running_config.json
2023-12-26 00:35:37,662 T0000: [D1-V4] /sbin/ip link set dev eth0 up
2023-12-26 00:35:38,369 T0000: [D1-V4] /sbin/ip route list dev eth0
2023-12-26 00:35:46,797 T0000: [D1-V4] show runningconfiguration all > /tmp/running_config.json
2023-12-26 00:35:48,982 T0000: [D1-V4] /sbin/ip link set dev eth0 up
2023-12-26 00:35:49,702 T0000: [D1-V4] /sbin/ip route list dev eth0
2023-12-26 00:35:58,124 T0000: [D1-V4] show runningconfiguration all > /tmp/running_config.json
2023-12-26 00:36:00,359 T0000: [D1-V4] /sbin/ip link set dev eth0 up
2023-12-26 00:36:01,067 T0000: [D1-V4] /sbin/ip route list dev eth0
2023-12-26 00:36:09,480 T0000: [D1-V4] show runningconfiguration all > /tmp/running_config.json
2023-12-26 00:36:11,614 T0000: [D1-V4] /sbin/ip link set dev eth0 up
2023-12-26 00:36:12,327 T0000: [D1-V4] /sbin/ip route list dev eth0
2023-12-26 00:36:20,751 T0000: [D1-V4] show runningconfiguration all > /tmp/running_config.json
2023-12-26 00:36:22,886 T0000: [D1-V4] /sbin/ip link set dev eth0 up
2023-12-26 00:36:23,600 T0000: [D1-V4] /sbin/ip route list dev eth0
2023-12-26 00:36:32,002 T0000: [D1-V4] show runningconfiguration all > /tmp/running_config.json
2023-12-26 00:36:34,142 T0000: [D1-V4] /sbin/ip link set dev eth0 up
2023-12-26 00:36:34,850 T0000: [D1-V4] /sbin/ip route list dev eth0
2023-12-26 00:36:43,298 T0000: 
================== Function Hook Finalize: qos/test_qos_save_reboot.py qos_save_reboot_func_hooks ==================
2023-12-26 00:36:43,318 T0000: 
================== Framework Function Hook Finalize: qos/test_qos_save_reboot.py::test_ft_qos_config_mgmt_verifying_config_with_save_reboot ==================
2023-12-26 00:36:43,326 T0000: [D1-V4] config save /tmp/config-db-V4-pre-module-epilog-qos-test_qos_save_reboot.py.json -y
2023-12-26 00:36:44,638 T0000: [D1-V4] chmod 777 /tmp/config-db-V4-pre-module-epilog-qos-test_qos_save_reboot.py.json
2023-12-26 00:36:46,171 T0000: [D1-V4] /sbin/ip link set dev eth0 up
2023-12-26 00:36:46,881 T0000: [D1-V4] /sbin/ip route list dev eth0
2023-12-26 00:36:55,294 T0000: [D1-V4] sudo vtysh -c 'show running-config' > /tmp/vtysh-runcfg-V4-pre-module-epilog-qos-test_qos_save_reboot.py.txt
2023-12-26 00:36:56,253 T0000: [D1-V4] chmod 777 /tmp/vtysh-runcfg-V4-pre-module-epilog-qos-test_qos_save_reboot.py.txt
2023-12-26 00:36:57,784 T0000: [D1-V4] /sbin/ip link set dev eth0 up
2023-12-26 00:36:58,496 T0000: [D1-V4] /sbin/ip route list dev eth0
2023-12-26 00:37:06,927 T0000: [D1-V4] config qos clear
2023-12-26 00:37:07,987 T0000: [D1-V4] sudo config acl remove table
2023-12-26 00:37:09,069 T0000: 
================== Module Hook Finalize: qos/test_qos_save_reboot.py qos_save_reboot_module_hooks ==================
2023-12-26 00:37:09,077 T0000: [D1-V4] config save /tmp/config-db-V4-post-module-epilog-qos-test_qos_save_reboot.py.json -y
2023-12-26 00:37:10,390 T0000: [D1-V4] chmod 777 /tmp/config-db-V4-post-module-epilog-qos-test_qos_save_reboot.py.json
2023-12-26 00:37:11,923 T0000: [D1-V4] /sbin/ip link set dev eth0 up
2023-12-26 00:37:12,634 T0000: [D1-V4] /sbin/ip route list dev eth0
2023-12-26 00:37:21,119 T0000: [D1-V4] sudo vtysh -c 'show running-config' > /tmp/vtysh-runcfg-V4-post-module-epilog-qos-test_qos_save_reboot.py.txt
2023-12-26 00:37:22,024 T0000: [D1-V4] chmod 777 /tmp/vtysh-runcfg-V4-post-module-epilog-qos-test_qos_save_reboot.py.txt
2023-12-26 00:37:23,551 T0000: [D1-V4] /sbin/ip link set dev eth0 up
2023-12-26 00:37:24,312 T0000: [D1-V4] /sbin/ip route list dev eth0
2023-12-26 00:37:32,786 T0000: [D1-V4] sudo show interfaces status Ethernet124
2023-12-26 00:37:35,213 T0000: 
================== Framework Module Hook Finalize: qos/test_qos_save_reboot.py Pass: 1/1 ==================
2023-12-26 00:37:35,213 T0000: 
================== Devices used: qos/test_qos_save_reboot.py 1 ['V4'] ==================
2023-12-26 00:37:36,527 T0000: 
================== Framework Module Hook: batch/test_spytest_infra_1.py ==================
2023-12-26 00:37:36,540 T0217: [D1-V4] no router bgp
2023-12-26 00:37:38,348 T0217: [D1-V4] config feature state sflow enabled
2023-12-26 00:37:40,298 T0217: [D1-V4] config feature state nat enabled
2023-12-26 00:38:15,637 T0217: [D1-V4] /sbin/ip link set dev eth0 up
2023-12-26 00:38:16,307 T0217: [D1-V4] /sbin/ip route list dev eth0
2023-12-26 00:38:16,988 T0217: [D1-V4] sudo show interfaces status Ethernet124
2023-12-26 00:38:19,294 T0218: [D1-V4] sudo show interfaces status
2023-12-26 00:38:26,038 T0219: [D1-V4] sudo show interfaces status
2023-12-26 00:38:32,833 T0220: [D1-V4] sudo show interfaces status
2023-12-26 00:38:34,527 T0000: 
================== Framework Module Hook Finish: batch/test_spytest_infra_1.py ==================
2023-12-26 00:38:34,528 T0000: 
================== Framework Function Hook: batch/test_spytest_infra_1.py::test_spytest_infra_last ==================
2023-12-26 00:38:37,621 T0221: [D1-V4] sudo show interfaces status
2023-12-26 00:38:39,269 T0000: [D1-V4] sudo show interfaces status Ethernet124
2023-12-26 00:38:42,007 T0000: 
================== Framework Function Hook Finish: batch/test_spytest_infra_1.py::test_spytest_infra_last ==================
2023-12-26 00:38:42,009 T0000: 
================== Test Execution: batch/test_spytest_infra_1.py::test_spytest_infra_last ==================
2023-12-26 00:38:42,027 T0000: 
================== Framework Function Hook Finalize: batch/test_spytest_infra_1.py::test_spytest_infra_last ==================
2023-12-26 00:38:42,042 T0000: [D1-V4] sudo show interfaces status Ethernet124
2023-12-26 00:38:44,424 T0000: 
================== Framework Module Hook Finalize: batch/test_spytest_infra_1.py Pass: 1/1 ==================
2023-12-26 00:38:44,424 T0000: 
================== Devices used: batch/test_spytest_infra_1.py 1 ['V4'] ==================
2023-12-26 00:38:44,518 T0000: [D1-V4] ['stty cols 80']
