2023-12-29 00:13:46,148 T0002: [D1-V1] ['export TMOUT=0', 'stty cols 5000', 'uptime']
2023-12-29 00:13:46,815 T0002: [D1-V1] cat /proc/uptime
2023-12-29 00:13:47,483 T0002: [D1-V1] sudo vtysh -c 'show running-config | include hostname'
2023-12-29 00:13:53,667 T0002: [D1-V1] /sbin/ip link set dev eth0 up
2023-12-29 00:13:54,334 T0002: [D1-V1] /sbin/ip route list dev eth0
2023-12-29 00:13:55,013 T0002: [D1-V1] ['export TMOUT=0', 'stty cols 5000', 'uptime']
2023-12-29 00:13:57,160 T0002: [D1-V1] /sbin/ip link set dev eth0 up
2023-12-29 00:13:57,828 T0002: [D1-V1] /sbin/ip route list dev eth0
2023-12-29 00:13:59,178 T0002: [D1-V1] show version
2023-12-29 00:14:01,359 T0002: [D1-V1] /sbin/ip link set dev eth0 up
2023-12-29 00:14:02,027 T0002: [D1-V1] /sbin/ip route list dev eth0
2023-12-29 00:14:04,181 T0002: [D1-V1] /sbin/ip link set dev eth0 up
2023-12-29 00:14:04,847 T0002: [D1-V1] /sbin/ip route list dev eth0
2023-12-29 00:15:33,256 T0000: [D1-V1] sudo show interfaces status
2023-12-29 00:15:35,491 T0000: [D1-V1] config interface startup Ethernet0
2023-12-29 00:15:37,016 T0000: [D1-V1] config interface startup Ethernet4
2023-12-29 00:15:38,374 T0000: [D1-V1] config interface startup Ethernet8
2023-12-29 00:15:39,834 T0000: [D1-V1] config interface startup Ethernet12
2023-12-29 00:15:41,216 T0000: [D1-V1] config interface shutdown Ethernet16
2023-12-29 00:15:42,478 T0000: [D1-V1] config interface shutdown Ethernet20
2023-12-29 00:15:43,782 T0000: [D1-V1] config interface shutdown Ethernet24
2023-12-29 00:15:45,039 T0000: [D1-V1] config interface shutdown Ethernet28
2023-12-29 00:15:46,295 T0000: [D1-V1] config interface shutdown Ethernet32
2023-12-29 00:15:47,651 T0000: [D1-V1] config interface shutdown Ethernet36
2023-12-29 00:15:48,906 T0000: [D1-V1] config interface shutdown Ethernet40
2023-12-29 00:15:50,263 T0000: [D1-V1] config interface shutdown Ethernet44
2023-12-29 00:15:51,568 T0000: [D1-V1] config interface shutdown Ethernet48
2023-12-29 00:15:52,875 T0000: [D1-V1] config interface shutdown Ethernet52
2023-12-29 00:15:54,228 T0000: [D1-V1] config interface shutdown Ethernet56
2023-12-29 00:15:55,535 T0000: [D1-V1] config interface shutdown Ethernet60
2023-12-29 00:15:56,797 T0000: [D1-V1] config interface shutdown Ethernet64
2023-12-29 00:15:58,151 T0000: [D1-V1] config interface shutdown Ethernet68
2023-12-29 00:15:59,511 T0000: [D1-V1] config interface shutdown Ethernet72
2023-12-29 00:16:00,817 T0000: [D1-V1] config interface shutdown Ethernet76
2023-12-29 00:16:02,175 T0000: [D1-V1] config interface shutdown Ethernet80
2023-12-29 00:16:03,478 T0000: [D1-V1] config interface shutdown Ethernet84
2023-12-29 00:16:04,781 T0000: [D1-V1] config interface shutdown Ethernet88
2023-12-29 00:16:06,084 T0000: [D1-V1] config interface shutdown Ethernet92
2023-12-29 00:16:07,406 T0000: [D1-V1] config interface shutdown Ethernet96
2023-12-29 00:16:08,712 T0000: [D1-V1] config interface shutdown Ethernet100
2023-12-29 00:16:10,020 T0000: [D1-V1] config interface shutdown Ethernet104
2023-12-29 00:16:11,330 T0000: [D1-V1] config interface shutdown Ethernet108
2023-12-29 00:16:12,636 T0000: [D1-V1] config interface shutdown Ethernet112
2023-12-29 00:16:14,008 T0000: [D1-V1] config interface shutdown Ethernet116
2023-12-29 00:16:15,314 T0000: [D1-V1] config interface shutdown Ethernet120
2023-12-29 00:16:16,623 T0000: [D1-V1] config interface shutdown Ethernet124
2023-12-29 00:16:24,065 T0000: [D1-V1] show version
2023-12-29 00:16:26,419 T0000: [D1-V1] cat /var/run/redis/sonic-db/database_config.json
2023-12-29 00:16:27,226 T0000: [D1-V1] /sbin/ifconfig eth0
2023-12-29 00:16:27,964 T0000: [D1-V1] ls /etc/sonic/bcmsim.cfg
2023-12-29 00:16:28,711 T0000: [D1-V1] no router bgp
2023-12-29 00:16:30,592 T0000: [D1-V1] config feature state sflow enabled
2023-12-29 00:16:32,888 T0000: [D1-V1] config feature state nat enabled
2023-12-29 00:16:37,310 T0000: [D1-V1] config save /tmp/config-db-V1-post-session-prolog-session.json -y
2023-12-29 00:16:39,021 T0000: [D1-V1] chmod 777 /tmp/config-db-V1-post-session-prolog-session.json
2023-12-29 00:16:40,554 T0000: [D1-V1] /sbin/ip link set dev eth0 up
2023-12-29 00:16:41,263 T0000: [D1-V1] /sbin/ip route list dev eth0
2023-12-29 00:16:49,800 T0000: [D1-V1] sudo vtysh -c 'show running-config' > /tmp/vtysh-runcfg-V1-post-session-prolog-session.txt
2023-12-29 00:16:50,755 T0000: [D1-V1] chmod 777 /tmp/vtysh-runcfg-V1-post-session-prolog-session.txt
2023-12-29 00:16:52,285 T0000: [D1-V1] /sbin/ip link set dev eth0 up
2023-12-29 00:16:52,995 T0000: [D1-V1] /sbin/ip route list dev eth0
2023-12-29 00:17:01,910 T0000: 
================== Framework Module Hook: batch/test_spytest_infra_1.py ==================
2023-12-29 00:17:01,923 T0012: [D1-V1] sudo show interfaces status Ethernet124
2023-12-29 00:17:04,335 T0013: [D1-V1] sudo show interfaces status
2023-12-29 00:17:06,171 T0000: 
================== Framework Module Hook Finish: batch/test_spytest_infra_1.py ==================
2023-12-29 00:17:06,174 T0000: 
================== Framework Function Hook: batch/test_spytest_infra_1.py::test_spytest_infra_first ==================
2023-12-29 00:17:10,479 T0014: [D1-V1] sudo show interfaces status
2023-12-29 00:17:12,437 T0000: [D1-V1] sudo show interfaces status Ethernet124
2023-12-29 00:17:15,282 T0000: 
================== Framework Function Hook Finish: batch/test_spytest_infra_1.py::test_spytest_infra_first ==================
2023-12-29 00:17:15,286 T0000: 
================== Test Execution: batch/test_spytest_infra_1.py::test_spytest_infra_first ==================
2023-12-29 00:17:15,305 T0000: 
================== Framework Function Hook Finalize: batch/test_spytest_infra_1.py::test_spytest_infra_first ==================
2023-12-29 00:17:15,466 T0000: 
================== Framework Function Hook: batch/test_spytest_infra_1.py::test_spytest_infra_second ==================
2023-12-29 00:17:15,481 T0015: [D1-V1] sudo show interfaces status
2023-12-29 00:17:17,231 T0000: [D1-V1] sudo show interfaces status Ethernet124
2023-12-29 00:17:20,177 T0000: 
================== Framework Function Hook Finish: batch/test_spytest_infra_1.py::test_spytest_infra_second ==================
2023-12-29 00:17:20,179 T0000: 
================== Test Execution: batch/test_spytest_infra_1.py::test_spytest_infra_second ==================
2023-12-29 00:17:20,198 T0000: 
================== Framework Function Hook Finalize: batch/test_spytest_infra_1.py::test_spytest_infra_second ==================
2023-12-29 00:17:20,212 T0000: [D1-V1] sudo show interfaces status Ethernet124
2023-12-29 00:17:23,036 T0000: 
================== Framework Module Hook Finalize: batch/test_spytest_infra_1.py Pass: 2/2 ==================
2023-12-29 00:17:23,037 T0000: 
================== Devices used: batch/test_spytest_infra_1.py 1 ['V1'] ==================
2023-12-29 00:17:23,449 T0000: 
================== Framework Module Hook: qos/test_qos_save_reboot.py ==================
2023-12-29 00:17:23,463 T0016: [D1-V1] sudo show interfaces status Ethernet124
2023-12-29 00:17:25,861 T0017: [D1-V1] sudo show interfaces status
2023-12-29 00:17:27,764 T0000: [D1-V1] config save /tmp/config-db-V1-pre-module-prolog-qos-test_qos_save_reboot.py.json -y
2023-12-29 00:17:29,576 T0000: [D1-V1] chmod 777 /tmp/config-db-V1-pre-module-prolog-qos-test_qos_save_reboot.py.json
2023-12-29 00:17:31,109 T0000: [D1-V1] /sbin/ip link set dev eth0 up
2023-12-29 00:17:31,819 T0000: [D1-V1] /sbin/ip route list dev eth0
2023-12-29 00:17:40,333 T0000: [D1-V1] sudo vtysh -c 'show running-config' > /tmp/vtysh-runcfg-V1-pre-module-prolog-qos-test_qos_save_reboot.py.txt
2023-12-29 00:17:41,287 T0000: [D1-V1] chmod 777 /tmp/vtysh-runcfg-V1-pre-module-prolog-qos-test_qos_save_reboot.py.txt
2023-12-29 00:17:42,823 T0000: [D1-V1] /sbin/ip link set dev eth0 up
2023-12-29 00:17:43,532 T0000: [D1-V1] /sbin/ip route list dev eth0
2023-12-29 00:17:52,070 T0000: 
================== Framework Module Hook Finish: qos/test_qos_save_reboot.py ==================
2023-12-29 00:17:52,070 T0000: 
================== Module Hook: qos/test_qos_save_reboot.py qos_save_reboot_module_hooks ==================
2023-12-29 00:17:53,527 T0000: [D1-V1] config load -y /tmp/apply_json2.json
2023-12-29 00:17:55,240 T0000: [D1-V1] show runningconfiguration all > /tmp/running_config.json
2023-12-29 00:17:58,034 T0000: [D1-V1] /sbin/ip link set dev eth0 up
2023-12-29 00:17:58,742 T0000: [D1-V1] /sbin/ip route list dev eth0
2023-12-29 00:18:07,269 T0000: [D1-V1] show runningconfiguration all > /tmp/running_config.json
2023-12-29 00:18:10,111 T0000: [D1-V1] /sbin/ip link set dev eth0 up
2023-12-29 00:18:10,816 T0000: [D1-V1] /sbin/ip route list dev eth0
2023-12-29 00:18:20,794 T0000: [D1-V1] config load -y /tmp/apply_json2.json
2023-12-29 00:18:23,915 T0000: [D1-V1] config load -y /tmp/apply_json2.json
2023-12-29 00:18:27,084 T0000: [D1-V1] config load -y /tmp/apply_json2.json
2023-12-29 00:18:30,253 T0000: [D1-V1] config load -y /tmp/apply_json2.json
2023-12-29 00:18:31,971 T0000: [D1-V1] show acl table acl_table_v4
2023-12-29 00:18:33,899 T0000: [D1-V1] show acl rule acl_table_v4
2023-12-29 00:18:35,731 T0000: [D1-V1] show acl table acl_table_v6
2023-12-29 00:18:37,510 T0000: [D1-V1] show acl rule acl_table_v6
2023-12-29 00:18:47,642 T0000: [D1-V1] ls -lrt /tmp/tmpfdfgw5zo
2023-12-29 00:18:48,351 T0000: [D1-V1] config load -y /tmp/tmpfdfgw5zo
2023-12-29 00:18:50,060 T0000: [D1-V1] show runningconfiguration all > /tmp/running_config.json
2023-12-29 00:18:52,899 T0000: [D1-V1] /sbin/ip link set dev eth0 up
2023-12-29 00:18:53,613 T0000: [D1-V1] /sbin/ip route list dev eth0
2023-12-29 00:19:02,114 T0000: [D1-V1] show runningconfiguration all > /tmp/running_config.json
2023-12-29 00:19:04,961 T0000: [D1-V1] /sbin/ip link set dev eth0 up
2023-12-29 00:19:05,674 T0000: [D1-V1] /sbin/ip route list dev eth0
2023-12-29 00:19:14,204 T0000: [D1-V1] show runningconfiguration all > /tmp/running_config.json
2023-12-29 00:19:16,994 T0000: [D1-V1] /sbin/ip link set dev eth0 up
2023-12-29 00:19:17,703 T0000: [D1-V1] /sbin/ip route list dev eth0
2023-12-29 00:19:26,211 T0000: [D1-V1] show runningconfiguration all > /tmp/running_config.json
2023-12-29 00:19:28,993 T0000: [D1-V1] /sbin/ip link set dev eth0 up
2023-12-29 00:19:29,703 T0000: [D1-V1] /sbin/ip route list dev eth0
2023-12-29 00:19:38,211 T0000: [D1-V1] show runningconfiguration all > /tmp/running_config.json
2023-12-29 00:19:41,002 T0000: [D1-V1] /sbin/ip link set dev eth0 up
2023-12-29 00:19:41,710 T0000: [D1-V1] /sbin/ip route list dev eth0
2023-12-29 00:19:50,203 T0000: [D1-V1] show runningconfiguration all > /tmp/running_config.json
2023-12-29 00:19:52,991 T0000: [D1-V1] /sbin/ip link set dev eth0 up
2023-12-29 00:19:53,700 T0000: [D1-V1] /sbin/ip route list dev eth0
2023-12-29 00:20:02,216 T0000: [D1-V1] show runningconfiguration all > /tmp/running_config.json
2023-12-29 00:20:05,054 T0000: [D1-V1] /sbin/ip link set dev eth0 up
2023-12-29 00:20:05,762 T0000: [D1-V1] /sbin/ip route list dev eth0
2023-12-29 00:20:14,316 T0000: [D1-V1] show runningconfiguration all > /tmp/running_config.json
2023-12-29 00:20:17,105 T0000: [D1-V1] /sbin/ip link set dev eth0 up
2023-12-29 00:20:17,818 T0000: [D1-V1] /sbin/ip route list dev eth0
2023-12-29 00:20:26,336 T0000: 
================== Module Hook Finish: qos/test_qos_save_reboot.py qos_save_reboot_module_hooks ==================
2023-12-29 00:20:26,338 T0000: 
================== Framework Function Hook: qos/test_qos_save_reboot.py::test_ft_qos_config_mgmt_verifying_config_with_save_reboot ==================
2023-12-29 00:20:26,346 T0000: [D1-V1] config save /tmp/config-db-V1-post-module-prolog-qos-test_qos_save_reboot.py.json -y
2023-12-29 00:20:28,102 T0000: [D1-V1] chmod 777 /tmp/config-db-V1-post-module-prolog-qos-test_qos_save_reboot.py.json
2023-12-29 00:20:29,626 T0000: [D1-V1] /sbin/ip link set dev eth0 up
2023-12-29 00:20:30,332 T0000: [D1-V1] /sbin/ip route list dev eth0
2023-12-29 00:20:38,835 T0000: [D1-V1] sudo vtysh -c 'show running-config' > /tmp/vtysh-runcfg-V1-post-module-prolog-qos-test_qos_save_reboot.py.txt
2023-12-29 00:20:39,800 T0000: [D1-V1] chmod 777 /tmp/vtysh-runcfg-V1-post-module-prolog-qos-test_qos_save_reboot.py.txt
2023-12-29 00:20:41,330 T0000: [D1-V1] /sbin/ip link set dev eth0 up
2023-12-29 00:20:42,038 T0000: [D1-V1] /sbin/ip route list dev eth0
2023-12-29 00:20:54,911 T0078: [D1-V1] sudo show interfaces status
2023-12-29 00:20:56,849 T0000: [D1-V1] sudo show interfaces status Ethernet124
2023-12-29 00:20:59,803 T0000: 
================== Framework Function Hook Finish: qos/test_qos_save_reboot.py::test_ft_qos_config_mgmt_verifying_config_with_save_reboot ==================
2023-12-29 00:20:59,804 T0000: 
================== Function Hook: qos/test_qos_save_reboot.py qos_save_reboot_func_hooks ==================
2023-12-29 00:20:59,808 T0000: 
================== Function Hook Finish: qos/test_qos_save_reboot.py qos_save_reboot_func_hooks ==================
2023-12-29 00:20:59,809 T0000: 
================== Test Execution: qos/test_qos_save_reboot.py::test_ft_qos_config_mgmt_verifying_config_with_save_reboot ==================
2023-12-29 00:20:59,821 T0000: [D1-V1] config save -y
2023-12-29 00:21:01,695 T0000: [D1-V1] do copy running-config startup-config
2023-12-29 00:21:03,616 T0000: [D1-V1] reboot
2023-12-29 00:26:22,711 T0000: [D1-V1] ['export TMOUT=0', 'stty cols 5000', 'uptime']
2023-12-29 00:26:23,411 T0000: [D1-V1] cat /proc/uptime
2023-12-29 00:26:24,963 T0000: [D1-V1] ['export TMOUT=0', 'stty cols 5000', 'uptime']
2023-12-29 00:26:25,666 T0000: [D1-V1] cat /proc/uptime
2023-12-29 00:26:26,375 T0000: [D1-V1] sudo vtysh -c 'show running-config | include hostname'
2023-12-29 00:26:27,355 T0000: [D1-V1] sudo show interfaces status Ethernet124
2023-12-29 00:26:30,065 T0000: [D1-V1] /sbin/ip link set dev eth0 up
2023-12-29 00:26:30,779 T0000: [D1-V1] /sbin/ip route list dev eth0
2023-12-29 00:26:31,517 T0000: [D1-V1] ['export TMOUT=0', 'stty cols 5000', 'uptime']
2023-12-29 00:26:33,759 T0000: [D1-V1] /sbin/ip link set dev eth0 up
2023-12-29 00:26:34,464 T0000: [D1-V1] /sbin/ip route list dev eth0
2023-12-29 00:26:35,894 T0000: [D1-V1] show acl table acl_table_v4
2023-12-29 00:26:37,672 T0000: [D1-V1] show acl rule acl_table_v4
2023-12-29 00:26:39,396 T0000: [D1-V1] show acl table acl_table_v6
2023-12-29 00:26:41,119 T0000: [D1-V1] show acl rule acl_table_v6
2023-12-29 00:26:42,842 T0000: [D1-V1] show runningconfiguration all > /tmp/running_config.json
2023-12-29 00:26:45,676 T0000: [D1-V1] /sbin/ip link set dev eth0 up
2023-12-29 00:26:46,379 T0000: [D1-V1] /sbin/ip route list dev eth0
2023-12-29 00:26:54,881 T0000: [D1-V1] show runningconfiguration all > /tmp/running_config.json
2023-12-29 00:26:57,669 T0000: [D1-V1] /sbin/ip link set dev eth0 up
2023-12-29 00:26:58,377 T0000: [D1-V1] /sbin/ip route list dev eth0
2023-12-29 00:27:06,877 T0000: [D1-V1] show runningconfiguration all > /tmp/running_config.json
2023-12-29 00:27:09,562 T0000: [D1-V1] /sbin/ip link set dev eth0 up
2023-12-29 00:27:10,270 T0000: [D1-V1] /sbin/ip route list dev eth0
2023-12-29 00:27:18,794 T0000: [D1-V1] show runningconfiguration all > /tmp/running_config.json
2023-12-29 00:27:21,585 T0000: [D1-V1] /sbin/ip link set dev eth0 up
2023-12-29 00:27:22,292 T0000: [D1-V1] /sbin/ip route list dev eth0
2023-12-29 00:27:30,869 T0000: [D1-V1] show runningconfiguration all > /tmp/running_config.json
2023-12-29 00:27:33,660 T0000: [D1-V1] /sbin/ip link set dev eth0 up
2023-12-29 00:27:34,370 T0000: [D1-V1] /sbin/ip route list dev eth0
2023-12-29 00:27:42,895 T0000: [D1-V1] show runningconfiguration all > /tmp/running_config.json
2023-12-29 00:27:45,733 T0000: [D1-V1] /sbin/ip link set dev eth0 up
2023-12-29 00:27:46,434 T0000: [D1-V1] /sbin/ip route list dev eth0
2023-12-29 00:27:55,027 T0000: [D1-V1] show runningconfiguration all > /tmp/running_config.json
2023-12-29 00:27:57,713 T0000: [D1-V1] /sbin/ip link set dev eth0 up
2023-12-29 00:27:58,422 T0000: [D1-V1] /sbin/ip route list dev eth0
2023-12-29 00:28:07,003 T0000: [D1-V1] show runningconfiguration all > /tmp/running_config.json
2023-12-29 00:28:09,790 T0000: [D1-V1] /sbin/ip link set dev eth0 up
2023-12-29 00:28:10,499 T0000: [D1-V1] /sbin/ip route list dev eth0
2023-12-29 00:28:19,011 T0000: [D1-V1] show runningconfiguration all > /tmp/running_config.json
2023-12-29 00:28:21,845 T0000: [D1-V1] /sbin/ip link set dev eth0 up
2023-12-29 00:28:22,554 T0000: [D1-V1] /sbin/ip route list dev eth0
2023-12-29 00:28:31,075 T0000: [D1-V1] show runningconfiguration all > /tmp/running_config.json
2023-12-29 00:28:33,863 T0000: [D1-V1] /sbin/ip link set dev eth0 up
2023-12-29 00:28:34,568 T0000: [D1-V1] /sbin/ip route list dev eth0
2023-12-29 00:28:43,079 T0000: 
================== Function Hook Finalize: qos/test_qos_save_reboot.py qos_save_reboot_func_hooks ==================
2023-12-29 00:28:43,117 T0000: 
================== Framework Function Hook Finalize: qos/test_qos_save_reboot.py::test_ft_qos_config_mgmt_verifying_config_with_save_reboot ==================
2023-12-29 00:28:43,125 T0000: [D1-V1] config save /tmp/config-db-V1-pre-module-epilog-qos-test_qos_save_reboot.py.json -y
2023-12-29 00:28:44,888 T0000: [D1-V1] chmod 777 /tmp/config-db-V1-pre-module-epilog-qos-test_qos_save_reboot.py.json
2023-12-29 00:28:46,420 T0000: [D1-V1] /sbin/ip link set dev eth0 up
2023-12-29 00:28:47,127 T0000: [D1-V1] /sbin/ip route list dev eth0
2023-12-29 00:28:55,637 T0000: [D1-V1] sudo vtysh -c 'show running-config' > /tmp/vtysh-runcfg-V1-pre-module-epilog-qos-test_qos_save_reboot.py.txt
2023-12-29 00:28:56,592 T0000: [D1-V1] chmod 777 /tmp/vtysh-runcfg-V1-pre-module-epilog-qos-test_qos_save_reboot.py.txt
2023-12-29 00:28:58,125 T0000: [D1-V1] /sbin/ip link set dev eth0 up
2023-12-29 00:28:58,834 T0000: [D1-V1] /sbin/ip route list dev eth0
2023-12-29 00:29:07,356 T0000: [D1-V1] config qos clear
2023-12-29 00:29:08,613 T0000: [D1-V1] sudo config acl remove table
2023-12-29 00:29:09,881 T0000: 
================== Module Hook Finalize: qos/test_qos_save_reboot.py qos_save_reboot_module_hooks ==================
2023-12-29 00:29:09,889 T0000: [D1-V1] config save /tmp/config-db-V1-post-module-epilog-qos-test_qos_save_reboot.py.json -y
2023-12-29 00:29:11,552 T0000: [D1-V1] chmod 777 /tmp/config-db-V1-post-module-epilog-qos-test_qos_save_reboot.py.json
2023-12-29 00:29:13,081 T0000: [D1-V1] /sbin/ip link set dev eth0 up
2023-12-29 00:29:13,785 T0000: [D1-V1] /sbin/ip route list dev eth0
2023-12-29 00:29:22,310 T0000: [D1-V1] sudo vtysh -c 'show running-config' > /tmp/vtysh-runcfg-V1-post-module-epilog-qos-test_qos_save_reboot.py.txt
2023-12-29 00:29:23,262 T0000: [D1-V1] chmod 777 /tmp/vtysh-runcfg-V1-post-module-epilog-qos-test_qos_save_reboot.py.txt
2023-12-29 00:29:24,788 T0000: [D1-V1] /sbin/ip link set dev eth0 up
2023-12-29 00:29:25,498 T0000: [D1-V1] /sbin/ip route list dev eth0
2023-12-29 00:29:34,068 T0000: [D1-V1] sudo show interfaces status Ethernet124
2023-12-29 00:29:36,597 T0000: 
================== Framework Module Hook Finalize: qos/test_qos_save_reboot.py Pass: 1/1 ==================
2023-12-29 00:29:36,597 T0000: 
================== Devices used: qos/test_qos_save_reboot.py 1 ['V1'] ==================
2023-12-29 00:29:37,972 T0000: 
================== Framework Module Hook: batch/test_spytest_infra_1.py ==================
2023-12-29 00:29:37,986 T0135: [D1-V1] no router bgp
2023-12-29 00:29:39,736 T0135: [D1-V1] config feature state sflow enabled
2023-12-29 00:29:41,933 T0135: [D1-V1] config feature state nat enabled
2023-12-29 00:30:36,742 T0135: [D1-V1] /sbin/ip link set dev eth0 up
2023-12-29 00:30:37,412 T0135: [D1-V1] /sbin/ip route list dev eth0
2023-12-29 00:30:38,089 T0135: [D1-V1] sudo show interfaces status Ethernet124
2023-12-29 00:30:40,793 T0136: [D1-V1] sudo show interfaces status
2023-12-29 00:30:47,862 T0137: [D1-V1] sudo show interfaces status
2023-12-29 00:30:55,065 T0138: [D1-V1] sudo show interfaces status
2023-12-29 00:30:57,010 T0000: 
================== Framework Module Hook Finish: batch/test_spytest_infra_1.py ==================
2023-12-29 00:30:57,010 T0000: 
================== Framework Function Hook: batch/test_spytest_infra_1.py::test_spytest_infra_last ==================
2023-12-29 00:31:01,300 T0139: [D1-V1] sudo show interfaces status
2023-12-29 00:31:03,273 T0000: [D1-V1] sudo show interfaces status Ethernet124
2023-12-29 00:31:06,328 T0000: 
================== Framework Function Hook Finish: batch/test_spytest_infra_1.py::test_spytest_infra_last ==================
2023-12-29 00:31:06,329 T0000: 
================== Test Execution: batch/test_spytest_infra_1.py::test_spytest_infra_last ==================
2023-12-29 00:31:06,347 T0000: 
================== Framework Function Hook Finalize: batch/test_spytest_infra_1.py::test_spytest_infra_last ==================
2023-12-29 00:31:06,365 T0000: [D1-V1] sudo show interfaces status Ethernet124
2023-12-29 00:31:09,157 T0000: 
================== Framework Module Hook Finalize: batch/test_spytest_infra_1.py Pass: 1/1 ==================
2023-12-29 00:31:09,157 T0000: 
================== Devices used: batch/test_spytest_infra_1.py 1 ['V1'] ==================
2023-12-29 00:31:09,277 T0000: [D1-V1] ['stty cols 80']
