2023-12-26 02:55:01,421 T0025: WARN  #### gw3  
2023-12-26 02:55:01,421 T0025: WARN  support post-session-prolog session pass ''
2023-12-26 02:55:01,423 T0026: WARN  #### gw3  
2023-12-26 02:55:01,424 T0026: WARN  support post-session-prolog session pass ''
2023-12-26 02:55:49,743 T0079: INFO  #### gw3  
2023-12-26 02:55:49,744 T0079: INFO  support pre-module-prolog switching/test_vlan.py  ''
2023-12-26 02:55:49,746 T0080: INFO  #### gw3  
2023-12-26 02:55:49,746 T0080: INFO  support pre-module-prolog switching/test_vlan.py  ''
2023-12-26 02:56:23,283 T0098: INFO  #### gw3  switching/test_vlan.py
2023-12-26 02:56:23,283 T0098: INFO  support post-module-prolog switching/test_vlan.py Pass ''
2023-12-26 02:56:23,285 T0099: INFO  #### gw3  switching/test_vlan.py
2023-12-26 02:56:23,286 T0099: INFO  support post-module-prolog switching/test_vlan.py Pass ''
2023-12-26 02:56:54,451 T0123: INFO  #### gw3  switching/test_vlan.py
2023-12-26 02:56:54,451 T0123: INFO  support pre-function-prolog test_ft_add_unknownvlan_interface  ''
2023-12-26 02:56:54,455 T0124: INFO  #### gw3  switching/test_vlan.py
2023-12-26 02:56:54,455 T0124: INFO  support pre-function-prolog test_ft_add_unknownvlan_interface  ''
2023-12-26 02:56:54,467 T0125: INFO  #### gw3  switching/test_vlan.py::test_ft_add_unknownvlan_interface
2023-12-26 02:56:54,468 T0125: INFO  support post-function-prolog test_ft_add_unknownvlan_interface Pass ''
2023-12-26 02:56:54,469 T0126: INFO  #### gw3  switching/test_vlan.py::test_ft_add_unknownvlan_interface
2023-12-26 02:56:54,469 T0126: INFO  support post-function-prolog test_ft_add_unknownvlan_interface Pass ''
2023-12-26 02:56:55,546 T0000: WARN  #### gw3 IGNORED ERROR switching/test_vlan.py::test_ft_add_unknownvlan_interface
2023-12-26 02:56:55,546 T0000: WARN  Skipped error checking but detected pattern: containing_error command: sudo -s config vlan member add 3943 Ethernet16 -u
2023-12-26 02:56:57,661 T0127: INFO  #### gw3  switching/test_vlan.py::test_ft_add_unknownvlan_interface
2023-12-26 02:56:57,661 T0127: INFO  support pre-function-epilog test_ft_add_unknownvlan_interface Pass 'Test case passed'
2023-12-26 02:56:57,662 T0128: INFO  #### gw3  switching/test_vlan.py::test_ft_add_unknownvlan_interface
2023-12-26 02:56:57,663 T0128: INFO  support pre-function-epilog test_ft_add_unknownvlan_interface Pass 'Test case passed'
2023-12-26 02:56:57,670 T0129: INFO  #### gw3  switching/test_vlan.py::test_ft_add_unknownvlan_interface
2023-12-26 02:56:57,671 T0129: INFO  support post-function-epilog test_ft_add_unknownvlan_interface Pass 'Test case passed'
2023-12-26 02:56:57,673 T0130: INFO  #### gw3  switching/test_vlan.py::test_ft_add_unknownvlan_interface
2023-12-26 02:56:57,673 T0130: INFO  support post-function-epilog test_ft_add_unknownvlan_interface Pass 'Test case passed'
2023-12-26 02:57:02,544 T0136: INFO  #### gw3  switching/test_vlan.py
2023-12-26 02:57:02,545 T0136: INFO  support pre-function-prolog test_ft_vlan_delete_with_member  ''
2023-12-26 02:57:02,548 T0137: INFO  #### gw3  switching/test_vlan.py
2023-12-26 02:57:02,548 T0137: INFO  support pre-function-prolog test_ft_vlan_delete_with_member  ''
2023-12-26 02:57:02,561 T0138: INFO  #### gw3  switching/test_vlan.py::test_ft_vlan_delete_with_member
2023-12-26 02:57:02,561 T0138: INFO  support post-function-prolog test_ft_vlan_delete_with_member Pass ''
2023-12-26 02:57:02,563 T0139: INFO  #### gw3  switching/test_vlan.py::test_ft_vlan_delete_with_member
2023-12-26 02:57:02,563 T0139: INFO  support post-function-prolog test_ft_vlan_delete_with_member Pass ''
2023-12-26 02:57:05,747 T0000: WARN  #### gw3 IGNORED ERROR switching/test_vlan.py::test_ft_vlan_delete_with_member
2023-12-26 02:57:05,747 T0000: WARN  Skipped error checking but detected pattern: containing_error command: sudo -s config vlan del 3943
2023-12-26 02:57:10,046 T0140: INFO  #### gw3  switching/test_vlan.py::test_ft_vlan_delete_with_member
2023-12-26 02:57:10,046 T0140: INFO  support pre-function-epilog test_ft_vlan_delete_with_member Pass 'Test case passed'
2023-12-26 02:57:10,047 T0141: INFO  #### gw3  switching/test_vlan.py::test_ft_vlan_delete_with_member
2023-12-26 02:57:10,048 T0141: INFO  support pre-function-epilog test_ft_vlan_delete_with_member Pass 'Test case passed'
2023-12-26 02:57:10,055 T0142: INFO  #### gw3  switching/test_vlan.py::test_ft_vlan_delete_with_member
2023-12-26 02:57:10,056 T0142: INFO  support post-function-epilog test_ft_vlan_delete_with_member Pass 'Test case passed'
2023-12-26 02:57:10,057 T0143: INFO  #### gw3  switching/test_vlan.py::test_ft_vlan_delete_with_member
2023-12-26 02:57:10,058 T0143: INFO  support post-function-epilog test_ft_vlan_delete_with_member Pass 'Test case passed'
2023-12-26 02:57:14,928 T0149: INFO  #### gw3  switching/test_vlan.py
2023-12-26 02:57:14,929 T0149: INFO  support pre-function-prolog test_ft_vlan_trunk_tagged  ''
2023-12-26 02:57:14,932 T0150: INFO  #### gw3  switching/test_vlan.py
2023-12-26 02:57:14,933 T0150: INFO  support pre-function-prolog test_ft_vlan_trunk_tagged  ''
2023-12-26 02:57:14,943 T0151: INFO  #### gw3  switching/test_vlan.py::test_ft_vlan_trunk_tagged
2023-12-26 02:57:14,943 T0151: INFO  support post-function-prolog test_ft_vlan_trunk_tagged Pass ''
2023-12-26 02:57:14,945 T0152: INFO  #### gw3  switching/test_vlan.py::test_ft_vlan_trunk_tagged
2023-12-26 02:57:14,945 T0152: INFO  support post-function-prolog test_ft_vlan_trunk_tagged Pass ''
2023-12-26 02:58:35,968 T0153: INFO  #### gw3  switching/test_vlan.py::test_ft_vlan_trunk_tagged
2023-12-26 02:58:35,968 T0153: INFO  support pre-function-epilog test_ft_vlan_trunk_tagged Pass 'Test case passed'
2023-12-26 02:58:35,971 T0154: INFO  #### gw3  switching/test_vlan.py::test_ft_vlan_trunk_tagged
2023-12-26 02:58:35,971 T0154: INFO  support pre-function-epilog test_ft_vlan_trunk_tagged Pass 'Test case passed'
2023-12-26 02:58:35,979 T0155: INFO  #### gw3  switching/test_vlan.py::test_ft_vlan_trunk_tagged
2023-12-26 02:58:35,980 T0155: INFO  support post-function-epilog test_ft_vlan_trunk_tagged Pass 'Test case passed'
2023-12-26 02:58:35,982 T0156: INFO  #### gw3  switching/test_vlan.py::test_ft_vlan_trunk_tagged
2023-12-26 02:58:35,982 T0156: INFO  support post-function-epilog test_ft_vlan_trunk_tagged Pass 'Test case passed'
2023-12-26 02:58:40,787 T0162: INFO  #### gw3  switching/test_vlan.py
2023-12-26 02:58:40,787 T0162: INFO  support pre-function-prolog test_ft_vlan_save_config_warm_and_fast_reboot  ''
2023-12-26 02:58:40,791 T0163: INFO  #### gw3  switching/test_vlan.py
2023-12-26 02:58:40,791 T0163: INFO  support pre-function-prolog test_ft_vlan_save_config_warm_and_fast_reboot  ''
2023-12-26 02:58:40,802 T0164: INFO  #### gw3  switching/test_vlan.py::test_ft_vlan_save_config_warm_and_fast_reboot
2023-12-26 02:58:40,802 T0164: INFO  support post-function-prolog test_ft_vlan_save_config_warm_and_fast_reboot Pass ''
2023-12-26 02:58:40,804 T0165: INFO  #### gw3  switching/test_vlan.py::test_ft_vlan_save_config_warm_and_fast_reboot
2023-12-26 02:58:40,804 T0165: INFO  support post-function-prolog test_ft_vlan_save_config_warm_and_fast_reboot Pass ''
2023-12-26 03:01:39,845 T0000: WARN  #### gw3 IGNORED ERROR switching/test_vlan.py::test_ft_vlan_save_config_warm_and_fast_reboot
2023-12-26 03:01:39,845 T0000: WARN  Skipped error checking but detected pattern: containing_failed command: sudo -s reboot
2023-12-26 03:02:56,469 T0000: WARN  #### gw3 IGNORED ERROR switching/test_vlan.py::test_ft_vlan_save_config_warm_and_fast_reboot
2023-12-26 03:02:56,469 T0000: WARN  Skipped error checking but detected pattern: containing_python_traceback command: sudo -s fast-reboot
2023-12-26 03:03:50,342 T0000: ERROR #### gw3 Exception switching/test_vlan.py::test_ft_vlan_save_config_warm_and_fast_reboot
2023-12-26 03:03:50,342 T0000: ERROR Exception TypeError 'NoneType' object is not subscriptable in file /apis/system/basic.py at line 1389
2023-12-26 03:03:50,342 T0000: ERROR [0] /apis/system/basic.py:1389 is_warm_boot_support return bool(platform.lower() in features_support_data[key])
2023-12-26 03:03:50,342 T0000: ERROR [1] /apis/system/reboot.py:83 warm_reboot if (st.getenv("SPYTEST_UNSUPPORT_TD4_WARM_REBOOT") and basic.is_td4_platform(dut)) or basic.is_warm_boot_support(dut, is_support=False):
2023-12-26 03:03:50,342 T0000: ERROR [2] /tests/switching/test_vlan.py:906 test_ft_vlan_save_config_warm_and_fast_reboot reboot.warm_reboot(vars.D1)
2023-12-26 03:03:50,344 T0166: WARN  #### gw3  switching/test_vlan.py::test_ft_vlan_save_config_warm_and_fast_reboot
2023-12-26 03:03:50,344 T0166: WARN  support post-function-epilog test_ft_vlan_save_config_warm_and_fast_reboot ScriptError 'Exception TypeError 'NoneType' object is not subscriptable in file /apis/system/basic.py at line 1389'
2023-12-26 03:03:50,345 T0167: WARN  #### gw3  switching/test_vlan.py::test_ft_vlan_save_config_warm_and_fast_reboot
2023-12-26 03:03:50,345 T0167: WARN  support post-function-epilog test_ft_vlan_save_config_warm_and_fast_reboot ScriptError 'Exception TypeError 'NoneType' object is not subscriptable in file /apis/system/basic.py at line 1389'
2023-12-26 03:03:50,364 T0000: ERROR #### gw3  switching/test_vlan.py::test_ft_vlan_save_config_warm_and_fast_reboot
2023-12-26 03:03:50,364 T0000: ERROR 

==================== REMOTE ALERTS ============================
################################################################################
drop the rate from 2000 to 100
################################################################################
################################################################################
drop the rate from 2000 to 100
################################################################################
################################################################################
drop the rate from 2000 to 100
################################################################################
===============================================================


2023-12-26 03:03:50,387 T0168: WARN  #### gw3  switching/test_vlan.py::test_ft_vlan_save_config_warm_and_fast_reboot
2023-12-26 03:03:50,388 T0168: WARN  support pre-module-epilog switching/test_vlan.py fail ''
2023-12-26 03:03:50,390 T0169: WARN  #### gw3  switching/test_vlan.py::test_ft_vlan_save_config_warm_and_fast_reboot
2023-12-26 03:03:50,390 T0169: WARN  support pre-module-epilog switching/test_vlan.py fail ''
2023-12-26 03:04:16,051 T0186: WARN  #### gw3  switching/test_vlan.py::test_ft_vlan_save_config_warm_and_fast_reboot
2023-12-26 03:04:16,051 T0186: WARN  support post-module-epilog switching/test_vlan.py fail ''
2023-12-26 03:04:16,053 T0187: WARN  #### gw3  switching/test_vlan.py::test_ft_vlan_save_config_warm_and_fast_reboot
2023-12-26 03:04:16,054 T0187: WARN  support post-module-epilog switching/test_vlan.py fail ''
2023-12-26 03:08:27,864 T0249: INFO  #### gw3  
2023-12-26 03:08:27,864 T0249: INFO  support pre-module-prolog system/test_ssh.py  ''
2023-12-26 03:08:27,866 T0250: INFO  #### gw3  
2023-12-26 03:08:27,866 T0250: INFO  support pre-module-prolog system/test_ssh.py  ''
2023-12-26 03:09:05,113 T0277: INFO  #### gw3  system/test_ssh.py
2023-12-26 03:09:05,114 T0277: INFO  support post-module-prolog system/test_ssh.py Pass ''
2023-12-26 03:09:05,116 T0278: INFO  #### gw3  system/test_ssh.py
2023-12-26 03:09:05,116 T0278: INFO  support post-module-prolog system/test_ssh.py Pass ''
2023-12-26 03:09:36,323 T0302: INFO  #### gw3  system/test_ssh.py
2023-12-26 03:09:36,324 T0302: INFO  support pre-function-prolog test_ft_ssh_service_disable  ''
2023-12-26 03:09:36,328 T0303: INFO  #### gw3  system/test_ssh.py
2023-12-26 03:09:36,328 T0303: INFO  support pre-function-prolog test_ft_ssh_service_disable  ''
2023-12-26 03:09:36,340 T0304: INFO  #### gw3  system/test_ssh.py::test_ft_ssh_service_disable
2023-12-26 03:09:36,340 T0304: INFO  support post-function-prolog test_ft_ssh_service_disable Pass ''
2023-12-26 03:09:36,342 T0305: INFO  #### gw3  system/test_ssh.py::test_ft_ssh_service_disable
2023-12-26 03:09:36,342 T0305: INFO  support post-function-prolog test_ft_ssh_service_disable Pass ''
2023-12-26 03:09:39,097 T0306: INFO  #### gw3  system/test_ssh.py::test_ft_ssh_service_disable
2023-12-26 03:09:39,097 T0306: INFO  support pre-function-epilog test_ft_ssh_service_disable Pass 'Test case passed'
2023-12-26 03:09:39,099 T0307: INFO  #### gw3  system/test_ssh.py::test_ft_ssh_service_disable
2023-12-26 03:09:39,099 T0307: INFO  support pre-function-epilog test_ft_ssh_service_disable Pass 'Test case passed'
2023-12-26 03:09:39,109 T0308: INFO  #### gw3  system/test_ssh.py::test_ft_ssh_service_disable
2023-12-26 03:09:39,109 T0308: INFO  support post-function-epilog test_ft_ssh_service_disable Pass 'Test case passed'
2023-12-26 03:09:39,110 T0309: INFO  #### gw3  system/test_ssh.py::test_ft_ssh_service_disable
2023-12-26 03:09:39,111 T0309: INFO  support post-function-epilog test_ft_ssh_service_disable Pass 'Test case passed'
2023-12-26 03:09:43,956 T0315: INFO  #### gw3  system/test_ssh.py
2023-12-26 03:09:43,957 T0315: INFO  support pre-function-prolog test_ft_ssh_add_user_verify  ''
2023-12-26 03:09:43,960 T0316: INFO  #### gw3  system/test_ssh.py
2023-12-26 03:09:43,961 T0316: INFO  support pre-function-prolog test_ft_ssh_add_user_verify  ''
2023-12-26 03:09:43,971 T0317: INFO  #### gw3  system/test_ssh.py::test_ft_ssh_add_user_verify
2023-12-26 03:09:43,972 T0317: INFO  support post-function-prolog test_ft_ssh_add_user_verify Pass ''
2023-12-26 03:09:43,973 T0318: INFO  #### gw3  system/test_ssh.py::test_ft_ssh_add_user_verify
2023-12-26 03:09:43,974 T0318: INFO  support post-function-prolog test_ft_ssh_add_user_verify Pass ''
2023-12-26 03:14:44,382 T0000: WARN  #### gw3 IGNORED ERROR system/test_ssh.py::test_ft_ssh_add_user_verify
2023-12-26 03:14:44,382 T0000: WARN  Skipped error checking but detected pattern: containing_python_traceback command: sudo -s fast-reboot
2023-12-26 03:16:45,912 T0325: INFO  #### gw3  system/test_ssh.py::test_ft_ssh_add_user_verify
2023-12-26 03:16:45,912 T0325: INFO  support testcase test_ft_controlplane_acl_service_sshv4 Pass 'SSH failed'
2023-12-26 03:16:45,914 T0326: INFO  #### gw3  system/test_ssh.py::test_ft_ssh_add_user_verify
2023-12-26 03:16:45,914 T0326: INFO  support testcase test_ft_controlplane_acl_service_sshv4 Pass 'SSH failed'
2023-12-26 03:16:45,922 T0327: INFO  #### gw3  system/test_ssh.py::test_ft_ssh_add_user_verify
2023-12-26 03:16:45,922 T0327: INFO  support testcase test_ft_controlplane_acl_service_sshv6 Pass 'SSH failed'
2023-12-26 03:16:45,924 T0328: INFO  #### gw3  system/test_ssh.py::test_ft_ssh_add_user_verify
2023-12-26 03:16:45,924 T0328: INFO  support testcase test_ft_controlplane_acl_service_sshv6 Pass 'SSH failed'
2023-12-26 03:16:45,931 T0329: WARN  #### gw3  system/test_ssh.py::test_ft_ssh_add_user_verify
2023-12-26 03:16:45,931 T0329: WARN  support testcase test_ft_controlplane_acl_service_snmp Fail 'SNMP output is not found after walk of with control plane ACL service SNMP after reboot OID'
2023-12-26 03:16:45,933 T0330: WARN  #### gw3  system/test_ssh.py::test_ft_ssh_add_user_verify
2023-12-26 03:16:45,933 T0330: WARN  support testcase test_ft_controlplane_acl_service_snmp Fail 'SNMP output is not found after walk of with control plane ACL service SNMP after reboot OID'
2023-12-26 03:18:47,453 T0335: WARN  #### gw3  system/test_ssh.py::test_ft_ssh_add_user_verify
2023-12-26 03:18:47,453 T0335: WARN  support pre-function-epilog test_ft_ssh_add_user_verify Fail 'Test case Failed.'
2023-12-26 03:18:47,455 T0336: WARN  #### gw3  system/test_ssh.py::test_ft_ssh_add_user_verify
2023-12-26 03:18:47,455 T0336: WARN  support pre-function-epilog test_ft_ssh_add_user_verify Fail 'Test case Failed.'
2023-12-26 03:18:47,814 T0337: WARN  #### gw3  system/test_ssh.py::test_ft_ssh_add_user_verify
2023-12-26 03:18:47,814 T0337: WARN  support post-function-epilog test_ft_ssh_add_user_verify ignore 'Test case Failed.'
2023-12-26 03:18:47,815 T0338: WARN  #### gw3  system/test_ssh.py::test_ft_ssh_add_user_verify
2023-12-26 03:18:47,816 T0338: WARN  support post-function-epilog test_ft_ssh_add_user_verify ignore 'Test case Failed.'
2023-12-26 03:18:52,744 T0344: INFO  #### gw3  system/test_ssh.py
2023-12-26 03:18:52,744 T0344: INFO  support pre-function-prolog test_ft_verify_logs_at_the_time_of_ssh_login_success  ''
2023-12-26 03:18:52,748 T0345: INFO  #### gw3  system/test_ssh.py
2023-12-26 03:18:52,748 T0345: INFO  support pre-function-prolog test_ft_verify_logs_at_the_time_of_ssh_login_success  ''
2023-12-26 03:18:52,757 T0346: INFO  #### gw3  system/test_ssh.py::test_ft_verify_logs_at_the_time_of_ssh_login_success
2023-12-26 03:18:52,758 T0346: INFO  support post-function-prolog test_ft_verify_logs_at_the_time_of_ssh_login_success Pass ''
2023-12-26 03:18:52,759 T0347: INFO  #### gw3  system/test_ssh.py::test_ft_verify_logs_at_the_time_of_ssh_login_success
2023-12-26 03:18:52,760 T0347: INFO  support post-function-prolog test_ft_verify_logs_at_the_time_of_ssh_login_success Pass ''
2023-12-26 03:19:09,418 T0350: INFO  #### gw3  system/test_ssh.py::test_ft_verify_logs_at_the_time_of_ssh_login_success
2023-12-26 03:19:09,419 T0350: INFO  support pre-function-epilog test_ft_verify_logs_at_the_time_of_ssh_login_success Pass 'Test case passed'
2023-12-26 03:19:09,421 T0351: INFO  #### gw3  system/test_ssh.py::test_ft_verify_logs_at_the_time_of_ssh_login_success
2023-12-26 03:19:09,421 T0351: INFO  support pre-function-epilog test_ft_verify_logs_at_the_time_of_ssh_login_success Pass 'Test case passed'
2023-12-26 03:19:09,433 T0352: INFO  #### gw3  system/test_ssh.py::test_ft_verify_logs_at_the_time_of_ssh_login_success
2023-12-26 03:19:09,433 T0352: INFO  support post-function-epilog test_ft_verify_logs_at_the_time_of_ssh_login_success Pass 'Test case passed'
2023-12-26 03:19:09,435 T0353: INFO  #### gw3  system/test_ssh.py::test_ft_verify_logs_at_the_time_of_ssh_login_success
2023-12-26 03:19:09,435 T0353: INFO  support post-function-epilog test_ft_verify_logs_at_the_time_of_ssh_login_success Pass 'Test case passed'
2023-12-26 03:19:09,469 T0354: WARN  #### gw3  system/test_ssh.py::test_ft_verify_logs_at_the_time_of_ssh_login_success
2023-12-26 03:19:09,469 T0354: WARN  support pre-module-epilog system/test_ssh.py fail ''
2023-12-26 03:19:09,471 T0355: WARN  #### gw3  system/test_ssh.py::test_ft_verify_logs_at_the_time_of_ssh_login_success
2023-12-26 03:19:09,471 T0355: WARN  support pre-module-epilog system/test_ssh.py fail ''
2023-12-26 03:20:00,369 T0380: WARN  #### gw3  system/test_ssh.py::test_ft_verify_logs_at_the_time_of_ssh_login_success
2023-12-26 03:20:00,370 T0380: WARN  support post-module-epilog system/test_ssh.py fail ''
2023-12-26 03:20:00,372 T0381: WARN  #### gw3  system/test_ssh.py::test_ft_verify_logs_at_the_time_of_ssh_login_success
2023-12-26 03:20:00,373 T0381: WARN  support post-module-epilog system/test_ssh.py fail ''
2023-12-26 03:21:39,897 T0426: WARN  #### gw3  batch/test_spytest_infra_1.py::test_spytest_infra_last
2023-12-26 03:21:39,897 T0426: WARN  support session-epilog session pass ''
2023-12-26 03:21:39,899 T0427: WARN  #### gw3  batch/test_spytest_infra_1.py::test_spytest_infra_last
2023-12-26 03:21:39,899 T0427: WARN  support session-epilog session pass ''
