2023-12-25 03:21:47,272 T0002: [D1-V3] ['export TMOUT=0', 'stty cols 5000', 'uptime']
2023-12-25 03:21:47,938 T0002: [D1-V3] cat /proc/uptime
2023-12-25 03:21:48,606 T0002: [D1-V3] sudo vtysh -c 'show running-config | include hostname'
2023-12-25 03:21:54,788 T0002: [D1-V3] /sbin/ip link set dev eth0 up
2023-12-25 03:21:55,458 T0002: [D1-V3] /sbin/ip route list dev eth0
2023-12-25 03:21:56,139 T0002: [D1-V3] ['export TMOUT=0', 'stty cols 5000', 'uptime']
2023-12-25 03:21:58,286 T0002: [D1-V3] /sbin/ip link set dev eth0 up
2023-12-25 03:21:58,955 T0002: [D1-V3] /sbin/ip route list dev eth0
2023-12-25 03:22:00,300 T0002: [D1-V3] show version
2023-12-25 03:22:02,383 T0002: [D1-V3] /sbin/ip link set dev eth0 up
2023-12-25 03:22:03,050 T0002: [D1-V3] /sbin/ip route list dev eth0
2023-12-25 03:22:05,202 T0002: [D1-V3] /sbin/ip link set dev eth0 up
2023-12-25 03:22:05,869 T0002: [D1-V3] /sbin/ip route list dev eth0
2023-12-25 03:23:22,295 T0000: [D1-V3] sudo show interfaces status
2023-12-25 03:23:24,046 T0000: [D1-V3] config interface startup Ethernet0
2023-12-25 03:23:25,099 T0000: [D1-V3] config interface startup Ethernet4
2023-12-25 03:23:26,202 T0000: [D1-V3] config interface startup Ethernet8
2023-12-25 03:23:27,355 T0000: [D1-V3] config interface startup Ethernet12
2023-12-25 03:23:28,426 T0000: [D1-V3] config interface shutdown Ethernet16
2023-12-25 03:23:29,530 T0000: [D1-V3] config interface shutdown Ethernet20
2023-12-25 03:23:30,577 T0000: [D1-V3] config interface shutdown Ethernet24
2023-12-25 03:23:31,630 T0000: [D1-V3] config interface shutdown Ethernet28
2023-12-25 03:23:32,734 T0000: [D1-V3] config interface shutdown Ethernet32
2023-12-25 03:23:33,841 T0000: [D1-V3] config interface shutdown Ethernet36
2023-12-25 03:23:34,905 T0000: [D1-V3] config interface shutdown Ethernet40
2023-12-25 03:23:36,006 T0000: [D1-V3] config interface shutdown Ethernet44
2023-12-25 03:23:37,058 T0000: [D1-V3] config interface shutdown Ethernet48
2023-12-25 03:23:38,162 T0000: [D1-V3] config interface shutdown Ethernet52
2023-12-25 03:23:39,214 T0000: [D1-V3] config interface shutdown Ethernet56
2023-12-25 03:23:40,319 T0000: [D1-V3] config interface shutdown Ethernet60
2023-12-25 03:23:41,427 T0000: [D1-V3] config interface shutdown Ethernet64
2023-12-25 03:23:42,530 T0000: [D1-V3] config interface shutdown Ethernet68
2023-12-25 03:23:43,589 T0000: [D1-V3] config interface shutdown Ethernet72
2023-12-25 03:23:44,642 T0000: [D1-V3] config interface shutdown Ethernet76
2023-12-25 03:23:45,746 T0000: [D1-V3] config interface shutdown Ethernet80
2023-12-25 03:23:46,801 T0000: [D1-V3] config interface shutdown Ethernet84
2023-12-25 03:23:47,854 T0000: [D1-V3] config interface shutdown Ethernet88
2023-12-25 03:23:48,907 T0000: [D1-V3] config interface shutdown Ethernet92
2023-12-25 03:23:49,959 T0000: [D1-V3] config interface shutdown Ethernet96
2023-12-25 03:23:51,016 T0000: [D1-V3] config interface shutdown Ethernet100
2023-12-25 03:23:52,068 T0000: [D1-V3] config interface shutdown Ethernet104
2023-12-25 03:23:53,127 T0000: [D1-V3] config interface shutdown Ethernet108
2023-12-25 03:23:54,186 T0000: [D1-V3] config interface shutdown Ethernet112
2023-12-25 03:23:55,237 T0000: [D1-V3] config interface shutdown Ethernet116
2023-12-25 03:23:56,297 T0000: [D1-V3] config interface shutdown Ethernet120
2023-12-25 03:23:57,356 T0000: [D1-V3] config interface shutdown Ethernet124
2023-12-25 03:24:04,540 T0000: [D1-V3] show version
2023-12-25 03:24:06,508 T0000: [D1-V3] cat /var/run/redis/sonic-db/database_config.json
2023-12-25 03:24:07,302 T0000: [D1-V3] /sbin/ifconfig eth0
2023-12-25 03:24:08,023 T0000: [D1-V3] ls /etc/sonic/bcmsim.cfg
2023-12-25 03:24:08,751 T0000: [D1-V3] no router bgp
2023-12-25 03:24:10,643 T0000: [D1-V3] config feature state sflow enabled
2023-12-25 03:24:12,737 T0000: [D1-V3] config feature state nat enabled
2023-12-25 03:24:17,007 T0000: [D1-V3] config save /tmp/config-db-V3-post-session-prolog-session.json -y
2023-12-25 03:24:18,314 T0000: [D1-V3] chmod 777 /tmp/config-db-V3-post-session-prolog-session.json
2023-12-25 03:24:19,842 T0000: [D1-V3] /sbin/ip link set dev eth0 up
2023-12-25 03:24:20,550 T0000: [D1-V3] /sbin/ip route list dev eth0
2023-12-25 03:24:28,979 T0000: [D1-V3] sudo vtysh -c 'show running-config' > /tmp/vtysh-runcfg-V3-post-session-prolog-session.txt
2023-12-25 03:24:29,934 T0000: [D1-V3] chmod 777 /tmp/vtysh-runcfg-V3-post-session-prolog-session.txt
2023-12-25 03:24:31,460 T0000: [D1-V3] /sbin/ip link set dev eth0 up
2023-12-25 03:24:32,166 T0000: [D1-V3] /sbin/ip route list dev eth0
2023-12-25 03:24:41,005 T0000: 
================== Framework Module Hook: batch/test_spytest_infra_1.py ==================
2023-12-25 03:24:41,023 T0012: [D1-V3] sudo show interfaces status Ethernet124
2023-12-25 03:24:43,284 T0013: [D1-V3] sudo show interfaces status
2023-12-25 03:24:44,967 T0000: 
================== Framework Module Hook Finish: batch/test_spytest_infra_1.py ==================
2023-12-25 03:24:44,970 T0000: 
================== Framework Function Hook: batch/test_spytest_infra_1.py::test_spytest_infra_first ==================
2023-12-25 03:24:48,066 T0014: [D1-V3] sudo show interfaces status
2023-12-25 03:24:49,769 T0000: [D1-V3] sudo show interfaces status Ethernet124
2023-12-25 03:24:52,510 T0000: 
================== Framework Function Hook Finish: batch/test_spytest_infra_1.py::test_spytest_infra_first ==================
2023-12-25 03:24:52,515 T0000: 
================== Test Execution: batch/test_spytest_infra_1.py::test_spytest_infra_first ==================
2023-12-25 03:24:52,533 T0000: 
================== Framework Function Hook Finalize: batch/test_spytest_infra_1.py::test_spytest_infra_first ==================
2023-12-25 03:24:52,656 T0000: 
================== Framework Function Hook: batch/test_spytest_infra_1.py::test_spytest_infra_second ==================
2023-12-25 03:24:52,671 T0015: [D1-V3] sudo show interfaces status
2023-12-25 03:24:54,321 T0000: [D1-V3] sudo show interfaces status Ethernet124
2023-12-25 03:24:57,022 T0000: 
================== Framework Function Hook Finish: batch/test_spytest_infra_1.py::test_spytest_infra_second ==================
2023-12-25 03:24:57,024 T0000: 
================== Test Execution: batch/test_spytest_infra_1.py::test_spytest_infra_second ==================
2023-12-25 03:24:57,043 T0000: 
================== Framework Function Hook Finalize: batch/test_spytest_infra_1.py::test_spytest_infra_second ==================
2023-12-25 03:24:57,056 T0000: [D1-V3] sudo show interfaces status Ethernet124
2023-12-25 03:24:59,375 T0000: 
================== Framework Module Hook Finalize: batch/test_spytest_infra_1.py Pass: 2/2 ==================
2023-12-25 03:24:59,375 T0000: 
================== Devices used: batch/test_spytest_infra_1.py 1 ['V3'] ==================
2023-12-25 03:24:59,787 T0000: 
================== Framework Module Hook: security/test_tacacs.py ==================
2023-12-25 03:24:59,797 T0016: [D1-V3] sudo show interfaces status Ethernet124
2023-12-25 03:25:02,055 T0017: [D1-V3] sudo show interfaces status
2023-12-25 03:25:03,743 T0000: [D1-V3] config save /tmp/config-db-V3-pre-module-prolog-security-test_tacacs.py.json -y
2023-12-25 03:25:04,999 T0000: [D1-V3] chmod 777 /tmp/config-db-V3-pre-module-prolog-security-test_tacacs.py.json
2023-12-25 03:25:06,524 T0000: [D1-V3] /sbin/ip link set dev eth0 up
2023-12-25 03:25:07,230 T0000: [D1-V3] /sbin/ip route list dev eth0
2023-12-25 03:25:15,712 T0000: [D1-V3] sudo vtysh -c 'show running-config' > /tmp/vtysh-runcfg-V3-pre-module-prolog-security-test_tacacs.py.txt
2023-12-25 03:25:16,624 T0000: [D1-V3] chmod 777 /tmp/vtysh-runcfg-V3-pre-module-prolog-security-test_tacacs.py.txt
2023-12-25 03:25:18,153 T0000: [D1-V3] /sbin/ip link set dev eth0 up
2023-12-25 03:25:18,864 T0000: [D1-V3] /sbin/ip route list dev eth0
2023-12-25 03:25:27,329 T0000: 
================== Framework Module Hook Finish: security/test_tacacs.py ==================
2023-12-25 03:25:27,330 T0000: 
================== Module Hook: security/test_tacacs.py tacacs_module_hooks ==================
2023-12-25 03:25:27,345 T0000: [D1-V3] /sbin/ifconfig eth0
2023-12-25 03:25:28,066 T0000: [D1-V3] config aaa  authentication failthrough enable
2023-12-25 03:25:29,121 T0000: [D1-V3] config tacacs add 10.193.81.61 -o 49 -t 5 -k lvl7india -a pap -p 3
2023-12-25 03:25:30,226 T0000: [D1-V3] config aaa  authentication login tacacs+ local
2023-12-25 03:25:31,278 T0000: 
================== Module Hook Finish: security/test_tacacs.py tacacs_module_hooks ==================
2023-12-25 03:25:31,279 T0000: 
================== Framework Function Hook: security/test_tacacs.py::test_ft_tacacs_ssh_login_with_tacacs_operations ==================
2023-12-25 03:25:31,286 T0000: [D1-V3] config save /tmp/config-db-V3-post-module-prolog-security-test_tacacs.py.json -y
2023-12-25 03:25:32,594 T0000: [D1-V3] chmod 777 /tmp/config-db-V3-post-module-prolog-security-test_tacacs.py.json
2023-12-25 03:25:34,123 T0000: [D1-V3] /sbin/ip link set dev eth0 up
2023-12-25 03:25:34,834 T0000: [D1-V3] /sbin/ip route list dev eth0
2023-12-25 03:25:43,173 T0000: [D1-V3] sudo vtysh -c 'show running-config' > /tmp/vtysh-runcfg-V3-post-module-prolog-security-test_tacacs.py.txt
2023-12-25 03:25:44,074 T0000: [D1-V3] chmod 777 /tmp/vtysh-runcfg-V3-post-module-prolog-security-test_tacacs.py.txt
2023-12-25 03:25:45,606 T0000: [D1-V3] /sbin/ip link set dev eth0 up
2023-12-25 03:25:46,314 T0000: [D1-V3] /sbin/ip route list dev eth0
2023-12-25 03:25:57,737 T0034: [D1-V3] sudo show interfaces status
2023-12-25 03:25:59,389 T0000: [D1-V3] sudo show interfaces status Ethernet124
2023-12-25 03:26:02,142 T0000: 
================== Framework Function Hook Finish: security/test_tacacs.py::test_ft_tacacs_ssh_login_with_tacacs_operations ==================
2023-12-25 03:26:02,143 T0000: 
================== Function Hook: security/test_tacacs.py tacacs_func_hooks ==================
2023-12-25 03:26:02,147 T0000: 
================== Function Hook Finish: security/test_tacacs.py tacacs_func_hooks ==================
2023-12-25 03:26:02,148 T0000: 
================== Test Execution: security/test_tacacs.py::test_ft_tacacs_ssh_login_with_tacacs_operations ==================
2023-12-25 03:26:02,149 T0000: [D1-V3] [ -f /etc/pam.d/common-auth ] && echo 1 || echo 0
2023-12-25 03:26:03,211 T0000: 
================== Function Hook Finalize: security/test_tacacs.py tacacs_func_hooks ==================
2023-12-25 03:26:03,242 T0000: 
================== Framework Function Hook Finalize: security/test_tacacs.py::test_ft_tacacs_ssh_login_with_tacacs_operations ==================
2023-12-25 03:26:03,250 T0000: [D1-V3] config save /tmp/config-db-V3-pre-module-epilog-security-test_tacacs.py.json -y
2023-12-25 03:26:04,559 T0000: [D1-V3] chmod 777 /tmp/config-db-V3-pre-module-epilog-security-test_tacacs.py.json
2023-12-25 03:26:06,097 T0000: [D1-V3] /sbin/ip link set dev eth0 up
2023-12-25 03:26:06,806 T0000: [D1-V3] /sbin/ip route list dev eth0
2023-12-25 03:26:15,142 T0000: [D1-V3] sudo vtysh -c 'show running-config' > /tmp/vtysh-runcfg-V3-pre-module-epilog-security-test_tacacs.py.txt
2023-12-25 03:26:16,095 T0000: [D1-V3] chmod 777 /tmp/vtysh-runcfg-V3-pre-module-epilog-security-test_tacacs.py.txt
2023-12-25 03:26:17,620 T0000: [D1-V3] /sbin/ip link set dev eth0 up
2023-12-25 03:26:18,330 T0000: [D1-V3] /sbin/ip route list dev eth0
2023-12-25 03:26:26,659 T0000: [D1-V3] config tacacs default authtype
2023-12-25 03:26:27,763 T0000: [D1-V3] config tacacs default passkey
2023-12-25 03:26:28,814 T0000: [D1-V3] config tacacs default timeout
2023-12-25 03:26:29,866 T0000: [D1-V3] config tacacs delete 10.193.81.61 
2023-12-25 03:26:30,974 T0000: [D1-V3] config tacacs delete 10.52.139.138 
2023-12-25 03:26:32,029 T0000: [D1-V3] config tacacs delete 10.52.145.178 
2023-12-25 03:26:33,131 T0000: [D1-V3] config tacacs delete 10.52.140.51 
2023-12-25 03:26:34,230 T0000: [D1-V3] config tacacs delete 10.2.3.4 
2023-12-25 03:26:35,293 T0000: [D1-V3] config tacacs delete 10.2.3.5 
2023-12-25 03:26:36,345 T0000: [D1-V3] config tacacs delete 10.2.3.6 
2023-12-25 03:26:37,397 T0000: [D1-V3] config tacacs delete 10.2.3.7 
2023-12-25 03:26:38,498 T0000: [D1-V3] config aaa  authentication login default
2023-12-25 03:26:39,547 T0000: [D1-V3] config aaa  authentication failthrough default
2023-12-25 03:26:40,602 T0000: [D1-V3] show vlan config
2023-12-25 03:26:41,721 T0000: [D1-V3] []
2023-12-25 03:26:41,722 T0000: 
================== Module Hook Finalize: security/test_tacacs.py tacacs_module_hooks ==================
2023-12-25 03:26:41,729 T0000: [D1-V3] config save /tmp/config-db-V3-post-module-epilog-security-test_tacacs.py.json -y
2023-12-25 03:26:43,038 T0000: [D1-V3] chmod 777 /tmp/config-db-V3-post-module-epilog-security-test_tacacs.py.json
2023-12-25 03:26:44,576 T0000: [D1-V3] /sbin/ip link set dev eth0 up
2023-12-25 03:26:45,285 T0000: [D1-V3] /sbin/ip route list dev eth0
2023-12-25 03:26:53,741 T0000: [D1-V3] sudo vtysh -c 'show running-config' > /tmp/vtysh-runcfg-V3-post-module-epilog-security-test_tacacs.py.txt
2023-12-25 03:26:54,693 T0000: [D1-V3] chmod 777 /tmp/vtysh-runcfg-V3-post-module-epilog-security-test_tacacs.py.txt
2023-12-25 03:26:56,219 T0000: [D1-V3] /sbin/ip link set dev eth0 up
2023-12-25 03:26:56,930 T0000: [D1-V3] /sbin/ip route list dev eth0
2023-12-25 03:27:05,402 T0000: [D1-V3] sudo show interfaces status Ethernet124
2023-12-25 03:27:07,768 T0000: 
================== Framework Module Hook Finalize: security/test_tacacs.py Pass: 0/1 ==================
2023-12-25 03:27:07,769 T0000: 
================== Devices used: security/test_tacacs.py 1 ['V3'] ==================
2023-12-25 03:27:08,333 T0000: 
================== Framework Module Hook: batch/test_spytest_infra_1.py ==================
2023-12-25 03:27:08,346 T0051: [D1-V3] no router bgp
2023-12-25 03:27:10,151 T0051: [D1-V3] config feature state sflow enabled
2023-12-25 03:27:12,099 T0051: [D1-V3] config feature state nat enabled
2023-12-25 03:27:46,242 T0051: [D1-V3] /sbin/ip link set dev eth0 up
2023-12-25 03:27:46,911 T0051: [D1-V3] /sbin/ip route list dev eth0
2023-12-25 03:27:47,592 T0051: [D1-V3] sudo show interfaces status Ethernet124
2023-12-25 03:27:49,851 T0052: [D1-V3] sudo show interfaces status
2023-12-25 03:27:56,488 T0053: [D1-V3] sudo show interfaces status
2023-12-25 03:28:03,136 T0054: [D1-V3] sudo show interfaces status
2023-12-25 03:28:04,913 T0000: 
================== Framework Module Hook Finish: batch/test_spytest_infra_1.py ==================
2023-12-25 03:28:04,915 T0000: 
================== Framework Function Hook: batch/test_spytest_infra_1.py::test_spytest_infra_last ==================
2023-12-25 03:28:08,006 T0055: [D1-V3] sudo show interfaces status
2023-12-25 03:28:09,661 T0000: [D1-V3] sudo show interfaces status Ethernet124
2023-12-25 03:28:12,353 T0000: 
================== Framework Function Hook Finish: batch/test_spytest_infra_1.py::test_spytest_infra_last ==================
2023-12-25 03:28:12,355 T0000: 
================== Test Execution: batch/test_spytest_infra_1.py::test_spytest_infra_last ==================
2023-12-25 03:28:12,374 T0000: 
================== Framework Function Hook Finalize: batch/test_spytest_infra_1.py::test_spytest_infra_last ==================
2023-12-25 03:28:12,387 T0000: [D1-V3] sudo show interfaces status Ethernet124
2023-12-25 03:28:14,755 T0000: 
================== Framework Module Hook Finalize: batch/test_spytest_infra_1.py Pass: 1/1 ==================
2023-12-25 03:28:14,755 T0000: 
================== Devices used: batch/test_spytest_infra_1.py 1 ['V3'] ==================
2023-12-25 03:28:15,173 T0000: 
================== Framework Module Hook: system/test_snmp.py ==================
2023-12-25 03:28:15,186 T0056: [D1-V3] no router bgp
2023-12-25 03:28:16,992 T0056: [D1-V3] config feature state sflow enabled
2023-12-25 03:28:18,941 T0056: [D1-V3] config feature state nat enabled
2023-12-25 03:28:39,852 T0056: [D1-V3] /sbin/ip link set dev eth0 up
2023-12-25 03:28:40,520 T0056: [D1-V3] /sbin/ip route list dev eth0
2023-12-25 03:28:41,200 T0056: [D1-V3] sudo show interfaces status Ethernet124
2023-12-25 03:28:43,410 T0057: [D1-V3] sudo show interfaces status
2023-12-25 03:28:44,998 T0000: [D1-V3] config save /tmp/config-db-V3-pre-module-prolog-system-test_snmp.py.json -y
2023-12-25 03:28:46,306 T0000: [D1-V3] chmod 777 /tmp/config-db-V3-pre-module-prolog-system-test_snmp.py.json
2023-12-25 03:28:47,833 T0000: [D1-V3] /sbin/ip link set dev eth0 up
2023-12-25 03:28:48,537 T0000: [D1-V3] /sbin/ip route list dev eth0
2023-12-25 03:28:56,994 T0000: [D1-V3] sudo vtysh -c 'show running-config' > /tmp/vtysh-runcfg-V3-pre-module-prolog-system-test_snmp.py.txt
2023-12-25 03:28:57,898 T0000: [D1-V3] chmod 777 /tmp/vtysh-runcfg-V3-pre-module-prolog-system-test_snmp.py.txt
2023-12-25 03:28:59,425 T0000: [D1-V3] /sbin/ip link set dev eth0 up
2023-12-25 03:29:00,130 T0000: [D1-V3] /sbin/ip route list dev eth0
2023-12-25 03:29:08,567 T0000: 
================== Framework Module Hook Finish: system/test_snmp.py ==================
2023-12-25 03:29:08,568 T0000: 
================== Module Hook: system/test_snmp.py snmp_module_hooks ==================
2023-12-25 03:29:08,584 T0000: [D1-V3] /sbin/ifconfig eth0
2023-12-25 03:29:09,308 T0000: [D1-V3] cat /etc/sonic/snmp.yml
2023-12-25 03:29:10,026 T0000: [D1-V3] sudo sed -i '/^snmp_rocommunity:/ c snmp_rocommunity: test_123' /etc/sonic/snmp.yml
2023-12-25 03:29:11,477 T0000: [D1-V3] sudo sed -i '/^snmp_location:/ c snmp_location: hyderabad' /etc/sonic/snmp.yml
2023-12-25 03:29:12,925 T0000: [D1-V3] cat /etc/sonic/snmp.yml
2023-12-25 03:29:13,625 T0000: [D1-V3] sudo service snmp restart
2023-12-25 03:29:22,907 T0000: [D1-V3] config interface ip add Loopback0 67.66.66.66/32
2023-12-25 03:29:26,053 T0000: [D1-V3] ['config vlan add 2758']
2023-12-25 03:29:38,210 T0000: [D1-V3] docker cp /tmp/swss_config.json swss:/swss_config.json
2023-12-25 03:29:39,058 T0000: [D1-V3] docker exec -it swss bash -c 'swssconfig /swss_config.json'
2023-12-25 03:29:39,868 T0000: [D1-V3] config vlan member add 2758 Ethernet0 -u 
2023-12-25 03:29:40,929 T0000: [D1-V3] config vlan member add 2758 Ethernet4
2023-12-25 03:29:50,032 T0000: [D1-V3] sonic-clear counters
2023-12-25 03:30:04,520 T0000: [D1-V3] show mac
2023-12-25 03:30:13,336 T0000: [D1-V3] ['config snmptrap modify 2 127.0.0.1 -p 162 -v None -c test_123']
2023-12-25 03:30:21,602 T0000: 
================== Module Hook Finish: system/test_snmp.py snmp_module_hooks ==================
2023-12-25 03:30:21,603 T0000: 
================== Framework Function Hook: system/test_snmp.py::test_ft_snmp_sysName ==================
2023-12-25 03:30:21,611 T0000: [D1-V3] config save /tmp/config-db-V3-post-module-prolog-system-test_snmp.py.json -y
2023-12-25 03:30:22,919 T0000: [D1-V3] chmod 777 /tmp/config-db-V3-post-module-prolog-system-test_snmp.py.json
2023-12-25 03:30:24,449 T0000: [D1-V3] /sbin/ip link set dev eth0 up
2023-12-25 03:30:25,158 T0000: [D1-V3] /sbin/ip route list dev eth0
2023-12-25 03:30:33,612 T0000: [D1-V3] sudo vtysh -c 'show running-config' > /tmp/vtysh-runcfg-V3-post-module-prolog-system-test_snmp.py.txt
2023-12-25 03:30:34,511 T0000: [D1-V3] chmod 777 /tmp/vtysh-runcfg-V3-post-module-prolog-system-test_snmp.py.txt
2023-12-25 03:30:36,048 T0000: [D1-V3] /sbin/ip link set dev eth0 up
2023-12-25 03:30:36,759 T0000: [D1-V3] /sbin/ip route list dev eth0
2023-12-25 03:30:48,294 T0080: [D1-V3] sudo show interfaces status
2023-12-25 03:30:49,949 T0000: [D1-V3] sudo show interfaces status Ethernet124
2023-12-25 03:30:52,670 T0000: 
================== Framework Function Hook Finish: system/test_snmp.py::test_ft_snmp_sysName ==================
2023-12-25 03:30:52,671 T0000: 
================== Function Hook: system/test_snmp.py snmp_func_hooks ==================
2023-12-25 03:30:52,673 T0000: 
================== Function Hook Finish: system/test_snmp.py snmp_func_hooks ==================
2023-12-25 03:30:52,675 T0000: 
================== Test Execution: system/test_snmp.py::test_ft_snmp_sysName ==================
2023-12-25 03:30:52,675 T0000: [D1-V3] hostname
2023-12-25 03:30:53,802 T0000: 
================== Function Hook Finalize: system/test_snmp.py snmp_func_hooks ==================
2023-12-25 03:30:53,858 T0000: 
================== Framework Function Hook Finalize: system/test_snmp.py::test_ft_snmp_sysName ==================
2023-12-25 03:30:53,865 T0000: 
================== Framework Function Hook: system/test_snmp.py::test_ft_snmp_test_syUpTime ==================
2023-12-25 03:30:53,881 T0081: [D1-V3] sudo show interfaces status
2023-12-25 03:30:55,534 T0000: [D1-V3] sudo show interfaces status Ethernet124
2023-12-25 03:30:58,288 T0000: 
================== Framework Function Hook Finish: system/test_snmp.py::test_ft_snmp_test_syUpTime ==================
2023-12-25 03:30:58,290 T0000: 
================== Function Hook: system/test_snmp.py snmp_func_hooks ==================
2023-12-25 03:30:58,293 T0000: 
================== Function Hook Finish: system/test_snmp.py snmp_func_hooks ==================
2023-12-25 03:30:58,293 T0000: 
================== Test Execution: system/test_snmp.py::test_ft_snmp_test_syUpTime ==================
2023-12-25 03:30:58,314 T0000: [D1-V3] show uptime
2023-12-25 03:30:59,488 T0000: 
================== Function Hook Finalize: system/test_snmp.py snmp_func_hooks ==================
2023-12-25 03:30:59,515 T0000: 
================== Framework Function Hook Finalize: system/test_snmp.py::test_ft_snmp_test_syUpTime ==================
2023-12-25 03:30:59,517 T0000: 
================== Framework Function Hook: system/test_snmp.py::test_ft_snmp_sysDescr ==================
2023-12-25 03:30:59,533 T0082: [D1-V3] sudo show interfaces status
2023-12-25 03:31:01,192 T0000: [D1-V3] sudo show interfaces status Ethernet124
2023-12-25 03:31:04,095 T0000: 
================== Framework Function Hook Finish: system/test_snmp.py::test_ft_snmp_sysDescr ==================
2023-12-25 03:31:04,097 T0000: 
================== Function Hook: system/test_snmp.py snmp_func_hooks ==================
2023-12-25 03:31:04,164 T0000: 
================== Function Hook Finish: system/test_snmp.py snmp_func_hooks ==================
2023-12-25 03:31:04,165 T0000: 
================== Test Execution: system/test_snmp.py::test_ft_snmp_sysDescr ==================
2023-12-25 03:31:04,165 T0000: [D1-V3] show version
2023-12-25 03:31:05,428 T0000: [D1-V3] show platform summary
2023-12-25 03:31:07,336 T0000: 
================== Function Hook Finalize: system/test_snmp.py snmp_func_hooks ==================
2023-12-25 03:31:07,361 T0000: 
================== Framework Function Hook Finalize: system/test_snmp.py::test_ft_snmp_sysDescr ==================
2023-12-25 03:31:07,362 T0000: 
================== Framework Function Hook: system/test_snmp.py::test_ft_snmp_mib_2 ==================
2023-12-25 03:31:07,372 T0083: [D1-V3] sudo show interfaces status
2023-12-25 03:31:09,025 T0000: [D1-V3] sudo show interfaces status Ethernet124
2023-12-25 03:31:11,799 T0000: 
================== Framework Function Hook Finish: system/test_snmp.py::test_ft_snmp_mib_2 ==================
2023-12-25 03:31:11,799 T0000: 
================== Function Hook: system/test_snmp.py snmp_func_hooks ==================
2023-12-25 03:31:11,802 T0000: 
================== Function Hook Finish: system/test_snmp.py snmp_func_hooks ==================
2023-12-25 03:31:11,803 T0000: 
================== Test Execution: system/test_snmp.py::test_ft_snmp_mib_2 ==================
2023-12-25 03:31:18,352 T0000: 
================== Function Hook Finalize: system/test_snmp.py snmp_func_hooks ==================
2023-12-25 03:31:18,377 T0000: 
================== Framework Function Hook Finalize: system/test_snmp.py::test_ft_snmp_mib_2 ==================
2023-12-25 03:31:18,379 T0000: 
================== Framework Function Hook: system/test_snmp.py::test_ft_snmp_if_mib_all ==================
2023-12-25 03:31:18,389 T0084: [D1-V3] sudo show interfaces status
2023-12-25 03:31:20,041 T0000: [D1-V3] sudo show interfaces status Ethernet124
2023-12-25 03:31:22,746 T0000: 
================== Framework Function Hook Finish: system/test_snmp.py::test_ft_snmp_if_mib_all ==================
2023-12-25 03:31:22,746 T0000: 
================== Function Hook: system/test_snmp.py snmp_func_hooks ==================
2023-12-25 03:31:22,749 T0000: 
================== Function Hook Finish: system/test_snmp.py snmp_func_hooks ==================
2023-12-25 03:31:22,749 T0000: 
================== Test Execution: system/test_snmp.py::test_ft_snmp_if_mib_all ==================
2023-12-25 03:31:22,942 T0000: 
================== Function Hook Finalize: system/test_snmp.py snmp_func_hooks ==================
2023-12-25 03:31:22,968 T0000: 
================== Framework Function Hook Finalize: system/test_snmp.py::test_ft_snmp_if_mib_all ==================
2023-12-25 03:31:22,970 T0000: 
================== Framework Function Hook: system/test_snmp.py::test_ft_snmp_entity_mib_all ==================
2023-12-25 03:31:22,980 T0085: [D1-V3] sudo show interfaces status
2023-12-25 03:31:24,633 T0000: [D1-V3] sudo show interfaces status Ethernet124
2023-12-25 03:31:27,482 T0000: 
================== Framework Function Hook Finish: system/test_snmp.py::test_ft_snmp_entity_mib_all ==================
2023-12-25 03:31:27,482 T0000: 
================== Function Hook: system/test_snmp.py snmp_func_hooks ==================
2023-12-25 03:31:27,485 T0000: 
================== Function Hook Finish: system/test_snmp.py snmp_func_hooks ==================
2023-12-25 03:31:27,486 T0000: 
================== Test Execution: system/test_snmp.py::test_ft_snmp_entity_mib_all ==================
2023-12-25 03:31:27,549 T0000: 
================== Function Hook Finalize: system/test_snmp.py snmp_func_hooks ==================
2023-12-25 03:31:27,572 T0000: 
================== Framework Function Hook Finalize: system/test_snmp.py::test_ft_snmp_entity_mib_all ==================
2023-12-25 03:31:27,573 T0000: 
================== Framework Function Hook: system/test_snmp.py::test_ft_snmp_dot1q_dot1db_mib ==================
2023-12-25 03:31:27,583 T0086: [D1-V3] sudo show interfaces status
2023-12-25 03:31:29,236 T0000: [D1-V3] sudo show interfaces status Ethernet124
2023-12-25 03:31:32,088 T0000: 
================== Framework Function Hook Finish: system/test_snmp.py::test_ft_snmp_dot1q_dot1db_mib ==================
2023-12-25 03:31:32,089 T0000: 
================== Function Hook: system/test_snmp.py snmp_func_hooks ==================
2023-12-25 03:31:32,092 T0000: 
================== Function Hook Finish: system/test_snmp.py snmp_func_hooks ==================
2023-12-25 03:31:32,093 T0000: 
================== Test Execution: system/test_snmp.py::test_ft_snmp_dot1q_dot1db_mib ==================
2023-12-25 03:31:32,190 T0000: 
================== Function Hook Finalize: system/test_snmp.py snmp_func_hooks ==================
2023-12-25 03:31:32,214 T0000: 
================== Framework Function Hook Finalize: system/test_snmp.py::test_ft_snmp_dot1q_dot1db_mib ==================
2023-12-25 03:31:32,215 T0000: 
================== Framework Function Hook: system/test_snmp.py::test_ft_snmp_root_node_walk ==================
2023-12-25 03:31:32,224 T0087: [D1-V3] sudo show interfaces status
2023-12-25 03:31:33,873 T0000: [D1-V3] sudo show interfaces status Ethernet124
2023-12-25 03:31:36,579 T0000: 
================== Framework Function Hook Finish: system/test_snmp.py::test_ft_snmp_root_node_walk ==================
2023-12-25 03:31:36,579 T0000: 
================== Function Hook: system/test_snmp.py snmp_func_hooks ==================
2023-12-25 03:31:36,583 T0000: 
================== Function Hook Finish: system/test_snmp.py snmp_func_hooks ==================
2023-12-25 03:31:36,584 T0000: 
================== Test Execution: system/test_snmp.py::test_ft_snmp_root_node_walk ==================
2023-12-25 03:31:48,469 T0000: 
================== Function Hook Finalize: system/test_snmp.py snmp_func_hooks ==================
2023-12-25 03:31:48,499 T0000: 
================== Framework Function Hook Finalize: system/test_snmp.py::test_ft_snmp_root_node_walk ==================
2023-12-25 03:31:48,501 T0000: 
================== Framework Function Hook: system/test_snmp.py::test_ft_snmp_ipAddressRowStatus_ipv6 ==================
2023-12-25 03:31:48,511 T0088: [D1-V3] sudo show interfaces status
2023-12-25 03:31:50,163 T0000: [D1-V3] sudo show interfaces status Ethernet124
2023-12-25 03:31:52,916 T0000: 
================== Framework Function Hook Finish: system/test_snmp.py::test_ft_snmp_ipAddressRowStatus_ipv6 ==================
2023-12-25 03:31:52,918 T0000: 
================== Function Hook: system/test_snmp.py snmp_func_hooks ==================
2023-12-25 03:31:52,920 T0000: 
================== Function Hook Finish: system/test_snmp.py snmp_func_hooks ==================
2023-12-25 03:31:52,921 T0000: 
================== Test Execution: system/test_snmp.py::test_ft_snmp_ipAddressRowStatus_ipv6 ==================
2023-12-25 03:31:52,934 T0000: [D1-V3] config interface ip add Loopback0 5551::1/128
2023-12-25 03:31:56,090 T0000: [D1-V3] show ipv6 interface
2023-12-25 03:31:57,883 T0000: [D1-V3] config interface ip remove Loopback0 5551::1/128
2023-12-25 03:31:58,990 T0000: 
================== Function Hook Finalize: system/test_snmp.py snmp_func_hooks ==================
2023-12-25 03:31:59,014 T0000: 
================== Framework Function Hook Finalize: system/test_snmp.py::test_ft_snmp_ipAddressRowStatus_ipv6 ==================
2023-12-25 03:31:59,016 T0000: 
================== Framework Function Hook: system/test_snmp.py::test_ft_snmp_ipAddressStorageType_ipv6 ==================
2023-12-25 03:31:59,026 T0089: [D1-V3] sudo show interfaces status
2023-12-25 03:32:00,729 T0000: [D1-V3] sudo show interfaces status Ethernet124
2023-12-25 03:32:03,481 T0000: 
================== Framework Function Hook Finish: system/test_snmp.py::test_ft_snmp_ipAddressStorageType_ipv6 ==================
2023-12-25 03:32:03,482 T0000: 
================== Function Hook: system/test_snmp.py snmp_func_hooks ==================
2023-12-25 03:32:03,484 T0000: 
================== Function Hook Finish: system/test_snmp.py snmp_func_hooks ==================
2023-12-25 03:32:03,485 T0000: 
================== Test Execution: system/test_snmp.py::test_ft_snmp_ipAddressStorageType_ipv6 ==================
2023-12-25 03:32:03,525 T0000: 
================== Function Hook Finalize: system/test_snmp.py snmp_func_hooks ==================
2023-12-25 03:32:03,547 T0000: 
================== Framework Function Hook Finalize: system/test_snmp.py::test_ft_snmp_ipAddressStorageType_ipv6 ==================
2023-12-25 03:32:03,548 T0000: 
================== Framework Function Hook: system/test_snmp.py::test_ft_snmp_ipv6_If_Forward_default_HopLimit ==================
2023-12-25 03:32:03,557 T0090: [D1-V3] sudo show interfaces status
2023-12-25 03:32:05,205 T0000: [D1-V3] sudo show interfaces status Ethernet124
2023-12-25 03:32:08,007 T0000: 
================== Framework Function Hook Finish: system/test_snmp.py::test_ft_snmp_ipv6_If_Forward_default_HopLimit ==================
2023-12-25 03:32:08,007 T0000: 
================== Function Hook: system/test_snmp.py snmp_func_hooks ==================
2023-12-25 03:32:08,010 T0000: 
================== Function Hook Finish: system/test_snmp.py snmp_func_hooks ==================
2023-12-25 03:32:08,010 T0000: 
================== Test Execution: system/test_snmp.py::test_ft_snmp_ipv6_If_Forward_default_HopLimit ==================
2023-12-25 03:32:08,055 T0000: 
================== Function Hook Finalize: system/test_snmp.py snmp_func_hooks ==================
2023-12-25 03:32:08,080 T0000: 
================== Framework Function Hook Finalize: system/test_snmp.py::test_ft_snmp_ipv6_If_Forward_default_HopLimit ==================
2023-12-25 03:32:08,081 T0000: 
================== Framework Function Hook: system/test_snmp.py::test_ft_snmp_ipv6scope_index_table ==================
2023-12-25 03:32:08,091 T0091: [D1-V3] sudo show interfaces status
2023-12-25 03:32:09,761 T0000: [D1-V3] sudo show interfaces status Ethernet124
2023-12-25 03:32:12,568 T0000: 
================== Framework Function Hook Finish: system/test_snmp.py::test_ft_snmp_ipv6scope_index_table ==================
2023-12-25 03:32:12,569 T0000: 
================== Function Hook: system/test_snmp.py snmp_func_hooks ==================
2023-12-25 03:32:12,572 T0000: 
================== Function Hook Finish: system/test_snmp.py snmp_func_hooks ==================
2023-12-25 03:32:12,573 T0000: 
================== Test Execution: system/test_snmp.py::test_ft_snmp_ipv6scope_index_table ==================
2023-12-25 03:32:12,629 T0000: 
================== Function Hook Finalize: system/test_snmp.py snmp_func_hooks ==================
2023-12-25 03:32:12,650 T0000: 
================== Framework Function Hook Finalize: system/test_snmp.py::test_ft_snmp_ipv6scope_index_table ==================
2023-12-25 03:32:12,651 T0000: 
================== Framework Function Hook: system/test_snmp.py::test_ft_snmp_ip_forward_table ==================
2023-12-25 03:32:12,661 T0092: [D1-V3] sudo show interfaces status
2023-12-25 03:32:14,313 T0000: [D1-V3] sudo show interfaces status Ethernet124
2023-12-25 03:32:17,064 T0000: 
================== Framework Function Hook Finish: system/test_snmp.py::test_ft_snmp_ip_forward_table ==================
2023-12-25 03:32:17,065 T0000: 
================== Function Hook: system/test_snmp.py snmp_func_hooks ==================
2023-12-25 03:32:17,068 T0000: 
================== Function Hook Finish: system/test_snmp.py snmp_func_hooks ==================
2023-12-25 03:32:17,069 T0000: 
================== Test Execution: system/test_snmp.py::test_ft_snmp_ip_forward_table ==================
2023-12-25 03:32:17,069 T0000: [D1-V3]  agentx
2023-12-25 03:32:19,053 T0000: [D1-V3] no agentx
2023-12-25 03:32:19,764 T0000: 
================== Function Hook Finalize: system/test_snmp.py snmp_func_hooks ==================
2023-12-25 03:32:19,783 T0000: 
================== Framework Function Hook Finalize: system/test_snmp.py::test_ft_snmp_ip_forward_table ==================
2023-12-25 03:32:19,785 T0000: 
================== Framework Function Hook: system/test_snmp.py::test_ft_snmp_ifx_table ==================
2023-12-25 03:32:19,795 T0093: [D1-V3] sudo show interfaces status
2023-12-25 03:32:22,473 T0000: [D1-V3] sudo show interfaces status Ethernet124
2023-12-25 03:32:25,229 T0000: 
================== Framework Function Hook Finish: system/test_snmp.py::test_ft_snmp_ifx_table ==================
2023-12-25 03:32:25,230 T0000: 
================== Function Hook: system/test_snmp.py snmp_func_hooks ==================
2023-12-25 03:32:25,233 T0000: 
================== Function Hook Finish: system/test_snmp.py snmp_func_hooks ==================
2023-12-25 03:32:25,233 T0000: 
================== Test Execution: system/test_snmp.py::test_ft_snmp_ifx_table ==================
2023-12-25 03:32:25,387 T0000: 
================== Function Hook Finalize: system/test_snmp.py snmp_func_hooks ==================
2023-12-25 03:32:25,408 T0000: 
================== Framework Function Hook Finalize: system/test_snmp.py::test_ft_snmp_ifx_table ==================
2023-12-25 03:32:25,409 T0000: 
================== Framework Function Hook: system/test_snmp.py::test_ft_snmp_ip_System_Stats_Table ==================
2023-12-25 03:32:25,419 T0094: [D1-V3] sudo show interfaces status
2023-12-25 03:32:27,088 T0000: [D1-V3] sudo show interfaces status Ethernet124
2023-12-25 03:32:29,841 T0000: 
================== Framework Function Hook Finish: system/test_snmp.py::test_ft_snmp_ip_System_Stats_Table ==================
2023-12-25 03:32:29,841 T0000: 
================== Function Hook: system/test_snmp.py snmp_func_hooks ==================
2023-12-25 03:32:29,844 T0000: 
================== Function Hook Finish: system/test_snmp.py snmp_func_hooks ==================
2023-12-25 03:32:29,844 T0000: 
================== Test Execution: system/test_snmp.py::test_ft_snmp_ip_System_Stats_Table ==================
2023-12-25 03:32:29,893 T0000: 
================== Function Hook Finalize: system/test_snmp.py snmp_func_hooks ==================
2023-12-25 03:32:29,915 T0000: 
================== Framework Function Hook Finalize: system/test_snmp.py::test_ft_snmp_ip_System_Stats_Table ==================
2023-12-25 03:32:29,916 T0000: 
================== Framework Function Hook: system/test_snmp.py::test_ft_snmp_ip_IfStats_Table ==================
2023-12-25 03:32:29,926 T0095: [D1-V3] sudo show interfaces status
2023-12-25 03:32:31,784 T0000: [D1-V3] sudo show interfaces status Ethernet124
2023-12-25 03:32:34,506 T0000: 
================== Framework Function Hook Finish: system/test_snmp.py::test_ft_snmp_ip_IfStats_Table ==================
2023-12-25 03:32:34,507 T0000: 
================== Function Hook: system/test_snmp.py snmp_func_hooks ==================
2023-12-25 03:32:34,509 T0000: 
================== Function Hook Finish: system/test_snmp.py snmp_func_hooks ==================
2023-12-25 03:32:34,510 T0000: 
================== Test Execution: system/test_snmp.py::test_ft_snmp_ip_IfStats_Table ==================
2023-12-25 03:32:34,864 T0000: 
================== Function Hook Finalize: system/test_snmp.py snmp_func_hooks ==================
2023-12-25 03:32:34,902 T0000: 
================== Framework Function Hook Finalize: system/test_snmp.py::test_ft_snmp_ip_IfStats_Table ==================
2023-12-25 03:32:34,904 T0000: 
================== Framework Function Hook: system/test_snmp.py::test_ft_snmp_ip_Address_Table ==================
2023-12-25 03:32:34,914 T0096: [D1-V3] sudo show interfaces status
2023-12-25 03:32:36,568 T0000: [D1-V3] sudo show interfaces status Ethernet124
2023-12-25 03:32:39,322 T0000: 
================== Framework Function Hook Finish: system/test_snmp.py::test_ft_snmp_ip_Address_Table ==================
2023-12-25 03:32:39,323 T0000: 
================== Function Hook: system/test_snmp.py snmp_func_hooks ==================
2023-12-25 03:32:39,325 T0000: 
================== Function Hook Finish: system/test_snmp.py snmp_func_hooks ==================
2023-12-25 03:32:39,326 T0000: 
================== Test Execution: system/test_snmp.py::test_ft_snmp_ip_Address_Table ==================
2023-12-25 03:32:39,384 T0000: 
================== Function Hook Finalize: system/test_snmp.py snmp_func_hooks ==================
2023-12-25 03:32:39,407 T0000: 
================== Framework Function Hook Finalize: system/test_snmp.py::test_ft_snmp_ip_Address_Table ==================
2023-12-25 03:32:39,408 T0000: 
================== Framework Function Hook: system/test_snmp.py::test_ft_snmp_ip_NetToPhysical_Table ==================
2023-12-25 03:32:39,418 T0097: [D1-V3] sudo show interfaces status
2023-12-25 03:32:41,065 T0000: [D1-V3] sudo show interfaces status Ethernet124
2023-12-25 03:32:43,772 T0000: 
================== Framework Function Hook Finish: system/test_snmp.py::test_ft_snmp_ip_NetToPhysical_Table ==================
2023-12-25 03:32:43,772 T0000: 
================== Function Hook: system/test_snmp.py snmp_func_hooks ==================
2023-12-25 03:32:43,775 T0000: 
================== Function Hook Finish: system/test_snmp.py snmp_func_hooks ==================
2023-12-25 03:32:43,775 T0000: 
================== Test Execution: system/test_snmp.py::test_ft_snmp_ip_NetToPhysical_Table ==================
2023-12-25 03:32:43,817 T0000: 
================== Function Hook Finalize: system/test_snmp.py snmp_func_hooks ==================
2023-12-25 03:32:43,837 T0000: 
================== Framework Function Hook Finalize: system/test_snmp.py::test_ft_snmp_ip_NetToPhysical_Table ==================
2023-12-25 03:32:43,839 T0000: 
================== Framework Function Hook: system/test_snmp.py::test_ft_snmp_icmp_Msgs ==================
2023-12-25 03:32:43,848 T0098: [D1-V3] sudo show interfaces status
2023-12-25 03:32:45,517 T0000: [D1-V3] sudo show interfaces status Ethernet124
2023-12-25 03:32:48,274 T0000: 
================== Framework Function Hook Finish: system/test_snmp.py::test_ft_snmp_icmp_Msgs ==================
2023-12-25 03:32:48,275 T0000: 
================== Function Hook: system/test_snmp.py snmp_func_hooks ==================
2023-12-25 03:32:48,279 T0000: 
================== Function Hook Finish: system/test_snmp.py snmp_func_hooks ==================
2023-12-25 03:32:48,280 T0000: 
================== Test Execution: system/test_snmp.py::test_ft_snmp_icmp_Msgs ==================
2023-12-25 03:32:48,331 T0000: 
================== Function Hook Finalize: system/test_snmp.py snmp_func_hooks ==================
2023-12-25 03:32:48,353 T0000: 
================== Framework Function Hook Finalize: system/test_snmp.py::test_ft_snmp_icmp_Msgs ==================
2023-12-25 03:32:48,354 T0000: 
================== Framework Function Hook: system/test_snmp.py::test_ft_snmp_tcp_mib ==================
2023-12-25 03:32:48,363 T0099: [D1-V3] sudo show interfaces status
2023-12-25 03:32:50,009 T0000: [D1-V3] sudo show interfaces status Ethernet124
2023-12-25 03:32:52,769 T0000: 
================== Framework Function Hook Finish: system/test_snmp.py::test_ft_snmp_tcp_mib ==================
2023-12-25 03:32:52,770 T0000: 
================== Function Hook: system/test_snmp.py snmp_func_hooks ==================
2023-12-25 03:32:52,773 T0000: 
================== Function Hook Finish: system/test_snmp.py snmp_func_hooks ==================
2023-12-25 03:32:52,773 T0000: 
================== Test Execution: system/test_snmp.py::test_ft_snmp_tcp_mib ==================
2023-12-25 03:33:08,818 T0000: 
================== Function Hook Finalize: system/test_snmp.py snmp_func_hooks ==================
2023-12-25 03:33:08,875 T0000: 
================== Framework Function Hook Finalize: system/test_snmp.py::test_ft_snmp_tcp_mib ==================
2023-12-25 03:33:08,878 T0000: 
================== Framework Function Hook: system/test_snmp.py::test_ft_snmp_udp_mib ==================
2023-12-25 03:33:08,889 T0100: [D1-V3] sudo show interfaces status
2023-12-25 03:33:10,641 T0000: [D1-V3] sudo show interfaces status Ethernet124
2023-12-25 03:33:13,392 T0000: 
================== Framework Function Hook Finish: system/test_snmp.py::test_ft_snmp_udp_mib ==================
2023-12-25 03:33:13,392 T0000: 
================== Function Hook: system/test_snmp.py snmp_func_hooks ==================
2023-12-25 03:33:13,394 T0000: 
================== Function Hook Finish: system/test_snmp.py snmp_func_hooks ==================
2023-12-25 03:33:13,395 T0000: 
================== Test Execution: system/test_snmp.py::test_ft_snmp_udp_mib ==================
2023-12-25 03:33:13,448 T0000: 
================== Function Hook Finalize: system/test_snmp.py snmp_func_hooks ==================
2023-12-25 03:33:13,470 T0000: 
================== Framework Function Hook Finalize: system/test_snmp.py::test_ft_snmp_udp_mib ==================
2023-12-25 03:33:13,471 T0000: 
================== Framework Function Hook: system/test_snmp.py::test_ft_snmp_snmpv2_mib ==================
2023-12-25 03:33:13,480 T0101: [D1-V3] sudo show interfaces status
2023-12-25 03:33:15,130 T0000: [D1-V3] sudo show interfaces status Ethernet124
2023-12-25 03:33:17,833 T0000: 
================== Framework Function Hook Finish: system/test_snmp.py::test_ft_snmp_snmpv2_mib ==================
2023-12-25 03:33:17,834 T0000: 
================== Function Hook: system/test_snmp.py snmp_func_hooks ==================
2023-12-25 03:33:17,836 T0000: 
================== Function Hook Finish: system/test_snmp.py snmp_func_hooks ==================
2023-12-25 03:33:17,837 T0000: 
================== Test Execution: system/test_snmp.py::test_ft_snmp_snmpv2_mib ==================
2023-12-25 03:33:17,881 T0000: 
================== Function Hook Finalize: system/test_snmp.py snmp_func_hooks ==================
2023-12-25 03:33:17,903 T0000: 
================== Framework Function Hook Finalize: system/test_snmp.py::test_ft_snmp_snmpv2_mib ==================
2023-12-25 03:33:17,906 T0000: 
================== Framework Function Hook: system/test_snmp.py::test_ft_snmp_host_resource_mib ==================
2023-12-25 03:33:17,924 T0102: [D1-V3] sudo show interfaces status
2023-12-25 03:33:19,577 T0000: [D1-V3] sudo show interfaces status Ethernet124
2023-12-25 03:33:22,278 T0000: 
================== Framework Function Hook Finish: system/test_snmp.py::test_ft_snmp_host_resource_mib ==================
2023-12-25 03:33:22,279 T0000: 
================== Function Hook: system/test_snmp.py snmp_func_hooks ==================
2023-12-25 03:33:22,282 T0000: 
================== Function Hook Finish: system/test_snmp.py snmp_func_hooks ==================
2023-12-25 03:33:22,283 T0000: 
================== Test Execution: system/test_snmp.py::test_ft_snmp_host_resource_mib ==================
2023-12-25 03:33:22,475 T0000: 
================== Function Hook Finalize: system/test_snmp.py snmp_func_hooks ==================
2023-12-25 03:33:22,495 T0000: 
================== Framework Function Hook Finalize: system/test_snmp.py::test_ft_snmp_host_resource_mib ==================
2023-12-25 03:33:22,497 T0000: 
================== Framework Function Hook: system/test_snmp.py::test_ft_snmp_framework_mib ==================
2023-12-25 03:33:22,506 T0103: [D1-V3] sudo show interfaces status
2023-12-25 03:33:24,205 T0000: [D1-V3] sudo show interfaces status Ethernet124
2023-12-25 03:33:26,955 T0000: 
================== Framework Function Hook Finish: system/test_snmp.py::test_ft_snmp_framework_mib ==================
2023-12-25 03:33:26,955 T0000: 
================== Function Hook: system/test_snmp.py snmp_func_hooks ==================
2023-12-25 03:33:26,957 T0000: 
================== Function Hook Finish: system/test_snmp.py snmp_func_hooks ==================
2023-12-25 03:33:26,958 T0000: 
================== Test Execution: system/test_snmp.py::test_ft_snmp_framework_mib ==================
2023-12-25 03:33:26,990 T0000: 
================== Function Hook Finalize: system/test_snmp.py snmp_func_hooks ==================
2023-12-25 03:33:27,037 T0000: 
================== Framework Function Hook Finalize: system/test_snmp.py::test_ft_snmp_framework_mib ==================
2023-12-25 03:33:27,040 T0000: 
================== Framework Function Hook: system/test_snmp.py::test_ft_snmp_mpd_mib ==================
2023-12-25 03:33:27,051 T0104: [D1-V3] sudo show interfaces status
2023-12-25 03:33:28,754 T0000: [D1-V3] sudo show interfaces status Ethernet124
2023-12-25 03:33:31,507 T0000: 
================== Framework Function Hook Finish: system/test_snmp.py::test_ft_snmp_mpd_mib ==================
2023-12-25 03:33:31,508 T0000: 
================== Function Hook: system/test_snmp.py snmp_func_hooks ==================
2023-12-25 03:33:31,510 T0000: 
================== Function Hook Finish: system/test_snmp.py snmp_func_hooks ==================
2023-12-25 03:33:31,511 T0000: 
================== Test Execution: system/test_snmp.py::test_ft_snmp_mpd_mib ==================
2023-12-25 03:33:31,544 T0000: 
================== Function Hook Finalize: system/test_snmp.py snmp_func_hooks ==================
2023-12-25 03:33:31,565 T0000: 
================== Framework Function Hook Finalize: system/test_snmp.py::test_ft_snmp_mpd_mib ==================
2023-12-25 03:33:31,567 T0000: 
================== Framework Function Hook: system/test_snmp.py::test_ft_snmp_target_mib ==================
2023-12-25 03:33:31,576 T0105: [D1-V3] sudo show interfaces status
2023-12-25 03:33:33,294 T0000: [D1-V3] sudo show interfaces status Ethernet124
2023-12-25 03:33:36,056 T0000: 
================== Framework Function Hook Finish: system/test_snmp.py::test_ft_snmp_target_mib ==================
2023-12-25 03:33:36,057 T0000: 
================== Function Hook: system/test_snmp.py snmp_func_hooks ==================
2023-12-25 03:33:36,060 T0000: 
================== Function Hook Finish: system/test_snmp.py snmp_func_hooks ==================
2023-12-25 03:33:36,061 T0000: 
================== Test Execution: system/test_snmp.py::test_ft_snmp_target_mib ==================
2023-12-25 03:33:36,100 T0000: 
================== Function Hook Finalize: system/test_snmp.py snmp_func_hooks ==================
2023-12-25 03:33:36,136 T0000: 
================== Framework Function Hook Finalize: system/test_snmp.py::test_ft_snmp_target_mib ==================
2023-12-25 03:33:36,137 T0000: 
================== Framework Function Hook: system/test_snmp.py::test_ft_snmp_notification_mib ==================
2023-12-25 03:33:36,148 T0106: [D1-V3] sudo show interfaces status
2023-12-25 03:33:37,861 T0000: [D1-V3] sudo show interfaces status Ethernet124
2023-12-25 03:33:40,668 T0000: 
================== Framework Function Hook Finish: system/test_snmp.py::test_ft_snmp_notification_mib ==================
2023-12-25 03:33:40,670 T0000: 
================== Function Hook: system/test_snmp.py snmp_func_hooks ==================
2023-12-25 03:33:40,672 T0000: 
================== Function Hook Finish: system/test_snmp.py snmp_func_hooks ==================
2023-12-25 03:33:40,673 T0000: 
================== Test Execution: system/test_snmp.py::test_ft_snmp_notification_mib ==================
2023-12-25 03:33:40,707 T0000: 
================== Function Hook Finalize: system/test_snmp.py snmp_func_hooks ==================
2023-12-25 03:33:40,732 T0000: 
================== Framework Function Hook Finalize: system/test_snmp.py::test_ft_snmp_notification_mib ==================
2023-12-25 03:33:40,734 T0000: 
================== Framework Function Hook: system/test_snmp.py::test_ft_snmp_user_based_sm_mib ==================
2023-12-25 03:33:40,743 T0107: [D1-V3] sudo show interfaces status
2023-12-25 03:33:42,498 T0000: [D1-V3] sudo show interfaces status Ethernet124
2023-12-25 03:33:45,302 T0000: 
================== Framework Function Hook Finish: system/test_snmp.py::test_ft_snmp_user_based_sm_mib ==================
2023-12-25 03:33:45,302 T0000: 
================== Function Hook: system/test_snmp.py snmp_func_hooks ==================
2023-12-25 03:33:45,305 T0000: 
================== Function Hook Finish: system/test_snmp.py snmp_func_hooks ==================
2023-12-25 03:33:45,305 T0000: 
================== Test Execution: system/test_snmp.py::test_ft_snmp_user_based_sm_mib ==================
2023-12-25 03:33:45,339 T0000: 
================== Function Hook Finalize: system/test_snmp.py snmp_func_hooks ==================
2023-12-25 03:33:45,360 T0000: 
================== Framework Function Hook Finalize: system/test_snmp.py::test_ft_snmp_user_based_sm_mib ==================
2023-12-25 03:33:45,361 T0000: 
================== Framework Function Hook: system/test_snmp.py::test_ft_snmp_view_based_acm_mib ==================
2023-12-25 03:33:45,371 T0108: [D1-V3] sudo show interfaces status
2023-12-25 03:33:47,073 T0000: [D1-V3] sudo show interfaces status Ethernet124
2023-12-25 03:33:49,800 T0000: 
================== Framework Function Hook Finish: system/test_snmp.py::test_ft_snmp_view_based_acm_mib ==================
2023-12-25 03:33:49,804 T0000: 
================== Function Hook: system/test_snmp.py snmp_func_hooks ==================
2023-12-25 03:33:49,814 T0000: 
================== Function Hook Finish: system/test_snmp.py snmp_func_hooks ==================
2023-12-25 03:33:49,816 T0000: 
================== Test Execution: system/test_snmp.py::test_ft_snmp_view_based_acm_mib ==================
2023-12-25 03:33:49,866 T0000: 
================== Function Hook Finalize: system/test_snmp.py snmp_func_hooks ==================
2023-12-25 03:33:49,887 T0000: 
================== Framework Function Hook Finalize: system/test_snmp.py::test_ft_snmp_view_based_acm_mib ==================
2023-12-25 03:33:49,888 T0000: 
================== Framework Function Hook: system/test_snmp.py::test_ft_snmp_ent_physical_table ==================
2023-12-25 03:33:49,898 T0109: [D1-V3] sudo show interfaces status
2023-12-25 03:33:51,545 T0000: [D1-V3] sudo show interfaces status Ethernet124
2023-12-25 03:33:54,250 T0000: 
================== Framework Function Hook Finish: system/test_snmp.py::test_ft_snmp_ent_physical_table ==================
2023-12-25 03:33:54,251 T0000: 
================== Function Hook: system/test_snmp.py snmp_func_hooks ==================
2023-12-25 03:33:54,253 T0000: 
================== Function Hook Finish: system/test_snmp.py snmp_func_hooks ==================
2023-12-25 03:33:54,253 T0000: 
================== Test Execution: system/test_snmp.py::test_ft_snmp_ent_physical_table ==================
2023-12-25 03:33:54,307 T0000: 
================== Function Hook Finalize: system/test_snmp.py snmp_func_hooks ==================
2023-12-25 03:33:54,328 T0000: 
================== Framework Function Hook Finalize: system/test_snmp.py::test_ft_snmp_ent_physical_table ==================
2023-12-25 03:33:54,329 T0000: 
================== Framework Function Hook: system/test_snmp.py::test_ft_snmp_dot3_stats_table ==================
2023-12-25 03:33:54,338 T0110: [D1-V3] sudo show interfaces status
2023-12-25 03:33:56,048 T0000: [D1-V3] sudo show interfaces status Ethernet124
2023-12-25 03:33:58,801 T0000: 
================== Framework Function Hook Finish: system/test_snmp.py::test_ft_snmp_dot3_stats_table ==================
2023-12-25 03:33:58,802 T0000: 
================== Function Hook: system/test_snmp.py snmp_func_hooks ==================
2023-12-25 03:33:58,805 T0000: 
================== Function Hook Finish: system/test_snmp.py snmp_func_hooks ==================
2023-12-25 03:33:58,806 T0000: 
================== Test Execution: system/test_snmp.py::test_ft_snmp_dot3_stats_table ==================
2023-12-25 03:33:58,864 T0000: 
================== Function Hook Finalize: system/test_snmp.py snmp_func_hooks ==================
2023-12-25 03:33:58,887 T0000: 
================== Framework Function Hook Finalize: system/test_snmp.py::test_ft_snmp_dot3_stats_table ==================
2023-12-25 03:33:58,889 T0000: 
================== Framework Function Hook: system/test_snmp.py::test_ft_net_snmp_agent_mib ==================
2023-12-25 03:33:58,898 T0111: [D1-V3] sudo show interfaces status
2023-12-25 03:34:00,557 T0000: [D1-V3] sudo show interfaces status Ethernet124
2023-12-25 03:34:03,360 T0000: 
================== Framework Function Hook Finish: system/test_snmp.py::test_ft_net_snmp_agent_mib ==================
2023-12-25 03:34:03,362 T0000: 
================== Function Hook: system/test_snmp.py snmp_func_hooks ==================
2023-12-25 03:34:03,364 T0000: 
================== Function Hook Finish: system/test_snmp.py snmp_func_hooks ==================
2023-12-25 03:34:03,365 T0000: 
================== Test Execution: system/test_snmp.py::test_ft_net_snmp_agent_mib ==================
2023-12-25 03:34:03,861 T0000: 
================== Function Hook Finalize: system/test_snmp.py snmp_func_hooks ==================
2023-12-25 03:34:03,886 T0000: 
================== Framework Function Hook Finalize: system/test_snmp.py::test_ft_net_snmp_agent_mib ==================
2023-12-25 03:34:03,887 T0000: 
================== Framework Function Hook: system/test_snmp.py::test_ft_net_snmp_vacm_mib ==================
2023-12-25 03:34:03,898 T0112: [D1-V3] sudo show interfaces status
2023-12-25 03:34:05,607 T0000: [D1-V3] sudo show interfaces status Ethernet124
2023-12-25 03:34:08,365 T0000: 
================== Framework Function Hook Finish: system/test_snmp.py::test_ft_net_snmp_vacm_mib ==================
2023-12-25 03:34:08,366 T0000: 
================== Function Hook: system/test_snmp.py snmp_func_hooks ==================
2023-12-25 03:34:08,368 T0000: 
================== Function Hook Finish: system/test_snmp.py snmp_func_hooks ==================
2023-12-25 03:34:08,369 T0000: 
================== Test Execution: system/test_snmp.py::test_ft_net_snmp_vacm_mib ==================
2023-12-25 03:34:08,409 T0000: 
================== Function Hook Finalize: system/test_snmp.py snmp_func_hooks ==================
2023-12-25 03:34:08,431 T0000: 
================== Framework Function Hook Finalize: system/test_snmp.py::test_ft_net_snmp_vacm_mib ==================
2023-12-25 03:34:08,432 T0000: 
================== Framework Function Hook: system/test_snmp.py::test_ft_snmp_ucd_diskio_mib ==================
2023-12-25 03:34:08,441 T0113: [D1-V3] sudo show interfaces status
2023-12-25 03:34:10,096 T0000: [D1-V3] sudo show interfaces status Ethernet124
2023-12-25 03:34:12,850 T0000: 
================== Framework Function Hook Finish: system/test_snmp.py::test_ft_snmp_ucd_diskio_mib ==================
2023-12-25 03:34:12,851 T0000: 
================== Function Hook: system/test_snmp.py snmp_func_hooks ==================
2023-12-25 03:34:12,854 T0000: 
================== Function Hook Finish: system/test_snmp.py snmp_func_hooks ==================
2023-12-25 03:34:12,854 T0000: 
================== Test Execution: system/test_snmp.py::test_ft_snmp_ucd_diskio_mib ==================
2023-12-25 03:34:12,905 T0000: 
================== Function Hook Finalize: system/test_snmp.py snmp_func_hooks ==================
2023-12-25 03:34:12,925 T0000: 
================== Framework Function Hook Finalize: system/test_snmp.py::test_ft_snmp_ucd_diskio_mib ==================
2023-12-25 03:34:12,927 T0000: 
================== Framework Function Hook: system/test_snmp.py::test_ft_snmp_ucd_la_table ==================
2023-12-25 03:34:12,936 T0114: [D1-V3] sudo show interfaces status
2023-12-25 03:34:14,608 T0000: [D1-V3] sudo show interfaces status Ethernet124
2023-12-25 03:34:17,358 T0000: 
================== Framework Function Hook Finish: system/test_snmp.py::test_ft_snmp_ucd_la_table ==================
2023-12-25 03:34:17,358 T0000: 
================== Function Hook: system/test_snmp.py snmp_func_hooks ==================
2023-12-25 03:34:17,361 T0000: 
================== Function Hook Finish: system/test_snmp.py snmp_func_hooks ==================
2023-12-25 03:34:17,362 T0000: 
================== Test Execution: system/test_snmp.py::test_ft_snmp_ucd_la_table ==================
2023-12-25 03:34:17,396 T0000: 
================== Function Hook Finalize: system/test_snmp.py snmp_func_hooks ==================
2023-12-25 03:34:17,418 T0000: 
================== Framework Function Hook Finalize: system/test_snmp.py::test_ft_snmp_ucd_la_table ==================
2023-12-25 03:34:17,419 T0000: 
================== Framework Function Hook: system/test_snmp.py::test_ft_snmp_ucd_system_stats ==================
2023-12-25 03:34:17,428 T0115: [D1-V3] sudo show interfaces status
2023-12-25 03:34:19,126 T0000: [D1-V3] sudo show interfaces status Ethernet124
2023-12-25 03:34:21,830 T0000: 
================== Framework Function Hook Finish: system/test_snmp.py::test_ft_snmp_ucd_system_stats ==================
2023-12-25 03:34:21,831 T0000: 
================== Function Hook: system/test_snmp.py snmp_func_hooks ==================
2023-12-25 03:34:21,833 T0000: 
================== Function Hook Finish: system/test_snmp.py snmp_func_hooks ==================
2023-12-25 03:34:21,834 T0000: 
================== Test Execution: system/test_snmp.py::test_ft_snmp_ucd_system_stats ==================
2023-12-25 03:34:21,872 T0000: 
================== Function Hook Finalize: system/test_snmp.py snmp_func_hooks ==================
2023-12-25 03:34:21,897 T0000: 
================== Framework Function Hook Finalize: system/test_snmp.py::test_ft_snmp_ucd_system_stats ==================
2023-12-25 03:34:21,898 T0000: 
================== Framework Function Hook: system/test_snmp.py::test_ft_snmp_dot1q_tp_fdb_port ==================
2023-12-25 03:34:21,908 T0116: [D1-V3] sudo show interfaces status
2023-12-25 03:34:23,657 T0000: [D1-V3] sudo show interfaces status Ethernet124
2023-12-25 03:34:26,412 T0000: 
================== Framework Function Hook Finish: system/test_snmp.py::test_ft_snmp_dot1q_tp_fdb_port ==================
2023-12-25 03:34:26,413 T0000: 
================== Function Hook: system/test_snmp.py snmp_func_hooks ==================
2023-12-25 03:34:26,416 T0000: 
================== Function Hook Finish: system/test_snmp.py snmp_func_hooks ==================
2023-12-25 03:34:26,417 T0000: 
================== Test Execution: system/test_snmp.py::test_ft_snmp_dot1q_tp_fdb_port ==================
2023-12-25 03:34:26,451 T0000: [D1-V3] show mac
2023-12-25 03:34:28,083 T0000: 
================== Function Hook Finalize: system/test_snmp.py snmp_func_hooks ==================
2023-12-25 03:34:28,114 T0000: 
================== Framework Function Hook Finalize: system/test_snmp.py::test_ft_snmp_dot1q_tp_fdb_port ==================
2023-12-25 03:34:28,116 T0000: 
================== Framework Function Hook: system/test_snmp.py::test_ft_snmp_dot1q_tp_fdb_address ==================
2023-12-25 03:34:28,124 T0117: [D1-V3] sudo show interfaces status
2023-12-25 03:34:29,824 T0000: [D1-V3] sudo show interfaces status Ethernet124
2023-12-25 03:34:32,576 T0000: 
================== Framework Function Hook Finish: system/test_snmp.py::test_ft_snmp_dot1q_tp_fdb_address ==================
2023-12-25 03:34:32,578 T0000: 
================== Function Hook: system/test_snmp.py snmp_func_hooks ==================
2023-12-25 03:34:32,580 T0000: 
================== Function Hook Finish: system/test_snmp.py snmp_func_hooks ==================
2023-12-25 03:34:32,581 T0000: 
================== Test Execution: system/test_snmp.py::test_ft_snmp_dot1q_tp_fdb_address ==================
2023-12-25 03:34:33,020 T0000: 
================== Function Hook Finalize: system/test_snmp.py snmp_func_hooks ==================
2023-12-25 03:34:33,049 T0000: 
================== Framework Function Hook Finalize: system/test_snmp.py::test_ft_snmp_dot1q_tp_fdb_address ==================
2023-12-25 03:34:33,051 T0000: 
================== Framework Function Hook: system/test_snmp.py::test_ft_snmp_coldstart_trap ==================
2023-12-25 03:34:33,062 T0118: [D1-V3] sudo show interfaces status
2023-12-25 03:34:34,760 T0000: [D1-V3] sudo show interfaces status Ethernet124
2023-12-25 03:34:37,519 T0000: 
================== Framework Function Hook Finish: system/test_snmp.py::test_ft_snmp_coldstart_trap ==================
2023-12-25 03:34:37,519 T0000: 
================== Function Hook: system/test_snmp.py snmp_func_hooks ==================
2023-12-25 03:34:37,522 T0000: 
================== Function Hook Finish: system/test_snmp.py snmp_func_hooks ==================
2023-12-25 03:34:37,522 T0000: 
================== Test Execution: system/test_snmp.py::test_ft_snmp_coldstart_trap ==================
2023-12-25 03:34:51,783 T0000: 
================== Function Hook Finalize: system/test_snmp.py snmp_func_hooks ==================
2023-12-25 03:34:51,814 T0000: 
================== Framework Function Hook Finalize: system/test_snmp.py::test_ft_snmp_coldstart_trap ==================
2023-12-25 03:34:51,815 T0000: 
================== Framework Function Hook: system/test_snmp.py::test_ft_snmp_docker_restart ==================
2023-12-25 03:34:51,826 T0119: [D1-V3] sudo show interfaces status
2023-12-25 03:34:53,529 T0000: [D1-V3] sudo show interfaces status Ethernet124
2023-12-25 03:34:56,280 T0000: 
================== Framework Function Hook Finish: system/test_snmp.py::test_ft_snmp_docker_restart ==================
2023-12-25 03:34:56,280 T0000: 
================== Function Hook: system/test_snmp.py snmp_func_hooks ==================
2023-12-25 03:34:56,282 T0000: 
================== Function Hook Finish: system/test_snmp.py snmp_func_hooks ==================
2023-12-25 03:34:56,283 T0000: 
================== Test Execution: system/test_snmp.py::test_ft_snmp_docker_restart ==================
2023-12-25 03:34:56,283 T0000: [D1-V3] systemctl restart snmp
2023-12-25 03:35:04,305 T0000: [D1-V3] sudo show interfaces status Ethernet124
2023-12-25 03:35:05,934 T0000: [D1-V3] systemctl is-active snmp
2023-12-25 03:35:07,016 T0000: 
================== Function Hook Finalize: system/test_snmp.py snmp_func_hooks ==================
2023-12-25 03:35:07,045 T0000: 
================== Framework Function Hook Finalize: system/test_snmp.py::test_ft_snmp_docker_restart ==================
2023-12-25 03:35:07,053 T0000: [D1-V3] config save /tmp/config-db-V3-pre-module-epilog-system-test_snmp.py.json -y
2023-12-25 03:35:08,367 T0000: [D1-V3] chmod 777 /tmp/config-db-V3-pre-module-epilog-system-test_snmp.py.json
2023-12-25 03:35:09,899 T0000: [D1-V3] /sbin/ip link set dev eth0 up
2023-12-25 03:35:10,606 T0000: [D1-V3] /sbin/ip route list dev eth0
2023-12-25 03:35:19,019 T0000: [D1-V3] sudo vtysh -c 'show running-config' > /tmp/vtysh-runcfg-V3-pre-module-epilog-system-test_snmp.py.txt
2023-12-25 03:35:19,925 T0000: [D1-V3] chmod 777 /tmp/vtysh-runcfg-V3-pre-module-epilog-system-test_snmp.py.txt
2023-12-25 03:35:21,464 T0000: [D1-V3] /sbin/ip link set dev eth0 up
2023-12-25 03:35:22,169 T0000: [D1-V3] /sbin/ip route list dev eth0
2023-12-25 03:35:30,585 T0000: [D1-V3] cat /etc/sonic/snmp.yml
2023-12-25 03:35:31,299 T0000: [D1-V3] sudo sed -i '/^snmp_rocommunity:/ c snmp_rocommunity: NotConfigured' /etc/sonic/snmp.yml
2023-12-25 03:35:32,744 T0000: [D1-V3] sudo sed -i '/^snmp_rocommunity6:/ c snmp_rocommunity6: NotConfigured' /etc/sonic/snmp.yml
2023-12-25 03:35:34,196 T0000: [D1-V3] sudo sed -i '/^snmp_location:/ c snmp_location: NotConfigured' /etc/sonic/snmp.yml
2023-12-25 03:35:35,642 T0000: [D1-V3] sudo sed -i '/^snmp_syscontact:/ c snmp_syscontact: NotConfigured' /etc/sonic/snmp.yml
2023-12-25 03:35:37,090 T0000: [D1-V3] sudo sed -i '/^v1_trap_dest:/ c v1_trap_dest: NotConfigured' /etc/sonic/snmp.yml
2023-12-25 03:35:38,541 T0000: [D1-V3] sudo sed -i '/^v2_trap_dest:/ c v2_trap_dest: NotConfigured' /etc/sonic/snmp.yml
2023-12-25 03:35:39,990 T0000: [D1-V3] sudo sed -i '/^v3_trap_dest:/ c v3_trap_dest: NotConfigured' /etc/sonic/snmp.yml
2023-12-25 03:35:41,442 T0000: [D1-V3] cat /etc/sonic/snmp.yml
2023-12-25 03:35:42,141 T0000: [D1-V3] sudo service snmp restart
2023-12-25 03:35:42,844 T0000: [D1-V3] sonic-clear fdb all
2023-12-25 03:35:44,005 T0000: [D1-V3] config vlan member del 2758 Ethernet0
2023-12-25 03:35:45,115 T0000: [D1-V3] config vlan member del 2758 Ethernet4
2023-12-25 03:35:46,172 T0000: [D1-V3] show vlan config
2023-12-25 03:35:47,291 T0000: [D1-V3] ['config vlan del 2758']
2023-12-25 03:35:48,348 T0000: [D1-V3] show vlan config
2023-12-25 03:35:50,319 T0000: 
================== Module Hook Finalize: system/test_snmp.py snmp_module_hooks ==================
2023-12-25 03:35:50,332 T0000: [D1-V3] config save /tmp/config-db-V3-post-module-epilog-system-test_snmp.py.json -y
2023-12-25 03:35:51,588 T0000: [D1-V3] chmod 777 /tmp/config-db-V3-post-module-epilog-system-test_snmp.py.json
2023-12-25 03:35:53,116 T0000: [D1-V3] /sbin/ip link set dev eth0 up
2023-12-25 03:35:53,822 T0000: [D1-V3] /sbin/ip route list dev eth0
2023-12-25 03:36:02,211 T0000: [D1-V3] sudo vtysh -c 'show running-config' > /tmp/vtysh-runcfg-V3-post-module-epilog-system-test_snmp.py.txt
2023-12-25 03:36:03,114 T0000: [D1-V3] chmod 777 /tmp/vtysh-runcfg-V3-post-module-epilog-system-test_snmp.py.txt
2023-12-25 03:36:04,641 T0000: [D1-V3] /sbin/ip link set dev eth0 up
2023-12-25 03:36:05,350 T0000: [D1-V3] /sbin/ip route list dev eth0
2023-12-25 03:36:13,898 T0000: [D1-V3] sudo show interfaces status Ethernet124
2023-12-25 03:36:16,281 T0000: 
================== Framework Module Hook Finalize: system/test_snmp.py Pass: 36/40 ==================
2023-12-25 03:36:16,281 T0000: 
================== Devices used: system/test_snmp.py 1 ['V3'] ==================
2023-12-25 03:36:16,778 T0000: 
================== Framework Module Hook: batch/test_spytest_infra_1.py ==================
2023-12-25 03:36:16,790 T0136: [D1-V3] no router bgp
2023-12-25 03:36:18,597 T0136: [D1-V3] config feature state sflow enabled
2023-12-25 03:36:20,548 T0136: [D1-V3] config feature state nat enabled
2023-12-25 03:39:20,099 T0136: [D1-V3] /sbin/ip link set dev eth0 up
2023-12-25 03:39:20,771 T0136: [D1-V3] /sbin/ip route list dev eth0
2023-12-25 03:39:21,451 T0136: [D1-V3] sudo show interfaces status Ethernet124
2023-12-25 03:39:25,838 T0136: [D1-V3] sudo show interfaces status Ethernet124
2023-12-25 03:39:28,098 T0137: [D1-V3] sudo show interfaces status
2023-12-25 03:39:34,851 T0138: [D1-V3] sudo show interfaces status
2023-12-25 03:39:41,692 T0139: [D1-V3] sudo show interfaces status
2023-12-25 03:39:43,379 T0000: 
================== Framework Module Hook Finish: batch/test_spytest_infra_1.py ==================
2023-12-25 03:39:43,381 T0000: 
================== Framework Function Hook: batch/test_spytest_infra_1.py::test_spytest_infra_last ==================
2023-12-25 03:39:46,472 T0140: [D1-V3] sudo show interfaces status
2023-12-25 03:39:48,125 T0000: [D1-V3] sudo show interfaces status Ethernet124
2023-12-25 03:39:50,866 T0000: 
================== Framework Function Hook Finish: batch/test_spytest_infra_1.py::test_spytest_infra_last ==================
2023-12-25 03:39:50,868 T0000: 
================== Test Execution: batch/test_spytest_infra_1.py::test_spytest_infra_last ==================
2023-12-25 03:39:50,886 T0000: 
================== Framework Function Hook Finalize: batch/test_spytest_infra_1.py::test_spytest_infra_last ==================
2023-12-25 03:39:50,900 T0000: [D1-V3] sudo show interfaces status Ethernet124
2023-12-25 03:39:53,274 T0000: 
================== Framework Module Hook Finalize: batch/test_spytest_infra_1.py Pass: 1/1 ==================
2023-12-25 03:39:53,274 T0000: 
================== Devices used: batch/test_spytest_infra_1.py 1 ['V3'] ==================
2023-12-25 03:39:53,367 T0000: [D1-V3] ['stty cols 80']
