2023-12-26 22:37:39,546 T0012: [D1-V1] ['export TMOUT=0', 'stty cols 5000', 'uptime']
2023-12-26 22:37:39,550 T0014: [D3-V3] ['export TMOUT=0', 'stty cols 5000', 'uptime']
2023-12-26 22:37:39,555 T0015: [D4-V4] ['export TMOUT=0', 'stty cols 5000', 'uptime']
2023-12-26 22:37:39,561 T0013: [D2-V2] ['export TMOUT=0', 'stty cols 5000', 'uptime']
2023-12-26 22:37:40,222 T0015: [D4-V4] cat /proc/uptime
2023-12-26 22:37:40,227 T0012: [D1-V1] cat /proc/uptime
2023-12-26 22:37:40,235 T0014: [D3-V3] cat /proc/uptime
2023-12-26 22:37:40,241 T0013: [D2-V2] cat /proc/uptime
2023-12-26 22:37:40,886 T0015: [D4-V4] sudo vtysh -c 'show running-config | include hostname'
2023-12-26 22:37:40,893 T0012: [D1-V1] sudo vtysh -c 'show running-config | include hostname'
2023-12-26 22:37:40,909 T0014: [D3-V3] sudo vtysh -c 'show running-config | include hostname'
2023-12-26 22:37:40,912 T0013: [D2-V2] sudo vtysh -c 'show running-config | include hostname'
2023-12-26 22:37:43,448 T0012: [D1-V1] /sbin/ip link set dev eth0 up
2023-12-26 22:37:43,505 T0014: [D3-V3] /sbin/ip link set dev eth0 up
2023-12-26 22:37:43,570 T0013: [D2-V2] /sbin/ip link set dev eth0 up
2023-12-26 22:37:43,584 T0015: [D4-V4] /sbin/ip link set dev eth0 up
2023-12-26 22:37:44,120 T0012: [D1-V1] /sbin/ip route list dev eth0
2023-12-26 22:37:44,174 T0014: [D3-V3] /sbin/ip route list dev eth0
2023-12-26 22:37:44,236 T0013: [D2-V2] /sbin/ip route list dev eth0
2023-12-26 22:37:44,255 T0015: [D4-V4] /sbin/ip route list dev eth0
2023-12-26 22:37:59,983 T0012: [D1-V1] /sbin/ip link set dev eth0 up
2023-12-26 22:38:00,018 T0014: [D3-V3] /sbin/ip link set dev eth0 up
2023-12-26 22:38:00,068 T0013: [D2-V2] /sbin/ip link set dev eth0 up
2023-12-26 22:38:00,148 T0015: [D4-V4] /sbin/ip link set dev eth0 up
2023-12-26 22:38:00,652 T0012: [D1-V1] /sbin/ip route list dev eth0
2023-12-26 22:38:00,686 T0014: [D3-V3] /sbin/ip route list dev eth0
2023-12-26 22:38:00,738 T0013: [D2-V2] /sbin/ip route list dev eth0
2023-12-26 22:38:00,816 T0015: [D4-V4] /sbin/ip route list dev eth0
2023-12-26 22:38:01,328 T0012: [D1-V1] ['export TMOUT=0', 'stty cols 5000', 'uptime']
2023-12-26 22:38:01,361 T0014: [D3-V3] ['export TMOUT=0', 'stty cols 5000', 'uptime']
2023-12-26 22:38:01,416 T0013: [D2-V2] ['export TMOUT=0', 'stty cols 5000', 'uptime']
2023-12-26 22:38:01,492 T0015: [D4-V4] ['export TMOUT=0', 'stty cols 5000', 'uptime']
2023-12-26 22:38:03,473 T0012: [D1-V1] /sbin/ip link set dev eth0 up
2023-12-26 22:38:03,505 T0014: [D3-V3] /sbin/ip link set dev eth0 up
2023-12-26 22:38:03,562 T0013: [D2-V2] /sbin/ip link set dev eth0 up
2023-12-26 22:38:03,636 T0015: [D4-V4] /sbin/ip link set dev eth0 up
2023-12-26 22:38:04,141 T0012: [D1-V1] /sbin/ip route list dev eth0
2023-12-26 22:38:04,173 T0014: [D3-V3] /sbin/ip route list dev eth0
2023-12-26 22:38:04,230 T0013: [D2-V2] /sbin/ip route list dev eth0
2023-12-26 22:38:04,304 T0015: [D4-V4] /sbin/ip route list dev eth0
2023-12-26 22:38:05,485 T0012: [D1-V1] show version
2023-12-26 22:38:05,518 T0014: [D3-V3] show version
2023-12-26 22:38:05,577 T0013: [D2-V2] show version
2023-12-26 22:38:05,648 T0015: [D4-V4] show version
2023-12-26 22:38:07,483 T0012: [D1-V1] /sbin/ip link set dev eth0 up
2023-12-26 22:38:07,544 T0014: [D3-V3] /sbin/ip link set dev eth0 up
2023-12-26 22:38:07,723 T0015: [D4-V4] /sbin/ip link set dev eth0 up
2023-12-26 22:38:07,724 T0013: [D2-V2] /sbin/ip link set dev eth0 up
2023-12-26 22:38:08,150 T0012: [D1-V1] /sbin/ip route list dev eth0
2023-12-26 22:38:08,211 T0014: [D3-V3] /sbin/ip route list dev eth0
2023-12-26 22:38:08,401 T0013: [D2-V2] /sbin/ip route list dev eth0
2023-12-26 22:38:08,410 T0015: [D4-V4] /sbin/ip route list dev eth0
2023-12-26 22:38:10,312 T0012: [D1-V1] /sbin/ip link set dev eth0 up
2023-12-26 22:38:10,363 T0014: [D3-V3] /sbin/ip link set dev eth0 up
2023-12-26 22:38:10,561 T0013: [D2-V2] /sbin/ip link set dev eth0 up
2023-12-26 22:38:10,575 T0015: [D4-V4] /sbin/ip link set dev eth0 up
2023-12-26 22:38:10,980 T0012: [D1-V1] /sbin/ip route list dev eth0
2023-12-26 22:38:11,230 T0013: [D2-V2] /sbin/ip route list dev eth0
2023-12-26 22:38:11,238 T0014: [D3-V3] /sbin/ip route list dev eth0
2023-12-26 22:38:11,244 T0015: [D4-V4] /sbin/ip route list dev eth0
2023-12-26 22:41:30,337 T0036: [D1-V1] sudo show interfaces status
2023-12-26 22:41:30,342 T0037: [D2-V2] sudo show interfaces status
2023-12-26 22:41:30,350 T0038: [D3-V3] sudo show interfaces status
2023-12-26 22:41:30,354 T0039: [D4-V4] sudo show interfaces status
2023-12-26 22:41:32,104 T0036: [D1-V1] config interface startup Ethernet0
2023-12-26 22:41:32,253 T0038: [D3-V3] config interface startup Ethernet16
2023-12-26 22:41:32,255 T0037: [D2-V2] config interface startup Ethernet16
2023-12-26 22:41:32,263 T0039: [D4-V4] config interface startup Ethernet16
2023-12-26 22:41:33,188 T0036: [D1-V1] config interface startup Ethernet4
2023-12-26 22:41:33,329 T0038: [D3-V3] config interface startup Ethernet20
2023-12-26 22:41:33,336 T0039: [D4-V4] config interface startup Ethernet20
2023-12-26 22:41:33,382 T0037: [D2-V2] config interface startup Ethernet20
2023-12-26 22:41:34,208 T0036: [D1-V1] config interface startup Ethernet8
2023-12-26 22:41:34,406 T0039: [D4-V4] config interface startup Ethernet24
2023-12-26 22:41:34,448 T0038: [D3-V3] config interface startup Ethernet24
2023-12-26 22:41:34,501 T0037: [D2-V2] config interface startup Ethernet24
2023-12-26 22:41:35,277 T0036: [D1-V1] config interface startup Ethernet12
2023-12-26 22:41:35,477 T0039: [D4-V4] config interface startup Ethernet28
2023-12-26 22:41:35,517 T0038: [D3-V3] config interface startup Ethernet28
2023-12-26 22:41:35,526 T0037: [D2-V2] config interface startup Ethernet28
2023-12-26 22:41:36,297 T0036: [D1-V1] config interface startup Ethernet16
2023-12-26 22:41:36,548 T0039: [D4-V4] config interface startup Ethernet32
2023-12-26 22:41:36,597 T0038: [D3-V3] config interface startup Ethernet32
2023-12-26 22:41:36,604 T0037: [D2-V2] config interface startup Ethernet32
2023-12-26 22:41:37,315 T0036: [D1-V1] config interface startup Ethernet20
2023-12-26 22:41:37,620 T0039: [D4-V4] config interface startup Ethernet36
2023-12-26 22:41:37,677 T0037: [D2-V2] config interface startup Ethernet36
2023-12-26 22:41:37,720 T0038: [D3-V3] config interface startup Ethernet36
2023-12-26 22:41:38,384 T0036: [D1-V1] config interface startup Ethernet24
2023-12-26 22:41:38,693 T0039: [D4-V4] config interface startup Ethernet40
2023-12-26 22:41:38,749 T0037: [D2-V2] config interface startup Ethernet0
2023-12-26 22:41:38,792 T0038: [D3-V3] config interface startup Ethernet40
2023-12-26 22:41:39,413 T0036: [D1-V1] config interface startup Ethernet28
2023-12-26 22:41:39,820 T0037: [D2-V2] config interface startup Ethernet4
2023-12-26 22:41:39,863 T0038: [D3-V3] config interface startup Ethernet44
2023-12-26 22:41:39,914 T0039: [D4-V4] config interface startup Ethernet44
2023-12-26 22:41:40,485 T0036: [D1-V1] config interface startup Ethernet32
2023-12-26 22:41:40,895 T0037: [D2-V2] config interface startup Ethernet8
2023-12-26 22:41:40,983 T0038: [D3-V3] config interface startup Ethernet0
2023-12-26 22:41:40,992 T0039: [D4-V4] config interface startup Ethernet48
2023-12-26 22:41:41,564 T0036: [D1-V1] config interface startup Ethernet36
2023-12-26 22:41:42,018 T0037: [D2-V2] config interface startup Ethernet12
2023-12-26 22:41:42,066 T0038: [D3-V3] config interface startup Ethernet4
2023-12-26 22:41:42,117 T0039: [D4-V4] config interface startup Ethernet52
2023-12-26 22:41:42,586 T0036: [D1-V1] config interface startup Ethernet40
2023-12-26 22:41:43,089 T0037: [D2-V2] config interface startup Ethernet40
2023-12-26 22:41:43,132 T0038: [D3-V3] config interface startup Ethernet8
2023-12-26 22:41:43,190 T0039: [D4-V4] config interface startup Ethernet56
2023-12-26 22:41:43,652 T0036: [D1-V1] config interface startup Ethernet44
2023-12-26 22:41:44,164 T0037: [D2-V2] config interface startup Ethernet44
2023-12-26 22:41:44,252 T0038: [D3-V3] config interface startup Ethernet12
2023-12-26 22:41:44,312 T0039: [D4-V4] config interface startup Ethernet60
2023-12-26 22:41:44,673 T0036: [D1-V1] config interface startup Ethernet48
2023-12-26 22:41:45,233 T0037: [D2-V2] config interface startup Ethernet48
2023-12-26 22:41:45,322 T0038: [D3-V3] config interface startup Ethernet48
2023-12-26 22:41:45,382 T0039: [D4-V4] config interface startup Ethernet64
2023-12-26 22:41:45,743 T0036: [D1-V1] config interface startup Ethernet52
2023-12-26 22:41:46,251 T0037: [D2-V2] config interface startup Ethernet52
2023-12-26 22:41:46,393 T0038: [D3-V3] config interface startup Ethernet52
2023-12-26 22:41:46,457 T0039: [D4-V4] config interface startup Ethernet68
2023-12-26 22:41:46,810 T0036: [D1-V1] config interface startup Ethernet56
2023-12-26 22:41:47,318 T0037: [D2-V2] config interface startup Ethernet56
2023-12-26 22:41:47,462 T0038: [D3-V3] config interface startup Ethernet56
2023-12-26 22:41:47,527 T0039: [D4-V4] config interface startup Ethernet0
2023-12-26 22:41:47,835 T0036: [D1-V1] config interface startup Ethernet60
2023-12-26 22:41:48,391 T0037: [D2-V2] config interface startup Ethernet60
2023-12-26 22:41:48,530 T0038: [D3-V3] config interface startup Ethernet60
2023-12-26 22:41:48,603 T0039: [D4-V4] config interface startup Ethernet4
2023-12-26 22:41:48,858 T0036: [D1-V1] config interface startup Ethernet64
2023-12-26 22:41:49,461 T0037: [D2-V2] config interface startup Ethernet64
2023-12-26 22:41:49,599 T0038: [D3-V3] config interface startup Ethernet64
2023-12-26 22:41:49,672 T0039: [D4-V4] config interface startup Ethernet8
2023-12-26 22:41:49,875 T0036: [D1-V1] config interface startup Ethernet68
2023-12-26 22:41:50,487 T0037: [D2-V2] config interface startup Ethernet68
2023-12-26 22:41:50,667 T0038: [D3-V3] config interface startup Ethernet68
2023-12-26 22:41:50,697 T0039: [D4-V4] config interface startup Ethernet12
2023-12-26 22:41:50,903 T0036: [D1-V1] config interface shutdown Ethernet72
2023-12-26 22:41:51,567 T0037: [D2-V2] config interface shutdown Ethernet72
2023-12-26 22:41:51,774 T0039: [D4-V4] config interface shutdown Ethernet72
2023-12-26 22:41:51,788 T0038: [D3-V3] config interface shutdown Ethernet72
2023-12-26 22:41:51,918 T0036: [D1-V1] config interface shutdown Ethernet76
2023-12-26 22:41:52,638 T0037: [D2-V2] config interface shutdown Ethernet76
2023-12-26 22:41:52,848 T0039: [D4-V4] config interface shutdown Ethernet76
2023-12-26 22:41:52,858 T0038: [D3-V3] config interface shutdown Ethernet76
2023-12-26 22:41:52,982 T0036: [D1-V1] config interface shutdown Ethernet80
2023-12-26 22:41:53,708 T0037: [D2-V2] config interface shutdown Ethernet80
2023-12-26 22:41:53,915 T0039: [D4-V4] config interface shutdown Ethernet80
2023-12-26 22:41:53,928 T0038: [D3-V3] config interface shutdown Ethernet80
2023-12-26 22:41:54,000 T0036: [D1-V1] config interface shutdown Ethernet84
2023-12-26 22:41:54,731 T0037: [D2-V2] config interface shutdown Ethernet84
2023-12-26 22:41:54,996 T0038: [D3-V3] config interface shutdown Ethernet84
2023-12-26 22:41:55,032 T0039: [D4-V4] config interface shutdown Ethernet84
2023-12-26 22:41:55,069 T0036: [D1-V1] config interface shutdown Ethernet88
2023-12-26 22:41:55,799 T0037: [D2-V2] config interface shutdown Ethernet88
2023-12-26 22:41:56,066 T0038: [D3-V3] config interface shutdown Ethernet88
2023-12-26 22:41:56,088 T0036: [D1-V1] config interface shutdown Ethernet92
2023-12-26 22:41:56,152 T0039: [D4-V4] config interface shutdown Ethernet88
2023-12-26 22:41:56,870 T0037: [D2-V2] config interface shutdown Ethernet92
2023-12-26 22:41:57,103 T0036: [D1-V1] config interface shutdown Ethernet96
2023-12-26 22:41:57,188 T0038: [D3-V3] config interface shutdown Ethernet92
2023-12-26 22:41:57,222 T0039: [D4-V4] config interface shutdown Ethernet92
2023-12-26 22:41:57,937 T0037: [D2-V2] config interface shutdown Ethernet96
2023-12-26 22:41:58,168 T0036: [D1-V1] config interface shutdown Ethernet100
2023-12-26 22:41:58,208 T0038: [D3-V3] config interface shutdown Ethernet96
2023-12-26 22:41:58,293 T0039: [D4-V4] config interface shutdown Ethernet96
2023-12-26 22:41:58,952 T0037: [D2-V2] config interface shutdown Ethernet100
2023-12-26 22:41:59,187 T0036: [D1-V1] config interface shutdown Ethernet104
2023-12-26 22:41:59,278 T0038: [D3-V3] config interface shutdown Ethernet100
2023-12-26 22:41:59,370 T0039: [D4-V4] config interface shutdown Ethernet100
2023-12-26 22:42:00,032 T0037: [D2-V2] config interface shutdown Ethernet104
2023-12-26 22:42:00,253 T0036: [D1-V1] config interface shutdown Ethernet108
2023-12-26 22:42:00,349 T0038: [D3-V3] config interface shutdown Ethernet104
2023-12-26 22:42:00,440 T0039: [D4-V4] config interface shutdown Ethernet104
2023-12-26 22:42:01,109 T0037: [D2-V2] config interface shutdown Ethernet108
2023-12-26 22:42:01,270 T0036: [D1-V1] config interface shutdown Ethernet112
2023-12-26 22:42:01,419 T0038: [D3-V3] config interface shutdown Ethernet108
2023-12-26 22:42:01,513 T0039: [D4-V4] config interface shutdown Ethernet108
2023-12-26 22:42:02,183 T0037: [D2-V2] config interface shutdown Ethernet112
2023-12-26 22:42:02,287 T0036: [D1-V1] config interface shutdown Ethernet116
2023-12-26 22:42:02,493 T0038: [D3-V3] config interface shutdown Ethernet112
2023-12-26 22:42:02,585 T0039: [D4-V4] config interface shutdown Ethernet112
2023-12-26 22:42:03,207 T0037: [D2-V2] config interface shutdown Ethernet116
2023-12-26 22:42:03,307 T0036: [D1-V1] config interface shutdown Ethernet120
2023-12-26 22:42:03,565 T0038: [D3-V3] config interface shutdown Ethernet116
2023-12-26 22:42:03,655 T0039: [D4-V4] config interface shutdown Ethernet116
2023-12-26 22:42:04,273 T0037: [D2-V2] config interface shutdown Ethernet120
2023-12-26 22:42:04,329 T0036: [D1-V1] config interface shutdown Ethernet124
2023-12-26 22:42:04,634 T0038: [D3-V3] config interface shutdown Ethernet120
2023-12-26 22:42:04,726 T0039: [D4-V4] config interface shutdown Ethernet120
2023-12-26 22:42:05,340 T0037: [D2-V2] config interface shutdown Ethernet124
2023-12-26 22:42:05,700 T0038: [D3-V3] config interface shutdown Ethernet124
2023-12-26 22:42:05,798 T0039: [D4-V4] config interface shutdown Ethernet124
2023-12-26 22:42:12,924 T0040: [D1-V1] show version
2023-12-26 22:42:12,932 T0041: [D2-V2] show version
2023-12-26 22:42:12,934 T0042: [D3-V3] show version
2023-12-26 22:42:12,936 T0043: [D4-V4] show version
2023-12-26 22:42:15,134 T0040: [D1-V1] cat /var/run/redis/sonic-db/database_config.json
2023-12-26 22:42:16,013 T0041: [D2-V2] cat /var/run/redis/sonic-db/database_config.json
2023-12-26 22:42:16,834 T0043: [D4-V4] cat /var/run/redis/sonic-db/database_config.json
2023-12-26 22:42:17,738 T0042: [D3-V3] cat /var/run/redis/sonic-db/database_config.json
2023-12-26 22:42:17,749 T0040: [D1-V1] /sbin/ifconfig eth0
2023-12-26 22:42:18,087 T0041: [D2-V2] /sbin/ifconfig eth0
2023-12-26 22:42:18,245 T0043: [D4-V4] /sbin/ifconfig eth0
2023-12-26 22:42:18,439 T0040: [D1-V1] ls /etc/sonic/bcmsim.cfg
2023-12-26 22:42:18,488 T0042: [D3-V3] /sbin/ifconfig eth0
2023-12-26 22:42:18,766 T0041: [D2-V2] ls /etc/sonic/bcmsim.cfg
2023-12-26 22:42:18,929 T0043: [D4-V4] ls /etc/sonic/bcmsim.cfg
2023-12-26 22:42:19,169 T0042: [D3-V3] ls /etc/sonic/bcmsim.cfg
2023-12-26 22:42:19,856 T0044: [D1-V1] no router bgp
2023-12-26 22:42:19,865 T0047: [D4-V4] no router bgp
2023-12-26 22:42:19,871 T0045: [D2-V2] no router bgp
2023-12-26 22:42:19,880 T0046: [D3-V3] no router bgp
2023-12-26 22:42:21,661 T0044: [D1-V1] config feature state sflow enabled
2023-12-26 22:42:21,677 T0047: [D4-V4] config feature state sflow enabled
2023-12-26 22:42:21,694 T0045: [D2-V2] config feature state sflow enabled
2023-12-26 22:42:21,704 T0046: [D3-V3] config feature state sflow enabled
2023-12-26 22:42:23,607 T0044: [D1-V1] config feature state nat enabled
2023-12-26 22:42:23,656 T0045: [D2-V2] config feature state nat enabled
2023-12-26 22:42:23,723 T0047: [D4-V4] config feature state nat enabled
2023-12-26 22:42:23,759 T0046: [D3-V3] config feature state nat enabled
2023-12-26 22:42:28,045 T0052: [D1-V1] config save /tmp/config-db-V1-post-session-prolog-session.json -y
2023-12-26 22:42:28,050 T0053: [D2-V2] config save /tmp/config-db-V2-post-session-prolog-session.json -y
2023-12-26 22:42:28,056 T0054: [D3-V3] config save /tmp/config-db-V3-post-session-prolog-session.json -y
2023-12-26 22:42:28,062 T0055: [D4-V4] config save /tmp/config-db-V4-post-session-prolog-session.json -y
2023-12-26 22:42:29,325 T0052: [D1-V1] chmod 777 /tmp/config-db-V1-post-session-prolog-session.json
2023-12-26 22:42:29,342 T0053: [D2-V2] chmod 777 /tmp/config-db-V2-post-session-prolog-session.json
2023-12-26 22:42:29,352 T0055: [D4-V4] chmod 777 /tmp/config-db-V4-post-session-prolog-session.json
2023-12-26 22:42:29,386 T0054: [D3-V3] chmod 777 /tmp/config-db-V3-post-session-prolog-session.json
2023-12-26 22:42:30,801 T0052: [D1-V1] /sbin/ip link set dev eth0 up
2023-12-26 22:42:30,838 T0053: [D2-V2] /sbin/ip link set dev eth0 up
2023-12-26 22:42:30,839 T0055: [D4-V4] /sbin/ip link set dev eth0 up
2023-12-26 22:42:30,858 T0054: [D3-V3] /sbin/ip link set dev eth0 up
2023-12-26 22:42:31,473 T0052: [D1-V1] /sbin/ip route list dev eth0
2023-12-26 22:42:31,520 T0053: [D2-V2] /sbin/ip route list dev eth0
2023-12-26 22:42:31,529 T0055: [D4-V4] /sbin/ip route list dev eth0
2023-12-26 22:42:31,538 T0054: [D3-V3] /sbin/ip route list dev eth0
2023-12-26 22:42:39,828 T0052: [D1-V1] sudo vtysh -c 'show running-config' > /tmp/vtysh-runcfg-V1-post-session-prolog-session.txt
2023-12-26 22:42:39,879 T0053: [D2-V2] sudo vtysh -c 'show running-config' > /tmp/vtysh-runcfg-V2-post-session-prolog-session.txt
2023-12-26 22:42:39,912 T0055: [D4-V4] sudo vtysh -c 'show running-config' > /tmp/vtysh-runcfg-V4-post-session-prolog-session.txt
2023-12-26 22:42:39,918 T0054: [D3-V3] sudo vtysh -c 'show running-config' > /tmp/vtysh-runcfg-V3-post-session-prolog-session.txt
2023-12-26 22:42:40,698 T0052: [D1-V1] chmod 777 /tmp/vtysh-runcfg-V1-post-session-prolog-session.txt
2023-12-26 22:42:40,747 T0053: [D2-V2] chmod 777 /tmp/vtysh-runcfg-V2-post-session-prolog-session.txt
2023-12-26 22:42:40,779 T0055: [D4-V4] chmod 777 /tmp/vtysh-runcfg-V4-post-session-prolog-session.txt
2023-12-26 22:42:40,836 T0054: [D3-V3] chmod 777 /tmp/vtysh-runcfg-V3-post-session-prolog-session.txt
2023-12-26 22:42:42,174 T0052: [D1-V1] /sbin/ip link set dev eth0 up
2023-12-26 22:42:42,222 T0053: [D2-V2] /sbin/ip link set dev eth0 up
2023-12-26 22:42:42,254 T0055: [D4-V4] /sbin/ip link set dev eth0 up
2023-12-26 22:42:42,311 T0054: [D3-V3] /sbin/ip link set dev eth0 up
2023-12-26 22:42:42,845 T0052: [D1-V1] /sbin/ip route list dev eth0
2023-12-26 22:42:42,889 T0053: [D2-V2] /sbin/ip route list dev eth0
2023-12-26 22:42:42,923 T0055: [D4-V4] /sbin/ip route list dev eth0
2023-12-26 22:42:42,980 T0054: [D3-V3] /sbin/ip route list dev eth0
2023-12-26 22:42:53,002 T0000: 
================== Framework Module Hook: batch/test_spytest_infra_1.py ==================
2023-12-26 22:42:53,034 T0100: [D1-V1] sudo show interfaces status Ethernet124
2023-12-26 22:42:53,044 T0101: [D2-V2] sudo show interfaces status Ethernet124
2023-12-26 22:42:53,051 T0103: [D4-V4] sudo show interfaces status Ethernet124
2023-12-26 22:42:53,056 T0102: [D3-V3] sudo show interfaces status Ethernet124
2023-12-26 22:42:55,335 T0105: [D1-V1] sudo show interfaces status
2023-12-26 22:42:55,337 T0106: [D2-V2] sudo show interfaces status
2023-12-26 22:42:55,341 T0107: [D3-V3] sudo show interfaces status
2023-12-26 22:42:55,345 T0108: [D4-V4] sudo show interfaces status
2023-12-26 22:42:57,111 T0000: 
================== Framework Module Hook Finish: batch/test_spytest_infra_1.py ==================
2023-12-26 22:42:57,112 T0000: 
================== Framework Function Hook: batch/test_spytest_infra_1.py::test_spytest_infra_first ==================
2023-12-26 22:43:00,245 T0114: [D1-V1] sudo show interfaces status
2023-12-26 22:43:00,247 T0115: [D2-V2] sudo show interfaces status
2023-12-26 22:43:00,250 T0116: [D3-V3] sudo show interfaces status
2023-12-26 22:43:00,253 T0117: [D4-V4] sudo show interfaces status
2023-12-26 22:43:02,165 T0118: [D1-V1] sudo show interfaces status Ethernet124
2023-12-26 22:43:02,174 T0119: [D2-V2] sudo show interfaces status Ethernet124
2023-12-26 22:43:02,180 T0121: [D4-V4] sudo show interfaces status Ethernet124
2023-12-26 22:43:02,184 T0120: [D3-V3] sudo show interfaces status Ethernet124
2023-12-26 22:43:06,125 T0000: 
================== Framework Function Hook Finish: batch/test_spytest_infra_1.py::test_spytest_infra_first ==================
2023-12-26 22:43:06,128 T0000: 
================== Test Execution: batch/test_spytest_infra_1.py::test_spytest_infra_first ==================
2023-12-26 22:43:06,164 T0000: 
================== Framework Function Hook Finalize: batch/test_spytest_infra_1.py::test_spytest_infra_first ==================
2023-12-26 22:43:06,349 T0000: 
================== Framework Function Hook: batch/test_spytest_infra_1.py::test_spytest_infra_second ==================
2023-12-26 22:43:06,386 T0123: [D1-V1] sudo show interfaces status
2023-12-26 22:43:06,389 T0124: [D2-V2] sudo show interfaces status
2023-12-26 22:43:06,391 T0125: [D3-V3] sudo show interfaces status
2023-12-26 22:43:06,395 T0126: [D4-V4] sudo show interfaces status
2023-12-26 22:43:08,190 T0127: [D1-V1] sudo show interfaces status Ethernet124
2023-12-26 22:43:08,197 T0128: [D2-V2] sudo show interfaces status Ethernet124
2023-12-26 22:43:08,203 T0130: [D4-V4] sudo show interfaces status Ethernet124
2023-12-26 22:43:08,209 T0129: [D3-V3] sudo show interfaces status Ethernet124
2023-12-26 22:43:12,183 T0000: 
================== Framework Function Hook Finish: batch/test_spytest_infra_1.py::test_spytest_infra_second ==================
2023-12-26 22:43:12,185 T0000: 
================== Test Execution: batch/test_spytest_infra_1.py::test_spytest_infra_second ==================
2023-12-26 22:43:12,221 T0000: 
================== Framework Function Hook Finalize: batch/test_spytest_infra_1.py::test_spytest_infra_second ==================
2023-12-26 22:43:12,228 T0131: [D1-V1] sudo show interfaces status Ethernet124
2023-12-26 22:43:12,238 T0132: [D2-V2] sudo show interfaces status Ethernet124
2023-12-26 22:43:12,245 T0134: [D4-V4] sudo show interfaces status Ethernet124
2023-12-26 22:43:12,250 T0133: [D3-V3] sudo show interfaces status Ethernet124
2023-12-26 22:43:14,644 T0000: 
================== Framework Module Hook Finalize: batch/test_spytest_infra_1.py Pass: 2/2 ==================
2023-12-26 22:43:14,644 T0000: 
================== Devices used: batch/test_spytest_infra_1.py 4 ['V1', 'V2', 'V4', 'V3'] ==================
2023-12-26 22:43:16,306 T0000: 
================== Framework Module Hook: routing/BGP/test_bgp_4node.py ==================
2023-12-26 22:43:16,335 T0147: [D1-V1] sudo show interfaces status Ethernet124
2023-12-26 22:43:16,345 T0148: [D2-V2] sudo show interfaces status Ethernet124
2023-12-26 22:43:16,351 T0150: [D4-V4] sudo show interfaces status Ethernet124
2023-12-26 22:43:16,356 T0149: [D3-V3] sudo show interfaces status Ethernet124
2023-12-26 22:43:18,752 T0152: [D1-V1] sudo show interfaces status
2023-12-26 22:43:18,754 T0153: [D2-V2] sudo show interfaces status
2023-12-26 22:43:18,757 T0154: [D3-V3] sudo show interfaces status
2023-12-26 22:43:18,761 T0155: [D4-V4] sudo show interfaces status
2023-12-26 22:43:20,505 T0156: [D1-V1] config save /tmp/config-db-V1-pre-module-prolog-routing-BGP-test_bgp_4node.py.json -y
2023-12-26 22:43:20,514 T0157: [D2-V2] config save /tmp/config-db-V2-pre-module-prolog-routing-BGP-test_bgp_4node.py.json -y
2023-12-26 22:43:20,519 T0158: [D3-V3] config save /tmp/config-db-V3-pre-module-prolog-routing-BGP-test_bgp_4node.py.json -y
2023-12-26 22:43:20,523 T0159: [D4-V4] config save /tmp/config-db-V4-pre-module-prolog-routing-BGP-test_bgp_4node.py.json -y
2023-12-26 22:43:21,746 T0156: [D1-V1] chmod 777 /tmp/config-db-V1-pre-module-prolog-routing-BGP-test_bgp_4node.py.json
2023-12-26 22:43:21,800 T0157: [D2-V2] chmod 777 /tmp/config-db-V2-pre-module-prolog-routing-BGP-test_bgp_4node.py.json
2023-12-26 22:43:21,811 T0158: [D3-V3] chmod 777 /tmp/config-db-V3-pre-module-prolog-routing-BGP-test_bgp_4node.py.json
2023-12-26 22:43:21,819 T0159: [D4-V4] chmod 777 /tmp/config-db-V4-pre-module-prolog-routing-BGP-test_bgp_4node.py.json
2023-12-26 22:43:23,217 T0156: [D1-V1] /sbin/ip link set dev eth0 up
2023-12-26 22:43:23,283 T0157: [D2-V2] /sbin/ip link set dev eth0 up
2023-12-26 22:43:23,289 T0158: [D3-V3] /sbin/ip link set dev eth0 up
2023-12-26 22:43:23,295 T0159: [D4-V4] /sbin/ip link set dev eth0 up
2023-12-26 22:43:23,887 T0156: [D1-V1] /sbin/ip route list dev eth0
2023-12-26 22:43:23,953 T0157: [D2-V2] /sbin/ip route list dev eth0
2023-12-26 22:43:23,962 T0158: [D3-V3] /sbin/ip route list dev eth0
2023-12-26 22:43:23,971 T0159: [D4-V4] /sbin/ip route list dev eth0
2023-12-26 22:43:32,236 T0156: [D1-V1] sudo vtysh -c 'show running-config' > /tmp/vtysh-runcfg-V1-pre-module-prolog-routing-BGP-test_bgp_4node.py.txt
2023-12-26 22:43:32,340 T0158: [D3-V3] sudo vtysh -c 'show running-config' > /tmp/vtysh-runcfg-V3-pre-module-prolog-routing-BGP-test_bgp_4node.py.txt
2023-12-26 22:43:32,352 T0157: [D2-V2] sudo vtysh -c 'show running-config' > /tmp/vtysh-runcfg-V2-pre-module-prolog-routing-BGP-test_bgp_4node.py.txt
2023-12-26 22:43:32,357 T0159: [D4-V4] sudo vtysh -c 'show running-config' > /tmp/vtysh-runcfg-V4-pre-module-prolog-routing-BGP-test_bgp_4node.py.txt
2023-12-26 22:43:33,110 T0156: [D1-V1] chmod 777 /tmp/vtysh-runcfg-V1-pre-module-prolog-routing-BGP-test_bgp_4node.py.txt
2023-12-26 22:43:33,211 T0158: [D3-V3] chmod 777 /tmp/vtysh-runcfg-V3-pre-module-prolog-routing-BGP-test_bgp_4node.py.txt
2023-12-26 22:43:33,232 T0157: [D2-V2] chmod 777 /tmp/vtysh-runcfg-V2-pre-module-prolog-routing-BGP-test_bgp_4node.py.txt
2023-12-26 22:43:33,240 T0159: [D4-V4] chmod 777 /tmp/vtysh-runcfg-V4-pre-module-prolog-routing-BGP-test_bgp_4node.py.txt
2023-12-26 22:43:34,587 T0156: [D1-V1] /sbin/ip link set dev eth0 up
2023-12-26 22:43:34,687 T0158: [D3-V3] /sbin/ip link set dev eth0 up
2023-12-26 22:43:34,734 T0159: [D4-V4] /sbin/ip link set dev eth0 up
2023-12-26 22:43:34,735 T0157: [D2-V2] /sbin/ip link set dev eth0 up
2023-12-26 22:43:35,262 T0156: [D1-V1] /sbin/ip route list dev eth0
2023-12-26 22:43:35,361 T0158: [D3-V3] /sbin/ip route list dev eth0
2023-12-26 22:43:35,416 T0159: [D4-V4] /sbin/ip route list dev eth0
2023-12-26 22:43:35,424 T0157: [D2-V2] /sbin/ip route list dev eth0
2023-12-26 22:43:43,805 T0000: 
================== Framework Module Hook Finish: routing/BGP/test_bgp_4node.py ==================
2023-12-26 22:43:43,806 T0000: 
================== Module Hook: routing/BGP/test_bgp_4node.py bgp_module_hooks ==================
2023-12-26 22:43:43,818 T0192: [D1-V1] config interface ip add Ethernet16 11.1.0.1/24
2023-12-26 22:43:43,823 T0193: [D2-V2] config interface ip add Ethernet16 11.1.0.2/24
2023-12-26 22:43:44,901 T0194: [D1-V1] config interface ip add Ethernet16 67fe:1::1/64
2023-12-26 22:43:44,907 T0195: [D2-V2] config interface ip add Ethernet16 67fe:1::2/64
2023-12-26 22:43:45,937 T0196: [D2-V2] config interface ip add Ethernet40 11.2.0.1/24
2023-12-26 22:43:45,942 T0197: [D3-V3] config interface ip add Ethernet32 11.2.0.2/24
2023-12-26 22:43:47,164 T0198: [D2-V2] config interface ip add Ethernet40 67fe:2::1/64
2023-12-26 22:43:47,170 T0199: [D3-V3] config interface ip add Ethernet32 67fe:2::2/64
2023-12-26 22:43:48,252 T0200: [D3-V3] config interface ip add Ethernet48 11.3.0.1/24
2023-12-26 22:43:48,259 T0201: [D4-V4] config interface ip add Ethernet48 11.3.0.2/24
2023-12-26 22:43:49,341 T0202: [D3-V3] config interface ip add Ethernet48 67fe:3::1/64
2023-12-26 22:43:49,347 T0203: [D4-V4] config interface ip add Ethernet48 67fe:3::2/64
2023-12-26 22:43:50,376 T0000: [D1-V1] ping -4 11.1.0.2 -c 3 
2023-12-26 22:43:53,109 T0000: [D1-V1] ping -6 67fe:1::2 -c 3 
2023-12-26 22:43:55,838 T0000: [D2-V2] ping -4 11.2.0.2 -c 3 
2023-12-26 22:43:58,558 T0000: [D2-V2] ping -6 67fe:2::2 -c 3 
2023-12-26 22:44:01,278 T0000: [D3-V3] ping -4 11.3.0.2 -c 3 
2023-12-26 22:44:03,998 T0000: [D3-V3] ping -6 67fe:3::2 -c 3 
2023-12-26 22:44:06,722 T0000: 
================== Module Hook Finish: routing/BGP/test_bgp_4node.py bgp_module_hooks ==================
2023-12-26 22:44:06,723 T0000: 
================== Class Hook: routing/BGP/test_bgp_4node.py bgp_confed_class_hook ==================
2023-12-26 22:44:06,731 T0000: [D1-V1]  router bgp 24
 no bgp ebgp-requires-policy
2023-12-26 22:44:09,386 T0000: [D1-V1]  bgp confederation peers 35
 bgp confederation identifier 100
 neighbor 11.1.0.2 remote-as 35

2023-12-26 22:44:10,848 T0000: [D2-V2]  router bgp 35
 no bgp ebgp-requires-policy
2023-12-26 22:44:13,546 T0000: [D2-V2]  bgp confederation peers 24
 bgp confederation identifier 100
 neighbor 11.2.0.2 remote-as 35

2023-12-26 22:44:15,003 T0000: [D2-V2]  router bgp 35
 no bgp ebgp-requires-policy
2023-12-26 22:44:16,456 T0000: [D2-V2] neighbor 11.1.0.1 remote-as 24
2023-12-26 22:44:17,156 T0000: [D2-V2] neighbor 11.1.0.1 timers 60 180
2023-12-26 22:44:17,856 T0000: [D2-V2] address-family ipv4 unicast
2023-12-26 22:44:18,555 T0000: [D2-V2] neighbor 11.1.0.1 activate
2023-12-26 22:44:19,262 T0000: [D3-V3]  router bgp 35
 no bgp ebgp-requires-policy
2023-12-26 22:44:21,903 T0000: [D3-V3]  bgp confederation peers 24
 bgp confederation identifier 100
 neighbor 11.3.0.2 remote-as 35

2023-12-26 22:44:23,360 T0000: [D3-V3]  router bgp 35
 no bgp ebgp-requires-policy
2023-12-26 22:44:24,813 T0000: [D3-V3] neighbor 11.2.0.1 remote-as 35
2023-12-26 22:44:25,514 T0000: [D3-V3] neighbor 11.2.0.1 timers 60 180
2023-12-26 22:44:26,212 T0000: [D3-V3] address-family ipv4 unicast
2023-12-26 22:44:26,911 T0000: [D3-V3] neighbor 11.2.0.1 activate
2023-12-26 22:44:27,616 T0000: [D4-V4]  router bgp 35
 no bgp ebgp-requires-policy
2023-12-26 22:44:30,257 T0000: [D4-V4]  bgp confederation peers 24
 bgp confederation identifier 100
 neighbor 11.3.0.1 remote-as 35

2023-12-26 22:44:31,715 T0000: [D1-V1]  router bgp 24
 no bgp ebgp-requires-policy
2023-12-26 22:44:33,165 T0000: [D1-V1]  bgp confederation peers 35
 bgp confederation identifier 100
 neighbor 67fe:1::2 remote-as 35
address-family ipv6 unicast
 neighbor 67fe:1::2 activate

2023-12-26 22:44:34,625 T0000: [D2-V2]  router bgp 35
 no bgp ebgp-requires-policy
2023-12-26 22:44:36,075 T0000: [D2-V2]  bgp confederation peers 24
 bgp confederation identifier 100
 neighbor 67fe:2::2 remote-as 35
address-family ipv6 unicast
 neighbor 67fe:2::2 activate

2023-12-26 22:44:37,550 T0000: [D2-V2]  router bgp 35
 no bgp ebgp-requires-policy
2023-12-26 22:44:39,009 T0000: [D2-V2] neighbor 67fe:1::1 remote-as 24
2023-12-26 22:44:39,708 T0000: [D2-V2] neighbor 67fe:1::1 timers 60 180
2023-12-26 22:44:40,407 T0000: [D2-V2] address-family ipv6 unicast
2023-12-26 22:44:41,109 T0000: [D2-V2] neighbor 67fe:1::1 activate
2023-12-26 22:44:41,818 T0000: [D3-V3]  router bgp 35
 no bgp ebgp-requires-policy
2023-12-26 22:44:43,272 T0000: [D3-V3]  bgp confederation peers 24
 bgp confederation identifier 100
 neighbor 67fe:3::2 remote-as 35
address-family ipv6 unicast
 neighbor 67fe:3::2 activate

2023-12-26 22:44:44,734 T0000: [D3-V3]  router bgp 35
 no bgp ebgp-requires-policy
2023-12-26 22:44:46,185 T0000: [D3-V3] neighbor 67fe:2::1 remote-as 35
2023-12-26 22:44:46,883 T0000: [D3-V3] neighbor 67fe:2::1 timers 60 180
2023-12-26 22:44:47,580 T0000: [D3-V3] address-family ipv6 unicast
2023-12-26 22:44:48,276 T0000: [D3-V3] neighbor 67fe:2::1 activate
2023-12-26 22:44:48,983 T0000: [D4-V4]  router bgp 35
 no bgp ebgp-requires-policy
2023-12-26 22:44:50,433 T0000: [D4-V4]  bgp confederation peers 24
 bgp confederation identifier 100
 neighbor 67fe:3::1 remote-as 35
address-family ipv6 unicast
 neighbor 67fe:3::1 activate

2023-12-26 22:44:51,885 T0000: [D2-V2] show bgp ipv4 summary
2023-12-26 22:44:52,616 T0000: [D3-V3] show bgp ipv4 summary
2023-12-26 22:44:53,347 T0000: [D2-V2] show bgp ipv6 summary
2023-12-26 22:44:54,069 T0000: [D3-V3] show bgp ipv6 summary
2023-12-26 22:44:54,811 T0000: 
================== Class Hook Finish: routing/BGP/test_bgp_4node.py bgp_confed_class_hook ==================
2023-12-26 22:44:54,813 T0000: 
================== Framework Function Hook: routing/BGP/test_bgp_4node.py::TestBGPConfed::test_ipv6_confed_route_distribution ==================
2023-12-26 22:44:54,821 T0208: [D1-V1] config save /tmp/config-db-V1-post-module-prolog-routing-BGP-test_bgp_4node.py.json -y
2023-12-26 22:44:54,829 T0209: [D2-V2] config save /tmp/config-db-V2-post-module-prolog-routing-BGP-test_bgp_4node.py.json -y
2023-12-26 22:44:54,839 T0210: [D3-V3] config save /tmp/config-db-V3-post-module-prolog-routing-BGP-test_bgp_4node.py.json -y
2023-12-26 22:44:54,845 T0211: [D4-V4] config save /tmp/config-db-V4-post-module-prolog-routing-BGP-test_bgp_4node.py.json -y
2023-12-26 22:44:57,571 T0208: [D1-V1] chmod 777 /tmp/config-db-V1-post-module-prolog-routing-BGP-test_bgp_4node.py.json
2023-12-26 22:44:57,588 T0210: [D3-V3] chmod 777 /tmp/config-db-V3-post-module-prolog-routing-BGP-test_bgp_4node.py.json
2023-12-26 22:44:57,641 T0211: [D4-V4] chmod 777 /tmp/config-db-V4-post-module-prolog-routing-BGP-test_bgp_4node.py.json
2023-12-26 22:44:57,679 T0209: [D2-V2] chmod 777 /tmp/config-db-V2-post-module-prolog-routing-BGP-test_bgp_4node.py.json
2023-12-26 22:44:59,050 T0208: [D1-V1] /sbin/ip link set dev eth0 up
2023-12-26 22:44:59,063 T0210: [D3-V3] /sbin/ip link set dev eth0 up
2023-12-26 22:44:59,118 T0211: [D4-V4] /sbin/ip link set dev eth0 up
2023-12-26 22:44:59,154 T0209: [D2-V2] /sbin/ip link set dev eth0 up
2023-12-26 22:44:59,721 T0208: [D1-V1] /sbin/ip route list dev eth0
2023-12-26 22:44:59,731 T0210: [D3-V3] /sbin/ip route list dev eth0
2023-12-26 22:44:59,787 T0211: [D4-V4] /sbin/ip route list dev eth0
2023-12-26 22:44:59,824 T0209: [D2-V2] /sbin/ip route list dev eth0
2023-12-26 22:45:08,090 T0208: [D1-V1] sudo vtysh -c 'show running-config' > /tmp/vtysh-runcfg-V1-post-module-prolog-routing-BGP-test_bgp_4node.py.txt
2023-12-26 22:45:08,098 T0210: [D3-V3] sudo vtysh -c 'show running-config' > /tmp/vtysh-runcfg-V3-post-module-prolog-routing-BGP-test_bgp_4node.py.txt
2023-12-26 22:45:08,139 T0211: [D4-V4] sudo vtysh -c 'show running-config' > /tmp/vtysh-runcfg-V4-post-module-prolog-routing-BGP-test_bgp_4node.py.txt
2023-12-26 22:45:08,179 T0209: [D2-V2] sudo vtysh -c 'show running-config' > /tmp/vtysh-runcfg-V2-post-module-prolog-routing-BGP-test_bgp_4node.py.txt
2023-12-26 22:45:08,967 T0210: [D3-V3] chmod 777 /tmp/vtysh-runcfg-V3-post-module-prolog-routing-BGP-test_bgp_4node.py.txt
2023-12-26 22:45:09,006 T0211: [D4-V4] chmod 777 /tmp/vtysh-runcfg-V4-post-module-prolog-routing-BGP-test_bgp_4node.py.txt
2023-12-26 22:45:09,013 T0208: [D1-V1] chmod 777 /tmp/vtysh-runcfg-V1-post-module-prolog-routing-BGP-test_bgp_4node.py.txt
2023-12-26 22:45:09,046 T0209: [D2-V2] chmod 777 /tmp/vtysh-runcfg-V2-post-module-prolog-routing-BGP-test_bgp_4node.py.txt
2023-12-26 22:45:10,444 T0210: [D3-V3] /sbin/ip link set dev eth0 up
2023-12-26 22:45:10,490 T0211: [D4-V4] /sbin/ip link set dev eth0 up
2023-12-26 22:45:10,493 T0208: [D1-V1] /sbin/ip link set dev eth0 up
2023-12-26 22:45:10,521 T0209: [D2-V2] /sbin/ip link set dev eth0 up
2023-12-26 22:45:11,110 T0210: [D3-V3] /sbin/ip route list dev eth0
2023-12-26 22:45:11,172 T0211: [D4-V4] /sbin/ip route list dev eth0
2023-12-26 22:45:11,181 T0208: [D1-V1] /sbin/ip route list dev eth0
2023-12-26 22:45:11,191 T0209: [D2-V2] /sbin/ip route list dev eth0
2023-12-26 22:45:22,727 T0249: [D1-V1] sudo show interfaces status
2023-12-26 22:45:22,730 T0250: [D2-V2] sudo show interfaces status
2023-12-26 22:45:22,733 T0251: [D3-V3] sudo show interfaces status
2023-12-26 22:45:22,737 T0252: [D4-V4] sudo show interfaces status
2023-12-26 22:45:24,534 T0253: [D1-V1] sudo show interfaces status Ethernet124
2023-12-26 22:45:24,545 T0254: [D2-V2] sudo show interfaces status Ethernet124
2023-12-26 22:45:24,547 T0255: [D3-V3] sudo show interfaces status Ethernet124
2023-12-26 22:45:24,553 T0256: [D4-V4] sudo show interfaces status Ethernet124
2023-12-26 22:45:28,554 T0000: 
================== Framework Function Hook Finish: routing/BGP/test_bgp_4node.py::TestBGPConfed::test_ipv6_confed_route_distribution ==================
2023-12-26 22:45:28,556 T0000: 
================== Test Execution: routing/BGP/test_bgp_4node.py::TestBGPConfed::test_ipv6_confed_route_distribution ==================
2023-12-26 22:45:28,566 T0000: [D1-V1]  router bgp 24
 no bgp ebgp-requires-policy
2023-12-26 22:45:31,206 T0000: [D1-V1] no bgp network import-check 
address-family ipv4 unicast
  network 131.5.6.0/24
2023-12-26 22:45:32,660 T0000: [D1-V1]  router bgp 24
 no bgp ebgp-requires-policy
2023-12-26 22:45:34,108 T0000: [D1-V1] no bgp network import-check 
address-family ipv6 unicast
  network 2000:1::0/64
2023-12-26 22:45:35,563 T0000: [D3-V3] show bgp ipv4
2023-12-26 22:45:37,201 T0000: [D3-V3] show bgp ipv6
2023-12-26 22:45:37,928 T0000: [D1-V1]  router bgp 24
 no bgp ebgp-requires-policy
2023-12-26 22:45:39,377 T0000: [D1-V1] address-family ipv4 unicast
 no network 131.5.6.0/24
2023-12-26 22:45:40,831 T0000: [D1-V1]  router bgp 24
 no bgp ebgp-requires-policy
2023-12-26 22:45:42,285 T0000: [D1-V1] address-family ipv6 unicast
 no network 2000:1::0/64
2023-12-26 22:45:43,808 T0000: 
================== Framework Function Hook Finalize: routing/BGP/test_bgp_4node.py::TestBGPConfed::test_ipv6_confed_route_distribution ==================
2023-12-26 22:45:43,809 T0000: 
================== Framework Function Hook: routing/BGP/test_bgp_4node.py::TestBGPConfed::test_ipv6_confed_with_rr ==================
2023-12-26 22:45:43,837 T0270: [D1-V1] sudo show interfaces status
2023-12-26 22:45:43,840 T0271: [D2-V2] sudo show interfaces status
2023-12-26 22:45:43,843 T0272: [D3-V3] sudo show interfaces status
2023-12-26 22:45:43,847 T0273: [D4-V4] sudo show interfaces status
2023-12-26 22:45:46,953 T0274: [D1-V1] sudo show interfaces status Ethernet124
2023-12-26 22:45:46,961 T0275: [D2-V2] sudo show interfaces status Ethernet124
2023-12-26 22:45:46,966 T0277: [D4-V4] sudo show interfaces status Ethernet124
2023-12-26 22:45:46,973 T0276: [D3-V3] sudo show interfaces status Ethernet124
2023-12-26 22:45:50,969 T0000: 
================== Framework Function Hook Finish: routing/BGP/test_bgp_4node.py::TestBGPConfed::test_ipv6_confed_with_rr ==================
2023-12-26 22:45:50,971 T0000: 
================== Test Execution: routing/BGP/test_bgp_4node.py::TestBGPConfed::test_ipv6_confed_with_rr ==================
2023-12-26 22:45:50,981 T0000: [D2-V2]  router bgp 35
 no bgp ebgp-requires-policy
2023-12-26 22:45:53,628 T0000: [D2-V2] no bgp network import-check 
address-family ipv4 unicast
  network 131.6.6.0/24
2023-12-26 22:45:55,090 T0000: [D2-V2]  router bgp 35
 no bgp ebgp-requires-policy
2023-12-26 22:45:56,537 T0000: [D2-V2] no bgp network import-check 
address-family ipv6 unicast
  network 3000:1::0/64
2023-12-26 22:45:57,991 T0000: [D4-V4] show bgp ipv4
2023-12-26 22:45:59,624 T0000: [D4-V4] show bgp ipv6
2023-12-26 22:46:00,346 T0000: [D3-V3]  router bgp 35
 no bgp ebgp-requires-policy
2023-12-26 22:46:02,983 T0000: [D3-V3] address-family ipv4 unicast
  neighbor 11.3.0.2 route-reflector-client
2023-12-26 22:46:04,442 T0000: [D3-V3]  router bgp 35
 no bgp ebgp-requires-policy
2023-12-26 22:46:05,891 T0000: [D3-V3] address-family ipv6 unicast
  neighbor 67fe:3::2 route-reflector-client
2023-12-26 22:46:17,367 T0000: [D4-V4] show bgp ipv4
2023-12-26 22:46:18,090 T0000: [D4-V4] show bgp ipv6
2023-12-26 22:46:18,818 T0000: [D2-V2]  router bgp 35
 no bgp ebgp-requires-policy
2023-12-26 22:46:20,269 T0000: [D2-V2] address-family ipv4 unicast
 no network 131.6.6.0/24
2023-12-26 22:46:21,722 T0000: [D2-V2]  router bgp 35
 no bgp ebgp-requires-policy
2023-12-26 22:46:23,172 T0000: [D2-V2] address-family ipv6 unicast
 no network 3000:1::0/64
2023-12-26 22:46:24,631 T0000: [D3-V3]  router bgp 35
 no bgp ebgp-requires-policy
2023-12-26 22:46:26,084 T0000: [D3-V3] address-family ipv4 unicast
 no neighbor 11.3.0.2 route-reflector-client
2023-12-26 22:46:27,539 T0000: [D3-V3]  router bgp 35
 no bgp ebgp-requires-policy
2023-12-26 22:46:28,988 T0000: [D3-V3] address-family ipv6 unicast
 no neighbor 67fe:3::2 route-reflector-client
2023-12-26 22:46:30,515 T0000: 
================== Framework Function Hook Finalize: routing/BGP/test_bgp_4node.py::TestBGPConfed::test_ipv6_confed_with_rr ==================
2023-12-26 22:46:30,516 T0000: 
================== Framework Function Hook: routing/BGP/test_bgp_4node.py::TestBGPConfed::test_confed_route_distribution_with_rmap ==================
2023-12-26 22:46:30,545 T0291: [D1-V1] sudo show interfaces status
2023-12-26 22:46:30,548 T0292: [D2-V2] sudo show interfaces status
2023-12-26 22:46:30,552 T0293: [D3-V3] sudo show interfaces status
2023-12-26 22:46:30,556 T0294: [D4-V4] sudo show interfaces status
2023-12-26 22:46:33,821 T0295: [D1-V1] sudo show interfaces status Ethernet124
2023-12-26 22:46:33,830 T0296: [D2-V2] sudo show interfaces status Ethernet124
2023-12-26 22:46:33,837 T0298: [D4-V4] sudo show interfaces status Ethernet124
2023-12-26 22:46:33,842 T0297: [D3-V3] sudo show interfaces status Ethernet124
2023-12-26 22:46:37,829 T0000: 
================== Framework Function Hook Finish: routing/BGP/test_bgp_4node.py::TestBGPConfed::test_confed_route_distribution_with_rmap ==================
2023-12-26 22:46:37,830 T0000: 
================== Test Execution: routing/BGP/test_bgp_4node.py::TestBGPConfed::test_confed_route_distribution_with_rmap ==================
2023-12-26 22:46:37,831 T0000: [D1-V1]  access-list test-access-list1 permit 134.5.8.0/24

2023-12-26 22:46:39,735 T0000: [D1-V1]  route-map test-rmap permit 10

2023-12-26 22:46:40,433 T0000: [D1-V1]  match ip address test-access-list1
exit

2023-12-26 22:46:41,889 T0000: [D1-V1]  route-map test-rmap permit 10

2023-12-26 22:46:42,585 T0000: [D1-V1] set as-path prepend 200
exit

2023-12-26 22:46:44,036 T0000: [D1-V1]  access-list test-access-list2 deny 134.5.6.0/24

2023-12-26 22:46:44,741 T0000: [D1-V1]  route-map test-rmap deny 20

2023-12-26 22:46:45,443 T0000: [D1-V1]  match ip address test-access-list2
exit

2023-12-26 22:46:46,895 T0000: [D1-V1]  access-list test-access-list3 permit 134.5.7.0/24

2023-12-26 22:46:47,602 T0000: [D1-V1]  route-map test-rmap permit 30

2023-12-26 22:46:48,302 T0000: [D1-V1]  match ip address test-access-list3
exit

2023-12-26 22:46:49,758 T0000: [D1-V1]  router bgp 24
 no bgp ebgp-requires-policy
2023-12-26 22:46:51,209 T0000: [D1-V1]  network 134.5.6.0/24 route-map test-rmap
2023-12-26 22:46:51,913 T0000: [D1-V1]  router bgp 24
 no bgp ebgp-requires-policy
2023-12-26 22:46:53,364 T0000: [D1-V1]  network 134.5.7.0/24 route-map test-rmap
2023-12-26 22:46:54,070 T0000: [D1-V1]  router bgp 24
 no bgp ebgp-requires-policy
2023-12-26 22:46:55,529 T0000: [D1-V1]  network 134.5.8.0/24 route-map test-rmap
2023-12-26 22:46:56,227 T0000: [D2-V2] show bgp ipv4 134.5.8.0/24
2023-12-26 22:46:57,859 T0000: [D2-V2] show ip route
2023-12-26 22:46:58,588 T0000: [D2-V2] show ip route
2023-12-26 22:46:59,311 T0000: [D1-V1] no route-map test-rmap permit 10

2023-12-26 22:47:00,008 T0000: [D1-V1] no access-list test-access-list3 permit 134.5.7.0/24

2023-12-26 22:47:00,708 T0000: [D1-V1] no access-list test-access-list2 deny 134.5.6.0/24

2023-12-26 22:47:01,403 T0000: [D1-V1] no access-list test-access-list1 permit 134.5.8.0/24

2023-12-26 22:47:02,108 T0000: [D1-V1]  router bgp 24
 no bgp ebgp-requires-policy
2023-12-26 22:47:03,556 T0000: [D1-V1] no network 134.5.6.0/24 route-map test-rmap
2023-12-26 22:47:04,261 T0000: [D1-V1]  router bgp 24
 no bgp ebgp-requires-policy
2023-12-26 22:47:05,709 T0000: [D1-V1] no network 134.5.7.0/24 route-map test-rmap
2023-12-26 22:47:06,416 T0000: [D1-V1]  router bgp 24
 no bgp ebgp-requires-policy
2023-12-26 22:47:07,864 T0000: [D1-V1] no network 134.5.8.0/24 route-map test-rmap
2023-12-26 22:47:08,634 T0000: 
================== Framework Function Hook Finalize: routing/BGP/test_bgp_4node.py::TestBGPConfed::test_confed_route_distribution_with_rmap ==================
2023-12-26 22:47:08,635 T0000: [D1-V1] no router bgp
2023-12-26 22:47:09,342 T0000: [D2-V2] no router bgp
2023-12-26 22:47:10,751 T0000: [D3-V3] no router bgp
2023-12-26 22:47:12,642 T0000: [D4-V4] no router bgp
2023-12-26 22:47:14,532 T0000: 
================== Class Hook Finalize: routing/BGP/test_bgp_4node.py bgp_confed_class_hook ==================
2023-12-26 22:47:14,549 T0000: 
================== Class Hook Finalize: routing/BGP/test_bgp_4node.py bgp_confed_class_hook ==================
2023-12-26 22:47:14,565 T0000: 
================== Class Hook Finalize: routing/BGP/test_bgp_4node.py bgp_confed_class_hook ==================
2023-12-26 22:47:14,585 T0000: 
================== Framework Function Hook: routing/BGP/test_bgp_4node.py::test_ft_bgp_ibgp_RR_Loop ==================
2023-12-26 22:47:14,619 T0324: [D1-V1] sudo show interfaces status
2023-12-26 22:47:14,622 T0325: [D2-V2] sudo show interfaces status
2023-12-26 22:47:14,625 T0326: [D3-V3] sudo show interfaces status
2023-12-26 22:47:14,628 T0327: [D4-V4] sudo show interfaces status
2023-12-26 22:47:17,377 T0328: [D1-V1] sudo show interfaces status Ethernet124
2023-12-26 22:47:17,385 T0329: [D2-V2] sudo show interfaces status Ethernet124
2023-12-26 22:47:17,390 T0331: [D4-V4] sudo show interfaces status Ethernet124
2023-12-26 22:47:17,398 T0330: [D3-V3] sudo show interfaces status Ethernet124
2023-12-26 22:47:21,542 T0000: 
================== Framework Function Hook Finish: routing/BGP/test_bgp_4node.py::test_ft_bgp_ibgp_RR_Loop ==================
2023-12-26 22:47:21,543 T0000: 
================== Function Hook: routing/BGP/test_bgp_4node.py hooks_test_ft_bgp_ibgp_RR_Loop ==================
2023-12-26 22:47:21,560 T0000: 
================== Function Hook Finish: routing/BGP/test_bgp_4node.py hooks_test_ft_bgp_ibgp_RR_Loop ==================
2023-12-26 22:47:21,561 T0000: 
================== Test Execution: routing/BGP/test_bgp_4node.py::test_ft_bgp_ibgp_RR_Loop ==================
2023-12-26 22:47:21,568 T0340: [D1-V1] config interface ip add Ethernet40 11.4.0.1/24
2023-12-26 22:47:21,573 T0341: [D3-V3] config interface ip add Ethernet16 11.4.0.2/24
2023-12-26 22:47:22,654 T0342: [D1-V1]  router bgp 65001
 no bgp ebgp-requires-policy
2023-12-26 22:47:22,662 T0343: [D2-V2]  router bgp 65001
 no bgp ebgp-requires-policy
2023-12-26 22:47:22,667 T0344: [D3-V3]  router bgp 65001
 no bgp ebgp-requires-policy
2023-12-26 22:47:25,206 T0342: [D1-V1]  neighbor 11.1.0.2 remote-as 65001
address-family ipv4 unicast
 neighbor 11.1.0.2 activate

2023-12-26 22:47:25,241 T0343: [D2-V2]  neighbor 11.1.0.1 remote-as 65001
address-family ipv4 unicast
 neighbor 11.1.0.1 activate

2023-12-26 22:47:25,249 T0344: [D3-V3]  neighbor 11.2.0.1 remote-as 65001
address-family ipv4 unicast
 neighbor 11.2.0.1 activate

2023-12-26 22:47:26,683 T0345: [D1-V1]  router bgp 65001
 no bgp ebgp-requires-policy
2023-12-26 22:47:26,692 T0346: [D2-V2]  router bgp 65001
 no bgp ebgp-requires-policy
2023-12-26 22:47:26,697 T0347: [D3-V3]  router bgp 65001
 no bgp ebgp-requires-policy
2023-12-26 22:47:28,114 T0345: [D1-V1]  neighbor 11.4.0.2 remote-as 65001
address-family ipv4 unicast
 neighbor 11.4.0.2 activate

2023-12-26 22:47:28,123 T0346: [D2-V2]  neighbor 11.2.0.2 remote-as 65001
address-family ipv4 unicast
 neighbor 11.2.0.2 activate

2023-12-26 22:47:28,130 T0347: [D3-V3]  neighbor 11.4.0.1 remote-as 65001
address-family ipv4 unicast
 neighbor 11.4.0.1 activate

2023-12-26 22:47:29,556 T0348: [D1-V1]  router bgp 65001
 no bgp ebgp-requires-policy
2023-12-26 22:47:29,566 T0349: [D2-V2]  router bgp 65001
 no bgp ebgp-requires-policy
2023-12-26 22:47:29,570 T0350: [D3-V3]  router bgp 65001
 no bgp ebgp-requires-policy
2023-12-26 22:47:30,981 T0348: [D1-V1] address-family ipv4 unicast
  neighbor 11.1.0.2 route-reflector-client
2023-12-26 22:47:30,991 T0349: [D2-V2] address-family ipv4 unicast
  neighbor 11.2.0.2 route-reflector-client
2023-12-26 22:47:31,000 T0350: [D3-V3] address-family ipv4 unicast
  neighbor 11.4.0.1 route-reflector-client
2023-12-26 22:47:32,418 T0351: [D1-V1]  router bgp 65001
 no bgp ebgp-requires-policy
2023-12-26 22:47:32,425 T0352: [D2-V2]  router bgp 65001
 no bgp ebgp-requires-policy
2023-12-26 22:47:32,426 T0353: [D3-V3]  router bgp 65001
 no bgp ebgp-requires-policy
2023-12-26 22:47:33,836 T0351: [D1-V1] address-family ipv4 unicast
  neighbor 11.4.0.2 route-reflector-client
2023-12-26 22:47:33,846 T0353: [D3-V3] address-family ipv4 unicast
  neighbor 11.2.0.1 route-reflector-client
2023-12-26 22:47:33,853 T0352: [D2-V2] address-family ipv4 unicast
  neighbor 11.1.0.1 route-reflector-client
2023-12-26 22:47:35,272 T0354: [D1-V1] show bgp ipv4 summary
2023-12-26 22:47:35,275 T0355: [D2-V2] show bgp ipv4 summary
2023-12-26 22:47:35,279 T0356: [D3-V3] show bgp ipv4 summary
2023-12-26 22:47:36,981 T0354: [D1-V1] show bgp ipv4 summary
2023-12-26 22:47:36,986 T0355: [D2-V2] show bgp ipv4 summary
2023-12-26 22:47:36,986 T0356: [D3-V3] show bgp ipv4 summary
2023-12-26 22:47:37,719 T0000: [D3-V3]  router bgp 65001
 no bgp ebgp-requires-policy
2023-12-26 22:47:39,171 T0000: [D3-V3] no bgp network import-check 
address-family ipv4 unicast
  network 172.16.2.2/32
2023-12-26 22:47:45,644 T0000: [D1-V1] show bgp ipv4
2023-12-26 22:47:46,371 T0000: [D2-V2] show bgp ipv4
2023-12-26 22:47:47,094 T0000: [D3-V3] show bgp ipv4
2023-12-26 22:47:47,833 T0361: [D1-V1] no router bgp
2023-12-26 22:47:47,837 T0362: [D2-V2] no router bgp
2023-12-26 22:47:47,840 T0363: [D3-V3] no router bgp
2023-12-26 22:47:48,518 T0364: [D1-V1] config interface ip remove Ethernet40 11.4.0.1/24
2023-12-26 22:47:48,523 T0365: [D3-V3] config interface ip remove Ethernet16 11.4.0.2/24
2023-12-26 22:47:50,992 T0000: 
================== Function Hook Finalize: routing/BGP/test_bgp_4node.py hooks_test_ft_bgp_ibgp_RR_Loop ==================
2023-12-26 22:47:51,050 T0000: 
================== Framework Function Hook Finalize: routing/BGP/test_bgp_4node.py::test_ft_bgp_ibgp_RR_Loop ==================
2023-12-26 22:47:51,051 T0000: 
================== Framework Function Hook: routing/BGP/test_bgp_4node.py::test_ft_bgp_ebgp_community_map ==================
2023-12-26 22:47:51,079 T0371: [D1-V1] sudo show interfaces status
2023-12-26 22:47:51,082 T0372: [D2-V2] sudo show interfaces status
2023-12-26 22:47:51,085 T0373: [D3-V3] sudo show interfaces status
2023-12-26 22:47:51,089 T0374: [D4-V4] sudo show interfaces status
2023-12-26 22:47:53,857 T0375: [D1-V1] sudo show interfaces status Ethernet124
2023-12-26 22:47:53,870 T0376: [D2-V2] sudo show interfaces status Ethernet124
2023-12-26 22:47:53,875 T0377: [D3-V3] sudo show interfaces status Ethernet124
2023-12-26 22:47:53,879 T0378: [D4-V4] sudo show interfaces status Ethernet124
2023-12-26 22:47:58,028 T0000: 
================== Framework Function Hook Finish: routing/BGP/test_bgp_4node.py::test_ft_bgp_ebgp_community_map ==================
2023-12-26 22:47:58,029 T0000: 
================== Function Hook: routing/BGP/test_bgp_4node.py hooks_test_ft_bgp_ebgp_community_map ==================
2023-12-26 22:47:58,046 T0000: 
================== Function Hook Finish: routing/BGP/test_bgp_4node.py hooks_test_ft_bgp_ebgp_community_map ==================
2023-12-26 22:47:58,047 T0000: 
================== Test Execution: routing/BGP/test_bgp_4node.py::test_ft_bgp_ebgp_community_map ==================
2023-12-26 22:47:58,052 T0387: [D1-V1] config interface ip add Ethernet40 11.4.0.1/24
2023-12-26 22:47:58,056 T0388: [D3-V3] config interface ip add Ethernet16 11.4.0.2/24
2023-12-26 22:47:59,152 T0000: [D2-V2]  router bgp 65002
 no bgp ebgp-requires-policy
2023-12-26 22:48:01,899 T0000: [D2-V2]  neighbor 67fe:2::2 remote-as 65003
address-family ipv6 unicast
 neighbor 67fe:2::2 activate

2023-12-26 22:48:03,359 T0000: [D3-V3]  router bgp 65003
 no bgp ebgp-requires-policy
2023-12-26 22:48:06,004 T0000: [D3-V3]  neighbor 67fe:2::1 remote-as 65002
address-family ipv6 unicast
 neighbor 67fe:2::1 activate

2023-12-26 22:48:07,460 T0389: [D1-V1]  router bgp 65001
 no bgp ebgp-requires-policy
2023-12-26 22:48:07,465 T0390: [D2-V2]  router bgp 65002
 no bgp ebgp-requires-policy
2023-12-26 22:48:07,471 T0391: [D3-V3]  router bgp 65003
 no bgp ebgp-requires-policy
2023-12-26 22:48:07,477 T0392: [D4-V4]  router bgp 65004
 no bgp ebgp-requires-policy
2023-12-26 22:48:08,882 T0390: [D2-V2]  neighbor 11.2.0.2 remote-as 65003
address-family ipv4 unicast
 neighbor 11.2.0.2 activate

2023-12-26 22:48:08,895 T0391: [D3-V3]  neighbor 11.4.0.1 remote-as 65001
address-family ipv4 unicast
 neighbor 11.4.0.1 activate

2023-12-26 22:48:10,018 T0389: [D1-V1]  neighbor 11.4.0.2 remote-as 65003
address-family ipv4 unicast
 neighbor 11.4.0.2 activate

2023-12-26 22:48:10,028 T0392: [D4-V4]  neighbor 11.3.0.1 remote-as 65003
address-family ipv4 unicast
 neighbor 11.3.0.1 activate

2023-12-26 22:48:11,460 T0000: [D3-V3]  router bgp 65003
 no bgp ebgp-requires-policy
2023-12-26 22:48:12,910 T0000: [D3-V3]  neighbor 11.2.0.1 remote-as 65002
address-family ipv4 unicast
 neighbor 11.2.0.1 activate

2023-12-26 22:48:14,372 T0000: [D3-V3]  router bgp 65003
 no bgp ebgp-requires-policy
2023-12-26 22:48:15,824 T0000: [D3-V3]  neighbor 11.3.0.2 remote-as 65004
address-family ipv4 unicast
 neighbor 11.3.0.2 activate

2023-12-26 22:48:17,280 T0000: [D1-V1]  router bgp 65001
 no bgp ebgp-requires-policy
2023-12-26 22:48:18,728 T0000: [D1-V1]  network 172.16.2.2/32
2023-12-26 22:48:19,435 T0000: [D1-V1]  access-list LOOPBACK permit 172.16.2.2/32

2023-12-26 22:48:20,154 T0000: [D1-V1]  route-map SET_COMMUNITY permit 10

2023-12-26 22:48:20,865 T0000: [D1-V1]  match ip address LOOPBACK
exit

2023-12-26 22:48:22,316 T0000: [D1-V1] route-map SET_COMMUNITY permit 10
 set metric 50
 set community 64984:0
exit

2023-12-26 22:48:23,777 T0000: [D1-V1]  router bgp 65001
 no bgp ebgp-requires-policy
2023-12-26 22:48:25,225 T0000: [D1-V1] address-family ipv4 unicast
 neighbor 11.4.0.2 route-map SET_COMMUNITY out
exit

2023-12-26 22:48:26,680 T0393: [D1-V1] show bgp ipv4 summary
2023-12-26 22:48:26,683 T0394: [D2-V2] show bgp ipv4 summary
2023-12-26 22:48:26,685 T0395: [D3-V3] show bgp ipv4 summary
2023-12-26 22:48:26,690 T0396: [D4-V4] show bgp ipv4 summary
2023-12-26 22:48:27,430 T0000: [D3-V3]  bgp community-list standard comm_test permit 64984:0
2023-12-26 22:48:28,133 T0000: [D1-V1] route-map SET_COMMUNITY permit 10
 set community 64984:0 local-as
exit

2023-12-26 22:48:59,611 T0000: [D3-V3] show bgp ipv4 unicast 172.16.2.2/32
2023-12-26 22:49:00,347 T0000: [D1-V1] route-map SET_COMMUNITY permit 10
 no set community local-as
exit

2023-12-26 22:49:31,838 T0000: [D3-V3] show bgp ipv4 unicast 172.16.2.2/32
2023-12-26 22:49:32,559 T0000: [D1-V1] route-map SET_COMMUNITY permit 10
 set community none
exit

2023-12-26 22:50:04,038 T0000: [D3-V3] show bgp ipv4 unicast 172.16.2.2/32
2023-12-26 22:50:04,758 T0000: [D1-V1] route-map SET_COMMUNITY permit 10
 set community 64984:0 local-as
exit

2023-12-26 22:50:06,209 T0000: [D3-V3] route-map SET_COMMUNITY permit 10
 set community none
exit

2023-12-26 22:50:07,667 T0000: [D3-V3]  router bgp 65003
 no bgp ebgp-requires-policy
2023-12-26 22:50:09,117 T0000: [D3-V3] address-family ipv4 unicast
 neighbor 11.4.0.1 route-map SET_COMMUNITY in
exit

2023-12-26 22:50:40,596 T0000: [D3-V3] show bgp ipv4 unicast 172.16.2.2/32
2023-12-26 22:50:41,321 T0000: [D2-V2]  ipv6 access-list LOOPBACK permit 67fe:1::/64

2023-12-26 22:50:42,020 T0000: [D2-V2] route-map SET_COMMUNITY_1 permit 10
 set metric 50
 set community 64984:0 local-as
exit

2023-12-26 22:50:43,473 T0000: [D3-V3] route-map SET_COMMUNITY_1 permit 10
 set metric 50
exit

2023-12-26 22:50:44,940 T0000: [D2-V2]  router bgp 65002
 no bgp ebgp-requires-policy
2023-12-26 22:50:46,387 T0000: [D2-V2] address-family ipv6 unicast
 neighbor 67fe:2::2 route-map SET_COMMUNITY_1 out
exit
address-family ipv6 unicast
 redistribute connected
exit

2023-12-26 22:50:47,848 T0000: [D3-V3]  route-map SET_COMMUNITY_1 permit 10

2023-12-26 22:50:48,548 T0000: [D3-V3]  match ipv6 address None
exit

2023-12-26 22:50:50,004 T0397: [D2-V2] show bgp ipv6 summary
2023-12-26 22:50:50,007 T0398: [D3-V3] show bgp ipv6 summary
2023-12-26 22:50:50,703 T0000: [D3-V3] show bgp ipv6 unicast 67fe:1::/64
2023-12-26 22:50:51,433 T0000: [D3-V3] route-map SET_COMMUNITY_1 permit 10
 set community none
exit

2023-12-26 22:51:22,910 T0000: [D3-V3] show bgp ipv6 unicast 67fe:1::/64
2023-12-26 22:51:23,645 T0000: [D2-V2] route-map SET_COMMUNITY permit 10
 set community 64984:0 local-as
exit

2023-12-26 22:51:25,096 T0000: [D3-V3] route-map SET_COMMUNITY permit 10
 set community none
exit

2023-12-26 22:51:26,555 T0000: [D3-V3]  router bgp 65003
 no bgp ebgp-requires-policy
2023-12-26 22:51:28,005 T0000: [D3-V3] address-family ipv6 unicast
 neighbor 67fe:2::1 route-map SET_COMMUNITY in
exit

2023-12-26 22:51:59,489 T0000: [D3-V3] show bgp ipv4 unicast 172.16.2.2/32
2023-12-26 22:52:00,238 T0403: [D1-V1] no router bgp
2023-12-26 22:52:00,241 T0404: [D2-V2] no router bgp
2023-12-26 22:52:00,245 T0405: [D3-V3] no router bgp
2023-12-26 22:52:00,249 T0406: [D4-V4] no router bgp
2023-12-26 22:52:00,927 T0407: [D1-V1] config interface ip remove Ethernet40 11.4.0.1/24
2023-12-26 22:52:00,931 T0408: [D3-V3] config interface ip remove Ethernet16 11.4.0.2/24
2023-12-26 22:52:03,449 T0000: [D1-V1] no route-map SET_COMMUNITY

2023-12-26 22:52:05,352 T0000: [D1-V1] no access-list LOOPBACK  

2023-12-26 22:52:06,050 T0000: [D3-V3] no bgp community-list standard comm_test permit 64984:0
2023-12-26 22:52:07,938 T0000: [D3-V3] no route-map SET_COMMUNITY_1 permit 10

2023-12-26 22:52:08,636 T0000: 
================== Function Hook Finalize: routing/BGP/test_bgp_4node.py hooks_test_ft_bgp_ebgp_community_map ==================
2023-12-26 22:52:08,700 T0000: 
================== Framework Function Hook Finalize: routing/BGP/test_bgp_4node.py::test_ft_bgp_ebgp_community_map ==================
2023-12-26 22:52:08,709 T0413: [D1-V1] config save /tmp/config-db-V1-pre-module-epilog-routing-BGP-test_bgp_4node.py.json -y
2023-12-26 22:52:08,714 T0414: [D2-V2] config save /tmp/config-db-V2-pre-module-epilog-routing-BGP-test_bgp_4node.py.json -y
2023-12-26 22:52:08,719 T0415: [D3-V3] config save /tmp/config-db-V3-pre-module-epilog-routing-BGP-test_bgp_4node.py.json -y
2023-12-26 22:52:08,724 T0416: [D4-V4] config save /tmp/config-db-V4-pre-module-epilog-routing-BGP-test_bgp_4node.py.json -y
2023-12-26 22:52:10,927 T0413: [D1-V1] chmod 777 /tmp/config-db-V1-pre-module-epilog-routing-BGP-test_bgp_4node.py.json
2023-12-26 22:52:10,952 T0415: [D3-V3] chmod 777 /tmp/config-db-V3-pre-module-epilog-routing-BGP-test_bgp_4node.py.json
2023-12-26 22:52:10,981 T0414: [D2-V2] chmod 777 /tmp/config-db-V2-pre-module-epilog-routing-BGP-test_bgp_4node.py.json
2023-12-26 22:52:11,004 T0416: [D4-V4] chmod 777 /tmp/config-db-V4-pre-module-epilog-routing-BGP-test_bgp_4node.py.json
2023-12-26 22:52:12,405 T0413: [D1-V1] /sbin/ip link set dev eth0 up
2023-12-26 22:52:12,425 T0415: [D3-V3] /sbin/ip link set dev eth0 up
2023-12-26 22:52:12,456 T0414: [D2-V2] /sbin/ip link set dev eth0 up
2023-12-26 22:52:12,479 T0416: [D4-V4] /sbin/ip link set dev eth0 up
2023-12-26 22:52:13,074 T0413: [D1-V1] /sbin/ip route list dev eth0
2023-12-26 22:52:13,093 T0415: [D3-V3] /sbin/ip route list dev eth0
2023-12-26 22:52:13,127 T0414: [D2-V2] /sbin/ip route list dev eth0
2023-12-26 22:52:13,146 T0416: [D4-V4] /sbin/ip route list dev eth0
2023-12-26 22:52:21,424 T0413: [D1-V1] sudo vtysh -c 'show running-config' > /tmp/vtysh-runcfg-V1-pre-module-epilog-routing-BGP-test_bgp_4node.py.txt
2023-12-26 22:52:21,452 T0415: [D3-V3] sudo vtysh -c 'show running-config' > /tmp/vtysh-runcfg-V3-pre-module-epilog-routing-BGP-test_bgp_4node.py.txt
2023-12-26 22:52:21,483 T0414: [D2-V2] sudo vtysh -c 'show running-config' > /tmp/vtysh-runcfg-V2-pre-module-epilog-routing-BGP-test_bgp_4node.py.txt
2023-12-26 22:52:21,490 T0416: [D4-V4] sudo vtysh -c 'show running-config' > /tmp/vtysh-runcfg-V4-pre-module-epilog-routing-BGP-test_bgp_4node.py.txt
2023-12-26 22:52:22,294 T0413: [D1-V1] chmod 777 /tmp/vtysh-runcfg-V1-pre-module-epilog-routing-BGP-test_bgp_4node.py.txt
2023-12-26 22:52:22,360 T0414: [D2-V2] chmod 777 /tmp/vtysh-runcfg-V2-pre-module-epilog-routing-BGP-test_bgp_4node.py.txt
2023-12-26 22:52:22,369 T0415: [D3-V3] chmod 777 /tmp/vtysh-runcfg-V3-pre-module-epilog-routing-BGP-test_bgp_4node.py.txt
2023-12-26 22:52:22,409 T0416: [D4-V4] chmod 777 /tmp/vtysh-runcfg-V4-pre-module-epilog-routing-BGP-test_bgp_4node.py.txt
2023-12-26 22:52:23,770 T0413: [D1-V1] /sbin/ip link set dev eth0 up
2023-12-26 22:52:23,837 T0414: [D2-V2] /sbin/ip link set dev eth0 up
2023-12-26 22:52:23,845 T0415: [D3-V3] /sbin/ip link set dev eth0 up
2023-12-26 22:52:23,886 T0416: [D4-V4] /sbin/ip link set dev eth0 up
2023-12-26 22:52:24,442 T0413: [D1-V1] /sbin/ip route list dev eth0
2023-12-26 22:52:24,507 T0414: [D2-V2] /sbin/ip route list dev eth0
2023-12-26 22:52:24,518 T0415: [D3-V3] /sbin/ip route list dev eth0
2023-12-26 22:52:24,555 T0416: [D4-V4] /sbin/ip route list dev eth0
2023-12-26 22:52:32,931 T0449: [D1-V1] config interface ip remove Ethernet16 11.1.0.1/24
2023-12-26 22:52:32,936 T0450: [D2-V2] config interface ip remove Ethernet16 11.1.0.2/24
2023-12-26 22:52:34,066 T0451: [D1-V1] config interface ip remove Ethernet16 67fe:1::1/64
2023-12-26 22:52:34,070 T0452: [D2-V2] config interface ip remove Ethernet16 67fe:1::2/64
2023-12-26 22:52:35,607 T0453: [D2-V2] config interface ip remove Ethernet40 11.2.0.1/24
2023-12-26 22:52:35,612 T0454: [D3-V3] config interface ip remove Ethernet32 11.2.0.2/24
2023-12-26 22:52:36,748 T0455: [D2-V2] config interface ip remove Ethernet40 67fe:2::1/64
2023-12-26 22:52:36,754 T0456: [D3-V3] config interface ip remove Ethernet32 67fe:2::2/64
2023-12-26 22:52:38,292 T0457: [D3-V3] config interface ip remove Ethernet48 11.3.0.1/24
2023-12-26 22:52:38,298 T0458: [D4-V4] config interface ip remove Ethernet48 11.3.0.2/24
2023-12-26 22:52:39,429 T0459: [D3-V3] config interface ip remove Ethernet48 67fe:3::1/64
2023-12-26 22:52:39,436 T0460: [D4-V4] config interface ip remove Ethernet48 67fe:3::2/64
2023-12-26 22:52:40,964 T0000: 
================== Module Hook Finalize: routing/BGP/test_bgp_4node.py bgp_module_hooks ==================
2023-12-26 22:52:40,974 T0461: [D1-V1] config save /tmp/config-db-V1-post-module-epilog-routing-BGP-test_bgp_4node.py.json -y
2023-12-26 22:52:40,982 T0462: [D2-V2] config save /tmp/config-db-V2-post-module-epilog-routing-BGP-test_bgp_4node.py.json -y
2023-12-26 22:52:40,988 T0463: [D3-V3] config save /tmp/config-db-V3-post-module-epilog-routing-BGP-test_bgp_4node.py.json -y
2023-12-26 22:52:40,990 T0464: [D4-V4] config save /tmp/config-db-V4-post-module-epilog-routing-BGP-test_bgp_4node.py.json -y
2023-12-26 22:52:42,263 T0461: [D1-V1] chmod 777 /tmp/config-db-V1-post-module-epilog-routing-BGP-test_bgp_4node.py.json
2023-12-26 22:52:42,275 T0462: [D2-V2] chmod 777 /tmp/config-db-V2-post-module-epilog-routing-BGP-test_bgp_4node.py.json
2023-12-26 22:52:42,283 T0463: [D3-V3] chmod 777 /tmp/config-db-V3-post-module-epilog-routing-BGP-test_bgp_4node.py.json
2023-12-26 22:52:42,292 T0464: [D4-V4] chmod 777 /tmp/config-db-V4-post-module-epilog-routing-BGP-test_bgp_4node.py.json
2023-12-26 22:52:43,742 T0461: [D1-V1] /sbin/ip link set dev eth0 up
2023-12-26 22:52:43,754 T0462: [D2-V2] /sbin/ip link set dev eth0 up
2023-12-26 22:52:43,760 T0463: [D3-V3] /sbin/ip link set dev eth0 up
2023-12-26 22:52:43,766 T0464: [D4-V4] /sbin/ip link set dev eth0 up
2023-12-26 22:52:44,414 T0461: [D1-V1] /sbin/ip route list dev eth0
2023-12-26 22:52:44,423 T0462: [D2-V2] /sbin/ip route list dev eth0
2023-12-26 22:52:44,429 T0463: [D3-V3] /sbin/ip route list dev eth0
2023-12-26 22:52:44,438 T0464: [D4-V4] /sbin/ip route list dev eth0
2023-12-26 22:52:52,786 T0461: [D1-V1] sudo vtysh -c 'show running-config' > /tmp/vtysh-runcfg-V1-post-module-epilog-routing-BGP-test_bgp_4node.py.txt
2023-12-26 22:52:52,813 T0463: [D3-V3] sudo vtysh -c 'show running-config' > /tmp/vtysh-runcfg-V3-post-module-epilog-routing-BGP-test_bgp_4node.py.txt
2023-12-26 22:52:52,818 T0462: [D2-V2] sudo vtysh -c 'show running-config' > /tmp/vtysh-runcfg-V2-post-module-epilog-routing-BGP-test_bgp_4node.py.txt
2023-12-26 22:52:52,824 T0464: [D4-V4] sudo vtysh -c 'show running-config' > /tmp/vtysh-runcfg-V4-post-module-epilog-routing-BGP-test_bgp_4node.py.txt
2023-12-26 22:52:53,657 T0461: [D1-V1] chmod 777 /tmp/vtysh-runcfg-V1-post-module-epilog-routing-BGP-test_bgp_4node.py.txt
2023-12-26 22:52:53,685 T0463: [D3-V3] chmod 777 /tmp/vtysh-runcfg-V3-post-module-epilog-routing-BGP-test_bgp_4node.py.txt
2023-12-26 22:52:53,699 T0462: [D2-V2] chmod 777 /tmp/vtysh-runcfg-V2-post-module-epilog-routing-BGP-test_bgp_4node.py.txt
2023-12-26 22:52:53,707 T0464: [D4-V4] chmod 777 /tmp/vtysh-runcfg-V4-post-module-epilog-routing-BGP-test_bgp_4node.py.txt
2023-12-26 22:52:55,133 T0461: [D1-V1] /sbin/ip link set dev eth0 up
2023-12-26 22:52:55,160 T0463: [D3-V3] /sbin/ip link set dev eth0 up
2023-12-26 22:52:55,176 T0462: [D2-V2] /sbin/ip link set dev eth0 up
2023-12-26 22:52:55,184 T0464: [D4-V4] /sbin/ip link set dev eth0 up
2023-12-26 22:52:55,803 T0461: [D1-V1] /sbin/ip route list dev eth0
2023-12-26 22:52:55,831 T0463: [D3-V3] /sbin/ip route list dev eth0
2023-12-26 22:52:55,841 T0462: [D2-V2] /sbin/ip route list dev eth0
2023-12-26 22:52:55,856 T0464: [D4-V4] /sbin/ip route list dev eth0
2023-12-26 22:53:04,252 T0497: [D1-V1] sudo show interfaces status Ethernet124
2023-12-26 22:53:04,264 T0499: [D3-V3] sudo show interfaces status Ethernet124
2023-12-26 22:53:04,268 T0498: [D2-V2] sudo show interfaces status Ethernet124
2023-12-26 22:53:04,275 T0500: [D4-V4] sudo show interfaces status Ethernet124
2023-12-26 22:53:06,770 T0000: 
================== Framework Module Hook Finalize: routing/BGP/test_bgp_4node.py Pass: 5/5 ==================
2023-12-26 22:53:06,770 T0000: 
================== Devices used: routing/BGP/test_bgp_4node.py 4 ['V1', 'V2', 'V3', 'V4'] ==================
2023-12-26 22:53:08,598 T0000: 
================== Framework Module Hook: batch/test_spytest_infra_1.py ==================
2023-12-26 22:53:08,623 T0513: [D1-V1] no router bgp
2023-12-26 22:53:08,633 T0514: [D2-V2] no router bgp
2023-12-26 22:53:08,636 T0515: [D3-V3] no router bgp
2023-12-26 22:53:08,642 T0516: [D4-V4] no router bgp
2023-12-26 22:53:10,428 T0513: [D1-V1] config feature state sflow enabled
2023-12-26 22:53:10,466 T0516: [D4-V4] config feature state sflow enabled
2023-12-26 22:53:10,476 T0515: [D3-V3] config feature state sflow enabled
2023-12-26 22:53:10,491 T0514: [D2-V2] config feature state sflow enabled
2023-12-26 22:53:12,373 T0513: [D1-V1] config feature state nat enabled
2023-12-26 22:53:12,479 T0516: [D4-V4] config feature state nat enabled
2023-12-26 22:53:12,488 T0515: [D3-V3] config feature state nat enabled
2023-12-26 22:53:12,538 T0514: [D2-V2] config feature state nat enabled
2023-12-26 22:53:47,888 T0515: [D3-V3] /sbin/ip link set dev eth0 up
2023-12-26 22:53:48,582 T0515: [D3-V3] /sbin/ip route list dev eth0
2023-12-26 22:53:48,923 T0513: [D1-V1] /sbin/ip link set dev eth0 up
2023-12-26 22:53:49,089 T0516: [D4-V4] /sbin/ip link set dev eth0 up
2023-12-26 22:53:49,147 T0514: [D2-V2] /sbin/ip link set dev eth0 up
2023-12-26 22:53:49,258 T0515: [D3-V3] /sbin/ifconfig eth0
2023-12-26 22:53:49,592 T0513: [D1-V1] /sbin/ip route list dev eth0
2023-12-26 22:53:49,758 T0516: [D4-V4] /sbin/ip route list dev eth0
2023-12-26 22:53:49,813 T0514: [D2-V2] /sbin/ip route list dev eth0
2023-12-26 22:53:50,269 T0513: [D1-V1] /sbin/ifconfig eth0
2023-12-26 22:53:50,429 T0516: [D4-V4] /sbin/ifconfig eth0
2023-12-26 22:53:50,488 T0514: [D2-V2] /sbin/ifconfig eth0
2023-12-26 22:53:50,747 T0515: [D3-V3] /sbin/ip link set dev eth0 up
2023-12-26 22:53:51,431 T0515: [D3-V3] /sbin/ip route list dev eth0
2023-12-26 22:53:51,762 T0513: [D1-V1] /sbin/ip link set dev eth0 up
2023-12-26 22:53:51,916 T0516: [D4-V4] /sbin/ip link set dev eth0 up
2023-12-26 22:53:51,983 T0514: [D2-V2] /sbin/ip link set dev eth0 up
2023-12-26 22:53:52,110 T0515: [D3-V3] sudo show interfaces status Ethernet124
2023-12-26 22:53:52,430 T0513: [D1-V1] /sbin/ip route list dev eth0
2023-12-26 22:53:52,579 T0516: [D4-V4] /sbin/ip route list dev eth0
2023-12-26 22:53:52,653 T0514: [D2-V2] /sbin/ip route list dev eth0
2023-12-26 22:53:53,101 T0513: [D1-V1] sudo show interfaces status Ethernet124
2023-12-26 22:53:53,252 T0516: [D4-V4] sudo show interfaces status Ethernet124
2023-12-26 22:53:53,333 T0514: [D2-V2] sudo show interfaces status Ethernet124
2023-12-26 22:53:55,643 T0518: [D1-V1] sudo show interfaces status
2023-12-26 22:53:55,645 T0519: [D2-V2] sudo show interfaces status
2023-12-26 22:53:55,648 T0520: [D3-V3] sudo show interfaces status
2023-12-26 22:53:55,651 T0521: [D4-V4] sudo show interfaces status
2023-12-26 22:54:02,507 T0523: [D1-V1] sudo show interfaces status
2023-12-26 22:54:02,509 T0524: [D2-V2] sudo show interfaces status
2023-12-26 22:54:02,512 T0525: [D3-V3] sudo show interfaces status
2023-12-26 22:54:02,516 T0526: [D4-V4] sudo show interfaces status
2023-12-26 22:54:09,376 T0528: [D1-V1] sudo show interfaces status
2023-12-26 22:54:09,379 T0529: [D2-V2] sudo show interfaces status
2023-12-26 22:54:09,382 T0530: [D3-V3] sudo show interfaces status
2023-12-26 22:54:09,385 T0531: [D4-V4] sudo show interfaces status
2023-12-26 22:54:11,178 T0000: 
================== Framework Module Hook Finish: batch/test_spytest_infra_1.py ==================
2023-12-26 22:54:11,179 T0000: 
================== Framework Function Hook: batch/test_spytest_infra_1.py::test_spytest_infra_last ==================
2023-12-26 22:54:14,317 T0537: [D1-V1] sudo show interfaces status
2023-12-26 22:54:14,320 T0538: [D2-V2] sudo show interfaces status
2023-12-26 22:54:14,322 T0539: [D3-V3] sudo show interfaces status
2023-12-26 22:54:14,326 T0540: [D4-V4] sudo show interfaces status
2023-12-26 22:54:16,120 T0541: [D1-V1] sudo show interfaces status Ethernet124
2023-12-26 22:54:16,128 T0542: [D2-V2] sudo show interfaces status Ethernet124
2023-12-26 22:54:16,133 T0544: [D4-V4] sudo show interfaces status Ethernet124
2023-12-26 22:54:16,139 T0543: [D3-V3] sudo show interfaces status Ethernet124
2023-12-26 22:54:20,202 T0000: 
================== Framework Function Hook Finish: batch/test_spytest_infra_1.py::test_spytest_infra_last ==================
2023-12-26 22:54:20,205 T0000: 
================== Test Execution: batch/test_spytest_infra_1.py::test_spytest_infra_last ==================
2023-12-26 22:54:20,253 T0000: 
================== Framework Function Hook Finalize: batch/test_spytest_infra_1.py::test_spytest_infra_last ==================
2023-12-26 22:54:20,264 T0546: [D2-V2] sudo show interfaces status Ethernet124
2023-12-26 22:54:20,268 T0545: [D1-V1] sudo show interfaces status Ethernet124
2023-12-26 22:54:20,277 T0547: [D3-V3] sudo show interfaces status Ethernet124
2023-12-26 22:54:20,284 T0548: [D4-V4] sudo show interfaces status Ethernet124
2023-12-26 22:54:22,704 T0000: 
================== Framework Module Hook Finalize: batch/test_spytest_infra_1.py Pass: 1/1 ==================
2023-12-26 22:54:22,704 T0000: 
================== Devices used: batch/test_spytest_infra_1.py 4 ['V2', 'V1', 'V3', 'V4'] ==================
2023-12-26 22:54:22,829 T0557: [D1-V1] ['stty cols 80']
2023-12-26 22:54:22,832 T0558: [D2-V2] ['stty cols 80']
2023-12-26 22:54:22,835 T0559: [D3-V3] ['stty cols 80']
2023-12-26 22:54:22,839 T0560: [D4-V4] ['stty cols 80']
