2023-12-29 22:41:58,531 T0013: [D2-V2] ['export TMOUT=0', 'stty cols 5000', 'uptime']
2023-12-29 22:41:58,536 T0015: [D4-V4] ['export TMOUT=0', 'stty cols 5000', 'uptime']
2023-12-29 22:41:58,549 T0012: [D1-V1] ['export TMOUT=0', 'stty cols 5000', 'uptime']
2023-12-29 22:41:58,564 T0014: [D3-V3] ['export TMOUT=0', 'stty cols 5000', 'uptime']
2023-12-29 22:41:59,204 T0013: [D2-V2] cat /proc/uptime
2023-12-29 22:41:59,211 T0015: [D4-V4] cat /proc/uptime
2023-12-29 22:41:59,219 T0012: [D1-V1] cat /proc/uptime
2023-12-29 22:41:59,231 T0014: [D3-V3] cat /proc/uptime
2023-12-29 22:41:59,873 T0013: [D2-V2] sudo vtysh -c 'show running-config | include hostname'
2023-12-29 22:41:59,880 T0015: [D4-V4] sudo vtysh -c 'show running-config | include hostname'
2023-12-29 22:41:59,888 T0012: [D1-V1] sudo vtysh -c 'show running-config | include hostname'
2023-12-29 22:41:59,897 T0014: [D3-V3] sudo vtysh -c 'show running-config | include hostname'
2023-12-29 22:42:02,183 T0013: [D2-V2] /sbin/ip link set dev eth0 up
2023-12-29 22:42:02,230 T0015: [D4-V4] /sbin/ip link set dev eth0 up
2023-12-29 22:42:02,253 T0012: [D1-V1] /sbin/ip link set dev eth0 up
2023-12-29 22:42:02,304 T0014: [D3-V3] /sbin/ip link set dev eth0 up
2023-12-29 22:42:02,849 T0013: [D2-V2] /sbin/ip route list dev eth0
2023-12-29 22:42:02,898 T0015: [D4-V4] /sbin/ip route list dev eth0
2023-12-29 22:42:02,924 T0012: [D1-V1] /sbin/ip route list dev eth0
2023-12-29 22:42:02,976 T0014: [D3-V3] /sbin/ip route list dev eth0
2023-12-29 22:42:22,685 T0013: [D2-V2] /sbin/ip link set dev eth0 up
2023-12-29 22:42:22,718 T0015: [D4-V4] /sbin/ip link set dev eth0 up
2023-12-29 22:42:23,349 T0013: [D2-V2] /sbin/ip route list dev eth0
2023-12-29 22:42:23,384 T0015: [D4-V4] /sbin/ip route list dev eth0
2023-12-29 22:42:23,822 T0012: [D1-V1] /sbin/ip link set dev eth0 up
2023-12-29 22:42:24,020 T0013: [D2-V2] ['export TMOUT=0', 'stty cols 5000', 'uptime']
2023-12-29 22:42:24,061 T0015: [D4-V4] ['export TMOUT=0', 'stty cols 5000', 'uptime']
2023-12-29 22:42:24,490 T0012: [D1-V1] /sbin/ip route list dev eth0
2023-12-29 22:42:25,159 T0012: [D1-V1] ['export TMOUT=0', 'stty cols 5000', 'uptime']
2023-12-29 22:42:25,521 T0014: [D3-V3] /sbin/ip link set dev eth0 up
2023-12-29 22:42:26,158 T0013: [D2-V2] /sbin/ip link set dev eth0 up
2023-12-29 22:42:26,188 T0014: [D3-V3] /sbin/ip route list dev eth0
2023-12-29 22:42:26,207 T0015: [D4-V4] /sbin/ip link set dev eth0 up
2023-12-29 22:42:26,822 T0013: [D2-V2] /sbin/ip route list dev eth0
2023-12-29 22:42:26,864 T0014: [D3-V3] ['export TMOUT=0', 'stty cols 5000', 'uptime']
2023-12-29 22:42:26,874 T0015: [D4-V4] /sbin/ip route list dev eth0
2023-12-29 22:42:27,298 T0012: [D1-V1] /sbin/ip link set dev eth0 up
2023-12-29 22:42:27,961 T0012: [D1-V1] /sbin/ip route list dev eth0
2023-12-29 22:42:28,155 T0013: [D2-V2] show version
2023-12-29 22:42:28,217 T0015: [D4-V4] show version
2023-12-29 22:42:29,008 T0014: [D3-V3] /sbin/ip link set dev eth0 up
2023-12-29 22:42:29,304 T0012: [D1-V1] show version
2023-12-29 22:42:29,700 T0014: [D3-V3] /sbin/ip route list dev eth0
2023-12-29 22:42:30,436 T0013: [D2-V2] /sbin/ip link set dev eth0 up
2023-12-29 22:42:30,516 T0015: [D4-V4] /sbin/ip link set dev eth0 up
2023-12-29 22:42:31,052 T0014: [D3-V3] show version
2023-12-29 22:42:31,103 T0013: [D2-V2] /sbin/ip route list dev eth0
2023-12-29 22:42:31,183 T0015: [D4-V4] /sbin/ip route list dev eth0
2023-12-29 22:42:31,592 T0012: [D1-V1] /sbin/ip link set dev eth0 up
2023-12-29 22:42:32,262 T0012: [D1-V1] /sbin/ip route list dev eth0
2023-12-29 22:42:33,253 T0013: [D2-V2] /sbin/ip link set dev eth0 up
2023-12-29 22:42:33,339 T0015: [D4-V4] /sbin/ip link set dev eth0 up
2023-12-29 22:42:33,432 T0014: [D3-V3] /sbin/ip link set dev eth0 up
2023-12-29 22:42:33,919 T0013: [D2-V2] /sbin/ip route list dev eth0
2023-12-29 22:42:34,011 T0015: [D4-V4] /sbin/ip route list dev eth0
2023-12-29 22:42:34,100 T0014: [D3-V3] /sbin/ip route list dev eth0
2023-12-29 22:42:34,419 T0012: [D1-V1] /sbin/ip link set dev eth0 up
2023-12-29 22:42:35,092 T0012: [D1-V1] /sbin/ip route list dev eth0
2023-12-29 22:42:36,251 T0014: [D3-V3] /sbin/ip link set dev eth0 up
2023-12-29 22:42:36,917 T0014: [D3-V3] /sbin/ip route list dev eth0
2023-12-29 22:45:01,965 T0036: [D1-V1] sudo show interfaces status
2023-12-29 22:45:01,973 T0037: [D2-V2] sudo show interfaces status
2023-12-29 22:45:01,977 T0038: [D3-V3] sudo show interfaces status
2023-12-29 22:45:01,982 T0039: [D4-V4] sudo show interfaces status
2023-12-29 22:45:04,026 T0036: [D1-V1] config interface startup Ethernet0
2023-12-29 22:45:04,071 T0039: [D4-V4] config interface startup Ethernet16
2023-12-29 22:45:04,169 T0038: [D3-V3] config interface startup Ethernet16
2023-12-29 22:45:04,223 T0037: [D2-V2] config interface startup Ethernet16
2023-12-29 22:45:05,347 T0036: [D1-V1] config interface startup Ethernet4
2023-12-29 22:45:05,395 T0039: [D4-V4] config interface startup Ethernet20
2023-12-29 22:45:05,737 T0038: [D3-V3] config interface startup Ethernet20
2023-12-29 22:45:05,798 T0037: [D2-V2] config interface startup Ethernet20
2023-12-29 22:45:06,723 T0036: [D1-V1] config interface startup Ethernet8
2023-12-29 22:45:06,821 T0039: [D4-V4] config interface startup Ethernet24
2023-12-29 22:45:07,161 T0038: [D3-V3] config interface startup Ethernet24
2023-12-29 22:45:07,332 T0037: [D2-V2] config interface startup Ethernet24
2023-12-29 22:45:08,144 T0036: [D1-V1] config interface startup Ethernet12
2023-12-29 22:45:08,400 T0039: [D4-V4] config interface startup Ethernet28
2023-12-29 22:45:08,482 T0038: [D3-V3] config interface startup Ethernet28
2023-12-29 22:45:08,759 T0037: [D2-V2] config interface startup Ethernet28
2023-12-29 22:45:09,668 T0036: [D1-V1] config interface startup Ethernet16
2023-12-29 22:45:09,807 T0038: [D3-V3] config interface startup Ethernet32
2023-12-29 22:45:09,926 T0039: [D4-V4] config interface startup Ethernet32
2023-12-29 22:45:10,129 T0037: [D2-V2] config interface startup Ethernet32
2023-12-29 22:45:11,093 T0036: [D1-V1] config interface startup Ethernet20
2023-12-29 22:45:11,130 T0038: [D3-V3] config interface startup Ethernet36
2023-12-29 22:45:11,352 T0039: [D4-V4] config interface startup Ethernet36
2023-12-29 22:45:11,507 T0037: [D2-V2] config interface startup Ethernet36
2023-12-29 22:45:12,403 T0038: [D3-V3] config interface startup Ethernet40
2023-12-29 22:45:12,469 T0036: [D1-V1] config interface startup Ethernet24
2023-12-29 22:45:12,676 T0039: [D4-V4] config interface startup Ethernet40
2023-12-29 22:45:12,929 T0037: [D2-V2] config interface startup Ethernet0
2023-12-29 22:45:13,676 T0038: [D3-V3] config interface startup Ethernet44
2023-12-29 22:45:13,792 T0036: [D1-V1] config interface startup Ethernet28
2023-12-29 22:45:14,048 T0039: [D4-V4] config interface startup Ethernet44
2023-12-29 22:45:14,252 T0037: [D2-V2] config interface startup Ethernet4
2023-12-29 22:45:14,948 T0038: [D3-V3] config interface startup Ethernet0
2023-12-29 22:45:15,065 T0036: [D1-V1] config interface startup Ethernet32
2023-12-29 22:45:15,367 T0039: [D4-V4] config interface startup Ethernet48
2023-12-29 22:45:15,523 T0037: [D2-V2] config interface startup Ethernet8
2023-12-29 22:45:16,222 T0038: [D3-V3] config interface startup Ethernet4
2023-12-29 22:45:16,439 T0036: [D1-V1] config interface startup Ethernet36
2023-12-29 22:45:16,685 T0039: [D4-V4] config interface startup Ethernet52
2023-12-29 22:45:16,851 T0037: [D2-V2] config interface startup Ethernet12
2023-12-29 22:45:17,495 T0038: [D3-V3] config interface startup Ethernet8
2023-12-29 22:45:17,708 T0036: [D1-V1] config interface startup Ethernet40
2023-12-29 22:45:17,951 T0039: [D4-V4] config interface startup Ethernet56
2023-12-29 22:45:18,173 T0037: [D2-V2] config interface startup Ethernet40
2023-12-29 22:45:18,818 T0038: [D3-V3] config interface startup Ethernet12
2023-12-29 22:45:19,025 T0036: [D1-V1] config interface startup Ethernet44
2023-12-29 22:45:19,271 T0039: [D4-V4] config interface startup Ethernet60
2023-12-29 22:45:19,445 T0037: [D2-V2] config interface startup Ethernet44
2023-12-29 22:45:20,091 T0038: [D3-V3] config interface startup Ethernet48
2023-12-29 22:45:20,297 T0036: [D1-V1] config interface startup Ethernet48
2023-12-29 22:45:20,540 T0039: [D4-V4] config interface startup Ethernet64
2023-12-29 22:45:20,714 T0037: [D2-V2] config interface startup Ethernet48
2023-12-29 22:45:21,410 T0038: [D3-V3] config interface startup Ethernet52
2023-12-29 22:45:21,569 T0036: [D1-V1] config interface startup Ethernet52
2023-12-29 22:45:21,861 T0039: [D4-V4] config interface startup Ethernet68
2023-12-29 22:45:21,987 T0037: [D2-V2] config interface startup Ethernet52
2023-12-29 22:45:22,727 T0038: [D3-V3] config interface startup Ethernet56
2023-12-29 22:45:22,840 T0036: [D1-V1] config interface startup Ethernet56
2023-12-29 22:45:23,179 T0039: [D4-V4] config interface startup Ethernet0
2023-12-29 22:45:23,309 T0037: [D2-V2] config interface startup Ethernet56
2023-12-29 22:45:23,993 T0038: [D3-V3] config interface startup Ethernet60
2023-12-29 22:45:24,113 T0036: [D1-V1] config interface startup Ethernet60
2023-12-29 22:45:24,497 T0039: [D4-V4] config interface startup Ethernet4
2023-12-29 22:45:24,582 T0037: [D2-V2] config interface startup Ethernet60
2023-12-29 22:45:25,361 T0038: [D3-V3] config interface startup Ethernet64
2023-12-29 22:45:25,435 T0036: [D1-V1] config interface startup Ethernet64
2023-12-29 22:45:25,817 T0039: [D4-V4] config interface startup Ethernet8
2023-12-29 22:45:25,905 T0037: [D2-V2] config interface startup Ethernet64
2023-12-29 22:45:26,703 T0036: [D1-V1] config interface startup Ethernet68
2023-12-29 22:45:26,729 T0038: [D3-V3] config interface startup Ethernet68
2023-12-29 22:45:27,087 T0039: [D4-V4] config interface startup Ethernet12
2023-12-29 22:45:27,177 T0037: [D2-V2] config interface startup Ethernet68
2023-12-29 22:45:27,975 T0036: [D1-V1] config interface shutdown Ethernet72
2023-12-29 22:45:28,000 T0038: [D3-V3] config interface shutdown Ethernet72
2023-12-29 22:45:28,361 T0039: [D4-V4] config interface shutdown Ethernet72
2023-12-29 22:45:28,553 T0037: [D2-V2] config interface shutdown Ethernet72
2023-12-29 22:45:29,247 T0036: [D1-V1] config interface shutdown Ethernet76
2023-12-29 22:45:29,319 T0038: [D3-V3] config interface shutdown Ethernet76
2023-12-29 22:45:29,633 T0039: [D4-V4] config interface shutdown Ethernet76
2023-12-29 22:45:29,827 T0037: [D2-V2] config interface shutdown Ethernet76
2023-12-29 22:45:30,569 T0036: [D1-V1] config interface shutdown Ethernet80
2023-12-29 22:45:30,584 T0038: [D3-V3] config interface shutdown Ethernet80
2023-12-29 22:45:30,905 T0039: [D4-V4] config interface shutdown Ethernet80
2023-12-29 22:45:31,299 T0037: [D2-V2] config interface shutdown Ethernet80
2023-12-29 22:45:31,892 T0036: [D1-V1] config interface shutdown Ethernet84
2023-12-29 22:45:31,956 T0038: [D3-V3] config interface shutdown Ethernet84
2023-12-29 22:45:32,177 T0039: [D4-V4] config interface shutdown Ethernet84
2023-12-29 22:45:32,671 T0037: [D2-V2] config interface shutdown Ethernet84
2023-12-29 22:45:33,160 T0036: [D1-V1] config interface shutdown Ethernet88
2023-12-29 22:45:33,276 T0038: [D3-V3] config interface shutdown Ethernet88
2023-12-29 22:45:33,448 T0039: [D4-V4] config interface shutdown Ethernet88
2023-12-29 22:45:33,940 T0037: [D2-V2] config interface shutdown Ethernet88
2023-12-29 22:45:34,484 T0036: [D1-V1] config interface shutdown Ethernet92
2023-12-29 22:45:34,547 T0038: [D3-V3] config interface shutdown Ethernet92
2023-12-29 22:45:34,725 T0039: [D4-V4] config interface shutdown Ethernet92
2023-12-29 22:45:35,261 T0037: [D2-V2] config interface shutdown Ethernet92
2023-12-29 22:45:35,817 T0038: [D3-V3] config interface shutdown Ethernet96
2023-12-29 22:45:35,905 T0036: [D1-V1] config interface shutdown Ethernet96
2023-12-29 22:45:36,101 T0039: [D4-V4] config interface shutdown Ethernet96
2023-12-29 22:45:36,586 T0037: [D2-V2] config interface shutdown Ethernet96
2023-12-29 22:45:37,038 T0038: [D3-V3] config interface shutdown Ethernet100
2023-12-29 22:45:37,223 T0036: [D1-V1] config interface shutdown Ethernet100
2023-12-29 22:45:37,372 T0039: [D4-V4] config interface shutdown Ethernet100
2023-12-29 22:45:37,907 T0037: [D2-V2] config interface shutdown Ethernet100
2023-12-29 22:45:38,407 T0038: [D3-V3] config interface shutdown Ethernet104
2023-12-29 22:45:38,544 T0036: [D1-V1] config interface shutdown Ethernet104
2023-12-29 22:45:38,742 T0039: [D4-V4] config interface shutdown Ethernet104
2023-12-29 22:45:39,377 T0037: [D2-V2] config interface shutdown Ethernet104
2023-12-29 22:45:39,729 T0038: [D3-V3] config interface shutdown Ethernet108
2023-12-29 22:45:39,965 T0036: [D1-V1] config interface shutdown Ethernet108
2023-12-29 22:45:40,062 T0039: [D4-V4] config interface shutdown Ethernet108
2023-12-29 22:45:40,698 T0037: [D2-V2] config interface shutdown Ethernet108
2023-12-29 22:45:41,099 T0038: [D3-V3] config interface shutdown Ethernet112
2023-12-29 22:45:41,336 T0036: [D1-V1] config interface shutdown Ethernet112
2023-12-29 22:45:41,384 T0039: [D4-V4] config interface shutdown Ethernet112
2023-12-29 22:45:42,022 T0037: [D2-V2] config interface shutdown Ethernet112
2023-12-29 22:45:42,471 T0038: [D3-V3] config interface shutdown Ethernet116
2023-12-29 22:45:42,606 T0036: [D1-V1] config interface shutdown Ethernet116
2023-12-29 22:45:42,653 T0039: [D4-V4] config interface shutdown Ethernet116
2023-12-29 22:45:43,345 T0037: [D2-V2] config interface shutdown Ethernet116
2023-12-29 22:45:43,925 T0036: [D1-V1] config interface shutdown Ethernet120
2023-12-29 22:45:43,942 T0038: [D3-V3] config interface shutdown Ethernet120
2023-12-29 22:45:43,975 T0039: [D4-V4] config interface shutdown Ethernet120
2023-12-29 22:45:44,718 T0037: [D2-V2] config interface shutdown Ethernet120
2023-12-29 22:45:45,250 T0036: [D1-V1] config interface shutdown Ethernet124
2023-12-29 22:45:45,262 T0038: [D3-V3] config interface shutdown Ethernet124
2023-12-29 22:45:45,295 T0039: [D4-V4] config interface shutdown Ethernet124
2023-12-29 22:45:46,089 T0037: [D2-V2] config interface shutdown Ethernet124
2023-12-29 22:45:53,883 T0040: [D1-V1] show version
2023-12-29 22:45:53,889 T0041: [D2-V2] show version
2023-12-29 22:45:53,891 T0042: [D3-V3] show version
2023-12-29 22:45:53,896 T0043: [D4-V4] show version
2023-12-29 22:45:56,231 T0040: [D1-V1] cat /var/run/redis/sonic-db/database_config.json
2023-12-29 22:45:57,054 T0043: [D4-V4] cat /var/run/redis/sonic-db/database_config.json
2023-12-29 22:45:57,924 T0041: [D2-V2] cat /var/run/redis/sonic-db/database_config.json
2023-12-29 22:45:58,764 T0042: [D3-V3] cat /var/run/redis/sonic-db/database_config.json
2023-12-29 22:45:58,812 T0040: [D1-V1] /sbin/ifconfig eth0
2023-12-29 22:45:58,927 T0043: [D4-V4] /sbin/ifconfig eth0
2023-12-29 22:45:59,155 T0041: [D2-V2] /sbin/ifconfig eth0
2023-12-29 22:45:59,508 T0040: [D1-V1] ls /etc/sonic/bcmsim.cfg
2023-12-29 22:45:59,531 T0042: [D3-V3] /sbin/ifconfig eth0
2023-12-29 22:45:59,622 T0043: [D4-V4] ls /etc/sonic/bcmsim.cfg
2023-12-29 22:45:59,839 T0041: [D2-V2] ls /etc/sonic/bcmsim.cfg
2023-12-29 22:46:00,215 T0042: [D3-V3] ls /etc/sonic/bcmsim.cfg
2023-12-29 22:46:00,903 T0045: [D2-V2] no router bgp
2023-12-29 22:46:00,908 T0044: [D1-V1] no router bgp
2023-12-29 22:46:00,917 T0047: [D4-V4] no router bgp
2023-12-29 22:46:00,925 T0046: [D3-V3] no router bgp
2023-12-29 22:46:02,669 T0044: [D1-V1] config feature state sflow enabled
2023-12-29 22:46:02,710 T0045: [D2-V2] config feature state sflow enabled
2023-12-29 22:46:02,726 T0047: [D4-V4] config feature state sflow enabled
2023-12-29 22:46:02,737 T0046: [D3-V3] config feature state sflow enabled
2023-12-29 22:46:04,919 T0044: [D1-V1] config feature state nat enabled
2023-12-29 22:46:04,957 T0045: [D2-V2] config feature state nat enabled
2023-12-29 22:46:04,980 T0047: [D4-V4] config feature state nat enabled
2023-12-29 22:46:04,988 T0046: [D3-V3] config feature state nat enabled
2023-12-29 22:46:10,751 T0052: [D1-V1] config save /tmp/config-db-V1-post-session-prolog-session.json -y
2023-12-29 22:46:10,757 T0053: [D2-V2] config save /tmp/config-db-V2-post-session-prolog-session.json -y
2023-12-29 22:46:10,762 T0054: [D3-V3] config save /tmp/config-db-V3-post-session-prolog-session.json -y
2023-12-29 22:46:10,767 T0055: [D4-V4] config save /tmp/config-db-V4-post-session-prolog-session.json -y
2023-12-29 22:46:13,054 T0055: [D4-V4] chmod 777 /tmp/config-db-V4-post-session-prolog-session.json
2023-12-29 22:46:14,009 T0053: [D2-V2] chmod 777 /tmp/config-db-V2-post-session-prolog-session.json
2023-12-29 22:46:14,463 T0052: [D1-V1] chmod 777 /tmp/config-db-V1-post-session-prolog-session.json
2023-12-29 22:46:14,530 T0055: [D4-V4] /sbin/ip link set dev eth0 up
2023-12-29 22:46:14,868 T0054: [D3-V3] chmod 777 /tmp/config-db-V3-post-session-prolog-session.json
2023-12-29 22:46:15,198 T0055: [D4-V4] /sbin/ip route list dev eth0
2023-12-29 22:46:15,483 T0053: [D2-V2] /sbin/ip link set dev eth0 up
2023-12-29 22:46:15,947 T0052: [D1-V1] /sbin/ip link set dev eth0 up
2023-12-29 22:46:16,158 T0053: [D2-V2] /sbin/ip route list dev eth0
2023-12-29 22:46:16,352 T0054: [D3-V3] /sbin/ip link set dev eth0 up
2023-12-29 22:46:16,620 T0052: [D1-V1] /sbin/ip route list dev eth0
2023-12-29 22:46:17,027 T0054: [D3-V3] /sbin/ip route list dev eth0
2023-12-29 22:46:23,934 T0055: [D4-V4] sudo vtysh -c 'show running-config' > /tmp/vtysh-runcfg-V4-post-session-prolog-session.txt
2023-12-29 22:46:24,606 T0053: [D2-V2] sudo vtysh -c 'show running-config' > /tmp/vtysh-runcfg-V2-post-session-prolog-session.txt
2023-12-29 22:46:24,806 T0055: [D4-V4] chmod 777 /tmp/vtysh-runcfg-V4-post-session-prolog-session.txt
2023-12-29 22:46:25,043 T0052: [D1-V1] sudo vtysh -c 'show running-config' > /tmp/vtysh-runcfg-V1-post-session-prolog-session.txt
2023-12-29 22:46:25,468 T0054: [D3-V3] sudo vtysh -c 'show running-config' > /tmp/vtysh-runcfg-V3-post-session-prolog-session.txt
2023-12-29 22:46:25,727 T0053: [D2-V2] chmod 777 /tmp/vtysh-runcfg-V2-post-session-prolog-session.txt
2023-12-29 22:46:25,912 T0052: [D1-V1] chmod 777 /tmp/vtysh-runcfg-V1-post-session-prolog-session.txt
2023-12-29 22:46:26,287 T0055: [D4-V4] /sbin/ip link set dev eth0 up
2023-12-29 22:46:26,343 T0054: [D3-V3] chmod 777 /tmp/vtysh-runcfg-V3-post-session-prolog-session.txt
2023-12-29 22:46:26,958 T0055: [D4-V4] /sbin/ip route list dev eth0
2023-12-29 22:46:27,200 T0053: [D2-V2] /sbin/ip link set dev eth0 up
2023-12-29 22:46:27,387 T0052: [D1-V1] /sbin/ip link set dev eth0 up
2023-12-29 22:46:27,819 T0054: [D3-V3] /sbin/ip link set dev eth0 up
2023-12-29 22:46:27,875 T0053: [D2-V2] /sbin/ip route list dev eth0
2023-12-29 22:46:28,058 T0052: [D1-V1] /sbin/ip route list dev eth0
2023-12-29 22:46:28,489 T0054: [D3-V3] /sbin/ip route list dev eth0
2023-12-29 22:46:39,412 T0000: 
================== Framework Module Hook: batch/test_spytest_infra_1.py ==================
2023-12-29 22:46:39,444 T0101: [D2-V2] sudo show interfaces status Ethernet124
2023-12-29 22:46:39,447 T0100: [D1-V1] sudo show interfaces status Ethernet124
2023-12-29 22:46:39,457 T0103: [D4-V4] sudo show interfaces status Ethernet124
2023-12-29 22:46:39,463 T0102: [D3-V3] sudo show interfaces status Ethernet124
2023-12-29 22:46:42,928 T0105: [D1-V1] sudo show interfaces status
2023-12-29 22:46:42,931 T0106: [D2-V2] sudo show interfaces status
2023-12-29 22:46:42,934 T0107: [D3-V3] sudo show interfaces status
2023-12-29 22:46:42,938 T0108: [D4-V4] sudo show interfaces status
2023-12-29 22:46:44,937 T0000: 
================== Framework Module Hook Finish: batch/test_spytest_infra_1.py ==================
2023-12-29 22:46:44,937 T0000: 
================== Framework Function Hook: batch/test_spytest_infra_1.py::test_spytest_infra_first ==================
2023-12-29 22:46:49,276 T0114: [D1-V1] sudo show interfaces status
2023-12-29 22:46:49,278 T0115: [D2-V2] sudo show interfaces status
2023-12-29 22:46:49,281 T0116: [D3-V3] sudo show interfaces status
2023-12-29 22:46:49,285 T0117: [D4-V4] sudo show interfaces status
2023-12-29 22:46:51,259 T0118: [D1-V1] sudo show interfaces status Ethernet124
2023-12-29 22:46:51,267 T0119: [D2-V2] sudo show interfaces status Ethernet124
2023-12-29 22:46:51,273 T0120: [D3-V3] sudo show interfaces status Ethernet124
2023-12-29 22:46:51,278 T0121: [D4-V4] sudo show interfaces status Ethernet124
2023-12-29 22:46:55,453 T0000: 
================== Framework Function Hook Finish: batch/test_spytest_infra_1.py::test_spytest_infra_first ==================
2023-12-29 22:46:55,457 T0000: 
================== Test Execution: batch/test_spytest_infra_1.py::test_spytest_infra_first ==================
2023-12-29 22:46:55,498 T0000: 
================== Framework Function Hook Finalize: batch/test_spytest_infra_1.py::test_spytest_infra_first ==================
2023-12-29 22:46:55,662 T0000: 
================== Framework Function Hook: batch/test_spytest_infra_1.py::test_spytest_infra_second ==================
2023-12-29 22:46:55,703 T0123: [D1-V1] sudo show interfaces status
2023-12-29 22:46:55,706 T0124: [D2-V2] sudo show interfaces status
2023-12-29 22:46:55,708 T0125: [D3-V3] sudo show interfaces status
2023-12-29 22:46:55,711 T0126: [D4-V4] sudo show interfaces status
2023-12-29 22:46:57,820 T0127: [D1-V1] sudo show interfaces status Ethernet124
2023-12-29 22:46:57,833 T0128: [D2-V2] sudo show interfaces status Ethernet124
2023-12-29 22:46:57,838 T0129: [D3-V3] sudo show interfaces status Ethernet124
2023-12-29 22:46:57,845 T0130: [D4-V4] sudo show interfaces status Ethernet124
2023-12-29 22:47:02,019 T0000: 
================== Framework Function Hook Finish: batch/test_spytest_infra_1.py::test_spytest_infra_second ==================
2023-12-29 22:47:02,021 T0000: 
================== Test Execution: batch/test_spytest_infra_1.py::test_spytest_infra_second ==================
2023-12-29 22:47:02,063 T0000: 
================== Framework Function Hook Finalize: batch/test_spytest_infra_1.py::test_spytest_infra_second ==================
2023-12-29 22:47:02,070 T0131: [D1-V1] sudo show interfaces status Ethernet124
2023-12-29 22:47:02,081 T0132: [D2-V2] sudo show interfaces status Ethernet124
2023-12-29 22:47:02,085 T0133: [D3-V3] sudo show interfaces status Ethernet124
2023-12-29 22:47:02,090 T0134: [D4-V4] sudo show interfaces status Ethernet124
2023-12-29 22:47:04,689 T0000: 
================== Framework Module Hook Finalize: batch/test_spytest_infra_1.py Pass: 2/2 ==================
2023-12-29 22:47:04,689 T0000: 
================== Devices used: batch/test_spytest_infra_1.py 4 ['V1', 'V2', 'V3', 'V4'] ==================
2023-12-29 22:47:06,352 T0000: 
================== Framework Module Hook: routing/BGP/test_bgp_4node.py ==================
2023-12-29 22:47:06,379 T0147: [D1-V1] sudo show interfaces status Ethernet124
2023-12-29 22:47:06,393 T0150: [D4-V4] sudo show interfaces status Ethernet124
2023-12-29 22:47:06,398 T0149: [D3-V3] sudo show interfaces status Ethernet124
2023-12-29 22:47:06,404 T0148: [D2-V2] sudo show interfaces status Ethernet124
2023-12-29 22:47:08,909 T0152: [D1-V1] sudo show interfaces status
2023-12-29 22:47:08,912 T0153: [D2-V2] sudo show interfaces status
2023-12-29 22:47:08,915 T0154: [D3-V3] sudo show interfaces status
2023-12-29 22:47:08,919 T0155: [D4-V4] sudo show interfaces status
2023-12-29 22:47:10,902 T0156: [D1-V1] config save /tmp/config-db-V1-pre-module-prolog-routing-BGP-test_bgp_4node.py.json -y
2023-12-29 22:47:10,910 T0157: [D2-V2] config save /tmp/config-db-V2-pre-module-prolog-routing-BGP-test_bgp_4node.py.json -y
2023-12-29 22:47:10,916 T0158: [D3-V3] config save /tmp/config-db-V3-pre-module-prolog-routing-BGP-test_bgp_4node.py.json -y
2023-12-29 22:47:10,921 T0159: [D4-V4] config save /tmp/config-db-V4-pre-module-prolog-routing-BGP-test_bgp_4node.py.json -y
2023-12-29 22:47:12,691 T0156: [D1-V1] chmod 777 /tmp/config-db-V1-pre-module-prolog-routing-BGP-test_bgp_4node.py.json
2023-12-29 22:47:12,707 T0158: [D3-V3] chmod 777 /tmp/config-db-V3-pre-module-prolog-routing-BGP-test_bgp_4node.py.json
2023-12-29 22:47:12,717 T0159: [D4-V4] chmod 777 /tmp/config-db-V4-pre-module-prolog-routing-BGP-test_bgp_4node.py.json
2023-12-29 22:47:12,905 T0157: [D2-V2] chmod 777 /tmp/config-db-V2-pre-module-prolog-routing-BGP-test_bgp_4node.py.json
2023-12-29 22:47:14,166 T0156: [D1-V1] /sbin/ip link set dev eth0 up
2023-12-29 22:47:14,183 T0158: [D3-V3] /sbin/ip link set dev eth0 up
2023-12-29 22:47:14,189 T0159: [D4-V4] /sbin/ip link set dev eth0 up
2023-12-29 22:47:14,379 T0157: [D2-V2] /sbin/ip link set dev eth0 up
2023-12-29 22:47:14,835 T0156: [D1-V1] /sbin/ip route list dev eth0
2023-12-29 22:47:14,854 T0158: [D3-V3] /sbin/ip route list dev eth0
2023-12-29 22:47:14,864 T0159: [D4-V4] /sbin/ip route list dev eth0
2023-12-29 22:47:15,047 T0157: [D2-V2] /sbin/ip route list dev eth0
2023-12-29 22:47:23,327 T0156: [D1-V1] sudo vtysh -c 'show running-config' > /tmp/vtysh-runcfg-V1-pre-module-prolog-routing-BGP-test_bgp_4node.py.txt
2023-12-29 22:47:23,334 T0159: [D4-V4] sudo vtysh -c 'show running-config' > /tmp/vtysh-runcfg-V4-pre-module-prolog-routing-BGP-test_bgp_4node.py.txt
2023-12-29 22:47:23,338 T0158: [D3-V3] sudo vtysh -c 'show running-config' > /tmp/vtysh-runcfg-V3-pre-module-prolog-routing-BGP-test_bgp_4node.py.txt
2023-12-29 22:47:23,532 T0157: [D2-V2] sudo vtysh -c 'show running-config' > /tmp/vtysh-runcfg-V2-pre-module-prolog-routing-BGP-test_bgp_4node.py.txt
2023-12-29 22:47:24,160 T0159: [D4-V4] chmod 777 /tmp/vtysh-runcfg-V4-pre-module-prolog-routing-BGP-test_bgp_4node.py.txt
2023-12-29 22:47:24,207 T0156: [D1-V1] chmod 777 /tmp/vtysh-runcfg-V1-pre-module-prolog-routing-BGP-test_bgp_4node.py.txt
2023-12-29 22:47:24,213 T0158: [D3-V3] chmod 777 /tmp/vtysh-runcfg-V3-pre-module-prolog-routing-BGP-test_bgp_4node.py.txt
2023-12-29 22:47:24,402 T0157: [D2-V2] chmod 777 /tmp/vtysh-runcfg-V2-pre-module-prolog-routing-BGP-test_bgp_4node.py.txt
2023-12-29 22:47:25,636 T0159: [D4-V4] /sbin/ip link set dev eth0 up
2023-12-29 22:47:25,683 T0156: [D1-V1] /sbin/ip link set dev eth0 up
2023-12-29 22:47:25,689 T0158: [D3-V3] /sbin/ip link set dev eth0 up
2023-12-29 22:47:25,878 T0157: [D2-V2] /sbin/ip link set dev eth0 up
2023-12-29 22:47:26,306 T0159: [D4-V4] /sbin/ip route list dev eth0
2023-12-29 22:47:26,351 T0156: [D1-V1] /sbin/ip route list dev eth0
2023-12-29 22:47:26,360 T0158: [D3-V3] /sbin/ip route list dev eth0
2023-12-29 22:47:26,546 T0157: [D2-V2] /sbin/ip route list dev eth0
2023-12-29 22:47:35,027 T0000: 
================== Framework Module Hook Finish: routing/BGP/test_bgp_4node.py ==================
2023-12-29 22:47:35,028 T0000: 
================== Module Hook: routing/BGP/test_bgp_4node.py bgp_module_hooks ==================
2023-12-29 22:47:35,038 T0192: [D1-V1] config interface ip add Ethernet16 11.1.0.1/24
2023-12-29 22:47:35,042 T0193: [D2-V2] config interface ip add Ethernet16 11.1.0.2/24
2023-12-29 22:47:36,319 T0194: [D1-V1] config interface ip add Ethernet16 67fe:1::1/64
2023-12-29 22:47:36,323 T0195: [D2-V2] config interface ip add Ethernet16 67fe:1::2/64
2023-12-29 22:47:37,650 T0196: [D2-V2] config interface ip add Ethernet40 11.2.0.1/24
2023-12-29 22:47:37,658 T0197: [D3-V3] config interface ip add Ethernet32 11.2.0.2/24
2023-12-29 22:47:39,139 T0198: [D2-V2] config interface ip add Ethernet40 67fe:2::1/64
2023-12-29 22:47:39,143 T0199: [D3-V3] config interface ip add Ethernet32 67fe:2::2/64
2023-12-29 22:47:40,527 T0200: [D3-V3] config interface ip add Ethernet48 11.3.0.1/24
2023-12-29 22:47:40,533 T0201: [D4-V4] config interface ip add Ethernet48 11.3.0.2/24
2023-12-29 22:47:41,862 T0202: [D3-V3] config interface ip add Ethernet48 67fe:3::1/64
2023-12-29 22:47:41,867 T0203: [D4-V4] config interface ip add Ethernet48 67fe:3::2/64
2023-12-29 22:47:43,149 T0000: [D1-V1] ping -4 11.1.0.2 -c 3 
2023-12-29 22:47:45,884 T0000: [D1-V1] ping -6 67fe:1::2 -c 3 
2023-12-29 22:47:48,603 T0000: [D2-V2] ping -4 11.2.0.2 -c 3 
2023-12-29 22:47:51,323 T0000: [D2-V2] ping -6 67fe:2::2 -c 3 
2023-12-29 22:47:54,057 T0000: [D3-V3] ping -4 11.3.0.2 -c 3 
2023-12-29 22:47:56,779 T0000: [D3-V3] ping -6 67fe:3::2 -c 3 
2023-12-29 22:47:59,503 T0000: 
================== Module Hook Finish: routing/BGP/test_bgp_4node.py bgp_module_hooks ==================
2023-12-29 22:47:59,504 T0000: 
================== Class Hook: routing/BGP/test_bgp_4node.py bgp_confed_class_hook ==================
2023-12-29 22:47:59,512 T0000: [D1-V1]  router bgp 24
 no bgp ebgp-requires-policy
2023-12-29 22:48:02,166 T0000: [D1-V1]  bgp confederation peers 35
 bgp confederation identifier 100
 neighbor 11.1.0.2 remote-as 35

2023-12-29 22:48:03,629 T0000: [D2-V2]  router bgp 35
 no bgp ebgp-requires-policy
2023-12-29 22:48:06,225 T0000: [D2-V2]  bgp confederation peers 24
 bgp confederation identifier 100
 neighbor 11.2.0.2 remote-as 35

2023-12-29 22:48:07,685 T0000: [D2-V2]  router bgp 35
 no bgp ebgp-requires-policy
2023-12-29 22:48:09,138 T0000: [D2-V2] neighbor 11.1.0.1 remote-as 24
2023-12-29 22:48:09,837 T0000: [D2-V2] neighbor 11.1.0.1 timers 60 180
2023-12-29 22:48:10,540 T0000: [D2-V2] address-family ipv4 unicast
2023-12-29 22:48:11,242 T0000: [D2-V2] neighbor 11.1.0.1 activate
2023-12-29 22:48:11,952 T0000: [D3-V3]  router bgp 35
 no bgp ebgp-requires-policy
2023-12-29 22:48:14,550 T0000: [D3-V3]  bgp confederation peers 24
 bgp confederation identifier 100
 neighbor 11.3.0.2 remote-as 35

2023-12-29 22:48:16,009 T0000: [D3-V3]  router bgp 35
 no bgp ebgp-requires-policy
2023-12-29 22:48:17,466 T0000: [D3-V3] neighbor 11.2.0.1 remote-as 35
2023-12-29 22:48:18,168 T0000: [D3-V3] neighbor 11.2.0.1 timers 60 180
2023-12-29 22:48:18,868 T0000: [D3-V3] address-family ipv4 unicast
2023-12-29 22:48:19,568 T0000: [D3-V3] neighbor 11.2.0.1 activate
2023-12-29 22:48:20,276 T0000: [D4-V4]  router bgp 35
 no bgp ebgp-requires-policy
2023-12-29 22:48:22,921 T0000: [D4-V4]  bgp confederation peers 24
 bgp confederation identifier 100
 neighbor 11.3.0.1 remote-as 35

2023-12-29 22:48:24,381 T0000: [D1-V1]  router bgp 24
 no bgp ebgp-requires-policy
2023-12-29 22:48:25,843 T0000: [D1-V1]  bgp confederation peers 35
 bgp confederation identifier 100
 neighbor 67fe:1::2 remote-as 35
address-family ipv6 unicast
 neighbor 67fe:1::2 activate

2023-12-29 22:48:27,306 T0000: [D2-V2]  router bgp 35
 no bgp ebgp-requires-policy
2023-12-29 22:48:28,761 T0000: [D2-V2]  bgp confederation peers 24
 bgp confederation identifier 100
 neighbor 67fe:2::2 remote-as 35
address-family ipv6 unicast
 neighbor 67fe:2::2 activate

2023-12-29 22:48:30,224 T0000: [D2-V2]  router bgp 35
 no bgp ebgp-requires-policy
2023-12-29 22:48:31,677 T0000: [D2-V2] neighbor 67fe:1::1 remote-as 24
2023-12-29 22:48:32,377 T0000: [D2-V2] neighbor 67fe:1::1 timers 60 180
2023-12-29 22:48:33,080 T0000: [D2-V2] address-family ipv6 unicast
2023-12-29 22:48:33,781 T0000: [D2-V2] neighbor 67fe:1::1 activate
2023-12-29 22:48:34,489 T0000: [D3-V3]  router bgp 35
 no bgp ebgp-requires-policy
2023-12-29 22:48:35,941 T0000: [D3-V3]  bgp confederation peers 24
 bgp confederation identifier 100
 neighbor 67fe:3::2 remote-as 35
address-family ipv6 unicast
 neighbor 67fe:3::2 activate

2023-12-29 22:48:37,401 T0000: [D3-V3]  router bgp 35
 no bgp ebgp-requires-policy
2023-12-29 22:48:38,854 T0000: [D3-V3] neighbor 67fe:2::1 remote-as 35
2023-12-29 22:48:39,556 T0000: [D3-V3] neighbor 67fe:2::1 timers 60 180
2023-12-29 22:48:40,250 T0000: [D3-V3] address-family ipv6 unicast
2023-12-29 22:48:40,951 T0000: [D3-V3] neighbor 67fe:2::1 activate
2023-12-29 22:48:41,661 T0000: [D4-V4]  router bgp 35
 no bgp ebgp-requires-policy
2023-12-29 22:48:43,117 T0000: [D4-V4]  bgp confederation peers 24
 bgp confederation identifier 100
 neighbor 67fe:3::1 remote-as 35
address-family ipv6 unicast
 neighbor 67fe:3::1 activate

2023-12-29 22:48:44,574 T0000: [D2-V2] show bgp ipv4 summary
2023-12-29 22:48:45,307 T0000: [D3-V3] show bgp ipv4 summary
2023-12-29 22:48:46,041 T0000: [D2-V2] show bgp ipv6 summary
2023-12-29 22:48:46,759 T0000: [D3-V3] show bgp ipv6 summary
2023-12-29 22:48:47,505 T0000: 
================== Class Hook Finish: routing/BGP/test_bgp_4node.py bgp_confed_class_hook ==================
2023-12-29 22:48:47,508 T0000: 
================== Framework Function Hook: routing/BGP/test_bgp_4node.py::TestBGPConfed::test_ipv6_confed_route_distribution ==================
2023-12-29 22:48:47,515 T0208: [D1-V1] config save /tmp/config-db-V1-post-module-prolog-routing-BGP-test_bgp_4node.py.json -y
2023-12-29 22:48:47,523 T0209: [D2-V2] config save /tmp/config-db-V2-post-module-prolog-routing-BGP-test_bgp_4node.py.json -y
2023-12-29 22:48:47,529 T0210: [D3-V3] config save /tmp/config-db-V3-post-module-prolog-routing-BGP-test_bgp_4node.py.json -y
2023-12-29 22:48:47,533 T0211: [D4-V4] config save /tmp/config-db-V4-post-module-prolog-routing-BGP-test_bgp_4node.py.json -y
2023-12-29 22:48:50,753 T0208: [D1-V1] chmod 777 /tmp/config-db-V1-post-module-prolog-routing-BGP-test_bgp_4node.py.json
2023-12-29 22:48:50,761 T0209: [D2-V2] chmod 777 /tmp/config-db-V2-post-module-prolog-routing-BGP-test_bgp_4node.py.json
2023-12-29 22:48:50,794 T0211: [D4-V4] chmod 777 /tmp/config-db-V4-post-module-prolog-routing-BGP-test_bgp_4node.py.json
2023-12-29 22:48:50,845 T0210: [D3-V3] chmod 777 /tmp/config-db-V3-post-module-prolog-routing-BGP-test_bgp_4node.py.json
2023-12-29 22:48:52,243 T0208: [D1-V1] /sbin/ip link set dev eth0 up
2023-12-29 22:48:52,245 T0209: [D2-V2] /sbin/ip link set dev eth0 up
2023-12-29 22:48:52,267 T0211: [D4-V4] /sbin/ip link set dev eth0 up
2023-12-29 22:48:52,319 T0210: [D3-V3] /sbin/ip link set dev eth0 up
2023-12-29 22:48:52,925 T0208: [D1-V1] /sbin/ip route list dev eth0
2023-12-29 22:48:52,936 T0209: [D2-V2] /sbin/ip route list dev eth0
2023-12-29 22:48:52,945 T0211: [D4-V4] /sbin/ip route list dev eth0
2023-12-29 22:48:52,986 T0210: [D3-V3] /sbin/ip route list dev eth0
2023-12-29 22:49:01,413 T0209: [D2-V2] sudo vtysh -c 'show running-config' > /tmp/vtysh-runcfg-V2-post-module-prolog-routing-BGP-test_bgp_4node.py.txt
2023-12-29 22:49:01,419 T0211: [D4-V4] sudo vtysh -c 'show running-config' > /tmp/vtysh-runcfg-V4-post-module-prolog-routing-BGP-test_bgp_4node.py.txt
2023-12-29 22:49:01,426 T0210: [D3-V3] sudo vtysh -c 'show running-config' > /tmp/vtysh-runcfg-V3-post-module-prolog-routing-BGP-test_bgp_4node.py.txt
2023-12-29 22:49:01,454 T0208: [D1-V1] sudo vtysh -c 'show running-config' > /tmp/vtysh-runcfg-V1-post-module-prolog-routing-BGP-test_bgp_4node.py.txt
2023-12-29 22:49:02,286 T0209: [D2-V2] chmod 777 /tmp/vtysh-runcfg-V2-post-module-prolog-routing-BGP-test_bgp_4node.py.txt
2023-12-29 22:49:02,294 T0211: [D4-V4] chmod 777 /tmp/vtysh-runcfg-V4-post-module-prolog-routing-BGP-test_bgp_4node.py.txt
2023-12-29 22:49:02,302 T0210: [D3-V3] chmod 777 /tmp/vtysh-runcfg-V3-post-module-prolog-routing-BGP-test_bgp_4node.py.txt
2023-12-29 22:49:02,321 T0208: [D1-V1] chmod 777 /tmp/vtysh-runcfg-V1-post-module-prolog-routing-BGP-test_bgp_4node.py.txt
2023-12-29 22:49:03,764 T0209: [D2-V2] /sbin/ip link set dev eth0 up
2023-12-29 22:49:03,788 T0211: [D4-V4] /sbin/ip link set dev eth0 up
2023-12-29 22:49:03,792 T0210: [D3-V3] /sbin/ip link set dev eth0 up
2023-12-29 22:49:03,796 T0208: [D1-V1] /sbin/ip link set dev eth0 up
2023-12-29 22:49:04,432 T0209: [D2-V2] /sbin/ip route list dev eth0
2023-12-29 22:49:04,460 T0211: [D4-V4] /sbin/ip route list dev eth0
2023-12-29 22:49:04,470 T0210: [D3-V3] /sbin/ip route list dev eth0
2023-12-29 22:49:04,480 T0208: [D1-V1] /sbin/ip route list dev eth0
2023-12-29 22:49:17,284 T0249: [D1-V1] sudo show interfaces status
2023-12-29 22:49:17,286 T0250: [D2-V2] sudo show interfaces status
2023-12-29 22:49:17,289 T0251: [D3-V3] sudo show interfaces status
2023-12-29 22:49:17,291 T0252: [D4-V4] sudo show interfaces status
2023-12-29 22:49:19,319 T0253: [D1-V1] sudo show interfaces status Ethernet124
2023-12-29 22:49:19,325 T0254: [D2-V2] sudo show interfaces status Ethernet124
2023-12-29 22:49:19,332 T0255: [D3-V3] sudo show interfaces status Ethernet124
2023-12-29 22:49:19,337 T0256: [D4-V4] sudo show interfaces status Ethernet124
2023-12-29 22:49:23,580 T0000: 
================== Framework Function Hook Finish: routing/BGP/test_bgp_4node.py::TestBGPConfed::test_ipv6_confed_route_distribution ==================
2023-12-29 22:49:23,582 T0000: 
================== Test Execution: routing/BGP/test_bgp_4node.py::TestBGPConfed::test_ipv6_confed_route_distribution ==================
2023-12-29 22:49:23,592 T0000: [D1-V1]  router bgp 24
 no bgp ebgp-requires-policy
2023-12-29 22:49:26,229 T0000: [D1-V1] no bgp network import-check 
address-family ipv4 unicast
  network 131.5.6.0/24
2023-12-29 22:49:27,688 T0000: [D1-V1]  router bgp 24
 no bgp ebgp-requires-policy
2023-12-29 22:49:29,142 T0000: [D1-V1] no bgp network import-check 
address-family ipv6 unicast
  network 2000:1::0/64
2023-12-29 22:49:30,606 T0000: [D3-V3] show bgp ipv4
2023-12-29 22:49:32,221 T0000: [D3-V3] show bgp ipv6
2023-12-29 22:49:32,976 T0000: [D1-V1]  router bgp 24
 no bgp ebgp-requires-policy
2023-12-29 22:49:34,429 T0000: [D1-V1] address-family ipv4 unicast
 no network 131.5.6.0/24
2023-12-29 22:49:35,889 T0000: [D1-V1]  router bgp 24
 no bgp ebgp-requires-policy
2023-12-29 22:49:37,345 T0000: [D1-V1] address-family ipv6 unicast
 no network 2000:1::0/64
2023-12-29 22:49:39,309 T0000: 
================== Framework Function Hook Finalize: routing/BGP/test_bgp_4node.py::TestBGPConfed::test_ipv6_confed_route_distribution ==================
2023-12-29 22:49:39,311 T0000: 
================== Framework Function Hook: routing/BGP/test_bgp_4node.py::TestBGPConfed::test_ipv6_confed_with_rr ==================
2023-12-29 22:49:39,340 T0270: [D1-V1] sudo show interfaces status
2023-12-29 22:49:39,342 T0271: [D2-V2] sudo show interfaces status
2023-12-29 22:49:39,346 T0272: [D3-V3] sudo show interfaces status
2023-12-29 22:49:39,349 T0273: [D4-V4] sudo show interfaces status
2023-12-29 22:49:42,629 T0274: [D1-V1] sudo show interfaces status Ethernet124
2023-12-29 22:49:42,639 T0275: [D2-V2] sudo show interfaces status Ethernet124
2023-12-29 22:49:42,645 T0277: [D4-V4] sudo show interfaces status Ethernet124
2023-12-29 22:49:42,652 T0276: [D3-V3] sudo show interfaces status Ethernet124
2023-12-29 22:49:46,829 T0000: 
================== Framework Function Hook Finish: routing/BGP/test_bgp_4node.py::TestBGPConfed::test_ipv6_confed_with_rr ==================
2023-12-29 22:49:46,830 T0000: 
================== Test Execution: routing/BGP/test_bgp_4node.py::TestBGPConfed::test_ipv6_confed_with_rr ==================
2023-12-29 22:49:46,841 T0000: [D2-V2]  router bgp 35
 no bgp ebgp-requires-policy
2023-12-29 22:49:49,490 T0000: [D2-V2] no bgp network import-check 
address-family ipv4 unicast
  network 131.6.6.0/24
2023-12-29 22:49:50,949 T0000: [D2-V2]  router bgp 35
 no bgp ebgp-requires-policy
2023-12-29 22:49:52,401 T0000: [D2-V2] no bgp network import-check 
address-family ipv6 unicast
  network 3000:1::0/64
2023-12-29 22:49:53,860 T0000: [D4-V4] show bgp ipv4
2023-12-29 22:49:55,497 T0000: [D4-V4] show bgp ipv6
2023-12-29 22:49:56,224 T0000: [D3-V3]  router bgp 35
 no bgp ebgp-requires-policy
2023-12-29 22:49:58,870 T0000: [D3-V3] address-family ipv4 unicast
  neighbor 11.3.0.2 route-reflector-client
2023-12-29 22:50:00,328 T0000: [D3-V3]  router bgp 35
 no bgp ebgp-requires-policy
2023-12-29 22:50:01,784 T0000: [D3-V3] address-family ipv6 unicast
  neighbor 67fe:3::2 route-reflector-client
2023-12-29 22:50:13,261 T0000: [D4-V4] show bgp ipv4
2023-12-29 22:50:13,997 T0000: [D4-V4] show bgp ipv6
2023-12-29 22:50:14,745 T0000: [D2-V2]  router bgp 35
 no bgp ebgp-requires-policy
2023-12-29 22:50:16,197 T0000: [D2-V2] address-family ipv4 unicast
 no network 131.6.6.0/24
2023-12-29 22:50:17,655 T0000: [D2-V2]  router bgp 35
 no bgp ebgp-requires-policy
2023-12-29 22:50:19,105 T0000: [D2-V2] address-family ipv6 unicast
 no network 3000:1::0/64
2023-12-29 22:50:20,568 T0000: [D3-V3]  router bgp 35
 no bgp ebgp-requires-policy
2023-12-29 22:50:22,022 T0000: [D3-V3] address-family ipv4 unicast
 no neighbor 11.3.0.2 route-reflector-client
2023-12-29 22:50:23,489 T0000: [D3-V3]  router bgp 35
 no bgp ebgp-requires-policy
2023-12-29 22:50:24,941 T0000: [D3-V3] address-family ipv6 unicast
 no neighbor 67fe:3::2 route-reflector-client
2023-12-29 22:50:26,932 T0000: 
================== Framework Function Hook Finalize: routing/BGP/test_bgp_4node.py::TestBGPConfed::test_ipv6_confed_with_rr ==================
2023-12-29 22:50:26,933 T0000: 
================== Framework Function Hook: routing/BGP/test_bgp_4node.py::TestBGPConfed::test_confed_route_distribution_with_rmap ==================
2023-12-29 22:50:26,964 T0291: [D1-V1] sudo show interfaces status
2023-12-29 22:50:26,966 T0292: [D2-V2] sudo show interfaces status
2023-12-29 22:50:26,969 T0293: [D3-V3] sudo show interfaces status
2023-12-29 22:50:26,973 T0294: [D4-V4] sudo show interfaces status
2023-12-29 22:50:30,373 T0295: [D1-V1] sudo show interfaces status Ethernet124
2023-12-29 22:50:30,382 T0296: [D2-V2] sudo show interfaces status Ethernet124
2023-12-29 22:50:30,387 T0298: [D4-V4] sudo show interfaces status Ethernet124
2023-12-29 22:50:30,389 T0297: [D3-V3] sudo show interfaces status Ethernet124
2023-12-29 22:50:34,625 T0000: 
================== Framework Function Hook Finish: routing/BGP/test_bgp_4node.py::TestBGPConfed::test_confed_route_distribution_with_rmap ==================
2023-12-29 22:50:34,626 T0000: 
================== Test Execution: routing/BGP/test_bgp_4node.py::TestBGPConfed::test_confed_route_distribution_with_rmap ==================
2023-12-29 22:50:34,628 T0000: [D1-V1]  access-list test-access-list1 permit 134.5.8.0/24

2023-12-29 22:50:36,527 T0000: [D1-V1]  route-map test-rmap permit 10

2023-12-29 22:50:37,228 T0000: [D1-V1]  match ip address test-access-list1
exit

2023-12-29 22:50:38,687 T0000: [D1-V1]  route-map test-rmap permit 10

2023-12-29 22:50:39,388 T0000: [D1-V1] set as-path prepend 200
exit

2023-12-29 22:50:40,858 T0000: [D1-V1]  access-list test-access-list2 deny 134.5.6.0/24

2023-12-29 22:50:41,564 T0000: [D1-V1]  route-map test-rmap deny 20

2023-12-29 22:50:42,257 T0000: [D1-V1]  match ip address test-access-list2
exit

2023-12-29 22:50:43,708 T0000: [D1-V1]  access-list test-access-list3 permit 134.5.7.0/24

2023-12-29 22:50:44,415 T0000: [D1-V1]  route-map test-rmap permit 30

2023-12-29 22:50:45,117 T0000: [D1-V1]  match ip address test-access-list3
exit

2023-12-29 22:50:46,572 T0000: [D1-V1]  router bgp 24
 no bgp ebgp-requires-policy
2023-12-29 22:50:48,025 T0000: [D1-V1]  network 134.5.6.0/24 route-map test-rmap
2023-12-29 22:50:48,730 T0000: [D1-V1]  router bgp 24
 no bgp ebgp-requires-policy
2023-12-29 22:50:50,182 T0000: [D1-V1]  network 134.5.7.0/24 route-map test-rmap
2023-12-29 22:50:50,887 T0000: [D1-V1]  router bgp 24
 no bgp ebgp-requires-policy
2023-12-29 22:50:52,338 T0000: [D1-V1]  network 134.5.8.0/24 route-map test-rmap
2023-12-29 22:50:53,036 T0000: [D2-V2] show bgp ipv4 134.5.8.0/24
2023-12-29 22:50:54,669 T0000: [D2-V2] show ip route
2023-12-29 22:50:55,400 T0000: [D2-V2] show ip route
2023-12-29 22:50:56,125 T0000: [D1-V1] no route-map test-rmap permit 10

2023-12-29 22:50:56,824 T0000: [D1-V1] no access-list test-access-list3 permit 134.5.7.0/24

2023-12-29 22:50:57,525 T0000: [D1-V1] no access-list test-access-list2 deny 134.5.6.0/24

2023-12-29 22:50:58,224 T0000: [D1-V1] no access-list test-access-list1 permit 134.5.8.0/24

2023-12-29 22:50:58,937 T0000: [D1-V1]  router bgp 24
 no bgp ebgp-requires-policy
2023-12-29 22:51:00,392 T0000: [D1-V1] no network 134.5.6.0/24 route-map test-rmap
2023-12-29 22:51:01,100 T0000: [D1-V1]  router bgp 24
 no bgp ebgp-requires-policy
2023-12-29 22:51:02,550 T0000: [D1-V1] no network 134.5.7.0/24 route-map test-rmap
2023-12-29 22:51:03,259 T0000: [D1-V1]  router bgp 24
 no bgp ebgp-requires-policy
2023-12-29 22:51:04,710 T0000: [D1-V1] no network 134.5.8.0/24 route-map test-rmap
2023-12-29 22:51:05,488 T0000: 
================== Framework Function Hook Finalize: routing/BGP/test_bgp_4node.py::TestBGPConfed::test_confed_route_distribution_with_rmap ==================
2023-12-29 22:51:05,489 T0000: [D1-V1] no router bgp
2023-12-29 22:51:06,198 T0000: [D2-V2] no router bgp
2023-12-29 22:51:07,612 T0000: [D3-V3] no router bgp
2023-12-29 22:51:09,453 T0000: [D4-V4] no router bgp
2023-12-29 22:51:11,295 T0000: 
================== Class Hook Finalize: routing/BGP/test_bgp_4node.py bgp_confed_class_hook ==================
2023-12-29 22:51:11,313 T0000: 
================== Class Hook Finalize: routing/BGP/test_bgp_4node.py bgp_confed_class_hook ==================
2023-12-29 22:51:11,329 T0000: 
================== Class Hook Finalize: routing/BGP/test_bgp_4node.py bgp_confed_class_hook ==================
2023-12-29 22:51:11,349 T0000: 
================== Framework Function Hook: routing/BGP/test_bgp_4node.py::test_ft_bgp_ibgp_RR_Loop ==================
2023-12-29 22:51:11,383 T0324: [D1-V1] sudo show interfaces status
2023-12-29 22:51:11,385 T0325: [D2-V2] sudo show interfaces status
2023-12-29 22:51:11,388 T0326: [D3-V3] sudo show interfaces status
2023-12-29 22:51:11,392 T0327: [D4-V4] sudo show interfaces status
2023-12-29 22:51:14,369 T0329: [D2-V2] sudo show interfaces status Ethernet124
2023-12-29 22:51:14,374 T0328: [D1-V1] sudo show interfaces status Ethernet124
2023-12-29 22:51:14,382 T0330: [D3-V3] sudo show interfaces status Ethernet124
2023-12-29 22:51:14,386 T0331: [D4-V4] sudo show interfaces status Ethernet124
2023-12-29 22:51:18,663 T0000: 
================== Framework Function Hook Finish: routing/BGP/test_bgp_4node.py::test_ft_bgp_ibgp_RR_Loop ==================
2023-12-29 22:51:18,664 T0000: 
================== Function Hook: routing/BGP/test_bgp_4node.py hooks_test_ft_bgp_ibgp_RR_Loop ==================
2023-12-29 22:51:18,680 T0000: 
================== Function Hook Finish: routing/BGP/test_bgp_4node.py hooks_test_ft_bgp_ibgp_RR_Loop ==================
2023-12-29 22:51:18,681 T0000: 
================== Test Execution: routing/BGP/test_bgp_4node.py::test_ft_bgp_ibgp_RR_Loop ==================
2023-12-29 22:51:18,688 T0340: [D1-V1] config interface ip add Ethernet40 11.4.0.1/24
2023-12-29 22:51:18,690 T0341: [D3-V3] config interface ip add Ethernet16 11.4.0.2/24
2023-12-29 22:51:19,978 T0342: [D1-V1]  router bgp 65001
 no bgp ebgp-requires-policy
2023-12-29 22:51:19,985 T0343: [D2-V2]  router bgp 65001
 no bgp ebgp-requires-policy
2023-12-29 22:51:19,990 T0344: [D3-V3]  router bgp 65001
 no bgp ebgp-requires-policy
2023-12-29 22:51:22,540 T0343: [D2-V2]  neighbor 11.1.0.1 remote-as 65001
address-family ipv4 unicast
 neighbor 11.1.0.1 activate

2023-12-29 22:51:22,785 T0342: [D1-V1]  neighbor 11.1.0.2 remote-as 65001
address-family ipv4 unicast
 neighbor 11.1.0.2 activate

2023-12-29 22:51:22,841 T0344: [D3-V3]  neighbor 11.2.0.1 remote-as 65001
address-family ipv4 unicast
 neighbor 11.2.0.1 activate

2023-12-29 22:51:24,268 T0345: [D1-V1]  router bgp 65001
 no bgp ebgp-requires-policy
2023-12-29 22:51:24,274 T0346: [D2-V2]  router bgp 65001
 no bgp ebgp-requires-policy
2023-12-29 22:51:24,278 T0347: [D3-V3]  router bgp 65001
 no bgp ebgp-requires-policy
2023-12-29 22:51:25,686 T0345: [D1-V1]  neighbor 11.4.0.2 remote-as 65001
address-family ipv4 unicast
 neighbor 11.4.0.2 activate

2023-12-29 22:51:25,700 T0346: [D2-V2]  neighbor 11.2.0.2 remote-as 65001
address-family ipv4 unicast
 neighbor 11.2.0.2 activate

2023-12-29 22:51:25,709 T0347: [D3-V3]  neighbor 11.4.0.1 remote-as 65001
address-family ipv4 unicast
 neighbor 11.4.0.1 activate

2023-12-29 22:51:27,135 T0348: [D1-V1]  router bgp 65001
 no bgp ebgp-requires-policy
2023-12-29 22:51:27,138 T0349: [D2-V2]  router bgp 65001
 no bgp ebgp-requires-policy
2023-12-29 22:51:27,143 T0350: [D3-V3]  router bgp 65001
 no bgp ebgp-requires-policy
2023-12-29 22:51:28,562 T0349: [D2-V2] address-family ipv4 unicast
  neighbor 11.2.0.2 route-reflector-client
2023-12-29 22:51:28,570 T0348: [D1-V1] address-family ipv4 unicast
  neighbor 11.1.0.2 route-reflector-client
2023-12-29 22:51:28,579 T0350: [D3-V3] address-family ipv4 unicast
  neighbor 11.4.0.1 route-reflector-client
2023-12-29 22:51:30,005 T0351: [D1-V1]  router bgp 65001
 no bgp ebgp-requires-policy
2023-12-29 22:51:30,010 T0352: [D2-V2]  router bgp 65001
 no bgp ebgp-requires-policy
2023-12-29 22:51:30,015 T0353: [D3-V3]  router bgp 65001
 no bgp ebgp-requires-policy
2023-12-29 22:51:31,435 T0351: [D1-V1] address-family ipv4 unicast
  neighbor 11.4.0.2 route-reflector-client
2023-12-29 22:51:31,444 T0353: [D3-V3] address-family ipv4 unicast
  neighbor 11.2.0.1 route-reflector-client
2023-12-29 22:51:31,451 T0352: [D2-V2] address-family ipv4 unicast
  neighbor 11.1.0.1 route-reflector-client
2023-12-29 22:51:32,880 T0354: [D1-V1] show bgp ipv4 summary
2023-12-29 22:51:32,884 T0355: [D2-V2] show bgp ipv4 summary
2023-12-29 22:51:32,890 T0356: [D3-V3] show bgp ipv4 summary
2023-12-29 22:51:34,584 T0354: [D1-V1] show bgp ipv4 summary
2023-12-29 22:51:34,585 T0355: [D2-V2] show bgp ipv4 summary
2023-12-29 22:51:34,602 T0356: [D3-V3] show bgp ipv4 summary
2023-12-29 22:51:35,323 T0000: [D3-V3]  router bgp 65001
 no bgp ebgp-requires-policy
2023-12-29 22:51:36,774 T0000: [D3-V3] no bgp network import-check 
address-family ipv4 unicast
  network 172.16.2.2/32
2023-12-29 22:51:43,243 T0000: [D1-V1] show bgp ipv4
2023-12-29 22:51:43,975 T0000: [D2-V2] show bgp ipv4
2023-12-29 22:51:44,710 T0000: [D3-V3] show bgp ipv4
2023-12-29 22:51:45,471 T0357: [D1-V1] no router bgp
2023-12-29 22:51:45,474 T0358: [D2-V2] no router bgp
2023-12-29 22:51:45,478 T0359: [D3-V3] no router bgp
2023-12-29 22:51:46,158 T0360: [D1-V1] config interface ip remove Ethernet40 11.4.0.1/24
2023-12-29 22:51:46,162 T0361: [D3-V3] config interface ip remove Ethernet16 11.4.0.2/24
2023-12-29 22:51:48,781 T0000: 
================== Function Hook Finalize: routing/BGP/test_bgp_4node.py hooks_test_ft_bgp_ibgp_RR_Loop ==================
2023-12-29 22:51:48,872 T0000: 
================== Framework Function Hook Finalize: routing/BGP/test_bgp_4node.py::test_ft_bgp_ibgp_RR_Loop ==================
2023-12-29 22:51:48,874 T0000: 
================== Framework Function Hook: routing/BGP/test_bgp_4node.py::test_ft_bgp_ebgp_community_map ==================
2023-12-29 22:51:48,905 T0367: [D1-V1] sudo show interfaces status
2023-12-29 22:51:48,908 T0368: [D2-V2] sudo show interfaces status
2023-12-29 22:51:48,911 T0369: [D3-V3] sudo show interfaces status
2023-12-29 22:51:48,914 T0370: [D4-V4] sudo show interfaces status
2023-12-29 22:51:51,666 T0371: [D1-V1] sudo show interfaces status Ethernet124
2023-12-29 22:51:51,677 T0372: [D2-V2] sudo show interfaces status Ethernet124
2023-12-29 22:51:51,680 T0373: [D3-V3] sudo show interfaces status Ethernet124
2023-12-29 22:51:51,684 T0374: [D4-V4] sudo show interfaces status Ethernet124
2023-12-29 22:51:55,929 T0000: 
================== Framework Function Hook Finish: routing/BGP/test_bgp_4node.py::test_ft_bgp_ebgp_community_map ==================
2023-12-29 22:51:55,930 T0000: 
================== Function Hook: routing/BGP/test_bgp_4node.py hooks_test_ft_bgp_ebgp_community_map ==================
2023-12-29 22:51:55,949 T0000: 
================== Function Hook Finish: routing/BGP/test_bgp_4node.py hooks_test_ft_bgp_ebgp_community_map ==================
2023-12-29 22:51:55,949 T0000: 
================== Test Execution: routing/BGP/test_bgp_4node.py::test_ft_bgp_ebgp_community_map ==================
2023-12-29 22:51:55,956 T0383: [D1-V1] config interface ip add Ethernet40 11.4.0.1/24
2023-12-29 22:51:55,961 T0384: [D3-V3] config interface ip add Ethernet16 11.4.0.2/24
2023-12-29 22:51:57,253 T0000: [D2-V2]  router bgp 65002
 no bgp ebgp-requires-policy
2023-12-29 22:51:59,889 T0000: [D2-V2]  neighbor 67fe:2::2 remote-as 65003
address-family ipv6 unicast
 neighbor 67fe:2::2 activate

2023-12-29 22:52:01,349 T0000: [D3-V3]  router bgp 65003
 no bgp ebgp-requires-policy
2023-12-29 22:52:03,945 T0000: [D3-V3]  neighbor 67fe:2::1 remote-as 65002
address-family ipv6 unicast
 neighbor 67fe:2::1 activate

2023-12-29 22:52:05,403 T0385: [D1-V1]  router bgp 65001
 no bgp ebgp-requires-policy
2023-12-29 22:52:05,407 T0386: [D2-V2]  router bgp 65002
 no bgp ebgp-requires-policy
2023-12-29 22:52:05,413 T0387: [D3-V3]  router bgp 65003
 no bgp ebgp-requires-policy
2023-12-29 22:52:05,418 T0388: [D4-V4]  router bgp 65004
 no bgp ebgp-requires-policy
2023-12-29 22:52:06,838 T0386: [D2-V2]  neighbor 11.2.0.2 remote-as 65003
address-family ipv4 unicast
 neighbor 11.2.0.2 activate

2023-12-29 22:52:06,845 T0387: [D3-V3]  neighbor 11.4.0.1 remote-as 65001
address-family ipv4 unicast
 neighbor 11.4.0.1 activate

2023-12-29 22:52:07,970 T0385: [D1-V1]  neighbor 11.4.0.2 remote-as 65003
address-family ipv4 unicast
 neighbor 11.4.0.2 activate

2023-12-29 22:52:07,979 T0388: [D4-V4]  neighbor 11.3.0.1 remote-as 65003
address-family ipv4 unicast
 neighbor 11.3.0.1 activate

2023-12-29 22:52:09,408 T0000: [D3-V3]  router bgp 65003
 no bgp ebgp-requires-policy
2023-12-29 22:52:10,858 T0000: [D3-V3]  neighbor 11.2.0.1 remote-as 65002
address-family ipv4 unicast
 neighbor 11.2.0.1 activate

2023-12-29 22:52:12,316 T0000: [D3-V3]  router bgp 65003
 no bgp ebgp-requires-policy
2023-12-29 22:52:13,770 T0000: [D3-V3]  neighbor 11.3.0.2 remote-as 65004
address-family ipv4 unicast
 neighbor 11.3.0.2 activate

2023-12-29 22:52:15,233 T0000: [D1-V1]  router bgp 65001
 no bgp ebgp-requires-policy
2023-12-29 22:52:16,685 T0000: [D1-V1]  network 172.16.2.2/32
2023-12-29 22:52:17,388 T0000: [D1-V1]  access-list LOOPBACK permit 172.16.2.2/32

2023-12-29 22:52:18,098 T0000: [D1-V1]  route-map SET_COMMUNITY permit 10

2023-12-29 22:52:18,801 T0000: [D1-V1]  match ip address LOOPBACK
exit

2023-12-29 22:52:20,250 T0000: [D1-V1] route-map SET_COMMUNITY permit 10
 set metric 50
 set community 64984:0
exit

2023-12-29 22:52:21,709 T0000: [D1-V1]  router bgp 65001
 no bgp ebgp-requires-policy
2023-12-29 22:52:23,158 T0000: [D1-V1] address-family ipv4 unicast
 neighbor 11.4.0.2 route-map SET_COMMUNITY out
exit

2023-12-29 22:52:24,612 T0389: [D1-V1] show bgp ipv4 summary
2023-12-29 22:52:24,615 T0390: [D2-V2] show bgp ipv4 summary
2023-12-29 22:52:24,619 T0391: [D3-V3] show bgp ipv4 summary
2023-12-29 22:52:24,622 T0392: [D4-V4] show bgp ipv4 summary
2023-12-29 22:52:25,347 T0000: [D3-V3]  bgp community-list standard comm_test permit 64984:0
2023-12-29 22:52:26,056 T0000: [D1-V1] route-map SET_COMMUNITY permit 10
 set community 64984:0 local-as
exit

2023-12-29 22:52:57,535 T0000: [D3-V3] show bgp ipv4 unicast 172.16.2.2/32
2023-12-29 22:52:58,268 T0000: [D1-V1] route-map SET_COMMUNITY permit 10
 no set community local-as
exit

2023-12-29 22:53:29,747 T0000: [D3-V3] show bgp ipv4 unicast 172.16.2.2/32
2023-12-29 22:53:30,473 T0000: [D1-V1] route-map SET_COMMUNITY permit 10
 set community none
exit

2023-12-29 22:54:01,955 T0000: [D3-V3] show bgp ipv4 unicast 172.16.2.2/32
2023-12-29 22:54:02,677 T0000: [D1-V1] route-map SET_COMMUNITY permit 10
 set community 64984:0 local-as
exit

2023-12-29 22:54:04,130 T0000: [D3-V3] route-map SET_COMMUNITY permit 10
 set community none
exit

2023-12-29 22:54:05,589 T0000: [D3-V3]  router bgp 65003
 no bgp ebgp-requires-policy
2023-12-29 22:54:07,045 T0000: [D3-V3] address-family ipv4 unicast
 neighbor 11.4.0.1 route-map SET_COMMUNITY in
exit

2023-12-29 22:54:38,530 T0000: [D3-V3] show bgp ipv4 unicast 172.16.2.2/32
2023-12-29 22:54:39,608 T0000: [D2-V2]  ipv6 access-list LOOPBACK permit 67fe:1::/64

2023-12-29 22:54:40,309 T0000: [D2-V2] route-map SET_COMMUNITY_1 permit 10
 set metric 50
 set community 64984:0 local-as
exit

2023-12-29 22:54:41,763 T0000: [D3-V3] route-map SET_COMMUNITY_1 permit 10
 set metric 50
exit

2023-12-29 22:54:43,247 T0000: [D2-V2]  router bgp 65002
 no bgp ebgp-requires-policy
2023-12-29 22:54:44,701 T0000: [D2-V2] address-family ipv6 unicast
 neighbor 67fe:2::2 route-map SET_COMMUNITY_1 out
exit
address-family ipv6 unicast
 redistribute connected
exit

2023-12-29 22:54:46,165 T0000: [D3-V3]  route-map SET_COMMUNITY_1 permit 10

2023-12-29 22:54:46,869 T0000: [D3-V3]  match ipv6 address None
exit

2023-12-29 22:54:48,323 T0393: [D2-V2] show bgp ipv6 summary
2023-12-29 22:54:48,326 T0394: [D3-V3] show bgp ipv6 summary
2023-12-29 22:54:49,026 T0000: [D3-V3] show bgp ipv6 unicast 67fe:1::/64
2023-12-29 22:54:49,754 T0000: [D3-V3] route-map SET_COMMUNITY_1 permit 10
 set community none
exit

2023-12-29 22:55:21,239 T0000: [D3-V3] show bgp ipv6 unicast 67fe:1::/64
2023-12-29 22:55:21,971 T0000: [D2-V2] route-map SET_COMMUNITY permit 10
 set community 64984:0 local-as
exit

2023-12-29 22:55:23,426 T0000: [D3-V3] route-map SET_COMMUNITY permit 10
 set community none
exit

2023-12-29 22:55:24,885 T0000: [D3-V3]  router bgp 65003
 no bgp ebgp-requires-policy
2023-12-29 22:55:26,337 T0000: [D3-V3] address-family ipv6 unicast
 neighbor 67fe:2::1 route-map SET_COMMUNITY in
exit

2023-12-29 22:55:57,823 T0000: [D3-V3] show bgp ipv4 unicast 172.16.2.2/32
2023-12-29 22:55:58,578 T0399: [D1-V1] no router bgp
2023-12-29 22:55:58,582 T0400: [D2-V2] no router bgp
2023-12-29 22:55:58,586 T0401: [D3-V3] no router bgp
2023-12-29 22:55:58,590 T0402: [D4-V4] no router bgp
2023-12-29 22:55:59,276 T0403: [D1-V1] config interface ip remove Ethernet40 11.4.0.1/24
2023-12-29 22:55:59,282 T0404: [D3-V3] config interface ip remove Ethernet16 11.4.0.2/24
2023-12-29 22:56:02,051 T0000: [D1-V1] no route-map SET_COMMUNITY

2023-12-29 22:56:03,957 T0000: [D1-V1] no access-list LOOPBACK  

2023-12-29 22:56:04,656 T0000: [D3-V3] no bgp community-list standard comm_test permit 64984:0
2023-12-29 22:56:06,496 T0000: [D3-V3] no route-map SET_COMMUNITY_1 permit 10

2023-12-29 22:56:07,193 T0000: 
================== Function Hook Finalize: routing/BGP/test_bgp_4node.py hooks_test_ft_bgp_ebgp_community_map ==================
2023-12-29 22:56:07,297 T0000: 
================== Framework Function Hook Finalize: routing/BGP/test_bgp_4node.py::test_ft_bgp_ebgp_community_map ==================
2023-12-29 22:56:07,301 T0409: [D1-V1] config save /tmp/config-db-V1-pre-module-epilog-routing-BGP-test_bgp_4node.py.json -y
2023-12-29 22:56:07,310 T0410: [D2-V2] config save /tmp/config-db-V2-pre-module-epilog-routing-BGP-test_bgp_4node.py.json -y
2023-12-29 22:56:07,315 T0411: [D3-V3] config save /tmp/config-db-V3-pre-module-epilog-routing-BGP-test_bgp_4node.py.json -y
2023-12-29 22:56:07,317 T0412: [D4-V4] config save /tmp/config-db-V4-pre-module-epilog-routing-BGP-test_bgp_4node.py.json -y
2023-12-29 22:56:10,145 T0411: [D3-V3] chmod 777 /tmp/config-db-V3-pre-module-epilog-routing-BGP-test_bgp_4node.py.json
2023-12-29 22:56:10,153 T0409: [D1-V1] chmod 777 /tmp/config-db-V1-pre-module-epilog-routing-BGP-test_bgp_4node.py.json
2023-12-29 22:56:10,184 T0412: [D4-V4] chmod 777 /tmp/config-db-V4-pre-module-epilog-routing-BGP-test_bgp_4node.py.json
2023-12-29 22:56:10,415 T0410: [D2-V2] chmod 777 /tmp/config-db-V2-pre-module-epilog-routing-BGP-test_bgp_4node.py.json
2023-12-29 22:56:11,627 T0411: [D3-V3] /sbin/ip link set dev eth0 up
2023-12-29 22:56:11,630 T0409: [D1-V1] /sbin/ip link set dev eth0 up
2023-12-29 22:56:11,659 T0412: [D4-V4] /sbin/ip link set dev eth0 up
2023-12-29 22:56:11,893 T0410: [D2-V2] /sbin/ip link set dev eth0 up
2023-12-29 22:56:12,305 T0409: [D1-V1] /sbin/ip route list dev eth0
2023-12-29 22:56:12,321 T0411: [D3-V3] /sbin/ip route list dev eth0
2023-12-29 22:56:12,326 T0412: [D4-V4] /sbin/ip route list dev eth0
2023-12-29 22:56:12,575 T0410: [D2-V2] /sbin/ip route list dev eth0
2023-12-29 22:56:20,754 T0409: [D1-V1] sudo vtysh -c 'show running-config' > /tmp/vtysh-runcfg-V1-pre-module-epilog-routing-BGP-test_bgp_4node.py.txt
2023-12-29 22:56:20,771 T0411: [D3-V3] sudo vtysh -c 'show running-config' > /tmp/vtysh-runcfg-V3-pre-module-epilog-routing-BGP-test_bgp_4node.py.txt
2023-12-29 22:56:20,864 T0412: [D4-V4] sudo vtysh -c 'show running-config' > /tmp/vtysh-runcfg-V4-pre-module-epilog-routing-BGP-test_bgp_4node.py.txt
2023-12-29 22:56:21,048 T0410: [D2-V2] sudo vtysh -c 'show running-config' > /tmp/vtysh-runcfg-V2-pre-module-epilog-routing-BGP-test_bgp_4node.py.txt
2023-12-29 22:56:21,624 T0409: [D1-V1] chmod 777 /tmp/vtysh-runcfg-V1-pre-module-epilog-routing-BGP-test_bgp_4node.py.txt
2023-12-29 22:56:21,634 T0411: [D3-V3] chmod 777 /tmp/vtysh-runcfg-V3-pre-module-epilog-routing-BGP-test_bgp_4node.py.txt
2023-12-29 22:56:21,730 T0412: [D4-V4] chmod 777 /tmp/vtysh-runcfg-V4-pre-module-epilog-routing-BGP-test_bgp_4node.py.txt
2023-12-29 22:56:21,915 T0410: [D2-V2] chmod 777 /tmp/vtysh-runcfg-V2-pre-module-epilog-routing-BGP-test_bgp_4node.py.txt
2023-12-29 22:56:23,098 T0409: [D1-V1] /sbin/ip link set dev eth0 up
2023-12-29 22:56:23,105 T0411: [D3-V3] /sbin/ip link set dev eth0 up
2023-12-29 22:56:23,207 T0412: [D4-V4] /sbin/ip link set dev eth0 up
2023-12-29 22:56:23,391 T0410: [D2-V2] /sbin/ip link set dev eth0 up
2023-12-29 22:56:23,768 T0409: [D1-V1] /sbin/ip route list dev eth0
2023-12-29 22:56:23,779 T0411: [D3-V3] /sbin/ip route list dev eth0
2023-12-29 22:56:23,875 T0412: [D4-V4] /sbin/ip route list dev eth0
2023-12-29 22:56:24,056 T0410: [D2-V2] /sbin/ip route list dev eth0
2023-12-29 22:56:32,575 T0445: [D1-V1] config interface ip remove Ethernet16 11.1.0.1/24
2023-12-29 22:56:32,580 T0446: [D2-V2] config interface ip remove Ethernet16 11.1.0.2/24
2023-12-29 22:56:33,963 T0447: [D1-V1] config interface ip remove Ethernet16 67fe:1::1/64
2023-12-29 22:56:33,969 T0448: [D2-V2] config interface ip remove Ethernet16 67fe:1::2/64
2023-12-29 22:56:35,753 T0449: [D2-V2] config interface ip remove Ethernet40 11.2.0.1/24
2023-12-29 22:56:35,756 T0450: [D3-V3] config interface ip remove Ethernet32 11.2.0.2/24
2023-12-29 22:56:37,141 T0451: [D2-V2] config interface ip remove Ethernet40 67fe:2::1/64
2023-12-29 22:56:37,145 T0452: [D3-V3] config interface ip remove Ethernet32 67fe:2::2/64
2023-12-29 22:56:39,230 T0453: [D3-V3] config interface ip remove Ethernet48 11.3.0.1/24
2023-12-29 22:56:39,236 T0454: [D4-V4] config interface ip remove Ethernet48 11.3.0.2/24
2023-12-29 22:56:40,523 T0455: [D3-V3] config interface ip remove Ethernet48 67fe:3::1/64
2023-12-29 22:56:40,525 T0456: [D4-V4] config interface ip remove Ethernet48 67fe:3::2/64
2023-12-29 22:56:42,256 T0000: 
================== Module Hook Finalize: routing/BGP/test_bgp_4node.py bgp_module_hooks ==================
2023-12-29 22:56:42,266 T0457: [D1-V1] config save /tmp/config-db-V1-post-module-epilog-routing-BGP-test_bgp_4node.py.json -y
2023-12-29 22:56:42,274 T0458: [D2-V2] config save /tmp/config-db-V2-post-module-epilog-routing-BGP-test_bgp_4node.py.json -y
2023-12-29 22:56:42,277 T0459: [D3-V3] config save /tmp/config-db-V3-post-module-epilog-routing-BGP-test_bgp_4node.py.json -y
2023-12-29 22:56:42,282 T0460: [D4-V4] config save /tmp/config-db-V4-post-module-epilog-routing-BGP-test_bgp_4node.py.json -y
2023-12-29 22:56:44,051 T0457: [D1-V1] chmod 777 /tmp/config-db-V1-post-module-epilog-routing-BGP-test_bgp_4node.py.json
2023-12-29 22:56:44,067 T0460: [D4-V4] chmod 777 /tmp/config-db-V4-post-module-epilog-routing-BGP-test_bgp_4node.py.json
2023-12-29 22:56:44,115 T0459: [D3-V3] chmod 777 /tmp/config-db-V3-post-module-epilog-routing-BGP-test_bgp_4node.py.json
2023-12-29 22:56:44,164 T0458: [D2-V2] chmod 777 /tmp/config-db-V2-post-module-epilog-routing-BGP-test_bgp_4node.py.json
2023-12-29 22:56:45,525 T0457: [D1-V1] /sbin/ip link set dev eth0 up
2023-12-29 22:56:45,543 T0460: [D4-V4] /sbin/ip link set dev eth0 up
2023-12-29 22:56:45,587 T0459: [D3-V3] /sbin/ip link set dev eth0 up
2023-12-29 22:56:45,638 T0458: [D2-V2] /sbin/ip link set dev eth0 up
2023-12-29 22:56:46,194 T0457: [D1-V1] /sbin/ip route list dev eth0
2023-12-29 22:56:46,212 T0460: [D4-V4] /sbin/ip route list dev eth0
2023-12-29 22:56:46,258 T0459: [D3-V3] /sbin/ip route list dev eth0
2023-12-29 22:56:46,306 T0458: [D2-V2] /sbin/ip route list dev eth0
2023-12-29 22:56:54,678 T0457: [D1-V1] sudo vtysh -c 'show running-config' > /tmp/vtysh-runcfg-V1-post-module-epilog-routing-BGP-test_bgp_4node.py.txt
2023-12-29 22:56:54,697 T0459: [D3-V3] sudo vtysh -c 'show running-config' > /tmp/vtysh-runcfg-V3-post-module-epilog-routing-BGP-test_bgp_4node.py.txt
2023-12-29 22:56:54,703 T0460: [D4-V4] sudo vtysh -c 'show running-config' > /tmp/vtysh-runcfg-V4-post-module-epilog-routing-BGP-test_bgp_4node.py.txt
2023-12-29 22:56:54,784 T0458: [D2-V2] sudo vtysh -c 'show running-config' > /tmp/vtysh-runcfg-V2-post-module-epilog-routing-BGP-test_bgp_4node.py.txt
2023-12-29 22:56:55,498 T0457: [D1-V1] chmod 777 /tmp/vtysh-runcfg-V1-post-module-epilog-routing-BGP-test_bgp_4node.py.txt
2023-12-29 22:56:55,577 T0459: [D3-V3] chmod 777 /tmp/vtysh-runcfg-V3-post-module-epilog-routing-BGP-test_bgp_4node.py.txt
2023-12-29 22:56:55,584 T0460: [D4-V4] chmod 777 /tmp/vtysh-runcfg-V4-post-module-epilog-routing-BGP-test_bgp_4node.py.txt
2023-12-29 22:56:55,653 T0458: [D2-V2] chmod 777 /tmp/vtysh-runcfg-V2-post-module-epilog-routing-BGP-test_bgp_4node.py.txt
2023-12-29 22:56:56,978 T0457: [D1-V1] /sbin/ip link set dev eth0 up
2023-12-29 22:56:57,065 T0459: [D3-V3] /sbin/ip link set dev eth0 up
2023-12-29 22:56:57,071 T0460: [D4-V4] /sbin/ip link set dev eth0 up
2023-12-29 22:56:57,127 T0458: [D2-V2] /sbin/ip link set dev eth0 up
2023-12-29 22:56:57,645 T0457: [D1-V1] /sbin/ip route list dev eth0
2023-12-29 22:56:57,738 T0459: [D3-V3] /sbin/ip route list dev eth0
2023-12-29 22:56:57,748 T0460: [D4-V4] /sbin/ip route list dev eth0
2023-12-29 22:56:57,796 T0458: [D2-V2] /sbin/ip route list dev eth0
2023-12-29 22:57:06,335 T0493: [D1-V1] sudo show interfaces status Ethernet124
2023-12-29 22:57:06,344 T0495: [D3-V3] sudo show interfaces status Ethernet124
2023-12-29 22:57:06,348 T0494: [D2-V2] sudo show interfaces status Ethernet124
2023-12-29 22:57:06,354 T0496: [D4-V4] sudo show interfaces status Ethernet124
2023-12-29 22:57:09,057 T0000: 
================== Framework Module Hook Finalize: routing/BGP/test_bgp_4node.py Pass: 2/5 ==================
2023-12-29 22:57:09,057 T0000: 
================== Devices used: routing/BGP/test_bgp_4node.py 4 ['V1', 'V2', 'V3', 'V4'] ==================
2023-12-29 22:57:10,844 T0000: 
================== Framework Module Hook: batch/test_spytest_infra_1.py ==================
2023-12-29 22:57:10,869 T0509: [D1-V1] no router bgp
2023-12-29 22:57:10,878 T0510: [D2-V2] no router bgp
2023-12-29 22:57:10,884 T0511: [D3-V3] no router bgp
2023-12-29 22:57:10,889 T0512: [D4-V4] no router bgp
2023-12-29 22:57:12,681 T0509: [D1-V1] config feature state sflow enabled
2023-12-29 22:57:12,694 T0510: [D2-V2] config feature state sflow enabled
2023-12-29 22:57:12,721 T0512: [D4-V4] config feature state sflow enabled
2023-12-29 22:57:12,729 T0511: [D3-V3] config feature state sflow enabled
2023-12-29 22:57:14,885 T0509: [D1-V1] config feature state nat enabled
2023-12-29 22:57:14,931 T0511: [D3-V3] config feature state nat enabled
2023-12-29 22:57:14,937 T0510: [D2-V2] config feature state nat enabled
2023-12-29 22:57:14,977 T0512: [D4-V4] config feature state nat enabled
2023-12-29 22:58:08,500 T0509: [D1-V1] /sbin/ip link set dev eth0 up
2023-12-29 22:58:09,164 T0509: [D1-V1] /sbin/ip route list dev eth0
2023-12-29 22:58:09,817 T0510: [D2-V2] /sbin/ip link set dev eth0 up
2023-12-29 22:58:09,817 T0512: [D4-V4] /sbin/ip link set dev eth0 up
2023-12-29 22:58:09,841 T0509: [D1-V1] sudo show interfaces status Ethernet124
2023-12-29 22:58:10,500 T0512: [D4-V4] /sbin/ip route list dev eth0
2023-12-29 22:58:10,509 T0510: [D2-V2] /sbin/ip route list dev eth0
2023-12-29 22:58:10,951 T0511: [D3-V3] /sbin/ip link set dev eth0 up
2023-12-29 22:58:11,198 T0512: [D4-V4] sudo show interfaces status Ethernet124
2023-12-29 22:58:11,200 T0510: [D2-V2] sudo show interfaces status Ethernet124
2023-12-29 22:58:11,620 T0511: [D3-V3] /sbin/ip route list dev eth0
2023-12-29 22:58:12,296 T0511: [D3-V3] sudo show interfaces status Ethernet124
2023-12-29 22:58:14,895 T0514: [D1-V1] sudo show interfaces status
2023-12-29 22:58:14,899 T0515: [D2-V2] sudo show interfaces status
2023-12-29 22:58:14,901 T0516: [D3-V3] sudo show interfaces status
2023-12-29 22:58:14,904 T0517: [D4-V4] sudo show interfaces status
2023-12-29 22:58:22,041 T0519: [D1-V1] sudo show interfaces status
2023-12-29 22:58:22,044 T0520: [D2-V2] sudo show interfaces status
2023-12-29 22:58:22,047 T0521: [D3-V3] sudo show interfaces status
2023-12-29 22:58:22,050 T0522: [D4-V4] sudo show interfaces status
2023-12-29 22:58:29,423 T0524: [D1-V1] sudo show interfaces status
2023-12-29 22:58:29,426 T0525: [D2-V2] sudo show interfaces status
2023-12-29 22:58:29,429 T0526: [D3-V3] sudo show interfaces status
2023-12-29 22:58:29,434 T0527: [D4-V4] sudo show interfaces status
2023-12-29 22:58:36,589 T0529: [D1-V1] sudo show interfaces status
2023-12-29 22:58:36,592 T0530: [D2-V2] sudo show interfaces status
2023-12-29 22:58:36,596 T0531: [D3-V3] sudo show interfaces status
2023-12-29 22:58:36,599 T0532: [D4-V4] sudo show interfaces status
2023-12-29 22:58:38,604 T0000: 
================== Framework Module Hook Finish: batch/test_spytest_infra_1.py ==================
2023-12-29 22:58:38,606 T0000: 
================== Framework Function Hook: batch/test_spytest_infra_1.py::test_spytest_infra_last ==================
2023-12-29 22:58:42,926 T0538: [D1-V1] sudo show interfaces status
2023-12-29 22:58:42,930 T0539: [D2-V2] sudo show interfaces status
2023-12-29 22:58:42,933 T0540: [D3-V3] sudo show interfaces status
2023-12-29 22:58:42,936 T0541: [D4-V4] sudo show interfaces status
2023-12-29 22:58:44,935 T0542: [D1-V1] sudo show interfaces status Ethernet124
2023-12-29 22:58:44,941 T0543: [D2-V2] sudo show interfaces status Ethernet124
2023-12-29 22:58:44,949 T0545: [D4-V4] sudo show interfaces status Ethernet124
2023-12-29 22:58:44,955 T0544: [D3-V3] sudo show interfaces status Ethernet124
2023-12-29 22:58:49,240 T0000: 
================== Framework Function Hook Finish: batch/test_spytest_infra_1.py::test_spytest_infra_last ==================
2023-12-29 22:58:49,242 T0000: 
================== Test Execution: batch/test_spytest_infra_1.py::test_spytest_infra_last ==================
2023-12-29 22:58:49,286 T0000: 
================== Framework Function Hook Finalize: batch/test_spytest_infra_1.py::test_spytest_infra_last ==================
2023-12-29 22:58:49,299 T0546: [D1-V1] sudo show interfaces status Ethernet124
2023-12-29 22:58:49,305 T0548: [D3-V3] sudo show interfaces status Ethernet124
2023-12-29 22:58:49,312 T0547: [D2-V2] sudo show interfaces status Ethernet124
2023-12-29 22:58:49,315 T0549: [D4-V4] sudo show interfaces status Ethernet124
2023-12-29 22:58:51,925 T0000: 
================== Framework Module Hook Finalize: batch/test_spytest_infra_1.py Pass: 1/1 ==================
2023-12-29 22:58:51,925 T0000: 
================== Devices used: batch/test_spytest_infra_1.py 4 ['V1', 'V3', 'V2', 'V4'] ==================
2023-12-29 22:58:52,061 T0558: [D1-V1] ['stty cols 80']
2023-12-29 22:58:52,066 T0559: [D2-V2] ['stty cols 80']
2023-12-29 22:58:52,069 T0560: [D3-V3] ['stty cols 80']
2023-12-29 22:58:52,073 T0561: [D4-V4] ['stty cols 80']
