2024-01-07 03:23:59,017 T0002: [D1-V3] ['export TMOUT=0', 'stty cols 5000', 'uptime']
2024-01-07 03:23:59,685 T0002: [D1-V3] cat /proc/uptime
2024-01-07 03:24:00,353 T0002: [D1-V3] sudo vtysh -c 'show running-config | include hostname'
2024-01-07 03:24:06,586 T0002: [D1-V3] /sbin/ip link set dev eth0 up
2024-01-07 03:24:07,257 T0002: [D1-V3] /sbin/ip route list dev eth0
2024-01-07 03:24:07,934 T0002: [D1-V3] ['export TMOUT=0', 'stty cols 5000', 'uptime']
2024-01-07 03:24:10,080 T0002: [D1-V3] /sbin/ip link set dev eth0 up
2024-01-07 03:24:10,748 T0002: [D1-V3] /sbin/ip route list dev eth0
2024-01-07 03:24:12,093 T0002: [D1-V3] show version
2024-01-07 03:24:14,122 T0002: [D1-V3] /sbin/ip link set dev eth0 up
2024-01-07 03:24:14,790 T0002: [D1-V3] /sbin/ip route list dev eth0
2024-01-07 03:24:16,941 T0002: [D1-V3] /sbin/ip link set dev eth0 up
2024-01-07 03:24:17,609 T0002: [D1-V3] /sbin/ip route list dev eth0
2024-01-07 03:25:32,835 T0000: [D1-V3] sudo show interfaces status
2024-01-07 03:25:34,633 T0000: [D1-V3] config interface startup Ethernet0
2024-01-07 03:25:35,741 T0000: [D1-V3] config interface startup Ethernet4
2024-01-07 03:25:36,793 T0000: [D1-V3] config interface startup Ethernet8
2024-01-07 03:25:37,845 T0000: [D1-V3] config interface startup Ethernet12
2024-01-07 03:25:38,921 T0000: [D1-V3] config interface shutdown Ethernet16
2024-01-07 03:25:39,969 T0000: [D1-V3] config interface shutdown Ethernet20
2024-01-07 03:25:41,073 T0000: [D1-V3] config interface shutdown Ethernet24
2024-01-07 03:25:42,125 T0000: [D1-V3] config interface shutdown Ethernet28
2024-01-07 03:25:43,180 T0000: [D1-V3] config interface shutdown Ethernet32
2024-01-07 03:25:44,233 T0000: [D1-V3] config interface shutdown Ethernet36
2024-01-07 03:25:45,291 T0000: [D1-V3] config interface shutdown Ethernet40
2024-01-07 03:25:46,345 T0000: [D1-V3] config interface shutdown Ethernet44
2024-01-07 03:25:47,396 T0000: [D1-V3] config interface shutdown Ethernet48
2024-01-07 03:25:48,501 T0000: [D1-V3] config interface shutdown Ethernet52
2024-01-07 03:25:49,553 T0000: [D1-V3] config interface shutdown Ethernet56
2024-01-07 03:25:50,605 T0000: [D1-V3] config interface shutdown Ethernet60
2024-01-07 03:25:51,657 T0000: [D1-V3] config interface shutdown Ethernet64
2024-01-07 03:25:52,763 T0000: [D1-V3] config interface shutdown Ethernet68
2024-01-07 03:25:53,817 T0000: [D1-V3] config interface shutdown Ethernet72
2024-01-07 03:25:54,869 T0000: [D1-V3] config interface shutdown Ethernet76
2024-01-07 03:25:55,921 T0000: [D1-V3] config interface shutdown Ethernet80
2024-01-07 03:25:57,025 T0000: [D1-V3] config interface shutdown Ethernet84
2024-01-07 03:25:58,080 T0000: [D1-V3] config interface shutdown Ethernet88
2024-01-07 03:25:59,133 T0000: [D1-V3] config interface shutdown Ethernet92
2024-01-07 03:26:00,191 T0000: [D1-V3] config interface shutdown Ethernet96
2024-01-07 03:26:01,453 T0000: [D1-V3] config interface shutdown Ethernet100
2024-01-07 03:26:02,507 T0000: [D1-V3] config interface shutdown Ethernet104
2024-01-07 03:26:03,561 T0000: [D1-V3] config interface shutdown Ethernet108
2024-01-07 03:26:04,616 T0000: [D1-V3] config interface shutdown Ethernet112
2024-01-07 03:26:05,671 T0000: [D1-V3] config interface shutdown Ethernet116
2024-01-07 03:26:06,724 T0000: [D1-V3] config interface shutdown Ethernet120
2024-01-07 03:26:07,776 T0000: [D1-V3] config interface shutdown Ethernet124
2024-01-07 03:26:14,960 T0000: [D1-V3] show version
2024-01-07 03:26:17,102 T0000: [D1-V3] cat /var/run/redis/sonic-db/database_config.json
2024-01-07 03:26:17,892 T0000: [D1-V3] /sbin/ifconfig eth0
2024-01-07 03:26:18,613 T0000: [D1-V3] ls /etc/sonic/bcmsim.cfg
2024-01-07 03:26:19,348 T0000: [D1-V3] no router bgp
2024-01-07 03:26:21,239 T0000: [D1-V3] config feature state sflow enabled
2024-01-07 03:26:23,280 T0000: [D1-V3] config feature state nat enabled
2024-01-07 03:26:27,498 T0000: [D1-V3] config save /tmp/config-db-V3-post-session-prolog-session.json -y
2024-01-07 03:26:28,757 T0000: [D1-V3] chmod 777 /tmp/config-db-V3-post-session-prolog-session.json
2024-01-07 03:26:30,287 T0000: [D1-V3] /sbin/ip link set dev eth0 up
2024-01-07 03:26:30,997 T0000: [D1-V3] /sbin/ip route list dev eth0
2024-01-07 03:26:39,423 T0000: [D1-V3] sudo vtysh -c 'show running-config' > /tmp/vtysh-runcfg-V3-post-session-prolog-session.txt
2024-01-07 03:26:40,381 T0000: [D1-V3] chmod 777 /tmp/vtysh-runcfg-V3-post-session-prolog-session.txt
2024-01-07 03:26:41,913 T0000: [D1-V3] /sbin/ip link set dev eth0 up
2024-01-07 03:26:42,632 T0000: [D1-V3] /sbin/ip route list dev eth0
2024-01-07 03:26:51,462 T0000: 
================== Framework Module Hook: batch/test_spytest_infra_1.py ==================
2024-01-07 03:26:51,478 T0012: [D1-V3] sudo show interfaces status Ethernet124
2024-01-07 03:26:53,678 T0013: [D1-V3] sudo show interfaces status
2024-01-07 03:26:55,308 T0000: 
================== Framework Module Hook Finish: batch/test_spytest_infra_1.py ==================
2024-01-07 03:26:55,309 T0000: 
================== Framework Function Hook: batch/test_spytest_infra_1.py::test_spytest_infra_first ==================
2024-01-07 03:26:58,407 T0014: [D1-V3] sudo show interfaces status
2024-01-07 03:27:00,056 T0000: [D1-V3] sudo show interfaces status Ethernet124
2024-01-07 03:27:02,753 T0000: 
================== Framework Function Hook Finish: batch/test_spytest_infra_1.py::test_spytest_infra_first ==================
2024-01-07 03:27:02,757 T0000: 
================== Test Execution: batch/test_spytest_infra_1.py::test_spytest_infra_first ==================
2024-01-07 03:27:02,775 T0000: 
================== Framework Function Hook Finalize: batch/test_spytest_infra_1.py::test_spytest_infra_first ==================
2024-01-07 03:27:02,904 T0000: 
================== Framework Function Hook: batch/test_spytest_infra_1.py::test_spytest_infra_second ==================
2024-01-07 03:27:02,919 T0015: [D1-V3] sudo show interfaces status
2024-01-07 03:27:04,572 T0000: [D1-V3] sudo show interfaces status Ethernet124
2024-01-07 03:27:07,469 T0000: 
================== Framework Function Hook Finish: batch/test_spytest_infra_1.py::test_spytest_infra_second ==================
2024-01-07 03:27:07,471 T0000: 
================== Test Execution: batch/test_spytest_infra_1.py::test_spytest_infra_second ==================
2024-01-07 03:27:07,490 T0000: 
================== Framework Function Hook Finalize: batch/test_spytest_infra_1.py::test_spytest_infra_second ==================
2024-01-07 03:27:07,504 T0000: [D1-V3] sudo show interfaces status Ethernet124
2024-01-07 03:27:10,091 T0000: 
================== Framework Module Hook Finalize: batch/test_spytest_infra_1.py Pass: 2/2 ==================
2024-01-07 03:27:10,092 T0000: 
================== Devices used: batch/test_spytest_infra_1.py 1 ['V3'] ==================
2024-01-07 03:27:10,508 T0000: 
================== Framework Module Hook: security/test_tacacs.py ==================
2024-01-07 03:27:10,518 T0016: [D1-V3] sudo show interfaces status Ethernet124
2024-01-07 03:27:12,725 T0017: [D1-V3] sudo show interfaces status
2024-01-07 03:27:14,417 T0000: [D1-V3] config save /tmp/config-db-V3-pre-module-prolog-security-test_tacacs.py.json -y
2024-01-07 03:27:15,674 T0000: [D1-V3] chmod 777 /tmp/config-db-V3-pre-module-prolog-security-test_tacacs.py.json
2024-01-07 03:27:17,204 T0000: [D1-V3] /sbin/ip link set dev eth0 up
2024-01-07 03:27:17,911 T0000: [D1-V3] /sbin/ip route list dev eth0
2024-01-07 03:27:26,288 T0000: [D1-V3] sudo vtysh -c 'show running-config' > /tmp/vtysh-runcfg-V3-pre-module-prolog-security-test_tacacs.py.txt
2024-01-07 03:27:27,189 T0000: [D1-V3] chmod 777 /tmp/vtysh-runcfg-V3-pre-module-prolog-security-test_tacacs.py.txt
2024-01-07 03:27:28,715 T0000: [D1-V3] /sbin/ip link set dev eth0 up
2024-01-07 03:27:29,420 T0000: [D1-V3] /sbin/ip route list dev eth0
2024-01-07 03:27:37,847 T0000: 
================== Framework Module Hook Finish: security/test_tacacs.py ==================
2024-01-07 03:27:37,848 T0000: 
================== Module Hook: security/test_tacacs.py tacacs_module_hooks ==================
2024-01-07 03:27:37,863 T0000: [D1-V3] /sbin/ifconfig eth0
2024-01-07 03:27:38,584 T0000: [D1-V3] config aaa  authentication failthrough enable
2024-01-07 03:27:39,689 T0000: [D1-V3] config tacacs add 10.193.81.61 -o 49 -t 5 -k lvl7india -a pap -p 3
2024-01-07 03:27:40,741 T0000: [D1-V3] config aaa  authentication login tacacs+ local
2024-01-07 03:27:41,793 T0000: 
================== Module Hook Finish: security/test_tacacs.py tacacs_module_hooks ==================
2024-01-07 03:27:41,794 T0000: 
================== Framework Function Hook: security/test_tacacs.py::test_ft_tacacs_ssh_login_with_tacacs_operations ==================
2024-01-07 03:27:41,801 T0000: [D1-V3] config save /tmp/config-db-V3-post-module-prolog-security-test_tacacs.py.json -y
2024-01-07 03:27:43,058 T0000: [D1-V3] chmod 777 /tmp/config-db-V3-post-module-prolog-security-test_tacacs.py.json
2024-01-07 03:27:44,583 T0000: [D1-V3] /sbin/ip link set dev eth0 up
2024-01-07 03:27:45,288 T0000: [D1-V3] /sbin/ip route list dev eth0
2024-01-07 03:27:53,636 T0000: [D1-V3] sudo vtysh -c 'show running-config' > /tmp/vtysh-runcfg-V3-post-module-prolog-security-test_tacacs.py.txt
2024-01-07 03:27:54,540 T0000: [D1-V3] chmod 777 /tmp/vtysh-runcfg-V3-post-module-prolog-security-test_tacacs.py.txt
2024-01-07 03:27:56,071 T0000: [D1-V3] /sbin/ip link set dev eth0 up
2024-01-07 03:27:56,781 T0000: [D1-V3] /sbin/ip route list dev eth0
2024-01-07 03:28:08,200 T0034: [D1-V3] sudo show interfaces status
2024-01-07 03:28:09,855 T0000: [D1-V3] sudo show interfaces status Ethernet124
2024-01-07 03:28:12,559 T0000: 
================== Framework Function Hook Finish: security/test_tacacs.py::test_ft_tacacs_ssh_login_with_tacacs_operations ==================
2024-01-07 03:28:12,561 T0000: 
================== Function Hook: security/test_tacacs.py tacacs_func_hooks ==================
2024-01-07 03:28:12,563 T0000: 
================== Function Hook Finish: security/test_tacacs.py tacacs_func_hooks ==================
2024-01-07 03:28:12,564 T0000: 
================== Test Execution: security/test_tacacs.py::test_ft_tacacs_ssh_login_with_tacacs_operations ==================
2024-01-07 03:28:12,564 T0000: [D1-V3] [ -f /etc/pam.d/common-auth ] && echo 1 || echo 0
2024-01-07 03:28:13,617 T0000: 
================== Function Hook Finalize: security/test_tacacs.py tacacs_func_hooks ==================
2024-01-07 03:28:13,653 T0000: 
================== Framework Function Hook Finalize: security/test_tacacs.py::test_ft_tacacs_ssh_login_with_tacacs_operations ==================
2024-01-07 03:28:13,661 T0000: [D1-V3] config save /tmp/config-db-V3-pre-module-epilog-security-test_tacacs.py.json -y
2024-01-07 03:28:14,917 T0000: [D1-V3] chmod 777 /tmp/config-db-V3-pre-module-epilog-security-test_tacacs.py.json
2024-01-07 03:28:16,495 T0000: [D1-V3] /sbin/ip link set dev eth0 up
2024-01-07 03:28:17,203 T0000: [D1-V3] /sbin/ip route list dev eth0
2024-01-07 03:28:25,526 T0000: [D1-V3] sudo vtysh -c 'show running-config' > /tmp/vtysh-runcfg-V3-pre-module-epilog-security-test_tacacs.py.txt
2024-01-07 03:28:26,432 T0000: [D1-V3] chmod 777 /tmp/vtysh-runcfg-V3-pre-module-epilog-security-test_tacacs.py.txt
2024-01-07 03:28:27,959 T0000: [D1-V3] /sbin/ip link set dev eth0 up
2024-01-07 03:28:28,669 T0000: [D1-V3] /sbin/ip route list dev eth0
2024-01-07 03:28:37,029 T0000: [D1-V3] config tacacs default authtype
2024-01-07 03:28:38,083 T0000: [D1-V3] config tacacs default passkey
2024-01-07 03:28:39,136 T0000: [D1-V3] config tacacs default timeout
2024-01-07 03:28:40,188 T0000: [D1-V3] config tacacs delete 10.193.81.61 
2024-01-07 03:28:41,240 T0000: [D1-V3] config tacacs delete 10.52.139.138 
2024-01-07 03:28:42,292 T0000: [D1-V3] config tacacs delete 10.52.145.178 
2024-01-07 03:28:43,344 T0000: [D1-V3] config tacacs delete 10.52.140.51 
2024-01-07 03:28:44,396 T0000: [D1-V3] config tacacs delete 10.2.3.4 
2024-01-07 03:28:45,448 T0000: [D1-V3] config tacacs delete 10.2.3.5 
2024-01-07 03:28:46,500 T0000: [D1-V3] config tacacs delete 10.2.3.6 
2024-01-07 03:28:47,552 T0000: [D1-V3] config tacacs delete 10.2.3.7 
2024-01-07 03:28:48,608 T0000: [D1-V3] config aaa  authentication login default
2024-01-07 03:28:49,660 T0000: [D1-V3] config aaa  authentication failthrough default
2024-01-07 03:28:50,713 T0000: [D1-V3] show vlan config
2024-01-07 03:28:51,784 T0000: [D1-V3] []
2024-01-07 03:28:51,784 T0000: 
================== Module Hook Finalize: security/test_tacacs.py tacacs_module_hooks ==================
2024-01-07 03:28:51,792 T0000: [D1-V3] config save /tmp/config-db-V3-post-module-epilog-security-test_tacacs.py.json -y
2024-01-07 03:28:53,050 T0000: [D1-V3] chmod 777 /tmp/config-db-V3-post-module-epilog-security-test_tacacs.py.json
2024-01-07 03:28:54,575 T0000: [D1-V3] /sbin/ip link set dev eth0 up
2024-01-07 03:28:55,280 T0000: [D1-V3] /sbin/ip route list dev eth0
2024-01-07 03:29:03,699 T0000: [D1-V3] sudo vtysh -c 'show running-config' > /tmp/vtysh-runcfg-V3-post-module-epilog-security-test_tacacs.py.txt
2024-01-07 03:29:04,601 T0000: [D1-V3] chmod 777 /tmp/vtysh-runcfg-V3-post-module-epilog-security-test_tacacs.py.txt
2024-01-07 03:29:06,126 T0000: [D1-V3] /sbin/ip link set dev eth0 up
2024-01-07 03:29:06,832 T0000: [D1-V3] /sbin/ip route list dev eth0
2024-01-07 03:29:15,488 T0000: [D1-V3] sudo show interfaces status Ethernet124
2024-01-07 03:29:17,853 T0000: 
================== Framework Module Hook Finalize: security/test_tacacs.py Pass: 0/1 ==================
2024-01-07 03:29:17,854 T0000: 
================== Devices used: security/test_tacacs.py 1 ['V3'] ==================
2024-01-07 03:29:18,403 T0000: 
================== Framework Module Hook: batch/test_spytest_infra_1.py ==================
2024-01-07 03:29:18,417 T0051: [D1-V3] no router bgp
2024-01-07 03:29:20,221 T0051: [D1-V3] config feature state sflow enabled
2024-01-07 03:29:22,169 T0051: [D1-V3] config feature state nat enabled
2024-01-07 03:29:57,514 T0051: [D1-V3] /sbin/ip link set dev eth0 up
2024-01-07 03:29:58,184 T0051: [D1-V3] /sbin/ip route list dev eth0
2024-01-07 03:29:58,858 T0051: [D1-V3] sudo show interfaces status Ethernet124
2024-01-07 03:30:01,161 T0052: [D1-V3] sudo show interfaces status
2024-01-07 03:30:07,799 T0053: [D1-V3] sudo show interfaces status
2024-01-07 03:30:14,488 T0054: [D1-V3] sudo show interfaces status
2024-01-07 03:30:16,138 T0000: 
================== Framework Module Hook Finish: batch/test_spytest_infra_1.py ==================
2024-01-07 03:30:16,140 T0000: 
================== Framework Function Hook: batch/test_spytest_infra_1.py::test_spytest_infra_last ==================
2024-01-07 03:30:19,235 T0055: [D1-V3] sudo show interfaces status
2024-01-07 03:30:20,896 T0000: [D1-V3] sudo show interfaces status Ethernet124
2024-01-07 03:30:23,593 T0000: 
================== Framework Function Hook Finish: batch/test_spytest_infra_1.py::test_spytest_infra_last ==================
2024-01-07 03:30:23,595 T0000: 
================== Test Execution: batch/test_spytest_infra_1.py::test_spytest_infra_last ==================
2024-01-07 03:30:23,614 T0000: 
================== Framework Function Hook Finalize: batch/test_spytest_infra_1.py::test_spytest_infra_last ==================
2024-01-07 03:30:23,628 T0000: [D1-V3] sudo show interfaces status Ethernet124
2024-01-07 03:30:25,993 T0000: 
================== Framework Module Hook Finalize: batch/test_spytest_infra_1.py Pass: 1/1 ==================
2024-01-07 03:30:25,993 T0000: 
================== Devices used: batch/test_spytest_infra_1.py 1 ['V3'] ==================
2024-01-07 03:30:26,406 T0000: 
================== Framework Module Hook: system/test_snmp.py ==================
2024-01-07 03:30:26,421 T0056: [D1-V3] no router bgp
2024-01-07 03:30:28,223 T0056: [D1-V3] config feature state sflow enabled
2024-01-07 03:30:30,169 T0056: [D1-V3] config feature state nat enabled
2024-01-07 03:30:49,878 T0056: [D1-V3] /sbin/ip link set dev eth0 up
2024-01-07 03:30:50,547 T0056: [D1-V3] /sbin/ip route list dev eth0
2024-01-07 03:30:51,226 T0056: [D1-V3] sudo show interfaces status Ethernet124
2024-01-07 03:30:53,481 T0057: [D1-V3] sudo show interfaces status
2024-01-07 03:30:55,126 T0000: [D1-V3] config save /tmp/config-db-V3-pre-module-prolog-system-test_snmp.py.json -y
2024-01-07 03:30:56,434 T0000: [D1-V3] chmod 777 /tmp/config-db-V3-pre-module-prolog-system-test_snmp.py.json
2024-01-07 03:30:57,964 T0000: [D1-V3] /sbin/ip link set dev eth0 up
2024-01-07 03:30:58,675 T0000: [D1-V3] /sbin/ip route list dev eth0
2024-01-07 03:31:07,067 T0000: [D1-V3] sudo vtysh -c 'show running-config' > /tmp/vtysh-runcfg-V3-pre-module-prolog-system-test_snmp.py.txt
2024-01-07 03:31:08,021 T0000: [D1-V3] chmod 777 /tmp/vtysh-runcfg-V3-pre-module-prolog-system-test_snmp.py.txt
2024-01-07 03:31:09,547 T0000: [D1-V3] /sbin/ip link set dev eth0 up
2024-01-07 03:31:10,257 T0000: [D1-V3] /sbin/ip route list dev eth0
2024-01-07 03:31:18,646 T0000: 
================== Framework Module Hook Finish: system/test_snmp.py ==================
2024-01-07 03:31:18,647 T0000: 
================== Module Hook: system/test_snmp.py snmp_module_hooks ==================
2024-01-07 03:31:18,662 T0000: [D1-V3] /sbin/ifconfig eth0
2024-01-07 03:31:19,381 T0000: [D1-V3] cat /etc/sonic/snmp.yml
2024-01-07 03:31:20,095 T0000: [D1-V3] sudo sed -i '/^snmp_rocommunity:/ c snmp_rocommunity: test_123' /etc/sonic/snmp.yml
2024-01-07 03:31:21,548 T0000: [D1-V3] sudo sed -i '/^snmp_location:/ c snmp_location: hyderabad' /etc/sonic/snmp.yml
2024-01-07 03:31:22,997 T0000: [D1-V3] cat /etc/sonic/snmp.yml
2024-01-07 03:31:23,696 T0000: [D1-V3] sudo service snmp restart
2024-01-07 03:31:32,273 T0000: [D1-V3] config interface ip add Loopback0 67.66.66.66/32
2024-01-07 03:31:35,398 T0000: [D1-V3] ['config vlan add 1966']
2024-01-07 03:31:47,588 T0000: [D1-V3] docker cp /tmp/swss_config.json swss:/swss_config.json
2024-01-07 03:31:48,440 T0000: [D1-V3] docker exec -it swss bash -c 'swssconfig /swss_config.json'
2024-01-07 03:31:49,248 T0000: [D1-V3] config vlan member add 1966 Ethernet0 -u 
2024-01-07 03:31:50,308 T0000: [D1-V3] config vlan member add 1966 Ethernet4
2024-01-07 03:31:59,424 T0000: [D1-V3] sonic-clear counters
2024-01-07 03:32:13,920 T0000: [D1-V3] show mac
2024-01-07 03:32:22,682 T0000: [D1-V3] ['config snmptrap modify 2 127.0.0.1 -p 162 -v None -c test_123']
2024-01-07 03:32:32,916 T0000: 
================== Module Hook Finish: system/test_snmp.py snmp_module_hooks ==================
2024-01-07 03:32:32,917 T0000: 
================== Framework Function Hook: system/test_snmp.py::test_ft_snmp_sysName ==================
2024-01-07 03:32:32,925 T0000: [D1-V3] config save /tmp/config-db-V3-post-module-prolog-system-test_snmp.py.json -y
2024-01-07 03:32:34,282 T0000: [D1-V3] chmod 777 /tmp/config-db-V3-post-module-prolog-system-test_snmp.py.json
2024-01-07 03:32:35,811 T0000: [D1-V3] /sbin/ip link set dev eth0 up
2024-01-07 03:32:36,516 T0000: [D1-V3] /sbin/ip route list dev eth0
2024-01-07 03:32:44,988 T0000: [D1-V3] sudo vtysh -c 'show running-config' > /tmp/vtysh-runcfg-V3-post-module-prolog-system-test_snmp.py.txt
2024-01-07 03:32:45,893 T0000: [D1-V3] chmod 777 /tmp/vtysh-runcfg-V3-post-module-prolog-system-test_snmp.py.txt
2024-01-07 03:32:47,422 T0000: [D1-V3] /sbin/ip link set dev eth0 up
2024-01-07 03:32:48,132 T0000: [D1-V3] /sbin/ip route list dev eth0
2024-01-07 03:32:59,620 T0080: [D1-V3] sudo show interfaces status
2024-01-07 03:33:01,312 T0000: [D1-V3] sudo show interfaces status Ethernet124
2024-01-07 03:33:04,070 T0000: 
================== Framework Function Hook Finish: system/test_snmp.py::test_ft_snmp_sysName ==================
2024-01-07 03:33:04,072 T0000: 
================== Function Hook: system/test_snmp.py snmp_func_hooks ==================
2024-01-07 03:33:04,077 T0000: 
================== Function Hook Finish: system/test_snmp.py snmp_func_hooks ==================
2024-01-07 03:33:04,079 T0000: 
================== Test Execution: system/test_snmp.py::test_ft_snmp_sysName ==================
2024-01-07 03:33:04,079 T0000: [D1-V3] hostname
2024-01-07 03:33:05,194 T0000: 
================== Function Hook Finalize: system/test_snmp.py snmp_func_hooks ==================
2024-01-07 03:33:05,226 T0000: 
================== Framework Function Hook Finalize: system/test_snmp.py::test_ft_snmp_sysName ==================
2024-01-07 03:33:05,227 T0000: 
================== Framework Function Hook: system/test_snmp.py::test_ft_snmp_test_syUpTime ==================
2024-01-07 03:33:05,236 T0081: [D1-V3] sudo show interfaces status
2024-01-07 03:33:06,887 T0000: [D1-V3] sudo show interfaces status Ethernet124
2024-01-07 03:33:09,697 T0000: 
================== Framework Function Hook Finish: system/test_snmp.py::test_ft_snmp_test_syUpTime ==================
2024-01-07 03:33:09,697 T0000: 
================== Function Hook: system/test_snmp.py snmp_func_hooks ==================
2024-01-07 03:33:09,700 T0000: 
================== Function Hook Finish: system/test_snmp.py snmp_func_hooks ==================
2024-01-07 03:33:09,700 T0000: 
================== Test Execution: system/test_snmp.py::test_ft_snmp_test_syUpTime ==================
2024-01-07 03:33:09,719 T0000: [D1-V3] show uptime
2024-01-07 03:33:10,914 T0000: 
================== Function Hook Finalize: system/test_snmp.py snmp_func_hooks ==================
2024-01-07 03:33:10,934 T0000: 
================== Framework Function Hook Finalize: system/test_snmp.py::test_ft_snmp_test_syUpTime ==================
2024-01-07 03:33:10,936 T0000: 
================== Framework Function Hook: system/test_snmp.py::test_ft_snmp_sysDescr ==================
2024-01-07 03:33:10,946 T0082: [D1-V3] sudo show interfaces status
2024-01-07 03:33:12,595 T0000: [D1-V3] sudo show interfaces status Ethernet124
2024-01-07 03:33:15,359 T0000: 
================== Framework Function Hook Finish: system/test_snmp.py::test_ft_snmp_sysDescr ==================
2024-01-07 03:33:15,360 T0000: 
================== Function Hook: system/test_snmp.py snmp_func_hooks ==================
2024-01-07 03:33:15,403 T0000: 
================== Function Hook Finish: system/test_snmp.py snmp_func_hooks ==================
2024-01-07 03:33:15,404 T0000: 
================== Test Execution: system/test_snmp.py::test_ft_snmp_sysDescr ==================
2024-01-07 03:33:15,405 T0000: [D1-V3] show version
2024-01-07 03:33:16,813 T0000: [D1-V3] show platform summary
2024-01-07 03:33:18,734 T0000: 
================== Function Hook Finalize: system/test_snmp.py snmp_func_hooks ==================
2024-01-07 03:33:18,767 T0000: 
================== Framework Function Hook Finalize: system/test_snmp.py::test_ft_snmp_sysDescr ==================
2024-01-07 03:33:18,768 T0000: 
================== Framework Function Hook: system/test_snmp.py::test_ft_snmp_mib_2 ==================
2024-01-07 03:33:18,778 T0083: [D1-V3] sudo show interfaces status
2024-01-07 03:33:20,387 T0000: [D1-V3] sudo show interfaces status Ethernet124
2024-01-07 03:33:23,272 T0000: 
================== Framework Function Hook Finish: system/test_snmp.py::test_ft_snmp_mib_2 ==================
2024-01-07 03:33:23,273 T0000: 
================== Function Hook: system/test_snmp.py snmp_func_hooks ==================
2024-01-07 03:33:23,281 T0000: 
================== Function Hook Finish: system/test_snmp.py snmp_func_hooks ==================
2024-01-07 03:33:23,282 T0000: 
================== Test Execution: system/test_snmp.py::test_ft_snmp_mib_2 ==================
2024-01-07 03:33:29,673 T0000: 
================== Function Hook Finalize: system/test_snmp.py snmp_func_hooks ==================
2024-01-07 03:33:29,702 T0000: 
================== Framework Function Hook Finalize: system/test_snmp.py::test_ft_snmp_mib_2 ==================
2024-01-07 03:33:29,703 T0000: 
================== Framework Function Hook: system/test_snmp.py::test_ft_snmp_if_mib_all ==================
2024-01-07 03:33:29,713 T0084: [D1-V3] sudo show interfaces status
2024-01-07 03:33:31,375 T0000: [D1-V3] sudo show interfaces status Ethernet124
2024-01-07 03:33:34,144 T0000: 
================== Framework Function Hook Finish: system/test_snmp.py::test_ft_snmp_if_mib_all ==================
2024-01-07 03:33:34,145 T0000: 
================== Function Hook: system/test_snmp.py snmp_func_hooks ==================
2024-01-07 03:33:34,147 T0000: 
================== Function Hook Finish: system/test_snmp.py snmp_func_hooks ==================
2024-01-07 03:33:34,148 T0000: 
================== Test Execution: system/test_snmp.py::test_ft_snmp_if_mib_all ==================
2024-01-07 03:33:34,306 T0000: 
================== Function Hook Finalize: system/test_snmp.py snmp_func_hooks ==================
2024-01-07 03:33:34,326 T0000: 
================== Framework Function Hook Finalize: system/test_snmp.py::test_ft_snmp_if_mib_all ==================
2024-01-07 03:33:34,328 T0000: 
================== Framework Function Hook: system/test_snmp.py::test_ft_snmp_entity_mib_all ==================
2024-01-07 03:33:34,337 T0085: [D1-V3] sudo show interfaces status
2024-01-07 03:33:36,048 T0000: [D1-V3] sudo show interfaces status Ethernet124
2024-01-07 03:33:38,804 T0000: 
================== Framework Function Hook Finish: system/test_snmp.py::test_ft_snmp_entity_mib_all ==================
2024-01-07 03:33:38,805 T0000: 
================== Function Hook: system/test_snmp.py snmp_func_hooks ==================
2024-01-07 03:33:38,807 T0000: 
================== Function Hook Finish: system/test_snmp.py snmp_func_hooks ==================
2024-01-07 03:33:38,808 T0000: 
================== Test Execution: system/test_snmp.py::test_ft_snmp_entity_mib_all ==================
2024-01-07 03:33:38,859 T0000: 
================== Function Hook Finalize: system/test_snmp.py snmp_func_hooks ==================
2024-01-07 03:33:38,880 T0000: 
================== Framework Function Hook Finalize: system/test_snmp.py::test_ft_snmp_entity_mib_all ==================
2024-01-07 03:33:38,881 T0000: 
================== Framework Function Hook: system/test_snmp.py::test_ft_snmp_dot1q_dot1db_mib ==================
2024-01-07 03:33:38,890 T0086: [D1-V3] sudo show interfaces status
2024-01-07 03:33:40,595 T0000: [D1-V3] sudo show interfaces status Ethernet124
2024-01-07 03:33:43,347 T0000: 
================== Framework Function Hook Finish: system/test_snmp.py::test_ft_snmp_dot1q_dot1db_mib ==================
2024-01-07 03:33:43,348 T0000: 
================== Function Hook: system/test_snmp.py snmp_func_hooks ==================
2024-01-07 03:33:43,351 T0000: 
================== Function Hook Finish: system/test_snmp.py snmp_func_hooks ==================
2024-01-07 03:33:43,351 T0000: 
================== Test Execution: system/test_snmp.py::test_ft_snmp_dot1q_dot1db_mib ==================
2024-01-07 03:33:43,435 T0000: 
================== Function Hook Finalize: system/test_snmp.py snmp_func_hooks ==================
2024-01-07 03:33:43,461 T0000: 
================== Framework Function Hook Finalize: system/test_snmp.py::test_ft_snmp_dot1q_dot1db_mib ==================
2024-01-07 03:33:43,463 T0000: 
================== Framework Function Hook: system/test_snmp.py::test_ft_snmp_root_node_walk ==================
2024-01-07 03:33:43,472 T0087: [D1-V3] sudo show interfaces status
2024-01-07 03:33:45,179 T0000: [D1-V3] sudo show interfaces status Ethernet124
2024-01-07 03:33:47,937 T0000: 
================== Framework Function Hook Finish: system/test_snmp.py::test_ft_snmp_root_node_walk ==================
2024-01-07 03:33:47,937 T0000: 
================== Function Hook: system/test_snmp.py snmp_func_hooks ==================
2024-01-07 03:33:47,939 T0000: 
================== Function Hook Finish: system/test_snmp.py snmp_func_hooks ==================
2024-01-07 03:33:47,940 T0000: 
================== Test Execution: system/test_snmp.py::test_ft_snmp_root_node_walk ==================
2024-01-07 03:33:59,646 T0000: 
================== Function Hook Finalize: system/test_snmp.py snmp_func_hooks ==================
2024-01-07 03:33:59,683 T0000: 
================== Framework Function Hook Finalize: system/test_snmp.py::test_ft_snmp_root_node_walk ==================
2024-01-07 03:33:59,685 T0000: 
================== Framework Function Hook: system/test_snmp.py::test_ft_snmp_ipAddressRowStatus_ipv6 ==================
2024-01-07 03:33:59,695 T0088: [D1-V3] sudo show interfaces status
2024-01-07 03:34:01,396 T0000: [D1-V3] sudo show interfaces status Ethernet124
2024-01-07 03:34:04,155 T0000: 
================== Framework Function Hook Finish: system/test_snmp.py::test_ft_snmp_ipAddressRowStatus_ipv6 ==================
2024-01-07 03:34:04,156 T0000: 
================== Function Hook: system/test_snmp.py snmp_func_hooks ==================
2024-01-07 03:34:04,159 T0000: 
================== Function Hook Finish: system/test_snmp.py snmp_func_hooks ==================
2024-01-07 03:34:04,159 T0000: 
================== Test Execution: system/test_snmp.py::test_ft_snmp_ipAddressRowStatus_ipv6 ==================
2024-01-07 03:34:04,173 T0000: [D1-V3] config interface ip add Loopback0 5551::1/128
2024-01-07 03:34:07,228 T0000: [D1-V3] show ipv6 interface
2024-01-07 03:34:08,927 T0000: [D1-V3] config interface ip remove Loopback0 5551::1/128
2024-01-07 03:34:10,033 T0000: 
================== Function Hook Finalize: system/test_snmp.py snmp_func_hooks ==================
2024-01-07 03:34:10,051 T0000: 
================== Framework Function Hook Finalize: system/test_snmp.py::test_ft_snmp_ipAddressRowStatus_ipv6 ==================
2024-01-07 03:34:10,053 T0000: 
================== Framework Function Hook: system/test_snmp.py::test_ft_snmp_ipAddressStorageType_ipv6 ==================
2024-01-07 03:34:10,062 T0089: [D1-V3] sudo show interfaces status
2024-01-07 03:34:11,760 T0000: [D1-V3] sudo show interfaces status Ethernet124
2024-01-07 03:34:14,729 T0000: 
================== Framework Function Hook Finish: system/test_snmp.py::test_ft_snmp_ipAddressStorageType_ipv6 ==================
2024-01-07 03:34:14,730 T0000: 
================== Function Hook: system/test_snmp.py snmp_func_hooks ==================
2024-01-07 03:34:14,733 T0000: 
================== Function Hook Finish: system/test_snmp.py snmp_func_hooks ==================
2024-01-07 03:34:14,734 T0000: 
================== Test Execution: system/test_snmp.py::test_ft_snmp_ipAddressStorageType_ipv6 ==================
2024-01-07 03:34:14,763 T0000: 
================== Function Hook Finalize: system/test_snmp.py snmp_func_hooks ==================
2024-01-07 03:34:14,787 T0000: 
================== Framework Function Hook Finalize: system/test_snmp.py::test_ft_snmp_ipAddressStorageType_ipv6 ==================
2024-01-07 03:34:14,788 T0000: 
================== Framework Function Hook: system/test_snmp.py::test_ft_snmp_ipv6_If_Forward_default_HopLimit ==================
2024-01-07 03:34:14,797 T0090: [D1-V3] sudo show interfaces status
2024-01-07 03:34:16,491 T0000: [D1-V3] sudo show interfaces status Ethernet124
2024-01-07 03:34:19,249 T0000: 
================== Framework Function Hook Finish: system/test_snmp.py::test_ft_snmp_ipv6_If_Forward_default_HopLimit ==================
2024-01-07 03:34:19,249 T0000: 
================== Function Hook: system/test_snmp.py snmp_func_hooks ==================
2024-01-07 03:34:19,252 T0000: 
================== Function Hook Finish: system/test_snmp.py snmp_func_hooks ==================
2024-01-07 03:34:19,253 T0000: 
================== Test Execution: system/test_snmp.py::test_ft_snmp_ipv6_If_Forward_default_HopLimit ==================
2024-01-07 03:34:19,295 T0000: 
================== Function Hook Finalize: system/test_snmp.py snmp_func_hooks ==================
2024-01-07 03:34:19,316 T0000: 
================== Framework Function Hook Finalize: system/test_snmp.py::test_ft_snmp_ipv6_If_Forward_default_HopLimit ==================
2024-01-07 03:34:19,317 T0000: 
================== Framework Function Hook: system/test_snmp.py::test_ft_snmp_ipv6scope_index_table ==================
2024-01-07 03:34:19,327 T0091: [D1-V3] sudo show interfaces status
2024-01-07 03:34:21,027 T0000: [D1-V3] sudo show interfaces status Ethernet124
2024-01-07 03:34:23,782 T0000: 
================== Framework Function Hook Finish: system/test_snmp.py::test_ft_snmp_ipv6scope_index_table ==================
2024-01-07 03:34:23,783 T0000: 
================== Function Hook: system/test_snmp.py snmp_func_hooks ==================
2024-01-07 03:34:23,786 T0000: 
================== Function Hook Finish: system/test_snmp.py snmp_func_hooks ==================
2024-01-07 03:34:23,787 T0000: 
================== Test Execution: system/test_snmp.py::test_ft_snmp_ipv6scope_index_table ==================
2024-01-07 03:34:23,843 T0000: 
================== Function Hook Finalize: system/test_snmp.py snmp_func_hooks ==================
2024-01-07 03:34:23,867 T0000: 
================== Framework Function Hook Finalize: system/test_snmp.py::test_ft_snmp_ipv6scope_index_table ==================
2024-01-07 03:34:23,868 T0000: 
================== Framework Function Hook: system/test_snmp.py::test_ft_snmp_ip_forward_table ==================
2024-01-07 03:34:23,878 T0092: [D1-V3] sudo show interfaces status
2024-01-07 03:34:25,525 T0000: [D1-V3] sudo show interfaces status Ethernet124
2024-01-07 03:34:28,226 T0000: 
================== Framework Function Hook Finish: system/test_snmp.py::test_ft_snmp_ip_forward_table ==================
2024-01-07 03:34:28,227 T0000: 
================== Function Hook: system/test_snmp.py snmp_func_hooks ==================
2024-01-07 03:34:28,229 T0000: 
================== Function Hook Finish: system/test_snmp.py snmp_func_hooks ==================
2024-01-07 03:34:28,230 T0000: 
================== Test Execution: system/test_snmp.py::test_ft_snmp_ip_forward_table ==================
2024-01-07 03:34:28,230 T0000: [D1-V3]  agentx
2024-01-07 03:34:30,197 T0000: [D1-V3] no agentx
2024-01-07 03:34:30,904 T0000: 
================== Function Hook Finalize: system/test_snmp.py snmp_func_hooks ==================
2024-01-07 03:34:30,922 T0000: 
================== Framework Function Hook Finalize: system/test_snmp.py::test_ft_snmp_ip_forward_table ==================
2024-01-07 03:34:30,923 T0000: 
================== Framework Function Hook: system/test_snmp.py::test_ft_snmp_ifx_table ==================
2024-01-07 03:34:30,933 T0093: [D1-V3] sudo show interfaces status
2024-01-07 03:34:33,508 T0000: [D1-V3] sudo show interfaces status Ethernet124
2024-01-07 03:34:36,210 T0000: 
================== Framework Function Hook Finish: system/test_snmp.py::test_ft_snmp_ifx_table ==================
2024-01-07 03:34:36,211 T0000: 
================== Function Hook: system/test_snmp.py snmp_func_hooks ==================
2024-01-07 03:34:36,216 T0000: 
================== Function Hook Finish: system/test_snmp.py snmp_func_hooks ==================
2024-01-07 03:34:36,217 T0000: 
================== Test Execution: system/test_snmp.py::test_ft_snmp_ifx_table ==================
2024-01-07 03:34:36,369 T0000: 
================== Function Hook Finalize: system/test_snmp.py snmp_func_hooks ==================
2024-01-07 03:34:36,390 T0000: 
================== Framework Function Hook Finalize: system/test_snmp.py::test_ft_snmp_ifx_table ==================
2024-01-07 03:34:36,392 T0000: 
================== Framework Function Hook: system/test_snmp.py::test_ft_snmp_ip_System_Stats_Table ==================
2024-01-07 03:34:36,401 T0094: [D1-V3] sudo show interfaces status
2024-01-07 03:34:38,060 T0000: [D1-V3] sudo show interfaces status Ethernet124
2024-01-07 03:34:40,812 T0000: 
================== Framework Function Hook Finish: system/test_snmp.py::test_ft_snmp_ip_System_Stats_Table ==================
2024-01-07 03:34:40,813 T0000: 
================== Function Hook: system/test_snmp.py snmp_func_hooks ==================
2024-01-07 03:34:40,815 T0000: 
================== Function Hook Finish: system/test_snmp.py snmp_func_hooks ==================
2024-01-07 03:34:40,816 T0000: 
================== Test Execution: system/test_snmp.py::test_ft_snmp_ip_System_Stats_Table ==================
2024-01-07 03:34:40,864 T0000: 
================== Function Hook Finalize: system/test_snmp.py snmp_func_hooks ==================
2024-01-07 03:34:40,885 T0000: 
================== Framework Function Hook Finalize: system/test_snmp.py::test_ft_snmp_ip_System_Stats_Table ==================
2024-01-07 03:34:40,886 T0000: 
================== Framework Function Hook: system/test_snmp.py::test_ft_snmp_ip_IfStats_Table ==================
2024-01-07 03:34:40,895 T0095: [D1-V3] sudo show interfaces status
2024-01-07 03:34:42,557 T0000: [D1-V3] sudo show interfaces status Ethernet124
2024-01-07 03:34:45,264 T0000: 
================== Framework Function Hook Finish: system/test_snmp.py::test_ft_snmp_ip_IfStats_Table ==================
2024-01-07 03:34:45,265 T0000: 
================== Function Hook: system/test_snmp.py snmp_func_hooks ==================
2024-01-07 03:34:45,267 T0000: 
================== Function Hook Finish: system/test_snmp.py snmp_func_hooks ==================
2024-01-07 03:34:45,268 T0000: 
================== Test Execution: system/test_snmp.py::test_ft_snmp_ip_IfStats_Table ==================
2024-01-07 03:34:45,583 T0000: 
================== Function Hook Finalize: system/test_snmp.py snmp_func_hooks ==================
2024-01-07 03:34:45,604 T0000: 
================== Framework Function Hook Finalize: system/test_snmp.py::test_ft_snmp_ip_IfStats_Table ==================
2024-01-07 03:34:45,605 T0000: 
================== Framework Function Hook: system/test_snmp.py::test_ft_snmp_ip_Address_Table ==================
2024-01-07 03:34:45,615 T0096: [D1-V3] sudo show interfaces status
2024-01-07 03:34:47,264 T0000: [D1-V3] sudo show interfaces status Ethernet124
2024-01-07 03:34:50,028 T0000: 
================== Framework Function Hook Finish: system/test_snmp.py::test_ft_snmp_ip_Address_Table ==================
2024-01-07 03:34:50,029 T0000: 
================== Function Hook: system/test_snmp.py snmp_func_hooks ==================
2024-01-07 03:34:50,031 T0000: 
================== Function Hook Finish: system/test_snmp.py snmp_func_hooks ==================
2024-01-07 03:34:50,032 T0000: 
================== Test Execution: system/test_snmp.py::test_ft_snmp_ip_Address_Table ==================
2024-01-07 03:34:50,082 T0000: 
================== Function Hook Finalize: system/test_snmp.py snmp_func_hooks ==================
2024-01-07 03:34:50,102 T0000: 
================== Framework Function Hook Finalize: system/test_snmp.py::test_ft_snmp_ip_Address_Table ==================
2024-01-07 03:34:50,104 T0000: 
================== Framework Function Hook: system/test_snmp.py::test_ft_snmp_ip_NetToPhysical_Table ==================
2024-01-07 03:34:50,114 T0097: [D1-V3] sudo show interfaces status
2024-01-07 03:34:51,776 T0000: [D1-V3] sudo show interfaces status Ethernet124
2024-01-07 03:34:54,490 T0000: 
================== Framework Function Hook Finish: system/test_snmp.py::test_ft_snmp_ip_NetToPhysical_Table ==================
2024-01-07 03:34:54,491 T0000: 
================== Function Hook: system/test_snmp.py snmp_func_hooks ==================
2024-01-07 03:34:54,494 T0000: 
================== Function Hook Finish: system/test_snmp.py snmp_func_hooks ==================
2024-01-07 03:34:54,494 T0000: 
================== Test Execution: system/test_snmp.py::test_ft_snmp_ip_NetToPhysical_Table ==================
2024-01-07 03:34:54,532 T0000: 
================== Function Hook Finalize: system/test_snmp.py snmp_func_hooks ==================
2024-01-07 03:34:54,553 T0000: 
================== Framework Function Hook Finalize: system/test_snmp.py::test_ft_snmp_ip_NetToPhysical_Table ==================
2024-01-07 03:34:54,554 T0000: 
================== Framework Function Hook: system/test_snmp.py::test_ft_snmp_icmp_Msgs ==================
2024-01-07 03:34:54,564 T0098: [D1-V3] sudo show interfaces status
2024-01-07 03:34:56,216 T0000: [D1-V3] sudo show interfaces status Ethernet124
2024-01-07 03:34:58,918 T0000: 
================== Framework Function Hook Finish: system/test_snmp.py::test_ft_snmp_icmp_Msgs ==================
2024-01-07 03:34:58,920 T0000: 
================== Function Hook: system/test_snmp.py snmp_func_hooks ==================
2024-01-07 03:34:58,923 T0000: 
================== Function Hook Finish: system/test_snmp.py snmp_func_hooks ==================
2024-01-07 03:34:58,923 T0000: 
================== Test Execution: system/test_snmp.py::test_ft_snmp_icmp_Msgs ==================
2024-01-07 03:34:58,971 T0000: 
================== Function Hook Finalize: system/test_snmp.py snmp_func_hooks ==================
2024-01-07 03:34:58,991 T0000: 
================== Framework Function Hook Finalize: system/test_snmp.py::test_ft_snmp_icmp_Msgs ==================
2024-01-07 03:34:58,993 T0000: 
================== Framework Function Hook: system/test_snmp.py::test_ft_snmp_tcp_mib ==================
2024-01-07 03:34:59,002 T0099: [D1-V3] sudo show interfaces status
2024-01-07 03:35:00,663 T0000: [D1-V3] sudo show interfaces status Ethernet124
2024-01-07 03:35:03,421 T0000: 
================== Framework Function Hook Finish: system/test_snmp.py::test_ft_snmp_tcp_mib ==================
2024-01-07 03:35:03,422 T0000: 
================== Function Hook: system/test_snmp.py snmp_func_hooks ==================
2024-01-07 03:35:03,424 T0000: 
================== Function Hook Finish: system/test_snmp.py snmp_func_hooks ==================
2024-01-07 03:35:03,425 T0000: 
================== Test Execution: system/test_snmp.py::test_ft_snmp_tcp_mib ==================
2024-01-07 03:35:19,074 T0000: 
================== Function Hook Finalize: system/test_snmp.py snmp_func_hooks ==================
2024-01-07 03:35:19,102 T0000: 
================== Framework Function Hook Finalize: system/test_snmp.py::test_ft_snmp_tcp_mib ==================
2024-01-07 03:35:19,103 T0000: 
================== Framework Function Hook: system/test_snmp.py::test_ft_snmp_udp_mib ==================
2024-01-07 03:35:19,113 T0100: [D1-V3] sudo show interfaces status
2024-01-07 03:35:20,711 T0000: [D1-V3] sudo show interfaces status Ethernet124
2024-01-07 03:35:23,422 T0000: 
================== Framework Function Hook Finish: system/test_snmp.py::test_ft_snmp_udp_mib ==================
2024-01-07 03:35:23,424 T0000: 
================== Function Hook: system/test_snmp.py snmp_func_hooks ==================
2024-01-07 03:35:23,427 T0000: 
================== Function Hook Finish: system/test_snmp.py snmp_func_hooks ==================
2024-01-07 03:35:23,428 T0000: 
================== Test Execution: system/test_snmp.py::test_ft_snmp_udp_mib ==================
2024-01-07 03:35:23,478 T0000: 
================== Function Hook Finalize: system/test_snmp.py snmp_func_hooks ==================
2024-01-07 03:35:23,497 T0000: 
================== Framework Function Hook Finalize: system/test_snmp.py::test_ft_snmp_udp_mib ==================
2024-01-07 03:35:23,498 T0000: 
================== Framework Function Hook: system/test_snmp.py::test_ft_snmp_snmpv2_mib ==================
2024-01-07 03:35:23,507 T0101: [D1-V3] sudo show interfaces status
2024-01-07 03:35:25,204 T0000: [D1-V3] sudo show interfaces status Ethernet124
2024-01-07 03:35:27,966 T0000: 
================== Framework Function Hook Finish: system/test_snmp.py::test_ft_snmp_snmpv2_mib ==================
2024-01-07 03:35:27,967 T0000: 
================== Function Hook: system/test_snmp.py snmp_func_hooks ==================
2024-01-07 03:35:27,970 T0000: 
================== Function Hook Finish: system/test_snmp.py snmp_func_hooks ==================
2024-01-07 03:35:27,970 T0000: 
================== Test Execution: system/test_snmp.py::test_ft_snmp_snmpv2_mib ==================
2024-01-07 03:35:28,005 T0000: 
================== Function Hook Finalize: system/test_snmp.py snmp_func_hooks ==================
2024-01-07 03:35:28,028 T0000: 
================== Framework Function Hook Finalize: system/test_snmp.py::test_ft_snmp_snmpv2_mib ==================
2024-01-07 03:35:28,029 T0000: 
================== Framework Function Hook: system/test_snmp.py::test_ft_snmp_host_resource_mib ==================
2024-01-07 03:35:28,039 T0102: [D1-V3] sudo show interfaces status
2024-01-07 03:35:29,738 T0000: [D1-V3] sudo show interfaces status Ethernet124
2024-01-07 03:35:32,494 T0000: 
================== Framework Function Hook Finish: system/test_snmp.py::test_ft_snmp_host_resource_mib ==================
2024-01-07 03:35:32,495 T0000: 
================== Function Hook: system/test_snmp.py snmp_func_hooks ==================
2024-01-07 03:35:32,498 T0000: 
================== Function Hook Finish: system/test_snmp.py snmp_func_hooks ==================
2024-01-07 03:35:32,498 T0000: 
================== Test Execution: system/test_snmp.py::test_ft_snmp_host_resource_mib ==================
2024-01-07 03:35:32,705 T0000: 
================== Function Hook Finalize: system/test_snmp.py snmp_func_hooks ==================
2024-01-07 03:35:32,726 T0000: 
================== Framework Function Hook Finalize: system/test_snmp.py::test_ft_snmp_host_resource_mib ==================
2024-01-07 03:35:32,727 T0000: 
================== Framework Function Hook: system/test_snmp.py::test_ft_snmp_framework_mib ==================
2024-01-07 03:35:32,736 T0103: [D1-V3] sudo show interfaces status
2024-01-07 03:35:34,390 T0000: [D1-V3] sudo show interfaces status Ethernet124
2024-01-07 03:35:37,144 T0000: 
================== Framework Function Hook Finish: system/test_snmp.py::test_ft_snmp_framework_mib ==================
2024-01-07 03:35:37,146 T0000: 
================== Function Hook: system/test_snmp.py snmp_func_hooks ==================
2024-01-07 03:35:37,150 T0000: 
================== Function Hook Finish: system/test_snmp.py snmp_func_hooks ==================
2024-01-07 03:35:37,150 T0000: 
================== Test Execution: system/test_snmp.py::test_ft_snmp_framework_mib ==================
2024-01-07 03:35:37,176 T0000: 
================== Function Hook Finalize: system/test_snmp.py snmp_func_hooks ==================
2024-01-07 03:35:37,198 T0000: 
================== Framework Function Hook Finalize: system/test_snmp.py::test_ft_snmp_framework_mib ==================
2024-01-07 03:35:37,199 T0000: 
================== Framework Function Hook: system/test_snmp.py::test_ft_snmp_mpd_mib ==================
2024-01-07 03:35:37,208 T0104: [D1-V3] sudo show interfaces status
2024-01-07 03:35:38,851 T0000: [D1-V3] sudo show interfaces status Ethernet124
2024-01-07 03:35:41,756 T0000: 
================== Framework Function Hook Finish: system/test_snmp.py::test_ft_snmp_mpd_mib ==================
2024-01-07 03:35:41,757 T0000: 
================== Function Hook: system/test_snmp.py snmp_func_hooks ==================
2024-01-07 03:35:41,760 T0000: 
================== Function Hook Finish: system/test_snmp.py snmp_func_hooks ==================
2024-01-07 03:35:41,761 T0000: 
================== Test Execution: system/test_snmp.py::test_ft_snmp_mpd_mib ==================
2024-01-07 03:35:41,785 T0000: 
================== Function Hook Finalize: system/test_snmp.py snmp_func_hooks ==================
2024-01-07 03:35:41,805 T0000: 
================== Framework Function Hook Finalize: system/test_snmp.py::test_ft_snmp_mpd_mib ==================
2024-01-07 03:35:41,807 T0000: 
================== Framework Function Hook: system/test_snmp.py::test_ft_snmp_target_mib ==================
2024-01-07 03:35:41,816 T0105: [D1-V3] sudo show interfaces status
2024-01-07 03:35:43,467 T0000: [D1-V3] sudo show interfaces status Ethernet124
2024-01-07 03:35:46,280 T0000: 
================== Framework Function Hook Finish: system/test_snmp.py::test_ft_snmp_target_mib ==================
2024-01-07 03:35:46,280 T0000: 
================== Function Hook: system/test_snmp.py snmp_func_hooks ==================
2024-01-07 03:35:46,283 T0000: 
================== Function Hook Finish: system/test_snmp.py snmp_func_hooks ==================
2024-01-07 03:35:46,283 T0000: 
================== Test Execution: system/test_snmp.py::test_ft_snmp_target_mib ==================
2024-01-07 03:35:46,313 T0000: 
================== Function Hook Finalize: system/test_snmp.py snmp_func_hooks ==================
2024-01-07 03:35:46,336 T0000: 
================== Framework Function Hook Finalize: system/test_snmp.py::test_ft_snmp_target_mib ==================
2024-01-07 03:35:46,338 T0000: 
================== Framework Function Hook: system/test_snmp.py::test_ft_snmp_notification_mib ==================
2024-01-07 03:35:46,348 T0106: [D1-V3] sudo show interfaces status
2024-01-07 03:35:47,995 T0000: [D1-V3] sudo show interfaces status Ethernet124
2024-01-07 03:35:50,703 T0000: 
================== Framework Function Hook Finish: system/test_snmp.py::test_ft_snmp_notification_mib ==================
2024-01-07 03:35:50,703 T0000: 
================== Function Hook: system/test_snmp.py snmp_func_hooks ==================
2024-01-07 03:35:50,706 T0000: 
================== Function Hook Finish: system/test_snmp.py snmp_func_hooks ==================
2024-01-07 03:35:50,706 T0000: 
================== Test Execution: system/test_snmp.py::test_ft_snmp_notification_mib ==================
2024-01-07 03:35:50,733 T0000: 
================== Function Hook Finalize: system/test_snmp.py snmp_func_hooks ==================
2024-01-07 03:35:50,763 T0000: 
================== Framework Function Hook Finalize: system/test_snmp.py::test_ft_snmp_notification_mib ==================
2024-01-07 03:35:50,764 T0000: 
================== Framework Function Hook: system/test_snmp.py::test_ft_snmp_user_based_sm_mib ==================
2024-01-07 03:35:50,775 T0107: [D1-V3] sudo show interfaces status
2024-01-07 03:35:52,423 T0000: [D1-V3] sudo show interfaces status Ethernet124
2024-01-07 03:35:55,128 T0000: 
================== Framework Function Hook Finish: system/test_snmp.py::test_ft_snmp_user_based_sm_mib ==================
2024-01-07 03:35:55,130 T0000: 
================== Function Hook: system/test_snmp.py snmp_func_hooks ==================
2024-01-07 03:35:55,137 T0000: 
================== Function Hook Finish: system/test_snmp.py snmp_func_hooks ==================
2024-01-07 03:35:55,138 T0000: 
================== Test Execution: system/test_snmp.py::test_ft_snmp_user_based_sm_mib ==================
2024-01-07 03:35:55,166 T0000: 
================== Function Hook Finalize: system/test_snmp.py snmp_func_hooks ==================
2024-01-07 03:35:55,187 T0000: 
================== Framework Function Hook Finalize: system/test_snmp.py::test_ft_snmp_user_based_sm_mib ==================
2024-01-07 03:35:55,188 T0000: 
================== Framework Function Hook: system/test_snmp.py::test_ft_snmp_view_based_acm_mib ==================
2024-01-07 03:35:55,198 T0108: [D1-V3] sudo show interfaces status
2024-01-07 03:35:56,855 T0000: [D1-V3] sudo show interfaces status Ethernet124
2024-01-07 03:35:59,606 T0000: 
================== Framework Function Hook Finish: system/test_snmp.py::test_ft_snmp_view_based_acm_mib ==================
2024-01-07 03:35:59,607 T0000: 
================== Function Hook: system/test_snmp.py snmp_func_hooks ==================
2024-01-07 03:35:59,610 T0000: 
================== Function Hook Finish: system/test_snmp.py snmp_func_hooks ==================
2024-01-07 03:35:59,611 T0000: 
================== Test Execution: system/test_snmp.py::test_ft_snmp_view_based_acm_mib ==================
2024-01-07 03:35:59,653 T0000: 
================== Function Hook Finalize: system/test_snmp.py snmp_func_hooks ==================
2024-01-07 03:35:59,675 T0000: 
================== Framework Function Hook Finalize: system/test_snmp.py::test_ft_snmp_view_based_acm_mib ==================
2024-01-07 03:35:59,676 T0000: 
================== Framework Function Hook: system/test_snmp.py::test_ft_snmp_ent_physical_table ==================
2024-01-07 03:35:59,686 T0109: [D1-V3] sudo show interfaces status
2024-01-07 03:36:01,348 T0000: [D1-V3] sudo show interfaces status Ethernet124
2024-01-07 03:36:04,102 T0000: 
================== Framework Function Hook Finish: system/test_snmp.py::test_ft_snmp_ent_physical_table ==================
2024-01-07 03:36:04,103 T0000: 
================== Function Hook: system/test_snmp.py snmp_func_hooks ==================
2024-01-07 03:36:04,106 T0000: 
================== Function Hook Finish: system/test_snmp.py snmp_func_hooks ==================
2024-01-07 03:36:04,107 T0000: 
================== Test Execution: system/test_snmp.py::test_ft_snmp_ent_physical_table ==================
2024-01-07 03:36:04,161 T0000: 
================== Function Hook Finalize: system/test_snmp.py snmp_func_hooks ==================
2024-01-07 03:36:04,184 T0000: 
================== Framework Function Hook Finalize: system/test_snmp.py::test_ft_snmp_ent_physical_table ==================
2024-01-07 03:36:04,185 T0000: 
================== Framework Function Hook: system/test_snmp.py::test_ft_snmp_dot3_stats_table ==================
2024-01-07 03:36:04,194 T0110: [D1-V3] sudo show interfaces status
2024-01-07 03:36:05,791 T0000: [D1-V3] sudo show interfaces status Ethernet124
2024-01-07 03:36:08,542 T0000: 
================== Framework Function Hook Finish: system/test_snmp.py::test_ft_snmp_dot3_stats_table ==================
2024-01-07 03:36:08,542 T0000: 
================== Function Hook: system/test_snmp.py snmp_func_hooks ==================
2024-01-07 03:36:08,545 T0000: 
================== Function Hook Finish: system/test_snmp.py snmp_func_hooks ==================
2024-01-07 03:36:08,545 T0000: 
================== Test Execution: system/test_snmp.py::test_ft_snmp_dot3_stats_table ==================
2024-01-07 03:36:08,605 T0000: 
================== Function Hook Finalize: system/test_snmp.py snmp_func_hooks ==================
2024-01-07 03:36:08,626 T0000: 
================== Framework Function Hook Finalize: system/test_snmp.py::test_ft_snmp_dot3_stats_table ==================
2024-01-07 03:36:08,628 T0000: 
================== Framework Function Hook: system/test_snmp.py::test_ft_net_snmp_agent_mib ==================
2024-01-07 03:36:08,637 T0111: [D1-V3] sudo show interfaces status
2024-01-07 03:36:10,344 T0000: [D1-V3] sudo show interfaces status Ethernet124
2024-01-07 03:36:13,096 T0000: 
================== Framework Function Hook Finish: system/test_snmp.py::test_ft_net_snmp_agent_mib ==================
2024-01-07 03:36:13,097 T0000: 
================== Function Hook: system/test_snmp.py snmp_func_hooks ==================
2024-01-07 03:36:13,099 T0000: 
================== Function Hook Finish: system/test_snmp.py snmp_func_hooks ==================
2024-01-07 03:36:13,100 T0000: 
================== Test Execution: system/test_snmp.py::test_ft_net_snmp_agent_mib ==================
2024-01-07 03:36:13,576 T0000: 
================== Function Hook Finalize: system/test_snmp.py snmp_func_hooks ==================
2024-01-07 03:36:13,603 T0000: 
================== Framework Function Hook Finalize: system/test_snmp.py::test_ft_net_snmp_agent_mib ==================
2024-01-07 03:36:13,604 T0000: 
================== Framework Function Hook: system/test_snmp.py::test_ft_net_snmp_vacm_mib ==================
2024-01-07 03:36:13,613 T0112: [D1-V3] sudo show interfaces status
2024-01-07 03:36:15,314 T0000: [D1-V3] sudo show interfaces status Ethernet124
2024-01-07 03:36:18,066 T0000: 
================== Framework Function Hook Finish: system/test_snmp.py::test_ft_net_snmp_vacm_mib ==================
2024-01-07 03:36:18,067 T0000: 
================== Function Hook: system/test_snmp.py snmp_func_hooks ==================
2024-01-07 03:36:18,070 T0000: 
================== Function Hook Finish: system/test_snmp.py snmp_func_hooks ==================
2024-01-07 03:36:18,071 T0000: 
================== Test Execution: system/test_snmp.py::test_ft_net_snmp_vacm_mib ==================
2024-01-07 03:36:18,111 T0000: 
================== Function Hook Finalize: system/test_snmp.py snmp_func_hooks ==================
2024-01-07 03:36:18,132 T0000: 
================== Framework Function Hook Finalize: system/test_snmp.py::test_ft_net_snmp_vacm_mib ==================
2024-01-07 03:36:18,133 T0000: 
================== Framework Function Hook: system/test_snmp.py::test_ft_snmp_ucd_diskio_mib ==================
2024-01-07 03:36:18,142 T0113: [D1-V3] sudo show interfaces status
2024-01-07 03:36:19,787 T0000: [D1-V3] sudo show interfaces status Ethernet124
2024-01-07 03:36:22,490 T0000: 
================== Framework Function Hook Finish: system/test_snmp.py::test_ft_snmp_ucd_diskio_mib ==================
2024-01-07 03:36:22,491 T0000: 
================== Function Hook: system/test_snmp.py snmp_func_hooks ==================
2024-01-07 03:36:22,493 T0000: 
================== Function Hook Finish: system/test_snmp.py snmp_func_hooks ==================
2024-01-07 03:36:22,493 T0000: 
================== Test Execution: system/test_snmp.py::test_ft_snmp_ucd_diskio_mib ==================
2024-01-07 03:36:22,547 T0000: 
================== Function Hook Finalize: system/test_snmp.py snmp_func_hooks ==================
2024-01-07 03:36:22,567 T0000: 
================== Framework Function Hook Finalize: system/test_snmp.py::test_ft_snmp_ucd_diskio_mib ==================
2024-01-07 03:36:22,568 T0000: 
================== Framework Function Hook: system/test_snmp.py::test_ft_snmp_ucd_la_table ==================
2024-01-07 03:36:22,577 T0114: [D1-V3] sudo show interfaces status
2024-01-07 03:36:24,271 T0000: [D1-V3] sudo show interfaces status Ethernet124
2024-01-07 03:36:26,979 T0000: 
================== Framework Function Hook Finish: system/test_snmp.py::test_ft_snmp_ucd_la_table ==================
2024-01-07 03:36:26,979 T0000: 
================== Function Hook: system/test_snmp.py snmp_func_hooks ==================
2024-01-07 03:36:26,982 T0000: 
================== Function Hook Finish: system/test_snmp.py snmp_func_hooks ==================
2024-01-07 03:36:26,983 T0000: 
================== Test Execution: system/test_snmp.py::test_ft_snmp_ucd_la_table ==================
2024-01-07 03:36:27,016 T0000: 
================== Function Hook Finalize: system/test_snmp.py snmp_func_hooks ==================
2024-01-07 03:36:27,037 T0000: 
================== Framework Function Hook Finalize: system/test_snmp.py::test_ft_snmp_ucd_la_table ==================
2024-01-07 03:36:27,039 T0000: 
================== Framework Function Hook: system/test_snmp.py::test_ft_snmp_ucd_system_stats ==================
2024-01-07 03:36:27,048 T0115: [D1-V3] sudo show interfaces status
2024-01-07 03:36:28,711 T0000: [D1-V3] sudo show interfaces status Ethernet124
2024-01-07 03:36:31,414 T0000: 
================== Framework Function Hook Finish: system/test_snmp.py::test_ft_snmp_ucd_system_stats ==================
2024-01-07 03:36:31,415 T0000: 
================== Function Hook: system/test_snmp.py snmp_func_hooks ==================
2024-01-07 03:36:31,418 T0000: 
================== Function Hook Finish: system/test_snmp.py snmp_func_hooks ==================
2024-01-07 03:36:31,419 T0000: 
================== Test Execution: system/test_snmp.py::test_ft_snmp_ucd_system_stats ==================
2024-01-07 03:36:31,454 T0000: 
================== Function Hook Finalize: system/test_snmp.py snmp_func_hooks ==================
2024-01-07 03:36:31,474 T0000: 
================== Framework Function Hook Finalize: system/test_snmp.py::test_ft_snmp_ucd_system_stats ==================
2024-01-07 03:36:31,475 T0000: 
================== Framework Function Hook: system/test_snmp.py::test_ft_snmp_dot1q_tp_fdb_port ==================
2024-01-07 03:36:31,484 T0116: [D1-V3] sudo show interfaces status
2024-01-07 03:36:33,136 T0000: [D1-V3] sudo show interfaces status Ethernet124
2024-01-07 03:36:36,043 T0000: 
================== Framework Function Hook Finish: system/test_snmp.py::test_ft_snmp_dot1q_tp_fdb_port ==================
2024-01-07 03:36:36,043 T0000: 
================== Function Hook: system/test_snmp.py snmp_func_hooks ==================
2024-01-07 03:36:36,046 T0000: 
================== Function Hook Finish: system/test_snmp.py snmp_func_hooks ==================
2024-01-07 03:36:36,046 T0000: 
================== Test Execution: system/test_snmp.py::test_ft_snmp_dot1q_tp_fdb_port ==================
2024-01-07 03:36:36,077 T0000: [D1-V3] show mac
2024-01-07 03:36:37,853 T0000: 
================== Function Hook Finalize: system/test_snmp.py snmp_func_hooks ==================
2024-01-07 03:36:37,893 T0000: 
================== Framework Function Hook Finalize: system/test_snmp.py::test_ft_snmp_dot1q_tp_fdb_port ==================
2024-01-07 03:36:37,894 T0000: 
================== Framework Function Hook: system/test_snmp.py::test_ft_snmp_dot1q_tp_fdb_address ==================
2024-01-07 03:36:37,903 T0117: [D1-V3] sudo show interfaces status
2024-01-07 03:36:39,551 T0000: [D1-V3] sudo show interfaces status Ethernet124
2024-01-07 03:36:42,309 T0000: 
================== Framework Function Hook Finish: system/test_snmp.py::test_ft_snmp_dot1q_tp_fdb_address ==================
2024-01-07 03:36:42,309 T0000: 
================== Function Hook: system/test_snmp.py snmp_func_hooks ==================
2024-01-07 03:36:42,312 T0000: 
================== Function Hook Finish: system/test_snmp.py snmp_func_hooks ==================
2024-01-07 03:36:42,313 T0000: 
================== Test Execution: system/test_snmp.py::test_ft_snmp_dot1q_tp_fdb_address ==================
2024-01-07 03:36:42,727 T0000: 
================== Function Hook Finalize: system/test_snmp.py snmp_func_hooks ==================
2024-01-07 03:36:42,751 T0000: 
================== Framework Function Hook Finalize: system/test_snmp.py::test_ft_snmp_dot1q_tp_fdb_address ==================
2024-01-07 03:36:42,752 T0000: 
================== Framework Function Hook: system/test_snmp.py::test_ft_snmp_coldstart_trap ==================
2024-01-07 03:36:42,761 T0118: [D1-V3] sudo show interfaces status
2024-01-07 03:36:44,407 T0000: [D1-V3] sudo show interfaces status Ethernet124
2024-01-07 03:36:47,165 T0000: 
================== Framework Function Hook Finish: system/test_snmp.py::test_ft_snmp_coldstart_trap ==================
2024-01-07 03:36:47,165 T0000: 
================== Function Hook: system/test_snmp.py snmp_func_hooks ==================
2024-01-07 03:36:47,168 T0000: 
================== Function Hook Finish: system/test_snmp.py snmp_func_hooks ==================
2024-01-07 03:36:47,169 T0000: 
================== Test Execution: system/test_snmp.py::test_ft_snmp_coldstart_trap ==================
2024-01-07 03:37:01,407 T0000: 
================== Function Hook Finalize: system/test_snmp.py snmp_func_hooks ==================
2024-01-07 03:37:01,443 T0000: 
================== Framework Function Hook Finalize: system/test_snmp.py::test_ft_snmp_coldstart_trap ==================
2024-01-07 03:37:01,444 T0000: 
================== Framework Function Hook: system/test_snmp.py::test_ft_snmp_docker_restart ==================
2024-01-07 03:37:01,454 T0119: [D1-V3] sudo show interfaces status
2024-01-07 03:37:03,151 T0000: [D1-V3] sudo show interfaces status Ethernet124
2024-01-07 03:37:05,949 T0000: 
================== Framework Function Hook Finish: system/test_snmp.py::test_ft_snmp_docker_restart ==================
2024-01-07 03:37:05,949 T0000: 
================== Function Hook: system/test_snmp.py snmp_func_hooks ==================
2024-01-07 03:37:05,953 T0000: 
================== Function Hook Finish: system/test_snmp.py snmp_func_hooks ==================
2024-01-07 03:37:05,954 T0000: 
================== Test Execution: system/test_snmp.py::test_ft_snmp_docker_restart ==================
2024-01-07 03:37:05,955 T0000: [D1-V3] systemctl restart snmp
2024-01-07 03:37:15,150 T0000: [D1-V3] sudo show interfaces status Ethernet124
2024-01-07 03:37:16,778 T0000: [D1-V3] systemctl is-active snmp
2024-01-07 03:37:17,850 T0000: 
================== Function Hook Finalize: system/test_snmp.py snmp_func_hooks ==================
2024-01-07 03:37:17,885 T0000: 
================== Framework Function Hook Finalize: system/test_snmp.py::test_ft_snmp_docker_restart ==================
2024-01-07 03:37:17,892 T0000: [D1-V3] config save /tmp/config-db-V3-pre-module-epilog-system-test_snmp.py.json -y
2024-01-07 03:37:19,201 T0000: [D1-V3] chmod 777 /tmp/config-db-V3-pre-module-epilog-system-test_snmp.py.json
2024-01-07 03:37:20,727 T0000: [D1-V3] /sbin/ip link set dev eth0 up
2024-01-07 03:37:21,436 T0000: [D1-V3] /sbin/ip route list dev eth0
2024-01-07 03:37:29,881 T0000: [D1-V3] sudo vtysh -c 'show running-config' > /tmp/vtysh-runcfg-V3-pre-module-epilog-system-test_snmp.py.txt
2024-01-07 03:37:30,784 T0000: [D1-V3] chmod 777 /tmp/vtysh-runcfg-V3-pre-module-epilog-system-test_snmp.py.txt
2024-01-07 03:37:32,311 T0000: [D1-V3] /sbin/ip link set dev eth0 up
2024-01-07 03:37:33,020 T0000: [D1-V3] /sbin/ip route list dev eth0
2024-01-07 03:37:41,442 T0000: [D1-V3] cat /etc/sonic/snmp.yml
2024-01-07 03:37:42,157 T0000: [D1-V3] sudo sed -i '/^snmp_rocommunity:/ c snmp_rocommunity: NotConfigured' /etc/sonic/snmp.yml
2024-01-07 03:37:43,605 T0000: [D1-V3] sudo sed -i '/^snmp_rocommunity6:/ c snmp_rocommunity6: NotConfigured' /etc/sonic/snmp.yml
2024-01-07 03:37:45,055 T0000: [D1-V3] sudo sed -i '/^snmp_location:/ c snmp_location: NotConfigured' /etc/sonic/snmp.yml
2024-01-07 03:37:46,510 T0000: [D1-V3] sudo sed -i '/^snmp_syscontact:/ c snmp_syscontact: NotConfigured' /etc/sonic/snmp.yml
2024-01-07 03:37:47,961 T0000: [D1-V3] sudo sed -i '/^v1_trap_dest:/ c v1_trap_dest: NotConfigured' /etc/sonic/snmp.yml
2024-01-07 03:37:49,409 T0000: [D1-V3] sudo sed -i '/^v2_trap_dest:/ c v2_trap_dest: NotConfigured' /etc/sonic/snmp.yml
2024-01-07 03:37:50,857 T0000: [D1-V3] sudo sed -i '/^v3_trap_dest:/ c v3_trap_dest: NotConfigured' /etc/sonic/snmp.yml
2024-01-07 03:37:52,308 T0000: [D1-V3] cat /etc/sonic/snmp.yml
2024-01-07 03:37:53,008 T0000: [D1-V3] sudo service snmp restart
2024-01-07 03:37:53,718 T0000: [D1-V3] sonic-clear fdb all
2024-01-07 03:37:54,880 T0000: [D1-V3] config vlan member del 1966 Ethernet0
2024-01-07 03:37:55,987 T0000: [D1-V3] config vlan member del 1966 Ethernet4
2024-01-07 03:37:57,047 T0000: [D1-V3] show vlan config
2024-01-07 03:37:58,167 T0000: [D1-V3] ['config vlan del 1966']
2024-01-07 03:37:59,220 T0000: [D1-V3] show vlan config
2024-01-07 03:38:01,277 T0000: 
================== Module Hook Finalize: system/test_snmp.py snmp_module_hooks ==================
2024-01-07 03:38:01,293 T0000: [D1-V3] config save /tmp/config-db-V3-post-module-epilog-system-test_snmp.py.json -y
2024-01-07 03:38:02,601 T0000: [D1-V3] chmod 777 /tmp/config-db-V3-post-module-epilog-system-test_snmp.py.json
2024-01-07 03:38:04,131 T0000: [D1-V3] /sbin/ip link set dev eth0 up
2024-01-07 03:38:04,836 T0000: [D1-V3] /sbin/ip route list dev eth0
2024-01-07 03:38:13,311 T0000: [D1-V3] sudo vtysh -c 'show running-config' > /tmp/vtysh-runcfg-V3-post-module-epilog-system-test_snmp.py.txt
2024-01-07 03:38:14,213 T0000: [D1-V3] chmod 777 /tmp/vtysh-runcfg-V3-post-module-epilog-system-test_snmp.py.txt
2024-01-07 03:38:15,740 T0000: [D1-V3] /sbin/ip link set dev eth0 up
2024-01-07 03:38:16,446 T0000: [D1-V3] /sbin/ip route list dev eth0
2024-01-07 03:38:25,055 T0000: [D1-V3] sudo show interfaces status Ethernet124
2024-01-07 03:38:27,539 T0000: 
================== Framework Module Hook Finalize: system/test_snmp.py Pass: 36/40 ==================
2024-01-07 03:38:27,539 T0000: 
================== Devices used: system/test_snmp.py 1 ['V3'] ==================
2024-01-07 03:38:28,040 T0000: 
================== Framework Module Hook: batch/test_spytest_infra_1.py ==================
2024-01-07 03:38:28,055 T0136: [D1-V3] no router bgp
2024-01-07 03:38:29,860 T0136: [D1-V3] config feature state sflow enabled
2024-01-07 03:38:31,810 T0136: [D1-V3] config feature state nat enabled
2024-01-07 03:39:08,360 T0136: [D1-V3] /sbin/ip link set dev eth0 up
2024-01-07 03:39:09,030 T0136: [D1-V3] /sbin/ip route list dev eth0
2024-01-07 03:39:09,710 T0136: [D1-V3] sudo show interfaces status Ethernet124
2024-01-07 03:39:14,097 T0136: [D1-V3] sudo show interfaces status Ethernet124
2024-01-07 03:39:16,356 T0137: [D1-V3] sudo show interfaces status
2024-01-07 03:39:23,043 T0138: [D1-V3] sudo show interfaces status
2024-01-07 03:39:29,776 T0139: [D1-V3] sudo show interfaces status
2024-01-07 03:39:31,402 T0000: 
================== Framework Module Hook Finish: batch/test_spytest_infra_1.py ==================
2024-01-07 03:39:31,404 T0000: 
================== Framework Function Hook: batch/test_spytest_infra_1.py::test_spytest_infra_last ==================
2024-01-07 03:39:34,496 T0140: [D1-V3] sudo show interfaces status
2024-01-07 03:39:36,112 T0000: [D1-V3] sudo show interfaces status Ethernet124
2024-01-07 03:39:38,801 T0000: 
================== Framework Function Hook Finish: batch/test_spytest_infra_1.py::test_spytest_infra_last ==================
2024-01-07 03:39:38,803 T0000: 
================== Test Execution: batch/test_spytest_infra_1.py::test_spytest_infra_last ==================
2024-01-07 03:39:38,822 T0000: 
================== Framework Function Hook Finalize: batch/test_spytest_infra_1.py::test_spytest_infra_last ==================
2024-01-07 03:39:38,835 T0000: [D1-V3] sudo show interfaces status Ethernet124
2024-01-07 03:39:41,211 T0000: 
================== Framework Module Hook Finalize: batch/test_spytest_infra_1.py Pass: 1/1 ==================
2024-01-07 03:39:41,211 T0000: 
================== Devices used: batch/test_spytest_infra_1.py 1 ['V3'] ==================
2024-01-07 03:39:41,305 T0000: [D1-V3] ['stty cols 80']
