2024-01-07 03:26:27,491 T0000: WARN  #### gw5  
2024-01-07 03:26:27,491 T0000: WARN  support post-session-prolog session pass ''
2024-01-07 03:27:14,403 T0000: INFO  #### gw5  
2024-01-07 03:27:14,404 T0000: INFO  support pre-module-prolog security/test_tacacs.py  ''
2024-01-07 03:27:41,794 T0000: INFO  #### gw5  security/test_tacacs.py
2024-01-07 03:27:41,794 T0000: INFO  support post-module-prolog security/test_tacacs.py Pass ''
2024-01-07 03:28:12,548 T0000: INFO  #### gw5  security/test_tacacs.py
2024-01-07 03:28:12,548 T0000: INFO  support pre-function-prolog test_ft_tacacs_ssh_login_with_tacacs_operations  ''
2024-01-07 03:28:12,561 T0000: INFO  #### gw5  security/test_tacacs.py::test_ft_tacacs_ssh_login_with_tacacs_operations
2024-01-07 03:28:12,561 T0000: INFO  support post-function-prolog test_ft_tacacs_ssh_login_with_tacacs_operations Pass ''
2024-01-07 03:28:13,264 T0000: WARN  #### gw5  security/test_tacacs.py::test_ft_tacacs_ssh_login_with_tacacs_operations
2024-01-07 03:28:13,264 T0000: WARN  support pre-function-epilog test_ft_tacacs_ssh_login_with_tacacs_operations Fail 'PAM file is not created'
2024-01-07 03:28:13,617 T0000: WARN  #### gw5  security/test_tacacs.py::test_ft_tacacs_ssh_login_with_tacacs_operations
2024-01-07 03:28:13,617 T0000: WARN  support post-function-epilog test_ft_tacacs_ssh_login_with_tacacs_operations ignore 'PAM file is not created'
2024-01-07 03:28:13,654 T0000: WARN  #### gw5  security/test_tacacs.py::test_ft_tacacs_ssh_login_with_tacacs_operations
2024-01-07 03:28:13,654 T0000: WARN  support pre-module-epilog security/test_tacacs.py fail ''
2024-01-07 03:28:51,785 T0000: WARN  #### gw5  security/test_tacacs.py::test_ft_tacacs_ssh_login_with_tacacs_operations
2024-01-07 03:28:51,785 T0000: WARN  support post-module-epilog security/test_tacacs.py fail ''
2024-01-07 03:30:55,113 T0000: INFO  #### gw5  
2024-01-07 03:30:55,113 T0000: INFO  support pre-module-prolog system/test_snmp.py  ''
2024-01-07 03:32:32,918 T0000: INFO  #### gw5  system/test_snmp.py
2024-01-07 03:32:32,918 T0000: INFO  support post-module-prolog system/test_snmp.py Pass ''
2024-01-07 03:33:04,061 T0000: INFO  #### gw5  system/test_snmp.py
2024-01-07 03:33:04,061 T0000: INFO  support pre-function-prolog test_ft_snmp_sysName  ''
2024-01-07 03:33:04,073 T0000: INFO  #### gw5  system/test_snmp.py::test_ft_snmp_sysName
2024-01-07 03:33:04,073 T0000: INFO  support post-function-prolog test_ft_snmp_sysName Pass ''
2024-01-07 03:33:04,798 T0000: WARN  #### gw5  system/test_snmp.py::test_ft_snmp_sysName
2024-01-07 03:33:04,798 T0000: WARN  support pre-function-epilog test_ft_snmp_sysName Fail 'sysname output is not in sync between system and snmp'
2024-01-07 03:33:05,195 T0000: WARN  #### gw5  system/test_snmp.py::test_ft_snmp_sysName
2024-01-07 03:33:05,195 T0000: WARN  support post-function-epilog test_ft_snmp_sysName ignore 'sysname output is not in sync between system and snmp'
2024-01-07 03:33:09,685 T0000: INFO  #### gw5  system/test_snmp.py
2024-01-07 03:33:09,685 T0000: INFO  support pre-function-prolog test_ft_snmp_test_syUpTime  ''
2024-01-07 03:33:09,698 T0000: INFO  #### gw5  system/test_snmp.py::test_ft_snmp_test_syUpTime
2024-01-07 03:33:09,698 T0000: INFO  support post-function-prolog test_ft_snmp_test_syUpTime Pass ''
2024-01-07 03:33:10,910 T0000: INFO  #### gw5  system/test_snmp.py::test_ft_snmp_test_syUpTime
2024-01-07 03:33:10,910 T0000: INFO  support pre-function-epilog test_ft_snmp_test_syUpTime Pass 'Test case passed'
2024-01-07 03:33:10,915 T0000: INFO  #### gw5  system/test_snmp.py::test_ft_snmp_test_syUpTime
2024-01-07 03:33:10,915 T0000: INFO  support post-function-epilog test_ft_snmp_test_syUpTime Pass 'Test case passed'
2024-01-07 03:33:15,347 T0000: INFO  #### gw5  system/test_snmp.py
2024-01-07 03:33:15,347 T0000: INFO  support pre-function-prolog test_ft_snmp_sysDescr  ''
2024-01-07 03:33:15,361 T0000: INFO  #### gw5  system/test_snmp.py::test_ft_snmp_sysDescr
2024-01-07 03:33:15,361 T0000: INFO  support post-function-prolog test_ft_snmp_sysDescr Pass ''
2024-01-07 03:33:18,722 T0000: INFO  #### gw5  system/test_snmp.py::test_ft_snmp_sysDescr
2024-01-07 03:33:18,722 T0000: INFO  support pre-function-epilog test_ft_snmp_sysDescr Pass 'Test case passed'
2024-01-07 03:33:18,734 T0000: INFO  #### gw5  system/test_snmp.py::test_ft_snmp_sysDescr
2024-01-07 03:33:18,734 T0000: INFO  support post-function-epilog test_ft_snmp_sysDescr Pass 'Test case passed'
2024-01-07 03:33:23,251 T0000: INFO  #### gw5  system/test_snmp.py
2024-01-07 03:33:23,251 T0000: INFO  support pre-function-prolog test_ft_snmp_mib_2  ''
2024-01-07 03:33:23,274 T0000: INFO  #### gw5  system/test_snmp.py::test_ft_snmp_mib_2
2024-01-07 03:33:23,274 T0000: INFO  support post-function-prolog test_ft_snmp_mib_2 Pass ''
2024-01-07 03:33:29,666 T0000: INFO  #### gw5  system/test_snmp.py::test_ft_snmp_mib_2
2024-01-07 03:33:29,666 T0000: INFO  support pre-function-epilog test_ft_snmp_mib_2 Pass 'Test case passed'
2024-01-07 03:33:29,674 T0000: INFO  #### gw5  system/test_snmp.py::test_ft_snmp_mib_2
2024-01-07 03:33:29,674 T0000: INFO  support post-function-epilog test_ft_snmp_mib_2 Pass 'Test case passed'
2024-01-07 03:33:34,128 T0000: INFO  #### gw5  system/test_snmp.py
2024-01-07 03:33:34,129 T0000: INFO  support pre-function-prolog test_ft_snmp_if_mib_all  ''
2024-01-07 03:33:34,145 T0000: INFO  #### gw5  system/test_snmp.py::test_ft_snmp_if_mib_all
2024-01-07 03:33:34,145 T0000: INFO  support post-function-prolog test_ft_snmp_if_mib_all Pass ''
2024-01-07 03:33:34,300 T0000: INFO  #### gw5  system/test_snmp.py::test_ft_snmp_if_mib_all
2024-01-07 03:33:34,300 T0000: INFO  support pre-function-epilog test_ft_snmp_if_mib_all Pass 'Test case passed'
2024-01-07 03:33:34,306 T0000: INFO  #### gw5  system/test_snmp.py::test_ft_snmp_if_mib_all
2024-01-07 03:33:34,306 T0000: INFO  support post-function-epilog test_ft_snmp_if_mib_all Pass 'Test case passed'
2024-01-07 03:33:38,793 T0000: INFO  #### gw5  system/test_snmp.py
2024-01-07 03:33:38,794 T0000: INFO  support pre-function-prolog test_ft_snmp_entity_mib_all  ''
2024-01-07 03:33:38,805 T0000: INFO  #### gw5  system/test_snmp.py::test_ft_snmp_entity_mib_all
2024-01-07 03:33:38,805 T0000: INFO  support post-function-prolog test_ft_snmp_entity_mib_all Pass ''
2024-01-07 03:33:38,853 T0000: INFO  #### gw5  system/test_snmp.py::test_ft_snmp_entity_mib_all
2024-01-07 03:33:38,853 T0000: INFO  support pre-function-epilog test_ft_snmp_entity_mib_all Pass 'Test case passed'
2024-01-07 03:33:38,859 T0000: INFO  #### gw5  system/test_snmp.py::test_ft_snmp_entity_mib_all
2024-01-07 03:33:38,859 T0000: INFO  support post-function-epilog test_ft_snmp_entity_mib_all Pass 'Test case passed'
2024-01-07 03:33:43,336 T0000: INFO  #### gw5  system/test_snmp.py
2024-01-07 03:33:43,336 T0000: INFO  support pre-function-prolog test_ft_snmp_dot1q_dot1db_mib  ''
2024-01-07 03:33:43,349 T0000: INFO  #### gw5  system/test_snmp.py::test_ft_snmp_dot1q_dot1db_mib
2024-01-07 03:33:43,349 T0000: INFO  support post-function-prolog test_ft_snmp_dot1q_dot1db_mib Pass ''
2024-01-07 03:33:43,428 T0000: INFO  #### gw5  system/test_snmp.py::test_ft_snmp_dot1q_dot1db_mib
2024-01-07 03:33:43,428 T0000: INFO  support pre-function-epilog test_ft_snmp_dot1q_dot1db_mib Pass 'Test case passed'
2024-01-07 03:33:43,435 T0000: INFO  #### gw5  system/test_snmp.py::test_ft_snmp_dot1q_dot1db_mib
2024-01-07 03:33:43,435 T0000: INFO  support post-function-epilog test_ft_snmp_dot1q_dot1db_mib Pass 'Test case passed'
2024-01-07 03:33:47,925 T0000: INFO  #### gw5  system/test_snmp.py
2024-01-07 03:33:47,925 T0000: INFO  support pre-function-prolog test_ft_snmp_root_node_walk  ''
2024-01-07 03:33:47,937 T0000: INFO  #### gw5  system/test_snmp.py::test_ft_snmp_root_node_walk
2024-01-07 03:33:47,937 T0000: INFO  support post-function-prolog test_ft_snmp_root_node_walk Pass ''
2024-01-07 03:33:59,638 T0000: INFO  #### gw5  system/test_snmp.py::test_ft_snmp_root_node_walk
2024-01-07 03:33:59,638 T0000: INFO  support pre-function-epilog test_ft_snmp_root_node_walk Pass 'Test case passed'
2024-01-07 03:33:59,646 T0000: INFO  #### gw5  system/test_snmp.py::test_ft_snmp_root_node_walk
2024-01-07 03:33:59,646 T0000: INFO  support post-function-epilog test_ft_snmp_root_node_walk Pass 'Test case passed'
2024-01-07 03:34:04,144 T0000: INFO  #### gw5  system/test_snmp.py
2024-01-07 03:34:04,144 T0000: INFO  support pre-function-prolog test_ft_snmp_ipAddressRowStatus_ipv6  ''
2024-01-07 03:34:04,157 T0000: INFO  #### gw5  system/test_snmp.py::test_ft_snmp_ipAddressRowStatus_ipv6
2024-01-07 03:34:04,157 T0000: INFO  support post-function-prolog test_ft_snmp_ipAddressRowStatus_ipv6 Pass ''
2024-01-07 03:34:10,029 T0000: INFO  #### gw5  system/test_snmp.py::test_ft_snmp_ipAddressRowStatus_ipv6
2024-01-07 03:34:10,029 T0000: INFO  support pre-function-epilog test_ft_snmp_ipAddressRowStatus_ipv6 Pass 'Test case passed'
2024-01-07 03:34:10,034 T0000: INFO  #### gw5  system/test_snmp.py::test_ft_snmp_ipAddressRowStatus_ipv6
2024-01-07 03:34:10,034 T0000: INFO  support post-function-epilog test_ft_snmp_ipAddressRowStatus_ipv6 Pass 'Test case passed'
2024-01-07 03:34:14,716 T0000: INFO  #### gw5  system/test_snmp.py
2024-01-07 03:34:14,716 T0000: INFO  support pre-function-prolog test_ft_snmp_ipAddressStorageType_ipv6  ''
2024-01-07 03:34:14,730 T0000: INFO  #### gw5  system/test_snmp.py::test_ft_snmp_ipAddressStorageType_ipv6
2024-01-07 03:34:14,730 T0000: INFO  support post-function-prolog test_ft_snmp_ipAddressStorageType_ipv6 Pass ''
2024-01-07 03:34:14,757 T0000: INFO  #### gw5  system/test_snmp.py::test_ft_snmp_ipAddressStorageType_ipv6
2024-01-07 03:34:14,757 T0000: INFO  support pre-function-epilog test_ft_snmp_ipAddressStorageType_ipv6 Pass 'Test case passed'
2024-01-07 03:34:14,763 T0000: INFO  #### gw5  system/test_snmp.py::test_ft_snmp_ipAddressStorageType_ipv6
2024-01-07 03:34:14,764 T0000: INFO  support post-function-epilog test_ft_snmp_ipAddressStorageType_ipv6 Pass 'Test case passed'
2024-01-07 03:34:19,236 T0000: INFO  #### gw5  system/test_snmp.py
2024-01-07 03:34:19,236 T0000: INFO  support pre-function-prolog test_ft_snmp_ipv6_If_Forward_default_HopLimit  ''
2024-01-07 03:34:19,249 T0000: INFO  #### gw5  system/test_snmp.py::test_ft_snmp_ipv6_If_Forward_default_HopLimit
2024-01-07 03:34:19,250 T0000: INFO  support post-function-prolog test_ft_snmp_ipv6_If_Forward_default_HopLimit Pass ''
2024-01-07 03:34:19,286 T0000: INFO  #### gw5  system/test_snmp.py::test_ft_snmp_ipv6_If_Forward_default_HopLimit
2024-01-07 03:34:19,286 T0000: INFO  support pre-function-epilog test_ft_snmp_ipv6_If_Forward_default_HopLimit Pass 'Test case passed'
2024-01-07 03:34:19,296 T0000: INFO  #### gw5  system/test_snmp.py::test_ft_snmp_ipv6_If_Forward_default_HopLimit
2024-01-07 03:34:19,296 T0000: INFO  support post-function-epilog test_ft_snmp_ipv6_If_Forward_default_HopLimit Pass 'Test case passed'
2024-01-07 03:34:23,771 T0000: INFO  #### gw5  system/test_snmp.py
2024-01-07 03:34:23,772 T0000: INFO  support pre-function-prolog test_ft_snmp_ipv6scope_index_table  ''
2024-01-07 03:34:23,784 T0000: INFO  #### gw5  system/test_snmp.py::test_ft_snmp_ipv6scope_index_table
2024-01-07 03:34:23,784 T0000: INFO  support post-function-prolog test_ft_snmp_ipv6scope_index_table Pass ''
2024-01-07 03:34:23,839 T0000: INFO  #### gw5  system/test_snmp.py::test_ft_snmp_ipv6scope_index_table
2024-01-07 03:34:23,839 T0000: INFO  support pre-function-epilog test_ft_snmp_ipv6scope_index_table Pass 'Test case passed'
2024-01-07 03:34:23,843 T0000: INFO  #### gw5  system/test_snmp.py::test_ft_snmp_ipv6scope_index_table
2024-01-07 03:34:23,843 T0000: INFO  support post-function-epilog test_ft_snmp_ipv6scope_index_table Pass 'Test case passed'
2024-01-07 03:34:28,215 T0000: INFO  #### gw5  system/test_snmp.py
2024-01-07 03:34:28,215 T0000: INFO  support pre-function-prolog test_ft_snmp_ip_forward_table  ''
2024-01-07 03:34:28,227 T0000: INFO  #### gw5  system/test_snmp.py::test_ft_snmp_ip_forward_table
2024-01-07 03:34:28,227 T0000: INFO  support post-function-prolog test_ft_snmp_ip_forward_table Pass ''
2024-01-07 03:34:30,900 T0000: INFO  #### gw5  system/test_snmp.py::test_ft_snmp_ip_forward_table
2024-01-07 03:34:30,900 T0000: INFO  support pre-function-epilog test_ft_snmp_ip_forward_table Pass 'Test case passed'
2024-01-07 03:34:30,905 T0000: INFO  #### gw5  system/test_snmp.py::test_ft_snmp_ip_forward_table
2024-01-07 03:34:30,905 T0000: INFO  support post-function-epilog test_ft_snmp_ip_forward_table Pass 'Test case passed'
2024-01-07 03:34:36,201 T0000: INFO  #### gw5  system/test_snmp.py
2024-01-07 03:34:36,201 T0000: INFO  support pre-function-prolog test_ft_snmp_ifx_table  ''
2024-01-07 03:34:36,212 T0000: INFO  #### gw5  system/test_snmp.py::test_ft_snmp_ifx_table
2024-01-07 03:34:36,212 T0000: INFO  support post-function-prolog test_ft_snmp_ifx_table Pass ''
2024-01-07 03:34:36,364 T0000: INFO  #### gw5  system/test_snmp.py::test_ft_snmp_ifx_table
2024-01-07 03:34:36,364 T0000: INFO  support pre-function-epilog test_ft_snmp_ifx_table Pass 'Test case passed'
2024-01-07 03:34:36,370 T0000: INFO  #### gw5  system/test_snmp.py::test_ft_snmp_ifx_table
2024-01-07 03:34:36,370 T0000: INFO  support post-function-epilog test_ft_snmp_ifx_table Pass 'Test case passed'
2024-01-07 03:34:40,802 T0000: INFO  #### gw5  system/test_snmp.py
2024-01-07 03:34:40,802 T0000: INFO  support pre-function-prolog test_ft_snmp_ip_System_Stats_Table  ''
2024-01-07 03:34:40,813 T0000: INFO  #### gw5  system/test_snmp.py::test_ft_snmp_ip_System_Stats_Table
2024-01-07 03:34:40,813 T0000: INFO  support post-function-prolog test_ft_snmp_ip_System_Stats_Table Pass ''
2024-01-07 03:34:40,860 T0000: INFO  #### gw5  system/test_snmp.py::test_ft_snmp_ip_System_Stats_Table
2024-01-07 03:34:40,860 T0000: INFO  support pre-function-epilog test_ft_snmp_ip_System_Stats_Table Pass 'Test case passed'
2024-01-07 03:34:40,864 T0000: INFO  #### gw5  system/test_snmp.py::test_ft_snmp_ip_System_Stats_Table
2024-01-07 03:34:40,864 T0000: INFO  support post-function-epilog test_ft_snmp_ip_System_Stats_Table Pass 'Test case passed'
2024-01-07 03:34:45,253 T0000: INFO  #### gw5  system/test_snmp.py
2024-01-07 03:34:45,253 T0000: INFO  support pre-function-prolog test_ft_snmp_ip_IfStats_Table  ''
2024-01-07 03:34:45,265 T0000: INFO  #### gw5  system/test_snmp.py::test_ft_snmp_ip_IfStats_Table
2024-01-07 03:34:45,265 T0000: INFO  support post-function-prolog test_ft_snmp_ip_IfStats_Table Pass ''
2024-01-07 03:34:45,578 T0000: INFO  #### gw5  system/test_snmp.py::test_ft_snmp_ip_IfStats_Table
2024-01-07 03:34:45,578 T0000: INFO  support pre-function-epilog test_ft_snmp_ip_IfStats_Table Pass 'Test case passed'
2024-01-07 03:34:45,583 T0000: INFO  #### gw5  system/test_snmp.py::test_ft_snmp_ip_IfStats_Table
2024-01-07 03:34:45,583 T0000: INFO  support post-function-epilog test_ft_snmp_ip_IfStats_Table Pass 'Test case passed'
2024-01-07 03:34:50,016 T0000: INFO  #### gw5  system/test_snmp.py
2024-01-07 03:34:50,016 T0000: INFO  support pre-function-prolog test_ft_snmp_ip_Address_Table  ''
2024-01-07 03:34:50,029 T0000: INFO  #### gw5  system/test_snmp.py::test_ft_snmp_ip_Address_Table
2024-01-07 03:34:50,030 T0000: INFO  support post-function-prolog test_ft_snmp_ip_Address_Table Pass ''
2024-01-07 03:34:50,078 T0000: INFO  #### gw5  system/test_snmp.py::test_ft_snmp_ip_Address_Table
2024-01-07 03:34:50,078 T0000: INFO  support pre-function-epilog test_ft_snmp_ip_Address_Table Pass 'Test case passed'
2024-01-07 03:34:50,082 T0000: INFO  #### gw5  system/test_snmp.py::test_ft_snmp_ip_Address_Table
2024-01-07 03:34:50,082 T0000: INFO  support post-function-epilog test_ft_snmp_ip_Address_Table Pass 'Test case passed'
2024-01-07 03:34:54,482 T0000: INFO  #### gw5  system/test_snmp.py
2024-01-07 03:34:54,482 T0000: INFO  support pre-function-prolog test_ft_snmp_ip_NetToPhysical_Table  ''
2024-01-07 03:34:54,491 T0000: INFO  #### gw5  system/test_snmp.py::test_ft_snmp_ip_NetToPhysical_Table
2024-01-07 03:34:54,491 T0000: INFO  support post-function-prolog test_ft_snmp_ip_NetToPhysical_Table Pass ''
2024-01-07 03:34:54,527 T0000: INFO  #### gw5  system/test_snmp.py::test_ft_snmp_ip_NetToPhysical_Table
2024-01-07 03:34:54,527 T0000: INFO  support pre-function-epilog test_ft_snmp_ip_NetToPhysical_Table Pass 'Test case passed'
2024-01-07 03:34:54,532 T0000: INFO  #### gw5  system/test_snmp.py::test_ft_snmp_ip_NetToPhysical_Table
2024-01-07 03:34:54,532 T0000: INFO  support post-function-epilog test_ft_snmp_ip_NetToPhysical_Table Pass 'Test case passed'
2024-01-07 03:34:58,908 T0000: INFO  #### gw5  system/test_snmp.py
2024-01-07 03:34:58,908 T0000: INFO  support pre-function-prolog test_ft_snmp_icmp_Msgs  ''
2024-01-07 03:34:58,920 T0000: INFO  #### gw5  system/test_snmp.py::test_ft_snmp_icmp_Msgs
2024-01-07 03:34:58,921 T0000: INFO  support post-function-prolog test_ft_snmp_icmp_Msgs Pass ''
2024-01-07 03:34:58,966 T0000: INFO  #### gw5  system/test_snmp.py::test_ft_snmp_icmp_Msgs
2024-01-07 03:34:58,966 T0000: INFO  support pre-function-epilog test_ft_snmp_icmp_Msgs Pass 'Test case passed'
2024-01-07 03:34:58,972 T0000: INFO  #### gw5  system/test_snmp.py::test_ft_snmp_icmp_Msgs
2024-01-07 03:34:58,972 T0000: INFO  support post-function-epilog test_ft_snmp_icmp_Msgs Pass 'Test case passed'
2024-01-07 03:35:03,408 T0000: INFO  #### gw5  system/test_snmp.py
2024-01-07 03:35:03,408 T0000: INFO  support pre-function-prolog test_ft_snmp_tcp_mib  ''
2024-01-07 03:35:03,422 T0000: INFO  #### gw5  system/test_snmp.py::test_ft_snmp_tcp_mib
2024-01-07 03:35:03,422 T0000: INFO  support post-function-prolog test_ft_snmp_tcp_mib Pass ''
2024-01-07 03:35:19,066 T0000: INFO  #### gw5  system/test_snmp.py::test_ft_snmp_tcp_mib
2024-01-07 03:35:19,066 T0000: INFO  support pre-function-epilog test_ft_snmp_tcp_mib Pass 'Test case passed'
2024-01-07 03:35:19,075 T0000: INFO  #### gw5  system/test_snmp.py::test_ft_snmp_tcp_mib
2024-01-07 03:35:19,075 T0000: INFO  support post-function-epilog test_ft_snmp_tcp_mib Pass 'Test case passed'
2024-01-07 03:35:23,411 T0000: INFO  #### gw5  system/test_snmp.py
2024-01-07 03:35:23,411 T0000: INFO  support pre-function-prolog test_ft_snmp_udp_mib  ''
2024-01-07 03:35:23,424 T0000: INFO  #### gw5  system/test_snmp.py::test_ft_snmp_udp_mib
2024-01-07 03:35:23,425 T0000: INFO  support post-function-prolog test_ft_snmp_udp_mib Pass ''
2024-01-07 03:35:23,472 T0000: INFO  #### gw5  system/test_snmp.py::test_ft_snmp_udp_mib
2024-01-07 03:35:23,472 T0000: INFO  support pre-function-epilog test_ft_snmp_udp_mib Pass 'Test case passed'
2024-01-07 03:35:23,479 T0000: INFO  #### gw5  system/test_snmp.py::test_ft_snmp_udp_mib
2024-01-07 03:35:23,479 T0000: INFO  support post-function-epilog test_ft_snmp_udp_mib Pass 'Test case passed'
2024-01-07 03:35:27,953 T0000: INFO  #### gw5  system/test_snmp.py
2024-01-07 03:35:27,953 T0000: INFO  support pre-function-prolog test_ft_snmp_snmpv2_mib  ''
2024-01-07 03:35:27,967 T0000: INFO  #### gw5  system/test_snmp.py::test_ft_snmp_snmpv2_mib
2024-01-07 03:35:27,967 T0000: INFO  support post-function-prolog test_ft_snmp_snmpv2_mib Pass ''
2024-01-07 03:35:27,999 T0000: INFO  #### gw5  system/test_snmp.py::test_ft_snmp_snmpv2_mib
2024-01-07 03:35:27,999 T0000: INFO  support pre-function-epilog test_ft_snmp_snmpv2_mib Pass 'Test case passed'
2024-01-07 03:35:28,005 T0000: INFO  #### gw5  system/test_snmp.py::test_ft_snmp_snmpv2_mib
2024-01-07 03:35:28,005 T0000: INFO  support post-function-epilog test_ft_snmp_snmpv2_mib Pass 'Test case passed'
2024-01-07 03:35:32,480 T0000: INFO  #### gw5  system/test_snmp.py
2024-01-07 03:35:32,480 T0000: INFO  support pre-function-prolog test_ft_snmp_host_resource_mib  ''
2024-01-07 03:35:32,495 T0000: INFO  #### gw5  system/test_snmp.py::test_ft_snmp_host_resource_mib
2024-01-07 03:35:32,495 T0000: INFO  support post-function-prolog test_ft_snmp_host_resource_mib Pass ''
2024-01-07 03:35:32,701 T0000: INFO  #### gw5  system/test_snmp.py::test_ft_snmp_host_resource_mib
2024-01-07 03:35:32,701 T0000: INFO  support pre-function-epilog test_ft_snmp_host_resource_mib Pass 'Test case passed'
2024-01-07 03:35:32,706 T0000: INFO  #### gw5  system/test_snmp.py::test_ft_snmp_host_resource_mib
2024-01-07 03:35:32,706 T0000: INFO  support post-function-epilog test_ft_snmp_host_resource_mib Pass 'Test case passed'
2024-01-07 03:35:37,135 T0000: INFO  #### gw5  system/test_snmp.py
2024-01-07 03:35:37,135 T0000: INFO  support pre-function-prolog test_ft_snmp_framework_mib  ''
2024-01-07 03:35:37,146 T0000: INFO  #### gw5  system/test_snmp.py::test_ft_snmp_framework_mib
2024-01-07 03:35:37,146 T0000: INFO  support post-function-prolog test_ft_snmp_framework_mib Pass ''
2024-01-07 03:35:37,170 T0000: INFO  #### gw5  system/test_snmp.py::test_ft_snmp_framework_mib
2024-01-07 03:35:37,170 T0000: INFO  support pre-function-epilog test_ft_snmp_framework_mib Pass 'Test case passed'
2024-01-07 03:35:37,176 T0000: INFO  #### gw5  system/test_snmp.py::test_ft_snmp_framework_mib
2024-01-07 03:35:37,176 T0000: INFO  support post-function-epilog test_ft_snmp_framework_mib Pass 'Test case passed'
2024-01-07 03:35:41,745 T0000: INFO  #### gw5  system/test_snmp.py
2024-01-07 03:35:41,745 T0000: INFO  support pre-function-prolog test_ft_snmp_mpd_mib  ''
2024-01-07 03:35:41,757 T0000: INFO  #### gw5  system/test_snmp.py::test_ft_snmp_mpd_mib
2024-01-07 03:35:41,757 T0000: INFO  support post-function-prolog test_ft_snmp_mpd_mib Pass ''
2024-01-07 03:35:41,779 T0000: INFO  #### gw5  system/test_snmp.py::test_ft_snmp_mpd_mib
2024-01-07 03:35:41,779 T0000: INFO  support pre-function-epilog test_ft_snmp_mpd_mib Pass 'Test case passed'
2024-01-07 03:35:41,786 T0000: INFO  #### gw5  system/test_snmp.py::test_ft_snmp_mpd_mib
2024-01-07 03:35:41,786 T0000: INFO  support post-function-epilog test_ft_snmp_mpd_mib Pass 'Test case passed'
2024-01-07 03:35:46,268 T0000: INFO  #### gw5  system/test_snmp.py
2024-01-07 03:35:46,268 T0000: INFO  support pre-function-prolog test_ft_snmp_target_mib  ''
2024-01-07 03:35:46,281 T0000: INFO  #### gw5  system/test_snmp.py::test_ft_snmp_target_mib
2024-01-07 03:35:46,281 T0000: INFO  support post-function-prolog test_ft_snmp_target_mib Pass ''
2024-01-07 03:35:46,307 T0000: INFO  #### gw5  system/test_snmp.py::test_ft_snmp_target_mib
2024-01-07 03:35:46,307 T0000: INFO  support pre-function-epilog test_ft_snmp_target_mib Pass 'Test case passed'
2024-01-07 03:35:46,314 T0000: INFO  #### gw5  system/test_snmp.py::test_ft_snmp_target_mib
2024-01-07 03:35:46,314 T0000: INFO  support post-function-epilog test_ft_snmp_target_mib Pass 'Test case passed'
2024-01-07 03:35:50,692 T0000: INFO  #### gw5  system/test_snmp.py
2024-01-07 03:35:50,692 T0000: INFO  support pre-function-prolog test_ft_snmp_notification_mib  ''
2024-01-07 03:35:50,704 T0000: INFO  #### gw5  system/test_snmp.py::test_ft_snmp_notification_mib
2024-01-07 03:35:50,704 T0000: INFO  support post-function-prolog test_ft_snmp_notification_mib Pass ''
2024-01-07 03:35:50,725 T0000: INFO  #### gw5  system/test_snmp.py::test_ft_snmp_notification_mib
2024-01-07 03:35:50,725 T0000: INFO  support pre-function-epilog test_ft_snmp_notification_mib Pass 'Test case passed'
2024-01-07 03:35:50,734 T0000: INFO  #### gw5  system/test_snmp.py::test_ft_snmp_notification_mib
2024-01-07 03:35:50,734 T0000: INFO  support post-function-epilog test_ft_snmp_notification_mib Pass 'Test case passed'
2024-01-07 03:35:55,116 T0000: INFO  #### gw5  system/test_snmp.py
2024-01-07 03:35:55,116 T0000: INFO  support pre-function-prolog test_ft_snmp_user_based_sm_mib  ''
2024-01-07 03:35:55,130 T0000: INFO  #### gw5  system/test_snmp.py::test_ft_snmp_user_based_sm_mib
2024-01-07 03:35:55,130 T0000: INFO  support post-function-prolog test_ft_snmp_user_based_sm_mib Pass ''
2024-01-07 03:35:55,160 T0000: INFO  #### gw5  system/test_snmp.py::test_ft_snmp_user_based_sm_mib
2024-01-07 03:35:55,160 T0000: INFO  support pre-function-epilog test_ft_snmp_user_based_sm_mib Pass 'Test case passed'
2024-01-07 03:35:55,166 T0000: INFO  #### gw5  system/test_snmp.py::test_ft_snmp_user_based_sm_mib
2024-01-07 03:35:55,166 T0000: INFO  support post-function-epilog test_ft_snmp_user_based_sm_mib Pass 'Test case passed'
2024-01-07 03:35:59,595 T0000: INFO  #### gw5  system/test_snmp.py
2024-01-07 03:35:59,596 T0000: INFO  support pre-function-prolog test_ft_snmp_view_based_acm_mib  ''
2024-01-07 03:35:59,608 T0000: INFO  #### gw5  system/test_snmp.py::test_ft_snmp_view_based_acm_mib
2024-01-07 03:35:59,608 T0000: INFO  support post-function-prolog test_ft_snmp_view_based_acm_mib Pass ''
2024-01-07 03:35:59,648 T0000: INFO  #### gw5  system/test_snmp.py::test_ft_snmp_view_based_acm_mib
2024-01-07 03:35:59,648 T0000: INFO  support pre-function-epilog test_ft_snmp_view_based_acm_mib Pass 'Test case passed'
2024-01-07 03:35:59,654 T0000: INFO  #### gw5  system/test_snmp.py::test_ft_snmp_view_based_acm_mib
2024-01-07 03:35:59,654 T0000: INFO  support post-function-epilog test_ft_snmp_view_based_acm_mib Pass 'Test case passed'
2024-01-07 03:36:04,091 T0000: INFO  #### gw5  system/test_snmp.py
2024-01-07 03:36:04,091 T0000: INFO  support pre-function-prolog test_ft_snmp_ent_physical_table  ''
2024-01-07 03:36:04,104 T0000: INFO  #### gw5  system/test_snmp.py::test_ft_snmp_ent_physical_table
2024-01-07 03:36:04,104 T0000: INFO  support post-function-prolog test_ft_snmp_ent_physical_table Pass ''
2024-01-07 03:36:04,155 T0000: INFO  #### gw5  system/test_snmp.py::test_ft_snmp_ent_physical_table
2024-01-07 03:36:04,155 T0000: INFO  support pre-function-epilog test_ft_snmp_ent_physical_table Pass 'Test case passed'
2024-01-07 03:36:04,162 T0000: INFO  #### gw5  system/test_snmp.py::test_ft_snmp_ent_physical_table
2024-01-07 03:36:04,162 T0000: INFO  support post-function-epilog test_ft_snmp_ent_physical_table Pass 'Test case passed'
2024-01-07 03:36:08,531 T0000: INFO  #### gw5  system/test_snmp.py
2024-01-07 03:36:08,531 T0000: INFO  support pre-function-prolog test_ft_snmp_dot3_stats_table  ''
2024-01-07 03:36:08,542 T0000: INFO  #### gw5  system/test_snmp.py::test_ft_snmp_dot3_stats_table
2024-01-07 03:36:08,543 T0000: INFO  support post-function-prolog test_ft_snmp_dot3_stats_table Pass ''
2024-01-07 03:36:08,601 T0000: INFO  #### gw5  system/test_snmp.py::test_ft_snmp_dot3_stats_table
2024-01-07 03:36:08,601 T0000: INFO  support pre-function-epilog test_ft_snmp_dot3_stats_table Pass 'Test case passed'
2024-01-07 03:36:08,606 T0000: INFO  #### gw5  system/test_snmp.py::test_ft_snmp_dot3_stats_table
2024-01-07 03:36:08,606 T0000: INFO  support post-function-epilog test_ft_snmp_dot3_stats_table Pass 'Test case passed'
2024-01-07 03:36:13,083 T0000: INFO  #### gw5  system/test_snmp.py
2024-01-07 03:36:13,083 T0000: INFO  support pre-function-prolog test_ft_net_snmp_agent_mib  ''
2024-01-07 03:36:13,097 T0000: INFO  #### gw5  system/test_snmp.py::test_ft_net_snmp_agent_mib
2024-01-07 03:36:13,097 T0000: INFO  support post-function-prolog test_ft_net_snmp_agent_mib Pass ''
2024-01-07 03:36:13,571 T0000: INFO  #### gw5  system/test_snmp.py::test_ft_net_snmp_agent_mib
2024-01-07 03:36:13,572 T0000: INFO  support pre-function-epilog test_ft_net_snmp_agent_mib Pass 'Test case passed'
2024-01-07 03:36:13,576 T0000: INFO  #### gw5  system/test_snmp.py::test_ft_net_snmp_agent_mib
2024-01-07 03:36:13,576 T0000: INFO  support post-function-epilog test_ft_net_snmp_agent_mib Pass 'Test case passed'
2024-01-07 03:36:18,056 T0000: INFO  #### gw5  system/test_snmp.py
2024-01-07 03:36:18,056 T0000: INFO  support pre-function-prolog test_ft_net_snmp_vacm_mib  ''
2024-01-07 03:36:18,068 T0000: INFO  #### gw5  system/test_snmp.py::test_ft_net_snmp_vacm_mib
2024-01-07 03:36:18,068 T0000: INFO  support post-function-prolog test_ft_net_snmp_vacm_mib Pass ''
2024-01-07 03:36:18,106 T0000: INFO  #### gw5  system/test_snmp.py::test_ft_net_snmp_vacm_mib
2024-01-07 03:36:18,106 T0000: INFO  support pre-function-epilog test_ft_net_snmp_vacm_mib Pass 'Test case passed'
2024-01-07 03:36:18,111 T0000: INFO  #### gw5  system/test_snmp.py::test_ft_net_snmp_vacm_mib
2024-01-07 03:36:18,111 T0000: INFO  support post-function-epilog test_ft_net_snmp_vacm_mib Pass 'Test case passed'
2024-01-07 03:36:22,480 T0000: INFO  #### gw5  system/test_snmp.py
2024-01-07 03:36:22,480 T0000: INFO  support pre-function-prolog test_ft_snmp_ucd_diskio_mib  ''
2024-01-07 03:36:22,491 T0000: INFO  #### gw5  system/test_snmp.py::test_ft_snmp_ucd_diskio_mib
2024-01-07 03:36:22,491 T0000: INFO  support post-function-prolog test_ft_snmp_ucd_diskio_mib Pass ''
2024-01-07 03:36:22,543 T0000: INFO  #### gw5  system/test_snmp.py::test_ft_snmp_ucd_diskio_mib
2024-01-07 03:36:22,543 T0000: INFO  support pre-function-epilog test_ft_snmp_ucd_diskio_mib Pass 'Test case passed'
2024-01-07 03:36:22,547 T0000: INFO  #### gw5  system/test_snmp.py::test_ft_snmp_ucd_diskio_mib
2024-01-07 03:36:22,547 T0000: INFO  support post-function-epilog test_ft_snmp_ucd_diskio_mib Pass 'Test case passed'
2024-01-07 03:36:26,963 T0000: INFO  #### gw5  system/test_snmp.py
2024-01-07 03:36:26,963 T0000: INFO  support pre-function-prolog test_ft_snmp_ucd_la_table  ''
2024-01-07 03:36:26,980 T0000: INFO  #### gw5  system/test_snmp.py::test_ft_snmp_ucd_la_table
2024-01-07 03:36:26,980 T0000: INFO  support post-function-prolog test_ft_snmp_ucd_la_table Pass ''
2024-01-07 03:36:27,011 T0000: INFO  #### gw5  system/test_snmp.py::test_ft_snmp_ucd_la_table
2024-01-07 03:36:27,011 T0000: INFO  support pre-function-epilog test_ft_snmp_ucd_la_table Pass 'Test case passed'
2024-01-07 03:36:27,016 T0000: INFO  #### gw5  system/test_snmp.py::test_ft_snmp_ucd_la_table
2024-01-07 03:36:27,017 T0000: INFO  support post-function-epilog test_ft_snmp_ucd_la_table Pass 'Test case passed'
2024-01-07 03:36:31,404 T0000: INFO  #### gw5  system/test_snmp.py
2024-01-07 03:36:31,404 T0000: INFO  support pre-function-prolog test_ft_snmp_ucd_system_stats  ''
2024-01-07 03:36:31,416 T0000: INFO  #### gw5  system/test_snmp.py::test_ft_snmp_ucd_system_stats
2024-01-07 03:36:31,416 T0000: INFO  support post-function-prolog test_ft_snmp_ucd_system_stats Pass ''
2024-01-07 03:36:31,447 T0000: INFO  #### gw5  system/test_snmp.py::test_ft_snmp_ucd_system_stats
2024-01-07 03:36:31,447 T0000: INFO  support pre-function-epilog test_ft_snmp_ucd_system_stats Pass 'Test case passed'
2024-01-07 03:36:31,454 T0000: INFO  #### gw5  system/test_snmp.py::test_ft_snmp_ucd_system_stats
2024-01-07 03:36:31,454 T0000: INFO  support post-function-epilog test_ft_snmp_ucd_system_stats Pass 'Test case passed'
2024-01-07 03:36:36,030 T0000: INFO  #### gw5  system/test_snmp.py
2024-01-07 03:36:36,031 T0000: INFO  support pre-function-prolog test_ft_snmp_dot1q_tp_fdb_port  ''
2024-01-07 03:36:36,044 T0000: INFO  #### gw5  system/test_snmp.py::test_ft_snmp_dot1q_tp_fdb_port
2024-01-07 03:36:36,044 T0000: INFO  support post-function-prolog test_ft_snmp_dot1q_tp_fdb_port Pass ''
2024-01-07 03:36:37,467 T0000: WARN  #### gw5  system/test_snmp.py::test_ft_snmp_dot1q_tp_fdb_port
2024-01-07 03:36:37,467 T0000: WARN  support pre-function-epilog test_ft_snmp_dot1q_tp_fdb_port Fail 'SNMP output is not found after walk of dot1qTpFdbPort OID'
2024-01-07 03:36:37,853 T0000: WARN  #### gw5  system/test_snmp.py::test_ft_snmp_dot1q_tp_fdb_port
2024-01-07 03:36:37,853 T0000: WARN  support post-function-epilog test_ft_snmp_dot1q_tp_fdb_port ignore 'SNMP output is not found after walk of dot1qTpFdbPort OID'
2024-01-07 03:36:42,296 T0000: INFO  #### gw5  system/test_snmp.py
2024-01-07 03:36:42,296 T0000: INFO  support pre-function-prolog test_ft_snmp_dot1q_tp_fdb_address  ''
2024-01-07 03:36:42,310 T0000: INFO  #### gw5  system/test_snmp.py::test_ft_snmp_dot1q_tp_fdb_address
2024-01-07 03:36:42,310 T0000: INFO  support post-function-prolog test_ft_snmp_dot1q_tp_fdb_address Pass ''
2024-01-07 03:36:42,719 T0000: INFO  #### gw5  system/test_snmp.py::test_ft_snmp_dot1q_tp_fdb_address
2024-01-07 03:36:42,719 T0000: INFO  support pre-function-epilog test_ft_snmp_dot1q_tp_fdb_address Pass 'Test case passed'
2024-01-07 03:36:42,728 T0000: INFO  #### gw5  system/test_snmp.py::test_ft_snmp_dot1q_tp_fdb_address
2024-01-07 03:36:42,728 T0000: INFO  support post-function-epilog test_ft_snmp_dot1q_tp_fdb_address Pass 'Test case passed'
2024-01-07 03:36:47,153 T0000: INFO  #### gw5  system/test_snmp.py
2024-01-07 03:36:47,153 T0000: INFO  support pre-function-prolog test_ft_snmp_coldstart_trap  ''
2024-01-07 03:36:47,166 T0000: INFO  #### gw5  system/test_snmp.py::test_ft_snmp_coldstart_trap
2024-01-07 03:36:47,166 T0000: INFO  support post-function-prolog test_ft_snmp_coldstart_trap Pass ''
2024-01-07 03:37:00,945 T0000: WARN  #### gw5  system/test_snmp.py::test_ft_snmp_coldstart_trap
2024-01-07 03:37:00,945 T0000: WARN  support pre-function-epilog test_ft_snmp_coldstart_trap EnvFail 'Test case Failed Couldn't get the snmptrapd process details from snmp trap server. Please check the snmp trap server process in the server.'
2024-01-07 03:37:01,407 T0000: WARN  #### gw5  system/test_snmp.py::test_ft_snmp_coldstart_trap
2024-01-07 03:37:01,407 T0000: WARN  support post-function-epilog test_ft_snmp_coldstart_trap ignore 'Test case Failed Couldn't get the snmptrapd process details from snmp trap server. Please check the snmp trap server process in the server.'
2024-01-07 03:37:05,934 T0000: INFO  #### gw5  system/test_snmp.py
2024-01-07 03:37:05,934 T0000: INFO  support pre-function-prolog test_ft_snmp_docker_restart  ''
2024-01-07 03:37:05,950 T0000: INFO  #### gw5  system/test_snmp.py::test_ft_snmp_docker_restart
2024-01-07 03:37:05,950 T0000: INFO  support post-function-prolog test_ft_snmp_docker_restart Pass ''
2024-01-07 03:37:17,480 T0000: WARN  #### gw5  system/test_snmp.py::test_ft_snmp_docker_restart
2024-01-07 03:37:17,480 T0000: WARN  support pre-function-epilog test_ft_snmp_docker_restart Fail 'SNMP service is not up'
2024-01-07 03:37:17,850 T0000: WARN  #### gw5  system/test_snmp.py::test_ft_snmp_docker_restart
2024-01-07 03:37:17,850 T0000: WARN  support post-function-epilog test_ft_snmp_docker_restart ignore 'SNMP service is not up'
2024-01-07 03:37:17,885 T0000: WARN  #### gw5  system/test_snmp.py::test_ft_snmp_docker_restart
2024-01-07 03:37:17,885 T0000: WARN  support pre-module-epilog system/test_snmp.py fail ''
2024-01-07 03:38:01,279 T0000: WARN  #### gw5  system/test_snmp.py::test_ft_snmp_docker_restart
2024-01-07 03:38:01,279 T0000: WARN  support post-module-epilog system/test_snmp.py fail ''
2024-01-07 03:39:41,212 T0000: WARN  #### gw5  batch/test_spytest_infra_1.py::test_spytest_infra_last
2024-01-07 03:39:41,212 T0000: WARN  support session-epilog session pass ''
