2024-01-05 02:52:16,332 T0000: NOTICE Execution Start Time: 2024-01-05 02:52:16.332403
2024-01-05 02:52:16,332 T0000: NOTICE LOGS PATH: /data/work/logs/vm-202111-447579-l2
2024-01-05 02:52:16,804 T0000: NOTICE VERSION: UNKNOWN UNKNOWN UNKNOWN
2024-01-05 02:52:16,804 T0000: NOTICE HOST: sonicmgmt202111 MEM: 376gb 49.3%
2024-01-05 02:52:16,804 T0000: NOTICE ROOT_PATH: /repo
2024-01-05 02:52:16,804 T0000: NOTICE Python: 3.8.10
2024-01-05 02:52:16,804 T0000: NOTICE Topology unknown: D1T1:4,D1D2:6,D1D3:4,D1D4:4,D2T1:4,D2D3:4,D2D4:4,D3T1:4,D3D4:6,D4T1:4
2024-01-05 02:52:16,804 T0000: DEBUG 
SUITE ARGS: --load-image none --max-time module 9000 --max-time function 5400 --max-time session 3600 --logs-level=debug --topology-check=function --env SPYTEST_TESTBED_IGNORE_CONSTRAINTS TG,TGCARD,TGSPEED,CHIP,MODEL --noop --env SPYTEST_RESET_CONSOLES 0 --noop --env SPYTEST_ONREBOOT_RENEW_MGMT_IP 1 --noop --env SPYTEST_RECOVERY_CR_PER_CMD_POST_OP 1 --noop --env SPYTEST_BATCH_POLL_STATUS_TIME 300 --noop --env SPYTEST_BATCH_DEAD_NODE_MAX_TIME 7200 --noop --breakout-mode none --env SPYTEST_SHUTDOWN_FREE_PORTS 1 --env SPYTEST_HOOKS_BREAKOUT_UITYPE click --env SPYTEST_ONREBOOT_RENEW_MGMT_IP 0 --env SPYTEST_VERIFY_CSV_MIN_TOPOLOGY 1 --env SPYTEST_CMD_FAIL_RESULT_SUPPORT 0 --env SPYTEST_ROUTING_CONFIG_MODE split --env SPYTEST_CLEAR_DEVICE_METADATA_BGP_ASN 1 --env SPYTEST_TEXTFSM_USE_BUNDLED_PARSER 1 --feature-group master --ifname-type native --feature-disable bcmcmd --feature-disable warm-reboot --save config-db module --tclist-csv test_ft_add_unknownvlan_interface,test_ft_lldp_ConfigManAddrEntry,test_ft_lldp_LocManAddrEntry,test_ft_lldp_LocManAddrLen,test_ft_lldp_LocManAddrlfld,test_ft_lldp_docker_restart,test_ft_lldp_lldplocportid,test_ft_lldp_lldplocsysdesc,test_ft_lldp_lldplocsysname,test_ft_lldp_non_default_config,test_ft_lldp_rem_man_addr_table,test_ft_lldp_with_remote_server,test_ft_net_snmp_agent_mib,test_ft_net_snmp_vacm_mib,test_ft_ntp_disable_enable_with_message_log,test_ft_port_fn_verify_shut_noshut,test_ft_portchannel_with_vlan_variations,test_ft_snmp_coldstart_trap,test_ft_snmp_docker_restart,test_ft_snmp_dot1q_dot1db_mib,test_ft_snmp_dot1q_tp_fdb_address,test_ft_snmp_dot1q_tp_fdb_port,test_ft_snmp_dot3_stats_table,test_ft_snmp_ent_physical_table,test_ft_snmp_entity_mib_all,test_ft_snmp_framework_mib,test_ft_snmp_host_resource_mib,test_ft_snmp_icmp_Msgs,test_ft_snmp_if_mib_all,test_ft_snmp_ifx_table,test_ft_snmp_ipAddressRowStatus_ipv6,test_ft_snmp_ipAddressStorageType_ipv6,test_ft_snmp_ip_Address_Table,test_ft_snmp_ip_IfStats_Table,test_ft_snmp_ip_NetToPhysical_Table,test_ft_snmp_ip_System_Stats_Table,test_ft_snmp_ip_forward_table,test_ft_snmp_ipv6_If_Forward_default_HopLimit,test_ft_snmp_ipv6scope_index_table,test_ft_snmp_mib_2,test_ft_snmp_mpd_mib,test_ft_snmp_notification_mib,test_ft_snmp_root_node_walk,test_ft_snmp_snmpv2_mib,test_ft_snmp_sysDescr,test_ft_snmp_sysName,test_ft_snmp_target_mib,test_ft_snmp_tcp_mib,test_ft_snmp_test_syUpTime,test_ft_snmp_ucd_diskio_mib,test_ft_snmp_ucd_la_table,test_ft_snmp_ucd_system_stats,test_ft_snmp_udp_mib,test_ft_snmp_user_based_sm_mib,test_ft_snmp_view_based_acm_mib,test_ft_ssh_add_user_verify,test_ft_ssh_service_disable,test_ft_tacacs_ssh_login_with_tacacs_operations,test_ft_verify_logs_at_the_time_of_ssh_login_success,test_ft_verify_min_links_functionality_by_flapping_all_member_ports_007,test_ft_vlan_delete_with_member,test_ft_vlan_save_config_warm_and_fast_reboot,test_ft_vlan_trunk_tagged,test_ft_watermark_telemetry_interval,test_lldp_verify_counters,test_ntp_exists_config,test_spytest_infra_first,test_spytest_infra_second,test_spytest_infra_last --noop

2024-01-05 02:52:16,804 T0000: NOTICE ARGS: --logs-level debug --results-prefix=results --get-tech-support none --fetch-core-files none --syslog-check none --save config-db module --topology-check module --logs-path logs/2024-01-05-02-52-10 --continue-on-collection-errors --max-time session 0 --max-time module 0 --max-time function 0 --noop --tryssh=0 --testbed-file testbed.yaml --env SPYTEST_RPS_DEBUG 0 --tclist-bucket 1,2,4 --test-suite community-vs-l2 --email rama.kristipati@broadcom.com --env SPYTEST_SCAPY_DBG_LVL 2 --noop --env SPYTEST_EMAIL_FROM SPyTest-VSNet@broadcom.com --noop --logs-path logs/vm-202111-447579-l2 --env SPYTEST_EMAIL_BODY_PREFIX http://10.193.81.56:8080/sonic_mgmt_202111/work/logs/vm-202111-447579-l2/dashboard.html --email-subject-nargs VSNet-sonic_mgmt_202111-VM-L2-{{bldver}} : {{passrate}}: {{pass_cnt}}/{{executed}} vm-202111-447579-l2 --noop --feature-group 202111
2024-01-05 02:52:20,401 T0000: INFO  TRY-1 switching/test_vlan.py 2 1 D1D2:4 D1T1:2 D2T1:2 CHIP=TH2|TH1|TD3|TD2|TD4 TGEN=ixia
2024-01-05 02:52:20,403 T0000: INFO  matched testbed gw2 to execute bucket 2 switching/test_vlan.py D1D2:4 D1T1:2 D2T1:2 CHIP=TH2|TH1|TD3|TD2|TD4 TGEN=ixia
2024-01-05 02:52:20,404 T0000: INFO  matched testbed gw3 to execute bucket 2 switching/test_vlan.py D1D2:4 D1T1:2 D2T1:2 CHIP=TH2|TH1|TD3|TD2|TD4 TGEN=ixia
2024-01-05 02:52:20,404 T0000: INFO  TRY-1 system/test_lldp.py 2 1 D1D2:2 D1T1:1
2024-01-05 02:52:20,404 T0000: INFO  matched testbed gw2 to execute bucket 2 system/test_lldp.py D1D2:2 D1T1:1
2024-01-05 02:52:20,405 T0000: INFO  matched testbed gw3 to execute bucket 2 system/test_lldp.py D1D2:2 D1T1:1
2024-01-05 02:52:20,405 T0000: INFO  TRY-1 system/test_snmp.py 1 1 D1T1:2 TGEN=ixia
2024-01-05 02:52:20,405 T0000: INFO  matched testbed gw4 to execute bucket 1 system/test_snmp.py D1T1:2 TGEN=ixia
2024-01-05 02:52:20,406 T0000: INFO  matched testbed gw5 to execute bucket 1 system/test_snmp.py D1T1:2 TGEN=ixia
2024-01-05 02:52:20,406 T0000: INFO  matched testbed gw6 to execute bucket 1 system/test_snmp.py D1T1:2 TGEN=ixia
2024-01-05 02:52:20,406 T0000: INFO  matched testbed gw7 to execute bucket 1 system/test_snmp.py D1T1:2 TGEN=ixia
2024-01-05 02:52:20,406 T0000: INFO  TRY-1 switching/test_portchannel.py 2 1 D1D2:5 D1T1:1 D2T1:1 TGEN=ixia
2024-01-05 02:52:20,407 T0000: INFO  matched testbed gw2 to execute bucket 2 switching/test_portchannel.py D1D2:5 D1T1:1 D2T1:1 TGEN=ixia
2024-01-05 02:52:20,407 T0000: INFO  matched testbed gw3 to execute bucket 2 switching/test_portchannel.py D1D2:5 D1T1:1 D2T1:1 TGEN=ixia
2024-01-05 02:52:20,408 T0000: INFO  TRY-1 system/test_ntp.py 1 1 D1
2024-01-05 02:52:20,408 T0000: INFO  matched testbed gw4 to execute bucket 1 system/test_ntp.py D1
2024-01-05 02:52:20,408 T0000: INFO  matched testbed gw5 to execute bucket 1 system/test_ntp.py D1
2024-01-05 02:52:20,409 T0000: INFO  matched testbed gw6 to execute bucket 1 system/test_ntp.py D1
2024-01-05 02:52:20,409 T0000: INFO  matched testbed gw7 to execute bucket 1 system/test_ntp.py D1
2024-01-05 02:52:20,409 T0000: INFO  TRY-1 system/test_interface.py 2 1 D1D2:2 D1T1:2 TGEN=ixia
2024-01-05 02:52:20,410 T0000: INFO  matched testbed gw2 to execute bucket 2 system/test_interface.py D1D2:2 D1T1:2 TGEN=ixia
2024-01-05 02:52:20,410 T0000: INFO  matched testbed gw3 to execute bucket 2 system/test_interface.py D1D2:2 D1T1:2 TGEN=ixia
2024-01-05 02:52:20,410 T0000: INFO  TRY-1 system/test_ssh.py 2 1 D1D2:2
2024-01-05 02:52:20,411 T0000: INFO  matched testbed gw2 to execute bucket 2 system/test_ssh.py D1D2:2
2024-01-05 02:52:20,411 T0000: INFO  matched testbed gw3 to execute bucket 2 system/test_ssh.py D1D2:2
2024-01-05 02:52:20,411 T0000: INFO  TRY-1 system/test_snapshot.py 1 1 D1T1:4 TGEN=ixia CHIP=TH1|TH2|TH3|TD3 CHIP_REV=NA|X5|X7 MODEL1=ent
2024-01-05 02:52:20,412 T0000: INFO  matched testbed gw4 to execute bucket 1 system/test_snapshot.py D1T1:4 TGEN=ixia CHIP=TH1|TH2|TH3|TD3 CHIP_REV=NA|X5|X7 MODEL1=ent
2024-01-05 02:52:20,412 T0000: INFO  matched testbed gw5 to execute bucket 1 system/test_snapshot.py D1T1:4 TGEN=ixia CHIP=TH1|TH2|TH3|TD3 CHIP_REV=NA|X5|X7 MODEL1=ent
2024-01-05 02:52:20,413 T0000: INFO  matched testbed gw6 to execute bucket 1 system/test_snapshot.py D1T1:4 TGEN=ixia CHIP=TH1|TH2|TH3|TD3 CHIP_REV=NA|X5|X7 MODEL1=ent
2024-01-05 02:52:20,413 T0000: INFO  matched testbed gw7 to execute bucket 1 system/test_snapshot.py D1T1:4 TGEN=ixia CHIP=TH1|TH2|TH3|TD3 CHIP_REV=NA|X5|X7 MODEL1=ent
2024-01-05 02:52:20,413 T0000: INFO  TRY-1 security/test_tacacs.py 1 1 D1
2024-01-05 02:52:20,414 T0000: INFO  matched testbed gw4 to execute bucket 1 security/test_tacacs.py D1
2024-01-05 02:52:20,414 T0000: INFO  matched testbed gw5 to execute bucket 1 security/test_tacacs.py D1
2024-01-05 02:52:20,414 T0000: INFO  matched testbed gw6 to execute bucket 1 security/test_tacacs.py D1
2024-01-05 02:52:20,414 T0000: INFO  matched testbed gw7 to execute bucket 1 security/test_tacacs.py D1
2024-01-05 02:52:20,445 T0000: INFO  Start Monitoring poll_time=300 max_time=7200 DBG=0
2024-01-05 02:52:20,450 T0000: INFO  ============== NODE(gw0) FINISH gw0
2024-01-05 02:52:20,450 T0000: INFO  ============== Completed gw0  
2024-01-05 02:52:20,497 T0000: INFO  ============== NODE(gw1) FINISH gw1
2024-01-05 02:52:20,497 T0000: INFO  ============== Completed gw1  
2024-01-05 02:52:20,498 T0000: INFO  [gw2]: ===== Assigned Pre-Tests
2024-01-05 02:52:20,498 T0000: INFO  [gw3]: ===== Assigned Pre-Tests
2024-01-05 02:59:12,072 T0000: INFO  [gw3]: EXEC: switching/test_vlan.py::test_ft_add_unknownvlan_interface
2024-01-05 02:59:15,263 T0000: INFO  [gw3]: PASSED: switching/test_vlan.py::test_ft_add_unknownvlan_interface
2024-01-05 02:59:20,109 T0000: INFO  [gw3]: EXEC: switching/test_vlan.py::test_ft_vlan_delete_with_member
2024-01-05 02:59:26,348 T0000: INFO  [gw2]: EXEC: switching/test_portchannel.py::test_ft_portchannel_with_vlan_variations
2024-01-05 02:59:27,652 T0000: INFO  [gw3]: PASSED: switching/test_vlan.py::test_ft_vlan_delete_with_member
2024-01-05 02:59:32,498 T0000: INFO  [gw3]: EXEC: switching/test_vlan.py::test_ft_vlan_trunk_tagged
2024-01-05 03:00:53,524 T0000: INFO  [gw3]: PASSED: switching/test_vlan.py::test_ft_vlan_trunk_tagged
2024-01-05 03:00:58,361 T0000: INFO  [gw3]: EXEC: switching/test_vlan.py::test_ft_vlan_save_config_warm_and_fast_reboot
2024-01-05 03:01:06,373 T0000: INFO  [gw2]: PASSED: switching/test_portchannel.py::test_ft_portchannel_with_vlan_variations
2024-01-05 03:01:47,528 T0000: INFO  [gw2]: XFAIL: switching/test_portchannel.py::test_ft_verify_min_links_functionality_by_flapping_all_member_ports_007
2024-01-05 03:06:07,906 T0000: INFO  [gw3]: FAILED: switching/test_vlan.py::test_ft_vlan_save_config_warm_and_fast_reboot
2024-01-05 03:06:11,820 T0000: INFO  [gw2]: XFAIL: system/test_lldp.py::test_ft_lldp_LocManAddrLen
2024-01-05 03:06:12,177 T0000: INFO  [gw2]: XFAIL: system/test_lldp.py::test_ft_lldp_LocManAddrlfld
2024-01-05 03:06:12,524 T0000: INFO  [gw2]: XFAIL: system/test_lldp.py::test_ft_lldp_LocManAddrEntry
2024-01-05 03:06:12,898 T0000: INFO  [gw2]: XFAIL: system/test_lldp.py::test_ft_lldp_ConfigManAddrEntry
2024-01-05 03:06:13,275 T0000: INFO  [gw2]: XFAIL: system/test_lldp.py::test_ft_lldp_lldplocportid
2024-01-05 03:06:13,639 T0000: INFO  [gw2]: XFAIL: system/test_lldp.py::test_ft_lldp_lldplocsysname
2024-01-05 03:06:13,999 T0000: INFO  [gw2]: XFAIL: system/test_lldp.py::test_ft_lldp_lldplocsysdesc
2024-01-05 03:06:14,362 T0000: INFO  [gw2]: XFAIL: system/test_lldp.py::test_ft_lldp_rem_man_addr_table
2024-01-05 03:06:14,671 T0000: INFO  [gw2]: XFAIL: system/test_lldp.py::test_ft_lldp_non_default_config
2024-01-05 03:06:15,033 T0000: INFO  [gw2]: XFAIL: system/test_lldp.py::test_ft_lldp_docker_restart
2024-01-05 03:06:15,401 T0000: INFO  [gw2]: XFAIL: system/test_lldp.py::test_lldp_verify_counters
2024-01-05 03:06:15,750 T0000: INFO  [gw2]: XFAIL: system/test_lldp.py::test_ft_lldp_with_remote_server
2024-01-05 03:09:39,210 T0000: INFO  [gw2]: EXEC: system/test_interface.py::test_ft_port_fn_verify_shut_noshut
2024-01-05 03:10:51,159 T0000: INFO  [gw2]: XFAIL: system/test_interface.py::test_ft_port_fn_verify_shut_noshut
2024-01-05 03:12:03,047 T0000: INFO  [gw3]: EXEC: system/test_ssh.py::test_ft_ssh_service_disable
2024-01-05 03:12:05,815 T0000: INFO  [gw3]: PASSED: system/test_ssh.py::test_ft_ssh_service_disable
2024-01-05 03:12:10,769 T0000: INFO  [gw3]: EXEC: system/test_ssh.py::test_ft_ssh_add_user_verify
2024-01-05 03:13:58,966 T0000: INFO  ============== NODE(gw2) FINISH gw2
2024-01-05 03:13:58,970 T0000: INFO  ============== Completed gw2  
2024-01-05 03:13:58,988 T0000: INFO  [gw4]: ===== Assigned Pre-Tests
2024-01-05 03:13:59,003 T0000: INFO  [gw5]: ===== Assigned Pre-Tests
2024-01-05 03:18:23,679 T0000: INFO  [gw5]: EXEC: system/test_snapshot.py::test_ft_watermark_telemetry_interval
2024-01-05 03:18:33,704 T0000: INFO  [gw5]: PASSED: system/test_snapshot.py::test_ft_watermark_telemetry_interval
2024-01-05 03:19:39,140 T0000: INFO  [gw4]: EXEC: system/test_snmp.py::test_ft_snmp_sysName
2024-01-05 03:19:40,284 T0000: INFO  [gw4]: XFAIL: system/test_snmp.py::test_ft_snmp_sysName
2024-01-05 03:19:44,799 T0000: INFO  [gw4]: EXEC: system/test_snmp.py::test_ft_snmp_test_syUpTime
2024-01-05 03:19:45,956 T0000: INFO  [gw4]: PASSED: system/test_snmp.py::test_ft_snmp_test_syUpTime
2024-01-05 03:19:50,386 T0000: INFO  [gw4]: EXEC: system/test_snmp.py::test_ft_snmp_sysDescr
2024-01-05 03:19:53,496 T0000: INFO  [gw4]: PASSED: system/test_snmp.py::test_ft_snmp_sysDescr
2024-01-05 03:19:57,989 T0000: INFO  [gw4]: EXEC: system/test_snmp.py::test_ft_snmp_mib_2
2024-01-05 03:20:04,210 T0000: INFO  [gw4]: PASSED: system/test_snmp.py::test_ft_snmp_mib_2
2024-01-05 03:20:08,817 T0000: INFO  [gw4]: EXEC: system/test_snmp.py::test_ft_snmp_if_mib_all
2024-01-05 03:20:08,982 T0000: INFO  [gw4]: PASSED: system/test_snmp.py::test_ft_snmp_if_mib_all
2024-01-05 03:20:13,433 T0000: INFO  [gw4]: EXEC: system/test_snmp.py::test_ft_snmp_entity_mib_all
2024-01-05 03:20:13,488 T0000: INFO  [gw4]: PASSED: system/test_snmp.py::test_ft_snmp_entity_mib_all
2024-01-05 03:20:17,984 T0000: INFO  [gw4]: EXEC: system/test_snmp.py::test_ft_snmp_dot1q_dot1db_mib
2024-01-05 03:20:18,081 T0000: INFO  [gw4]: PASSED: system/test_snmp.py::test_ft_snmp_dot1q_dot1db_mib
2024-01-05 03:20:22,633 T0000: INFO  [gw4]: EXEC: system/test_snmp.py::test_ft_snmp_root_node_walk
2024-01-05 03:20:34,579 T0000: INFO  [gw4]: PASSED: system/test_snmp.py::test_ft_snmp_root_node_walk
2024-01-05 03:20:39,098 T0000: INFO  [gw4]: EXEC: system/test_snmp.py::test_ft_snmp_ipAddressRowStatus_ipv6
2024-01-05 03:20:44,967 T0000: INFO  [gw4]: PASSED: system/test_snmp.py::test_ft_snmp_ipAddressRowStatus_ipv6
2024-01-05 03:20:49,506 T0000: INFO  [gw4]: EXEC: system/test_snmp.py::test_ft_snmp_ipAddressStorageType_ipv6
2024-01-05 03:20:49,538 T0000: INFO  [gw4]: PASSED: system/test_snmp.py::test_ft_snmp_ipAddressStorageType_ipv6
2024-01-05 03:20:54,071 T0000: INFO  [gw4]: EXEC: system/test_snmp.py::test_ft_snmp_ipv6_If_Forward_default_HopLimit
2024-01-05 03:20:54,113 T0000: INFO  [gw4]: PASSED: system/test_snmp.py::test_ft_snmp_ipv6_If_Forward_default_HopLimit
2024-01-05 03:20:58,676 T0000: INFO  [gw4]: EXEC: system/test_snmp.py::test_ft_snmp_ipv6scope_index_table
2024-01-05 03:20:58,743 T0000: INFO  [gw4]: PASSED: system/test_snmp.py::test_ft_snmp_ipv6scope_index_table
2024-01-05 03:21:03,295 T0000: INFO  [gw4]: EXEC: system/test_snmp.py::test_ft_snmp_ip_forward_table
2024-01-05 03:21:05,967 T0000: INFO  [gw4]: PASSED: system/test_snmp.py::test_ft_snmp_ip_forward_table
2024-01-05 03:21:11,466 T0000: INFO  [gw4]: EXEC: system/test_snmp.py::test_ft_snmp_ifx_table
2024-01-05 03:21:11,651 T0000: INFO  [gw4]: PASSED: system/test_snmp.py::test_ft_snmp_ifx_table
2024-01-05 03:21:14,716 T0000: INFO  [gw3]: XFAIL: system/test_ssh.py::test_ft_ssh_add_user_verify
2024-01-05 03:21:16,086 T0000: INFO  [gw4]: EXEC: system/test_snmp.py::test_ft_snmp_ip_System_Stats_Table
2024-01-05 03:21:16,136 T0000: INFO  [gw4]: PASSED: system/test_snmp.py::test_ft_snmp_ip_System_Stats_Table
2024-01-05 03:21:19,638 T0000: INFO  [gw3]: EXEC: system/test_ssh.py::test_ft_verify_logs_at_the_time_of_ssh_login_success
2024-01-05 03:21:20,581 T0000: INFO  [gw4]: EXEC: system/test_snmp.py::test_ft_snmp_ip_IfStats_Table
2024-01-05 03:21:20,899 T0000: INFO  [gw4]: PASSED: system/test_snmp.py::test_ft_snmp_ip_IfStats_Table
2024-01-05 03:21:25,449 T0000: INFO  [gw4]: EXEC: system/test_snmp.py::test_ft_snmp_ip_Address_Table
2024-01-05 03:21:25,500 T0000: INFO  [gw4]: PASSED: system/test_snmp.py::test_ft_snmp_ip_Address_Table
2024-01-05 03:21:29,997 T0000: INFO  [gw4]: EXEC: system/test_snmp.py::test_ft_snmp_ip_NetToPhysical_Table
2024-01-05 03:21:30,038 T0000: INFO  [gw4]: PASSED: system/test_snmp.py::test_ft_snmp_ip_NetToPhysical_Table
2024-01-05 03:21:34,885 T0000: INFO  [gw4]: EXEC: system/test_snmp.py::test_ft_snmp_icmp_Msgs
2024-01-05 03:21:34,934 T0000: INFO  [gw4]: PASSED: system/test_snmp.py::test_ft_snmp_icmp_Msgs
2024-01-05 03:21:36,391 T0000: INFO  [gw3]: PASSED: system/test_ssh.py::test_ft_verify_logs_at_the_time_of_ssh_login_success
2024-01-05 03:21:39,432 T0000: INFO  [gw4]: EXEC: system/test_snmp.py::test_ft_snmp_tcp_mib
2024-01-05 03:21:54,860 T0000: INFO  [gw4]: PASSED: system/test_snmp.py::test_ft_snmp_tcp_mib
2024-01-05 03:21:59,360 T0000: INFO  [gw4]: EXEC: system/test_snmp.py::test_ft_snmp_udp_mib
2024-01-05 03:21:59,409 T0000: INFO  [gw4]: PASSED: system/test_snmp.py::test_ft_snmp_udp_mib
2024-01-05 03:22:03,903 T0000: INFO  [gw4]: EXEC: system/test_snmp.py::test_ft_snmp_snmpv2_mib
2024-01-05 03:22:03,940 T0000: INFO  [gw4]: PASSED: system/test_snmp.py::test_ft_snmp_snmpv2_mib
2024-01-05 03:22:04,311 T0000: INFO  [gw5]: EXEC: system/test_ntp.py::test_ft_ntp_disable_enable_with_message_log
2024-01-05 03:22:08,433 T0000: INFO  [gw4]: EXEC: system/test_snmp.py::test_ft_snmp_host_resource_mib
2024-01-05 03:22:08,623 T0000: INFO  [gw4]: PASSED: system/test_snmp.py::test_ft_snmp_host_resource_mib
2024-01-05 03:22:13,055 T0000: INFO  [gw4]: EXEC: system/test_snmp.py::test_ft_snmp_framework_mib
2024-01-05 03:22:13,079 T0000: INFO  [gw4]: PASSED: system/test_snmp.py::test_ft_snmp_framework_mib
2024-01-05 03:22:17,631 T0000: INFO  [gw4]: EXEC: system/test_snmp.py::test_ft_snmp_mpd_mib
2024-01-05 03:22:17,666 T0000: INFO  [gw4]: PASSED: system/test_snmp.py::test_ft_snmp_mpd_mib
2024-01-05 03:22:22,239 T0000: INFO  [gw4]: EXEC: system/test_snmp.py::test_ft_snmp_target_mib
2024-01-05 03:22:22,274 T0000: INFO  [gw4]: PASSED: system/test_snmp.py::test_ft_snmp_target_mib
2024-01-05 03:22:26,881 T0000: INFO  [gw4]: EXEC: system/test_snmp.py::test_ft_snmp_notification_mib
2024-01-05 03:22:26,912 T0000: INFO  [gw4]: PASSED: system/test_snmp.py::test_ft_snmp_notification_mib
2024-01-05 03:22:31,414 T0000: INFO  [gw4]: EXEC: system/test_snmp.py::test_ft_snmp_user_based_sm_mib
2024-01-05 03:22:31,443 T0000: INFO  [gw4]: PASSED: system/test_snmp.py::test_ft_snmp_user_based_sm_mib
2024-01-05 03:22:35,949 T0000: INFO  [gw4]: EXEC: system/test_snmp.py::test_ft_snmp_view_based_acm_mib
2024-01-05 03:22:36,003 T0000: INFO  [gw4]: PASSED: system/test_snmp.py::test_ft_snmp_view_based_acm_mib
2024-01-05 03:22:40,401 T0000: INFO  [gw4]: EXEC: system/test_snmp.py::test_ft_snmp_ent_physical_table
2024-01-05 03:22:40,452 T0000: INFO  [gw4]: PASSED: system/test_snmp.py::test_ft_snmp_ent_physical_table
2024-01-05 03:22:45,097 T0000: INFO  [gw4]: EXEC: system/test_snmp.py::test_ft_snmp_dot3_stats_table
2024-01-05 03:22:45,158 T0000: INFO  [gw4]: PASSED: system/test_snmp.py::test_ft_snmp_dot3_stats_table
2024-01-05 03:22:49,647 T0000: INFO  [gw4]: EXEC: system/test_snmp.py::test_ft_net_snmp_agent_mib
2024-01-05 03:22:50,115 T0000: INFO  [gw4]: PASSED: system/test_snmp.py::test_ft_net_snmp_agent_mib
2024-01-05 03:22:54,612 T0000: INFO  [gw4]: EXEC: system/test_snmp.py::test_ft_net_snmp_vacm_mib
2024-01-05 03:22:54,659 T0000: INFO  [gw4]: PASSED: system/test_snmp.py::test_ft_net_snmp_vacm_mib
2024-01-05 03:22:59,115 T0000: INFO  [gw4]: EXEC: system/test_snmp.py::test_ft_snmp_ucd_diskio_mib
2024-01-05 03:22:59,172 T0000: INFO  [gw4]: PASSED: system/test_snmp.py::test_ft_snmp_ucd_diskio_mib
2024-01-05 03:23:03,717 T0000: INFO  [gw4]: EXEC: system/test_snmp.py::test_ft_snmp_ucd_la_table
2024-01-05 03:23:03,756 T0000: INFO  [gw4]: PASSED: system/test_snmp.py::test_ft_snmp_ucd_la_table
2024-01-05 03:23:08,304 T0000: INFO  [gw4]: EXEC: system/test_snmp.py::test_ft_snmp_ucd_system_stats
2024-01-05 03:23:08,337 T0000: INFO  [gw4]: PASSED: system/test_snmp.py::test_ft_snmp_ucd_system_stats
2024-01-05 03:23:12,844 T0000: INFO  [gw4]: EXEC: system/test_snmp.py::test_ft_snmp_dot1q_tp_fdb_port
2024-01-05 03:23:14,726 T0000: INFO  [gw4]: XFAIL: system/test_snmp.py::test_ft_snmp_dot1q_tp_fdb_port
2024-01-05 03:23:19,333 T0000: INFO  [gw4]: EXEC: system/test_snmp.py::test_ft_snmp_dot1q_tp_fdb_address
2024-01-05 03:23:19,750 T0000: INFO  [gw4]: PASSED: system/test_snmp.py::test_ft_snmp_dot1q_tp_fdb_address
2024-01-05 03:23:24,313 T0000: INFO  [gw4]: EXEC: system/test_snmp.py::test_ft_snmp_coldstart_trap
2024-01-05 03:23:38,579 T0000: INFO  [gw4]: XFAIL: system/test_snmp.py::test_ft_snmp_coldstart_trap
2024-01-05 03:23:43,083 T0000: INFO  [gw4]: EXEC: system/test_snmp.py::test_ft_snmp_docker_restart
2024-01-05 03:23:54,952 T0000: INFO  [gw4]: XFAIL: system/test_snmp.py::test_ft_snmp_docker_restart
2024-01-05 03:24:24,710 T0000: INFO  ============== NODE(gw3) FINISH gw3
2024-01-05 03:24:24,710 T0000: INFO  ============== Completed gw3  
2024-01-05 03:24:24,728 T0000: INFO  [gw6]: ===== Assigned Pre-Tests
2024-01-05 03:24:24,738 T0000: INFO  [gw7]: ===== Assigned Pre-Tests
2024-01-05 03:27:06,825 T0000: INFO  [gw5]: PASSED: system/test_ntp.py::test_ft_ntp_disable_enable_with_message_log
2024-01-05 03:27:11,950 T0000: INFO  [gw5]: EXEC: system/test_ntp.py::test_ntp_exists_config
2024-01-05 03:27:18,285 T0000: INFO  [gw5]: PASSED: system/test_ntp.py::test_ntp_exists_config
2024-01-05 03:27:59,586 T0000: INFO  ============== NODE(gw7) FINISH gw7
2024-01-05 03:27:59,586 T0000: INFO  ============== Completed gw7  
2024-01-05 03:28:00,756 T0000: INFO  ============== NODE(gw6) FINISH gw6
2024-01-05 03:28:00,756 T0000: INFO  ============== Completed gw6  
2024-01-05 03:29:35,620 T0000: INFO  ============== NODE(gw5) FINISH gw5
2024-01-05 03:29:35,621 T0000: INFO  ============== Completed gw5  
2024-01-05 03:29:46,179 T0000: INFO  [gw4]: EXEC: security/test_tacacs.py::test_ft_tacacs_ssh_login_with_tacacs_operations
2024-01-05 03:29:47,254 T0000: INFO  [gw4]: XFAIL: security/test_tacacs.py::test_ft_tacacs_ssh_login_with_tacacs_operations
2024-01-05 03:32:15,791 T0000: INFO  ============== NODE(gw4) FINISH gw4
2024-01-05 03:32:15,793 T0000: INFO  ============== Completed gw4  
2024-01-05 03:32:15,863 T0000: INFO  update free pod devices ['V1', 'V2', 'V3', 'V4']
2024-01-05 03:32:15,872 T0000: INFO  update free pod devices ['unknown:V1', 'unknown:V2', 'unknown:V3', 'unknown:V4']
