2024-01-05 22:37:22.950187 = START
2024-01-05 22:37:24.185189 = device connections start
2024-01-05 22:39:20.125240 = device connections finish
2024-01-05 22:39:20.131143 = session init start
2024-01-05 22:42:39.568009 = report file generation start
2024-01-05 22:42:39.714169 = report file generation end
2024-01-05 22:43:04.019611 = session init end
2024-01-05 22:43:04.025604 = Framework Module Hook Start
2024-01-05 22:43:05.693904 = module test_spytest_infra_1.py init start
2024-01-05 22:43:09.833666 = module test_spytest_infra_1.py init end
2024-01-05 22:43:09.833956 = Framework Module Hook end
2024-01-05 22:43:09.834269 = Framework Function Hook Start
2024-01-05 22:43:14.116971 = function batch/test_spytest_infra_1.py::test_spytest_infra_first init start
2024-01-05 22:43:19.944669 = function batch/test_spytest_infra_1.py::test_spytest_infra_first init end
2024-01-05 22:43:19.945732 = Framework Function Hook end
2024-01-05 22:43:19.948854 = Module Config Time (2024-01-05 22:43:04.025800 - 2024-01-05 22:43:09.834347) Published
2024-01-05 22:43:19.951996 = function batch/test_spytest_infra_1.py::test_spytest_infra_first clean start
2024-01-05 22:43:19.980471 = Test Time (2024-01-05 22:43:14.117259 - 2024-01-05 22:43:19.980464) Published
2024-01-05 22:43:19.986009 = function batch/test_spytest_infra_1.py::test_spytest_infra_first clean end
2024-01-05 22:43:19.986276 = Framework Function Hook Finalize
2024-01-05 22:43:20.217443 = Framework Function Hook Start
2024-01-05 22:43:20.218666 = function batch/test_spytest_infra_1.py::test_spytest_infra_second init start
2024-01-05 22:43:26.056754 = function batch/test_spytest_infra_1.py::test_spytest_infra_second init end
2024-01-05 22:43:26.057836 = Framework Function Hook end
2024-01-05 22:43:26.061497 = function batch/test_spytest_infra_1.py::test_spytest_infra_second clean start
2024-01-05 22:43:26.091310 = Test Time (2024-01-05 22:43:20.218860 - 2024-01-05 22:43:26.091304) Published
2024-01-05 22:43:26.096415 = function batch/test_spytest_infra_1.py::test_spytest_infra_second clean end
2024-01-05 22:43:26.096676 = Framework Function Hook Finalize
2024-01-05 22:43:26.096817 = module test_spytest_infra_1.py clean start
2024-01-05 22:43:28.397653 = report file generation start
2024-01-05 22:43:28.484956 = report file generation end
2024-01-05 22:43:28.489913 = module test_spytest_infra_1.py clean end
2024-01-05 22:43:28.490261 = Framework Module Hook Finalize
2024-01-05 22:43:28.492650 = Framework Module Hook Start
2024-01-05 22:43:30.153107 = module test_bgp_4node.py init start
2024-01-05 22:44:02.806883 = module test_bgp_4node.py init end
2024-01-05 22:44:02.807404 = Framework Module Hook end
2024-01-05 22:44:02.807931 = User Module routing/BGP/test_bgp_4node.py Hook Start
2024-01-05 22:44:25.815710 = User Module routing/BGP/test_bgp_4node.py Hook end
2024-01-05 22:44:25.815957 = User Class routing/BGP/test_bgp_4node.py Hook Start
2024-01-05 22:45:14.572895 = User Class routing/BGP/test_bgp_4node.py Hook end
2024-01-05 22:45:14.573816 = Framework Function Hook Start
2024-01-05 22:45:42.928410 = function routing/BGP/test_bgp_4node.py::TestBGPConfed::test_ipv6_confed_route_distribution init start
2024-01-05 22:45:48.962139 = function routing/BGP/test_bgp_4node.py::TestBGPConfed::test_ipv6_confed_route_distribution init end
2024-01-05 22:45:48.962733 = Framework Function Hook end
2024-01-05 22:45:48.964824 = Module Config Time (2024-01-05 22:43:28.492709 - 2024-01-05 22:45:14.573966) Published
2024-01-05 22:46:04.190158 = function routing/BGP/test_bgp_4node.py::TestBGPConfed::test_ipv6_confed_route_distribution clean start
2024-01-05 22:46:04.241600 = Test Time (2024-01-05 22:45:42.928694 - 2024-01-05 22:46:04.241590) Published
2024-01-05 22:46:04.246836 = function routing/BGP/test_bgp_4node.py::TestBGPConfed::test_ipv6_confed_route_distribution clean end
2024-01-05 22:46:04.247140 = Framework Function Hook Finalize
2024-01-05 22:46:04.248435 = Framework Function Hook Start
2024-01-05 22:46:04.248828 = function routing/BGP/test_bgp_4node.py::TestBGPConfed::test_ipv6_confed_with_rr init start
2024-01-05 22:46:11.472732 = function routing/BGP/test_bgp_4node.py::TestBGPConfed::test_ipv6_confed_with_rr init end
2024-01-05 22:46:11.473394 = Framework Function Hook end
2024-01-05 22:46:51.589194 = function routing/BGP/test_bgp_4node.py::TestBGPConfed::test_ipv6_confed_with_rr clean start
2024-01-05 22:46:51.639738 = Test Time (2024-01-05 22:46:04.248898 - 2024-01-05 22:46:51.639730) Published
2024-01-05 22:46:51.644768 = function routing/BGP/test_bgp_4node.py::TestBGPConfed::test_ipv6_confed_with_rr clean end
2024-01-05 22:46:51.645065 = Framework Function Hook Finalize
2024-01-05 22:46:51.645979 = Framework Function Hook Start
2024-01-05 22:46:51.646371 = function routing/BGP/test_bgp_4node.py::TestBGPConfed::test_confed_route_distribution_with_rmap init start
2024-01-05 22:46:59.290979 = function routing/BGP/test_bgp_4node.py::TestBGPConfed::test_confed_route_distribution_with_rmap init end
2024-01-05 22:46:59.291484 = Framework Function Hook end
2024-01-05 22:47:31.801059 = function routing/BGP/test_bgp_4node.py::TestBGPConfed::test_confed_route_distribution_with_rmap clean start
2024-01-05 22:47:31.854856 = Test Time (2024-01-05 22:46:51.646434 - 2024-01-05 22:47:31.854845) Published
2024-01-05 22:47:31.860263 = function routing/BGP/test_bgp_4node.py::TestBGPConfed::test_confed_route_distribution_with_rmap clean end
2024-01-05 22:47:31.860669 = Framework Function Hook Finalize
2024-01-05 22:47:38.401732 = User Class routing/BGP/test_bgp_4node.py Hook Finalize
2024-01-05 22:47:38.420166 = User Class routing/BGP/test_bgp_4node.py Hook Finalize
2024-01-05 22:47:38.439792 = User Class routing/BGP/test_bgp_4node.py Hook Finalize
2024-01-05 22:47:38.441708 = Framework Function Hook Start
2024-01-05 22:47:38.442684 = function routing/BGP/test_bgp_4node.py::test_ft_bgp_ibgp_RR_Loop init start
2024-01-05 22:47:45.415098 = function routing/BGP/test_bgp_4node.py::test_ft_bgp_ibgp_RR_Loop init end
2024-01-05 22:47:45.415552 = Framework Function Hook end
2024-01-05 22:47:45.415920 = User Function routing/BGP/test_bgp_4node.py::test_ft_bgp_ibgp_RR_Loop Hook Start
2024-01-05 22:47:45.435279 = User Function routing/BGP/test_bgp_4node.py::test_ft_bgp_ibgp_RR_Loop Hook end
2024-01-05 22:48:15.299160 = User Function routing/BGP/test_bgp_4node.py::test_ft_bgp_ibgp_RR_Loop Hook Finalize
2024-01-05 22:48:15.299750 = function routing/BGP/test_bgp_4node.py::test_ft_bgp_ibgp_RR_Loop clean start
2024-01-05 22:48:15.353876 = Test Time (2024-01-05 22:47:38.442796 - 2024-01-05 22:48:15.353865) Published
2024-01-05 22:48:15.359164 = function routing/BGP/test_bgp_4node.py::test_ft_bgp_ibgp_RR_Loop clean end
2024-01-05 22:48:15.359598 = Framework Function Hook Finalize
2024-01-05 22:48:15.360668 = Framework Function Hook Start
2024-01-05 22:48:15.361155 = function routing/BGP/test_bgp_4node.py::test_ft_bgp_ebgp_community_map init start
2024-01-05 22:48:22.137371 = function routing/BGP/test_bgp_4node.py::test_ft_bgp_ebgp_community_map init end
2024-01-05 22:48:22.137883 = Framework Function Hook end
2024-01-05 22:48:22.138268 = User Function routing/BGP/test_bgp_4node.py::test_ft_bgp_ebgp_community_map Hook Start
2024-01-05 22:48:22.155848 = User Function routing/BGP/test_bgp_4node.py::test_ft_bgp_ebgp_community_map Hook end
2024-01-05 22:52:33.491169 = User Function routing/BGP/test_bgp_4node.py::test_ft_bgp_ebgp_community_map Hook Finalize
2024-01-05 22:52:33.491374 = function routing/BGP/test_bgp_4node.py::test_ft_bgp_ebgp_community_map clean start
2024-01-05 22:52:33.541973 = Test Time (2024-01-05 22:48:15.361219 - 2024-01-05 22:52:33.541965) Published
2024-01-05 22:52:33.547152 = function routing/BGP/test_bgp_4node.py::test_ft_bgp_ebgp_community_map clean end
2024-01-05 22:52:33.547446 = Framework Function Hook Finalize
2024-01-05 22:53:07.007950 = User Module routing/BGP/test_bgp_4node.py Hook Finalize
2024-01-05 22:53:07.008216 = module test_bgp_4node.py clean start
2024-01-05 22:53:32.872350 = report file generation start
2024-01-05 22:53:32.964555 = report file generation end
2024-01-05 22:53:32.969837 = module test_bgp_4node.py clean end
2024-01-05 22:53:32.970329 = Framework Module Hook Finalize
2024-01-05 22:53:33.053827 = Framework Module Hook Start
2024-01-05 22:53:34.721754 = module test_spytest_infra_1.py init start
2024-01-05 22:54:42.546218 = module test_spytest_infra_1.py init end
2024-01-05 22:54:42.546563 = Framework Module Hook end
2024-01-05 22:54:42.546893 = Framework Function Hook Start
2024-01-05 22:54:45.647384 = function batch/test_spytest_infra_1.py::test_spytest_infra_last init start
2024-01-05 22:54:51.552977 = function batch/test_spytest_infra_1.py::test_spytest_infra_last init end
2024-01-05 22:54:51.555662 = Framework Function Hook end
2024-01-05 22:54:51.559506 = Module Config Time (2024-01-05 22:53:33.054019 - 2024-01-05 22:54:42.546973) Published
2024-01-05 22:54:51.562909 = function batch/test_spytest_infra_1.py::test_spytest_infra_last clean start
2024-01-05 22:54:51.589228 = Test Time (2024-01-05 22:54:45.647650 - 2024-01-05 22:54:51.589221) Published
2024-01-05 22:54:51.594514 = function batch/test_spytest_infra_1.py::test_spytest_infra_last clean end
2024-01-05 22:54:51.594811 = Framework Function Hook Finalize
2024-01-05 22:54:51.595001 = module test_spytest_infra_1.py clean start
2024-01-05 22:54:53.982552 = report file generation start
2024-01-05 22:54:54.074591 = report file generation end
2024-01-05 22:54:54.079589 = module test_spytest_infra_1.py clean end
2024-01-05 22:54:54.079931 = Framework Module Hook Finalize
2024-01-05 22:54:54.080377 = session clean start
2024-01-05 22:54:54.115976 = report file generation start
2024-01-05 22:54:54.201350 = report file generation end
2024-01-05 22:54:54.900899 = session clean end
