2024-01-05 22:38:03,641 T0013: WARN  #### gw1 IGNORED SESSION INIT ERROR 
2024-01-05 22:38:03,641 T0013: WARN  Skipped error checking in session init but detected pattern: containing_error command: sudo vtysh -c 'show running-config | include hostname'
2024-01-05 22:42:39,715 T0052: WARN  #### gw1  
2024-01-05 22:42:39,715 T0052: WARN  support post-session-prolog session pass ''
2024-01-05 22:42:39,717 T0053: WARN  #### gw1  
2024-01-05 22:42:39,717 T0053: WARN  support post-session-prolog session pass ''
2024-01-05 22:42:39,720 T0054: WARN  #### gw1  
2024-01-05 22:42:39,721 T0054: WARN  support post-session-prolog session pass ''
2024-01-05 22:42:39,725 T0055: WARN  #### gw1  
2024-01-05 22:42:39,725 T0055: WARN  support post-session-prolog session pass ''
2024-01-05 22:43:34,310 T0156: INFO  #### gw1  
2024-01-05 22:43:34,310 T0156: INFO  support pre-module-prolog routing/BGP/test_bgp_4node.py  ''
2024-01-05 22:43:34,312 T0157: INFO  #### gw1  
2024-01-05 22:43:34,313 T0157: INFO  support pre-module-prolog routing/BGP/test_bgp_4node.py  ''
2024-01-05 22:43:34,316 T0158: INFO  #### gw1  
2024-01-05 22:43:34,317 T0158: INFO  support pre-module-prolog routing/BGP/test_bgp_4node.py  ''
2024-01-05 22:43:34,319 T0159: INFO  #### gw1  
2024-01-05 22:43:34,320 T0159: INFO  support pre-module-prolog routing/BGP/test_bgp_4node.py  ''
2024-01-05 22:45:14,550 T0204: INFO  #### gw1  routing/BGP/test_bgp_4node.py
2024-01-05 22:45:14,550 T0204: INFO  support post-class-prolog routing/BGP/test_bgp_4node.py Pass ''
2024-01-05 22:45:14,552 T0205: INFO  #### gw1  routing/BGP/test_bgp_4node.py
2024-01-05 22:45:14,552 T0205: INFO  support post-class-prolog routing/BGP/test_bgp_4node.py Pass ''
2024-01-05 22:45:14,554 T0206: INFO  #### gw1  routing/BGP/test_bgp_4node.py
2024-01-05 22:45:14,555 T0206: INFO  support post-class-prolog routing/BGP/test_bgp_4node.py Pass ''
2024-01-05 22:45:14,556 T0207: INFO  #### gw1  routing/BGP/test_bgp_4node.py
2024-01-05 22:45:14,557 T0207: INFO  support post-class-prolog routing/BGP/test_bgp_4node.py Pass ''
2024-01-05 22:45:14,577 T0208: INFO  #### gw1  routing/BGP/test_bgp_4node.py
2024-01-05 22:45:14,577 T0208: INFO  support post-module-prolog routing/BGP/test_bgp_4node.py Pass ''
2024-01-05 22:45:14,579 T0209: INFO  #### gw1  routing/BGP/test_bgp_4node.py
2024-01-05 22:45:14,579 T0209: INFO  support post-module-prolog routing/BGP/test_bgp_4node.py Pass ''
2024-01-05 22:45:14,581 T0210: INFO  #### gw1  routing/BGP/test_bgp_4node.py
2024-01-05 22:45:14,582 T0210: INFO  support post-module-prolog routing/BGP/test_bgp_4node.py Pass ''
2024-01-05 22:45:14,585 T0211: INFO  #### gw1  routing/BGP/test_bgp_4node.py
2024-01-05 22:45:14,586 T0211: INFO  support post-module-prolog routing/BGP/test_bgp_4node.py Pass ''
2024-01-05 22:45:48,939 T0257: INFO  #### gw1  routing/BGP/test_bgp_4node.py
2024-01-05 22:45:48,939 T0257: INFO  support pre-function-prolog TestBGPConfed.test_ipv6_confed_route_distribution  ''
2024-01-05 22:45:48,943 T0258: INFO  #### gw1  routing/BGP/test_bgp_4node.py
2024-01-05 22:45:48,944 T0258: INFO  support pre-function-prolog TestBGPConfed.test_ipv6_confed_route_distribution  ''
2024-01-05 22:45:48,948 T0259: INFO  #### gw1  routing/BGP/test_bgp_4node.py
2024-01-05 22:45:48,948 T0259: INFO  support pre-function-prolog TestBGPConfed.test_ipv6_confed_route_distribution  ''
2024-01-05 22:45:48,950 T0260: INFO  #### gw1  routing/BGP/test_bgp_4node.py
2024-01-05 22:45:48,950 T0260: INFO  support pre-function-prolog TestBGPConfed.test_ipv6_confed_route_distribution  ''
2024-01-05 22:46:04,172 T0261: INFO  #### gw1  routing/BGP/test_bgp_4node.py::TestBGPConfed::test_ipv6_confed_route_distribution
2024-01-05 22:46:04,172 T0261: INFO  support pre-function-epilog TestBGPConfed.test_ipv6_confed_route_distribution Pass 'Test case passed'
2024-01-05 22:46:04,173 T0262: INFO  #### gw1  routing/BGP/test_bgp_4node.py::TestBGPConfed::test_ipv6_confed_route_distribution
2024-01-05 22:46:04,174 T0262: INFO  support pre-function-epilog TestBGPConfed.test_ipv6_confed_route_distribution Pass 'Test case passed'
2024-01-05 22:46:04,175 T0263: INFO  #### gw1  routing/BGP/test_bgp_4node.py::TestBGPConfed::test_ipv6_confed_route_distribution
2024-01-05 22:46:04,176 T0263: INFO  support pre-function-epilog TestBGPConfed.test_ipv6_confed_route_distribution Pass 'Test case passed'
2024-01-05 22:46:04,177 T0264: INFO  #### gw1  routing/BGP/test_bgp_4node.py::TestBGPConfed::test_ipv6_confed_route_distribution
2024-01-05 22:46:04,177 T0264: INFO  support pre-function-epilog TestBGPConfed.test_ipv6_confed_route_distribution Pass 'Test case passed'
2024-01-05 22:46:04,191 T0265: INFO  #### gw1  routing/BGP/test_bgp_4node.py::TestBGPConfed::test_ipv6_confed_route_distribution
2024-01-05 22:46:04,191 T0265: INFO  support post-function-epilog TestBGPConfed.test_ipv6_confed_route_distribution Pass 'Test case passed'
2024-01-05 22:46:04,193 T0266: INFO  #### gw1  routing/BGP/test_bgp_4node.py::TestBGPConfed::test_ipv6_confed_route_distribution
2024-01-05 22:46:04,194 T0266: INFO  support post-function-epilog TestBGPConfed.test_ipv6_confed_route_distribution Pass 'Test case passed'
2024-01-05 22:46:04,196 T0267: INFO  #### gw1  routing/BGP/test_bgp_4node.py::TestBGPConfed::test_ipv6_confed_route_distribution
2024-01-05 22:46:04,196 T0267: INFO  support post-function-epilog TestBGPConfed.test_ipv6_confed_route_distribution Pass 'Test case passed'
2024-01-05 22:46:04,198 T0268: INFO  #### gw1  routing/BGP/test_bgp_4node.py::TestBGPConfed::test_ipv6_confed_route_distribution
2024-01-05 22:46:04,198 T0268: INFO  support post-function-epilog TestBGPConfed.test_ipv6_confed_route_distribution Pass 'Test case passed'
2024-01-05 22:46:11,450 T0278: INFO  #### gw1  routing/BGP/test_bgp_4node.py
2024-01-05 22:46:11,451 T0278: INFO  support pre-function-prolog TestBGPConfed.test_ipv6_confed_with_rr  ''
2024-01-05 22:46:11,454 T0279: INFO  #### gw1  routing/BGP/test_bgp_4node.py
2024-01-05 22:46:11,454 T0279: INFO  support pre-function-prolog TestBGPConfed.test_ipv6_confed_with_rr  ''
2024-01-05 22:46:11,457 T0280: INFO  #### gw1  routing/BGP/test_bgp_4node.py
2024-01-05 22:46:11,458 T0280: INFO  support pre-function-prolog TestBGPConfed.test_ipv6_confed_with_rr  ''
2024-01-05 22:46:11,460 T0281: INFO  #### gw1  routing/BGP/test_bgp_4node.py
2024-01-05 22:46:11,460 T0281: INFO  support pre-function-prolog TestBGPConfed.test_ipv6_confed_with_rr  ''
2024-01-05 22:46:51,572 T0282: INFO  #### gw1  routing/BGP/test_bgp_4node.py::TestBGPConfed::test_ipv6_confed_with_rr
2024-01-05 22:46:51,572 T0282: INFO  support pre-function-epilog TestBGPConfed.test_ipv6_confed_with_rr Pass 'Test case passed'
2024-01-05 22:46:51,574 T0283: INFO  #### gw1  routing/BGP/test_bgp_4node.py::TestBGPConfed::test_ipv6_confed_with_rr
2024-01-05 22:46:51,574 T0283: INFO  support pre-function-epilog TestBGPConfed.test_ipv6_confed_with_rr Pass 'Test case passed'
2024-01-05 22:46:51,575 T0284: INFO  #### gw1  routing/BGP/test_bgp_4node.py::TestBGPConfed::test_ipv6_confed_with_rr
2024-01-05 22:46:51,576 T0284: INFO  support pre-function-epilog TestBGPConfed.test_ipv6_confed_with_rr Pass 'Test case passed'
2024-01-05 22:46:51,577 T0285: INFO  #### gw1  routing/BGP/test_bgp_4node.py::TestBGPConfed::test_ipv6_confed_with_rr
2024-01-05 22:46:51,578 T0285: INFO  support pre-function-epilog TestBGPConfed.test_ipv6_confed_with_rr Pass 'Test case passed'
2024-01-05 22:46:51,590 T0286: INFO  #### gw1  routing/BGP/test_bgp_4node.py::TestBGPConfed::test_ipv6_confed_with_rr
2024-01-05 22:46:51,590 T0286: INFO  support post-function-epilog TestBGPConfed.test_ipv6_confed_with_rr Pass 'Test case passed'
2024-01-05 22:46:51,592 T0287: INFO  #### gw1  routing/BGP/test_bgp_4node.py::TestBGPConfed::test_ipv6_confed_with_rr
2024-01-05 22:46:51,592 T0287: INFO  support post-function-epilog TestBGPConfed.test_ipv6_confed_with_rr Pass 'Test case passed'
2024-01-05 22:46:51,595 T0288: INFO  #### gw1  routing/BGP/test_bgp_4node.py::TestBGPConfed::test_ipv6_confed_with_rr
2024-01-05 22:46:51,595 T0288: INFO  support post-function-epilog TestBGPConfed.test_ipv6_confed_with_rr Pass 'Test case passed'
2024-01-05 22:46:51,597 T0289: INFO  #### gw1  routing/BGP/test_bgp_4node.py::TestBGPConfed::test_ipv6_confed_with_rr
2024-01-05 22:46:51,597 T0289: INFO  support post-function-epilog TestBGPConfed.test_ipv6_confed_with_rr Pass 'Test case passed'
2024-01-05 22:46:59,268 T0299: INFO  #### gw1  routing/BGP/test_bgp_4node.py
2024-01-05 22:46:59,268 T0299: INFO  support pre-function-prolog TestBGPConfed.test_confed_route_distribution_with_rmap  ''
2024-01-05 22:46:59,272 T0300: INFO  #### gw1  routing/BGP/test_bgp_4node.py
2024-01-05 22:46:59,272 T0300: INFO  support pre-function-prolog TestBGPConfed.test_confed_route_distribution_with_rmap  ''
2024-01-05 22:46:59,274 T0301: INFO  #### gw1  routing/BGP/test_bgp_4node.py
2024-01-05 22:46:59,274 T0301: INFO  support pre-function-prolog TestBGPConfed.test_confed_route_distribution_with_rmap  ''
2024-01-05 22:46:59,276 T0302: INFO  #### gw1  routing/BGP/test_bgp_4node.py
2024-01-05 22:46:59,277 T0302: INFO  support pre-function-prolog TestBGPConfed.test_confed_route_distribution_with_rmap  ''
2024-01-05 22:47:31,780 T0303: INFO  #### gw1  routing/BGP/test_bgp_4node.py::TestBGPConfed::test_confed_route_distribution_with_rmap
2024-01-05 22:47:31,781 T0303: INFO  support pre-function-epilog TestBGPConfed.test_confed_route_distribution_with_rmap Pass 'Test case passed'
2024-01-05 22:47:31,783 T0304: INFO  #### gw1  routing/BGP/test_bgp_4node.py::TestBGPConfed::test_confed_route_distribution_with_rmap
2024-01-05 22:47:31,783 T0304: INFO  support pre-function-epilog TestBGPConfed.test_confed_route_distribution_with_rmap Pass 'Test case passed'
2024-01-05 22:47:31,785 T0305: INFO  #### gw1  routing/BGP/test_bgp_4node.py::TestBGPConfed::test_confed_route_distribution_with_rmap
2024-01-05 22:47:31,785 T0305: INFO  support pre-function-epilog TestBGPConfed.test_confed_route_distribution_with_rmap Pass 'Test case passed'
2024-01-05 22:47:31,787 T0306: INFO  #### gw1  routing/BGP/test_bgp_4node.py::TestBGPConfed::test_confed_route_distribution_with_rmap
2024-01-05 22:47:31,787 T0306: INFO  support pre-function-epilog TestBGPConfed.test_confed_route_distribution_with_rmap Pass 'Test case passed'
2024-01-05 22:47:31,802 T0307: INFO  #### gw1  routing/BGP/test_bgp_4node.py::TestBGPConfed::test_confed_route_distribution_with_rmap
2024-01-05 22:47:31,802 T0307: INFO  support post-function-epilog TestBGPConfed.test_confed_route_distribution_with_rmap Pass 'Test case passed'
2024-01-05 22:47:31,805 T0308: INFO  #### gw1  routing/BGP/test_bgp_4node.py::TestBGPConfed::test_confed_route_distribution_with_rmap
2024-01-05 22:47:31,806 T0308: INFO  support post-function-epilog TestBGPConfed.test_confed_route_distribution_with_rmap Pass 'Test case passed'
2024-01-05 22:47:31,808 T0309: INFO  #### gw1  routing/BGP/test_bgp_4node.py::TestBGPConfed::test_confed_route_distribution_with_rmap
2024-01-05 22:47:31,808 T0309: INFO  support post-function-epilog TestBGPConfed.test_confed_route_distribution_with_rmap Pass 'Test case passed'
2024-01-05 22:47:31,810 T0310: INFO  #### gw1  routing/BGP/test_bgp_4node.py::TestBGPConfed::test_confed_route_distribution_with_rmap
2024-01-05 22:47:31,810 T0310: INFO  support post-function-epilog TestBGPConfed.test_confed_route_distribution_with_rmap Pass 'Test case passed'
2024-01-05 22:47:38,384 T0311: WARN  #### gw1  routing/BGP/test_bgp_4node.py::TestBGPConfed::test_confed_route_distribution_with_rmap
2024-01-05 22:47:38,385 T0311: WARN  support post-class-epilog routing/BGP/test_bgp_4node.py pass ''
2024-01-05 22:47:38,386 T0312: WARN  #### gw1  routing/BGP/test_bgp_4node.py::TestBGPConfed::test_confed_route_distribution_with_rmap
2024-01-05 22:47:38,387 T0312: WARN  support post-class-epilog routing/BGP/test_bgp_4node.py pass ''
2024-01-05 22:47:38,388 T0313: WARN  #### gw1  routing/BGP/test_bgp_4node.py::TestBGPConfed::test_confed_route_distribution_with_rmap
2024-01-05 22:47:38,389 T0313: WARN  support post-class-epilog routing/BGP/test_bgp_4node.py pass ''
2024-01-05 22:47:38,390 T0314: WARN  #### gw1  routing/BGP/test_bgp_4node.py::TestBGPConfed::test_confed_route_distribution_with_rmap
2024-01-05 22:47:38,391 T0314: WARN  support post-class-epilog routing/BGP/test_bgp_4node.py pass ''
2024-01-05 22:47:38,403 T0315: WARN  #### gw1  routing/BGP/test_bgp_4node.py::TestBGPConfed::test_confed_route_distribution_with_rmap
2024-01-05 22:47:38,403 T0315: WARN  support post-class-epilog routing/BGP/test_bgp_4node.py pass ''
2024-01-05 22:47:38,405 T0316: WARN  #### gw1  routing/BGP/test_bgp_4node.py::TestBGPConfed::test_confed_route_distribution_with_rmap
2024-01-05 22:47:38,405 T0316: WARN  support post-class-epilog routing/BGP/test_bgp_4node.py pass ''
2024-01-05 22:47:38,408 T0317: WARN  #### gw1  routing/BGP/test_bgp_4node.py::TestBGPConfed::test_confed_route_distribution_with_rmap
2024-01-05 22:47:38,408 T0317: WARN  support post-class-epilog routing/BGP/test_bgp_4node.py pass ''
2024-01-05 22:47:38,411 T0318: WARN  #### gw1  routing/BGP/test_bgp_4node.py::TestBGPConfed::test_confed_route_distribution_with_rmap
2024-01-05 22:47:38,411 T0318: WARN  support post-class-epilog routing/BGP/test_bgp_4node.py pass ''
2024-01-05 22:47:38,422 T0319: WARN  #### gw1  routing/BGP/test_bgp_4node.py::TestBGPConfed::test_confed_route_distribution_with_rmap
2024-01-05 22:47:38,422 T0319: WARN  support post-class-epilog routing/BGP/test_bgp_4node.py pass ''
2024-01-05 22:47:38,425 T0320: WARN  #### gw1  routing/BGP/test_bgp_4node.py::TestBGPConfed::test_confed_route_distribution_with_rmap
2024-01-05 22:47:38,425 T0320: WARN  support post-class-epilog routing/BGP/test_bgp_4node.py pass ''
2024-01-05 22:47:38,427 T0321: WARN  #### gw1  routing/BGP/test_bgp_4node.py::TestBGPConfed::test_confed_route_distribution_with_rmap
2024-01-05 22:47:38,428 T0321: WARN  support post-class-epilog routing/BGP/test_bgp_4node.py pass ''
2024-01-05 22:47:38,429 T0322: WARN  #### gw1  routing/BGP/test_bgp_4node.py::TestBGPConfed::test_confed_route_distribution_with_rmap
2024-01-05 22:47:38,429 T0322: WARN  support post-class-epilog routing/BGP/test_bgp_4node.py pass ''
2024-01-05 22:47:45,393 T0332: INFO  #### gw1  routing/BGP/test_bgp_4node.py
2024-01-05 22:47:45,394 T0332: INFO  support pre-function-prolog test_ft_bgp_ibgp_RR_Loop  ''
2024-01-05 22:47:45,398 T0333: INFO  #### gw1  routing/BGP/test_bgp_4node.py
2024-01-05 22:47:45,398 T0333: INFO  support pre-function-prolog test_ft_bgp_ibgp_RR_Loop  ''
2024-01-05 22:47:45,402 T0334: INFO  #### gw1  routing/BGP/test_bgp_4node.py
2024-01-05 22:47:45,402 T0334: INFO  support pre-function-prolog test_ft_bgp_ibgp_RR_Loop  ''
2024-01-05 22:47:45,405 T0335: INFO  #### gw1  routing/BGP/test_bgp_4node.py
2024-01-05 22:47:45,405 T0335: INFO  support pre-function-prolog test_ft_bgp_ibgp_RR_Loop  ''
2024-01-05 22:47:45,417 T0336: INFO  #### gw1  routing/BGP/test_bgp_4node.py::test_ft_bgp_ibgp_RR_Loop
2024-01-05 22:47:45,417 T0336: INFO  support post-function-prolog test_ft_bgp_ibgp_RR_Loop Pass ''
2024-01-05 22:47:45,419 T0337: INFO  #### gw1  routing/BGP/test_bgp_4node.py::test_ft_bgp_ibgp_RR_Loop
2024-01-05 22:47:45,419 T0337: INFO  support post-function-prolog test_ft_bgp_ibgp_RR_Loop Pass ''
2024-01-05 22:47:45,421 T0338: INFO  #### gw1  routing/BGP/test_bgp_4node.py::test_ft_bgp_ibgp_RR_Loop
2024-01-05 22:47:45,422 T0338: INFO  support post-function-prolog test_ft_bgp_ibgp_RR_Loop Pass ''
2024-01-05 22:47:45,423 T0339: INFO  #### gw1  routing/BGP/test_bgp_4node.py::test_ft_bgp_ibgp_RR_Loop
2024-01-05 22:47:45,424 T0339: INFO  support post-function-prolog test_ft_bgp_ibgp_RR_Loop Pass ''
2024-01-05 22:48:11,970 T0357: INFO  #### gw1  routing/BGP/test_bgp_4node.py::test_ft_bgp_ibgp_RR_Loop
2024-01-05 22:48:11,970 T0357: INFO  support pre-function-epilog test_ft_bgp_ibgp_RR_Loop Pass 'Test case passed'
2024-01-05 22:48:11,973 T0358: INFO  #### gw1  routing/BGP/test_bgp_4node.py::test_ft_bgp_ibgp_RR_Loop
2024-01-05 22:48:11,973 T0358: INFO  support pre-function-epilog test_ft_bgp_ibgp_RR_Loop Pass 'Test case passed'
2024-01-05 22:48:11,976 T0359: INFO  #### gw1  routing/BGP/test_bgp_4node.py::test_ft_bgp_ibgp_RR_Loop
2024-01-05 22:48:11,976 T0359: INFO  support pre-function-epilog test_ft_bgp_ibgp_RR_Loop Pass 'Test case passed'
2024-01-05 22:48:11,978 T0360: INFO  #### gw1  routing/BGP/test_bgp_4node.py::test_ft_bgp_ibgp_RR_Loop
2024-01-05 22:48:11,979 T0360: INFO  support pre-function-epilog test_ft_bgp_ibgp_RR_Loop Pass 'Test case passed'
2024-01-05 22:48:15,301 T0366: INFO  #### gw1  routing/BGP/test_bgp_4node.py::test_ft_bgp_ibgp_RR_Loop
2024-01-05 22:48:15,302 T0366: INFO  support post-function-epilog test_ft_bgp_ibgp_RR_Loop Pass 'Test case passed'
2024-01-05 22:48:15,305 T0367: INFO  #### gw1  routing/BGP/test_bgp_4node.py::test_ft_bgp_ibgp_RR_Loop
2024-01-05 22:48:15,306 T0367: INFO  support post-function-epilog test_ft_bgp_ibgp_RR_Loop Pass 'Test case passed'
2024-01-05 22:48:15,309 T0368: INFO  #### gw1  routing/BGP/test_bgp_4node.py::test_ft_bgp_ibgp_RR_Loop
2024-01-05 22:48:15,309 T0368: INFO  support post-function-epilog test_ft_bgp_ibgp_RR_Loop Pass 'Test case passed'
2024-01-05 22:48:15,311 T0369: INFO  #### gw1  routing/BGP/test_bgp_4node.py::test_ft_bgp_ibgp_RR_Loop
2024-01-05 22:48:15,311 T0369: INFO  support post-function-epilog test_ft_bgp_ibgp_RR_Loop Pass 'Test case passed'
2024-01-05 22:48:22,115 T0379: INFO  #### gw1  routing/BGP/test_bgp_4node.py
2024-01-05 22:48:22,115 T0379: INFO  support pre-function-prolog test_ft_bgp_ebgp_community_map  ''
2024-01-05 22:48:22,119 T0380: INFO  #### gw1  routing/BGP/test_bgp_4node.py
2024-01-05 22:48:22,120 T0380: INFO  support pre-function-prolog test_ft_bgp_ebgp_community_map  ''
2024-01-05 22:48:22,124 T0381: INFO  #### gw1  routing/BGP/test_bgp_4node.py
2024-01-05 22:48:22,124 T0381: INFO  support pre-function-prolog test_ft_bgp_ebgp_community_map  ''
2024-01-05 22:48:22,126 T0382: INFO  #### gw1  routing/BGP/test_bgp_4node.py
2024-01-05 22:48:22,126 T0382: INFO  support pre-function-prolog test_ft_bgp_ebgp_community_map  ''
2024-01-05 22:48:22,139 T0383: INFO  #### gw1  routing/BGP/test_bgp_4node.py::test_ft_bgp_ebgp_community_map
2024-01-05 22:48:22,140 T0383: INFO  support post-function-prolog test_ft_bgp_ebgp_community_map Pass ''
2024-01-05 22:48:22,141 T0384: INFO  #### gw1  routing/BGP/test_bgp_4node.py::test_ft_bgp_ebgp_community_map
2024-01-05 22:48:22,142 T0384: INFO  support post-function-prolog test_ft_bgp_ebgp_community_map Pass ''
2024-01-05 22:48:22,143 T0385: INFO  #### gw1  routing/BGP/test_bgp_4node.py::test_ft_bgp_ebgp_community_map
2024-01-05 22:48:22,143 T0385: INFO  support post-function-prolog test_ft_bgp_ebgp_community_map Pass ''
2024-01-05 22:48:22,145 T0386: INFO  #### gw1  routing/BGP/test_bgp_4node.py::test_ft_bgp_ebgp_community_map
2024-01-05 22:48:22,146 T0386: INFO  support post-function-prolog test_ft_bgp_ebgp_community_map Pass ''
2024-01-05 22:52:24,873 T0399: INFO  #### gw1  routing/BGP/test_bgp_4node.py::test_ft_bgp_ebgp_community_map
2024-01-05 22:52:24,873 T0399: INFO  support pre-function-epilog test_ft_bgp_ebgp_community_map Pass 'Test case passed'
2024-01-05 22:52:24,875 T0400: INFO  #### gw1  routing/BGP/test_bgp_4node.py::test_ft_bgp_ebgp_community_map
2024-01-05 22:52:24,875 T0400: INFO  support pre-function-epilog test_ft_bgp_ebgp_community_map Pass 'Test case passed'
2024-01-05 22:52:24,877 T0401: INFO  #### gw1  routing/BGP/test_bgp_4node.py::test_ft_bgp_ebgp_community_map
2024-01-05 22:52:24,878 T0401: INFO  support pre-function-epilog test_ft_bgp_ebgp_community_map Pass 'Test case passed'
2024-01-05 22:52:24,879 T0402: INFO  #### gw1  routing/BGP/test_bgp_4node.py::test_ft_bgp_ebgp_community_map
2024-01-05 22:52:24,880 T0402: INFO  support pre-function-epilog test_ft_bgp_ebgp_community_map Pass 'Test case passed'
2024-01-05 22:52:33,492 T0409: INFO  #### gw1  routing/BGP/test_bgp_4node.py::test_ft_bgp_ebgp_community_map
2024-01-05 22:52:33,492 T0409: INFO  support post-function-epilog test_ft_bgp_ebgp_community_map Pass 'Test case passed'
2024-01-05 22:52:33,494 T0410: INFO  #### gw1  routing/BGP/test_bgp_4node.py::test_ft_bgp_ebgp_community_map
2024-01-05 22:52:33,494 T0410: INFO  support post-function-epilog test_ft_bgp_ebgp_community_map Pass 'Test case passed'
2024-01-05 22:52:33,496 T0411: INFO  #### gw1  routing/BGP/test_bgp_4node.py::test_ft_bgp_ebgp_community_map
2024-01-05 22:52:33,496 T0411: INFO  support post-function-epilog test_ft_bgp_ebgp_community_map Pass 'Test case passed'
2024-01-05 22:52:33,497 T0412: INFO  #### gw1  routing/BGP/test_bgp_4node.py::test_ft_bgp_ebgp_community_map
2024-01-05 22:52:33,498 T0412: INFO  support post-function-epilog test_ft_bgp_ebgp_community_map Pass 'Test case passed'
2024-01-05 22:52:33,548 T0413: WARN  #### gw1  routing/BGP/test_bgp_4node.py::test_ft_bgp_ebgp_community_map
2024-01-05 22:52:33,548 T0413: WARN  support pre-module-epilog routing/BGP/test_bgp_4node.py pass ''
2024-01-05 22:52:33,550 T0414: WARN  #### gw1  routing/BGP/test_bgp_4node.py::test_ft_bgp_ebgp_community_map
2024-01-05 22:52:33,550 T0414: WARN  support pre-module-epilog routing/BGP/test_bgp_4node.py pass ''
2024-01-05 22:52:33,553 T0415: WARN  #### gw1  routing/BGP/test_bgp_4node.py::test_ft_bgp_ebgp_community_map
2024-01-05 22:52:33,554 T0415: WARN  support pre-module-epilog routing/BGP/test_bgp_4node.py pass ''
2024-01-05 22:52:33,557 T0416: WARN  #### gw1  routing/BGP/test_bgp_4node.py::test_ft_bgp_ebgp_community_map
2024-01-05 22:52:33,557 T0416: WARN  support pre-module-epilog routing/BGP/test_bgp_4node.py pass ''
2024-01-05 22:53:07,009 T0461: WARN  #### gw1  routing/BGP/test_bgp_4node.py::test_ft_bgp_ebgp_community_map
2024-01-05 22:53:07,009 T0461: WARN  support post-module-epilog routing/BGP/test_bgp_4node.py pass ''
2024-01-05 22:53:07,012 T0462: WARN  #### gw1  routing/BGP/test_bgp_4node.py::test_ft_bgp_ebgp_community_map
2024-01-05 22:53:07,012 T0462: WARN  support post-module-epilog routing/BGP/test_bgp_4node.py pass ''
2024-01-05 22:53:07,015 T0463: WARN  #### gw1  routing/BGP/test_bgp_4node.py::test_ft_bgp_ebgp_community_map
2024-01-05 22:53:07,016 T0463: WARN  support post-module-epilog routing/BGP/test_bgp_4node.py pass ''
2024-01-05 22:53:07,019 T0464: WARN  #### gw1  routing/BGP/test_bgp_4node.py::test_ft_bgp_ebgp_community_map
2024-01-05 22:53:07,019 T0464: WARN  support post-module-epilog routing/BGP/test_bgp_4node.py pass ''
2024-01-05 22:54:54,081 T0549: WARN  #### gw1  batch/test_spytest_infra_1.py::test_spytest_infra_last
2024-01-05 22:54:54,081 T0549: WARN  support session-epilog session pass ''
2024-01-05 22:54:54,083 T0550: WARN  #### gw1  batch/test_spytest_infra_1.py::test_spytest_infra_last
2024-01-05 22:54:54,083 T0550: WARN  support session-epilog session pass ''
2024-01-05 22:54:54,085 T0551: WARN  #### gw1  batch/test_spytest_infra_1.py::test_spytest_infra_last
2024-01-05 22:54:54,085 T0551: WARN  support session-epilog session pass ''
2024-01-05 22:54:54,089 T0552: WARN  #### gw1  batch/test_spytest_infra_1.py::test_spytest_infra_last
2024-01-05 22:54:54,089 T0552: WARN  support session-epilog session pass ''
