2023-12-27 00:50:13.207688 = START
2023-12-27 00:50:14.383726 = device connections start
2023-12-27 00:51:11.288625 = device connections finish
2023-12-27 00:51:11.293435 = session init start
2023-12-27 00:54:28.242001 = report file generation start
2023-12-27 00:54:28.347838 = report file generation end
2023-12-27 00:54:52.234112 = session init end
2023-12-27 00:54:52.240093 = Framework Module Hook Start
2023-12-27 00:54:53.077395 = module test_spytest_infra_1.py init start
2023-12-27 00:54:57.421098 = module test_spytest_infra_1.py init end
2023-12-27 00:54:57.421388 = Framework Module Hook end
2023-12-27 00:54:57.421721 = Framework Function Hook Start
2023-12-27 00:55:01.689558 = function batch/test_spytest_infra_1.py::test_spytest_infra_first init start
2023-12-27 00:55:06.842276 = function batch/test_spytest_infra_1.py::test_spytest_infra_first init end
2023-12-27 00:55:06.843343 = Framework Function Hook end
2023-12-27 00:55:06.846461 = Module Config Time (2023-12-27 00:54:52.240290 - 2023-12-27 00:54:57.421805) Published
2023-12-27 00:55:06.849550 = function batch/test_spytest_infra_1.py::test_spytest_infra_first clean start
2023-12-27 00:55:06.866613 = Test Time (2023-12-27 00:55:01.689817 - 2023-12-27 00:55:06.866605) Published
2023-12-27 00:55:06.874765 = function batch/test_spytest_infra_1.py::test_spytest_infra_first clean end
2023-12-27 00:55:06.875138 = Framework Function Hook Finalize
2023-12-27 00:55:07.038716 = Framework Function Hook Start
2023-12-27 00:55:07.039968 = function batch/test_spytest_infra_1.py::test_spytest_infra_second init start
2023-12-27 00:55:12.356892 = function batch/test_spytest_infra_1.py::test_spytest_infra_second init end
2023-12-27 00:55:12.357927 = Framework Function Hook end
2023-12-27 00:55:12.361536 = function batch/test_spytest_infra_1.py::test_spytest_infra_second clean start
2023-12-27 00:55:12.380975 = Test Time (2023-12-27 00:55:07.040159 - 2023-12-27 00:55:12.380968) Published
2023-12-27 00:55:12.388289 = function batch/test_spytest_infra_1.py::test_spytest_infra_second clean end
2023-12-27 00:55:12.388570 = Framework Function Hook Finalize
2023-12-27 00:55:12.388729 = module test_spytest_infra_1.py clean start
2023-12-27 00:55:14.840343 = report file generation start
2023-12-27 00:55:14.932172 = report file generation end
2023-12-27 00:55:14.939306 = module test_spytest_infra_1.py clean end
2023-12-27 00:55:14.939647 = Framework Module Hook Finalize
2023-12-27 00:55:14.941622 = Framework Module Hook Start
2023-12-27 00:55:15.772774 = module test_vlan.py init start
2023-12-27 00:55:43.050456 = module test_vlan.py init end
2023-12-27 00:55:43.051016 = Framework Module Hook end
2023-12-27 00:55:43.051514 = User Module switching/test_vlan.py Hook Start
2023-12-27 00:55:53.890990 = User Module switching/test_vlan.py Hook end
2023-12-27 00:55:53.891286 = Framework Function Hook Start
2023-12-27 00:56:22.057624 = function switching/test_vlan.py::test_ft_add_unknownvlan_interface init start
2023-12-27 00:56:27.450771 = function switching/test_vlan.py::test_ft_add_unknownvlan_interface init end
2023-12-27 00:56:27.451362 = Framework Function Hook end
2023-12-27 00:56:27.452178 = User Function switching/test_vlan.py::test_ft_add_unknownvlan_interface Hook Start
2023-12-27 00:56:27.467019 = User Function switching/test_vlan.py::test_ft_add_unknownvlan_interface Hook end
2023-12-27 00:56:27.468597 = Module Config Time (2023-12-27 00:55:14.941679 - 2023-12-27 00:55:53.891364) Published
2023-12-27 00:56:31.587649 = User Function switching/test_vlan.py::test_ft_add_unknownvlan_interface Hook Finalize
2023-12-27 00:56:31.587903 = function switching/test_vlan.py::test_ft_add_unknownvlan_interface clean start
2023-12-27 00:56:31.615274 = Test Time (2023-12-27 00:56:22.057890 - 2023-12-27 00:56:31.615265) Published
2023-12-27 00:56:31.621268 = function switching/test_vlan.py::test_ft_add_unknownvlan_interface clean end
2023-12-27 00:56:31.621608 = Framework Function Hook Finalize
2023-12-27 00:56:31.623041 = Framework Function Hook Start
2023-12-27 00:56:31.623497 = function switching/test_vlan.py::test_ft_vlan_delete_with_member init start
2023-12-27 00:56:37.143182 = function switching/test_vlan.py::test_ft_vlan_delete_with_member init end
2023-12-27 00:56:37.143591 = Framework Function Hook end
2023-12-27 00:56:37.143953 = User Function switching/test_vlan.py::test_ft_vlan_delete_with_member Hook Start
2023-12-27 00:56:37.154446 = User Function switching/test_vlan.py::test_ft_vlan_delete_with_member Hook end
2023-12-27 00:56:47.157644 = User Function switching/test_vlan.py::test_ft_vlan_delete_with_member Hook Finalize
2023-12-27 00:56:47.157812 = function switching/test_vlan.py::test_ft_vlan_delete_with_member clean start
2023-12-27 00:56:47.203831 = Test Time (2023-12-27 00:56:31.623584 - 2023-12-27 00:56:47.203818) Published
2023-12-27 00:56:47.209960 = function switching/test_vlan.py::test_ft_vlan_delete_with_member clean end
2023-12-27 00:56:47.210474 = Framework Function Hook Finalize
2023-12-27 00:56:47.211758 = Framework Function Hook Start
2023-12-27 00:56:47.212201 = function switching/test_vlan.py::test_ft_vlan_trunk_tagged init start
2023-12-27 00:56:52.776695 = function switching/test_vlan.py::test_ft_vlan_trunk_tagged init end
2023-12-27 00:56:52.777153 = Framework Function Hook end
2023-12-27 00:56:52.777538 = User Function switching/test_vlan.py::test_ft_vlan_trunk_tagged Hook Start
2023-12-27 00:56:52.787882 = User Function switching/test_vlan.py::test_ft_vlan_trunk_tagged Hook end
2023-12-27 00:58:14.360846 = User Function switching/test_vlan.py::test_ft_vlan_trunk_tagged Hook Finalize
2023-12-27 00:58:14.361067 = function switching/test_vlan.py::test_ft_vlan_trunk_tagged clean start
2023-12-27 00:58:14.392350 = Test Time (2023-12-27 00:56:47.212267 - 2023-12-27 00:58:14.392342) Published
2023-12-27 00:58:14.401183 = function switching/test_vlan.py::test_ft_vlan_trunk_tagged clean end
2023-12-27 00:58:14.401680 = Framework Function Hook Finalize
2023-12-27 00:58:14.403466 = Framework Function Hook Start
2023-12-27 00:58:14.404185 = function switching/test_vlan.py::test_ft_vlan_save_config_warm_and_fast_reboot init start
2023-12-27 00:58:19.816080 = function switching/test_vlan.py::test_ft_vlan_save_config_warm_and_fast_reboot init end
2023-12-27 00:58:19.816518 = Framework Function Hook end
2023-12-27 00:58:19.816889 = User Function switching/test_vlan.py::test_ft_vlan_save_config_warm_and_fast_reboot Hook Start
2023-12-27 00:58:19.829262 = User Function switching/test_vlan.py::test_ft_vlan_save_config_warm_and_fast_reboot Hook end
2023-12-27 01:10:16.069085 = User Function switching/test_vlan.py::test_ft_vlan_save_config_warm_and_fast_reboot Hook Finalize
2023-12-27 01:10:16.069249 = function switching/test_vlan.py::test_ft_vlan_save_config_warm_and_fast_reboot clean start
2023-12-27 01:10:16.117442 = Test Time (2023-12-27 00:58:14.404282 - 2023-12-27 01:10:16.117431) Published
2023-12-27 01:10:16.124329 = function switching/test_vlan.py::test_ft_vlan_save_config_warm_and_fast_reboot clean end
2023-12-27 01:10:16.124752 = Framework Function Hook Finalize
2023-12-27 01:10:42.890340 = User Module switching/test_vlan.py Hook Finalize
2023-12-27 01:10:42.890612 = module test_vlan.py clean start
2023-12-27 01:11:09.517049 = report file generation start
2023-12-27 01:11:09.607371 = report file generation end
2023-12-27 01:11:09.614421 = module test_vlan.py clean end
2023-12-27 01:11:09.614965 = Framework Module Hook Finalize
2023-12-27 01:11:09.794160 = Framework Module Hook Start
2023-12-27 01:11:10.630172 = module test_spytest_infra_1.py init start
2023-12-27 01:12:35.268687 = module test_spytest_infra_1.py init end
2023-12-27 01:12:35.268978 = Framework Module Hook end
2023-12-27 01:12:35.269300 = Framework Function Hook Start
2023-12-27 01:12:39.529119 = function batch/test_spytest_infra_1.py::test_spytest_infra_last init start
2023-12-27 01:12:44.686054 = function batch/test_spytest_infra_1.py::test_spytest_infra_last init end
2023-12-27 01:12:44.687163 = Framework Function Hook end
2023-12-27 01:12:44.688692 = Module Config Time (2023-12-27 01:11:09.794343 - 2023-12-27 01:12:35.269375) Published
2023-12-27 01:12:44.691277 = function batch/test_spytest_infra_1.py::test_spytest_infra_last clean start
2023-12-27 01:12:44.708132 = Test Time (2023-12-27 01:12:39.529380 - 2023-12-27 01:12:44.708125) Published
2023-12-27 01:12:44.715327 = function batch/test_spytest_infra_1.py::test_spytest_infra_last clean end
2023-12-27 01:12:44.715650 = Framework Function Hook Finalize
2023-12-27 01:12:44.715807 = module test_spytest_infra_1.py clean start
2023-12-27 01:12:47.187255 = report file generation start
2023-12-27 01:12:47.279496 = report file generation end
2023-12-27 01:12:47.287171 = module test_spytest_infra_1.py clean end
2023-12-27 01:12:47.287749 = Framework Module Hook Finalize
2023-12-27 01:12:47.290918 = Framework Module Hook Start
2023-12-27 01:12:48.119260 = module test_lldp.py init start
2023-12-27 01:15:41.572470 = module test_lldp.py init end
2023-12-27 01:15:41.573836 = Framework Module Hook end
2023-12-27 01:15:41.574983 = User Module system/test_lldp.py Hook Start
2023-12-27 01:17:13.412987 = User Module system/test_lldp.py Hook end
2023-12-27 01:17:13.808440 = Module Config Time (2023-12-27 01:12:47.290978 - 2023-12-27 01:17:13.808168) Published
2023-12-27 01:17:13.836367 = Test Time (2023-12-27 01:12:39.529380 - 2023-12-27 01:17:13.836358) Published
2023-12-27 01:17:14.235595 = Test Time (2023-12-27 01:12:39.529380 - 2023-12-27 01:17:14.235586) Published
2023-12-27 01:17:14.632136 = Test Time (2023-12-27 01:12:39.529380 - 2023-12-27 01:17:14.632125) Published
2023-12-27 01:17:15.046735 = Test Time (2023-12-27 01:12:39.529380 - 2023-12-27 01:17:15.046723) Published
2023-12-27 01:17:15.411476 = Test Time (2023-12-27 01:12:39.529380 - 2023-12-27 01:17:15.411465) Published
2023-12-27 01:17:15.814583 = Test Time (2023-12-27 01:12:39.529380 - 2023-12-27 01:17:15.814573) Published
2023-12-27 01:17:16.244060 = Test Time (2023-12-27 01:12:39.529380 - 2023-12-27 01:17:16.244049) Published
2023-12-27 01:17:16.648276 = Test Time (2023-12-27 01:12:39.529380 - 2023-12-27 01:17:16.648265) Published
2023-12-27 01:17:17.073795 = Test Time (2023-12-27 01:12:39.529380 - 2023-12-27 01:17:17.073784) Published
2023-12-27 01:17:17.482352 = Test Time (2023-12-27 01:12:39.529380 - 2023-12-27 01:17:17.482341) Published
2023-12-27 01:17:17.897456 = Test Time (2023-12-27 01:12:39.529380 - 2023-12-27 01:17:17.897445) Published
2023-12-27 01:17:18.262613 = Test Time (2023-12-27 01:12:39.529380 - 2023-12-27 01:17:18.262602) Published
2023-12-27 01:17:18.263235 = User Module system/test_lldp.py Hook Finalize
2023-12-27 01:17:18.263355 = module test_lldp.py clean start
2023-12-27 01:17:44.806353 = report file generation start
2023-12-27 01:17:44.903994 = report file generation end
2023-12-27 01:17:44.911340 = module test_lldp.py clean end
2023-12-27 01:17:44.911837 = Framework Module Hook Finalize
2023-12-27 01:17:45.024101 = Framework Module Hook Start
2023-12-27 01:17:45.859002 = module test_spytest_infra_1.py init start
2023-12-27 01:19:10.763516 = module test_spytest_infra_1.py init end
2023-12-27 01:19:10.763985 = Framework Module Hook end
2023-12-27 01:19:10.764460 = Framework Function Hook Start
2023-12-27 01:19:15.034117 = function batch/test_spytest_infra_1.py::test_spytest_infra_last init start
2023-12-27 01:19:20.236976 = function batch/test_spytest_infra_1.py::test_spytest_infra_last init end
2023-12-27 01:19:20.238019 = Framework Function Hook end
2023-12-27 01:19:20.239454 = Module Config Time (2023-12-27 01:17:45.024295 - 2023-12-27 01:19:10.764583) Published
2023-12-27 01:19:20.242032 = function batch/test_spytest_infra_1.py::test_spytest_infra_last clean start
2023-12-27 01:19:20.263386 = Test Time (2023-12-27 01:19:15.034376 - 2023-12-27 01:19:20.263376) Published
2023-12-27 01:19:20.270650 = function batch/test_spytest_infra_1.py::test_spytest_infra_last clean end
2023-12-27 01:19:20.271073 = Framework Function Hook Finalize
2023-12-27 01:19:20.271243 = module test_spytest_infra_1.py clean start
2023-12-27 01:19:22.905932 = report file generation start
2023-12-27 01:19:23.002312 = report file generation end
2023-12-27 01:19:23.009440 = module test_spytest_infra_1.py clean end
2023-12-27 01:19:23.009868 = Framework Module Hook Finalize
2023-12-27 01:19:23.010285 = session clean start
2023-12-27 01:19:23.029149 = report file generation start
2023-12-27 01:19:23.120474 = report file generation end
2023-12-27 01:19:23.806959 = session clean end
