2024-01-05 00:26:29,399 T0002: [D1-V3] ['export TMOUT=0', 'stty cols 5000', 'uptime']
2024-01-05 00:26:30,066 T0002: [D1-V3] cat /proc/uptime
2024-01-05 00:26:30,732 T0002: [D1-V3] sudo vtysh -c 'show running-config | include hostname'
2024-01-05 00:26:36,910 T0002: [D1-V3] /sbin/ip link set dev eth0 up
2024-01-05 00:26:37,577 T0002: [D1-V3] /sbin/ip route list dev eth0
2024-01-05 00:26:38,256 T0002: [D1-V3] ['export TMOUT=0', 'stty cols 5000', 'uptime']
2024-01-05 00:26:40,400 T0002: [D1-V3] /sbin/ip link set dev eth0 up
2024-01-05 00:26:41,067 T0002: [D1-V3] /sbin/ip route list dev eth0
2024-01-05 00:26:42,414 T0002: [D1-V3] show version
2024-01-05 00:26:44,654 T0002: [D1-V3] /sbin/ip link set dev eth0 up
2024-01-05 00:26:45,322 T0002: [D1-V3] /sbin/ip route list dev eth0
2024-01-05 00:26:47,473 T0002: [D1-V3] /sbin/ip link set dev eth0 up
2024-01-05 00:26:48,141 T0002: [D1-V3] /sbin/ip route list dev eth0
2024-01-05 00:27:59,745 T0000: [D1-V3] sudo show interfaces status
2024-01-05 00:28:01,844 T0000: [D1-V3] config interface startup Ethernet0
2024-01-05 00:28:03,353 T0000: [D1-V3] config interface startup Ethernet4
2024-01-05 00:28:04,761 T0000: [D1-V3] config interface startup Ethernet8
2024-01-05 00:28:06,218 T0000: [D1-V3] config interface startup Ethernet12
2024-01-05 00:28:07,653 T0000: [D1-V3] config interface shutdown Ethernet16
2024-01-05 00:28:09,156 T0000: [D1-V3] config interface shutdown Ethernet20
2024-01-05 00:28:10,510 T0000: [D1-V3] config interface shutdown Ethernet24
2024-01-05 00:28:11,812 T0000: [D1-V3] config interface shutdown Ethernet28
2024-01-05 00:28:13,117 T0000: [D1-V3] config interface shutdown Ethernet32
2024-01-05 00:28:14,425 T0000: [D1-V3] config interface shutdown Ethernet36
2024-01-05 00:28:15,730 T0000: [D1-V3] config interface shutdown Ethernet40
2024-01-05 00:28:17,041 T0000: [D1-V3] config interface shutdown Ethernet44
2024-01-05 00:28:18,346 T0000: [D1-V3] config interface shutdown Ethernet48
2024-01-05 00:28:19,649 T0000: [D1-V3] config interface shutdown Ethernet52
2024-01-05 00:28:20,954 T0000: [D1-V3] config interface shutdown Ethernet56
2024-01-05 00:28:22,257 T0000: [D1-V3] config interface shutdown Ethernet60
2024-01-05 00:28:23,565 T0000: [D1-V3] config interface shutdown Ethernet64
2024-01-05 00:28:24,866 T0000: [D1-V3] config interface shutdown Ethernet68
2024-01-05 00:28:26,169 T0000: [D1-V3] config interface shutdown Ethernet72
2024-01-05 00:28:27,476 T0000: [D1-V3] config interface shutdown Ethernet76
2024-01-05 00:28:28,933 T0000: [D1-V3] config interface shutdown Ethernet80
2024-01-05 00:28:30,240 T0000: [D1-V3] config interface shutdown Ethernet84
2024-01-05 00:28:31,545 T0000: [D1-V3] config interface shutdown Ethernet88
2024-01-05 00:28:32,901 T0000: [D1-V3] config interface shutdown Ethernet92
2024-01-05 00:28:34,251 T0000: [D1-V3] config interface shutdown Ethernet96
2024-01-05 00:28:35,558 T0000: [D1-V3] config interface shutdown Ethernet100
2024-01-05 00:28:36,864 T0000: [D1-V3] config interface shutdown Ethernet104
2024-01-05 00:28:38,165 T0000: [D1-V3] config interface shutdown Ethernet108
2024-01-05 00:28:39,466 T0000: [D1-V3] config interface shutdown Ethernet112
2024-01-05 00:28:40,814 T0000: [D1-V3] config interface shutdown Ethernet116
2024-01-05 00:28:42,124 T0000: [D1-V3] config interface shutdown Ethernet120
2024-01-05 00:28:43,430 T0000: [D1-V3] config interface shutdown Ethernet124
2024-01-05 00:28:50,870 T0000: [D1-V3] show version
2024-01-05 00:28:53,111 T0000: [D1-V3] cat /var/run/redis/sonic-db/database_config.json
2024-01-05 00:28:53,909 T0000: [D1-V3] /sbin/ifconfig eth0
2024-01-05 00:28:54,636 T0000: [D1-V3] ls /etc/sonic/bcmsim.cfg
2024-01-05 00:28:55,365 T0000: [D1-V3] no router bgp
2024-01-05 00:28:57,211 T0000: [D1-V3] config feature state sflow enabled
2024-01-05 00:28:59,561 T0000: [D1-V3] config feature state nat enabled
2024-01-05 00:29:05,231 T0000: [D1-V3] config save /tmp/config-db-V3-post-session-prolog-session.json -y
2024-01-05 00:29:07,042 T0000: [D1-V3] chmod 777 /tmp/config-db-V3-post-session-prolog-session.json
2024-01-05 00:29:08,571 T0000: [D1-V3] /sbin/ip link set dev eth0 up
2024-01-05 00:29:09,281 T0000: [D1-V3] /sbin/ip route list dev eth0
2024-01-05 00:29:17,873 T0000: [D1-V3] sudo vtysh -c 'show running-config' > /tmp/vtysh-runcfg-V3-post-session-prolog-session.txt
2024-01-05 00:29:18,780 T0000: [D1-V3] chmod 777 /tmp/vtysh-runcfg-V3-post-session-prolog-session.txt
2024-01-05 00:29:20,309 T0000: [D1-V3] /sbin/ip link set dev eth0 up
2024-01-05 00:29:21,018 T0000: [D1-V3] /sbin/ip route list dev eth0
2024-01-05 00:29:29,929 T0000: 
================== Framework Module Hook: batch/test_spytest_infra_1.py ==================
2024-01-05 00:29:29,950 T0012: [D1-V3] sudo show interfaces status Ethernet124
2024-01-05 00:29:32,457 T0013: [D1-V3] sudo show interfaces status
2024-01-05 00:29:34,292 T0000: 
================== Framework Module Hook Finish: batch/test_spytest_infra_1.py ==================
2024-01-05 00:29:34,294 T0000: 
================== Framework Function Hook: batch/test_spytest_infra_1.py::test_spytest_infra_first ==================
2024-01-05 00:29:38,592 T0014: [D1-V3] sudo show interfaces status
2024-01-05 00:29:40,513 T0000: [D1-V3] sudo show interfaces status Ethernet124
2024-01-05 00:29:43,409 T0000: 
================== Framework Function Hook Finish: batch/test_spytest_infra_1.py::test_spytest_infra_first ==================
2024-01-05 00:29:43,413 T0000: 
================== Test Execution: batch/test_spytest_infra_1.py::test_spytest_infra_first ==================
2024-01-05 00:29:43,432 T0000: 
================== Framework Function Hook Finalize: batch/test_spytest_infra_1.py::test_spytest_infra_first ==================
2024-01-05 00:29:43,565 T0000: 
================== Framework Function Hook: batch/test_spytest_infra_1.py::test_spytest_infra_second ==================
2024-01-05 00:29:43,580 T0015: [D1-V3] sudo show interfaces status
2024-01-05 00:29:45,385 T0000: [D1-V3] sudo show interfaces status Ethernet124
2024-01-05 00:29:48,335 T0000: 
================== Framework Function Hook Finish: batch/test_spytest_infra_1.py::test_spytest_infra_second ==================
2024-01-05 00:29:48,336 T0000: 
================== Test Execution: batch/test_spytest_infra_1.py::test_spytest_infra_second ==================
2024-01-05 00:29:48,355 T0000: 
================== Framework Function Hook Finalize: batch/test_spytest_infra_1.py::test_spytest_infra_second ==================
2024-01-05 00:29:48,369 T0000: [D1-V3] sudo show interfaces status Ethernet124
2024-01-05 00:29:51,002 T0000: 
================== Framework Module Hook Finalize: batch/test_spytest_infra_1.py Pass: 2/2 ==================
2024-01-05 00:29:51,003 T0000: 
================== Devices used: batch/test_spytest_infra_1.py 1 ['V3'] ==================
2024-01-05 00:29:51,417 T0000: 
================== Framework Module Hook: routing/test_l3_performance.py ==================
2024-01-05 00:29:51,454 T0016: [D1-V3] sudo show interfaces status Ethernet124
2024-01-05 00:29:53,902 T0017: [D1-V3] sudo show interfaces status
2024-01-05 00:29:55,747 T0000: [D1-V3] config save /tmp/config-db-V3-pre-module-prolog-routing-test_l3_performance.py.json -y
2024-01-05 00:29:57,459 T0000: [D1-V3] chmod 777 /tmp/config-db-V3-pre-module-prolog-routing-test_l3_performance.py.json
2024-01-05 00:29:58,988 T0000: [D1-V3] /sbin/ip link set dev eth0 up
2024-01-05 00:29:59,697 T0000: [D1-V3] /sbin/ip route list dev eth0
2024-01-05 00:30:08,205 T0000: [D1-V3] sudo vtysh -c 'show running-config' > /tmp/vtysh-runcfg-V3-pre-module-prolog-routing-test_l3_performance.py.txt
2024-01-05 00:30:09,056 T0000: [D1-V3] chmod 777 /tmp/vtysh-runcfg-V3-pre-module-prolog-routing-test_l3_performance.py.txt
2024-01-05 00:30:10,585 T0000: [D1-V3] /sbin/ip link set dev eth0 up
2024-01-05 00:30:11,292 T0000: [D1-V3] /sbin/ip route list dev eth0
2024-01-05 00:30:19,788 T0000: 
================== Framework Module Hook Finish: routing/test_l3_performance.py ==================
2024-01-05 00:30:19,788 T0000: 
================== Module Hook: routing/test_l3_performance.py l3_performance_enhancements_module_hooks ==================
2024-01-05 00:30:19,793 T0000: [D1-V3] show platform summary
2024-01-05 00:30:21,120 T0000: [D1-V3] sysctl -w net.ipv6.conf.all.disable_ipv6=0
2024-01-05 00:30:21,820 T0000: [D1-V3] sysctl -w net.ipv6.conf.default.disable_ipv6=0
2024-01-05 00:30:22,524 T0000: [D1-V3] sysctl -w net.ipv6.conf.lo.disable_ipv6=0
2024-01-05 00:30:23,235 T0000: [D1-V3] config interface ip add Ethernet0 10.10.10.1/24
2024-01-05 00:30:24,547 T0000: [D1-V3] config interface ip add Ethernet0 2000::1/64
2024-01-05 00:30:25,860 T0000: [D1-V3] config interface ip add Ethernet4 20.20.20.1/24
2024-01-05 00:30:27,171 T0000: [D1-V3] config interface ip add Ethernet4 3000::1/64
2024-01-05 00:30:28,483 T0000: [D1-V3]  router bgp 100
 no bgp ebgp-requires-policy
2024-01-05 00:30:31,069 T0000: [D1-V3] timers bgp 60 180

2024-01-05 00:30:31,773 T0000: [D1-V3]  router bgp 100
 no bgp ebgp-requires-policy
2024-01-05 00:30:33,222 T0000: [D1-V3] neighbor 10.10.10.2 remote-as 200
2024-01-05 00:30:33,921 T0000: [D1-V3] neighbor 10.10.10.2 timers 60 180
2024-01-05 00:30:34,621 T0000: [D1-V3] address-family ipv4 unicast
2024-01-05 00:30:35,321 T0000: [D1-V3] neighbor 10.10.10.2 activate
2024-01-05 00:30:36,028 T0000: [D1-V3]  router bgp 100
 no bgp ebgp-requires-policy
2024-01-05 00:30:37,482 T0000: [D1-V3] neighbor 2000::2 remote-as 200
2024-01-05 00:30:38,181 T0000: [D1-V3] neighbor 2000::2 timers 60 180
2024-01-05 00:30:38,877 T0000: [D1-V3] address-family ipv6 unicast
2024-01-05 00:30:39,576 T0000: [D1-V3] neighbor 2000::2 activate
2024-01-05 00:30:40,276 T0000: 
================== Module Hook Finish: routing/test_l3_performance.py l3_performance_enhancements_module_hooks ==================
2024-01-05 00:30:40,278 T0000: 
================== Framework Function Hook: routing/test_l3_performance.py::test_ft_l3_performance_enhancements_v4_route_intstall_withdraw ==================
2024-01-05 00:30:40,286 T0000: [D1-V3] config save /tmp/config-db-V3-post-module-prolog-routing-test_l3_performance.py.json -y
2024-01-05 00:30:43,606 T0000: [D1-V3] chmod 777 /tmp/config-db-V3-post-module-prolog-routing-test_l3_performance.py.json
2024-01-05 00:30:45,129 T0000: [D1-V3] /sbin/ip link set dev eth0 up
2024-01-05 00:30:45,839 T0000: [D1-V3] /sbin/ip route list dev eth0
2024-01-05 00:30:54,440 T0000: [D1-V3] sudo vtysh -c 'show running-config' > /tmp/vtysh-runcfg-V3-post-module-prolog-routing-test_l3_performance.py.txt
2024-01-05 00:30:55,293 T0000: [D1-V3] chmod 777 /tmp/vtysh-runcfg-V3-post-module-prolog-routing-test_l3_performance.py.txt
2024-01-05 00:30:56,824 T0000: [D1-V3] /sbin/ip link set dev eth0 up
2024-01-05 00:30:57,529 T0000: [D1-V3] /sbin/ip route list dev eth0
2024-01-05 00:31:10,326 T0034: [D1-V3] sudo show interfaces status
2024-01-05 00:31:12,181 T0000: [D1-V3] sudo show interfaces status Ethernet124
2024-01-05 00:31:15,196 T0000: 
================== Framework Function Hook Finish: routing/test_l3_performance.py::test_ft_l3_performance_enhancements_v4_route_intstall_withdraw ==================
2024-01-05 00:31:15,198 T0000: 
================== Function Hook: routing/test_l3_performance.py l3_performance_enhancements_func_hooks ==================
2024-01-05 00:31:15,201 T0000: 
================== Function Hook Finish: routing/test_l3_performance.py l3_performance_enhancements_func_hooks ==================
2024-01-05 00:31:15,201 T0000: 
================== Function Hook: routing/test_l3_performance.py fixture_v4 ==================
2024-01-05 00:32:27,026 T0000: [D1-V3] show bgp ipv4 summary
2024-01-05 00:32:28,670 T0000: 
================== Function Hook Finish: routing/test_l3_performance.py fixture_v4 ==================
2024-01-05 00:32:28,671 T0000: 
================== Test Execution: routing/test_l3_performance.py::test_ft_l3_performance_enhancements_v4_route_intstall_withdraw ==================
2024-01-05 00:32:30,741 T0000: [D1-V3] show bgp ipv4 summary
2024-01-05 00:32:58,748 T0000: [D1-V3] show ip route
2024-01-05 00:33:02,768 T0000: [D1-V3] show ip route
2024-01-05 00:33:06,586 T0000: [D1-V3] show bgp ipv4 summary
2024-01-05 00:33:11,837 T0000: 
================== Function Hook Finalize: routing/test_l3_performance.py fixture_v4 ==================
2024-01-05 00:33:11,838 T0000: 
================== Function Hook Finalize: routing/test_l3_performance.py l3_performance_enhancements_func_hooks ==================
2024-01-05 00:33:11,874 T0000: 
================== Framework Function Hook Finalize: routing/test_l3_performance.py::test_ft_l3_performance_enhancements_v4_route_intstall_withdraw ==================
2024-01-05 00:33:11,876 T0000: 
================== Framework Function Hook: routing/test_l3_performance.py::test_cli_validation_ip_address ==================
2024-01-05 00:33:11,885 T0035: [D1-V3] sudo show interfaces status
2024-01-05 00:33:14,351 T0000: [D1-V3] sudo show interfaces status Ethernet124
2024-01-05 00:33:17,355 T0000: 
================== Framework Function Hook Finish: routing/test_l3_performance.py::test_cli_validation_ip_address ==================
2024-01-05 00:33:17,356 T0000: 
================== Function Hook: routing/test_l3_performance.py l3_performance_enhancements_func_hooks ==================
2024-01-05 00:33:17,359 T0000: 
================== Function Hook Finish: routing/test_l3_performance.py l3_performance_enhancements_func_hooks ==================
2024-01-05 00:33:17,360 T0000: 
================== Test Execution: routing/test_l3_performance.py::test_cli_validation_ip_address ==================
2024-01-05 00:33:17,368 T0000: [D1-V3] ['config vlan add 101', 'config vlan add 102', 'config vlan add 103', 'config vlan add 104', 'config vlan add 105', 'config vlan add 106', 'config vlan add 107', 'config vlan add 108', 'config vlan add 109', 'config vlan add 110', 'config vlan add 111', 'config vlan add 112', 'config vlan add 113', 'config vlan add 114', 'config vlan add 115', 'config vlan add 116', 'config vlan add 117', 'config vlan add 118', 'config vlan add 119', 'config vlan add 120', 'config vlan add 121']
2024-01-05 00:33:34,318 T0000: [D1-V3] ['config interface ip add Vlan101 192.168.101.1/31']
2024-01-05 00:33:35,622 T0000: [D1-V3] ['config interface ip add Vlan102 192.168.102.1/31']
2024-01-05 00:33:36,975 T0000: [D1-V3] ['config interface ip add Vlan103 192.168.103.1/31']
2024-01-05 00:33:38,327 T0000: [D1-V3] ['config interface ip add Vlan104 192.168.104.1/31']
2024-01-05 00:33:39,682 T0000: [D1-V3] ['config interface ip add Vlan105 192.168.105.1/31']
2024-01-05 00:33:41,037 T0000: [D1-V3] ['config interface ip add Vlan106 192.168.106.1/31']
2024-01-05 00:33:42,392 T0000: [D1-V3] ['config interface ip add Vlan107 192.168.107.1/31']
2024-01-05 00:33:43,797 T0000: [D1-V3] ['config interface ip add Vlan108 192.168.108.1/31']
2024-01-05 00:33:45,153 T0000: [D1-V3] ['config interface ip add Vlan109 192.168.109.1/31']
2024-01-05 00:33:46,560 T0000: [D1-V3] ['config interface ip add Vlan110 192.168.110.1/31']
2024-01-05 00:33:47,917 T0000: [D1-V3] ['config interface ip add Vlan111 192.168.111.1/31']
2024-01-05 00:33:49,273 T0000: [D1-V3] ['config interface ip add Vlan112 192.168.112.1/31']
2024-01-05 00:33:50,626 T0000: [D1-V3] ['config interface ip add Vlan113 192.168.113.1/31']
2024-01-05 00:33:51,929 T0000: [D1-V3] ['config interface ip add Vlan114 192.168.114.1/31']
2024-01-05 00:33:53,285 T0000: [D1-V3] ['config interface ip add Vlan115 192.168.115.1/31']
2024-01-05 00:33:54,641 T0000: [D1-V3] ['config interface ip add Vlan116 192.168.116.1/31']
2024-01-05 00:33:55,943 T0000: [D1-V3] ['config interface ip add Vlan117 192.168.117.1/31']
2024-01-05 00:33:57,297 T0000: [D1-V3] ['config interface ip add Vlan118 192.168.118.1/31']
2024-01-05 00:33:58,598 T0000: [D1-V3] ['config interface ip add Vlan119 192.168.119.1/31']
2024-01-05 00:33:59,901 T0000: [D1-V3] ['config interface ip add Vlan120 192.168.120.1/31']
2024-01-05 00:34:01,206 T0000: [D1-V3] ['config interface ip remove Vlan101 192.168.101.1/31']
2024-01-05 00:34:03,017 T0000: [D1-V3] ['config interface ip remove Vlan102 192.168.102.1/31']
2024-01-05 00:34:04,828 T0000: [D1-V3] ['config interface ip remove Vlan103 192.168.103.1/31']
2024-01-05 00:34:06,734 T0000: [D1-V3] ['config interface ip remove Vlan104 192.168.104.1/31']
2024-01-05 00:34:08,541 T0000: [D1-V3] ['config interface ip remove Vlan105 192.168.105.1/31']
2024-01-05 00:34:10,358 T0000: [D1-V3] ['config interface ip remove Vlan106 192.168.106.1/31']
2024-01-05 00:34:12,121 T0000: [D1-V3] ['config interface ip remove Vlan107 192.168.107.1/31']
2024-01-05 00:34:13,829 T0000: [D1-V3] ['config interface ip remove Vlan108 192.168.108.1/31']
2024-01-05 00:34:15,588 T0000: [D1-V3] ['config interface ip remove Vlan109 192.168.109.1/31']
2024-01-05 00:34:17,342 T0000: [D1-V3] ['config interface ip remove Vlan110 192.168.110.1/31']
2024-01-05 00:34:19,200 T0000: [D1-V3] ['config interface ip remove Vlan111 192.168.111.1/31']
2024-01-05 00:34:21,005 T0000: [D1-V3] ['config interface ip remove Vlan112 192.168.112.1/31']
2024-01-05 00:34:22,707 T0000: [D1-V3] ['config interface ip remove Vlan113 192.168.113.1/31']
2024-01-05 00:34:24,424 T0000: [D1-V3] ['config interface ip remove Vlan114 192.168.114.1/31']
2024-01-05 00:34:26,133 T0000: [D1-V3] ['config interface ip remove Vlan115 192.168.115.1/31']
2024-01-05 00:34:27,888 T0000: [D1-V3] ['config interface ip remove Vlan116 192.168.116.1/31']
2024-01-05 00:34:29,601 T0000: [D1-V3] ['config interface ip remove Vlan117 192.168.117.1/31']
2024-01-05 00:34:31,309 T0000: [D1-V3] ['config interface ip remove Vlan118 192.168.118.1/31']
2024-01-05 00:34:33,010 T0000: [D1-V3] ['config interface ip remove Vlan119 192.168.119.1/31']
2024-01-05 00:34:34,722 T0000: [D1-V3] ['config interface ip remove Vlan120 192.168.120.1/31']
2024-01-05 00:34:36,495 T0000: 
================== Function Hook Finalize: routing/test_l3_performance.py l3_performance_enhancements_func_hooks ==================
2024-01-05 00:34:36,514 T0000: 
================== Framework Function Hook Finalize: routing/test_l3_performance.py::test_cli_validation_ip_address ==================
2024-01-05 00:34:36,515 T0000: 
================== Framework Function Hook: routing/test_l3_performance.py::test_cli_validation_bgp_router_config ==================
2024-01-05 00:34:36,526 T0036: [D1-V3] sudo show interfaces status
2024-01-05 00:34:38,485 T0000: [D1-V3] sudo show interfaces status Ethernet124
2024-01-05 00:34:41,490 T0000: 
================== Framework Function Hook Finish: routing/test_l3_performance.py::test_cli_validation_bgp_router_config ==================
2024-01-05 00:34:41,490 T0000: 
================== Function Hook: routing/test_l3_performance.py l3_performance_enhancements_func_hooks ==================
2024-01-05 00:34:41,493 T0000: 
================== Function Hook Finish: routing/test_l3_performance.py l3_performance_enhancements_func_hooks ==================
2024-01-05 00:34:41,493 T0000: 
================== Test Execution: routing/test_l3_performance.py::test_cli_validation_bgp_router_config ==================
2024-01-05 00:34:41,494 T0000: [D1-V3] router bgp 100
2024-01-05 00:34:43,329 T0000: [D1-V3] neighbor 192.168.101.2 remote-as 300
2024-01-05 00:34:44,026 T0000: [D1-V3] neighbor 192.168.102.2 remote-as 300
2024-01-05 00:34:44,729 T0000: [D1-V3] neighbor 192.168.103.2 remote-as 300
2024-01-05 00:34:45,429 T0000: [D1-V3] neighbor 192.168.104.2 remote-as 300
2024-01-05 00:34:46,129 T0000: [D1-V3] neighbor 192.168.105.2 remote-as 300
2024-01-05 00:34:46,829 T0000: [D1-V3] neighbor 192.168.106.2 remote-as 300
2024-01-05 00:34:47,528 T0000: [D1-V3] neighbor 192.168.107.2 remote-as 300
2024-01-05 00:34:48,229 T0000: [D1-V3] neighbor 192.168.108.2 remote-as 300
2024-01-05 00:34:48,928 T0000: [D1-V3] neighbor 192.168.109.2 remote-as 300
2024-01-05 00:34:49,629 T0000: [D1-V3] neighbor 192.168.110.2 remote-as 300
2024-01-05 00:34:50,329 T0000: [D1-V3] neighbor 192.168.111.2 remote-as 300
2024-01-05 00:34:51,027 T0000: [D1-V3] neighbor 192.168.112.2 remote-as 300
2024-01-05 00:34:51,729 T0000: [D1-V3] neighbor 192.168.113.2 remote-as 300
2024-01-05 00:34:52,432 T0000: [D1-V3] neighbor 192.168.114.2 remote-as 300
2024-01-05 00:34:53,132 T0000: [D1-V3] neighbor 192.168.115.2 remote-as 300
2024-01-05 00:34:53,828 T0000: [D1-V3] neighbor 192.168.116.2 remote-as 300
2024-01-05 00:34:54,532 T0000: [D1-V3] neighbor 192.168.117.2 remote-as 300
2024-01-05 00:34:55,236 T0000: [D1-V3] neighbor 192.168.118.2 remote-as 300
2024-01-05 00:34:55,939 T0000: [D1-V3] neighbor 192.168.119.2 remote-as 300
2024-01-05 00:34:56,637 T0000: [D1-V3] neighbor 192.168.120.2 remote-as 300
2024-01-05 00:34:57,337 T0000: [D1-V3] exit
2024-01-05 00:34:58,036 T0000: [D1-V3] no router bgp
2024-01-05 00:34:58,739 T0000: 
================== Function Hook Finalize: routing/test_l3_performance.py l3_performance_enhancements_func_hooks ==================
2024-01-05 00:34:58,756 T0000: 
================== Framework Function Hook Finalize: routing/test_l3_performance.py::test_cli_validation_bgp_router_config ==================
2024-01-05 00:34:58,764 T0000: [D1-V3] config save /tmp/config-db-V3-pre-module-epilog-routing-test_l3_performance.py.json -y
2024-01-05 00:35:01,458 T0000: [D1-V3] chmod 777 /tmp/config-db-V3-pre-module-epilog-routing-test_l3_performance.py.json
2024-01-05 00:35:02,985 T0000: [D1-V3] /sbin/ip link set dev eth0 up
2024-01-05 00:35:03,697 T0000: [D1-V3] /sbin/ip route list dev eth0
2024-01-05 00:35:12,263 T0000: [D1-V3] sudo vtysh -c 'show running-config' > /tmp/vtysh-runcfg-V3-pre-module-epilog-routing-test_l3_performance.py.txt
2024-01-05 00:35:13,165 T0000: [D1-V3] chmod 777 /tmp/vtysh-runcfg-V3-pre-module-epilog-routing-test_l3_performance.py.txt
2024-01-05 00:35:14,691 T0000: [D1-V3] /sbin/ip link set dev eth0 up
2024-01-05 00:35:15,399 T0000: [D1-V3] /sbin/ip route list dev eth0
2024-01-05 00:35:23,992 T0000: [D1-V3] config interface ip remove Ethernet0 10.10.10.1/24
2024-01-05 00:35:25,358 T0000: [D1-V3] config interface ip remove Ethernet0 2000::1/64
2024-01-05 00:35:27,076 T0000: [D1-V3] config interface ip remove Ethernet4 20.20.20.1/24
2024-01-05 00:35:28,387 T0000: [D1-V3] config interface ip remove Ethernet4 3000::1/64
2024-01-05 00:35:30,144 T0000: [D1-V3]  router bgp 100
 no bgp ebgp-requires-policy
2024-01-05 00:35:32,838 T0000: [D1-V3] no neighbor 10.10.10.2 remote-as 200
2024-01-05 00:35:33,542 T0000: [D1-V3]  router bgp 100
 no bgp ebgp-requires-policy
2024-01-05 00:35:34,990 T0000: [D1-V3] no neighbor 2000::2 remote-as 200
2024-01-05 00:35:35,688 T0000: [D1-V3] no router bgp
2024-01-05 00:35:36,389 T0000: 
================== Module Hook Finalize: routing/test_l3_performance.py l3_performance_enhancements_module_hooks ==================
2024-01-05 00:35:36,396 T0000: [D1-V3] config save /tmp/config-db-V3-post-module-epilog-routing-test_l3_performance.py.json -y
2024-01-05 00:35:39,198 T0000: [D1-V3] chmod 777 /tmp/config-db-V3-post-module-epilog-routing-test_l3_performance.py.json
2024-01-05 00:35:40,724 T0000: [D1-V3] /sbin/ip link set dev eth0 up
2024-01-05 00:35:41,434 T0000: [D1-V3] /sbin/ip route list dev eth0
2024-01-05 00:35:49,977 T0000: [D1-V3] sudo vtysh -c 'show running-config' > /tmp/vtysh-runcfg-V3-post-module-epilog-routing-test_l3_performance.py.txt
2024-01-05 00:35:50,881 T0000: [D1-V3] chmod 777 /tmp/vtysh-runcfg-V3-post-module-epilog-routing-test_l3_performance.py.txt
2024-01-05 00:35:52,408 T0000: [D1-V3] /sbin/ip link set dev eth0 up
2024-01-05 00:35:53,116 T0000: [D1-V3] /sbin/ip route list dev eth0
2024-01-05 00:36:01,722 T0000: [D1-V3] sudo show interfaces status Ethernet124
2024-01-05 00:36:04,351 T0000: 
================== Framework Module Hook Finalize: routing/test_l3_performance.py Pass: 2/3 ==================
2024-01-05 00:36:04,351 T0000: 
================== Devices used: routing/test_l3_performance.py 1 ['V3'] ==================
2024-01-05 00:36:04,900 T0000: 
================== Framework Module Hook: batch/test_spytest_infra_1.py ==================
2024-01-05 00:36:04,913 T0053: [D1-V3] no router bgp
2024-01-05 00:36:06,663 T0053: [D1-V3] config feature state sflow enabled
2024-01-05 00:36:08,899 T0053: [D1-V3] config feature state nat enabled
2024-01-05 00:37:03,700 T0053: [D1-V3] /sbin/ip link set dev eth0 up
2024-01-05 00:37:04,368 T0053: [D1-V3] /sbin/ip route list dev eth0
2024-01-05 00:37:05,043 T0053: [D1-V3] sudo show interfaces status Ethernet124
2024-01-05 00:37:07,701 T0054: [D1-V3] sudo show interfaces status
2024-01-05 00:37:14,640 T0055: [D1-V3] sudo show interfaces status
2024-01-05 00:37:21,639 T0056: [D1-V3] sudo show interfaces status
2024-01-05 00:37:28,629 T0057: [D1-V3] sudo show interfaces status
2024-01-05 00:37:30,464 T0000: 
================== Framework Module Hook Finish: batch/test_spytest_infra_1.py ==================
2024-01-05 00:37:30,466 T0000: 
================== Framework Function Hook: batch/test_spytest_infra_1.py::test_spytest_infra_last ==================
2024-01-05 00:37:34,761 T0058: [D1-V3] sudo show interfaces status
2024-01-05 00:37:36,624 T0000: [D1-V3] sudo show interfaces status Ethernet124
2024-01-05 00:37:39,517 T0000: 
================== Framework Function Hook Finish: batch/test_spytest_infra_1.py::test_spytest_infra_last ==================
2024-01-05 00:37:39,519 T0000: 
================== Test Execution: batch/test_spytest_infra_1.py::test_spytest_infra_last ==================
2024-01-05 00:37:39,538 T0000: 
================== Framework Function Hook Finalize: batch/test_spytest_infra_1.py::test_spytest_infra_last ==================
2024-01-05 00:37:39,552 T0000: [D1-V3] sudo show interfaces status Ethernet124
2024-01-05 00:37:42,115 T0000: 
================== Framework Module Hook Finalize: batch/test_spytest_infra_1.py Pass: 1/1 ==================
2024-01-05 00:37:42,115 T0000: 
================== Devices used: batch/test_spytest_infra_1.py 1 ['V3'] ==================
2024-01-05 00:37:42,532 T0000: 
================== Framework Module Hook: routing/test_ndp.py ==================
2024-01-05 00:37:42,543 T0059: [D1-V3] no router bgp
2024-01-05 00:37:44,347 T0059: [D1-V3] config feature state sflow enabled
2024-01-05 00:37:46,542 T0059: [D1-V3] config feature state nat enabled
2024-01-05 00:39:41,457 T0059: [D1-V3] /sbin/ip link set dev eth0 up
2024-01-05 00:39:42,126 T0059: [D1-V3] /sbin/ip route list dev eth0
2024-01-05 00:39:42,806 T0059: [D1-V3] sudo show interfaces status Ethernet124
2024-01-05 00:39:45,464 T0060: [D1-V3] sudo show interfaces status
2024-01-05 00:39:52,456 T0061: [D1-V3] sudo show interfaces status
2024-01-05 00:39:59,700 T0062: [D1-V3] sudo show interfaces status
2024-01-05 00:40:06,746 T0063: [D1-V3] sudo show interfaces status
2024-01-05 00:40:08,593 T0000: [D1-V3] config save /tmp/config-db-V3-pre-module-prolog-routing-test_ndp.py.json -y
2024-01-05 00:40:10,355 T0000: [D1-V3] chmod 777 /tmp/config-db-V3-pre-module-prolog-routing-test_ndp.py.json
2024-01-05 00:40:11,887 T0000: [D1-V3] /sbin/ip link set dev eth0 up
2024-01-05 00:40:12,598 T0000: [D1-V3] /sbin/ip route list dev eth0
2024-01-05 00:40:21,112 T0000: [D1-V3] sudo vtysh -c 'show running-config' > /tmp/vtysh-runcfg-V3-pre-module-prolog-routing-test_ndp.py.txt
2024-01-05 00:40:21,970 T0000: [D1-V3] chmod 777 /tmp/vtysh-runcfg-V3-pre-module-prolog-routing-test_ndp.py.txt
2024-01-05 00:40:23,495 T0000: [D1-V3] /sbin/ip link set dev eth0 up
2024-01-05 00:40:24,208 T0000: [D1-V3] /sbin/ip route list dev eth0
2024-01-05 00:40:32,721 T0000: 
================== Framework Module Hook Finish: routing/test_ndp.py ==================
2024-01-05 00:40:32,722 T0000: 
================== Module Hook: routing/test_ndp.py ndp_module_hooks ==================
2024-01-05 00:40:32,732 T0000: [D1-V3] config interface ip add Ethernet0 2001::1/64
2024-01-05 00:40:34,089 T0000: [D1-V3] ['config vlan add 64']
2024-01-05 00:40:35,604 T0000: [D1-V3] config vlan member add 64 Ethernet4
2024-01-05 00:40:36,982 T0000: [D1-V3] config interface ip add Vlan64 3001::1/64
2024-01-05 00:41:42,236 T0000: 
================== Module Hook Finish: routing/test_ndp.py ndp_module_hooks ==================
2024-01-05 00:41:42,239 T0000: 
================== Framework Function Hook: routing/test_ndp.py::test_ft_ipv6_neighbor_entry ==================
2024-01-05 00:41:42,251 T0000: [D1-V3] config save /tmp/config-db-V3-post-module-prolog-routing-test_ndp.py.json -y
2024-01-05 00:41:43,967 T0000: [D1-V3] chmod 777 /tmp/config-db-V3-post-module-prolog-routing-test_ndp.py.json
2024-01-05 00:41:45,492 T0000: [D1-V3] /sbin/ip link set dev eth0 up
2024-01-05 00:41:46,197 T0000: [D1-V3] /sbin/ip route list dev eth0
2024-01-05 00:41:54,730 T0000: [D1-V3] sudo vtysh -c 'show running-config' > /tmp/vtysh-runcfg-V3-post-module-prolog-routing-test_ndp.py.txt
2024-01-05 00:41:55,637 T0000: [D1-V3] chmod 777 /tmp/vtysh-runcfg-V3-post-module-prolog-routing-test_ndp.py.txt
2024-01-05 00:41:57,160 T0000: [D1-V3] /sbin/ip link set dev eth0 up
2024-01-05 00:41:57,880 T0000: [D1-V3] /sbin/ip route list dev eth0
2024-01-05 00:42:10,698 T0080: [D1-V3] sudo show interfaces status
2024-01-05 00:42:12,707 T0000: [D1-V3] sudo show interfaces status Ethernet124
2024-01-05 00:42:15,723 T0000: 
================== Framework Function Hook Finish: routing/test_ndp.py::test_ft_ipv6_neighbor_entry ==================
2024-01-05 00:42:15,724 T0000: 
================== Function Hook: routing/test_ndp.py ndp_func_hooks ==================
2024-01-05 00:42:15,727 T0000: 
================== Function Hook Finish: routing/test_ndp.py ndp_func_hooks ==================
2024-01-05 00:42:15,728 T0000: 
================== Test Execution: routing/test_ndp.py::test_ft_ipv6_neighbor_entry ==================
2024-01-05 00:42:15,729 T0000: [D1-V3] show ndp
2024-01-05 00:42:17,636 T0000: [D1-V3] show ndp | grep 'Total number of entries'
2024-01-05 00:42:19,417 T0000: [D1-V3] sonic-clear ndp
2024-01-05 00:42:23,688 T0000: [D1-V3] show ndp | grep 'Total number of entries'
2024-01-05 00:42:25,425 T0000: [D1-V3] ip -6 neighbor replace 2001::500 lladdr 00:0c:01:01:23:01 dev Ethernet0
2024-01-05 00:42:26,120 T0000: [D1-V3] show ndp | grep 'Total number of entries'
2024-01-05 00:42:27,851 T0000: [D1-V3] ip -6 neighbor del 2001::500 lladdr 00:0c:01:01:23:01 dev Ethernet0
2024-01-05 00:42:28,555 T0000: 
================== Function Hook Finalize: routing/test_ndp.py ndp_func_hooks ==================
2024-01-05 00:42:28,572 T0000: 
================== Framework Function Hook Finalize: routing/test_ndp.py::test_ft_ipv6_neighbor_entry ==================
2024-01-05 00:42:28,580 T0000: [D1-V3] config save /tmp/config-db-V3-pre-module-epilog-routing-test_ndp.py.json -y
2024-01-05 00:42:30,572 T0000: [D1-V3] chmod 777 /tmp/config-db-V3-pre-module-epilog-routing-test_ndp.py.json
2024-01-05 00:42:32,097 T0000: [D1-V3] /sbin/ip link set dev eth0 up
2024-01-05 00:42:32,810 T0000: [D1-V3] /sbin/ip route list dev eth0
2024-01-05 00:42:41,326 T0000: [D1-V3] sudo vtysh -c 'show running-config' > /tmp/vtysh-runcfg-V3-pre-module-epilog-routing-test_ndp.py.txt
2024-01-05 00:42:42,234 T0000: [D1-V3] chmod 777 /tmp/vtysh-runcfg-V3-pre-module-epilog-routing-test_ndp.py.txt
2024-01-05 00:42:43,763 T0000: [D1-V3] /sbin/ip link set dev eth0 up
2024-01-05 00:42:44,474 T0000: [D1-V3] /sbin/ip route list dev eth0
2024-01-05 00:42:52,255 T0000: [D1-V3] show ipv6 interface
2024-01-05 00:42:54,310 T0000: [D1-V3] config interface ip remove Ethernet0 2001::1/64
2024-01-05 00:42:56,103 T0000: [D1-V3] config interface ip remove Vlan64 3001::1/64
2024-01-05 00:42:57,917 T0000: [D1-V3] show vlan config
2024-01-05 00:42:59,291 T0000: [D1-V3] []
2024-01-05 00:42:59,292 T0000: 
================== Module Hook Finalize: routing/test_ndp.py ndp_module_hooks ==================
2024-01-05 00:42:59,302 T0000: [D1-V3] config save /tmp/config-db-V3-post-module-epilog-routing-test_ndp.py.json -y
2024-01-05 00:43:01,072 T0000: [D1-V3] chmod 777 /tmp/config-db-V3-post-module-epilog-routing-test_ndp.py.json
2024-01-05 00:43:02,598 T0000: [D1-V3] /sbin/ip link set dev eth0 up
2024-01-05 00:43:03,305 T0000: [D1-V3] /sbin/ip route list dev eth0
2024-01-05 00:43:11,809 T0000: [D1-V3] sudo vtysh -c 'show running-config' > /tmp/vtysh-runcfg-V3-post-module-epilog-routing-test_ndp.py.txt
2024-01-05 00:43:12,720 T0000: [D1-V3] chmod 777 /tmp/vtysh-runcfg-V3-post-module-epilog-routing-test_ndp.py.txt
2024-01-05 00:43:14,245 T0000: [D1-V3] /sbin/ip link set dev eth0 up
2024-01-05 00:43:14,957 T0000: [D1-V3] /sbin/ip route list dev eth0
2024-01-05 00:43:23,495 T0000: [D1-V3] sudo show interfaces status Ethernet124
2024-01-05 00:43:26,133 T0000: 
================== Framework Module Hook Finalize: routing/test_ndp.py Pass: 1/1 ==================
2024-01-05 00:43:26,133 T0000: 
================== Devices used: routing/test_ndp.py 1 ['V3'] ==================
2024-01-05 00:43:26,640 T0000: 
================== Framework Module Hook: batch/test_spytest_infra_1.py ==================
2024-01-05 00:43:26,656 T0097: [D1-V3] no router bgp
2024-01-05 00:43:28,468 T0097: [D1-V3] config feature state sflow enabled
2024-01-05 00:43:30,716 T0097: [D1-V3] config feature state nat enabled
2024-01-05 00:44:24,284 T0097: [D1-V3] /sbin/ip link set dev eth0 up
2024-01-05 00:44:24,952 T0097: [D1-V3] /sbin/ip route list dev eth0
2024-01-05 00:44:25,626 T0097: [D1-V3] sudo show interfaces status Ethernet124
2024-01-05 00:44:28,182 T0098: [D1-V3] sudo show interfaces status
2024-01-05 00:44:35,018 T0099: [D1-V3] sudo show interfaces status
2024-01-05 00:44:42,086 T0100: [D1-V3] sudo show interfaces status
2024-01-05 00:44:49,121 T0101: [D1-V3] sudo show interfaces status
2024-01-05 00:44:51,112 T0000: 
================== Framework Module Hook Finish: batch/test_spytest_infra_1.py ==================
2024-01-05 00:44:51,114 T0000: 
================== Framework Function Hook: batch/test_spytest_infra_1.py::test_spytest_infra_last ==================
2024-01-05 00:44:55,409 T0102: [D1-V3] sudo show interfaces status
2024-01-05 00:44:57,353 T0000: [D1-V3] sudo show interfaces status Ethernet124
2024-01-05 00:45:00,404 T0000: 
================== Framework Function Hook Finish: batch/test_spytest_infra_1.py::test_spytest_infra_last ==================
2024-01-05 00:45:00,405 T0000: 
================== Test Execution: batch/test_spytest_infra_1.py::test_spytest_infra_last ==================
2024-01-05 00:45:00,420 T0000: 
================== Framework Function Hook Finalize: batch/test_spytest_infra_1.py::test_spytest_infra_last ==================
2024-01-05 00:45:00,434 T0000: [D1-V3] sudo show interfaces status Ethernet124
2024-01-05 00:45:03,147 T0000: 
================== Framework Module Hook Finalize: batch/test_spytest_infra_1.py Pass: 1/1 ==================
2024-01-05 00:45:03,147 T0000: 
================== Devices used: batch/test_spytest_infra_1.py 1 ['V3'] ==================
2024-01-05 00:45:03,346 T0000: [D1-V3] ['stty cols 80']
