2024-01-05 00:26:14.343783 = START
2024-01-05 00:26:15.452858 = device connections start
2024-01-05 00:26:48.818788 = device connections finish
2024-01-05 00:26:48.822004 = session init start
2024-01-05 00:29:05.138810 = report file generation start
2024-01-05 00:29:05.223207 = report file generation end
2024-01-05 00:29:29.516710 = session init end
2024-01-05 00:29:29.518631 = Framework Module Hook Start
2024-01-05 00:29:29.930089 = module test_spytest_infra_1.py init start
2024-01-05 00:29:34.291912 = module test_spytest_infra_1.py init end
2024-01-05 00:29:34.292676 = Framework Module Hook end
2024-01-05 00:29:34.293513 = Framework Function Hook Start
2024-01-05 00:29:38.584229 = function batch/test_spytest_infra_1.py::test_spytest_infra_first init start
2024-01-05 00:29:43.408952 = function batch/test_spytest_infra_1.py::test_spytest_infra_first init end
2024-01-05 00:29:43.409977 = Framework Function Hook end
2024-01-05 00:29:43.413255 = Module Config Time (2024-01-05 00:29:29.518701 - 2024-01-05 00:29:34.294315) Published
2024-01-05 00:29:43.416463 = function batch/test_spytest_infra_1.py::test_spytest_infra_first clean start
2024-01-05 00:29:43.426873 = Test Time (2024-01-05 00:29:38.584319 - 2024-01-05 00:29:43.426867) Published
2024-01-05 00:29:43.432297 = function batch/test_spytest_infra_1.py::test_spytest_infra_first clean end
2024-01-05 00:29:43.432550 = Framework Function Hook Finalize
2024-01-05 00:29:43.565127 = Framework Function Hook Start
2024-01-05 00:29:43.565791 = function batch/test_spytest_infra_1.py::test_spytest_infra_second init start
2024-01-05 00:29:48.334237 = function batch/test_spytest_infra_1.py::test_spytest_infra_second init end
2024-01-05 00:29:48.335195 = Framework Function Hook end
2024-01-05 00:29:48.338484 = function batch/test_spytest_infra_1.py::test_spytest_infra_second clean start
2024-01-05 00:29:48.350038 = Test Time (2024-01-05 00:29:43.565890 - 2024-01-05 00:29:48.350030) Published
2024-01-05 00:29:48.354998 = function batch/test_spytest_infra_1.py::test_spytest_infra_second clean end
2024-01-05 00:29:48.355294 = Framework Function Hook Finalize
2024-01-05 00:29:48.355445 = module test_spytest_infra_1.py clean start
2024-01-05 00:29:50.915119 = report file generation start
2024-01-05 00:29:50.997143 = report file generation end
2024-01-05 00:29:51.002317 = module test_spytest_infra_1.py clean end
2024-01-05 00:29:51.002963 = Framework Module Hook Finalize
2024-01-05 00:29:51.005898 = Framework Module Hook Start
2024-01-05 00:29:51.417575 = module test_l3_performance.py init start
2024-01-05 00:30:19.788065 = module test_l3_performance.py init end
2024-01-05 00:30:19.788453 = Framework Module Hook end
2024-01-05 00:30:19.788782 = User Module routing/test_l3_performance.py Hook Start
2024-01-05 00:30:40.277013 = User Module routing/test_l3_performance.py Hook end
2024-01-05 00:30:40.277980 = Framework Function Hook Start
2024-01-05 00:31:10.316644 = function routing/test_l3_performance.py::test_ft_l3_performance_enhancements_v4_route_intstall_withdraw init start
2024-01-05 00:31:15.195462 = function routing/test_l3_performance.py::test_ft_l3_performance_enhancements_v4_route_intstall_withdraw init end
2024-01-05 00:31:15.196571 = Framework Function Hook end
2024-01-05 00:31:15.197986 = User Function routing/test_l3_performance.py::test_ft_l3_performance_enhancements_v4_route_intstall_withdraw Hook Start
2024-01-05 00:31:15.201304 = User Function routing/test_l3_performance.py::test_ft_l3_performance_enhancements_v4_route_intstall_withdraw Hook end
2024-01-05 00:31:15.201467 = User Function routing/test_l3_performance.py::test_ft_l3_performance_enhancements_v4_route_intstall_withdraw Hook Start
2024-01-05 00:32:28.670438 = User Function routing/test_l3_performance.py::test_ft_l3_performance_enhancements_v4_route_intstall_withdraw Hook end
2024-01-05 00:32:28.671636 = Module Config Time (2024-01-05 00:29:51.005971 - 2024-01-05 00:30:40.278083) Published
2024-01-05 00:33:11.838032 = User Function routing/test_l3_performance.py::test_ft_l3_performance_enhancements_v4_route_intstall_withdraw Hook Finalize
2024-01-05 00:33:11.838764 = User Function routing/test_l3_performance.py::test_ft_l3_performance_enhancements_v4_route_intstall_withdraw Hook Finalize
2024-01-05 00:33:11.839081 = function routing/test_l3_performance.py::test_ft_l3_performance_enhancements_v4_route_intstall_withdraw clean start
2024-01-05 00:33:11.869257 = Test Time (2024-01-05 00:31:10.316744 - 2024-01-05 00:33:11.869248) Published
2024-01-05 00:33:11.874409 = function routing/test_l3_performance.py::test_ft_l3_performance_enhancements_v4_route_intstall_withdraw clean end
2024-01-05 00:33:11.874705 = Framework Function Hook Finalize
2024-01-05 00:33:11.875855 = Framework Function Hook Start
2024-01-05 00:33:11.876439 = function routing/test_l3_performance.py::test_cli_validation_ip_address init start
2024-01-05 00:33:17.354883 = function routing/test_l3_performance.py::test_cli_validation_ip_address init end
2024-01-05 00:33:17.355720 = Framework Function Hook end
2024-01-05 00:33:17.356402 = User Function routing/test_l3_performance.py::test_cli_validation_ip_address Hook Start
2024-01-05 00:33:17.359726 = User Function routing/test_l3_performance.py::test_cli_validation_ip_address Hook end
2024-01-05 00:34:36.495645 = User Function routing/test_l3_performance.py::test_cli_validation_ip_address Hook Finalize
2024-01-05 00:34:36.495841 = function routing/test_l3_performance.py::test_cli_validation_ip_address clean start
2024-01-05 00:34:36.508638 = Test Time (2024-01-05 00:33:11.876502 - 2024-01-05 00:34:36.508629) Published
2024-01-05 00:34:36.513873 = function routing/test_l3_performance.py::test_cli_validation_ip_address clean end
2024-01-05 00:34:36.514244 = Framework Function Hook Finalize
2024-01-05 00:34:36.515421 = Framework Function Hook Start
2024-01-05 00:34:36.515829 = function routing/test_l3_performance.py::test_cli_validation_bgp_router_config init start
2024-01-05 00:34:41.489840 = function routing/test_l3_performance.py::test_cli_validation_bgp_router_config init end
2024-01-05 00:34:41.490222 = Framework Function Hook end
2024-01-05 00:34:41.490531 = User Function routing/test_l3_performance.py::test_cli_validation_bgp_router_config Hook Start
2024-01-05 00:34:41.493145 = User Function routing/test_l3_performance.py::test_cli_validation_bgp_router_config Hook end
2024-01-05 00:34:58.739511 = User Function routing/test_l3_performance.py::test_cli_validation_bgp_router_config Hook Finalize
2024-01-05 00:34:58.739650 = function routing/test_l3_performance.py::test_cli_validation_bgp_router_config clean start
2024-01-05 00:34:58.751660 = Test Time (2024-01-05 00:34:36.515893 - 2024-01-05 00:34:58.751651) Published
2024-01-05 00:34:58.756618 = function routing/test_l3_performance.py::test_cli_validation_bgp_router_config clean end
2024-01-05 00:34:58.756910 = Framework Function Hook Finalize
2024-01-05 00:35:36.389363 = User Module routing/test_l3_performance.py Hook Finalize
2024-01-05 00:35:36.389560 = module test_l3_performance.py clean start
2024-01-05 00:36:04.210444 = report file generation start
2024-01-05 00:36:04.343566 = report file generation end
2024-01-05 00:36:04.349707 = module test_l3_performance.py clean end
2024-01-05 00:36:04.351178 = Framework Module Hook Finalize
2024-01-05 00:36:04.483172 = Framework Module Hook Start
2024-01-05 00:36:04.900701 = module test_spytest_infra_1.py init start
2024-01-05 00:37:30.463676 = module test_spytest_infra_1.py init end
2024-01-05 00:37:30.464436 = Framework Module Hook end
2024-01-05 00:37:30.465247 = Framework Function Hook Start
2024-01-05 00:37:34.752605 = function batch/test_spytest_infra_1.py::test_spytest_infra_last init start
2024-01-05 00:37:39.516039 = function batch/test_spytest_infra_1.py::test_spytest_infra_last init end
2024-01-05 00:37:39.517108 = Framework Function Hook end
2024-01-05 00:37:39.518592 = Module Config Time (2024-01-05 00:36:04.483268 - 2024-01-05 00:37:30.465473) Published
2024-01-05 00:37:39.522372 = function batch/test_spytest_infra_1.py::test_spytest_infra_last clean start
2024-01-05 00:37:39.532880 = Test Time (2024-01-05 00:37:34.752693 - 2024-01-05 00:37:39.532873) Published
2024-01-05 00:37:39.537912 = function batch/test_spytest_infra_1.py::test_spytest_infra_last clean end
2024-01-05 00:37:39.538199 = Framework Function Hook Finalize
2024-01-05 00:37:39.538349 = module test_spytest_infra_1.py clean start
2024-01-05 00:37:42.030903 = report file generation start
2024-01-05 00:37:42.110162 = report file generation end
2024-01-05 00:37:42.115161 = module test_spytest_infra_1.py clean end
2024-01-05 00:37:42.115478 = Framework Module Hook Finalize
2024-01-05 00:37:42.117529 = Framework Module Hook Start
2024-01-05 00:37:42.532526 = module test_ndp.py init start
2024-01-05 00:40:32.721106 = module test_ndp.py init end
2024-01-05 00:40:32.721636 = Framework Module Hook end
2024-01-05 00:40:32.722157 = User Module routing/test_ndp.py Hook Start
2024-01-05 00:41:42.236300 = User Module routing/test_ndp.py Hook end
2024-01-05 00:41:42.237106 = Framework Function Hook Start
2024-01-05 00:42:10.688826 = function routing/test_ndp.py::test_ft_ipv6_neighbor_entry init start
2024-01-05 00:42:15.722846 = function routing/test_ndp.py::test_ft_ipv6_neighbor_entry init end
2024-01-05 00:42:15.723414 = Framework Function Hook end
2024-01-05 00:42:15.724085 = User Function routing/test_ndp.py::test_ft_ipv6_neighbor_entry Hook Start
2024-01-05 00:42:15.727139 = User Function routing/test_ndp.py::test_ft_ipv6_neighbor_entry Hook end
2024-01-05 00:42:15.728553 = Module Config Time (2024-01-05 00:37:42.117621 - 2024-01-05 00:41:42.237361) Published
2024-01-05 00:42:28.555300 = User Function routing/test_ndp.py::test_ft_ipv6_neighbor_entry Hook Finalize
2024-01-05 00:42:28.555517 = function routing/test_ndp.py::test_ft_ipv6_neighbor_entry clean start
2024-01-05 00:42:28.567372 = Test Time (2024-01-05 00:42:10.688920 - 2024-01-05 00:42:28.567364) Published
2024-01-05 00:42:28.572652 = function routing/test_ndp.py::test_ft_ipv6_neighbor_entry clean end
2024-01-05 00:42:28.572918 = Framework Function Hook Finalize
2024-01-05 00:42:59.292916 = User Module routing/test_ndp.py Hook Finalize
2024-01-05 00:42:59.293195 = module test_ndp.py clean start
2024-01-05 00:43:26.037852 = report file generation start
2024-01-05 00:43:26.126087 = report file generation end
2024-01-05 00:43:26.132294 = module test_ndp.py clean end
2024-01-05 00:43:26.133349 = Framework Module Hook Finalize
2024-01-05 00:43:26.220858 = Framework Module Hook Start
2024-01-05 00:43:26.641345 = module test_spytest_infra_1.py init start
2024-01-05 00:44:51.111878 = module test_spytest_infra_1.py init end
2024-01-05 00:44:51.112645 = Framework Module Hook end
2024-01-05 00:44:51.113506 = Framework Function Hook Start
2024-01-05 00:44:55.400350 = function batch/test_spytest_infra_1.py::test_spytest_infra_last init start
2024-01-05 00:45:00.404312 = function batch/test_spytest_infra_1.py::test_spytest_infra_last init end
2024-01-05 00:45:00.404816 = Framework Function Hook end
2024-01-05 00:45:00.405475 = Module Config Time (2024-01-05 00:43:26.221021 - 2024-01-05 00:44:51.113734) Published
2024-01-05 00:45:00.406448 = function batch/test_spytest_infra_1.py::test_spytest_infra_last clean start
2024-01-05 00:45:00.414334 = Test Time (2024-01-05 00:44:55.400446 - 2024-01-05 00:45:00.414327) Published
2024-01-05 00:45:00.419767 = function batch/test_spytest_infra_1.py::test_spytest_infra_last clean end
2024-01-05 00:45:00.420089 = Framework Function Hook Finalize
2024-01-05 00:45:00.420256 = module test_spytest_infra_1.py clean start
2024-01-05 00:45:03.038733 = report file generation start
2024-01-05 00:45:03.141059 = report file generation end
2024-01-05 00:45:03.146959 = module test_spytest_infra_1.py clean end
2024-01-05 00:45:03.147435 = Framework Module Hook Finalize
2024-01-05 00:45:03.147947 = session clean start
2024-01-05 00:45:03.155806 = report file generation start
2024-01-05 00:45:03.346275 = report file generation end
2024-01-05 00:45:04.048018 = session clean end
