2023-12-27 03:15:02.579953 = START
2023-12-27 03:15:03.672632 = device connections start
2023-12-27 03:15:36.821447 = device connections finish
2023-12-27 03:15:36.826066 = session init start
2023-12-27 03:17:45.633824 = report file generation start
2023-12-27 03:17:45.717307 = report file generation end
2023-12-27 03:18:09.328661 = session init end
2023-12-27 03:18:09.330528 = Framework Module Hook Start
2023-12-27 03:18:09.742765 = module test_spytest_infra_1.py init start
2023-12-27 03:18:13.553494 = module test_spytest_infra_1.py init end
2023-12-27 03:18:13.554304 = Framework Module Hook end
2023-12-27 03:18:13.555232 = Framework Function Hook Start
2023-12-27 03:18:16.647237 = function batch/test_spytest_infra_1.py::test_spytest_infra_first init start
2023-12-27 03:18:21.002103 = function batch/test_spytest_infra_1.py::test_spytest_infra_first init end
2023-12-27 03:18:21.003208 = Framework Function Hook end
2023-12-27 03:18:21.006404 = Module Config Time (2023-12-27 03:18:09.330601 - 2023-12-27 03:18:13.556045) Published
2023-12-27 03:18:21.009469 = function batch/test_spytest_infra_1.py::test_spytest_infra_first clean start
2023-12-27 03:18:21.020649 = Test Time (2023-12-27 03:18:16.647343 - 2023-12-27 03:18:21.020642) Published
2023-12-27 03:18:21.026164 = function batch/test_spytest_infra_1.py::test_spytest_infra_first clean end
2023-12-27 03:18:21.026461 = Framework Function Hook Finalize
2023-12-27 03:18:21.151040 = Framework Function Hook Start
2023-12-27 03:18:21.152202 = function batch/test_spytest_infra_1.py::test_spytest_infra_second init start
2023-12-27 03:18:25.514962 = function batch/test_spytest_infra_1.py::test_spytest_infra_second init end
2023-12-27 03:18:25.515901 = Framework Function Hook end
2023-12-27 03:18:25.519662 = function batch/test_spytest_infra_1.py::test_spytest_infra_second clean start
2023-12-27 03:18:25.531026 = Test Time (2023-12-27 03:18:21.152386 - 2023-12-27 03:18:25.531019) Published
2023-12-27 03:18:25.535906 = function batch/test_spytest_infra_1.py::test_spytest_infra_second clean end
2023-12-27 03:18:25.536187 = Framework Function Hook Finalize
2023-12-27 03:18:25.536345 = module test_spytest_infra_1.py clean start
2023-12-27 03:18:27.832612 = report file generation start
2023-12-27 03:18:27.916877 = report file generation end
2023-12-27 03:18:27.921649 = module test_spytest_infra_1.py clean end
2023-12-27 03:18:27.921993 = Framework Module Hook Finalize
2023-12-27 03:18:27.924521 = Framework Module Hook Start
2023-12-27 03:18:28.347528 = module test_ntp.py init start
2023-12-27 03:18:55.742719 = module test_ntp.py init end
2023-12-27 03:18:55.743189 = Framework Module Hook end
2023-12-27 03:18:55.743668 = User Module system/test_ntp.py Hook Start
2023-12-27 03:18:55.744614 = User Module system/test_ntp.py Hook end
2023-12-27 03:18:55.744854 = Framework Function Hook Start
2023-12-27 03:19:22.333835 = function system/test_ntp.py::test_ft_ntp_disable_enable_with_message_log init start
2023-12-27 03:19:26.663586 = function system/test_ntp.py::test_ft_ntp_disable_enable_with_message_log init end
2023-12-27 03:19:26.664082 = Framework Function Hook end
2023-12-27 03:19:26.664771 = User Function system/test_ntp.py::test_ft_ntp_disable_enable_with_message_log Hook Start
2023-12-27 03:19:26.667234 = User Function system/test_ntp.py::test_ft_ntp_disable_enable_with_message_log Hook end
2023-12-27 03:19:26.668354 = Module Config Time (2023-12-27 03:18:27.924581 - 2023-12-27 03:18:55.744930) Published
2023-12-27 03:24:32.859341 = User Function system/test_ntp.py::test_ft_ntp_disable_enable_with_message_log Hook Finalize
2023-12-27 03:24:32.859607 = function system/test_ntp.py::test_ft_ntp_disable_enable_with_message_log clean start
2023-12-27 03:24:32.874944 = Test Time (2023-12-27 03:19:22.333936 - 2023-12-27 03:24:32.874935) Published
2023-12-27 03:24:32.880555 = function system/test_ntp.py::test_ft_ntp_disable_enable_with_message_log clean end
2023-12-27 03:24:32.880867 = Framework Function Hook Finalize
2023-12-27 03:24:32.882350 = Framework Function Hook Start
2023-12-27 03:24:32.882854 = function system/test_ntp.py::test_ntp_exists_config init start
2023-12-27 03:24:37.313326 = function system/test_ntp.py::test_ntp_exists_config init end
2023-12-27 03:24:37.314263 = Framework Function Hook end
2023-12-27 03:24:37.314922 = User Function system/test_ntp.py::test_ntp_exists_config Hook Start
2023-12-27 03:24:37.317618 = User Function system/test_ntp.py::test_ntp_exists_config Hook end
2023-12-27 03:24:43.218656 = User Function system/test_ntp.py::test_ntp_exists_config Hook Finalize
2023-12-27 03:24:43.218818 = function system/test_ntp.py::test_ntp_exists_config clean start
2023-12-27 03:24:43.231246 = Test Time (2023-12-27 03:24:32.882932 - 2023-12-27 03:24:43.231237) Published
2023-12-27 03:24:43.236333 = function system/test_ntp.py::test_ntp_exists_config clean end
2023-12-27 03:24:43.236643 = Framework Function Hook Finalize
2023-12-27 03:25:06.838200 = User Module system/test_ntp.py Hook Finalize
2023-12-27 03:25:06.838393 = module test_ntp.py clean start
2023-12-27 03:25:32.694270 = report file generation start
2023-12-27 03:25:32.775107 = report file generation end
2023-12-27 03:25:32.780282 = module test_ntp.py clean end
2023-12-27 03:25:32.780892 = Framework Module Hook Finalize
2023-12-27 03:25:32.866412 = Framework Module Hook Start
2023-12-27 03:25:33.280791 = module test_spytest_infra_1.py init start
2023-12-27 03:26:35.459304 = module test_spytest_infra_1.py init end
2023-12-27 03:26:35.460063 = Framework Module Hook end
2023-12-27 03:26:35.460902 = Framework Function Hook Start
2023-12-27 03:26:38.544714 = function batch/test_spytest_infra_1.py::test_spytest_infra_last init start
2023-12-27 03:26:42.943916 = function batch/test_spytest_infra_1.py::test_spytest_infra_last init end
2023-12-27 03:26:42.944887 = Framework Function Hook end
2023-12-27 03:26:42.946332 = Module Config Time (2023-12-27 03:25:32.866517 - 2023-12-27 03:26:35.461129) Published
2023-12-27 03:26:42.948942 = function batch/test_spytest_infra_1.py::test_spytest_infra_last clean start
2023-12-27 03:26:42.959809 = Test Time (2023-12-27 03:26:38.544801 - 2023-12-27 03:26:42.959802) Published
2023-12-27 03:26:42.964797 = function batch/test_spytest_infra_1.py::test_spytest_infra_last clean end
2023-12-27 03:26:42.965079 = Framework Function Hook Finalize
2023-12-27 03:26:42.965221 = module test_spytest_infra_1.py clean start
2023-12-27 03:26:45.365112 = report file generation start
2023-12-27 03:26:45.442025 = report file generation end
2023-12-27 03:26:45.446746 = module test_spytest_infra_1.py clean end
2023-12-27 03:26:45.447048 = Framework Module Hook Finalize
2023-12-27 03:26:45.447397 = session clean start
2023-12-27 03:26:45.456344 = report file generation start
2023-12-27 03:26:45.537820 = report file generation end
2023-12-27 03:26:46.239208 = session clean end
