2024-01-08 02:53:18,969 T0005: [D1-V3] ['export TMOUT=0', 'stty cols 5000', 'uptime']
2024-01-08 02:53:18,975 T0006: [D2-V4] ['export TMOUT=0', 'stty cols 5000', 'uptime']
2024-01-08 02:53:19,648 T0005: [D1-V3] cat /proc/uptime
2024-01-08 02:53:19,655 T0006: [D2-V4] cat /proc/uptime
2024-01-08 02:53:20,316 T0005: [D1-V3] sudo vtysh -c 'show running-config | include hostname'
2024-01-08 02:53:20,325 T0006: [D2-V4] sudo vtysh -c 'show running-config | include hostname'
2024-01-08 02:53:23,010 T0005: [D1-V3] /sbin/ip link set dev eth0 up
2024-01-08 02:53:23,010 T0006: [D2-V4] /sbin/ip link set dev eth0 up
2024-01-08 02:53:23,690 T0005: [D1-V3] /sbin/ip route list dev eth0
2024-01-08 02:53:23,697 T0006: [D2-V4] /sbin/ip route list dev eth0
2024-01-08 02:53:39,592 T0006: [D2-V4] /sbin/ip link set dev eth0 up
2024-01-08 02:53:39,595 T0005: [D1-V3] /sbin/ip link set dev eth0 up
2024-01-08 02:53:40,269 T0006: [D2-V4] /sbin/ip route list dev eth0
2024-01-08 02:53:40,323 T0005: [D1-V3] /sbin/ip route list dev eth0
2024-01-08 02:53:40,946 T0006: [D2-V4] ['export TMOUT=0', 'stty cols 5000', 'uptime']
2024-01-08 02:53:41,001 T0005: [D1-V3] ['export TMOUT=0', 'stty cols 5000', 'uptime']
2024-01-08 02:53:43,093 T0006: [D2-V4] /sbin/ip link set dev eth0 up
2024-01-08 02:53:43,147 T0005: [D1-V3] /sbin/ip link set dev eth0 up
2024-01-08 02:53:43,762 T0006: [D2-V4] /sbin/ip route list dev eth0
2024-01-08 02:53:43,816 T0005: [D1-V3] /sbin/ip route list dev eth0
2024-01-08 02:53:45,107 T0006: [D2-V4] show version
2024-01-08 02:53:45,163 T0005: [D1-V3] show version
2024-01-08 02:53:47,142 T0006: [D2-V4] /sbin/ip link set dev eth0 up
2024-01-08 02:53:47,192 T0005: [D1-V3] /sbin/ip link set dev eth0 up
2024-01-08 02:53:47,810 T0006: [D2-V4] /sbin/ip route list dev eth0
2024-01-08 02:53:47,860 T0005: [D1-V3] /sbin/ip route list dev eth0
2024-01-08 02:53:49,959 T0006: [D2-V4] /sbin/ip link set dev eth0 up
2024-01-08 02:53:50,013 T0005: [D1-V3] /sbin/ip link set dev eth0 up
2024-01-08 02:53:50,627 T0006: [D2-V4] /sbin/ip route list dev eth0
2024-01-08 02:53:50,681 T0005: [D1-V3] /sbin/ip route list dev eth0
2024-01-08 02:57:07,331 T0017: [D1-V3] sudo show interfaces status
2024-01-08 02:57:07,337 T0018: [D2-V4] sudo show interfaces status
2024-01-08 02:57:09,028 T0018: [D2-V4] config interface startup Ethernet48
2024-01-08 02:57:09,132 T0017: [D1-V3] config interface startup Ethernet0
2024-01-08 02:57:10,148 T0018: [D2-V4] config interface startup Ethernet52
2024-01-08 02:57:10,255 T0017: [D1-V3] config interface startup Ethernet4
2024-01-08 02:57:11,269 T0018: [D2-V4] config interface startup Ethernet56
2024-01-08 02:57:11,376 T0017: [D1-V3] config interface startup Ethernet8
2024-01-08 02:57:12,394 T0018: [D2-V4] config interface startup Ethernet60
2024-01-08 02:57:12,448 T0017: [D1-V3] config interface startup Ethernet12
2024-01-08 02:57:13,467 T0018: [D2-V4] config interface startup Ethernet64
2024-01-08 02:57:13,568 T0017: [D1-V3] config interface startup Ethernet48
2024-01-08 02:57:14,539 T0018: [D2-V4] config interface startup Ethernet68
2024-01-08 02:57:14,640 T0017: [D1-V3] config interface startup Ethernet52
2024-01-08 02:57:15,611 T0018: [D2-V4] config interface startup Ethernet0
2024-01-08 02:57:15,712 T0017: [D1-V3] config interface startup Ethernet56
2024-01-08 02:57:16,632 T0018: [D2-V4] config interface startup Ethernet4
2024-01-08 02:57:16,784 T0017: [D1-V3] config interface startup Ethernet60
2024-01-08 02:57:17,653 T0018: [D2-V4] config interface startup Ethernet8
2024-01-08 02:57:17,856 T0017: [D1-V3] config interface startup Ethernet64
2024-01-08 02:57:18,675 T0018: [D2-V4] config interface startup Ethernet12
2024-01-08 02:57:18,927 T0017: [D1-V3] config interface startup Ethernet68
2024-01-08 02:57:19,700 T0018: [D2-V4] config interface shutdown Ethernet16
2024-01-08 02:57:20,002 T0017: [D1-V3] config interface shutdown Ethernet16
2024-01-08 02:57:20,722 T0018: [D2-V4] config interface shutdown Ethernet20
2024-01-08 02:57:21,074 T0017: [D1-V3] config interface shutdown Ethernet20
2024-01-08 02:57:21,792 T0018: [D2-V4] config interface shutdown Ethernet24
2024-01-08 02:57:22,143 T0017: [D1-V3] config interface shutdown Ethernet24
2024-01-08 02:57:22,863 T0018: [D2-V4] config interface shutdown Ethernet28
2024-01-08 02:57:23,211 T0017: [D1-V3] config interface shutdown Ethernet28
2024-01-08 02:57:23,880 T0018: [D2-V4] config interface shutdown Ethernet32
2024-01-08 02:57:24,279 T0017: [D1-V3] config interface shutdown Ethernet32
2024-01-08 02:57:24,949 T0018: [D2-V4] config interface shutdown Ethernet36
2024-01-08 02:57:25,345 T0017: [D1-V3] config interface shutdown Ethernet36
2024-01-08 02:57:26,020 T0018: [D2-V4] config interface shutdown Ethernet40
2024-01-08 02:57:26,411 T0017: [D1-V3] config interface shutdown Ethernet40
2024-01-08 02:57:27,036 T0018: [D2-V4] config interface shutdown Ethernet44
2024-01-08 02:57:27,477 T0017: [D1-V3] config interface shutdown Ethernet44
2024-01-08 02:57:28,106 T0018: [D2-V4] config interface shutdown Ethernet72
2024-01-08 02:57:28,543 T0017: [D1-V3] config interface shutdown Ethernet72
2024-01-08 02:57:29,127 T0018: [D2-V4] config interface shutdown Ethernet76
2024-01-08 02:57:29,614 T0017: [D1-V3] config interface shutdown Ethernet76
2024-01-08 02:57:30,197 T0018: [D2-V4] config interface shutdown Ethernet80
2024-01-08 02:57:30,682 T0017: [D1-V3] config interface shutdown Ethernet80
2024-01-08 02:57:31,266 T0018: [D2-V4] config interface shutdown Ethernet84
2024-01-08 02:57:31,746 T0017: [D1-V3] config interface shutdown Ethernet84
2024-01-08 02:57:32,285 T0018: [D2-V4] config interface shutdown Ethernet88
2024-01-08 02:57:32,812 T0017: [D1-V3] config interface shutdown Ethernet88
2024-01-08 02:57:33,304 T0018: [D2-V4] config interface shutdown Ethernet92
2024-01-08 02:57:33,825 T0017: [D1-V3] config interface shutdown Ethernet92
2024-01-08 02:57:34,325 T0018: [D2-V4] config interface shutdown Ethernet96
2024-01-08 02:57:34,892 T0017: [D1-V3] config interface shutdown Ethernet96
2024-01-08 02:57:35,395 T0018: [D2-V4] config interface shutdown Ethernet100
2024-01-08 02:57:35,959 T0017: [D1-V3] config interface shutdown Ethernet100
2024-01-08 02:57:36,412 T0018: [D2-V4] config interface shutdown Ethernet104
2024-01-08 02:57:36,979 T0017: [D1-V3] config interface shutdown Ethernet104
2024-01-08 02:57:37,429 T0018: [D2-V4] config interface shutdown Ethernet108
2024-01-08 02:57:38,049 T0017: [D1-V3] config interface shutdown Ethernet108
2024-01-08 02:57:38,448 T0018: [D2-V4] config interface shutdown Ethernet112
2024-01-08 02:57:39,119 T0017: [D1-V3] config interface shutdown Ethernet112
2024-01-08 02:57:39,518 T0018: [D2-V4] config interface shutdown Ethernet116
2024-01-08 02:57:40,189 T0017: [D1-V3] config interface shutdown Ethernet116
2024-01-08 02:57:40,538 T0018: [D2-V4] config interface shutdown Ethernet120
2024-01-08 02:57:41,209 T0017: [D1-V3] config interface shutdown Ethernet120
2024-01-08 02:57:41,558 T0018: [D2-V4] config interface shutdown Ethernet124
2024-01-08 02:57:42,279 T0017: [D1-V3] config interface shutdown Ethernet124
2024-01-08 02:57:49,403 T0019: [D1-V3] show version
2024-01-08 02:57:49,408 T0020: [D2-V4] show version
2024-01-08 02:57:51,398 T0020: [D2-V4] cat /var/run/redis/sonic-db/database_config.json
2024-01-08 02:57:52,250 T0019: [D1-V3] cat /var/run/redis/sonic-db/database_config.json
2024-01-08 02:57:52,543 T0020: [D2-V4] /sbin/ifconfig eth0
2024-01-08 02:57:52,946 T0019: [D1-V3] /sbin/ifconfig eth0
2024-01-08 02:57:53,222 T0020: [D2-V4] ls /etc/sonic/bcmsim.cfg
2024-01-08 02:57:53,619 T0019: [D1-V3] ls /etc/sonic/bcmsim.cfg
2024-01-08 02:57:54,294 T0021: [D1-V3] no router bgp
2024-01-08 02:57:54,298 T0022: [D2-V4] no router bgp
2024-01-08 02:57:56,120 T0021: [D1-V3] config feature state sflow enabled
2024-01-08 02:57:56,128 T0022: [D2-V4] config feature state sflow enabled
2024-01-08 02:57:58,116 T0021: [D1-V3] config feature state nat enabled
2024-01-08 02:57:58,125 T0022: [D2-V4] config feature state nat enabled
2024-01-08 02:58:02,334 T0025: [D1-V3] config save /tmp/config-db-V3-post-session-prolog-session.json -y
2024-01-08 02:58:02,339 T0026: [D2-V4] config save /tmp/config-db-V4-post-session-prolog-session.json -y
2024-01-08 02:58:03,565 T0026: [D2-V4] chmod 777 /tmp/config-db-V4-post-session-prolog-session.json
2024-01-08 02:58:03,617 T0025: [D1-V3] chmod 777 /tmp/config-db-V3-post-session-prolog-session.json
2024-01-08 02:58:05,043 T0026: [D2-V4] /sbin/ip link set dev eth0 up
2024-01-08 02:58:05,095 T0025: [D1-V3] /sbin/ip link set dev eth0 up
2024-01-08 02:58:05,713 T0026: [D2-V4] /sbin/ip route list dev eth0
2024-01-08 02:58:05,764 T0025: [D1-V3] /sbin/ip route list dev eth0
2024-01-08 02:58:14,057 T0026: [D2-V4] sudo vtysh -c 'show running-config' > /tmp/vtysh-runcfg-V4-post-session-prolog-session.txt
2024-01-08 02:58:14,112 T0025: [D1-V3] sudo vtysh -c 'show running-config' > /tmp/vtysh-runcfg-V3-post-session-prolog-session.txt
2024-01-08 02:58:14,927 T0026: [D2-V4] chmod 777 /tmp/vtysh-runcfg-V4-post-session-prolog-session.txt
2024-01-08 02:58:14,979 T0025: [D1-V3] chmod 777 /tmp/vtysh-runcfg-V3-post-session-prolog-session.txt
2024-01-08 02:58:16,408 T0026: [D2-V4] /sbin/ip link set dev eth0 up
2024-01-08 02:58:16,454 T0025: [D1-V3] /sbin/ip link set dev eth0 up
2024-01-08 02:58:17,078 T0026: [D2-V4] /sbin/ip route list dev eth0
2024-01-08 02:58:17,123 T0025: [D1-V3] /sbin/ip route list dev eth0
2024-01-08 02:58:26,322 T0000: 
================== Framework Module Hook: batch/test_spytest_infra_1.py ==================
2024-01-08 02:58:26,353 T0050: [D2-V4] sudo show interfaces status Ethernet124
2024-01-08 02:58:26,357 T0049: [D1-V3] sudo show interfaces status Ethernet124
2024-01-08 02:58:28,625 T0052: [D1-V3] sudo show interfaces status
2024-01-08 02:58:28,627 T0053: [D2-V4] sudo show interfaces status
2024-01-08 02:58:30,325 T0000: 
================== Framework Module Hook Finish: batch/test_spytest_infra_1.py ==================
2024-01-08 02:58:30,326 T0000: 
================== Framework Function Hook: batch/test_spytest_infra_1.py::test_spytest_infra_first ==================
2024-01-08 02:58:33,408 T0057: [D1-V3] sudo show interfaces status
2024-01-08 02:58:33,411 T0058: [D2-V4] sudo show interfaces status
2024-01-08 02:58:35,066 T0059: [D1-V3] sudo show interfaces status Ethernet124
2024-01-08 02:58:35,072 T0060: [D2-V4] sudo show interfaces status Ethernet124
2024-01-08 02:58:38,315 T0000: 
================== Framework Function Hook Finish: batch/test_spytest_infra_1.py::test_spytest_infra_first ==================
2024-01-08 02:58:38,319 T0000: 
================== Test Execution: batch/test_spytest_infra_1.py::test_spytest_infra_first ==================
2024-01-08 02:58:38,342 T0000: 
================== Framework Function Hook Finalize: batch/test_spytest_infra_1.py::test_spytest_infra_first ==================
2024-01-08 02:58:38,505 T0000: 
================== Framework Function Hook: batch/test_spytest_infra_1.py::test_spytest_infra_second ==================
2024-01-08 02:58:38,528 T0062: [D1-V3] sudo show interfaces status
2024-01-08 02:58:38,531 T0063: [D2-V4] sudo show interfaces status
2024-01-08 02:58:40,262 T0064: [D1-V3] sudo show interfaces status Ethernet124
2024-01-08 02:58:40,270 T0065: [D2-V4] sudo show interfaces status Ethernet124
2024-01-08 02:58:43,466 T0000: 
================== Framework Function Hook Finish: batch/test_spytest_infra_1.py::test_spytest_infra_second ==================
2024-01-08 02:58:43,468 T0000: 
================== Test Execution: batch/test_spytest_infra_1.py::test_spytest_infra_second ==================
2024-01-08 02:58:43,492 T0000: 
================== Framework Function Hook Finalize: batch/test_spytest_infra_1.py::test_spytest_infra_second ==================
2024-01-08 02:58:43,498 T0066: [D1-V3] sudo show interfaces status Ethernet124
2024-01-08 02:58:43,505 T0067: [D2-V4] sudo show interfaces status Ethernet124
2024-01-08 02:58:46,006 T0000: 
================== Framework Module Hook Finalize: batch/test_spytest_infra_1.py Pass: 2/2 ==================
2024-01-08 02:58:46,007 T0000: 
================== Devices used: batch/test_spytest_infra_1.py 2 ['V3', 'V4'] ==================
2024-01-08 02:58:46,835 T0000: 
================== Framework Module Hook: switching/test_portchannel.py ==================
2024-01-08 02:58:46,855 T0074: [D1-V3] sudo show interfaces status Ethernet124
2024-01-08 02:58:46,862 T0075: [D2-V4] sudo show interfaces status Ethernet124
2024-01-08 02:58:49,118 T0077: [D1-V3] sudo show interfaces status
2024-01-08 02:58:49,119 T0078: [D2-V4] sudo show interfaces status
2024-01-08 02:58:50,810 T0079: [D1-V3] config save /tmp/config-db-V3-pre-module-prolog-switching-test_portchannel.py.json -y
2024-01-08 02:58:50,813 T0080: [D2-V4] config save /tmp/config-db-V4-pre-module-prolog-switching-test_portchannel.py.json -y
2024-01-08 02:58:52,046 T0080: [D2-V4] chmod 777 /tmp/config-db-V4-pre-module-prolog-switching-test_portchannel.py.json
2024-01-08 02:58:52,098 T0079: [D1-V3] chmod 777 /tmp/config-db-V3-pre-module-prolog-switching-test_portchannel.py.json
2024-01-08 02:58:53,521 T0080: [D2-V4] /sbin/ip link set dev eth0 up
2024-01-08 02:58:53,575 T0079: [D1-V3] /sbin/ip link set dev eth0 up
2024-01-08 02:58:54,191 T0080: [D2-V4] /sbin/ip route list dev eth0
2024-01-08 02:58:54,244 T0079: [D1-V3] /sbin/ip route list dev eth0
2024-01-08 02:59:02,537 T0080: [D2-V4] sudo vtysh -c 'show running-config' > /tmp/vtysh-runcfg-V4-pre-module-prolog-switching-test_portchannel.py.txt
2024-01-08 02:59:02,592 T0079: [D1-V3] sudo vtysh -c 'show running-config' > /tmp/vtysh-runcfg-V3-pre-module-prolog-switching-test_portchannel.py.txt
2024-01-08 02:59:03,407 T0080: [D2-V4] chmod 777 /tmp/vtysh-runcfg-V4-pre-module-prolog-switching-test_portchannel.py.txt
2024-01-08 02:59:03,460 T0079: [D1-V3] chmod 777 /tmp/vtysh-runcfg-V3-pre-module-prolog-switching-test_portchannel.py.txt
2024-01-08 02:59:04,883 T0080: [D2-V4] /sbin/ip link set dev eth0 up
2024-01-08 02:59:04,936 T0079: [D1-V3] /sbin/ip link set dev eth0 up
2024-01-08 02:59:05,552 T0080: [D2-V4] /sbin/ip route list dev eth0
2024-01-08 02:59:05,605 T0079: [D1-V3] /sbin/ip route list dev eth0
2024-01-08 02:59:13,966 T0000: 
================== Framework Module Hook Finish: switching/test_portchannel.py ==================
2024-01-08 02:59:13,967 T0000: 
================== Module Hook: switching/test_portchannel.py portchannel_module_hooks ==================
2024-01-08 02:59:13,978 T0000: [D1-V3] /sbin/ifconfig Ethernet0
2024-01-08 02:59:14,703 T0098: [D1-V3] config portchannel add PortChannel7  
2024-01-08 02:59:14,708 T0099: [D2-V4] config portchannel add PortChannel7  
2024-01-08 02:59:15,736 T0099: [D2-V4] config portchannel member add PortChannel7 Ethernet48
2024-01-08 02:59:15,785 T0098: [D1-V3] config portchannel member add PortChannel7 Ethernet48
2024-01-08 02:59:16,755 T0099: [D2-V4] config portchannel member add PortChannel7 Ethernet52
2024-01-08 02:59:16,854 T0098: [D1-V3] config portchannel member add PortChannel7 Ethernet52
2024-01-08 02:59:17,774 T0099: [D2-V4] config portchannel member add PortChannel7 Ethernet56
2024-01-08 02:59:17,873 T0098: [D1-V3] config portchannel member add PortChannel7 Ethernet56
2024-01-08 02:59:18,844 T0099: [D2-V4] config portchannel member add PortChannel7 Ethernet60
2024-01-08 02:59:18,892 T0098: [D1-V3] config portchannel member add PortChannel7 Ethernet60
2024-01-08 02:59:20,114 T0100: [D1-V3] ['config vlan add 3947']
2024-01-08 02:59:20,116 T0101: [D2-V4] ['config vlan add 3947']
2024-01-08 02:59:21,153 T0102: [D1-V3] config vlan member add 3947 Ethernet0
2024-01-08 02:59:21,156 T0103: [D2-V4] config vlan member add 3947 Ethernet0
2024-01-08 02:59:22,180 T0102: [D1-V3] config vlan member add 3947 PortChannel7
2024-01-08 02:59:22,187 T0103: [D2-V4] config vlan member add 3947 PortChannel7
2024-01-08 02:59:33,863 T0000: 
================== Module Hook Finish: switching/test_portchannel.py portchannel_module_hooks ==================
2024-01-08 02:59:33,866 T0000: 
================== Framework Function Hook: switching/test_portchannel.py::test_ft_portchannel_with_vlan_variations ==================
2024-01-08 02:59:33,874 T0104: [D1-V3] config save /tmp/config-db-V3-post-module-prolog-switching-test_portchannel.py.json -y
2024-01-08 02:59:33,880 T0105: [D2-V4] config save /tmp/config-db-V4-post-module-prolog-switching-test_portchannel.py.json -y
2024-01-08 02:59:35,160 T0104: [D1-V3] chmod 777 /tmp/config-db-V3-post-module-prolog-switching-test_portchannel.py.json
2024-01-08 02:59:35,169 T0105: [D2-V4] chmod 777 /tmp/config-db-V4-post-module-prolog-switching-test_portchannel.py.json
2024-01-08 02:59:36,639 T0104: [D1-V3] /sbin/ip link set dev eth0 up
2024-01-08 02:59:36,643 T0105: [D2-V4] /sbin/ip link set dev eth0 up
2024-01-08 02:59:37,314 T0104: [D1-V3] /sbin/ip route list dev eth0
2024-01-08 02:59:37,323 T0105: [D2-V4] /sbin/ip route list dev eth0
2024-01-08 02:59:45,654 T0105: [D2-V4] sudo vtysh -c 'show running-config' > /tmp/vtysh-runcfg-V4-post-module-prolog-switching-test_portchannel.py.txt
2024-01-08 02:59:46,012 T0104: [D1-V3] sudo vtysh -c 'show running-config' > /tmp/vtysh-runcfg-V3-post-module-prolog-switching-test_portchannel.py.txt
2024-01-08 02:59:46,527 T0105: [D2-V4] chmod 777 /tmp/vtysh-runcfg-V4-post-module-prolog-switching-test_portchannel.py.txt
2024-01-08 02:59:46,935 T0104: [D1-V3] chmod 777 /tmp/vtysh-runcfg-V3-post-module-prolog-switching-test_portchannel.py.txt
2024-01-08 02:59:48,016 T0105: [D2-V4] /sbin/ip link set dev eth0 up
2024-01-08 02:59:48,424 T0104: [D1-V3] /sbin/ip link set dev eth0 up
2024-01-08 02:59:48,695 T0105: [D2-V4] /sbin/ip route list dev eth0
2024-01-08 02:59:49,102 T0104: [D1-V3] /sbin/ip route list dev eth0
2024-01-08 03:00:00,552 T0125: [D1-V3] sudo show interfaces status
2024-01-08 03:00:00,554 T0126: [D2-V4] sudo show interfaces status
2024-01-08 03:00:02,303 T0127: [D1-V3] sudo show interfaces status Ethernet124
2024-01-08 03:00:02,305 T0128: [D2-V4] sudo show interfaces status Ethernet124
2024-01-08 03:00:05,448 T0000: 
================== Framework Function Hook Finish: switching/test_portchannel.py::test_ft_portchannel_with_vlan_variations ==================
2024-01-08 03:00:05,448 T0000: 
================== Function Hook: switching/test_portchannel.py portchannel_func_hooks ==================
2024-01-08 03:00:07,464 T0131: [D1-V3] config portchannel member del PortChannel7 Ethernet56
2024-01-08 03:00:07,472 T0132: [D2-V4] config portchannel member del PortChannel7 Ethernet56
2024-01-08 03:00:08,539 T0131: [D1-V3] config portchannel member del PortChannel7 Ethernet60
2024-01-08 03:00:08,546 T0132: [D2-V4] config portchannel member del PortChannel7 Ethernet60
2024-01-08 03:00:09,630 T0000: 
================== Function Hook Finish: switching/test_portchannel.py portchannel_func_hooks ==================
2024-01-08 03:00:09,631 T0000: 
================== Test Execution: switching/test_portchannel.py::test_ft_portchannel_with_vlan_variations ==================
2024-01-08 03:00:11,645 T0136: [D2-V4] show interfaces portchannel | grep -w PortChannel7
2024-01-08 03:00:11,648 T0135: [D1-V3] show interfaces portchannel | grep -w PortChannel7
2024-01-08 03:00:14,737 T0135: [D1-V3] show interfaces portchannel | grep -w PortChannel7
2024-01-08 03:00:14,784 T0136: [D2-V4] show interfaces portchannel | grep -w PortChannel7
2024-01-08 03:00:17,878 T0136: [D2-V4] show interfaces portchannel | grep -w PortChannel7
2024-01-08 03:00:17,882 T0135: [D1-V3] show interfaces portchannel | grep -w PortChannel7
2024-01-08 03:00:20,968 T0136: [D2-V4] show interfaces portchannel | grep -w PortChannel7
2024-01-08 03:00:21,021 T0135: [D1-V3] show interfaces portchannel | grep -w PortChannel7
2024-01-08 03:00:24,053 T0136: [D2-V4] show interfaces portchannel | grep -w PortChannel7
2024-01-08 03:00:24,156 T0135: [D1-V3] show interfaces portchannel | grep -w PortChannel7
2024-01-08 03:00:27,249 T0136: [D2-V4] show interfaces portchannel | grep -w PortChannel7
2024-01-08 03:00:27,253 T0135: [D1-V3] show interfaces portchannel | grep -w PortChannel7
2024-01-08 03:00:30,350 T0135: [D1-V3] show interfaces portchannel | grep -w PortChannel7
2024-01-08 03:00:30,354 T0136: [D2-V4] show interfaces portchannel | grep -w PortChannel7
2024-01-08 03:00:33,442 T0136: [D2-V4] show interfaces portchannel | grep -w PortChannel7
2024-01-08 03:00:33,494 T0135: [D1-V3] show interfaces portchannel | grep -w PortChannel7
2024-01-08 03:00:36,527 T0136: [D2-V4] show interfaces portchannel | grep -w PortChannel7
2024-01-08 03:00:36,578 T0135: [D1-V3] show interfaces portchannel | grep -w PortChannel7
2024-01-08 03:00:37,658 T0137: [D1-V3] config portchannel add PortChannel8  
2024-01-08 03:00:37,663 T0138: [D2-V4] config portchannel add PortChannel8  
2024-01-08 03:00:38,690 T0138: [D2-V4] config portchannel member add PortChannel8 Ethernet56
2024-01-08 03:00:38,739 T0137: [D1-V3] config portchannel member add PortChannel8 Ethernet56
2024-01-08 03:00:39,709 T0138: [D2-V4] config portchannel member add PortChannel8 Ethernet60
2024-01-08 03:00:39,809 T0137: [D1-V3] config portchannel member add PortChannel8 Ethernet60
2024-01-08 03:00:42,891 T0140: [D2-V4] show interfaces portchannel | grep -w PortChannel8
2024-01-08 03:00:42,894 T0139: [D1-V3] show interfaces portchannel | grep -w PortChannel8
2024-01-08 03:00:45,981 T0140: [D2-V4] show interfaces portchannel | grep -w PortChannel8
2024-01-08 03:00:46,033 T0139: [D1-V3] show interfaces portchannel | grep -w PortChannel8
2024-01-08 03:00:49,065 T0140: [D2-V4] show interfaces portchannel | grep -w PortChannel8
2024-01-08 03:00:49,167 T0139: [D1-V3] show interfaces portchannel | grep -w PortChannel8
2024-01-08 03:00:52,201 T0140: [D2-V4] show interfaces portchannel | grep -w PortChannel8
2024-01-08 03:00:52,302 T0139: [D1-V3] show interfaces portchannel | grep -w PortChannel8
2024-01-08 03:00:55,289 T0140: [D2-V4] show interfaces portchannel | grep -w PortChannel8
2024-01-08 03:00:55,388 T0139: [D1-V3] show interfaces portchannel | grep -w PortChannel8
2024-01-08 03:00:58,373 T0140: [D2-V4] show interfaces portchannel | grep -w PortChannel8
2024-01-08 03:00:58,470 T0139: [D1-V3] show interfaces portchannel | grep -w PortChannel8
2024-01-08 03:01:01,457 T0140: [D2-V4] show interfaces portchannel | grep -w PortChannel8
2024-01-08 03:01:01,554 T0139: [D1-V3] show interfaces portchannel | grep -w PortChannel8
2024-01-08 03:01:04,540 T0140: [D2-V4] show interfaces portchannel | grep -w PortChannel8
2024-01-08 03:01:04,637 T0139: [D1-V3] show interfaces portchannel | grep -w PortChannel8
2024-01-08 03:01:07,624 T0140: [D2-V4] show interfaces portchannel | grep -w PortChannel8
2024-01-08 03:01:07,721 T0139: [D1-V3] show interfaces portchannel | grep -w PortChannel8
2024-01-08 03:01:08,849 T0000: [D1-V3] ['config vlan add 1122']
2024-01-08 03:01:09,914 T0000: [D1-V3] config vlan member add 1122 PortChannel8
2024-01-08 03:01:11,013 T0000: [D2-V4] ['config vlan add 1122']
2024-01-08 03:01:12,070 T0000: [D2-V4] config vlan member add 1122 PortChannel8
2024-01-08 03:01:15,136 T0142: [D2-V4] show interfaces portchannel | grep -w PortChannel8
2024-01-08 03:01:15,140 T0141: [D1-V3] show interfaces portchannel | grep -w PortChannel8
2024-01-08 03:01:18,226 T0142: [D2-V4] show interfaces portchannel | grep -w PortChannel8
2024-01-08 03:01:18,279 T0141: [D1-V3] show interfaces portchannel | grep -w PortChannel8
2024-01-08 03:01:21,362 T0142: [D2-V4] show interfaces portchannel | grep -w PortChannel8
2024-01-08 03:01:21,413 T0141: [D1-V3] show interfaces portchannel | grep -w PortChannel8
2024-01-08 03:01:24,500 T0142: [D2-V4] show interfaces portchannel | grep -w PortChannel8
2024-01-08 03:01:24,547 T0141: [D1-V3] show interfaces portchannel | grep -w PortChannel8
2024-01-08 03:01:27,586 T0142: [D2-V4] show interfaces portchannel | grep -w PortChannel8
2024-01-08 03:01:27,681 T0141: [D1-V3] show interfaces portchannel | grep -w PortChannel8
2024-01-08 03:01:30,670 T0142: [D2-V4] show interfaces portchannel | grep -w PortChannel8
2024-01-08 03:01:30,816 T0141: [D1-V3] show interfaces portchannel | grep -w PortChannel8
2024-01-08 03:01:33,806 T0142: [D2-V4] show interfaces portchannel | grep -w PortChannel8
2024-01-08 03:01:33,952 T0141: [D1-V3] show interfaces portchannel | grep -w PortChannel8
2024-01-08 03:01:36,940 T0142: [D2-V4] show interfaces portchannel | grep -w PortChannel8
2024-01-08 03:01:37,235 T0141: [D1-V3] show interfaces portchannel | grep -w PortChannel8
2024-01-08 03:01:40,024 T0142: [D2-V4] show interfaces portchannel | grep -w PortChannel8
2024-01-08 03:01:40,369 T0141: [D1-V3] show interfaces portchannel | grep -w PortChannel8
2024-01-08 03:01:41,505 T0143: [D1-V3] config vlan member del 1122 PortChannel8
2024-01-08 03:01:41,510 T0144: [D2-V4] config vlan member del 1122 PortChannel8
2024-01-08 03:01:42,589 T0145: [D1-V3] show vlan config
2024-01-08 03:01:42,593 T0146: [D2-V4] show vlan config
2024-01-08 03:01:43,683 T0145: [D1-V3] ['config vlan del 1122']
2024-01-08 03:01:43,686 T0146: [D2-V4] ['config vlan del 1122']
2024-01-08 03:01:44,710 T0146: [D2-V4] show vlan config
2024-01-08 03:01:44,759 T0145: [D1-V3] show vlan config
2024-01-08 03:01:45,842 T0147: [D1-V3] config portchannel member del PortChannel8 Ethernet56
2024-01-08 03:01:45,846 T0148: [D2-V4] config portchannel member del PortChannel8 Ethernet56
2024-01-08 03:01:46,918 T0147: [D1-V3] config portchannel member del PortChannel8 Ethernet60
2024-01-08 03:01:46,926 T0148: [D2-V4] config portchannel member del PortChannel8 Ethernet60
2024-01-08 03:01:48,003 T0147: [D1-V3] ['config portchannel del PortChannel8']
2024-01-08 03:01:48,007 T0148: [D2-V4] ['config portchannel del PortChannel8']
2024-01-08 03:01:49,085 T0147: [D1-V3] show interfaces portchannel | grep -w PortChannel8
2024-01-08 03:01:49,088 T0148: [D2-V4] show interfaces portchannel | grep -w PortChannel8
2024-01-08 03:01:50,242 T0151: [D1-V3] config portchannel member add PortChannel7 Ethernet56
2024-01-08 03:01:50,247 T0152: [D2-V4] config portchannel member add PortChannel7 Ethernet56
2024-01-08 03:01:51,314 T0151: [D1-V3] config portchannel member add PortChannel7 Ethernet60
2024-01-08 03:01:51,318 T0152: [D2-V4] config portchannel member add PortChannel7 Ethernet60
2024-01-08 03:01:52,397 T0000: 
================== Function Hook Finalize: switching/test_portchannel.py portchannel_func_hooks ==================
2024-01-08 03:01:52,494 T0000: 
================== Framework Function Hook Finalize: switching/test_portchannel.py::test_ft_portchannel_with_vlan_variations ==================
2024-01-08 03:01:52,496 T0000: 
================== Framework Function Hook: switching/test_portchannel.py::test_ft_verify_min_links_functionality_by_flapping_all_member_ports_007 ==================
2024-01-08 03:01:52,512 T0156: [D1-V3] sudo show interfaces status
2024-01-08 03:01:52,514 T0157: [D2-V4] sudo show interfaces status
2024-01-08 03:01:54,238 T0158: [D1-V3] sudo show interfaces status Ethernet124
2024-01-08 03:01:54,245 T0159: [D2-V4] sudo show interfaces status Ethernet124
2024-01-08 03:01:57,378 T0000: 
================== Framework Function Hook Finish: switching/test_portchannel.py::test_ft_verify_min_links_functionality_by_flapping_all_member_ports_007 ==================
2024-01-08 03:01:57,378 T0000: 
================== Function Hook: switching/test_portchannel.py portchannel_func_hooks ==================
2024-01-08 03:01:59,395 T0162: [D1-V3] show interfaces portchannel
2024-01-08 03:01:59,400 T0163: [D2-V4] show interfaces portchannel
2024-01-08 03:02:01,494 T0163: [D2-V4] show interfaces portchannel
2024-01-08 03:02:01,541 T0162: [D1-V3] show interfaces portchannel
2024-01-08 03:02:03,581 T0163: [D2-V4] show interfaces portchannel
2024-01-08 03:02:03,626 T0162: [D1-V3] show interfaces portchannel
2024-01-08 03:02:05,668 T0163: [D2-V4] show interfaces portchannel
2024-01-08 03:02:05,713 T0162: [D1-V3] show interfaces portchannel
2024-01-08 03:02:07,754 T0163: [D2-V4] show interfaces portchannel
2024-01-08 03:02:07,800 T0162: [D1-V3] show interfaces portchannel
2024-01-08 03:02:09,841 T0163: [D2-V4] show interfaces portchannel
2024-01-08 03:02:09,888 T0162: [D1-V3] show interfaces portchannel
2024-01-08 03:02:11,926 T0163: [D2-V4] show interfaces portchannel
2024-01-08 03:02:12,025 T0162: [D1-V3] show interfaces portchannel
2024-01-08 03:02:14,010 T0163: [D2-V4] show interfaces portchannel
2024-01-08 03:02:14,110 T0162: [D1-V3] show interfaces portchannel
2024-01-08 03:02:16,094 T0163: [D2-V4] show interfaces portchannel
2024-01-08 03:02:16,246 T0162: [D1-V3] show interfaces portchannel
2024-01-08 03:02:18,180 T0163: [D2-V4] show interfaces portchannel
2024-01-08 03:02:18,341 T0162: [D1-V3] show interfaces portchannel
2024-01-08 03:02:20,267 T0163: [D2-V4] show interfaces portchannel
2024-01-08 03:02:20,482 T0162: [D1-V3] show interfaces portchannel
2024-01-08 03:02:22,353 T0163: [D2-V4] show interfaces portchannel
2024-01-08 03:02:22,621 T0162: [D1-V3] show interfaces portchannel
2024-01-08 03:02:24,438 T0163: [D2-V4] show interfaces portchannel
2024-01-08 03:02:24,709 T0162: [D1-V3] show interfaces portchannel
2024-01-08 03:02:26,525 T0163: [D2-V4] show interfaces portchannel
2024-01-08 03:02:26,796 T0162: [D1-V3] show interfaces portchannel
2024-01-08 03:02:29,063 T0163: [D2-V4] show interfaces portchannel
2024-01-08 03:02:29,185 T0162: [D1-V3] show interfaces portchannel
2024-01-08 03:02:31,290 T0000: 
================== Function Hook Finish: switching/test_portchannel.py portchannel_func_hooks ==================
2024-01-08 03:02:31,700 T0000: 
================== Function Hook Finalize: switching/test_portchannel.py portchannel_func_hooks ==================
2024-01-08 03:02:31,744 T0000: 
================== Framework Function Hook Finalize: switching/test_portchannel.py::test_ft_verify_min_links_functionality_by_flapping_all_member_ports_007 ==================
2024-01-08 03:02:31,750 T0168: [D1-V3] config save /tmp/config-db-V3-pre-module-epilog-switching-test_portchannel.py.json -y
2024-01-08 03:02:31,754 T0169: [D2-V4] config save /tmp/config-db-V4-pre-module-epilog-switching-test_portchannel.py.json -y
2024-01-08 03:02:33,035 T0168: [D1-V3] chmod 777 /tmp/config-db-V3-pre-module-epilog-switching-test_portchannel.py.json
2024-01-08 03:02:33,043 T0169: [D2-V4] chmod 777 /tmp/config-db-V4-pre-module-epilog-switching-test_portchannel.py.json
2024-01-08 03:02:34,532 T0169: [D2-V4] /sbin/ip link set dev eth0 up
2024-01-08 03:02:34,532 T0168: [D1-V3] /sbin/ip link set dev eth0 up
2024-01-08 03:02:35,211 T0169: [D2-V4] /sbin/ip route list dev eth0
2024-01-08 03:02:35,219 T0168: [D1-V3] /sbin/ip route list dev eth0
2024-01-08 03:02:43,924 T0169: [D2-V4] sudo vtysh -c 'show running-config' > /tmp/vtysh-runcfg-V4-pre-module-epilog-switching-test_portchannel.py.txt
2024-01-08 03:02:44,296 T0168: [D1-V3] sudo vtysh -c 'show running-config' > /tmp/vtysh-runcfg-V3-pre-module-epilog-switching-test_portchannel.py.txt
2024-01-08 03:02:44,793 T0169: [D2-V4] chmod 777 /tmp/vtysh-runcfg-V4-pre-module-epilog-switching-test_portchannel.py.txt
2024-01-08 03:02:45,166 T0168: [D1-V3] chmod 777 /tmp/vtysh-runcfg-V3-pre-module-epilog-switching-test_portchannel.py.txt
2024-01-08 03:02:46,270 T0169: [D2-V4] /sbin/ip link set dev eth0 up
2024-01-08 03:02:46,643 T0168: [D1-V3] /sbin/ip link set dev eth0 up
2024-01-08 03:02:46,938 T0169: [D2-V4] /sbin/ip route list dev eth0
2024-01-08 03:02:47,313 T0168: [D1-V3] /sbin/ip route list dev eth0
2024-01-08 03:02:55,654 T0186: [D1-V3] show vlan config
2024-01-08 03:02:55,658 T0187: [D2-V4] show vlan config
2024-01-08 03:02:56,749 T0186: [D1-V3] []
2024-01-08 03:02:56,751 T0187: [D2-V4] []
2024-01-08 03:02:56,757 T0188: [D1-V3] show interfaces portchannel
2024-01-08 03:02:56,760 T0189: [D2-V4] show interfaces portchannel
2024-01-08 03:02:57,858 T0189: [D2-V4] show interfaces portchannel | grep -w PortChannel7
2024-01-08 03:02:57,860 T0188: [D1-V3] show interfaces portchannel | grep -w PortChannel7
2024-01-08 03:02:58,950 T0188: [D1-V3] config portchannel member del PortChannel7 Ethernet56
2024-01-08 03:02:58,952 T0189: [D2-V4] config portchannel member del PortChannel7 Ethernet56
2024-01-08 03:03:00,025 T0188: [D1-V3] config portchannel member del PortChannel7 Ethernet48
2024-01-08 03:03:00,033 T0189: [D2-V4] config portchannel member del PortChannel7 Ethernet60
2024-01-08 03:03:01,106 T0188: [D1-V3] config portchannel member del PortChannel7 Ethernet60
2024-01-08 03:03:01,113 T0189: [D2-V4] config portchannel member del PortChannel7 Ethernet52
2024-01-08 03:03:02,137 T0189: [D2-V4] config portchannel member del PortChannel7 Ethernet48
2024-01-08 03:03:02,186 T0188: [D1-V3] config portchannel member del PortChannel7 Ethernet52
2024-01-08 03:03:03,209 T0189: [D2-V4] ['config portchannel del PortChannel7']
2024-01-08 03:03:03,258 T0188: [D1-V3] ['config portchannel del PortChannel7']
2024-01-08 03:03:04,340 T0000: 
================== Module Hook Finalize: switching/test_portchannel.py portchannel_module_hooks ==================
2024-01-08 03:03:04,349 T0190: [D1-V3] config save /tmp/config-db-V3-post-module-epilog-switching-test_portchannel.py.json -y
2024-01-08 03:03:04,354 T0191: [D2-V4] config save /tmp/config-db-V4-post-module-epilog-switching-test_portchannel.py.json -y
2024-01-08 03:03:05,636 T0190: [D1-V3] chmod 777 /tmp/config-db-V3-post-module-epilog-switching-test_portchannel.py.json
2024-01-08 03:03:05,689 T0191: [D2-V4] chmod 777 /tmp/config-db-V4-post-module-epilog-switching-test_portchannel.py.json
2024-01-08 03:03:07,113 T0190: [D1-V3] /sbin/ip link set dev eth0 up
2024-01-08 03:03:07,166 T0191: [D2-V4] /sbin/ip link set dev eth0 up
2024-01-08 03:03:07,783 T0190: [D1-V3] /sbin/ip route list dev eth0
2024-01-08 03:03:07,835 T0191: [D2-V4] /sbin/ip route list dev eth0
2024-01-08 03:03:16,139 T0190: [D1-V3] sudo vtysh -c 'show running-config' > /tmp/vtysh-runcfg-V3-post-module-epilog-switching-test_portchannel.py.txt
2024-01-08 03:03:16,154 T0191: [D2-V4] sudo vtysh -c 'show running-config' > /tmp/vtysh-runcfg-V4-post-module-epilog-switching-test_portchannel.py.txt
2024-01-08 03:03:17,021 T0191: [D2-V4] chmod 777 /tmp/vtysh-runcfg-V4-post-module-epilog-switching-test_portchannel.py.txt
2024-01-08 03:03:17,058 T0190: [D1-V3] chmod 777 /tmp/vtysh-runcfg-V3-post-module-epilog-switching-test_portchannel.py.txt
2024-01-08 03:03:18,498 T0191: [D2-V4] /sbin/ip link set dev eth0 up
2024-01-08 03:03:18,536 T0190: [D1-V3] /sbin/ip link set dev eth0 up
2024-01-08 03:03:19,168 T0191: [D2-V4] /sbin/ip route list dev eth0
2024-01-08 03:03:19,205 T0190: [D1-V3] /sbin/ip route list dev eth0
2024-01-08 03:03:27,586 T0208: [D1-V3] sudo show interfaces status Ethernet124
2024-01-08 03:03:27,593 T0209: [D2-V4] sudo show interfaces status Ethernet124
2024-01-08 03:03:29,950 T0000: 
================== Framework Module Hook Finalize: switching/test_portchannel.py Pass: 0/2 ==================
2024-01-08 03:03:29,950 T0000: 
================== Devices used: switching/test_portchannel.py 2 ['V3', 'V4'] ==================
2024-01-08 03:03:30,926 T0000: 
================== Framework Module Hook: batch/test_spytest_infra_1.py ==================
2024-01-08 03:03:30,946 T0216: [D1-V3] no router bgp
2024-01-08 03:03:30,951 T0217: [D2-V4] no router bgp
2024-01-08 03:03:32,783 T0217: [D2-V4] config feature state sflow enabled
2024-01-08 03:03:32,792 T0216: [D1-V3] config feature state sflow enabled
2024-01-08 03:03:34,795 T0217: [D2-V4] config feature state nat enabled
2024-01-08 03:03:34,803 T0216: [D1-V3] config feature state nat enabled
2024-01-08 03:04:11,350 T0217: [D2-V4] /sbin/ip link set dev eth0 up
2024-01-08 03:04:12,021 T0217: [D2-V4] /sbin/ip route list dev eth0
2024-01-08 03:04:12,605 T0216: [D1-V3] /sbin/ip link set dev eth0 up
2024-01-08 03:04:12,699 T0217: [D2-V4] sudo show interfaces status Ethernet124
2024-01-08 03:04:13,273 T0216: [D1-V3] /sbin/ip route list dev eth0
2024-01-08 03:04:13,950 T0216: [D1-V3] sudo show interfaces status Ethernet124
2024-01-08 03:04:18,337 T0216: [D1-V3] sudo show interfaces status Ethernet124
2024-01-08 03:04:20,598 T0219: [D1-V3] sudo show interfaces status
2024-01-08 03:04:20,602 T0220: [D2-V4] sudo show interfaces status
2024-01-08 03:04:27,374 T0222: [D1-V3] sudo show interfaces status
2024-01-08 03:04:27,376 T0223: [D2-V4] sudo show interfaces status
2024-01-08 03:04:34,120 T0225: [D1-V3] sudo show interfaces status
2024-01-08 03:04:34,123 T0226: [D2-V4] sudo show interfaces status
2024-01-08 03:04:35,881 T0000: 
================== Framework Module Hook Finish: batch/test_spytest_infra_1.py ==================
2024-01-08 03:04:35,882 T0000: 
================== Framework Function Hook: batch/test_spytest_infra_1.py::test_spytest_infra_last ==================
2024-01-08 03:04:38,964 T0230: [D1-V3] sudo show interfaces status
2024-01-08 03:04:38,967 T0231: [D2-V4] sudo show interfaces status
2024-01-08 03:04:40,665 T0232: [D1-V3] sudo show interfaces status Ethernet124
2024-01-08 03:04:40,672 T0233: [D2-V4] sudo show interfaces status Ethernet124
2024-01-08 03:04:43,768 T0000: 
================== Framework Function Hook Finish: batch/test_spytest_infra_1.py::test_spytest_infra_last ==================
2024-01-08 03:04:43,770 T0000: 
================== Test Execution: batch/test_spytest_infra_1.py::test_spytest_infra_last ==================
2024-01-08 03:04:43,793 T0000: 
================== Framework Function Hook Finalize: batch/test_spytest_infra_1.py::test_spytest_infra_last ==================
2024-01-08 03:04:43,799 T0234: [D1-V3] sudo show interfaces status Ethernet124
2024-01-08 03:04:43,802 T0235: [D2-V4] sudo show interfaces status Ethernet124
2024-01-08 03:04:46,188 T0000: 
================== Framework Module Hook Finalize: batch/test_spytest_infra_1.py Pass: 1/1 ==================
2024-01-08 03:04:46,188 T0000: 
================== Devices used: batch/test_spytest_infra_1.py 2 ['V4', 'V3'] ==================
2024-01-08 03:04:47,026 T0000: 
================== Framework Module Hook: system/test_ssh.py ==================
2024-01-08 03:04:47,049 T0242: [D1-V3] no router bgp
2024-01-08 03:04:47,052 T0243: [D2-V4] no router bgp
2024-01-08 03:04:48,848 T0243: [D2-V4] config feature state sflow enabled
2024-01-08 03:04:48,864 T0242: [D1-V3] config feature state sflow enabled
2024-01-08 03:04:50,787 T0243: [D2-V4] config feature state nat enabled
2024-01-08 03:04:50,857 T0242: [D1-V3] config feature state nat enabled
2024-01-08 03:05:10,487 T0243: [D2-V4] /sbin/ip link set dev eth0 up
2024-01-08 03:05:11,155 T0243: [D2-V4] /sbin/ip route list dev eth0
2024-01-08 03:05:11,834 T0243: [D2-V4] sudo show interfaces status Ethernet124
2024-01-08 03:05:13,010 T0242: [D1-V3] /sbin/ip link set dev eth0 up
2024-01-08 03:05:13,685 T0242: [D1-V3] /sbin/ip route list dev eth0
2024-01-08 03:05:14,366 T0242: [D1-V3] sudo show interfaces status Ethernet124
2024-01-08 03:05:16,622 T0245: [D1-V3] sudo show interfaces status
2024-01-08 03:05:16,624 T0246: [D2-V4] sudo show interfaces status
2024-01-08 03:05:18,322 T0247: [D1-V3] config save /tmp/config-db-V3-pre-module-prolog-system-test_ssh.py.json -y
2024-01-08 03:05:18,325 T0248: [D2-V4] config save /tmp/config-db-V4-pre-module-prolog-system-test_ssh.py.json -y
2024-01-08 03:05:19,609 T0247: [D1-V3] chmod 777 /tmp/config-db-V3-pre-module-prolog-system-test_ssh.py.json
2024-01-08 03:05:19,657 T0248: [D2-V4] chmod 777 /tmp/config-db-V4-pre-module-prolog-system-test_ssh.py.json
2024-01-08 03:05:21,086 T0247: [D1-V3] /sbin/ip link set dev eth0 up
2024-01-08 03:05:21,134 T0248: [D2-V4] /sbin/ip link set dev eth0 up
2024-01-08 03:05:21,756 T0247: [D1-V3] /sbin/ip route list dev eth0
2024-01-08 03:05:21,804 T0248: [D2-V4] /sbin/ip route list dev eth0
2024-01-08 03:05:30,093 T0247: [D1-V3] sudo vtysh -c 'show running-config' > /tmp/vtysh-runcfg-V3-pre-module-prolog-system-test_ssh.py.txt
2024-01-08 03:05:30,145 T0248: [D2-V4] sudo vtysh -c 'show running-config' > /tmp/vtysh-runcfg-V4-pre-module-prolog-system-test_ssh.py.txt
2024-01-08 03:05:30,966 T0247: [D1-V3] chmod 777 /tmp/vtysh-runcfg-V3-pre-module-prolog-system-test_ssh.py.txt
2024-01-08 03:05:31,065 T0248: [D2-V4] chmod 777 /tmp/vtysh-runcfg-V4-pre-module-prolog-system-test_ssh.py.txt
2024-01-08 03:05:32,442 T0247: [D1-V3] /sbin/ip link set dev eth0 up
2024-01-08 03:05:32,544 T0248: [D2-V4] /sbin/ip link set dev eth0 up
2024-01-08 03:05:33,115 T0247: [D1-V3] /sbin/ip route list dev eth0
2024-01-08 03:05:33,215 T0248: [D2-V4] /sbin/ip route list dev eth0
2024-01-08 03:05:41,574 T0000: 
================== Framework Module Hook Finish: system/test_ssh.py ==================
2024-01-08 03:05:41,575 T0000: 
================== Module Hook: system/test_ssh.py ssh_module_hooks ==================
2024-01-08 03:05:41,576 T0000: [D1-V3] /etc/init.d/ssh start
2024-01-08 03:05:51,170 T0267: [D1-V3] config interface ip add Ethernet48 2.2.2.1/24
2024-01-08 03:05:51,176 T0268: [D2-V4] config interface ip add Ethernet48 2.2.2.2/24
2024-01-08 03:05:52,259 T0269: [D1-V3] config interface ip add Ethernet52 2.2.3.1/24
2024-01-08 03:05:52,262 T0270: [D2-V4] config interface ip add Ethernet52 2.2.3.2/24
2024-01-08 03:05:53,338 T0271: [D1-V3] config interface ip add Ethernet48 1001::1/64
2024-01-08 03:05:53,344 T0272: [D2-V4] config interface ip add Ethernet48 1001::2/64
2024-01-08 03:05:54,421 T0273: [D1-V3] config interface ip add Ethernet52 2001::1/64
2024-01-08 03:05:54,426 T0274: [D2-V4] config interface ip add Ethernet52 2001::2/64
2024-01-08 03:05:55,496 T0000: 
================== Module Hook Finish: system/test_ssh.py ssh_module_hooks ==================
2024-01-08 03:05:55,500 T0000: 
================== Framework Function Hook: system/test_ssh.py::test_ft_ssh_service_disable ==================
2024-01-08 03:05:55,507 T0275: [D1-V3] config save /tmp/config-db-V3-post-module-prolog-system-test_ssh.py.json -y
2024-01-08 03:05:55,513 T0276: [D2-V4] config save /tmp/config-db-V4-post-module-prolog-system-test_ssh.py.json -y
2024-01-08 03:05:56,792 T0276: [D2-V4] chmod 777 /tmp/config-db-V4-post-module-prolog-system-test_ssh.py.json
2024-01-08 03:05:56,841 T0275: [D1-V3] chmod 777 /tmp/config-db-V3-post-module-prolog-system-test_ssh.py.json
2024-01-08 03:05:58,335 T0276: [D2-V4] /sbin/ip link set dev eth0 up
2024-01-08 03:05:58,336 T0275: [D1-V3] /sbin/ip link set dev eth0 up
2024-01-08 03:05:59,013 T0275: [D1-V3] /sbin/ip route list dev eth0
2024-01-08 03:05:59,020 T0276: [D2-V4] /sbin/ip route list dev eth0
2024-01-08 03:06:07,376 T0275: [D1-V3] sudo vtysh -c 'show running-config' > /tmp/vtysh-runcfg-V3-post-module-prolog-system-test_ssh.py.txt
2024-01-08 03:06:07,382 T0276: [D2-V4] sudo vtysh -c 'show running-config' > /tmp/vtysh-runcfg-V4-post-module-prolog-system-test_ssh.py.txt
2024-01-08 03:06:08,307 T0275: [D1-V3] chmod 777 /tmp/vtysh-runcfg-V3-post-module-prolog-system-test_ssh.py.txt
2024-01-08 03:06:08,315 T0276: [D2-V4] chmod 777 /tmp/vtysh-runcfg-V4-post-module-prolog-system-test_ssh.py.txt
2024-01-08 03:06:09,807 T0276: [D2-V4] /sbin/ip link set dev eth0 up
2024-01-08 03:06:09,807 T0275: [D1-V3] /sbin/ip link set dev eth0 up
2024-01-08 03:06:10,485 T0275: [D1-V3] /sbin/ip route list dev eth0
2024-01-08 03:06:10,495 T0276: [D2-V4] /sbin/ip route list dev eth0
2024-01-08 03:06:21,954 T0296: [D1-V3] sudo show interfaces status
2024-01-08 03:06:21,957 T0297: [D2-V4] sudo show interfaces status
2024-01-08 03:06:23,655 T0298: [D1-V3] sudo show interfaces status Ethernet124
2024-01-08 03:06:23,659 T0299: [D2-V4] sudo show interfaces status Ethernet124
2024-01-08 03:06:26,793 T0000: 
================== Framework Function Hook Finish: system/test_ssh.py::test_ft_ssh_service_disable ==================
2024-01-08 03:06:26,794 T0000: 
================== Function Hook: system/test_ssh.py ssh_func_hooks ==================
2024-01-08 03:06:26,803 T0000: 
================== Function Hook Finish: system/test_ssh.py ssh_func_hooks ==================
2024-01-08 03:06:26,804 T0000: 
================== Test Execution: system/test_ssh.py::test_ft_ssh_service_disable ==================
2024-01-08 03:06:26,805 T0000: [D1-V3] /etc/init.d/ssh stop
2024-01-08 03:06:28,755 T0000: [D1-V3] /etc/init.d/ssh start
2024-01-08 03:06:29,567 T0000: 
================== Function Hook Finalize: system/test_ssh.py ssh_func_hooks ==================
2024-01-08 03:06:29,599 T0000: 
================== Framework Function Hook Finalize: system/test_ssh.py::test_ft_ssh_service_disable ==================
2024-01-08 03:06:29,600 T0000: 
================== Framework Function Hook: system/test_ssh.py::test_ft_ssh_add_user_verify ==================
2024-01-08 03:06:29,616 T0309: [D1-V3] sudo show interfaces status
2024-01-08 03:06:29,618 T0310: [D2-V4] sudo show interfaces status
2024-01-08 03:06:31,366 T0311: [D1-V3] sudo show interfaces status Ethernet124
2024-01-08 03:06:31,373 T0312: [D2-V4] sudo show interfaces status Ethernet124
2024-01-08 03:06:34,526 T0000: 
================== Framework Function Hook Finish: system/test_ssh.py::test_ft_ssh_add_user_verify ==================
2024-01-08 03:06:34,527 T0000: 
================== Function Hook: system/test_ssh.py ssh_func_hooks ==================
2024-01-08 03:06:34,536 T0000: 
================== Function Hook Finish: system/test_ssh.py ssh_func_hooks ==================
2024-01-08 03:06:34,537 T0000: 
================== Test Execution: system/test_ssh.py::test_ft_ssh_add_user_verify ==================
2024-01-08 03:06:34,539 T0000: [D1-V3] cat /etc/sonic/snmp.yml
2024-01-08 03:06:35,251 T0000: [D1-V3] sudo sed -i '/^snmp_rocommunity:/ c snmp_rocommunity: test_123' /etc/sonic/snmp.yml
2024-01-08 03:06:36,700 T0000: [D1-V3] sudo sed -i '/^snmp_location:/ c snmp_location: hyderabad' /etc/sonic/snmp.yml
2024-01-08 03:06:38,148 T0000: [D1-V3] cat /etc/sonic/snmp.yml
2024-01-08 03:06:38,844 T0000: [D1-V3] sudo service snmp restart
2024-01-08 03:06:57,041 T0000: [D1-V3] sudo show interfaces status Ethernet124
2024-01-08 03:06:59,495 T0000: [D1-V3] /sbin/ip link set dev eth0 up
2024-01-08 03:07:00,203 T0000: [D1-V3] /sbin/ip route list dev eth0
2024-01-08 03:07:00,923 T0000: [D1-V3] useradd q8v1eicbf64dduz98setkuab
2024-01-08 03:07:07,467 T0000: [D1-V3] config save -y
2024-01-08 03:07:08,773 T0000: [D1-V3] do copy running-config startup-config
2024-01-08 03:09:10,116 T0000: [D2-V4] which sshpass
2024-01-08 03:09:10,819 T0000: [D2-V4] sudo apt-get update;sudo apt-get -f install -y sshpass
2024-01-08 03:09:18,771 T0000: [D2-V4] sshpass -p 'YourPaSsWoRd' ssh -o UserKnownHostsFile=/dev/null -o StrictHostKeyChecking=no -o ConnectTimeout=30 admin@2.2.3.1 sudo show vlan config
2024-01-08 03:09:23,034 T0000: [D1-V3] config load -y /tmp/apply_json2.json
2024-01-08 03:09:27,345 T0000: [D1-V3] show acl table
2024-01-08 03:09:28,675 T0000: [D1-V3] show acl rule
2024-01-08 03:09:29,957 T0000: [D1-V3] show acl rule SNMP_SSH
2024-01-08 03:09:31,237 T0000: [D1-V3] show acl rule SNMP_SSH
2024-01-08 03:09:32,514 T0000: [D1-V3] show acl rule V6_SSH_ONLY
2024-01-08 03:09:33,784 T0000: [D1-V3] hostname
2024-01-08 03:09:41,202 T0000: [D2-V4] which sshpass
2024-01-08 03:09:41,915 T0000: [D2-V4] sshpass -p 'YourPaSsWoRd' ssh -o UserKnownHostsFile=/dev/null -o StrictHostKeyChecking=no -o ConnectTimeout=30 admin@2.2.3.1 sudo show vlan config
2024-01-08 03:10:12,660 T0000: [D2-V4] which sshpass
2024-01-08 03:10:13,362 T0000: [D2-V4] sshpass -p 'YourPaSsWoRd' ssh -o UserKnownHostsFile=/dev/null -o StrictHostKeyChecking=no -o ConnectTimeout=30 admin@2001::1 sudo show vlan config
2024-01-08 03:10:44,082 T0000: [D2-V4] which sshpass
2024-01-08 03:10:44,786 T0000: [D2-V4] sshpass -p 'YourPaSsWoRd' ssh -o UserKnownHostsFile=/dev/null -o StrictHostKeyChecking=no -o ConnectTimeout=30 admin@2.2.2.1 sudo show vlan config
2024-01-08 03:10:46,094 T0000: [D2-V4] which sshpass
2024-01-08 03:10:46,798 T0000: [D2-V4] sshpass -p 'YourPaSsWoRd' ssh -o UserKnownHostsFile=/dev/null -o StrictHostKeyChecking=no -o ConnectTimeout=30 admin@1001::1 sudo show vlan config
2024-01-08 03:10:48,105 T0000: [D2-V4] which sshpass
2024-01-08 03:10:48,810 T0000: [D2-V4] sshpass -p 'hHpLFjK' ssh -o UserKnownHostsFile=/dev/null -o StrictHostKeyChecking=no -o ConnectTimeout=30 q8v1eicbf64dduz98setkuab@2.2.2.1 sudo show vlan config
2024-01-08 03:10:49,715 T0000: [D2-V4] which sshpass
2024-01-08 03:10:50,422 T0000: [D2-V4] sshpass -p 'hHpLFjK' ssh -o UserKnownHostsFile=/dev/null -o StrictHostKeyChecking=no -o ConnectTimeout=30 q8v1eicbf64dduz98setkuab@1001::1 sudo show vlan config
2024-01-08 03:10:51,332 T0000: [D1-V3] config save -y
2024-01-08 03:10:52,685 T0000: [D1-V3] do copy running-config startup-config
2024-01-08 03:10:54,576 T0000: [D1-V3] fast-reboot
2024-01-08 03:11:41,252 T0000: [D1-V3] ['export TMOUT=0', 'stty cols 5000', 'uptime']
2024-01-08 03:11:41,952 T0000: [D1-V3] cat /proc/uptime
2024-01-08 03:11:43,501 T0000: [D1-V3] ['export TMOUT=0', 'stty cols 5000', 'uptime']
2024-01-08 03:11:44,201 T0000: [D1-V3] cat /proc/uptime
2024-01-08 03:11:44,906 T0000: [D1-V3] sudo vtysh -c 'show running-config | include hostname'
2024-01-08 03:11:45,829 T0000: [D1-V3] sudo show interfaces status Ethernet124
2024-01-08 03:11:50,813 T0000: [D1-V3] sudo show interfaces status Ethernet124
2024-01-08 03:11:55,247 T0000: [D1-V3] sudo show interfaces status Ethernet124
2024-01-08 03:11:57,711 T0000: [D1-V3] /sbin/ip link set dev eth0 up
2024-01-08 03:11:58,416 T0000: [D1-V3] /sbin/ip route list dev eth0
2024-01-08 03:11:59,138 T0000: [D1-V3] ['export TMOUT=0', 'stty cols 5000', 'uptime']
2024-01-08 03:12:01,374 T0000: [D1-V3] /sbin/ip link set dev eth0 up
2024-01-08 03:12:02,080 T0000: [D1-V3] /sbin/ip route list dev eth0
2024-01-08 03:12:03,506 T0000: [D1-V3] show acl table
2024-01-08 03:12:04,828 T0000: [D1-V3] show acl rule
2024-01-08 03:12:06,111 T0000: [D1-V3] show acl rule SNMP_SSH
2024-01-08 03:12:07,395 T0000: [D1-V3] show acl rule V6_SSH_ONLY
2024-01-08 03:12:08,670 T0000: [D1-V3] show acl rule SNMP_SSH
2024-01-08 03:12:09,947 T0000: [D1-V3] ping -4 127.0.0.1 -c 3 
2024-01-08 03:12:12,715 T0000: [D1-V3] hostname
2024-01-08 03:12:20,331 T0000: [D1-V3] show acl table
2024-01-08 03:12:21,606 T0000: [D1-V3] sudo config acl remove table SNMP_SSH;
2024-01-08 03:12:22,660 T0000: [D1-V3] sudo config acl remove table V6_SSH_ONLY;
2024-01-08 03:12:25,206 T0000: [D1-V3] config load -y /tmp/apply_json2.json
2024-01-08 03:12:33,381 T0000: [D2-V4] which sshpass
2024-01-08 03:12:34,090 T0000: [D2-V4] sshpass -p 'YourPaSsWoRd' ssh -o UserKnownHostsFile=/dev/null -o StrictHostKeyChecking=no -o ConnectTimeout=30 admin@2.2.3.1 sudo show vlan config
2024-01-08 03:13:04,857 T0000: [D2-V4] which sshpass
2024-01-08 03:13:05,558 T0000: [D2-V4] sshpass -p 'YourPaSsWoRd' ssh -o UserKnownHostsFile=/dev/null -o StrictHostKeyChecking=no -o ConnectTimeout=30 admin@2001::1 sudo show vlan config
2024-01-08 03:13:36,297 T0000: [D2-V4] which sshpass
2024-01-08 03:13:37,002 T0000: [D2-V4] sshpass -p 'YourPaSsWoRd' ssh -o UserKnownHostsFile=/dev/null -o StrictHostKeyChecking=no -o ConnectTimeout=30 admin@2.2.2.1 sudo show vlan config
2024-01-08 03:13:38,311 T0000: [D2-V4] which sshpass
2024-01-08 03:13:39,019 T0000: [D2-V4] sshpass -p 'YourPaSsWoRd' ssh -o UserKnownHostsFile=/dev/null -o StrictHostKeyChecking=no -o ConnectTimeout=30 admin@1001::1 sudo show vlan config
2024-01-08 03:13:40,365 T0000: [D1-V3] show acl table
2024-01-08 03:13:41,643 T0000: [D1-V3] sudo config acl remove table SNMP_SSH;
2024-01-08 03:13:42,696 T0000: [D1-V3] sudo config acl remove table V6_SSH_ONLY;
2024-01-08 03:15:43,193 T0000: [D1-V3] userdel q8v1eicbf64dduz98setkuab
2024-01-08 03:15:44,299 T0000: 
================== Function Hook Finalize: system/test_ssh.py ssh_func_hooks ==================
2024-01-08 03:15:44,340 T0000: 
================== Framework Function Hook Finalize: system/test_ssh.py::test_ft_ssh_add_user_verify ==================
2024-01-08 03:15:44,342 T0000: 
================== Framework Function Hook: system/test_ssh.py::test_ft_verify_logs_at_the_time_of_ssh_login_success ==================
2024-01-08 03:15:44,357 T0338: [D1-V3] sudo show interfaces status
2024-01-08 03:15:44,359 T0339: [D2-V4] sudo show interfaces status
2024-01-08 03:15:46,118 T0340: [D1-V3] sudo show interfaces status Ethernet124
2024-01-08 03:15:46,122 T0341: [D2-V4] sudo show interfaces status Ethernet124
2024-01-08 03:15:49,261 T0000: 
================== Framework Function Hook Finish: system/test_ssh.py::test_ft_verify_logs_at_the_time_of_ssh_login_success ==================
2024-01-08 03:15:49,262 T0000: 
================== Function Hook: system/test_ssh.py ssh_func_hooks ==================
2024-01-08 03:15:49,270 T0000: 
================== Function Hook Finish: system/test_ssh.py ssh_func_hooks ==================
2024-01-08 03:15:49,271 T0000: 
================== Test Execution: system/test_ssh.py::test_ft_verify_logs_at_the_time_of_ssh_login_success ==================
2024-01-08 03:15:58,141 T0000: [D1-V3] sudo cat /var/log/auth.log
2024-01-08 03:16:05,114 T0000: 
================== Function Hook Finalize: system/test_ssh.py ssh_func_hooks ==================
2024-01-08 03:16:05,148 T0000: 
================== Framework Function Hook Finalize: system/test_ssh.py::test_ft_verify_logs_at_the_time_of_ssh_login_success ==================
2024-01-08 03:16:05,153 T0352: [D1-V3] config save /tmp/config-db-V3-pre-module-epilog-system-test_ssh.py.json -y
2024-01-08 03:16:05,158 T0353: [D2-V4] config save /tmp/config-db-V4-pre-module-epilog-system-test_ssh.py.json -y
2024-01-08 03:16:06,442 T0352: [D1-V3] chmod 777 /tmp/config-db-V3-pre-module-epilog-system-test_ssh.py.json
2024-01-08 03:16:06,449 T0353: [D2-V4] chmod 777 /tmp/config-db-V4-pre-module-epilog-system-test_ssh.py.json
2024-01-08 03:16:07,928 T0352: [D1-V3] /sbin/ip link set dev eth0 up
2024-01-08 03:16:07,931 T0353: [D2-V4] /sbin/ip link set dev eth0 up
2024-01-08 03:16:08,610 T0352: [D1-V3] /sbin/ip route list dev eth0
2024-01-08 03:16:08,620 T0353: [D2-V4] /sbin/ip route list dev eth0
2024-01-08 03:16:16,971 T0352: [D1-V3] sudo vtysh -c 'show running-config' > /tmp/vtysh-runcfg-V3-pre-module-epilog-system-test_ssh.py.txt
2024-01-08 03:16:16,998 T0353: [D2-V4] sudo vtysh -c 'show running-config' > /tmp/vtysh-runcfg-V4-pre-module-epilog-system-test_ssh.py.txt
2024-01-08 03:16:17,867 T0353: [D2-V4] chmod 777 /tmp/vtysh-runcfg-V4-pre-module-epilog-system-test_ssh.py.txt
2024-01-08 03:16:17,890 T0352: [D1-V3] chmod 777 /tmp/vtysh-runcfg-V3-pre-module-epilog-system-test_ssh.py.txt
2024-01-08 03:16:19,343 T0353: [D2-V4] /sbin/ip link set dev eth0 up
2024-01-08 03:16:19,367 T0352: [D1-V3] /sbin/ip link set dev eth0 up
2024-01-08 03:16:20,013 T0353: [D2-V4] /sbin/ip route list dev eth0
2024-01-08 03:16:20,037 T0352: [D1-V3] /sbin/ip route list dev eth0
2024-01-08 03:16:28,404 T0370: [D1-V3] config interface ip remove Ethernet48 2.2.2.1/24
2024-01-08 03:16:28,410 T0371: [D2-V4] config interface ip remove Ethernet48 2.2.2.2/24
2024-01-08 03:16:29,534 T0372: [D1-V3] config interface ip remove Ethernet52 2.2.3.1/24
2024-01-08 03:16:29,539 T0373: [D2-V4] config interface ip remove Ethernet52 2.2.3.2/24
2024-01-08 03:16:30,662 T0374: [D1-V3] config interface ip remove Ethernet48 1001::1/64
2024-01-08 03:16:30,668 T0375: [D2-V4] config interface ip remove Ethernet48 1001::2/64
2024-01-08 03:16:32,200 T0376: [D1-V3] config interface ip remove Ethernet52 2001::1/64
2024-01-08 03:16:32,205 T0377: [D2-V4] config interface ip remove Ethernet52 2001::2/64
2024-01-08 03:16:33,732 T0000: [D1-V3] show acl table
2024-01-08 03:16:35,011 T0000: [D1-V3] cat /etc/sonic/snmp.yml
2024-01-08 03:16:35,724 T0000: [D1-V3] sudo sed -i '/^snmp_rocommunity:/ c snmp_rocommunity: NotConfigured' /etc/sonic/snmp.yml
2024-01-08 03:16:37,173 T0000: [D1-V3] sudo sed -i '/^snmp_rocommunity6:/ c snmp_rocommunity6: NotConfigured' /etc/sonic/snmp.yml
2024-01-08 03:16:38,623 T0000: [D1-V3] sudo sed -i '/^snmp_location:/ c snmp_location: NotConfigured' /etc/sonic/snmp.yml
2024-01-08 03:16:40,080 T0000: [D1-V3] sudo sed -i '/^snmp_syscontact:/ c snmp_syscontact: NotConfigured' /etc/sonic/snmp.yml
2024-01-08 03:16:41,529 T0000: [D1-V3] sudo sed -i '/^v1_trap_dest:/ c v1_trap_dest: NotConfigured' /etc/sonic/snmp.yml
2024-01-08 03:16:42,976 T0000: [D1-V3] sudo sed -i '/^v2_trap_dest:/ c v2_trap_dest: NotConfigured' /etc/sonic/snmp.yml
2024-01-08 03:16:44,425 T0000: [D1-V3] sudo sed -i '/^v3_trap_dest:/ c v3_trap_dest: NotConfigured' /etc/sonic/snmp.yml
2024-01-08 03:16:45,873 T0000: [D1-V3] cat /etc/sonic/snmp.yml
2024-01-08 03:16:46,572 T0000: [D1-V3] sudo service snmp restart
2024-01-08 03:16:55,688 T0000: 
================== Module Hook Finalize: system/test_ssh.py ssh_module_hooks ==================
2024-01-08 03:16:55,696 T0378: [D1-V3] config save /tmp/config-db-V3-post-module-epilog-system-test_ssh.py.json -y
2024-01-08 03:16:55,701 T0379: [D2-V4] config save /tmp/config-db-V4-post-module-epilog-system-test_ssh.py.json -y
2024-01-08 03:16:56,984 T0378: [D1-V3] chmod 777 /tmp/config-db-V3-post-module-epilog-system-test_ssh.py.json
2024-01-08 03:16:56,992 T0379: [D2-V4] chmod 777 /tmp/config-db-V4-post-module-epilog-system-test_ssh.py.json
2024-01-08 03:16:58,475 T0378: [D1-V3] /sbin/ip link set dev eth0 up
2024-01-08 03:16:58,475 T0379: [D2-V4] /sbin/ip link set dev eth0 up
2024-01-08 03:16:59,157 T0378: [D1-V3] /sbin/ip route list dev eth0
2024-01-08 03:16:59,165 T0379: [D2-V4] /sbin/ip route list dev eth0
2024-01-08 03:17:07,531 T0379: [D2-V4] sudo vtysh -c 'show running-config' > /tmp/vtysh-runcfg-V4-post-module-epilog-system-test_ssh.py.txt
2024-01-08 03:17:07,537 T0378: [D1-V3] sudo vtysh -c 'show running-config' > /tmp/vtysh-runcfg-V3-post-module-epilog-system-test_ssh.py.txt
2024-01-08 03:17:08,412 T0379: [D2-V4] chmod 777 /tmp/vtysh-runcfg-V4-post-module-epilog-system-test_ssh.py.txt
2024-01-08 03:17:08,420 T0378: [D1-V3] chmod 777 /tmp/vtysh-runcfg-V3-post-module-epilog-system-test_ssh.py.txt
2024-01-08 03:17:09,913 T0379: [D2-V4] /sbin/ip link set dev eth0 up
2024-01-08 03:17:09,914 T0378: [D1-V3] /sbin/ip link set dev eth0 up
2024-01-08 03:17:10,596 T0379: [D2-V4] /sbin/ip route list dev eth0
2024-01-08 03:17:10,605 T0378: [D1-V3] /sbin/ip route list dev eth0
2024-01-08 03:17:18,995 T0396: [D1-V3] sudo show interfaces status Ethernet124
2024-01-08 03:17:19,003 T0397: [D2-V4] sudo show interfaces status Ethernet124
2024-01-08 03:17:21,410 T0000: 
================== Framework Module Hook Finalize: system/test_ssh.py Pass: 2/3 ==================
2024-01-08 03:17:21,411 T0000: 
================== Devices used: system/test_ssh.py 2 ['V3', 'V4'] ==================
2024-01-08 03:17:22,322 T0000: 
================== Framework Module Hook: batch/test_spytest_infra_1.py ==================
2024-01-08 03:17:22,345 T0404: [D1-V3] no router bgp
2024-01-08 03:17:22,351 T0405: [D2-V4] no router bgp
2024-01-08 03:17:24,158 T0404: [D1-V3] config feature state sflow enabled
2024-01-08 03:17:24,210 T0405: [D2-V4] config feature state sflow enabled
2024-01-08 03:17:26,104 T0404: [D1-V3] config feature state nat enabled
2024-01-08 03:17:26,156 T0405: [D2-V4] config feature state nat enabled
2024-01-08 03:18:01,448 T0404: [D1-V3] /sbin/ip link set dev eth0 up
2024-01-08 03:18:01,491 T0405: [D2-V4] /sbin/ip link set dev eth0 up
2024-01-08 03:18:02,118 T0404: [D1-V3] /sbin/ip route list dev eth0
2024-01-08 03:18:02,160 T0405: [D2-V4] /sbin/ip route list dev eth0
2024-01-08 03:18:02,798 T0404: [D1-V3] sudo show interfaces status Ethernet124
2024-01-08 03:18:02,833 T0405: [D2-V4] sudo show interfaces status Ethernet124
2024-01-08 03:18:05,158 T0407: [D1-V3] sudo show interfaces status
2024-01-08 03:18:05,160 T0408: [D2-V4] sudo show interfaces status
2024-01-08 03:18:11,912 T0410: [D1-V3] sudo show interfaces status
2024-01-08 03:18:11,914 T0411: [D2-V4] sudo show interfaces status
2024-01-08 03:18:18,760 T0413: [D1-V3] sudo show interfaces status
2024-01-08 03:18:18,762 T0414: [D2-V4] sudo show interfaces status
2024-01-08 03:18:20,499 T0000: 
================== Framework Module Hook Finish: batch/test_spytest_infra_1.py ==================
2024-01-08 03:18:20,501 T0000: 
================== Framework Function Hook: batch/test_spytest_infra_1.py::test_spytest_infra_last ==================
2024-01-08 03:18:23,584 T0418: [D1-V3] sudo show interfaces status
2024-01-08 03:18:23,587 T0419: [D2-V4] sudo show interfaces status
2024-01-08 03:18:25,282 T0420: [D1-V3] sudo show interfaces status Ethernet124
2024-01-08 03:18:25,286 T0421: [D2-V4] sudo show interfaces status Ethernet124
2024-01-08 03:18:28,383 T0000: 
================== Framework Function Hook Finish: batch/test_spytest_infra_1.py::test_spytest_infra_last ==================
2024-01-08 03:18:28,385 T0000: 
================== Test Execution: batch/test_spytest_infra_1.py::test_spytest_infra_last ==================
2024-01-08 03:18:28,408 T0000: 
================== Framework Function Hook Finalize: batch/test_spytest_infra_1.py::test_spytest_infra_last ==================
2024-01-08 03:18:28,415 T0422: [D1-V3] sudo show interfaces status Ethernet124
2024-01-08 03:18:28,422 T0423: [D2-V4] sudo show interfaces status Ethernet124
2024-01-08 03:18:30,796 T0000: 
================== Framework Module Hook Finalize: batch/test_spytest_infra_1.py Pass: 1/1 ==================
2024-01-08 03:18:30,796 T0000: 
================== Devices used: batch/test_spytest_infra_1.py 2 ['V3', 'V4'] ==================
2024-01-08 03:18:30,897 T0428: [D1-V3] ['stty cols 80']
2024-01-08 03:18:30,900 T0429: [D2-V4] ['stty cols 80']
