2024-01-05 02:57:20,034 T0025: WARN  #### gw2  
2024-01-05 02:57:20,034 T0025: WARN  support post-session-prolog session pass ''
2024-01-05 02:57:20,036 T0026: WARN  #### gw2  
2024-01-05 02:57:20,036 T0026: WARN  support post-session-prolog session pass ''
2024-01-05 02:58:08,242 T0079: INFO  #### gw2  
2024-01-05 02:58:08,242 T0079: INFO  support pre-module-prolog switching/test_portchannel.py  ''
2024-01-05 02:58:08,244 T0080: INFO  #### gw2  
2024-01-05 02:58:08,244 T0080: INFO  support pre-module-prolog switching/test_portchannel.py  ''
2024-01-05 02:58:51,079 T0104: INFO  #### gw2  switching/test_portchannel.py
2024-01-05 02:58:51,079 T0104: INFO  support post-module-prolog switching/test_portchannel.py Pass ''
2024-01-05 02:58:51,084 T0105: INFO  #### gw2  switching/test_portchannel.py
2024-01-05 02:58:51,085 T0105: INFO  support post-module-prolog switching/test_portchannel.py Pass ''
2024-01-05 02:59:22,192 T0129: INFO  #### gw2  switching/test_portchannel.py
2024-01-05 02:59:22,193 T0129: INFO  support pre-function-prolog test_ft_portchannel_with_vlan_variations  ''
2024-01-05 02:59:22,196 T0130: INFO  #### gw2  switching/test_portchannel.py
2024-01-05 02:59:22,196 T0130: INFO  support pre-function-prolog test_ft_portchannel_with_vlan_variations  ''
2024-01-05 02:59:26,334 T0133: INFO  #### gw2  switching/test_portchannel.py::test_ft_portchannel_with_vlan_variations
2024-01-05 02:59:26,334 T0133: INFO  support post-function-prolog test_ft_portchannel_with_vlan_variations Pass ''
2024-01-05 02:59:26,338 T0134: INFO  #### gw2  switching/test_portchannel.py::test_ft_portchannel_with_vlan_variations
2024-01-05 02:59:26,338 T0134: INFO  support post-function-prolog test_ft_portchannel_with_vlan_variations Pass ''
2024-01-05 03:01:06,352 T0149: WARN  #### gw2  switching/test_portchannel.py::test_ft_portchannel_with_vlan_variations
2024-01-05 03:01:06,353 T0149: WARN  support pre-function-epilog test_ft_portchannel_with_vlan_variations Fail 'Portchannel PortChannel7 on V4 with member ['Ethernet48', 'Ethernet52'] verification failed'
2024-01-05 03:01:06,356 T0150: WARN  #### gw2  switching/test_portchannel.py::test_ft_portchannel_with_vlan_variations
2024-01-05 03:01:06,356 T0150: WARN  support pre-function-epilog test_ft_portchannel_with_vlan_variations Fail 'Portchannel PortChannel7 on V4 with member ['Ethernet48', 'Ethernet52'] verification failed'
2024-01-05 03:01:08,535 T0153: WARN  #### gw2  switching/test_portchannel.py::test_ft_portchannel_with_vlan_variations
2024-01-05 03:01:08,535 T0153: WARN  support post-function-epilog test_ft_portchannel_with_vlan_variations ignore 'Portchannel PortChannel7 on V4 with member ['Ethernet48', 'Ethernet52'] verification failed'
2024-01-05 03:01:08,539 T0154: WARN  #### gw2  switching/test_portchannel.py::test_ft_portchannel_with_vlan_variations
2024-01-05 03:01:08,539 T0154: WARN  support post-function-epilog test_ft_portchannel_with_vlan_variations ignore 'Portchannel PortChannel7 on V4 with member ['Ethernet48', 'Ethernet52'] verification failed'
2024-01-05 03:01:13,421 T0160: INFO  #### gw2  switching/test_portchannel.py
2024-01-05 03:01:13,421 T0160: INFO  support pre-function-prolog test_ft_verify_min_links_functionality_by_flapping_all_member_ports_007  ''
2024-01-05 03:01:13,425 T0161: INFO  #### gw2  switching/test_portchannel.py
2024-01-05 03:01:13,425 T0161: INFO  support pre-function-prolog test_ft_verify_min_links_functionality_by_flapping_all_member_ports_007  ''
2024-01-05 03:01:47,118 T0164: WARN  #### gw2  switching/test_portchannel.py::test_ft_verify_min_links_functionality_by_flapping_all_member_ports_007
2024-01-05 03:01:47,119 T0164: WARN  support post-function-prolog test_ft_verify_min_links_functionality_by_flapping_all_member_ports_007 Fail 'Invalid error code PortChannel Verification Failed : unknown message identifier 'PortChannel Verification Failed''
2024-01-05 03:01:47,122 T0165: WARN  #### gw2  switching/test_portchannel.py::test_ft_verify_min_links_functionality_by_flapping_all_member_ports_007
2024-01-05 03:01:47,123 T0165: WARN  support post-function-prolog test_ft_verify_min_links_functionality_by_flapping_all_member_ports_007 Fail 'Invalid error code PortChannel Verification Failed : unknown message identifier 'PortChannel Verification Failed''
2024-01-05 03:01:47,538 T0166: WARN  #### gw2  switching/test_portchannel.py::test_ft_verify_min_links_functionality_by_flapping_all_member_ports_007
2024-01-05 03:01:47,538 T0166: WARN  support post-function-epilog test_ft_verify_min_links_functionality_by_flapping_all_member_ports_007 ConfigFail 'pre-test configuration failed Invalid error code PortChannel Verification Failed : unknown message identifier 'PortChannel Verification Failed' @5430'
2024-01-05 03:01:47,539 T0167: WARN  #### gw2  switching/test_portchannel.py::test_ft_verify_min_links_functionality_by_flapping_all_member_ports_007
2024-01-05 03:01:47,539 T0167: WARN  support post-function-epilog test_ft_verify_min_links_functionality_by_flapping_all_member_ports_007 ConfigFail 'pre-test configuration failed Invalid error code PortChannel Verification Failed : unknown message identifier 'PortChannel Verification Failed' @5430'
2024-01-05 03:01:47,577 T0168: WARN  #### gw2  switching/test_portchannel.py::test_ft_verify_min_links_functionality_by_flapping_all_member_ports_007
2024-01-05 03:01:47,577 T0168: WARN  support pre-module-epilog switching/test_portchannel.py fail ''
2024-01-05 03:01:47,579 T0169: WARN  #### gw2  switching/test_portchannel.py::test_ft_verify_min_links_functionality_by_flapping_all_member_ports_007
2024-01-05 03:01:47,579 T0169: WARN  support pre-module-epilog switching/test_portchannel.py fail ''
2024-01-05 03:02:19,486 T0188: ERROR #### gw2 ERROR switching/test_portchannel.py::test_ft_verify_min_links_functionality_by_flapping_all_member_ports_007
2024-01-05 03:02:19,486 T0188: ERROR detected pattern: containing_error executing 'sudo -s config portchannel del PortChannel7'
2024-01-05 03:02:19,537 T0189: ERROR #### gw2 ERROR switching/test_portchannel.py::test_ft_verify_min_links_functionality_by_flapping_all_member_ports_007
2024-01-05 03:02:19,537 T0189: ERROR detected pattern: containing_error executing 'sudo -s config portchannel del PortChannel7'
2024-01-05 03:02:19,542 T0190: WARN  #### gw2  switching/test_portchannel.py::test_ft_verify_min_links_functionality_by_flapping_all_member_ports_007
2024-01-05 03:02:19,542 T0190: WARN  support post-module-epilog switching/test_portchannel.py fail ''
2024-01-05 03:02:19,548 T0191: WARN  #### gw2  switching/test_portchannel.py::test_ft_verify_min_links_functionality_by_flapping_all_member_ports_007
2024-01-05 03:02:19,548 T0191: WARN  support post-module-epilog switching/test_portchannel.py fail ''
2024-01-05 03:04:29,745 T0247: INFO  #### gw2  
2024-01-05 03:04:29,745 T0247: INFO  support pre-module-prolog system/test_lldp.py  ''
2024-01-05 03:04:29,747 T0248: INFO  #### gw2  
2024-01-05 03:04:29,747 T0248: INFO  support pre-module-prolog system/test_lldp.py  ''
2024-01-05 03:06:15,774 T0265: WARN  #### gw2  system/test_lldp.py
2024-01-05 03:06:15,774 T0265: WARN  support post-module-epilog system/test_lldp.py fail ''
2024-01-05 03:06:15,776 T0266: WARN  #### gw2  system/test_lldp.py
2024-01-05 03:06:15,776 T0266: WARN  support post-module-epilog system/test_lldp.py fail ''
2024-01-05 03:08:26,033 T0322: INFO  #### gw2  
2024-01-05 03:08:26,034 T0322: INFO  support pre-module-prolog system/test_interface.py  ''
2024-01-05 03:08:26,036 T0323: INFO  #### gw2  
2024-01-05 03:08:26,036 T0323: INFO  support pre-module-prolog system/test_interface.py  ''
2024-01-05 03:09:08,060 T0340: INFO  #### gw2  system/test_interface.py
2024-01-05 03:09:08,060 T0340: INFO  support post-module-prolog system/test_interface.py Pass ''
2024-01-05 03:09:08,062 T0341: INFO  #### gw2  system/test_interface.py
2024-01-05 03:09:08,062 T0341: INFO  support post-module-prolog system/test_interface.py Pass ''
2024-01-05 03:09:39,184 T0365: INFO  #### gw2  system/test_interface.py
2024-01-05 03:09:39,184 T0365: INFO  support pre-function-prolog test_ft_port_fn_verify_shut_noshut  ''
2024-01-05 03:09:39,188 T0366: INFO  #### gw2  system/test_interface.py
2024-01-05 03:09:39,188 T0366: INFO  support pre-function-prolog test_ft_port_fn_verify_shut_noshut  ''
2024-01-05 03:09:39,200 T0367: INFO  #### gw2  system/test_interface.py::test_ft_port_fn_verify_shut_noshut
2024-01-05 03:09:39,200 T0367: INFO  support post-function-prolog test_ft_port_fn_verify_shut_noshut Pass ''
2024-01-05 03:09:39,202 T0368: INFO  #### gw2  system/test_interface.py::test_ft_port_fn_verify_shut_noshut
2024-01-05 03:09:39,202 T0368: INFO  support post-function-prolog test_ft_port_fn_verify_shut_noshut Pass ''
2024-01-05 03:10:50,766 T0369: WARN  #### gw2  system/test_interface.py::test_ft_port_fn_verify_shut_noshut
2024-01-05 03:10:50,766 T0369: WARN  support pre-function-epilog test_ft_port_fn_verify_shut_noshut Fail 'interface is down on DUT ['Ethernet48']'
2024-01-05 03:10:50,770 T0370: WARN  #### gw2  system/test_interface.py::test_ft_port_fn_verify_shut_noshut
2024-01-05 03:10:50,770 T0370: WARN  support pre-function-epilog test_ft_port_fn_verify_shut_noshut Fail 'interface is down on DUT ['Ethernet48']'
2024-01-05 03:10:51,156 T0371: WARN  #### gw2  system/test_interface.py::test_ft_port_fn_verify_shut_noshut
2024-01-05 03:10:51,156 T0371: WARN  support post-function-epilog test_ft_port_fn_verify_shut_noshut ignore 'interface is down on DUT ['Ethernet48']'
2024-01-05 03:10:51,158 T0372: WARN  #### gw2  system/test_interface.py::test_ft_port_fn_verify_shut_noshut
2024-01-05 03:10:51,158 T0372: WARN  support post-function-epilog test_ft_port_fn_verify_shut_noshut ignore 'interface is down on DUT ['Ethernet48']'
2024-01-05 03:10:51,197 T0373: WARN  #### gw2  system/test_interface.py::test_ft_port_fn_verify_shut_noshut
2024-01-05 03:10:51,198 T0373: WARN  support pre-module-epilog system/test_interface.py fail ''
2024-01-05 03:10:51,199 T0374: WARN  #### gw2  system/test_interface.py::test_ft_port_fn_verify_shut_noshut
2024-01-05 03:10:51,199 T0374: WARN  support pre-module-epilog system/test_interface.py fail ''
2024-01-05 03:11:19,562 T0393: WARN  #### gw2  system/test_interface.py::test_ft_port_fn_verify_shut_noshut
2024-01-05 03:11:19,562 T0393: WARN  support post-module-epilog system/test_interface.py fail ''
2024-01-05 03:11:19,565 T0394: WARN  #### gw2  system/test_interface.py::test_ft_port_fn_verify_shut_noshut
2024-01-05 03:11:19,565 T0394: WARN  support post-module-epilog system/test_interface.py fail ''
2024-01-05 03:13:38,530 T0439: WARN  #### gw2  batch/test_spytest_infra_1.py::test_spytest_infra_last
2024-01-05 03:13:38,530 T0439: WARN  support session-epilog session pass ''
2024-01-05 03:13:38,531 T0440: WARN  #### gw2  batch/test_spytest_infra_1.py::test_spytest_infra_last
2024-01-05 03:13:38,532 T0440: WARN  support session-epilog session pass ''
