2023-12-25 00:39:14,389 T0002: [D1-V4] ['export TMOUT=0', 'stty cols 5000', 'uptime']
2023-12-25 00:39:15,056 T0002: [D1-V4] cat /proc/uptime
2023-12-25 00:39:15,723 T0002: [D1-V4] sudo vtysh -c 'show running-config | include hostname'
2023-12-25 00:39:21,902 T0002: [D1-V4] /sbin/ip link set dev eth0 up
2023-12-25 00:39:22,573 T0002: [D1-V4] /sbin/ip route list dev eth0
2023-12-25 00:39:23,246 T0002: [D1-V4] ['export TMOUT=0', 'stty cols 5000', 'uptime']
2023-12-25 00:39:25,388 T0002: [D1-V4] /sbin/ip link set dev eth0 up
2023-12-25 00:39:26,056 T0002: [D1-V4] /sbin/ip route list dev eth0
2023-12-25 00:39:27,400 T0002: [D1-V4] show version
2023-12-25 00:39:29,527 T0002: [D1-V4] /sbin/ip link set dev eth0 up
2023-12-25 00:39:30,194 T0002: [D1-V4] /sbin/ip route list dev eth0
2023-12-25 00:39:32,339 T0002: [D1-V4] /sbin/ip link set dev eth0 up
2023-12-25 00:39:33,006 T0002: [D1-V4] /sbin/ip route list dev eth0
2023-12-25 00:41:15,858 T0000: [D1-V4] sudo show interfaces status
2023-12-25 00:41:17,687 T0000: [D1-V4] config interface startup Ethernet0
2023-12-25 00:41:18,993 T0000: [D1-V4] config interface startup Ethernet4
2023-12-25 00:41:20,257 T0000: [D1-V4] config interface startup Ethernet8
2023-12-25 00:41:21,567 T0000: [D1-V4] config interface startup Ethernet12
2023-12-25 00:41:22,845 T0000: [D1-V4] config interface shutdown Ethernet16
2023-12-25 00:41:24,100 T0000: [D1-V4] config interface shutdown Ethernet20
2023-12-25 00:41:25,356 T0000: [D1-V4] config interface shutdown Ethernet24
2023-12-25 00:41:26,611 T0000: [D1-V4] config interface shutdown Ethernet28
2023-12-25 00:41:27,867 T0000: [D1-V4] config interface shutdown Ethernet32
2023-12-25 00:41:29,124 T0000: [D1-V4] config interface shutdown Ethernet36
2023-12-25 00:41:30,432 T0000: [D1-V4] config interface shutdown Ethernet40
2023-12-25 00:41:31,688 T0000: [D1-V4] config interface shutdown Ethernet44
2023-12-25 00:41:32,996 T0000: [D1-V4] config interface shutdown Ethernet48
2023-12-25 00:41:34,251 T0000: [D1-V4] config interface shutdown Ethernet52
2023-12-25 00:41:35,505 T0000: [D1-V4] config interface shutdown Ethernet56
2023-12-25 00:41:36,760 T0000: [D1-V4] config interface shutdown Ethernet60
2023-12-25 00:41:38,068 T0000: [D1-V4] config interface shutdown Ethernet64
2023-12-25 00:41:39,324 T0000: [D1-V4] config interface shutdown Ethernet68
2023-12-25 00:41:40,630 T0000: [D1-V4] config interface shutdown Ethernet72
2023-12-25 00:41:41,885 T0000: [D1-V4] config interface shutdown Ethernet76
2023-12-25 00:41:43,140 T0000: [D1-V4] config interface shutdown Ethernet80
2023-12-25 00:41:44,449 T0000: [D1-V4] config interface shutdown Ethernet84
2023-12-25 00:41:45,753 T0000: [D1-V4] config interface shutdown Ethernet88
2023-12-25 00:41:47,008 T0000: [D1-V4] config interface shutdown Ethernet92
2023-12-25 00:41:48,315 T0000: [D1-V4] config interface shutdown Ethernet96
2023-12-25 00:41:49,627 T0000: [D1-V4] config interface shutdown Ethernet100
2023-12-25 00:41:50,936 T0000: [D1-V4] config interface shutdown Ethernet104
2023-12-25 00:41:52,197 T0000: [D1-V4] config interface shutdown Ethernet108
2023-12-25 00:41:53,513 T0000: [D1-V4] config interface shutdown Ethernet112
2023-12-25 00:41:54,819 T0000: [D1-V4] config interface shutdown Ethernet116
2023-12-25 00:41:56,075 T0000: [D1-V4] config interface shutdown Ethernet120
2023-12-25 00:41:57,332 T0000: [D1-V4] config interface shutdown Ethernet124
2023-12-25 00:42:04,768 T0000: [D1-V4] show version
2023-12-25 00:42:06,986 T0000: [D1-V4] cat /var/run/redis/sonic-db/database_config.json
2023-12-25 00:42:07,778 T0000: [D1-V4] /sbin/ifconfig eth0
2023-12-25 00:42:08,503 T0000: [D1-V4] ls /etc/sonic/bcmsim.cfg
2023-12-25 00:42:09,231 T0000: [D1-V4] no router bgp
2023-12-25 00:42:11,085 T0000: [D1-V4] config feature state sflow enabled
2023-12-25 00:42:13,389 T0000: [D1-V4] config feature state nat enabled
2023-12-25 00:42:17,865 T0000: [D1-V4] config save /tmp/config-db-V4-post-session-prolog-session.json -y
2023-12-25 00:42:19,524 T0000: [D1-V4] chmod 777 /tmp/config-db-V4-post-session-prolog-session.json
2023-12-25 00:42:21,059 T0000: [D1-V4] /sbin/ip link set dev eth0 up
2023-12-25 00:42:21,769 T0000: [D1-V4] /sbin/ip route list dev eth0
2023-12-25 00:42:30,344 T0000: [D1-V4] sudo vtysh -c 'show running-config' > /tmp/vtysh-runcfg-V4-post-session-prolog-session.txt
2023-12-25 00:42:31,249 T0000: [D1-V4] chmod 777 /tmp/vtysh-runcfg-V4-post-session-prolog-session.txt
2023-12-25 00:42:32,779 T0000: [D1-V4] /sbin/ip link set dev eth0 up
2023-12-25 00:42:33,488 T0000: [D1-V4] /sbin/ip route list dev eth0
2023-12-25 00:42:42,455 T0000: 
================== Framework Module Hook: batch/test_spytest_infra_1.py ==================
2023-12-25 00:42:42,474 T0012: [D1-V4] sudo show interfaces status Ethernet124
2023-12-25 00:42:44,885 T0013: [D1-V4] sudo show interfaces status
2023-12-25 00:42:46,772 T0000: 
================== Framework Module Hook Finish: batch/test_spytest_infra_1.py ==================
2023-12-25 00:42:46,775 T0000: 
================== Framework Function Hook: batch/test_spytest_infra_1.py::test_spytest_infra_first ==================
2023-12-25 00:42:51,071 T0014: [D1-V4] sudo show interfaces status
2023-12-25 00:42:52,880 T0000: [D1-V4] sudo show interfaces status Ethernet124
2023-12-25 00:42:55,725 T0000: 
================== Framework Function Hook Finish: batch/test_spytest_infra_1.py::test_spytest_infra_first ==================
2023-12-25 00:42:55,729 T0000: 
================== Test Execution: batch/test_spytest_infra_1.py::test_spytest_infra_first ==================
2023-12-25 00:42:55,748 T0000: 
================== Framework Function Hook Finalize: batch/test_spytest_infra_1.py::test_spytest_infra_first ==================
2023-12-25 00:42:55,829 T0000: 
================== Framework Function Hook: batch/test_spytest_infra_1.py::test_spytest_infra_second ==================
2023-12-25 00:42:55,846 T0015: [D1-V4] sudo show interfaces status
2023-12-25 00:42:57,604 T0000: [D1-V4] sudo show interfaces status Ethernet124
2023-12-25 00:43:00,450 T0000: 
================== Framework Function Hook Finish: batch/test_spytest_infra_1.py::test_spytest_infra_second ==================
2023-12-25 00:43:00,452 T0000: 
================== Test Execution: batch/test_spytest_infra_1.py::test_spytest_infra_second ==================
2023-12-25 00:43:00,470 T0000: 
================== Framework Function Hook Finalize: batch/test_spytest_infra_1.py::test_spytest_infra_second ==================
2023-12-25 00:43:00,484 T0000: [D1-V4] sudo show interfaces status Ethernet124
2023-12-25 00:43:03,007 T0000: 
================== Framework Module Hook Finalize: batch/test_spytest_infra_1.py Pass: 2/2 ==================
2023-12-25 00:43:03,007 T0000: 
================== Devices used: batch/test_spytest_infra_1.py 1 ['V4'] ==================
2023-12-25 00:43:03,093 T0000: [D1-V4] ['stty cols 80']
