2024-01-01 00:31:58.563613 = START
2024-01-01 00:31:59.682583 = device connections start
2024-01-01 00:32:33.061623 = device connections finish
2024-01-01 00:32:33.065472 = session init start
2024-01-01 00:34:56.988396 = report file generation start
2024-01-01 00:34:57.070553 = report file generation end
2024-01-01 00:35:21.226548 = session init end
2024-01-01 00:35:21.228448 = Framework Module Hook Start
2024-01-01 00:35:21.639848 = module test_spytest_infra_1.py init start
2024-01-01 00:35:25.910710 = module test_spytest_infra_1.py init end
2024-01-01 00:35:25.911189 = Framework Module Hook end
2024-01-01 00:35:25.911714 = Framework Function Hook Start
2024-01-01 00:35:30.204637 = function batch/test_spytest_infra_1.py::test_spytest_infra_first init start
2024-01-01 00:35:34.825753 = function batch/test_spytest_infra_1.py::test_spytest_infra_first init end
2024-01-01 00:35:34.827231 = Framework Function Hook end
2024-01-01 00:35:34.830695 = Module Config Time (2024-01-01 00:35:21.228516 - 2024-01-01 00:35:25.912219) Published
2024-01-01 00:35:34.834142 = function batch/test_spytest_infra_1.py::test_spytest_infra_first clean start
2024-01-01 00:35:34.844308 = Test Time (2024-01-01 00:35:30.204730 - 2024-01-01 00:35:34.844300) Published
2024-01-01 00:35:34.849983 = function batch/test_spytest_infra_1.py::test_spytest_infra_first clean end
2024-01-01 00:35:34.850329 = Framework Function Hook Finalize
2024-01-01 00:35:35.046357 = Framework Function Hook Start
2024-01-01 00:35:35.047599 = function batch/test_spytest_infra_1.py::test_spytest_infra_second init start
2024-01-01 00:35:39.819490 = function batch/test_spytest_infra_1.py::test_spytest_infra_second init end
2024-01-01 00:35:39.820132 = Framework Function Hook end
2024-01-01 00:35:39.822342 = function batch/test_spytest_infra_1.py::test_spytest_infra_second clean start
2024-01-01 00:35:39.835211 = Test Time (2024-01-01 00:35:35.047800 - 2024-01-01 00:35:39.835197) Published
2024-01-01 00:35:39.840931 = function batch/test_spytest_infra_1.py::test_spytest_infra_second clean end
2024-01-01 00:35:39.841407 = Framework Function Hook Finalize
2024-01-01 00:35:39.841645 = module test_spytest_infra_1.py clean start
2024-01-01 00:35:42.360950 = report file generation start
2024-01-01 00:35:42.442537 = report file generation end
2024-01-01 00:35:42.447613 = module test_spytest_infra_1.py clean end
2024-01-01 00:35:42.448058 = Framework Module Hook Finalize
2024-01-01 00:35:42.450160 = Framework Module Hook Start
2024-01-01 00:35:42.861154 = module test_nat.py init start
2024-01-01 00:36:11.249198 = module test_nat.py init end
2024-01-01 00:36:11.249623 = Framework Module Hook end
2024-01-01 00:36:11.249995 = User Module routing/NAT/test_nat.py Hook Start
2024-01-01 00:36:50.493639 = User Module routing/NAT/test_nat.py Hook end
2024-01-01 00:36:50.493963 = Framework Function Hook Start
2024-01-01 00:37:19.052649 = function routing/NAT/test_nat.py::test_ft_nat_docker_restart init start
2024-01-01 00:37:23.880453 = function routing/NAT/test_nat.py::test_ft_nat_docker_restart init end
2024-01-01 00:37:23.881558 = Framework Function Hook end
2024-01-01 00:37:23.882235 = User Function routing/NAT/test_nat.py::test_ft_nat_docker_restart Hook Start
2024-01-01 00:37:26.960964 = User Function routing/NAT/test_nat.py::test_ft_nat_docker_restart Hook end
2024-01-01 00:37:26.961911 = Module Config Time (2024-01-01 00:35:42.450222 - 2024-01-01 00:36:50.494046) Published
2024-01-01 00:38:05.058021 = User Function routing/NAT/test_nat.py::test_ft_nat_docker_restart Hook Finalize
2024-01-01 00:38:05.058195 = function routing/NAT/test_nat.py::test_ft_nat_docker_restart clean start
2024-01-01 00:38:05.071071 = Test Time (2024-01-01 00:37:19.052745 - 2024-01-01 00:38:05.071063) Published
2024-01-01 00:38:05.076146 = function routing/NAT/test_nat.py::test_ft_nat_docker_restart clean end
2024-01-01 00:38:05.076435 = Framework Function Hook Finalize
2024-01-01 00:38:42.937700 = User Module routing/NAT/test_nat.py Hook Finalize
2024-01-01 00:38:42.937916 = module test_nat.py clean start
2024-01-01 00:39:10.242228 = report file generation start
2024-01-01 00:39:10.333755 = report file generation end
2024-01-01 00:39:10.339723 = module test_nat.py clean end
2024-01-01 00:39:10.340550 = Framework Module Hook Finalize
2024-01-01 00:39:11.172366 = Framework Module Hook Start
2024-01-01 00:39:11.586994 = module test_spytest_infra_1.py init start
2024-01-01 00:40:34.813222 = module test_spytest_infra_1.py init end
2024-01-01 00:40:34.813990 = Framework Module Hook end
2024-01-01 00:40:34.814738 = Framework Function Hook Start
2024-01-01 00:40:39.098678 = function batch/test_spytest_infra_1.py::test_spytest_infra_last init start
2024-01-01 00:40:43.817710 = function batch/test_spytest_infra_1.py::test_spytest_infra_last init end
2024-01-01 00:40:43.818231 = Framework Function Hook end
2024-01-01 00:40:43.818920 = Module Config Time (2024-01-01 00:39:11.172568 - 2024-01-01 00:40:34.814964) Published
2024-01-01 00:40:43.820002 = function batch/test_spytest_infra_1.py::test_spytest_infra_last clean start
2024-01-01 00:40:43.828475 = Test Time (2024-01-01 00:40:39.098763 - 2024-01-01 00:40:43.828465) Published
2024-01-01 00:40:43.834379 = function batch/test_spytest_infra_1.py::test_spytest_infra_last clean end
2024-01-01 00:40:43.834669 = Framework Function Hook Finalize
2024-01-01 00:40:43.834817 = module test_spytest_infra_1.py clean start
2024-01-01 00:40:46.437625 = report file generation start
2024-01-01 00:40:46.517274 = report file generation end
2024-01-01 00:40:46.522685 = module test_spytest_infra_1.py clean end
2024-01-01 00:40:46.523052 = Framework Module Hook Finalize
2024-01-01 00:40:46.525308 = Framework Module Hook Start
2024-01-01 00:40:46.935415 = module test_device_mgmt.py init start
2024-01-01 00:43:38.646175 = module test_device_mgmt.py init end
2024-01-01 00:43:38.646707 = Framework Module Hook end
2024-01-01 00:43:38.647229 = User Module system/test_device_mgmt.py Hook Start
2024-01-01 00:43:38.648140 = User Module system/test_device_mgmt.py Hook end
2024-01-01 00:43:38.648379 = Framework Function Hook Start
2024-01-01 00:44:07.194840 = function system/test_device_mgmt.py::test_ft_ip_static_ip_on_mgmt_intrf init start
2024-01-01 00:44:11.960921 = function system/test_device_mgmt.py::test_ft_ip_static_ip_on_mgmt_intrf init end
2024-01-01 00:44:11.961444 = Framework Function Hook end
2024-01-01 00:44:11.962057 = User Function system/test_device_mgmt.py::test_ft_ip_static_ip_on_mgmt_intrf Hook Start
2024-01-01 00:44:11.964746 = User Function system/test_device_mgmt.py::test_ft_ip_static_ip_on_mgmt_intrf Hook end
2024-01-01 00:44:11.965751 = Module Config Time (2024-01-01 00:40:46.525368 - 2024-01-01 00:43:38.648454) Published
2024-01-01 00:44:29.113359 = User Function system/test_device_mgmt.py::test_ft_ip_static_ip_on_mgmt_intrf Hook Finalize
2024-01-01 00:44:29.113561 = function system/test_device_mgmt.py::test_ft_ip_static_ip_on_mgmt_intrf clean start
2024-01-01 00:44:29.125675 = Test Time (2024-01-01 00:44:07.194928 - 2024-01-01 00:44:29.125665) Published
2024-01-01 00:44:29.131150 = function system/test_device_mgmt.py::test_ft_ip_static_ip_on_mgmt_intrf clean end
2024-01-01 00:44:29.131476 = Framework Function Hook Finalize
2024-01-01 00:44:53.380917 = User Module system/test_device_mgmt.py Hook Finalize
2024-01-01 00:44:53.381086 = module test_device_mgmt.py clean start
2024-01-01 00:45:20.181690 = report file generation start
2024-01-01 00:45:20.264147 = report file generation end
2024-01-01 00:45:20.270398 = module test_device_mgmt.py clean end
2024-01-01 00:45:20.271069 = Framework Module Hook Finalize
2024-01-01 00:45:20.358477 = Framework Module Hook Start
2024-01-01 00:45:20.773926 = module test_spytest_infra_1.py init start
2024-01-01 00:46:42.501526 = module test_spytest_infra_1.py init end
2024-01-01 00:46:42.502319 = Framework Module Hook end
2024-01-01 00:46:42.503144 = Framework Function Hook Start
2024-01-01 00:46:46.790175 = function batch/test_spytest_infra_1.py::test_spytest_infra_last init start
2024-01-01 00:46:51.558279 = function batch/test_spytest_infra_1.py::test_spytest_infra_last init end
2024-01-01 00:46:51.559944 = Framework Function Hook end
2024-01-01 00:46:51.563384 = Module Config Time (2024-01-01 00:45:20.358627 - 2024-01-01 00:46:42.503371) Published
2024-01-01 00:46:51.566670 = function batch/test_spytest_infra_1.py::test_spytest_infra_last clean start
2024-01-01 00:46:51.577036 = Test Time (2024-01-01 00:46:46.790281 - 2024-01-01 00:46:51.577029) Published
2024-01-01 00:46:51.583237 = function batch/test_spytest_infra_1.py::test_spytest_infra_last clean end
2024-01-01 00:46:51.583528 = Framework Function Hook Finalize
2024-01-01 00:46:51.583684 = module test_spytest_infra_1.py clean start
2024-01-01 00:46:54.097643 = report file generation start
2024-01-01 00:46:54.187865 = report file generation end
2024-01-01 00:46:54.193902 = module test_spytest_infra_1.py clean end
2024-01-01 00:46:54.194237 = Framework Module Hook Finalize
2024-01-01 00:46:54.194667 = session clean start
2024-01-01 00:46:54.203532 = report file generation start
2024-01-01 00:46:54.299312 = report file generation end
2024-01-01 00:46:55.007128 = session clean end
