2023-12-26 22:32:25,247 T0012: [D1-V1] ['export TMOUT=0', 'stty cols 5000', 'uptime']
2023-12-26 22:32:25,760 T0015: [D4-V4] ['export TMOUT=0', 'stty cols 5000', 'uptime']
2023-12-26 22:32:25,766 T0013: [D2-V2] ['export TMOUT=0', 'stty cols 5000', 'uptime']
2023-12-26 22:32:25,915 T0012: [D1-V1] cat /proc/uptime
2023-12-26 22:32:26,261 T0014: [D3-V3] ['export TMOUT=0', 'stty cols 5000', 'uptime']
2023-12-26 22:32:26,432 T0015: [D4-V4] cat /proc/uptime
2023-12-26 22:32:26,583 T0012: [D1-V1] sudo vtysh -c 'show running-config | include hostname'
2023-12-26 22:32:26,885 T0013: [D2-V2] cat /proc/uptime
2023-12-26 22:32:26,930 T0014: [D3-V3] cat /proc/uptime
2023-12-26 22:32:27,250 T0015: [D4-V4] sudo vtysh -c 'show running-config | include hostname'
2023-12-26 22:32:27,596 T0014: [D3-V3] sudo vtysh -c 'show running-config | include hostname'
2023-12-26 22:32:27,798 T0013: [D2-V2] sudo vtysh -c 'show running-config | include hostname'
2023-12-26 22:32:32,510 T0012: [D1-V1] sudo vtysh -c 'show running-config | include hostname'
2023-12-26 22:32:33,377 T0015: [D4-V4] sudo vtysh -c 'show running-config | include hostname'
2023-12-26 22:32:33,721 T0014: [D3-V3] sudo vtysh -c 'show running-config | include hostname'
2023-12-26 22:32:34,825 T0013: [D2-V2] sudo vtysh -c 'show running-config | include hostname'
2023-12-26 22:32:35,022 T0012: [D1-V1] /sbin/ip link set dev eth0 up
2023-12-26 22:32:35,704 T0012: [D1-V1] /sbin/ip route list dev eth0
2023-12-26 22:32:35,846 T0015: [D4-V4] /sbin/ip link set dev eth0 up
2023-12-26 22:32:36,161 T0014: [D3-V3] /sbin/ip link set dev eth0 up
2023-12-26 22:32:36,519 T0015: [D4-V4] /sbin/ip route list dev eth0
2023-12-26 22:32:36,826 T0014: [D3-V3] /sbin/ip route list dev eth0
2023-12-26 22:32:37,129 T0013: [D2-V2] /sbin/ip link set dev eth0 up
2023-12-26 22:32:37,803 T0013: [D2-V2] /sbin/ip route list dev eth0
2023-12-26 22:32:51,667 T0012: [D1-V1] /sbin/ip link set dev eth0 up
2023-12-26 22:32:52,346 T0012: [D1-V1] /sbin/ip route list dev eth0
2023-12-26 22:32:52,740 T0015: [D4-V4] /sbin/ip link set dev eth0 up
2023-12-26 22:32:53,005 T0014: [D3-V3] /sbin/ip link set dev eth0 up
2023-12-26 22:32:53,021 T0012: [D1-V1] ['export TMOUT=0', 'stty cols 5000', 'uptime']
2023-12-26 22:32:53,407 T0015: [D4-V4] /sbin/ip route list dev eth0
2023-12-26 22:32:53,675 T0014: [D3-V3] /sbin/ip route list dev eth0
2023-12-26 22:32:53,821 T0013: [D2-V2] /sbin/ip link set dev eth0 up
2023-12-26 22:32:54,078 T0015: [D4-V4] ['export TMOUT=0', 'stty cols 5000', 'uptime']
2023-12-26 22:32:54,347 T0014: [D3-V3] ['export TMOUT=0', 'stty cols 5000', 'uptime']
2023-12-26 22:32:54,489 T0013: [D2-V2] /sbin/ip route list dev eth0
2023-12-26 22:32:55,160 T0013: [D2-V2] ['export TMOUT=0', 'stty cols 5000', 'uptime']
2023-12-26 22:32:55,169 T0012: [D1-V1] /sbin/ip link set dev eth0 up
2023-12-26 22:32:55,838 T0012: [D1-V1] /sbin/ip route list dev eth0
2023-12-26 22:32:56,247 T0015: [D4-V4] /sbin/ip link set dev eth0 up
2023-12-26 22:32:56,506 T0014: [D3-V3] /sbin/ip link set dev eth0 up
2023-12-26 22:32:56,922 T0015: [D4-V4] /sbin/ip route list dev eth0
2023-12-26 22:32:57,176 T0014: [D3-V3] /sbin/ip route list dev eth0
2023-12-26 22:32:57,192 T0012: [D1-V1] show version
2023-12-26 22:32:57,294 T0013: [D2-V2] /sbin/ip link set dev eth0 up
2023-12-26 22:32:57,958 T0013: [D2-V2] /sbin/ip route list dev eth0
2023-12-26 22:32:58,265 T0015: [D4-V4] show version
2023-12-26 22:32:58,514 T0014: [D3-V3] show version
2023-12-26 22:32:59,296 T0013: [D2-V2] show version
2023-12-26 22:32:59,373 T0012: [D1-V1] /sbin/ip link set dev eth0 up
2023-12-26 22:33:00,042 T0012: [D1-V1] /sbin/ip route list dev eth0
2023-12-26 22:33:00,436 T0015: [D4-V4] /sbin/ip link set dev eth0 up
2023-12-26 22:33:00,692 T0014: [D3-V3] /sbin/ip link set dev eth0 up
2023-12-26 22:33:01,108 T0015: [D4-V4] /sbin/ip route list dev eth0
2023-12-26 22:33:01,367 T0014: [D3-V3] /sbin/ip route list dev eth0
2023-12-26 22:33:01,426 T0013: [D2-V2] /sbin/ip link set dev eth0 up
2023-12-26 22:33:02,094 T0013: [D2-V2] /sbin/ip route list dev eth0
2023-12-26 22:33:02,205 T0012: [D1-V1] /sbin/ip link set dev eth0 up
2023-12-26 22:33:02,872 T0012: [D1-V1] /sbin/ip route list dev eth0
2023-12-26 22:33:03,262 T0015: [D4-V4] /sbin/ip link set dev eth0 up
2023-12-26 22:33:03,522 T0014: [D3-V3] /sbin/ip link set dev eth0 up
2023-12-26 22:33:03,929 T0015: [D4-V4] /sbin/ip route list dev eth0
2023-12-26 22:33:04,192 T0014: [D3-V3] /sbin/ip route list dev eth0
2023-12-26 22:33:04,244 T0013: [D2-V2] /sbin/ip link set dev eth0 up
2023-12-26 22:33:04,910 T0013: [D2-V2] /sbin/ip route list dev eth0
2023-12-26 22:35:26,310 T0036: [D1-V1] sudo show interfaces status
2023-12-26 22:35:26,315 T0037: [D2-V2] sudo show interfaces status
2023-12-26 22:35:26,322 T0038: [D3-V3] sudo show interfaces status
2023-12-26 22:35:26,325 T0039: [D4-V4] sudo show interfaces status
2023-12-26 22:35:28,220 T0039: [D4-V4] config interface startup Ethernet16
2023-12-26 22:35:28,332 T0038: [D3-V3] config interface startup Ethernet16
2023-12-26 22:35:28,335 T0037: [D2-V2] config interface startup Ethernet16
2023-12-26 22:35:28,376 T0036: [D1-V1] config interface startup Ethernet0
2023-12-26 22:35:29,643 T0039: [D4-V4] config interface startup Ethernet20
2023-12-26 22:35:29,706 T0037: [D2-V2] config interface startup Ethernet20
2023-12-26 22:35:29,751 T0036: [D1-V1] config interface startup Ethernet4
2023-12-26 22:35:29,756 T0038: [D3-V3] config interface startup Ethernet20
2023-12-26 22:35:31,115 T0039: [D4-V4] config interface startup Ethernet24
2023-12-26 22:35:31,122 T0037: [D2-V2] config interface startup Ethernet24
2023-12-26 22:35:31,128 T0036: [D1-V1] config interface startup Ethernet8
2023-12-26 22:35:31,175 T0038: [D3-V3] config interface startup Ethernet24
2023-12-26 22:35:32,500 T0036: [D1-V1] config interface startup Ethernet12
2023-12-26 22:35:32,539 T0038: [D3-V3] config interface startup Ethernet28
2023-12-26 22:35:32,582 T0039: [D4-V4] config interface startup Ethernet28
2023-12-26 22:35:32,587 T0037: [D2-V2] config interface startup Ethernet28
2023-12-26 22:35:33,874 T0036: [D1-V1] config interface startup Ethernet16
2023-12-26 22:35:33,903 T0038: [D3-V3] config interface startup Ethernet32
2023-12-26 22:35:33,953 T0037: [D2-V2] config interface startup Ethernet32
2023-12-26 22:35:34,048 T0039: [D4-V4] config interface startup Ethernet32
2023-12-26 22:35:35,147 T0036: [D1-V1] config interface startup Ethernet20
2023-12-26 22:35:35,215 T0038: [D3-V3] config interface startup Ethernet36
2023-12-26 22:35:35,220 T0037: [D2-V2] config interface startup Ethernet36
2023-12-26 22:35:35,365 T0039: [D4-V4] config interface startup Ethernet36
2023-12-26 22:35:36,369 T0036: [D1-V1] config interface startup Ethernet24
2023-12-26 22:35:36,440 T0037: [D2-V2] config interface startup Ethernet0
2023-12-26 22:35:36,481 T0038: [D3-V3] config interface startup Ethernet40
2023-12-26 22:35:36,632 T0039: [D4-V4] config interface startup Ethernet40
2023-12-26 22:35:37,644 T0036: [D1-V1] config interface startup Ethernet28
2023-12-26 22:35:37,713 T0037: [D2-V2] config interface startup Ethernet4
2023-12-26 22:35:37,745 T0038: [D3-V3] config interface startup Ethernet44
2023-12-26 22:35:37,949 T0039: [D4-V4] config interface startup Ethernet44
2023-12-26 22:35:38,916 T0036: [D1-V1] config interface startup Ethernet32
2023-12-26 22:35:38,936 T0037: [D2-V2] config interface startup Ethernet8
2023-12-26 22:35:39,015 T0038: [D3-V3] config interface startup Ethernet0
2023-12-26 22:35:39,219 T0039: [D4-V4] config interface startup Ethernet48
2023-12-26 22:35:40,141 T0036: [D1-V1] config interface startup Ethernet36
2023-12-26 22:35:40,155 T0037: [D2-V2] config interface startup Ethernet12
2023-12-26 22:35:40,231 T0038: [D3-V3] config interface startup Ethernet4
2023-12-26 22:35:40,491 T0039: [D4-V4] config interface startup Ethernet52
2023-12-26 22:35:41,375 T0037: [D2-V2] config interface startup Ethernet40
2023-12-26 22:35:41,414 T0036: [D1-V1] config interface startup Ethernet40
2023-12-26 22:35:41,452 T0038: [D3-V3] config interface startup Ethernet8
2023-12-26 22:35:41,813 T0039: [D4-V4] config interface startup Ethernet56
2023-12-26 22:35:42,596 T0037: [D2-V2] config interface startup Ethernet44
2023-12-26 22:35:42,632 T0036: [D1-V1] config interface startup Ethernet44
2023-12-26 22:35:42,672 T0038: [D3-V3] config interface startup Ethernet12
2023-12-26 22:35:43,087 T0039: [D4-V4] config interface startup Ethernet60
2023-12-26 22:35:43,818 T0037: [D2-V2] config interface startup Ethernet48
2023-12-26 22:35:43,898 T0038: [D3-V3] config interface startup Ethernet48
2023-12-26 22:35:43,906 T0036: [D1-V1] config interface startup Ethernet48
2023-12-26 22:35:44,309 T0039: [D4-V4] config interface startup Ethernet64
2023-12-26 22:35:45,041 T0037: [D2-V2] config interface startup Ethernet52
2023-12-26 22:35:45,132 T0038: [D3-V3] config interface startup Ethernet52
2023-12-26 22:35:45,184 T0036: [D1-V1] config interface startup Ethernet52
2023-12-26 22:35:45,538 T0039: [D4-V4] config interface startup Ethernet68
2023-12-26 22:35:46,262 T0037: [D2-V2] config interface startup Ethernet56
2023-12-26 22:35:46,358 T0038: [D3-V3] config interface startup Ethernet56
2023-12-26 22:35:46,456 T0036: [D1-V1] config interface startup Ethernet56
2023-12-26 22:35:46,816 T0039: [D4-V4] config interface startup Ethernet0
2023-12-26 22:35:47,580 T0038: [D3-V3] config interface startup Ethernet60
2023-12-26 22:35:47,677 T0036: [D1-V1] config interface startup Ethernet60
2023-12-26 22:35:47,687 T0037: [D2-V2] config interface startup Ethernet60
2023-12-26 22:35:48,093 T0039: [D4-V4] config interface startup Ethernet4
2023-12-26 22:35:48,801 T0038: [D3-V3] config interface startup Ethernet64
2023-12-26 22:35:48,906 T0036: [D1-V1] config interface startup Ethernet64
2023-12-26 22:35:48,911 T0037: [D2-V2] config interface startup Ethernet64
2023-12-26 22:35:49,369 T0039: [D4-V4] config interface startup Ethernet8
2023-12-26 22:35:50,133 T0036: [D1-V1] config interface startup Ethernet68
2023-12-26 22:35:50,141 T0037: [D2-V2] config interface startup Ethernet68
2023-12-26 22:35:50,226 T0038: [D3-V3] config interface startup Ethernet68
2023-12-26 22:35:50,641 T0039: [D4-V4] config interface startup Ethernet12
2023-12-26 22:35:51,376 T0036: [D1-V1] config interface shutdown Ethernet72
2023-12-26 22:35:51,380 T0037: [D2-V2] config interface shutdown Ethernet72
2023-12-26 22:35:51,449 T0038: [D3-V3] config interface shutdown Ethernet72
2023-12-26 22:35:51,914 T0039: [D4-V4] config interface shutdown Ethernet72
2023-12-26 22:35:52,605 T0036: [D1-V1] config interface shutdown Ethernet76
2023-12-26 22:35:52,612 T0037: [D2-V2] config interface shutdown Ethernet76
2023-12-26 22:35:52,669 T0038: [D3-V3] config interface shutdown Ethernet76
2023-12-26 22:35:53,185 T0039: [D4-V4] config interface shutdown Ethernet76
2023-12-26 22:35:53,839 T0036: [D1-V1] config interface shutdown Ethernet80
2023-12-26 22:35:53,847 T0037: [D2-V2] config interface shutdown Ethernet80
2023-12-26 22:35:53,890 T0038: [D3-V3] config interface shutdown Ethernet80
2023-12-26 22:35:54,458 T0039: [D4-V4] config interface shutdown Ethernet80
2023-12-26 22:35:55,073 T0036: [D1-V1] config interface shutdown Ethernet84
2023-12-26 22:35:55,081 T0037: [D2-V2] config interface shutdown Ethernet84
2023-12-26 22:35:55,112 T0038: [D3-V3] config interface shutdown Ethernet84
2023-12-26 22:35:55,731 T0039: [D4-V4] config interface shutdown Ethernet84
2023-12-26 22:35:56,313 T0037: [D2-V2] config interface shutdown Ethernet88
2023-12-26 22:35:56,333 T0038: [D3-V3] config interface shutdown Ethernet88
2023-12-26 22:35:56,359 T0036: [D1-V1] config interface shutdown Ethernet88
2023-12-26 22:35:57,002 T0039: [D4-V4] config interface shutdown Ethernet88
2023-12-26 22:35:57,534 T0037: [D2-V2] config interface shutdown Ethernet92
2023-12-26 22:35:57,554 T0038: [D3-V3] config interface shutdown Ethernet92
2023-12-26 22:35:57,630 T0036: [D1-V1] config interface shutdown Ethernet92
2023-12-26 22:35:58,223 T0039: [D4-V4] config interface shutdown Ethernet92
2023-12-26 22:35:58,754 T0037: [D2-V2] config interface shutdown Ethernet96
2023-12-26 22:35:58,776 T0038: [D3-V3] config interface shutdown Ethernet96
2023-12-26 22:35:58,901 T0036: [D1-V1] config interface shutdown Ethernet96
2023-12-26 22:35:59,445 T0039: [D4-V4] config interface shutdown Ethernet96
2023-12-26 22:35:59,975 T0037: [D2-V2] config interface shutdown Ethernet100
2023-12-26 22:35:59,993 T0038: [D3-V3] config interface shutdown Ethernet100
2023-12-26 22:36:00,122 T0036: [D1-V1] config interface shutdown Ethernet100
2023-12-26 22:36:00,716 T0039: [D4-V4] config interface shutdown Ethernet100
2023-12-26 22:36:01,197 T0037: [D2-V2] config interface shutdown Ethernet104
2023-12-26 22:36:01,211 T0038: [D3-V3] config interface shutdown Ethernet104
2023-12-26 22:36:01,344 T0036: [D1-V1] config interface shutdown Ethernet104
2023-12-26 22:36:01,988 T0039: [D4-V4] config interface shutdown Ethernet104
2023-12-26 22:36:02,417 T0037: [D2-V2] config interface shutdown Ethernet108
2023-12-26 22:36:02,424 T0038: [D3-V3] config interface shutdown Ethernet108
2023-12-26 22:36:02,565 T0036: [D1-V1] config interface shutdown Ethernet108
2023-12-26 22:36:03,260 T0039: [D4-V4] config interface shutdown Ethernet108
2023-12-26 22:36:03,638 T0037: [D2-V2] config interface shutdown Ethernet112
2023-12-26 22:36:03,642 T0038: [D3-V3] config interface shutdown Ethernet112
2023-12-26 22:36:03,786 T0036: [D1-V1] config interface shutdown Ethernet112
2023-12-26 22:36:04,528 T0039: [D4-V4] config interface shutdown Ethernet112
2023-12-26 22:36:04,867 T0038: [D3-V3] config interface shutdown Ethernet116
2023-12-26 22:36:04,871 T0037: [D2-V2] config interface shutdown Ethernet116
2023-12-26 22:36:05,007 T0036: [D1-V1] config interface shutdown Ethernet116
2023-12-26 22:36:05,749 T0039: [D4-V4] config interface shutdown Ethernet116
2023-12-26 22:36:06,091 T0038: [D3-V3] config interface shutdown Ethernet120
2023-12-26 22:36:06,229 T0036: [D1-V1] config interface shutdown Ethernet120
2023-12-26 22:36:06,248 T0037: [D2-V2] config interface shutdown Ethernet120
2023-12-26 22:36:07,021 T0039: [D4-V4] config interface shutdown Ethernet120
2023-12-26 22:36:07,308 T0038: [D3-V3] config interface shutdown Ethernet124
2023-12-26 22:36:07,450 T0036: [D1-V1] config interface shutdown Ethernet124
2023-12-26 22:36:07,468 T0037: [D2-V2] config interface shutdown Ethernet124
2023-12-26 22:36:08,293 T0039: [D4-V4] config interface shutdown Ethernet124
2023-12-26 22:36:15,615 T0040: [D1-V1] show version
2023-12-26 22:36:15,620 T0041: [D2-V2] show version
2023-12-26 22:36:15,627 T0042: [D3-V3] show version
2023-12-26 22:36:15,632 T0043: [D4-V4] show version
2023-12-26 22:36:17,829 T0041: [D2-V2] cat /var/run/redis/sonic-db/database_config.json
2023-12-26 22:36:18,784 T0040: [D1-V1] cat /var/run/redis/sonic-db/database_config.json
2023-12-26 22:36:19,619 T0043: [D4-V4] cat /var/run/redis/sonic-db/database_config.json
2023-12-26 22:36:20,496 T0042: [D3-V3] cat /var/run/redis/sonic-db/database_config.json
2023-12-26 22:36:20,547 T0041: [D2-V2] /sbin/ifconfig eth0
2023-12-26 22:36:20,550 T0040: [D1-V1] /sbin/ifconfig eth0
2023-12-26 22:36:20,889 T0043: [D4-V4] /sbin/ifconfig eth0
2023-12-26 22:36:21,245 T0041: [D2-V2] ls /etc/sonic/bcmsim.cfg
2023-12-26 22:36:21,246 T0040: [D1-V1] ls /etc/sonic/bcmsim.cfg
2023-12-26 22:36:21,263 T0042: [D3-V3] /sbin/ifconfig eth0
2023-12-26 22:36:21,571 T0043: [D4-V4] ls /etc/sonic/bcmsim.cfg
2023-12-26 22:36:21,939 T0042: [D3-V3] ls /etc/sonic/bcmsim.cfg
2023-12-26 22:36:22,627 T0044: [D1-V1] no router bgp
2023-12-26 22:36:22,635 T0046: [D3-V3] no router bgp
2023-12-26 22:36:22,641 T0045: [D2-V2] no router bgp
2023-12-26 22:36:22,648 T0047: [D4-V4] no router bgp
2023-12-26 22:36:24,421 T0047: [D4-V4] config feature state sflow enabled
2023-12-26 22:36:24,431 T0045: [D2-V2] config feature state sflow enabled
2023-12-26 22:36:24,441 T0044: [D1-V1] config feature state sflow enabled
2023-12-26 22:36:24,450 T0046: [D3-V3] config feature state sflow enabled
2023-12-26 22:36:26,616 T0044: [D1-V1] config feature state nat enabled
2023-12-26 22:36:26,624 T0047: [D4-V4] config feature state nat enabled
2023-12-26 22:36:26,700 T0045: [D2-V2] config feature state nat enabled
2023-12-26 22:36:26,714 T0046: [D3-V3] config feature state nat enabled
2023-12-26 22:36:31,156 T0052: [D1-V1] config save /tmp/config-db-V1-post-session-prolog-session.json -y
2023-12-26 22:36:31,163 T0053: [D2-V2] config save /tmp/config-db-V2-post-session-prolog-session.json -y
2023-12-26 22:36:31,168 T0054: [D3-V3] config save /tmp/config-db-V3-post-session-prolog-session.json -y
2023-12-26 22:36:31,172 T0055: [D4-V4] config save /tmp/config-db-V4-post-session-prolog-session.json -y
2023-12-26 22:36:32,785 T0053: [D2-V2] chmod 777 /tmp/config-db-V2-post-session-prolog-session.json
2023-12-26 22:36:32,798 T0055: [D4-V4] chmod 777 /tmp/config-db-V4-post-session-prolog-session.json
2023-12-26 22:36:32,832 T0052: [D1-V1] chmod 777 /tmp/config-db-V1-post-session-prolog-session.json
2023-12-26 22:36:32,843 T0054: [D3-V3] chmod 777 /tmp/config-db-V3-post-session-prolog-session.json
2023-12-26 22:36:34,258 T0053: [D2-V2] /sbin/ip link set dev eth0 up
2023-12-26 22:36:34,271 T0055: [D4-V4] /sbin/ip link set dev eth0 up
2023-12-26 22:36:34,307 T0052: [D1-V1] /sbin/ip link set dev eth0 up
2023-12-26 22:36:34,317 T0054: [D3-V3] /sbin/ip link set dev eth0 up
2023-12-26 22:36:34,925 T0053: [D2-V2] /sbin/ip route list dev eth0
2023-12-26 22:36:34,938 T0055: [D4-V4] /sbin/ip route list dev eth0
2023-12-26 22:36:34,973 T0052: [D1-V1] /sbin/ip route list dev eth0
2023-12-26 22:36:34,984 T0054: [D3-V3] /sbin/ip route list dev eth0
2023-12-26 22:36:43,385 T0053: [D2-V2] sudo vtysh -c 'show running-config' > /tmp/vtysh-runcfg-V2-post-session-prolog-session.txt
2023-12-26 22:36:43,391 T0055: [D4-V4] sudo vtysh -c 'show running-config' > /tmp/vtysh-runcfg-V4-post-session-prolog-session.txt
2023-12-26 22:36:43,399 T0052: [D1-V1] sudo vtysh -c 'show running-config' > /tmp/vtysh-runcfg-V1-post-session-prolog-session.txt
2023-12-26 22:36:43,456 T0054: [D3-V3] sudo vtysh -c 'show running-config' > /tmp/vtysh-runcfg-V3-post-session-prolog-session.txt
2023-12-26 22:36:44,208 T0055: [D4-V4] chmod 777 /tmp/vtysh-runcfg-V4-post-session-prolog-session.txt
2023-12-26 22:36:44,251 T0053: [D2-V2] chmod 777 /tmp/vtysh-runcfg-V2-post-session-prolog-session.txt
2023-12-26 22:36:44,265 T0052: [D1-V1] chmod 777 /tmp/vtysh-runcfg-V1-post-session-prolog-session.txt
2023-12-26 22:36:44,272 T0054: [D3-V3] chmod 777 /tmp/vtysh-runcfg-V3-post-session-prolog-session.txt
2023-12-26 22:36:45,683 T0055: [D4-V4] /sbin/ip link set dev eth0 up
2023-12-26 22:36:45,725 T0053: [D2-V2] /sbin/ip link set dev eth0 up
2023-12-26 22:36:45,738 T0052: [D1-V1] /sbin/ip link set dev eth0 up
2023-12-26 22:36:45,747 T0054: [D3-V3] /sbin/ip link set dev eth0 up
2023-12-26 22:36:46,349 T0055: [D4-V4] /sbin/ip route list dev eth0
2023-12-26 22:36:46,392 T0053: [D2-V2] /sbin/ip route list dev eth0
2023-12-26 22:36:46,402 T0052: [D1-V1] /sbin/ip route list dev eth0
2023-12-26 22:36:46,413 T0054: [D3-V3] /sbin/ip route list dev eth0
2023-12-26 22:36:56,701 T0000: 
================== Framework Module Hook: batch/test_spytest_infra_1.py ==================
2023-12-26 22:36:56,749 T0101: [D2-V2] sudo show interfaces status Ethernet124
2023-12-26 22:36:56,757 T0100: [D1-V1] sudo show interfaces status Ethernet124
2023-12-26 22:36:56,764 T0102: [D3-V3] sudo show interfaces status Ethernet124
2023-12-26 22:36:56,771 T0103: [D4-V4] sudo show interfaces status Ethernet124
2023-12-26 22:36:59,207 T0105: [D1-V1] sudo show interfaces status
2023-12-26 22:36:59,209 T0106: [D2-V2] sudo show interfaces status
2023-12-26 22:36:59,213 T0107: [D3-V3] sudo show interfaces status
2023-12-26 22:36:59,216 T0108: [D4-V4] sudo show interfaces status
2023-12-26 22:37:01,344 T0000: 
================== Framework Module Hook Finish: batch/test_spytest_infra_1.py ==================
2023-12-26 22:37:01,345 T0000: 
================== Framework Function Hook: batch/test_spytest_infra_1.py::test_spytest_infra_first ==================
2023-12-26 22:37:05,697 T0114: [D1-V1] sudo show interfaces status
2023-12-26 22:37:05,701 T0115: [D2-V2] sudo show interfaces status
2023-12-26 22:37:05,704 T0116: [D3-V3] sudo show interfaces status
2023-12-26 22:37:05,707 T0117: [D4-V4] sudo show interfaces status
2023-12-26 22:37:07,658 T0118: [D1-V1] sudo show interfaces status Ethernet124
2023-12-26 22:37:07,667 T0120: [D3-V3] sudo show interfaces status Ethernet124
2023-12-26 22:37:07,670 T0119: [D2-V2] sudo show interfaces status Ethernet124
2023-12-26 22:37:07,678 T0121: [D4-V4] sudo show interfaces status Ethernet124
2023-12-26 22:37:12,103 T0000: 
================== Framework Function Hook Finish: batch/test_spytest_infra_1.py::test_spytest_infra_first ==================
2023-12-26 22:37:12,106 T0000: 
================== Test Execution: batch/test_spytest_infra_1.py::test_spytest_infra_first ==================
2023-12-26 22:37:12,143 T0000: 
================== Framework Function Hook Finalize: batch/test_spytest_infra_1.py::test_spytest_infra_first ==================
2023-12-26 22:37:12,862 T0000: 
================== Framework Function Hook: batch/test_spytest_infra_1.py::test_spytest_infra_second ==================
2023-12-26 22:37:12,898 T0123: [D1-V1] sudo show interfaces status
2023-12-26 22:37:12,901 T0124: [D2-V2] sudo show interfaces status
2023-12-26 22:37:12,904 T0125: [D3-V3] sudo show interfaces status
2023-12-26 22:37:12,907 T0126: [D4-V4] sudo show interfaces status
2023-12-26 22:37:14,923 T0127: [D1-V1] sudo show interfaces status Ethernet124
2023-12-26 22:37:14,933 T0128: [D2-V2] sudo show interfaces status Ethernet124
2023-12-26 22:37:14,937 T0129: [D3-V3] sudo show interfaces status Ethernet124
2023-12-26 22:37:14,943 T0130: [D4-V4] sudo show interfaces status Ethernet124
2023-12-26 22:37:19,140 T0000: 
================== Framework Function Hook Finish: batch/test_spytest_infra_1.py::test_spytest_infra_second ==================
2023-12-26 22:37:19,141 T0000: 
================== Test Execution: batch/test_spytest_infra_1.py::test_spytest_infra_second ==================
2023-12-26 22:37:19,181 T0000: 
================== Framework Function Hook Finalize: batch/test_spytest_infra_1.py::test_spytest_infra_second ==================
2023-12-26 22:37:19,188 T0131: [D1-V1] sudo show interfaces status Ethernet124
2023-12-26 22:37:19,198 T0133: [D3-V3] sudo show interfaces status Ethernet124
2023-12-26 22:37:19,202 T0132: [D2-V2] sudo show interfaces status Ethernet124
2023-12-26 22:37:19,209 T0134: [D4-V4] sudo show interfaces status Ethernet124
2023-12-26 22:37:21,794 T0000: 
================== Framework Module Hook Finalize: batch/test_spytest_infra_1.py Pass: 2/2 ==================
2023-12-26 22:37:21,794 T0000: 
================== Devices used: batch/test_spytest_infra_1.py 4 ['V1', 'V3', 'V2', 'V4'] ==================
2023-12-26 22:37:23,460 T0000: 
================== Framework Module Hook: routing/BGP/test_bgp_4node.py ==================
2023-12-26 22:37:23,490 T0147: [D1-V1] sudo show interfaces status Ethernet124
2023-12-26 22:37:23,497 T0148: [D2-V2] sudo show interfaces status Ethernet124
2023-12-26 22:37:23,504 T0149: [D3-V3] sudo show interfaces status Ethernet124
2023-12-26 22:37:23,510 T0150: [D4-V4] sudo show interfaces status Ethernet124
2023-12-26 22:37:26,070 T0152: [D1-V1] sudo show interfaces status
2023-12-26 22:37:26,073 T0153: [D2-V2] sudo show interfaces status
2023-12-26 22:37:26,076 T0154: [D3-V3] sudo show interfaces status
2023-12-26 22:37:26,079 T0155: [D4-V4] sudo show interfaces status
2023-12-26 22:37:28,068 T0156: [D1-V1] config save /tmp/config-db-V1-pre-module-prolog-routing-BGP-test_bgp_4node.py.json -y
2023-12-26 22:37:28,076 T0157: [D2-V2] config save /tmp/config-db-V2-pre-module-prolog-routing-BGP-test_bgp_4node.py.json -y
2023-12-26 22:37:28,082 T0158: [D3-V3] config save /tmp/config-db-V3-pre-module-prolog-routing-BGP-test_bgp_4node.py.json -y
2023-12-26 22:37:28,086 T0159: [D4-V4] config save /tmp/config-db-V4-pre-module-prolog-routing-BGP-test_bgp_4node.py.json -y
2023-12-26 22:37:29,811 T0157: [D2-V2] chmod 777 /tmp/config-db-V2-pre-module-prolog-routing-BGP-test_bgp_4node.py.json
2023-12-26 22:37:29,824 T0158: [D3-V3] chmod 777 /tmp/config-db-V3-pre-module-prolog-routing-BGP-test_bgp_4node.py.json
2023-12-26 22:37:29,833 T0159: [D4-V4] chmod 777 /tmp/config-db-V4-pre-module-prolog-routing-BGP-test_bgp_4node.py.json
2023-12-26 22:37:29,846 T0156: [D1-V1] chmod 777 /tmp/config-db-V1-pre-module-prolog-routing-BGP-test_bgp_4node.py.json
2023-12-26 22:37:31,290 T0157: [D2-V2] /sbin/ip link set dev eth0 up
2023-12-26 22:37:31,301 T0158: [D3-V3] /sbin/ip link set dev eth0 up
2023-12-26 22:37:31,309 T0159: [D4-V4] /sbin/ip link set dev eth0 up
2023-12-26 22:37:31,312 T0156: [D1-V1] /sbin/ip link set dev eth0 up
2023-12-26 22:37:31,962 T0157: [D2-V2] /sbin/ip route list dev eth0
2023-12-26 22:37:31,971 T0158: [D3-V3] /sbin/ip route list dev eth0
2023-12-26 22:37:31,991 T0159: [D4-V4] /sbin/ip route list dev eth0
2023-12-26 22:37:31,996 T0156: [D1-V1] /sbin/ip route list dev eth0
2023-12-26 22:37:40,396 T0157: [D2-V2] sudo vtysh -c 'show running-config' > /tmp/vtysh-runcfg-V2-pre-module-prolog-routing-BGP-test_bgp_4node.py.txt
2023-12-26 22:37:40,435 T0159: [D4-V4] sudo vtysh -c 'show running-config' > /tmp/vtysh-runcfg-V4-pre-module-prolog-routing-BGP-test_bgp_4node.py.txt
2023-12-26 22:37:40,437 T0156: [D1-V1] sudo vtysh -c 'show running-config' > /tmp/vtysh-runcfg-V1-pre-module-prolog-routing-BGP-test_bgp_4node.py.txt
2023-12-26 22:37:40,444 T0158: [D3-V3] sudo vtysh -c 'show running-config' > /tmp/vtysh-runcfg-V3-pre-module-prolog-routing-BGP-test_bgp_4node.py.txt
2023-12-26 22:37:41,263 T0156: [D1-V1] chmod 777 /tmp/vtysh-runcfg-V1-pre-module-prolog-routing-BGP-test_bgp_4node.py.txt
2023-12-26 22:37:41,269 T0157: [D2-V2] chmod 777 /tmp/vtysh-runcfg-V2-pre-module-prolog-routing-BGP-test_bgp_4node.py.txt
2023-12-26 22:37:41,319 T0159: [D4-V4] chmod 777 /tmp/vtysh-runcfg-V4-pre-module-prolog-routing-BGP-test_bgp_4node.py.txt
2023-12-26 22:37:41,325 T0158: [D3-V3] chmod 777 /tmp/vtysh-runcfg-V3-pre-module-prolog-routing-BGP-test_bgp_4node.py.txt
2023-12-26 22:37:42,756 T0156: [D1-V1] /sbin/ip link set dev eth0 up
2023-12-26 22:37:42,761 T0157: [D2-V2] /sbin/ip link set dev eth0 up
2023-12-26 22:37:42,810 T0159: [D4-V4] /sbin/ip link set dev eth0 up
2023-12-26 22:37:42,811 T0158: [D3-V3] /sbin/ip link set dev eth0 up
2023-12-26 22:37:43,437 T0156: [D1-V1] /sbin/ip route list dev eth0
2023-12-26 22:37:43,445 T0157: [D2-V2] /sbin/ip route list dev eth0
2023-12-26 22:37:43,483 T0159: [D4-V4] /sbin/ip route list dev eth0
2023-12-26 22:37:43,488 T0158: [D3-V3] /sbin/ip route list dev eth0
2023-12-26 22:37:51,975 T0000: 
================== Framework Module Hook Finish: routing/BGP/test_bgp_4node.py ==================
2023-12-26 22:37:51,976 T0000: 
================== Module Hook: routing/BGP/test_bgp_4node.py bgp_module_hooks ==================
2023-12-26 22:37:51,989 T0192: [D1-V1] config interface ip add Ethernet16 11.1.0.1/24
2023-12-26 22:37:51,993 T0193: [D2-V2] config interface ip add Ethernet16 11.1.0.2/24
2023-12-26 22:37:53,272 T0194: [D1-V1] config interface ip add Ethernet16 67fe:1::1/64
2023-12-26 22:37:53,278 T0195: [D2-V2] config interface ip add Ethernet16 67fe:1::2/64
2023-12-26 22:37:54,512 T0196: [D2-V2] config interface ip add Ethernet40 11.2.0.1/24
2023-12-26 22:37:54,518 T0197: [D3-V3] config interface ip add Ethernet32 11.2.0.2/24
2023-12-26 22:37:55,797 T0198: [D2-V2] config interface ip add Ethernet40 67fe:2::1/64
2023-12-26 22:37:55,803 T0199: [D3-V3] config interface ip add Ethernet32 67fe:2::2/64
2023-12-26 22:37:57,084 T0200: [D3-V3] config interface ip add Ethernet48 11.3.0.1/24
2023-12-26 22:37:57,087 T0201: [D4-V4] config interface ip add Ethernet48 11.3.0.2/24
2023-12-26 22:37:58,471 T0202: [D3-V3] config interface ip add Ethernet48 67fe:3::1/64
2023-12-26 22:37:58,478 T0203: [D4-V4] config interface ip add Ethernet48 67fe:3::2/64
2023-12-26 22:37:59,801 T0000: [D1-V1] ping -4 11.1.0.2 -c 3 
2023-12-26 22:38:02,531 T0000: [D1-V1] ping -6 67fe:1::2 -c 3 
2023-12-26 22:38:05,253 T0000: [D2-V2] ping -4 11.2.0.2 -c 3 
2023-12-26 22:38:07,978 T0000: [D2-V2] ping -6 67fe:2::2 -c 3 
2023-12-26 22:38:10,699 T0000: [D3-V3] ping -4 11.3.0.2 -c 3 
2023-12-26 22:38:13,419 T0000: [D3-V3] ping -6 67fe:3::2 -c 3 
2023-12-26 22:38:16,138 T0000: 
================== Module Hook Finish: routing/BGP/test_bgp_4node.py bgp_module_hooks ==================
2023-12-26 22:38:16,138 T0000: 
================== Class Hook: routing/BGP/test_bgp_4node.py bgp_confed_class_hook ==================
2023-12-26 22:38:16,146 T0000: [D1-V1]  router bgp 24
 no bgp ebgp-requires-policy
2023-12-26 22:38:18,795 T0000: [D1-V1]  bgp confederation peers 35
 bgp confederation identifier 100
 neighbor 11.1.0.2 remote-as 35

2023-12-26 22:38:20,256 T0000: [D2-V2]  router bgp 35
 no bgp ebgp-requires-policy
2023-12-26 22:38:22,852 T0000: [D2-V2]  bgp confederation peers 24
 bgp confederation identifier 100
 neighbor 11.2.0.2 remote-as 35

2023-12-26 22:38:24,307 T0000: [D2-V2]  router bgp 35
 no bgp ebgp-requires-policy
2023-12-26 22:38:25,761 T0000: [D2-V2] neighbor 11.1.0.1 remote-as 24
2023-12-26 22:38:26,461 T0000: [D2-V2] neighbor 11.1.0.1 timers 60 180
2023-12-26 22:38:27,164 T0000: [D2-V2] address-family ipv4 unicast
2023-12-26 22:38:27,871 T0000: [D2-V2] neighbor 11.1.0.1 activate
2023-12-26 22:38:28,579 T0000: [D3-V3]  router bgp 35
 no bgp ebgp-requires-policy
2023-12-26 22:38:31,172 T0000: [D3-V3]  bgp confederation peers 24
 bgp confederation identifier 100
 neighbor 11.3.0.2 remote-as 35

2023-12-26 22:38:32,635 T0000: [D3-V3]  router bgp 35
 no bgp ebgp-requires-policy
2023-12-26 22:38:34,089 T0000: [D3-V3] neighbor 11.2.0.1 remote-as 35
2023-12-26 22:38:34,789 T0000: [D3-V3] neighbor 11.2.0.1 timers 60 180
2023-12-26 22:38:35,492 T0000: [D3-V3] address-family ipv4 unicast
2023-12-26 22:38:36,196 T0000: [D3-V3] neighbor 11.2.0.1 activate
2023-12-26 22:38:36,906 T0000: [D4-V4]  router bgp 35
 no bgp ebgp-requires-policy
2023-12-26 22:38:39,566 T0000: [D4-V4]  bgp confederation peers 24
 bgp confederation identifier 100
 neighbor 11.3.0.1 remote-as 35

2023-12-26 22:38:41,028 T0000: [D1-V1]  router bgp 24
 no bgp ebgp-requires-policy
2023-12-26 22:38:42,477 T0000: [D1-V1]  bgp confederation peers 35
 bgp confederation identifier 100
 neighbor 67fe:1::2 remote-as 35
address-family ipv6 unicast
 neighbor 67fe:1::2 activate

2023-12-26 22:38:43,939 T0000: [D2-V2]  router bgp 35
 no bgp ebgp-requires-policy
2023-12-26 22:38:45,389 T0000: [D2-V2]  bgp confederation peers 24
 bgp confederation identifier 100
 neighbor 67fe:2::2 remote-as 35
address-family ipv6 unicast
 neighbor 67fe:2::2 activate

2023-12-26 22:38:46,849 T0000: [D2-V2]  router bgp 35
 no bgp ebgp-requires-policy
2023-12-26 22:38:48,301 T0000: [D2-V2] neighbor 67fe:1::1 remote-as 24
2023-12-26 22:38:49,001 T0000: [D2-V2] neighbor 67fe:1::1 timers 60 180
2023-12-26 22:38:49,707 T0000: [D2-V2] address-family ipv6 unicast
2023-12-26 22:38:50,405 T0000: [D2-V2] neighbor 67fe:1::1 activate
2023-12-26 22:38:51,124 T0000: [D3-V3]  router bgp 35
 no bgp ebgp-requires-policy
2023-12-26 22:38:52,584 T0000: [D3-V3]  bgp confederation peers 24
 bgp confederation identifier 100
 neighbor 67fe:3::2 remote-as 35
address-family ipv6 unicast
 neighbor 67fe:3::2 activate

2023-12-26 22:38:54,045 T0000: [D3-V3]  router bgp 35
 no bgp ebgp-requires-policy
2023-12-26 22:38:55,505 T0000: [D3-V3] neighbor 67fe:2::1 remote-as 35
2023-12-26 22:38:56,203 T0000: [D3-V3] neighbor 67fe:2::1 timers 60 180
2023-12-26 22:38:56,902 T0000: [D3-V3] address-family ipv6 unicast
2023-12-26 22:38:57,600 T0000: [D3-V3] neighbor 67fe:2::1 activate
2023-12-26 22:38:58,306 T0000: [D4-V4]  router bgp 35
 no bgp ebgp-requires-policy
2023-12-26 22:38:59,758 T0000: [D4-V4]  bgp confederation peers 24
 bgp confederation identifier 100
 neighbor 67fe:3::1 remote-as 35
address-family ipv6 unicast
 neighbor 67fe:3::1 activate

2023-12-26 22:39:01,214 T0000: [D2-V2] show bgp ipv4 summary
2023-12-26 22:39:01,948 T0000: [D3-V3] show bgp ipv4 summary
2023-12-26 22:39:02,677 T0000: [D2-V2] show bgp ipv6 summary
2023-12-26 22:39:03,402 T0000: [D3-V3] show bgp ipv6 summary
2023-12-26 22:39:04,141 T0000: 
================== Class Hook Finish: routing/BGP/test_bgp_4node.py bgp_confed_class_hook ==================
2023-12-26 22:39:04,144 T0000: 
================== Framework Function Hook: routing/BGP/test_bgp_4node.py::TestBGPConfed::test_ipv6_confed_route_distribution ==================
2023-12-26 22:39:04,154 T0208: [D1-V1] config save /tmp/config-db-V1-post-module-prolog-routing-BGP-test_bgp_4node.py.json -y
2023-12-26 22:39:04,160 T0209: [D2-V2] config save /tmp/config-db-V2-post-module-prolog-routing-BGP-test_bgp_4node.py.json -y
2023-12-26 22:39:04,165 T0210: [D3-V3] config save /tmp/config-db-V3-post-module-prolog-routing-BGP-test_bgp_4node.py.json -y
2023-12-26 22:39:04,171 T0211: [D4-V4] config save /tmp/config-db-V4-post-module-prolog-routing-BGP-test_bgp_4node.py.json -y
2023-12-26 22:39:07,312 T0209: [D2-V2] chmod 777 /tmp/config-db-V2-post-module-prolog-routing-BGP-test_bgp_4node.py.json
2023-12-26 22:39:07,327 T0211: [D4-V4] chmod 777 /tmp/config-db-V4-post-module-prolog-routing-BGP-test_bgp_4node.py.json
2023-12-26 22:39:07,376 T0210: [D3-V3] chmod 777 /tmp/config-db-V3-post-module-prolog-routing-BGP-test_bgp_4node.py.json
2023-12-26 22:39:07,411 T0208: [D1-V1] chmod 777 /tmp/config-db-V1-post-module-prolog-routing-BGP-test_bgp_4node.py.json
2023-12-26 22:39:08,786 T0209: [D2-V2] /sbin/ip link set dev eth0 up
2023-12-26 22:39:08,801 T0211: [D4-V4] /sbin/ip link set dev eth0 up
2023-12-26 22:39:08,850 T0210: [D3-V3] /sbin/ip link set dev eth0 up
2023-12-26 22:39:08,885 T0208: [D1-V1] /sbin/ip link set dev eth0 up
2023-12-26 22:39:09,453 T0209: [D2-V2] /sbin/ip route list dev eth0
2023-12-26 22:39:09,464 T0211: [D4-V4] /sbin/ip route list dev eth0
2023-12-26 22:39:09,519 T0210: [D3-V3] /sbin/ip route list dev eth0
2023-12-26 22:39:09,554 T0208: [D1-V1] /sbin/ip route list dev eth0
2023-12-26 22:39:17,906 T0211: [D4-V4] sudo vtysh -c 'show running-config' > /tmp/vtysh-runcfg-V4-post-module-prolog-routing-BGP-test_bgp_4node.py.txt
2023-12-26 22:39:17,919 T0209: [D2-V2] sudo vtysh -c 'show running-config' > /tmp/vtysh-runcfg-V2-post-module-prolog-routing-BGP-test_bgp_4node.py.txt
2023-12-26 22:39:17,990 T0210: [D3-V3] sudo vtysh -c 'show running-config' > /tmp/vtysh-runcfg-V3-post-module-prolog-routing-BGP-test_bgp_4node.py.txt
2023-12-26 22:39:18,015 T0208: [D1-V1] sudo vtysh -c 'show running-config' > /tmp/vtysh-runcfg-V1-post-module-prolog-routing-BGP-test_bgp_4node.py.txt
2023-12-26 22:39:18,777 T0211: [D4-V4] chmod 777 /tmp/vtysh-runcfg-V4-post-module-prolog-routing-BGP-test_bgp_4node.py.txt
2023-12-26 22:39:18,785 T0209: [D2-V2] chmod 777 /tmp/vtysh-runcfg-V2-post-module-prolog-routing-BGP-test_bgp_4node.py.txt
2023-12-26 22:39:18,858 T0210: [D3-V3] chmod 777 /tmp/vtysh-runcfg-V3-post-module-prolog-routing-BGP-test_bgp_4node.py.txt
2023-12-26 22:39:18,882 T0208: [D1-V1] chmod 777 /tmp/vtysh-runcfg-V1-post-module-prolog-routing-BGP-test_bgp_4node.py.txt
2023-12-26 22:39:20,257 T0211: [D4-V4] /sbin/ip link set dev eth0 up
2023-12-26 22:39:20,262 T0209: [D2-V2] /sbin/ip link set dev eth0 up
2023-12-26 22:39:20,332 T0210: [D3-V3] /sbin/ip link set dev eth0 up
2023-12-26 22:39:20,358 T0208: [D1-V1] /sbin/ip link set dev eth0 up
2023-12-26 22:39:20,936 T0211: [D4-V4] /sbin/ip route list dev eth0
2023-12-26 22:39:20,944 T0209: [D2-V2] /sbin/ip route list dev eth0
2023-12-26 22:39:20,998 T0210: [D3-V3] /sbin/ip route list dev eth0
2023-12-26 22:39:21,028 T0208: [D1-V1] /sbin/ip route list dev eth0
2023-12-26 22:39:33,827 T0249: [D1-V1] sudo show interfaces status
2023-12-26 22:39:33,830 T0250: [D2-V2] sudo show interfaces status
2023-12-26 22:39:33,834 T0251: [D3-V3] sudo show interfaces status
2023-12-26 22:39:33,837 T0252: [D4-V4] sudo show interfaces status
2023-12-26 22:39:35,825 T0253: [D1-V1] sudo show interfaces status Ethernet124
2023-12-26 22:39:35,831 T0254: [D2-V2] sudo show interfaces status Ethernet124
2023-12-26 22:39:35,837 T0255: [D3-V3] sudo show interfaces status Ethernet124
2023-12-26 22:39:35,841 T0256: [D4-V4] sudo show interfaces status Ethernet124
2023-12-26 22:39:39,978 T0000: 
================== Framework Function Hook Finish: routing/BGP/test_bgp_4node.py::TestBGPConfed::test_ipv6_confed_route_distribution ==================
2023-12-26 22:39:39,981 T0000: 
================== Test Execution: routing/BGP/test_bgp_4node.py::TestBGPConfed::test_ipv6_confed_route_distribution ==================
2023-12-26 22:39:39,991 T0000: [D1-V1]  router bgp 24
 no bgp ebgp-requires-policy
2023-12-26 22:39:42,632 T0000: [D1-V1] no bgp network import-check 
address-family ipv4 unicast
  network 131.5.6.0/24
2023-12-26 22:39:44,091 T0000: [D1-V1]  router bgp 24
 no bgp ebgp-requires-policy
2023-12-26 22:39:45,541 T0000: [D1-V1] no bgp network import-check 
address-family ipv6 unicast
  network 2000:1::0/64
2023-12-26 22:39:47,000 T0000: [D3-V3] show bgp ipv4
2023-12-26 22:39:48,599 T0000: [D3-V3] show bgp ipv6
2023-12-26 22:39:49,344 T0000: [D1-V1]  router bgp 24
 no bgp ebgp-requires-policy
2023-12-26 22:39:50,796 T0000: [D1-V1] address-family ipv4 unicast
 no network 131.5.6.0/24
2023-12-26 22:39:52,263 T0000: [D1-V1]  router bgp 24
 no bgp ebgp-requires-policy
2023-12-26 22:39:53,713 T0000: [D1-V1] address-family ipv6 unicast
 no network 2000:1::0/64
2023-12-26 22:39:55,658 T0000: 
================== Framework Function Hook Finalize: routing/BGP/test_bgp_4node.py::TestBGPConfed::test_ipv6_confed_route_distribution ==================
2023-12-26 22:39:55,660 T0000: 
================== Framework Function Hook: routing/BGP/test_bgp_4node.py::TestBGPConfed::test_ipv6_confed_with_rr ==================
2023-12-26 22:39:55,689 T0270: [D1-V1] sudo show interfaces status
2023-12-26 22:39:55,691 T0271: [D2-V2] sudo show interfaces status
2023-12-26 22:39:55,694 T0272: [D3-V3] sudo show interfaces status
2023-12-26 22:39:55,698 T0273: [D4-V4] sudo show interfaces status
2023-12-26 22:39:58,976 T0274: [D1-V1] sudo show interfaces status Ethernet124
2023-12-26 22:39:58,987 T0276: [D3-V3] sudo show interfaces status Ethernet124
2023-12-26 22:39:58,992 T0275: [D2-V2] sudo show interfaces status Ethernet124
2023-12-26 22:39:59,000 T0277: [D4-V4] sudo show interfaces status Ethernet124
2023-12-26 22:40:03,247 T0000: 
================== Framework Function Hook Finish: routing/BGP/test_bgp_4node.py::TestBGPConfed::test_ipv6_confed_with_rr ==================
2023-12-26 22:40:03,248 T0000: 
================== Test Execution: routing/BGP/test_bgp_4node.py::TestBGPConfed::test_ipv6_confed_with_rr ==================
2023-12-26 22:40:03,259 T0000: [D2-V2]  router bgp 35
 no bgp ebgp-requires-policy
2023-12-26 22:40:05,900 T0000: [D2-V2] no bgp network import-check 
address-family ipv4 unicast
  network 131.6.6.0/24
2023-12-26 22:40:07,359 T0000: [D2-V2]  router bgp 35
 no bgp ebgp-requires-policy
2023-12-26 22:40:08,808 T0000: [D2-V2] no bgp network import-check 
address-family ipv6 unicast
  network 3000:1::0/64
2023-12-26 22:40:10,264 T0000: [D4-V4] show bgp ipv4
2023-12-26 22:40:11,852 T0000: [D4-V4] show bgp ipv6
2023-12-26 22:40:12,579 T0000: [D3-V3]  router bgp 35
 no bgp ebgp-requires-policy
2023-12-26 22:40:15,172 T0000: [D3-V3] address-family ipv4 unicast
  neighbor 11.3.0.2 route-reflector-client
2023-12-26 22:40:16,632 T0000: [D3-V3]  router bgp 35
 no bgp ebgp-requires-policy
2023-12-26 22:40:18,081 T0000: [D3-V3] address-family ipv6 unicast
  neighbor 67fe:3::2 route-reflector-client
2023-12-26 22:40:29,556 T0000: [D4-V4] show bgp ipv4
2023-12-26 22:40:30,288 T0000: [D4-V4] show bgp ipv6
2023-12-26 22:40:31,034 T0000: [D2-V2]  router bgp 35
 no bgp ebgp-requires-policy
2023-12-26 22:40:32,481 T0000: [D2-V2] address-family ipv4 unicast
 no network 131.6.6.0/24
2023-12-26 22:40:33,935 T0000: [D2-V2]  router bgp 35
 no bgp ebgp-requires-policy
2023-12-26 22:40:35,388 T0000: [D2-V2] address-family ipv6 unicast
 no network 3000:1::0/64
2023-12-26 22:40:36,847 T0000: [D3-V3]  router bgp 35
 no bgp ebgp-requires-policy
2023-12-26 22:40:38,297 T0000: [D3-V3] address-family ipv4 unicast
 no neighbor 11.3.0.2 route-reflector-client
2023-12-26 22:40:39,755 T0000: [D3-V3]  router bgp 35
 no bgp ebgp-requires-policy
2023-12-26 22:40:41,205 T0000: [D3-V3] address-family ipv6 unicast
 no neighbor 67fe:3::2 route-reflector-client
2023-12-26 22:40:43,157 T0000: 
================== Framework Function Hook Finalize: routing/BGP/test_bgp_4node.py::TestBGPConfed::test_ipv6_confed_with_rr ==================
2023-12-26 22:40:43,158 T0000: 
================== Framework Function Hook: routing/BGP/test_bgp_4node.py::TestBGPConfed::test_confed_route_distribution_with_rmap ==================
2023-12-26 22:40:43,188 T0291: [D1-V1] sudo show interfaces status
2023-12-26 22:40:43,190 T0292: [D2-V2] sudo show interfaces status
2023-12-26 22:40:43,194 T0293: [D3-V3] sudo show interfaces status
2023-12-26 22:40:43,197 T0294: [D4-V4] sudo show interfaces status
2023-12-26 22:40:46,634 T0296: [D2-V2] sudo show interfaces status Ethernet124
2023-12-26 22:40:46,638 T0295: [D1-V1] sudo show interfaces status Ethernet124
2023-12-26 22:40:46,645 T0297: [D3-V3] sudo show interfaces status Ethernet124
2023-12-26 22:40:46,652 T0298: [D4-V4] sudo show interfaces status Ethernet124
2023-12-26 22:40:50,806 T0000: 
================== Framework Function Hook Finish: routing/BGP/test_bgp_4node.py::TestBGPConfed::test_confed_route_distribution_with_rmap ==================
2023-12-26 22:40:50,807 T0000: 
================== Test Execution: routing/BGP/test_bgp_4node.py::TestBGPConfed::test_confed_route_distribution_with_rmap ==================
2023-12-26 22:40:50,809 T0000: [D1-V1]  access-list test-access-list1 permit 134.5.8.0/24

2023-12-26 22:40:52,666 T0000: [D1-V1]  route-map test-rmap permit 10

2023-12-26 22:40:53,364 T0000: [D1-V1]  match ip address test-access-list1
exit

2023-12-26 22:40:54,820 T0000: [D1-V1]  route-map test-rmap permit 10

2023-12-26 22:40:55,519 T0000: [D1-V1] set as-path prepend 200
exit

2023-12-26 22:40:56,969 T0000: [D1-V1]  access-list test-access-list2 deny 134.5.6.0/24

2023-12-26 22:40:57,672 T0000: [D1-V1]  route-map test-rmap deny 20

2023-12-26 22:40:58,371 T0000: [D1-V1]  match ip address test-access-list2
exit

2023-12-26 22:40:59,824 T0000: [D1-V1]  access-list test-access-list3 permit 134.5.7.0/24

2023-12-26 22:41:00,531 T0000: [D1-V1]  route-map test-rmap permit 30

2023-12-26 22:41:01,231 T0000: [D1-V1]  match ip address test-access-list3
exit

2023-12-26 22:41:02,694 T0000: [D1-V1]  router bgp 24
 no bgp ebgp-requires-policy
2023-12-26 22:41:04,148 T0000: [D1-V1]  network 134.5.6.0/24 route-map test-rmap
2023-12-26 22:41:04,859 T0000: [D1-V1]  router bgp 24
 no bgp ebgp-requires-policy
2023-12-26 22:41:06,313 T0000: [D1-V1]  network 134.5.7.0/24 route-map test-rmap
2023-12-26 22:41:07,023 T0000: [D1-V1]  router bgp 24
 no bgp ebgp-requires-policy
2023-12-26 22:41:08,476 T0000: [D1-V1]  network 134.5.8.0/24 route-map test-rmap
2023-12-26 22:41:09,178 T0000: [D2-V2] show bgp ipv4 134.5.8.0/24
2023-12-26 22:41:10,763 T0000: [D2-V2] show ip route
2023-12-26 22:41:11,497 T0000: [D2-V2] show ip route
2023-12-26 22:41:12,227 T0000: [D1-V1] no route-map test-rmap permit 10

2023-12-26 22:41:12,930 T0000: [D1-V1] no access-list test-access-list3 permit 134.5.7.0/24

2023-12-26 22:41:13,627 T0000: [D1-V1] no access-list test-access-list2 deny 134.5.6.0/24

2023-12-26 22:41:14,330 T0000: [D1-V1] no access-list test-access-list1 permit 134.5.8.0/24

2023-12-26 22:41:15,047 T0000: [D1-V1]  router bgp 24
 no bgp ebgp-requires-policy
2023-12-26 22:41:16,500 T0000: [D1-V1] no network 134.5.6.0/24 route-map test-rmap
2023-12-26 22:41:17,209 T0000: [D1-V1]  router bgp 24
 no bgp ebgp-requires-policy
2023-12-26 22:41:18,658 T0000: [D1-V1] no network 134.5.7.0/24 route-map test-rmap
2023-12-26 22:41:19,371 T0000: [D1-V1]  router bgp 24
 no bgp ebgp-requires-policy
2023-12-26 22:41:20,818 T0000: [D1-V1] no network 134.5.8.0/24 route-map test-rmap
2023-12-26 22:41:21,595 T0000: 
================== Framework Function Hook Finalize: routing/BGP/test_bgp_4node.py::TestBGPConfed::test_confed_route_distribution_with_rmap ==================
2023-12-26 22:41:21,596 T0000: [D1-V1] no router bgp
2023-12-26 22:41:22,317 T0000: [D2-V2] no router bgp
2023-12-26 22:41:23,747 T0000: [D3-V3] no router bgp
2023-12-26 22:41:25,602 T0000: [D4-V4] no router bgp
2023-12-26 22:41:27,501 T0000: 
================== Class Hook Finalize: routing/BGP/test_bgp_4node.py bgp_confed_class_hook ==================
2023-12-26 22:41:27,516 T0000: 
================== Class Hook Finalize: routing/BGP/test_bgp_4node.py bgp_confed_class_hook ==================
2023-12-26 22:41:27,532 T0000: 
================== Class Hook Finalize: routing/BGP/test_bgp_4node.py bgp_confed_class_hook ==================
2023-12-26 22:41:27,552 T0000: 
================== Framework Function Hook: routing/BGP/test_bgp_4node.py::test_ft_bgp_ibgp_RR_Loop ==================
2023-12-26 22:41:27,588 T0324: [D1-V1] sudo show interfaces status
2023-12-26 22:41:27,591 T0325: [D2-V2] sudo show interfaces status
2023-12-26 22:41:27,595 T0326: [D3-V3] sudo show interfaces status
2023-12-26 22:41:27,599 T0327: [D4-V4] sudo show interfaces status
2023-12-26 22:41:30,560 T0328: [D1-V1] sudo show interfaces status Ethernet124
2023-12-26 22:41:30,568 T0329: [D2-V2] sudo show interfaces status Ethernet124
2023-12-26 22:41:30,573 T0331: [D4-V4] sudo show interfaces status Ethernet124
2023-12-26 22:41:30,579 T0330: [D3-V3] sudo show interfaces status Ethernet124
2023-12-26 22:41:34,829 T0000: 
================== Framework Function Hook Finish: routing/BGP/test_bgp_4node.py::test_ft_bgp_ibgp_RR_Loop ==================
2023-12-26 22:41:34,830 T0000: 
================== Function Hook: routing/BGP/test_bgp_4node.py hooks_test_ft_bgp_ibgp_RR_Loop ==================
2023-12-26 22:41:34,847 T0000: 
================== Function Hook Finish: routing/BGP/test_bgp_4node.py hooks_test_ft_bgp_ibgp_RR_Loop ==================
2023-12-26 22:41:34,848 T0000: 
================== Test Execution: routing/BGP/test_bgp_4node.py::test_ft_bgp_ibgp_RR_Loop ==================
2023-12-26 22:41:34,854 T0340: [D1-V1] config interface ip add Ethernet40 11.4.0.1/24
2023-12-26 22:41:34,858 T0341: [D3-V3] config interface ip add Ethernet16 11.4.0.2/24
2023-12-26 22:41:36,136 T0342: [D1-V1]  router bgp 65001
 no bgp ebgp-requires-policy
2023-12-26 22:41:36,144 T0343: [D2-V2]  router bgp 65001
 no bgp ebgp-requires-policy
2023-12-26 22:41:36,151 T0344: [D3-V3]  router bgp 65001
 no bgp ebgp-requires-policy
2023-12-26 22:41:38,672 T0343: [D2-V2]  neighbor 11.1.0.1 remote-as 65001
address-family ipv4 unicast
 neighbor 11.1.0.1 activate

2023-12-26 22:41:38,679 T0344: [D3-V3]  neighbor 11.2.0.1 remote-as 65001
address-family ipv4 unicast
 neighbor 11.2.0.1 activate

2023-12-26 22:41:38,687 T0342: [D1-V1]  neighbor 11.1.0.2 remote-as 65001
address-family ipv4 unicast
 neighbor 11.1.0.2 activate

2023-12-26 22:41:40,115 T0345: [D1-V1]  router bgp 65001
 no bgp ebgp-requires-policy
2023-12-26 22:41:40,119 T0346: [D2-V2]  router bgp 65001
 no bgp ebgp-requires-policy
2023-12-26 22:41:40,126 T0347: [D3-V3]  router bgp 65001
 no bgp ebgp-requires-policy
2023-12-26 22:41:41,542 T0346: [D2-V2]  neighbor 11.2.0.2 remote-as 65001
address-family ipv4 unicast
 neighbor 11.2.0.2 activate

2023-12-26 22:41:41,549 T0345: [D1-V1]  neighbor 11.4.0.2 remote-as 65001
address-family ipv4 unicast
 neighbor 11.4.0.2 activate

2023-12-26 22:41:41,556 T0347: [D3-V3]  neighbor 11.4.0.1 remote-as 65001
address-family ipv4 unicast
 neighbor 11.4.0.1 activate

2023-12-26 22:41:42,979 T0348: [D1-V1]  router bgp 65001
 no bgp ebgp-requires-policy
2023-12-26 22:41:42,982 T0349: [D2-V2]  router bgp 65001
 no bgp ebgp-requires-policy
2023-12-26 22:41:42,990 T0350: [D3-V3]  router bgp 65001
 no bgp ebgp-requires-policy
2023-12-26 22:41:44,399 T0349: [D2-V2] address-family ipv4 unicast
  neighbor 11.2.0.2 route-reflector-client
2023-12-26 22:41:44,404 T0348: [D1-V1] address-family ipv4 unicast
  neighbor 11.1.0.2 route-reflector-client
2023-12-26 22:41:44,411 T0350: [D3-V3] address-family ipv4 unicast
  neighbor 11.4.0.1 route-reflector-client
2023-12-26 22:41:45,832 T0351: [D1-V1]  router bgp 65001
 no bgp ebgp-requires-policy
2023-12-26 22:41:45,835 T0352: [D2-V2]  router bgp 65001
 no bgp ebgp-requires-policy
2023-12-26 22:41:45,842 T0353: [D3-V3]  router bgp 65001
 no bgp ebgp-requires-policy
2023-12-26 22:41:47,255 T0352: [D2-V2] address-family ipv4 unicast
  neighbor 11.1.0.1 route-reflector-client
2023-12-26 22:41:47,258 T0351: [D1-V1] address-family ipv4 unicast
  neighbor 11.4.0.2 route-reflector-client
2023-12-26 22:41:47,265 T0353: [D3-V3] address-family ipv4 unicast
  neighbor 11.2.0.1 route-reflector-client
2023-12-26 22:41:48,681 T0354: [D1-V1] show bgp ipv4 summary
2023-12-26 22:41:48,684 T0355: [D2-V2] show bgp ipv4 summary
2023-12-26 22:41:48,688 T0356: [D3-V3] show bgp ipv4 summary
2023-12-26 22:41:50,361 T0354: [D1-V1] show bgp ipv4 summary
2023-12-26 22:41:50,384 T0356: [D3-V3] show bgp ipv4 summary
2023-12-26 22:41:50,384 T0355: [D2-V2] show bgp ipv4 summary
2023-12-26 22:41:51,102 T0000: [D3-V3]  router bgp 65001
 no bgp ebgp-requires-policy
2023-12-26 22:41:52,556 T0000: [D3-V3] no bgp network import-check 
address-family ipv4 unicast
  network 172.16.2.2/32
2023-12-26 22:41:59,030 T0000: [D1-V1] show bgp ipv4
2023-12-26 22:41:59,775 T0000: [D2-V2] show bgp ipv4
2023-12-26 22:42:00,512 T0000: [D3-V3] show bgp ipv4
2023-12-26 22:42:01,285 T0357: [D1-V1] no router bgp
2023-12-26 22:42:01,287 T0358: [D2-V2] no router bgp
2023-12-26 22:42:01,291 T0359: [D3-V3] no router bgp
2023-12-26 22:42:01,978 T0360: [D1-V1] config interface ip remove Ethernet40 11.4.0.1/24
2023-12-26 22:42:01,984 T0361: [D3-V3] config interface ip remove Ethernet16 11.4.0.2/24
2023-12-26 22:42:04,702 T0000: 
================== Function Hook Finalize: routing/BGP/test_bgp_4node.py hooks_test_ft_bgp_ibgp_RR_Loop ==================
2023-12-26 22:42:04,786 T0000: 
================== Framework Function Hook Finalize: routing/BGP/test_bgp_4node.py::test_ft_bgp_ibgp_RR_Loop ==================
2023-12-26 22:42:04,788 T0000: 
================== Framework Function Hook: routing/BGP/test_bgp_4node.py::test_ft_bgp_ebgp_community_map ==================
2023-12-26 22:42:04,821 T0367: [D1-V1] sudo show interfaces status
2023-12-26 22:42:04,823 T0368: [D2-V2] sudo show interfaces status
2023-12-26 22:42:04,827 T0369: [D3-V3] sudo show interfaces status
2023-12-26 22:42:04,831 T0370: [D4-V4] sudo show interfaces status
2023-12-26 22:42:07,636 T0371: [D1-V1] sudo show interfaces status Ethernet124
2023-12-26 22:42:07,645 T0372: [D2-V2] sudo show interfaces status Ethernet124
2023-12-26 22:42:07,651 T0374: [D4-V4] sudo show interfaces status Ethernet124
2023-12-26 22:42:07,658 T0373: [D3-V3] sudo show interfaces status Ethernet124
2023-12-26 22:42:11,803 T0000: 
================== Framework Function Hook Finish: routing/BGP/test_bgp_4node.py::test_ft_bgp_ebgp_community_map ==================
2023-12-26 22:42:11,804 T0000: 
================== Function Hook: routing/BGP/test_bgp_4node.py hooks_test_ft_bgp_ebgp_community_map ==================
2023-12-26 22:42:11,819 T0000: 
================== Function Hook Finish: routing/BGP/test_bgp_4node.py hooks_test_ft_bgp_ebgp_community_map ==================
2023-12-26 22:42:11,820 T0000: 
================== Test Execution: routing/BGP/test_bgp_4node.py::test_ft_bgp_ebgp_community_map ==================
2023-12-26 22:42:11,826 T0383: [D1-V1] config interface ip add Ethernet40 11.4.0.1/24
2023-12-26 22:42:11,829 T0384: [D3-V3] config interface ip add Ethernet16 11.4.0.2/24
2023-12-26 22:42:13,123 T0000: [D2-V2]  router bgp 65002
 no bgp ebgp-requires-policy
2023-12-26 22:42:15,720 T0000: [D2-V2]  neighbor 67fe:2::2 remote-as 65003
address-family ipv6 unicast
 neighbor 67fe:2::2 activate

2023-12-26 22:42:17,176 T0000: [D3-V3]  router bgp 65003
 no bgp ebgp-requires-policy
2023-12-26 22:42:19,817 T0000: [D3-V3]  neighbor 67fe:2::1 remote-as 65002
address-family ipv6 unicast
 neighbor 67fe:2::1 activate

2023-12-26 22:42:21,274 T0385: [D1-V1]  router bgp 65001
 no bgp ebgp-requires-policy
2023-12-26 22:42:21,280 T0386: [D2-V2]  router bgp 65002
 no bgp ebgp-requires-policy
2023-12-26 22:42:21,286 T0387: [D3-V3]  router bgp 65003
 no bgp ebgp-requires-policy
2023-12-26 22:42:21,290 T0388: [D4-V4]  router bgp 65004
 no bgp ebgp-requires-policy
2023-12-26 22:42:22,706 T0386: [D2-V2]  neighbor 11.2.0.2 remote-as 65003
address-family ipv4 unicast
 neighbor 11.2.0.2 activate

2023-12-26 22:42:22,714 T0387: [D3-V3]  neighbor 11.4.0.1 remote-as 65001
address-family ipv4 unicast
 neighbor 11.4.0.1 activate

2023-12-26 22:42:23,785 T0385: [D1-V1]  neighbor 11.4.0.2 remote-as 65003
address-family ipv4 unicast
 neighbor 11.4.0.2 activate

2023-12-26 22:42:23,845 T0388: [D4-V4]  neighbor 11.3.0.1 remote-as 65003
address-family ipv4 unicast
 neighbor 11.3.0.1 activate

2023-12-26 22:42:25,281 T0000: [D3-V3]  router bgp 65003
 no bgp ebgp-requires-policy
2023-12-26 22:42:26,744 T0000: [D3-V3]  neighbor 11.2.0.1 remote-as 65002
address-family ipv4 unicast
 neighbor 11.2.0.1 activate

2023-12-26 22:42:28,201 T0000: [D3-V3]  router bgp 65003
 no bgp ebgp-requires-policy
2023-12-26 22:42:29,652 T0000: [D3-V3]  neighbor 11.3.0.2 remote-as 65004
address-family ipv4 unicast
 neighbor 11.3.0.2 activate

2023-12-26 22:42:31,109 T0000: [D1-V1]  router bgp 65001
 no bgp ebgp-requires-policy
2023-12-26 22:42:32,560 T0000: [D1-V1]  network 172.16.2.2/32
2023-12-26 22:42:33,260 T0000: [D1-V1]  access-list LOOPBACK permit 172.16.2.2/32

2023-12-26 22:42:33,969 T0000: [D1-V1]  route-map SET_COMMUNITY permit 10

2023-12-26 22:42:34,667 T0000: [D1-V1]  match ip address LOOPBACK
exit

2023-12-26 22:42:36,115 T0000: [D1-V1] route-map SET_COMMUNITY permit 10
 set metric 50
 set community 64984:0
exit

2023-12-26 22:42:37,573 T0000: [D1-V1]  router bgp 65001
 no bgp ebgp-requires-policy
2023-12-26 22:42:39,025 T0000: [D1-V1] address-family ipv4 unicast
 neighbor 11.4.0.2 route-map SET_COMMUNITY out
exit

2023-12-26 22:42:40,478 T0389: [D1-V1] show bgp ipv4 summary
2023-12-26 22:42:40,483 T0390: [D2-V2] show bgp ipv4 summary
2023-12-26 22:42:40,486 T0391: [D3-V3] show bgp ipv4 summary
2023-12-26 22:42:40,489 T0392: [D4-V4] show bgp ipv4 summary
2023-12-26 22:42:41,214 T0000: [D3-V3]  bgp community-list standard comm_test permit 64984:0
2023-12-26 22:42:41,924 T0000: [D1-V1] route-map SET_COMMUNITY permit 10
 set community 64984:0 local-as
exit

2023-12-26 22:43:13,403 T0000: [D3-V3] show bgp ipv4 unicast 172.16.2.2/32
2023-12-26 22:43:14,130 T0000: [D1-V1] route-map SET_COMMUNITY permit 10
 no set community local-as
exit

2023-12-26 22:43:45,619 T0000: [D3-V3] show bgp ipv4 unicast 172.16.2.2/32
2023-12-26 22:43:46,339 T0000: [D1-V1] route-map SET_COMMUNITY permit 10
 set community none
exit

2023-12-26 22:44:17,823 T0000: [D3-V3] show bgp ipv4 unicast 172.16.2.2/32
2023-12-26 22:44:18,543 T0000: [D1-V1] route-map SET_COMMUNITY permit 10
 set community 64984:0 local-as
exit

2023-12-26 22:44:19,994 T0000: [D3-V3] route-map SET_COMMUNITY permit 10
 set community none
exit

2023-12-26 22:44:21,452 T0000: [D3-V3]  router bgp 65003
 no bgp ebgp-requires-policy
2023-12-26 22:44:22,905 T0000: [D3-V3] address-family ipv4 unicast
 neighbor 11.4.0.1 route-map SET_COMMUNITY in
exit

2023-12-26 22:44:54,393 T0000: [D3-V3] show bgp ipv4 unicast 172.16.2.2/32
2023-12-26 22:44:55,119 T0000: [D2-V2]  ipv6 access-list LOOPBACK permit 67fe:1::/64

2023-12-26 22:44:55,815 T0000: [D2-V2] route-map SET_COMMUNITY_1 permit 10
 set metric 50
 set community 64984:0 local-as
exit

2023-12-26 22:44:57,269 T0000: [D3-V3] route-map SET_COMMUNITY_1 permit 10
 set metric 50
exit

2023-12-26 22:44:58,725 T0000: [D2-V2]  router bgp 65002
 no bgp ebgp-requires-policy
2023-12-26 22:45:00,173 T0000: [D2-V2] address-family ipv6 unicast
 neighbor 67fe:2::2 route-map SET_COMMUNITY_1 out
exit
address-family ipv6 unicast
 redistribute connected
exit

2023-12-26 22:45:01,633 T0000: [D3-V3]  route-map SET_COMMUNITY_1 permit 10

2023-12-26 22:45:02,331 T0000: [D3-V3]  match ipv6 address None
exit

2023-12-26 22:45:03,785 T0393: [D2-V2] show bgp ipv6 summary
2023-12-26 22:45:03,789 T0394: [D3-V3] show bgp ipv6 summary
2023-12-26 22:45:04,491 T0000: [D3-V3] show bgp ipv6 unicast 67fe:1::/64
2023-12-26 22:45:05,220 T0000: [D3-V3] route-map SET_COMMUNITY_1 permit 10
 set community none
exit

2023-12-26 22:45:36,703 T0000: [D3-V3] show bgp ipv6 unicast 67fe:1::/64
2023-12-26 22:45:37,433 T0000: [D2-V2] route-map SET_COMMUNITY permit 10
 set community 64984:0 local-as
exit

2023-12-26 22:45:38,884 T0000: [D3-V3] route-map SET_COMMUNITY permit 10
 set community none
exit

2023-12-26 22:45:40,346 T0000: [D3-V3]  router bgp 65003
 no bgp ebgp-requires-policy
2023-12-26 22:45:41,797 T0000: [D3-V3] address-family ipv6 unicast
 neighbor 67fe:2::1 route-map SET_COMMUNITY in
exit

2023-12-26 22:46:13,280 T0000: [D3-V3] show bgp ipv4 unicast 172.16.2.2/32
2023-12-26 22:46:14,023 T0399: [D1-V1] no router bgp
2023-12-26 22:46:14,029 T0400: [D2-V2] no router bgp
2023-12-26 22:46:14,034 T0401: [D3-V3] no router bgp
2023-12-26 22:46:14,039 T0402: [D4-V4] no router bgp
2023-12-26 22:46:14,717 T0403: [D1-V1] config interface ip remove Ethernet40 11.4.0.1/24
2023-12-26 22:46:14,724 T0404: [D3-V3] config interface ip remove Ethernet16 11.4.0.2/24
2023-12-26 22:46:17,345 T0000: [D1-V1] no route-map SET_COMMUNITY

2023-12-26 22:46:19,257 T0000: [D1-V1] no access-list LOOPBACK  

2023-12-26 22:46:19,955 T0000: [D3-V3] no bgp community-list standard comm_test permit 64984:0
2023-12-26 22:46:21,792 T0000: [D3-V3] no route-map SET_COMMUNITY_1 permit 10

2023-12-26 22:46:22,489 T0000: 
================== Function Hook Finalize: routing/BGP/test_bgp_4node.py hooks_test_ft_bgp_ebgp_community_map ==================
2023-12-26 22:46:22,547 T0000: 
================== Framework Function Hook Finalize: routing/BGP/test_bgp_4node.py::test_ft_bgp_ebgp_community_map ==================
2023-12-26 22:46:22,553 T0409: [D1-V1] config save /tmp/config-db-V1-pre-module-epilog-routing-BGP-test_bgp_4node.py.json -y
2023-12-26 22:46:22,558 T0410: [D2-V2] config save /tmp/config-db-V2-pre-module-epilog-routing-BGP-test_bgp_4node.py.json -y
2023-12-26 22:46:22,564 T0411: [D3-V3] config save /tmp/config-db-V3-pre-module-epilog-routing-BGP-test_bgp_4node.py.json -y
2023-12-26 22:46:22,569 T0412: [D4-V4] config save /tmp/config-db-V4-pre-module-epilog-routing-BGP-test_bgp_4node.py.json -y
2023-12-26 22:46:25,201 T0410: [D2-V2] chmod 777 /tmp/config-db-V2-pre-module-epilog-routing-BGP-test_bgp_4node.py.json
2023-12-26 22:46:25,211 T0411: [D3-V3] chmod 777 /tmp/config-db-V3-pre-module-epilog-routing-BGP-test_bgp_4node.py.json
2023-12-26 22:46:25,259 T0412: [D4-V4] chmod 777 /tmp/config-db-V4-pre-module-epilog-routing-BGP-test_bgp_4node.py.json
2023-12-26 22:46:25,291 T0409: [D1-V1] chmod 777 /tmp/config-db-V1-pre-module-epilog-routing-BGP-test_bgp_4node.py.json
2023-12-26 22:46:26,697 T0410: [D2-V2] /sbin/ip link set dev eth0 up
2023-12-26 22:46:26,697 T0411: [D3-V3] /sbin/ip link set dev eth0 up
2023-12-26 22:46:26,731 T0412: [D4-V4] /sbin/ip link set dev eth0 up
2023-12-26 22:46:26,765 T0409: [D1-V1] /sbin/ip link set dev eth0 up
2023-12-26 22:46:27,382 T0410: [D2-V2] /sbin/ip route list dev eth0
2023-12-26 22:46:27,391 T0411: [D3-V3] /sbin/ip route list dev eth0
2023-12-26 22:46:27,399 T0412: [D4-V4] /sbin/ip route list dev eth0
2023-12-26 22:46:27,434 T0409: [D1-V1] /sbin/ip route list dev eth0
2023-12-26 22:46:35,845 T0412: [D4-V4] sudo vtysh -c 'show running-config' > /tmp/vtysh-runcfg-V4-pre-module-epilog-routing-BGP-test_bgp_4node.py.txt
2023-12-26 22:46:35,870 T0410: [D2-V2] sudo vtysh -c 'show running-config' > /tmp/vtysh-runcfg-V2-pre-module-epilog-routing-BGP-test_bgp_4node.py.txt
2023-12-26 22:46:35,876 T0409: [D1-V1] sudo vtysh -c 'show running-config' > /tmp/vtysh-runcfg-V1-pre-module-epilog-routing-BGP-test_bgp_4node.py.txt
2023-12-26 22:46:35,883 T0411: [D3-V3] sudo vtysh -c 'show running-config' > /tmp/vtysh-runcfg-V3-pre-module-epilog-routing-BGP-test_bgp_4node.py.txt
2023-12-26 22:46:36,701 T0410: [D2-V2] chmod 777 /tmp/vtysh-runcfg-V2-pre-module-epilog-routing-BGP-test_bgp_4node.py.txt
2023-12-26 22:46:36,715 T0412: [D4-V4] chmod 777 /tmp/vtysh-runcfg-V4-pre-module-epilog-routing-BGP-test_bgp_4node.py.txt
2023-12-26 22:46:36,752 T0409: [D1-V1] chmod 777 /tmp/vtysh-runcfg-V1-pre-module-epilog-routing-BGP-test_bgp_4node.py.txt
2023-12-26 22:46:36,760 T0411: [D3-V3] chmod 777 /tmp/vtysh-runcfg-V3-pre-module-epilog-routing-BGP-test_bgp_4node.py.txt
2023-12-26 22:46:38,176 T0410: [D2-V2] /sbin/ip link set dev eth0 up
2023-12-26 22:46:38,189 T0412: [D4-V4] /sbin/ip link set dev eth0 up
2023-12-26 22:46:38,244 T0409: [D1-V1] /sbin/ip link set dev eth0 up
2023-12-26 22:46:38,247 T0411: [D3-V3] /sbin/ip link set dev eth0 up
2023-12-26 22:46:38,846 T0410: [D2-V2] /sbin/ip route list dev eth0
2023-12-26 22:46:38,860 T0412: [D4-V4] /sbin/ip route list dev eth0
2023-12-26 22:46:38,923 T0409: [D1-V1] /sbin/ip route list dev eth0
2023-12-26 22:46:38,932 T0411: [D3-V3] /sbin/ip route list dev eth0
2023-12-26 22:46:47,457 T0445: [D1-V1] config interface ip remove Ethernet16 11.1.0.1/24
2023-12-26 22:46:47,459 T0446: [D2-V2] config interface ip remove Ethernet16 11.1.0.2/24
2023-12-26 22:46:48,743 T0447: [D1-V1] config interface ip remove Ethernet16 67fe:1::1/64
2023-12-26 22:46:48,748 T0448: [D2-V2] config interface ip remove Ethernet16 67fe:1::2/64
2023-12-26 22:46:50,382 T0449: [D2-V2] config interface ip remove Ethernet40 11.2.0.1/24
2023-12-26 22:46:50,386 T0450: [D3-V3] config interface ip remove Ethernet32 11.2.0.2/24
2023-12-26 22:46:51,614 T0451: [D2-V2] config interface ip remove Ethernet40 67fe:2::1/64
2023-12-26 22:46:51,619 T0452: [D3-V3] config interface ip remove Ethernet32 67fe:2::2/64
2023-12-26 22:46:53,291 T0453: [D3-V3] config interface ip remove Ethernet48 11.3.0.1/24
2023-12-26 22:46:53,298 T0454: [D4-V4] config interface ip remove Ethernet48 11.3.0.2/24
2023-12-26 22:46:54,578 T0455: [D3-V3] config interface ip remove Ethernet48 67fe:3::1/64
2023-12-26 22:46:54,582 T0456: [D4-V4] config interface ip remove Ethernet48 67fe:3::2/64
2023-12-26 22:46:56,258 T0000: 
================== Module Hook Finalize: routing/BGP/test_bgp_4node.py bgp_module_hooks ==================
2023-12-26 22:46:56,267 T0457: [D1-V1] config save /tmp/config-db-V1-post-module-epilog-routing-BGP-test_bgp_4node.py.json -y
2023-12-26 22:46:56,276 T0458: [D2-V2] config save /tmp/config-db-V2-post-module-epilog-routing-BGP-test_bgp_4node.py.json -y
2023-12-26 22:46:56,280 T0459: [D3-V3] config save /tmp/config-db-V3-post-module-epilog-routing-BGP-test_bgp_4node.py.json -y
2023-12-26 22:46:56,284 T0460: [D4-V4] config save /tmp/config-db-V4-post-module-epilog-routing-BGP-test_bgp_4node.py.json -y
2023-12-26 22:46:57,956 T0457: [D1-V1] chmod 777 /tmp/config-db-V1-post-module-epilog-routing-BGP-test_bgp_4node.py.json
2023-12-26 22:46:57,966 T0458: [D2-V2] chmod 777 /tmp/config-db-V2-post-module-epilog-routing-BGP-test_bgp_4node.py.json
2023-12-26 22:46:58,014 T0459: [D3-V3] chmod 777 /tmp/config-db-V3-post-module-epilog-routing-BGP-test_bgp_4node.py.json
2023-12-26 22:46:58,024 T0460: [D4-V4] chmod 777 /tmp/config-db-V4-post-module-epilog-routing-BGP-test_bgp_4node.py.json
2023-12-26 22:46:59,432 T0457: [D1-V1] /sbin/ip link set dev eth0 up
2023-12-26 22:46:59,441 T0458: [D2-V2] /sbin/ip link set dev eth0 up
2023-12-26 22:46:59,509 T0459: [D3-V3] /sbin/ip link set dev eth0 up
2023-12-26 22:46:59,511 T0460: [D4-V4] /sbin/ip link set dev eth0 up
2023-12-26 22:47:00,100 T0457: [D1-V1] /sbin/ip route list dev eth0
2023-12-26 22:47:00,109 T0458: [D2-V2] /sbin/ip route list dev eth0
2023-12-26 22:47:00,192 T0459: [D3-V3] /sbin/ip route list dev eth0
2023-12-26 22:47:00,200 T0460: [D4-V4] /sbin/ip route list dev eth0
2023-12-26 22:47:08,544 T0457: [D1-V1] sudo vtysh -c 'show running-config' > /tmp/vtysh-runcfg-V1-post-module-epilog-routing-BGP-test_bgp_4node.py.txt
2023-12-26 22:47:08,562 T0458: [D2-V2] sudo vtysh -c 'show running-config' > /tmp/vtysh-runcfg-V2-post-module-epilog-routing-BGP-test_bgp_4node.py.txt
2023-12-26 22:47:08,669 T0460: [D4-V4] sudo vtysh -c 'show running-config' > /tmp/vtysh-runcfg-V4-post-module-epilog-routing-BGP-test_bgp_4node.py.txt
2023-12-26 22:47:08,676 T0459: [D3-V3] sudo vtysh -c 'show running-config' > /tmp/vtysh-runcfg-V3-post-module-epilog-routing-BGP-test_bgp_4node.py.txt
2023-12-26 22:47:09,414 T0457: [D1-V1] chmod 777 /tmp/vtysh-runcfg-V1-post-module-epilog-routing-BGP-test_bgp_4node.py.txt
2023-12-26 22:47:09,430 T0458: [D2-V2] chmod 777 /tmp/vtysh-runcfg-V2-post-module-epilog-routing-BGP-test_bgp_4node.py.txt
2023-12-26 22:47:09,486 T0460: [D4-V4] chmod 777 /tmp/vtysh-runcfg-V4-post-module-epilog-routing-BGP-test_bgp_4node.py.txt
2023-12-26 22:47:09,539 T0459: [D3-V3] chmod 777 /tmp/vtysh-runcfg-V3-post-module-epilog-routing-BGP-test_bgp_4node.py.txt
2023-12-26 22:47:10,889 T0457: [D1-V1] /sbin/ip link set dev eth0 up
2023-12-26 22:47:10,905 T0458: [D2-V2] /sbin/ip link set dev eth0 up
2023-12-26 22:47:10,962 T0460: [D4-V4] /sbin/ip link set dev eth0 up
2023-12-26 22:47:11,015 T0459: [D3-V3] /sbin/ip link set dev eth0 up
2023-12-26 22:47:11,557 T0457: [D1-V1] /sbin/ip route list dev eth0
2023-12-26 22:47:11,628 T0460: [D4-V4] /sbin/ip route list dev eth0
2023-12-26 22:47:11,683 T0459: [D3-V3] /sbin/ip route list dev eth0
2023-12-26 22:47:11,779 T0458: [D2-V2] /sbin/ip route list dev eth0
2023-12-26 22:47:20,285 T0493: [D1-V1] sudo show interfaces status Ethernet124
2023-12-26 22:47:20,294 T0494: [D2-V2] sudo show interfaces status Ethernet124
2023-12-26 22:47:20,301 T0496: [D4-V4] sudo show interfaces status Ethernet124
2023-12-26 22:47:20,306 T0495: [D3-V3] sudo show interfaces status Ethernet124
2023-12-26 22:47:22,849 T0000: 
================== Framework Module Hook Finalize: routing/BGP/test_bgp_4node.py Pass: 2/5 ==================
2023-12-26 22:47:22,850 T0000: 
================== Devices used: routing/BGP/test_bgp_4node.py 4 ['V1', 'V2', 'V3', 'V4'] ==================
2023-12-26 22:47:24,605 T0000: 
================== Framework Module Hook: batch/test_spytest_infra_1.py ==================
2023-12-26 22:47:24,629 T0509: [D1-V1] no router bgp
2023-12-26 22:47:24,639 T0510: [D2-V2] no router bgp
2023-12-26 22:47:24,645 T0511: [D3-V3] no router bgp
2023-12-26 22:47:24,651 T0512: [D4-V4] no router bgp
2023-12-26 22:47:26,395 T0510: [D2-V2] config feature state sflow enabled
2023-12-26 22:47:26,409 T0512: [D4-V4] config feature state sflow enabled
2023-12-26 22:47:26,440 T0509: [D1-V1] config feature state sflow enabled
2023-12-26 22:47:26,460 T0511: [D3-V3] config feature state sflow enabled
2023-12-26 22:47:28,547 T0510: [D2-V2] config feature state nat enabled
2023-12-26 22:47:28,603 T0512: [D4-V4] config feature state nat enabled
2023-12-26 22:47:28,638 T0509: [D1-V1] config feature state nat enabled
2023-12-26 22:47:28,649 T0511: [D3-V3] config feature state nat enabled
2023-12-26 22:48:19,765 T0512: [D4-V4] /sbin/ip link set dev eth0 up
2023-12-26 22:48:20,433 T0512: [D4-V4] /sbin/ip route list dev eth0
2023-12-26 22:48:20,908 T0510: [D2-V2] /sbin/ip link set dev eth0 up
2023-12-26 22:48:21,043 T0511: [D3-V3] /sbin/ip link set dev eth0 up
2023-12-26 22:48:21,105 T0512: [D4-V4] sudo show interfaces status Ethernet124
2023-12-26 22:48:21,576 T0510: [D2-V2] /sbin/ip route list dev eth0
2023-12-26 22:48:21,711 T0511: [D3-V3] /sbin/ip route list dev eth0
2023-12-26 22:48:22,194 T0509: [D1-V1] /sbin/ip link set dev eth0 up
2023-12-26 22:48:22,254 T0510: [D2-V2] sudo show interfaces status Ethernet124
2023-12-26 22:48:22,392 T0511: [D3-V3] sudo show interfaces status Ethernet124
2023-12-26 22:48:22,862 T0509: [D1-V1] /sbin/ip route list dev eth0
2023-12-26 22:48:23,541 T0509: [D1-V1] sudo show interfaces status Ethernet124
2023-12-26 22:48:26,093 T0514: [D1-V1] sudo show interfaces status
2023-12-26 22:48:26,095 T0515: [D2-V2] sudo show interfaces status
2023-12-26 22:48:26,098 T0516: [D3-V3] sudo show interfaces status
2023-12-26 22:48:26,101 T0517: [D4-V4] sudo show interfaces status
2023-12-26 22:48:33,117 T0519: [D1-V1] sudo show interfaces status
2023-12-26 22:48:33,119 T0520: [D2-V2] sudo show interfaces status
2023-12-26 22:48:33,123 T0521: [D3-V3] sudo show interfaces status
2023-12-26 22:48:33,126 T0522: [D4-V4] sudo show interfaces status
2023-12-26 22:48:40,301 T0524: [D1-V1] sudo show interfaces status
2023-12-26 22:48:40,303 T0525: [D2-V2] sudo show interfaces status
2023-12-26 22:48:40,309 T0526: [D3-V3] sudo show interfaces status
2023-12-26 22:48:40,311 T0527: [D4-V4] sudo show interfaces status
2023-12-26 22:48:42,375 T0000: 
================== Framework Module Hook Finish: batch/test_spytest_infra_1.py ==================
2023-12-26 22:48:42,376 T0000: 
================== Framework Function Hook: batch/test_spytest_infra_1.py::test_spytest_infra_last ==================
2023-12-26 22:48:46,726 T0533: [D1-V1] sudo show interfaces status
2023-12-26 22:48:46,729 T0534: [D2-V2] sudo show interfaces status
2023-12-26 22:48:46,732 T0535: [D3-V3] sudo show interfaces status
2023-12-26 22:48:46,736 T0536: [D4-V4] sudo show interfaces status
2023-12-26 22:48:48,642 T0537: [D1-V1] sudo show interfaces status Ethernet124
2023-12-26 22:48:48,650 T0538: [D2-V2] sudo show interfaces status Ethernet124
2023-12-26 22:48:48,656 T0540: [D4-V4] sudo show interfaces status Ethernet124
2023-12-26 22:48:48,663 T0539: [D3-V3] sudo show interfaces status Ethernet124
2023-12-26 22:48:52,763 T0000: 
================== Framework Function Hook Finish: batch/test_spytest_infra_1.py::test_spytest_infra_last ==================
2023-12-26 22:48:52,766 T0000: 
================== Test Execution: batch/test_spytest_infra_1.py::test_spytest_infra_last ==================
2023-12-26 22:48:52,804 T0000: 
================== Framework Function Hook Finalize: batch/test_spytest_infra_1.py::test_spytest_infra_last ==================
2023-12-26 22:48:52,812 T0541: [D1-V1] sudo show interfaces status Ethernet124
2023-12-26 22:48:52,821 T0542: [D2-V2] sudo show interfaces status Ethernet124
2023-12-26 22:48:52,828 T0544: [D4-V4] sudo show interfaces status Ethernet124
2023-12-26 22:48:52,833 T0543: [D3-V3] sudo show interfaces status Ethernet124
2023-12-26 22:48:55,334 T0000: 
================== Framework Module Hook Finalize: batch/test_spytest_infra_1.py Pass: 1/1 ==================
2023-12-26 22:48:55,334 T0000: 
================== Devices used: batch/test_spytest_infra_1.py 4 ['V1', 'V2', 'V4', 'V3'] ==================
2023-12-26 22:48:55,456 T0553: [D1-V1] ['stty cols 80']
2023-12-26 22:48:55,459 T0554: [D2-V2] ['stty cols 80']
2023-12-26 22:48:55,462 T0555: [D3-V3] ['stty cols 80']
2023-12-26 22:48:55,466 T0556: [D4-V4] ['stty cols 80']
