2023-12-31 01:26:35,038 T0002: [D1-V4] ['export TMOUT=0', 'stty cols 5000', 'uptime']
2023-12-31 01:26:35,706 T0002: [D1-V4] cat /proc/uptime
2023-12-31 01:26:36,379 T0002: [D1-V4] sudo vtysh -c 'show running-config | include hostname'
2023-12-31 01:26:42,559 T0002: [D1-V4] /sbin/ip link set dev eth0 up
2023-12-31 01:26:43,229 T0002: [D1-V4] /sbin/ip route list dev eth0
2023-12-31 01:26:43,904 T0002: [D1-V4] ['export TMOUT=0', 'stty cols 5000', 'uptime']
2023-12-31 01:26:46,048 T0002: [D1-V4] /sbin/ip link set dev eth0 up
2023-12-31 01:26:46,717 T0002: [D1-V4] /sbin/ip route list dev eth0
2023-12-31 01:26:48,062 T0002: [D1-V4] show version
2023-12-31 01:26:50,252 T0002: [D1-V4] /sbin/ip link set dev eth0 up
2023-12-31 01:26:50,921 T0002: [D1-V4] /sbin/ip route list dev eth0
2023-12-31 01:26:53,076 T0002: [D1-V4] /sbin/ip link set dev eth0 up
2023-12-31 01:26:53,744 T0002: [D1-V4] /sbin/ip route list dev eth0
2023-12-31 01:28:00,531 T0000: [D1-V4] sudo show interfaces status
2023-12-31 01:28:02,628 T0000: [D1-V4] config interface startup Ethernet0
2023-12-31 01:28:04,088 T0000: [D1-V4] config interface startup Ethernet4
2023-12-31 01:28:05,498 T0000: [D1-V4] config interface startup Ethernet8
2023-12-31 01:28:06,904 T0000: [D1-V4] config interface startup Ethernet12
2023-12-31 01:28:08,329 T0000: [D1-V4] config interface shutdown Ethernet16
2023-12-31 01:28:09,834 T0000: [D1-V4] config interface shutdown Ethernet20
2023-12-31 01:28:11,189 T0000: [D1-V4] config interface shutdown Ethernet24
2023-12-31 01:28:12,493 T0000: [D1-V4] config interface shutdown Ethernet28
2023-12-31 01:28:13,798 T0000: [D1-V4] config interface shutdown Ethernet32
2023-12-31 01:28:15,101 T0000: [D1-V4] config interface shutdown Ethernet36
2023-12-31 01:28:16,405 T0000: [D1-V4] config interface shutdown Ethernet40
2023-12-31 01:28:17,658 T0000: [D1-V4] config interface shutdown Ethernet44
2023-12-31 01:28:18,971 T0000: [D1-V4] config interface shutdown Ethernet48
2023-12-31 01:28:20,280 T0000: [D1-V4] config interface shutdown Ethernet52
2023-12-31 01:28:21,588 T0000: [D1-V4] config interface shutdown Ethernet56
2023-12-31 01:28:22,889 T0000: [D1-V4] config interface shutdown Ethernet60
2023-12-31 01:28:24,193 T0000: [D1-V4] config interface shutdown Ethernet64
2023-12-31 01:28:25,497 T0000: [D1-V4] config interface shutdown Ethernet68
2023-12-31 01:28:26,805 T0000: [D1-V4] config interface shutdown Ethernet72
2023-12-31 01:28:28,061 T0000: [D1-V4] config interface shutdown Ethernet76
2023-12-31 01:28:29,422 T0000: [D1-V4] config interface shutdown Ethernet80
2023-12-31 01:28:30,738 T0000: [D1-V4] config interface shutdown Ethernet84
2023-12-31 01:28:32,270 T0000: [D1-V4] config interface shutdown Ethernet88
2023-12-31 01:28:33,584 T0000: [D1-V4] config interface shutdown Ethernet92
2023-12-31 01:28:34,896 T0000: [D1-V4] config interface shutdown Ethernet96
2023-12-31 01:28:36,160 T0000: [D1-V4] config interface shutdown Ethernet100
2023-12-31 01:28:37,471 T0000: [D1-V4] config interface shutdown Ethernet104
2023-12-31 01:28:38,782 T0000: [D1-V4] config interface shutdown Ethernet108
2023-12-31 01:28:40,140 T0000: [D1-V4] config interface shutdown Ethernet112
2023-12-31 01:28:41,448 T0000: [D1-V4] config interface shutdown Ethernet116
2023-12-31 01:28:42,753 T0000: [D1-V4] config interface shutdown Ethernet120
2023-12-31 01:28:44,061 T0000: [D1-V4] config interface shutdown Ethernet124
2023-12-31 01:28:51,512 T0000: [D1-V4] show version
2023-12-31 01:28:53,680 T0000: [D1-V4] cat /var/run/redis/sonic-db/database_config.json
2023-12-31 01:28:54,415 T0000: [D1-V4] /sbin/ifconfig eth0
2023-12-31 01:28:55,133 T0000: [D1-V4] ls /etc/sonic/bcmsim.cfg
2023-12-31 01:28:55,864 T0000: [D1-V4] no router bgp
2023-12-31 01:28:57,712 T0000: [D1-V4] config feature state sflow enabled
2023-12-31 01:29:00,015 T0000: [D1-V4] config feature state nat enabled
2023-12-31 01:29:04,496 T0000: [D1-V4] config save /tmp/config-db-V4-post-session-prolog-session.json -y
2023-12-31 01:29:06,161 T0000: [D1-V4] chmod 777 /tmp/config-db-V4-post-session-prolog-session.json
2023-12-31 01:29:07,699 T0000: [D1-V4] /sbin/ip link set dev eth0 up
2023-12-31 01:29:08,407 T0000: [D1-V4] /sbin/ip route list dev eth0
2023-12-31 01:29:16,903 T0000: [D1-V4] sudo vtysh -c 'show running-config' > /tmp/vtysh-runcfg-V4-post-session-prolog-session.txt
2023-12-31 01:29:17,809 T0000: [D1-V4] chmod 777 /tmp/vtysh-runcfg-V4-post-session-prolog-session.txt
2023-12-31 01:29:19,344 T0000: [D1-V4] /sbin/ip link set dev eth0 up
2023-12-31 01:29:20,048 T0000: [D1-V4] /sbin/ip route list dev eth0
2023-12-31 01:29:29,057 T0000: 
================== Framework Module Hook: batch/test_spytest_infra_1.py ==================
2023-12-31 01:29:29,077 T0012: [D1-V4] sudo show interfaces status Ethernet124
2023-12-31 01:29:31,486 T0013: [D1-V4] sudo show interfaces status
2023-12-31 01:29:33,325 T0000: 
================== Framework Module Hook Finish: batch/test_spytest_infra_1.py ==================
2023-12-31 01:29:33,327 T0000: 
================== Framework Function Hook: batch/test_spytest_infra_1.py::test_spytest_infra_first ==================
2023-12-31 01:29:37,632 T0014: [D1-V4] sudo show interfaces status
2023-12-31 01:29:39,434 T0000: [D1-V4] sudo show interfaces status Ethernet124
2023-12-31 01:29:42,385 T0000: 
================== Framework Function Hook Finish: batch/test_spytest_infra_1.py::test_spytest_infra_first ==================
2023-12-31 01:29:42,389 T0000: 
================== Test Execution: batch/test_spytest_infra_1.py::test_spytest_infra_first ==================
2023-12-31 01:29:42,409 T0000: 
================== Framework Function Hook Finalize: batch/test_spytest_infra_1.py::test_spytest_infra_first ==================
2023-12-31 01:29:42,559 T0000: 
================== Framework Function Hook: batch/test_spytest_infra_1.py::test_spytest_infra_second ==================
2023-12-31 01:29:42,576 T0015: [D1-V4] sudo show interfaces status
2023-12-31 01:29:44,438 T0000: [D1-V4] sudo show interfaces status Ethernet124
2023-12-31 01:29:47,393 T0000: 
================== Framework Function Hook Finish: batch/test_spytest_infra_1.py::test_spytest_infra_second ==================
2023-12-31 01:29:47,395 T0000: 
================== Test Execution: batch/test_spytest_infra_1.py::test_spytest_infra_second ==================
2023-12-31 01:29:47,415 T0000: 
================== Framework Function Hook Finalize: batch/test_spytest_infra_1.py::test_spytest_infra_second ==================
2023-12-31 01:29:47,430 T0000: [D1-V4] sudo show interfaces status Ethernet124
2023-12-31 01:29:50,009 T0000: 
================== Framework Module Hook Finalize: batch/test_spytest_infra_1.py Pass: 2/2 ==================
2023-12-31 01:29:50,009 T0000: 
================== Devices used: batch/test_spytest_infra_1.py 1 ['V4'] ==================
2023-12-31 01:29:50,422 T0000: 
================== Framework Module Hook: system/test_snapshot.py ==================
2023-12-31 01:29:50,435 T0016: [D1-V4] sudo show interfaces status Ethernet124
2023-12-31 01:29:52,892 T0017: [D1-V4] sudo show interfaces status
2023-12-31 01:29:54,689 T0000: [D1-V4] config save /tmp/config-db-V4-pre-module-prolog-system-test_snapshot.py.json -y
2023-12-31 01:29:56,405 T0000: [D1-V4] chmod 777 /tmp/config-db-V4-pre-module-prolog-system-test_snapshot.py.json
2023-12-31 01:29:57,935 T0000: [D1-V4] /sbin/ip link set dev eth0 up
2023-12-31 01:29:58,648 T0000: [D1-V4] /sbin/ip route list dev eth0
2023-12-31 01:30:07,156 T0000: [D1-V4] sudo vtysh -c 'show running-config' > /tmp/vtysh-runcfg-V4-pre-module-prolog-system-test_snapshot.py.txt
2023-12-31 01:30:08,059 T0000: [D1-V4] chmod 777 /tmp/vtysh-runcfg-V4-pre-module-prolog-system-test_snapshot.py.txt
2023-12-31 01:30:09,593 T0000: [D1-V4] /sbin/ip link set dev eth0 up
2023-12-31 01:30:10,302 T0000: [D1-V4] /sbin/ip route list dev eth0
2023-12-31 01:30:18,804 T0000: 
================== Framework Module Hook Finish: system/test_snapshot.py ==================
2023-12-31 01:30:18,805 T0000: 
================== Module Hook: system/test_snapshot.py snapshot_feature_module_hooks ==================
2023-12-31 01:30:18,817 T0000: [D1-V4] /sbin/ifconfig Ethernet0
2023-12-31 01:30:19,543 T0000: [D1-V4] show platform summary
2023-12-31 01:30:20,864 T0000: [D1-V4] show vlan config
2023-12-31 01:30:22,185 T0000: [D1-V4] []
2023-12-31 01:30:22,185 T0000: [D1-V4] ['config vlan add 180']
2023-12-31 01:30:23,496 T0000: [D1-V4] config vlan member add 180 Ethernet0
2023-12-31 01:30:24,801 T0000: [D1-V4] config vlan member add 180 Ethernet4
2023-12-31 01:30:26,100 T0000: [D1-V4] config vlan member add 180 Ethernet8
2023-12-31 01:30:27,357 T0000: [D1-V4] config vlan member add 180 Ethernet12
2023-12-31 01:30:44,670 T0000: 
================== Module Hook Finish: system/test_snapshot.py snapshot_feature_module_hooks ==================
2023-12-31 01:30:44,671 T0000: 
================== Framework Function Hook: system/test_snapshot.py::test_ft_watermark_telemetry_interval ==================
2023-12-31 01:30:44,680 T0000: [D1-V4] config save /tmp/config-db-V4-post-module-prolog-system-test_snapshot.py.json -y
2023-12-31 01:30:46,393 T0000: [D1-V4] chmod 777 /tmp/config-db-V4-post-module-prolog-system-test_snapshot.py.json
2023-12-31 01:30:47,923 T0000: [D1-V4] /sbin/ip link set dev eth0 up
2023-12-31 01:30:48,626 T0000: [D1-V4] /sbin/ip route list dev eth0
2023-12-31 01:30:57,141 T0000: [D1-V4] sudo vtysh -c 'show running-config' > /tmp/vtysh-runcfg-V4-post-module-prolog-system-test_snapshot.py.txt
2023-12-31 01:30:58,046 T0000: [D1-V4] chmod 777 /tmp/vtysh-runcfg-V4-post-module-prolog-system-test_snapshot.py.txt
2023-12-31 01:30:59,576 T0000: [D1-V4] /sbin/ip link set dev eth0 up
2023-12-31 01:31:00,293 T0000: [D1-V4] /sbin/ip route list dev eth0
2023-12-31 01:31:13,165 T0034: [D1-V4] sudo show interfaces status
2023-12-31 01:31:15,020 T0000: [D1-V4] sudo show interfaces status Ethernet124
2023-12-31 01:31:17,928 T0000: 
================== Framework Function Hook Finish: system/test_snapshot.py::test_ft_watermark_telemetry_interval ==================
2023-12-31 01:31:17,934 T0000: 
================== Function Hook: system/test_snapshot.py snapshot_feature_func_hooks ==================
2023-12-31 01:31:17,937 T0000: 
================== Function Hook Finish: system/test_snapshot.py snapshot_feature_func_hooks ==================
2023-12-31 01:31:17,939 T0000: 
================== Test Execution: system/test_snapshot.py::test_ft_watermark_telemetry_interval ==================
2023-12-31 01:31:17,941 T0000: [D1-V4] config watermark telemetry interval 30
2023-12-31 01:31:19,256 T0000: [D1-V4] show watermark telemetry interval
2023-12-31 01:31:20,636 T0000: [D1-V4] config watermark telemetry interval 120
2023-12-31 01:31:21,992 T0000: [D1-V4] show watermark telemetry interval
2023-12-31 01:31:23,325 T0000: [D1-V4] show logging | grep 'ERR' | grep -i 'brcm_sai_tam'
2023-12-31 01:31:28,807 T0000: 
================== Function Hook Finalize: system/test_snapshot.py snapshot_feature_func_hooks ==================
2023-12-31 01:31:28,840 T0000: 
================== Framework Function Hook Finalize: system/test_snapshot.py::test_ft_watermark_telemetry_interval ==================
2023-12-31 01:31:28,854 T0000: [D1-V4] config save /tmp/config-db-V4-pre-module-epilog-system-test_snapshot.py.json -y
2023-12-31 01:31:30,623 T0000: [D1-V4] chmod 777 /tmp/config-db-V4-pre-module-epilog-system-test_snapshot.py.json
2023-12-31 01:31:32,164 T0000: [D1-V4] /sbin/ip link set dev eth0 up
2023-12-31 01:31:32,870 T0000: [D1-V4] /sbin/ip route list dev eth0
2023-12-31 01:31:41,400 T0000: [D1-V4] sudo vtysh -c 'show running-config' > /tmp/vtysh-runcfg-V4-pre-module-epilog-system-test_snapshot.py.txt
2023-12-31 01:31:42,253 T0000: [D1-V4] chmod 777 /tmp/vtysh-runcfg-V4-pre-module-epilog-system-test_snapshot.py.txt
2023-12-31 01:31:43,782 T0000: [D1-V4] /sbin/ip link set dev eth0 up
2023-12-31 01:31:44,492 T0000: [D1-V4] /sbin/ip route list dev eth0
2023-12-31 01:31:53,060 T0000: [D1-V4] config vlan member del 180 Ethernet0
2023-12-31 01:31:54,316 T0000: [D1-V4] config vlan member del 180 Ethernet4
2023-12-31 01:31:55,567 T0000: [D1-V4] config vlan member del 180 Ethernet8
2023-12-31 01:31:56,822 T0000: [D1-V4] config vlan member del 180 Ethernet12
2023-12-31 01:31:58,132 T0000: [D1-V4] show vlan config
2023-12-31 01:31:59,403 T0000: [D1-V4] ['config vlan del 180']
2023-12-31 01:32:00,957 T0000: [D1-V4] show vlan config
2023-12-31 01:32:02,275 T0000: 
================== Module Hook Finalize: system/test_snapshot.py snapshot_feature_module_hooks ==================
2023-12-31 01:32:02,283 T0000: [D1-V4] config save /tmp/config-db-V4-post-module-epilog-system-test_snapshot.py.json -y
2023-12-31 01:32:04,004 T0000: [D1-V4] chmod 777 /tmp/config-db-V4-post-module-epilog-system-test_snapshot.py.json
2023-12-31 01:32:05,542 T0000: [D1-V4] /sbin/ip link set dev eth0 up
2023-12-31 01:32:06,252 T0000: [D1-V4] /sbin/ip route list dev eth0
2023-12-31 01:32:14,846 T0000: [D1-V4] sudo vtysh -c 'show running-config' > /tmp/vtysh-runcfg-V4-post-module-epilog-system-test_snapshot.py.txt
2023-12-31 01:32:15,755 T0000: [D1-V4] chmod 777 /tmp/vtysh-runcfg-V4-post-module-epilog-system-test_snapshot.py.txt
2023-12-31 01:32:17,284 T0000: [D1-V4] /sbin/ip link set dev eth0 up
2023-12-31 01:32:18,004 T0000: [D1-V4] /sbin/ip route list dev eth0
2023-12-31 01:32:26,553 T0000: [D1-V4] sudo show interfaces status Ethernet124
2023-12-31 01:32:29,145 T0000: 
================== Framework Module Hook Finalize: system/test_snapshot.py Pass: 1/1 ==================
2023-12-31 01:32:29,146 T0000: 
================== Devices used: system/test_snapshot.py 1 ['V4'] ==================
2023-12-31 01:32:29,805 T0000: 
================== Framework Module Hook: batch/test_spytest_infra_1.py ==================
2023-12-31 01:32:29,819 T0051: [D1-V4] no router bgp
2023-12-31 01:32:31,572 T0051: [D1-V4] config feature state sflow enabled
2023-12-31 01:32:33,770 T0051: [D1-V4] config feature state nat enabled
2023-12-31 01:33:24,925 T0051: [D1-V4] /sbin/ip link set dev eth0 up
2023-12-31 01:33:25,594 T0051: [D1-V4] /sbin/ip route list dev eth0
2023-12-31 01:33:26,270 T0051: [D1-V4] sudo show interfaces status Ethernet124
2023-12-31 01:33:28,821 T0052: [D1-V4] sudo show interfaces status
2023-12-31 01:33:35,556 T0053: [D1-V4] sudo show interfaces status
2023-12-31 01:33:42,708 T0054: [D1-V4] sudo show interfaces status
2023-12-31 01:33:49,693 T0055: [D1-V4] sudo show interfaces status
2023-12-31 01:33:51,491 T0000: 
================== Framework Module Hook Finish: batch/test_spytest_infra_1.py ==================
2023-12-31 01:33:51,493 T0000: 
================== Framework Function Hook: batch/test_spytest_infra_1.py::test_spytest_infra_last ==================
2023-12-31 01:33:55,797 T0056: [D1-V4] sudo show interfaces status
2023-12-31 01:33:57,649 T0000: [D1-V4] sudo show interfaces status Ethernet124
2023-12-31 01:34:00,650 T0000: 
================== Framework Function Hook Finish: batch/test_spytest_infra_1.py::test_spytest_infra_last ==================
2023-12-31 01:34:00,654 T0000: 
================== Test Execution: batch/test_spytest_infra_1.py::test_spytest_infra_last ==================
2023-12-31 01:34:00,672 T0000: 
================== Framework Function Hook Finalize: batch/test_spytest_infra_1.py::test_spytest_infra_last ==================
2023-12-31 01:34:00,686 T0000: [D1-V4] sudo show interfaces status Ethernet124
2023-12-31 01:34:03,342 T0000: 
================== Framework Module Hook Finalize: batch/test_spytest_infra_1.py Pass: 1/1 ==================
2023-12-31 01:34:03,343 T0000: 
================== Devices used: batch/test_spytest_infra_1.py 1 ['V4'] ==================
2023-12-31 01:34:03,756 T0000: 
================== Framework Module Hook: system/test_ntp.py ==================
2023-12-31 01:34:03,768 T0057: [D1-V4] no router bgp
2023-12-31 01:34:05,518 T0057: [D1-V4] config feature state sflow enabled
2023-12-31 01:34:07,708 T0057: [D1-V4] config feature state nat enabled
2023-12-31 01:36:01,009 T0057: [D1-V4] /sbin/ip link set dev eth0 up
2023-12-31 01:36:01,680 T0057: [D1-V4] /sbin/ip route list dev eth0
2023-12-31 01:36:02,354 T0057: [D1-V4] sudo show interfaces status Ethernet124
2023-12-31 01:36:04,811 T0058: [D1-V4] sudo show interfaces status
2023-12-31 01:36:11,761 T0059: [D1-V4] sudo show interfaces status
2023-12-31 01:36:18,803 T0060: [D1-V4] sudo show interfaces status
2023-12-31 01:36:25,823 T0061: [D1-V4] sudo show interfaces status
2023-12-31 01:36:27,673 T0000: [D1-V4] config save /tmp/config-db-V4-pre-module-prolog-system-test_ntp.py.json -y
2023-12-31 01:36:29,537 T0000: [D1-V4] chmod 777 /tmp/config-db-V4-pre-module-prolog-system-test_ntp.py.json
2023-12-31 01:36:31,056 T0000: [D1-V4] /sbin/ip link set dev eth0 up
2023-12-31 01:36:31,766 T0000: [D1-V4] /sbin/ip route list dev eth0
2023-12-31 01:36:40,331 T0000: [D1-V4] sudo vtysh -c 'show running-config' > /tmp/vtysh-runcfg-V4-pre-module-prolog-system-test_ntp.py.txt
2023-12-31 01:36:41,233 T0000: [D1-V4] chmod 777 /tmp/vtysh-runcfg-V4-pre-module-prolog-system-test_ntp.py.txt
2023-12-31 01:36:42,770 T0000: [D1-V4] /sbin/ip link set dev eth0 up
2023-12-31 01:36:43,475 T0000: [D1-V4] /sbin/ip route list dev eth0
2023-12-31 01:36:52,025 T0000: 
================== Framework Module Hook Finish: system/test_ntp.py ==================
2023-12-31 01:36:52,028 T0000: 
================== Module Hook: system/test_ntp.py ntp_module_hooks ==================
2023-12-31 01:36:52,031 T0000: 
================== Module Hook Finish: system/test_ntp.py ntp_module_hooks ==================
2023-12-31 01:36:52,034 T0000: 
================== Framework Function Hook: system/test_ntp.py::test_ft_ntp_disable_enable_with_message_log ==================
2023-12-31 01:36:52,043 T0000: [D1-V4] config save /tmp/config-db-V4-post-module-prolog-system-test_ntp.py.json -y
2023-12-31 01:36:53,758 T0000: [D1-V4] chmod 777 /tmp/config-db-V4-post-module-prolog-system-test_ntp.py.json
2023-12-31 01:36:55,289 T0000: [D1-V4] /sbin/ip link set dev eth0 up
2023-12-31 01:36:56,001 T0000: [D1-V4] /sbin/ip route list dev eth0
2023-12-31 01:37:04,523 T0000: [D1-V4] sudo vtysh -c 'show running-config' > /tmp/vtysh-runcfg-V4-post-module-prolog-system-test_ntp.py.txt
2023-12-31 01:37:05,429 T0000: [D1-V4] chmod 777 /tmp/vtysh-runcfg-V4-post-module-prolog-system-test_ntp.py.txt
2023-12-31 01:37:06,961 T0000: [D1-V4] /sbin/ip link set dev eth0 up
2023-12-31 01:37:07,673 T0000: [D1-V4] /sbin/ip route list dev eth0
2023-12-31 01:37:20,578 T0078: [D1-V4] sudo show interfaces status
2023-12-31 01:37:22,587 T0000: [D1-V4] sudo show interfaces status Ethernet124
2023-12-31 01:37:25,553 T0000: 
================== Framework Function Hook Finish: system/test_ntp.py::test_ft_ntp_disable_enable_with_message_log ==================
2023-12-31 01:37:25,554 T0000: 
================== Function Hook: system/test_ntp.py ntp_func_hooks ==================
2023-12-31 01:37:25,556 T0000: 
================== Function Hook Finish: system/test_ntp.py ntp_func_hooks ==================
2023-12-31 01:37:25,558 T0000: 
================== Test Execution: system/test_ntp.py::test_ft_ntp_disable_enable_with_message_log ==================
2023-12-31 01:37:25,558 T0000: [D1-V4] date --set='Sun December 31 01:37:25 UTC 2023'
2023-12-31 01:37:26,259 T0000: [D1-V4] show logging -l 1
2023-12-31 01:37:39,936 T0000: [D1-V4] ls -lrt /tmp/tmp3mj1ccch
2023-12-31 01:37:40,647 T0000: [D1-V4] config load -y /tmp/tmp3mj1ccch
2023-12-31 01:37:42,305 T0000: [D1-V4] systemctl restart ntp-config
2023-12-31 01:37:43,911 T0000: [D1-V4] date --set='Sun December 31 01:37:43 UTC 2023'
2023-12-31 01:37:44,621 T0000: [D1-V4] config save -y
2023-12-31 01:37:46,271 T0000: [D1-V4] do copy running-config startup-config
2023-12-31 01:37:48,165 T0000: [D1-V4] service ntp status | grep Active
2023-12-31 01:37:49,851 T0000: [D1-V4] show ntp
2023-12-31 01:37:52,529 T0000: [D1-V4] show ntp
2023-12-31 01:37:55,216 T0000: [D1-V4] show ntp
2023-12-31 01:37:57,908 T0000: [D1-V4] show ntp
2023-12-31 01:38:00,638 T0000: [D1-V4] show ntp
2023-12-31 01:38:03,317 T0000: [D1-V4] service ntp status | grep Active
2023-12-31 01:38:04,072 T0000: [D1-V4] ping -4 216.239.35.4 -c 3 
2023-12-31 01:38:06,842 T0000: [D1-V4] ping -4 192.111.144.114 -c 3 
2023-12-31 01:38:19,581 T0000: [D1-V4] ping -4 216.239.35.12 -c 3 
2023-12-31 01:38:22,355 T0000: [D1-V4] uname -a
2023-12-31 01:38:23,061 T0000: [D1-V4] ntpstat
2023-12-31 01:38:25,777 T0000: [D1-V4] uname -a
2023-12-31 01:38:26,483 T0000: [D1-V4] ntpstat
2023-12-31 01:38:29,199 T0000: [D1-V4] uname -a
2023-12-31 01:38:29,911 T0000: [D1-V4] ntpstat
2023-12-31 01:38:32,632 T0000: [D1-V4] uname -a
2023-12-31 01:38:33,340 T0000: [D1-V4] ntpstat
2023-12-31 01:38:36,056 T0000: [D1-V4] uname -a
2023-12-31 01:38:36,763 T0000: [D1-V4] ntpstat
2023-12-31 01:38:39,493 T0000: [D1-V4] uname -a
2023-12-31 01:38:40,204 T0000: [D1-V4] ntpstat
2023-12-31 01:38:42,924 T0000: [D1-V4] uname -a
2023-12-31 01:38:43,627 T0000: [D1-V4] ntpstat
2023-12-31 01:38:46,344 T0000: [D1-V4] uname -a
2023-12-31 01:38:47,057 T0000: [D1-V4] ntpstat
2023-12-31 01:38:49,772 T0000: [D1-V4] uname -a
2023-12-31 01:38:50,487 T0000: [D1-V4] ntpstat
2023-12-31 01:38:53,216 T0000: [D1-V4] uname -a
2023-12-31 01:38:53,921 T0000: [D1-V4] ntpstat
2023-12-31 01:38:56,637 T0000: [D1-V4] uname -a
2023-12-31 01:38:57,343 T0000: [D1-V4] ntpstat
2023-12-31 01:39:00,059 T0000: [D1-V4] uname -a
2023-12-31 01:39:00,772 T0000: [D1-V4] ntpstat
2023-12-31 01:39:03,489 T0000: [D1-V4] uname -a
2023-12-31 01:39:04,198 T0000: [D1-V4] ntpstat
2023-12-31 01:39:06,916 T0000: [D1-V4] uname -a
2023-12-31 01:39:07,623 T0000: [D1-V4] ntpstat
2023-12-31 01:39:10,335 T0000: [D1-V4] uname -a
2023-12-31 01:39:11,050 T0000: [D1-V4] ntpstat
2023-12-31 01:39:13,762 T0000: [D1-V4] uname -a
2023-12-31 01:39:14,475 T0000: [D1-V4] ntpstat
2023-12-31 01:39:17,191 T0000: [D1-V4] uname -a
2023-12-31 01:39:17,899 T0000: [D1-V4] ntpstat
2023-12-31 01:39:20,612 T0000: [D1-V4] uname -a
2023-12-31 01:39:21,319 T0000: [D1-V4] ntpstat
2023-12-31 01:39:24,037 T0000: [D1-V4] uname -a
2023-12-31 01:39:24,744 T0000: [D1-V4] ntpstat
2023-12-31 01:39:27,461 T0000: [D1-V4] uname -a
2023-12-31 01:39:28,180 T0000: [D1-V4] ntpstat
2023-12-31 01:39:30,896 T0000: [D1-V4] uname -a
2023-12-31 01:39:31,612 T0000: [D1-V4] ntpstat
2023-12-31 01:39:34,324 T0000: [D1-V4] uname -a
2023-12-31 01:39:35,034 T0000: [D1-V4] ntpstat
2023-12-31 01:39:37,752 T0000: [D1-V4] uname -a
2023-12-31 01:39:38,459 T0000: [D1-V4] ntpstat
2023-12-31 01:39:41,175 T0000: [D1-V4] uname -a
2023-12-31 01:39:41,883 T0000: [D1-V4] ntpstat
2023-12-31 01:39:44,603 T0000: [D1-V4] uname -a
2023-12-31 01:39:45,312 T0000: [D1-V4] ntpstat
2023-12-31 01:39:48,028 T0000: [D1-V4] uname -a
2023-12-31 01:39:48,738 T0000: [D1-V4] ntpstat
2023-12-31 01:39:51,455 T0000: [D1-V4] uname -a
2023-12-31 01:39:52,161 T0000: [D1-V4] ntpstat
2023-12-31 01:39:54,878 T0000: [D1-V4] uname -a
2023-12-31 01:39:55,588 T0000: [D1-V4] ntpstat
2023-12-31 01:39:58,304 T0000: [D1-V4] uname -a
2023-12-31 01:39:59,011 T0000: [D1-V4] ntpstat
2023-12-31 01:40:01,728 T0000: [D1-V4] uname -a
2023-12-31 01:40:02,436 T0000: [D1-V4] ntpstat
2023-12-31 01:40:05,149 T0000: [D1-V4] uname -a
2023-12-31 01:40:05,867 T0000: [D1-V4] ntpstat
2023-12-31 01:40:08,585 T0000: [D1-V4] uname -a
2023-12-31 01:40:09,291 T0000: [D1-V4] ntpstat
2023-12-31 01:40:12,009 T0000: [D1-V4] uname -a
2023-12-31 01:40:12,719 T0000: [D1-V4] ntpstat
2023-12-31 01:40:15,441 T0000: [D1-V4] uname -a
2023-12-31 01:40:16,153 T0000: [D1-V4] ntpstat
2023-12-31 01:40:18,867 T0000: [D1-V4] uname -a
2023-12-31 01:40:19,577 T0000: [D1-V4] ntpstat
2023-12-31 01:40:22,292 T0000: [D1-V4] uname -a
2023-12-31 01:40:22,996 T0000: [D1-V4] ntpstat
2023-12-31 01:40:25,717 T0000: [D1-V4] uname -a
2023-12-31 01:40:26,424 T0000: [D1-V4] ntpstat
2023-12-31 01:40:29,145 T0000: [D1-V4] uname -a
2023-12-31 01:40:29,851 T0000: [D1-V4] ntpstat
2023-12-31 01:40:32,569 T0000: [D1-V4] uname -a
2023-12-31 01:40:33,275 T0000: [D1-V4] ntpstat
2023-12-31 01:40:35,989 T0000: [D1-V4] uname -a
2023-12-31 01:40:36,694 T0000: [D1-V4] ntpstat
2023-12-31 01:40:39,421 T0000: [D1-V4] uname -a
2023-12-31 01:40:40,131 T0000: [D1-V4] ntpstat
2023-12-31 01:40:42,850 T0000: [D1-V4] uname -a
2023-12-31 01:40:43,557 T0000: [D1-V4] ntpstat
2023-12-31 01:40:46,271 T0000: [D1-V4] uname -a
2023-12-31 01:40:46,979 T0000: [D1-V4] ntpstat
2023-12-31 01:40:49,695 T0000: [D1-V4] uname -a
2023-12-31 01:40:50,407 T0000: [D1-V4] ntpstat
2023-12-31 01:40:53,124 T0000: [D1-V4] uname -a
2023-12-31 01:40:53,836 T0000: [D1-V4] ntpstat
2023-12-31 01:40:56,567 T0000: [D1-V4] uname -a
2023-12-31 01:40:57,274 T0000: [D1-V4] ntpstat
2023-12-31 01:40:59,994 T0000: [D1-V4] uname -a
2023-12-31 01:41:00,701 T0000: [D1-V4] ntpstat
2023-12-31 01:41:03,421 T0000: [D1-V4] uname -a
2023-12-31 01:41:04,133 T0000: [D1-V4] ntpstat
2023-12-31 01:41:06,869 T0000: [D1-V4] uname -a
2023-12-31 01:41:07,593 T0000: [D1-V4] ntpstat
2023-12-31 01:41:10,309 T0000: [D1-V4] uname -a
2023-12-31 01:41:11,020 T0000: [D1-V4] ntpstat
2023-12-31 01:41:13,741 T0000: [D1-V4] uname -a
2023-12-31 01:41:14,448 T0000: [D1-V4] ntpstat
2023-12-31 01:41:17,165 T0000: [D1-V4] uname -a
2023-12-31 01:41:17,871 T0000: [D1-V4] ntpstat
2023-12-31 01:41:20,589 T0000: [D1-V4] uname -a
2023-12-31 01:41:21,299 T0000: [D1-V4] ntpstat
2023-12-31 01:41:24,027 T0000: [D1-V4] uname -a
2023-12-31 01:41:24,732 T0000: [D1-V4] ntpstat
2023-12-31 01:41:27,446 T0000: [D1-V4] uname -a
2023-12-31 01:41:28,153 T0000: [D1-V4] ntpstat
2023-12-31 01:41:30,868 T0000: [D1-V4] uname -a
2023-12-31 01:41:31,575 T0000: [D1-V4] ntpstat
2023-12-31 01:41:34,292 T0000: [D1-V4] uname -a
2023-12-31 01:41:35,000 T0000: [D1-V4] ntpstat
2023-12-31 01:41:37,720 T0000: [D1-V4] uname -a
2023-12-31 01:41:38,432 T0000: [D1-V4] ntpstat
2023-12-31 01:41:41,145 T0000: [D1-V4] uname -a
2023-12-31 01:41:41,846 T0000: [D1-V4] ntpstat
2023-12-31 01:41:44,564 T0000: [D1-V4] uname -a
2023-12-31 01:41:45,281 T0000: [D1-V4] ntpstat
2023-12-31 01:41:48,006 T0000: [D1-V4] uname -a
2023-12-31 01:41:48,715 T0000: [D1-V4] ntpstat
2023-12-31 01:41:51,431 T0000: [D1-V4] uname -a
2023-12-31 01:41:52,140 T0000: [D1-V4] ntpstat
2023-12-31 01:41:54,856 T0000: [D1-V4] uname -a
2023-12-31 01:41:55,564 T0000: [D1-V4] ntpstat
2023-12-31 01:41:58,281 T0000: [D1-V4] uname -a
2023-12-31 01:41:58,989 T0000: [D1-V4] ntpstat
2023-12-31 01:42:01,706 T0000: [D1-V4] uname -a
2023-12-31 01:42:02,416 T0000: [D1-V4] ntpstat
2023-12-31 01:42:05,132 T0000: [D1-V4] uname -a
2023-12-31 01:42:05,843 T0000: [D1-V4] ntpstat
2023-12-31 01:42:08,557 T0000: [D1-V4] uname -a
2023-12-31 01:42:09,263 T0000: [D1-V4] ntpstat
2023-12-31 01:42:09,973 T0000: [D1-V4] sudo truncate -s 0 /var/log/syslog
2023-12-31 01:42:10,673 T0000: [D1-V4] sudo truncate -s 0 /var/log/syslog.1
2023-12-31 01:42:11,375 T0000: [D1-V4] logger Iam Testing NTP
2023-12-31 01:42:12,074 T0000: [D1-V4] show logging | grep -i 'Iam Testing NTP'
2023-12-31 01:42:17,528 T0000: [D1-V4] show clock
2023-12-31 01:42:18,822 T0000: 
================== Function Hook Finalize: system/test_ntp.py ntp_func_hooks ==================
2023-12-31 01:42:18,855 T0000: 
================== Framework Function Hook Finalize: system/test_ntp.py::test_ft_ntp_disable_enable_with_message_log ==================
2023-12-31 01:42:18,856 T0000: 
================== Framework Function Hook: system/test_ntp.py::test_ntp_exists_config ==================
2023-12-31 01:42:18,865 T0083: [D1-V4] sudo show interfaces status
2023-12-31 01:42:20,666 T0000: [D1-V4] sudo show interfaces status Ethernet124
2023-12-31 01:42:23,574 T0000: 
================== Framework Function Hook Finish: system/test_ntp.py::test_ntp_exists_config ==================
2023-12-31 01:42:23,575 T0000: 
================== Function Hook: system/test_ntp.py ntp_func_hooks ==================
2023-12-31 01:42:23,578 T0000: 
================== Function Hook Finish: system/test_ntp.py ntp_func_hooks ==================
2023-12-31 01:42:23,578 T0000: 
================== Test Execution: system/test_ntp.py::test_ntp_exists_config ==================
2023-12-31 01:42:23,579 T0000: [D1-V4] show ntp
2023-12-31 01:42:25,253 T0000: [D1-V4] show ntp
2023-12-31 01:42:26,976 T0000: [D1-V4] show ntp
2023-12-31 01:42:28,702 T0000: [D1-V4] ['config ntp add 216.239.35.4', 'config ntp add 216.239.35.8', 'config ntp add 216.239.35.12']
2023-12-31 01:42:32,027 T0000: 
================== Function Hook Finalize: system/test_ntp.py ntp_func_hooks ==================
2023-12-31 01:42:32,044 T0000: 
================== Framework Function Hook Finalize: system/test_ntp.py::test_ntp_exists_config ==================
2023-12-31 01:42:32,051 T0000: [D1-V4] config save /tmp/config-db-V4-pre-module-epilog-system-test_ntp.py.json -y
2023-12-31 01:42:33,766 T0000: [D1-V4] chmod 777 /tmp/config-db-V4-pre-module-epilog-system-test_ntp.py.json
2023-12-31 01:42:35,303 T0000: [D1-V4] /sbin/ip link set dev eth0 up
2023-12-31 01:42:36,011 T0000: [D1-V4] /sbin/ip route list dev eth0
2023-12-31 01:42:44,570 T0000: [D1-V4] sudo vtysh -c 'show running-config' > /tmp/vtysh-runcfg-V4-pre-module-epilog-system-test_ntp.py.txt
2023-12-31 01:42:45,465 T0000: [D1-V4] chmod 777 /tmp/vtysh-runcfg-V4-pre-module-epilog-system-test_ntp.py.txt
2023-12-31 01:42:46,994 T0000: [D1-V4] /sbin/ip link set dev eth0 up
2023-12-31 01:42:47,705 T0000: [D1-V4] /sbin/ip route list dev eth0
2023-12-31 01:42:56,224 T0000: 
================== Module Hook Finalize: system/test_ntp.py ntp_module_hooks ==================
2023-12-31 01:42:56,232 T0000: [D1-V4] config save /tmp/config-db-V4-post-module-epilog-system-test_ntp.py.json -y
2023-12-31 01:42:57,996 T0000: [D1-V4] chmod 777 /tmp/config-db-V4-post-module-epilog-system-test_ntp.py.json
2023-12-31 01:42:59,530 T0000: [D1-V4] /sbin/ip link set dev eth0 up
2023-12-31 01:43:00,240 T0000: [D1-V4] /sbin/ip route list dev eth0
2023-12-31 01:43:08,795 T0000: [D1-V4] sudo vtysh -c 'show running-config' > /tmp/vtysh-runcfg-V4-post-module-epilog-system-test_ntp.py.txt
2023-12-31 01:43:09,702 T0000: [D1-V4] chmod 777 /tmp/vtysh-runcfg-V4-post-module-epilog-system-test_ntp.py.txt
2023-12-31 01:43:11,230 T0000: [D1-V4] /sbin/ip link set dev eth0 up
2023-12-31 01:43:11,938 T0000: [D1-V4] /sbin/ip route list dev eth0
2023-12-31 01:43:20,526 T0000: [D1-V4] sudo show interfaces status Ethernet124
2023-12-31 01:43:23,099 T0000: 
================== Framework Module Hook Finalize: system/test_ntp.py Pass: 1/2 ==================
2023-12-31 01:43:23,099 T0000: 
================== Devices used: system/test_ntp.py 1 ['V4'] ==================
2023-12-31 01:43:23,634 T0000: 
================== Framework Module Hook: batch/test_spytest_infra_1.py ==================
2023-12-31 01:43:23,648 T0100: [D1-V4] no router bgp
2023-12-31 01:43:25,455 T0100: [D1-V4] config feature state sflow enabled
2023-12-31 01:43:27,606 T0100: [D1-V4] config feature state nat enabled
2023-12-31 01:44:20,022 T0100: [D1-V4] /sbin/ip link set dev eth0 up
2023-12-31 01:44:20,690 T0100: [D1-V4] /sbin/ip route list dev eth0
2023-12-31 01:44:21,364 T0100: [D1-V4] sudo show interfaces status Ethernet124
2023-12-31 01:44:23,820 T0101: [D1-V4] sudo show interfaces status
2023-12-31 01:44:30,612 T0102: [D1-V4] sudo show interfaces status
2023-12-31 01:44:37,654 T0103: [D1-V4] sudo show interfaces status
2023-12-31 01:44:44,641 T0104: [D1-V4] sudo show interfaces status
2023-12-31 01:44:46,423 T0000: 
================== Framework Module Hook Finish: batch/test_spytest_infra_1.py ==================
2023-12-31 01:44:46,425 T0000: 
================== Framework Function Hook: batch/test_spytest_infra_1.py::test_spytest_infra_last ==================
2023-12-31 01:44:50,722 T0105: [D1-V4] sudo show interfaces status
2023-12-31 01:44:52,522 T0000: [D1-V4] sudo show interfaces status Ethernet124
2023-12-31 01:44:55,376 T0000: 
================== Framework Function Hook Finish: batch/test_spytest_infra_1.py::test_spytest_infra_last ==================
2023-12-31 01:44:55,378 T0000: 
================== Test Execution: batch/test_spytest_infra_1.py::test_spytest_infra_last ==================
2023-12-31 01:44:55,398 T0000: 
================== Framework Function Hook Finalize: batch/test_spytest_infra_1.py::test_spytest_infra_last ==================
2023-12-31 01:44:55,412 T0000: [D1-V4] sudo show interfaces status Ethernet124
2023-12-31 01:44:58,000 T0000: 
================== Framework Module Hook Finalize: batch/test_spytest_infra_1.py Pass: 1/1 ==================
2023-12-31 01:44:58,000 T0000: 
================== Devices used: batch/test_spytest_infra_1.py 1 ['V4'] ==================
2023-12-31 01:44:58,091 T0000: [D1-V4] ['stty cols 80']
