2024-01-01 01:13:40,172 T0025: WARN  #### gw2  
2024-01-01 01:13:40,172 T0025: WARN  support post-session-prolog session pass ''
2024-01-01 01:13:40,175 T0026: WARN  #### gw2  
2024-01-01 01:13:40,175 T0026: WARN  support post-session-prolog session pass ''
2024-01-01 01:14:31,693 T0079: INFO  #### gw2  
2024-01-01 01:14:31,693 T0079: INFO  support pre-module-prolog switching/test_vlan.py  ''
2024-01-01 01:14:31,696 T0080: INFO  #### gw2  
2024-01-01 01:14:31,696 T0080: INFO  support pre-module-prolog switching/test_vlan.py  ''
2024-01-01 01:15:06,174 T0098: INFO  #### gw2  switching/test_vlan.py
2024-01-01 01:15:06,174 T0098: INFO  support post-module-prolog switching/test_vlan.py Pass ''
2024-01-01 01:15:06,177 T0099: INFO  #### gw2  switching/test_vlan.py
2024-01-01 01:15:06,177 T0099: INFO  support post-module-prolog switching/test_vlan.py Pass ''
2024-01-01 01:15:39,464 T0123: INFO  #### gw2  switching/test_vlan.py
2024-01-01 01:15:39,464 T0123: INFO  support pre-function-prolog test_ft_add_unknownvlan_interface  ''
2024-01-01 01:15:39,468 T0124: INFO  #### gw2  switching/test_vlan.py
2024-01-01 01:15:39,468 T0124: INFO  support pre-function-prolog test_ft_add_unknownvlan_interface  ''
2024-01-01 01:15:39,482 T0125: INFO  #### gw2  switching/test_vlan.py::test_ft_add_unknownvlan_interface
2024-01-01 01:15:39,482 T0125: INFO  support post-function-prolog test_ft_add_unknownvlan_interface Pass ''
2024-01-01 01:15:39,484 T0126: INFO  #### gw2  switching/test_vlan.py::test_ft_add_unknownvlan_interface
2024-01-01 01:15:39,484 T0126: INFO  support post-function-prolog test_ft_add_unknownvlan_interface Pass ''
2024-01-01 01:15:40,815 T0000: WARN  #### gw2 IGNORED ERROR switching/test_vlan.py::test_ft_add_unknownvlan_interface
2024-01-01 01:15:40,815 T0000: WARN  Skipped error checking but detected pattern: containing_error command: sudo -s config vlan member add 2251 Ethernet16 -u
2024-01-01 01:15:43,340 T0127: INFO  #### gw2  switching/test_vlan.py::test_ft_add_unknownvlan_interface
2024-01-01 01:15:43,340 T0127: INFO  support pre-function-epilog test_ft_add_unknownvlan_interface Pass 'Test case passed'
2024-01-01 01:15:43,342 T0128: INFO  #### gw2  switching/test_vlan.py::test_ft_add_unknownvlan_interface
2024-01-01 01:15:43,342 T0128: INFO  support pre-function-epilog test_ft_add_unknownvlan_interface Pass 'Test case passed'
2024-01-01 01:15:43,350 T0129: INFO  #### gw2  switching/test_vlan.py::test_ft_add_unknownvlan_interface
2024-01-01 01:15:43,350 T0129: INFO  support post-function-epilog test_ft_add_unknownvlan_interface Pass 'Test case passed'
2024-01-01 01:15:43,352 T0130: INFO  #### gw2  switching/test_vlan.py::test_ft_add_unknownvlan_interface
2024-01-01 01:15:43,352 T0130: INFO  support post-function-epilog test_ft_add_unknownvlan_interface Pass 'Test case passed'
2024-01-01 01:15:48,671 T0136: INFO  #### gw2  switching/test_vlan.py
2024-01-01 01:15:48,672 T0136: INFO  support pre-function-prolog test_ft_vlan_delete_with_member  ''
2024-01-01 01:15:48,675 T0137: INFO  #### gw2  switching/test_vlan.py
2024-01-01 01:15:48,676 T0137: INFO  support pre-function-prolog test_ft_vlan_delete_with_member  ''
2024-01-01 01:15:48,687 T0138: INFO  #### gw2  switching/test_vlan.py::test_ft_vlan_delete_with_member
2024-01-01 01:15:48,687 T0138: INFO  support post-function-prolog test_ft_vlan_delete_with_member Pass ''
2024-01-01 01:15:48,689 T0139: INFO  #### gw2  switching/test_vlan.py::test_ft_vlan_delete_with_member
2024-01-01 01:15:48,689 T0139: INFO  support post-function-prolog test_ft_vlan_delete_with_member Pass ''
2024-01-01 01:15:52,535 T0000: WARN  #### gw2 IGNORED ERROR switching/test_vlan.py::test_ft_vlan_delete_with_member
2024-01-01 01:15:52,535 T0000: WARN  Skipped error checking but detected pattern: containing_error command: sudo -s config vlan del 2251
2024-01-01 01:15:57,755 T0140: INFO  #### gw2  switching/test_vlan.py::test_ft_vlan_delete_with_member
2024-01-01 01:15:57,755 T0140: INFO  support pre-function-epilog test_ft_vlan_delete_with_member Pass 'Test case passed'
2024-01-01 01:15:57,756 T0141: INFO  #### gw2  switching/test_vlan.py::test_ft_vlan_delete_with_member
2024-01-01 01:15:57,757 T0141: INFO  support pre-function-epilog test_ft_vlan_delete_with_member Pass 'Test case passed'
2024-01-01 01:15:57,764 T0142: INFO  #### gw2  switching/test_vlan.py::test_ft_vlan_delete_with_member
2024-01-01 01:15:57,764 T0142: INFO  support post-function-epilog test_ft_vlan_delete_with_member Pass 'Test case passed'
2024-01-01 01:15:57,785 T0143: INFO  #### gw2  switching/test_vlan.py::test_ft_vlan_delete_with_member
2024-01-01 01:15:57,785 T0143: INFO  support post-function-epilog test_ft_vlan_delete_with_member Pass 'Test case passed'
2024-01-01 01:16:03,126 T0149: INFO  #### gw2  switching/test_vlan.py
2024-01-01 01:16:03,127 T0149: INFO  support pre-function-prolog test_ft_vlan_trunk_tagged  ''
2024-01-01 01:16:03,131 T0150: INFO  #### gw2  switching/test_vlan.py
2024-01-01 01:16:03,131 T0150: INFO  support pre-function-prolog test_ft_vlan_trunk_tagged  ''
2024-01-01 01:16:03,143 T0151: INFO  #### gw2  switching/test_vlan.py::test_ft_vlan_trunk_tagged
2024-01-01 01:16:03,143 T0151: INFO  support post-function-prolog test_ft_vlan_trunk_tagged Pass ''
2024-01-01 01:16:03,145 T0152: INFO  #### gw2  switching/test_vlan.py::test_ft_vlan_trunk_tagged
2024-01-01 01:16:03,145 T0152: INFO  support post-function-prolog test_ft_vlan_trunk_tagged Pass ''
2024-01-01 01:17:24,596 T0153: INFO  #### gw2  switching/test_vlan.py::test_ft_vlan_trunk_tagged
2024-01-01 01:17:24,597 T0153: INFO  support pre-function-epilog test_ft_vlan_trunk_tagged Pass 'Test case passed'
2024-01-01 01:17:24,600 T0154: INFO  #### gw2  switching/test_vlan.py::test_ft_vlan_trunk_tagged
2024-01-01 01:17:24,600 T0154: INFO  support pre-function-epilog test_ft_vlan_trunk_tagged Pass 'Test case passed'
2024-01-01 01:17:24,608 T0155: INFO  #### gw2  switching/test_vlan.py::test_ft_vlan_trunk_tagged
2024-01-01 01:17:24,608 T0155: INFO  support post-function-epilog test_ft_vlan_trunk_tagged Pass 'Test case passed'
2024-01-01 01:17:24,610 T0156: INFO  #### gw2  switching/test_vlan.py::test_ft_vlan_trunk_tagged
2024-01-01 01:17:24,610 T0156: INFO  support post-function-epilog test_ft_vlan_trunk_tagged Pass 'Test case passed'
2024-01-01 01:17:29,828 T0162: INFO  #### gw2  switching/test_vlan.py
2024-01-01 01:17:29,829 T0162: INFO  support pre-function-prolog test_ft_vlan_save_config_warm_and_fast_reboot  ''
2024-01-01 01:17:29,834 T0163: INFO  #### gw2  switching/test_vlan.py
2024-01-01 01:17:29,834 T0163: INFO  support pre-function-prolog test_ft_vlan_save_config_warm_and_fast_reboot  ''
2024-01-01 01:17:29,846 T0164: INFO  #### gw2  switching/test_vlan.py::test_ft_vlan_save_config_warm_and_fast_reboot
2024-01-01 01:17:29,846 T0164: INFO  support post-function-prolog test_ft_vlan_save_config_warm_and_fast_reboot Pass ''
2024-01-01 01:17:29,848 T0165: INFO  #### gw2  switching/test_vlan.py::test_ft_vlan_save_config_warm_and_fast_reboot
2024-01-01 01:17:29,848 T0165: INFO  support post-function-prolog test_ft_vlan_save_config_warm_and_fast_reboot Pass ''
2024-01-01 01:28:37,913 T0000: WARN  #### gw2 IGNORED ERROR switching/test_vlan.py::test_ft_vlan_save_config_warm_and_fast_reboot
2024-01-01 01:28:37,913 T0000: WARN  Skipped error checking but detected pattern: containing_python_traceback command: sudo -s fast-reboot
2024-01-01 01:29:29,285 T0000: ERROR #### gw2 Exception switching/test_vlan.py::test_ft_vlan_save_config_warm_and_fast_reboot
2024-01-01 01:29:29,285 T0000: ERROR Exception TypeError 'NoneType' object is not subscriptable in file /apis/system/basic.py at line 1389
2024-01-01 01:29:29,285 T0000: ERROR [0] /apis/system/basic.py:1389 is_warm_boot_support return bool(platform.lower() in features_support_data[key])
2024-01-01 01:29:29,285 T0000: ERROR [1] /apis/system/reboot.py:83 warm_reboot if (st.getenv("SPYTEST_UNSUPPORT_TD4_WARM_REBOOT") and basic.is_td4_platform(dut)) or basic.is_warm_boot_support(dut, is_support=False):
2024-01-01 01:29:29,285 T0000: ERROR [2] /tests/switching/test_vlan.py:906 test_ft_vlan_save_config_warm_and_fast_reboot reboot.warm_reboot(vars.D1)
2024-01-01 01:29:29,287 T0166: WARN  #### gw2  switching/test_vlan.py::test_ft_vlan_save_config_warm_and_fast_reboot
2024-01-01 01:29:29,287 T0166: WARN  support post-function-epilog test_ft_vlan_save_config_warm_and_fast_reboot ScriptError 'Exception TypeError 'NoneType' object is not subscriptable in file /apis/system/basic.py at line 1389'
2024-01-01 01:29:29,288 T0167: WARN  #### gw2  switching/test_vlan.py::test_ft_vlan_save_config_warm_and_fast_reboot
2024-01-01 01:29:29,289 T0167: WARN  support post-function-epilog test_ft_vlan_save_config_warm_and_fast_reboot ScriptError 'Exception TypeError 'NoneType' object is not subscriptable in file /apis/system/basic.py at line 1389'
2024-01-01 01:29:29,308 T0000: ERROR #### gw2  switching/test_vlan.py::test_ft_vlan_save_config_warm_and_fast_reboot
2024-01-01 01:29:29,308 T0000: ERROR 

==================== REMOTE ALERTS ============================
################################################################################
drop the rate from 2000 to 100
################################################################################
################################################################################
drop the rate from 2000 to 100
################################################################################
################################################################################
drop the rate from 2000 to 100
################################################################################
===============================================================


2024-01-01 01:29:29,347 T0168: WARN  #### gw2  switching/test_vlan.py::test_ft_vlan_save_config_warm_and_fast_reboot
2024-01-01 01:29:29,347 T0168: WARN  support pre-module-epilog switching/test_vlan.py fail ''
2024-01-01 01:29:29,349 T0169: WARN  #### gw2  switching/test_vlan.py::test_ft_vlan_save_config_warm_and_fast_reboot
2024-01-01 01:29:29,350 T0169: WARN  support pre-module-epilog switching/test_vlan.py fail ''
2024-01-01 01:29:56,713 T0186: WARN  #### gw2  switching/test_vlan.py::test_ft_vlan_save_config_warm_and_fast_reboot
2024-01-01 01:29:56,713 T0186: WARN  support post-module-epilog switching/test_vlan.py fail ''
2024-01-01 01:29:56,715 T0187: WARN  #### gw2  switching/test_vlan.py::test_ft_vlan_save_config_warm_and_fast_reboot
2024-01-01 01:29:56,715 T0187: WARN  support post-module-epilog switching/test_vlan.py fail ''
2024-01-01 01:34:26,081 T0249: INFO  #### gw2  
2024-01-01 01:34:26,082 T0249: INFO  support pre-module-prolog system/test_lldp.py  ''
2024-01-01 01:34:26,084 T0250: INFO  #### gw2  
2024-01-01 01:34:26,084 T0250: INFO  support pre-module-prolog system/test_lldp.py  ''
2024-01-01 01:36:24,243 T0267: WARN  #### gw2  system/test_lldp.py
2024-01-01 01:36:24,243 T0267: WARN  support post-module-epilog system/test_lldp.py fail ''
2024-01-01 01:36:24,245 T0268: WARN  #### gw2  system/test_lldp.py
2024-01-01 01:36:24,245 T0268: WARN  support post-module-epilog system/test_lldp.py fail ''
2024-01-01 01:38:22,534 T0313: WARN  #### gw2  batch/test_spytest_infra_1.py::test_spytest_infra_last
2024-01-01 01:38:22,534 T0313: WARN  support session-epilog session pass ''
2024-01-01 01:38:22,535 T0314: WARN  #### gw2  batch/test_spytest_infra_1.py::test_spytest_infra_last
2024-01-01 01:38:22,536 T0314: WARN  support session-epilog session pass ''
