2023-12-25 00:07:53.189165 = START
2023-12-25 00:07:54.312794 = device connections start
2023-12-25 00:08:26.188651 = device connections finish
2023-12-25 00:08:26.193139 = session init start
2023-12-25 00:11:04.952878 = report file generation start
2023-12-25 00:11:05.036028 = report file generation end
2023-12-25 00:11:28.652901 = session init end
2023-12-25 00:11:28.654725 = Framework Module Hook Start
2023-12-25 00:11:29.067533 = module test_spytest_infra_1.py init start
2023-12-25 00:11:33.428000 = module test_spytest_infra_1.py init end
2023-12-25 00:11:33.428775 = Framework Module Hook end
2023-12-25 00:11:33.429611 = Framework Function Hook Start
2023-12-25 00:11:36.560498 = function batch/test_spytest_infra_1.py::test_spytest_infra_first init start
2023-12-25 00:11:41.381638 = function batch/test_spytest_infra_1.py::test_spytest_infra_first init end
2023-12-25 00:11:41.383320 = Framework Function Hook end
2023-12-25 00:11:41.387815 = Module Config Time (2023-12-25 00:11:28.654793 - 2023-12-25 00:11:33.430369) Published
2023-12-25 00:11:41.391247 = function batch/test_spytest_infra_1.py::test_spytest_infra_first clean start
2023-12-25 00:11:41.400841 = Test Time (2023-12-25 00:11:36.560659 - 2023-12-25 00:11:41.400834) Published
2023-12-25 00:11:41.406711 = function batch/test_spytest_infra_1.py::test_spytest_infra_first clean end
2023-12-25 00:11:41.407038 = Framework Function Hook Finalize
2023-12-25 00:11:41.538346 = Framework Function Hook Start
2023-12-25 00:11:41.539498 = function batch/test_spytest_infra_1.py::test_spytest_infra_second init start
2023-12-25 00:11:46.369168 = function batch/test_spytest_infra_1.py::test_spytest_infra_second init end
2023-12-25 00:11:46.370207 = Framework Function Hook end
2023-12-25 00:11:46.373697 = function batch/test_spytest_infra_1.py::test_spytest_infra_second clean start
2023-12-25 00:11:46.385543 = Test Time (2023-12-25 00:11:41.539676 - 2023-12-25 00:11:46.385535) Published
2023-12-25 00:11:46.390587 = function batch/test_spytest_infra_1.py::test_spytest_infra_second clean end
2023-12-25 00:11:46.390902 = Framework Function Hook Finalize
2023-12-25 00:11:46.391060 = module test_spytest_infra_1.py clean start
2023-12-25 00:11:48.946861 = report file generation start
2023-12-25 00:11:49.031233 = report file generation end
2023-12-25 00:11:49.036268 = module test_spytest_infra_1.py clean end
2023-12-25 00:11:49.036654 = Framework Module Hook Finalize
2023-12-25 00:11:49.038848 = Framework Module Hook Start
2023-12-25 00:11:49.450044 = module test_l3_performance.py init start
2023-12-25 00:12:17.612224 = module test_l3_performance.py init end
2023-12-25 00:12:17.612676 = Framework Module Hook end
2023-12-25 00:12:17.613055 = User Module routing/test_l3_performance.py Hook Start
2023-12-25 00:12:37.280168 = User Module routing/test_l3_performance.py Hook end
2023-12-25 00:12:37.280817 = Framework Function Hook Start
2023-12-25 00:13:05.571942 = function routing/test_l3_performance.py::test_ft_l3_performance_enhancements_v4_route_intstall_withdraw init start
2023-12-25 00:13:10.448537 = function routing/test_l3_performance.py::test_ft_l3_performance_enhancements_v4_route_intstall_withdraw init end
2023-12-25 00:13:10.449034 = Framework Function Hook end
2023-12-25 00:13:10.449519 = User Function routing/test_l3_performance.py::test_ft_l3_performance_enhancements_v4_route_intstall_withdraw Hook Start
2023-12-25 00:13:10.452332 = User Function routing/test_l3_performance.py::test_ft_l3_performance_enhancements_v4_route_intstall_withdraw Hook end
2023-12-25 00:13:10.452508 = User Function routing/test_l3_performance.py::test_ft_l3_performance_enhancements_v4_route_intstall_withdraw Hook Start
2023-12-25 00:16:24.282306 = User Function routing/test_l3_performance.py::test_ft_l3_performance_enhancements_v4_route_intstall_withdraw Hook end
2023-12-25 00:16:24.680805 = Module Config Time (2023-12-25 00:11:49.038912 - 2023-12-25 00:12:37.280928) Published
2023-12-25 00:16:24.690147 = User Function routing/test_l3_performance.py::test_ft_l3_performance_enhancements_v4_route_intstall_withdraw Hook Finalize
2023-12-25 00:16:24.690427 = User Function routing/test_l3_performance.py::test_ft_l3_performance_enhancements_v4_route_intstall_withdraw Hook Finalize
2023-12-25 00:16:24.690543 = function routing/test_l3_performance.py::test_ft_l3_performance_enhancements_v4_route_intstall_withdraw clean start
2023-12-25 00:16:24.716771 = Test Time (2023-12-25 00:13:05.572046 - 2023-12-25 00:16:24.716761) Published
2023-12-25 00:16:24.721916 = function routing/test_l3_performance.py::test_ft_l3_performance_enhancements_v4_route_intstall_withdraw clean end
2023-12-25 00:16:24.722249 = Framework Function Hook Finalize
2023-12-25 00:16:24.723391 = Framework Function Hook Start
2023-12-25 00:16:24.724199 = function routing/test_l3_performance.py::test_cli_validation_ip_address init start
2023-12-25 00:16:30.424049 = function routing/test_l3_performance.py::test_cli_validation_ip_address init end
2023-12-25 00:16:30.424421 = Framework Function Hook end
2023-12-25 00:16:30.424746 = User Function routing/test_l3_performance.py::test_cli_validation_ip_address Hook Start
2023-12-25 00:16:30.427329 = User Function routing/test_l3_performance.py::test_cli_validation_ip_address Hook end
2023-12-25 00:17:35.876414 = User Function routing/test_l3_performance.py::test_cli_validation_ip_address Hook Finalize
2023-12-25 00:17:35.876647 = function routing/test_l3_performance.py::test_cli_validation_ip_address clean start
2023-12-25 00:17:35.897118 = Test Time (2023-12-25 00:16:24.724282 - 2023-12-25 00:17:35.897105) Published
2023-12-25 00:17:35.902722 = function routing/test_l3_performance.py::test_cli_validation_ip_address clean end
2023-12-25 00:17:35.903141 = Framework Function Hook Finalize
2023-12-25 00:17:35.904468 = Framework Function Hook Start
2023-12-25 00:17:35.905028 = function routing/test_l3_performance.py::test_cli_validation_bgp_router_config init start
2023-12-25 00:17:40.961240 = function routing/test_l3_performance.py::test_cli_validation_bgp_router_config init end
2023-12-25 00:17:40.961734 = Framework Function Hook end
2023-12-25 00:17:40.962217 = User Function routing/test_l3_performance.py::test_cli_validation_bgp_router_config Hook Start
2023-12-25 00:17:40.966131 = User Function routing/test_l3_performance.py::test_cli_validation_bgp_router_config Hook end
2023-12-25 00:17:58.354521 = User Function routing/test_l3_performance.py::test_cli_validation_bgp_router_config Hook Finalize
2023-12-25 00:17:58.354711 = function routing/test_l3_performance.py::test_cli_validation_bgp_router_config clean start
2023-12-25 00:17:58.367062 = Test Time (2023-12-25 00:17:35.905126 - 2023-12-25 00:17:58.367054) Published
2023-12-25 00:17:58.372267 = function routing/test_l3_performance.py::test_cli_validation_bgp_router_config clean end
2023-12-25 00:17:58.372631 = Framework Function Hook Finalize
2023-12-25 00:18:34.756743 = User Module routing/test_l3_performance.py Hook Finalize
2023-12-25 00:18:34.756924 = module test_l3_performance.py clean start
2023-12-25 00:19:02.125053 = report file generation start
2023-12-25 00:19:02.210884 = report file generation end
2023-12-25 00:19:02.216069 = module test_l3_performance.py clean end
2023-12-25 00:19:02.216595 = Framework Module Hook Finalize
2023-12-25 00:19:02.387595 = Framework Module Hook Start
2023-12-25 00:19:02.804782 = module test_spytest_infra_1.py init start
2023-12-25 00:20:39.316388 = module test_spytest_infra_1.py init end
2023-12-25 00:20:39.317169 = Framework Module Hook end
2023-12-25 00:20:39.317978 = Framework Function Hook Start
2023-12-25 00:20:42.404214 = function batch/test_spytest_infra_1.py::test_spytest_infra_last init start
2023-12-25 00:20:47.588477 = function batch/test_spytest_infra_1.py::test_spytest_infra_last init end
2023-12-25 00:20:47.589398 = Framework Function Hook end
2023-12-25 00:20:47.590651 = Module Config Time (2023-12-25 00:19:02.387801 - 2023-12-25 00:20:39.318207) Published
2023-12-25 00:20:47.592791 = function batch/test_spytest_infra_1.py::test_spytest_infra_last clean start
2023-12-25 00:20:47.602591 = Test Time (2023-12-25 00:20:42.404310 - 2023-12-25 00:20:47.602584) Published
2023-12-25 00:20:47.607782 = function batch/test_spytest_infra_1.py::test_spytest_infra_last clean end
2023-12-25 00:20:47.608108 = Framework Function Hook Finalize
2023-12-25 00:20:47.608266 = module test_spytest_infra_1.py clean start
2023-12-25 00:20:50.210522 = report file generation start
2023-12-25 00:20:50.294791 = report file generation end
2023-12-25 00:20:50.299806 = module test_spytest_infra_1.py clean end
2023-12-25 00:20:50.300203 = Framework Module Hook Finalize
2023-12-25 00:20:50.302637 = Framework Module Hook Start
2023-12-25 00:20:50.713373 = module test_qos_save_reboot.py init start
2023-12-25 00:22:32.635524 = module test_qos_save_reboot.py init end
2023-12-25 00:22:32.635934 = Framework Module Hook end
2023-12-25 00:22:32.636282 = User Module qos/test_qos_save_reboot.py Hook Start
2023-12-25 00:24:55.496601 = User Module qos/test_qos_save_reboot.py Hook end
2023-12-25 00:24:55.497148 = Framework Function Hook Start
2023-12-25 00:25:22.187276 = function qos/test_qos_save_reboot.py::test_ft_qos_config_mgmt_verifying_config_with_save_reboot init start
2023-12-25 00:25:27.116539 = function qos/test_qos_save_reboot.py::test_ft_qos_config_mgmt_verifying_config_with_save_reboot init end
2023-12-25 00:25:27.117001 = Framework Function Hook end
2023-12-25 00:25:27.117463 = User Function qos/test_qos_save_reboot.py::test_ft_qos_config_mgmt_verifying_config_with_save_reboot Hook Start
2023-12-25 00:25:27.119998 = User Function qos/test_qos_save_reboot.py::test_ft_qos_config_mgmt_verifying_config_with_save_reboot Hook end
2023-12-25 00:25:27.120846 = Module Config Time (2023-12-25 00:20:50.302697 - 2023-12-25 00:24:55.497241) Published
2023-12-25 00:28:40.778414 = User Function qos/test_qos_save_reboot.py::test_ft_qos_config_mgmt_verifying_config_with_save_reboot Hook Finalize
2023-12-25 00:28:40.778614 = function qos/test_qos_save_reboot.py::test_ft_qos_config_mgmt_verifying_config_with_save_reboot clean start
2023-12-25 00:28:40.791787 = Test Time (2023-12-25 00:25:22.187372 - 2023-12-25 00:28:40.791779) Published
2023-12-25 00:28:40.797181 = function qos/test_qos_save_reboot.py::test_ft_qos_config_mgmt_verifying_config_with_save_reboot clean end
2023-12-25 00:28:40.797481 = Framework Function Hook Finalize
2023-12-25 00:29:06.527057 = User Module qos/test_qos_save_reboot.py Hook Finalize
2023-12-25 00:29:06.527228 = module test_qos_save_reboot.py clean start
2023-12-25 00:29:32.459319 = report file generation start
2023-12-25 00:29:32.544001 = report file generation end
2023-12-25 00:29:32.549293 = module test_qos_save_reboot.py clean end
2023-12-25 00:29:32.549795 = Framework Module Hook Finalize
2023-12-25 00:29:33.489259 = Framework Module Hook Start
2023-12-25 00:29:33.908043 = module test_spytest_infra_1.py init start
2023-12-25 00:31:08.659872 = module test_spytest_infra_1.py init end
2023-12-25 00:31:08.660633 = Framework Module Hook end
2023-12-25 00:31:08.661450 = Framework Function Hook Start
2023-12-25 00:31:11.748251 = function batch/test_spytest_infra_1.py::test_spytest_infra_last init start
2023-12-25 00:31:16.147222 = function batch/test_spytest_infra_1.py::test_spytest_infra_last init end
2023-12-25 00:31:16.148186 = Framework Function Hook end
2023-12-25 00:31:16.149823 = Module Config Time (2023-12-25 00:29:33.489563 - 2023-12-25 00:31:08.661680) Published
2023-12-25 00:31:16.152375 = function batch/test_spytest_infra_1.py::test_spytest_infra_last clean start
2023-12-25 00:31:16.162610 = Test Time (2023-12-25 00:31:11.748340 - 2023-12-25 00:31:16.162604) Published
2023-12-25 00:31:16.167928 = function batch/test_spytest_infra_1.py::test_spytest_infra_last clean end
2023-12-25 00:31:16.168193 = Framework Function Hook Finalize
2023-12-25 00:31:16.168336 = module test_spytest_infra_1.py clean start
2023-12-25 00:31:18.514720 = report file generation start
2023-12-25 00:31:18.600246 = report file generation end
2023-12-25 00:31:18.605403 = module test_spytest_infra_1.py clean end
2023-12-25 00:31:18.605732 = Framework Module Hook Finalize
2023-12-25 00:31:18.606128 = session clean start
2023-12-25 00:31:18.614097 = report file generation start
2023-12-25 00:31:18.694438 = report file generation end
2023-12-25 00:31:19.395719 = session clean end
