2023-12-25 00:08:06,774 T0002: [D1-V2] ['export TMOUT=0', 'stty cols 5000', 'uptime']
2023-12-25 00:08:07,446 T0002: [D1-V2] cat /proc/uptime
2023-12-25 00:08:08,116 T0002: [D1-V2] sudo vtysh -c 'show running-config | include hostname'
2023-12-25 00:08:14,352 T0002: [D1-V2] /sbin/ip link set dev eth0 up
2023-12-25 00:08:15,074 T0002: [D1-V2] /sbin/ip route list dev eth0
2023-12-25 00:08:15,754 T0002: [D1-V2] ['export TMOUT=0', 'stty cols 5000', 'uptime']
2023-12-25 00:08:17,903 T0002: [D1-V2] /sbin/ip link set dev eth0 up
2023-12-25 00:08:18,574 T0002: [D1-V2] /sbin/ip route list dev eth0
2023-12-25 00:08:19,925 T0002: [D1-V2] show version
2023-12-25 00:08:22,012 T0002: [D1-V2] /sbin/ip link set dev eth0 up
2023-12-25 00:08:22,682 T0002: [D1-V2] /sbin/ip route list dev eth0
2023-12-25 00:08:24,837 T0002: [D1-V2] /sbin/ip link set dev eth0 up
2023-12-25 00:08:25,510 T0002: [D1-V2] /sbin/ip route list dev eth0
2023-12-25 00:10:08,355 T0000: [D1-V2] sudo show interfaces status
2023-12-25 00:10:10,362 T0000: [D1-V2] config interface startup Ethernet0
2023-12-25 00:10:11,520 T0000: [D1-V2] config interface startup Ethernet4
2023-12-25 00:10:12,626 T0000: [D1-V2] config interface startup Ethernet8
2023-12-25 00:10:13,732 T0000: [D1-V2] config interface startup Ethernet12
2023-12-25 00:10:14,857 T0000: [D1-V2] config interface shutdown Ethernet16
2023-12-25 00:10:15,960 T0000: [D1-V2] config interface shutdown Ethernet20
2023-12-25 00:10:17,064 T0000: [D1-V2] config interface shutdown Ethernet24
2023-12-25 00:10:18,168 T0000: [D1-V2] config interface shutdown Ethernet28
2023-12-25 00:10:19,272 T0000: [D1-V2] config interface shutdown Ethernet32
2023-12-25 00:10:20,377 T0000: [D1-V2] config interface shutdown Ethernet36
2023-12-25 00:10:21,485 T0000: [D1-V2] config interface shutdown Ethernet40
2023-12-25 00:10:22,592 T0000: [D1-V2] config interface shutdown Ethernet44
2023-12-25 00:10:23,693 T0000: [D1-V2] config interface shutdown Ethernet48
2023-12-25 00:10:24,844 T0000: [D1-V2] config interface shutdown Ethernet52
2023-12-25 00:10:25,949 T0000: [D1-V2] config interface shutdown Ethernet56
2023-12-25 00:10:27,259 T0000: [D1-V2] config interface shutdown Ethernet60
2023-12-25 00:10:28,365 T0000: [D1-V2] config interface shutdown Ethernet64
2023-12-25 00:10:29,523 T0000: [D1-V2] config interface shutdown Ethernet68
2023-12-25 00:10:30,627 T0000: [D1-V2] config interface shutdown Ethernet72
2023-12-25 00:10:31,786 T0000: [D1-V2] config interface shutdown Ethernet76
2023-12-25 00:10:32,892 T0000: [D1-V2] config interface shutdown Ethernet80
2023-12-25 00:10:33,996 T0000: [D1-V2] config interface shutdown Ethernet84
2023-12-25 00:10:35,101 T0000: [D1-V2] config interface shutdown Ethernet88
2023-12-25 00:10:36,204 T0000: [D1-V2] config interface shutdown Ethernet92
2023-12-25 00:10:37,314 T0000: [D1-V2] config interface shutdown Ethernet96
2023-12-25 00:10:38,465 T0000: [D1-V2] config interface shutdown Ethernet100
2023-12-25 00:10:39,573 T0000: [D1-V2] config interface shutdown Ethernet104
2023-12-25 00:10:40,683 T0000: [D1-V2] config interface shutdown Ethernet108
2023-12-25 00:10:41,795 T0000: [D1-V2] config interface shutdown Ethernet112
2023-12-25 00:10:42,904 T0000: [D1-V2] config interface shutdown Ethernet116
2023-12-25 00:10:44,017 T0000: [D1-V2] config interface shutdown Ethernet120
2023-12-25 00:10:45,125 T0000: [D1-V2] config interface shutdown Ethernet124
2023-12-25 00:10:52,351 T0000: [D1-V2] show version
2023-12-25 00:10:54,530 T0000: [D1-V2] cat /var/run/redis/sonic-db/database_config.json
2023-12-25 00:10:55,272 T0000: [D1-V2] /sbin/ifconfig eth0
2023-12-25 00:10:55,990 T0000: [D1-V2] ls /etc/sonic/bcmsim.cfg
2023-12-25 00:10:56,719 T0000: [D1-V2] no router bgp
2023-12-25 00:10:58,618 T0000: [D1-V2] config feature state sflow enabled
2023-12-25 00:11:00,765 T0000: [D1-V2] config feature state nat enabled
2023-12-25 00:11:05,044 T0000: [D1-V2] config save /tmp/config-db-V2-post-session-prolog-session.json -y
2023-12-25 00:11:06,405 T0000: [D1-V2] chmod 777 /tmp/config-db-V2-post-session-prolog-session.json
2023-12-25 00:11:07,931 T0000: [D1-V2] /sbin/ip link set dev eth0 up
2023-12-25 00:11:08,641 T0000: [D1-V2] /sbin/ip route list dev eth0
2023-12-25 00:11:17,027 T0000: [D1-V2] sudo vtysh -c 'show running-config' > /tmp/vtysh-runcfg-V2-post-session-prolog-session.txt
2023-12-25 00:11:17,932 T0000: [D1-V2] chmod 777 /tmp/vtysh-runcfg-V2-post-session-prolog-session.txt
2023-12-25 00:11:19,459 T0000: [D1-V2] /sbin/ip link set dev eth0 up
2023-12-25 00:11:20,177 T0000: [D1-V2] /sbin/ip route list dev eth0
2023-12-25 00:11:29,066 T0000: 
================== Framework Module Hook: batch/test_spytest_infra_1.py ==================
2023-12-25 00:11:29,086 T0012: [D1-V2] sudo show interfaces status Ethernet124
2023-12-25 00:11:31,549 T0013: [D1-V2] sudo show interfaces status
2023-12-25 00:11:33,428 T0000: 
================== Framework Module Hook Finish: batch/test_spytest_infra_1.py ==================
2023-12-25 00:11:33,430 T0000: 
================== Framework Function Hook: batch/test_spytest_infra_1.py::test_spytest_infra_first ==================
2023-12-25 00:11:36,570 T0014: [D1-V2] sudo show interfaces status
2023-12-25 00:11:38,473 T0000: [D1-V2] sudo show interfaces status Ethernet124
2023-12-25 00:11:41,383 T0000: 
================== Framework Function Hook Finish: batch/test_spytest_infra_1.py::test_spytest_infra_first ==================
2023-12-25 00:11:41,388 T0000: 
================== Test Execution: batch/test_spytest_infra_1.py::test_spytest_infra_first ==================
2023-12-25 00:11:41,407 T0000: 
================== Framework Function Hook Finalize: batch/test_spytest_infra_1.py::test_spytest_infra_first ==================
2023-12-25 00:11:41,539 T0000: 
================== Framework Function Hook: batch/test_spytest_infra_1.py::test_spytest_infra_second ==================
2023-12-25 00:11:41,555 T0015: [D1-V2] sudo show interfaces status
2023-12-25 00:11:43,462 T0000: [D1-V2] sudo show interfaces status Ethernet124
2023-12-25 00:11:46,370 T0000: 
================== Framework Function Hook Finish: batch/test_spytest_infra_1.py::test_spytest_infra_second ==================
2023-12-25 00:11:46,371 T0000: 
================== Test Execution: batch/test_spytest_infra_1.py::test_spytest_infra_second ==================
2023-12-25 00:11:46,390 T0000: 
================== Framework Function Hook Finalize: batch/test_spytest_infra_1.py::test_spytest_infra_second ==================
2023-12-25 00:11:46,405 T0000: [D1-V2] sudo show interfaces status Ethernet124
2023-12-25 00:11:49,036 T0000: 
================== Framework Module Hook Finalize: batch/test_spytest_infra_1.py Pass: 2/2 ==================
2023-12-25 00:11:49,037 T0000: 
================== Devices used: batch/test_spytest_infra_1.py 1 ['V2'] ==================
2023-12-25 00:11:49,449 T0000: 
================== Framework Module Hook: routing/test_l3_performance.py ==================
2023-12-25 00:11:49,461 T0016: [D1-V2] sudo show interfaces status Ethernet124
2023-12-25 00:11:51,926 T0017: [D1-V2] sudo show interfaces status
2023-12-25 00:11:53,937 T0000: [D1-V2] config save /tmp/config-db-V2-pre-module-prolog-routing-test_l3_performance.py.json -y
2023-12-25 00:11:55,302 T0000: [D1-V2] chmod 777 /tmp/config-db-V2-pre-module-prolog-routing-test_l3_performance.py.json
2023-12-25 00:11:56,833 T0000: [D1-V2] /sbin/ip link set dev eth0 up
2023-12-25 00:11:57,546 T0000: [D1-V2] /sbin/ip route list dev eth0
2023-12-25 00:12:05,961 T0000: [D1-V2] sudo vtysh -c 'show running-config' > /tmp/vtysh-runcfg-V2-pre-module-prolog-routing-test_l3_performance.py.txt
2023-12-25 00:12:06,917 T0000: [D1-V2] chmod 777 /tmp/vtysh-runcfg-V2-pre-module-prolog-routing-test_l3_performance.py.txt
2023-12-25 00:12:08,448 T0000: [D1-V2] /sbin/ip link set dev eth0 up
2023-12-25 00:12:09,193 T0000: [D1-V2] /sbin/ip route list dev eth0
2023-12-25 00:12:17,612 T0000: 
================== Framework Module Hook Finish: routing/test_l3_performance.py ==================
2023-12-25 00:12:17,613 T0000: 
================== Module Hook: routing/test_l3_performance.py l3_performance_enhancements_module_hooks ==================
2023-12-25 00:12:17,617 T0000: [D1-V2] show platform summary
2023-12-25 00:12:18,817 T0000: [D1-V2] sysctl -w net.ipv6.conf.all.disable_ipv6=0
2023-12-25 00:12:19,520 T0000: [D1-V2] sysctl -w net.ipv6.conf.default.disable_ipv6=0
2023-12-25 00:12:20,221 T0000: [D1-V2] sysctl -w net.ipv6.conf.lo.disable_ipv6=0
2023-12-25 00:12:20,933 T0000: [D1-V2] config interface ip add Ethernet0 10.10.10.1/24
2023-12-25 00:12:22,048 T0000: [D1-V2] config interface ip add Ethernet0 2000::1/64
2023-12-25 00:12:23,159 T0000: [D1-V2] config interface ip add Ethernet4 20.20.20.1/24
2023-12-25 00:12:24,271 T0000: [D1-V2] config interface ip add Ethernet4 3000::1/64
2023-12-25 00:12:25,387 T0000: [D1-V2]  router bgp 100
 no bgp ebgp-requires-policy
2023-12-25 00:12:28,047 T0000: [D1-V2] timers bgp 60 180

2023-12-25 00:12:28,768 T0000: [D1-V2]  router bgp 100
 no bgp ebgp-requires-policy
2023-12-25 00:12:30,221 T0000: [D1-V2] neighbor 10.10.10.2 remote-as 200
2023-12-25 00:12:30,920 T0000: [D1-V2] neighbor 10.10.10.2 timers 60 180
2023-12-25 00:12:31,618 T0000: [D1-V2] address-family ipv4 unicast
2023-12-25 00:12:32,318 T0000: [D1-V2] neighbor 10.10.10.2 activate
2023-12-25 00:12:33,027 T0000: [D1-V2]  router bgp 100
 no bgp ebgp-requires-policy
2023-12-25 00:12:34,478 T0000: [D1-V2] neighbor 2000::2 remote-as 200
2023-12-25 00:12:35,179 T0000: [D1-V2] neighbor 2000::2 timers 60 180
2023-12-25 00:12:35,880 T0000: [D1-V2] address-family ipv6 unicast
2023-12-25 00:12:36,579 T0000: [D1-V2] neighbor 2000::2 activate
2023-12-25 00:12:37,280 T0000: 
================== Module Hook Finish: routing/test_l3_performance.py l3_performance_enhancements_module_hooks ==================
2023-12-25 00:12:37,281 T0000: 
================== Framework Function Hook: routing/test_l3_performance.py::test_ft_l3_performance_enhancements_v4_route_intstall_withdraw ==================
2023-12-25 00:12:37,289 T0000: [D1-V2] config save /tmp/config-db-V2-post-module-prolog-routing-test_l3_performance.py.json -y
2023-12-25 00:12:40,213 T0000: [D1-V2] chmod 777 /tmp/config-db-V2-post-module-prolog-routing-test_l3_performance.py.json
2023-12-25 00:12:41,744 T0000: [D1-V2] /sbin/ip link set dev eth0 up
2023-12-25 00:12:42,457 T0000: [D1-V2] /sbin/ip route list dev eth0
2023-12-25 00:12:50,936 T0000: [D1-V2] sudo vtysh -c 'show running-config' > /tmp/vtysh-runcfg-V2-post-module-prolog-routing-test_l3_performance.py.txt
2023-12-25 00:12:51,841 T0000: [D1-V2] chmod 777 /tmp/vtysh-runcfg-V2-post-module-prolog-routing-test_l3_performance.py.txt
2023-12-25 00:12:53,377 T0000: [D1-V2] /sbin/ip link set dev eth0 up
2023-12-25 00:12:54,088 T0000: [D1-V2] /sbin/ip route list dev eth0
2023-12-25 00:13:05,581 T0034: [D1-V2] sudo show interfaces status
2023-12-25 00:13:07,489 T0000: [D1-V2] sudo show interfaces status Ethernet124
2023-12-25 00:13:10,449 T0000: 
================== Framework Function Hook Finish: routing/test_l3_performance.py::test_ft_l3_performance_enhancements_v4_route_intstall_withdraw ==================
2023-12-25 00:13:10,449 T0000: 
================== Function Hook: routing/test_l3_performance.py l3_performance_enhancements_func_hooks ==================
2023-12-25 00:13:10,452 T0000: 
================== Function Hook Finish: routing/test_l3_performance.py l3_performance_enhancements_func_hooks ==================
2023-12-25 00:13:10,452 T0000: 
================== Function Hook: routing/test_l3_performance.py fixture_v4 ==================
2023-12-25 00:14:22,065 T0000: [D1-V2] show bgp ipv4 summary
2023-12-25 00:14:24,711 T0000: [D1-V2] show bgp ipv4 summary
2023-12-25 00:14:26,443 T0000: [D1-V2] show bgp ipv4 summary
2023-12-25 00:14:28,173 T0000: [D1-V2] show bgp ipv4 summary
2023-12-25 00:14:29,905 T0000: [D1-V2] show bgp ipv4 summary
2023-12-25 00:14:31,635 T0000: [D1-V2] show bgp ipv4 summary
2023-12-25 00:14:33,371 T0000: [D1-V2] show bgp ipv4 summary
2023-12-25 00:14:35,103 T0000: [D1-V2] show bgp ipv4 summary
2023-12-25 00:14:36,832 T0000: [D1-V2] show bgp ipv4 summary
2023-12-25 00:14:38,552 T0000: [D1-V2] show bgp ipv4 summary
2023-12-25 00:14:40,280 T0000: [D1-V2] show bgp ipv4 summary
2023-12-25 00:14:42,011 T0000: [D1-V2] show bgp ipv4 summary
2023-12-25 00:14:43,745 T0000: [D1-V2] show bgp ipv4 summary
2023-12-25 00:14:45,476 T0000: [D1-V2] show bgp ipv4 summary
2023-12-25 00:14:47,208 T0000: [D1-V2] show bgp ipv4 summary
2023-12-25 00:14:48,944 T0000: [D1-V2] show bgp ipv4 summary
2023-12-25 00:14:50,679 T0000: [D1-V2] show bgp ipv4 summary
2023-12-25 00:14:52,413 T0000: [D1-V2] show bgp ipv4 summary
2023-12-25 00:14:54,139 T0000: [D1-V2] show bgp ipv4 summary
2023-12-25 00:14:55,869 T0000: [D1-V2] show bgp ipv4 summary
2023-12-25 00:14:57,596 T0000: [D1-V2] show bgp ipv4 summary
2023-12-25 00:14:59,338 T0000: [D1-V2] show bgp ipv4 summary
2023-12-25 00:15:01,068 T0000: [D1-V2] show bgp ipv4 summary
2023-12-25 00:15:02,800 T0000: [D1-V2] show bgp ipv4 summary
2023-12-25 00:15:04,529 T0000: [D1-V2] show bgp ipv4 summary
2023-12-25 00:15:06,262 T0000: [D1-V2] show bgp ipv4 summary
2023-12-25 00:15:07,996 T0000: [D1-V2] show bgp ipv4 summary
2023-12-25 00:15:09,728 T0000: [D1-V2] show bgp ipv4 summary
2023-12-25 00:15:11,463 T0000: [D1-V2] show bgp ipv4 summary
2023-12-25 00:15:13,196 T0000: [D1-V2] show bgp ipv4 summary
2023-12-25 00:15:14,928 T0000: [D1-V2] show bgp ipv4 summary
2023-12-25 00:15:16,655 T0000: [D1-V2] show bgp ipv4 summary
2023-12-25 00:15:18,389 T0000: [D1-V2] show bgp ipv4 summary
2023-12-25 00:15:20,133 T0000: [D1-V2] show bgp ipv4 summary
2023-12-25 00:15:21,883 T0000: [D1-V2] show bgp ipv4 summary
2023-12-25 00:15:23,612 T0000: [D1-V2] show bgp ipv4 summary
2023-12-25 00:15:25,347 T0000: [D1-V2] show bgp ipv4 summary
2023-12-25 00:15:27,084 T0000: [D1-V2] show bgp ipv4 summary
2023-12-25 00:15:28,824 T0000: [D1-V2] show bgp ipv4 summary
2023-12-25 00:15:30,558 T0000: [D1-V2] show bgp ipv4 summary
2023-12-25 00:15:32,283 T0000: [D1-V2] show bgp ipv4 summary
2023-12-25 00:15:34,024 T0000: [D1-V2] show bgp ipv4 summary
2023-12-25 00:15:35,764 T0000: [D1-V2] show bgp ipv4 summary
2023-12-25 00:15:37,503 T0000: [D1-V2] show bgp ipv4 summary
2023-12-25 00:15:39,244 T0000: [D1-V2] show bgp ipv4 summary
2023-12-25 00:15:40,975 T0000: [D1-V2] show bgp ipv4 summary
2023-12-25 00:15:42,703 T0000: [D1-V2] show bgp ipv4 summary
2023-12-25 00:15:44,441 T0000: [D1-V2] show bgp ipv4 summary
2023-12-25 00:15:46,172 T0000: [D1-V2] show bgp ipv4 summary
2023-12-25 00:15:47,898 T0000: [D1-V2] show bgp ipv4 summary
2023-12-25 00:15:49,627 T0000: [D1-V2] show bgp ipv4 summary
2023-12-25 00:15:51,359 T0000: [D1-V2] show bgp ipv4 summary
2023-12-25 00:15:53,089 T0000: [D1-V2] show bgp ipv4 summary
2023-12-25 00:15:54,820 T0000: [D1-V2] show bgp ipv4 summary
2023-12-25 00:15:56,548 T0000: [D1-V2] show bgp ipv4 summary
2023-12-25 00:15:58,280 T0000: [D1-V2] show bgp ipv4 summary
2023-12-25 00:16:00,015 T0000: [D1-V2] show bgp ipv4 summary
2023-12-25 00:16:01,746 T0000: [D1-V2] show bgp ipv4 summary
2023-12-25 00:16:03,473 T0000: [D1-V2] show bgp ipv4 summary
2023-12-25 00:16:05,201 T0000: [D1-V2] show bgp ipv4 summary
2023-12-25 00:16:06,932 T0000: [D1-V2] show bgp ipv4 summary
2023-12-25 00:16:08,660 T0000: [D1-V2] show bgp ipv4 summary
2023-12-25 00:16:10,395 T0000: [D1-V2] show bgp ipv4 summary
2023-12-25 00:16:12,124 T0000: [D1-V2] show bgp ipv4 summary
2023-12-25 00:16:13,853 T0000: [D1-V2] show bgp ipv4 summary
2023-12-25 00:16:15,584 T0000: [D1-V2] show bgp ipv4 summary
2023-12-25 00:16:17,317 T0000: [D1-V2] show bgp ipv4 summary
2023-12-25 00:16:19,052 T0000: [D1-V2] show bgp ipv4 summary
2023-12-25 00:16:20,788 T0000: [D1-V2] show bgp ipv4 summary
2023-12-25 00:16:22,521 T0000: [D1-V2] show bgp ipv4 summary
2023-12-25 00:16:24,282 T0000: 
================== Function Hook Finish: routing/test_l3_performance.py fixture_v4 ==================
2023-12-25 00:16:24,690 T0000: 
================== Function Hook Finalize: routing/test_l3_performance.py fixture_v4 ==================
2023-12-25 00:16:24,690 T0000: 
================== Function Hook Finalize: routing/test_l3_performance.py l3_performance_enhancements_func_hooks ==================
2023-12-25 00:16:24,722 T0000: 
================== Framework Function Hook Finalize: routing/test_l3_performance.py::test_ft_l3_performance_enhancements_v4_route_intstall_withdraw ==================
2023-12-25 00:16:24,724 T0000: 
================== Framework Function Hook: routing/test_l3_performance.py::test_cli_validation_ip_address ==================
2023-12-25 00:16:24,739 T0035: [D1-V2] sudo show interfaces status
2023-12-25 00:16:27,310 T0000: [D1-V2] sudo show interfaces status Ethernet124
2023-12-25 00:16:30,424 T0000: 
================== Framework Function Hook Finish: routing/test_l3_performance.py::test_cli_validation_ip_address ==================
2023-12-25 00:16:30,424 T0000: 
================== Function Hook: routing/test_l3_performance.py l3_performance_enhancements_func_hooks ==================
2023-12-25 00:16:30,427 T0000: 
================== Function Hook Finish: routing/test_l3_performance.py l3_performance_enhancements_func_hooks ==================
2023-12-25 00:16:30,427 T0000: 
================== Test Execution: routing/test_l3_performance.py::test_cli_validation_ip_address ==================
2023-12-25 00:16:30,437 T0000: [D1-V2] ['config vlan add 101', 'config vlan add 102', 'config vlan add 103', 'config vlan add 104', 'config vlan add 105', 'config vlan add 106', 'config vlan add 107', 'config vlan add 108', 'config vlan add 109', 'config vlan add 110', 'config vlan add 111', 'config vlan add 112', 'config vlan add 113', 'config vlan add 114', 'config vlan add 115', 'config vlan add 116', 'config vlan add 117', 'config vlan add 118', 'config vlan add 119', 'config vlan add 120', 'config vlan add 121']
2023-12-25 00:16:42,576 T0000: [D1-V2] ['config interface ip add Vlan101 192.168.101.1/31']
2023-12-25 00:16:43,680 T0000: [D1-V2] ['config interface ip add Vlan102 192.168.102.1/31']
2023-12-25 00:16:44,780 T0000: [D1-V2] ['config interface ip add Vlan103 192.168.103.1/31']
2023-12-25 00:16:45,881 T0000: [D1-V2] ['config interface ip add Vlan104 192.168.104.1/31']
2023-12-25 00:16:47,033 T0000: [D1-V2] ['config interface ip add Vlan105 192.168.105.1/31']
2023-12-25 00:16:48,136 T0000: [D1-V2] ['config interface ip add Vlan106 192.168.106.1/31']
2023-12-25 00:16:49,235 T0000: [D1-V2] ['config interface ip add Vlan107 192.168.107.1/31']
2023-12-25 00:16:50,341 T0000: [D1-V2] ['config interface ip add Vlan108 192.168.108.1/31']
2023-12-25 00:16:51,444 T0000: [D1-V2] ['config interface ip add Vlan109 192.168.109.1/31']
2023-12-25 00:16:52,548 T0000: [D1-V2] ['config interface ip add Vlan110 192.168.110.1/31']
2023-12-25 00:16:53,649 T0000: [D1-V2] ['config interface ip add Vlan111 192.168.111.1/31']
2023-12-25 00:16:54,753 T0000: [D1-V2] ['config interface ip add Vlan112 192.168.112.1/31']
2023-12-25 00:16:55,856 T0000: [D1-V2] ['config interface ip add Vlan113 192.168.113.1/31']
2023-12-25 00:16:56,960 T0000: [D1-V2] ['config interface ip add Vlan114 192.168.114.1/31']
2023-12-25 00:16:58,064 T0000: [D1-V2] ['config interface ip add Vlan115 192.168.115.1/31']
2023-12-25 00:16:59,169 T0000: [D1-V2] ['config interface ip add Vlan116 192.168.116.1/31']
2023-12-25 00:17:00,273 T0000: [D1-V2] ['config interface ip add Vlan117 192.168.117.1/31']
2023-12-25 00:17:01,376 T0000: [D1-V2] ['config interface ip add Vlan118 192.168.118.1/31']
2023-12-25 00:17:02,480 T0000: [D1-V2] ['config interface ip add Vlan119 192.168.119.1/31']
2023-12-25 00:17:03,583 T0000: [D1-V2] ['config interface ip add Vlan120 192.168.120.1/31']
2023-12-25 00:17:04,689 T0000: [D1-V2] ['config interface ip remove Vlan101 192.168.101.1/31']
2023-12-25 00:17:06,245 T0000: [D1-V2] ['config interface ip remove Vlan102 192.168.102.1/31']
2023-12-25 00:17:07,800 T0000: [D1-V2] ['config interface ip remove Vlan103 192.168.103.1/31']
2023-12-25 00:17:09,360 T0000: [D1-V2] ['config interface ip remove Vlan104 192.168.104.1/31']
2023-12-25 00:17:10,916 T0000: [D1-V2] ['config interface ip remove Vlan105 192.168.105.1/31']
2023-12-25 00:17:12,476 T0000: [D1-V2] ['config interface ip remove Vlan106 192.168.106.1/31']
2023-12-25 00:17:14,032 T0000: [D1-V2] ['config interface ip remove Vlan107 192.168.107.1/31']
2023-12-25 00:17:15,588 T0000: [D1-V2] ['config interface ip remove Vlan108 192.168.108.1/31']
2023-12-25 00:17:17,147 T0000: [D1-V2] ['config interface ip remove Vlan109 192.168.109.1/31']
2023-12-25 00:17:18,704 T0000: [D1-V2] ['config interface ip remove Vlan110 192.168.110.1/31']
2023-12-25 00:17:20,258 T0000: [D1-V2] ['config interface ip remove Vlan111 192.168.111.1/31']
2023-12-25 00:17:21,813 T0000: [D1-V2] ['config interface ip remove Vlan112 192.168.112.1/31']
2023-12-25 00:17:23,368 T0000: [D1-V2] ['config interface ip remove Vlan113 192.168.113.1/31']
2023-12-25 00:17:24,924 T0000: [D1-V2] ['config interface ip remove Vlan114 192.168.114.1/31']
2023-12-25 00:17:26,482 T0000: [D1-V2] ['config interface ip remove Vlan115 192.168.115.1/31']
2023-12-25 00:17:28,036 T0000: [D1-V2] ['config interface ip remove Vlan116 192.168.116.1/31']
2023-12-25 00:17:29,592 T0000: [D1-V2] ['config interface ip remove Vlan117 192.168.117.1/31']
2023-12-25 00:17:31,148 T0000: [D1-V2] ['config interface ip remove Vlan118 192.168.118.1/31']
2023-12-25 00:17:32,703 T0000: [D1-V2] ['config interface ip remove Vlan119 192.168.119.1/31']
2023-12-25 00:17:34,307 T0000: [D1-V2] ['config interface ip remove Vlan120 192.168.120.1/31']
2023-12-25 00:17:35,876 T0000: 
================== Function Hook Finalize: routing/test_l3_performance.py l3_performance_enhancements_func_hooks ==================
2023-12-25 00:17:35,903 T0000: 
================== Framework Function Hook Finalize: routing/test_l3_performance.py::test_cli_validation_ip_address ==================
2023-12-25 00:17:35,904 T0000: 
================== Framework Function Hook: routing/test_l3_performance.py::test_cli_validation_bgp_router_config ==================
2023-12-25 00:17:35,919 T0036: [D1-V2] sudo show interfaces status
2023-12-25 00:17:37,876 T0000: [D1-V2] sudo show interfaces status Ethernet124
2023-12-25 00:17:40,961 T0000: 
================== Framework Function Hook Finish: routing/test_l3_performance.py::test_cli_validation_bgp_router_config ==================
2023-12-25 00:17:40,962 T0000: 
================== Function Hook: routing/test_l3_performance.py l3_performance_enhancements_func_hooks ==================
2023-12-25 00:17:40,966 T0000: 
================== Function Hook Finish: routing/test_l3_performance.py l3_performance_enhancements_func_hooks ==================
2023-12-25 00:17:40,966 T0000: 
================== Test Execution: routing/test_l3_performance.py::test_cli_validation_bgp_router_config ==================
2023-12-25 00:17:40,967 T0000: [D1-V2] router bgp 100
2023-12-25 00:17:42,879 T0000: [D1-V2] neighbor 192.168.101.2 remote-as 300
2023-12-25 00:17:43,583 T0000: [D1-V2] neighbor 192.168.102.2 remote-as 300
2023-12-25 00:17:44,287 T0000: [D1-V2] neighbor 192.168.103.2 remote-as 300
2023-12-25 00:17:44,991 T0000: [D1-V2] neighbor 192.168.104.2 remote-as 300
2023-12-25 00:17:45,695 T0000: [D1-V2] neighbor 192.168.105.2 remote-as 300
2023-12-25 00:17:46,399 T0000: [D1-V2] neighbor 192.168.106.2 remote-as 300
2023-12-25 00:17:47,102 T0000: [D1-V2] neighbor 192.168.107.2 remote-as 300
2023-12-25 00:17:47,812 T0000: [D1-V2] neighbor 192.168.108.2 remote-as 300
2023-12-25 00:17:48,510 T0000: [D1-V2] neighbor 192.168.109.2 remote-as 300
2023-12-25 00:17:49,208 T0000: [D1-V2] neighbor 192.168.110.2 remote-as 300
2023-12-25 00:17:49,924 T0000: [D1-V2] neighbor 192.168.111.2 remote-as 300
2023-12-25 00:17:50,627 T0000: [D1-V2] neighbor 192.168.112.2 remote-as 300
2023-12-25 00:17:51,334 T0000: [D1-V2] neighbor 192.168.113.2 remote-as 300
2023-12-25 00:17:52,036 T0000: [D1-V2] neighbor 192.168.114.2 remote-as 300
2023-12-25 00:17:52,736 T0000: [D1-V2] neighbor 192.168.115.2 remote-as 300
2023-12-25 00:17:53,436 T0000: [D1-V2] neighbor 192.168.116.2 remote-as 300
2023-12-25 00:17:54,151 T0000: [D1-V2] neighbor 192.168.117.2 remote-as 300
2023-12-25 00:17:54,842 T0000: [D1-V2] neighbor 192.168.118.2 remote-as 300
2023-12-25 00:17:55,543 T0000: [D1-V2] neighbor 192.168.119.2 remote-as 300
2023-12-25 00:17:56,251 T0000: [D1-V2] neighbor 192.168.120.2 remote-as 300
2023-12-25 00:17:56,953 T0000: [D1-V2] exit
2023-12-25 00:17:57,651 T0000: [D1-V2] no router bgp
2023-12-25 00:17:58,354 T0000: 
================== Function Hook Finalize: routing/test_l3_performance.py l3_performance_enhancements_func_hooks ==================
2023-12-25 00:17:58,372 T0000: 
================== Framework Function Hook Finalize: routing/test_l3_performance.py::test_cli_validation_bgp_router_config ==================
2023-12-25 00:17:58,380 T0000: [D1-V2] config save /tmp/config-db-V2-pre-module-epilog-routing-test_l3_performance.py.json -y
2023-12-25 00:18:00,730 T0000: [D1-V2] chmod 777 /tmp/config-db-V2-pre-module-epilog-routing-test_l3_performance.py.json
2023-12-25 00:18:02,259 T0000: [D1-V2] /sbin/ip link set dev eth0 up
2023-12-25 00:18:02,972 T0000: [D1-V2] /sbin/ip route list dev eth0
2023-12-25 00:18:11,440 T0000: [D1-V2] sudo vtysh -c 'show running-config' > /tmp/vtysh-runcfg-V2-pre-module-epilog-routing-test_l3_performance.py.txt
2023-12-25 00:18:12,400 T0000: [D1-V2] chmod 777 /tmp/vtysh-runcfg-V2-pre-module-epilog-routing-test_l3_performance.py.txt
2023-12-25 00:18:13,928 T0000: [D1-V2] /sbin/ip link set dev eth0 up
2023-12-25 00:18:14,636 T0000: [D1-V2] /sbin/ip route list dev eth0
2023-12-25 00:18:23,060 T0000: [D1-V2] config interface ip remove Ethernet0 10.10.10.1/24
2023-12-25 00:18:24,220 T0000: [D1-V2] config interface ip remove Ethernet0 2000::1/64
2023-12-25 00:18:25,835 T0000: [D1-V2] config interface ip remove Ethernet4 20.20.20.1/24
2023-12-25 00:18:26,992 T0000: [D1-V2] config interface ip remove Ethernet4 3000::1/64
2023-12-25 00:18:28,555 T0000: [D1-V2]  router bgp 100
 no bgp ebgp-requires-policy
2023-12-25 00:18:31,201 T0000: [D1-V2] no neighbor 10.10.10.2 remote-as 200
2023-12-25 00:18:31,904 T0000: [D1-V2]  router bgp 100
 no bgp ebgp-requires-policy
2023-12-25 00:18:33,354 T0000: [D1-V2] no neighbor 2000::2 remote-as 200
2023-12-25 00:18:34,056 T0000: [D1-V2] no router bgp
2023-12-25 00:18:34,756 T0000: 
================== Module Hook Finalize: routing/test_l3_performance.py l3_performance_enhancements_module_hooks ==================
2023-12-25 00:18:34,764 T0000: [D1-V2] config save /tmp/config-db-V2-post-module-epilog-routing-test_l3_performance.py.json -y
2023-12-25 00:18:37,212 T0000: [D1-V2] chmod 777 /tmp/config-db-V2-post-module-epilog-routing-test_l3_performance.py.json
2023-12-25 00:18:38,750 T0000: [D1-V2] /sbin/ip link set dev eth0 up
2023-12-25 00:18:39,461 T0000: [D1-V2] /sbin/ip route list dev eth0
2023-12-25 00:18:47,865 T0000: [D1-V2] sudo vtysh -c 'show running-config' > /tmp/vtysh-runcfg-V2-post-module-epilog-routing-test_l3_performance.py.txt
2023-12-25 00:18:48,821 T0000: [D1-V2] chmod 777 /tmp/vtysh-runcfg-V2-post-module-epilog-routing-test_l3_performance.py.txt
2023-12-25 00:18:50,352 T0000: [D1-V2] /sbin/ip link set dev eth0 up
2023-12-25 00:18:51,057 T0000: [D1-V2] /sbin/ip route list dev eth0
2023-12-25 00:18:59,576 T0000: [D1-V2] sudo show interfaces status Ethernet124
2023-12-25 00:19:02,216 T0000: 
================== Framework Module Hook Finalize: routing/test_l3_performance.py Pass: 2/3 ==================
2023-12-25 00:19:02,217 T0000: 
================== Devices used: routing/test_l3_performance.py 1 ['V2'] ==================
2023-12-25 00:19:02,804 T0000: 
================== Framework Module Hook: batch/test_spytest_infra_1.py ==================
2023-12-25 00:19:02,819 T0053: [D1-V2] no router bgp
2023-12-25 00:19:04,623 T0053: [D1-V2] config feature state sflow enabled
2023-12-25 00:19:06,622 T0053: [D1-V2] config feature state nat enabled
2023-12-25 00:20:33,677 T0053: [D1-V2] /sbin/ip link set dev eth0 up
2023-12-25 00:20:34,348 T0053: [D1-V2] /sbin/ip route list dev eth0
2023-12-25 00:20:35,027 T0053: [D1-V2] sudo show interfaces status Ethernet124
2023-12-25 00:20:37,487 T0054: [D1-V2] sudo show interfaces status
2023-12-25 00:20:39,317 T0000: 
================== Framework Module Hook Finish: batch/test_spytest_infra_1.py ==================
2023-12-25 00:20:39,318 T0000: 
================== Framework Function Hook: batch/test_spytest_infra_1.py::test_spytest_infra_last ==================
2023-12-25 00:20:42,413 T0055: [D1-V2] sudo show interfaces status
2023-12-25 00:20:44,573 T0000: [D1-V2] sudo show interfaces status Ethernet124
2023-12-25 00:20:47,589 T0000: 
================== Framework Function Hook Finish: batch/test_spytest_infra_1.py::test_spytest_infra_last ==================
2023-12-25 00:20:47,591 T0000: 
================== Test Execution: batch/test_spytest_infra_1.py::test_spytest_infra_last ==================
2023-12-25 00:20:47,608 T0000: 
================== Framework Function Hook Finalize: batch/test_spytest_infra_1.py::test_spytest_infra_last ==================
2023-12-25 00:20:47,622 T0000: [D1-V2] sudo show interfaces status Ethernet124
2023-12-25 00:20:50,300 T0000: 
================== Framework Module Hook Finalize: batch/test_spytest_infra_1.py Pass: 1/1 ==================
2023-12-25 00:20:50,300 T0000: 
================== Devices used: batch/test_spytest_infra_1.py 1 ['V2'] ==================
2023-12-25 00:20:50,713 T0000: 
================== Framework Module Hook: qos/test_qos_save_reboot.py ==================
2023-12-25 00:20:50,728 T0056: [D1-V2] no router bgp
2023-12-25 00:20:52,576 T0056: [D1-V2] config feature state sflow enabled
2023-12-25 00:20:54,569 T0056: [D1-V2] config feature state nat enabled
2023-12-25 00:22:02,380 T0056: [D1-V2] /sbin/ip link set dev eth0 up
2023-12-25 00:22:03,050 T0056: [D1-V2] /sbin/ip route list dev eth0
2023-12-25 00:22:03,730 T0056: [D1-V2] sudo show interfaces status Ethernet124
2023-12-25 00:22:06,895 T0057: [D1-V2] sudo show interfaces status
2023-12-25 00:22:08,939 T0000: [D1-V2] config save /tmp/config-db-V2-pre-module-prolog-qos-test_qos_save_reboot.py.json -y
2023-12-25 00:22:10,249 T0000: [D1-V2] chmod 777 /tmp/config-db-V2-pre-module-prolog-qos-test_qos_save_reboot.py.json
2023-12-25 00:22:11,780 T0000: [D1-V2] /sbin/ip link set dev eth0 up
2023-12-25 00:22:12,488 T0000: [D1-V2] /sbin/ip route list dev eth0
2023-12-25 00:22:20,984 T0000: [D1-V2] sudo vtysh -c 'show running-config' > /tmp/vtysh-runcfg-V2-pre-module-prolog-qos-test_qos_save_reboot.py.txt
2023-12-25 00:22:21,937 T0000: [D1-V2] chmod 777 /tmp/vtysh-runcfg-V2-pre-module-prolog-qos-test_qos_save_reboot.py.txt
2023-12-25 00:22:23,468 T0000: [D1-V2] /sbin/ip link set dev eth0 up
2023-12-25 00:22:24,176 T0000: [D1-V2] /sbin/ip route list dev eth0
2023-12-25 00:22:32,635 T0000: 
================== Framework Module Hook Finish: qos/test_qos_save_reboot.py ==================
2023-12-25 00:22:32,636 T0000: 
================== Module Hook: qos/test_qos_save_reboot.py qos_save_reboot_module_hooks ==================
2023-12-25 00:22:34,095 T0000: [D1-V2] config load -y /tmp/apply_json2.json
2023-12-25 00:22:35,400 T0000: [D1-V2] show runningconfiguration all > /tmp/running_config.json
2023-12-25 00:22:37,635 T0000: [D1-V2] /sbin/ip link set dev eth0 up
2023-12-25 00:22:38,345 T0000: [D1-V2] /sbin/ip route list dev eth0
2023-12-25 00:22:46,829 T0000: [D1-V2] show runningconfiguration all > /tmp/running_config.json
2023-12-25 00:22:49,011 T0000: [D1-V2] /sbin/ip link set dev eth0 up
2023-12-25 00:22:49,720 T0000: [D1-V2] /sbin/ip route list dev eth0
2023-12-25 00:22:59,630 T0000: [D1-V2] config load -y /tmp/apply_json2.json
2023-12-25 00:23:02,408 T0000: [D1-V2] config load -y /tmp/apply_json2.json
2023-12-25 00:23:05,169 T0000: [D1-V2] config load -y /tmp/apply_json2.json
2023-12-25 00:23:07,942 T0000: [D1-V2] config load -y /tmp/apply_json2.json
2023-12-25 00:23:09,257 T0000: [D1-V2] show acl table acl_table_v4
2023-12-25 00:23:10,576 T0000: [D1-V2] show acl rule acl_table_v4
2023-12-25 00:23:11,896 T0000: [D1-V2] show acl table acl_table_v6
2023-12-25 00:23:13,216 T0000: [D1-V2] show acl rule acl_table_v6
2023-12-25 00:23:22,726 T0000: [D1-V2] ls -lrt /tmp/tmphhzbf26u
2023-12-25 00:23:23,433 T0000: [D1-V2] config load -y /tmp/tmphhzbf26u
2023-12-25 00:23:24,790 T0000: [D1-V2] show runningconfiguration all > /tmp/running_config.json
2023-12-25 00:23:27,023 T0000: [D1-V2] /sbin/ip link set dev eth0 up
2023-12-25 00:23:27,732 T0000: [D1-V2] /sbin/ip route list dev eth0
2023-12-25 00:23:36,172 T0000: [D1-V2] show runningconfiguration all > /tmp/running_config.json
2023-12-25 00:23:38,359 T0000: [D1-V2] /sbin/ip link set dev eth0 up
2023-12-25 00:23:39,069 T0000: [D1-V2] /sbin/ip route list dev eth0
2023-12-25 00:23:47,463 T0000: [D1-V2] show runningconfiguration all > /tmp/running_config.json
2023-12-25 00:23:49,650 T0000: [D1-V2] /sbin/ip link set dev eth0 up
2023-12-25 00:23:50,361 T0000: [D1-V2] /sbin/ip route list dev eth0
2023-12-25 00:23:58,800 T0000: [D1-V2] show runningconfiguration all > /tmp/running_config.json
2023-12-25 00:24:00,984 T0000: [D1-V2] /sbin/ip link set dev eth0 up
2023-12-25 00:24:01,696 T0000: [D1-V2] /sbin/ip route list dev eth0
2023-12-25 00:24:10,151 T0000: [D1-V2] show runningconfiguration all > /tmp/running_config.json
2023-12-25 00:24:12,335 T0000: [D1-V2] /sbin/ip link set dev eth0 up
2023-12-25 00:24:13,044 T0000: [D1-V2] /sbin/ip route list dev eth0
2023-12-25 00:24:21,518 T0000: [D1-V2] show runningconfiguration all > /tmp/running_config.json
2023-12-25 00:24:23,707 T0000: [D1-V2] /sbin/ip link set dev eth0 up
2023-12-25 00:24:24,412 T0000: [D1-V2] /sbin/ip route list dev eth0
2023-12-25 00:24:32,873 T0000: [D1-V2] show runningconfiguration all > /tmp/running_config.json
2023-12-25 00:24:35,069 T0000: [D1-V2] /sbin/ip link set dev eth0 up
2023-12-25 00:24:35,775 T0000: [D1-V2] /sbin/ip route list dev eth0
2023-12-25 00:24:44,149 T0000: [D1-V2] show runningconfiguration all > /tmp/running_config.json
2023-12-25 00:24:46,335 T0000: [D1-V2] /sbin/ip link set dev eth0 up
2023-12-25 00:24:47,044 T0000: [D1-V2] /sbin/ip route list dev eth0
2023-12-25 00:24:55,496 T0000: 
================== Module Hook Finish: qos/test_qos_save_reboot.py qos_save_reboot_module_hooks ==================
2023-12-25 00:24:55,497 T0000: 
================== Framework Function Hook: qos/test_qos_save_reboot.py::test_ft_qos_config_mgmt_verifying_config_with_save_reboot ==================
2023-12-25 00:24:55,505 T0000: [D1-V2] config save /tmp/config-db-V2-post-module-prolog-qos-test_qos_save_reboot.py.json -y
2023-12-25 00:24:56,865 T0000: [D1-V2] chmod 777 /tmp/config-db-V2-post-module-prolog-qos-test_qos_save_reboot.py.json
2023-12-25 00:24:58,395 T0000: [D1-V2] /sbin/ip link set dev eth0 up
2023-12-25 00:24:59,105 T0000: [D1-V2] /sbin/ip route list dev eth0
2023-12-25 00:25:07,531 T0000: [D1-V2] sudo vtysh -c 'show running-config' > /tmp/vtysh-runcfg-V2-post-module-prolog-qos-test_qos_save_reboot.py.txt
2023-12-25 00:25:08,440 T0000: [D1-V2] chmod 777 /tmp/vtysh-runcfg-V2-post-module-prolog-qos-test_qos_save_reboot.py.txt
2023-12-25 00:25:09,969 T0000: [D1-V2] /sbin/ip link set dev eth0 up
2023-12-25 00:25:10,676 T0000: [D1-V2] /sbin/ip route list dev eth0
2023-12-25 00:25:22,196 T0118: [D1-V2] sudo show interfaces status
2023-12-25 00:25:24,154 T0000: [D1-V2] sudo show interfaces status Ethernet124
2023-12-25 00:25:27,116 T0000: 
================== Framework Function Hook Finish: qos/test_qos_save_reboot.py::test_ft_qos_config_mgmt_verifying_config_with_save_reboot ==================
2023-12-25 00:25:27,117 T0000: 
================== Function Hook: qos/test_qos_save_reboot.py qos_save_reboot_func_hooks ==================
2023-12-25 00:25:27,119 T0000: 
================== Function Hook Finish: qos/test_qos_save_reboot.py qos_save_reboot_func_hooks ==================
2023-12-25 00:25:27,121 T0000: 
================== Test Execution: qos/test_qos_save_reboot.py::test_ft_qos_config_mgmt_verifying_config_with_save_reboot ==================
2023-12-25 00:25:27,128 T0000: [D1-V2] config save -y
2023-12-25 00:25:28,436 T0000: [D1-V2] do copy running-config startup-config
2023-12-25 00:25:30,332 T0000: [D1-V2] reboot
2023-12-25 00:26:21,087 T0000: [D1-V2] ['export TMOUT=0', 'stty cols 5000', 'uptime']
2023-12-25 00:26:21,789 T0000: [D1-V2] cat /proc/uptime
2023-12-25 00:26:23,344 T0000: [D1-V2] ['export TMOUT=0', 'stty cols 5000', 'uptime']
2023-12-25 00:26:24,045 T0000: [D1-V2] cat /proc/uptime
2023-12-25 00:26:24,759 T0000: [D1-V2] sudo vtysh -c 'show running-config | include hostname'
2023-12-25 00:26:25,737 T0000: [D1-V2] sudo show interfaces status Ethernet124
2023-12-25 00:26:30,315 T0000: [D1-V2] sudo show interfaces status Ethernet124
2023-12-25 00:26:34,701 T0000: [D1-V2] sudo show interfaces status Ethernet124
2023-12-25 00:26:37,131 T0000: [D1-V2] /sbin/ip link set dev eth0 up
2023-12-25 00:26:37,857 T0000: [D1-V2] /sbin/ip route list dev eth0
2023-12-25 00:26:38,597 T0000: [D1-V2] ['export TMOUT=0', 'stty cols 5000', 'uptime']
2023-12-25 00:26:40,841 T0000: [D1-V2] /sbin/ip link set dev eth0 up
2023-12-25 00:26:41,553 T0000: [D1-V2] /sbin/ip route list dev eth0
2023-12-25 00:26:43,026 T0000: [D1-V2] show acl table acl_table_v4
2023-12-25 00:26:44,367 T0000: [D1-V2] show acl rule acl_table_v4
2023-12-25 00:26:45,604 T0000: [D1-V2] show acl table acl_table_v6
2023-12-25 00:26:46,879 T0000: [D1-V2] show acl rule acl_table_v6
2023-12-25 00:26:48,103 T0000: [D1-V2] show runningconfiguration all > /tmp/running_config.json
2023-12-25 00:26:50,238 T0000: [D1-V2] /sbin/ip link set dev eth0 up
2023-12-25 00:26:50,944 T0000: [D1-V2] /sbin/ip route list dev eth0
2023-12-25 00:26:59,370 T0000: [D1-V2] show runningconfiguration all > /tmp/running_config.json
2023-12-25 00:27:01,503 T0000: [D1-V2] /sbin/ip link set dev eth0 up
2023-12-25 00:27:02,207 T0000: [D1-V2] /sbin/ip route list dev eth0
2023-12-25 00:27:10,623 T0000: [D1-V2] show runningconfiguration all > /tmp/running_config.json
2023-12-25 00:27:12,757 T0000: [D1-V2] /sbin/ip link set dev eth0 up
2023-12-25 00:27:13,462 T0000: [D1-V2] /sbin/ip route list dev eth0
2023-12-25 00:27:21,855 T0000: [D1-V2] show runningconfiguration all > /tmp/running_config.json
2023-12-25 00:27:23,991 T0000: [D1-V2] /sbin/ip link set dev eth0 up
2023-12-25 00:27:24,701 T0000: [D1-V2] /sbin/ip route list dev eth0
2023-12-25 00:27:33,069 T0000: [D1-V2] show runningconfiguration all > /tmp/running_config.json
2023-12-25 00:27:35,209 T0000: [D1-V2] /sbin/ip link set dev eth0 up
2023-12-25 00:27:35,920 T0000: [D1-V2] /sbin/ip route list dev eth0
2023-12-25 00:27:44,370 T0000: [D1-V2] show runningconfiguration all > /tmp/running_config.json
2023-12-25 00:27:46,505 T0000: [D1-V2] /sbin/ip link set dev eth0 up
2023-12-25 00:27:47,213 T0000: [D1-V2] /sbin/ip route list dev eth0
2023-12-25 00:27:55,610 T0000: [D1-V2] show runningconfiguration all > /tmp/running_config.json
2023-12-25 00:27:57,744 T0000: [D1-V2] /sbin/ip link set dev eth0 up
2023-12-25 00:27:58,453 T0000: [D1-V2] /sbin/ip route list dev eth0
2023-12-25 00:28:06,927 T0000: [D1-V2] show runningconfiguration all > /tmp/running_config.json
2023-12-25 00:28:09,062 T0000: [D1-V2] /sbin/ip link set dev eth0 up
2023-12-25 00:28:09,772 T0000: [D1-V2] /sbin/ip route list dev eth0
2023-12-25 00:28:18,191 T0000: [D1-V2] show runningconfiguration all > /tmp/running_config.json
2023-12-25 00:28:20,323 T0000: [D1-V2] /sbin/ip link set dev eth0 up
2023-12-25 00:28:21,026 T0000: [D1-V2] /sbin/ip route list dev eth0
2023-12-25 00:28:29,447 T0000: [D1-V2] show runningconfiguration all > /tmp/running_config.json
2023-12-25 00:28:31,629 T0000: [D1-V2] /sbin/ip link set dev eth0 up
2023-12-25 00:28:32,344 T0000: [D1-V2] /sbin/ip route list dev eth0
2023-12-25 00:28:40,778 T0000: 
================== Function Hook Finalize: qos/test_qos_save_reboot.py qos_save_reboot_func_hooks ==================
2023-12-25 00:28:40,797 T0000: 
================== Framework Function Hook Finalize: qos/test_qos_save_reboot.py::test_ft_qos_config_mgmt_verifying_config_with_save_reboot ==================
2023-12-25 00:28:40,804 T0000: [D1-V2] config save /tmp/config-db-V2-pre-module-epilog-qos-test_qos_save_reboot.py.json -y
2023-12-25 00:28:42,115 T0000: [D1-V2] chmod 777 /tmp/config-db-V2-pre-module-epilog-qos-test_qos_save_reboot.py.json
2023-12-25 00:28:43,646 T0000: [D1-V2] /sbin/ip link set dev eth0 up
2023-12-25 00:28:44,356 T0000: [D1-V2] /sbin/ip route list dev eth0
2023-12-25 00:28:52,771 T0000: [D1-V2] sudo vtysh -c 'show running-config' > /tmp/vtysh-runcfg-V2-pre-module-epilog-qos-test_qos_save_reboot.py.txt
2023-12-25 00:28:53,673 T0000: [D1-V2] chmod 777 /tmp/vtysh-runcfg-V2-pre-module-epilog-qos-test_qos_save_reboot.py.txt
2023-12-25 00:28:55,208 T0000: [D1-V2] /sbin/ip link set dev eth0 up
2023-12-25 00:28:55,917 T0000: [D1-V2] /sbin/ip route list dev eth0
2023-12-25 00:29:04,357 T0000: [D1-V2] config qos clear
2023-12-25 00:29:05,412 T0000: [D1-V2] sudo config acl remove table
2023-12-25 00:29:06,526 T0000: 
================== Module Hook Finalize: qos/test_qos_save_reboot.py qos_save_reboot_module_hooks ==================
2023-12-25 00:29:06,534 T0000: [D1-V2] config save /tmp/config-db-V2-post-module-epilog-qos-test_qos_save_reboot.py.json -y
2023-12-25 00:29:07,841 T0000: [D1-V2] chmod 777 /tmp/config-db-V2-post-module-epilog-qos-test_qos_save_reboot.py.json
2023-12-25 00:29:09,371 T0000: [D1-V2] /sbin/ip link set dev eth0 up
2023-12-25 00:29:10,077 T0000: [D1-V2] /sbin/ip route list dev eth0
2023-12-25 00:29:18,505 T0000: [D1-V2] sudo vtysh -c 'show running-config' > /tmp/vtysh-runcfg-V2-post-module-epilog-qos-test_qos_save_reboot.py.txt
2023-12-25 00:29:19,460 T0000: [D1-V2] chmod 777 /tmp/vtysh-runcfg-V2-post-module-epilog-qos-test_qos_save_reboot.py.txt
2023-12-25 00:29:20,991 T0000: [D1-V2] /sbin/ip link set dev eth0 up
2023-12-25 00:29:21,704 T0000: [D1-V2] /sbin/ip route list dev eth0
2023-12-25 00:29:30,123 T0000: [D1-V2] sudo show interfaces status Ethernet124
2023-12-25 00:29:32,549 T0000: 
================== Framework Module Hook Finalize: qos/test_qos_save_reboot.py Pass: 1/1 ==================
2023-12-25 00:29:32,550 T0000: 
================== Devices used: qos/test_qos_save_reboot.py 1 ['V2'] ==================
2023-12-25 00:29:33,907 T0000: 
================== Framework Module Hook: batch/test_spytest_infra_1.py ==================
2023-12-25 00:29:33,922 T0175: [D1-V2] no router bgp
2023-12-25 00:29:35,725 T0175: [D1-V2] config feature state sflow enabled
2023-12-25 00:29:37,724 T0175: [D1-V2] config feature state nat enabled
2023-12-25 00:31:03,576 T0175: [D1-V2] /sbin/ip link set dev eth0 up
2023-12-25 00:31:04,246 T0175: [D1-V2] /sbin/ip route list dev eth0
2023-12-25 00:31:04,926 T0175: [D1-V2] sudo show interfaces status Ethernet124
2023-12-25 00:31:07,082 T0176: [D1-V2] sudo show interfaces status
2023-12-25 00:31:08,660 T0000: 
================== Framework Module Hook Finish: batch/test_spytest_infra_1.py ==================
2023-12-25 00:31:08,662 T0000: 
================== Framework Function Hook: batch/test_spytest_infra_1.py::test_spytest_infra_last ==================
2023-12-25 00:31:11,756 T0177: [D1-V2] sudo show interfaces status
2023-12-25 00:31:13,404 T0000: [D1-V2] sudo show interfaces status Ethernet124
2023-12-25 00:31:16,148 T0000: 
================== Framework Function Hook Finish: batch/test_spytest_infra_1.py::test_spytest_infra_last ==================
2023-12-25 00:31:16,150 T0000: 
================== Test Execution: batch/test_spytest_infra_1.py::test_spytest_infra_last ==================
2023-12-25 00:31:16,168 T0000: 
================== Framework Function Hook Finalize: batch/test_spytest_infra_1.py::test_spytest_infra_last ==================
2023-12-25 00:31:16,182 T0000: [D1-V2] sudo show interfaces status Ethernet124
2023-12-25 00:31:18,605 T0000: 
================== Framework Module Hook Finalize: batch/test_spytest_infra_1.py Pass: 1/1 ==================
2023-12-25 00:31:18,606 T0000: 
================== Devices used: batch/test_spytest_infra_1.py 1 ['V2'] ==================
2023-12-25 00:31:18,694 T0000: [D1-V2] ['stty cols 80']
