2023-12-30 00:20:00.234891 = START
2023-12-30 00:20:01.326460 = device connections start
2023-12-30 00:21:23.409742 = device connections finish
2023-12-30 00:21:23.414722 = session init start
2023-12-30 00:24:01.284748 = report file generation start
2023-12-30 00:24:01.366028 = report file generation end
2023-12-30 00:24:25.059767 = session init end
2023-12-30 00:24:25.061491 = Framework Module Hook Start
2023-12-30 00:24:25.472726 = module test_spytest_infra_1.py init start
2023-12-30 00:24:29.996251 = module test_spytest_infra_1.py init end
2023-12-30 00:24:29.997022 = Framework Module Hook end
2023-12-30 00:24:29.997891 = Framework Function Hook Start
2023-12-30 00:24:33.083785 = function batch/test_spytest_infra_1.py::test_spytest_infra_first init start
2023-12-30 00:24:38.051659 = function batch/test_spytest_infra_1.py::test_spytest_infra_first init end
2023-12-30 00:24:38.052824 = Framework Function Hook end
2023-12-30 00:24:38.055796 = Module Config Time (2023-12-30 00:24:25.061560 - 2023-12-30 00:24:29.998686) Published
2023-12-30 00:24:38.058825 = function batch/test_spytest_infra_1.py::test_spytest_infra_first clean start
2023-12-30 00:24:38.068204 = Test Time (2023-12-30 00:24:33.083890 - 2023-12-30 00:24:38.068197) Published
2023-12-30 00:24:38.073829 = function batch/test_spytest_infra_1.py::test_spytest_infra_first clean end
2023-12-30 00:24:38.074133 = Framework Function Hook Finalize
2023-12-30 00:24:38.207738 = Framework Function Hook Start
2023-12-30 00:24:38.208837 = function batch/test_spytest_infra_1.py::test_spytest_infra_second init start
2023-12-30 00:24:43.186334 = function batch/test_spytest_infra_1.py::test_spytest_infra_second init end
2023-12-30 00:24:43.186939 = Framework Function Hook end
2023-12-30 00:24:43.189002 = function batch/test_spytest_infra_1.py::test_spytest_infra_second clean start
2023-12-30 00:24:43.201391 = Test Time (2023-12-30 00:24:38.209025 - 2023-12-30 00:24:43.201380) Published
2023-12-30 00:24:43.207098 = function batch/test_spytest_infra_1.py::test_spytest_infra_second clean end
2023-12-30 00:24:43.207477 = Framework Function Hook Finalize
2023-12-30 00:24:43.207663 = module test_spytest_infra_1.py clean start
2023-12-30 00:24:45.776300 = report file generation start
2023-12-30 00:24:45.910700 = report file generation end
2023-12-30 00:24:45.915735 = module test_spytest_infra_1.py clean end
2023-12-30 00:24:45.916109 = Framework Module Hook Finalize
2023-12-30 00:24:45.918123 = Framework Module Hook Start
2023-12-30 00:24:46.328622 = module test_nat.py init start
2023-12-30 00:25:14.572450 = module test_nat.py init end
2023-12-30 00:25:14.572895 = Framework Module Hook end
2023-12-30 00:25:14.573276 = User Module routing/NAT/test_nat.py Hook Start
2023-12-30 00:25:53.741548 = User Module routing/NAT/test_nat.py Hook end
2023-12-30 00:25:53.741905 = Framework Function Hook Start
2023-12-30 00:26:20.611933 = function routing/NAT/test_nat.py::test_ft_nat_docker_restart init start
2023-12-30 00:26:25.638880 = function routing/NAT/test_nat.py::test_ft_nat_docker_restart init end
2023-12-30 00:26:25.639376 = Framework Function Hook end
2023-12-30 00:26:25.640040 = User Function routing/NAT/test_nat.py::test_ft_nat_docker_restart Hook Start
2023-12-30 00:26:28.628194 = User Function routing/NAT/test_nat.py::test_ft_nat_docker_restart Hook end
2023-12-30 00:26:28.629573 = Module Config Time (2023-12-30 00:24:45.918182 - 2023-12-30 00:25:53.742002) Published
2023-12-30 00:27:12.587285 = User Function routing/NAT/test_nat.py::test_ft_nat_docker_restart Hook Finalize
2023-12-30 00:27:12.587484 = function routing/NAT/test_nat.py::test_ft_nat_docker_restart clean start
2023-12-30 00:27:12.599797 = Test Time (2023-12-30 00:26:20.612018 - 2023-12-30 00:27:12.599790) Published
2023-12-30 00:27:12.605084 = function routing/NAT/test_nat.py::test_ft_nat_docker_restart clean end
2023-12-30 00:27:12.605376 = Framework Function Hook Finalize
2023-12-30 00:27:47.822571 = User Module routing/NAT/test_nat.py Hook Finalize
2023-12-30 00:27:47.822756 = module test_nat.py clean start
2023-12-30 00:28:14.224325 = report file generation start
2023-12-30 00:28:14.306055 = report file generation end
2023-12-30 00:28:14.311326 = module test_nat.py clean end
2023-12-30 00:28:14.311970 = Framework Module Hook Finalize
2023-12-30 00:28:15.013523 = Framework Module Hook Start
2023-12-30 00:28:15.431985 = module test_spytest_infra_1.py init start
2023-12-30 00:29:54.684258 = module test_spytest_infra_1.py init end
2023-12-30 00:29:54.684564 = Framework Module Hook end
2023-12-30 00:29:54.684874 = Framework Function Hook Start
2023-12-30 00:29:57.767868 = function batch/test_spytest_infra_1.py::test_spytest_infra_last init start
2023-12-30 00:30:02.785708 = function batch/test_spytest_infra_1.py::test_spytest_infra_last init end
2023-12-30 00:30:02.786789 = Framework Function Hook end
2023-12-30 00:30:02.788343 = Module Config Time (2023-12-30 00:28:15.013655 - 2023-12-30 00:29:54.684950) Published
2023-12-30 00:30:02.790952 = function batch/test_spytest_infra_1.py::test_spytest_infra_last clean start
2023-12-30 00:30:02.802363 = Test Time (2023-12-30 00:29:57.767965 - 2023-12-30 00:30:02.802355) Published
2023-12-30 00:30:02.807604 = function batch/test_spytest_infra_1.py::test_spytest_infra_last clean end
2023-12-30 00:30:02.807922 = Framework Function Hook Finalize
2023-12-30 00:30:02.808073 = module test_spytest_infra_1.py clean start
2023-12-30 00:30:05.464362 = report file generation start
2023-12-30 00:30:05.547914 = report file generation end
2023-12-30 00:30:05.552959 = module test_spytest_infra_1.py clean end
2023-12-30 00:30:05.553475 = Framework Module Hook Finalize
2023-12-30 00:30:05.556159 = Framework Module Hook Start
2023-12-30 00:30:05.967738 = module test_qos_save_reboot.py init start
2023-12-30 00:31:49.687768 = module test_qos_save_reboot.py init end
2023-12-30 00:31:49.688298 = Framework Module Hook end
2023-12-30 00:31:49.688827 = User Module qos/test_qos_save_reboot.py Hook Start
2023-12-30 00:34:13.893484 = User Module qos/test_qos_save_reboot.py Hook end
2023-12-30 00:34:13.894196 = Framework Function Hook Start
2023-12-30 00:34:40.718455 = function qos/test_qos_save_reboot.py::test_ft_qos_config_mgmt_verifying_config_with_save_reboot init start
2023-12-30 00:34:45.811150 = function qos/test_qos_save_reboot.py::test_ft_qos_config_mgmt_verifying_config_with_save_reboot init end
2023-12-30 00:34:45.811798 = Framework Function Hook end
2023-12-30 00:34:45.812540 = User Function qos/test_qos_save_reboot.py::test_ft_qos_config_mgmt_verifying_config_with_save_reboot Hook Start
2023-12-30 00:34:45.815824 = User Function qos/test_qos_save_reboot.py::test_ft_qos_config_mgmt_verifying_config_with_save_reboot Hook end
2023-12-30 00:34:45.817056 = Module Config Time (2023-12-30 00:30:05.556219 - 2023-12-30 00:34:13.894294) Published
2023-12-30 00:38:00.070554 = User Function qos/test_qos_save_reboot.py::test_ft_qos_config_mgmt_verifying_config_with_save_reboot Hook Finalize
2023-12-30 00:38:00.070760 = function qos/test_qos_save_reboot.py::test_ft_qos_config_mgmt_verifying_config_with_save_reboot clean start
2023-12-30 00:38:00.084272 = Test Time (2023-12-30 00:34:40.718556 - 2023-12-30 00:38:00.084264) Published
2023-12-30 00:38:00.089677 = function qos/test_qos_save_reboot.py::test_ft_qos_config_mgmt_verifying_config_with_save_reboot clean end
2023-12-30 00:38:00.089976 = Framework Function Hook Finalize
2023-12-30 00:38:25.983263 = User Module qos/test_qos_save_reboot.py Hook Finalize
2023-12-30 00:38:25.983437 = module test_qos_save_reboot.py clean start
2023-12-30 00:38:52.122677 = report file generation start
2023-12-30 00:38:52.204878 = report file generation end
2023-12-30 00:38:52.210243 = module test_qos_save_reboot.py clean end
2023-12-30 00:38:52.210857 = Framework Module Hook Finalize
2023-12-30 00:38:53.094411 = Framework Module Hook Start
2023-12-30 00:38:53.509200 = module test_spytest_infra_1.py init start
2023-12-30 00:40:29.521505 = module test_spytest_infra_1.py init end
2023-12-30 00:40:29.521895 = Framework Module Hook end
2023-12-30 00:40:29.522291 = Framework Function Hook Start
2023-12-30 00:40:32.607290 = function batch/test_spytest_infra_1.py::test_spytest_infra_last init start
2023-12-30 00:40:37.058578 = function batch/test_spytest_infra_1.py::test_spytest_infra_last init end
2023-12-30 00:40:37.059502 = Framework Function Hook end
2023-12-30 00:40:37.060885 = Module Config Time (2023-12-30 00:38:53.094523 - 2023-12-30 00:40:29.522401) Published
2023-12-30 00:40:37.063359 = function batch/test_spytest_infra_1.py::test_spytest_infra_last clean start
2023-12-30 00:40:37.073823 = Test Time (2023-12-30 00:40:32.607406 - 2023-12-30 00:40:37.073817) Published
2023-12-30 00:40:37.078832 = function batch/test_spytest_infra_1.py::test_spytest_infra_last clean end
2023-12-30 00:40:37.079135 = Framework Function Hook Finalize
2023-12-30 00:40:37.079271 = module test_spytest_infra_1.py clean start
2023-12-30 00:40:39.423212 = report file generation start
2023-12-30 00:40:39.503403 = report file generation end
2023-12-30 00:40:39.508725 = module test_spytest_infra_1.py clean end
2023-12-30 00:40:39.509045 = Framework Module Hook Finalize
2023-12-30 00:40:39.509458 = session clean start
2023-12-30 00:40:39.517202 = report file generation start
2023-12-30 00:40:39.598011 = report file generation end
2023-12-30 00:40:40.301120 = session clean end
