2023-12-25 02:57:29,766 T0000: NOTICE Execution Start Time: 2023-12-25 02:57:29.765591
2023-12-25 02:57:29,766 T0000: NOTICE LOGS PATH: /data/work/logs/vm-202111-440382-l2
2023-12-25 02:57:30,230 T0000: NOTICE VERSION: UNKNOWN UNKNOWN UNKNOWN
2023-12-25 02:57:30,230 T0000: NOTICE HOST: sonicmgmt202111 MEM: 376gb 31.2%
2023-12-25 02:57:30,230 T0000: NOTICE ROOT_PATH: /repo
2023-12-25 02:57:30,230 T0000: NOTICE Python: 3.8.10
2023-12-25 02:57:30,230 T0000: NOTICE Topology unknown: D1T1:4,D1D2:6,D1D3:4,D1D4:4,D2T1:4,D2D3:4,D2D4:4,D3T1:4,D3D4:6,D4T1:4
2023-12-25 02:57:30,231 T0000: DEBUG 
SUITE ARGS: --load-image none --max-time module 9000 --max-time function 5400 --max-time session 3600 --logs-level=debug --topology-check=function --env SPYTEST_TESTBED_IGNORE_CONSTRAINTS TG,TGCARD,TGSPEED,CHIP,MODEL --noop --env SPYTEST_RESET_CONSOLES 0 --noop --env SPYTEST_ONREBOOT_RENEW_MGMT_IP 1 --noop --env SPYTEST_RECOVERY_CR_PER_CMD_POST_OP 1 --noop --env SPYTEST_BATCH_POLL_STATUS_TIME 300 --noop --env SPYTEST_BATCH_DEAD_NODE_MAX_TIME 7200 --noop --breakout-mode none --env SPYTEST_SHUTDOWN_FREE_PORTS 1 --env SPYTEST_HOOKS_BREAKOUT_UITYPE click --env SPYTEST_ONREBOOT_RENEW_MGMT_IP 0 --env SPYTEST_VERIFY_CSV_MIN_TOPOLOGY 1 --env SPYTEST_CMD_FAIL_RESULT_SUPPORT 0 --env SPYTEST_ROUTING_CONFIG_MODE split --env SPYTEST_CLEAR_DEVICE_METADATA_BGP_ASN 1 --env SPYTEST_TEXTFSM_USE_BUNDLED_PARSER 1 --feature-group master --ifname-type native --feature-disable bcmcmd --feature-disable warm-reboot --save config-db module --tclist-csv test_ft_add_unknownvlan_interface,test_ft_lldp_ConfigManAddrEntry,test_ft_lldp_LocManAddrEntry,test_ft_lldp_LocManAddrLen,test_ft_lldp_LocManAddrlfld,test_ft_lldp_docker_restart,test_ft_lldp_lldplocportid,test_ft_lldp_lldplocsysdesc,test_ft_lldp_lldplocsysname,test_ft_lldp_non_default_config,test_ft_lldp_rem_man_addr_table,test_ft_lldp_with_remote_server,test_ft_net_snmp_agent_mib,test_ft_net_snmp_vacm_mib,test_ft_ntp_disable_enable_with_message_log,test_ft_port_fn_verify_shut_noshut,test_ft_portchannel_with_vlan_variations,test_ft_snmp_coldstart_trap,test_ft_snmp_docker_restart,test_ft_snmp_dot1q_dot1db_mib,test_ft_snmp_dot1q_tp_fdb_address,test_ft_snmp_dot1q_tp_fdb_port,test_ft_snmp_dot3_stats_table,test_ft_snmp_ent_physical_table,test_ft_snmp_entity_mib_all,test_ft_snmp_framework_mib,test_ft_snmp_host_resource_mib,test_ft_snmp_icmp_Msgs,test_ft_snmp_if_mib_all,test_ft_snmp_ifx_table,test_ft_snmp_ipAddressRowStatus_ipv6,test_ft_snmp_ipAddressStorageType_ipv6,test_ft_snmp_ip_Address_Table,test_ft_snmp_ip_IfStats_Table,test_ft_snmp_ip_NetToPhysical_Table,test_ft_snmp_ip_System_Stats_Table,test_ft_snmp_ip_forward_table,test_ft_snmp_ipv6_If_Forward_default_HopLimit,test_ft_snmp_ipv6scope_index_table,test_ft_snmp_mib_2,test_ft_snmp_mpd_mib,test_ft_snmp_notification_mib,test_ft_snmp_root_node_walk,test_ft_snmp_snmpv2_mib,test_ft_snmp_sysDescr,test_ft_snmp_sysName,test_ft_snmp_target_mib,test_ft_snmp_tcp_mib,test_ft_snmp_test_syUpTime,test_ft_snmp_ucd_diskio_mib,test_ft_snmp_ucd_la_table,test_ft_snmp_ucd_system_stats,test_ft_snmp_udp_mib,test_ft_snmp_user_based_sm_mib,test_ft_snmp_view_based_acm_mib,test_ft_ssh_add_user_verify,test_ft_ssh_service_disable,test_ft_tacacs_ssh_login_with_tacacs_operations,test_ft_verify_logs_at_the_time_of_ssh_login_success,test_ft_verify_min_links_functionality_by_flapping_all_member_ports_007,test_ft_vlan_delete_with_member,test_ft_vlan_save_config_warm_and_fast_reboot,test_ft_vlan_trunk_tagged,test_ft_watermark_telemetry_interval,test_lldp_verify_counters,test_ntp_exists_config,test_spytest_infra_first,test_spytest_infra_second,test_spytest_infra_last --noop

2023-12-25 02:57:30,231 T0000: NOTICE ARGS: --logs-level debug --results-prefix=results --get-tech-support none --fetch-core-files none --syslog-check none --save config-db module --topology-check module --logs-path logs/2023-12-25-02-57-24 --continue-on-collection-errors --max-time session 0 --max-time module 0 --max-time function 0 --noop --tryssh=0 --testbed-file testbed.yaml --env SPYTEST_RPS_DEBUG 0 --tclist-bucket 1,2,4 --test-suite community-vs-l2 --email rama.kristipati@broadcom.com --env SPYTEST_SCAPY_DBG_LVL 2 --noop --env SPYTEST_EMAIL_FROM SPyTest-VSNet@broadcom.com --noop --logs-path logs/vm-202111-440382-l2 --env SPYTEST_EMAIL_BODY_PREFIX http://10.193.81.56:8080/sonic_mgmt_202111/work/logs/vm-202111-440382-l2/dashboard.html --email-subject-nargs VSNet-sonic_mgmt_202111-VM-L2-{{bldver}} : {{passrate}}: {{pass_cnt}}/{{executed}} vm-202111-440382-l2 --noop --feature-group 202111
2023-12-25 02:57:33,794 T0000: INFO  TRY-1 system/test_lldp.py 2 1 D1D2:2 D1T1:1
2023-12-25 02:57:33,795 T0000: INFO  matched testbed gw2 to execute bucket 2 system/test_lldp.py D1D2:2 D1T1:1
2023-12-25 02:57:33,795 T0000: INFO  matched testbed gw3 to execute bucket 2 system/test_lldp.py D1D2:2 D1T1:1
2023-12-25 02:57:33,795 T0000: INFO  TRY-1 security/test_tacacs.py 1 1 D1
2023-12-25 02:57:33,796 T0000: INFO  matched testbed gw4 to execute bucket 1 security/test_tacacs.py D1
2023-12-25 02:57:33,796 T0000: INFO  matched testbed gw5 to execute bucket 1 security/test_tacacs.py D1
2023-12-25 02:57:33,796 T0000: INFO  matched testbed gw6 to execute bucket 1 security/test_tacacs.py D1
2023-12-25 02:57:33,796 T0000: INFO  matched testbed gw7 to execute bucket 1 security/test_tacacs.py D1
2023-12-25 02:57:33,797 T0000: INFO  TRY-1 switching/test_vlan.py 2 1 D1D2:4 D1T1:2 D2T1:2 CHIP=TH2|TH1|TD3|TD2|TD4 TGEN=ixia
2023-12-25 02:57:33,799 T0000: INFO  matched testbed gw2 to execute bucket 2 switching/test_vlan.py D1D2:4 D1T1:2 D2T1:2 CHIP=TH2|TH1|TD3|TD2|TD4 TGEN=ixia
2023-12-25 02:57:33,799 T0000: INFO  matched testbed gw3 to execute bucket 2 switching/test_vlan.py D1D2:4 D1T1:2 D2T1:2 CHIP=TH2|TH1|TD3|TD2|TD4 TGEN=ixia
2023-12-25 02:57:33,799 T0000: INFO  TRY-1 system/test_ssh.py 2 1 D1D2:2
2023-12-25 02:57:33,800 T0000: INFO  matched testbed gw2 to execute bucket 2 system/test_ssh.py D1D2:2
2023-12-25 02:57:33,800 T0000: INFO  matched testbed gw3 to execute bucket 2 system/test_ssh.py D1D2:2
2023-12-25 02:57:33,800 T0000: INFO  TRY-1 switching/test_portchannel.py 2 1 D1D2:5 D1T1:1 D2T1:1 TGEN=ixia
2023-12-25 02:57:33,801 T0000: INFO  matched testbed gw2 to execute bucket 2 switching/test_portchannel.py D1D2:5 D1T1:1 D2T1:1 TGEN=ixia
2023-12-25 02:57:33,801 T0000: INFO  matched testbed gw3 to execute bucket 2 switching/test_portchannel.py D1D2:5 D1T1:1 D2T1:1 TGEN=ixia
2023-12-25 02:57:33,802 T0000: INFO  TRY-1 system/test_snapshot.py 1 1 D1T1:4 TGEN=ixia CHIP=TH1|TH2|TH3|TD3 CHIP_REV=NA|X5|X7 MODEL1=ent
2023-12-25 02:57:33,802 T0000: INFO  matched testbed gw4 to execute bucket 1 system/test_snapshot.py D1T1:4 TGEN=ixia CHIP=TH1|TH2|TH3|TD3 CHIP_REV=NA|X5|X7 MODEL1=ent
2023-12-25 02:57:33,803 T0000: INFO  matched testbed gw5 to execute bucket 1 system/test_snapshot.py D1T1:4 TGEN=ixia CHIP=TH1|TH2|TH3|TD3 CHIP_REV=NA|X5|X7 MODEL1=ent
2023-12-25 02:57:33,803 T0000: INFO  matched testbed gw6 to execute bucket 1 system/test_snapshot.py D1T1:4 TGEN=ixia CHIP=TH1|TH2|TH3|TD3 CHIP_REV=NA|X5|X7 MODEL1=ent
2023-12-25 02:57:33,804 T0000: INFO  matched testbed gw7 to execute bucket 1 system/test_snapshot.py D1T1:4 TGEN=ixia CHIP=TH1|TH2|TH3|TD3 CHIP_REV=NA|X5|X7 MODEL1=ent
2023-12-25 02:57:33,804 T0000: INFO  TRY-1 system/test_ntp.py 1 1 D1
2023-12-25 02:57:33,804 T0000: INFO  matched testbed gw4 to execute bucket 1 system/test_ntp.py D1
2023-12-25 02:57:33,805 T0000: INFO  matched testbed gw5 to execute bucket 1 system/test_ntp.py D1
2023-12-25 02:57:33,805 T0000: INFO  matched testbed gw6 to execute bucket 1 system/test_ntp.py D1
2023-12-25 02:57:33,805 T0000: INFO  matched testbed gw7 to execute bucket 1 system/test_ntp.py D1
2023-12-25 02:57:33,805 T0000: INFO  TRY-1 system/test_snmp.py 1 1 D1T1:2 TGEN=ixia
2023-12-25 02:57:33,806 T0000: INFO  matched testbed gw4 to execute bucket 1 system/test_snmp.py D1T1:2 TGEN=ixia
2023-12-25 02:57:33,806 T0000: INFO  matched testbed gw5 to execute bucket 1 system/test_snmp.py D1T1:2 TGEN=ixia
2023-12-25 02:57:33,806 T0000: INFO  matched testbed gw6 to execute bucket 1 system/test_snmp.py D1T1:2 TGEN=ixia
2023-12-25 02:57:33,807 T0000: INFO  matched testbed gw7 to execute bucket 1 system/test_snmp.py D1T1:2 TGEN=ixia
2023-12-25 02:57:33,807 T0000: INFO  TRY-1 system/test_interface.py 2 1 D1D2:2 D1T1:2 TGEN=ixia
2023-12-25 02:57:33,807 T0000: INFO  matched testbed gw2 to execute bucket 2 system/test_interface.py D1D2:2 D1T1:2 TGEN=ixia
2023-12-25 02:57:33,808 T0000: INFO  matched testbed gw3 to execute bucket 2 system/test_interface.py D1D2:2 D1T1:2 TGEN=ixia
2023-12-25 02:57:33,838 T0000: INFO  Start Monitoring poll_time=300 max_time=7200 DBG=0
2023-12-25 02:57:33,844 T0000: INFO  ============== NODE(gw0) FINISH gw0
2023-12-25 02:57:33,844 T0000: INFO  ============== Completed gw0  
2023-12-25 02:57:33,889 T0000: INFO  ============== NODE(gw1) FINISH gw1
2023-12-25 02:57:33,890 T0000: INFO  ============== Completed gw1  
2023-12-25 02:57:33,891 T0000: INFO  [gw2]: ===== Assigned Pre-Tests
2023-12-25 02:57:33,891 T0000: INFO  [gw3]: ===== Assigned Pre-Tests
2023-12-25 03:04:21,248 T0000: INFO  [gw3]: EXEC: switching/test_vlan.py::test_ft_add_unknownvlan_interface
2023-12-25 03:04:24,449 T0000: INFO  [gw3]: PASSED: switching/test_vlan.py::test_ft_add_unknownvlan_interface
2023-12-25 03:04:29,309 T0000: INFO  [gw3]: EXEC: switching/test_vlan.py::test_ft_vlan_delete_with_member
2023-12-25 03:04:36,805 T0000: INFO  [gw3]: PASSED: switching/test_vlan.py::test_ft_vlan_delete_with_member
2023-12-25 03:04:39,840 T0000: INFO  [gw2]: EXEC: switching/test_portchannel.py::test_ft_portchannel_with_vlan_variations
2023-12-25 03:04:41,690 T0000: INFO  [gw3]: EXEC: switching/test_vlan.py::test_ft_vlan_trunk_tagged
2023-12-25 03:06:02,666 T0000: INFO  [gw3]: PASSED: switching/test_vlan.py::test_ft_vlan_trunk_tagged
2023-12-25 03:06:07,611 T0000: INFO  [gw3]: EXEC: switching/test_vlan.py::test_ft_vlan_save_config_warm_and_fast_reboot
2023-12-25 03:06:19,918 T0000: INFO  [gw2]: PASSED: switching/test_portchannel.py::test_ft_portchannel_with_vlan_variations
2023-12-25 03:07:01,084 T0000: INFO  [gw2]: XFAIL: switching/test_portchannel.py::test_ft_verify_min_links_functionality_by_flapping_all_member_ports_007
2023-12-25 03:11:20,619 T0000: INFO  [gw3]: FAILED: switching/test_vlan.py::test_ft_vlan_save_config_warm_and_fast_reboot
2023-12-25 03:11:24,701 T0000: INFO  [gw2]: XFAIL: system/test_lldp.py::test_ft_lldp_LocManAddrLen
2023-12-25 03:11:25,072 T0000: INFO  [gw2]: XFAIL: system/test_lldp.py::test_ft_lldp_LocManAddrlfld
2023-12-25 03:11:25,441 T0000: INFO  [gw2]: XFAIL: system/test_lldp.py::test_ft_lldp_LocManAddrEntry
2023-12-25 03:11:25,789 T0000: INFO  [gw2]: XFAIL: system/test_lldp.py::test_ft_lldp_ConfigManAddrEntry
2023-12-25 03:11:26,101 T0000: INFO  [gw2]: XFAIL: system/test_lldp.py::test_ft_lldp_lldplocportid
2023-12-25 03:11:26,446 T0000: INFO  [gw2]: XFAIL: system/test_lldp.py::test_ft_lldp_lldplocsysname
2023-12-25 03:11:26,792 T0000: INFO  [gw2]: XFAIL: system/test_lldp.py::test_ft_lldp_lldplocsysdesc
2023-12-25 03:11:27,150 T0000: INFO  [gw2]: XFAIL: system/test_lldp.py::test_ft_lldp_rem_man_addr_table
2023-12-25 03:11:27,503 T0000: INFO  [gw2]: XFAIL: system/test_lldp.py::test_ft_lldp_non_default_config
2023-12-25 03:11:27,860 T0000: INFO  [gw2]: XFAIL: system/test_lldp.py::test_ft_lldp_docker_restart
2023-12-25 03:11:28,228 T0000: INFO  [gw2]: XFAIL: system/test_lldp.py::test_lldp_verify_counters
2023-12-25 03:11:28,579 T0000: INFO  [gw2]: XFAIL: system/test_lldp.py::test_ft_lldp_with_remote_server
2023-12-25 03:14:46,806 T0000: INFO  [gw2]: EXEC: system/test_ssh.py::test_ft_ssh_service_disable
2023-12-25 03:14:49,567 T0000: INFO  [gw2]: PASSED: system/test_ssh.py::test_ft_ssh_service_disable
2023-12-25 03:14:54,394 T0000: INFO  [gw2]: EXEC: system/test_ssh.py::test_ft_ssh_add_user_verify
2023-12-25 03:17:19,081 T0000: INFO  [gw3]: EXEC: system/test_interface.py::test_ft_port_fn_verify_shut_noshut
2023-12-25 03:18:03,316 T0000: INFO  [gw3]: XFAIL: system/test_interface.py::test_ft_port_fn_verify_shut_noshut
2023-12-25 03:21:32,200 T0000: INFO  ============== NODE(gw3) FINISH gw3
2023-12-25 03:21:32,200 T0000: INFO  ============== Completed gw3  
2023-12-25 03:21:32,231 T0000: INFO  [gw6]: ===== Assigned Pre-Tests
2023-12-25 03:21:32,234 T0000: INFO  [gw7]: ===== Assigned Pre-Tests
2023-12-25 03:23:58,969 T0000: INFO  [gw2]: XFAIL: system/test_ssh.py::test_ft_ssh_add_user_verify
2023-12-25 03:24:03,878 T0000: INFO  [gw2]: EXEC: system/test_ssh.py::test_ft_verify_logs_at_the_time_of_ssh_login_success
2023-12-25 03:24:20,242 T0000: INFO  [gw2]: PASSED: system/test_ssh.py::test_ft_verify_logs_at_the_time_of_ssh_login_success
2023-12-25 03:25:58,019 T0000: INFO  [gw6]: EXEC: system/test_snapshot.py::test_ft_watermark_telemetry_interval
2023-12-25 03:26:02,149 T0000: INFO  [gw7]: EXEC: security/test_tacacs.py::test_ft_tacacs_ssh_login_with_tacacs_operations
2023-12-25 03:26:03,214 T0000: INFO  [gw7]: XFAIL: security/test_tacacs.py::test_ft_tacacs_ssh_login_with_tacacs_operations
2023-12-25 03:26:08,056 T0000: INFO  [gw6]: PASSED: system/test_snapshot.py::test_ft_watermark_telemetry_interval
2023-12-25 03:27:11,934 T0000: INFO  ============== NODE(gw2) FINISH gw2
2023-12-25 03:27:11,935 T0000: INFO  ============== Completed gw2  
2023-12-25 03:27:12,070 T0000: INFO  ============== NODE(gw4) FINISH gw4
2023-12-25 03:27:12,072 T0000: INFO  ============== Completed gw4  
2023-12-25 03:27:12,153 T0000: INFO  ============== NODE(gw5) FINISH gw5
2023-12-25 03:27:12,153 T0000: INFO  ============== Completed gw5  
2023-12-25 03:29:38,423 T0000: INFO  [gw6]: EXEC: system/test_ntp.py::test_ft_ntp_disable_enable_with_message_log
2023-12-25 03:30:52,675 T0000: INFO  [gw7]: EXEC: system/test_snmp.py::test_ft_snmp_sysName
2023-12-25 03:30:53,805 T0000: INFO  [gw7]: XFAIL: system/test_snmp.py::test_ft_snmp_sysName
2023-12-25 03:30:58,294 T0000: INFO  [gw7]: EXEC: system/test_snmp.py::test_ft_snmp_test_syUpTime
2023-12-25 03:30:59,490 T0000: INFO  [gw7]: PASSED: system/test_snmp.py::test_ft_snmp_test_syUpTime
2023-12-25 03:31:04,166 T0000: INFO  [gw7]: EXEC: system/test_snmp.py::test_ft_snmp_sysDescr
2023-12-25 03:31:07,338 T0000: INFO  [gw7]: PASSED: system/test_snmp.py::test_ft_snmp_sysDescr
2023-12-25 03:31:11,804 T0000: INFO  [gw7]: EXEC: system/test_snmp.py::test_ft_snmp_mib_2
2023-12-25 03:31:18,353 T0000: INFO  [gw7]: PASSED: system/test_snmp.py::test_ft_snmp_mib_2
2023-12-25 03:31:22,751 T0000: INFO  [gw7]: EXEC: system/test_snmp.py::test_ft_snmp_if_mib_all
2023-12-25 03:31:22,943 T0000: INFO  [gw7]: PASSED: system/test_snmp.py::test_ft_snmp_if_mib_all
2023-12-25 03:31:27,487 T0000: INFO  [gw7]: EXEC: system/test_snmp.py::test_ft_snmp_entity_mib_all
2023-12-25 03:31:27,550 T0000: INFO  [gw7]: PASSED: system/test_snmp.py::test_ft_snmp_entity_mib_all
2023-12-25 03:31:32,094 T0000: INFO  [gw7]: EXEC: system/test_snmp.py::test_ft_snmp_dot1q_dot1db_mib
2023-12-25 03:31:32,191 T0000: INFO  [gw7]: PASSED: system/test_snmp.py::test_ft_snmp_dot1q_dot1db_mib
2023-12-25 03:31:36,585 T0000: INFO  [gw7]: EXEC: system/test_snmp.py::test_ft_snmp_root_node_walk
2023-12-25 03:31:48,471 T0000: INFO  [gw7]: PASSED: system/test_snmp.py::test_ft_snmp_root_node_walk
2023-12-25 03:31:52,924 T0000: INFO  [gw7]: EXEC: system/test_snmp.py::test_ft_snmp_ipAddressRowStatus_ipv6
2023-12-25 03:31:58,992 T0000: INFO  [gw7]: PASSED: system/test_snmp.py::test_ft_snmp_ipAddressRowStatus_ipv6
2023-12-25 03:32:03,486 T0000: INFO  [gw7]: EXEC: system/test_snmp.py::test_ft_snmp_ipAddressStorageType_ipv6
2023-12-25 03:32:03,527 T0000: INFO  [gw7]: PASSED: system/test_snmp.py::test_ft_snmp_ipAddressStorageType_ipv6
2023-12-25 03:32:08,012 T0000: INFO  [gw7]: EXEC: system/test_snmp.py::test_ft_snmp_ipv6_If_Forward_default_HopLimit
2023-12-25 03:32:08,056 T0000: INFO  [gw7]: PASSED: system/test_snmp.py::test_ft_snmp_ipv6_If_Forward_default_HopLimit
2023-12-25 03:32:12,574 T0000: INFO  [gw7]: EXEC: system/test_snmp.py::test_ft_snmp_ipv6scope_index_table
2023-12-25 03:32:12,631 T0000: INFO  [gw7]: PASSED: system/test_snmp.py::test_ft_snmp_ipv6scope_index_table
2023-12-25 03:32:17,070 T0000: INFO  [gw7]: EXEC: system/test_snmp.py::test_ft_snmp_ip_forward_table
2023-12-25 03:32:19,767 T0000: INFO  [gw7]: PASSED: system/test_snmp.py::test_ft_snmp_ip_forward_table
2023-12-25 03:32:25,234 T0000: INFO  [gw7]: EXEC: system/test_snmp.py::test_ft_snmp_ifx_table
2023-12-25 03:32:25,389 T0000: INFO  [gw7]: PASSED: system/test_snmp.py::test_ft_snmp_ifx_table
2023-12-25 03:32:29,845 T0000: INFO  [gw7]: EXEC: system/test_snmp.py::test_ft_snmp_ip_System_Stats_Table
2023-12-25 03:32:29,894 T0000: INFO  [gw7]: PASSED: system/test_snmp.py::test_ft_snmp_ip_System_Stats_Table
2023-12-25 03:32:34,511 T0000: INFO  [gw7]: EXEC: system/test_snmp.py::test_ft_snmp_ip_IfStats_Table
2023-12-25 03:32:34,866 T0000: INFO  [gw7]: PASSED: system/test_snmp.py::test_ft_snmp_ip_IfStats_Table
2023-12-25 03:32:39,327 T0000: INFO  [gw7]: EXEC: system/test_snmp.py::test_ft_snmp_ip_Address_Table
2023-12-25 03:32:39,386 T0000: INFO  [gw7]: PASSED: system/test_snmp.py::test_ft_snmp_ip_Address_Table
2023-12-25 03:32:43,776 T0000: INFO  [gw7]: EXEC: system/test_snmp.py::test_ft_snmp_ip_NetToPhysical_Table
2023-12-25 03:32:43,819 T0000: INFO  [gw7]: PASSED: system/test_snmp.py::test_ft_snmp_ip_NetToPhysical_Table
2023-12-25 03:32:48,281 T0000: INFO  [gw7]: EXEC: system/test_snmp.py::test_ft_snmp_icmp_Msgs
2023-12-25 03:32:48,332 T0000: INFO  [gw7]: PASSED: system/test_snmp.py::test_ft_snmp_icmp_Msgs
2023-12-25 03:32:52,775 T0000: INFO  [gw7]: EXEC: system/test_snmp.py::test_ft_snmp_tcp_mib
2023-12-25 03:33:08,819 T0000: INFO  [gw7]: PASSED: system/test_snmp.py::test_ft_snmp_tcp_mib
2023-12-25 03:33:13,396 T0000: INFO  [gw7]: EXEC: system/test_snmp.py::test_ft_snmp_udp_mib
2023-12-25 03:33:13,450 T0000: INFO  [gw7]: PASSED: system/test_snmp.py::test_ft_snmp_udp_mib
2023-12-25 03:33:17,838 T0000: INFO  [gw7]: EXEC: system/test_snmp.py::test_ft_snmp_snmpv2_mib
2023-12-25 03:33:17,883 T0000: INFO  [gw7]: PASSED: system/test_snmp.py::test_ft_snmp_snmpv2_mib
2023-12-25 03:33:22,284 T0000: INFO  [gw7]: EXEC: system/test_snmp.py::test_ft_snmp_host_resource_mib
2023-12-25 03:33:22,477 T0000: INFO  [gw7]: PASSED: system/test_snmp.py::test_ft_snmp_host_resource_mib
2023-12-25 03:33:26,959 T0000: INFO  [gw7]: EXEC: system/test_snmp.py::test_ft_snmp_framework_mib
2023-12-25 03:33:26,992 T0000: INFO  [gw7]: PASSED: system/test_snmp.py::test_ft_snmp_framework_mib
2023-12-25 03:33:31,512 T0000: INFO  [gw7]: EXEC: system/test_snmp.py::test_ft_snmp_mpd_mib
2023-12-25 03:33:31,545 T0000: INFO  [gw7]: PASSED: system/test_snmp.py::test_ft_snmp_mpd_mib
2023-12-25 03:33:36,062 T0000: INFO  [gw7]: EXEC: system/test_snmp.py::test_ft_snmp_target_mib
2023-12-25 03:33:36,102 T0000: INFO  [gw7]: PASSED: system/test_snmp.py::test_ft_snmp_target_mib
2023-12-25 03:33:40,674 T0000: INFO  [gw7]: EXEC: system/test_snmp.py::test_ft_snmp_notification_mib
2023-12-25 03:33:40,708 T0000: INFO  [gw7]: PASSED: system/test_snmp.py::test_ft_snmp_notification_mib
2023-12-25 03:33:45,307 T0000: INFO  [gw7]: EXEC: system/test_snmp.py::test_ft_snmp_user_based_sm_mib
2023-12-25 03:33:45,341 T0000: INFO  [gw7]: PASSED: system/test_snmp.py::test_ft_snmp_user_based_sm_mib
2023-12-25 03:33:49,817 T0000: INFO  [gw7]: EXEC: system/test_snmp.py::test_ft_snmp_view_based_acm_mib
2023-12-25 03:33:49,868 T0000: INFO  [gw7]: PASSED: system/test_snmp.py::test_ft_snmp_view_based_acm_mib
2023-12-25 03:33:54,258 T0000: INFO  [gw7]: EXEC: system/test_snmp.py::test_ft_snmp_ent_physical_table
2023-12-25 03:33:54,309 T0000: INFO  [gw7]: PASSED: system/test_snmp.py::test_ft_snmp_ent_physical_table
2023-12-25 03:33:58,807 T0000: INFO  [gw7]: EXEC: system/test_snmp.py::test_ft_snmp_dot3_stats_table
2023-12-25 03:33:58,865 T0000: INFO  [gw7]: PASSED: system/test_snmp.py::test_ft_snmp_dot3_stats_table
2023-12-25 03:34:03,366 T0000: INFO  [gw7]: EXEC: system/test_snmp.py::test_ft_net_snmp_agent_mib
2023-12-25 03:34:03,862 T0000: INFO  [gw7]: PASSED: system/test_snmp.py::test_ft_net_snmp_agent_mib
2023-12-25 03:34:08,370 T0000: INFO  [gw7]: EXEC: system/test_snmp.py::test_ft_net_snmp_vacm_mib
2023-12-25 03:34:08,410 T0000: INFO  [gw7]: PASSED: system/test_snmp.py::test_ft_net_snmp_vacm_mib
2023-12-25 03:34:12,856 T0000: INFO  [gw7]: EXEC: system/test_snmp.py::test_ft_snmp_ucd_diskio_mib
2023-12-25 03:34:12,906 T0000: INFO  [gw7]: PASSED: system/test_snmp.py::test_ft_snmp_ucd_diskio_mib
2023-12-25 03:34:17,363 T0000: INFO  [gw7]: EXEC: system/test_snmp.py::test_ft_snmp_ucd_la_table
2023-12-25 03:34:17,397 T0000: INFO  [gw7]: PASSED: system/test_snmp.py::test_ft_snmp_ucd_la_table
2023-12-25 03:34:21,835 T0000: INFO  [gw7]: EXEC: system/test_snmp.py::test_ft_snmp_ucd_system_stats
2023-12-25 03:34:21,874 T0000: INFO  [gw7]: PASSED: system/test_snmp.py::test_ft_snmp_ucd_system_stats
2023-12-25 03:34:26,418 T0000: INFO  [gw7]: EXEC: system/test_snmp.py::test_ft_snmp_dot1q_tp_fdb_port
2023-12-25 03:34:28,087 T0000: INFO  [gw7]: XFAIL: system/test_snmp.py::test_ft_snmp_dot1q_tp_fdb_port
2023-12-25 03:34:32,582 T0000: INFO  [gw7]: EXEC: system/test_snmp.py::test_ft_snmp_dot1q_tp_fdb_address
2023-12-25 03:34:33,022 T0000: INFO  [gw7]: PASSED: system/test_snmp.py::test_ft_snmp_dot1q_tp_fdb_address
2023-12-25 03:34:37,524 T0000: INFO  [gw7]: EXEC: system/test_snmp.py::test_ft_snmp_coldstart_trap
2023-12-25 03:34:41,028 T0000: INFO  [gw6]: PASSED: system/test_ntp.py::test_ft_ntp_disable_enable_with_message_log
2023-12-25 03:34:45,433 T0000: INFO  [gw6]: EXEC: system/test_ntp.py::test_ntp_exists_config
2023-12-25 03:34:51,071 T0000: INFO  [gw6]: PASSED: system/test_ntp.py::test_ntp_exists_config
2023-12-25 03:34:51,786 T0000: INFO  [gw7]: XFAIL: system/test_snmp.py::test_ft_snmp_coldstart_trap
2023-12-25 03:34:56,284 T0000: INFO  [gw7]: EXEC: system/test_snmp.py::test_ft_snmp_docker_restart
2023-12-25 03:35:07,021 T0000: INFO  [gw7]: XFAIL: system/test_snmp.py::test_ft_snmp_docker_restart
2023-12-25 03:37:04,299 T0000: INFO  ============== NODE(gw6) FINISH gw6
2023-12-25 03:37:04,308 T0000: INFO  ============== Completed gw6  
2023-12-25 03:40:04,492 T0000: INFO  ============== NODE(gw7) FINISH gw7
2023-12-25 03:40:04,493 T0000: INFO  ============== Completed gw7  
2023-12-25 03:40:04,587 T0000: INFO  update free pod devices ['V1', 'V2', 'V3', 'V4']
2023-12-25 03:40:04,587 T0000: INFO  update free pod devices ['unknown:V1', 'unknown:V2', 'unknown:V3', 'unknown:V4']
