2023-12-25 00:27:30,390 T0000: WARN  #### gw7  
2023-12-25 00:27:30,390 T0000: WARN  support post-session-prolog session pass ''
2023-12-25 00:28:20,466 T0000: INFO  #### gw7  
2023-12-25 00:28:20,466 T0000: INFO  support pre-module-prolog routing/NAT/test_nat.py  ''
2023-12-25 00:29:23,651 T0000: INFO  #### gw7  routing/NAT/test_nat.py
2023-12-25 00:29:23,651 T0000: INFO  support post-module-prolog routing/NAT/test_nat.py Pass ''
2023-12-25 00:29:56,817 T0000: INFO  #### gw7  routing/NAT/test_nat.py
2023-12-25 00:29:56,817 T0000: INFO  support pre-function-prolog test_ft_nat_docker_restart  ''
2023-12-25 00:29:59,808 T0000: INFO  #### gw7  routing/NAT/test_nat.py::test_ft_nat_docker_restart
2023-12-25 00:29:59,808 T0000: INFO  support post-function-prolog test_ft_nat_docker_restart Pass ''
2023-12-25 00:30:38,067 T0000: INFO  #### gw7  routing/NAT/test_nat.py::test_ft_nat_docker_restart
2023-12-25 00:30:38,067 T0000: INFO  support pre-function-epilog test_ft_nat_docker_restart Pass 'Test case passed'
2023-12-25 00:30:38,070 T0000: INFO  #### gw7  routing/NAT/test_nat.py::test_ft_nat_docker_restart
2023-12-25 00:30:38,070 T0000: INFO  support post-function-epilog test_ft_nat_docker_restart Pass 'Test case passed'
2023-12-25 00:30:38,089 T0000: WARN  #### gw7  routing/NAT/test_nat.py::test_ft_nat_docker_restart
2023-12-25 00:30:38,089 T0000: WARN  support pre-module-epilog routing/NAT/test_nat.py pass ''
2023-12-25 00:31:07,109 T0000: WARN  #### gw7 IGNORED ERROR routing/NAT/test_nat.py::test_ft_nat_docker_restart
2023-12-25 00:31:07,109 T0000: WARN  Skipped error checking but detected pattern: containing_python_traceback command: sudo config nat remove static all;sudo config nat remove bindings;sudo config nat remove pools;
2023-12-25 00:31:14,528 T0000: ERROR #### gw7 ERROR routing/NAT/test_nat.py::test_ft_nat_docker_restart
2023-12-25 00:31:14,528 T0000: ERROR detected pattern: containing_error executing 'sudo -s config interface ip remove Ethernet0 12.12.0.1/16'
2023-12-25 00:31:14,536 T0000: WARN  #### gw7  routing/NAT/test_nat.py::test_ft_nat_docker_restart
2023-12-25 00:31:14,536 T0000: WARN  support post-module-epilog routing/NAT/test_nat.py pass ''
2023-12-25 00:35:33,362 T0000: INFO  #### gw7  
2023-12-25 00:35:33,362 T0000: INFO  support pre-module-prolog qos/test_qos_save_reboot.py  ''
2023-12-25 00:38:30,953 T0000: INFO  #### gw7  qos/test_qos_save_reboot.py
2023-12-25 00:38:30,953 T0000: INFO  support post-module-prolog qos/test_qos_save_reboot.py Pass ''
2023-12-25 00:39:04,316 T0000: INFO  #### gw7  qos/test_qos_save_reboot.py
2023-12-25 00:39:04,316 T0000: INFO  support pre-function-prolog test_ft_qos_config_mgmt_verifying_config_with_save_reboot  ''
2023-12-25 00:39:04,329 T0000: INFO  #### gw7  qos/test_qos_save_reboot.py::test_ft_qos_config_mgmt_verifying_config_with_save_reboot
2023-12-25 00:39:04,329 T0000: INFO  support post-function-prolog test_ft_qos_config_mgmt_verifying_config_with_save_reboot Pass ''
2023-12-25 00:46:46,269 T0000: INFO  #### gw7  qos/test_qos_save_reboot.py::test_ft_qos_config_mgmt_verifying_config_with_save_reboot
2023-12-25 00:46:46,269 T0000: INFO  support pre-function-epilog test_ft_qos_config_mgmt_verifying_config_with_save_reboot Pass 'Test case passed'
2023-12-25 00:46:46,275 T0000: INFO  #### gw7  qos/test_qos_save_reboot.py::test_ft_qos_config_mgmt_verifying_config_with_save_reboot
2023-12-25 00:46:46,275 T0000: INFO  support post-function-epilog test_ft_qos_config_mgmt_verifying_config_with_save_reboot Pass 'Test case passed'
2023-12-25 00:46:46,294 T0000: WARN  #### gw7  qos/test_qos_save_reboot.py::test_ft_qos_config_mgmt_verifying_config_with_save_reboot
2023-12-25 00:46:46,294 T0000: WARN  support pre-module-epilog qos/test_qos_save_reboot.py pass ''
2023-12-25 00:47:13,121 T0000: WARN  #### gw7  qos/test_qos_save_reboot.py::test_ft_qos_config_mgmt_verifying_config_with_save_reboot
2023-12-25 00:47:13,121 T0000: WARN  support post-module-epilog qos/test_qos_save_reboot.py pass ''
2023-12-25 00:49:17,723 T0000: WARN  #### gw7  batch/test_spytest_infra_1.py::test_spytest_infra_last
2023-12-25 00:49:17,723 T0000: WARN  support session-epilog session pass ''
