2024-01-05 02:01:47,545 T0002: [D1-V4] ['export TMOUT=0', 'stty cols 5000', 'uptime']
2024-01-05 02:01:48,226 T0002: [D1-V4] cat /proc/uptime
2024-01-05 02:01:48,889 T0002: [D1-V4] sudo vtysh -c 'show running-config | include hostname'
2024-01-05 02:01:54,310 T0002: [D1-V4] ['export TMOUT=0', 'stty cols 5000', 'uptime']
2024-01-05 02:01:55,811 T0002: [D1-V4] show version
2024-01-05 02:02:51,771 T0000: [D1-V4] sudo show interfaces status
2024-01-05 02:02:53,855 T0000: [D1-V4] config interface startup Ethernet0
2024-01-05 02:02:54,870 T0000: [D1-V4] config interface startup Ethernet4
2024-01-05 02:02:55,879 T0000: [D1-V4] config interface startup Ethernet8
2024-01-05 02:02:56,887 T0000: [D1-V4] config interface startup Ethernet12
2024-01-05 02:02:57,970 T0000: [D1-V4] config interface shutdown Ethernet16
2024-01-05 02:02:59,036 T0000: [D1-V4] config interface shutdown Ethernet20
2024-01-05 02:03:00,143 T0000: [D1-V4] config interface shutdown Ethernet24
2024-01-05 02:03:01,199 T0000: [D1-V4] config interface shutdown Ethernet28
2024-01-05 02:03:02,255 T0000: [D1-V4] config interface shutdown Ethernet32
2024-01-05 02:03:03,310 T0000: [D1-V4] config interface shutdown Ethernet36
2024-01-05 02:03:04,362 T0000: [D1-V4] config interface shutdown Ethernet40
2024-01-05 02:03:05,415 T0000: [D1-V4] config interface shutdown Ethernet44
2024-01-05 02:03:06,524 T0000: [D1-V4] config interface shutdown Ethernet48
2024-01-05 02:03:07,579 T0000: [D1-V4] config interface shutdown Ethernet52
2024-01-05 02:03:08,635 T0000: [D1-V4] config interface shutdown Ethernet56
2024-01-05 02:03:09,690 T0000: [D1-V4] config interface shutdown Ethernet60
2024-01-05 02:03:10,742 T0000: [D1-V4] config interface shutdown Ethernet64
2024-01-05 02:03:11,795 T0000: [D1-V4] config interface shutdown Ethernet68
2024-01-05 02:03:12,797 T0000: [D1-V4] config interface shutdown Ethernet72
2024-01-05 02:03:13,852 T0000: [D1-V4] config interface shutdown Ethernet76
2024-01-05 02:03:14,865 T0000: [D1-V4] config interface shutdown Ethernet80
2024-01-05 02:03:15,972 T0000: [D1-V4] config interface shutdown Ethernet84
2024-01-05 02:03:17,080 T0000: [D1-V4] config interface shutdown Ethernet88
2024-01-05 02:03:18,082 T0000: [D1-V4] config interface shutdown Ethernet92
2024-01-05 02:03:19,135 T0000: [D1-V4] config interface shutdown Ethernet96
2024-01-05 02:03:20,190 T0000: [D1-V4] config interface shutdown Ethernet100
2024-01-05 02:03:21,191 T0000: [D1-V4] config interface shutdown Ethernet104
2024-01-05 02:03:22,194 T0000: [D1-V4] config interface shutdown Ethernet108
2024-01-05 02:03:23,194 T0000: [D1-V4] config interface shutdown Ethernet112
2024-01-05 02:03:24,207 T0000: [D1-V4] config interface shutdown Ethernet116
2024-01-05 02:03:25,208 T0000: [D1-V4] config interface shutdown Ethernet120
2024-01-05 02:03:26,226 T0000: [D1-V4] config interface shutdown Ethernet124
2024-01-05 02:03:33,362 T0000: [D1-V4] show version
2024-01-05 02:03:35,316 T0000: [D1-V4] cat /var/run/redis/sonic-db/database_config.json
2024-01-05 02:03:36,055 T0000: [D1-V4] /sbin/ifconfig eth0
2024-01-05 02:03:36,776 T0000: [D1-V4] ls /etc/sonic/bcmsim.cfg
2024-01-05 02:03:37,506 T0000: [D1-V4] no router bgp
2024-01-05 02:03:39,453 T0000: [D1-V4] config feature state sflow enabled
2024-01-05 02:03:41,450 T0000: [D1-V4] config feature state nat enabled
2024-01-05 02:03:45,681 T0000: [D1-V4] config save /tmp/config-db-V4-post-session-prolog-session.json -y
2024-01-05 02:03:46,995 T0000: [D1-V4] chmod 777 /tmp/config-db-V4-post-session-prolog-session.json
2024-01-05 02:03:47,891 T0000: [D1-V4] sudo vtysh -c 'show running-config' > /tmp/vtysh-runcfg-V4-post-session-prolog-session.txt
2024-01-05 02:03:48,797 T0000: [D1-V4] chmod 777 /tmp/vtysh-runcfg-V4-post-session-prolog-session.txt
2024-01-05 02:03:50,116 T0000: 
================== Framework Module Hook: batch/test_spytest_infra_1.py ==================
2024-01-05 02:03:50,134 T0010: [D1-V4] sudo show interfaces status Ethernet124
2024-01-05 02:03:52,338 T0011: [D1-V4] sudo show interfaces status
2024-01-05 02:03:58,975 T0012: [D1-V4] sudo show interfaces status
2024-01-05 02:04:05,507 T0013: [D1-V4] sudo show interfaces status
2024-01-05 02:04:12,085 T0014: [D1-V4] sudo show interfaces status
2024-01-05 02:04:18,613 T0015: [D1-V4] sudo show interfaces status
2024-01-05 02:04:25,142 T0016: [D1-V4] sudo show interfaces status
2024-01-05 02:04:31,773 T0017: [D1-V4] sudo show interfaces status
2024-01-05 02:04:38,406 T0018: [D1-V4] sudo show interfaces status
2024-01-05 02:04:44,934 T0019: [D1-V4] sudo show interfaces status
2024-01-05 02:04:51,517 T0020: [D1-V4] sudo show interfaces status
2024-01-05 02:04:58,100 T0021: [D1-V4] sudo show interfaces status
2024-01-05 02:05:04,684 T0022: [D1-V4] sudo show interfaces status
2024-01-05 02:05:11,261 T0023: [D1-V4] sudo show interfaces status
2024-01-05 02:05:12,810 T0000: [D1-V4] config save /tmp/config-db-V4-post-module-prolog-.json -y
2024-01-05 02:05:14,066 T0000: [D1-V4] chmod 777 /tmp/config-db-V4-post-module-prolog-.json
2024-01-05 02:05:14,971 T0000: [D1-V4] sudo vtysh -c 'show running-config' > /tmp/vtysh-runcfg-V4-post-module-prolog-.txt
2024-01-05 02:05:15,922 T0000: [D1-V4] chmod 777 /tmp/vtysh-runcfg-V4-post-module-prolog-.txt
2024-01-05 02:05:16,843 T0000: 
================== Framework Module Hook Finish: batch/test_spytest_infra_1.py ==================
2024-01-05 02:05:16,844 T0000: 
================== Framework Function Hook: batch/test_spytest_infra_1.py::test_spytest_infra_first ==================
