2024-01-01 01:09:43,054 T0005: [D1-V3] ['export TMOUT=0', 'stty cols 5000', 'uptime']
2024-01-01 01:09:43,066 T0006: [D2-V4] ['export TMOUT=0', 'stty cols 5000', 'uptime']
2024-01-01 01:09:43,720 T0005: [D1-V3] cat /proc/uptime
2024-01-01 01:09:43,730 T0006: [D2-V4] cat /proc/uptime
2024-01-01 01:09:44,386 T0005: [D1-V3] sudo vtysh -c 'show running-config | include hostname'
2024-01-01 01:09:44,397 T0006: [D2-V4] sudo vtysh -c 'show running-config | include hostname'
2024-01-01 01:09:46,732 T0005: [D1-V3] /sbin/ip link set dev eth0 up
2024-01-01 01:09:46,841 T0006: [D2-V4] /sbin/ip link set dev eth0 up
2024-01-01 01:09:47,398 T0005: [D1-V3] /sbin/ip route list dev eth0
2024-01-01 01:09:47,510 T0006: [D2-V4] /sbin/ip route list dev eth0
2024-01-01 01:10:03,375 T0005: [D1-V3] /sbin/ip link set dev eth0 up
2024-01-01 01:10:04,042 T0005: [D1-V3] /sbin/ip route list dev eth0
2024-01-01 01:10:04,666 T0006: [D2-V4] /sbin/ip link set dev eth0 up
2024-01-01 01:10:04,717 T0005: [D1-V3] ['export TMOUT=0', 'stty cols 5000', 'uptime']
2024-01-01 01:10:05,332 T0006: [D2-V4] /sbin/ip route list dev eth0
2024-01-01 01:10:06,006 T0006: [D2-V4] ['export TMOUT=0', 'stty cols 5000', 'uptime']
2024-01-01 01:10:06,857 T0005: [D1-V3] /sbin/ip link set dev eth0 up
2024-01-01 01:10:07,521 T0005: [D1-V3] /sbin/ip route list dev eth0
2024-01-01 01:10:08,151 T0006: [D2-V4] /sbin/ip link set dev eth0 up
2024-01-01 01:10:08,818 T0006: [D2-V4] /sbin/ip route list dev eth0
2024-01-01 01:10:08,863 T0005: [D1-V3] show version
2024-01-01 01:10:10,160 T0006: [D2-V4] show version
2024-01-01 01:10:11,097 T0005: [D1-V3] /sbin/ip link set dev eth0 up
2024-01-01 01:10:11,770 T0005: [D1-V3] /sbin/ip route list dev eth0
2024-01-01 01:10:12,348 T0006: [D2-V4] /sbin/ip link set dev eth0 up
2024-01-01 01:10:13,015 T0006: [D2-V4] /sbin/ip route list dev eth0
2024-01-01 01:10:13,919 T0005: [D1-V3] /sbin/ip link set dev eth0 up
2024-01-01 01:10:14,585 T0005: [D1-V3] /sbin/ip route list dev eth0
2024-01-01 01:10:15,167 T0006: [D2-V4] /sbin/ip link set dev eth0 up
2024-01-01 01:10:15,834 T0006: [D2-V4] /sbin/ip route list dev eth0
2024-01-01 01:12:37,184 T0017: [D1-V3] sudo show interfaces status
2024-01-01 01:12:37,188 T0018: [D2-V4] sudo show interfaces status
2024-01-01 01:12:39,338 T0017: [D1-V3] config interface startup Ethernet0
2024-01-01 01:12:39,421 T0018: [D2-V4] config interface startup Ethernet48
2024-01-01 01:12:40,890 T0018: [D2-V4] config interface startup Ethernet52
2024-01-01 01:12:41,063 T0017: [D1-V3] config interface startup Ethernet4
2024-01-01 01:12:42,410 T0018: [D2-V4] config interface startup Ethernet56
2024-01-01 01:12:42,586 T0017: [D1-V3] config interface startup Ethernet8
2024-01-01 01:12:43,831 T0018: [D2-V4] config interface startup Ethernet60
2024-01-01 01:12:44,057 T0017: [D1-V3] config interface startup Ethernet12
2024-01-01 01:12:45,303 T0018: [D2-V4] config interface startup Ethernet64
2024-01-01 01:12:45,531 T0017: [D1-V3] config interface startup Ethernet48
2024-01-01 01:12:46,872 T0018: [D2-V4] config interface startup Ethernet68
2024-01-01 01:12:46,947 T0017: [D1-V3] config interface startup Ethernet52
2024-01-01 01:12:48,244 T0018: [D2-V4] config interface startup Ethernet0
2024-01-01 01:12:48,319 T0017: [D1-V3] config interface startup Ethernet56
2024-01-01 01:12:49,614 T0018: [D2-V4] config interface startup Ethernet4
2024-01-01 01:12:49,636 T0017: [D1-V3] config interface startup Ethernet60
2024-01-01 01:12:50,954 T0017: [D1-V3] config interface startup Ethernet64
2024-01-01 01:12:51,035 T0018: [D2-V4] config interface startup Ethernet8
2024-01-01 01:12:52,222 T0017: [D1-V3] config interface startup Ethernet68
2024-01-01 01:12:52,354 T0018: [D2-V4] config interface startup Ethernet12
2024-01-01 01:12:53,492 T0017: [D1-V3] config interface shutdown Ethernet16
2024-01-01 01:12:53,682 T0018: [D2-V4] config interface shutdown Ethernet16
2024-01-01 01:12:54,760 T0017: [D1-V3] config interface shutdown Ethernet20
2024-01-01 01:12:55,051 T0018: [D2-V4] config interface shutdown Ethernet20
2024-01-01 01:12:56,031 T0017: [D1-V3] config interface shutdown Ethernet24
2024-01-01 01:12:56,368 T0018: [D2-V4] config interface shutdown Ethernet24
2024-01-01 01:12:57,298 T0017: [D1-V3] config interface shutdown Ethernet28
2024-01-01 01:12:57,688 T0018: [D2-V4] config interface shutdown Ethernet28
2024-01-01 01:12:58,565 T0017: [D1-V3] config interface shutdown Ethernet32
2024-01-01 01:12:59,060 T0018: [D2-V4] config interface shutdown Ethernet32
2024-01-01 01:12:59,884 T0017: [D1-V3] config interface shutdown Ethernet36
2024-01-01 01:13:00,379 T0018: [D2-V4] config interface shutdown Ethernet36
2024-01-01 01:13:01,154 T0017: [D1-V3] config interface shutdown Ethernet40
2024-01-01 01:13:01,752 T0018: [D2-V4] config interface shutdown Ethernet40
2024-01-01 01:13:02,472 T0017: [D1-V3] config interface shutdown Ethernet44
2024-01-01 01:13:03,077 T0018: [D2-V4] config interface shutdown Ethernet44
2024-01-01 01:13:03,742 T0017: [D1-V3] config interface shutdown Ethernet72
2024-01-01 01:13:04,344 T0018: [D2-V4] config interface shutdown Ethernet72
2024-01-01 01:13:05,011 T0017: [D1-V3] config interface shutdown Ethernet76
2024-01-01 01:13:05,664 T0018: [D2-V4] config interface shutdown Ethernet76
2024-01-01 01:13:06,331 T0017: [D1-V3] config interface shutdown Ethernet80
2024-01-01 01:13:06,983 T0018: [D2-V4] config interface shutdown Ethernet80
2024-01-01 01:13:07,650 T0017: [D1-V3] config interface shutdown Ethernet84
2024-01-01 01:13:08,249 T0018: [D2-V4] config interface shutdown Ethernet84
2024-01-01 01:13:08,922 T0017: [D1-V3] config interface shutdown Ethernet88
2024-01-01 01:13:09,567 T0018: [D2-V4] config interface shutdown Ethernet88
2024-01-01 01:13:10,188 T0017: [D1-V3] config interface shutdown Ethernet92
2024-01-01 01:13:10,937 T0018: [D2-V4] config interface shutdown Ethernet92
2024-01-01 01:13:11,457 T0017: [D1-V3] config interface shutdown Ethernet96
2024-01-01 01:13:12,308 T0018: [D2-V4] config interface shutdown Ethernet96
2024-01-01 01:13:12,728 T0017: [D1-V3] config interface shutdown Ethernet100
2024-01-01 01:13:13,629 T0018: [D2-V4] config interface shutdown Ethernet100
2024-01-01 01:13:13,997 T0017: [D1-V3] config interface shutdown Ethernet104
2024-01-01 01:13:14,897 T0018: [D2-V4] config interface shutdown Ethernet104
2024-01-01 01:13:15,266 T0017: [D1-V3] config interface shutdown Ethernet108
2024-01-01 01:13:16,168 T0018: [D2-V4] config interface shutdown Ethernet108
2024-01-01 01:13:16,586 T0017: [D1-V3] config interface shutdown Ethernet112
2024-01-01 01:13:17,439 T0018: [D2-V4] config interface shutdown Ethernet112
2024-01-01 01:13:17,855 T0017: [D1-V3] config interface shutdown Ethernet116
2024-01-01 01:13:18,711 T0018: [D2-V4] config interface shutdown Ethernet116
2024-01-01 01:13:19,127 T0017: [D1-V3] config interface shutdown Ethernet120
2024-01-01 01:13:19,981 T0018: [D2-V4] config interface shutdown Ethernet120
2024-01-01 01:13:20,396 T0017: [D1-V3] config interface shutdown Ethernet124
2024-01-01 01:13:21,253 T0018: [D2-V4] config interface shutdown Ethernet124
2024-01-01 01:13:28,571 T0019: [D1-V3] show version
2024-01-01 01:13:28,576 T0020: [D2-V4] show version
2024-01-01 01:13:30,768 T0020: [D2-V4] cat /var/run/redis/sonic-db/database_config.json
2024-01-01 01:13:31,745 T0019: [D1-V3] cat /var/run/redis/sonic-db/database_config.json
2024-01-01 01:13:32,072 T0020: [D2-V4] /sbin/ifconfig eth0
2024-01-01 01:13:32,438 T0019: [D1-V3] /sbin/ifconfig eth0
2024-01-01 01:13:32,754 T0020: [D2-V4] ls /etc/sonic/bcmsim.cfg
2024-01-01 01:13:33,117 T0019: [D1-V3] ls /etc/sonic/bcmsim.cfg
2024-01-01 01:13:33,797 T0021: [D1-V3] no router bgp
2024-01-01 01:13:33,802 T0022: [D2-V4] no router bgp
2024-01-01 01:13:35,560 T0021: [D1-V3] config feature state sflow enabled
2024-01-01 01:13:35,612 T0022: [D2-V4] config feature state sflow enabled
2024-01-01 01:13:37,807 T0021: [D1-V3] config feature state nat enabled
2024-01-01 01:13:37,862 T0022: [D2-V4] config feature state nat enabled
2024-01-01 01:13:42,325 T0025: [D1-V3] config save /tmp/config-db-V3-post-session-prolog-session.json -y
2024-01-01 01:13:42,330 T0026: [D2-V4] config save /tmp/config-db-V4-post-session-prolog-session.json -y
2024-01-01 01:13:44,008 T0025: [D1-V3] chmod 777 /tmp/config-db-V3-post-session-prolog-session.json
2024-01-01 01:13:44,062 T0026: [D2-V4] chmod 777 /tmp/config-db-V4-post-session-prolog-session.json
2024-01-01 01:13:45,482 T0025: [D1-V3] /sbin/ip link set dev eth0 up
2024-01-01 01:13:45,533 T0026: [D2-V4] /sbin/ip link set dev eth0 up
2024-01-01 01:13:46,148 T0025: [D1-V3] /sbin/ip route list dev eth0
2024-01-01 01:13:46,201 T0026: [D2-V4] /sbin/ip route list dev eth0
2024-01-01 01:13:54,698 T0026: [D2-V4] sudo vtysh -c 'show running-config' > /tmp/vtysh-runcfg-V4-post-session-prolog-session.txt
2024-01-01 01:13:54,736 T0025: [D1-V3] sudo vtysh -c 'show running-config' > /tmp/vtysh-runcfg-V3-post-session-prolog-session.txt
2024-01-01 01:13:55,566 T0026: [D2-V4] chmod 777 /tmp/vtysh-runcfg-V4-post-session-prolog-session.txt
2024-01-01 01:13:55,603 T0025: [D1-V3] chmod 777 /tmp/vtysh-runcfg-V3-post-session-prolog-session.txt
2024-01-01 01:13:57,040 T0026: [D2-V4] /sbin/ip link set dev eth0 up
2024-01-01 01:13:57,078 T0025: [D1-V3] /sbin/ip link set dev eth0 up
2024-01-01 01:13:57,707 T0026: [D2-V4] /sbin/ip route list dev eth0
2024-01-01 01:13:57,741 T0025: [D1-V3] /sbin/ip route list dev eth0
2024-01-01 01:14:07,068 T0000: 
================== Framework Module Hook: batch/test_spytest_infra_1.py ==================
2024-01-01 01:14:07,095 T0049: [D1-V3] sudo show interfaces status Ethernet124
2024-01-01 01:14:07,101 T0050: [D2-V4] sudo show interfaces status Ethernet124
2024-01-01 01:14:09,609 T0052: [D1-V3] sudo show interfaces status
2024-01-01 01:14:09,612 T0053: [D2-V4] sudo show interfaces status
2024-01-01 01:14:11,504 T0000: 
================== Framework Module Hook Finish: batch/test_spytest_infra_1.py ==================
2024-01-01 01:14:11,505 T0000: 
================== Framework Function Hook: batch/test_spytest_infra_1.py::test_spytest_infra_first ==================
2024-01-01 01:14:15,797 T0057: [D1-V3] sudo show interfaces status
2024-01-01 01:14:15,799 T0058: [D2-V4] sudo show interfaces status
2024-01-01 01:14:17,710 T0059: [D1-V3] sudo show interfaces status Ethernet124
2024-01-01 01:14:17,716 T0060: [D2-V4] sudo show interfaces status Ethernet124
2024-01-01 01:14:21,019 T0000: 
================== Framework Function Hook Finish: batch/test_spytest_infra_1.py::test_spytest_infra_first ==================
2024-01-01 01:14:21,020 T0000: 
================== Test Execution: batch/test_spytest_infra_1.py::test_spytest_infra_first ==================
2024-01-01 01:14:21,044 T0000: 
================== Framework Function Hook Finalize: batch/test_spytest_infra_1.py::test_spytest_infra_first ==================
2024-01-01 01:14:21,210 T0000: 
================== Framework Function Hook: batch/test_spytest_infra_1.py::test_spytest_infra_second ==================
2024-01-01 01:14:21,234 T0062: [D1-V3] sudo show interfaces status
2024-01-01 01:14:21,236 T0063: [D2-V4] sudo show interfaces status
2024-01-01 01:14:23,180 T0064: [D1-V3] sudo show interfaces status Ethernet124
2024-01-01 01:14:23,188 T0065: [D2-V4] sudo show interfaces status Ethernet124
2024-01-01 01:14:26,480 T0000: 
================== Framework Function Hook Finish: batch/test_spytest_infra_1.py::test_spytest_infra_second ==================
2024-01-01 01:14:26,482 T0000: 
================== Test Execution: batch/test_spytest_infra_1.py::test_spytest_infra_second ==================
2024-01-01 01:14:26,508 T0000: 
================== Framework Function Hook Finalize: batch/test_spytest_infra_1.py::test_spytest_infra_second ==================
2024-01-01 01:14:26,514 T0066: [D1-V3] sudo show interfaces status Ethernet124
2024-01-01 01:14:26,522 T0067: [D2-V4] sudo show interfaces status Ethernet124
2024-01-01 01:14:29,100 T0000: 
================== Framework Module Hook Finalize: batch/test_spytest_infra_1.py Pass: 2/2 ==================
2024-01-01 01:14:29,101 T0000: 
================== Devices used: batch/test_spytest_infra_1.py 2 ['V3', 'V4'] ==================
2024-01-01 01:14:29,931 T0000: 
================== Framework Module Hook: switching/test_portchannel.py ==================
2024-01-01 01:14:29,952 T0074: [D1-V3] sudo show interfaces status Ethernet124
2024-01-01 01:14:29,960 T0075: [D2-V4] sudo show interfaces status Ethernet124
2024-01-01 01:14:32,393 T0077: [D1-V3] sudo show interfaces status
2024-01-01 01:14:32,395 T0078: [D2-V4] sudo show interfaces status
2024-01-01 01:14:34,239 T0079: [D1-V3] config save /tmp/config-db-V3-pre-module-prolog-switching-test_portchannel.py.json -y
2024-01-01 01:14:34,241 T0080: [D2-V4] config save /tmp/config-db-V4-pre-module-prolog-switching-test_portchannel.py.json -y
2024-01-01 01:14:35,981 T0080: [D2-V4] chmod 777 /tmp/config-db-V4-pre-module-prolog-switching-test_portchannel.py.json
2024-01-01 01:14:35,990 T0079: [D1-V3] chmod 777 /tmp/config-db-V3-pre-module-prolog-switching-test_portchannel.py.json
2024-01-01 01:14:37,456 T0080: [D2-V4] /sbin/ip link set dev eth0 up
2024-01-01 01:14:37,461 T0079: [D1-V3] /sbin/ip link set dev eth0 up
2024-01-01 01:14:38,121 T0080: [D2-V4] /sbin/ip route list dev eth0
2024-01-01 01:14:38,130 T0079: [D1-V3] /sbin/ip route list dev eth0
2024-01-01 01:14:46,596 T0080: [D2-V4] sudo vtysh -c 'show running-config' > /tmp/vtysh-runcfg-V4-pre-module-prolog-switching-test_portchannel.py.txt
2024-01-01 01:14:46,602 T0079: [D1-V3] sudo vtysh -c 'show running-config' > /tmp/vtysh-runcfg-V3-pre-module-prolog-switching-test_portchannel.py.txt
2024-01-01 01:14:47,476 T0079: [D1-V3] chmod 777 /tmp/vtysh-runcfg-V3-pre-module-prolog-switching-test_portchannel.py.txt
2024-01-01 01:14:47,483 T0080: [D2-V4] chmod 777 /tmp/vtysh-runcfg-V4-pre-module-prolog-switching-test_portchannel.py.txt
2024-01-01 01:14:48,977 T0080: [D2-V4] /sbin/ip link set dev eth0 up
2024-01-01 01:14:48,978 T0079: [D1-V3] /sbin/ip link set dev eth0 up
2024-01-01 01:14:49,659 T0080: [D2-V4] /sbin/ip route list dev eth0
2024-01-01 01:14:49,669 T0079: [D1-V3] /sbin/ip route list dev eth0
2024-01-01 01:14:58,157 T0000: 
================== Framework Module Hook Finish: switching/test_portchannel.py ==================
2024-01-01 01:14:58,158 T0000: 
================== Module Hook: switching/test_portchannel.py portchannel_module_hooks ==================
2024-01-01 01:14:58,174 T0000: [D1-V3] /sbin/ifconfig Ethernet0
2024-01-01 01:14:58,908 T0098: [D1-V3] config portchannel add PortChannel7  
2024-01-01 01:14:58,912 T0099: [D2-V4] config portchannel add PortChannel7  
2024-01-01 01:15:00,197 T0098: [D1-V3] config portchannel member add PortChannel7 Ethernet48
2024-01-01 01:15:00,199 T0099: [D2-V4] config portchannel member add PortChannel7 Ethernet48
2024-01-01 01:15:01,523 T0098: [D1-V3] config portchannel member add PortChannel7 Ethernet52
2024-01-01 01:15:01,531 T0099: [D2-V4] config portchannel member add PortChannel7 Ethernet52
2024-01-01 01:15:02,795 T0098: [D1-V3] config portchannel member add PortChannel7 Ethernet56
2024-01-01 01:15:02,848 T0099: [D2-V4] config portchannel member add PortChannel7 Ethernet56
2024-01-01 01:15:04,014 T0098: [D1-V3] config portchannel member add PortChannel7 Ethernet60
2024-01-01 01:15:04,120 T0099: [D2-V4] config portchannel member add PortChannel7 Ethernet60
2024-01-01 01:15:05,442 T0100: [D1-V3] ['config vlan add 2037']
2024-01-01 01:15:05,444 T0101: [D2-V4] ['config vlan add 2037']
2024-01-01 01:15:06,777 T0102: [D1-V3] config vlan member add 2037 Ethernet0
2024-01-01 01:15:06,782 T0103: [D2-V4] config vlan member add 2037 Ethernet0
2024-01-01 01:15:08,059 T0103: [D2-V4] config vlan member add 2037 PortChannel7
2024-01-01 01:15:08,108 T0102: [D1-V3] config vlan member add 2037 PortChannel7
2024-01-01 01:15:17,700 T0000: 
================== Module Hook Finish: switching/test_portchannel.py portchannel_module_hooks ==================
2024-01-01 01:15:17,702 T0000: 
================== Framework Function Hook: switching/test_portchannel.py::test_ft_portchannel_with_vlan_variations ==================
2024-01-01 01:15:17,708 T0104: [D1-V3] config save /tmp/config-db-V3-post-module-prolog-switching-test_portchannel.py.json -y
2024-01-01 01:15:17,712 T0105: [D2-V4] config save /tmp/config-db-V4-post-module-prolog-switching-test_portchannel.py.json -y
2024-01-01 01:15:19,496 T0105: [D2-V4] chmod 777 /tmp/config-db-V4-post-module-prolog-switching-test_portchannel.py.json
2024-01-01 01:15:19,504 T0104: [D1-V3] chmod 777 /tmp/config-db-V3-post-module-prolog-switching-test_portchannel.py.json
2024-01-01 01:15:20,979 T0105: [D2-V4] /sbin/ip link set dev eth0 up
2024-01-01 01:15:20,984 T0104: [D1-V3] /sbin/ip link set dev eth0 up
2024-01-01 01:15:21,647 T0105: [D2-V4] /sbin/ip route list dev eth0
2024-01-01 01:15:21,655 T0104: [D1-V3] /sbin/ip route list dev eth0
2024-01-01 01:15:30,145 T0104: [D1-V3] sudo vtysh -c 'show running-config' > /tmp/vtysh-runcfg-V3-post-module-prolog-switching-test_portchannel.py.txt
2024-01-01 01:15:30,152 T0105: [D2-V4] sudo vtysh -c 'show running-config' > /tmp/vtysh-runcfg-V4-post-module-prolog-switching-test_portchannel.py.txt
2024-01-01 01:15:31,024 T0104: [D1-V3] chmod 777 /tmp/vtysh-runcfg-V3-post-module-prolog-switching-test_portchannel.py.txt
2024-01-01 01:15:31,031 T0105: [D2-V4] chmod 777 /tmp/vtysh-runcfg-V4-post-module-prolog-switching-test_portchannel.py.txt
2024-01-01 01:15:32,511 T0104: [D1-V3] /sbin/ip link set dev eth0 up
2024-01-01 01:15:32,518 T0105: [D2-V4] /sbin/ip link set dev eth0 up
2024-01-01 01:15:33,181 T0104: [D1-V3] /sbin/ip route list dev eth0
2024-01-01 01:15:33,189 T0105: [D2-V4] /sbin/ip route list dev eth0
2024-01-01 01:15:45,960 T0125: [D1-V3] sudo show interfaces status
2024-01-01 01:15:45,962 T0126: [D2-V4] sudo show interfaces status
2024-01-01 01:15:47,963 T0127: [D1-V3] sudo show interfaces status Ethernet124
2024-01-01 01:15:47,967 T0128: [D2-V4] sudo show interfaces status Ethernet124
2024-01-01 01:15:51,312 T0000: 
================== Framework Function Hook Finish: switching/test_portchannel.py::test_ft_portchannel_with_vlan_variations ==================
2024-01-01 01:15:51,313 T0000: 
================== Function Hook: switching/test_portchannel.py portchannel_func_hooks ==================
2024-01-01 01:15:53,329 T0131: [D1-V3] config portchannel member del PortChannel7 Ethernet56
2024-01-01 01:15:53,337 T0132: [D2-V4] config portchannel member del PortChannel7 Ethernet56
2024-01-01 01:15:54,659 T0131: [D1-V3] config portchannel member del PortChannel7 Ethernet60
2024-01-01 01:15:54,710 T0132: [D2-V4] config portchannel member del PortChannel7 Ethernet60
2024-01-01 01:15:56,042 T0000: 
================== Function Hook Finish: switching/test_portchannel.py portchannel_func_hooks ==================
2024-01-01 01:15:56,043 T0000: 
================== Test Execution: switching/test_portchannel.py::test_ft_portchannel_with_vlan_variations ==================
2024-01-01 01:15:58,057 T0135: [D1-V3] show interfaces portchannel | grep -w PortChannel7
2024-01-01 01:15:58,062 T0136: [D2-V4] show interfaces portchannel | grep -w PortChannel7
2024-01-01 01:15:59,358 T0137: [D1-V3] config portchannel add PortChannel8  
2024-01-01 01:15:59,363 T0138: [D2-V4] config portchannel add PortChannel8  
2024-01-01 01:16:00,636 T0138: [D2-V4] config portchannel member add PortChannel8 Ethernet56
2024-01-01 01:16:00,642 T0137: [D1-V3] config portchannel member add PortChannel8 Ethernet56
2024-01-01 01:16:01,963 T0138: [D2-V4] config portchannel member add PortChannel8 Ethernet60
2024-01-01 01:16:01,968 T0137: [D1-V3] config portchannel member add PortChannel8 Ethernet60
2024-01-01 01:16:05,309 T0139: [D1-V3] show interfaces portchannel | grep -w PortChannel8
2024-01-01 01:16:05,313 T0140: [D2-V4] show interfaces portchannel | grep -w PortChannel8
2024-01-01 01:16:06,601 T0000: [D1-V3] ['config vlan add 3609']
2024-01-01 01:16:07,923 T0000: [D1-V3] config vlan member add 3609 PortChannel8
2024-01-01 01:16:09,224 T0000: [D2-V4] ['config vlan add 3609']
2024-01-01 01:16:10,535 T0000: [D2-V4] config vlan member add 3609 PortChannel8
2024-01-01 01:16:13,854 T0141: [D1-V3] show interfaces portchannel | grep -w PortChannel8
2024-01-01 01:16:13,857 T0142: [D2-V4] show interfaces portchannel | grep -w PortChannel8
2024-01-01 01:16:15,159 T0143: [D1-V3] config vlan member del 3609 PortChannel8
2024-01-01 01:16:15,164 T0144: [D2-V4] config vlan member del 3609 PortChannel8
2024-01-01 01:16:16,498 T0145: [D1-V3] show vlan config
2024-01-01 01:16:16,503 T0146: [D2-V4] show vlan config
2024-01-01 01:16:17,793 T0146: [D2-V4] ['config vlan del 3609']
2024-01-01 01:16:17,795 T0145: [D1-V3] ['config vlan del 3609']
2024-01-01 01:16:19,069 T0145: [D1-V3] show vlan config
2024-01-01 01:16:19,116 T0146: [D2-V4] show vlan config
2024-01-01 01:16:20,408 T0147: [D1-V3] config portchannel member del PortChannel8 Ethernet56
2024-01-01 01:16:20,410 T0148: [D2-V4] config portchannel member del PortChannel8 Ethernet56
2024-01-01 01:16:21,732 T0147: [D1-V3] config portchannel member del PortChannel8 Ethernet60
2024-01-01 01:16:21,738 T0148: [D2-V4] config portchannel member del PortChannel8 Ethernet60
2024-01-01 01:16:23,009 T0148: [D2-V4] ['config portchannel del PortChannel8']
2024-01-01 01:16:23,056 T0147: [D1-V3] ['config portchannel del PortChannel8']
2024-01-01 01:16:24,277 T0148: [D2-V4] show interfaces portchannel | grep -w PortChannel8
2024-01-01 01:16:24,327 T0147: [D1-V3] show interfaces portchannel | grep -w PortChannel8
2024-01-01 01:16:25,627 T0151: [D1-V3] config portchannel member add PortChannel7 Ethernet56
2024-01-01 01:16:25,632 T0152: [D2-V4] config portchannel member add PortChannel7 Ethernet56
2024-01-01 01:16:26,906 T0151: [D1-V3] config portchannel member add PortChannel7 Ethernet60
2024-01-01 01:16:26,912 T0152: [D2-V4] config portchannel member add PortChannel7 Ethernet60
2024-01-01 01:16:28,237 T0000: 
================== Function Hook Finalize: switching/test_portchannel.py portchannel_func_hooks ==================
2024-01-01 01:16:28,274 T0000: 
================== Framework Function Hook Finalize: switching/test_portchannel.py::test_ft_portchannel_with_vlan_variations ==================
2024-01-01 01:16:28,276 T0000: 
================== Framework Function Hook: switching/test_portchannel.py::test_ft_verify_min_links_functionality_by_flapping_all_member_ports_007 ==================
2024-01-01 01:16:28,292 T0156: [D1-V3] sudo show interfaces status
2024-01-01 01:16:28,294 T0157: [D2-V4] sudo show interfaces status
2024-01-01 01:16:30,296 T0158: [D1-V3] sudo show interfaces status Ethernet124
2024-01-01 01:16:30,303 T0159: [D2-V4] sudo show interfaces status Ethernet124
2024-01-01 01:16:33,660 T0000: 
================== Framework Function Hook Finish: switching/test_portchannel.py::test_ft_verify_min_links_functionality_by_flapping_all_member_ports_007 ==================
2024-01-01 01:16:33,661 T0000: 
================== Function Hook: switching/test_portchannel.py portchannel_func_hooks ==================
2024-01-01 01:16:35,678 T0162: [D1-V3] show interfaces portchannel
2024-01-01 01:16:35,684 T0163: [D2-V4] show interfaces portchannel
2024-01-01 01:16:36,991 T0000: 
================== Function Hook Finish: switching/test_portchannel.py portchannel_func_hooks ==================
2024-01-01 01:16:36,992 T0000: 
================== Test Execution: switching/test_portchannel.py::test_ft_verify_min_links_functionality_by_flapping_all_member_ports_007 ==================
2024-01-01 01:16:36,996 T0166: [D1-V3] config portchannel add PortChannel7  --min-links 4
2024-01-01 01:16:37,000 T0167: [D2-V4] config portchannel add PortChannel7  --min-links 4
2024-01-01 01:16:38,335 T0168: [D1-V3] show interfaces portchannel
2024-01-01 01:16:38,339 T0169: [D2-V4] show interfaces portchannel
2024-01-01 01:16:39,657 T0000: [D1-V3] config portchannel member del PortChannel7 Ethernet48
2024-01-01 01:16:40,965 T0000: [D1-V3] config portchannel member del PortChannel7 Ethernet52
2024-01-01 01:16:42,271 T0000: [D1-V3] config portchannel member del PortChannel7 Ethernet56
2024-01-01 01:16:43,576 T0000: [D1-V3] config portchannel member del PortChannel7 Ethernet60
2024-01-01 01:16:44,895 T0000: [D1-V3] config portchannel member add PortChannel7 Ethernet48
2024-01-01 01:16:46,213 T0000: [D1-V3] config portchannel member add PortChannel7 Ethernet52
2024-01-01 01:16:47,517 T0000: [D1-V3] config portchannel member add PortChannel7 Ethernet56
2024-01-01 01:16:48,819 T0000: [D1-V3] config portchannel member add PortChannel7 Ethernet60
2024-01-01 01:16:50,129 T0170: [D1-V3] show interfaces portchannel
2024-01-01 01:16:50,134 T0171: [D2-V4] show interfaces portchannel
2024-01-01 01:16:51,458 T0174: [D1-V3] config portchannel add PortChannel7  --min-links True
2024-01-01 01:16:51,460 T0175: [D2-V4] config portchannel add PortChannel7  --min-links True
2024-01-01 01:16:52,795 T0000: 
================== Function Hook Finalize: switching/test_portchannel.py portchannel_func_hooks ==================
2024-01-01 01:16:52,845 T0000: 
================== Framework Function Hook Finalize: switching/test_portchannel.py::test_ft_verify_min_links_functionality_by_flapping_all_member_ports_007 ==================
2024-01-01 01:16:52,851 T0178: [D1-V3] config save /tmp/config-db-V3-pre-module-epilog-switching-test_portchannel.py.json -y
2024-01-01 01:16:52,856 T0179: [D2-V4] config save /tmp/config-db-V4-pre-module-epilog-switching-test_portchannel.py.json -y
2024-01-01 01:16:54,593 T0179: [D2-V4] chmod 777 /tmp/config-db-V4-pre-module-epilog-switching-test_portchannel.py.json
2024-01-01 01:16:54,639 T0178: [D1-V3] chmod 777 /tmp/config-db-V3-pre-module-epilog-switching-test_portchannel.py.json
2024-01-01 01:16:56,069 T0179: [D2-V4] /sbin/ip link set dev eth0 up
2024-01-01 01:16:56,112 T0178: [D1-V3] /sbin/ip link set dev eth0 up
2024-01-01 01:16:56,738 T0179: [D2-V4] /sbin/ip route list dev eth0
2024-01-01 01:16:56,779 T0178: [D1-V3] /sbin/ip route list dev eth0
2024-01-01 01:17:05,183 T0179: [D2-V4] sudo vtysh -c 'show running-config' > /tmp/vtysh-runcfg-V4-pre-module-epilog-switching-test_portchannel.py.txt
2024-01-01 01:17:05,255 T0178: [D1-V3] sudo vtysh -c 'show running-config' > /tmp/vtysh-runcfg-V3-pre-module-epilog-switching-test_portchannel.py.txt
2024-01-01 01:17:06,053 T0179: [D2-V4] chmod 777 /tmp/vtysh-runcfg-V4-pre-module-epilog-switching-test_portchannel.py.txt
2024-01-01 01:17:06,121 T0178: [D1-V3] chmod 777 /tmp/vtysh-runcfg-V3-pre-module-epilog-switching-test_portchannel.py.txt
2024-01-01 01:17:07,530 T0179: [D2-V4] /sbin/ip link set dev eth0 up
2024-01-01 01:17:07,596 T0178: [D1-V3] /sbin/ip link set dev eth0 up
2024-01-01 01:17:08,201 T0179: [D2-V4] /sbin/ip route list dev eth0
2024-01-01 01:17:08,264 T0178: [D1-V3] /sbin/ip route list dev eth0
2024-01-01 01:17:16,756 T0196: [D1-V3] show vlan config
2024-01-01 01:17:16,760 T0197: [D2-V4] show vlan config
2024-01-01 01:17:18,090 T0196: [D1-V3] []
2024-01-01 01:17:18,245 T0197: [D2-V4] []
2024-01-01 01:17:18,251 T0198: [D1-V3] show interfaces portchannel
2024-01-01 01:17:18,255 T0199: [D2-V4] show interfaces portchannel
2024-01-01 01:17:19,550 T0198: [D1-V3] show interfaces portchannel | grep -w PortChannel7
2024-01-01 01:17:19,553 T0199: [D2-V4] show interfaces portchannel | grep -w PortChannel7
2024-01-01 01:17:20,831 T0198: [D1-V3] config portchannel member del PortChannel7 Ethernet48
2024-01-01 01:17:20,933 T0199: [D2-V4] config portchannel member del PortChannel7 Ethernet60
2024-01-01 01:17:22,147 T0198: [D1-V3] config portchannel member del PortChannel7 Ethernet52
2024-01-01 01:17:22,254 T0199: [D2-V4] config portchannel member del PortChannel7 Ethernet48
2024-01-01 01:17:23,414 T0198: [D1-V3] config portchannel member del PortChannel7 Ethernet60
2024-01-01 01:17:23,525 T0199: [D2-V4] config portchannel member del PortChannel7 Ethernet52
2024-01-01 01:17:24,683 T0198: [D1-V3] config portchannel member del PortChannel7 Ethernet56
2024-01-01 01:17:24,844 T0199: [D2-V4] config portchannel member del PortChannel7 Ethernet56
2024-01-01 01:17:26,005 T0198: [D1-V3] ['config portchannel del PortChannel7']
2024-01-01 01:17:26,216 T0199: [D2-V4] ['config portchannel del PortChannel7']
2024-01-01 01:17:27,497 T0000: 
================== Module Hook Finalize: switching/test_portchannel.py portchannel_module_hooks ==================
2024-01-01 01:17:27,506 T0200: [D1-V3] config save /tmp/config-db-V3-post-module-epilog-switching-test_portchannel.py.json -y
2024-01-01 01:17:27,511 T0201: [D2-V4] config save /tmp/config-db-V4-post-module-epilog-switching-test_portchannel.py.json -y
2024-01-01 01:17:29,236 T0200: [D1-V3] chmod 777 /tmp/config-db-V3-post-module-epilog-switching-test_portchannel.py.json
2024-01-01 01:17:29,245 T0201: [D2-V4] chmod 777 /tmp/config-db-V4-post-module-epilog-switching-test_portchannel.py.json
2024-01-01 01:17:30,711 T0200: [D1-V3] /sbin/ip link set dev eth0 up
2024-01-01 01:17:30,713 T0201: [D2-V4] /sbin/ip link set dev eth0 up
2024-01-01 01:17:31,390 T0201: [D2-V4] /sbin/ip route list dev eth0
2024-01-01 01:17:31,399 T0200: [D1-V3] /sbin/ip route list dev eth0
2024-01-01 01:17:39,866 T0201: [D2-V4] sudo vtysh -c 'show running-config' > /tmp/vtysh-runcfg-V4-post-module-epilog-switching-test_portchannel.py.txt
2024-01-01 01:17:39,884 T0200: [D1-V3] sudo vtysh -c 'show running-config' > /tmp/vtysh-runcfg-V3-post-module-epilog-switching-test_portchannel.py.txt
2024-01-01 01:17:40,731 T0201: [D2-V4] chmod 777 /tmp/vtysh-runcfg-V4-post-module-epilog-switching-test_portchannel.py.txt
2024-01-01 01:17:40,748 T0200: [D1-V3] chmod 777 /tmp/vtysh-runcfg-V3-post-module-epilog-switching-test_portchannel.py.txt
2024-01-01 01:17:42,204 T0201: [D2-V4] /sbin/ip link set dev eth0 up
2024-01-01 01:17:42,221 T0200: [D1-V3] /sbin/ip link set dev eth0 up
2024-01-01 01:17:42,870 T0201: [D2-V4] /sbin/ip route list dev eth0
2024-01-01 01:17:42,887 T0200: [D1-V3] /sbin/ip route list dev eth0
2024-01-01 01:17:51,400 T0218: [D1-V3] sudo show interfaces status Ethernet124
2024-01-01 01:17:51,407 T0219: [D2-V4] sudo show interfaces status Ethernet124
2024-01-01 01:17:54,215 T0000: 
================== Framework Module Hook Finalize: switching/test_portchannel.py Pass: 2/2 ==================
2024-01-01 01:17:54,215 T0000: 
================== Devices used: switching/test_portchannel.py 2 ['V3', 'V4'] ==================
2024-01-01 01:17:55,247 T0000: 
================== Framework Module Hook: batch/test_spytest_infra_1.py ==================
2024-01-01 01:17:55,311 T0226: [D1-V3] no router bgp
2024-01-01 01:17:55,317 T0227: [D2-V4] no router bgp
2024-01-01 01:17:57,092 T0226: [D1-V3] config feature state sflow enabled
2024-01-01 01:17:57,100 T0227: [D2-V4] config feature state sflow enabled
2024-01-01 01:17:59,295 T0226: [D1-V3] config feature state nat enabled
2024-01-01 01:17:59,347 T0227: [D2-V4] config feature state nat enabled
2024-01-01 01:18:52,958 T0227: [D2-V4] /sbin/ip link set dev eth0 up
2024-01-01 01:18:53,625 T0227: [D2-V4] /sbin/ip route list dev eth0
2024-01-01 01:18:54,306 T0227: [D2-V4] sudo show interfaces status Ethernet124
2024-01-01 01:18:55,270 T0226: [D1-V3] /sbin/ip link set dev eth0 up
2024-01-01 01:18:55,934 T0226: [D1-V3] /sbin/ip route list dev eth0
2024-01-01 01:18:56,611 T0226: [D1-V3] sudo show interfaces status Ethernet124
2024-01-01 01:18:59,116 T0229: [D1-V3] sudo show interfaces status
2024-01-01 01:18:59,119 T0230: [D2-V4] sudo show interfaces status
2024-01-01 01:19:06,076 T0232: [D1-V3] sudo show interfaces status
2024-01-01 01:19:06,078 T0233: [D2-V4] sudo show interfaces status
2024-01-01 01:19:13,176 T0235: [D1-V3] sudo show interfaces status
2024-01-01 01:19:13,178 T0236: [D2-V4] sudo show interfaces status
2024-01-01 01:19:20,186 T0238: [D1-V3] sudo show interfaces status
2024-01-01 01:19:20,188 T0239: [D2-V4] sudo show interfaces status
2024-01-01 01:19:22,195 T0000: 
================== Framework Module Hook Finish: batch/test_spytest_infra_1.py ==================
2024-01-01 01:19:22,195 T0000: 
================== Framework Function Hook: batch/test_spytest_infra_1.py::test_spytest_infra_last ==================
2024-01-01 01:19:26,491 T0243: [D1-V3] sudo show interfaces status
2024-01-01 01:19:26,493 T0244: [D2-V4] sudo show interfaces status
2024-01-01 01:19:28,442 T0245: [D1-V3] sudo show interfaces status Ethernet124
2024-01-01 01:19:28,449 T0246: [D2-V4] sudo show interfaces status Ethernet124
2024-01-01 01:19:31,800 T0000: 
================== Framework Function Hook Finish: batch/test_spytest_infra_1.py::test_spytest_infra_last ==================
2024-01-01 01:19:31,802 T0000: 
================== Test Execution: batch/test_spytest_infra_1.py::test_spytest_infra_last ==================
2024-01-01 01:19:31,829 T0000: 
================== Framework Function Hook Finalize: batch/test_spytest_infra_1.py::test_spytest_infra_last ==================
2024-01-01 01:19:31,836 T0247: [D1-V3] sudo show interfaces status Ethernet124
2024-01-01 01:19:31,844 T0248: [D2-V4] sudo show interfaces status Ethernet124
2024-01-01 01:19:34,520 T0000: 
================== Framework Module Hook Finalize: batch/test_spytest_infra_1.py Pass: 1/1 ==================
2024-01-01 01:19:34,520 T0000: 
================== Devices used: batch/test_spytest_infra_1.py 2 ['V3', 'V4'] ==================
2024-01-01 01:19:35,347 T0000: 
================== Framework Module Hook: system/test_ssh.py ==================
2024-01-01 01:19:35,373 T0255: [D1-V3] no router bgp
2024-01-01 01:19:35,378 T0256: [D2-V4] no router bgp
2024-01-01 01:19:37,202 T0255: [D1-V3] config feature state sflow enabled
2024-01-01 01:19:37,209 T0256: [D2-V4] config feature state sflow enabled
2024-01-01 01:19:39,454 T0255: [D1-V3] config feature state nat enabled
2024-01-01 01:19:39,461 T0256: [D2-V4] config feature state nat enabled
2024-01-01 01:21:34,345 T0255: [D1-V3] /sbin/ip link set dev eth0 up
2024-01-01 01:21:34,399 T0256: [D2-V4] /sbin/ip link set dev eth0 up
2024-01-01 01:21:35,013 T0255: [D1-V3] /sbin/ip route list dev eth0
2024-01-01 01:21:35,067 T0256: [D2-V4] /sbin/ip route list dev eth0
2024-01-01 01:21:35,691 T0255: [D1-V3] sudo show interfaces status Ethernet124
2024-01-01 01:21:35,745 T0256: [D2-V4] sudo show interfaces status Ethernet124
2024-01-01 01:21:38,458 T0258: [D1-V3] sudo show interfaces status
2024-01-01 01:21:38,461 T0259: [D2-V4] sudo show interfaces status
2024-01-01 01:21:45,468 T0261: [D1-V3] sudo show interfaces status
2024-01-01 01:21:45,471 T0262: [D2-V4] sudo show interfaces status
2024-01-01 01:21:52,732 T0264: [D1-V3] sudo show interfaces status
2024-01-01 01:21:52,735 T0265: [D2-V4] sudo show interfaces status
2024-01-01 01:21:59,995 T0267: [D1-V3] sudo show interfaces status
2024-01-01 01:21:59,997 T0268: [D2-V4] sudo show interfaces status
2024-01-01 01:22:01,898 T0269: [D1-V3] config save /tmp/config-db-V3-pre-module-prolog-system-test_ssh.py.json -y
2024-01-01 01:22:01,902 T0270: [D2-V4] config save /tmp/config-db-V4-pre-module-prolog-system-test_ssh.py.json -y
2024-01-01 01:22:03,634 T0269: [D1-V3] chmod 777 /tmp/config-db-V3-pre-module-prolog-system-test_ssh.py.json
2024-01-01 01:22:03,643 T0270: [D2-V4] chmod 777 /tmp/config-db-V4-pre-module-prolog-system-test_ssh.py.json
2024-01-01 01:22:05,113 T0269: [D1-V3] /sbin/ip link set dev eth0 up
2024-01-01 01:22:05,118 T0270: [D2-V4] /sbin/ip link set dev eth0 up
2024-01-01 01:22:05,782 T0269: [D1-V3] /sbin/ip route list dev eth0
2024-01-01 01:22:05,791 T0270: [D2-V4] /sbin/ip route list dev eth0
2024-01-01 01:22:14,269 T0270: [D2-V4] sudo vtysh -c 'show running-config' > /tmp/vtysh-runcfg-V4-pre-module-prolog-system-test_ssh.py.txt
2024-01-01 01:22:14,295 T0269: [D1-V3] sudo vtysh -c 'show running-config' > /tmp/vtysh-runcfg-V3-pre-module-prolog-system-test_ssh.py.txt
2024-01-01 01:22:15,137 T0270: [D2-V4] chmod 777 /tmp/vtysh-runcfg-V4-pre-module-prolog-system-test_ssh.py.txt
2024-01-01 01:22:15,160 T0269: [D1-V3] chmod 777 /tmp/vtysh-runcfg-V3-pre-module-prolog-system-test_ssh.py.txt
2024-01-01 01:22:16,607 T0270: [D2-V4] /sbin/ip link set dev eth0 up
2024-01-01 01:22:16,631 T0269: [D1-V3] /sbin/ip link set dev eth0 up
2024-01-01 01:22:17,272 T0270: [D2-V4] /sbin/ip route list dev eth0
2024-01-01 01:22:17,297 T0269: [D1-V3] /sbin/ip route list dev eth0
2024-01-01 01:22:25,776 T0000: 
================== Framework Module Hook Finish: system/test_ssh.py ==================
2024-01-01 01:22:25,777 T0000: 
================== Module Hook: system/test_ssh.py ssh_module_hooks ==================
2024-01-01 01:22:25,778 T0000: [D1-V3] /etc/init.d/ssh start
2024-01-01 01:22:35,667 T0289: [D1-V3] config interface ip add Ethernet48 2.2.2.1/24
2024-01-01 01:22:35,672 T0290: [D2-V4] config interface ip add Ethernet48 2.2.2.2/24
2024-01-01 01:22:37,007 T0291: [D1-V3] config interface ip add Ethernet52 2.2.3.1/24
2024-01-01 01:22:37,012 T0292: [D2-V4] config interface ip add Ethernet52 2.2.3.2/24
2024-01-01 01:22:38,339 T0293: [D1-V3] config interface ip add Ethernet48 1001::1/64
2024-01-01 01:22:38,344 T0294: [D2-V4] config interface ip add Ethernet48 1001::2/64
2024-01-01 01:22:39,676 T0295: [D1-V3] config interface ip add Ethernet52 2001::1/64
2024-01-01 01:22:39,680 T0296: [D2-V4] config interface ip add Ethernet52 2001::2/64
2024-01-01 01:22:40,962 T0000: 
================== Module Hook Finish: system/test_ssh.py ssh_module_hooks ==================
2024-01-01 01:22:40,966 T0000: 
================== Framework Function Hook: system/test_ssh.py::test_ft_ssh_service_disable ==================
2024-01-01 01:22:40,972 T0297: [D1-V3] config save /tmp/config-db-V3-post-module-prolog-system-test_ssh.py.json -y
2024-01-01 01:22:40,978 T0298: [D2-V4] config save /tmp/config-db-V4-post-module-prolog-system-test_ssh.py.json -y
2024-01-01 01:22:42,657 T0297: [D1-V3] chmod 777 /tmp/config-db-V3-post-module-prolog-system-test_ssh.py.json
2024-01-01 01:22:42,666 T0298: [D2-V4] chmod 777 /tmp/config-db-V4-post-module-prolog-system-test_ssh.py.json
2024-01-01 01:22:44,156 T0297: [D1-V3] /sbin/ip link set dev eth0 up
2024-01-01 01:22:44,157 T0298: [D2-V4] /sbin/ip link set dev eth0 up
2024-01-01 01:22:44,834 T0298: [D2-V4] /sbin/ip route list dev eth0
2024-01-01 01:22:44,842 T0297: [D1-V3] /sbin/ip route list dev eth0
2024-01-01 01:22:53,308 T0298: [D2-V4] sudo vtysh -c 'show running-config' > /tmp/vtysh-runcfg-V4-post-module-prolog-system-test_ssh.py.txt
2024-01-01 01:22:53,371 T0297: [D1-V3] sudo vtysh -c 'show running-config' > /tmp/vtysh-runcfg-V3-post-module-prolog-system-test_ssh.py.txt
2024-01-01 01:22:54,175 T0298: [D2-V4] chmod 777 /tmp/vtysh-runcfg-V4-post-module-prolog-system-test_ssh.py.txt
2024-01-01 01:22:54,240 T0297: [D1-V3] chmod 777 /tmp/vtysh-runcfg-V3-post-module-prolog-system-test_ssh.py.txt
2024-01-01 01:22:55,650 T0298: [D2-V4] /sbin/ip link set dev eth0 up
2024-01-01 01:22:55,715 T0297: [D1-V3] /sbin/ip link set dev eth0 up
2024-01-01 01:22:56,318 T0298: [D2-V4] /sbin/ip route list dev eth0
2024-01-01 01:22:56,384 T0297: [D1-V3] /sbin/ip route list dev eth0
2024-01-01 01:23:09,136 T0318: [D1-V3] sudo show interfaces status
2024-01-01 01:23:09,138 T0319: [D2-V4] sudo show interfaces status
2024-01-01 01:23:11,098 T0320: [D1-V3] sudo show interfaces status Ethernet124
2024-01-01 01:23:11,102 T0321: [D2-V4] sudo show interfaces status Ethernet124
2024-01-01 01:23:14,427 T0000: 
================== Framework Function Hook Finish: system/test_ssh.py::test_ft_ssh_service_disable ==================
2024-01-01 01:23:14,429 T0000: 
================== Function Hook: system/test_ssh.py ssh_func_hooks ==================
2024-01-01 01:23:14,441 T0000: 
================== Function Hook Finish: system/test_ssh.py ssh_func_hooks ==================
2024-01-01 01:23:14,443 T0000: 
================== Test Execution: system/test_ssh.py::test_ft_ssh_service_disable ==================
2024-01-01 01:23:14,444 T0000: [D1-V3] /etc/init.d/ssh stop
2024-01-01 01:23:16,383 T0000: [D1-V3] /etc/init.d/ssh start
2024-01-01 01:23:17,245 T0000: 
================== Function Hook Finalize: system/test_ssh.py ssh_func_hooks ==================
2024-01-01 01:23:17,278 T0000: 
================== Framework Function Hook Finalize: system/test_ssh.py::test_ft_ssh_service_disable ==================
2024-01-01 01:23:17,280 T0000: 
================== Framework Function Hook: system/test_ssh.py::test_ft_ssh_add_user_verify ==================
2024-01-01 01:23:17,297 T0331: [D1-V3] sudo show interfaces status
2024-01-01 01:23:17,299 T0332: [D2-V4] sudo show interfaces status
2024-01-01 01:23:19,202 T0333: [D1-V3] sudo show interfaces status Ethernet124
2024-01-01 01:23:19,206 T0334: [D2-V4] sudo show interfaces status Ethernet124
2024-01-01 01:23:22,541 T0000: 
================== Framework Function Hook Finish: system/test_ssh.py::test_ft_ssh_add_user_verify ==================
2024-01-01 01:23:22,542 T0000: 
================== Function Hook: system/test_ssh.py ssh_func_hooks ==================
2024-01-01 01:23:22,550 T0000: 
================== Function Hook Finish: system/test_ssh.py ssh_func_hooks ==================
2024-01-01 01:23:22,551 T0000: 
================== Test Execution: system/test_ssh.py::test_ft_ssh_add_user_verify ==================
2024-01-01 01:23:22,552 T0000: [D1-V3] cat /etc/sonic/snmp.yml
2024-01-01 01:23:23,269 T0000: [D1-V3] sudo sed -i '/^snmp_rocommunity:/ c snmp_rocommunity: test_123' /etc/sonic/snmp.yml
2024-01-01 01:23:24,720 T0000: [D1-V3] sudo sed -i '/^snmp_location:/ c snmp_location: hyderabad' /etc/sonic/snmp.yml
2024-01-01 01:23:26,176 T0000: [D1-V3] cat /etc/sonic/snmp.yml
2024-01-01 01:23:26,893 T0000: [D1-V3] sudo service snmp restart
2024-01-01 01:23:43,639 T0000: [D1-V3] sudo show interfaces status Ethernet124
2024-01-01 01:23:46,222 T0000: [D1-V3] /sbin/ip link set dev eth0 up
2024-01-01 01:23:46,929 T0000: [D1-V3] /sbin/ip route list dev eth0
2024-01-01 01:23:47,651 T0000: [D1-V3] useradd jg7f5cf25ozhdl_qe34-m
2024-01-01 01:23:54,206 T0000: [D1-V3] config save -y
2024-01-01 01:23:55,866 T0000: [D1-V3] do copy running-config startup-config
2024-01-01 01:25:57,276 T0000: [D2-V4] which sshpass
2024-01-01 01:25:57,987 T0000: [D2-V4] sudo apt-get update;sudo apt-get -f install -y sshpass
2024-01-01 01:26:05,937 T0000: [D2-V4] sshpass -p 'YourPaSsWoRd' ssh -o UserKnownHostsFile=/dev/null -o StrictHostKeyChecking=no -o ConnectTimeout=30 admin@2.2.3.1 sudo show vlan config
2024-01-01 01:26:10,637 T0000: [D1-V3] config load -y /tmp/apply_json2.json
2024-01-01 01:26:15,352 T0000: [D1-V3] show acl table
2024-01-01 01:26:17,159 T0000: [D1-V3] show acl rule
2024-01-01 01:26:19,017 T0000: [D1-V3] show acl rule SNMP_SSH
2024-01-01 01:26:20,751 T0000: [D1-V3] show acl rule SNMP_SSH
2024-01-01 01:26:22,534 T0000: [D1-V3] show acl rule V6_SSH_ONLY
2024-01-01 01:26:24,270 T0000: [D1-V3] hostname
2024-01-01 01:26:31,693 T0000: [D2-V4] which sshpass
2024-01-01 01:26:32,397 T0000: [D2-V4] sshpass -p 'YourPaSsWoRd' ssh -o UserKnownHostsFile=/dev/null -o StrictHostKeyChecking=no -o ConnectTimeout=30 admin@2.2.3.1 sudo show vlan config
2024-01-01 01:27:03,161 T0000: [D2-V4] which sshpass
2024-01-01 01:27:03,871 T0000: [D2-V4] sshpass -p 'YourPaSsWoRd' ssh -o UserKnownHostsFile=/dev/null -o StrictHostKeyChecking=no -o ConnectTimeout=30 admin@2001::1 sudo show vlan config
2024-01-01 01:27:34,640 T0000: [D2-V4] which sshpass
2024-01-01 01:27:35,350 T0000: [D2-V4] sshpass -p 'YourPaSsWoRd' ssh -o UserKnownHostsFile=/dev/null -o StrictHostKeyChecking=no -o ConnectTimeout=30 admin@2.2.2.1 sudo show vlan config
2024-01-01 01:27:37,060 T0000: [D2-V4] which sshpass
2024-01-01 01:27:37,767 T0000: [D2-V4] sshpass -p 'YourPaSsWoRd' ssh -o UserKnownHostsFile=/dev/null -o StrictHostKeyChecking=no -o ConnectTimeout=30 admin@1001::1 sudo show vlan config
2024-01-01 01:27:39,474 T0000: [D2-V4] which sshpass
2024-01-01 01:27:40,183 T0000: [D2-V4] sshpass -p 'WyWOUZRjX46' ssh -o UserKnownHostsFile=/dev/null -o StrictHostKeyChecking=no -o ConnectTimeout=30 jg7f5cf25ozhdl_qe34-m@2.2.2.1 sudo show vlan config
2024-01-01 01:27:41,296 T0000: [D2-V4] which sshpass
2024-01-01 01:27:42,006 T0000: [D2-V4] sshpass -p 'WyWOUZRjX46' ssh -o UserKnownHostsFile=/dev/null -o StrictHostKeyChecking=no -o ConnectTimeout=30 jg7f5cf25ozhdl_qe34-m@1001::1 sudo show vlan config
2024-01-01 01:27:43,123 T0000: [D1-V3] config save -y
2024-01-01 01:27:44,832 T0000: [D1-V3] do copy running-config startup-config
2024-01-01 01:27:46,725 T0000: [D1-V3] fast-reboot
2024-01-01 01:30:05,713 T0000: [D1-V3] ['export TMOUT=0', 'stty cols 5000', 'uptime']
2024-01-01 01:30:06,416 T0000: [D1-V3] cat /proc/uptime
2024-01-01 01:30:07,973 T0000: [D1-V3] ['export TMOUT=0', 'stty cols 5000', 'uptime']
2024-01-01 01:30:08,672 T0000: [D1-V3] cat /proc/uptime
2024-01-01 01:30:09,383 T0000: [D1-V3] sudo vtysh -c 'show running-config | include hostname'
2024-01-01 01:30:15,157 T0000: [D1-V3] sudo vtysh -c 'show running-config | include hostname'
2024-01-01 01:30:20,933 T0000: [D1-V3] sudo vtysh -c 'show running-config | include hostname'
2024-01-01 01:30:26,709 T0000: [D1-V3] sudo vtysh -c 'show running-config | include hostname'
2024-01-01 01:30:32,490 T0000: [D1-V3] sudo vtysh -c 'show running-config | include hostname'
2024-01-01 01:30:38,280 T0000: [D1-V3] sudo vtysh -c 'show running-config | include hostname'
2024-01-01 01:30:44,083 T0000: [D1-V3] sudo vtysh -c 'show running-config | include hostname'
2024-01-01 01:30:50,013 T0000: [D1-V3] sudo vtysh -c 'show running-config | include hostname'
2024-01-01 01:30:50,888 T0000: [D1-V3] sudo show interfaces status Ethernet124
2024-01-01 01:30:53,648 T0000: [D1-V3] /sbin/ip link set dev eth0 up
2024-01-01 01:30:54,361 T0000: [D1-V3] /sbin/ip route list dev eth0
2024-01-01 01:30:55,087 T0000: [D1-V3] ['export TMOUT=0', 'stty cols 5000', 'uptime']
2024-01-01 01:30:57,329 T0000: [D1-V3] /sbin/ip link set dev eth0 up
2024-01-01 01:30:58,037 T0000: [D1-V3] /sbin/ip route list dev eth0
2024-01-01 01:30:59,475 T0000: [D1-V3] show acl table
2024-01-01 01:31:01,456 T0000: [D1-V3] show acl rule
2024-01-01 01:31:03,346 T0000: [D1-V3] show acl rule SNMP_SSH
2024-01-01 01:31:05,137 T0000: [D1-V3] show acl rule V6_SSH_ONLY
2024-01-01 01:31:06,873 T0000: [D1-V3] show acl rule SNMP_SSH
2024-01-01 01:31:08,728 T0000: [D1-V3] ping -4 127.0.0.1 -c 3 
2024-01-01 01:31:11,454 T0000: [D1-V3] hostname
2024-01-01 01:31:19,079 T0000: [D1-V3] show acl table
2024-01-01 01:31:20,813 T0000: [D1-V3] sudo config acl remove table SNMP_SSH;
2024-01-01 01:31:22,122 T0000: [D1-V3] sudo config acl remove table V6_SSH_ONLY;
2024-01-01 01:31:24,876 T0000: [D1-V3] config load -y /tmp/apply_json2.json
2024-01-01 01:31:33,309 T0000: [D2-V4] which sshpass
2024-01-01 01:31:34,028 T0000: [D2-V4] sshpass -p 'YourPaSsWoRd' ssh -o UserKnownHostsFile=/dev/null -o StrictHostKeyChecking=no -o ConnectTimeout=30 admin@2.2.3.1 sudo show vlan config
2024-01-01 01:32:04,761 T0000: [D2-V4] which sshpass
2024-01-01 01:32:05,471 T0000: [D2-V4] sshpass -p 'YourPaSsWoRd' ssh -o UserKnownHostsFile=/dev/null -o StrictHostKeyChecking=no -o ConnectTimeout=30 admin@2001::1 sudo show vlan config
2024-01-01 01:32:36,202 T0000: [D2-V4] which sshpass
2024-01-01 01:32:36,904 T0000: [D2-V4] sshpass -p 'YourPaSsWoRd' ssh -o UserKnownHostsFile=/dev/null -o StrictHostKeyChecking=no -o ConnectTimeout=30 admin@2.2.2.1 sudo show vlan config
2024-01-01 01:32:38,668 T0000: [D2-V4] which sshpass
2024-01-01 01:32:39,372 T0000: [D2-V4] sshpass -p 'YourPaSsWoRd' ssh -o UserKnownHostsFile=/dev/null -o StrictHostKeyChecking=no -o ConnectTimeout=30 admin@1001::1 sudo show vlan config
2024-01-01 01:32:41,068 T0000: [D1-V3] show acl table
2024-01-01 01:32:42,804 T0000: [D1-V3] sudo config acl remove table SNMP_SSH;
2024-01-01 01:32:44,061 T0000: [D1-V3] sudo config acl remove table V6_SSH_ONLY;
2024-01-01 01:34:44,924 T0000: [D1-V3] userdel jg7f5cf25ozhdl_qe34-m
2024-01-01 01:34:46,062 T0000: 
================== Function Hook Finalize: system/test_ssh.py ssh_func_hooks ==================
2024-01-01 01:34:46,106 T0000: 
================== Framework Function Hook Finalize: system/test_ssh.py::test_ft_ssh_add_user_verify ==================
2024-01-01 01:34:46,107 T0000: 
================== Framework Function Hook: system/test_ssh.py::test_ft_verify_logs_at_the_time_of_ssh_login_success ==================
2024-01-01 01:34:46,123 T0360: [D1-V3] sudo show interfaces status
2024-01-01 01:34:46,125 T0361: [D2-V4] sudo show interfaces status
2024-01-01 01:34:48,049 T0362: [D1-V3] sudo show interfaces status Ethernet124
2024-01-01 01:34:48,056 T0363: [D2-V4] sudo show interfaces status Ethernet124
2024-01-01 01:34:51,361 T0000: 
================== Framework Function Hook Finish: system/test_ssh.py::test_ft_verify_logs_at_the_time_of_ssh_login_success ==================
2024-01-01 01:34:51,361 T0000: 
================== Function Hook: system/test_ssh.py ssh_func_hooks ==================
2024-01-01 01:34:51,368 T0000: 
================== Function Hook Finish: system/test_ssh.py ssh_func_hooks ==================
2024-01-01 01:34:51,369 T0000: 
================== Test Execution: system/test_ssh.py::test_ft_verify_logs_at_the_time_of_ssh_login_success ==================
2024-01-01 01:35:00,458 T0000: [D1-V3] sudo cat /var/log/auth.log
2024-01-01 01:35:07,981 T0000: 
================== Function Hook Finalize: system/test_ssh.py ssh_func_hooks ==================
2024-01-01 01:35:08,027 T0000: 
================== Framework Function Hook Finalize: system/test_ssh.py::test_ft_verify_logs_at_the_time_of_ssh_login_success ==================
2024-01-01 01:35:08,033 T0374: [D1-V3] config save /tmp/config-db-V3-pre-module-epilog-system-test_ssh.py.json -y
2024-01-01 01:35:08,039 T0375: [D2-V4] config save /tmp/config-db-V4-pre-module-epilog-system-test_ssh.py.json -y
2024-01-01 01:35:09,719 T0374: [D1-V3] chmod 777 /tmp/config-db-V3-pre-module-epilog-system-test_ssh.py.json
2024-01-01 01:35:09,728 T0375: [D2-V4] chmod 777 /tmp/config-db-V4-pre-module-epilog-system-test_ssh.py.json
2024-01-01 01:35:11,198 T0374: [D1-V3] /sbin/ip link set dev eth0 up
2024-01-01 01:35:11,201 T0375: [D2-V4] /sbin/ip link set dev eth0 up
2024-01-01 01:35:11,879 T0374: [D1-V3] /sbin/ip route list dev eth0
2024-01-01 01:35:11,888 T0375: [D2-V4] /sbin/ip route list dev eth0
2024-01-01 01:35:20,378 T0374: [D1-V3] sudo vtysh -c 'show running-config' > /tmp/vtysh-runcfg-V3-pre-module-epilog-system-test_ssh.py.txt
2024-01-01 01:35:20,387 T0375: [D2-V4] sudo vtysh -c 'show running-config' > /tmp/vtysh-runcfg-V4-pre-module-epilog-system-test_ssh.py.txt
2024-01-01 01:35:21,247 T0374: [D1-V3] chmod 777 /tmp/vtysh-runcfg-V3-pre-module-epilog-system-test_ssh.py.txt
2024-01-01 01:35:21,254 T0375: [D2-V4] chmod 777 /tmp/vtysh-runcfg-V4-pre-module-epilog-system-test_ssh.py.txt
2024-01-01 01:35:22,732 T0374: [D1-V3] /sbin/ip link set dev eth0 up
2024-01-01 01:35:22,732 T0375: [D2-V4] /sbin/ip link set dev eth0 up
2024-01-01 01:35:23,411 T0374: [D1-V3] /sbin/ip route list dev eth0
2024-01-01 01:35:23,421 T0375: [D2-V4] /sbin/ip route list dev eth0
2024-01-01 01:35:31,980 T0392: [D1-V3] config interface ip remove Ethernet48 2.2.2.1/24
2024-01-01 01:35:31,985 T0393: [D2-V4] config interface ip remove Ethernet48 2.2.2.2/24
2024-01-01 01:35:33,271 T0394: [D1-V3] config interface ip remove Ethernet52 2.2.3.1/24
2024-01-01 01:35:33,276 T0395: [D2-V4] config interface ip remove Ethernet52 2.2.3.2/24
2024-01-01 01:35:34,555 T0396: [D1-V3] config interface ip remove Ethernet48 1001::1/64
2024-01-01 01:35:34,559 T0397: [D2-V4] config interface ip remove Ethernet48 1001::2/64
2024-01-01 01:35:36,247 T0398: [D1-V3] config interface ip remove Ethernet52 2001::1/64
2024-01-01 01:35:36,252 T0399: [D2-V4] config interface ip remove Ethernet52 2001::2/64
2024-01-01 01:35:37,984 T0000: [D1-V3] show acl table
2024-01-01 01:35:39,720 T0000: [D1-V3] cat /etc/sonic/snmp.yml
2024-01-01 01:35:40,433 T0000: [D1-V3] sudo sed -i '/^snmp_rocommunity:/ c snmp_rocommunity: NotConfigured' /etc/sonic/snmp.yml
2024-01-01 01:35:41,876 T0000: [D1-V3] sudo sed -i '/^snmp_rocommunity6:/ c snmp_rocommunity6: NotConfigured' /etc/sonic/snmp.yml
2024-01-01 01:35:43,328 T0000: [D1-V3] sudo sed -i '/^snmp_location:/ c snmp_location: NotConfigured' /etc/sonic/snmp.yml
2024-01-01 01:35:44,777 T0000: [D1-V3] sudo sed -i '/^snmp_syscontact:/ c snmp_syscontact: NotConfigured' /etc/sonic/snmp.yml
2024-01-01 01:35:46,225 T0000: [D1-V3] sudo sed -i '/^v1_trap_dest:/ c v1_trap_dest: NotConfigured' /etc/sonic/snmp.yml
2024-01-01 01:35:47,673 T0000: [D1-V3] sudo sed -i '/^v2_trap_dest:/ c v2_trap_dest: NotConfigured' /etc/sonic/snmp.yml
2024-01-01 01:35:49,129 T0000: [D1-V3] sudo sed -i '/^v3_trap_dest:/ c v3_trap_dest: NotConfigured' /etc/sonic/snmp.yml
2024-01-01 01:35:50,577 T0000: [D1-V3] cat /etc/sonic/snmp.yml
2024-01-01 01:35:51,280 T0000: [D1-V3] sudo service snmp restart
2024-01-01 01:36:02,302 T0000: 
================== Module Hook Finalize: system/test_ssh.py ssh_module_hooks ==================
2024-01-01 01:36:02,308 T0400: [D1-V3] config save /tmp/config-db-V3-post-module-epilog-system-test_ssh.py.json -y
2024-01-01 01:36:02,314 T0401: [D2-V4] config save /tmp/config-db-V4-post-module-epilog-system-test_ssh.py.json -y
2024-01-01 01:36:04,050 T0400: [D1-V3] chmod 777 /tmp/config-db-V3-post-module-epilog-system-test_ssh.py.json
2024-01-01 01:36:04,058 T0401: [D2-V4] chmod 777 /tmp/config-db-V4-post-module-epilog-system-test_ssh.py.json
2024-01-01 01:36:05,544 T0400: [D1-V3] /sbin/ip link set dev eth0 up
2024-01-01 01:36:05,548 T0401: [D2-V4] /sbin/ip link set dev eth0 up
2024-01-01 01:36:06,224 T0401: [D2-V4] /sbin/ip route list dev eth0
2024-01-01 01:36:06,233 T0400: [D1-V3] /sbin/ip route list dev eth0
2024-01-01 01:36:14,705 T0401: [D2-V4] sudo vtysh -c 'show running-config' > /tmp/vtysh-runcfg-V4-post-module-epilog-system-test_ssh.py.txt
2024-01-01 01:36:14,721 T0400: [D1-V3] sudo vtysh -c 'show running-config' > /tmp/vtysh-runcfg-V3-post-module-epilog-system-test_ssh.py.txt
2024-01-01 01:36:15,524 T0401: [D2-V4] chmod 777 /tmp/vtysh-runcfg-V4-post-module-epilog-system-test_ssh.py.txt
2024-01-01 01:36:15,589 T0400: [D1-V3] chmod 777 /tmp/vtysh-runcfg-V3-post-module-epilog-system-test_ssh.py.txt
2024-01-01 01:36:17,002 T0401: [D2-V4] /sbin/ip link set dev eth0 up
2024-01-01 01:36:17,061 T0400: [D1-V3] /sbin/ip link set dev eth0 up
2024-01-01 01:36:17,671 T0401: [D2-V4] /sbin/ip route list dev eth0
2024-01-01 01:36:17,728 T0400: [D1-V3] /sbin/ip route list dev eth0
2024-01-01 01:36:26,232 T0418: [D1-V3] sudo show interfaces status Ethernet124
2024-01-01 01:36:26,241 T0419: [D2-V4] sudo show interfaces status Ethernet124
2024-01-01 01:36:28,866 T0000: 
================== Framework Module Hook Finalize: system/test_ssh.py Pass: 2/3 ==================
2024-01-01 01:36:28,866 T0000: 
================== Devices used: system/test_ssh.py 2 ['V3', 'V4'] ==================
2024-01-01 01:36:29,882 T0000: 
================== Framework Module Hook: batch/test_spytest_infra_1.py ==================
2024-01-01 01:36:29,901 T0426: [D1-V3] no router bgp
2024-01-01 01:36:29,912 T0427: [D2-V4] no router bgp
2024-01-01 01:36:31,668 T0427: [D2-V4] config feature state sflow enabled
2024-01-01 01:36:31,715 T0426: [D1-V3] config feature state sflow enabled
2024-01-01 01:36:33,868 T0427: [D2-V4] config feature state nat enabled
2024-01-01 01:36:33,917 T0426: [D1-V3] config feature state nat enabled
2024-01-01 01:37:21,521 T0426: [D1-V3] /sbin/ip link set dev eth0 up
2024-01-01 01:37:22,191 T0426: [D1-V3] /sbin/ip route list dev eth0
2024-01-01 01:37:22,866 T0426: [D1-V3] sudo show interfaces status Ethernet124
2024-01-01 01:37:26,290 T0427: [D2-V4] /sbin/ip link set dev eth0 up
2024-01-01 01:37:26,961 T0427: [D2-V4] /sbin/ip route list dev eth0
2024-01-01 01:37:27,638 T0427: [D2-V4] sudo show interfaces status Ethernet124
2024-01-01 01:37:30,195 T0429: [D1-V3] sudo show interfaces status
2024-01-01 01:37:30,197 T0430: [D2-V4] sudo show interfaces status
2024-01-01 01:37:37,317 T0432: [D1-V3] sudo show interfaces status
2024-01-01 01:37:37,319 T0433: [D2-V4] sudo show interfaces status
2024-01-01 01:37:44,581 T0435: [D1-V3] sudo show interfaces status
2024-01-01 01:37:44,584 T0436: [D2-V4] sudo show interfaces status
2024-01-01 01:37:51,732 T0438: [D1-V3] sudo show interfaces status
2024-01-01 01:37:51,735 T0439: [D2-V4] sudo show interfaces status
2024-01-01 01:37:53,677 T0000: 
================== Framework Module Hook Finish: batch/test_spytest_infra_1.py ==================
2024-01-01 01:37:53,678 T0000: 
================== Framework Function Hook: batch/test_spytest_infra_1.py::test_spytest_infra_last ==================
2024-01-01 01:37:57,976 T0443: [D1-V3] sudo show interfaces status
2024-01-01 01:37:57,978 T0444: [D2-V4] sudo show interfaces status
2024-01-01 01:38:00,092 T0445: [D1-V3] sudo show interfaces status Ethernet124
2024-01-01 01:38:00,099 T0446: [D2-V4] sudo show interfaces status Ethernet124
2024-01-01 01:38:03,442 T0000: 
================== Framework Function Hook Finish: batch/test_spytest_infra_1.py::test_spytest_infra_last ==================
2024-01-01 01:38:03,443 T0000: 
================== Test Execution: batch/test_spytest_infra_1.py::test_spytest_infra_last ==================
2024-01-01 01:38:03,475 T0000: 
================== Framework Function Hook Finalize: batch/test_spytest_infra_1.py::test_spytest_infra_last ==================
2024-01-01 01:38:03,484 T0448: [D2-V4] sudo show interfaces status Ethernet124
2024-01-01 01:38:03,489 T0447: [D1-V3] sudo show interfaces status Ethernet124
2024-01-01 01:38:06,148 T0000: 
================== Framework Module Hook Finalize: batch/test_spytest_infra_1.py Pass: 1/1 ==================
2024-01-01 01:38:06,149 T0000: 
================== Devices used: batch/test_spytest_infra_1.py 2 ['V4', 'V3'] ==================
2024-01-01 01:38:06,979 T0000: 
================== Framework Module Hook: system/test_interface.py ==================
2024-01-01 01:38:06,998 T0455: [D1-V3] no router bgp
2024-01-01 01:38:07,004 T0456: [D2-V4] no router bgp
2024-01-01 01:38:08,756 T0455: [D1-V3] config feature state sflow enabled
2024-01-01 01:38:08,811 T0456: [D2-V4] config feature state sflow enabled
2024-01-01 01:38:10,904 T0455: [D1-V3] config feature state nat enabled
2024-01-01 01:38:11,009 T0456: [D2-V4] config feature state nat enabled
2024-01-01 01:40:04,550 T0455: [D1-V3] /sbin/ip link set dev eth0 up
2024-01-01 01:40:05,216 T0455: [D1-V3] /sbin/ip route list dev eth0
2024-01-01 01:40:05,884 T0455: [D1-V3] sudo show interfaces status Ethernet124
2024-01-01 01:40:07,123 T0456: [D2-V4] /sbin/ip link set dev eth0 up
2024-01-01 01:40:07,796 T0456: [D2-V4] /sbin/ip route list dev eth0
2024-01-01 01:40:08,474 T0456: [D2-V4] sudo show interfaces status Ethernet124
2024-01-01 01:40:11,077 T0458: [D1-V3] sudo show interfaces status
2024-01-01 01:40:11,080 T0459: [D2-V4] sudo show interfaces status
2024-01-01 01:40:18,080 T0461: [D1-V3] sudo show interfaces status
2024-01-01 01:40:18,082 T0462: [D2-V4] sudo show interfaces status
2024-01-01 01:40:25,251 T0464: [D1-V3] sudo show interfaces status
2024-01-01 01:40:25,253 T0465: [D2-V4] sudo show interfaces status
2024-01-01 01:40:32,409 T0467: [D1-V3] sudo show interfaces status
2024-01-01 01:40:32,412 T0468: [D2-V4] sudo show interfaces status
2024-01-01 01:40:34,411 T0469: [D1-V3] config save /tmp/config-db-V3-pre-module-prolog-system-test_interface.py.json -y
2024-01-01 01:40:34,415 T0470: [D2-V4] config save /tmp/config-db-V4-pre-module-prolog-system-test_interface.py.json -y
2024-01-01 01:40:36,152 T0469: [D1-V3] chmod 777 /tmp/config-db-V3-pre-module-prolog-system-test_interface.py.json
2024-01-01 01:40:36,202 T0470: [D2-V4] chmod 777 /tmp/config-db-V4-pre-module-prolog-system-test_interface.py.json
2024-01-01 01:40:37,633 T0469: [D1-V3] /sbin/ip link set dev eth0 up
2024-01-01 01:40:37,677 T0470: [D2-V4] /sbin/ip link set dev eth0 up
2024-01-01 01:40:38,305 T0469: [D1-V3] /sbin/ip route list dev eth0
2024-01-01 01:40:38,343 T0470: [D2-V4] /sbin/ip route list dev eth0
2024-01-01 01:40:46,777 T0470: [D2-V4] sudo vtysh -c 'show running-config' > /tmp/vtysh-runcfg-V4-pre-module-prolog-system-test_interface.py.txt
2024-01-01 01:40:46,841 T0469: [D1-V3] sudo vtysh -c 'show running-config' > /tmp/vtysh-runcfg-V3-pre-module-prolog-system-test_interface.py.txt
2024-01-01 01:40:47,647 T0470: [D2-V4] chmod 777 /tmp/vtysh-runcfg-V4-pre-module-prolog-system-test_interface.py.txt
2024-01-01 01:40:47,707 T0469: [D1-V3] chmod 777 /tmp/vtysh-runcfg-V3-pre-module-prolog-system-test_interface.py.txt
2024-01-01 01:40:49,122 T0470: [D2-V4] /sbin/ip link set dev eth0 up
2024-01-01 01:40:49,182 T0469: [D1-V3] /sbin/ip link set dev eth0 up
2024-01-01 01:40:49,792 T0470: [D2-V4] /sbin/ip route list dev eth0
2024-01-01 01:40:49,849 T0469: [D1-V3] /sbin/ip route list dev eth0
2024-01-01 01:40:58,346 T0000: 
================== Framework Module Hook Finish: system/test_interface.py ==================
2024-01-01 01:40:58,347 T0000: 
================== Module Hook: system/test_interface.py interface_module_hooks ==================
2024-01-01 01:40:58,348 T0000: [D1-V3] sudo show interfaces status Ethernet0
2024-01-01 01:41:00,144 T0000: [D1-V3] /sbin/ifconfig Ethernet0
2024-01-01 01:41:00,866 T0000: [D1-V3] show platform summary
2024-01-01 01:41:02,148 T0000: [D1-V3] ['config vlan add 2867']
2024-01-01 01:41:03,519 T0000: [D1-V3] config vlan member add 2867 Ethernet0 -u 
2024-01-01 01:41:04,824 T0000: [D1-V3] config vlan member add 2867 Ethernet4 -u 
2024-01-01 01:41:18,244 T0000: 
================== Module Hook Finish: system/test_interface.py interface_module_hooks ==================
2024-01-01 01:41:18,245 T0000: 
================== Framework Function Hook: system/test_interface.py::test_ft_port_fn_verify_shut_noshut ==================
2024-01-01 01:41:18,251 T0487: [D1-V3] config save /tmp/config-db-V3-post-module-prolog-system-test_interface.py.json -y
2024-01-01 01:41:18,256 T0488: [D2-V4] config save /tmp/config-db-V4-post-module-prolog-system-test_interface.py.json -y
2024-01-01 01:41:19,991 T0487: [D1-V3] chmod 777 /tmp/config-db-V3-post-module-prolog-system-test_interface.py.json
2024-01-01 01:41:19,999 T0488: [D2-V4] chmod 777 /tmp/config-db-V4-post-module-prolog-system-test_interface.py.json
2024-01-01 01:41:21,471 T0487: [D1-V3] /sbin/ip link set dev eth0 up
2024-01-01 01:41:21,475 T0488: [D2-V4] /sbin/ip link set dev eth0 up
2024-01-01 01:41:22,141 T0487: [D1-V3] /sbin/ip route list dev eth0
2024-01-01 01:41:22,148 T0488: [D2-V4] /sbin/ip route list dev eth0
2024-01-01 01:41:30,661 T0488: [D2-V4] sudo vtysh -c 'show running-config' > /tmp/vtysh-runcfg-V4-post-module-prolog-system-test_interface.py.txt
2024-01-01 01:41:30,670 T0487: [D1-V3] sudo vtysh -c 'show running-config' > /tmp/vtysh-runcfg-V3-post-module-prolog-system-test_interface.py.txt
2024-01-01 01:41:31,531 T0488: [D2-V4] chmod 777 /tmp/vtysh-runcfg-V4-post-module-prolog-system-test_interface.py.txt
2024-01-01 01:41:31,537 T0487: [D1-V3] chmod 777 /tmp/vtysh-runcfg-V3-post-module-prolog-system-test_interface.py.txt
2024-01-01 01:41:33,007 T0488: [D2-V4] /sbin/ip link set dev eth0 up
2024-01-01 01:41:33,013 T0487: [D1-V3] /sbin/ip link set dev eth0 up
2024-01-01 01:41:33,683 T0488: [D2-V4] /sbin/ip route list dev eth0
2024-01-01 01:41:33,689 T0487: [D1-V3] /sbin/ip route list dev eth0
2024-01-01 01:41:46,484 T0508: [D1-V3] sudo show interfaces status
2024-01-01 01:41:46,486 T0509: [D2-V4] sudo show interfaces status
2024-01-01 01:41:48,390 T0510: [D1-V3] sudo show interfaces status Ethernet124
2024-01-01 01:41:48,396 T0511: [D2-V4] sudo show interfaces status Ethernet124
2024-01-01 01:41:51,681 T0000: 
================== Framework Function Hook Finish: system/test_interface.py::test_ft_port_fn_verify_shut_noshut ==================
2024-01-01 01:41:51,682 T0000: 
================== Function Hook: system/test_interface.py interface_func_hooks ==================
2024-01-01 01:41:51,691 T0000: 
================== Function Hook Finish: system/test_interface.py interface_func_hooks ==================
2024-01-01 01:41:51,693 T0000: 
================== Test Execution: system/test_interface.py::test_ft_port_fn_verify_shut_noshut ==================
2024-01-01 01:41:51,703 T0000: [D1-V3] config interface ip add Ethernet48 11.11.11.11/24
2024-01-01 01:41:52,963 T0000: [D2-V4] config interface ip add Ethernet48 11.11.11.9/24
2024-01-01 01:41:54,268 T0000: [D1-V3] ping -4 11.11.11.9 -c 3 -W 10 
2024-01-01 01:41:56,993 T0000: [D2-V4] ping -4 11.11.11.11 -c 1 
2024-01-01 01:41:57,699 T0000: [D1-V3] config interface shutdown Ethernet48
2024-01-01 01:41:59,012 T0000: [D1-V3] config interface startup Ethernet48
2024-01-01 01:42:00,388 T0000: [D1-V3] config interface shutdown Ethernet48
2024-01-01 01:42:01,760 T0000: [D1-V3] config interface startup Ethernet48
2024-01-01 01:42:03,071 T0000: [D1-V3] config interface shutdown Ethernet48
2024-01-01 01:42:04,389 T0000: [D1-V3] config interface startup Ethernet48
2024-01-01 01:42:05,700 T0000: [D1-V3] ping -4 11.11.11.9 -c 5 -W 10 
2024-01-01 01:42:10,438 T0000: [D2-V4] ping -4 11.11.11.11 -c 1 
2024-01-01 01:42:42,890 T0000: [D1-V3] sudo show interfaces status Ethernet124
2024-01-01 01:42:44,889 T0000: [D1-V3] config interface ip remove Ethernet48 11.11.11.11/24
2024-01-01 01:42:47,424 T0000: 
================== Function Hook Finalize: system/test_interface.py interface_func_hooks ==================
2024-01-01 01:42:47,467 T0000: 
================== Framework Function Hook Finalize: system/test_interface.py::test_ft_port_fn_verify_shut_noshut ==================
2024-01-01 01:42:47,472 T0520: [D1-V3] config save /tmp/config-db-V3-pre-module-epilog-system-test_interface.py.json -y
2024-01-01 01:42:47,474 T0521: [D2-V4] config save /tmp/config-db-V4-pre-module-epilog-system-test_interface.py.json -y
2024-01-01 01:42:49,255 T0521: [D2-V4] chmod 777 /tmp/config-db-V4-pre-module-epilog-system-test_interface.py.json
2024-01-01 01:42:49,265 T0520: [D1-V3] chmod 777 /tmp/config-db-V3-pre-module-epilog-system-test_interface.py.json
2024-01-01 01:42:50,734 T0521: [D2-V4] /sbin/ip link set dev eth0 up
2024-01-01 01:42:50,741 T0520: [D1-V3] /sbin/ip link set dev eth0 up
2024-01-01 01:42:51,398 T0521: [D2-V4] /sbin/ip route list dev eth0
2024-01-01 01:42:51,409 T0520: [D1-V3] /sbin/ip route list dev eth0
2024-01-01 01:42:52,089 T0520: [D1-V3] /sbin/ifconfig eth0
2024-01-01 01:42:59,855 T0521: [D2-V4] sudo vtysh -c 'show running-config' > /tmp/vtysh-runcfg-V4-pre-module-epilog-system-test_interface.py.txt
2024-01-01 01:43:00,580 T0520: [D1-V3] sudo vtysh -c 'show running-config' > /tmp/vtysh-runcfg-V3-pre-module-epilog-system-test_interface.py.txt
2024-01-01 01:43:00,724 T0521: [D2-V4] chmod 777 /tmp/vtysh-runcfg-V4-pre-module-epilog-system-test_interface.py.txt
2024-01-01 01:43:01,397 T0520: [D1-V3] chmod 777 /tmp/vtysh-runcfg-V3-pre-module-epilog-system-test_interface.py.txt
2024-01-01 01:43:02,200 T0521: [D2-V4] /sbin/ip link set dev eth0 up
2024-01-01 01:43:02,870 T0521: [D2-V4] /sbin/ip route list dev eth0
2024-01-01 01:43:02,875 T0520: [D1-V3] /sbin/ip link set dev eth0 up
2024-01-01 01:43:03,548 T0520: [D1-V3] /sbin/ip route list dev eth0
2024-01-01 01:43:11,971 T0538: [D1-V3] show vlan config
2024-01-01 01:43:11,976 T0539: [D2-V4] show vlan config
2024-01-01 01:43:13,267 T0539: [D2-V4] []
2024-01-01 01:43:13,268 T0538: [D1-V3] []
2024-01-01 01:43:17,284 T0000: 
================== Module Hook Finalize: system/test_interface.py interface_module_hooks ==================
2024-01-01 01:43:17,293 T0540: [D1-V3] config save /tmp/config-db-V3-post-module-epilog-system-test_interface.py.json -y
2024-01-01 01:43:17,297 T0541: [D2-V4] config save /tmp/config-db-V4-post-module-epilog-system-test_interface.py.json -y
2024-01-01 01:43:19,082 T0541: [D2-V4] chmod 777 /tmp/config-db-V4-post-module-epilog-system-test_interface.py.json
2024-01-01 01:43:19,233 T0540: [D1-V3] chmod 777 /tmp/config-db-V3-post-module-epilog-system-test_interface.py.json
2024-01-01 01:43:20,560 T0541: [D2-V4] /sbin/ip link set dev eth0 up
2024-01-01 01:43:20,710 T0540: [D1-V3] /sbin/ip link set dev eth0 up
2024-01-01 01:43:21,225 T0541: [D2-V4] /sbin/ip route list dev eth0
2024-01-01 01:43:21,382 T0540: [D1-V3] /sbin/ip route list dev eth0
2024-01-01 01:43:29,687 T0541: [D2-V4] sudo vtysh -c 'show running-config' > /tmp/vtysh-runcfg-V4-post-module-epilog-system-test_interface.py.txt
2024-01-01 01:43:29,828 T0540: [D1-V3] sudo vtysh -c 'show running-config' > /tmp/vtysh-runcfg-V3-post-module-epilog-system-test_interface.py.txt
2024-01-01 01:43:30,555 T0541: [D2-V4] chmod 777 /tmp/vtysh-runcfg-V4-post-module-epilog-system-test_interface.py.txt
2024-01-01 01:43:30,695 T0540: [D1-V3] chmod 777 /tmp/vtysh-runcfg-V3-post-module-epilog-system-test_interface.py.txt
2024-01-01 01:43:32,030 T0541: [D2-V4] /sbin/ip link set dev eth0 up
2024-01-01 01:43:32,166 T0540: [D1-V3] /sbin/ip link set dev eth0 up
2024-01-01 01:43:32,698 T0541: [D2-V4] /sbin/ip route list dev eth0
2024-01-01 01:43:32,835 T0540: [D1-V3] /sbin/ip route list dev eth0
2024-01-01 01:43:41,337 T0558: [D1-V3] sudo show interfaces status Ethernet124
2024-01-01 01:43:41,344 T0559: [D2-V4] sudo show interfaces status Ethernet124
2024-01-01 01:43:43,951 T0000: 
================== Framework Module Hook Finalize: system/test_interface.py Pass: 0/1 ==================
2024-01-01 01:43:43,951 T0000: 
================== Devices used: system/test_interface.py 2 ['V3', 'V4'] ==================
2024-01-01 01:43:44,874 T0000: 
================== Framework Module Hook: batch/test_spytest_infra_1.py ==================
2024-01-01 01:43:44,894 T0566: [D1-V3] no router bgp
2024-01-01 01:43:44,899 T0567: [D2-V4] no router bgp
2024-01-01 01:43:46,715 T0566: [D1-V3] config feature state sflow enabled
2024-01-01 01:43:46,725 T0567: [D2-V4] config feature state sflow enabled
2024-01-01 01:43:48,933 T0566: [D1-V3] config feature state nat enabled
2024-01-01 01:43:48,941 T0567: [D2-V4] config feature state nat enabled
2024-01-01 01:44:42,607 T0567: [D2-V4] /sbin/ip link set dev eth0 up
2024-01-01 01:44:43,275 T0567: [D2-V4] /sbin/ip route list dev eth0
2024-01-01 01:44:43,957 T0567: [D2-V4] sudo show interfaces status Ethernet124
2024-01-01 01:45:43,849 T0566: [D1-V3] /sbin/ip link set dev eth0 up
2024-01-01 01:45:44,519 T0566: [D1-V3] /sbin/ip route list dev eth0
2024-01-01 01:45:45,250 T0566: [D1-V3] sudo show interfaces status Ethernet124
2024-01-01 01:45:47,811 T0569: [D1-V3] sudo show interfaces status
2024-01-01 01:45:47,813 T0570: [D2-V4] sudo show interfaces status
2024-01-01 01:45:54,828 T0572: [D1-V3] sudo show interfaces status
2024-01-01 01:45:54,831 T0573: [D2-V4] sudo show interfaces status
2024-01-01 01:46:02,020 T0575: [D1-V3] sudo show interfaces status
2024-01-01 01:46:02,022 T0576: [D2-V4] sudo show interfaces status
2024-01-01 01:46:03,920 T0000: 
================== Framework Module Hook Finish: batch/test_spytest_infra_1.py ==================
2024-01-01 01:46:03,921 T0000: 
================== Framework Function Hook: batch/test_spytest_infra_1.py::test_spytest_infra_last ==================
2024-01-01 01:46:08,227 T0580: [D1-V3] sudo show interfaces status
2024-01-01 01:46:08,230 T0581: [D2-V4] sudo show interfaces status
2024-01-01 01:46:10,102 T0582: [D1-V3] sudo show interfaces status Ethernet124
2024-01-01 01:46:10,104 T0583: [D2-V4] sudo show interfaces status Ethernet124
2024-01-01 01:46:13,382 T0000: 
================== Framework Function Hook Finish: batch/test_spytest_infra_1.py::test_spytest_infra_last ==================
2024-01-01 01:46:13,385 T0000: 
================== Test Execution: batch/test_spytest_infra_1.py::test_spytest_infra_last ==================
2024-01-01 01:46:13,409 T0000: 
================== Framework Function Hook Finalize: batch/test_spytest_infra_1.py::test_spytest_infra_last ==================
2024-01-01 01:46:13,418 T0584: [D1-V3] sudo show interfaces status Ethernet124
2024-01-01 01:46:13,424 T0585: [D2-V4] sudo show interfaces status Ethernet124
2024-01-01 01:46:15,980 T0000: 
================== Framework Module Hook Finalize: batch/test_spytest_infra_1.py Pass: 1/1 ==================
2024-01-01 01:46:15,980 T0000: 
================== Devices used: batch/test_spytest_infra_1.py 2 ['V3', 'V4'] ==================
2024-01-01 01:46:16,099 T0590: [D1-V3] ['stty cols 80']
2024-01-01 01:46:16,103 T0591: [D2-V4] ['stty cols 80']
