2024-01-05 22:49:40.314459 = START
2024-01-05 22:49:41.462202 = device connections start
2024-01-05 22:50:15.163449 = device connections finish
2024-01-05 22:50:15.167961 = session init start
2024-01-05 22:52:29.625231 = report file generation start
2024-01-05 22:52:29.718702 = report file generation end
2024-01-05 22:52:53.640844 = session init end
2024-01-05 22:52:53.646778 = Framework Module Hook Start
2024-01-05 22:52:54.483907 = module test_spytest_infra_1.py init start
2024-01-05 22:52:58.946616 = module test_spytest_infra_1.py init end
2024-01-05 22:52:58.947018 = Framework Module Hook end
2024-01-05 22:52:58.947458 = Framework Function Hook Start
2024-01-05 22:53:03.213619 = function batch/test_spytest_infra_1.py::test_spytest_infra_first init start
2024-01-05 22:53:08.511559 = function batch/test_spytest_infra_1.py::test_spytest_infra_first init end
2024-01-05 22:53:08.513009 = Framework Function Hook end
2024-01-05 22:53:08.516266 = Module Config Time (2024-01-05 22:52:53.646945 - 2024-01-05 22:52:58.947596) Published
2024-01-05 22:53:08.519563 = function batch/test_spytest_infra_1.py::test_spytest_infra_first clean start
2024-01-05 22:53:08.535936 = Test Time (2024-01-05 22:53:03.213903 - 2024-01-05 22:53:08.535929) Published
2024-01-05 22:53:08.541559 = function batch/test_spytest_infra_1.py::test_spytest_infra_first clean end
2024-01-05 22:53:08.541832 = Framework Function Hook Finalize
2024-01-05 22:53:08.725508 = Framework Function Hook Start
2024-01-05 22:53:08.726714 = function batch/test_spytest_infra_1.py::test_spytest_infra_second init start
2024-01-05 22:53:13.972622 = function batch/test_spytest_infra_1.py::test_spytest_infra_second init end
2024-01-05 22:53:13.973648 = Framework Function Hook end
2024-01-05 22:53:13.977367 = function batch/test_spytest_infra_1.py::test_spytest_infra_second clean start
2024-01-05 22:53:13.995141 = Test Time (2024-01-05 22:53:08.726918 - 2024-01-05 22:53:13.995133) Published
2024-01-05 22:53:14.000336 = function batch/test_spytest_infra_1.py::test_spytest_infra_second clean end
2024-01-05 22:53:14.000614 = Framework Function Hook Finalize
2024-01-05 22:53:14.000760 = module test_spytest_infra_1.py clean start
2024-01-05 22:53:16.468250 = report file generation start
2024-01-05 22:53:16.562840 = report file generation end
2024-01-05 22:53:16.567869 = module test_spytest_infra_1.py clean end
2024-01-05 22:53:16.568243 = Framework Module Hook Finalize
2024-01-05 22:53:16.570160 = Framework Module Hook Start
2024-01-05 22:53:17.397840 = module test_vrf.py init start
2024-01-05 22:53:45.667077 = module test_vrf.py init end
2024-01-05 22:53:45.667599 = Framework Module Hook end
2024-01-05 22:53:45.667996 = User Module routing/VRF/test_vrf.py Hook Start
2024-01-05 23:01:45.087587 = User Module routing/VRF/test_vrf.py Hook end
2024-01-05 23:01:45.089720 = Framework Function Hook Start
2024-01-05 23:02:14.228342 = function routing/VRF/test_vrf.py::test_VrfFun001_06 init start
2024-01-05 23:02:19.615127 = function routing/VRF/test_vrf.py::test_VrfFun001_06 init end
2024-01-05 23:02:19.615599 = Framework Function Hook end
2024-01-05 23:02:19.617281 = Module Config Time (2024-01-05 22:53:16.570228 - 2024-01-05 23:01:45.089952) Published
2024-01-05 23:02:40.132926 = function routing/VRF/test_vrf.py::test_VrfFun001_06 clean start
2024-01-05 23:02:40.162739 = Test Time (2024-01-05 23:02:14.228629 - 2024-01-05 23:02:40.162730) Published
2024-01-05 23:02:40.168198 = function routing/VRF/test_vrf.py::test_VrfFun001_06 clean end
2024-01-05 23:02:40.168529 = Framework Function Hook Finalize
2024-01-05 23:02:40.169860 = Framework Function Hook Start
2024-01-05 23:02:40.170270 = function routing/VRF/test_vrf.py::test_VrfFun_26_27 init start
2024-01-05 23:02:46.156906 = function routing/VRF/test_vrf.py::test_VrfFun_26_27 init end
2024-01-05 23:02:46.157598 = Framework Function Hook end
2024-01-05 23:03:09.304761 = function routing/VRF/test_vrf.py::test_VrfFun_26_27 clean start
2024-01-05 23:03:09.332413 = Test Time (2024-01-05 23:02:40.170331 - 2024-01-05 23:03:09.332402) Published
2024-01-05 23:03:09.337563 = function routing/VRF/test_vrf.py::test_VrfFun_26_27 clean end
2024-01-05 23:03:09.337878 = Framework Function Hook Finalize
2024-01-05 23:03:09.338792 = Framework Function Hook Start
2024-01-05 23:03:09.339192 = function routing/VRF/test_vrf.py::test_VrfFun_10_12_14 init start
2024-01-05 23:03:16.152246 = function routing/VRF/test_vrf.py::test_VrfFun_10_12_14 init end
2024-01-05 23:03:16.152901 = Framework Function Hook end
2024-01-05 23:03:16.153636 = User Function routing/VRF/test_vrf.py::test_VrfFun_10_12_14 Hook Start
2024-01-05 23:03:16.163421 = User Function routing/VRF/test_vrf.py::test_VrfFun_10_12_14 Hook end
2024-01-05 23:05:00.955668 = User Function routing/VRF/test_vrf.py::test_VrfFun_10_12_14 Hook Finalize
2024-01-05 23:05:00.955872 = function routing/VRF/test_vrf.py::test_VrfFun_10_12_14 clean start
2024-01-05 23:05:00.983527 = Test Time (2024-01-05 23:03:09.339253 - 2024-01-05 23:05:00.983518) Published
2024-01-05 23:05:00.988806 = function routing/VRF/test_vrf.py::test_VrfFun_10_12_14 clean end
2024-01-05 23:05:00.989108 = Framework Function Hook Finalize
2024-01-05 23:05:00.990076 = Framework Function Hook Start
2024-01-05 23:05:00.990448 = function routing/VRF/test_vrf.py::test_VrfFun_20_24_25_32_33_44_45 init start
2024-01-05 23:05:07.633994 = function routing/VRF/test_vrf.py::test_VrfFun_20_24_25_32_33_44_45 init end
2024-01-05 23:05:07.634363 = Framework Function Hook end
2024-01-05 23:05:07.634698 = User Function routing/VRF/test_vrf.py::test_VrfFun_20_24_25_32_33_44_45 Hook Start
2024-01-05 23:05:07.642488 = User Function routing/VRF/test_vrf.py::test_VrfFun_20_24_25_32_33_44_45 Hook end
2024-01-05 23:05:45.743762 = User Function routing/VRF/test_vrf.py::test_VrfFun_20_24_25_32_33_44_45 Hook Finalize
2024-01-05 23:05:45.744193 = function routing/VRF/test_vrf.py::test_VrfFun_20_24_25_32_33_44_45 clean start
2024-01-05 23:05:45.773966 = Test Time (2024-01-05 23:05:00.990515 - 2024-01-05 23:05:45.773957) Published
2024-01-05 23:05:45.779104 = function routing/VRF/test_vrf.py::test_VrfFun_20_24_25_32_33_44_45 clean end
2024-01-05 23:05:45.779420 = Framework Function Hook Finalize
2024-01-05 23:05:45.780291 = Framework Function Hook Start
2024-01-05 23:05:45.780652 = function routing/VRF/test_vrf.py::test_VrfFun_05_50 init start
2024-01-05 23:05:52.499573 = function routing/VRF/test_vrf.py::test_VrfFun_05_50 init end
2024-01-05 23:05:52.500167 = Framework Function Hook end
2024-01-05 23:09:09.403103 = function routing/VRF/test_vrf.py::test_VrfFun_05_50 clean start
2024-01-05 23:09:09.433524 = Test Time (2024-01-05 23:05:45.780712 - 2024-01-05 23:09:09.433514) Published
2024-01-05 23:09:09.438885 = function routing/VRF/test_vrf.py::test_VrfFun_05_50 clean end
2024-01-05 23:09:09.439241 = Framework Function Hook Finalize
2024-01-05 23:09:33.834382 = User Function routing/VRF/test_vrf.py::test_VrfFun_20_24_25_32_33_44_45 Hook Finalize
2024-01-05 23:09:33.835152 = User Function routing/VRF/test_vrf.py::test_VrfFun_10_12_14 Hook Finalize
2024-01-05 23:09:33.835783 = User Module routing/VRF/test_vrf.py Hook Finalize
2024-01-05 23:09:33.835929 = module test_vrf.py clean start
2024-01-05 23:10:00.489645 = report file generation start
2024-01-05 23:10:00.581384 = report file generation end
2024-01-05 23:10:00.586569 = module test_vrf.py clean end
2024-01-05 23:10:00.587115 = Framework Module Hook Finalize
2024-01-05 23:10:00.755477 = Framework Module Hook Start
2024-01-05 23:10:01.589374 = module test_spytest_infra_1.py init start
2024-01-05 23:11:22.008214 = module test_spytest_infra_1.py init end
2024-01-05 23:11:22.008543 = Framework Module Hook end
2024-01-05 23:11:22.008873 = Framework Function Hook Start
2024-01-05 23:11:26.275692 = function batch/test_spytest_infra_1.py::test_spytest_infra_last init start
2024-01-05 23:11:31.559646 = function batch/test_spytest_infra_1.py::test_spytest_infra_last init end
2024-01-05 23:11:31.560723 = Framework Function Hook end
2024-01-05 23:11:31.562164 = Module Config Time (2024-01-05 23:10:00.755587 - 2024-01-05 23:11:22.008954) Published
2024-01-05 23:11:31.564884 = function batch/test_spytest_infra_1.py::test_spytest_infra_last clean start
2024-01-05 23:11:31.582747 = Test Time (2024-01-05 23:11:26.275972 - 2024-01-05 23:11:31.582739) Published
2024-01-05 23:11:31.587959 = function batch/test_spytest_infra_1.py::test_spytest_infra_last clean end
2024-01-05 23:11:31.588272 = Framework Function Hook Finalize
2024-01-05 23:11:31.588421 = module test_spytest_infra_1.py clean start
2024-01-05 23:11:34.128158 = report file generation start
2024-01-05 23:11:34.221723 = report file generation end
2024-01-05 23:11:34.226868 = module test_spytest_infra_1.py clean end
2024-01-05 23:11:34.227325 = Framework Module Hook Finalize
2024-01-05 23:11:34.229867 = Framework Module Hook Start
2024-01-05 23:11:35.060794 = module test_bgp.py init start
2024-01-05 23:14:31.479643 = module test_bgp.py init end
2024-01-05 23:14:31.480192 = Framework Module Hook end
2024-01-05 23:14:31.480659 = User Module routing/BGP/test_bgp.py Hook Start
2024-01-05 23:17:05.017566 = User Module routing/BGP/test_bgp.py Hook end
2024-01-05 23:17:05.018011 = User Class routing/BGP/test_bgp.py Hook Start
2024-01-05 23:18:00.210339 = User Class routing/BGP/test_bgp.py Hook end
2024-01-05 23:18:00.210984 = Framework Function Hook Start
2024-01-05 23:18:29.293242 = function routing/BGP/test_bgp.py::TestBGPRif::test_ft_bgp_v6_link_local_bgp init start
2024-01-05 23:18:34.599255 = function routing/BGP/test_bgp.py::TestBGPRif::test_ft_bgp_v6_link_local_bgp init end
2024-01-05 23:18:34.599741 = Framework Function Hook end
2024-01-05 23:18:34.601338 = Module Config Time (2024-01-05 23:11:34.229924 - 2024-01-05 23:18:00.211088) Published
2024-01-05 23:18:52.072610 = function routing/BGP/test_bgp.py::TestBGPRif::test_ft_bgp_v6_link_local_bgp clean start
2024-01-05 23:18:52.100026 = Test Time (2024-01-05 23:18:29.293520 - 2024-01-05 23:18:52.100017) Published
2024-01-05 23:18:52.105343 = function routing/BGP/test_bgp.py::TestBGPRif::test_ft_bgp_v6_link_local_bgp clean end
2024-01-05 23:18:52.105642 = Framework Function Hook Finalize
2024-01-05 23:18:52.106807 = Framework Function Hook Start
2024-01-05 23:18:52.107199 = function routing/BGP/test_bgp.py::TestBGPRif::test_ft_bgp_clear init start
2024-01-05 23:18:58.723589 = function routing/BGP/test_bgp.py::TestBGPRif::test_ft_bgp_clear init end
2024-01-05 23:18:58.724037 = Framework Function Hook end
2024-01-05 23:19:06.233610 = function routing/BGP/test_bgp.py::TestBGPRif::test_ft_bgp_clear clean start
2024-01-05 23:19:06.260659 = Test Time (2024-01-05 23:18:52.107258 - 2024-01-05 23:19:06.260649) Published
2024-01-05 23:19:06.265747 = function routing/BGP/test_bgp.py::TestBGPRif::test_ft_bgp_clear clean end
2024-01-05 23:19:06.266041 = Framework Function Hook Finalize
2024-01-05 23:19:06.267006 = Framework Function Hook Start
2024-01-05 23:19:06.267391 = function routing/BGP/test_bgp.py::TestBGPRif::test_ft_bgp_peer_traffic_check init start
2024-01-05 23:19:12.242452 = function routing/BGP/test_bgp.py::TestBGPRif::test_ft_bgp_peer_traffic_check init end
2024-01-05 23:19:12.242915 = Framework Function Hook end
2024-01-05 23:19:12.243273 = User Function routing/BGP/test_bgp.py::TestBGPRif::test_ft_bgp_peer_traffic_check Hook Start
2024-01-05 23:19:12.251584 = User Function routing/BGP/test_bgp.py::TestBGPRif::test_ft_bgp_peer_traffic_check Hook end
2024-01-05 23:22:36.927449 = User Function routing/BGP/test_bgp.py::TestBGPRif::test_ft_bgp_peer_traffic_check Hook Finalize
2024-01-05 23:22:36.927767 = function routing/BGP/test_bgp.py::TestBGPRif::test_ft_bgp_peer_traffic_check clean start
2024-01-05 23:22:36.957108 = Test Time (2024-01-05 23:19:06.267452 - 2024-01-05 23:22:36.957100) Published
2024-01-05 23:22:36.962370 = function routing/BGP/test_bgp.py::TestBGPRif::test_ft_bgp_peer_traffic_check clean end
2024-01-05 23:22:36.962676 = Framework Function Hook Finalize
2024-01-05 23:22:36.964329 = Framework Function Hook Start
2024-01-05 23:22:36.964745 = function routing/BGP/test_bgp.py::TestBGPRif::test_ft_bgp_graceful_restart_and_aware_routers init start
2024-01-05 23:22:43.419298 = function routing/BGP/test_bgp.py::TestBGPRif::test_ft_bgp_graceful_restart_and_aware_routers init end
2024-01-05 23:22:43.419739 = Framework Function Hook end
2024-01-05 23:22:49.686727 = function routing/BGP/test_bgp.py::TestBGPRif::test_ft_bgp_graceful_restart_and_aware_routers clean start
2024-01-05 23:22:49.715167 = Test Time (2024-01-05 23:22:36.964807 - 2024-01-05 23:22:49.715156) Published
2024-01-05 23:22:49.720184 = function routing/BGP/test_bgp.py::TestBGPRif::test_ft_bgp_graceful_restart_and_aware_routers clean end
2024-01-05 23:22:49.720492 = Framework Function Hook Finalize
2024-01-05 23:22:49.721421 = Framework Function Hook Start
2024-01-05 23:22:49.721788 = function routing/BGP/test_bgp.py::TestBGPRif::test_ft_bgp_ipv4_no_route_aggregation_for_exact_prefix_match init start
2024-01-05 23:22:56.181617 = function routing/BGP/test_bgp.py::TestBGPRif::test_ft_bgp_ipv4_no_route_aggregation_for_exact_prefix_match init end
2024-01-05 23:22:56.182139 = Framework Function Hook end
2024-01-05 23:24:31.174421 = function routing/BGP/test_bgp.py::TestBGPRif::test_ft_bgp_ipv4_no_route_aggregation_for_exact_prefix_match clean start
2024-01-05 23:24:31.209493 = Test Time (2024-01-05 23:22:49.721848 - 2024-01-05 23:24:31.209483) Published
2024-01-05 23:24:31.214564 = function routing/BGP/test_bgp.py::TestBGPRif::test_ft_bgp_ipv4_no_route_aggregation_for_exact_prefix_match clean end
2024-01-05 23:24:31.214884 = Framework Function Hook Finalize
2024-01-05 23:24:31.215827 = Framework Function Hook Start
2024-01-05 23:24:31.216194 = function routing/BGP/test_bgp.py::TestBGPRif::test_ft_bgp_ipv4_route_aggregation_atomic_aggregate_without_as_set init start
2024-01-05 23:24:37.330125 = function routing/BGP/test_bgp.py::TestBGPRif::test_ft_bgp_ipv4_route_aggregation_atomic_aggregate_without_as_set init end
2024-01-05 23:24:37.330556 = Framework Function Hook end
2024-01-05 23:26:12.241565 = function routing/BGP/test_bgp.py::TestBGPRif::test_ft_bgp_ipv4_route_aggregation_atomic_aggregate_without_as_set clean start
2024-01-05 23:26:12.277117 = Test Time (2024-01-05 23:24:31.216254 - 2024-01-05 23:26:12.277108) Published
2024-01-05 23:26:12.282206 = function routing/BGP/test_bgp.py::TestBGPRif::test_ft_bgp_ipv4_route_aggregation_atomic_aggregate_without_as_set clean end
2024-01-05 23:26:12.282540 = Framework Function Hook Finalize
2024-01-05 23:26:12.283493 = Framework Function Hook Start
2024-01-05 23:26:12.283916 = function routing/BGP/test_bgp.py::TestBGPRif::test_bgp_route_aggregation_4byteASN init start
2024-01-05 23:26:18.290581 = function routing/BGP/test_bgp.py::TestBGPRif::test_bgp_route_aggregation_4byteASN init end
2024-01-05 23:26:18.290982 = Framework Function Hook end
2024-01-05 23:26:52.385021 = function routing/BGP/test_bgp.py::TestBGPRif::test_bgp_route_aggregation_4byteASN clean start
2024-01-05 23:26:52.421900 = Test Time (2024-01-05 23:26:12.283995 - 2024-01-05 23:26:52.421888) Published
2024-01-05 23:26:52.427206 = function routing/BGP/test_bgp.py::TestBGPRif::test_bgp_route_aggregation_4byteASN clean end
2024-01-05 23:26:52.427576 = Framework Function Hook Finalize
2024-01-05 23:26:52.428553 = Framework Function Hook Start
2024-01-05 23:26:52.428957 = function routing/BGP/test_bgp.py::TestBGPRif::test_ft_bgp_ipv6_route_aggregation_with_as_set init start
2024-01-05 23:26:58.531621 = function routing/BGP/test_bgp.py::TestBGPRif::test_ft_bgp_ipv6_route_aggregation_with_as_set init end
2024-01-05 23:26:58.532067 = Framework Function Hook end
2024-01-05 23:27:47.288503 = function routing/BGP/test_bgp.py::TestBGPRif::test_ft_bgp_ipv6_route_aggregation_with_as_set clean start
2024-01-05 23:27:47.323873 = Test Time (2024-01-05 23:26:52.429020 - 2024-01-05 23:27:47.323862) Published
2024-01-05 23:27:47.329107 = function routing/BGP/test_bgp.py::TestBGPRif::test_ft_bgp_ipv6_route_aggregation_with_as_set clean end
2024-01-05 23:27:47.329485 = Framework Function Hook Finalize
2024-01-05 23:27:47.330437 = Framework Function Hook Start
2024-01-05 23:27:47.330875 = function routing/BGP/test_bgp.py::TestBGPRif::test_ft_bgp_v4_dyn_nbr init start
2024-01-05 23:27:54.079094 = function routing/BGP/test_bgp.py::TestBGPRif::test_ft_bgp_v4_dyn_nbr init end
2024-01-05 23:27:54.079553 = Framework Function Hook end
2024-01-05 23:28:21.357746 = function routing/BGP/test_bgp.py::TestBGPRif::test_ft_bgp_v4_dyn_nbr clean start
2024-01-05 23:28:21.386180 = Test Time (2024-01-05 23:27:47.330953 - 2024-01-05 23:28:21.386169) Published
2024-01-05 23:28:21.391387 = function routing/BGP/test_bgp.py::TestBGPRif::test_ft_bgp_v4_dyn_nbr clean end
2024-01-05 23:28:21.391815 = Framework Function Hook Finalize
2024-01-05 23:28:21.392753 = Framework Function Hook Start
2024-01-05 23:28:21.393130 = function routing/BGP/test_bgp.py::TestBGPRif::test_ft_bgp_v6_dyn_nbr init start
2024-01-05 23:28:26.811168 = function routing/BGP/test_bgp.py::TestBGPRif::test_ft_bgp_v6_dyn_nbr init end
2024-01-05 23:28:26.811796 = Framework Function Hook end
2024-01-05 23:28:53.680012 = function routing/BGP/test_bgp.py::TestBGPRif::test_ft_bgp_v6_dyn_nbr clean start
2024-01-05 23:28:53.707836 = Test Time (2024-01-05 23:28:21.393190 - 2024-01-05 23:28:53.707824) Published
2024-01-05 23:28:53.713580 = function routing/BGP/test_bgp.py::TestBGPRif::test_ft_bgp_v6_dyn_nbr clean end
2024-01-05 23:28:53.713992 = Framework Function Hook Finalize
2024-01-05 23:28:53.715283 = Framework Function Hook Start
2024-01-05 23:28:53.715806 = function routing/BGP/test_bgp.py::TestBGPRif::test_ft_bgp_v4_max_dyn_nbr init start
2024-01-05 23:28:59.202322 = function routing/BGP/test_bgp.py::TestBGPRif::test_ft_bgp_v4_max_dyn_nbr init end
2024-01-05 23:28:59.202782 = Framework Function Hook end
2024-01-05 23:33:47.512523 = function routing/BGP/test_bgp.py::TestBGPRif::test_ft_bgp_v4_max_dyn_nbr clean start
2024-01-05 23:33:47.549454 = Test Time (2024-01-05 23:28:53.715888 - 2024-01-05 23:33:47.549444) Published
2024-01-05 23:33:47.554524 = function routing/BGP/test_bgp.py::TestBGPRif::test_ft_bgp_v4_max_dyn_nbr clean end
2024-01-05 23:33:47.554836 = Framework Function Hook Finalize
2024-01-05 23:33:47.555820 = Framework Function Hook Start
2024-01-05 23:33:47.556212 = function routing/BGP/test_bgp.py::TestBGPRif::test_ft_bgp_rmap init start
2024-01-05 23:33:52.853404 = function routing/BGP/test_bgp.py::TestBGPRif::test_ft_bgp_rmap init end
2024-01-05 23:33:52.853807 = Framework Function Hook end
2024-01-05 23:34:07.085096 = function routing/BGP/test_bgp.py::TestBGPRif::test_ft_bgp_rmap clean start
2024-01-05 23:34:07.114391 = Test Time (2024-01-05 23:33:47.556274 - 2024-01-05 23:34:07.114380) Published
2024-01-05 23:34:07.119708 = function routing/BGP/test_bgp.py::TestBGPRif::test_ft_bgp_rmap clean end
2024-01-05 23:34:07.120273 = Framework Function Hook Finalize
2024-01-05 23:34:20.892859 = User Class routing/BGP/test_bgp.py Hook Finalize
2024-01-05 23:34:20.902844 = User Class routing/BGP/test_bgp.py Hook Finalize
2024-01-05 23:34:20.911965 = User Class routing/BGP/test_bgp.py Hook Finalize
2024-01-05 23:34:20.921458 = User Class routing/BGP/test_bgp.py Hook Finalize
2024-01-05 23:34:20.931158 = User Class routing/BGP/test_bgp.py Hook Finalize
2024-01-05 23:34:20.940431 = User Class routing/BGP/test_bgp.py Hook Finalize
2024-01-05 23:34:20.951325 = User Class routing/BGP/test_bgp.py Hook Finalize
2024-01-05 23:34:20.960039 = User Class routing/BGP/test_bgp.py Hook Finalize
2024-01-05 23:34:20.968840 = User Class routing/BGP/test_bgp.py Hook Finalize
2024-01-05 23:34:20.977951 = User Class routing/BGP/test_bgp.py Hook Finalize
2024-01-05 23:34:20.986949 = User Class routing/BGP/test_bgp.py Hook Finalize
2024-01-05 23:34:20.996696 = User Class routing/BGP/test_bgp.py Hook Finalize
2024-01-05 23:34:20.997925 = User Class routing/BGP/test_bgp.py Hook Start
2024-01-05 23:35:13.973205 = User Class routing/BGP/test_bgp.py Hook end
2024-01-05 23:35:13.973420 = User Class routing/BGP/test_bgp.py Hook Start
2024-01-05 23:35:47.491056 = User Class routing/BGP/test_bgp.py Hook end
2024-01-05 23:35:47.491511 = Framework Function Hook Start
2024-01-05 23:35:47.491965 = function routing/BGP/test_bgp.py::TestBGPIPvxRouteAdvertisementFilter::test_redistribute_connected_ipv4 init start
2024-01-05 23:35:54.041901 = function routing/BGP/test_bgp.py::TestBGPIPvxRouteAdvertisementFilter::test_redistribute_connected_ipv4 init end
2024-01-05 23:35:54.042323 = Framework Function Hook end
2024-01-05 23:36:07.426555 = function routing/BGP/test_bgp.py::TestBGPIPvxRouteAdvertisementFilter::test_redistribute_connected_ipv4 clean start
2024-01-05 23:36:07.461678 = Test Time (2024-01-05 23:35:47.492033 - 2024-01-05 23:36:07.461667) Published
2024-01-05 23:36:07.466846 = function routing/BGP/test_bgp.py::TestBGPIPvxRouteAdvertisementFilter::test_redistribute_connected_ipv4 clean end
2024-01-05 23:36:07.467165 = Framework Function Hook Finalize
2024-01-05 23:36:07.468132 = Framework Function Hook Start
2024-01-05 23:36:07.468525 = function routing/BGP/test_bgp.py::TestBGPIPvxRouteAdvertisementFilter::test_redistribute_static_ipv4 init start
2024-01-05 23:36:14.154646 = function routing/BGP/test_bgp.py::TestBGPIPvxRouteAdvertisementFilter::test_redistribute_static_ipv4 init end
2024-01-05 23:36:14.155025 = Framework Function Hook end
2024-01-05 23:36:29.040361 = function routing/BGP/test_bgp.py::TestBGPIPvxRouteAdvertisementFilter::test_redistribute_static_ipv4 clean start
2024-01-05 23:36:29.077036 = Test Time (2024-01-05 23:36:07.468588 - 2024-01-05 23:36:29.077026) Published
2024-01-05 23:36:29.082133 = function routing/BGP/test_bgp.py::TestBGPIPvxRouteAdvertisementFilter::test_redistribute_static_ipv4 clean end
2024-01-05 23:36:29.082442 = Framework Function Hook Finalize
2024-01-05 23:36:29.083433 = Framework Function Hook Start
2024-01-05 23:36:29.083849 = function routing/BGP/test_bgp.py::TestBGPIPvxRouteAdvertisementFilter::test_distribute_list_in_ipv4 init start
2024-01-05 23:36:35.245438 = function routing/BGP/test_bgp.py::TestBGPIPvxRouteAdvertisementFilter::test_distribute_list_in_ipv4 init end
2024-01-05 23:36:35.245841 = Framework Function Hook end
2024-01-05 23:36:44.145143 = function routing/BGP/test_bgp.py::TestBGPIPvxRouteAdvertisementFilter::test_distribute_list_in_ipv4 clean start
2024-01-05 23:36:44.180940 = Test Time (2024-01-05 23:36:29.083913 - 2024-01-05 23:36:44.180926) Published
2024-01-05 23:36:44.186710 = function routing/BGP/test_bgp.py::TestBGPIPvxRouteAdvertisementFilter::test_distribute_list_in_ipv4 clean end
2024-01-05 23:36:44.187176 = Framework Function Hook Finalize
2024-01-05 23:36:44.188626 = Framework Function Hook Start
2024-01-05 23:36:44.189187 = function routing/BGP/test_bgp.py::TestBGPIPvxRouteAdvertisementFilter::test_filter_list_in_ipv4 init start
2024-01-05 23:36:50.677610 = function routing/BGP/test_bgp.py::TestBGPIPvxRouteAdvertisementFilter::test_filter_list_in_ipv4 init end
2024-01-05 23:36:50.678036 = Framework Function Hook end
2024-01-05 23:36:59.549881 = function routing/BGP/test_bgp.py::TestBGPIPvxRouteAdvertisementFilter::test_filter_list_in_ipv4 clean start
2024-01-05 23:36:59.614626 = Test Time (2024-01-05 23:36:44.189284 - 2024-01-05 23:36:59.614616) Published
2024-01-05 23:36:59.619628 = function routing/BGP/test_bgp.py::TestBGPIPvxRouteAdvertisementFilter::test_filter_list_in_ipv4 clean end
2024-01-05 23:36:59.619959 = Framework Function Hook Finalize
2024-01-05 23:36:59.620916 = Framework Function Hook Start
2024-01-05 23:36:59.621284 = function routing/BGP/test_bgp.py::TestBGPIPvxRouteAdvertisementFilter::test_prefix_list_out_ipv4 init start
2024-01-05 23:37:06.184889 = function routing/BGP/test_bgp.py::TestBGPIPvxRouteAdvertisementFilter::test_prefix_list_out_ipv4 init end
2024-01-05 23:37:06.185281 = Framework Function Hook end
2024-01-05 23:37:27.204328 = function routing/BGP/test_bgp.py::TestBGPIPvxRouteAdvertisementFilter::test_prefix_list_out_ipv4 clean start
2024-01-05 23:37:27.230409 = Test Time (2024-01-05 23:36:59.621344 - 2024-01-05 23:37:27.230398) Published
2024-01-05 23:37:27.235546 = function routing/BGP/test_bgp.py::TestBGPIPvxRouteAdvertisementFilter::test_prefix_list_out_ipv4 clean end
2024-01-05 23:37:27.235896 = Framework Function Hook Finalize
2024-01-05 23:37:27.236838 = Framework Function Hook Start
2024-01-05 23:37:27.237232 = function routing/BGP/test_bgp.py::TestBGPIPvxRouteAdvertisementFilter::test_default_originate_ipv4 init start
2024-01-05 23:37:33.738531 = function routing/BGP/test_bgp.py::TestBGPIPvxRouteAdvertisementFilter::test_default_originate_ipv4 init end
2024-01-05 23:37:33.738919 = Framework Function Hook end
2024-01-05 23:37:43.464945 = function routing/BGP/test_bgp.py::TestBGPIPvxRouteAdvertisementFilter::test_default_originate_ipv4 clean start
2024-01-05 23:37:43.500834 = Test Time (2024-01-05 23:37:27.237295 - 2024-01-05 23:37:43.500824) Published
2024-01-05 23:37:43.505909 = function routing/BGP/test_bgp.py::TestBGPIPvxRouteAdvertisementFilter::test_default_originate_ipv4 clean end
2024-01-05 23:37:43.506217 = Framework Function Hook Finalize
2024-01-05 23:37:43.507190 = Framework Function Hook Start
2024-01-05 23:37:43.507569 = function routing/BGP/test_bgp.py::TestBGPIPvxRouteAdvertisementFilter::test_route_map_in_ipv4 init start
2024-01-05 23:37:49.909611 = function routing/BGP/test_bgp.py::TestBGPIPvxRouteAdvertisementFilter::test_route_map_in_ipv4 init end
2024-01-05 23:37:49.909995 = Framework Function Hook end
2024-01-05 23:37:49.910316 = User Function routing/BGP/test_bgp.py::TestBGPIPvxRouteAdvertisementFilter::test_route_map_in_ipv4 Hook Start
2024-01-05 23:37:49.918048 = User Function routing/BGP/test_bgp.py::TestBGPIPvxRouteAdvertisementFilter::test_route_map_in_ipv4 Hook end
2024-01-05 23:37:55.106848 = User Function routing/BGP/test_bgp.py::TestBGPIPvxRouteAdvertisementFilter::test_route_map_in_ipv4 Hook Finalize
2024-01-05 23:37:55.107045 = function routing/BGP/test_bgp.py::TestBGPIPvxRouteAdvertisementFilter::test_route_map_in_ipv4 clean start
2024-01-05 23:37:55.143045 = Test Time (2024-01-05 23:37:43.507631 - 2024-01-05 23:37:55.143035) Published
2024-01-05 23:37:55.148138 = function routing/BGP/test_bgp.py::TestBGPIPvxRouteAdvertisementFilter::test_route_map_in_ipv4 clean end
2024-01-05 23:37:55.148447 = Framework Function Hook Finalize
2024-01-05 23:37:55.149412 = Framework Function Hook Start
2024-01-05 23:37:55.149794 = function routing/BGP/test_bgp.py::TestBGPIPvxRouteAdvertisementFilter::test_redistribute_connected_ipv6 init start
2024-01-05 23:38:01.651173 = function routing/BGP/test_bgp.py::TestBGPIPvxRouteAdvertisementFilter::test_redistribute_connected_ipv6 init end
2024-01-05 23:38:01.651632 = Framework Function Hook end
2024-01-05 23:38:14.928500 = function routing/BGP/test_bgp.py::TestBGPIPvxRouteAdvertisementFilter::test_redistribute_connected_ipv6 clean start
2024-01-05 23:38:14.962649 = Test Time (2024-01-05 23:37:55.149856 - 2024-01-05 23:38:14.962639) Published
2024-01-05 23:38:14.967694 = function routing/BGP/test_bgp.py::TestBGPIPvxRouteAdvertisementFilter::test_redistribute_connected_ipv6 clean end
2024-01-05 23:38:14.967995 = Framework Function Hook Finalize
2024-01-05 23:38:14.968960 = Framework Function Hook Start
2024-01-05 23:38:14.969326 = function routing/BGP/test_bgp.py::TestBGPIPvxRouteAdvertisementFilter::test_redistribute_static_ipv6 init start
2024-01-05 23:38:21.732965 = function routing/BGP/test_bgp.py::TestBGPIPvxRouteAdvertisementFilter::test_redistribute_static_ipv6 init end
2024-01-05 23:38:21.733440 = Framework Function Hook end
2024-01-05 23:38:37.005935 = function routing/BGP/test_bgp.py::TestBGPIPvxRouteAdvertisementFilter::test_redistribute_static_ipv6 clean start
2024-01-05 23:38:37.043969 = Test Time (2024-01-05 23:38:14.969387 - 2024-01-05 23:38:37.043960) Published
2024-01-05 23:38:37.049047 = function routing/BGP/test_bgp.py::TestBGPIPvxRouteAdvertisementFilter::test_redistribute_static_ipv6 clean end
2024-01-05 23:38:37.049355 = Framework Function Hook Finalize
2024-01-05 23:38:37.050264 = Framework Function Hook Start
2024-01-05 23:38:37.050662 = function routing/BGP/test_bgp.py::TestBGPIPvxRouteAdvertisementFilter::test_distribute_list_in_ipv6 init start
2024-01-05 23:38:43.316711 = function routing/BGP/test_bgp.py::TestBGPIPvxRouteAdvertisementFilter::test_distribute_list_in_ipv6 init end
2024-01-05 23:38:43.317128 = Framework Function Hook end
2024-01-05 23:38:52.249329 = function routing/BGP/test_bgp.py::TestBGPIPvxRouteAdvertisementFilter::test_distribute_list_in_ipv6 clean start
2024-01-05 23:38:52.279961 = Test Time (2024-01-05 23:38:37.050727 - 2024-01-05 23:38:52.279950) Published
2024-01-05 23:38:52.285156 = function routing/BGP/test_bgp.py::TestBGPIPvxRouteAdvertisementFilter::test_distribute_list_in_ipv6 clean end
2024-01-05 23:38:52.285515 = Framework Function Hook Finalize
2024-01-05 23:38:52.286504 = Framework Function Hook Start
2024-01-05 23:38:52.286907 = function routing/BGP/test_bgp.py::TestBGPIPvxRouteAdvertisementFilter::test_filter_list_in_ipv6 init start
2024-01-05 23:38:58.826447 = function routing/BGP/test_bgp.py::TestBGPIPvxRouteAdvertisementFilter::test_filter_list_in_ipv6 init end
2024-01-05 23:38:58.826873 = Framework Function Hook end
2024-01-05 23:39:07.720622 = function routing/BGP/test_bgp.py::TestBGPIPvxRouteAdvertisementFilter::test_filter_list_in_ipv6 clean start
2024-01-05 23:39:07.749658 = Test Time (2024-01-05 23:38:52.286971 - 2024-01-05 23:39:07.749649) Published
2024-01-05 23:39:07.754742 = function routing/BGP/test_bgp.py::TestBGPIPvxRouteAdvertisementFilter::test_filter_list_in_ipv6 clean end
2024-01-05 23:39:07.755066 = Framework Function Hook Finalize
2024-01-05 23:39:07.755985 = Framework Function Hook Start
2024-01-05 23:39:07.756352 = function routing/BGP/test_bgp.py::TestBGPIPvxRouteAdvertisementFilter::test_prefix_list_out_ipv6 init start
2024-01-05 23:39:14.214130 = function routing/BGP/test_bgp.py::TestBGPIPvxRouteAdvertisementFilter::test_prefix_list_out_ipv6 init end
2024-01-05 23:39:14.214632 = Framework Function Hook end
2024-01-05 23:39:23.584055 = function routing/BGP/test_bgp.py::TestBGPIPvxRouteAdvertisementFilter::test_prefix_list_out_ipv6 clean start
2024-01-05 23:39:23.613110 = Test Time (2024-01-05 23:39:07.756413 - 2024-01-05 23:39:23.613101) Published
2024-01-05 23:39:23.618156 = function routing/BGP/test_bgp.py::TestBGPIPvxRouteAdvertisementFilter::test_prefix_list_out_ipv6 clean end
2024-01-05 23:39:23.618462 = Framework Function Hook Finalize
2024-01-05 23:39:23.619427 = Framework Function Hook Start
2024-01-05 23:39:23.619818 = function routing/BGP/test_bgp.py::TestBGPIPvxRouteAdvertisementFilter::test_filter_list_out_ipv6 init start
2024-01-05 23:39:30.114766 = function routing/BGP/test_bgp.py::TestBGPIPvxRouteAdvertisementFilter::test_filter_list_out_ipv6 init end
2024-01-05 23:39:30.115200 = Framework Function Hook end
2024-01-05 23:39:39.473126 = function routing/BGP/test_bgp.py::TestBGPIPvxRouteAdvertisementFilter::test_filter_list_out_ipv6 clean start
2024-01-05 23:39:39.500775 = Test Time (2024-01-05 23:39:23.619880 - 2024-01-05 23:39:39.500766) Published
2024-01-05 23:39:39.505769 = function routing/BGP/test_bgp.py::TestBGPIPvxRouteAdvertisementFilter::test_filter_list_out_ipv6 clean end
2024-01-05 23:39:39.506073 = Framework Function Hook Finalize
2024-01-05 23:39:39.507101 = Framework Function Hook Start
2024-01-05 23:39:39.507472 = function routing/BGP/test_bgp.py::TestBGPIPvxRouteAdvertisementFilter::test_default_originate_ipv6 init start
2024-01-05 23:39:45.990988 = function routing/BGP/test_bgp.py::TestBGPIPvxRouteAdvertisementFilter::test_default_originate_ipv6 init end
2024-01-05 23:39:45.991416 = Framework Function Hook end
2024-01-05 23:39:55.794685 = function routing/BGP/test_bgp.py::TestBGPIPvxRouteAdvertisementFilter::test_default_originate_ipv6 clean start
2024-01-05 23:39:55.830570 = Test Time (2024-01-05 23:39:39.507533 - 2024-01-05 23:39:55.830560) Published
2024-01-05 23:39:55.835827 = function routing/BGP/test_bgp.py::TestBGPIPvxRouteAdvertisementFilter::test_default_originate_ipv6 clean end
2024-01-05 23:39:55.836302 = Framework Function Hook Finalize
2024-01-05 23:39:55.837493 = Framework Function Hook Start
2024-01-05 23:39:55.837889 = function routing/BGP/test_bgp.py::TestBGPIPvxRouteAdvertisementFilter::test_route_map_in_ipv6 init start
2024-01-05 23:40:03.136006 = function routing/BGP/test_bgp.py::TestBGPIPvxRouteAdvertisementFilter::test_route_map_in_ipv6 init end
2024-01-05 23:40:03.136397 = Framework Function Hook end
2024-01-05 23:40:03.136819 = User Function routing/BGP/test_bgp.py::TestBGPIPvxRouteAdvertisementFilter::test_route_map_in_ipv6 Hook Start
2024-01-05 23:40:07.214091 = User Function routing/BGP/test_bgp.py::TestBGPIPvxRouteAdvertisementFilter::test_route_map_in_ipv6 Hook end
2024-01-05 23:40:17.912023 = User Function routing/BGP/test_bgp.py::TestBGPIPvxRouteAdvertisementFilter::test_route_map_in_ipv6 Hook Finalize
2024-01-05 23:40:17.912237 = function routing/BGP/test_bgp.py::TestBGPIPvxRouteAdvertisementFilter::test_route_map_in_ipv6 clean start
2024-01-05 23:40:17.946008 = Test Time (2024-01-05 23:39:55.837955 - 2024-01-05 23:40:17.945999) Published
2024-01-05 23:40:17.951109 = function routing/BGP/test_bgp.py::TestBGPIPvxRouteAdvertisementFilter::test_route_map_in_ipv6 clean end
2024-01-05 23:40:17.951421 = Framework Function Hook Finalize
2024-01-05 23:40:17.952393 = Framework Function Hook Start
2024-01-05 23:40:17.952767 = function routing/BGP/test_bgp.py::TestBGPIPvxRouteAdvertisementFilter::test_bgp_route_map_with_community init start
2024-01-05 23:40:24.532662 = function routing/BGP/test_bgp.py::TestBGPIPvxRouteAdvertisementFilter::test_bgp_route_map_with_community init end
2024-01-05 23:40:24.533039 = Framework Function Hook end
2024-01-05 23:40:42.843712 = function routing/BGP/test_bgp.py::TestBGPIPvxRouteAdvertisementFilter::test_bgp_route_map_with_community clean start
2024-01-05 23:40:42.872650 = Test Time (2024-01-05 23:40:17.952828 - 2024-01-05 23:40:42.872641) Published
2024-01-05 23:40:42.877659 = function routing/BGP/test_bgp.py::TestBGPIPvxRouteAdvertisementFilter::test_bgp_route_map_with_community clean end
2024-01-05 23:40:42.877961 = Framework Function Hook Finalize
2024-01-05 23:40:42.878934 = Framework Function Hook Start
2024-01-05 23:40:42.879311 = function routing/BGP/test_bgp.py::TestBGPIPvxRouteAdvertisementFilter::test_bgp_ebgp4_nbr_update_source init start
2024-01-05 23:40:49.122226 = function routing/BGP/test_bgp.py::TestBGPIPvxRouteAdvertisementFilter::test_bgp_ebgp4_nbr_update_source init end
2024-01-05 23:40:49.122627 = Framework Function Hook end
2024-01-05 23:40:49.122962 = User Function routing/BGP/test_bgp.py::TestBGPIPvxRouteAdvertisementFilter::test_bgp_ebgp4_nbr_update_source Hook Start
2024-01-05 23:40:49.132265 = User Function routing/BGP/test_bgp.py::TestBGPIPvxRouteAdvertisementFilter::test_bgp_ebgp4_nbr_update_source Hook end
2024-01-05 23:41:16.218471 = User Function routing/BGP/test_bgp.py::TestBGPIPvxRouteAdvertisementFilter::test_bgp_ebgp4_nbr_update_source Hook Finalize
2024-01-05 23:41:16.218692 = function routing/BGP/test_bgp.py::TestBGPIPvxRouteAdvertisementFilter::test_bgp_ebgp4_nbr_update_source clean start
2024-01-05 23:41:16.248534 = Test Time (2024-01-05 23:40:42.879374 - 2024-01-05 23:41:16.248524) Published
2024-01-05 23:41:16.253621 = function routing/BGP/test_bgp.py::TestBGPIPvxRouteAdvertisementFilter::test_bgp_ebgp4_nbr_update_source clean end
2024-01-05 23:41:16.253934 = Framework Function Hook Finalize
2024-01-05 23:41:16.254905 = Framework Function Hook Start
2024-01-05 23:41:16.255286 = function routing/BGP/test_bgp.py::TestBGPIPvxRouteAdvertisementFilter::test_bgp_ebgp4_nbr_authentication init start
2024-01-05 23:41:22.780636 = function routing/BGP/test_bgp.py::TestBGPIPvxRouteAdvertisementFilter::test_bgp_ebgp4_nbr_authentication init end
2024-01-05 23:41:22.781020 = Framework Function Hook end
2024-01-05 23:47:35.134241 = function routing/BGP/test_bgp.py::TestBGPIPvxRouteAdvertisementFilter::test_bgp_ebgp4_nbr_authentication clean start
2024-01-05 23:47:35.177793 = Test Time (2024-01-05 23:41:16.255348 - 2024-01-05 23:47:35.177776) Published
2024-01-05 23:47:35.183995 = function routing/BGP/test_bgp.py::TestBGPIPvxRouteAdvertisementFilter::test_bgp_ebgp4_nbr_authentication clean end
2024-01-05 23:47:35.184420 = Framework Function Hook Finalize
2024-01-05 23:47:35.186332 = Framework Function Hook Start
2024-01-05 23:47:35.187001 = function routing/BGP/test_bgp.py::TestBGPIPvxRouteAdvertisementFilter::test_route_aggregate_ipv6 init start
2024-01-05 23:47:41.673239 = function routing/BGP/test_bgp.py::TestBGPIPvxRouteAdvertisementFilter::test_route_aggregate_ipv6 init end
2024-01-05 23:47:41.673638 = Framework Function Hook end
2024-01-05 23:48:01.472908 = function routing/BGP/test_bgp.py::TestBGPIPvxRouteAdvertisementFilter::test_route_aggregate_ipv6 clean start
2024-01-05 23:48:01.510202 = Test Time (2024-01-05 23:47:35.187122 - 2024-01-05 23:48:01.510193) Published
2024-01-05 23:48:01.515294 = function routing/BGP/test_bgp.py::TestBGPIPvxRouteAdvertisementFilter::test_route_aggregate_ipv6 clean end
2024-01-05 23:48:01.515593 = Framework Function Hook Finalize
2024-01-05 23:48:01.516539 = Framework Function Hook Start
2024-01-05 23:48:01.516911 = function routing/BGP/test_bgp.py::TestBGPIPvxRouteAdvertisementFilter::test_static_blackhole_rt_redistribute_with_routemap_ipv6 init start
2024-01-05 23:48:08.225165 = function routing/BGP/test_bgp.py::TestBGPIPvxRouteAdvertisementFilter::test_static_blackhole_rt_redistribute_with_routemap_ipv6 init end
2024-01-05 23:48:08.225584 = Framework Function Hook end
2024-01-05 23:48:16.558069 = function routing/BGP/test_bgp.py::TestBGPIPvxRouteAdvertisementFilter::test_static_blackhole_rt_redistribute_with_routemap_ipv6 clean start
2024-01-05 23:48:16.594543 = Test Time (2024-01-05 23:48:01.516972 - 2024-01-05 23:48:16.594533) Published
2024-01-05 23:48:16.599619 = function routing/BGP/test_bgp.py::TestBGPIPvxRouteAdvertisementFilter::test_static_blackhole_rt_redistribute_with_routemap_ipv6 clean end
2024-01-05 23:48:16.599915 = Framework Function Hook Finalize
2024-01-05 23:48:48.875546 = User Class routing/BGP/test_bgp.py Hook Finalize
2024-01-05 23:49:01.915423 = User Class routing/BGP/test_bgp.py Hook Finalize
2024-01-05 23:49:01.924403 = User Class routing/BGP/test_bgp.py Hook Finalize
2024-01-05 23:49:01.933267 = User Class routing/BGP/test_bgp.py Hook Finalize
2024-01-05 23:49:01.942694 = User Class routing/BGP/test_bgp.py Hook Finalize
2024-01-05 23:49:01.951475 = User Class routing/BGP/test_bgp.py Hook Finalize
2024-01-05 23:49:01.959694 = User Class routing/BGP/test_bgp.py Hook Finalize
2024-01-05 23:49:01.967950 = User Class routing/BGP/test_bgp.py Hook Finalize
2024-01-05 23:49:01.977347 = User Class routing/BGP/test_bgp.py Hook Finalize
2024-01-05 23:49:02.023080 = User Class routing/BGP/test_bgp.py Hook Finalize
2024-01-05 23:49:02.031679 = User Class routing/BGP/test_bgp.py Hook Finalize
2024-01-05 23:49:02.039538 = User Class routing/BGP/test_bgp.py Hook Finalize
2024-01-05 23:49:02.047756 = User Class routing/BGP/test_bgp.py Hook Finalize
2024-01-05 23:49:02.055478 = User Class routing/BGP/test_bgp.py Hook Finalize
2024-01-05 23:49:02.063289 = User Class routing/BGP/test_bgp.py Hook Finalize
2024-01-05 23:49:02.070862 = User Class routing/BGP/test_bgp.py Hook Finalize
2024-01-05 23:49:02.080034 = User Class routing/BGP/test_bgp.py Hook Finalize
2024-01-05 23:49:02.088016 = User Class routing/BGP/test_bgp.py Hook Finalize
2024-01-05 23:49:02.095668 = User Class routing/BGP/test_bgp.py Hook Finalize
2024-01-05 23:49:02.102881 = User Class routing/BGP/test_bgp.py Hook Finalize
2024-01-05 23:49:02.111802 = User Class routing/BGP/test_bgp.py Hook Finalize
2024-01-05 23:49:02.120996 = User Class routing/BGP/test_bgp.py Hook Finalize
2024-01-05 23:49:02.130042 = User Class routing/BGP/test_bgp.py Hook Finalize
2024-01-05 23:49:02.139407 = User Class routing/BGP/test_bgp.py Hook Finalize
2024-01-05 23:49:02.147676 = User Class routing/BGP/test_bgp.py Hook Finalize
2024-01-05 23:49:02.156378 = User Class routing/BGP/test_bgp.py Hook Finalize
2024-01-05 23:49:02.165306 = User Class routing/BGP/test_bgp.py Hook Finalize
2024-01-05 23:49:02.173363 = User Class routing/BGP/test_bgp.py Hook Finalize
2024-01-05 23:49:02.182291 = User Class routing/BGP/test_bgp.py Hook Finalize
2024-01-05 23:49:02.191189 = User Class routing/BGP/test_bgp.py Hook Finalize
2024-01-05 23:49:02.201295 = User Class routing/BGP/test_bgp.py Hook Finalize
2024-01-05 23:49:02.210358 = User Class routing/BGP/test_bgp.py Hook Finalize
2024-01-05 23:49:02.218413 = User Class routing/BGP/test_bgp.py Hook Finalize
2024-01-05 23:49:02.227585 = User Class routing/BGP/test_bgp.py Hook Finalize
2024-01-05 23:49:02.239192 = User Class routing/BGP/test_bgp.py Hook Finalize
2024-01-05 23:49:02.247008 = User Class routing/BGP/test_bgp.py Hook Finalize
2024-01-05 23:49:02.255057 = User Class routing/BGP/test_bgp.py Hook Finalize
2024-01-05 23:49:02.262803 = User Class routing/BGP/test_bgp.py Hook Finalize
2024-01-05 23:49:02.272074 = User Class routing/BGP/test_bgp.py Hook Finalize
2024-01-05 23:49:02.280851 = User Class routing/BGP/test_bgp.py Hook Finalize
2024-01-05 23:49:02.282025 = User Class routing/BGP/test_bgp.py Hook Start
2024-01-05 23:49:55.218890 = User Class routing/BGP/test_bgp.py Hook end
2024-01-05 23:49:55.219136 = Framework Function Hook Start
2024-01-05 23:49:55.219516 = function routing/BGP/test_bgp.py::TestBGPVeLag::test_ft_bgp_clear init start
2024-01-05 23:50:01.461909 = function routing/BGP/test_bgp.py::TestBGPVeLag::test_ft_bgp_clear init end
2024-01-05 23:50:01.462280 = Framework Function Hook end
2024-01-05 23:50:10.717797 = function routing/BGP/test_bgp.py::TestBGPVeLag::test_ft_bgp_clear clean start
2024-01-05 23:50:10.746562 = Test Time (2024-01-05 23:49:55.219587 - 2024-01-05 23:50:10.746551) Published
2024-01-05 23:50:10.751870 = function routing/BGP/test_bgp.py::TestBGPVeLag::test_ft_bgp_clear clean end
2024-01-05 23:50:10.752215 = Framework Function Hook Finalize
2024-01-05 23:50:10.753173 = Framework Function Hook Start
2024-01-05 23:50:10.753547 = function routing/BGP/test_bgp.py::TestBGPVeLag::test_ft_bgp_peer_traffic_check init start
2024-01-05 23:50:16.835652 = function routing/BGP/test_bgp.py::TestBGPVeLag::test_ft_bgp_peer_traffic_check init end
2024-01-05 23:50:16.836030 = Framework Function Hook end
2024-01-05 23:50:16.836333 = User Function routing/BGP/test_bgp.py::TestBGPVeLag::test_ft_bgp_peer_traffic_check Hook Start
2024-01-05 23:50:16.844802 = User Function routing/BGP/test_bgp.py::TestBGPVeLag::test_ft_bgp_peer_traffic_check Hook end
2024-01-05 23:53:41.527529 = User Function routing/BGP/test_bgp.py::TestBGPVeLag::test_ft_bgp_peer_traffic_check Hook Finalize
2024-01-05 23:53:41.527770 = function routing/BGP/test_bgp.py::TestBGPVeLag::test_ft_bgp_peer_traffic_check clean start
2024-01-05 23:53:41.554050 = Test Time (2024-01-05 23:50:10.753609 - 2024-01-05 23:53:41.554040) Published
2024-01-05 23:53:41.559544 = function routing/BGP/test_bgp.py::TestBGPVeLag::test_ft_bgp_peer_traffic_check clean end
2024-01-05 23:53:41.559889 = Framework Function Hook Finalize
2024-01-05 23:53:56.857792 = User Class routing/BGP/test_bgp.py Hook Finalize
2024-01-05 23:53:56.865388 = User Class routing/BGP/test_bgp.py Hook Finalize
2024-01-05 23:53:57.436415 = User Class routing/BGP/test_bgp.py Hook Start
2024-01-05 23:54:50.649095 = User Class routing/BGP/test_bgp.py Hook end
2024-01-05 23:54:50.649318 = Framework Function Hook Start
2024-01-05 23:54:50.649663 = function routing/BGP/test_bgp.py::TestBGPL3Lag::test_ft_bgp_l3lag_peer_traffic_check init start
2024-01-05 23:54:56.920053 = function routing/BGP/test_bgp.py::TestBGPL3Lag::test_ft_bgp_l3lag_peer_traffic_check init end
2024-01-05 23:54:56.920694 = Framework Function Hook end
2024-01-05 23:58:18.290769 = function routing/BGP/test_bgp.py::TestBGPL3Lag::test_ft_bgp_l3lag_peer_traffic_check clean start
2024-01-05 23:58:18.321366 = Test Time (2024-01-05 23:54:50.649723 - 2024-01-05 23:58:18.321355) Published
2024-01-05 23:58:18.326737 = function routing/BGP/test_bgp.py::TestBGPL3Lag::test_ft_bgp_l3lag_peer_traffic_check clean end
2024-01-05 23:58:18.327113 = Framework Function Hook Finalize
2024-01-05 23:58:34.689412 = User Class routing/BGP/test_bgp.py Hook Finalize
2024-01-05 23:59:29.047519 = User Module routing/BGP/test_bgp.py Hook Finalize
2024-01-05 23:59:29.047944 = module test_bgp.py clean start
2024-01-05 23:59:55.589807 = report file generation start
2024-01-05 23:59:55.698972 = report file generation end
2024-01-05 23:59:55.704229 = module test_bgp.py clean end
2024-01-05 23:59:55.704739 = Framework Module Hook Finalize
2024-01-05 23:59:56.518293 = Framework Module Hook Start
2024-01-05 23:59:57.359463 = module test_spytest_infra_1.py init start
2024-01-06 00:01:22.329853 = module test_spytest_infra_1.py init end
2024-01-06 00:01:22.330280 = Framework Module Hook end
2024-01-06 00:01:22.330730 = Framework Function Hook Start
2024-01-06 00:01:26.602686 = function batch/test_spytest_infra_1.py::test_spytest_infra_last init start
2024-01-06 00:01:31.914171 = function batch/test_spytest_infra_1.py::test_spytest_infra_last init end
2024-01-06 00:01:31.915248 = Framework Function Hook end
2024-01-06 00:01:31.916842 = Module Config Time (2024-01-05 23:59:56.518556 - 2024-01-06 00:01:22.330853) Published
2024-01-06 00:01:31.919403 = function batch/test_spytest_infra_1.py::test_spytest_infra_last clean start
2024-01-06 00:01:31.938000 = Test Time (2024-01-06 00:01:26.602835 - 2024-01-06 00:01:31.937992) Published
2024-01-06 00:01:31.943292 = function batch/test_spytest_infra_1.py::test_spytest_infra_last clean end
2024-01-06 00:01:31.943616 = Framework Function Hook Finalize
2024-01-06 00:01:31.943782 = module test_spytest_infra_1.py clean start
2024-01-06 00:01:34.437377 = report file generation start
2024-01-06 00:01:34.538200 = report file generation end
2024-01-06 00:01:34.543287 = module test_spytest_infra_1.py clean end
2024-01-06 00:01:34.543675 = Framework Module Hook Finalize
2024-01-06 00:01:34.545681 = Framework Module Hook Start
2024-01-06 00:01:35.375973 = module test_ip.py init start
2024-01-06 00:04:26.840108 = module test_ip.py init end
2024-01-06 00:04:26.840620 = Framework Module Hook end
2024-01-06 00:04:26.841035 = User Module routing/test_ip.py Hook Start
2024-01-06 00:05:06.655192 = User Module routing/test_ip.py Hook end
2024-01-06 00:05:06.655537 = Framework Function Hook Start
2024-01-06 00:05:35.596006 = function routing/test_ip.py::test_l3_v4_route_po_1 init start
2024-01-06 00:05:41.089199 = function routing/test_ip.py::test_l3_v4_route_po_1 init end
2024-01-06 00:05:41.089892 = Framework Function Hook end
2024-01-06 00:05:41.090613 = User Function routing/test_ip.py::test_l3_v4_route_po_1 Hook Start
2024-01-06 00:05:41.100607 = User Function routing/test_ip.py::test_l3_v4_route_po_1 Hook end
2024-01-06 00:05:41.101862 = Module Config Time (2024-01-06 00:01:34.545738 - 2024-01-06 00:05:06.655636) Published
2024-01-06 00:08:05.855580 = User Function routing/test_ip.py::test_l3_v4_route_po_1 Hook Finalize
2024-01-06 00:08:05.855778 = function routing/test_ip.py::test_l3_v4_route_po_1 clean start
2024-01-06 00:08:05.893069 = Test Time (2024-01-06 00:05:35.596339 - 2024-01-06 00:08:05.893058) Published
2024-01-06 00:08:05.898295 = function routing/test_ip.py::test_l3_v4_route_po_1 clean end
2024-01-06 00:08:05.898640 = Framework Function Hook Finalize
2024-01-06 00:08:05.899579 = Framework Function Hook Start
2024-01-06 00:08:05.899970 = function routing/test_ip.py::test_ft_ping_v4_v6_vlan init start
2024-01-06 00:08:11.304440 = function routing/test_ip.py::test_ft_ping_v4_v6_vlan init end
2024-01-06 00:08:11.304932 = Framework Function Hook end
2024-01-06 00:08:11.305337 = User Function routing/test_ip.py::test_ft_ping_v4_v6_vlan Hook Start
2024-01-06 00:08:11.314353 = User Function routing/test_ip.py::test_ft_ping_v4_v6_vlan Hook end
2024-01-06 00:08:12.783117 = User Function routing/test_ip.py::test_ft_ping_v4_v6_vlan Hook Finalize
2024-01-06 00:08:12.783294 = function routing/test_ip.py::test_ft_ping_v4_v6_vlan clean start
2024-01-06 00:08:12.812217 = Test Time (2024-01-06 00:08:05.900031 - 2024-01-06 00:08:12.812207) Published
2024-01-06 00:08:12.817274 = function routing/test_ip.py::test_ft_ping_v4_v6_vlan clean end
2024-01-06 00:08:12.817580 = Framework Function Hook Finalize
2024-01-06 00:08:12.818444 = Framework Function Hook Start
2024-01-06 00:08:12.818878 = function routing/test_ip.py::test_ft_ping_v4_v6_after_ip_change_pc init start
2024-01-06 00:08:18.379579 = function routing/test_ip.py::test_ft_ping_v4_v6_after_ip_change_pc init end
2024-01-06 00:08:18.380048 = Framework Function Hook end
2024-01-06 00:08:18.380436 = User Function routing/test_ip.py::test_ft_ping_v4_v6_after_ip_change_pc Hook Start
2024-01-06 00:08:18.388984 = User Function routing/test_ip.py::test_ft_ping_v4_v6_after_ip_change_pc Hook end
2024-01-06 00:08:37.458640 = User Function routing/test_ip.py::test_ft_ping_v4_v6_after_ip_change_pc Hook Finalize
2024-01-06 00:08:37.458869 = function routing/test_ip.py::test_ft_ping_v4_v6_after_ip_change_pc clean start
2024-01-06 00:08:37.485197 = Test Time (2024-01-06 00:08:12.818943 - 2024-01-06 00:08:37.485188) Published
2024-01-06 00:08:37.490396 = function routing/test_ip.py::test_ft_ping_v4_v6_after_ip_change_pc clean end
2024-01-06 00:08:37.490719 = Framework Function Hook Finalize
2024-01-06 00:08:37.491865 = Framework Function Hook Start
2024-01-06 00:08:37.492266 = function routing/test_ip.py::test_ft_ip6_static_route_traffic_forward_blackhole init start
2024-01-06 00:08:42.827530 = function routing/test_ip.py::test_ft_ip6_static_route_traffic_forward_blackhole init end
2024-01-06 00:08:42.828120 = Framework Function Hook end
2024-01-06 00:08:42.828607 = User Function routing/test_ip.py::test_ft_ip6_static_route_traffic_forward_blackhole Hook Start
2024-01-06 00:08:42.838514 = User Function routing/test_ip.py::test_ft_ip6_static_route_traffic_forward_blackhole Hook end
2024-01-06 00:09:48.474668 = User Function routing/test_ip.py::test_ft_ip6_static_route_traffic_forward_blackhole Hook Finalize
2024-01-06 00:09:48.475058 = function routing/test_ip.py::test_ft_ip6_static_route_traffic_forward_blackhole clean start
2024-01-06 00:09:48.525318 = Test Time (2024-01-06 00:08:37.492327 - 2024-01-06 00:09:48.525305) Published
2024-01-06 00:09:48.530987 = function routing/test_ip.py::test_ft_ip6_static_route_traffic_forward_blackhole clean end
2024-01-06 00:09:48.531433 = Framework Function Hook Finalize
2024-01-06 00:09:48.532775 = Framework Function Hook Start
2024-01-06 00:09:48.533242 = function routing/test_ip.py::test_ft_ip_static_route_traffic_forward init start
2024-01-06 00:09:54.043180 = function routing/test_ip.py::test_ft_ip_static_route_traffic_forward init end
2024-01-06 00:09:54.043654 = Framework Function Hook end
2024-01-06 00:09:54.044024 = User Function routing/test_ip.py::test_ft_ip_static_route_traffic_forward Hook Start
2024-01-06 00:09:54.051109 = User Function routing/test_ip.py::test_ft_ip_static_route_traffic_forward Hook end
2024-01-06 00:10:46.152524 = User Function routing/test_ip.py::test_ft_ip_static_route_traffic_forward Hook Finalize
2024-01-06 00:10:46.152881 = function routing/test_ip.py::test_ft_ip_static_route_traffic_forward clean start
2024-01-06 00:10:46.185399 = Test Time (2024-01-06 00:09:48.533305 - 2024-01-06 00:10:46.185388) Published
2024-01-06 00:10:46.190636 = function routing/test_ip.py::test_ft_ip_static_route_traffic_forward clean end
2024-01-06 00:10:46.190987 = Framework Function Hook Finalize
2024-01-06 00:10:46.191905 = Framework Function Hook Start
2024-01-06 00:10:46.192282 = function routing/test_ip.py::test_ft_ip_v4_v6_L2_L3_translation init start
2024-01-06 00:10:51.663262 = function routing/test_ip.py::test_ft_ip_v4_v6_L2_L3_translation init end
2024-01-06 00:10:51.663731 = Framework Function Hook end
2024-01-06 00:10:51.664096 = User Function routing/test_ip.py::test_ft_ip_v4_v6_L2_L3_translation Hook Start
2024-01-06 00:10:51.674178 = User Function routing/test_ip.py::test_ft_ip_v4_v6_L2_L3_translation Hook end
2024-01-06 00:12:23.769956 = User Function routing/test_ip.py::test_ft_ip_v4_v6_L2_L3_translation Hook Finalize
2024-01-06 00:12:23.770191 = function routing/test_ip.py::test_ft_ip_v4_v6_L2_L3_translation clean start
2024-01-06 00:12:23.796581 = Test Time (2024-01-06 00:10:46.192343 - 2024-01-06 00:12:23.796572) Published
2024-01-06 00:12:23.801872 = function routing/test_ip.py::test_ft_ip_v4_v6_L2_L3_translation clean end
2024-01-06 00:12:23.802183 = Framework Function Hook Finalize
2024-01-06 00:12:23.803296 = Framework Function Hook Start
2024-01-06 00:12:23.803738 = function routing/test_ip.py::test_ft_verify_interfaces_order init start
2024-01-06 00:12:30.129632 = function routing/test_ip.py::test_ft_verify_interfaces_order init end
2024-01-06 00:12:30.130112 = Framework Function Hook end
2024-01-06 00:12:30.130524 = User Function routing/test_ip.py::test_ft_verify_interfaces_order Hook Start
2024-01-06 00:12:30.139912 = User Function routing/test_ip.py::test_ft_verify_interfaces_order Hook end
2024-01-06 00:12:30.140159 = User Function routing/test_ip.py::test_ft_verify_interfaces_order Hook Start
2024-01-06 00:12:30.150520 = User Function routing/test_ip.py::test_ft_verify_interfaces_order Hook end
2024-01-06 00:12:59.426455 = User Function routing/test_ip.py::test_ft_verify_interfaces_order Hook Finalize
2024-01-06 00:12:59.426784 = User Function routing/test_ip.py::test_ft_verify_interfaces_order Hook Finalize
2024-01-06 00:12:59.426901 = function routing/test_ip.py::test_ft_verify_interfaces_order clean start
2024-01-06 00:12:59.453486 = Test Time (2024-01-06 00:12:23.803799 - 2024-01-06 00:12:59.453478) Published
2024-01-06 00:12:59.458648 = function routing/test_ip.py::test_ft_verify_interfaces_order clean end
2024-01-06 00:12:59.458952 = Framework Function Hook Finalize
2024-01-06 00:13:51.195883 = User Module routing/test_ip.py Hook Finalize
2024-01-06 00:13:51.196368 = module test_ip.py clean start
2024-01-06 00:14:17.711957 = report file generation start
2024-01-06 00:14:17.822989 = report file generation end
2024-01-06 00:14:17.828366 = module test_ip.py clean end
2024-01-06 00:14:17.828917 = Framework Module Hook Finalize
2024-01-06 00:14:18.013822 = Framework Module Hook Start
2024-01-06 00:14:18.843435 = module test_spytest_infra_1.py init start
2024-01-06 00:15:44.921730 = module test_spytest_infra_1.py init end
2024-01-06 00:15:44.922286 = Framework Module Hook end
2024-01-06 00:15:44.922874 = Framework Function Hook Start
2024-01-06 00:15:49.186102 = function batch/test_spytest_infra_1.py::test_spytest_infra_last init start
2024-01-06 00:15:54.444235 = function batch/test_spytest_infra_1.py::test_spytest_infra_last init end
2024-01-06 00:15:54.445332 = Framework Function Hook end
2024-01-06 00:15:54.446822 = Module Config Time (2024-01-06 00:14:18.013905 - 2024-01-06 00:15:44.923034) Published
2024-01-06 00:15:54.449349 = function batch/test_spytest_infra_1.py::test_spytest_infra_last clean start
2024-01-06 00:15:54.464303 = Test Time (2024-01-06 00:15:49.186390 - 2024-01-06 00:15:54.464296) Published
2024-01-06 00:15:54.469365 = function batch/test_spytest_infra_1.py::test_spytest_infra_last clean end
2024-01-06 00:15:54.469648 = Framework Function Hook Finalize
2024-01-06 00:15:54.469795 = module test_spytest_infra_1.py clean start
2024-01-06 00:15:57.091317 = report file generation start
2024-01-06 00:15:57.203707 = report file generation end
2024-01-06 00:15:57.208910 = module test_spytest_infra_1.py clean end
2024-01-06 00:15:57.209387 = Framework Module Hook Finalize
2024-01-06 00:15:57.211653 = Framework Module Hook Start
2024-01-06 00:15:58.041535 = module test_sanity_l3.py init start
2024-01-06 00:18:42.164739 = module test_sanity_l3.py init end
2024-01-06 00:18:42.165838 = Framework Module Hook end
2024-01-06 00:18:42.166801 = User Module sanity/test_sanity_l3.py Hook Start
2024-01-06 00:19:07.866590 = User Module sanity/test_sanity_l3.py Hook end
2024-01-06 00:19:07.867421 = Framework Function Hook Start
2024-01-06 00:19:36.064850 = function sanity/test_sanity_l3.py::test_l2_to_l3_port init start
2024-01-06 00:19:41.366838 = function sanity/test_sanity_l3.py::test_l2_to_l3_port init end
2024-01-06 00:19:41.367325 = Framework Function Hook end
2024-01-06 00:19:41.367845 = User Function sanity/test_sanity_l3.py::test_l2_to_l3_port Hook Start
2024-01-06 00:19:41.377482 = User Function sanity/test_sanity_l3.py::test_l2_to_l3_port Hook end
2024-01-06 00:19:41.378717 = Module Config Time (2024-01-06 00:15:57.211716 - 2024-01-06 00:19:07.867660) Published
2024-01-06 00:20:31.131960 = User Function sanity/test_sanity_l3.py::test_l2_to_l3_port Hook Finalize
2024-01-06 00:20:31.132182 = function sanity/test_sanity_l3.py::test_l2_to_l3_port clean start
2024-01-06 00:20:31.169668 = Test Time (2024-01-06 00:19:36.065091 - 2024-01-06 00:20:31.169657) Published
2024-01-06 00:20:31.174931 = function sanity/test_sanity_l3.py::test_l2_to_l3_port clean end
2024-01-06 00:20:31.175295 = Framework Function Hook Finalize
2024-01-06 00:21:06.494305 = User Module sanity/test_sanity_l3.py Hook Finalize
2024-01-06 00:21:06.494779 = module test_sanity_l3.py clean start
2024-01-06 00:21:32.908976 = report file generation start
2024-01-06 00:21:33.017228 = report file generation end
2024-01-06 00:21:33.022480 = module test_sanity_l3.py clean end
2024-01-06 00:21:33.022994 = Framework Module Hook Finalize
2024-01-06 00:21:33.516172 = Framework Module Hook Start
2024-01-06 00:21:34.348276 = module test_spytest_infra_1.py init start
2024-01-06 00:23:00.454392 = module test_spytest_infra_1.py init end
2024-01-06 00:23:00.454844 = Framework Module Hook end
2024-01-06 00:23:00.455145 = Framework Function Hook Start
2024-01-06 00:23:04.723176 = function batch/test_spytest_infra_1.py::test_spytest_infra_last init start
2024-01-06 00:23:10.112205 = function batch/test_spytest_infra_1.py::test_spytest_infra_last init end
2024-01-06 00:23:10.113390 = Framework Function Hook end
2024-01-06 00:23:10.114859 = Module Config Time (2024-01-06 00:21:33.516245 - 2024-01-06 00:23:00.455223) Published
2024-01-06 00:23:10.117304 = function batch/test_spytest_infra_1.py::test_spytest_infra_last clean start
2024-01-06 00:23:10.134762 = Test Time (2024-01-06 00:23:04.723459 - 2024-01-06 00:23:10.134751) Published
2024-01-06 00:23:10.140063 = function batch/test_spytest_infra_1.py::test_spytest_infra_last clean end
2024-01-06 00:23:10.140469 = Framework Function Hook Finalize
2024-01-06 00:23:10.140634 = module test_spytest_infra_1.py clean start
2024-01-06 00:23:12.760116 = report file generation start
2024-01-06 00:23:12.872152 = report file generation end
2024-01-06 00:23:12.877451 = module test_spytest_infra_1.py clean end
2024-01-06 00:23:12.877886 = Framework Module Hook Finalize
2024-01-06 00:23:12.878299 = session clean start
2024-01-06 00:23:12.897980 = report file generation start
2024-01-06 00:23:13.006336 = report file generation end
2024-01-06 00:23:13.689691 = session clean end
