2023-12-26 01:26:13.798984 = START
2023-12-26 01:26:14.973813 = device connections start
2023-12-26 01:26:48.338727 = device connections finish
2023-12-26 01:26:48.343155 = session init start
2023-12-26 01:29:00.707805 = report file generation start
2023-12-26 01:29:00.802666 = report file generation end
2023-12-26 01:29:24.071317 = session init end
2023-12-26 01:29:24.073144 = Framework Module Hook Start
2023-12-26 01:29:24.484393 = module test_spytest_infra_1.py init start
2023-12-26 01:29:28.695779 = module test_spytest_infra_1.py init end
2023-12-26 01:29:28.696348 = Framework Module Hook end
2023-12-26 01:29:28.696967 = Framework Function Hook Start
2023-12-26 01:29:32.987606 = function batch/test_spytest_infra_1.py::test_spytest_infra_first init start
2023-12-26 01:29:37.789114 = function batch/test_spytest_infra_1.py::test_spytest_infra_first init end
2023-12-26 01:29:37.790117 = Framework Function Hook end
2023-12-26 01:29:37.793344 = Module Config Time (2023-12-26 01:29:24.073214 - 2023-12-26 01:29:28.697555) Published
2023-12-26 01:29:37.796595 = function batch/test_spytest_infra_1.py::test_spytest_infra_first clean start
2023-12-26 01:29:37.807045 = Test Time (2023-12-26 01:29:32.987699 - 2023-12-26 01:29:37.807038) Published
2023-12-26 01:29:37.812970 = function batch/test_spytest_infra_1.py::test_spytest_infra_first clean end
2023-12-26 01:29:37.813232 = Framework Function Hook Finalize
2023-12-26 01:29:37.890874 = Framework Function Hook Start
2023-12-26 01:29:37.891703 = function batch/test_spytest_infra_1.py::test_spytest_infra_second init start
2023-12-26 01:29:42.728210 = function batch/test_spytest_infra_1.py::test_spytest_infra_second init end
2023-12-26 01:29:42.730095 = Framework Function Hook end
2023-12-26 01:29:42.737356 = function batch/test_spytest_infra_1.py::test_spytest_infra_second clean start
2023-12-26 01:29:42.747650 = Test Time (2023-12-26 01:29:37.891846 - 2023-12-26 01:29:42.747643) Published
2023-12-26 01:29:42.753350 = function batch/test_spytest_infra_1.py::test_spytest_infra_second clean end
2023-12-26 01:29:42.753643 = Framework Function Hook Finalize
2023-12-26 01:29:42.753807 = module test_spytest_infra_1.py clean start
2023-12-26 01:29:45.252247 = report file generation start
2023-12-26 01:29:45.333615 = report file generation end
2023-12-26 01:29:45.339031 = module test_spytest_infra_1.py clean end
2023-12-26 01:29:45.339390 = Framework Module Hook Finalize
2023-12-26 01:29:45.339925 = session clean start
2023-12-26 01:29:45.347095 = report file generation start
2023-12-26 01:29:45.442234 = report file generation end
2023-12-26 01:29:46.145472 = session clean end
