2023-12-28 00:32:50.398063 = START
2023-12-28 00:32:51.553119 = device connections start
2023-12-28 00:33:24.777410 = device connections finish
2023-12-28 00:33:24.781549 = session init start
2023-12-28 00:37:00.451469 = report file generation start
2023-12-28 00:37:00.537035 = report file generation end
2023-12-28 00:37:24.234761 = session init end
2023-12-28 00:37:24.236497 = Framework Module Hook Start
2023-12-28 00:37:24.647853 = module test_spytest_infra_1.py init start
2023-12-28 00:37:28.623042 = module test_spytest_infra_1.py init end
2023-12-28 00:37:28.623781 = Framework Module Hook end
2023-12-28 00:37:28.624613 = Framework Function Hook Start
2023-12-28 00:37:31.702650 = function batch/test_spytest_infra_1.py::test_spytest_infra_first init start
2023-12-28 00:37:36.155884 = function batch/test_spytest_infra_1.py::test_spytest_infra_first init end
2023-12-28 00:37:36.156833 = Framework Function Hook end
2023-12-28 00:37:36.160060 = Module Config Time (2023-12-28 00:37:24.236565 - 2023-12-28 00:37:28.625147) Published
2023-12-28 00:37:36.163261 = function batch/test_spytest_infra_1.py::test_spytest_infra_first clean start
2023-12-28 00:37:36.171792 = Test Time (2023-12-28 00:37:31.702739 - 2023-12-28 00:37:36.171785) Published
2023-12-28 00:37:36.177402 = function batch/test_spytest_infra_1.py::test_spytest_infra_first clean end
2023-12-28 00:37:36.177678 = Framework Function Hook Finalize
2023-12-28 00:37:36.259592 = Framework Function Hook Start
2023-12-28 00:37:36.260193 = function batch/test_spytest_infra_1.py::test_spytest_infra_second init start
2023-12-28 00:37:40.779221 = function batch/test_spytest_infra_1.py::test_spytest_infra_second init end
2023-12-28 00:37:40.780087 = Framework Function Hook end
2023-12-28 00:37:40.783341 = function batch/test_spytest_infra_1.py::test_spytest_infra_second clean start
2023-12-28 00:37:40.793703 = Test Time (2023-12-28 00:37:36.260295 - 2023-12-28 00:37:40.793697) Published
2023-12-28 00:37:40.798676 = function batch/test_spytest_infra_1.py::test_spytest_infra_second clean end
2023-12-28 00:37:40.798939 = Framework Function Hook Finalize
2023-12-28 00:37:40.799076 = module test_spytest_infra_1.py clean start
2023-12-28 00:37:43.148392 = report file generation start
2023-12-28 00:37:43.229680 = report file generation end
2023-12-28 00:37:43.234811 = module test_spytest_infra_1.py clean end
2023-12-28 00:37:43.235350 = Framework Module Hook Finalize
2023-12-28 00:37:43.235912 = session clean start
2023-12-28 00:37:43.243452 = report file generation start
2023-12-28 00:37:43.322532 = report file generation end
2023-12-28 00:37:44.025751 = session clean end
