2023-12-27 01:22:29,872 T0000: WARN  #### gw7  
2023-12-27 01:22:29,872 T0000: WARN  support post-session-prolog session pass ''
2023-12-27 01:23:20,363 T0000: INFO  #### gw7  
2023-12-27 01:23:20,363 T0000: INFO  support pre-module-prolog system/test_snapshot.py  ''
2023-12-27 01:24:10,640 T0000: INFO  #### gw7  system/test_snapshot.py
2023-12-27 01:24:10,640 T0000: INFO  support post-module-prolog system/test_snapshot.py Pass ''
2023-12-27 01:24:44,231 T0000: INFO  #### gw7  system/test_snapshot.py
2023-12-27 01:24:44,231 T0000: INFO  support pre-function-prolog test_ft_watermark_telemetry_interval  ''
2023-12-27 01:24:44,244 T0000: INFO  #### gw7  system/test_snapshot.py::test_ft_watermark_telemetry_interval
2023-12-27 01:24:44,244 T0000: INFO  support post-function-prolog test_ft_watermark_telemetry_interval Pass ''
2023-12-27 01:24:55,100 T0000: WARN  #### gw7  system/test_snapshot.py::test_ft_watermark_telemetry_interval
2023-12-27 01:24:55,100 T0000: WARN  support testcase ft_sf_snapshot_tam_Error_Logs Fail 'Error logs are getting generated on the device'
2023-12-27 01:24:55,117 T0000: INFO  #### gw7  system/test_snapshot.py::test_ft_watermark_telemetry_interval
2023-12-27 01:24:55,117 T0000: INFO  support pre-function-epilog test_ft_watermark_telemetry_interval Pass 'verification of configured telemetry interval and reset to default interval is successful'
2023-12-27 01:24:55,120 T0000: INFO  #### gw7  system/test_snapshot.py::test_ft_watermark_telemetry_interval
2023-12-27 01:24:55,120 T0000: INFO  support post-function-epilog test_ft_watermark_telemetry_interval Pass 'verification of configured telemetry interval and reset to default interval is successful'
2023-12-27 01:24:55,139 T0000: WARN  #### gw7  system/test_snapshot.py::test_ft_watermark_telemetry_interval
2023-12-27 01:24:55,139 T0000: WARN  support pre-module-epilog system/test_snapshot.py pass ''
2023-12-27 01:25:29,474 T0000: WARN  #### gw7  system/test_snapshot.py::test_ft_watermark_telemetry_interval
2023-12-27 01:25:29,474 T0000: WARN  support post-module-epilog system/test_snapshot.py pass ''
2023-12-27 01:29:54,529 T0000: INFO  #### gw7  
2023-12-27 01:29:54,529 T0000: INFO  support pre-module-prolog system/test_ntp.py  ''
2023-12-27 01:30:18,876 T0000: INFO  #### gw7  system/test_ntp.py
2023-12-27 01:30:18,876 T0000: INFO  support post-module-prolog system/test_ntp.py Pass ''
2023-12-27 01:30:52,097 T0000: INFO  #### gw7  system/test_ntp.py
2023-12-27 01:30:52,097 T0000: INFO  support pre-function-prolog test_ft_ntp_disable_enable_with_message_log  ''
2023-12-27 01:30:52,115 T0000: INFO  #### gw7  system/test_ntp.py::test_ft_ntp_disable_enable_with_message_log
2023-12-27 01:30:52,115 T0000: INFO  support post-function-prolog test_ft_ntp_disable_enable_with_message_log Pass ''
2023-12-27 01:35:46,140 T0000: ERROR #### gw7 Exception system/test_ntp.py::test_ft_ntp_disable_enable_with_message_log
2023-12-27 01:35:46,140 T0000: ERROR Exception IndexError list index out of range in file /apis/system/ntp.py at line 347
2023-12-27 01:35:46,140 T0000: ERROR [0] /apis/system/ntp.py:347 show_clock return output[0]
2023-12-27 01:35:46,140 T0000: ERROR [1] /tests/system/test_ntp.py:103 test_ft_ntp_disable_enable_with_message_log ntp_obj.show_clock(vars.D1)
2023-12-27 01:35:46,141 T0000: WARN  #### gw7  system/test_ntp.py::test_ft_ntp_disable_enable_with_message_log
2023-12-27 01:35:46,141 T0000: WARN  support post-function-epilog test_ft_ntp_disable_enable_with_message_log ScriptError 'Exception IndexError list index out of range in file /apis/system/ntp.py at line 347'
2023-12-27 01:35:50,955 T0000: INFO  #### gw7  system/test_ntp.py
2023-12-27 01:35:50,955 T0000: INFO  support pre-function-prolog test_ntp_exists_config  ''
2023-12-27 01:35:50,966 T0000: INFO  #### gw7  system/test_ntp.py::test_ntp_exists_config
2023-12-27 01:35:50,966 T0000: INFO  support post-function-prolog test_ntp_exists_config Pass ''
2023-12-27 01:35:59,514 T0000: INFO  #### gw7  system/test_ntp.py::test_ntp_exists_config
2023-12-27 01:35:59,514 T0000: INFO  support pre-function-epilog test_ntp_exists_config Pass 'Test case passed'
2023-12-27 01:35:59,517 T0000: INFO  #### gw7  system/test_ntp.py::test_ntp_exists_config
2023-12-27 01:35:59,517 T0000: INFO  support post-function-epilog test_ntp_exists_config Pass 'Test case passed'
2023-12-27 01:35:59,534 T0000: WARN  #### gw7  system/test_ntp.py::test_ntp_exists_config
2023-12-27 01:35:59,534 T0000: WARN  support pre-module-epilog system/test_ntp.py fail ''
2023-12-27 01:36:23,927 T0000: WARN  #### gw7  system/test_ntp.py::test_ntp_exists_config
2023-12-27 01:36:23,927 T0000: WARN  support post-module-epilog system/test_ntp.py fail ''
2023-12-27 01:38:26,876 T0000: WARN  #### gw7  batch/test_spytest_infra_1.py::test_spytest_infra_last
2023-12-27 01:38:26,876 T0000: WARN  support session-epilog session pass ''
