2024-01-06 03:19:24,974 T0002: [D1-V2] ['export TMOUT=0', 'stty cols 5000', 'uptime']
2024-01-06 03:19:25,643 T0002: [D1-V2] cat /proc/uptime
2024-01-06 03:19:26,312 T0002: [D1-V2] sudo vtysh -c 'show running-config | include hostname'
2024-01-06 03:19:32,497 T0002: [D1-V2] /sbin/ip link set dev eth0 up
2024-01-06 03:19:33,168 T0002: [D1-V2] /sbin/ip route list dev eth0
2024-01-06 03:19:33,846 T0002: [D1-V2] ['export TMOUT=0', 'stty cols 5000', 'uptime']
2024-01-06 03:19:35,995 T0002: [D1-V2] /sbin/ip link set dev eth0 up
2024-01-06 03:19:36,665 T0002: [D1-V2] /sbin/ip route list dev eth0
2024-01-06 03:19:38,011 T0002: [D1-V2] show version
2024-01-06 03:19:40,040 T0002: [D1-V2] /sbin/ip link set dev eth0 up
2024-01-06 03:19:40,708 T0002: [D1-V2] /sbin/ip route list dev eth0
2024-01-06 03:19:42,865 T0002: [D1-V2] /sbin/ip link set dev eth0 up
2024-01-06 03:19:43,533 T0002: [D1-V2] /sbin/ip route list dev eth0
2024-01-06 03:20:58,734 T0000: [D1-V2] sudo show interfaces status
2024-01-06 03:21:00,678 T0000: [D1-V2] config interface startup Ethernet0
2024-01-06 03:21:01,782 T0000: [D1-V2] config interface startup Ethernet4
2024-01-06 03:21:02,837 T0000: [D1-V2] config interface startup Ethernet8
2024-01-06 03:21:03,942 T0000: [D1-V2] config interface startup Ethernet12
2024-01-06 03:21:05,087 T0000: [D1-V2] config interface shutdown Ethernet16
2024-01-06 03:21:06,187 T0000: [D1-V2] config interface shutdown Ethernet20
2024-01-06 03:21:07,294 T0000: [D1-V2] config interface shutdown Ethernet24
2024-01-06 03:21:08,399 T0000: [D1-V2] config interface shutdown Ethernet28
2024-01-06 03:21:09,503 T0000: [D1-V2] config interface shutdown Ethernet32
2024-01-06 03:21:10,607 T0000: [D1-V2] config interface shutdown Ethernet36
2024-01-06 03:21:11,711 T0000: [D1-V2] config interface shutdown Ethernet40
2024-01-06 03:21:12,815 T0000: [D1-V2] config interface shutdown Ethernet44
2024-01-06 03:21:13,920 T0000: [D1-V2] config interface shutdown Ethernet48
2024-01-06 03:21:15,023 T0000: [D1-V2] config interface shutdown Ethernet52
2024-01-06 03:21:16,124 T0000: [D1-V2] config interface shutdown Ethernet56
2024-01-06 03:21:17,227 T0000: [D1-V2] config interface shutdown Ethernet60
2024-01-06 03:21:18,331 T0000: [D1-V2] config interface shutdown Ethernet64
2024-01-06 03:21:19,435 T0000: [D1-V2] config interface shutdown Ethernet68
2024-01-06 03:21:20,540 T0000: [D1-V2] config interface shutdown Ethernet72
2024-01-06 03:21:21,643 T0000: [D1-V2] config interface shutdown Ethernet76
2024-01-06 03:21:22,747 T0000: [D1-V2] config interface shutdown Ethernet80
2024-01-06 03:21:24,003 T0000: [D1-V2] config interface shutdown Ethernet84
2024-01-06 03:21:25,108 T0000: [D1-V2] config interface shutdown Ethernet88
2024-01-06 03:21:26,164 T0000: [D1-V2] config interface shutdown Ethernet92
2024-01-06 03:21:27,267 T0000: [D1-V2] config interface shutdown Ethernet96
2024-01-06 03:21:28,372 T0000: [D1-V2] config interface shutdown Ethernet100
2024-01-06 03:21:29,475 T0000: [D1-V2] config interface shutdown Ethernet104
2024-01-06 03:21:30,528 T0000: [D1-V2] config interface shutdown Ethernet108
2024-01-06 03:21:31,636 T0000: [D1-V2] config interface shutdown Ethernet112
2024-01-06 03:21:32,739 T0000: [D1-V2] config interface shutdown Ethernet116
2024-01-06 03:21:33,843 T0000: [D1-V2] config interface shutdown Ethernet120
2024-01-06 03:21:34,944 T0000: [D1-V2] config interface shutdown Ethernet124
2024-01-06 03:21:42,131 T0000: [D1-V2] show version
2024-01-06 03:21:44,221 T0000: [D1-V2] cat /var/run/redis/sonic-db/database_config.json
2024-01-06 03:21:45,014 T0000: [D1-V2] /sbin/ifconfig eth0
2024-01-06 03:21:45,734 T0000: [D1-V2] ls /etc/sonic/bcmsim.cfg
2024-01-06 03:21:46,459 T0000: [D1-V2] no router bgp
2024-01-06 03:21:48,354 T0000: [D1-V2] config feature state sflow enabled
2024-01-06 03:21:50,396 T0000: [D1-V2] config feature state nat enabled
2024-01-06 03:21:54,612 T0000: [D1-V2] config save /tmp/config-db-V2-post-session-prolog-session.json -y
2024-01-06 03:21:55,920 T0000: [D1-V2] chmod 777 /tmp/config-db-V2-post-session-prolog-session.json
2024-01-06 03:21:57,446 T0000: [D1-V2] /sbin/ip link set dev eth0 up
2024-01-06 03:21:58,155 T0000: [D1-V2] /sbin/ip route list dev eth0
2024-01-06 03:22:06,614 T0000: [D1-V2] sudo vtysh -c 'show running-config' > /tmp/vtysh-runcfg-V2-post-session-prolog-session.txt
2024-01-06 03:22:07,568 T0000: [D1-V2] chmod 777 /tmp/vtysh-runcfg-V2-post-session-prolog-session.txt
2024-01-06 03:22:09,095 T0000: [D1-V2] /sbin/ip link set dev eth0 up
2024-01-06 03:22:09,802 T0000: [D1-V2] /sbin/ip route list dev eth0
2024-01-06 03:22:18,705 T0000: 
================== Framework Module Hook: batch/test_spytest_infra_1.py ==================
2024-01-06 03:22:18,724 T0012: [D1-V2] sudo show interfaces status Ethernet124
2024-01-06 03:22:20,982 T0013: [D1-V2] sudo show interfaces status
2024-01-06 03:22:22,623 T0000: 
================== Framework Module Hook Finish: batch/test_spytest_infra_1.py ==================
2024-01-06 03:22:22,626 T0000: 
================== Framework Function Hook: batch/test_spytest_infra_1.py::test_spytest_infra_first ==================
2024-01-06 03:22:25,719 T0014: [D1-V2] sudo show interfaces status
2024-01-06 03:22:27,419 T0000: [D1-V2] sudo show interfaces status Ethernet124
2024-01-06 03:22:30,156 T0000: 
================== Framework Function Hook Finish: batch/test_spytest_infra_1.py::test_spytest_infra_first ==================
2024-01-06 03:22:30,160 T0000: 
================== Test Execution: batch/test_spytest_infra_1.py::test_spytest_infra_first ==================
2024-01-06 03:22:30,178 T0000: 
================== Framework Function Hook Finalize: batch/test_spytest_infra_1.py::test_spytest_infra_first ==================
2024-01-06 03:22:30,257 T0000: 
================== Framework Function Hook: batch/test_spytest_infra_1.py::test_spytest_infra_second ==================
2024-01-06 03:22:30,272 T0015: [D1-V2] sudo show interfaces status
2024-01-06 03:22:31,918 T0000: [D1-V2] sudo show interfaces status Ethernet124
2024-01-06 03:22:34,654 T0000: 
================== Framework Function Hook Finish: batch/test_spytest_infra_1.py::test_spytest_infra_second ==================
2024-01-06 03:22:34,656 T0000: 
================== Test Execution: batch/test_spytest_infra_1.py::test_spytest_infra_second ==================
2024-01-06 03:22:34,673 T0000: 
================== Framework Function Hook Finalize: batch/test_spytest_infra_1.py::test_spytest_infra_second ==================
2024-01-06 03:22:34,687 T0000: [D1-V2] sudo show interfaces status Ethernet124
2024-01-06 03:22:37,100 T0000: 
================== Framework Module Hook Finalize: batch/test_spytest_infra_1.py Pass: 2/2 ==================
2024-01-06 03:22:37,101 T0000: 
================== Devices used: batch/test_spytest_infra_1.py 1 ['V2'] ==================
2024-01-06 03:22:37,183 T0000: [D1-V2] ['stty cols 80']
