2023-12-29 01:06:26,549 T0002: [D1-V4] ['export TMOUT=0', 'stty cols 5000', 'uptime']
2023-12-29 01:06:27,216 T0002: [D1-V4] cat /proc/uptime
2023-12-29 01:06:27,886 T0002: [D1-V4] sudo vtysh -c 'show running-config | include hostname'
2023-12-29 01:06:34,068 T0002: [D1-V4] /sbin/ip link set dev eth0 up
2023-12-29 01:06:34,737 T0002: [D1-V4] /sbin/ip route list dev eth0
2023-12-29 01:06:35,415 T0002: [D1-V4] ['export TMOUT=0', 'stty cols 5000', 'uptime']
2023-12-29 01:06:37,561 T0002: [D1-V4] /sbin/ip link set dev eth0 up
2023-12-29 01:06:38,229 T0002: [D1-V4] /sbin/ip route list dev eth0
2023-12-29 01:06:39,575 T0002: [D1-V4] show version
2023-12-29 01:06:41,773 T0002: [D1-V4] /sbin/ip link set dev eth0 up
2023-12-29 01:06:42,441 T0002: [D1-V4] /sbin/ip route list dev eth0
2023-12-29 01:06:44,587 T0002: [D1-V4] /sbin/ip link set dev eth0 up
2023-12-29 01:06:45,254 T0002: [D1-V4] /sbin/ip route list dev eth0
2023-12-29 01:07:52,059 T0000: [D1-V4] sudo show interfaces status
2023-12-29 01:07:54,244 T0000: [D1-V4] config interface startup Ethernet0
2023-12-29 01:07:55,870 T0000: [D1-V4] config interface startup Ethernet4
2023-12-29 01:07:57,335 T0000: [D1-V4] config interface startup Ethernet8
2023-12-29 01:07:58,845 T0000: [D1-V4] config interface startup Ethernet12
2023-12-29 01:08:00,438 T0000: [D1-V4] config interface shutdown Ethernet16
2023-12-29 01:08:02,107 T0000: [D1-V4] config interface shutdown Ethernet20
2023-12-29 01:08:03,571 T0000: [D1-V4] config interface shutdown Ethernet24
2023-12-29 01:08:04,987 T0000: [D1-V4] config interface shutdown Ethernet28
2023-12-29 01:08:06,297 T0000: [D1-V4] config interface shutdown Ethernet32
2023-12-29 01:08:07,708 T0000: [D1-V4] config interface shutdown Ethernet36
2023-12-29 01:08:09,028 T0000: [D1-V4] config interface shutdown Ethernet40
2023-12-29 01:08:10,346 T0000: [D1-V4] config interface shutdown Ethernet44
2023-12-29 01:08:11,706 T0000: [D1-V4] config interface shutdown Ethernet48
2023-12-29 01:08:13,019 T0000: [D1-V4] config interface shutdown Ethernet52
2023-12-29 01:08:14,425 T0000: [D1-V4] config interface shutdown Ethernet56
2023-12-29 01:08:15,790 T0000: [D1-V4] config interface shutdown Ethernet60
2023-12-29 01:08:17,147 T0000: [D1-V4] config interface shutdown Ethernet64
2023-12-29 01:08:18,770 T0000: [D1-V4] config interface shutdown Ethernet68
2023-12-29 01:08:20,027 T0000: [D1-V4] config interface shutdown Ethernet72
2023-12-29 01:08:21,387 T0000: [D1-V4] config interface shutdown Ethernet76
2023-12-29 01:08:22,696 T0000: [D1-V4] config interface shutdown Ethernet80
2023-12-29 01:08:24,058 T0000: [D1-V4] config interface shutdown Ethernet84
2023-12-29 01:08:25,367 T0000: [D1-V4] config interface shutdown Ethernet88
2023-12-29 01:08:26,727 T0000: [D1-V4] config interface shutdown Ethernet92
2023-12-29 01:08:28,087 T0000: [D1-V4] config interface shutdown Ethernet96
2023-12-29 01:08:29,395 T0000: [D1-V4] config interface shutdown Ethernet100
2023-12-29 01:08:30,706 T0000: [D1-V4] config interface shutdown Ethernet104
2023-12-29 01:08:32,025 T0000: [D1-V4] config interface shutdown Ethernet108
2023-12-29 01:08:33,386 T0000: [D1-V4] config interface shutdown Ethernet112
2023-12-29 01:08:34,747 T0000: [D1-V4] config interface shutdown Ethernet116
2023-12-29 01:08:36,062 T0000: [D1-V4] config interface shutdown Ethernet120
2023-12-29 01:08:37,367 T0000: [D1-V4] config interface shutdown Ethernet124
2023-12-29 01:08:44,808 T0000: [D1-V4] show version
2023-12-29 01:08:46,956 T0000: [D1-V4] cat /var/run/redis/sonic-db/database_config.json
2023-12-29 01:08:47,745 T0000: [D1-V4] /sbin/ifconfig eth0
2023-12-29 01:08:48,472 T0000: [D1-V4] ls /etc/sonic/bcmsim.cfg
2023-12-29 01:08:49,203 T0000: [D1-V4] no router bgp
2023-12-29 01:08:51,052 T0000: [D1-V4] config feature state sflow enabled
2023-12-29 01:08:53,349 T0000: [D1-V4] config feature state nat enabled
2023-12-29 01:08:57,800 T0000: [D1-V4] config save /tmp/config-db-V4-post-session-prolog-session.json -y
2023-12-29 01:08:59,516 T0000: [D1-V4] chmod 777 /tmp/config-db-V4-post-session-prolog-session.json
2023-12-29 01:09:01,066 T0000: [D1-V4] /sbin/ip link set dev eth0 up
2023-12-29 01:09:01,774 T0000: [D1-V4] /sbin/ip route list dev eth0
2023-12-29 01:09:10,289 T0000: [D1-V4] sudo vtysh -c 'show running-config' > /tmp/vtysh-runcfg-V4-post-session-prolog-session.txt
2023-12-29 01:09:11,198 T0000: [D1-V4] chmod 777 /tmp/vtysh-runcfg-V4-post-session-prolog-session.txt
2023-12-29 01:09:12,733 T0000: [D1-V4] /sbin/ip link set dev eth0 up
2023-12-29 01:09:13,443 T0000: [D1-V4] /sbin/ip route list dev eth0
2023-12-29 01:09:22,366 T0000: 
================== Framework Module Hook: batch/test_spytest_infra_1.py ==================
2023-12-29 01:09:22,384 T0012: [D1-V4] sudo show interfaces status Ethernet124
2023-12-29 01:09:24,788 T0013: [D1-V4] sudo show interfaces status
2023-12-29 01:09:26,675 T0000: 
================== Framework Module Hook Finish: batch/test_spytest_infra_1.py ==================
2023-12-29 01:09:26,676 T0000: 
================== Framework Function Hook: batch/test_spytest_infra_1.py::test_spytest_infra_first ==================
2023-12-29 01:09:30,976 T0014: [D1-V4] sudo show interfaces status
2023-12-29 01:09:32,732 T0000: [D1-V4] sudo show interfaces status Ethernet124
2023-12-29 01:09:35,670 T0000: 
================== Framework Function Hook Finish: batch/test_spytest_infra_1.py::test_spytest_infra_first ==================
2023-12-29 01:09:35,676 T0000: 
================== Test Execution: batch/test_spytest_infra_1.py::test_spytest_infra_first ==================
2023-12-29 01:09:35,696 T0000: 
================== Framework Function Hook Finalize: batch/test_spytest_infra_1.py::test_spytest_infra_first ==================
2023-12-29 01:09:35,823 T0000: 
================== Framework Function Hook: batch/test_spytest_infra_1.py::test_spytest_infra_second ==================
2023-12-29 01:09:35,841 T0015: [D1-V4] sudo show interfaces status
2023-12-29 01:09:37,745 T0000: [D1-V4] sudo show interfaces status Ethernet124
2023-12-29 01:09:40,695 T0000: 
================== Framework Function Hook Finish: batch/test_spytest_infra_1.py::test_spytest_infra_second ==================
2023-12-29 01:09:40,697 T0000: 
================== Test Execution: batch/test_spytest_infra_1.py::test_spytest_infra_second ==================
2023-12-29 01:09:40,718 T0000: 
================== Framework Function Hook Finalize: batch/test_spytest_infra_1.py::test_spytest_infra_second ==================
2023-12-29 01:09:40,731 T0000: [D1-V4] sudo show interfaces status Ethernet124
2023-12-29 01:09:43,397 T0000: 
================== Framework Module Hook Finalize: batch/test_spytest_infra_1.py Pass: 2/2 ==================
2023-12-29 01:09:43,397 T0000: 
================== Devices used: batch/test_spytest_infra_1.py 1 ['V4'] ==================
2023-12-29 01:09:43,811 T0000: 
================== Framework Module Hook: system/test_snapshot.py ==================
2023-12-29 01:09:43,821 T0016: [D1-V4] sudo show interfaces status Ethernet124
2023-12-29 01:09:46,341 T0017: [D1-V4] sudo show interfaces status
2023-12-29 01:09:48,229 T0000: [D1-V4] config save /tmp/config-db-V4-pre-module-prolog-system-test_snapshot.py.json -y
2023-12-29 01:09:49,939 T0000: [D1-V4] chmod 777 /tmp/config-db-V4-pre-module-prolog-system-test_snapshot.py.json
2023-12-29 01:09:51,467 T0000: [D1-V4] /sbin/ip link set dev eth0 up
2023-12-29 01:09:52,176 T0000: [D1-V4] /sbin/ip route list dev eth0
2023-12-29 01:10:00,696 T0000: [D1-V4] sudo vtysh -c 'show running-config' > /tmp/vtysh-runcfg-V4-pre-module-prolog-system-test_snapshot.py.txt
2023-12-29 01:10:01,598 T0000: [D1-V4] chmod 777 /tmp/vtysh-runcfg-V4-pre-module-prolog-system-test_snapshot.py.txt
2023-12-29 01:10:03,134 T0000: [D1-V4] /sbin/ip link set dev eth0 up
2023-12-29 01:10:03,843 T0000: [D1-V4] /sbin/ip route list dev eth0
2023-12-29 01:10:12,357 T0000: 
================== Framework Module Hook Finish: system/test_snapshot.py ==================
2023-12-29 01:10:12,358 T0000: 
================== Module Hook: system/test_snapshot.py snapshot_feature_module_hooks ==================
2023-12-29 01:10:12,366 T0000: [D1-V4] /sbin/ifconfig Ethernet0
2023-12-29 01:10:13,088 T0000: [D1-V4] show platform summary
2023-12-29 01:10:14,409 T0000: [D1-V4] show vlan config
2023-12-29 01:10:15,686 T0000: [D1-V4] []
2023-12-29 01:10:15,686 T0000: [D1-V4] ['config vlan add 2937']
2023-12-29 01:10:17,003 T0000: [D1-V4] config vlan member add 2937 Ethernet0
2023-12-29 01:10:18,307 T0000: [D1-V4] config vlan member add 2937 Ethernet4
2023-12-29 01:10:19,614 T0000: [D1-V4] config vlan member add 2937 Ethernet8
2023-12-29 01:10:20,922 T0000: [D1-V4] config vlan member add 2937 Ethernet12
2023-12-29 01:10:38,281 T0000: 
================== Module Hook Finish: system/test_snapshot.py snapshot_feature_module_hooks ==================
2023-12-29 01:10:38,282 T0000: 
================== Framework Function Hook: system/test_snapshot.py::test_ft_watermark_telemetry_interval ==================
2023-12-29 01:10:38,291 T0000: [D1-V4] config save /tmp/config-db-V4-post-module-prolog-system-test_snapshot.py.json -y
2023-12-29 01:10:40,004 T0000: [D1-V4] chmod 777 /tmp/config-db-V4-post-module-prolog-system-test_snapshot.py.json
2023-12-29 01:10:41,532 T0000: [D1-V4] /sbin/ip link set dev eth0 up
2023-12-29 01:10:42,241 T0000: [D1-V4] /sbin/ip route list dev eth0
2023-12-29 01:10:50,770 T0000: [D1-V4] sudo vtysh -c 'show running-config' > /tmp/vtysh-runcfg-V4-post-module-prolog-system-test_snapshot.py.txt
2023-12-29 01:10:51,624 T0000: [D1-V4] chmod 777 /tmp/vtysh-runcfg-V4-post-module-prolog-system-test_snapshot.py.txt
2023-12-29 01:10:53,162 T0000: [D1-V4] /sbin/ip link set dev eth0 up
2023-12-29 01:10:53,875 T0000: [D1-V4] /sbin/ip route list dev eth0
2023-12-29 01:11:06,684 T0034: [D1-V4] sudo show interfaces status
2023-12-29 01:11:08,482 T0000: [D1-V4] sudo show interfaces status Ethernet124
2023-12-29 01:11:11,438 T0000: 
================== Framework Function Hook Finish: system/test_snapshot.py::test_ft_watermark_telemetry_interval ==================
2023-12-29 01:11:11,439 T0000: 
================== Function Hook: system/test_snapshot.py snapshot_feature_func_hooks ==================
2023-12-29 01:11:11,441 T0000: 
================== Function Hook Finish: system/test_snapshot.py snapshot_feature_func_hooks ==================
2023-12-29 01:11:11,443 T0000: 
================== Test Execution: system/test_snapshot.py::test_ft_watermark_telemetry_interval ==================
2023-12-29 01:11:11,444 T0000: [D1-V4] config watermark telemetry interval 30
2023-12-29 01:11:12,800 T0000: [D1-V4] show watermark telemetry interval
2023-12-29 01:11:14,173 T0000: [D1-V4] config watermark telemetry interval 120
2023-12-29 01:11:15,581 T0000: [D1-V4] show watermark telemetry interval
2023-12-29 01:11:16,900 T0000: [D1-V4] show logging | grep 'ERR' | grep -i 'brcm_sai_tam'
2023-12-29 01:11:22,368 T0000: 
================== Function Hook Finalize: system/test_snapshot.py snapshot_feature_func_hooks ==================
2023-12-29 01:11:22,398 T0000: 
================== Framework Function Hook Finalize: system/test_snapshot.py::test_ft_watermark_telemetry_interval ==================
2023-12-29 01:11:22,406 T0000: [D1-V4] config save /tmp/config-db-V4-pre-module-epilog-system-test_snapshot.py.json -y
2023-12-29 01:11:24,219 T0000: [D1-V4] chmod 777 /tmp/config-db-V4-pre-module-epilog-system-test_snapshot.py.json
2023-12-29 01:11:25,750 T0000: [D1-V4] /sbin/ip link set dev eth0 up
2023-12-29 01:11:26,454 T0000: [D1-V4] /sbin/ip route list dev eth0
2023-12-29 01:11:35,054 T0000: [D1-V4] sudo vtysh -c 'show running-config' > /tmp/vtysh-runcfg-V4-pre-module-epilog-system-test_snapshot.py.txt
2023-12-29 01:11:35,958 T0000: [D1-V4] chmod 777 /tmp/vtysh-runcfg-V4-pre-module-epilog-system-test_snapshot.py.txt
2023-12-29 01:11:37,491 T0000: [D1-V4] /sbin/ip link set dev eth0 up
2023-12-29 01:11:38,203 T0000: [D1-V4] /sbin/ip route list dev eth0
2023-12-29 01:11:46,720 T0000: [D1-V4] config vlan member del 2937 Ethernet0
2023-12-29 01:11:48,027 T0000: [D1-V4] config vlan member del 2937 Ethernet4
2023-12-29 01:11:49,334 T0000: [D1-V4] config vlan member del 2937 Ethernet8
2023-12-29 01:11:50,639 T0000: [D1-V4] config vlan member del 2937 Ethernet12
2023-12-29 01:11:52,002 T0000: [D1-V4] show vlan config
2023-12-29 01:11:53,325 T0000: [D1-V4] ['config vlan del 2937']
2023-12-29 01:11:54,941 T0000: [D1-V4] show vlan config
2023-12-29 01:11:56,209 T0000: 
================== Module Hook Finalize: system/test_snapshot.py snapshot_feature_module_hooks ==================
2023-12-29 01:11:56,218 T0000: [D1-V4] config save /tmp/config-db-V4-post-module-epilog-system-test_snapshot.py.json -y
2023-12-29 01:11:57,934 T0000: [D1-V4] chmod 777 /tmp/config-db-V4-post-module-epilog-system-test_snapshot.py.json
2023-12-29 01:11:59,462 T0000: [D1-V4] /sbin/ip link set dev eth0 up
2023-12-29 01:12:00,171 T0000: [D1-V4] /sbin/ip route list dev eth0
2023-12-29 01:12:08,694 T0000: [D1-V4] sudo vtysh -c 'show running-config' > /tmp/vtysh-runcfg-V4-post-module-epilog-system-test_snapshot.py.txt
2023-12-29 01:12:09,650 T0000: [D1-V4] chmod 777 /tmp/vtysh-runcfg-V4-post-module-epilog-system-test_snapshot.py.txt
2023-12-29 01:12:11,178 T0000: [D1-V4] /sbin/ip link set dev eth0 up
2023-12-29 01:12:11,890 T0000: [D1-V4] /sbin/ip route list dev eth0
2023-12-29 01:12:20,480 T0000: [D1-V4] sudo show interfaces status Ethernet124
2023-12-29 01:12:23,081 T0000: 
================== Framework Module Hook Finalize: system/test_snapshot.py Pass: 1/1 ==================
2023-12-29 01:12:23,081 T0000: 
================== Devices used: system/test_snapshot.py 1 ['V4'] ==================
2023-12-29 01:12:23,660 T0000: 
================== Framework Module Hook: batch/test_spytest_infra_1.py ==================
2023-12-29 01:12:23,675 T0051: [D1-V4] no router bgp
2023-12-29 01:12:25,629 T0051: [D1-V4] config feature state sflow enabled
2023-12-29 01:12:27,824 T0051: [D1-V4] config feature state nat enabled
2023-12-29 01:13:20,228 T0051: [D1-V4] /sbin/ip link set dev eth0 up
2023-12-29 01:13:20,900 T0051: [D1-V4] /sbin/ip route list dev eth0
2023-12-29 01:13:21,576 T0051: [D1-V4] sudo show interfaces status Ethernet124
2023-12-29 01:13:24,132 T0052: [D1-V4] sudo show interfaces status
2023-12-29 01:13:31,072 T0053: [D1-V4] sudo show interfaces status
2023-12-29 01:13:38,163 T0054: [D1-V4] sudo show interfaces status
2023-12-29 01:13:45,212 T0055: [D1-V4] sudo show interfaces status
2023-12-29 01:13:47,096 T0000: 
================== Framework Module Hook Finish: batch/test_spytest_infra_1.py ==================
2023-12-29 01:13:47,097 T0000: 
================== Framework Function Hook: batch/test_spytest_infra_1.py::test_spytest_infra_last ==================
2023-12-29 01:13:51,404 T0056: [D1-V4] sudo show interfaces status
2023-12-29 01:13:53,203 T0000: [D1-V4] sudo show interfaces status Ethernet124
2023-12-29 01:13:56,162 T0000: 
================== Framework Function Hook Finish: batch/test_spytest_infra_1.py::test_spytest_infra_last ==================
2023-12-29 01:13:56,164 T0000: 
================== Test Execution: batch/test_spytest_infra_1.py::test_spytest_infra_last ==================
2023-12-29 01:13:56,183 T0000: 
================== Framework Function Hook Finalize: batch/test_spytest_infra_1.py::test_spytest_infra_last ==================
2023-12-29 01:13:56,198 T0000: [D1-V4] sudo show interfaces status Ethernet124
2023-12-29 01:13:58,862 T0000: 
================== Framework Module Hook Finalize: batch/test_spytest_infra_1.py Pass: 1/1 ==================
2023-12-29 01:13:58,863 T0000: 
================== Devices used: batch/test_spytest_infra_1.py 1 ['V4'] ==================
2023-12-29 01:13:59,276 T0000: 
================== Framework Module Hook: system/test_snmp.py ==================
2023-12-29 01:13:59,289 T0057: [D1-V4] no router bgp
2023-12-29 01:14:01,047 T0057: [D1-V4] config feature state sflow enabled
2023-12-29 01:14:03,248 T0057: [D1-V4] config feature state nat enabled
2023-12-29 01:15:56,943 T0057: [D1-V4] /sbin/ip link set dev eth0 up
2023-12-29 01:15:57,613 T0057: [D1-V4] /sbin/ip route list dev eth0
2023-12-29 01:15:58,288 T0057: [D1-V4] sudo show interfaces status Ethernet124
2023-12-29 01:16:00,740 T0058: [D1-V4] sudo show interfaces status
2023-12-29 01:16:07,578 T0059: [D1-V4] sudo show interfaces status
2023-12-29 01:16:14,573 T0060: [D1-V4] sudo show interfaces status
2023-12-29 01:16:21,510 T0061: [D1-V4] sudo show interfaces status
2023-12-29 01:16:23,355 T0000: [D1-V4] config save /tmp/config-db-V4-pre-module-prolog-system-test_snmp.py.json -y
2023-12-29 01:16:25,022 T0000: [D1-V4] chmod 777 /tmp/config-db-V4-pre-module-prolog-system-test_snmp.py.json
2023-12-29 01:16:26,554 T0000: [D1-V4] /sbin/ip link set dev eth0 up
2023-12-29 01:16:27,266 T0000: [D1-V4] /sbin/ip route list dev eth0
2023-12-29 01:16:35,867 T0000: [D1-V4] sudo vtysh -c 'show running-config' > /tmp/vtysh-runcfg-V4-pre-module-prolog-system-test_snmp.py.txt
2023-12-29 01:16:36,771 T0000: [D1-V4] chmod 777 /tmp/vtysh-runcfg-V4-pre-module-prolog-system-test_snmp.py.txt
2023-12-29 01:16:38,304 T0000: [D1-V4] /sbin/ip link set dev eth0 up
2023-12-29 01:16:39,013 T0000: [D1-V4] /sbin/ip route list dev eth0
2023-12-29 01:16:47,549 T0000: 
================== Framework Module Hook Finish: system/test_snmp.py ==================
2023-12-29 01:16:47,550 T0000: 
================== Module Hook: system/test_snmp.py snmp_module_hooks ==================
2023-12-29 01:16:47,565 T0000: [D1-V4] /sbin/ifconfig eth0
2023-12-29 01:16:48,287 T0000: [D1-V4] cat /etc/sonic/snmp.yml
2023-12-29 01:16:49,006 T0000: [D1-V4] sudo sed -i '/^snmp_rocommunity:/ c snmp_rocommunity: test_123' /etc/sonic/snmp.yml
2023-12-29 01:16:50,458 T0000: [D1-V4] sudo sed -i '/^snmp_location:/ c snmp_location: hyderabad' /etc/sonic/snmp.yml
2023-12-29 01:16:51,913 T0000: [D1-V4] cat /etc/sonic/snmp.yml
2023-12-29 01:16:52,614 T0000: [D1-V4] sudo service snmp restart
2023-12-29 01:17:03,625 T0000: [D1-V4] config interface ip add Loopback0 67.66.66.66/32
2023-12-29 01:17:06,998 T0000: [D1-V4] ['config vlan add 3863']
2023-12-29 01:17:19,536 T0000: [D1-V4] docker cp /tmp/swss_config.json swss:/swss_config.json
2023-12-29 01:17:20,291 T0000: [D1-V4] docker exec -it swss bash -c 'swssconfig /swss_config.json'
2023-12-29 01:17:21,105 T0000: [D1-V4] config vlan member add 3863 Ethernet0 -u 
2023-12-29 01:17:22,425 T0000: [D1-V4] config vlan member add 3863 Ethernet4
2023-12-29 01:17:32,190 T0000: [D1-V4] sonic-clear counters
2023-12-29 01:17:46,987 T0000: [D1-V4] show mac
2023-12-29 01:17:56,010 T0000: [D1-V4] ['config snmptrap modify 2 127.0.0.1 -p 162 -v None -c test_123']
2023-12-29 01:18:06,803 T0000: 
================== Module Hook Finish: system/test_snmp.py snmp_module_hooks ==================
2023-12-29 01:18:06,805 T0000: 
================== Framework Function Hook: system/test_snmp.py::test_ft_snmp_sysName ==================
2023-12-29 01:18:06,813 T0000: [D1-V4] config save /tmp/config-db-V4-post-module-prolog-system-test_snmp.py.json -y
2023-12-29 01:18:08,579 T0000: [D1-V4] chmod 777 /tmp/config-db-V4-post-module-prolog-system-test_snmp.py.json
2023-12-29 01:18:10,107 T0000: [D1-V4] /sbin/ip link set dev eth0 up
2023-12-29 01:18:10,820 T0000: [D1-V4] /sbin/ip route list dev eth0
2023-12-29 01:18:18,548 T0000: [D1-V4] sudo vtysh -c 'show running-config' > /tmp/vtysh-runcfg-V4-post-module-prolog-system-test_snmp.py.txt
2023-12-29 01:18:19,449 T0000: [D1-V4] chmod 777 /tmp/vtysh-runcfg-V4-post-module-prolog-system-test_snmp.py.txt
2023-12-29 01:18:20,983 T0000: [D1-V4] /sbin/ip link set dev eth0 up
2023-12-29 01:18:21,696 T0000: [D1-V4] /sbin/ip route list dev eth0
2023-12-29 01:18:34,508 T0084: [D1-V4] sudo show interfaces status
2023-12-29 01:18:36,418 T0000: [D1-V4] sudo show interfaces status Ethernet124
2023-12-29 01:18:39,631 T0000: 
================== Framework Function Hook Finish: system/test_snmp.py::test_ft_snmp_sysName ==================
2023-12-29 01:18:39,634 T0000: 
================== Function Hook: system/test_snmp.py snmp_func_hooks ==================
2023-12-29 01:18:39,638 T0000: 
================== Function Hook Finish: system/test_snmp.py snmp_func_hooks ==================
2023-12-29 01:18:39,640 T0000: 
================== Test Execution: system/test_snmp.py::test_ft_snmp_sysName ==================
2023-12-29 01:18:39,641 T0000: [D1-V4] hostname
2023-12-29 01:18:40,813 T0000: 
================== Function Hook Finalize: system/test_snmp.py snmp_func_hooks ==================
2023-12-29 01:18:40,852 T0000: 
================== Framework Function Hook Finalize: system/test_snmp.py::test_ft_snmp_sysName ==================
2023-12-29 01:18:40,853 T0000: 
================== Framework Function Hook: system/test_snmp.py::test_ft_snmp_test_syUpTime ==================
2023-12-29 01:18:40,863 T0085: [D1-V4] sudo show interfaces status
2023-12-29 01:18:42,667 T0000: [D1-V4] sudo show interfaces status Ethernet124
2023-12-29 01:18:45,576 T0000: 
================== Framework Function Hook Finish: system/test_snmp.py::test_ft_snmp_test_syUpTime ==================
2023-12-29 01:18:45,578 T0000: 
================== Function Hook: system/test_snmp.py snmp_func_hooks ==================
2023-12-29 01:18:45,584 T0000: 
================== Function Hook Finish: system/test_snmp.py snmp_func_hooks ==================
2023-12-29 01:18:45,585 T0000: 
================== Test Execution: system/test_snmp.py::test_ft_snmp_test_syUpTime ==================
2023-12-29 01:18:45,606 T0000: [D1-V4] show uptime
2023-12-29 01:18:46,952 T0000: 
================== Function Hook Finalize: system/test_snmp.py snmp_func_hooks ==================
2023-12-29 01:18:46,971 T0000: 
================== Framework Function Hook Finalize: system/test_snmp.py::test_ft_snmp_test_syUpTime ==================
2023-12-29 01:18:46,973 T0000: 
================== Framework Function Hook: system/test_snmp.py::test_ft_snmp_sysDescr ==================
2023-12-29 01:18:46,982 T0086: [D1-V4] sudo show interfaces status
2023-12-29 01:18:48,859 T0000: [D1-V4] sudo show interfaces status Ethernet124
2023-12-29 01:18:51,826 T0000: 
================== Framework Function Hook Finish: system/test_snmp.py::test_ft_snmp_sysDescr ==================
2023-12-29 01:18:51,827 T0000: 
================== Function Hook: system/test_snmp.py snmp_func_hooks ==================
2023-12-29 01:18:51,829 T0000: 
================== Function Hook Finish: system/test_snmp.py snmp_func_hooks ==================
2023-12-29 01:18:51,830 T0000: 
================== Test Execution: system/test_snmp.py::test_ft_snmp_sysDescr ==================
2023-12-29 01:18:51,830 T0000: [D1-V4] show version
2023-12-29 01:18:53,290 T0000: [D1-V4] show platform summary
2023-12-29 01:18:54,645 T0000: 
================== Function Hook Finalize: system/test_snmp.py snmp_func_hooks ==================
2023-12-29 01:18:54,669 T0000: 
================== Framework Function Hook Finalize: system/test_snmp.py::test_ft_snmp_sysDescr ==================
2023-12-29 01:18:54,670 T0000: 
================== Framework Function Hook: system/test_snmp.py::test_ft_snmp_mib_2 ==================
2023-12-29 01:18:54,681 T0087: [D1-V4] sudo show interfaces status
2023-12-29 01:18:56,539 T0000: [D1-V4] sudo show interfaces status Ethernet124
2023-12-29 01:18:59,511 T0000: 
================== Framework Function Hook Finish: system/test_snmp.py::test_ft_snmp_mib_2 ==================
2023-12-29 01:18:59,513 T0000: 
================== Function Hook: system/test_snmp.py snmp_func_hooks ==================
2023-12-29 01:18:59,518 T0000: 
================== Function Hook Finish: system/test_snmp.py snmp_func_hooks ==================
2023-12-29 01:18:59,519 T0000: 
================== Test Execution: system/test_snmp.py::test_ft_snmp_mib_2 ==================
2023-12-29 01:19:00,788 T0000: 
================== Function Hook Finalize: system/test_snmp.py snmp_func_hooks ==================
2023-12-29 01:19:00,810 T0000: 
================== Framework Function Hook Finalize: system/test_snmp.py::test_ft_snmp_mib_2 ==================
2023-12-29 01:19:00,812 T0000: 
================== Framework Function Hook: system/test_snmp.py::test_ft_snmp_if_mib_all ==================
2023-12-29 01:19:00,821 T0088: [D1-V4] sudo show interfaces status
2023-12-29 01:19:02,685 T0000: [D1-V4] sudo show interfaces status Ethernet124
2023-12-29 01:19:05,746 T0000: 
================== Framework Function Hook Finish: system/test_snmp.py::test_ft_snmp_if_mib_all ==================
2023-12-29 01:19:05,747 T0000: 
================== Function Hook: system/test_snmp.py snmp_func_hooks ==================
2023-12-29 01:19:05,755 T0000: 
================== Function Hook Finish: system/test_snmp.py snmp_func_hooks ==================
2023-12-29 01:19:05,757 T0000: 
================== Test Execution: system/test_snmp.py::test_ft_snmp_if_mib_all ==================
2023-12-29 01:19:05,946 T0000: 
================== Function Hook Finalize: system/test_snmp.py snmp_func_hooks ==================
2023-12-29 01:19:05,970 T0000: 
================== Framework Function Hook Finalize: system/test_snmp.py::test_ft_snmp_if_mib_all ==================
2023-12-29 01:19:05,972 T0000: 
================== Framework Function Hook: system/test_snmp.py::test_ft_snmp_entity_mib_all ==================
2023-12-29 01:19:05,982 T0089: [D1-V4] sudo show interfaces status
2023-12-29 01:19:07,893 T0000: [D1-V4] sudo show interfaces status Ethernet124
2023-12-29 01:19:10,813 T0000: 
================== Framework Function Hook Finish: system/test_snmp.py::test_ft_snmp_entity_mib_all ==================
2023-12-29 01:19:10,814 T0000: 
================== Function Hook: system/test_snmp.py snmp_func_hooks ==================
2023-12-29 01:19:10,816 T0000: 
================== Function Hook Finish: system/test_snmp.py snmp_func_hooks ==================
2023-12-29 01:19:10,817 T0000: 
================== Test Execution: system/test_snmp.py::test_ft_snmp_entity_mib_all ==================
2023-12-29 01:19:10,875 T0000: 
================== Function Hook Finalize: system/test_snmp.py snmp_func_hooks ==================
2023-12-29 01:19:10,900 T0000: 
================== Framework Function Hook Finalize: system/test_snmp.py::test_ft_snmp_entity_mib_all ==================
2023-12-29 01:19:10,901 T0000: 
================== Framework Function Hook: system/test_snmp.py::test_ft_snmp_dot1q_dot1db_mib ==================
2023-12-29 01:19:10,922 T0090: [D1-V4] sudo show interfaces status
2023-12-29 01:19:12,789 T0000: [D1-V4] sudo show interfaces status Ethernet124
2023-12-29 01:19:15,702 T0000: 
================== Framework Function Hook Finish: system/test_snmp.py::test_ft_snmp_dot1q_dot1db_mib ==================
2023-12-29 01:19:15,703 T0000: 
================== Function Hook: system/test_snmp.py snmp_func_hooks ==================
2023-12-29 01:19:15,706 T0000: 
================== Function Hook Finish: system/test_snmp.py snmp_func_hooks ==================
2023-12-29 01:19:15,707 T0000: 
================== Test Execution: system/test_snmp.py::test_ft_snmp_dot1q_dot1db_mib ==================
2023-12-29 01:19:15,805 T0000: 
================== Function Hook Finalize: system/test_snmp.py snmp_func_hooks ==================
2023-12-29 01:19:15,836 T0000: 
================== Framework Function Hook Finalize: system/test_snmp.py::test_ft_snmp_dot1q_dot1db_mib ==================
2023-12-29 01:19:15,838 T0000: 
================== Framework Function Hook: system/test_snmp.py::test_ft_snmp_root_node_walk ==================
2023-12-29 01:19:15,849 T0091: [D1-V4] sudo show interfaces status
2023-12-29 01:19:17,855 T0000: [D1-V4] sudo show interfaces status Ethernet124
2023-12-29 01:19:20,783 T0000: 
================== Framework Function Hook Finish: system/test_snmp.py::test_ft_snmp_root_node_walk ==================
2023-12-29 01:19:20,784 T0000: 
================== Function Hook: system/test_snmp.py snmp_func_hooks ==================
2023-12-29 01:19:20,787 T0000: 
================== Function Hook Finish: system/test_snmp.py snmp_func_hooks ==================
2023-12-29 01:19:20,788 T0000: 
================== Test Execution: system/test_snmp.py::test_ft_snmp_root_node_walk ==================
2023-12-29 01:19:24,294 T0000: 
================== Function Hook Finalize: system/test_snmp.py snmp_func_hooks ==================
2023-12-29 01:19:24,338 T0000: 
================== Framework Function Hook Finalize: system/test_snmp.py::test_ft_snmp_root_node_walk ==================
2023-12-29 01:19:24,340 T0000: 
================== Framework Function Hook: system/test_snmp.py::test_ft_snmp_ipAddressRowStatus_ipv6 ==================
2023-12-29 01:19:24,351 T0092: [D1-V4] sudo show interfaces status
2023-12-29 01:19:26,217 T0000: [D1-V4] sudo show interfaces status Ethernet124
2023-12-29 01:19:29,175 T0000: 
================== Framework Function Hook Finish: system/test_snmp.py::test_ft_snmp_ipAddressRowStatus_ipv6 ==================
2023-12-29 01:19:29,177 T0000: 
================== Function Hook: system/test_snmp.py snmp_func_hooks ==================
2023-12-29 01:19:29,185 T0000: 
================== Function Hook Finish: system/test_snmp.py snmp_func_hooks ==================
2023-12-29 01:19:29,186 T0000: 
================== Test Execution: system/test_snmp.py::test_ft_snmp_ipAddressRowStatus_ipv6 ==================
2023-12-29 01:19:29,201 T0000: [D1-V4] config interface ip add Loopback0 5551::1/128
2023-12-29 01:19:32,513 T0000: [D1-V4] show ipv6 interface
2023-12-29 01:19:34,481 T0000: [D1-V4] config interface ip remove Loopback0 5551::1/128
2023-12-29 01:19:35,799 T0000: 
================== Function Hook Finalize: system/test_snmp.py snmp_func_hooks ==================
2023-12-29 01:19:35,831 T0000: 
================== Framework Function Hook Finalize: system/test_snmp.py::test_ft_snmp_ipAddressRowStatus_ipv6 ==================
2023-12-29 01:19:35,832 T0000: 
================== Framework Function Hook: system/test_snmp.py::test_ft_snmp_ipAddressStorageType_ipv6 ==================
2023-12-29 01:19:35,845 T0093: [D1-V4] sudo show interfaces status
2023-12-29 01:19:37,771 T0000: [D1-V4] sudo show interfaces status Ethernet124
2023-12-29 01:19:40,848 T0000: 
================== Framework Function Hook Finish: system/test_snmp.py::test_ft_snmp_ipAddressStorageType_ipv6 ==================
2023-12-29 01:19:40,848 T0000: 
================== Function Hook: system/test_snmp.py snmp_func_hooks ==================
2023-12-29 01:19:40,852 T0000: 
================== Function Hook Finish: system/test_snmp.py snmp_func_hooks ==================
2023-12-29 01:19:40,853 T0000: 
================== Test Execution: system/test_snmp.py::test_ft_snmp_ipAddressStorageType_ipv6 ==================
2023-12-29 01:19:40,888 T0000: 
================== Function Hook Finalize: system/test_snmp.py snmp_func_hooks ==================
2023-12-29 01:19:40,915 T0000: 
================== Framework Function Hook Finalize: system/test_snmp.py::test_ft_snmp_ipAddressStorageType_ipv6 ==================
2023-12-29 01:19:40,918 T0000: 
================== Framework Function Hook: system/test_snmp.py::test_ft_snmp_ipv6_If_Forward_default_HopLimit ==================
2023-12-29 01:19:40,935 T0094: [D1-V4] sudo show interfaces status
2023-12-29 01:19:42,892 T0000: [D1-V4] sudo show interfaces status Ethernet124
2023-12-29 01:19:45,912 T0000: 
================== Framework Function Hook Finish: system/test_snmp.py::test_ft_snmp_ipv6_If_Forward_default_HopLimit ==================
2023-12-29 01:19:45,913 T0000: 
================== Function Hook: system/test_snmp.py snmp_func_hooks ==================
2023-12-29 01:19:45,915 T0000: 
================== Function Hook Finish: system/test_snmp.py snmp_func_hooks ==================
2023-12-29 01:19:45,916 T0000: 
================== Test Execution: system/test_snmp.py::test_ft_snmp_ipv6_If_Forward_default_HopLimit ==================
2023-12-29 01:19:45,964 T0000: 
================== Function Hook Finalize: system/test_snmp.py snmp_func_hooks ==================
2023-12-29 01:19:45,992 T0000: 
================== Framework Function Hook Finalize: system/test_snmp.py::test_ft_snmp_ipv6_If_Forward_default_HopLimit ==================
2023-12-29 01:19:45,994 T0000: 
================== Framework Function Hook: system/test_snmp.py::test_ft_snmp_ipv6scope_index_table ==================
2023-12-29 01:19:46,005 T0095: [D1-V4] sudo show interfaces status
2023-12-29 01:19:47,911 T0000: [D1-V4] sudo show interfaces status Ethernet124
2023-12-29 01:19:50,889 T0000: 
================== Framework Function Hook Finish: system/test_snmp.py::test_ft_snmp_ipv6scope_index_table ==================
2023-12-29 01:19:50,890 T0000: 
================== Function Hook: system/test_snmp.py snmp_func_hooks ==================
2023-12-29 01:19:50,895 T0000: 
================== Function Hook Finish: system/test_snmp.py snmp_func_hooks ==================
2023-12-29 01:19:50,896 T0000: 
================== Test Execution: system/test_snmp.py::test_ft_snmp_ipv6scope_index_table ==================
2023-12-29 01:19:50,959 T0000: 
================== Function Hook Finalize: system/test_snmp.py snmp_func_hooks ==================
2023-12-29 01:19:50,991 T0000: 
================== Framework Function Hook Finalize: system/test_snmp.py::test_ft_snmp_ipv6scope_index_table ==================
2023-12-29 01:19:50,993 T0000: 
================== Framework Function Hook: system/test_snmp.py::test_ft_snmp_ip_forward_table ==================
2023-12-29 01:19:51,003 T0096: [D1-V4] sudo show interfaces status
2023-12-29 01:19:52,913 T0000: [D1-V4] sudo show interfaces status Ethernet124
2023-12-29 01:19:55,882 T0000: 
================== Framework Function Hook Finish: system/test_snmp.py::test_ft_snmp_ip_forward_table ==================
2023-12-29 01:19:55,883 T0000: 
================== Function Hook: system/test_snmp.py snmp_func_hooks ==================
2023-12-29 01:19:55,885 T0000: 
================== Function Hook Finish: system/test_snmp.py snmp_func_hooks ==================
2023-12-29 01:19:55,886 T0000: 
================== Test Execution: system/test_snmp.py::test_ft_snmp_ip_forward_table ==================
2023-12-29 01:19:55,886 T0000: [D1-V4]  agentx
2023-12-29 01:19:57,814 T0000: [D1-V4] no agentx
2023-12-29 01:19:58,542 T0000: 
================== Function Hook Finalize: system/test_snmp.py snmp_func_hooks ==================
2023-12-29 01:19:58,566 T0000: 
================== Framework Function Hook Finalize: system/test_snmp.py::test_ft_snmp_ip_forward_table ==================
2023-12-29 01:19:58,567 T0000: 
================== Framework Function Hook: system/test_snmp.py::test_ft_snmp_ifx_table ==================
2023-12-29 01:19:58,577 T0097: [D1-V4] sudo show interfaces status
2023-12-29 01:20:01,394 T0000: [D1-V4] sudo show interfaces status Ethernet124
2023-12-29 01:20:04,408 T0000: 
================== Framework Function Hook Finish: system/test_snmp.py::test_ft_snmp_ifx_table ==================
2023-12-29 01:20:04,410 T0000: 
================== Function Hook: system/test_snmp.py snmp_func_hooks ==================
2023-12-29 01:20:04,415 T0000: 
================== Function Hook Finish: system/test_snmp.py snmp_func_hooks ==================
2023-12-29 01:20:04,416 T0000: 
================== Test Execution: system/test_snmp.py::test_ft_snmp_ifx_table ==================
2023-12-29 01:20:04,607 T0000: 
================== Function Hook Finalize: system/test_snmp.py snmp_func_hooks ==================
2023-12-29 01:20:04,634 T0000: 
================== Framework Function Hook Finalize: system/test_snmp.py::test_ft_snmp_ifx_table ==================
2023-12-29 01:20:04,636 T0000: 
================== Framework Function Hook: system/test_snmp.py::test_ft_snmp_ip_System_Stats_Table ==================
2023-12-29 01:20:04,645 T0098: [D1-V4] sudo show interfaces status
2023-12-29 01:20:06,549 T0000: [D1-V4] sudo show interfaces status Ethernet124
2023-12-29 01:20:09,506 T0000: 
================== Framework Function Hook Finish: system/test_snmp.py::test_ft_snmp_ip_System_Stats_Table ==================
2023-12-29 01:20:09,506 T0000: 
================== Function Hook: system/test_snmp.py snmp_func_hooks ==================
2023-12-29 01:20:09,509 T0000: 
================== Function Hook Finish: system/test_snmp.py snmp_func_hooks ==================
2023-12-29 01:20:09,509 T0000: 
================== Test Execution: system/test_snmp.py::test_ft_snmp_ip_System_Stats_Table ==================
2023-12-29 01:20:09,565 T0000: 
================== Function Hook Finalize: system/test_snmp.py snmp_func_hooks ==================
2023-12-29 01:20:09,591 T0000: 
================== Framework Function Hook Finalize: system/test_snmp.py::test_ft_snmp_ip_System_Stats_Table ==================
2023-12-29 01:20:09,592 T0000: 
================== Framework Function Hook: system/test_snmp.py::test_ft_snmp_ip_IfStats_Table ==================
2023-12-29 01:20:09,603 T0099: [D1-V4] sudo show interfaces status
2023-12-29 01:20:11,556 T0000: [D1-V4] sudo show interfaces status Ethernet124
2023-12-29 01:20:14,573 T0000: 
================== Framework Function Hook Finish: system/test_snmp.py::test_ft_snmp_ip_IfStats_Table ==================
2023-12-29 01:20:14,574 T0000: 
================== Function Hook: system/test_snmp.py snmp_func_hooks ==================
2023-12-29 01:20:14,578 T0000: 
================== Function Hook Finish: system/test_snmp.py snmp_func_hooks ==================
2023-12-29 01:20:14,579 T0000: 
================== Test Execution: system/test_snmp.py::test_ft_snmp_ip_IfStats_Table ==================
2023-12-29 01:20:14,953 T0000: 
================== Function Hook Finalize: system/test_snmp.py snmp_func_hooks ==================
2023-12-29 01:20:14,980 T0000: 
================== Framework Function Hook Finalize: system/test_snmp.py::test_ft_snmp_ip_IfStats_Table ==================
2023-12-29 01:20:14,982 T0000: 
================== Framework Function Hook: system/test_snmp.py::test_ft_snmp_ip_Address_Table ==================
2023-12-29 01:20:14,997 T0100: [D1-V4] sudo show interfaces status
2023-12-29 01:20:17,004 T0000: [D1-V4] sudo show interfaces status Ethernet124
2023-12-29 01:20:20,065 T0000: 
================== Framework Function Hook Finish: system/test_snmp.py::test_ft_snmp_ip_Address_Table ==================
2023-12-29 01:20:20,067 T0000: 
================== Function Hook: system/test_snmp.py snmp_func_hooks ==================
2023-12-29 01:20:20,074 T0000: 
================== Function Hook Finish: system/test_snmp.py snmp_func_hooks ==================
2023-12-29 01:20:20,075 T0000: 
================== Test Execution: system/test_snmp.py::test_ft_snmp_ip_Address_Table ==================
2023-12-29 01:20:20,132 T0000: 
================== Function Hook Finalize: system/test_snmp.py snmp_func_hooks ==================
2023-12-29 01:20:20,162 T0000: 
================== Framework Function Hook Finalize: system/test_snmp.py::test_ft_snmp_ip_Address_Table ==================
2023-12-29 01:20:20,164 T0000: 
================== Framework Function Hook: system/test_snmp.py::test_ft_snmp_ip_NetToPhysical_Table ==================
2023-12-29 01:20:20,174 T0101: [D1-V4] sudo show interfaces status
2023-12-29 01:20:22,088 T0000: [D1-V4] sudo show interfaces status Ethernet124
2023-12-29 01:20:25,144 T0000: 
================== Framework Function Hook Finish: system/test_snmp.py::test_ft_snmp_ip_NetToPhysical_Table ==================
2023-12-29 01:20:25,145 T0000: 
================== Function Hook: system/test_snmp.py snmp_func_hooks ==================
2023-12-29 01:20:25,147 T0000: 
================== Function Hook Finish: system/test_snmp.py snmp_func_hooks ==================
2023-12-29 01:20:25,148 T0000: 
================== Test Execution: system/test_snmp.py::test_ft_snmp_ip_NetToPhysical_Table ==================
2023-12-29 01:20:25,174 T0000: 
================== Function Hook Finalize: system/test_snmp.py snmp_func_hooks ==================
2023-12-29 01:20:25,212 T0000: 
================== Framework Function Hook Finalize: system/test_snmp.py::test_ft_snmp_ip_NetToPhysical_Table ==================
2023-12-29 01:20:25,214 T0000: 
================== Framework Function Hook: system/test_snmp.py::test_ft_snmp_icmp_Msgs ==================
2023-12-29 01:20:25,225 T0102: [D1-V4] sudo show interfaces status
2023-12-29 01:20:27,240 T0000: [D1-V4] sudo show interfaces status Ethernet124
2023-12-29 01:20:30,322 T0000: 
================== Framework Function Hook Finish: system/test_snmp.py::test_ft_snmp_icmp_Msgs ==================
2023-12-29 01:20:30,322 T0000: 
================== Function Hook: system/test_snmp.py snmp_func_hooks ==================
2023-12-29 01:20:30,325 T0000: 
================== Function Hook Finish: system/test_snmp.py snmp_func_hooks ==================
2023-12-29 01:20:30,326 T0000: 
================== Test Execution: system/test_snmp.py::test_ft_snmp_icmp_Msgs ==================
2023-12-29 01:20:30,382 T0000: 
================== Function Hook Finalize: system/test_snmp.py snmp_func_hooks ==================
2023-12-29 01:20:30,409 T0000: 
================== Framework Function Hook Finalize: system/test_snmp.py::test_ft_snmp_icmp_Msgs ==================
2023-12-29 01:20:30,410 T0000: 
================== Framework Function Hook: system/test_snmp.py::test_ft_snmp_tcp_mib ==================
2023-12-29 01:20:30,420 T0103: [D1-V4] sudo show interfaces status
2023-12-29 01:20:32,437 T0000: [D1-V4] sudo show interfaces status Ethernet124
2023-12-29 01:20:35,709 T0000: 
================== Framework Function Hook Finish: system/test_snmp.py::test_ft_snmp_tcp_mib ==================
2023-12-29 01:20:35,710 T0000: 
================== Function Hook: system/test_snmp.py snmp_func_hooks ==================
2023-12-29 01:20:35,716 T0000: 
================== Function Hook Finish: system/test_snmp.py snmp_func_hooks ==================
2023-12-29 01:20:35,717 T0000: 
================== Test Execution: system/test_snmp.py::test_ft_snmp_tcp_mib ==================
2023-12-29 01:20:37,812 T0000: 
================== Function Hook Finalize: system/test_snmp.py snmp_func_hooks ==================
2023-12-29 01:20:37,841 T0000: 
================== Framework Function Hook Finalize: system/test_snmp.py::test_ft_snmp_tcp_mib ==================
2023-12-29 01:20:37,843 T0000: 
================== Framework Function Hook: system/test_snmp.py::test_ft_snmp_udp_mib ==================
2023-12-29 01:20:37,854 T0104: [D1-V4] sudo show interfaces status
2023-12-29 01:20:39,861 T0000: [D1-V4] sudo show interfaces status Ethernet124
2023-12-29 01:20:42,997 T0000: 
================== Framework Function Hook Finish: system/test_snmp.py::test_ft_snmp_udp_mib ==================
2023-12-29 01:20:42,998 T0000: 
================== Function Hook: system/test_snmp.py snmp_func_hooks ==================
2023-12-29 01:20:43,001 T0000: 
================== Function Hook Finish: system/test_snmp.py snmp_func_hooks ==================
2023-12-29 01:20:43,002 T0000: 
================== Test Execution: system/test_snmp.py::test_ft_snmp_udp_mib ==================
2023-12-29 01:20:43,073 T0000: 
================== Function Hook Finalize: system/test_snmp.py snmp_func_hooks ==================
2023-12-29 01:20:43,108 T0000: 
================== Framework Function Hook Finalize: system/test_snmp.py::test_ft_snmp_udp_mib ==================
2023-12-29 01:20:43,110 T0000: 
================== Framework Function Hook: system/test_snmp.py::test_ft_snmp_snmpv2_mib ==================
2023-12-29 01:20:43,122 T0105: [D1-V4] sudo show interfaces status
2023-12-29 01:20:45,085 T0000: [D1-V4] sudo show interfaces status Ethernet124
2023-12-29 01:20:48,160 T0000: 
================== Framework Function Hook Finish: system/test_snmp.py::test_ft_snmp_snmpv2_mib ==================
2023-12-29 01:20:48,161 T0000: 
================== Function Hook: system/test_snmp.py snmp_func_hooks ==================
2023-12-29 01:20:48,166 T0000: 
================== Function Hook Finish: system/test_snmp.py snmp_func_hooks ==================
2023-12-29 01:20:48,167 T0000: 
================== Test Execution: system/test_snmp.py::test_ft_snmp_snmpv2_mib ==================
2023-12-29 01:20:48,204 T0000: 
================== Function Hook Finalize: system/test_snmp.py snmp_func_hooks ==================
2023-12-29 01:20:48,228 T0000: 
================== Framework Function Hook Finalize: system/test_snmp.py::test_ft_snmp_snmpv2_mib ==================
2023-12-29 01:20:48,230 T0000: 
================== Framework Function Hook: system/test_snmp.py::test_ft_snmp_host_resource_mib ==================
2023-12-29 01:20:48,243 T0106: [D1-V4] sudo show interfaces status
2023-12-29 01:20:50,108 T0000: [D1-V4] sudo show interfaces status Ethernet124
2023-12-29 01:20:53,026 T0000: 
================== Framework Function Hook Finish: system/test_snmp.py::test_ft_snmp_host_resource_mib ==================
2023-12-29 01:20:53,027 T0000: 
================== Function Hook: system/test_snmp.py snmp_func_hooks ==================
2023-12-29 01:20:53,030 T0000: 
================== Function Hook Finish: system/test_snmp.py snmp_func_hooks ==================
2023-12-29 01:20:53,030 T0000: 
================== Test Execution: system/test_snmp.py::test_ft_snmp_host_resource_mib ==================
2023-12-29 01:20:53,260 T0000: 
================== Function Hook Finalize: system/test_snmp.py snmp_func_hooks ==================
2023-12-29 01:20:53,288 T0000: 
================== Framework Function Hook Finalize: system/test_snmp.py::test_ft_snmp_host_resource_mib ==================
2023-12-29 01:20:53,289 T0000: 
================== Framework Function Hook: system/test_snmp.py::test_ft_snmp_framework_mib ==================
2023-12-29 01:20:53,299 T0107: [D1-V4] sudo show interfaces status
2023-12-29 01:20:55,261 T0000: [D1-V4] sudo show interfaces status Ethernet124
2023-12-29 01:20:58,174 T0000: 
================== Framework Function Hook Finish: system/test_snmp.py::test_ft_snmp_framework_mib ==================
2023-12-29 01:20:58,174 T0000: 
================== Function Hook: system/test_snmp.py snmp_func_hooks ==================
2023-12-29 01:20:58,177 T0000: 
================== Function Hook Finish: system/test_snmp.py snmp_func_hooks ==================
2023-12-29 01:20:58,177 T0000: 
================== Test Execution: system/test_snmp.py::test_ft_snmp_framework_mib ==================
2023-12-29 01:20:58,204 T0000: 
================== Function Hook Finalize: system/test_snmp.py snmp_func_hooks ==================
2023-12-29 01:20:58,229 T0000: 
================== Framework Function Hook Finalize: system/test_snmp.py::test_ft_snmp_framework_mib ==================
2023-12-29 01:20:58,231 T0000: 
================== Framework Function Hook: system/test_snmp.py::test_ft_snmp_mpd_mib ==================
2023-12-29 01:20:58,241 T0108: [D1-V4] sudo show interfaces status
2023-12-29 01:21:00,161 T0000: [D1-V4] sudo show interfaces status Ethernet124
2023-12-29 01:21:03,224 T0000: 
================== Framework Function Hook Finish: system/test_snmp.py::test_ft_snmp_mpd_mib ==================
2023-12-29 01:21:03,225 T0000: 
================== Function Hook: system/test_snmp.py snmp_func_hooks ==================
2023-12-29 01:21:03,229 T0000: 
================== Function Hook Finish: system/test_snmp.py snmp_func_hooks ==================
2023-12-29 01:21:03,229 T0000: 
================== Test Execution: system/test_snmp.py::test_ft_snmp_mpd_mib ==================
2023-12-29 01:21:03,253 T0000: 
================== Function Hook Finalize: system/test_snmp.py snmp_func_hooks ==================
2023-12-29 01:21:03,282 T0000: 
================== Framework Function Hook Finalize: system/test_snmp.py::test_ft_snmp_mpd_mib ==================
2023-12-29 01:21:03,283 T0000: 
================== Framework Function Hook: system/test_snmp.py::test_ft_snmp_target_mib ==================
2023-12-29 01:21:03,293 T0109: [D1-V4] sudo show interfaces status
2023-12-29 01:21:05,252 T0000: [D1-V4] sudo show interfaces status Ethernet124
2023-12-29 01:21:08,264 T0000: 
================== Framework Function Hook Finish: system/test_snmp.py::test_ft_snmp_target_mib ==================
2023-12-29 01:21:08,265 T0000: 
================== Function Hook: system/test_snmp.py snmp_func_hooks ==================
2023-12-29 01:21:08,267 T0000: 
================== Function Hook Finish: system/test_snmp.py snmp_func_hooks ==================
2023-12-29 01:21:08,268 T0000: 
================== Test Execution: system/test_snmp.py::test_ft_snmp_target_mib ==================
2023-12-29 01:21:08,299 T0000: 
================== Function Hook Finalize: system/test_snmp.py snmp_func_hooks ==================
2023-12-29 01:21:08,322 T0000: 
================== Framework Function Hook Finalize: system/test_snmp.py::test_ft_snmp_target_mib ==================
2023-12-29 01:21:08,324 T0000: 
================== Framework Function Hook: system/test_snmp.py::test_ft_snmp_notification_mib ==================
2023-12-29 01:21:08,334 T0110: [D1-V4] sudo show interfaces status
2023-12-29 01:21:10,240 T0000: [D1-V4] sudo show interfaces status Ethernet124
2023-12-29 01:21:13,200 T0000: 
================== Framework Function Hook Finish: system/test_snmp.py::test_ft_snmp_notification_mib ==================
2023-12-29 01:21:13,201 T0000: 
================== Function Hook: system/test_snmp.py snmp_func_hooks ==================
2023-12-29 01:21:13,206 T0000: 
================== Function Hook Finish: system/test_snmp.py snmp_func_hooks ==================
2023-12-29 01:21:13,207 T0000: 
================== Test Execution: system/test_snmp.py::test_ft_snmp_notification_mib ==================
2023-12-29 01:21:13,232 T0000: 
================== Function Hook Finalize: system/test_snmp.py snmp_func_hooks ==================
2023-12-29 01:21:13,255 T0000: 
================== Framework Function Hook Finalize: system/test_snmp.py::test_ft_snmp_notification_mib ==================
2023-12-29 01:21:13,257 T0000: 
================== Framework Function Hook: system/test_snmp.py::test_ft_snmp_user_based_sm_mib ==================
2023-12-29 01:21:13,267 T0111: [D1-V4] sudo show interfaces status
2023-12-29 01:21:15,129 T0000: [D1-V4] sudo show interfaces status Ethernet124
2023-12-29 01:21:18,173 T0000: 
================== Framework Function Hook Finish: system/test_snmp.py::test_ft_snmp_user_based_sm_mib ==================
2023-12-29 01:21:18,174 T0000: 
================== Function Hook: system/test_snmp.py snmp_func_hooks ==================
2023-12-29 01:21:18,178 T0000: 
================== Function Hook Finish: system/test_snmp.py snmp_func_hooks ==================
2023-12-29 01:21:18,179 T0000: 
================== Test Execution: system/test_snmp.py::test_ft_snmp_user_based_sm_mib ==================
2023-12-29 01:21:18,207 T0000: 
================== Function Hook Finalize: system/test_snmp.py snmp_func_hooks ==================
2023-12-29 01:21:18,253 T0000: 
================== Framework Function Hook Finalize: system/test_snmp.py::test_ft_snmp_user_based_sm_mib ==================
2023-12-29 01:21:18,256 T0000: 
================== Framework Function Hook: system/test_snmp.py::test_ft_snmp_view_based_acm_mib ==================
2023-12-29 01:21:18,269 T0112: [D1-V4] sudo show interfaces status
2023-12-29 01:21:20,128 T0000: [D1-V4] sudo show interfaces status Ethernet124
2023-12-29 01:21:23,123 T0000: 
================== Framework Function Hook Finish: system/test_snmp.py::test_ft_snmp_view_based_acm_mib ==================
2023-12-29 01:21:23,124 T0000: 
================== Function Hook: system/test_snmp.py snmp_func_hooks ==================
2023-12-29 01:21:23,127 T0000: 
================== Function Hook Finish: system/test_snmp.py snmp_func_hooks ==================
2023-12-29 01:21:23,127 T0000: 
================== Test Execution: system/test_snmp.py::test_ft_snmp_view_based_acm_mib ==================
2023-12-29 01:21:23,207 T0000: 
================== Function Hook Finalize: system/test_snmp.py snmp_func_hooks ==================
2023-12-29 01:21:23,233 T0000: 
================== Framework Function Hook Finalize: system/test_snmp.py::test_ft_snmp_view_based_acm_mib ==================
2023-12-29 01:21:23,234 T0000: 
================== Framework Function Hook: system/test_snmp.py::test_ft_snmp_ent_physical_table ==================
2023-12-29 01:21:23,245 T0113: [D1-V4] sudo show interfaces status
2023-12-29 01:21:25,045 T0000: [D1-V4] sudo show interfaces status Ethernet124
2023-12-29 01:21:27,968 T0000: 
================== Framework Function Hook Finish: system/test_snmp.py::test_ft_snmp_ent_physical_table ==================
2023-12-29 01:21:27,968 T0000: 
================== Function Hook: system/test_snmp.py snmp_func_hooks ==================
2023-12-29 01:21:27,971 T0000: 
================== Function Hook Finish: system/test_snmp.py snmp_func_hooks ==================
2023-12-29 01:21:27,972 T0000: 
================== Test Execution: system/test_snmp.py::test_ft_snmp_ent_physical_table ==================
2023-12-29 01:21:28,039 T0000: 
================== Function Hook Finalize: system/test_snmp.py snmp_func_hooks ==================
2023-12-29 01:21:28,075 T0000: 
================== Framework Function Hook Finalize: system/test_snmp.py::test_ft_snmp_ent_physical_table ==================
2023-12-29 01:21:28,077 T0000: 
================== Framework Function Hook: system/test_snmp.py::test_ft_snmp_dot3_stats_table ==================
2023-12-29 01:21:28,094 T0114: [D1-V4] sudo show interfaces status
2023-12-29 01:21:29,908 T0000: [D1-V4] sudo show interfaces status Ethernet124
2023-12-29 01:21:32,835 T0000: 
================== Framework Function Hook Finish: system/test_snmp.py::test_ft_snmp_dot3_stats_table ==================
2023-12-29 01:21:32,837 T0000: 
================== Function Hook: system/test_snmp.py snmp_func_hooks ==================
2023-12-29 01:21:32,840 T0000: 
================== Function Hook Finish: system/test_snmp.py snmp_func_hooks ==================
2023-12-29 01:21:32,841 T0000: 
================== Test Execution: system/test_snmp.py::test_ft_snmp_dot3_stats_table ==================
2023-12-29 01:21:32,905 T0000: 
================== Function Hook Finalize: system/test_snmp.py snmp_func_hooks ==================
2023-12-29 01:21:32,931 T0000: 
================== Framework Function Hook Finalize: system/test_snmp.py::test_ft_snmp_dot3_stats_table ==================
2023-12-29 01:21:32,933 T0000: 
================== Framework Function Hook: system/test_snmp.py::test_ft_net_snmp_agent_mib ==================
2023-12-29 01:21:32,950 T0115: [D1-V4] sudo show interfaces status
2023-12-29 01:21:34,814 T0000: [D1-V4] sudo show interfaces status Ethernet124
2023-12-29 01:21:37,732 T0000: 
================== Framework Function Hook Finish: system/test_snmp.py::test_ft_net_snmp_agent_mib ==================
2023-12-29 01:21:37,733 T0000: 
================== Function Hook: system/test_snmp.py snmp_func_hooks ==================
2023-12-29 01:21:37,736 T0000: 
================== Function Hook Finish: system/test_snmp.py snmp_func_hooks ==================
2023-12-29 01:21:37,736 T0000: 
================== Test Execution: system/test_snmp.py::test_ft_net_snmp_agent_mib ==================
2023-12-29 01:21:38,422 T0000: 
================== Function Hook Finalize: system/test_snmp.py snmp_func_hooks ==================
2023-12-29 01:21:38,449 T0000: 
================== Framework Function Hook Finalize: system/test_snmp.py::test_ft_net_snmp_agent_mib ==================
2023-12-29 01:21:38,451 T0000: 
================== Framework Function Hook: system/test_snmp.py::test_ft_net_snmp_vacm_mib ==================
2023-12-29 01:21:38,461 T0116: [D1-V4] sudo show interfaces status
2023-12-29 01:21:40,303 T0000: [D1-V4] sudo show interfaces status Ethernet124
2023-12-29 01:21:43,334 T0000: 
================== Framework Function Hook Finish: system/test_snmp.py::test_ft_net_snmp_vacm_mib ==================
2023-12-29 01:21:43,336 T0000: 
================== Function Hook: system/test_snmp.py snmp_func_hooks ==================
2023-12-29 01:21:43,342 T0000: 
================== Function Hook Finish: system/test_snmp.py snmp_func_hooks ==================
2023-12-29 01:21:43,343 T0000: 
================== Test Execution: system/test_snmp.py::test_ft_net_snmp_vacm_mib ==================
2023-12-29 01:21:43,390 T0000: 
================== Function Hook Finalize: system/test_snmp.py snmp_func_hooks ==================
2023-12-29 01:21:43,414 T0000: 
================== Framework Function Hook Finalize: system/test_snmp.py::test_ft_net_snmp_vacm_mib ==================
2023-12-29 01:21:43,416 T0000: 
================== Framework Function Hook: system/test_snmp.py::test_ft_snmp_ucd_diskio_mib ==================
2023-12-29 01:21:43,427 T0117: [D1-V4] sudo show interfaces status
2023-12-29 01:21:45,237 T0000: [D1-V4] sudo show interfaces status Ethernet124
2023-12-29 01:21:48,220 T0000: 
================== Framework Function Hook Finish: system/test_snmp.py::test_ft_snmp_ucd_diskio_mib ==================
2023-12-29 01:21:48,222 T0000: 
================== Function Hook: system/test_snmp.py snmp_func_hooks ==================
2023-12-29 01:21:48,229 T0000: 
================== Function Hook Finish: system/test_snmp.py snmp_func_hooks ==================
2023-12-29 01:21:48,231 T0000: 
================== Test Execution: system/test_snmp.py::test_ft_snmp_ucd_diskio_mib ==================
2023-12-29 01:21:48,280 T0000: 
================== Function Hook Finalize: system/test_snmp.py snmp_func_hooks ==================
2023-12-29 01:21:48,305 T0000: 
================== Framework Function Hook Finalize: system/test_snmp.py::test_ft_snmp_ucd_diskio_mib ==================
2023-12-29 01:21:48,307 T0000: 
================== Framework Function Hook: system/test_snmp.py::test_ft_snmp_ucd_la_table ==================
2023-12-29 01:21:48,317 T0118: [D1-V4] sudo show interfaces status
2023-12-29 01:21:50,173 T0000: [D1-V4] sudo show interfaces status Ethernet124
2023-12-29 01:21:53,130 T0000: 
================== Framework Function Hook Finish: system/test_snmp.py::test_ft_snmp_ucd_la_table ==================
2023-12-29 01:21:53,132 T0000: 
================== Function Hook: system/test_snmp.py snmp_func_hooks ==================
2023-12-29 01:21:53,136 T0000: 
================== Function Hook Finish: system/test_snmp.py snmp_func_hooks ==================
2023-12-29 01:21:53,136 T0000: 
================== Test Execution: system/test_snmp.py::test_ft_snmp_ucd_la_table ==================
2023-12-29 01:21:53,172 T0000: 
================== Function Hook Finalize: system/test_snmp.py snmp_func_hooks ==================
2023-12-29 01:21:53,196 T0000: 
================== Framework Function Hook Finalize: system/test_snmp.py::test_ft_snmp_ucd_la_table ==================
2023-12-29 01:21:53,198 T0000: 
================== Framework Function Hook: system/test_snmp.py::test_ft_snmp_ucd_system_stats ==================
2023-12-29 01:21:53,208 T0119: [D1-V4] sudo show interfaces status
2023-12-29 01:21:55,061 T0000: [D1-V4] sudo show interfaces status Ethernet124
2023-12-29 01:21:58,029 T0000: 
================== Framework Function Hook Finish: system/test_snmp.py::test_ft_snmp_ucd_system_stats ==================
2023-12-29 01:21:58,031 T0000: 
================== Function Hook: system/test_snmp.py snmp_func_hooks ==================
2023-12-29 01:21:58,035 T0000: 
================== Function Hook Finish: system/test_snmp.py snmp_func_hooks ==================
2023-12-29 01:21:58,036 T0000: 
================== Test Execution: system/test_snmp.py::test_ft_snmp_ucd_system_stats ==================
2023-12-29 01:21:58,076 T0000: 
================== Function Hook Finalize: system/test_snmp.py snmp_func_hooks ==================
2023-12-29 01:21:58,112 T0000: 
================== Framework Function Hook Finalize: system/test_snmp.py::test_ft_snmp_ucd_system_stats ==================
2023-12-29 01:21:58,114 T0000: 
================== Framework Function Hook: system/test_snmp.py::test_ft_snmp_dot1q_tp_fdb_port ==================
2023-12-29 01:21:58,127 T0120: [D1-V4] sudo show interfaces status
2023-12-29 01:22:00,038 T0000: [D1-V4] sudo show interfaces status Ethernet124
2023-12-29 01:22:03,002 T0000: 
================== Framework Function Hook Finish: system/test_snmp.py::test_ft_snmp_dot1q_tp_fdb_port ==================
2023-12-29 01:22:03,004 T0000: 
================== Function Hook: system/test_snmp.py snmp_func_hooks ==================
2023-12-29 01:22:03,011 T0000: 
================== Function Hook Finish: system/test_snmp.py snmp_func_hooks ==================
2023-12-29 01:22:03,013 T0000: 
================== Test Execution: system/test_snmp.py::test_ft_snmp_dot1q_tp_fdb_port ==================
2023-12-29 01:22:03,045 T0000: [D1-V4] show mac
2023-12-29 01:22:04,489 T0000: 
================== Function Hook Finalize: system/test_snmp.py snmp_func_hooks ==================
2023-12-29 01:22:04,510 T0000: 
================== Framework Function Hook Finalize: system/test_snmp.py::test_ft_snmp_dot1q_tp_fdb_port ==================
2023-12-29 01:22:04,512 T0000: 
================== Framework Function Hook: system/test_snmp.py::test_ft_snmp_dot1q_tp_fdb_address ==================
2023-12-29 01:22:04,521 T0121: [D1-V4] sudo show interfaces status
2023-12-29 01:22:06,484 T0000: [D1-V4] sudo show interfaces status Ethernet124
2023-12-29 01:22:09,443 T0000: 
================== Framework Function Hook Finish: system/test_snmp.py::test_ft_snmp_dot1q_tp_fdb_address ==================
2023-12-29 01:22:09,444 T0000: 
================== Function Hook: system/test_snmp.py snmp_func_hooks ==================
2023-12-29 01:22:09,450 T0000: 
================== Function Hook Finish: system/test_snmp.py snmp_func_hooks ==================
2023-12-29 01:22:09,451 T0000: 
================== Test Execution: system/test_snmp.py::test_ft_snmp_dot1q_tp_fdb_address ==================
2023-12-29 01:22:09,860 T0000: 
================== Function Hook Finalize: system/test_snmp.py snmp_func_hooks ==================
2023-12-29 01:22:09,892 T0000: 
================== Framework Function Hook Finalize: system/test_snmp.py::test_ft_snmp_dot1q_tp_fdb_address ==================
2023-12-29 01:22:09,894 T0000: 
================== Framework Function Hook: system/test_snmp.py::test_ft_snmp_coldstart_trap ==================
2023-12-29 01:22:09,907 T0122: [D1-V4] sudo show interfaces status
2023-12-29 01:22:11,762 T0000: [D1-V4] sudo show interfaces status Ethernet124
2023-12-29 01:22:14,677 T0000: 
================== Framework Function Hook Finish: system/test_snmp.py::test_ft_snmp_coldstart_trap ==================
2023-12-29 01:22:14,679 T0000: 
================== Function Hook: system/test_snmp.py snmp_func_hooks ==================
2023-12-29 01:22:14,686 T0000: 
================== Function Hook Finish: system/test_snmp.py snmp_func_hooks ==================
2023-12-29 01:22:14,688 T0000: 
================== Test Execution: system/test_snmp.py::test_ft_snmp_coldstart_trap ==================
2023-12-29 01:22:28,946 T0000: 
================== Function Hook Finalize: system/test_snmp.py snmp_func_hooks ==================
2023-12-29 01:22:28,981 T0000: 
================== Framework Function Hook Finalize: system/test_snmp.py::test_ft_snmp_coldstart_trap ==================
2023-12-29 01:22:28,982 T0000: 
================== Framework Function Hook: system/test_snmp.py::test_ft_snmp_docker_restart ==================
2023-12-29 01:22:28,994 T0123: [D1-V4] sudo show interfaces status
2023-12-29 01:22:30,841 T0000: [D1-V4] sudo show interfaces status Ethernet124
2023-12-29 01:22:33,802 T0000: 
================== Framework Function Hook Finish: system/test_snmp.py::test_ft_snmp_docker_restart ==================
2023-12-29 01:22:33,802 T0000: 
================== Function Hook: system/test_snmp.py snmp_func_hooks ==================
2023-12-29 01:22:33,805 T0000: 
================== Function Hook Finish: system/test_snmp.py snmp_func_hooks ==================
2023-12-29 01:22:33,805 T0000: 
================== Test Execution: system/test_snmp.py::test_ft_snmp_docker_restart ==================
2023-12-29 01:22:33,806 T0000: [D1-V4] systemctl restart snmp
2023-12-29 01:22:41,344 T0000: [D1-V4] sudo show interfaces status Ethernet124
2023-12-29 01:22:43,183 T0000: [D1-V4] systemctl is-active snmp
2023-12-29 01:22:44,383 T0000: 
================== Function Hook Finalize: system/test_snmp.py snmp_func_hooks ==================
2023-12-29 01:22:44,426 T0000: 
================== Framework Function Hook Finalize: system/test_snmp.py::test_ft_snmp_docker_restart ==================
2023-12-29 01:22:44,434 T0000: [D1-V4] config save /tmp/config-db-V4-pre-module-epilog-system-test_snmp.py.json -y
2023-12-29 01:22:46,198 T0000: [D1-V4] chmod 777 /tmp/config-db-V4-pre-module-epilog-system-test_snmp.py.json
2023-12-29 01:22:47,742 T0000: [D1-V4] /sbin/ip link set dev eth0 up
2023-12-29 01:22:48,454 T0000: [D1-V4] /sbin/ip route list dev eth0
2023-12-29 01:22:56,972 T0000: [D1-V4] sudo vtysh -c 'show running-config' > /tmp/vtysh-runcfg-V4-pre-module-epilog-system-test_snmp.py.txt
2023-12-29 01:22:57,885 T0000: [D1-V4] chmod 777 /tmp/vtysh-runcfg-V4-pre-module-epilog-system-test_snmp.py.txt
2023-12-29 01:22:59,413 T0000: [D1-V4] /sbin/ip link set dev eth0 up
2023-12-29 01:23:00,122 T0000: [D1-V4] /sbin/ip route list dev eth0
2023-12-29 01:23:08,639 T0000: [D1-V4] cat /etc/sonic/snmp.yml
2023-12-29 01:23:09,355 T0000: [D1-V4] sudo sed -i '/^snmp_rocommunity:/ c snmp_rocommunity: NotConfigured' /etc/sonic/snmp.yml
2023-12-29 01:23:10,806 T0000: [D1-V4] sudo sed -i '/^snmp_rocommunity6:/ c snmp_rocommunity6: NotConfigured' /etc/sonic/snmp.yml
2023-12-29 01:23:12,257 T0000: [D1-V4] sudo sed -i '/^snmp_location:/ c snmp_location: NotConfigured' /etc/sonic/snmp.yml
2023-12-29 01:23:13,710 T0000: [D1-V4] sudo sed -i '/^snmp_syscontact:/ c snmp_syscontact: NotConfigured' /etc/sonic/snmp.yml
2023-12-29 01:23:15,158 T0000: [D1-V4] sudo sed -i '/^v1_trap_dest:/ c v1_trap_dest: NotConfigured' /etc/sonic/snmp.yml
2023-12-29 01:23:16,609 T0000: [D1-V4] sudo sed -i '/^v2_trap_dest:/ c v2_trap_dest: NotConfigured' /etc/sonic/snmp.yml
2023-12-29 01:23:18,062 T0000: [D1-V4] sudo sed -i '/^v3_trap_dest:/ c v3_trap_dest: NotConfigured' /etc/sonic/snmp.yml
2023-12-29 01:23:19,510 T0000: [D1-V4] cat /etc/sonic/snmp.yml
2023-12-29 01:23:20,214 T0000: [D1-V4] sudo service snmp restart
2023-12-29 01:23:20,925 T0000: [D1-V4] sonic-clear fdb all
2023-12-29 01:23:22,292 T0000: [D1-V4] config vlan member del 3863 Ethernet0
2023-12-29 01:23:23,605 T0000: [D1-V4] config vlan member del 3863 Ethernet4
2023-12-29 01:23:24,969 T0000: [D1-V4] show vlan config
2023-12-29 01:23:26,289 T0000: [D1-V4] ['config vlan del 3863']
2023-12-29 01:23:27,804 T0000: [D1-V4] show vlan config
2023-12-29 01:23:29,988 T0000: 
================== Module Hook Finalize: system/test_snmp.py snmp_module_hooks ==================
2023-12-29 01:23:30,002 T0000: [D1-V4] config save /tmp/config-db-V4-post-module-epilog-system-test_snmp.py.json -y
2023-12-29 01:23:31,721 T0000: [D1-V4] chmod 777 /tmp/config-db-V4-post-module-epilog-system-test_snmp.py.json
2023-12-29 01:23:33,256 T0000: [D1-V4] /sbin/ip link set dev eth0 up
2023-12-29 01:23:33,965 T0000: [D1-V4] /sbin/ip route list dev eth0
2023-12-29 01:23:42,505 T0000: [D1-V4] sudo vtysh -c 'show running-config' > /tmp/vtysh-runcfg-V4-post-module-epilog-system-test_snmp.py.txt
2023-12-29 01:23:43,410 T0000: [D1-V4] chmod 777 /tmp/vtysh-runcfg-V4-post-module-epilog-system-test_snmp.py.txt
2023-12-29 01:23:44,955 T0000: [D1-V4] /sbin/ip link set dev eth0 up
2023-12-29 01:23:45,684 T0000: [D1-V4] /sbin/ip route list dev eth0
2023-12-29 01:23:54,415 T0000: [D1-V4] sudo show interfaces status Ethernet124
2023-12-29 01:23:57,017 T0000: 
================== Framework Module Hook Finalize: system/test_snmp.py Pass: 37/40 ==================
2023-12-29 01:23:57,018 T0000: 
================== Devices used: system/test_snmp.py 1 ['V4'] ==================
2023-12-29 01:23:57,535 T0000: 
================== Framework Module Hook: batch/test_spytest_infra_1.py ==================
2023-12-29 01:23:57,549 T0140: [D1-V4] no router bgp
2023-12-29 01:23:59,556 T0140: [D1-V4] config feature state sflow enabled
2023-12-29 01:24:00,828 T0140: [D1-V4] config feature state nat enabled
2023-12-29 01:27:34,327 T0140: [D1-V4] /sbin/ip link set dev eth0 up
2023-12-29 01:27:34,998 T0140: [D1-V4] /sbin/ip route list dev eth0
2023-12-29 01:27:35,678 T0140: [D1-V4] sudo show interfaces status Ethernet124
2023-12-29 01:27:38,137 T0141: [D1-V4] sudo show interfaces status
2023-12-29 01:27:45,089 T0142: [D1-V4] sudo show interfaces status
2023-12-29 01:27:52,089 T0143: [D1-V4] sudo show interfaces status
2023-12-29 01:27:53,877 T0000: 
================== Framework Module Hook Finish: batch/test_spytest_infra_1.py ==================
2023-12-29 01:27:53,879 T0000: 
================== Framework Function Hook: batch/test_spytest_infra_1.py::test_spytest_infra_last ==================
2023-12-29 01:27:58,178 T0144: [D1-V4] sudo show interfaces status
2023-12-29 01:27:59,992 T0000: [D1-V4] sudo show interfaces status Ethernet124
2023-12-29 01:28:02,893 T0000: 
================== Framework Function Hook Finish: batch/test_spytest_infra_1.py::test_spytest_infra_last ==================
2023-12-29 01:28:02,895 T0000: 
================== Test Execution: batch/test_spytest_infra_1.py::test_spytest_infra_last ==================
2023-12-29 01:28:02,917 T0000: 
================== Framework Function Hook Finalize: batch/test_spytest_infra_1.py::test_spytest_infra_last ==================
2023-12-29 01:28:02,932 T0000: [D1-V4] sudo show interfaces status Ethernet124
2023-12-29 01:28:05,533 T0000: 
================== Framework Module Hook Finalize: batch/test_spytest_infra_1.py Pass: 1/1 ==================
2023-12-29 01:28:05,534 T0000: 
================== Devices used: batch/test_spytest_infra_1.py 1 ['V4'] ==================
2023-12-29 01:28:05,648 T0000: [D1-V4] ['stty cols 80']
