2024-01-07 01:44:00.967441 = START
2024-01-07 01:44:02.100751 = device connections start
2024-01-07 01:44:35.373097 = device connections finish
2024-01-07 01:44:35.377358 = session init start
2024-01-07 01:46:49.834408 = report file generation start
2024-01-07 01:46:49.923700 = report file generation end
2024-01-07 01:47:14.122287 = session init end
2024-01-07 01:47:14.124292 = Framework Module Hook Start
2024-01-07 01:47:14.536119 = module test_spytest_infra_1.py init start
2024-01-07 01:47:18.807485 = module test_spytest_infra_1.py init end
2024-01-07 01:47:18.808221 = Framework Module Hook end
2024-01-07 01:47:18.809048 = Framework Function Hook Start
2024-01-07 01:47:23.087626 = function batch/test_spytest_infra_1.py::test_spytest_infra_first init start
2024-01-07 01:47:27.850774 = function batch/test_spytest_infra_1.py::test_spytest_infra_first init end
2024-01-07 01:47:27.851840 = Framework Function Hook end
2024-01-07 01:47:27.855343 = Module Config Time (2024-01-07 01:47:14.124364 - 2024-01-07 01:47:18.809642) Published
2024-01-07 01:47:27.858776 = function batch/test_spytest_infra_1.py::test_spytest_infra_first clean start
2024-01-07 01:47:27.868953 = Test Time (2024-01-07 01:47:23.087723 - 2024-01-07 01:47:27.868946) Published
2024-01-07 01:47:27.875801 = function batch/test_spytest_infra_1.py::test_spytest_infra_first clean end
2024-01-07 01:47:27.876097 = Framework Function Hook Finalize
2024-01-07 01:47:28.059907 = Framework Function Hook Start
2024-01-07 01:47:28.061106 = function batch/test_spytest_infra_1.py::test_spytest_infra_second init start
2024-01-07 01:47:32.860361 = function batch/test_spytest_infra_1.py::test_spytest_infra_second init end
2024-01-07 01:47:32.860880 = Framework Function Hook end
2024-01-07 01:47:32.862575 = function batch/test_spytest_infra_1.py::test_spytest_infra_second clean start
2024-01-07 01:47:32.873706 = Test Time (2024-01-07 01:47:28.061411 - 2024-01-07 01:47:32.873698) Published
2024-01-07 01:47:32.880768 = function batch/test_spytest_infra_1.py::test_spytest_infra_second clean end
2024-01-07 01:47:32.881140 = Framework Function Hook Finalize
2024-01-07 01:47:32.881346 = module test_spytest_infra_1.py clean start
2024-01-07 01:47:35.403103 = report file generation start
2024-01-07 01:47:35.511021 = report file generation end
2024-01-07 01:47:35.517679 = module test_spytest_infra_1.py clean end
2024-01-07 01:47:35.518315 = Framework Module Hook Finalize
2024-01-07 01:47:35.521032 = Framework Module Hook Start
2024-01-07 01:47:35.931386 = module test_tacacs.py init start
2024-01-07 01:48:04.348392 = module test_tacacs.py init end
2024-01-07 01:48:04.348970 = Framework Module Hook end
2024-01-07 01:48:04.349500 = User Module security/test_tacacs.py Hook Start
2024-01-07 01:48:09.038924 = User Module security/test_tacacs.py Hook end
2024-01-07 01:48:09.039732 = Framework Function Hook Start
2024-01-07 01:48:37.386940 = function security/test_tacacs.py::test_ft_tacacs_ssh_login_with_tacacs_operations init start
2024-01-07 01:48:42.076788 = function security/test_tacacs.py::test_ft_tacacs_ssh_login_with_tacacs_operations init end
2024-01-07 01:48:42.077462 = Framework Function Hook end
2024-01-07 01:48:42.078243 = User Function security/test_tacacs.py::test_ft_tacacs_ssh_login_with_tacacs_operations Hook Start
2024-01-07 01:48:42.081242 = User Function security/test_tacacs.py::test_ft_tacacs_ssh_login_with_tacacs_operations Hook end
2024-01-07 01:48:42.082624 = Module Config Time (2024-01-07 01:47:35.521096 - 2024-01-07 01:48:09.039857) Published
2024-01-07 01:48:43.196616 = User Function security/test_tacacs.py::test_ft_tacacs_ssh_login_with_tacacs_operations Hook Finalize
2024-01-07 01:48:43.196803 = function security/test_tacacs.py::test_ft_tacacs_ssh_login_with_tacacs_operations clean start
2024-01-07 01:48:43.223396 = Test Time (2024-01-07 01:48:37.387034 - 2024-01-07 01:48:43.223387) Published
2024-01-07 01:48:43.229467 = function security/test_tacacs.py::test_ft_tacacs_ssh_login_with_tacacs_operations clean end
2024-01-07 01:48:43.229793 = Framework Function Hook Finalize
2024-01-07 01:49:25.206720 = User Module security/test_tacacs.py Hook Finalize
2024-01-07 01:49:25.206925 = module test_tacacs.py clean start
2024-01-07 01:49:51.867749 = report file generation start
2024-01-07 01:49:51.964094 = report file generation end
2024-01-07 01:49:51.970499 = module test_tacacs.py clean end
2024-01-07 01:49:51.971566 = Framework Module Hook Finalize
2024-01-07 01:49:52.047055 = Framework Module Hook Start
2024-01-07 01:49:52.468240 = module test_spytest_infra_1.py init start
2024-01-07 01:51:09.665416 = module test_spytest_infra_1.py init end
2024-01-07 01:51:09.666084 = Framework Module Hook end
2024-01-07 01:51:09.666808 = Framework Function Hook Start
2024-01-07 01:51:13.976031 = function batch/test_spytest_infra_1.py::test_spytest_infra_last init start
2024-01-07 01:51:18.722219 = function batch/test_spytest_infra_1.py::test_spytest_infra_last init end
2024-01-07 01:51:18.722979 = Framework Function Hook end
2024-01-07 01:51:18.723993 = Module Config Time (2024-01-07 01:49:52.047219 - 2024-01-07 01:51:09.667001) Published
2024-01-07 01:51:18.725765 = function batch/test_spytest_infra_1.py::test_spytest_infra_last clean start
2024-01-07 01:51:18.739015 = Test Time (2024-01-07 01:51:13.976122 - 2024-01-07 01:51:18.739008) Published
2024-01-07 01:51:18.745054 = function batch/test_spytest_infra_1.py::test_spytest_infra_last clean end
2024-01-07 01:51:18.745369 = Framework Function Hook Finalize
2024-01-07 01:51:18.745525 = module test_spytest_infra_1.py clean start
2024-01-07 01:51:21.248547 = report file generation start
2024-01-07 01:51:21.332277 = report file generation end
2024-01-07 01:51:21.338414 = module test_spytest_infra_1.py clean end
2024-01-07 01:51:21.338797 = Framework Module Hook Finalize
2024-01-07 01:51:21.339202 = session clean start
2024-01-07 01:51:21.347257 = report file generation start
2024-01-07 01:51:21.438070 = report file generation end
2024-01-07 01:51:22.149748 = session clean end
