2024-01-01 03:18:40.531950 = START
2024-01-01 03:18:41.642052 = device connections start
2024-01-01 03:19:14.799456 = device connections finish
2024-01-01 03:19:14.803628 = session init start
2024-01-01 03:21:19.113732 = report file generation start
2024-01-01 03:21:19.195682 = report file generation end
2024-01-01 03:21:42.680596 = session init end
2024-01-01 03:21:42.682231 = Framework Module Hook Start
2024-01-01 03:21:43.093002 = module test_spytest_infra_1.py init start
2024-01-01 03:21:46.997818 = module test_spytest_infra_1.py init end
2024-01-01 03:21:46.998566 = Framework Module Hook end
2024-01-01 03:21:46.999406 = Framework Function Hook Start
2024-01-01 03:21:50.081252 = function batch/test_spytest_infra_1.py::test_spytest_infra_first init start
2024-01-01 03:21:54.490176 = function batch/test_spytest_infra_1.py::test_spytest_infra_first init end
2024-01-01 03:21:54.491102 = Framework Function Hook end
2024-01-01 03:21:54.494227 = Module Config Time (2024-01-01 03:21:42.682295 - 2024-01-01 03:21:47.000156) Published
2024-01-01 03:21:54.497375 = function batch/test_spytest_infra_1.py::test_spytest_infra_first clean start
2024-01-01 03:21:54.507719 = Test Time (2024-01-01 03:21:50.081329 - 2024-01-01 03:21:54.507712) Published
2024-01-01 03:21:54.513135 = function batch/test_spytest_infra_1.py::test_spytest_infra_first clean end
2024-01-01 03:21:54.513403 = Framework Function Hook Finalize
2024-01-01 03:21:54.637903 = Framework Function Hook Start
2024-01-01 03:21:54.638900 = function batch/test_spytest_infra_1.py::test_spytest_infra_second init start
2024-01-01 03:21:58.996605 = function batch/test_spytest_infra_1.py::test_spytest_infra_second init end
2024-01-01 03:21:58.997508 = Framework Function Hook end
2024-01-01 03:21:59.001092 = function batch/test_spytest_infra_1.py::test_spytest_infra_second clean start
2024-01-01 03:21:59.011202 = Test Time (2024-01-01 03:21:54.639101 - 2024-01-01 03:21:59.011195) Published
2024-01-01 03:21:59.016046 = function batch/test_spytest_infra_1.py::test_spytest_infra_second clean end
2024-01-01 03:21:59.016308 = Framework Function Hook Finalize
2024-01-01 03:21:59.016451 = module test_spytest_infra_1.py clean start
2024-01-01 03:22:01.356344 = report file generation start
2024-01-01 03:22:01.436462 = report file generation end
2024-01-01 03:22:01.441126 = module test_spytest_infra_1.py clean end
2024-01-01 03:22:01.441427 = Framework Module Hook Finalize
2024-01-01 03:22:01.443801 = Framework Module Hook Start
2024-01-01 03:22:01.853105 = module test_ntp.py init start
2024-01-01 03:22:29.287674 = module test_ntp.py init end
2024-01-01 03:22:29.288087 = Framework Module Hook end
2024-01-01 03:22:29.288420 = User Module system/test_ntp.py Hook Start
2024-01-01 03:22:29.289334 = User Module system/test_ntp.py Hook end
2024-01-01 03:22:29.289568 = Framework Function Hook Start
2024-01-01 03:22:55.910017 = function system/test_ntp.py::test_ft_ntp_disable_enable_with_message_log init start
2024-01-01 03:23:00.284035 = function system/test_ntp.py::test_ft_ntp_disable_enable_with_message_log init end
2024-01-01 03:23:00.284510 = Framework Function Hook end
2024-01-01 03:23:00.285151 = User Function system/test_ntp.py::test_ft_ntp_disable_enable_with_message_log Hook Start
2024-01-01 03:23:00.287656 = User Function system/test_ntp.py::test_ft_ntp_disable_enable_with_message_log Hook end
2024-01-01 03:23:00.288742 = Module Config Time (2024-01-01 03:22:01.443876 - 2024-01-01 03:22:29.289643) Published
2024-01-01 03:28:02.638907 = User Function system/test_ntp.py::test_ft_ntp_disable_enable_with_message_log Hook Finalize
2024-01-01 03:28:02.639120 = function system/test_ntp.py::test_ft_ntp_disable_enable_with_message_log clean start
2024-01-01 03:28:02.652065 = Test Time (2024-01-01 03:22:55.910113 - 2024-01-01 03:28:02.652058) Published
2024-01-01 03:28:02.657196 = function system/test_ntp.py::test_ft_ntp_disable_enable_with_message_log clean end
2024-01-01 03:28:02.657477 = Framework Function Hook Finalize
2024-01-01 03:28:02.658617 = Framework Function Hook Start
2024-01-01 03:28:02.659032 = function system/test_ntp.py::test_ntp_exists_config init start
2024-01-01 03:28:07.014520 = function system/test_ntp.py::test_ntp_exists_config init end
2024-01-01 03:28:07.015152 = Framework Function Hook end
2024-01-01 03:28:07.015446 = User Function system/test_ntp.py::test_ntp_exists_config Hook Start
2024-01-01 03:28:07.017870 = User Function system/test_ntp.py::test_ntp_exists_config Hook end
2024-01-01 03:28:12.642464 = User Function system/test_ntp.py::test_ntp_exists_config Hook Finalize
2024-01-01 03:28:12.642620 = function system/test_ntp.py::test_ntp_exists_config clean start
2024-01-01 03:28:12.654022 = Test Time (2024-01-01 03:28:02.659099 - 2024-01-01 03:28:12.654015) Published
2024-01-01 03:28:12.658942 = function system/test_ntp.py::test_ntp_exists_config clean end
2024-01-01 03:28:12.659225 = Framework Function Hook Finalize
2024-01-01 03:28:36.228643 = User Module system/test_ntp.py Hook Finalize
2024-01-01 03:28:36.228792 = module test_ntp.py clean start
2024-01-01 03:29:02.043489 = report file generation start
2024-01-01 03:29:02.120301 = report file generation end
2024-01-01 03:29:02.125080 = module test_ntp.py clean end
2024-01-01 03:29:02.125479 = Framework Module Hook Finalize
2024-01-01 03:29:02.206835 = Framework Module Hook Start
2024-01-01 03:29:02.623400 = module test_spytest_infra_1.py init start
2024-01-01 03:30:06.977806 = module test_spytest_infra_1.py init end
2024-01-01 03:30:06.978580 = Framework Module Hook end
2024-01-01 03:30:06.979402 = Framework Function Hook Start
2024-01-01 03:30:10.068483 = function batch/test_spytest_infra_1.py::test_spytest_infra_last init start
2024-01-01 03:30:14.415932 = function batch/test_spytest_infra_1.py::test_spytest_infra_last init end
2024-01-01 03:30:14.416838 = Framework Function Hook end
2024-01-01 03:30:14.418248 = Module Config Time (2024-01-01 03:29:02.206989 - 2024-01-01 03:30:06.979631) Published
2024-01-01 03:30:14.420409 = function batch/test_spytest_infra_1.py::test_spytest_infra_last clean start
2024-01-01 03:30:14.432430 = Test Time (2024-01-01 03:30:10.068574 - 2024-01-01 03:30:14.432424) Published
2024-01-01 03:30:14.437214 = function batch/test_spytest_infra_1.py::test_spytest_infra_last clean end
2024-01-01 03:30:14.437474 = Framework Function Hook Finalize
2024-01-01 03:30:14.437608 = module test_spytest_infra_1.py clean start
2024-01-01 03:30:16.729229 = report file generation start
2024-01-01 03:30:16.804519 = report file generation end
2024-01-01 03:30:16.809243 = module test_spytest_infra_1.py clean end
2024-01-01 03:30:16.809565 = Framework Module Hook Finalize
2024-01-01 03:30:16.809923 = session clean start
2024-01-01 03:30:16.817819 = report file generation start
2024-01-01 03:30:16.892849 = report file generation end
2024-01-01 03:30:17.591907 = session clean end
