2024-01-04 01:40:59.970581 = START
2024-01-04 01:41:01.162410 = device connections start
2024-01-04 01:41:34.448494 = device connections finish
2024-01-04 01:41:34.452917 = session init start
2024-01-04 01:43:45.949406 = report file generation start
2024-01-04 01:43:46.034514 = report file generation end
2024-01-04 01:44:10.162220 = session init end
2024-01-04 01:44:10.163926 = Framework Module Hook Start
2024-01-04 01:44:10.575126 = module test_spytest_infra_1.py init start
2024-01-04 01:44:14.731874 = module test_spytest_infra_1.py init end
2024-01-04 01:44:14.732641 = Framework Module Hook end
2024-01-04 01:44:14.733491 = Framework Function Hook Start
2024-01-04 01:44:19.023616 = function batch/test_spytest_infra_1.py::test_spytest_infra_first init start
2024-01-04 01:44:23.783244 = function batch/test_spytest_infra_1.py::test_spytest_infra_first init end
2024-01-04 01:44:23.784260 = Framework Function Hook end
2024-01-04 01:44:23.787432 = Module Config Time (2024-01-04 01:44:10.163992 - 2024-01-04 01:44:14.734245) Published
2024-01-04 01:44:23.790607 = function batch/test_spytest_infra_1.py::test_spytest_infra_first clean start
2024-01-04 01:44:23.802859 = Test Time (2024-01-04 01:44:19.023721 - 2024-01-04 01:44:23.802852) Published
2024-01-04 01:44:23.808773 = function batch/test_spytest_infra_1.py::test_spytest_infra_first clean end
2024-01-04 01:44:23.809050 = Framework Function Hook Finalize
2024-01-04 01:44:23.933866 = Framework Function Hook Start
2024-01-04 01:44:23.935008 = function batch/test_spytest_infra_1.py::test_spytest_infra_second init start
2024-01-04 01:44:27.793149 = function batch/test_spytest_infra_1.py::test_spytest_infra_second init end
2024-01-04 01:44:27.794195 = Framework Function Hook end
2024-01-04 01:44:27.797814 = function batch/test_spytest_infra_1.py::test_spytest_infra_second clean start
2024-01-04 01:44:27.807833 = Test Time (2024-01-04 01:44:23.935194 - 2024-01-04 01:44:27.807826) Published
2024-01-04 01:44:27.813276 = function batch/test_spytest_infra_1.py::test_spytest_infra_second clean end
2024-01-04 01:44:27.813622 = Framework Function Hook Finalize
2024-01-04 01:44:27.813779 = module test_spytest_infra_1.py clean start
2024-01-04 01:44:30.367634 = report file generation start
2024-01-04 01:44:30.447390 = report file generation end
2024-01-04 01:44:30.454543 = module test_spytest_infra_1.py clean end
2024-01-04 01:44:30.455958 = Framework Module Hook Finalize
2024-01-04 01:44:30.460951 = Framework Module Hook Start
2024-01-04 01:44:30.876263 = module test_snmp.py init start
2024-01-04 01:44:59.333826 = module test_snmp.py init end
2024-01-04 01:44:59.334244 = Framework Module Hook end
2024-01-04 01:44:59.334580 = User Module system/test_snmp.py Hook Start
2024-01-04 01:46:17.956272 = User Module system/test_snmp.py Hook end
2024-01-04 01:46:17.957125 = Framework Function Hook Start
2024-01-04 01:46:46.495318 = function system/test_snmp.py::test_ft_snmp_sysName init start
2024-01-04 01:46:51.231010 = function system/test_snmp.py::test_ft_snmp_sysName init end
2024-01-04 01:46:51.236584 = Framework Function Hook end
2024-01-04 01:46:51.238654 = User Function system/test_snmp.py::test_ft_snmp_sysName Hook Start
2024-01-04 01:46:51.244357 = User Function system/test_snmp.py::test_ft_snmp_sysName Hook end
2024-01-04 01:46:51.247126 = Module Config Time (2024-01-04 01:44:30.461043 - 2024-01-04 01:46:17.957235) Published
2024-01-04 01:46:52.386695 = User Function system/test_snmp.py::test_ft_snmp_sysName Hook Finalize
2024-01-04 01:46:52.386918 = function system/test_snmp.py::test_ft_snmp_sysName clean start
2024-01-04 01:46:52.413802 = Test Time (2024-01-04 01:46:46.495413 - 2024-01-04 01:46:52.413792) Published
2024-01-04 01:46:52.419240 = function system/test_snmp.py::test_ft_snmp_sysName clean end
2024-01-04 01:46:52.419544 = Framework Function Hook Finalize
2024-01-04 01:46:52.420575 = Framework Function Hook Start
2024-01-04 01:46:52.420975 = function system/test_snmp.py::test_ft_snmp_test_syUpTime init start
2024-01-04 01:46:57.092804 = function system/test_snmp.py::test_ft_snmp_test_syUpTime init end
2024-01-04 01:46:57.094027 = Framework Function Hook end
2024-01-04 01:46:57.094870 = User Function system/test_snmp.py::test_ft_snmp_test_syUpTime Hook Start
2024-01-04 01:46:57.099939 = User Function system/test_snmp.py::test_ft_snmp_test_syUpTime Hook end
2024-01-04 01:46:58.413446 = User Function system/test_snmp.py::test_ft_snmp_test_syUpTime Hook Finalize
2024-01-04 01:46:58.413656 = function system/test_snmp.py::test_ft_snmp_test_syUpTime clean start
2024-01-04 01:46:58.428150 = Test Time (2024-01-04 01:46:52.421035 - 2024-01-04 01:46:58.428141) Published
2024-01-04 01:46:58.433970 = function system/test_snmp.py::test_ft_snmp_test_syUpTime clean end
2024-01-04 01:46:58.434293 = Framework Function Hook Finalize
2024-01-04 01:46:58.435702 = Framework Function Hook Start
2024-01-04 01:46:58.436143 = function system/test_snmp.py::test_ft_snmp_sysDescr init start
2024-01-04 01:47:03.273067 = function system/test_snmp.py::test_ft_snmp_sysDescr init end
2024-01-04 01:47:03.275179 = Framework Function Hook end
2024-01-04 01:47:03.277799 = User Function system/test_snmp.py::test_ft_snmp_sysDescr Hook Start
2024-01-04 01:47:03.283814 = User Function system/test_snmp.py::test_ft_snmp_sysDescr Hook end
2024-01-04 01:47:06.034033 = User Function system/test_snmp.py::test_ft_snmp_sysDescr Hook Finalize
2024-01-04 01:47:06.034266 = function system/test_snmp.py::test_ft_snmp_sysDescr clean start
2024-01-04 01:47:06.049086 = Test Time (2024-01-04 01:46:58.436207 - 2024-01-04 01:47:06.049076) Published
2024-01-04 01:47:06.055056 = function system/test_snmp.py::test_ft_snmp_sysDescr clean end
2024-01-04 01:47:06.055365 = Framework Function Hook Finalize
2024-01-04 01:47:06.056636 = Framework Function Hook Start
2024-01-04 01:47:06.057054 = function system/test_snmp.py::test_ft_snmp_mib_2 init start
2024-01-04 01:47:10.836835 = function system/test_snmp.py::test_ft_snmp_mib_2 init end
2024-01-04 01:47:10.837976 = Framework Function Hook end
2024-01-04 01:47:10.838820 = User Function system/test_snmp.py::test_ft_snmp_mib_2 Hook Start
2024-01-04 01:47:10.846957 = User Function system/test_snmp.py::test_ft_snmp_mib_2 Hook end
2024-01-04 01:47:12.944661 = User Function system/test_snmp.py::test_ft_snmp_mib_2 Hook Finalize
2024-01-04 01:47:12.945062 = function system/test_snmp.py::test_ft_snmp_mib_2 clean start
2024-01-04 01:47:13.022659 = Test Time (2024-01-04 01:47:06.057132 - 2024-01-04 01:47:13.022648) Published
2024-01-04 01:47:13.028744 = function system/test_snmp.py::test_ft_snmp_mib_2 clean end
2024-01-04 01:47:13.029076 = Framework Function Hook Finalize
2024-01-04 01:47:13.030145 = Framework Function Hook Start
2024-01-04 01:47:13.030601 = function system/test_snmp.py::test_ft_snmp_if_mib_all init start
2024-01-04 01:47:17.863743 = function system/test_snmp.py::test_ft_snmp_if_mib_all init end
2024-01-04 01:47:17.864718 = Framework Function Hook end
2024-01-04 01:47:17.865530 = User Function system/test_snmp.py::test_ft_snmp_if_mib_all Hook Start
2024-01-04 01:47:17.868176 = User Function system/test_snmp.py::test_ft_snmp_if_mib_all Hook end
2024-01-04 01:47:18.045796 = User Function system/test_snmp.py::test_ft_snmp_if_mib_all Hook Finalize
2024-01-04 01:47:18.045997 = function system/test_snmp.py::test_ft_snmp_if_mib_all clean start
2024-01-04 01:47:18.062661 = Test Time (2024-01-04 01:47:13.030663 - 2024-01-04 01:47:18.062652) Published
2024-01-04 01:47:18.068460 = function system/test_snmp.py::test_ft_snmp_if_mib_all clean end
2024-01-04 01:47:18.068789 = Framework Function Hook Finalize
2024-01-04 01:47:18.069980 = Framework Function Hook Start
2024-01-04 01:47:18.070396 = function system/test_snmp.py::test_ft_snmp_entity_mib_all init start
2024-01-04 01:47:22.909829 = function system/test_snmp.py::test_ft_snmp_entity_mib_all init end
2024-01-04 01:47:22.910932 = Framework Function Hook end
2024-01-04 01:47:22.911796 = User Function system/test_snmp.py::test_ft_snmp_entity_mib_all Hook Start
2024-01-04 01:47:22.918616 = User Function system/test_snmp.py::test_ft_snmp_entity_mib_all Hook end
2024-01-04 01:47:22.972080 = User Function system/test_snmp.py::test_ft_snmp_entity_mib_all Hook Finalize
2024-01-04 01:47:22.972320 = function system/test_snmp.py::test_ft_snmp_entity_mib_all clean start
2024-01-04 01:47:22.990056 = Test Time (2024-01-04 01:47:18.070460 - 2024-01-04 01:47:22.990048) Published
2024-01-04 01:47:22.995792 = function system/test_snmp.py::test_ft_snmp_entity_mib_all clean end
2024-01-04 01:47:22.996079 = Framework Function Hook Finalize
2024-01-04 01:47:22.997276 = Framework Function Hook Start
2024-01-04 01:47:23.001178 = function system/test_snmp.py::test_ft_snmp_dot1q_dot1db_mib init start
2024-01-04 01:47:27.779524 = function system/test_snmp.py::test_ft_snmp_dot1q_dot1db_mib init end
2024-01-04 01:47:27.780010 = Framework Function Hook end
2024-01-04 01:47:27.780590 = User Function system/test_snmp.py::test_ft_snmp_dot1q_dot1db_mib Hook Start
2024-01-04 01:47:27.783384 = User Function system/test_snmp.py::test_ft_snmp_dot1q_dot1db_mib Hook end
2024-01-04 01:47:27.868481 = User Function system/test_snmp.py::test_ft_snmp_dot1q_dot1db_mib Hook Finalize
2024-01-04 01:47:27.868675 = function system/test_snmp.py::test_ft_snmp_dot1q_dot1db_mib clean start
2024-01-04 01:47:27.883118 = Test Time (2024-01-04 01:47:23.001399 - 2024-01-04 01:47:27.883110) Published
2024-01-04 01:47:27.889093 = function system/test_snmp.py::test_ft_snmp_dot1q_dot1db_mib clean end
2024-01-04 01:47:27.889429 = Framework Function Hook Finalize
2024-01-04 01:47:27.890591 = Framework Function Hook Start
2024-01-04 01:47:27.890979 = function system/test_snmp.py::test_ft_snmp_root_node_walk init start
2024-01-04 01:47:32.633727 = function system/test_snmp.py::test_ft_snmp_root_node_walk init end
2024-01-04 01:47:32.634865 = Framework Function Hook end
2024-01-04 01:47:32.635609 = User Function system/test_snmp.py::test_ft_snmp_root_node_walk Hook Start
2024-01-04 01:47:32.641374 = User Function system/test_snmp.py::test_ft_snmp_root_node_walk Hook end
2024-01-04 01:47:36.364326 = User Function system/test_snmp.py::test_ft_snmp_root_node_walk Hook Finalize
2024-01-04 01:47:36.364580 = function system/test_snmp.py::test_ft_snmp_root_node_walk clean start
2024-01-04 01:47:36.401222 = Test Time (2024-01-04 01:47:27.891040 - 2024-01-04 01:47:36.401211) Published
2024-01-04 01:47:36.407412 = function system/test_snmp.py::test_ft_snmp_root_node_walk clean end
2024-01-04 01:47:36.408005 = Framework Function Hook Finalize
2024-01-04 01:47:36.410119 = Framework Function Hook Start
2024-01-04 01:47:36.410628 = function system/test_snmp.py::test_ft_snmp_ipAddressRowStatus_ipv6 init start
2024-01-04 01:47:39.705255 = function system/test_snmp.py::test_ft_snmp_ipAddressRowStatus_ipv6 init end
2024-01-04 01:47:39.706394 = Framework Function Hook end
2024-01-04 01:47:39.707275 = User Function system/test_snmp.py::test_ft_snmp_ipAddressRowStatus_ipv6 Hook Start
2024-01-04 01:47:39.715609 = User Function system/test_snmp.py::test_ft_snmp_ipAddressRowStatus_ipv6 Hook end
2024-01-04 01:47:46.221633 = User Function system/test_snmp.py::test_ft_snmp_ipAddressRowStatus_ipv6 Hook Finalize
2024-01-04 01:47:46.221816 = function system/test_snmp.py::test_ft_snmp_ipAddressRowStatus_ipv6 clean start
2024-01-04 01:47:46.234301 = Test Time (2024-01-04 01:47:36.410691 - 2024-01-04 01:47:46.234294) Published
2024-01-04 01:47:46.240171 = function system/test_snmp.py::test_ft_snmp_ipAddressRowStatus_ipv6 clean end
2024-01-04 01:47:46.240472 = Framework Function Hook Finalize
2024-01-04 01:47:46.241576 = Framework Function Hook Start
2024-01-04 01:47:46.242025 = function system/test_snmp.py::test_ft_snmp_ipAddressStorageType_ipv6 init start
2024-01-04 01:47:50.971560 = function system/test_snmp.py::test_ft_snmp_ipAddressStorageType_ipv6 init end
2024-01-04 01:47:50.972965 = Framework Function Hook end
2024-01-04 01:47:50.974024 = User Function system/test_snmp.py::test_ft_snmp_ipAddressStorageType_ipv6 Hook Start
2024-01-04 01:47:50.983494 = User Function system/test_snmp.py::test_ft_snmp_ipAddressStorageType_ipv6 Hook end
2024-01-04 01:47:51.026650 = User Function system/test_snmp.py::test_ft_snmp_ipAddressStorageType_ipv6 Hook Finalize
2024-01-04 01:47:51.026864 = function system/test_snmp.py::test_ft_snmp_ipAddressStorageType_ipv6 clean start
2024-01-04 01:47:51.042819 = Test Time (2024-01-04 01:47:46.242089 - 2024-01-04 01:47:51.042811) Published
2024-01-04 01:47:51.048725 = function system/test_snmp.py::test_ft_snmp_ipAddressStorageType_ipv6 clean end
2024-01-04 01:47:51.049013 = Framework Function Hook Finalize
2024-01-04 01:47:51.050136 = Framework Function Hook Start
2024-01-04 01:47:51.050552 = function system/test_snmp.py::test_ft_snmp_ipv6_If_Forward_default_HopLimit init start
2024-01-04 01:47:55.776928 = function system/test_snmp.py::test_ft_snmp_ipv6_If_Forward_default_HopLimit init end
2024-01-04 01:47:55.777286 = Framework Function Hook end
2024-01-04 01:47:55.777599 = User Function system/test_snmp.py::test_ft_snmp_ipv6_If_Forward_default_HopLimit Hook Start
2024-01-04 01:47:55.780078 = User Function system/test_snmp.py::test_ft_snmp_ipv6_If_Forward_default_HopLimit Hook end
2024-01-04 01:47:55.823452 = User Function system/test_snmp.py::test_ft_snmp_ipv6_If_Forward_default_HopLimit Hook Finalize
2024-01-04 01:47:55.823844 = function system/test_snmp.py::test_ft_snmp_ipv6_If_Forward_default_HopLimit clean start
2024-01-04 01:47:55.842474 = Test Time (2024-01-04 01:47:51.050614 - 2024-01-04 01:47:55.842467) Published
2024-01-04 01:47:55.848436 = function system/test_snmp.py::test_ft_snmp_ipv6_If_Forward_default_HopLimit clean end
2024-01-04 01:47:55.848744 = Framework Function Hook Finalize
2024-01-04 01:47:55.849953 = Framework Function Hook Start
2024-01-04 01:47:55.850391 = function system/test_snmp.py::test_ft_snmp_ipv6scope_index_table init start
2024-01-04 01:48:00.631004 = function system/test_snmp.py::test_ft_snmp_ipv6scope_index_table init end
2024-01-04 01:48:00.631359 = Framework Function Hook end
2024-01-04 01:48:00.631668 = User Function system/test_snmp.py::test_ft_snmp_ipv6scope_index_table Hook Start
2024-01-04 01:48:00.634276 = User Function system/test_snmp.py::test_ft_snmp_ipv6scope_index_table Hook end
2024-01-04 01:48:00.687904 = User Function system/test_snmp.py::test_ft_snmp_ipv6scope_index_table Hook Finalize
2024-01-04 01:48:00.688078 = function system/test_snmp.py::test_ft_snmp_ipv6scope_index_table clean start
2024-01-04 01:48:00.702563 = Test Time (2024-01-04 01:47:55.850452 - 2024-01-04 01:48:00.702556) Published
2024-01-04 01:48:00.708275 = function system/test_snmp.py::test_ft_snmp_ipv6scope_index_table clean end
2024-01-04 01:48:00.708552 = Framework Function Hook Finalize
2024-01-04 01:48:00.709619 = Framework Function Hook Start
2024-01-04 01:48:00.709998 = function system/test_snmp.py::test_ft_snmp_ip_forward_table init start
2024-01-04 01:48:05.420689 = function system/test_snmp.py::test_ft_snmp_ip_forward_table init end
2024-01-04 01:48:05.421814 = Framework Function Hook end
2024-01-04 01:48:05.422652 = User Function system/test_snmp.py::test_ft_snmp_ip_forward_table Hook Start
2024-01-04 01:48:05.428270 = User Function system/test_snmp.py::test_ft_snmp_ip_forward_table Hook end
2024-01-04 01:48:08.121180 = User Function system/test_snmp.py::test_ft_snmp_ip_forward_table Hook Finalize
2024-01-04 01:48:08.121365 = function system/test_snmp.py::test_ft_snmp_ip_forward_table clean start
2024-01-04 01:48:08.133467 = Test Time (2024-01-04 01:48:00.710058 - 2024-01-04 01:48:08.133459) Published
2024-01-04 01:48:08.138942 = function system/test_snmp.py::test_ft_snmp_ip_forward_table clean end
2024-01-04 01:48:08.139214 = Framework Function Hook Finalize
2024-01-04 01:48:08.140251 = Framework Function Hook Start
2024-01-04 01:48:08.140631 = function system/test_snmp.py::test_ft_snmp_ifx_table init start
2024-01-04 01:48:13.838093 = function system/test_snmp.py::test_ft_snmp_ifx_table init end
2024-01-04 01:48:13.839006 = Framework Function Hook end
2024-01-04 01:48:13.839775 = User Function system/test_snmp.py::test_ft_snmp_ifx_table Hook Start
2024-01-04 01:48:13.842941 = User Function system/test_snmp.py::test_ft_snmp_ifx_table Hook end
2024-01-04 01:48:14.021561 = User Function system/test_snmp.py::test_ft_snmp_ifx_table Hook Finalize
2024-01-04 01:48:14.021775 = function system/test_snmp.py::test_ft_snmp_ifx_table clean start
2024-01-04 01:48:14.036960 = Test Time (2024-01-04 01:48:08.140699 - 2024-01-04 01:48:14.036952) Published
2024-01-04 01:48:14.042433 = function system/test_snmp.py::test_ft_snmp_ifx_table clean end
2024-01-04 01:48:14.042714 = Framework Function Hook Finalize
2024-01-04 01:48:14.043803 = Framework Function Hook Start
2024-01-04 01:48:14.044186 = function system/test_snmp.py::test_ft_snmp_ip_System_Stats_Table init start
2024-01-04 01:48:18.834464 = function system/test_snmp.py::test_ft_snmp_ip_System_Stats_Table init end
2024-01-04 01:48:18.835178 = Framework Function Hook end
2024-01-04 01:48:18.835900 = User Function system/test_snmp.py::test_ft_snmp_ip_System_Stats_Table Hook Start
2024-01-04 01:48:18.840077 = User Function system/test_snmp.py::test_ft_snmp_ip_System_Stats_Table Hook end
2024-01-04 01:48:18.894989 = User Function system/test_snmp.py::test_ft_snmp_ip_System_Stats_Table Hook Finalize
2024-01-04 01:48:18.895190 = function system/test_snmp.py::test_ft_snmp_ip_System_Stats_Table clean start
2024-01-04 01:48:18.909574 = Test Time (2024-01-04 01:48:14.044246 - 2024-01-04 01:48:18.909566) Published
2024-01-04 01:48:18.915331 = function system/test_snmp.py::test_ft_snmp_ip_System_Stats_Table clean end
2024-01-04 01:48:18.915660 = Framework Function Hook Finalize
2024-01-04 01:48:18.916860 = Framework Function Hook Start
2024-01-04 01:48:18.917271 = function system/test_snmp.py::test_ft_snmp_ip_IfStats_Table init start
2024-01-04 01:48:23.781420 = function system/test_snmp.py::test_ft_snmp_ip_IfStats_Table init end
2024-01-04 01:48:23.782368 = Framework Function Hook end
2024-01-04 01:48:23.783139 = User Function system/test_snmp.py::test_ft_snmp_ip_IfStats_Table Hook Start
2024-01-04 01:48:23.787067 = User Function system/test_snmp.py::test_ft_snmp_ip_IfStats_Table Hook end
2024-01-04 01:48:24.111790 = User Function system/test_snmp.py::test_ft_snmp_ip_IfStats_Table Hook Finalize
2024-01-04 01:48:24.111985 = function system/test_snmp.py::test_ft_snmp_ip_IfStats_Table clean start
2024-01-04 01:48:24.127848 = Test Time (2024-01-04 01:48:18.917333 - 2024-01-04 01:48:24.127840) Published
2024-01-04 01:48:24.133300 = function system/test_snmp.py::test_ft_snmp_ip_IfStats_Table clean end
2024-01-04 01:48:24.133598 = Framework Function Hook Finalize
2024-01-04 01:48:24.134659 = Framework Function Hook Start
2024-01-04 01:48:24.135129 = function system/test_snmp.py::test_ft_snmp_ip_Address_Table init start
2024-01-04 01:48:27.857727 = function system/test_snmp.py::test_ft_snmp_ip_Address_Table init end
2024-01-04 01:48:27.858606 = Framework Function Hook end
2024-01-04 01:48:27.859371 = User Function system/test_snmp.py::test_ft_snmp_ip_Address_Table Hook Start
2024-01-04 01:48:27.862832 = User Function system/test_snmp.py::test_ft_snmp_ip_Address_Table Hook end
2024-01-04 01:48:27.913052 = User Function system/test_snmp.py::test_ft_snmp_ip_Address_Table Hook Finalize
2024-01-04 01:48:27.913250 = function system/test_snmp.py::test_ft_snmp_ip_Address_Table clean start
2024-01-04 01:48:27.929221 = Test Time (2024-01-04 01:48:24.135192 - 2024-01-04 01:48:27.929213) Published
2024-01-04 01:48:27.934691 = function system/test_snmp.py::test_ft_snmp_ip_Address_Table clean end
2024-01-04 01:48:27.934980 = Framework Function Hook Finalize
2024-01-04 01:48:27.936047 = Framework Function Hook Start
2024-01-04 01:48:27.936468 = function system/test_snmp.py::test_ft_snmp_ip_NetToPhysical_Table init start
2024-01-04 01:48:32.714587 = function system/test_snmp.py::test_ft_snmp_ip_NetToPhysical_Table init end
2024-01-04 01:48:32.715692 = Framework Function Hook end
2024-01-04 01:48:32.723030 = User Function system/test_snmp.py::test_ft_snmp_ip_NetToPhysical_Table Hook Start
2024-01-04 01:48:32.734247 = User Function system/test_snmp.py::test_ft_snmp_ip_NetToPhysical_Table Hook end
2024-01-04 01:48:32.784110 = User Function system/test_snmp.py::test_ft_snmp_ip_NetToPhysical_Table Hook Finalize
2024-01-04 01:48:32.784323 = function system/test_snmp.py::test_ft_snmp_ip_NetToPhysical_Table clean start
2024-01-04 01:48:32.803702 = Test Time (2024-01-04 01:48:27.936531 - 2024-01-04 01:48:32.803694) Published
2024-01-04 01:48:32.809290 = function system/test_snmp.py::test_ft_snmp_ip_NetToPhysical_Table clean end
2024-01-04 01:48:32.809560 = Framework Function Hook Finalize
2024-01-04 01:48:32.810639 = Framework Function Hook Start
2024-01-04 01:48:32.811035 = function system/test_snmp.py::test_ft_snmp_icmp_Msgs init start
2024-01-04 01:48:37.522535 = function system/test_snmp.py::test_ft_snmp_icmp_Msgs init end
2024-01-04 01:48:37.523454 = Framework Function Hook end
2024-01-04 01:48:37.524220 = User Function system/test_snmp.py::test_ft_snmp_icmp_Msgs Hook Start
2024-01-04 01:48:37.526954 = User Function system/test_snmp.py::test_ft_snmp_icmp_Msgs Hook end
2024-01-04 01:48:37.578707 = User Function system/test_snmp.py::test_ft_snmp_icmp_Msgs Hook Finalize
2024-01-04 01:48:37.578893 = function system/test_snmp.py::test_ft_snmp_icmp_Msgs clean start
2024-01-04 01:48:37.593623 = Test Time (2024-01-04 01:48:32.811095 - 2024-01-04 01:48:37.593615) Published
2024-01-04 01:48:37.599130 = function system/test_snmp.py::test_ft_snmp_icmp_Msgs clean end
2024-01-04 01:48:37.599409 = Framework Function Hook Finalize
2024-01-04 01:48:37.600409 = Framework Function Hook Start
2024-01-04 01:48:37.600795 = function system/test_snmp.py::test_ft_snmp_tcp_mib init start
2024-01-04 01:48:42.430181 = function system/test_snmp.py::test_ft_snmp_tcp_mib init end
2024-01-04 01:48:42.431165 = Framework Function Hook end
2024-01-04 01:48:42.431957 = User Function system/test_snmp.py::test_ft_snmp_tcp_mib Hook Start
2024-01-04 01:48:42.438130 = User Function system/test_snmp.py::test_ft_snmp_tcp_mib Hook end
2024-01-04 01:48:44.582889 = User Function system/test_snmp.py::test_ft_snmp_tcp_mib Hook Finalize
2024-01-04 01:48:44.583179 = function system/test_snmp.py::test_ft_snmp_tcp_mib clean start
2024-01-04 01:48:44.602932 = Test Time (2024-01-04 01:48:37.600855 - 2024-01-04 01:48:44.602924) Published
2024-01-04 01:48:44.608575 = function system/test_snmp.py::test_ft_snmp_tcp_mib clean end
2024-01-04 01:48:44.608855 = Framework Function Hook Finalize
2024-01-04 01:48:44.610099 = Framework Function Hook Start
2024-01-04 01:48:44.610543 = function system/test_snmp.py::test_ft_snmp_udp_mib init start
2024-01-04 01:48:49.598096 = function system/test_snmp.py::test_ft_snmp_udp_mib init end
2024-01-04 01:48:49.598997 = Framework Function Hook end
2024-01-04 01:48:49.599768 = User Function system/test_snmp.py::test_ft_snmp_udp_mib Hook Start
2024-01-04 01:48:49.603146 = User Function system/test_snmp.py::test_ft_snmp_udp_mib Hook end
2024-01-04 01:48:49.667086 = User Function system/test_snmp.py::test_ft_snmp_udp_mib Hook Finalize
2024-01-04 01:48:49.667368 = function system/test_snmp.py::test_ft_snmp_udp_mib clean start
2024-01-04 01:48:49.691773 = Test Time (2024-01-04 01:48:44.610617 - 2024-01-04 01:48:49.691761) Published
2024-01-04 01:48:49.697430 = function system/test_snmp.py::test_ft_snmp_udp_mib clean end
2024-01-04 01:48:49.697734 = Framework Function Hook Finalize
2024-01-04 01:48:49.698811 = Framework Function Hook Start
2024-01-04 01:48:49.699210 = function system/test_snmp.py::test_ft_snmp_snmpv2_mib init start
2024-01-04 01:48:54.641356 = function system/test_snmp.py::test_ft_snmp_snmpv2_mib init end
2024-01-04 01:48:54.642273 = Framework Function Hook end
2024-01-04 01:48:54.643038 = User Function system/test_snmp.py::test_ft_snmp_snmpv2_mib Hook Start
2024-01-04 01:48:54.646516 = User Function system/test_snmp.py::test_ft_snmp_snmpv2_mib Hook end
2024-01-04 01:48:54.682965 = User Function system/test_snmp.py::test_ft_snmp_snmpv2_mib Hook Finalize
2024-01-04 01:48:54.683237 = function system/test_snmp.py::test_ft_snmp_snmpv2_mib clean start
2024-01-04 01:48:54.699168 = Test Time (2024-01-04 01:48:49.699270 - 2024-01-04 01:48:54.699161) Published
2024-01-04 01:48:54.704605 = function system/test_snmp.py::test_ft_snmp_snmpv2_mib clean end
2024-01-04 01:48:54.704906 = Framework Function Hook Finalize
2024-01-04 01:48:54.705908 = Framework Function Hook Start
2024-01-04 01:48:54.706287 = function system/test_snmp.py::test_ft_snmp_host_resource_mib init start
2024-01-04 01:48:59.475029 = function system/test_snmp.py::test_ft_snmp_host_resource_mib init end
2024-01-04 01:48:59.475773 = Framework Function Hook end
2024-01-04 01:48:59.476411 = User Function system/test_snmp.py::test_ft_snmp_host_resource_mib Hook Start
2024-01-04 01:48:59.481240 = User Function system/test_snmp.py::test_ft_snmp_host_resource_mib Hook end
2024-01-04 01:48:59.717724 = User Function system/test_snmp.py::test_ft_snmp_host_resource_mib Hook Finalize
2024-01-04 01:48:59.717917 = function system/test_snmp.py::test_ft_snmp_host_resource_mib clean start
2024-01-04 01:48:59.732986 = Test Time (2024-01-04 01:48:54.706348 - 2024-01-04 01:48:59.732978) Published
2024-01-04 01:48:59.738453 = function system/test_snmp.py::test_ft_snmp_host_resource_mib clean end
2024-01-04 01:48:59.738735 = Framework Function Hook Finalize
2024-01-04 01:48:59.739729 = Framework Function Hook Start
2024-01-04 01:48:59.740118 = function system/test_snmp.py::test_ft_snmp_framework_mib init start
2024-01-04 01:49:04.584683 = function system/test_snmp.py::test_ft_snmp_framework_mib init end
2024-01-04 01:49:04.585279 = Framework Function Hook end
2024-01-04 01:49:04.585764 = User Function system/test_snmp.py::test_ft_snmp_framework_mib Hook Start
2024-01-04 01:49:04.590310 = User Function system/test_snmp.py::test_ft_snmp_framework_mib Hook end
2024-01-04 01:49:04.619483 = User Function system/test_snmp.py::test_ft_snmp_framework_mib Hook Finalize
2024-01-04 01:49:04.619714 = function system/test_snmp.py::test_ft_snmp_framework_mib clean start
2024-01-04 01:49:04.643919 = Test Time (2024-01-04 01:48:59.740178 - 2024-01-04 01:49:04.643905) Published
2024-01-04 01:49:04.649855 = function system/test_snmp.py::test_ft_snmp_framework_mib clean end
2024-01-04 01:49:04.650154 = Framework Function Hook Finalize
2024-01-04 01:49:04.651261 = Framework Function Hook Start
2024-01-04 01:49:04.651818 = function system/test_snmp.py::test_ft_snmp_mpd_mib init start
2024-01-04 01:49:09.439836 = function system/test_snmp.py::test_ft_snmp_mpd_mib init end
2024-01-04 01:49:09.440210 = Framework Function Hook end
2024-01-04 01:49:09.440537 = User Function system/test_snmp.py::test_ft_snmp_mpd_mib Hook Start
2024-01-04 01:49:09.443076 = User Function system/test_snmp.py::test_ft_snmp_mpd_mib Hook end
2024-01-04 01:49:09.466191 = User Function system/test_snmp.py::test_ft_snmp_mpd_mib Hook Finalize
2024-01-04 01:49:09.466451 = function system/test_snmp.py::test_ft_snmp_mpd_mib clean start
2024-01-04 01:49:09.483601 = Test Time (2024-01-04 01:49:04.651912 - 2024-01-04 01:49:09.483593) Published
2024-01-04 01:49:09.489101 = function system/test_snmp.py::test_ft_snmp_mpd_mib clean end
2024-01-04 01:49:09.489414 = Framework Function Hook Finalize
2024-01-04 01:49:09.490479 = Framework Function Hook Start
2024-01-04 01:49:09.490869 = function system/test_snmp.py::test_ft_snmp_target_mib init start
2024-01-04 01:49:14.311494 = function system/test_snmp.py::test_ft_snmp_target_mib init end
2024-01-04 01:49:14.316973 = Framework Function Hook end
2024-01-04 01:49:14.321147 = User Function system/test_snmp.py::test_ft_snmp_target_mib Hook Start
2024-01-04 01:49:14.327635 = User Function system/test_snmp.py::test_ft_snmp_target_mib Hook end
2024-01-04 01:49:14.366589 = User Function system/test_snmp.py::test_ft_snmp_target_mib Hook Finalize
2024-01-04 01:49:14.366801 = function system/test_snmp.py::test_ft_snmp_target_mib clean start
2024-01-04 01:49:14.386140 = Test Time (2024-01-04 01:49:09.490929 - 2024-01-04 01:49:14.386132) Published
2024-01-04 01:49:14.391624 = function system/test_snmp.py::test_ft_snmp_target_mib clean end
2024-01-04 01:49:14.391898 = Framework Function Hook Finalize
2024-01-04 01:49:14.393071 = Framework Function Hook Start
2024-01-04 01:49:14.393502 = function system/test_snmp.py::test_ft_snmp_notification_mib init start
2024-01-04 01:49:19.278654 = function system/test_snmp.py::test_ft_snmp_notification_mib init end
2024-01-04 01:49:19.279484 = Framework Function Hook end
2024-01-04 01:49:19.280160 = User Function system/test_snmp.py::test_ft_snmp_notification_mib Hook Start
2024-01-04 01:49:19.282926 = User Function system/test_snmp.py::test_ft_snmp_notification_mib Hook end
2024-01-04 01:49:19.306725 = User Function system/test_snmp.py::test_ft_snmp_notification_mib Hook Finalize
2024-01-04 01:49:19.306975 = function system/test_snmp.py::test_ft_snmp_notification_mib clean start
2024-01-04 01:49:19.324700 = Test Time (2024-01-04 01:49:14.393568 - 2024-01-04 01:49:19.324692) Published
2024-01-04 01:49:19.330164 = function system/test_snmp.py::test_ft_snmp_notification_mib clean end
2024-01-04 01:49:19.330444 = Framework Function Hook Finalize
2024-01-04 01:49:19.331459 = Framework Function Hook Start
2024-01-04 01:49:19.331871 = function system/test_snmp.py::test_ft_snmp_user_based_sm_mib init start
2024-01-04 01:49:24.102688 = function system/test_snmp.py::test_ft_snmp_user_based_sm_mib init end
2024-01-04 01:49:24.103045 = Framework Function Hook end
2024-01-04 01:49:24.103350 = User Function system/test_snmp.py::test_ft_snmp_user_based_sm_mib Hook Start
2024-01-04 01:49:24.106090 = User Function system/test_snmp.py::test_ft_snmp_user_based_sm_mib Hook end
2024-01-04 01:49:24.129887 = User Function system/test_snmp.py::test_ft_snmp_user_based_sm_mib Hook Finalize
2024-01-04 01:49:24.130167 = function system/test_snmp.py::test_ft_snmp_user_based_sm_mib clean start
2024-01-04 01:49:24.149878 = Test Time (2024-01-04 01:49:19.331929 - 2024-01-04 01:49:24.149870) Published
2024-01-04 01:49:24.155471 = function system/test_snmp.py::test_ft_snmp_user_based_sm_mib clean end
2024-01-04 01:49:24.155763 = Framework Function Hook Finalize
2024-01-04 01:49:24.156832 = Framework Function Hook Start
2024-01-04 01:49:24.157226 = function system/test_snmp.py::test_ft_snmp_view_based_acm_mib init start
2024-01-04 01:49:28.947640 = function system/test_snmp.py::test_ft_snmp_view_based_acm_mib init end
2024-01-04 01:49:28.951599 = Framework Function Hook end
2024-01-04 01:49:28.953177 = User Function system/test_snmp.py::test_ft_snmp_view_based_acm_mib Hook Start
2024-01-04 01:49:28.957102 = User Function system/test_snmp.py::test_ft_snmp_view_based_acm_mib Hook end
2024-01-04 01:49:29.004024 = User Function system/test_snmp.py::test_ft_snmp_view_based_acm_mib Hook Finalize
2024-01-04 01:49:29.004256 = function system/test_snmp.py::test_ft_snmp_view_based_acm_mib clean start
2024-01-04 01:49:29.023811 = Test Time (2024-01-04 01:49:24.157288 - 2024-01-04 01:49:29.023803) Published
2024-01-04 01:49:29.029286 = function system/test_snmp.py::test_ft_snmp_view_based_acm_mib clean end
2024-01-04 01:49:29.029559 = Framework Function Hook Finalize
2024-01-04 01:49:29.030785 = Framework Function Hook Start
2024-01-04 01:49:29.031343 = function system/test_snmp.py::test_ft_snmp_ent_physical_table init start
2024-01-04 01:49:33.811199 = function system/test_snmp.py::test_ft_snmp_ent_physical_table init end
2024-01-04 01:49:33.812337 = Framework Function Hook end
2024-01-04 01:49:33.813191 = User Function system/test_snmp.py::test_ft_snmp_ent_physical_table Hook Start
2024-01-04 01:49:33.821702 = User Function system/test_snmp.py::test_ft_snmp_ent_physical_table Hook end
2024-01-04 01:49:33.879871 = User Function system/test_snmp.py::test_ft_snmp_ent_physical_table Hook Finalize
2024-01-04 01:49:33.880070 = function system/test_snmp.py::test_ft_snmp_ent_physical_table clean start
2024-01-04 01:49:33.895953 = Test Time (2024-01-04 01:49:29.031426 - 2024-01-04 01:49:33.895945) Published
2024-01-04 01:49:33.901301 = function system/test_snmp.py::test_ft_snmp_ent_physical_table clean end
2024-01-04 01:49:33.901574 = Framework Function Hook Finalize
2024-01-04 01:49:33.902633 = Framework Function Hook Start
2024-01-04 01:49:33.903021 = function system/test_snmp.py::test_ft_snmp_dot3_stats_table init start
2024-01-04 01:49:38.750529 = function system/test_snmp.py::test_ft_snmp_dot3_stats_table init end
2024-01-04 01:49:38.751217 = Framework Function Hook end
2024-01-04 01:49:38.752039 = User Function system/test_snmp.py::test_ft_snmp_dot3_stats_table Hook Start
2024-01-04 01:49:38.755566 = User Function system/test_snmp.py::test_ft_snmp_dot3_stats_table Hook end
2024-01-04 01:49:38.821038 = User Function system/test_snmp.py::test_ft_snmp_dot3_stats_table Hook Finalize
2024-01-04 01:49:38.821275 = function system/test_snmp.py::test_ft_snmp_dot3_stats_table clean start
2024-01-04 01:49:38.846423 = Test Time (2024-01-04 01:49:33.903080 - 2024-01-04 01:49:38.846412) Published
2024-01-04 01:49:38.852101 = function system/test_snmp.py::test_ft_snmp_dot3_stats_table clean end
2024-01-04 01:49:38.852523 = Framework Function Hook Finalize
2024-01-04 01:49:38.854063 = Framework Function Hook Start
2024-01-04 01:49:38.854563 = function system/test_snmp.py::test_ft_net_snmp_agent_mib init start
2024-01-04 01:49:43.579482 = function system/test_snmp.py::test_ft_net_snmp_agent_mib init end
2024-01-04 01:49:43.580341 = Framework Function Hook end
2024-01-04 01:49:43.580665 = User Function system/test_snmp.py::test_ft_net_snmp_agent_mib Hook Start
2024-01-04 01:49:43.583125 = User Function system/test_snmp.py::test_ft_net_snmp_agent_mib Hook end
2024-01-04 01:49:44.226812 = User Function system/test_snmp.py::test_ft_net_snmp_agent_mib Hook Finalize
2024-01-04 01:49:44.227005 = function system/test_snmp.py::test_ft_net_snmp_agent_mib clean start
2024-01-04 01:49:44.243980 = Test Time (2024-01-04 01:49:38.854642 - 2024-01-04 01:49:44.243971) Published
2024-01-04 01:49:44.249322 = function system/test_snmp.py::test_ft_net_snmp_agent_mib clean end
2024-01-04 01:49:44.249624 = Framework Function Hook Finalize
2024-01-04 01:49:44.250666 = Framework Function Hook Start
2024-01-04 01:49:44.251057 = function system/test_snmp.py::test_ft_net_snmp_vacm_mib init start
2024-01-04 01:49:49.076368 = function system/test_snmp.py::test_ft_net_snmp_vacm_mib init end
2024-01-04 01:49:49.076869 = Framework Function Hook end
2024-01-04 01:49:49.077243 = User Function system/test_snmp.py::test_ft_net_snmp_vacm_mib Hook Start
2024-01-04 01:49:49.080659 = User Function system/test_snmp.py::test_ft_net_snmp_vacm_mib Hook end
2024-01-04 01:49:49.159768 = User Function system/test_snmp.py::test_ft_net_snmp_vacm_mib Hook Finalize
2024-01-04 01:49:49.159991 = function system/test_snmp.py::test_ft_net_snmp_vacm_mib clean start
2024-01-04 01:49:49.177053 = Test Time (2024-01-04 01:49:44.251118 - 2024-01-04 01:49:49.177044) Published
2024-01-04 01:49:49.182708 = function system/test_snmp.py::test_ft_net_snmp_vacm_mib clean end
2024-01-04 01:49:49.183010 = Framework Function Hook Finalize
2024-01-04 01:49:49.184089 = Framework Function Hook Start
2024-01-04 01:49:49.184518 = function system/test_snmp.py::test_ft_snmp_ucd_diskio_mib init start
2024-01-04 01:49:54.002900 = function system/test_snmp.py::test_ft_snmp_ucd_diskio_mib init end
2024-01-04 01:49:54.003775 = Framework Function Hook end
2024-01-04 01:49:54.004557 = User Function system/test_snmp.py::test_ft_snmp_ucd_diskio_mib Hook Start
2024-01-04 01:49:54.007119 = User Function system/test_snmp.py::test_ft_snmp_ucd_diskio_mib Hook end
2024-01-04 01:49:54.062827 = User Function system/test_snmp.py::test_ft_snmp_ucd_diskio_mib Hook Finalize
2024-01-04 01:49:54.063007 = function system/test_snmp.py::test_ft_snmp_ucd_diskio_mib clean start
2024-01-04 01:49:54.081241 = Test Time (2024-01-04 01:49:49.184581 - 2024-01-04 01:49:54.081233) Published
2024-01-04 01:49:54.086964 = function system/test_snmp.py::test_ft_snmp_ucd_diskio_mib clean end
2024-01-04 01:49:54.087262 = Framework Function Hook Finalize
2024-01-04 01:49:54.088337 = Framework Function Hook Start
2024-01-04 01:49:54.088741 = function system/test_snmp.py::test_ft_snmp_ucd_la_table init start
2024-01-04 01:49:58.795565 = function system/test_snmp.py::test_ft_snmp_ucd_la_table init end
2024-01-04 01:49:58.801325 = Framework Function Hook end
2024-01-04 01:49:58.805740 = User Function system/test_snmp.py::test_ft_snmp_ucd_la_table Hook Start
2024-01-04 01:49:58.814144 = User Function system/test_snmp.py::test_ft_snmp_ucd_la_table Hook end
2024-01-04 01:49:58.852497 = User Function system/test_snmp.py::test_ft_snmp_ucd_la_table Hook Finalize
2024-01-04 01:49:58.852682 = function system/test_snmp.py::test_ft_snmp_ucd_la_table clean start
2024-01-04 01:49:58.870926 = Test Time (2024-01-04 01:49:54.088802 - 2024-01-04 01:49:58.870918) Published
2024-01-04 01:49:58.876474 = function system/test_snmp.py::test_ft_snmp_ucd_la_table clean end
2024-01-04 01:49:58.876749 = Framework Function Hook Finalize
2024-01-04 01:49:58.877840 = Framework Function Hook Start
2024-01-04 01:49:58.878229 = function system/test_snmp.py::test_ft_snmp_ucd_system_stats init start
2024-01-04 01:50:03.658563 = function system/test_snmp.py::test_ft_snmp_ucd_system_stats init end
2024-01-04 01:50:03.659472 = Framework Function Hook end
2024-01-04 01:50:03.660230 = User Function system/test_snmp.py::test_ft_snmp_ucd_system_stats Hook Start
2024-01-04 01:50:03.663056 = User Function system/test_snmp.py::test_ft_snmp_ucd_system_stats Hook end
2024-01-04 01:50:03.697874 = User Function system/test_snmp.py::test_ft_snmp_ucd_system_stats Hook Finalize
2024-01-04 01:50:03.698045 = function system/test_snmp.py::test_ft_snmp_ucd_system_stats clean start
2024-01-04 01:50:03.712693 = Test Time (2024-01-04 01:49:58.878289 - 2024-01-04 01:50:03.712685) Published
2024-01-04 01:50:03.718078 = function system/test_snmp.py::test_ft_snmp_ucd_system_stats clean end
2024-01-04 01:50:03.718338 = Framework Function Hook Finalize
2024-01-04 01:50:03.719333 = Framework Function Hook Start
2024-01-04 01:50:03.719704 = function system/test_snmp.py::test_ft_snmp_dot1q_tp_fdb_port init start
2024-01-04 01:50:08.533146 = function system/test_snmp.py::test_ft_snmp_dot1q_tp_fdb_port init end
2024-01-04 01:50:08.534229 = Framework Function Hook end
2024-01-04 01:50:08.535070 = User Function system/test_snmp.py::test_ft_snmp_dot1q_tp_fdb_port Hook Start
2024-01-04 01:50:08.541648 = User Function system/test_snmp.py::test_ft_snmp_dot1q_tp_fdb_port Hook end
2024-01-04 01:50:10.365690 = User Function system/test_snmp.py::test_ft_snmp_dot1q_tp_fdb_port Hook Finalize
2024-01-04 01:50:10.366017 = function system/test_snmp.py::test_ft_snmp_dot1q_tp_fdb_port clean start
2024-01-04 01:50:10.396719 = Test Time (2024-01-04 01:50:03.719763 - 2024-01-04 01:50:10.396711) Published
2024-01-04 01:50:10.402162 = function system/test_snmp.py::test_ft_snmp_dot1q_tp_fdb_port clean end
2024-01-04 01:50:10.402471 = Framework Function Hook Finalize
2024-01-04 01:50:10.403606 = Framework Function Hook Start
2024-01-04 01:50:10.404033 = function system/test_snmp.py::test_ft_snmp_dot1q_tp_fdb_address init start
2024-01-04 01:50:15.139502 = function system/test_snmp.py::test_ft_snmp_dot1q_tp_fdb_address init end
2024-01-04 01:50:15.140627 = Framework Function Hook end
2024-01-04 01:50:15.141468 = User Function system/test_snmp.py::test_ft_snmp_dot1q_tp_fdb_address Hook Start
2024-01-04 01:50:15.149532 = User Function system/test_snmp.py::test_ft_snmp_dot1q_tp_fdb_address Hook end
2024-01-04 01:50:15.558504 = User Function system/test_snmp.py::test_ft_snmp_dot1q_tp_fdb_address Hook Finalize
2024-01-04 01:50:15.558721 = function system/test_snmp.py::test_ft_snmp_dot1q_tp_fdb_address clean start
2024-01-04 01:50:15.575193 = Test Time (2024-01-04 01:50:10.404094 - 2024-01-04 01:50:15.575185) Published
2024-01-04 01:50:15.580611 = function system/test_snmp.py::test_ft_snmp_dot1q_tp_fdb_address clean end
2024-01-04 01:50:15.580900 = Framework Function Hook Finalize
2024-01-04 01:50:15.581946 = Framework Function Hook Start
2024-01-04 01:50:15.582333 = function system/test_snmp.py::test_ft_snmp_coldstart_trap init start
2024-01-04 01:50:20.406965 = function system/test_snmp.py::test_ft_snmp_coldstart_trap init end
2024-01-04 01:50:20.407648 = Framework Function Hook end
2024-01-04 01:50:20.408227 = User Function system/test_snmp.py::test_ft_snmp_coldstart_trap Hook Start
2024-01-04 01:50:20.413101 = User Function system/test_snmp.py::test_ft_snmp_coldstart_trap Hook end
2024-01-04 01:50:34.688739 = User Function system/test_snmp.py::test_ft_snmp_coldstart_trap Hook Finalize
2024-01-04 01:50:34.688962 = function system/test_snmp.py::test_ft_snmp_coldstart_trap clean start
2024-01-04 01:50:34.725807 = Test Time (2024-01-04 01:50:15.582392 - 2024-01-04 01:50:34.725792) Published
2024-01-04 01:50:34.732141 = function system/test_snmp.py::test_ft_snmp_coldstart_trap clean end
2024-01-04 01:50:34.732507 = Framework Function Hook Finalize
2024-01-04 01:50:34.733794 = Framework Function Hook Start
2024-01-04 01:50:34.734277 = function system/test_snmp.py::test_ft_snmp_docker_restart init start
2024-01-04 01:50:39.553701 = function system/test_snmp.py::test_ft_snmp_docker_restart init end
2024-01-04 01:50:39.554245 = Framework Function Hook end
2024-01-04 01:50:39.554703 = User Function system/test_snmp.py::test_ft_snmp_docker_restart Hook Start
2024-01-04 01:50:39.558853 = User Function system/test_snmp.py::test_ft_snmp_docker_restart Hook end
2024-01-04 01:50:53.061464 = User Function system/test_snmp.py::test_ft_snmp_docker_restart Hook Finalize
2024-01-04 01:50:53.061653 = function system/test_snmp.py::test_ft_snmp_docker_restart clean start
2024-01-04 01:50:53.100198 = Test Time (2024-01-04 01:50:34.734338 - 2024-01-04 01:50:53.100185) Published
2024-01-04 01:50:53.106913 = function system/test_snmp.py::test_ft_snmp_docker_restart clean end
2024-01-04 01:50:53.107265 = Framework Function Hook Finalize
2024-01-04 01:51:46.701225 = User Module system/test_snmp.py Hook Finalize
2024-01-04 01:51:46.701659 = module test_snmp.py clean start
2024-01-04 01:52:13.483711 = report file generation start
2024-01-04 01:52:13.577229 = report file generation end
2024-01-04 01:52:13.583052 = module test_snmp.py clean end
2024-01-04 01:52:13.583725 = Framework Module Hook Finalize
2024-01-04 01:52:13.669116 = Framework Module Hook Start
2024-01-04 01:52:14.085425 = module test_spytest_infra_1.py init start
