2023-12-27 00:20:27.990513 = START
2023-12-27 00:20:29.139095 = device connections start
2023-12-27 00:21:02.461347 = device connections finish
2023-12-27 00:21:02.463313 = session init start
2023-12-27 00:23:11.970219 = report file generation start
2023-12-27 00:23:12.054819 = report file generation end
2023-12-27 00:23:36.254360 = session init end
2023-12-27 00:23:36.256653 = Framework Module Hook Start
2023-12-27 00:23:36.668509 = module test_spytest_infra_1.py init start
2023-12-27 00:23:40.874324 = module test_spytest_infra_1.py init end
2023-12-27 00:23:40.874849 = Framework Module Hook end
2023-12-27 00:23:40.875464 = Framework Function Hook Start
2023-12-27 00:23:45.159767 = function batch/test_spytest_infra_1.py::test_spytest_infra_first init start
2023-12-27 00:23:49.817117 = function batch/test_spytest_infra_1.py::test_spytest_infra_first init end
2023-12-27 00:23:49.817980 = Framework Function Hook end
2023-12-27 00:23:49.820930 = Module Config Time (2023-12-27 00:23:36.256746 - 2023-12-27 00:23:40.875994) Published
2023-12-27 00:23:49.823617 = function batch/test_spytest_infra_1.py::test_spytest_infra_first clean start
2023-12-27 00:23:49.833802 = Test Time (2023-12-27 00:23:45.159862 - 2023-12-27 00:23:49.833796) Published
2023-12-27 00:23:49.839503 = function batch/test_spytest_infra_1.py::test_spytest_infra_first clean end
2023-12-27 00:23:49.839778 = Framework Function Hook Finalize
2023-12-27 00:23:49.977362 = Framework Function Hook Start
2023-12-27 00:23:49.978526 = function batch/test_spytest_infra_1.py::test_spytest_infra_second init start
2023-12-27 00:23:54.748609 = function batch/test_spytest_infra_1.py::test_spytest_infra_second init end
2023-12-27 00:23:54.749652 = Framework Function Hook end
2023-12-27 00:23:54.753953 = function batch/test_spytest_infra_1.py::test_spytest_infra_second clean start
2023-12-27 00:23:54.767835 = Test Time (2023-12-27 00:23:49.978719 - 2023-12-27 00:23:54.767827) Published
2023-12-27 00:23:54.772912 = function batch/test_spytest_infra_1.py::test_spytest_infra_second clean end
2023-12-27 00:23:54.773235 = Framework Function Hook Finalize
2023-12-27 00:23:54.773389 = module test_spytest_infra_1.py clean start
2023-12-27 00:23:57.323873 = report file generation start
2023-12-27 00:23:57.411624 = report file generation end
2023-12-27 00:23:57.417273 = module test_spytest_infra_1.py clean end
2023-12-27 00:23:57.418533 = Framework Module Hook Finalize
2023-12-27 00:23:57.422348 = Framework Module Hook Start
2023-12-27 00:23:57.838550 = module test_l3_performance.py init start
2023-12-27 00:24:26.181514 = module test_l3_performance.py init end
2023-12-27 00:24:26.181981 = Framework Module Hook end
2023-12-27 00:24:26.182340 = User Module routing/test_l3_performance.py Hook Start
2023-12-27 00:24:46.777153 = User Module routing/test_l3_performance.py Hook end
2023-12-27 00:24:46.777852 = Framework Function Hook Start
2023-12-27 00:25:16.747754 = function routing/test_l3_performance.py::test_ft_l3_performance_enhancements_v4_route_intstall_withdraw init start
2023-12-27 00:25:21.533468 = function routing/test_l3_performance.py::test_ft_l3_performance_enhancements_v4_route_intstall_withdraw init end
2023-12-27 00:25:21.534312 = Framework Function Hook end
2023-12-27 00:25:21.535290 = User Function routing/test_l3_performance.py::test_ft_l3_performance_enhancements_v4_route_intstall_withdraw Hook Start
2023-12-27 00:25:21.538989 = User Function routing/test_l3_performance.py::test_ft_l3_performance_enhancements_v4_route_intstall_withdraw Hook end
2023-12-27 00:25:21.539188 = User Function routing/test_l3_performance.py::test_ft_l3_performance_enhancements_v4_route_intstall_withdraw Hook Start
2023-12-27 00:26:34.786641 = User Function routing/test_l3_performance.py::test_ft_l3_performance_enhancements_v4_route_intstall_withdraw Hook end
2023-12-27 00:26:34.787957 = Module Config Time (2023-12-27 00:23:57.422421 - 2023-12-27 00:24:46.777980) Published
2023-12-27 00:27:16.841466 = User Function routing/test_l3_performance.py::test_ft_l3_performance_enhancements_v4_route_intstall_withdraw Hook Finalize
2023-12-27 00:27:16.842262 = User Function routing/test_l3_performance.py::test_ft_l3_performance_enhancements_v4_route_intstall_withdraw Hook Finalize
2023-12-27 00:27:16.842617 = function routing/test_l3_performance.py::test_ft_l3_performance_enhancements_v4_route_intstall_withdraw clean start
2023-12-27 00:27:16.875294 = Test Time (2023-12-27 00:25:16.747877 - 2023-12-27 00:27:16.875286) Published
2023-12-27 00:27:16.880414 = function routing/test_l3_performance.py::test_ft_l3_performance_enhancements_v4_route_intstall_withdraw clean end
2023-12-27 00:27:16.880702 = Framework Function Hook Finalize
2023-12-27 00:27:16.881895 = Framework Function Hook Start
2023-12-27 00:27:16.882516 = function routing/test_l3_performance.py::test_cli_validation_ip_address init start
2023-12-27 00:27:22.173392 = function routing/test_l3_performance.py::test_cli_validation_ip_address init end
2023-12-27 00:27:22.173935 = Framework Function Hook end
2023-12-27 00:27:22.174543 = User Function routing/test_l3_performance.py::test_cli_validation_ip_address Hook Start
2023-12-27 00:27:22.178178 = User Function routing/test_l3_performance.py::test_cli_validation_ip_address Hook end
2023-12-27 00:28:38.243339 = User Function routing/test_l3_performance.py::test_cli_validation_ip_address Hook Finalize
2023-12-27 00:28:38.243555 = function routing/test_l3_performance.py::test_cli_validation_ip_address clean start
2023-12-27 00:28:38.257991 = Test Time (2023-12-27 00:27:16.882580 - 2023-12-27 00:28:38.257981) Published
2023-12-27 00:28:38.263695 = function routing/test_l3_performance.py::test_cli_validation_ip_address clean end
2023-12-27 00:28:38.264012 = Framework Function Hook Finalize
2023-12-27 00:28:38.265477 = Framework Function Hook Start
2023-12-27 00:28:38.265928 = function routing/test_l3_performance.py::test_cli_validation_bgp_router_config init start
2023-12-27 00:28:43.052746 = function routing/test_l3_performance.py::test_cli_validation_bgp_router_config init end
2023-12-27 00:28:43.053741 = Framework Function Hook end
2023-12-27 00:28:43.054559 = User Function routing/test_l3_performance.py::test_cli_validation_bgp_router_config Hook Start
2023-12-27 00:28:43.058959 = User Function routing/test_l3_performance.py::test_cli_validation_bgp_router_config Hook end
2023-12-27 00:29:00.352740 = User Function routing/test_l3_performance.py::test_cli_validation_bgp_router_config Hook Finalize
2023-12-27 00:29:00.352895 = function routing/test_l3_performance.py::test_cli_validation_bgp_router_config clean start
2023-12-27 00:29:00.365227 = Test Time (2023-12-27 00:28:38.265992 - 2023-12-27 00:29:00.365219) Published
2023-12-27 00:29:00.370317 = function routing/test_l3_performance.py::test_cli_validation_bgp_router_config clean end
2023-12-27 00:29:00.370606 = Framework Function Hook Finalize
2023-12-27 00:29:37.728040 = User Module routing/test_l3_performance.py Hook Finalize
2023-12-27 00:29:37.728282 = module test_l3_performance.py clean start
2023-12-27 00:30:05.479384 = report file generation start
2023-12-27 00:30:05.561964 = report file generation end
2023-12-27 00:30:05.567152 = module test_l3_performance.py clean end
2023-12-27 00:30:05.567580 = Framework Module Hook Finalize
2023-12-27 00:30:05.655979 = Framework Module Hook Start
2023-12-27 00:30:06.071603 = module test_spytest_infra_1.py init start
2023-12-27 00:31:23.052590 = module test_spytest_infra_1.py init end
2023-12-27 00:31:23.053062 = Framework Module Hook end
2023-12-27 00:31:23.053530 = Framework Function Hook Start
2023-12-27 00:31:27.345499 = function batch/test_spytest_infra_1.py::test_spytest_infra_last init start
2023-12-27 00:31:31.993463 = function batch/test_spytest_infra_1.py::test_spytest_infra_last init end
2023-12-27 00:31:31.994483 = Framework Function Hook end
2023-12-27 00:31:31.995928 = Module Config Time (2023-12-27 00:30:05.656136 - 2023-12-27 00:31:23.053661) Published
2023-12-27 00:31:31.998600 = function batch/test_spytest_infra_1.py::test_spytest_infra_last clean start
2023-12-27 00:31:32.010276 = Test Time (2023-12-27 00:31:27.345589 - 2023-12-27 00:31:32.010269) Published
2023-12-27 00:31:32.015372 = function batch/test_spytest_infra_1.py::test_spytest_infra_last clean end
2023-12-27 00:31:32.015649 = Framework Function Hook Finalize
2023-12-27 00:31:32.015791 = module test_spytest_infra_1.py clean start
2023-12-27 00:31:34.468030 = report file generation start
2023-12-27 00:31:34.550307 = report file generation end
2023-12-27 00:31:34.555396 = module test_spytest_infra_1.py clean end
2023-12-27 00:31:34.555744 = Framework Module Hook Finalize
2023-12-27 00:31:34.556126 = session clean start
2023-12-27 00:31:34.564603 = report file generation start
2023-12-27 00:31:34.668758 = report file generation end
2023-12-27 00:31:35.377406 = session clean end
