2024-01-08 00:58:31,988 T0025: WARN  #### gw3  
2024-01-08 00:58:31,988 T0025: WARN  support post-session-prolog session pass ''
2024-01-08 00:58:31,990 T0026: WARN  #### gw3  
2024-01-08 00:58:31,990 T0026: WARN  support post-session-prolog session pass ''
2024-01-08 00:59:28,857 T0079: INFO  #### gw3  
2024-01-08 00:59:28,857 T0079: INFO  support pre-module-prolog switching/test_vlan.py  ''
2024-01-08 00:59:28,860 T0080: INFO  #### gw3  
2024-01-08 00:59:28,860 T0080: INFO  support pre-module-prolog switching/test_vlan.py  ''
2024-01-08 01:00:03,601 T0098: INFO  #### gw3  switching/test_vlan.py
2024-01-08 01:00:03,601 T0098: INFO  support post-module-prolog switching/test_vlan.py Pass ''
2024-01-08 01:00:03,603 T0099: INFO  #### gw3  switching/test_vlan.py
2024-01-08 01:00:03,603 T0099: INFO  support post-module-prolog switching/test_vlan.py Pass ''
2024-01-08 01:00:38,107 T0123: INFO  #### gw3  switching/test_vlan.py
2024-01-08 01:00:38,108 T0123: INFO  support pre-function-prolog test_ft_add_unknownvlan_interface  ''
2024-01-08 01:00:38,110 T0124: INFO  #### gw3  switching/test_vlan.py
2024-01-08 01:00:38,110 T0124: INFO  support pre-function-prolog test_ft_add_unknownvlan_interface  ''
2024-01-08 01:00:38,123 T0125: INFO  #### gw3  switching/test_vlan.py::test_ft_add_unknownvlan_interface
2024-01-08 01:00:38,124 T0125: INFO  support post-function-prolog test_ft_add_unknownvlan_interface Pass ''
2024-01-08 01:00:38,126 T0126: INFO  #### gw3  switching/test_vlan.py::test_ft_add_unknownvlan_interface
2024-01-08 01:00:38,126 T0126: INFO  support post-function-prolog test_ft_add_unknownvlan_interface Pass ''
2024-01-08 01:00:39,510 T0000: WARN  #### gw3 IGNORED ERROR switching/test_vlan.py::test_ft_add_unknownvlan_interface
2024-01-08 01:00:39,510 T0000: WARN  Skipped error checking but detected pattern: containing_error command: sudo -s config vlan member add 2303 Ethernet48 -u
2024-01-08 01:00:42,188 T0127: INFO  #### gw3  switching/test_vlan.py::test_ft_add_unknownvlan_interface
2024-01-08 01:00:42,188 T0127: INFO  support pre-function-epilog test_ft_add_unknownvlan_interface Pass 'Test case passed'
2024-01-08 01:00:42,190 T0128: INFO  #### gw3  switching/test_vlan.py::test_ft_add_unknownvlan_interface
2024-01-08 01:00:42,190 T0128: INFO  support pre-function-epilog test_ft_add_unknownvlan_interface Pass 'Test case passed'
2024-01-08 01:00:42,198 T0129: INFO  #### gw3  switching/test_vlan.py::test_ft_add_unknownvlan_interface
2024-01-08 01:00:42,198 T0129: INFO  support post-function-epilog test_ft_add_unknownvlan_interface Pass 'Test case passed'
2024-01-08 01:00:42,200 T0130: INFO  #### gw3  switching/test_vlan.py::test_ft_add_unknownvlan_interface
2024-01-08 01:00:42,200 T0130: INFO  support post-function-epilog test_ft_add_unknownvlan_interface Pass 'Test case passed'
2024-01-08 01:00:47,435 T0136: INFO  #### gw3  switching/test_vlan.py
2024-01-08 01:00:47,436 T0136: INFO  support pre-function-prolog test_ft_vlan_delete_with_member  ''
2024-01-08 01:00:47,440 T0137: INFO  #### gw3  switching/test_vlan.py
2024-01-08 01:00:47,440 T0137: INFO  support pre-function-prolog test_ft_vlan_delete_with_member  ''
2024-01-08 01:00:47,451 T0138: INFO  #### gw3  switching/test_vlan.py::test_ft_vlan_delete_with_member
2024-01-08 01:00:47,452 T0138: INFO  support post-function-prolog test_ft_vlan_delete_with_member Pass ''
2024-01-08 01:00:47,454 T0139: INFO  #### gw3  switching/test_vlan.py::test_ft_vlan_delete_with_member
2024-01-08 01:00:47,454 T0139: INFO  support post-function-prolog test_ft_vlan_delete_with_member Pass ''
2024-01-08 01:00:51,446 T0000: WARN  #### gw3 IGNORED ERROR switching/test_vlan.py::test_ft_vlan_delete_with_member
2024-01-08 01:00:51,446 T0000: WARN  Skipped error checking but detected pattern: containing_error command: sudo -s config vlan del 2303
2024-01-08 01:00:56,866 T0140: INFO  #### gw3  switching/test_vlan.py::test_ft_vlan_delete_with_member
2024-01-08 01:00:56,866 T0140: INFO  support pre-function-epilog test_ft_vlan_delete_with_member Pass 'Test case passed'
2024-01-08 01:00:56,868 T0141: INFO  #### gw3  switching/test_vlan.py::test_ft_vlan_delete_with_member
2024-01-08 01:00:56,868 T0141: INFO  support pre-function-epilog test_ft_vlan_delete_with_member Pass 'Test case passed'
2024-01-08 01:00:56,875 T0142: INFO  #### gw3  switching/test_vlan.py::test_ft_vlan_delete_with_member
2024-01-08 01:00:56,876 T0142: INFO  support post-function-epilog test_ft_vlan_delete_with_member Pass 'Test case passed'
2024-01-08 01:00:56,877 T0143: INFO  #### gw3  switching/test_vlan.py::test_ft_vlan_delete_with_member
2024-01-08 01:00:56,878 T0143: INFO  support post-function-epilog test_ft_vlan_delete_with_member Pass 'Test case passed'
2024-01-08 01:01:02,307 T0149: INFO  #### gw3  switching/test_vlan.py
2024-01-08 01:01:02,307 T0149: INFO  support pre-function-prolog test_ft_vlan_trunk_tagged  ''
2024-01-08 01:01:02,311 T0150: INFO  #### gw3  switching/test_vlan.py
2024-01-08 01:01:02,311 T0150: INFO  support pre-function-prolog test_ft_vlan_trunk_tagged  ''
2024-01-08 01:01:02,324 T0151: INFO  #### gw3  switching/test_vlan.py::test_ft_vlan_trunk_tagged
2024-01-08 01:01:02,324 T0151: INFO  support post-function-prolog test_ft_vlan_trunk_tagged Pass ''
2024-01-08 01:01:02,326 T0152: INFO  #### gw3  switching/test_vlan.py::test_ft_vlan_trunk_tagged
2024-01-08 01:01:02,326 T0152: INFO  support post-function-prolog test_ft_vlan_trunk_tagged Pass ''
2024-01-08 01:02:23,731 T0153: INFO  #### gw3  switching/test_vlan.py::test_ft_vlan_trunk_tagged
2024-01-08 01:02:23,731 T0153: INFO  support pre-function-epilog test_ft_vlan_trunk_tagged Pass 'Test case passed'
2024-01-08 01:02:23,735 T0154: INFO  #### gw3  switching/test_vlan.py::test_ft_vlan_trunk_tagged
2024-01-08 01:02:23,735 T0154: INFO  support pre-function-epilog test_ft_vlan_trunk_tagged Pass 'Test case passed'
2024-01-08 01:02:23,743 T0155: INFO  #### gw3  switching/test_vlan.py::test_ft_vlan_trunk_tagged
2024-01-08 01:02:23,743 T0155: INFO  support post-function-epilog test_ft_vlan_trunk_tagged Pass 'Test case passed'
2024-01-08 01:02:23,745 T0156: INFO  #### gw3  switching/test_vlan.py::test_ft_vlan_trunk_tagged
2024-01-08 01:02:23,745 T0156: INFO  support post-function-epilog test_ft_vlan_trunk_tagged Pass 'Test case passed'
2024-01-08 01:02:29,047 T0162: INFO  #### gw3  switching/test_vlan.py
2024-01-08 01:02:29,047 T0162: INFO  support pre-function-prolog test_ft_vlan_save_config_warm_and_fast_reboot  ''
2024-01-08 01:02:29,051 T0163: INFO  #### gw3  switching/test_vlan.py
2024-01-08 01:02:29,051 T0163: INFO  support pre-function-prolog test_ft_vlan_save_config_warm_and_fast_reboot  ''
2024-01-08 01:02:29,063 T0164: INFO  #### gw3  switching/test_vlan.py::test_ft_vlan_save_config_warm_and_fast_reboot
2024-01-08 01:02:29,063 T0164: INFO  support post-function-prolog test_ft_vlan_save_config_warm_and_fast_reboot Pass ''
2024-01-08 01:02:29,068 T0165: INFO  #### gw3  switching/test_vlan.py::test_ft_vlan_save_config_warm_and_fast_reboot
2024-01-08 01:02:29,069 T0165: INFO  support post-function-prolog test_ft_vlan_save_config_warm_and_fast_reboot Pass ''
2024-01-08 01:14:02,823 T0000: WARN  #### gw3 IGNORED ERROR switching/test_vlan.py::test_ft_vlan_save_config_warm_and_fast_reboot
2024-01-08 01:14:02,823 T0000: WARN  Skipped error checking but detected pattern: containing_python_traceback command: sudo -s fast-reboot
2024-01-08 01:14:10,158 T0000: WARN  #### gw3 IGNORED ERROR switching/test_vlan.py::test_ft_vlan_save_config_warm_and_fast_reboot
2024-01-08 01:14:10,158 T0000: WARN  Skipped error checking but detected pattern: containing_no_response_from_container command: sudo vtysh -c 'show running-config | include hostname'
2024-01-08 01:14:55,319 T0000: ERROR #### gw3 Exception switching/test_vlan.py::test_ft_vlan_save_config_warm_and_fast_reboot
2024-01-08 01:14:55,319 T0000: ERROR Exception TypeError 'NoneType' object is not subscriptable in file /apis/system/basic.py at line 1389
2024-01-08 01:14:55,319 T0000: ERROR [0] /apis/system/basic.py:1389 is_warm_boot_support return bool(platform.lower() in features_support_data[key])
2024-01-08 01:14:55,319 T0000: ERROR [1] /apis/system/reboot.py:83 warm_reboot if (st.getenv("SPYTEST_UNSUPPORT_TD4_WARM_REBOOT") and basic.is_td4_platform(dut)) or basic.is_warm_boot_support(dut, is_support=False):
2024-01-08 01:14:55,319 T0000: ERROR [2] /tests/switching/test_vlan.py:906 test_ft_vlan_save_config_warm_and_fast_reboot reboot.warm_reboot(vars.D1)
2024-01-08 01:14:55,320 T0166: WARN  #### gw3  switching/test_vlan.py::test_ft_vlan_save_config_warm_and_fast_reboot
2024-01-08 01:14:55,321 T0166: WARN  support post-function-epilog test_ft_vlan_save_config_warm_and_fast_reboot ScriptError 'Exception TypeError 'NoneType' object is not subscriptable in file /apis/system/basic.py at line 1389'
2024-01-08 01:14:55,322 T0167: WARN  #### gw3  switching/test_vlan.py::test_ft_vlan_save_config_warm_and_fast_reboot
2024-01-08 01:14:55,322 T0167: WARN  support post-function-epilog test_ft_vlan_save_config_warm_and_fast_reboot ScriptError 'Exception TypeError 'NoneType' object is not subscriptable in file /apis/system/basic.py at line 1389'
2024-01-08 01:14:55,342 T0000: ERROR #### gw3  switching/test_vlan.py::test_ft_vlan_save_config_warm_and_fast_reboot
2024-01-08 01:14:55,343 T0000: ERROR 

==================== REMOTE ALERTS ============================
################################################################################
drop the rate from 2000 to 100
################################################################################
################################################################################
drop the rate from 2000 to 100
################################################################################
################################################################################
drop the rate from 2000 to 100
################################################################################
===============================================================


2024-01-08 01:14:55,368 T0168: WARN  #### gw3  switching/test_vlan.py::test_ft_vlan_save_config_warm_and_fast_reboot
2024-01-08 01:14:55,369 T0168: WARN  support pre-module-epilog switching/test_vlan.py fail ''
2024-01-08 01:14:55,371 T0169: WARN  #### gw3  switching/test_vlan.py::test_ft_vlan_save_config_warm_and_fast_reboot
2024-01-08 01:14:55,371 T0169: WARN  support pre-module-epilog switching/test_vlan.py fail ''
2024-01-08 01:15:22,198 T0186: WARN  #### gw3  switching/test_vlan.py::test_ft_vlan_save_config_warm_and_fast_reboot
2024-01-08 01:15:22,198 T0186: WARN  support post-module-epilog switching/test_vlan.py fail ''
2024-01-08 01:15:22,200 T0187: WARN  #### gw3  switching/test_vlan.py::test_ft_vlan_save_config_warm_and_fast_reboot
2024-01-08 01:15:22,200 T0187: WARN  support post-module-epilog switching/test_vlan.py fail ''
2024-01-08 01:20:05,111 T0252: INFO  #### gw3  
2024-01-08 01:20:05,111 T0252: INFO  support pre-module-prolog system/test_interface.py  ''
2024-01-08 01:20:05,113 T0253: INFO  #### gw3  
2024-01-08 01:20:05,114 T0253: INFO  support pre-module-prolog system/test_interface.py  ''
2024-01-08 01:20:49,022 T0270: INFO  #### gw3  system/test_interface.py
2024-01-08 01:20:49,022 T0270: INFO  support post-module-prolog system/test_interface.py Pass ''
2024-01-08 01:20:49,024 T0271: INFO  #### gw3  system/test_interface.py
2024-01-08 01:20:49,025 T0271: INFO  support post-module-prolog system/test_interface.py Pass ''
2024-01-08 01:21:22,533 T0295: INFO  #### gw3  system/test_interface.py
2024-01-08 01:21:22,533 T0295: INFO  support pre-function-prolog test_ft_port_fn_verify_shut_noshut  ''
2024-01-08 01:21:22,537 T0296: INFO  #### gw3  system/test_interface.py
2024-01-08 01:21:22,538 T0296: INFO  support pre-function-prolog test_ft_port_fn_verify_shut_noshut  ''
2024-01-08 01:21:22,549 T0297: INFO  #### gw3  system/test_interface.py::test_ft_port_fn_verify_shut_noshut
2024-01-08 01:21:22,550 T0297: INFO  support post-function-prolog test_ft_port_fn_verify_shut_noshut Pass ''
2024-01-08 01:21:22,551 T0298: INFO  #### gw3  system/test_interface.py::test_ft_port_fn_verify_shut_noshut
2024-01-08 01:21:22,551 T0298: INFO  support post-function-prolog test_ft_port_fn_verify_shut_noshut Pass ''
2024-01-08 01:22:17,750 T0299: WARN  #### gw3  system/test_interface.py::test_ft_port_fn_verify_shut_noshut
2024-01-08 01:22:17,750 T0299: WARN  support pre-function-epilog test_ft_port_fn_verify_shut_noshut DUTFail 'Error response from daemon: Container is not running'
2024-01-08 01:22:17,752 T0300: WARN  #### gw3  system/test_interface.py::test_ft_port_fn_verify_shut_noshut
2024-01-08 01:22:17,752 T0300: WARN  support pre-function-epilog test_ft_port_fn_verify_shut_noshut DUTFail 'Error response from daemon: Container is not running'
2024-01-08 01:22:18,798 T0301: WARN  #### gw3  system/test_interface.py::test_ft_port_fn_verify_shut_noshut
2024-01-08 01:22:18,799 T0301: WARN  support post-function-epilog test_ft_port_fn_verify_shut_noshut ignore 'Error response from daemon: Container is not running'
2024-01-08 01:22:18,800 T0302: WARN  #### gw3  system/test_interface.py::test_ft_port_fn_verify_shut_noshut
2024-01-08 01:22:18,800 T0302: WARN  support post-function-epilog test_ft_port_fn_verify_shut_noshut ignore 'Error response from daemon: Container is not running'
2024-01-08 01:22:18,845 T0303: WARN  #### gw3  system/test_interface.py::test_ft_port_fn_verify_shut_noshut
2024-01-08 01:22:18,845 T0303: WARN  support pre-module-epilog system/test_interface.py fail ''
2024-01-08 01:22:18,847 T0304: WARN  #### gw3  system/test_interface.py::test_ft_port_fn_verify_shut_noshut
2024-01-08 01:22:18,847 T0304: WARN  support pre-module-epilog system/test_interface.py fail ''
2024-01-08 01:22:48,334 T0323: WARN  #### gw3  system/test_interface.py::test_ft_port_fn_verify_shut_noshut
2024-01-08 01:22:48,334 T0323: WARN  support post-module-epilog system/test_interface.py fail ''
2024-01-08 01:22:48,337 T0324: WARN  #### gw3  system/test_interface.py::test_ft_port_fn_verify_shut_noshut
2024-01-08 01:22:48,337 T0324: WARN  support post-module-epilog system/test_interface.py fail ''
2024-01-08 01:25:54,615 T0372: WARN  #### gw3  batch/test_spytest_infra_1.py::test_spytest_infra_last
2024-01-08 01:25:54,615 T0372: WARN  support session-epilog session pass ''
2024-01-08 01:25:54,616 T0373: WARN  #### gw3  batch/test_spytest_infra_1.py::test_spytest_infra_last
2024-01-08 01:25:54,617 T0373: WARN  support session-epilog session pass ''
