2023-12-31 03:26:35,205 T0002: [D1-V3] ['export TMOUT=0', 'stty cols 5000', 'uptime']
2023-12-31 03:26:35,872 T0002: [D1-V3] cat /proc/uptime
2023-12-31 03:26:36,540 T0002: [D1-V3] sudo vtysh -c 'show running-config | include hostname'
2023-12-31 03:26:42,722 T0002: [D1-V3] /sbin/ip link set dev eth0 up
2023-12-31 03:26:43,392 T0002: [D1-V3] /sbin/ip route list dev eth0
2023-12-31 03:26:44,070 T0002: [D1-V3] ['export TMOUT=0', 'stty cols 5000', 'uptime']
2023-12-31 03:26:46,216 T0002: [D1-V3] /sbin/ip link set dev eth0 up
2023-12-31 03:26:46,884 T0002: [D1-V3] /sbin/ip route list dev eth0
2023-12-31 03:26:48,230 T0002: [D1-V3] show version
2023-12-31 03:26:50,312 T0002: [D1-V3] /sbin/ip link set dev eth0 up
2023-12-31 03:26:50,979 T0002: [D1-V3] /sbin/ip route list dev eth0
2023-12-31 03:26:53,133 T0002: [D1-V3] /sbin/ip link set dev eth0 up
2023-12-31 03:26:53,801 T0002: [D1-V3] /sbin/ip route list dev eth0
2023-12-31 03:28:04,228 T0000: [D1-V3] sudo show interfaces status
2023-12-31 03:28:06,014 T0000: [D1-V3] config interface startup Ethernet0
2023-12-31 03:28:07,069 T0000: [D1-V3] config interface startup Ethernet4
2023-12-31 03:28:08,125 T0000: [D1-V3] config interface startup Ethernet8
2023-12-31 03:28:09,185 T0000: [D1-V3] config interface startup Ethernet12
2023-12-31 03:28:10,395 T0000: [D1-V3] config interface shutdown Ethernet16
2023-12-31 03:28:11,509 T0000: [D1-V3] config interface shutdown Ethernet20
2023-12-31 03:28:12,613 T0000: [D1-V3] config interface shutdown Ethernet24
2023-12-31 03:28:13,717 T0000: [D1-V3] config interface shutdown Ethernet28
2023-12-31 03:28:14,821 T0000: [D1-V3] config interface shutdown Ethernet32
2023-12-31 03:28:15,874 T0000: [D1-V3] config interface shutdown Ethernet36
2023-12-31 03:28:16,928 T0000: [D1-V3] config interface shutdown Ethernet40
2023-12-31 03:28:17,983 T0000: [D1-V3] config interface shutdown Ethernet44
2023-12-31 03:28:19,040 T0000: [D1-V3] config interface shutdown Ethernet48
2023-12-31 03:28:20,094 T0000: [D1-V3] config interface shutdown Ethernet52
2023-12-31 03:28:21,146 T0000: [D1-V3] config interface shutdown Ethernet56
2023-12-31 03:28:22,201 T0000: [D1-V3] config interface shutdown Ethernet60
2023-12-31 03:28:23,304 T0000: [D1-V3] config interface shutdown Ethernet64
2023-12-31 03:28:24,357 T0000: [D1-V3] config interface shutdown Ethernet68
2023-12-31 03:28:25,410 T0000: [D1-V3] config interface shutdown Ethernet72
2023-12-31 03:28:26,461 T0000: [D1-V3] config interface shutdown Ethernet76
2023-12-31 03:28:27,513 T0000: [D1-V3] config interface shutdown Ethernet80
2023-12-31 03:28:28,567 T0000: [D1-V3] config interface shutdown Ethernet84
2023-12-31 03:28:29,637 T0000: [D1-V3] config interface shutdown Ethernet88
2023-12-31 03:28:30,718 T0000: [D1-V3] config interface shutdown Ethernet92
2023-12-31 03:28:31,799 T0000: [D1-V3] config interface shutdown Ethernet96
2023-12-31 03:28:32,880 T0000: [D1-V3] config interface shutdown Ethernet100
2023-12-31 03:28:33,962 T0000: [D1-V3] config interface shutdown Ethernet104
2023-12-31 03:28:35,126 T0000: [D1-V3] config interface shutdown Ethernet108
2023-12-31 03:28:36,178 T0000: [D1-V3] config interface shutdown Ethernet112
2023-12-31 03:28:37,244 T0000: [D1-V3] config interface shutdown Ethernet116
2023-12-31 03:28:38,300 T0000: [D1-V3] config interface shutdown Ethernet120
2023-12-31 03:28:39,408 T0000: [D1-V3] config interface shutdown Ethernet124
2023-12-31 03:28:46,624 T0000: [D1-V3] show version
2023-12-31 03:28:48,598 T0000: [D1-V3] cat /var/run/redis/sonic-db/database_config.json
2023-12-31 03:28:49,389 T0000: [D1-V3] /sbin/ifconfig eth0
2023-12-31 03:28:50,113 T0000: [D1-V3] ls /etc/sonic/bcmsim.cfg
2023-12-31 03:28:50,838 T0000: [D1-V3] no router bgp
2023-12-31 03:28:52,738 T0000: [D1-V3] config feature state sflow enabled
2023-12-31 03:28:54,780 T0000: [D1-V3] config feature state nat enabled
2023-12-31 03:28:58,995 T0000: [D1-V3] config save /tmp/config-db-V3-post-session-prolog-session.json -y
2023-12-31 03:29:00,303 T0000: [D1-V3] chmod 777 /tmp/config-db-V3-post-session-prolog-session.json
2023-12-31 03:29:01,833 T0000: [D1-V3] /sbin/ip link set dev eth0 up
2023-12-31 03:29:02,540 T0000: [D1-V3] /sbin/ip route list dev eth0
2023-12-31 03:29:10,992 T0000: [D1-V3] sudo vtysh -c 'show running-config' > /tmp/vtysh-runcfg-V3-post-session-prolog-session.txt
2023-12-31 03:29:11,897 T0000: [D1-V3] chmod 777 /tmp/vtysh-runcfg-V3-post-session-prolog-session.txt
2023-12-31 03:29:13,426 T0000: [D1-V3] /sbin/ip link set dev eth0 up
2023-12-31 03:29:14,133 T0000: [D1-V3] /sbin/ip route list dev eth0
2023-12-31 03:29:22,993 T0000: 
================== Framework Module Hook: batch/test_spytest_infra_1.py ==================
2023-12-31 03:29:23,010 T0012: [D1-V3] sudo show interfaces status Ethernet124
2023-12-31 03:29:25,270 T0013: [D1-V3] sudo show interfaces status
2023-12-31 03:29:27,099 T0000: 
================== Framework Module Hook Finish: batch/test_spytest_infra_1.py ==================
2023-12-31 03:29:27,101 T0000: 
================== Framework Function Hook: batch/test_spytest_infra_1.py::test_spytest_infra_first ==================
2023-12-31 03:29:30,193 T0014: [D1-V3] sudo show interfaces status
2023-12-31 03:29:31,852 T0000: [D1-V3] sudo show interfaces status Ethernet124
2023-12-31 03:29:34,546 T0000: 
================== Framework Function Hook Finish: batch/test_spytest_infra_1.py::test_spytest_infra_first ==================
2023-12-31 03:29:34,550 T0000: 
================== Test Execution: batch/test_spytest_infra_1.py::test_spytest_infra_first ==================
2023-12-31 03:29:34,568 T0000: 
================== Framework Function Hook Finalize: batch/test_spytest_infra_1.py::test_spytest_infra_first ==================
2023-12-31 03:29:34,714 T0000: 
================== Framework Function Hook: batch/test_spytest_infra_1.py::test_spytest_infra_second ==================
2023-12-31 03:29:34,728 T0015: [D1-V3] sudo show interfaces status
2023-12-31 03:29:36,329 T0000: [D1-V3] sudo show interfaces status Ethernet124
2023-12-31 03:29:39,023 T0000: 
================== Framework Function Hook Finish: batch/test_spytest_infra_1.py::test_spytest_infra_second ==================
2023-12-31 03:29:39,026 T0000: 
================== Test Execution: batch/test_spytest_infra_1.py::test_spytest_infra_second ==================
2023-12-31 03:29:39,047 T0000: 
================== Framework Function Hook Finalize: batch/test_spytest_infra_1.py::test_spytest_infra_second ==================
2023-12-31 03:29:39,061 T0000: [D1-V3] sudo show interfaces status Ethernet124
2023-12-31 03:29:41,631 T0000: 
================== Framework Module Hook Finalize: batch/test_spytest_infra_1.py Pass: 2/2 ==================
2023-12-31 03:29:41,631 T0000: 
================== Devices used: batch/test_spytest_infra_1.py 1 ['V3'] ==================
2023-12-31 03:29:42,043 T0000: 
================== Framework Module Hook: system/test_ntp.py ==================
2023-12-31 03:29:42,055 T0016: [D1-V3] sudo show interfaces status Ethernet124
2023-12-31 03:29:44,265 T0017: [D1-V3] sudo show interfaces status
2023-12-31 03:29:45,855 T0000: [D1-V3] config save /tmp/config-db-V3-pre-module-prolog-system-test_ntp.py.json -y
2023-12-31 03:29:47,112 T0000: [D1-V3] chmod 777 /tmp/config-db-V3-pre-module-prolog-system-test_ntp.py.json
2023-12-31 03:29:48,639 T0000: [D1-V3] /sbin/ip link set dev eth0 up
2023-12-31 03:29:49,346 T0000: [D1-V3] /sbin/ip route list dev eth0
2023-12-31 03:29:57,804 T0000: [D1-V3] sudo vtysh -c 'show running-config' > /tmp/vtysh-runcfg-V3-pre-module-prolog-system-test_ntp.py.txt
2023-12-31 03:29:58,705 T0000: [D1-V3] chmod 777 /tmp/vtysh-runcfg-V3-pre-module-prolog-system-test_ntp.py.txt
2023-12-31 03:30:00,231 T0000: [D1-V3] /sbin/ip link set dev eth0 up
2023-12-31 03:30:00,941 T0000: [D1-V3] /sbin/ip route list dev eth0
2023-12-31 03:30:09,396 T0000: 
================== Framework Module Hook Finish: system/test_ntp.py ==================
2023-12-31 03:30:09,397 T0000: 
================== Module Hook: system/test_ntp.py ntp_module_hooks ==================
2023-12-31 03:30:09,398 T0000: 
================== Module Hook Finish: system/test_ntp.py ntp_module_hooks ==================
2023-12-31 03:30:09,399 T0000: 
================== Framework Function Hook: system/test_ntp.py::test_ft_ntp_disable_enable_with_message_log ==================
2023-12-31 03:30:09,406 T0000: [D1-V3] config save /tmp/config-db-V3-post-module-prolog-system-test_ntp.py.json -y
2023-12-31 03:30:10,713 T0000: [D1-V3] chmod 777 /tmp/config-db-V3-post-module-prolog-system-test_ntp.py.json
2023-12-31 03:30:12,240 T0000: [D1-V3] /sbin/ip link set dev eth0 up
2023-12-31 03:30:12,949 T0000: [D1-V3] /sbin/ip route list dev eth0
2023-12-31 03:30:21,386 T0000: [D1-V3] sudo vtysh -c 'show running-config' > /tmp/vtysh-runcfg-V3-post-module-prolog-system-test_ntp.py.txt
2023-12-31 03:30:22,292 T0000: [D1-V3] chmod 777 /tmp/vtysh-runcfg-V3-post-module-prolog-system-test_ntp.py.txt
2023-12-31 03:30:23,831 T0000: [D1-V3] /sbin/ip link set dev eth0 up
2023-12-31 03:30:24,537 T0000: [D1-V3] /sbin/ip route list dev eth0
2023-12-31 03:30:36,077 T0034: [D1-V3] sudo show interfaces status
2023-12-31 03:30:37,723 T0000: [D1-V3] sudo show interfaces status Ethernet124
2023-12-31 03:30:40,427 T0000: 
================== Framework Function Hook Finish: system/test_ntp.py::test_ft_ntp_disable_enable_with_message_log ==================
2023-12-31 03:30:40,428 T0000: 
================== Function Hook: system/test_ntp.py ntp_func_hooks ==================
2023-12-31 03:30:40,430 T0000: 
================== Function Hook Finish: system/test_ntp.py ntp_func_hooks ==================
2023-12-31 03:30:40,432 T0000: 
================== Test Execution: system/test_ntp.py::test_ft_ntp_disable_enable_with_message_log ==================
2023-12-31 03:30:40,432 T0000: [D1-V3] date --set='Sun December 31 03:30:40 UTC 2023'
2023-12-31 03:30:41,133 T0000: [D1-V3] show logging -l 1
2023-12-31 03:30:54,691 T0000: [D1-V3] ls -lrt /tmp/tmpnyn8uenx
2023-12-31 03:30:55,400 T0000: [D1-V3] config load -y /tmp/tmpnyn8uenx
2023-12-31 03:30:56,654 T0000: [D1-V3] systemctl restart ntp-config
2023-12-31 03:30:57,705 T0000: [D1-V3] date --set='Sun December 31 03:30:57 UTC 2023'
2023-12-31 03:30:58,411 T0000: [D1-V3] config save -y
2023-12-31 03:30:59,666 T0000: [D1-V3] do copy running-config startup-config
2023-12-31 03:31:01,558 T0000: [D1-V3] service ntp status | grep Active
2023-12-31 03:31:03,292 T0000: [D1-V3] show ntp
2023-12-31 03:31:05,666 T0000: [D1-V3] show ntp
2023-12-31 03:31:08,045 T0000: [D1-V3] show ntp
2023-12-31 03:31:10,421 T0000: [D1-V3] show ntp
2023-12-31 03:31:12,800 T0000: [D1-V3] show ntp
2023-12-31 03:31:15,177 T0000: [D1-V3] service ntp status | grep Active
2023-12-31 03:31:15,885 T0000: [D1-V3] ping -4 216.239.35.4 -c 3 
2023-12-31 03:31:18,661 T0000: [D1-V3] ping -4 192.111.144.114 -c 3 
2023-12-31 03:31:31,402 T0000: [D1-V3] ping -4 216.239.35.12 -c 3 
2023-12-31 03:31:34,168 T0000: [D1-V3] uname -a
2023-12-31 03:31:34,869 T0000: [D1-V3] ntpstat
2023-12-31 03:31:37,585 T0000: [D1-V3] uname -a
2023-12-31 03:31:38,297 T0000: [D1-V3] ntpstat
2023-12-31 03:31:41,013 T0000: [D1-V3] uname -a
2023-12-31 03:31:41,723 T0000: [D1-V3] ntpstat
2023-12-31 03:31:44,438 T0000: [D1-V3] uname -a
2023-12-31 03:31:45,148 T0000: [D1-V3] ntpstat
2023-12-31 03:31:47,864 T0000: [D1-V3] uname -a
2023-12-31 03:31:48,572 T0000: [D1-V3] ntpstat
2023-12-31 03:31:51,288 T0000: [D1-V3] uname -a
2023-12-31 03:31:51,993 T0000: [D1-V3] ntpstat
2023-12-31 03:31:54,706 T0000: [D1-V3] uname -a
2023-12-31 03:31:55,410 T0000: [D1-V3] ntpstat
2023-12-31 03:31:58,125 T0000: [D1-V3] uname -a
2023-12-31 03:31:58,828 T0000: [D1-V3] ntpstat
2023-12-31 03:32:01,545 T0000: [D1-V3] uname -a
2023-12-31 03:32:02,253 T0000: [D1-V3] ntpstat
2023-12-31 03:32:04,970 T0000: [D1-V3] uname -a
2023-12-31 03:32:05,677 T0000: [D1-V3] ntpstat
2023-12-31 03:32:08,397 T0000: [D1-V3] uname -a
2023-12-31 03:32:09,105 T0000: [D1-V3] ntpstat
2023-12-31 03:32:11,820 T0000: [D1-V3] uname -a
2023-12-31 03:32:12,523 T0000: [D1-V3] ntpstat
2023-12-31 03:32:15,238 T0000: [D1-V3] uname -a
2023-12-31 03:32:15,944 T0000: [D1-V3] ntpstat
2023-12-31 03:32:18,661 T0000: [D1-V3] uname -a
2023-12-31 03:32:19,369 T0000: [D1-V3] ntpstat
2023-12-31 03:32:22,085 T0000: [D1-V3] uname -a
2023-12-31 03:32:22,793 T0000: [D1-V3] ntpstat
2023-12-31 03:32:25,509 T0000: [D1-V3] uname -a
2023-12-31 03:32:26,216 T0000: [D1-V3] ntpstat
2023-12-31 03:32:28,934 T0000: [D1-V3] uname -a
2023-12-31 03:32:29,640 T0000: [D1-V3] ntpstat
2023-12-31 03:32:32,352 T0000: [D1-V3] uname -a
2023-12-31 03:32:33,061 T0000: [D1-V3] ntpstat
2023-12-31 03:32:35,776 T0000: [D1-V3] uname -a
2023-12-31 03:32:36,484 T0000: [D1-V3] ntpstat
2023-12-31 03:32:39,198 T0000: [D1-V3] uname -a
2023-12-31 03:32:39,905 T0000: [D1-V3] ntpstat
2023-12-31 03:32:42,621 T0000: [D1-V3] uname -a
2023-12-31 03:32:43,329 T0000: [D1-V3] ntpstat
2023-12-31 03:32:46,046 T0000: [D1-V3] uname -a
2023-12-31 03:32:46,752 T0000: [D1-V3] ntpstat
2023-12-31 03:32:49,466 T0000: [D1-V3] uname -a
2023-12-31 03:32:50,168 T0000: [D1-V3] ntpstat
2023-12-31 03:32:52,885 T0000: [D1-V3] uname -a
2023-12-31 03:32:53,593 T0000: [D1-V3] ntpstat
2023-12-31 03:32:56,309 T0000: [D1-V3] uname -a
2023-12-31 03:32:57,017 T0000: [D1-V3] ntpstat
2023-12-31 03:32:59,732 T0000: [D1-V3] uname -a
2023-12-31 03:33:00,440 T0000: [D1-V3] ntpstat
2023-12-31 03:33:03,157 T0000: [D1-V3] uname -a
2023-12-31 03:33:03,865 T0000: [D1-V3] ntpstat
2023-12-31 03:33:06,580 T0000: [D1-V3] uname -a
2023-12-31 03:33:07,289 T0000: [D1-V3] ntpstat
2023-12-31 03:33:10,006 T0000: [D1-V3] uname -a
2023-12-31 03:33:10,713 T0000: [D1-V3] ntpstat
2023-12-31 03:33:13,429 T0000: [D1-V3] uname -a
2023-12-31 03:33:14,140 T0000: [D1-V3] ntpstat
2023-12-31 03:33:16,858 T0000: [D1-V3] uname -a
2023-12-31 03:33:17,564 T0000: [D1-V3] ntpstat
2023-12-31 03:33:20,281 T0000: [D1-V3] uname -a
2023-12-31 03:33:20,989 T0000: [D1-V3] ntpstat
2023-12-31 03:33:23,704 T0000: [D1-V3] uname -a
2023-12-31 03:33:24,412 T0000: [D1-V3] ntpstat
2023-12-31 03:33:27,129 T0000: [D1-V3] uname -a
2023-12-31 03:33:27,841 T0000: [D1-V3] ntpstat
2023-12-31 03:33:30,558 T0000: [D1-V3] uname -a
2023-12-31 03:33:31,268 T0000: [D1-V3] ntpstat
2023-12-31 03:33:33,981 T0000: [D1-V3] uname -a
2023-12-31 03:33:34,688 T0000: [D1-V3] ntpstat
2023-12-31 03:33:37,404 T0000: [D1-V3] uname -a
2023-12-31 03:33:38,104 T0000: [D1-V3] ntpstat
2023-12-31 03:33:40,821 T0000: [D1-V3] uname -a
2023-12-31 03:33:41,529 T0000: [D1-V3] ntpstat
2023-12-31 03:33:44,241 T0000: [D1-V3] uname -a
2023-12-31 03:33:44,948 T0000: [D1-V3] ntpstat
2023-12-31 03:33:47,661 T0000: [D1-V3] uname -a
2023-12-31 03:33:48,368 T0000: [D1-V3] ntpstat
2023-12-31 03:33:51,082 T0000: [D1-V3] uname -a
2023-12-31 03:33:51,788 T0000: [D1-V3] ntpstat
2023-12-31 03:33:54,504 T0000: [D1-V3] uname -a
2023-12-31 03:33:55,213 T0000: [D1-V3] ntpstat
2023-12-31 03:33:57,929 T0000: [D1-V3] uname -a
2023-12-31 03:33:58,637 T0000: [D1-V3] ntpstat
2023-12-31 03:34:01,354 T0000: [D1-V3] uname -a
2023-12-31 03:34:02,067 T0000: [D1-V3] ntpstat
2023-12-31 03:34:04,785 T0000: [D1-V3] uname -a
2023-12-31 03:34:05,493 T0000: [D1-V3] ntpstat
2023-12-31 03:34:08,209 T0000: [D1-V3] uname -a
2023-12-31 03:34:08,921 T0000: [D1-V3] ntpstat
2023-12-31 03:34:11,634 T0000: [D1-V3] uname -a
2023-12-31 03:34:12,342 T0000: [D1-V3] ntpstat
2023-12-31 03:34:15,057 T0000: [D1-V3] uname -a
2023-12-31 03:34:15,765 T0000: [D1-V3] ntpstat
2023-12-31 03:34:18,476 T0000: [D1-V3] uname -a
2023-12-31 03:34:19,185 T0000: [D1-V3] ntpstat
2023-12-31 03:34:21,897 T0000: [D1-V3] uname -a
2023-12-31 03:34:22,600 T0000: [D1-V3] ntpstat
2023-12-31 03:34:25,318 T0000: [D1-V3] uname -a
2023-12-31 03:34:26,025 T0000: [D1-V3] ntpstat
2023-12-31 03:34:28,742 T0000: [D1-V3] uname -a
2023-12-31 03:34:29,449 T0000: [D1-V3] ntpstat
2023-12-31 03:34:32,166 T0000: [D1-V3] uname -a
2023-12-31 03:34:32,874 T0000: [D1-V3] ntpstat
2023-12-31 03:34:35,589 T0000: [D1-V3] uname -a
2023-12-31 03:34:36,297 T0000: [D1-V3] ntpstat
2023-12-31 03:34:39,013 T0000: [D1-V3] uname -a
2023-12-31 03:34:39,721 T0000: [D1-V3] ntpstat
2023-12-31 03:34:42,433 T0000: [D1-V3] uname -a
2023-12-31 03:34:43,138 T0000: [D1-V3] ntpstat
2023-12-31 03:34:45,851 T0000: [D1-V3] uname -a
2023-12-31 03:34:46,556 T0000: [D1-V3] ntpstat
2023-12-31 03:34:49,272 T0000: [D1-V3] uname -a
2023-12-31 03:34:49,981 T0000: [D1-V3] ntpstat
2023-12-31 03:34:52,697 T0000: [D1-V3] uname -a
2023-12-31 03:34:53,405 T0000: [D1-V3] ntpstat
2023-12-31 03:34:56,121 T0000: [D1-V3] uname -a
2023-12-31 03:34:56,829 T0000: [D1-V3] ntpstat
2023-12-31 03:34:59,544 T0000: [D1-V3] uname -a
2023-12-31 03:35:00,256 T0000: [D1-V3] ntpstat
2023-12-31 03:35:02,974 T0000: [D1-V3] uname -a
2023-12-31 03:35:03,681 T0000: [D1-V3] ntpstat
2023-12-31 03:35:06,398 T0000: [D1-V3] uname -a
2023-12-31 03:35:07,105 T0000: [D1-V3] ntpstat
2023-12-31 03:35:09,819 T0000: [D1-V3] uname -a
2023-12-31 03:35:10,529 T0000: [D1-V3] ntpstat
2023-12-31 03:35:13,247 T0000: [D1-V3] uname -a
2023-12-31 03:35:13,956 T0000: [D1-V3] ntpstat
2023-12-31 03:35:16,672 T0000: [D1-V3] uname -a
2023-12-31 03:35:17,381 T0000: [D1-V3] ntpstat
2023-12-31 03:35:20,092 T0000: [D1-V3] uname -a
2023-12-31 03:35:20,800 T0000: [D1-V3] ntpstat
2023-12-31 03:35:21,515 T0000: [D1-V3] sudo truncate -s 0 /var/log/syslog
2023-12-31 03:35:22,213 T0000: [D1-V3] sudo truncate -s 0 /var/log/syslog.1
2023-12-31 03:35:22,912 T0000: [D1-V3] logger Iam Testing NTP
2023-12-31 03:35:23,609 T0000: [D1-V3] show logging | grep -i 'Iam Testing NTP'
2023-12-31 03:35:29,065 T0000: [D1-V3] show clock
2023-12-31 03:35:30,188 T0000: [D1-V3] sudo service ntp stop
2023-12-31 03:35:31,745 T0000: [D1-V3] service ntp status | grep Active
2023-12-31 03:35:32,445 T0000: [D1-V3] sudo service ntp restart
2023-12-31 03:35:33,649 T0000: [D1-V3] service ntp status | grep Active
2023-12-31 03:35:34,398 T0000: [D1-V3] uname -a
2023-12-31 03:35:35,096 T0000: [D1-V3] ntpstat
2023-12-31 03:35:37,813 T0000: [D1-V3] uname -a
2023-12-31 03:35:38,522 T0000: [D1-V3] ntpstat
2023-12-31 03:35:41,238 T0000: [D1-V3] uname -a
2023-12-31 03:35:41,945 T0000: [D1-V3] ntpstat
2023-12-31 03:35:42,664 T0000: 
================== Function Hook Finalize: system/test_ntp.py ntp_func_hooks ==================
2023-12-31 03:35:42,683 T0000: 
================== Framework Function Hook Finalize: system/test_ntp.py::test_ft_ntp_disable_enable_with_message_log ==================
2023-12-31 03:35:42,685 T0000: 
================== Framework Function Hook: system/test_ntp.py::test_ntp_exists_config ==================
2023-12-31 03:35:42,693 T0039: [D1-V3] sudo show interfaces status
2023-12-31 03:35:44,348 T0000: [D1-V3] sudo show interfaces status Ethernet124
2023-12-31 03:35:47,104 T0000: 
================== Framework Function Hook Finish: system/test_ntp.py::test_ntp_exists_config ==================
2023-12-31 03:35:47,105 T0000: 
================== Function Hook: system/test_ntp.py ntp_func_hooks ==================
2023-12-31 03:35:47,107 T0000: 
================== Function Hook Finish: system/test_ntp.py ntp_func_hooks ==================
2023-12-31 03:35:47,108 T0000: 
================== Test Execution: system/test_ntp.py::test_ntp_exists_config ==================
2023-12-31 03:35:47,109 T0000: [D1-V3] show ntp
2023-12-31 03:35:48,534 T0000: [D1-V3] show ntp
2023-12-31 03:35:49,909 T0000: [D1-V3] show ntp
2023-12-31 03:35:51,337 T0000: [D1-V3] ['config ntp add 216.239.35.8']
2023-12-31 03:35:52,847 T0000: 
================== Function Hook Finalize: system/test_ntp.py ntp_func_hooks ==================
2023-12-31 03:35:52,865 T0000: 
================== Framework Function Hook Finalize: system/test_ntp.py::test_ntp_exists_config ==================
2023-12-31 03:35:52,872 T0000: [D1-V3] config save /tmp/config-db-V3-pre-module-epilog-system-test_ntp.py.json -y
2023-12-31 03:35:54,182 T0000: [D1-V3] chmod 777 /tmp/config-db-V3-pre-module-epilog-system-test_ntp.py.json
2023-12-31 03:35:55,711 T0000: [D1-V3] /sbin/ip link set dev eth0 up
2023-12-31 03:35:56,421 T0000: [D1-V3] /sbin/ip route list dev eth0
2023-12-31 03:36:04,904 T0000: [D1-V3] sudo vtysh -c 'show running-config' > /tmp/vtysh-runcfg-V3-pre-module-epilog-system-test_ntp.py.txt
2023-12-31 03:36:05,804 T0000: [D1-V3] chmod 777 /tmp/vtysh-runcfg-V3-pre-module-epilog-system-test_ntp.py.txt
2023-12-31 03:36:07,332 T0000: [D1-V3] /sbin/ip link set dev eth0 up
2023-12-31 03:36:08,042 T0000: [D1-V3] /sbin/ip route list dev eth0
2023-12-31 03:36:16,485 T0000: 
================== Module Hook Finalize: system/test_ntp.py ntp_module_hooks ==================
2023-12-31 03:36:16,493 T0000: [D1-V3] config save /tmp/config-db-V3-post-module-epilog-system-test_ntp.py.json -y
2023-12-31 03:36:17,802 T0000: [D1-V3] chmod 777 /tmp/config-db-V3-post-module-epilog-system-test_ntp.py.json
2023-12-31 03:36:19,332 T0000: [D1-V3] /sbin/ip link set dev eth0 up
2023-12-31 03:36:20,041 T0000: [D1-V3] /sbin/ip route list dev eth0
2023-12-31 03:36:28,476 T0000: [D1-V3] sudo vtysh -c 'show running-config' > /tmp/vtysh-runcfg-V3-post-module-epilog-system-test_ntp.py.txt
2023-12-31 03:36:29,377 T0000: [D1-V3] chmod 777 /tmp/vtysh-runcfg-V3-post-module-epilog-system-test_ntp.py.txt
2023-12-31 03:36:30,907 T0000: [D1-V3] /sbin/ip link set dev eth0 up
2023-12-31 03:36:31,612 T0000: [D1-V3] /sbin/ip route list dev eth0
2023-12-31 03:36:40,136 T0000: [D1-V3] sudo show interfaces status Ethernet124
2023-12-31 03:36:42,557 T0000: 
================== Framework Module Hook Finalize: system/test_ntp.py Pass: 2/2 ==================
2023-12-31 03:36:42,558 T0000: 
================== Devices used: system/test_ntp.py 1 ['V3'] ==================
2023-12-31 03:36:43,057 T0000: 
================== Framework Module Hook: batch/test_spytest_infra_1.py ==================
2023-12-31 03:36:43,072 T0056: [D1-V3] no router bgp
2023-12-31 03:36:44,880 T0056: [D1-V3] config feature state sflow enabled
2023-12-31 03:36:46,827 T0056: [D1-V3] config feature state nat enabled
2023-12-31 03:37:22,172 T0056: [D1-V3] /sbin/ip link set dev eth0 up
2023-12-31 03:37:22,843 T0056: [D1-V3] /sbin/ip route list dev eth0
2023-12-31 03:37:23,522 T0056: [D1-V3] sudo show interfaces status Ethernet124
2023-12-31 03:37:25,781 T0057: [D1-V3] sudo show interfaces status
2023-12-31 03:37:32,432 T0058: [D1-V3] sudo show interfaces status
2023-12-31 03:37:39,066 T0059: [D1-V3] sudo show interfaces status
2023-12-31 03:37:45,752 T0060: [D1-V3] sudo show interfaces status
2023-12-31 03:37:47,327 T0000: 
================== Framework Module Hook Finish: batch/test_spytest_infra_1.py ==================
2023-12-31 03:37:47,328 T0000: 
================== Framework Function Hook: batch/test_spytest_infra_1.py::test_spytest_infra_last ==================
2023-12-31 03:37:50,422 T0061: [D1-V3] sudo show interfaces status
2023-12-31 03:37:52,072 T0000: [D1-V3] sudo show interfaces status Ethernet124
2023-12-31 03:37:54,765 T0000: 
================== Framework Function Hook Finish: batch/test_spytest_infra_1.py::test_spytest_infra_last ==================
2023-12-31 03:37:54,767 T0000: 
================== Test Execution: batch/test_spytest_infra_1.py::test_spytest_infra_last ==================
2023-12-31 03:37:54,786 T0000: 
================== Framework Function Hook Finalize: batch/test_spytest_infra_1.py::test_spytest_infra_last ==================
2023-12-31 03:37:54,800 T0000: [D1-V3] sudo show interfaces status Ethernet124
2023-12-31 03:37:57,160 T0000: 
================== Framework Module Hook Finalize: batch/test_spytest_infra_1.py Pass: 1/1 ==================
2023-12-31 03:37:57,160 T0000: 
================== Devices used: batch/test_spytest_infra_1.py 1 ['V3'] ==================
2023-12-31 03:37:57,245 T0000: [D1-V3] ['stty cols 80']
